[1/4] Excel → CSV 변환 중...
[2/4] Pretraining on TOX21_ERa_LUC_VM7_Antagonist_0.5nM_E2_viability using GIN...
Epoch 1/50 - Loss: 0.6039 - Val F1: 0.2654 - Val ROC-AUC: 0.8014 - Val PR-AUC: 0.2659
Epoch 2/50 - Loss: 0.5397 - Val F1: 0.2304 - Val ROC-AUC: 0.7508 - Val PR-AUC: 0.1613
Epoch 3/50 - Loss: 0.4997 - Val F1: 0.2823 - Val ROC-AUC: 0.8161 - Val PR-AUC: 0.2879
Epoch 4/50 - Loss: 0.4753 - Val F1: 0.3056 - Val ROC-AUC: 0.8230 - Val PR-AUC: 0.2438
Epoch 5/50 - Loss: 0.4441 - Val F1: 0.2956 - Val ROC-AUC: 0.8397 - Val PR-AUC: 0.2560
Epoch 6/50 - Loss: 0.4311 - Val F1: 0.2874 - Val ROC-AUC: 0.8293 - Val PR-AUC: 0.3232
Epoch 7/50 - Loss: 0.4290 - Val F1: 0.3600 - Val ROC-AUC: 0.8599 - Val PR-AUC: 0.3319
Epoch 8/50 - Loss: 0.4160 - Val F1: 0.3214 - Val ROC-AUC: 0.8045 - Val PR-AUC: 0.2567
Epoch 9/50 - Loss: 0.3856 - Val F1: 0.3382 - Val ROC-AUC: 0.8291 - Val PR-AUC: 0.2781
Epoch 10/50 - Loss: 0.3814 - Val F1: 0.3158 - Val ROC-AUC: 0.8216 - Val PR-AUC: 0.2885
Epoch 11/50 - Loss: 0.3537 - Val F1: 0.3318 - Val ROC-AUC: 0.8432 - Val PR-AUC: 0.3027
Epoch 12/50 - Loss: 0.3494 - Val F1: 0.3058 - Val ROC-AUC: 0.8213 - Val PR-AUC: 0.3085
Epoch 13/50 - Loss: 0.3397 - Val F1: 0.3108 - Val ROC-AUC: 0.8266 - Val PR-AUC: 0.2852
Epoch 14/50 - Loss: 0.3353 - Val F1: 0.3507 - Val ROC-AUC: 0.8481 - Val PR-AUC: 0.2970
Epoch 15/50 - Loss: 0.3271 - Val F1: 0.3529 - Val ROC-AUC: 0.8390 - Val PR-AUC: 0.3016
Epoch 16/50 - Loss: 0.3193 - Val F1: 0.3387 - Val ROC-AUC: 0.8394 - Val PR-AUC: 0.3167
Epoch 17/50 - Loss: 0.3312 - Val F1: 0.3028 - Val ROC-AUC: 0.8302 - Val PR-AUC: 0.2966
Epoch 18/50 - Loss: 0.3111 - Val F1: 0.3420 - Val ROC-AUC: 0.8358 - Val PR-AUC: 0.3207
Epoch 19/50 - Loss: 0.3163 - Val F1: 0.3665 - Val ROC-AUC: 0.8405 - Val PR-AUC: 0.3327
Epoch 20/50 - Loss: 0.2960 - Val F1: 0.3120 - Val ROC-AUC: 0.8248 - Val PR-AUC: 0.3181
Epoch 21/50 - Loss: 0.2850 - Val F1: 0.3692 - Val ROC-AUC: 0.8320 - Val PR-AUC: 0.3271
Epoch 22/50 - Loss: 0.2731 - Val F1: 0.3564 - Val ROC-AUC: 0.8275 - Val PR-AUC: 0.2973
Epoch 23/50 - Loss: 0.2721 - Val F1: 0.3776 - Val ROC-AUC: 0.8253 - Val PR-AUC: 0.3386
Epoch 24/50 - Loss: 0.2704 - Val F1: 0.3429 - Val ROC-AUC: 0.8206 - Val PR-AUC: 0.3177
Epoch 25/50 - Loss: 0.2519 - Val F1: 0.3196 - Val ROC-AUC: 0.8279 - Val PR-AUC: 0.3454
Epoch 26/50 - Loss: 0.2515 - Val F1: 0.3269 - Val ROC-AUC: 0.8294 - Val PR-AUC: 0.3181
Epoch 27/50 - Loss: 0.2579 - Val F1: 0.3704 - Val ROC-AUC: 0.8363 - Val PR-AUC: 0.3480
Epoch 28/50 - Loss: 0.2479 - Val F1: 0.3723 - Val ROC-AUC: 0.8274 - Val PR-AUC: 0.3039
Epoch 29/50 - Loss: 0.2331 - Val F1: 0.3429 - Val ROC-AUC: 0.8317 - Val PR-AUC: 0.3147
Epoch 30/50 - Loss: 0.2467 - Val F1: 0.3434 - Val ROC-AUC: 0.8247 - Val PR-AUC: 0.3188
Epoch 31/50 - Loss: 0.2221 - Val F1: 0.3542 - Val ROC-AUC: 0.8241 - Val PR-AUC: 0.3177
Epoch 32/50 - Loss: 0.2154 - Val F1: 0.3655 - Val ROC-AUC: 0.8348 - Val PR-AUC: 0.3308
Epoch 33/50 - Loss: 0.2174 - Val F1: 0.3743 - Val ROC-AUC: 0.8272 - Val PR-AUC: 0.3167
Epoch 34/50 - Loss: 0.2343 - Val F1: 0.3438 - Val ROC-AUC: 0.8239 - Val PR-AUC: 0.3125
Epoch 35/50 - Loss: 0.2133 - Val F1: 0.3579 - Val ROC-AUC: 0.8286 - Val PR-AUC: 0.3184
Epoch 36/50 - Loss: 0.2205 - Val F1: 0.3500 - Val ROC-AUC: 0.8287 - Val PR-AUC: 0.3124
Epoch 37/50 - Loss: 0.2168 - Val F1: 0.3535 - Val ROC-AUC: 0.8298 - Val PR-AUC: 0.3108
Epoch 38/50 - Loss: 0.2228 - Val F1: 0.3607 - Val ROC-AUC: 0.8345 - Val PR-AUC: 0.3326
Epoch 39/50 - Loss: 0.2106 - Val F1: 0.3830 - Val ROC-AUC: 0.8426 - Val PR-AUC: 0.3459
Epoch 40/50 - Loss: 0.2270 - Val F1: 0.3750 - Val ROC-AUC: 0.8326 - Val PR-AUC: 0.3234
Epoch 41/50 - Loss: 0.2124 - Val F1: 0.4022 - Val ROC-AUC: 0.8384 - Val PR-AUC: 0.3336
Epoch 42/50 - Loss: 0.1948 - Val F1: 0.3931 - Val ROC-AUC: 0.8380 - Val PR-AUC: 0.3297
Epoch 43/50 - Loss: 0.2019 - Val F1: 0.3723 - Val ROC-AUC: 0.8360 - Val PR-AUC: 0.3472
Epoch 44/50 - Loss: 0.1778 - Val F1: 0.3778 - Val ROC-AUC: 0.8345 - Val PR-AUC: 0.3431
Epoch 45/50 - Loss: 0.1874 - Val F1: 0.3763 - Val ROC-AUC: 0.8306 - Val PR-AUC: 0.3242
Epoch 46/50 - Loss: 0.1942 - Val F1: 0.3692 - Val ROC-AUC: 0.8333 - Val PR-AUC: 0.3302
Epoch 47/50 - Loss: 0.1989 - Val F1: 0.3787 - Val ROC-AUC: 0.8276 - Val PR-AUC: 0.3263
Epoch 48/50 - Loss: 0.1944 - Val F1: 0.3825 - Val ROC-AUC: 0.8323 - Val PR-AUC: 0.3377
Epoch 49/50 - Loss: 0.1802 - Val F1: 0.3763 - Val ROC-AUC: 0.8300 - Val PR-AUC: 0.3363
Epoch 50/50 - Loss: 0.1903 - Val F1: 0.3871 - Val ROC-AUC: 0.8345 - Val PR-AUC: 0.3379
Pretraining completed. Test F1: 0.3784, ROC-AUC: 0.8580, PR-AUC: 0.3580
[3/4] Finetuning on TOX21_ERa_LUC_VM7_Agonist_10nM_ICI182780 using GIN...
[Fine-tune] Epoch 1/50 - Loss: 0.3383 - Val F1: 0.2535 - Val ROC-AUC: 0.8346 - Val PR-AUC: 0.2719
[Fine-tune] Epoch 2/50 - Loss: 0.1969 - Val F1: 0.2951 - Val ROC-AUC: 0.8346 - Val PR-AUC: 0.2698
[Fine-tune] Epoch 3/50 - Loss: 0.1481 - Val F1: 0.2162 - Val ROC-AUC: 0.7951 - Val PR-AUC: 0.4011
[Fine-tune] Epoch 4/50 - Loss: 0.1299 - Val F1: 0.2545 - Val ROC-AUC: 0.8052 - Val PR-AUC: 0.2756
[Fine-tune] Epoch 5/50 - Loss: 0.1308 - Val F1: 0.3077 - Val ROC-AUC: 0.8522 - Val PR-AUC: 0.4424
[Fine-tune] Epoch 6/50 - Loss: 0.1005 - Val F1: 0.2917 - Val ROC-AUC: 0.8065 - Val PR-AUC: 0.3165
[Fine-tune] Epoch 7/50 - Loss: 0.1032 - Val F1: 0.2500 - Val ROC-AUC: 0.8685 - Val PR-AUC: 0.3473
[Fine-tune] Epoch 8/50 - Loss: 0.0951 - Val F1: 0.2632 - Val ROC-AUC: 0.7970 - Val PR-AUC: 0.3185
[Fine-tune] Epoch 9/50 - Loss: 0.0914 - Val F1: 0.1972 - Val ROC-AUC: 0.7568 - Val PR-AUC: 0.2643
[Fine-tune] Epoch 10/50 - Loss: 0.0743 - Val F1: 0.2609 - Val ROC-AUC: 0.7070 - Val PR-AUC: 0.2352
[Fine-tune] Epoch 11/50 - Loss: 0.0639 - Val F1: 0.3500 - Val ROC-AUC: 0.8031 - Val PR-AUC: 0.3063
[Fine-tune] Epoch 12/50 - Loss: 0.0541 - Val F1: 0.3256 - Val ROC-AUC: 0.8282 - Val PR-AUC: 0.3288
[Fine-tune] Epoch 13/50 - Loss: 0.0506 - Val F1: 0.2927 - Val ROC-AUC: 0.7721 - Val PR-AUC: 0.2586
[Fine-tune] Epoch 14/50 - Loss: 0.0442 - Val F1: 0.3415 - Val ROC-AUC: 0.7936 - Val PR-AUC: 0.3047
[Fine-tune] Epoch 15/50 - Loss: 0.0553 - Val F1: 0.3256 - Val ROC-AUC: 0.7900 - Val PR-AUC: 0.3170
[Fine-tune] Epoch 16/50 - Loss: 0.0510 - Val F1: 0.3333 - Val ROC-AUC: 0.7877 - Val PR-AUC: 0.3556
[Fine-tune] Epoch 17/50 - Loss: 0.0433 - Val F1: 0.3684 - Val ROC-AUC: 0.8231 - Val PR-AUC: 0.3227
[Fine-tune] Epoch 18/50 - Loss: 0.0473 - Val F1: 0.3415 - Val ROC-AUC: 0.8097 - Val PR-AUC: 0.3283
[Fine-tune] Epoch 19/50 - Loss: 0.0411 - Val F1: 0.3889 - Val ROC-AUC: 0.8033 - Val PR-AUC: 0.3626
[Fine-tune] Epoch 20/50 - Loss: 0.0539 - Val F1: 0.3784 - Val ROC-AUC: 0.8212 - Val PR-AUC: 0.3663
[Fine-tune] Epoch 21/50 - Loss: 0.0321 - Val F1: 0.3500 - Val ROC-AUC: 0.7781 - Val PR-AUC: 0.3202
[Fine-tune] Epoch 22/50 - Loss: 0.0323 - Val F1: 0.4000 - Val ROC-AUC: 0.8158 - Val PR-AUC: 0.3670
[Fine-tune] Epoch 23/50 - Loss: 0.0281 - Val F1: 0.3590 - Val ROC-AUC: 0.8136 - Val PR-AUC: 0.3628
[Fine-tune] Epoch 24/50 - Loss: 0.0239 - Val F1: 0.4118 - Val ROC-AUC: 0.8009 - Val PR-AUC: 0.3579
[Fine-tune] Epoch 25/50 - Loss: 0.0282 - Val F1: 0.3415 - Val ROC-AUC: 0.8242 - Val PR-AUC: 0.3518
[Fine-tune] Epoch 26/50 - Loss: 0.0330 - Val F1: 0.3684 - Val ROC-AUC: 0.8313 - Val PR-AUC: 0.3526
[Fine-tune] Epoch 27/50 - Loss: 0.0293 - Val F1: 0.4242 - Val ROC-AUC: 0.8143 - Val PR-AUC: 0.3517
[Fine-tune] Epoch 28/50 - Loss: 0.0252 - Val F1: 0.4118 - Val ROC-AUC: 0.8298 - Val PR-AUC: 0.3511
[Fine-tune] Epoch 29/50 - Loss: 0.0254 - Val F1: 0.4375 - Val ROC-AUC: 0.8072 - Val PR-AUC: 0.3325
[Fine-tune] Epoch 30/50 - Loss: 0.0233 - Val F1: 0.3429 - Val ROC-AUC: 0.7860 - Val PR-AUC: 0.2819
[Fine-tune] Epoch 31/50 - Loss: 0.0218 - Val F1: 0.4667 - Val ROC-AUC: 0.8070 - Val PR-AUC: 0.3186
[Fine-tune] Epoch 32/50 - Loss: 0.0287 - Val F1: 0.5000 - Val ROC-AUC: 0.8122 - Val PR-AUC: 0.3595
[Fine-tune] Epoch 33/50 - Loss: 0.0213 - Val F1: 0.4516 - Val ROC-AUC: 0.8151 - Val PR-AUC: 0.3729
[Fine-tune] Epoch 34/50 - Loss: 0.0235 - Val F1: 0.4667 - Val ROC-AUC: 0.8293 - Val PR-AUC: 0.3355
[Fine-tune] Epoch 35/50 - Loss: 0.0288 - Val F1: 0.5000 - Val ROC-AUC: 0.8141 - Val PR-AUC: 0.3781
[Fine-tune] Epoch 36/50 - Loss: 0.0205 - Val F1: 0.5000 - Val ROC-AUC: 0.8174 - Val PR-AUC: 0.3628
[Fine-tune] Epoch 37/50 - Loss: 0.0205 - Val F1: 0.5000 - Val ROC-AUC: 0.8046 - Val PR-AUC: 0.3453
[Fine-tune] Epoch 38/50 - Loss: 0.0210 - Val F1: 0.4375 - Val ROC-AUC: 0.7995 - Val PR-AUC: 0.3513
[Fine-tune] Epoch 39/50 - Loss: 0.0261 - Val F1: 0.4118 - Val ROC-AUC: 0.8321 - Val PR-AUC: 0.3463
[Fine-tune] Epoch 40/50 - Loss: 0.0175 - Val F1: 0.4516 - Val ROC-AUC: 0.8409 - Val PR-AUC: 0.3671
[Fine-tune] Epoch 41/50 - Loss: 0.0197 - Val F1: 0.4828 - Val ROC-AUC: 0.8309 - Val PR-AUC: 0.3191
[Fine-tune] Epoch 42/50 - Loss: 0.0186 - Val F1: 0.5000 - Val ROC-AUC: 0.8262 - Val PR-AUC: 0.3393
[Fine-tune] Epoch 43/50 - Loss: 0.0237 - Val F1: 0.5185 - Val ROC-AUC: 0.7846 - Val PR-AUC: 0.3498
[Fine-tune] Epoch 44/50 - Loss: 0.0139 - Val F1: 0.4667 - Val ROC-AUC: 0.7929 - Val PR-AUC: 0.3289
[Fine-tune] Epoch 45/50 - Loss: 0.0194 - Val F1: 0.4444 - Val ROC-AUC: 0.7794 - Val PR-AUC: 0.2941
[Fine-tune] Epoch 46/50 - Loss: 0.0187 - Val F1: 0.4667 - Val ROC-AUC: 0.8029 - Val PR-AUC: 0.3519
[Fine-tune] Epoch 47/50 - Loss: 0.0183 - Val F1: 0.4667 - Val ROC-AUC: 0.8015 - Val PR-AUC: 0.3232
[Fine-tune] Epoch 48/50 - Loss: 0.0144 - Val F1: 0.5000 - Val ROC-AUC: 0.8040 - Val PR-AUC: 0.3157
[Fine-tune] Epoch 49/50 - Loss: 0.0144 - Val F1: 0.5000 - Val ROC-AUC: 0.8008 - Val PR-AUC: 0.3023
[Fine-tune] Epoch 50/50 - Loss: 0.0125 - Val F1: 0.4516 - Val ROC-AUC: 0.7804 - Val PR-AUC: 0.2943
Finetuning completed. Test F1: 0.2857, ROC-AUC: 0.9011, PR-AUC: 0.1973
[3.1/4] Target-only training on TOX21_ERa_LUC_VM7_Agonist_10nM_ICI182780 using GIN...
=== Target-only training ===
[Target-only] Epoch 1/50 – Loss: 0.3934  Val F1: 0.1897  ROC-AUC: 0.8421  PR-AUC: 0.2651
[Target-only] Epoch 2/50 – Loss: 0.2865  Val F1: 0.1233  ROC-AUC: 0.8417  PR-AUC: 0.2181
[Target-only] Epoch 3/50 – Loss: 0.2365  Val F1: 0.2500  ROC-AUC: 0.8187  PR-AUC: 0.3053
[Target-only] Epoch 4/50 – Loss: 0.2057  Val F1: 0.2222  ROC-AUC: 0.7864  PR-AUC: 0.2359
[Target-only] Epoch 5/50 – Loss: 0.2253  Val F1: 0.2105  ROC-AUC: 0.7214  PR-AUC: 0.4172
[Target-only] Epoch 6/50 – Loss: 0.1777  Val F1: 0.2353  ROC-AUC: 0.7520  PR-AUC: 0.2647
[Target-only] Epoch 7/50 – Loss: 0.1852  Val F1: 0.2133  ROC-AUC: 0.7620  PR-AUC: 0.3001
[Target-only] Epoch 8/50 – Loss: 0.1576  Val F1: 0.2353  ROC-AUC: 0.7772  PR-AUC: 0.2834
[Target-only] Epoch 9/50 – Loss: 0.1521  Val F1: 0.2667  ROC-AUC: 0.7906  PR-AUC: 0.2220
[Target-only] Epoch 10/50 – Loss: 0.1405  Val F1: 0.2667  ROC-AUC: 0.8062  PR-AUC: 0.2124
[Target-only] Epoch 11/50 – Loss: 0.1147  Val F1: 0.2759  ROC-AUC: 0.7814  PR-AUC: 0.2118
[Target-only] Epoch 12/50 – Loss: 0.1100  Val F1: 0.2667  ROC-AUC: 0.8137  PR-AUC: 0.2852
[Target-only] Epoch 13/50 – Loss: 0.1094  Val F1: 0.2500  ROC-AUC: 0.7989  PR-AUC: 0.3348
[Target-only] Epoch 14/50 – Loss: 0.1028  Val F1: 0.2500  ROC-AUC: 0.7989  PR-AUC: 0.2901
[Target-only] Epoch 15/50 – Loss: 0.0772  Val F1: 0.3077  ROC-AUC: 0.7792  PR-AUC: 0.2597
[Target-only] Epoch 16/50 – Loss: 0.0980  Val F1: 0.3158  ROC-AUC: 0.7848  PR-AUC: 0.2473
[Target-only] Epoch 17/50 – Loss: 0.0876  Val F1: 0.3137  ROC-AUC: 0.7572  PR-AUC: 0.2193
[Target-only] Epoch 18/50 – Loss: 0.0864  Val F1: 0.2222  ROC-AUC: 0.7950  PR-AUC: 0.1814
[Target-only] Epoch 19/50 – Loss: 0.0852  Val F1: 0.2759  ROC-AUC: 0.8049  PR-AUC: 0.2252
[Target-only] Epoch 20/50 – Loss: 0.0924  Val F1: 0.2909  ROC-AUC: 0.8019  PR-AUC: 0.2367
[Target-only] Epoch 21/50 – Loss: 0.0701  Val F1: 0.3111  ROC-AUC: 0.7849  PR-AUC: 0.2534
[Target-only] Epoch 22/50 – Loss: 0.0650  Val F1: 0.2222  ROC-AUC: 0.7802  PR-AUC: 0.2125
[Target-only] Epoch 23/50 – Loss: 0.0663  Val F1: 0.2692  ROC-AUC: 0.7951  PR-AUC: 0.2533
[Target-only] Epoch 24/50 – Loss: 0.0641  Val F1: 0.3256  ROC-AUC: 0.7947  PR-AUC: 0.2720
[Target-only] Epoch 25/50 – Loss: 0.0686  Val F1: 0.3256  ROC-AUC: 0.7970  PR-AUC: 0.2719
[Target-only] Epoch 26/50 – Loss: 0.0596  Val F1: 0.3415  ROC-AUC: 0.7890  PR-AUC: 0.2679
[Target-only] Epoch 27/50 – Loss: 0.0571  Val F1: 0.3684  ROC-AUC: 0.7898  PR-AUC: 0.2461
[Target-only] Epoch 28/50 – Loss: 0.0529  Val F1: 0.3243  ROC-AUC: 0.7946  PR-AUC: 0.2772
[Target-only] Epoch 29/50 – Loss: 0.0623  Val F1: 0.3243  ROC-AUC: 0.8060  PR-AUC: 0.2248
[Target-only] Epoch 30/50 – Loss: 0.0661  Val F1: 0.2667  ROC-AUC: 0.7584  PR-AUC: 0.2588
[Target-only] Epoch 31/50 – Loss: 0.0454  Val F1: 0.2857  ROC-AUC: 0.7732  PR-AUC: 0.2664
[Target-only] Epoch 32/50 – Loss: 0.0429  Val F1: 0.3158  ROC-AUC: 0.7852  PR-AUC: 0.3094
[Target-only] Epoch 33/50 – Loss: 0.0410  Val F1: 0.3256  ROC-AUC: 0.8003  PR-AUC: 0.2516
[Target-only] Epoch 34/50 – Loss: 0.0435  Val F1: 0.3030  ROC-AUC: 0.7915  PR-AUC: 0.2284
[Target-only] Epoch 35/50 – Loss: 0.0350  Val F1: 0.3333  ROC-AUC: 0.7759  PR-AUC: 0.2506
[Target-only] Epoch 36/50 – Loss: 0.0324  Val F1: 0.3077  ROC-AUC: 0.7756  PR-AUC: 0.2713
[Target-only] Epoch 37/50 – Loss: 0.0344  Val F1: 0.3590  ROC-AUC: 0.7949  PR-AUC: 0.2646
[Target-only] Epoch 38/50 – Loss: 0.0426  Val F1: 0.3256  ROC-AUC: 0.7989  PR-AUC: 0.2814
[Target-only] Epoch 39/50 – Loss: 0.0363  Val F1: 0.3500  ROC-AUC: 0.7987  PR-AUC: 0.2551
[Target-only] Epoch 40/50 – Loss: 0.0361  Val F1: 0.3684  ROC-AUC: 0.7682  PR-AUC: 0.2946
[Target-only] Epoch 41/50 – Loss: 0.0429  Val F1: 0.3889  ROC-AUC: 0.7897  PR-AUC: 0.2861
[Target-only] Epoch 42/50 – Loss: 0.0382  Val F1: 0.4118  ROC-AUC: 0.7926  PR-AUC: 0.2845
[Target-only] Epoch 43/50 – Loss: 0.0423  Val F1: 0.3750  ROC-AUC: 0.7986  PR-AUC: 0.2805
[Target-only] Epoch 44/50 – Loss: 0.0325  Val F1: 0.3226  ROC-AUC: 0.7838  PR-AUC: 0.2434
[Target-only] Epoch 45/50 – Loss: 0.0320  Val F1: 0.3030  ROC-AUC: 0.7872  PR-AUC: 0.2370
[Target-only] Epoch 46/50 – Loss: 0.0337  Val F1: 0.3529  ROC-AUC: 0.7814  PR-AUC: 0.2351
[Target-only] Epoch 47/50 – Loss: 0.0362  Val F1: 0.2941  ROC-AUC: 0.7881  PR-AUC: 0.2573
[Target-only] Epoch 48/50 – Loss: 0.0301  Val F1: 0.3030  ROC-AUC: 0.7829  PR-AUC: 0.2405
[Target-only] Epoch 49/50 – Loss: 0.0314  Val F1: 0.3333  ROC-AUC: 0.7860  PR-AUC: 0.2684
[Target-only] Epoch 50/50 – Loss: 0.0271  Val F1: 0.3333  ROC-AUC: 0.7979  PR-AUC: 0.2786
=== Target-only TEST performance ===
Test F1: 0.3111, ROC-AUC: 0.8334, PR-AUC: 0.1825
[4/4] Embedding 시각화 중...
✅ Embeddings 저장 완료: embeddings_TOX21_ERa_LUC_VM7_Antagonist_0.5nM_E2_viability_TOX21_ERa_LUC_VM7_Agonist_10nM_ICI182780_GIN.png
✅ 실험 완료: TOX21_ERa_LUC_VM7_Antagonist_0.5nM_E2_viability -> TOX21_ERa_LUC_VM7_Agonist_10nM_ICI182780 [GIN]
