[1/4] Excel → CSV 변환 중...
[2/4] Pretraining on TOX21_ERb_BLA_Antagonist_ch1 using GIN...
Epoch 1/50 - Loss: 0.5642 - Val F1: 0.1308 - Val ROC-AUC: 0.7507 - Val PR-AUC: 0.1170
Epoch 2/50 - Loss: 0.4886 - Val F1: 0.1957 - Val ROC-AUC: 0.7157 - Val PR-AUC: 0.1105
Epoch 3/50 - Loss: 0.4472 - Val F1: 0.1702 - Val ROC-AUC: 0.7533 - Val PR-AUC: 0.1168
Epoch 4/50 - Loss: 0.4001 - Val F1: 0.1193 - Val ROC-AUC: 0.7526 - Val PR-AUC: 0.1157
Epoch 5/50 - Loss: 0.3994 - Val F1: 0.1384 - Val ROC-AUC: 0.7386 - Val PR-AUC: 0.1075
Epoch 6/50 - Loss: 0.3688 - Val F1: 0.1509 - Val ROC-AUC: 0.7264 - Val PR-AUC: 0.0892
Epoch 7/50 - Loss: 0.3618 - Val F1: 0.1163 - Val ROC-AUC: 0.7021 - Val PR-AUC: 0.0834
Epoch 8/50 - Loss: 0.3278 - Val F1: 0.1805 - Val ROC-AUC: 0.7082 - Val PR-AUC: 0.0912
Epoch 9/50 - Loss: 0.3244 - Val F1: 0.1942 - Val ROC-AUC: 0.7261 - Val PR-AUC: 0.0856
Epoch 10/50 - Loss: 0.3154 - Val F1: 0.1413 - Val ROC-AUC: 0.6932 - Val PR-AUC: 0.0968
Epoch 11/50 - Loss: 0.2498 - Val F1: 0.1849 - Val ROC-AUC: 0.7165 - Val PR-AUC: 0.0811
Epoch 12/50 - Loss: 0.2389 - Val F1: 0.1429 - Val ROC-AUC: 0.6889 - Val PR-AUC: 0.0716
Epoch 13/50 - Loss: 0.2526 - Val F1: 0.1500 - Val ROC-AUC: 0.7097 - Val PR-AUC: 0.0894
Epoch 14/50 - Loss: 0.2339 - Val F1: 0.1268 - Val ROC-AUC: 0.7010 - Val PR-AUC: 0.0850
Epoch 15/50 - Loss: 0.2280 - Val F1: 0.1679 - Val ROC-AUC: 0.7045 - Val PR-AUC: 0.0974
Epoch 16/50 - Loss: 0.2066 - Val F1: 0.1967 - Val ROC-AUC: 0.7336 - Val PR-AUC: 0.1030
Epoch 17/50 - Loss: 0.2247 - Val F1: 0.2105 - Val ROC-AUC: 0.7209 - Val PR-AUC: 0.0999
Epoch 18/50 - Loss: 0.2062 - Val F1: 0.1584 - Val ROC-AUC: 0.7187 - Val PR-AUC: 0.0936
Epoch 19/50 - Loss: 0.1960 - Val F1: 0.1616 - Val ROC-AUC: 0.7147 - Val PR-AUC: 0.1009
Epoch 20/50 - Loss: 0.1798 - Val F1: 0.1538 - Val ROC-AUC: 0.6945 - Val PR-AUC: 0.1218
Epoch 21/50 - Loss: 0.1703 - Val F1: 0.1837 - Val ROC-AUC: 0.6879 - Val PR-AUC: 0.1314
Epoch 22/50 - Loss: 0.1622 - Val F1: 0.1852 - Val ROC-AUC: 0.7254 - Val PR-AUC: 0.1222
Epoch 23/50 - Loss: 0.1584 - Val F1: 0.2105 - Val ROC-AUC: 0.6880 - Val PR-AUC: 0.1097
Epoch 24/50 - Loss: 0.1501 - Val F1: 0.1702 - Val ROC-AUC: 0.7085 - Val PR-AUC: 0.0968
Epoch 25/50 - Loss: 0.1532 - Val F1: 0.2041 - Val ROC-AUC: 0.7090 - Val PR-AUC: 0.1155
Epoch 26/50 - Loss: 0.1422 - Val F1: 0.1569 - Val ROC-AUC: 0.7029 - Val PR-AUC: 0.1288
Epoch 27/50 - Loss: 0.1495 - Val F1: 0.1600 - Val ROC-AUC: 0.7129 - Val PR-AUC: 0.1038
Epoch 28/50 - Loss: 0.1434 - Val F1: 0.1928 - Val ROC-AUC: 0.7223 - Val PR-AUC: 0.1084
Epoch 29/50 - Loss: 0.1272 - Val F1: 0.1818 - Val ROC-AUC: 0.7089 - Val PR-AUC: 0.1098
Epoch 30/50 - Loss: 0.1295 - Val F1: 0.2278 - Val ROC-AUC: 0.7308 - Val PR-AUC: 0.1440
Epoch 31/50 - Loss: 0.1156 - Val F1: 0.1951 - Val ROC-AUC: 0.7130 - Val PR-AUC: 0.1256
Epoch 32/50 - Loss: 0.1312 - Val F1: 0.2051 - Val ROC-AUC: 0.7101 - Val PR-AUC: 0.1230
Epoch 33/50 - Loss: 0.1112 - Val F1: 0.1944 - Val ROC-AUC: 0.7041 - Val PR-AUC: 0.1167
Epoch 34/50 - Loss: 0.1132 - Val F1: 0.1892 - Val ROC-AUC: 0.7187 - Val PR-AUC: 0.1456
Epoch 35/50 - Loss: 0.1217 - Val F1: 0.2286 - Val ROC-AUC: 0.7301 - Val PR-AUC: 0.1568
Epoch 36/50 - Loss: 0.1109 - Val F1: 0.2000 - Val ROC-AUC: 0.7233 - Val PR-AUC: 0.1170
Epoch 37/50 - Loss: 0.1027 - Val F1: 0.2192 - Val ROC-AUC: 0.7179 - Val PR-AUC: 0.1237
Epoch 38/50 - Loss: 0.1148 - Val F1: 0.2000 - Val ROC-AUC: 0.7178 - Val PR-AUC: 0.1028
Epoch 39/50 - Loss: 0.1038 - Val F1: 0.2353 - Val ROC-AUC: 0.7245 - Val PR-AUC: 0.1500
Epoch 40/50 - Loss: 0.1151 - Val F1: 0.2192 - Val ROC-AUC: 0.7223 - Val PR-AUC: 0.1180
Epoch 41/50 - Loss: 0.0913 - Val F1: 0.2133 - Val ROC-AUC: 0.7269 - Val PR-AUC: 0.1285
Epoch 42/50 - Loss: 0.0973 - Val F1: 0.2254 - Val ROC-AUC: 0.7246 - Val PR-AUC: 0.1355
Epoch 43/50 - Loss: 0.0945 - Val F1: 0.2286 - Val ROC-AUC: 0.7203 - Val PR-AUC: 0.1189
Epoch 44/50 - Loss: 0.0974 - Val F1: 0.2133 - Val ROC-AUC: 0.7208 - Val PR-AUC: 0.1246
Epoch 45/50 - Loss: 0.0997 - Val F1: 0.2090 - Val ROC-AUC: 0.7204 - Val PR-AUC: 0.1365
Epoch 46/50 - Loss: 0.0949 - Val F1: 0.2029 - Val ROC-AUC: 0.7128 - Val PR-AUC: 0.1222
Epoch 47/50 - Loss: 0.0898 - Val F1: 0.1972 - Val ROC-AUC: 0.7177 - Val PR-AUC: 0.1286
Epoch 48/50 - Loss: 0.0891 - Val F1: 0.2162 - Val ROC-AUC: 0.7196 - Val PR-AUC: 0.1450
Epoch 49/50 - Loss: 0.0969 - Val F1: 0.2121 - Val ROC-AUC: 0.7189 - Val PR-AUC: 0.1302
Epoch 50/50 - Loss: 0.0950 - Val F1: 0.2000 - Val ROC-AUC: 0.7165 - Val PR-AUC: 0.1221
Pretraining completed. Test F1: 0.1111, ROC-AUC: 0.6896, PR-AUC: 0.1295
[3/4] Finetuning on TOX21_ERb_BLA_Antagonist_viability using GIN...
[Fine-tune] Epoch 1/50 - Loss: 0.6272 - Val F1: 0.3905 - Val ROC-AUC: 0.7928 - Val PR-AUC: 0.3638
[Fine-tune] Epoch 2/50 - Loss: 0.5327 - Val F1: 0.4048 - Val ROC-AUC: 0.7916 - Val PR-AUC: 0.3873
[Fine-tune] Epoch 3/50 - Loss: 0.5165 - Val F1: 0.3894 - Val ROC-AUC: 0.7759 - Val PR-AUC: 0.3282
[Fine-tune] Epoch 4/50 - Loss: 0.4922 - Val F1: 0.4113 - Val ROC-AUC: 0.7852 - Val PR-AUC: 0.3473
[Fine-tune] Epoch 5/50 - Loss: 0.5015 - Val F1: 0.4034 - Val ROC-AUC: 0.7919 - Val PR-AUC: 0.3528
[Fine-tune] Epoch 6/50 - Loss: 0.4814 - Val F1: 0.3986 - Val ROC-AUC: 0.7819 - Val PR-AUC: 0.3641
[Fine-tune] Epoch 7/50 - Loss: 0.4821 - Val F1: 0.4393 - Val ROC-AUC: 0.8081 - Val PR-AUC: 0.3872
[Fine-tune] Epoch 8/50 - Loss: 0.4689 - Val F1: 0.3736 - Val ROC-AUC: 0.7538 - Val PR-AUC: 0.3116
[Fine-tune] Epoch 9/50 - Loss: 0.4546 - Val F1: 0.4104 - Val ROC-AUC: 0.7765 - Val PR-AUC: 0.3430
[Fine-tune] Epoch 10/50 - Loss: 0.4493 - Val F1: 0.4011 - Val ROC-AUC: 0.7888 - Val PR-AUC: 0.3665
[Fine-tune] Epoch 11/50 - Loss: 0.4250 - Val F1: 0.3964 - Val ROC-AUC: 0.7874 - Val PR-AUC: 0.3798
[Fine-tune] Epoch 12/50 - Loss: 0.4029 - Val F1: 0.3900 - Val ROC-AUC: 0.7798 - Val PR-AUC: 0.3803
[Fine-tune] Epoch 13/50 - Loss: 0.4032 - Val F1: 0.3863 - Val ROC-AUC: 0.7851 - Val PR-AUC: 0.3813
[Fine-tune] Epoch 14/50 - Loss: 0.3954 - Val F1: 0.3930 - Val ROC-AUC: 0.7923 - Val PR-AUC: 0.3782
[Fine-tune] Epoch 15/50 - Loss: 0.3779 - Val F1: 0.4000 - Val ROC-AUC: 0.8005 - Val PR-AUC: 0.4046
[Fine-tune] Epoch 16/50 - Loss: 0.3795 - Val F1: 0.4013 - Val ROC-AUC: 0.7839 - Val PR-AUC: 0.3836
[Fine-tune] Epoch 17/50 - Loss: 0.3814 - Val F1: 0.3989 - Val ROC-AUC: 0.7969 - Val PR-AUC: 0.4026
[Fine-tune] Epoch 18/50 - Loss: 0.3616 - Val F1: 0.4061 - Val ROC-AUC: 0.7896 - Val PR-AUC: 0.3868
[Fine-tune] Epoch 19/50 - Loss: 0.3702 - Val F1: 0.4207 - Val ROC-AUC: 0.7804 - Val PR-AUC: 0.3753
[Fine-tune] Epoch 20/50 - Loss: 0.3629 - Val F1: 0.4000 - Val ROC-AUC: 0.7917 - Val PR-AUC: 0.3906
[Fine-tune] Epoch 21/50 - Loss: 0.3435 - Val F1: 0.4024 - Val ROC-AUC: 0.7934 - Val PR-AUC: 0.4013
[Fine-tune] Epoch 22/50 - Loss: 0.3408 - Val F1: 0.4024 - Val ROC-AUC: 0.7946 - Val PR-AUC: 0.3952
[Fine-tune] Epoch 23/50 - Loss: 0.3362 - Val F1: 0.4167 - Val ROC-AUC: 0.7906 - Val PR-AUC: 0.3964
[Fine-tune] Epoch 24/50 - Loss: 0.3207 - Val F1: 0.4190 - Val ROC-AUC: 0.7899 - Val PR-AUC: 0.3935
[Fine-tune] Epoch 25/50 - Loss: 0.3150 - Val F1: 0.4079 - Val ROC-AUC: 0.7857 - Val PR-AUC: 0.3742
[Fine-tune] Epoch 26/50 - Loss: 0.3181 - Val F1: 0.4089 - Val ROC-AUC: 0.7927 - Val PR-AUC: 0.3819
[Fine-tune] Epoch 27/50 - Loss: 0.2956 - Val F1: 0.4157 - Val ROC-AUC: 0.7916 - Val PR-AUC: 0.3884
[Fine-tune] Epoch 28/50 - Loss: 0.3140 - Val F1: 0.4351 - Val ROC-AUC: 0.7961 - Val PR-AUC: 0.3650
[Fine-tune] Epoch 29/50 - Loss: 0.3107 - Val F1: 0.4136 - Val ROC-AUC: 0.7965 - Val PR-AUC: 0.3995
[Fine-tune] Epoch 30/50 - Loss: 0.3024 - Val F1: 0.4144 - Val ROC-AUC: 0.7913 - Val PR-AUC: 0.4059
[Fine-tune] Epoch 31/50 - Loss: 0.2911 - Val F1: 0.4254 - Val ROC-AUC: 0.7918 - Val PR-AUC: 0.3996
[Fine-tune] Epoch 32/50 - Loss: 0.2961 - Val F1: 0.4116 - Val ROC-AUC: 0.7944 - Val PR-AUC: 0.4138
[Fine-tune] Epoch 33/50 - Loss: 0.2945 - Val F1: 0.4125 - Val ROC-AUC: 0.7974 - Val PR-AUC: 0.4133
[Fine-tune] Epoch 34/50 - Loss: 0.2845 - Val F1: 0.4164 - Val ROC-AUC: 0.7966 - Val PR-AUC: 0.3963
[Fine-tune] Epoch 35/50 - Loss: 0.2740 - Val F1: 0.4136 - Val ROC-AUC: 0.7959 - Val PR-AUC: 0.4023
[Fine-tune] Epoch 36/50 - Loss: 0.2669 - Val F1: 0.4286 - Val ROC-AUC: 0.8007 - Val PR-AUC: 0.4131
[Fine-tune] Epoch 37/50 - Loss: 0.2836 - Val F1: 0.4238 - Val ROC-AUC: 0.7915 - Val PR-AUC: 0.3744
[Fine-tune] Epoch 38/50 - Loss: 0.2699 - Val F1: 0.4258 - Val ROC-AUC: 0.8000 - Val PR-AUC: 0.4074
[Fine-tune] Epoch 39/50 - Loss: 0.2706 - Val F1: 0.4075 - Val ROC-AUC: 0.7958 - Val PR-AUC: 0.4130
[Fine-tune] Epoch 40/50 - Loss: 0.2640 - Val F1: 0.4371 - Val ROC-AUC: 0.7963 - Val PR-AUC: 0.4050
[Fine-tune] Epoch 41/50 - Loss: 0.2655 - Val F1: 0.4323 - Val ROC-AUC: 0.8037 - Val PR-AUC: 0.4083
[Fine-tune] Epoch 42/50 - Loss: 0.2608 - Val F1: 0.4271 - Val ROC-AUC: 0.7999 - Val PR-AUC: 0.3977
[Fine-tune] Epoch 43/50 - Loss: 0.2633 - Val F1: 0.4371 - Val ROC-AUC: 0.8014 - Val PR-AUC: 0.4025
[Fine-tune] Epoch 44/50 - Loss: 0.2610 - Val F1: 0.4221 - Val ROC-AUC: 0.7996 - Val PR-AUC: 0.4056
[Fine-tune] Epoch 45/50 - Loss: 0.2512 - Val F1: 0.4290 - Val ROC-AUC: 0.7988 - Val PR-AUC: 0.4024
[Fine-tune] Epoch 46/50 - Loss: 0.2593 - Val F1: 0.4295 - Val ROC-AUC: 0.8039 - Val PR-AUC: 0.4070
[Fine-tune] Epoch 47/50 - Loss: 0.2604 - Val F1: 0.4221 - Val ROC-AUC: 0.8012 - Val PR-AUC: 0.4025
[Fine-tune] Epoch 48/50 - Loss: 0.2476 - Val F1: 0.4104 - Val ROC-AUC: 0.7983 - Val PR-AUC: 0.3975
[Fine-tune] Epoch 49/50 - Loss: 0.2491 - Val F1: 0.4250 - Val ROC-AUC: 0.7977 - Val PR-AUC: 0.3916
[Fine-tune] Epoch 50/50 - Loss: 0.2515 - Val F1: 0.4271 - Val ROC-AUC: 0.7998 - Val PR-AUC: 0.4027
Finetuning completed. Test F1: 0.4358, ROC-AUC: 0.8043, PR-AUC: 0.4143
[3.1/4] Target-only training on TOX21_ERb_BLA_Antagonist_viability using GIN...
=== Target-only training ===
[Target-only] Epoch 1/50 – Loss: 0.6564  Val F1: 0.3802  ROC-AUC: 0.7618  PR-AUC: 0.2942
[Target-only] Epoch 2/50 – Loss: 0.6152  Val F1: 0.3867  ROC-AUC: 0.7564  PR-AUC: 0.2720
[Target-only] Epoch 3/50 – Loss: 0.6047  Val F1: 0.3308  ROC-AUC: 0.7330  PR-AUC: 0.2493
[Target-only] Epoch 4/50 – Loss: 0.5924  Val F1: 0.3367  ROC-AUC: 0.7525  PR-AUC: 0.3058
[Target-only] Epoch 5/50 – Loss: 0.5714  Val F1: 0.3812  ROC-AUC: 0.7485  PR-AUC: 0.3240
[Target-only] Epoch 6/50 – Loss: 0.5740  Val F1: 0.3886  ROC-AUC: 0.7727  PR-AUC: 0.3356
[Target-only] Epoch 7/50 – Loss: 0.5501  Val F1: 0.3559  ROC-AUC: 0.7430  PR-AUC: 0.3133
[Target-only] Epoch 8/50 – Loss: 0.5476  Val F1: 0.3787  ROC-AUC: 0.7533  PR-AUC: 0.3341
[Target-only] Epoch 9/50 – Loss: 0.5286  Val F1: 0.3636  ROC-AUC: 0.7672  PR-AUC: 0.3178
[Target-only] Epoch 10/50 – Loss: 0.5305  Val F1: 0.3630  ROC-AUC: 0.7549  PR-AUC: 0.3114
[Target-only] Epoch 11/50 – Loss: 0.5018  Val F1: 0.3895  ROC-AUC: 0.7629  PR-AUC: 0.3251
[Target-only] Epoch 12/50 – Loss: 0.5015  Val F1: 0.4087  ROC-AUC: 0.7713  PR-AUC: 0.3313
[Target-only] Epoch 13/50 – Loss: 0.4943  Val F1: 0.3949  ROC-AUC: 0.7736  PR-AUC: 0.3550
[Target-only] Epoch 14/50 – Loss: 0.4870  Val F1: 0.3989  ROC-AUC: 0.7741  PR-AUC: 0.3611
[Target-only] Epoch 15/50 – Loss: 0.4786  Val F1: 0.4207  ROC-AUC: 0.7775  PR-AUC: 0.3549
[Target-only] Epoch 16/50 – Loss: 0.4805  Val F1: 0.4299  ROC-AUC: 0.7791  PR-AUC: 0.3503
[Target-only] Epoch 17/50 – Loss: 0.4767  Val F1: 0.3987  ROC-AUC: 0.7648  PR-AUC: 0.3361
[Target-only] Epoch 18/50 – Loss: 0.4743  Val F1: 0.4023  ROC-AUC: 0.7808  PR-AUC: 0.3536
[Target-only] Epoch 19/50 – Loss: 0.4605  Val F1: 0.4130  ROC-AUC: 0.7768  PR-AUC: 0.3701
[Target-only] Epoch 20/50 – Loss: 0.4666  Val F1: 0.4140  ROC-AUC: 0.7871  PR-AUC: 0.3811
[Target-only] Epoch 21/50 – Loss: 0.4249  Val F1: 0.3880  ROC-AUC: 0.7767  PR-AUC: 0.3738
[Target-only] Epoch 22/50 – Loss: 0.4401  Val F1: 0.3859  ROC-AUC: 0.7800  PR-AUC: 0.3468
[Target-only] Epoch 23/50 – Loss: 0.4411  Val F1: 0.4132  ROC-AUC: 0.7931  PR-AUC: 0.3650
[Target-only] Epoch 24/50 – Loss: 0.4285  Val F1: 0.4164  ROC-AUC: 0.7820  PR-AUC: 0.3767
[Target-only] Epoch 25/50 – Loss: 0.4343  Val F1: 0.3990  ROC-AUC: 0.7899  PR-AUC: 0.3664
[Target-only] Epoch 26/50 – Loss: 0.4291  Val F1: 0.3911  ROC-AUC: 0.7704  PR-AUC: 0.3526
[Target-only] Epoch 27/50 – Loss: 0.4253  Val F1: 0.4116  ROC-AUC: 0.7815  PR-AUC: 0.3660
[Target-only] Epoch 28/50 – Loss: 0.4207  Val F1: 0.3965  ROC-AUC: 0.7707  PR-AUC: 0.3353
[Target-only] Epoch 29/50 – Loss: 0.3983  Val F1: 0.3913  ROC-AUC: 0.7687  PR-AUC: 0.3425
[Target-only] Epoch 30/50 – Loss: 0.4163  Val F1: 0.4124  ROC-AUC: 0.7910  PR-AUC: 0.3768
[Target-only] Epoch 31/50 – Loss: 0.3904  Val F1: 0.4059  ROC-AUC: 0.7809  PR-AUC: 0.3614
[Target-only] Epoch 32/50 – Loss: 0.3885  Val F1: 0.4269  ROC-AUC: 0.7863  PR-AUC: 0.3618
[Target-only] Epoch 33/50 – Loss: 0.3909  Val F1: 0.4080  ROC-AUC: 0.7861  PR-AUC: 0.3693
[Target-only] Epoch 34/50 – Loss: 0.3866  Val F1: 0.4114  ROC-AUC: 0.7800  PR-AUC: 0.3638
[Target-only] Epoch 35/50 – Loss: 0.3863  Val F1: 0.4277  ROC-AUC: 0.7858  PR-AUC: 0.3798
[Target-only] Epoch 36/50 – Loss: 0.3773  Val F1: 0.4012  ROC-AUC: 0.7815  PR-AUC: 0.3733
[Target-only] Epoch 37/50 – Loss: 0.3606  Val F1: 0.4118  ROC-AUC: 0.7908  PR-AUC: 0.3906
[Target-only] Epoch 38/50 – Loss: 0.3790  Val F1: 0.4125  ROC-AUC: 0.7821  PR-AUC: 0.3830
[Target-only] Epoch 39/50 – Loss: 0.3727  Val F1: 0.4116  ROC-AUC: 0.7954  PR-AUC: 0.3824
[Target-only] Epoch 40/50 – Loss: 0.3820  Val F1: 0.4059  ROC-AUC: 0.7813  PR-AUC: 0.3777
[Target-only] Epoch 41/50 – Loss: 0.3744  Val F1: 0.4159  ROC-AUC: 0.7872  PR-AUC: 0.3844
[Target-only] Epoch 42/50 – Loss: 0.3621  Val F1: 0.4313  ROC-AUC: 0.7918  PR-AUC: 0.3921
[Target-only] Epoch 43/50 – Loss: 0.3509  Val F1: 0.4142  ROC-AUC: 0.7858  PR-AUC: 0.3802
[Target-only] Epoch 44/50 – Loss: 0.3736  Val F1: 0.4096  ROC-AUC: 0.7906  PR-AUC: 0.3968
[Target-only] Epoch 45/50 – Loss: 0.3532  Val F1: 0.4140  ROC-AUC: 0.7910  PR-AUC: 0.3905
[Target-only] Epoch 46/50 – Loss: 0.3484  Val F1: 0.4109  ROC-AUC: 0.7937  PR-AUC: 0.3942
[Target-only] Epoch 47/50 – Loss: 0.3624  Val F1: 0.4221  ROC-AUC: 0.7895  PR-AUC: 0.3902
[Target-only] Epoch 48/50 – Loss: 0.3448  Val F1: 0.4109  ROC-AUC: 0.7951  PR-AUC: 0.3967
[Target-only] Epoch 49/50 – Loss: 0.3589  Val F1: 0.4185  ROC-AUC: 0.7835  PR-AUC: 0.3870
[Target-only] Epoch 50/50 – Loss: 0.3560  Val F1: 0.4091  ROC-AUC: 0.7814  PR-AUC: 0.3887
=== Target-only TEST performance ===
Test F1: 0.4557, ROC-AUC: 0.8163, PR-AUC: 0.4178
[4/4] Embedding 시각화 중...
✅ Embeddings 저장 완료: embeddings_TOX21_ERb_BLA_Antagonist_ch1_TOX21_ERb_BLA_Antagonist_viability_GIN.png
✅ 실험 완료: TOX21_ERb_BLA_Antagonist_ch1 -> TOX21_ERb_BLA_Antagonist_viability [GIN]
