[1/4] Excel → CSV 변환 중...
[2/4] Pretraining on TOX21_ERa_LUC_VM7_Agonist using GIN...
Epoch 1/50 - Loss: 0.6765 - Val F1: 0.2299 - Val ROC-AUC: 0.6078 - Val PR-AUC: 0.1995
Epoch 2/50 - Loss: 0.6588 - Val F1: 0.2412 - Val ROC-AUC: 0.6303 - Val PR-AUC: 0.2413
Epoch 3/50 - Loss: 0.6423 - Val F1: 0.2692 - Val ROC-AUC: 0.6613 - Val PR-AUC: 0.2599
Epoch 4/50 - Loss: 0.6292 - Val F1: 0.2432 - Val ROC-AUC: 0.6522 - Val PR-AUC: 0.2825
Epoch 5/50 - Loss: 0.6245 - Val F1: 0.3053 - Val ROC-AUC: 0.6602 - Val PR-AUC: 0.2793
Epoch 6/50 - Loss: 0.6205 - Val F1: 0.2851 - Val ROC-AUC: 0.6624 - Val PR-AUC: 0.3129
Epoch 7/50 - Loss: 0.6093 - Val F1: 0.2805 - Val ROC-AUC: 0.6627 - Val PR-AUC: 0.2636
Epoch 8/50 - Loss: 0.6014 - Val F1: 0.3003 - Val ROC-AUC: 0.6650 - Val PR-AUC: 0.2801
Epoch 9/50 - Loss: 0.6070 - Val F1: 0.2527 - Val ROC-AUC: 0.6407 - Val PR-AUC: 0.2325
Epoch 10/50 - Loss: 0.5965 - Val F1: 0.2707 - Val ROC-AUC: 0.6704 - Val PR-AUC: 0.2855
Epoch 11/50 - Loss: 0.5768 - Val F1: 0.2887 - Val ROC-AUC: 0.6503 - Val PR-AUC: 0.2819
Epoch 12/50 - Loss: 0.5818 - Val F1: 0.3040 - Val ROC-AUC: 0.6711 - Val PR-AUC: 0.2951
Epoch 13/50 - Loss: 0.5570 - Val F1: 0.3016 - Val ROC-AUC: 0.6862 - Val PR-AUC: 0.2885
Epoch 14/50 - Loss: 0.5583 - Val F1: 0.2959 - Val ROC-AUC: 0.6768 - Val PR-AUC: 0.3000
Epoch 15/50 - Loss: 0.5497 - Val F1: 0.2980 - Val ROC-AUC: 0.6764 - Val PR-AUC: 0.2845
Epoch 16/50 - Loss: 0.5465 - Val F1: 0.2604 - Val ROC-AUC: 0.6609 - Val PR-AUC: 0.3020
Epoch 17/50 - Loss: 0.5348 - Val F1: 0.2784 - Val ROC-AUC: 0.6747 - Val PR-AUC: 0.2987
Epoch 18/50 - Loss: 0.5387 - Val F1: 0.3029 - Val ROC-AUC: 0.6881 - Val PR-AUC: 0.3178
Epoch 19/50 - Loss: 0.5309 - Val F1: 0.2704 - Val ROC-AUC: 0.6506 - Val PR-AUC: 0.2571
Epoch 20/50 - Loss: 0.5240 - Val F1: 0.2934 - Val ROC-AUC: 0.6662 - Val PR-AUC: 0.2836
Epoch 21/50 - Loss: 0.5103 - Val F1: 0.3081 - Val ROC-AUC: 0.6733 - Val PR-AUC: 0.2952
Epoch 22/50 - Loss: 0.4953 - Val F1: 0.3091 - Val ROC-AUC: 0.6596 - Val PR-AUC: 0.3039
Epoch 23/50 - Loss: 0.4877 - Val F1: 0.2938 - Val ROC-AUC: 0.6847 - Val PR-AUC: 0.3162
Epoch 24/50 - Loss: 0.4842 - Val F1: 0.3087 - Val ROC-AUC: 0.6733 - Val PR-AUC: 0.3158
Epoch 25/50 - Loss: 0.4952 - Val F1: 0.3077 - Val ROC-AUC: 0.6699 - Val PR-AUC: 0.3013
Epoch 26/50 - Loss: 0.4813 - Val F1: 0.3043 - Val ROC-AUC: 0.6883 - Val PR-AUC: 0.3084
Epoch 27/50 - Loss: 0.4804 - Val F1: 0.3207 - Val ROC-AUC: 0.6779 - Val PR-AUC: 0.2874
Epoch 28/50 - Loss: 0.4774 - Val F1: 0.2682 - Val ROC-AUC: 0.6686 - Val PR-AUC: 0.2738
Epoch 29/50 - Loss: 0.4647 - Val F1: 0.3148 - Val ROC-AUC: 0.6747 - Val PR-AUC: 0.2893
Epoch 30/50 - Loss: 0.4676 - Val F1: 0.3015 - Val ROC-AUC: 0.6748 - Val PR-AUC: 0.2743
Epoch 31/50 - Loss: 0.4547 - Val F1: 0.3138 - Val ROC-AUC: 0.6858 - Val PR-AUC: 0.3033
Epoch 32/50 - Loss: 0.4447 - Val F1: 0.3232 - Val ROC-AUC: 0.6808 - Val PR-AUC: 0.2933
Epoch 33/50 - Loss: 0.4464 - Val F1: 0.3164 - Val ROC-AUC: 0.6789 - Val PR-AUC: 0.2870
Epoch 34/50 - Loss: 0.4302 - Val F1: 0.3484 - Val ROC-AUC: 0.6857 - Val PR-AUC: 0.2978
Epoch 35/50 - Loss: 0.4375 - Val F1: 0.3143 - Val ROC-AUC: 0.6810 - Val PR-AUC: 0.3074
Epoch 36/50 - Loss: 0.4274 - Val F1: 0.3045 - Val ROC-AUC: 0.6756 - Val PR-AUC: 0.3019
Epoch 37/50 - Loss: 0.4229 - Val F1: 0.3050 - Val ROC-AUC: 0.6799 - Val PR-AUC: 0.2821
Epoch 38/50 - Loss: 0.4262 - Val F1: 0.3115 - Val ROC-AUC: 0.6750 - Val PR-AUC: 0.3030
Epoch 39/50 - Loss: 0.4312 - Val F1: 0.3043 - Val ROC-AUC: 0.6738 - Val PR-AUC: 0.2957
Epoch 40/50 - Loss: 0.4228 - Val F1: 0.3040 - Val ROC-AUC: 0.6801 - Val PR-AUC: 0.2975
Epoch 41/50 - Loss: 0.4127 - Val F1: 0.3077 - Val ROC-AUC: 0.6845 - Val PR-AUC: 0.3058
Epoch 42/50 - Loss: 0.4175 - Val F1: 0.3232 - Val ROC-AUC: 0.6790 - Val PR-AUC: 0.3128
Epoch 43/50 - Loss: 0.4002 - Val F1: 0.3226 - Val ROC-AUC: 0.6868 - Val PR-AUC: 0.3117
Epoch 44/50 - Loss: 0.4118 - Val F1: 0.2991 - Val ROC-AUC: 0.6787 - Val PR-AUC: 0.2888
Epoch 45/50 - Loss: 0.4115 - Val F1: 0.3165 - Val ROC-AUC: 0.6891 - Val PR-AUC: 0.2870
Epoch 46/50 - Loss: 0.4036 - Val F1: 0.3303 - Val ROC-AUC: 0.6768 - Val PR-AUC: 0.2788
Epoch 47/50 - Loss: 0.4013 - Val F1: 0.3267 - Val ROC-AUC: 0.6862 - Val PR-AUC: 0.3018
Epoch 48/50 - Loss: 0.3906 - Val F1: 0.3117 - Val ROC-AUC: 0.6849 - Val PR-AUC: 0.3165
Epoch 49/50 - Loss: 0.3848 - Val F1: 0.3354 - Val ROC-AUC: 0.6884 - Val PR-AUC: 0.3088
Epoch 50/50 - Loss: 0.3959 - Val F1: 0.3344 - Val ROC-AUC: 0.6832 - Val PR-AUC: 0.3060
Pretraining completed. Test F1: 0.3108, ROC-AUC: 0.6362, PR-AUC: 0.2911
[3/4] Finetuning on TOX21_ERb_BLA_Agonist_ch2 using GIN...
[Fine-tune] Epoch 1/50 - Loss: 0.4072 - Val F1: 0.2281 - Val ROC-AUC: 0.8791 - Val PR-AUC: 0.4790
[Fine-tune] Epoch 2/50 - Loss: 0.2770 - Val F1: 0.1818 - Val ROC-AUC: 0.8795 - Val PR-AUC: 0.4947
[Fine-tune] Epoch 3/50 - Loss: 0.2194 - Val F1: 0.2074 - Val ROC-AUC: 0.8912 - Val PR-AUC: 0.5079
[Fine-tune] Epoch 4/50 - Loss: 0.1894 - Val F1: 0.3415 - Val ROC-AUC: 0.8932 - Val PR-AUC: 0.4448
[Fine-tune] Epoch 5/50 - Loss: 0.2051 - Val F1: 0.3714 - Val ROC-AUC: 0.8903 - Val PR-AUC: 0.6142
[Fine-tune] Epoch 6/50 - Loss: 0.1708 - Val F1: 0.4643 - Val ROC-AUC: 0.8450 - Val PR-AUC: 0.5712
[Fine-tune] Epoch 7/50 - Loss: 0.1672 - Val F1: 0.2828 - Val ROC-AUC: 0.8926 - Val PR-AUC: 0.4083
[Fine-tune] Epoch 8/50 - Loss: 0.1611 - Val F1: 0.3944 - Val ROC-AUC: 0.9053 - Val PR-AUC: 0.5153
[Fine-tune] Epoch 9/50 - Loss: 0.1366 - Val F1: 0.3478 - Val ROC-AUC: 0.8551 - Val PR-AUC: 0.5478
[Fine-tune] Epoch 10/50 - Loss: 0.1340 - Val F1: 0.3793 - Val ROC-AUC: 0.7984 - Val PR-AUC: 0.3421
[Fine-tune] Epoch 11/50 - Loss: 0.1068 - Val F1: 0.3529 - Val ROC-AUC: 0.8480 - Val PR-AUC: 0.5491
[Fine-tune] Epoch 12/50 - Loss: 0.1058 - Val F1: 0.3636 - Val ROC-AUC: 0.8361 - Val PR-AUC: 0.5282
[Fine-tune] Epoch 13/50 - Loss: 0.0843 - Val F1: 0.3729 - Val ROC-AUC: 0.8508 - Val PR-AUC: 0.5326
[Fine-tune] Epoch 14/50 - Loss: 0.0893 - Val F1: 0.4118 - Val ROC-AUC: 0.8802 - Val PR-AUC: 0.5679
[Fine-tune] Epoch 15/50 - Loss: 0.0852 - Val F1: 0.3200 - Val ROC-AUC: 0.8377 - Val PR-AUC: 0.5410
[Fine-tune] Epoch 16/50 - Loss: 0.0855 - Val F1: 0.4528 - Val ROC-AUC: 0.8329 - Val PR-AUC: 0.5308
[Fine-tune] Epoch 17/50 - Loss: 0.1022 - Val F1: 0.3288 - Val ROC-AUC: 0.8669 - Val PR-AUC: 0.5674
[Fine-tune] Epoch 18/50 - Loss: 0.0865 - Val F1: 0.4138 - Val ROC-AUC: 0.8357 - Val PR-AUC: 0.5564
[Fine-tune] Epoch 19/50 - Loss: 0.0723 - Val F1: 0.4800 - Val ROC-AUC: 0.8395 - Val PR-AUC: 0.5957
[Fine-tune] Epoch 20/50 - Loss: 0.0786 - Val F1: 0.5000 - Val ROC-AUC: 0.8318 - Val PR-AUC: 0.5843
[Fine-tune] Epoch 21/50 - Loss: 0.0723 - Val F1: 0.4615 - Val ROC-AUC: 0.8347 - Val PR-AUC: 0.5723
[Fine-tune] Epoch 22/50 - Loss: 0.0551 - Val F1: 0.4364 - Val ROC-AUC: 0.8357 - Val PR-AUC: 0.5807
[Fine-tune] Epoch 23/50 - Loss: 0.0687 - Val F1: 0.5217 - Val ROC-AUC: 0.8341 - Val PR-AUC: 0.6014
[Fine-tune] Epoch 24/50 - Loss: 0.0647 - Val F1: 0.5000 - Val ROC-AUC: 0.8458 - Val PR-AUC: 0.5983
[Fine-tune] Epoch 25/50 - Loss: 0.0566 - Val F1: 0.4615 - Val ROC-AUC: 0.8498 - Val PR-AUC: 0.5949
[Fine-tune] Epoch 26/50 - Loss: 0.0569 - Val F1: 0.4898 - Val ROC-AUC: 0.8523 - Val PR-AUC: 0.5794
[Fine-tune] Epoch 27/50 - Loss: 0.0509 - Val F1: 0.5000 - Val ROC-AUC: 0.8375 - Val PR-AUC: 0.5897
[Fine-tune] Epoch 28/50 - Loss: 0.0454 - Val F1: 0.4800 - Val ROC-AUC: 0.8528 - Val PR-AUC: 0.6093
[Fine-tune] Epoch 29/50 - Loss: 0.0541 - Val F1: 0.5333 - Val ROC-AUC: 0.8316 - Val PR-AUC: 0.6009
[Fine-tune] Epoch 30/50 - Loss: 0.0545 - Val F1: 0.4348 - Val ROC-AUC: 0.8321 - Val PR-AUC: 0.5356
[Fine-tune] Epoch 31/50 - Loss: 0.0475 - Val F1: 0.5000 - Val ROC-AUC: 0.8300 - Val PR-AUC: 0.6217
[Fine-tune] Epoch 32/50 - Loss: 0.0492 - Val F1: 0.4583 - Val ROC-AUC: 0.8575 - Val PR-AUC: 0.6381
[Fine-tune] Epoch 33/50 - Loss: 0.0517 - Val F1: 0.4898 - Val ROC-AUC: 0.8378 - Val PR-AUC: 0.6353
[Fine-tune] Epoch 34/50 - Loss: 0.0414 - Val F1: 0.5217 - Val ROC-AUC: 0.8518 - Val PR-AUC: 0.6384
[Fine-tune] Epoch 35/50 - Loss: 0.0384 - Val F1: 0.4706 - Val ROC-AUC: 0.8511 - Val PR-AUC: 0.6057
[Fine-tune] Epoch 36/50 - Loss: 0.0457 - Val F1: 0.4800 - Val ROC-AUC: 0.8492 - Val PR-AUC: 0.6099
[Fine-tune] Epoch 37/50 - Loss: 0.0438 - Val F1: 0.5000 - Val ROC-AUC: 0.8452 - Val PR-AUC: 0.5432
[Fine-tune] Epoch 38/50 - Loss: 0.0366 - Val F1: 0.4898 - Val ROC-AUC: 0.8464 - Val PR-AUC: 0.5631
[Fine-tune] Epoch 39/50 - Loss: 0.0499 - Val F1: 0.4444 - Val ROC-AUC: 0.8439 - Val PR-AUC: 0.6418
[Fine-tune] Epoch 40/50 - Loss: 0.0386 - Val F1: 0.5333 - Val ROC-AUC: 0.8353 - Val PR-AUC: 0.6179
[Fine-tune] Epoch 41/50 - Loss: 0.0375 - Val F1: 0.5217 - Val ROC-AUC: 0.8316 - Val PR-AUC: 0.5849
[Fine-tune] Epoch 42/50 - Loss: 0.0344 - Val F1: 0.5333 - Val ROC-AUC: 0.8203 - Val PR-AUC: 0.5963
[Fine-tune] Epoch 43/50 - Loss: 0.0359 - Val F1: 0.5217 - Val ROC-AUC: 0.8245 - Val PR-AUC: 0.5891
[Fine-tune] Epoch 44/50 - Loss: 0.0441 - Val F1: 0.4889 - Val ROC-AUC: 0.8283 - Val PR-AUC: 0.6109
[Fine-tune] Epoch 45/50 - Loss: 0.0384 - Val F1: 0.4783 - Val ROC-AUC: 0.8258 - Val PR-AUC: 0.5771
[Fine-tune] Epoch 46/50 - Loss: 0.0321 - Val F1: 0.5217 - Val ROC-AUC: 0.8194 - Val PR-AUC: 0.5706
[Fine-tune] Epoch 47/50 - Loss: 0.0341 - Val F1: 0.5106 - Val ROC-AUC: 0.8264 - Val PR-AUC: 0.6217
[Fine-tune] Epoch 48/50 - Loss: 0.0364 - Val F1: 0.5217 - Val ROC-AUC: 0.8326 - Val PR-AUC: 0.5830
[Fine-tune] Epoch 49/50 - Loss: 0.0388 - Val F1: 0.5000 - Val ROC-AUC: 0.8194 - Val PR-AUC: 0.5865
[Fine-tune] Epoch 50/50 - Loss: 0.0336 - Val F1: 0.5106 - Val ROC-AUC: 0.8264 - Val PR-AUC: 0.5835
Finetuning completed. Test F1: 0.3600, ROC-AUC: 0.8535, PR-AUC: 0.4422
[3.1/4] Target-only training on TOX21_ERb_BLA_Agonist_ch2 using GIN...
=== Target-only training ===
[Target-only] Epoch 1/50 – Loss: 0.4603  Val F1: 0.2523  ROC-AUC: 0.8720  PR-AUC: 0.5274
[Target-only] Epoch 2/50 – Loss: 0.3650  Val F1: 0.2295  ROC-AUC: 0.8506  PR-AUC: 0.4265
[Target-only] Epoch 3/50 – Loss: 0.3246  Val F1: 0.2083  ROC-AUC: 0.8786  PR-AUC: 0.5073
[Target-only] Epoch 4/50 – Loss: 0.3153  Val F1: 0.1695  ROC-AUC: 0.8417  PR-AUC: 0.5001
[Target-only] Epoch 5/50 – Loss: 0.2679  Val F1: 0.1739  ROC-AUC: 0.8429  PR-AUC: 0.4632
[Target-only] Epoch 6/50 – Loss: 0.2481  Val F1: 0.2059  ROC-AUC: 0.8513  PR-AUC: 0.4607
[Target-only] Epoch 7/50 – Loss: 0.2520  Val F1: 0.1556  ROC-AUC: 0.8471  PR-AUC: 0.4688
[Target-only] Epoch 8/50 – Loss: 0.2289  Val F1: 0.2407  ROC-AUC: 0.8472  PR-AUC: 0.3738
[Target-only] Epoch 9/50 – Loss: 0.2155  Val F1: 0.3333  ROC-AUC: 0.8535  PR-AUC: 0.4980
[Target-only] Epoch 10/50 – Loss: 0.1891  Val F1: 0.3023  ROC-AUC: 0.8273  PR-AUC: 0.4071
[Target-only] Epoch 11/50 – Loss: 0.1701  Val F1: 0.2667  ROC-AUC: 0.8392  PR-AUC: 0.4710
[Target-only] Epoch 12/50 – Loss: 0.1771  Val F1: 0.2772  ROC-AUC: 0.8600  PR-AUC: 0.4226
[Target-only] Epoch 13/50 – Loss: 0.1525  Val F1: 0.2955  ROC-AUC: 0.8270  PR-AUC: 0.4510
[Target-only] Epoch 14/50 – Loss: 0.1393  Val F1: 0.2828  ROC-AUC: 0.8402  PR-AUC: 0.4601
[Target-only] Epoch 15/50 – Loss: 0.1399  Val F1: 0.3421  ROC-AUC: 0.8426  PR-AUC: 0.3727
[Target-only] Epoch 16/50 – Loss: 0.1419  Val F1: 0.3226  ROC-AUC: 0.8169  PR-AUC: 0.3716
[Target-only] Epoch 17/50 – Loss: 0.1454  Val F1: 0.4000  ROC-AUC: 0.8662  PR-AUC: 0.4471
[Target-only] Epoch 18/50 – Loss: 0.1483  Val F1: 0.2892  ROC-AUC: 0.8334  PR-AUC: 0.3697
[Target-only] Epoch 19/50 – Loss: 0.1188  Val F1: 0.3871  ROC-AUC: 0.8389  PR-AUC: 0.4611
[Target-only] Epoch 20/50 – Loss: 0.1298  Val F1: 0.3860  ROC-AUC: 0.8550  PR-AUC: 0.4387
[Target-only] Epoch 21/50 – Loss: 0.1074  Val F1: 0.4286  ROC-AUC: 0.8431  PR-AUC: 0.4415
[Target-only] Epoch 22/50 – Loss: 0.0992  Val F1: 0.4062  ROC-AUC: 0.8580  PR-AUC: 0.5223
[Target-only] Epoch 23/50 – Loss: 0.0950  Val F1: 0.4138  ROC-AUC: 0.8151  PR-AUC: 0.4717
[Target-only] Epoch 24/50 – Loss: 0.1050  Val F1: 0.4138  ROC-AUC: 0.8447  PR-AUC: 0.4275
[Target-only] Epoch 25/50 – Loss: 0.0932  Val F1: 0.3934  ROC-AUC: 0.8354  PR-AUC: 0.5675
[Target-only] Epoch 26/50 – Loss: 0.0882  Val F1: 0.4364  ROC-AUC: 0.7982  PR-AUC: 0.4457
[Target-only] Epoch 27/50 – Loss: 0.0849  Val F1: 0.4286  ROC-AUC: 0.8348  PR-AUC: 0.5078
[Target-only] Epoch 28/50 – Loss: 0.0755  Val F1: 0.3934  ROC-AUC: 0.8521  PR-AUC: 0.5856
[Target-only] Epoch 29/50 – Loss: 0.0891  Val F1: 0.4528  ROC-AUC: 0.8341  PR-AUC: 0.5752
[Target-only] Epoch 30/50 – Loss: 0.0799  Val F1: 0.4364  ROC-AUC: 0.8192  PR-AUC: 0.5739
[Target-only] Epoch 31/50 – Loss: 0.0802  Val F1: 0.4068  ROC-AUC: 0.8338  PR-AUC: 0.5355
[Target-only] Epoch 32/50 – Loss: 0.0820  Val F1: 0.4528  ROC-AUC: 0.8266  PR-AUC: 0.5394
[Target-only] Epoch 33/50 – Loss: 0.0770  Val F1: 0.4138  ROC-AUC: 0.8327  PR-AUC: 0.5558
[Target-only] Epoch 34/50 – Loss: 0.0705  Val F1: 0.4528  ROC-AUC: 0.8408  PR-AUC: 0.5126
[Target-only] Epoch 35/50 – Loss: 0.0823  Val F1: 0.4706  ROC-AUC: 0.8315  PR-AUC: 0.5052
[Target-only] Epoch 36/50 – Loss: 0.0698  Val F1: 0.3871  ROC-AUC: 0.8418  PR-AUC: 0.4900
[Target-only] Epoch 37/50 – Loss: 0.0676  Val F1: 0.4138  ROC-AUC: 0.8360  PR-AUC: 0.5749
[Target-only] Epoch 38/50 – Loss: 0.0761  Val F1: 0.4706  ROC-AUC: 0.8631  PR-AUC: 0.5136
[Target-only] Epoch 39/50 – Loss: 0.0701  Val F1: 0.4615  ROC-AUC: 0.8321  PR-AUC: 0.5616
[Target-only] Epoch 40/50 – Loss: 0.0715  Val F1: 0.4138  ROC-AUC: 0.8314  PR-AUC: 0.4888
[Target-only] Epoch 41/50 – Loss: 0.0732  Val F1: 0.5217  ROC-AUC: 0.8345  PR-AUC: 0.5347
[Target-only] Epoch 42/50 – Loss: 0.0668  Val F1: 0.4068  ROC-AUC: 0.8321  PR-AUC: 0.5320
[Target-only] Epoch 43/50 – Loss: 0.0790  Val F1: 0.4783  ROC-AUC: 0.8185  PR-AUC: 0.4385
[Target-only] Epoch 44/50 – Loss: 0.0551  Val F1: 0.4490  ROC-AUC: 0.8291  PR-AUC: 0.5092
[Target-only] Epoch 45/50 – Loss: 0.0574  Val F1: 0.4211  ROC-AUC: 0.8238  PR-AUC: 0.5443
[Target-only] Epoch 46/50 – Loss: 0.0605  Val F1: 0.4898  ROC-AUC: 0.8310  PR-AUC: 0.5519
[Target-only] Epoch 47/50 – Loss: 0.0612  Val F1: 0.4444  ROC-AUC: 0.8227  PR-AUC: 0.5836
[Target-only] Epoch 48/50 – Loss: 0.0602  Val F1: 0.5000  ROC-AUC: 0.8271  PR-AUC: 0.5317
[Target-only] Epoch 49/50 – Loss: 0.0575  Val F1: 0.4444  ROC-AUC: 0.8265  PR-AUC: 0.5116
[Target-only] Epoch 50/50 – Loss: 0.0581  Val F1: 0.4783  ROC-AUC: 0.8347  PR-AUC: 0.5911
=== Target-only TEST performance ===
Test F1: 0.3448, ROC-AUC: 0.8462, PR-AUC: 0.5171
[4/4] Embedding 시각화 중...
✅ Embeddings 저장 완료: embeddings_TOX21_ERa_LUC_VM7_Agonist_TOX21_ERb_BLA_Agonist_ch2_GIN.png
✅ 실험 완료: TOX21_ERa_LUC_VM7_Agonist -> TOX21_ERb_BLA_Agonist_ch2 [GIN]
