[1/4] Excel → CSV 변환 중...
[2/4] Pretraining on TOX21_ERa_BLA_Antagonist_ch1 using GIN...
Epoch 1/50 - Loss: 0.6221 - Val F1: 0.1846 - Val ROC-AUC: 0.7664 - Val PR-AUC: 0.2281
Epoch 2/50 - Loss: 0.5773 - Val F1: 0.1895 - Val ROC-AUC: 0.7825 - Val PR-AUC: 0.1941
Epoch 3/50 - Loss: 0.5376 - Val F1: 0.3077 - Val ROC-AUC: 0.8182 - Val PR-AUC: 0.2910
Epoch 4/50 - Loss: 0.5112 - Val F1: 0.2229 - Val ROC-AUC: 0.7907 - Val PR-AUC: 0.2338
Epoch 5/50 - Loss: 0.4972 - Val F1: 0.2452 - Val ROC-AUC: 0.8034 - Val PR-AUC: 0.1733
Epoch 6/50 - Loss: 0.4774 - Val F1: 0.2557 - Val ROC-AUC: 0.7969 - Val PR-AUC: 0.2382
Epoch 7/50 - Loss: 0.4734 - Val F1: 0.2739 - Val ROC-AUC: 0.8168 - Val PR-AUC: 0.2513
Epoch 8/50 - Loss: 0.4445 - Val F1: 0.2724 - Val ROC-AUC: 0.8234 - Val PR-AUC: 0.2328
Epoch 9/50 - Loss: 0.4449 - Val F1: 0.3162 - Val ROC-AUC: 0.8386 - Val PR-AUC: 0.2318
Epoch 10/50 - Loss: 0.4371 - Val F1: 0.2903 - Val ROC-AUC: 0.8189 - Val PR-AUC: 0.2387
Epoch 11/50 - Loss: 0.4096 - Val F1: 0.3349 - Val ROC-AUC: 0.8100 - Val PR-AUC: 0.1880
Epoch 12/50 - Loss: 0.3860 - Val F1: 0.3260 - Val ROC-AUC: 0.8398 - Val PR-AUC: 0.2485
Epoch 13/50 - Loss: 0.3582 - Val F1: 0.3000 - Val ROC-AUC: 0.8224 - Val PR-AUC: 0.2122
Epoch 14/50 - Loss: 0.3737 - Val F1: 0.2562 - Val ROC-AUC: 0.7911 - Val PR-AUC: 0.2001
Epoch 15/50 - Loss: 0.3557 - Val F1: 0.3317 - Val ROC-AUC: 0.8239 - Val PR-AUC: 0.2183
Epoch 16/50 - Loss: 0.3490 - Val F1: 0.3077 - Val ROC-AUC: 0.8277 - Val PR-AUC: 0.2033
Epoch 17/50 - Loss: 0.3483 - Val F1: 0.2793 - Val ROC-AUC: 0.8050 - Val PR-AUC: 0.1878
Epoch 18/50 - Loss: 0.3439 - Val F1: 0.3057 - Val ROC-AUC: 0.8261 - Val PR-AUC: 0.2185
Epoch 19/50 - Loss: 0.3361 - Val F1: 0.3150 - Val ROC-AUC: 0.8333 - Val PR-AUC: 0.2442
Epoch 20/50 - Loss: 0.3326 - Val F1: 0.3262 - Val ROC-AUC: 0.8332 - Val PR-AUC: 0.2355
Epoch 21/50 - Loss: 0.3164 - Val F1: 0.3125 - Val ROC-AUC: 0.8245 - Val PR-AUC: 0.2356
Epoch 22/50 - Loss: 0.3034 - Val F1: 0.3190 - Val ROC-AUC: 0.8199 - Val PR-AUC: 0.2072
Epoch 23/50 - Loss: 0.2943 - Val F1: 0.3094 - Val ROC-AUC: 0.8199 - Val PR-AUC: 0.2262
Epoch 24/50 - Loss: 0.3032 - Val F1: 0.3041 - Val ROC-AUC: 0.8218 - Val PR-AUC: 0.2232
Epoch 25/50 - Loss: 0.2860 - Val F1: 0.2842 - Val ROC-AUC: 0.8132 - Val PR-AUC: 0.2309
Epoch 26/50 - Loss: 0.2814 - Val F1: 0.2843 - Val ROC-AUC: 0.8039 - Val PR-AUC: 0.2028
Epoch 27/50 - Loss: 0.2829 - Val F1: 0.3200 - Val ROC-AUC: 0.8147 - Val PR-AUC: 0.2268
Epoch 28/50 - Loss: 0.2727 - Val F1: 0.3021 - Val ROC-AUC: 0.8173 - Val PR-AUC: 0.2185
Epoch 29/50 - Loss: 0.2702 - Val F1: 0.3048 - Val ROC-AUC: 0.8259 - Val PR-AUC: 0.2191
Epoch 30/50 - Loss: 0.2653 - Val F1: 0.2766 - Val ROC-AUC: 0.8122 - Val PR-AUC: 0.2019
Epoch 31/50 - Loss: 0.2451 - Val F1: 0.2941 - Val ROC-AUC: 0.8167 - Val PR-AUC: 0.2128
Epoch 32/50 - Loss: 0.2434 - Val F1: 0.3034 - Val ROC-AUC: 0.8138 - Val PR-AUC: 0.2238
Epoch 33/50 - Loss: 0.2505 - Val F1: 0.2404 - Val ROC-AUC: 0.7955 - Val PR-AUC: 0.2061
Epoch 34/50 - Loss: 0.2470 - Val F1: 0.2660 - Val ROC-AUC: 0.8082 - Val PR-AUC: 0.2070
Epoch 35/50 - Loss: 0.2474 - Val F1: 0.3061 - Val ROC-AUC: 0.8161 - Val PR-AUC: 0.2228
Epoch 36/50 - Loss: 0.2411 - Val F1: 0.2956 - Val ROC-AUC: 0.8093 - Val PR-AUC: 0.2248
Epoch 37/50 - Loss: 0.2280 - Val F1: 0.2431 - Val ROC-AUC: 0.7923 - Val PR-AUC: 0.2038
Epoch 38/50 - Loss: 0.2249 - Val F1: 0.2400 - Val ROC-AUC: 0.8026 - Val PR-AUC: 0.2084
Epoch 39/50 - Loss: 0.2340 - Val F1: 0.2514 - Val ROC-AUC: 0.7917 - Val PR-AUC: 0.2022
Epoch 40/50 - Loss: 0.2350 - Val F1: 0.2828 - Val ROC-AUC: 0.8083 - Val PR-AUC: 0.2161
Epoch 41/50 - Loss: 0.2278 - Val F1: 0.2514 - Val ROC-AUC: 0.7983 - Val PR-AUC: 0.2068
Epoch 42/50 - Loss: 0.2154 - Val F1: 0.2778 - Val ROC-AUC: 0.8060 - Val PR-AUC: 0.2087
Epoch 43/50 - Loss: 0.2189 - Val F1: 0.2386 - Val ROC-AUC: 0.7975 - Val PR-AUC: 0.2104
Epoch 44/50 - Loss: 0.2030 - Val F1: 0.2367 - Val ROC-AUC: 0.7873 - Val PR-AUC: 0.1980
Epoch 45/50 - Loss: 0.2097 - Val F1: 0.2456 - Val ROC-AUC: 0.8031 - Val PR-AUC: 0.2178
Epoch 46/50 - Loss: 0.2087 - Val F1: 0.2458 - Val ROC-AUC: 0.7902 - Val PR-AUC: 0.1914
Epoch 47/50 - Loss: 0.2171 - Val F1: 0.2166 - Val ROC-AUC: 0.7926 - Val PR-AUC: 0.2041
Epoch 48/50 - Loss: 0.2028 - Val F1: 0.2312 - Val ROC-AUC: 0.7989 - Val PR-AUC: 0.2115
Epoch 49/50 - Loss: 0.2132 - Val F1: 0.2703 - Val ROC-AUC: 0.8001 - Val PR-AUC: 0.2167
Epoch 50/50 - Loss: 0.2178 - Val F1: 0.2391 - Val ROC-AUC: 0.7962 - Val PR-AUC: 0.2148
Pretraining completed. Test F1: 0.3036, ROC-AUC: 0.8054, PR-AUC: 0.2464
[3/4] Finetuning on TOX21_ERb_BLA_Antagonist_viability using GIN...
