[13:15:14] Can't kekulize mol.  Unkekulized atoms: 1 2 3 4 5
[13:15:14] Explicit valence for atom # 0 Cl, 2, is greater than permitted
[13:15:15] Can't kekulize mol.  Unkekulized atoms: 3 4 5 6 7
[13:15:16] Can't kekulize mol.  Unkekulized atoms: 3 4 5 6 7
[13:15:16] WARNING: not removing hydrogen atom without neighbors
[13:15:18] Explicit valence for atom # 3 Si, 8, is greater than permitted
[13:15:18] Can't kekulize mol.  Unkekulized atoms: 1 2 3 4 5
[13:15:18] Can't kekulize mol.  Unkekulized atoms: 3 4 5 6 7
[13:15:19] Can't kekulize mol.  Unkekulized atoms: 1 2 3 4 5
[13:15:19] WARNING: not removing hydrogen atom without neighbors
[13:15:20] Can't kekulize mol.  Unkekulized atoms: 1 2 3 4 5
[13:15:20] Explicit valence for atom # 6 O, 3, is greater than permitted
[13:15:20] Explicit valence for atom # 3 Si, 8, is greater than permitted
[13:15:20] Explicit valence for atom # 0 Cl, 2, is greater than permitted
[13:16:20] Can't kekulize mol.  Unkekulized atoms: 1 2 3 4 5
[13:16:20] Explicit valence for atom # 0 Cl, 2, is greater than permitted
[13:16:21] Can't kekulize mol.  Unkekulized atoms: 3 4 5 6 7
[13:16:21] Can't kekulize mol.  Unkekulized atoms: 3 4 5 6 7
[13:16:24] Can't kekulize mol.  Unkekulized atoms: 1 2 3 4 5
[13:16:24] Can't kekulize mol.  Unkekulized atoms: 3 4 5 6 7
[13:16:24] Can't kekulize mol.  Unkekulized atoms: 1 2 3 4 5
[13:16:24] WARNING: not removing hydrogen atom without neighbors
[13:16:25] Can't kekulize mol.  Unkekulized atoms: 1 2 3 4 5
[13:16:25] Explicit valence for atom # 6 O, 3, is greater than permitted
[13:16:25] Explicit valence for atom # 3 Si, 8, is greater than permitted
[13:16:25] Explicit valence for atom # 0 Cl, 2, is greater than permitted
[13:17:20] Can't kekulize mol.  Unkekulized atoms: 1 2 3 4 5
[13:17:21] Explicit valence for atom # 0 Cl, 2, is greater than permitted
[13:17:22] Can't kekulize mol.  Unkekulized atoms: 3 4 5 6 7
[13:17:22] Can't kekulize mol.  Unkekulized atoms: 3 4 5 6 7
[13:17:24] Can't kekulize mol.  Unkekulized atoms: 1 2 3 4 5
[13:17:24] Can't kekulize mol.  Unkekulized atoms: 3 4 5 6 7
[13:17:25] Can't kekulize mol.  Unkekulized atoms: 1 2 3 4 5
[13:17:25] WARNING: not removing hydrogen atom without neighbors
[13:17:26] Can't kekulize mol.  Unkekulized atoms: 1 2 3 4 5
[13:17:26] Explicit valence for atom # 6 O, 3, is greater than permitted
[13:17:26] Explicit valence for atom # 3 Si, 8, is greater than permitted
[13:17:26] Explicit valence for atom # 0 Cl, 2, is greater than permitted
[13:18:27] Can't kekulize mol.  Unkekulized atoms: 1 2 3 4 5
[13:18:27] Explicit valence for atom # 0 Cl, 2, is greater than permitted
[13:18:28] Can't kekulize mol.  Unkekulized atoms: 3 4 5 6 7
[13:18:28] Can't kekulize mol.  Unkekulized atoms: 3 4 5 6 7
[13:18:31] Can't kekulize mol.  Unkekulized atoms: 1 2 3 4 5
[13:18:31] Can't kekulize mol.  Unkekulized atoms: 3 4 5 6 7
[13:18:31] Can't kekulize mol.  Unkekulized atoms: 1 2 3 4 5
[13:18:31] WARNING: not removing hydrogen atom without neighbors
[13:18:32] Can't kekulize mol.  Unkekulized atoms: 1 2 3 4 5
[13:18:32] Explicit valence for atom # 6 O, 3, is greater than permitted
[13:18:32] Explicit valence for atom # 3 Si, 8, is greater than permitted
[13:18:32] Explicit valence for atom # 0 Cl, 2, is greater than permitted
[13:18:33] Can't kekulize mol.  Unkekulized atoms: 1 2 3 4 5
[13:18:33] Explicit valence for atom # 0 Cl, 2, is greater than permitted
[13:18:34] Can't kekulize mol.  Unkekulized atoms: 3 4 5 6 7
[13:18:34] Can't kekulize mol.  Unkekulized atoms: 3 4 5 6 7
[13:18:37] Can't kekulize mol.  Unkekulized atoms: 1 2 3 4 5
[13:18:37] Can't kekulize mol.  Unkekulized atoms: 3 4 5 6 7
[13:18:37] Can't kekulize mol.  Unkekulized atoms: 1 2 3 4 5
[13:18:37] WARNING: not removing hydrogen atom without neighbors
[13:18:38] Can't kekulize mol.  Unkekulized atoms: 1 2 3 4 5
[13:18:38] Explicit valence for atom # 6 O, 3, is greater than permitted
[13:18:38] Explicit valence for atom # 3 Si, 8, is greater than permitted
[13:18:38] Explicit valence for atom # 0 Cl, 2, is greater than permitted
