[1/4] Excel → CSV 변환 중...
[2/4] Pretraining on TOX21_ERa_BLA_Antagonist_ch1 using GIN...
Epoch 1/50 - Loss: 0.6094 - Val F1: 0.2222 - Val ROC-AUC: 0.7594 - Val PR-AUC: 0.1852
Epoch 2/50 - Loss: 0.5562 - Val F1: 0.2090 - Val ROC-AUC: 0.7759 - Val PR-AUC: 0.2215
Epoch 3/50 - Loss: 0.5447 - Val F1: 0.3173 - Val ROC-AUC: 0.8126 - Val PR-AUC: 0.2285
Epoch 4/50 - Loss: 0.5221 - Val F1: 0.2678 - Val ROC-AUC: 0.8053 - Val PR-AUC: 0.2416
Epoch 5/50 - Loss: 0.5012 - Val F1: 0.2724 - Val ROC-AUC: 0.8106 - Val PR-AUC: 0.2269
Epoch 6/50 - Loss: 0.4884 - Val F1: 0.3089 - Val ROC-AUC: 0.8277 - Val PR-AUC: 0.2594
Epoch 7/50 - Loss: 0.4625 - Val F1: 0.3191 - Val ROC-AUC: 0.8246 - Val PR-AUC: 0.2131
Epoch 8/50 - Loss: 0.4659 - Val F1: 0.1882 - Val ROC-AUC: 0.8118 - Val PR-AUC: 0.2109
Epoch 9/50 - Loss: 0.4438 - Val F1: 0.2254 - Val ROC-AUC: 0.8220 - Val PR-AUC: 0.2476
Epoch 10/50 - Loss: 0.4253 - Val F1: 0.2889 - Val ROC-AUC: 0.8151 - Val PR-AUC: 0.2029
Epoch 11/50 - Loss: 0.3846 - Val F1: 0.2904 - Val ROC-AUC: 0.8295 - Val PR-AUC: 0.2199
Epoch 12/50 - Loss: 0.3970 - Val F1: 0.2995 - Val ROC-AUC: 0.8133 - Val PR-AUC: 0.2077
Epoch 13/50 - Loss: 0.3796 - Val F1: 0.3089 - Val ROC-AUC: 0.8190 - Val PR-AUC: 0.2001
Epoch 14/50 - Loss: 0.3610 - Val F1: 0.2867 - Val ROC-AUC: 0.8205 - Val PR-AUC: 0.2137
Epoch 15/50 - Loss: 0.3763 - Val F1: 0.2346 - Val ROC-AUC: 0.7910 - Val PR-AUC: 0.1733
Epoch 16/50 - Loss: 0.3717 - Val F1: 0.2960 - Val ROC-AUC: 0.8323 - Val PR-AUC: 0.2225
Epoch 17/50 - Loss: 0.3486 - Val F1: 0.3404 - Val ROC-AUC: 0.8407 - Val PR-AUC: 0.2233
Epoch 18/50 - Loss: 0.3480 - Val F1: 0.2553 - Val ROC-AUC: 0.7907 - Val PR-AUC: 0.1855
Epoch 19/50 - Loss: 0.3458 - Val F1: 0.3038 - Val ROC-AUC: 0.8295 - Val PR-AUC: 0.2158
Epoch 20/50 - Loss: 0.3433 - Val F1: 0.3134 - Val ROC-AUC: 0.8347 - Val PR-AUC: 0.2391
Epoch 21/50 - Loss: 0.3176 - Val F1: 0.2900 - Val ROC-AUC: 0.8230 - Val PR-AUC: 0.2126
Epoch 22/50 - Loss: 0.3195 - Val F1: 0.3463 - Val ROC-AUC: 0.8330 - Val PR-AUC: 0.2275
Epoch 23/50 - Loss: 0.3009 - Val F1: 0.3167 - Val ROC-AUC: 0.8280 - Val PR-AUC: 0.2266
Epoch 24/50 - Loss: 0.3191 - Val F1: 0.2485 - Val ROC-AUC: 0.8011 - Val PR-AUC: 0.1956
Epoch 25/50 - Loss: 0.2907 - Val F1: 0.3303 - Val ROC-AUC: 0.8218 - Val PR-AUC: 0.2204
Epoch 26/50 - Loss: 0.3034 - Val F1: 0.3302 - Val ROC-AUC: 0.8358 - Val PR-AUC: 0.2332
Epoch 27/50 - Loss: 0.3008 - Val F1: 0.2192 - Val ROC-AUC: 0.8018 - Val PR-AUC: 0.1988
Epoch 28/50 - Loss: 0.2851 - Val F1: 0.2404 - Val ROC-AUC: 0.8026 - Val PR-AUC: 0.1947
Epoch 29/50 - Loss: 0.2801 - Val F1: 0.2553 - Val ROC-AUC: 0.8207 - Val PR-AUC: 0.2082
Epoch 30/50 - Loss: 0.2824 - Val F1: 0.2927 - Val ROC-AUC: 0.8107 - Val PR-AUC: 0.2066
Epoch 31/50 - Loss: 0.2658 - Val F1: 0.3046 - Val ROC-AUC: 0.8100 - Val PR-AUC: 0.2070
Epoch 32/50 - Loss: 0.2494 - Val F1: 0.3100 - Val ROC-AUC: 0.8135 - Val PR-AUC: 0.2169
Epoch 33/50 - Loss: 0.2511 - Val F1: 0.2723 - Val ROC-AUC: 0.8120 - Val PR-AUC: 0.2203
Epoch 34/50 - Loss: 0.2622 - Val F1: 0.2825 - Val ROC-AUC: 0.8140 - Val PR-AUC: 0.2146
Epoch 35/50 - Loss: 0.2610 - Val F1: 0.2829 - Val ROC-AUC: 0.8099 - Val PR-AUC: 0.2124
Epoch 36/50 - Loss: 0.2459 - Val F1: 0.3128 - Val ROC-AUC: 0.8263 - Val PR-AUC: 0.2271
Epoch 37/50 - Loss: 0.2436 - Val F1: 0.2952 - Val ROC-AUC: 0.8173 - Val PR-AUC: 0.2169
Epoch 38/50 - Loss: 0.2397 - Val F1: 0.2759 - Val ROC-AUC: 0.8243 - Val PR-AUC: 0.2193
Epoch 39/50 - Loss: 0.2391 - Val F1: 0.2826 - Val ROC-AUC: 0.8035 - Val PR-AUC: 0.1964
Epoch 40/50 - Loss: 0.2383 - Val F1: 0.2840 - Val ROC-AUC: 0.8078 - Val PR-AUC: 0.2148
Epoch 41/50 - Loss: 0.2339 - Val F1: 0.3000 - Val ROC-AUC: 0.8040 - Val PR-AUC: 0.2025
Epoch 42/50 - Loss: 0.2308 - Val F1: 0.2614 - Val ROC-AUC: 0.7989 - Val PR-AUC: 0.2014
Epoch 43/50 - Loss: 0.2224 - Val F1: 0.3046 - Val ROC-AUC: 0.8099 - Val PR-AUC: 0.2103
Epoch 44/50 - Loss: 0.2241 - Val F1: 0.2985 - Val ROC-AUC: 0.8112 - Val PR-AUC: 0.2177
Epoch 45/50 - Loss: 0.2304 - Val F1: 0.3171 - Val ROC-AUC: 0.8127 - Val PR-AUC: 0.2128
Epoch 46/50 - Loss: 0.2213 - Val F1: 0.3000 - Val ROC-AUC: 0.8102 - Val PR-AUC: 0.2172
Epoch 47/50 - Loss: 0.2220 - Val F1: 0.2796 - Val ROC-AUC: 0.8016 - Val PR-AUC: 0.2038
Epoch 48/50 - Loss: 0.2142 - Val F1: 0.2588 - Val ROC-AUC: 0.8022 - Val PR-AUC: 0.1979
Epoch 49/50 - Loss: 0.2273 - Val F1: 0.3179 - Val ROC-AUC: 0.8081 - Val PR-AUC: 0.2058
Epoch 50/50 - Loss: 0.2312 - Val F1: 0.2889 - Val ROC-AUC: 0.8012 - Val PR-AUC: 0.1961
Pretraining completed. Test F1: 0.2895, ROC-AUC: 0.8022, PR-AUC: 0.2386
[3/4] Finetuning on TOX21_ERb_BLA_Agonist_ch2 using GIN...
