[15:12:23] Can't kekulize mol.  Unkekulized atoms: 1 2 3 4 5
[15:12:23] Explicit valence for atom # 0 Cl, 2, is greater than permitted
[15:12:24] Can't kekulize mol.  Unkekulized atoms: 3 4 5 6 7
[15:12:25] Can't kekulize mol.  Unkekulized atoms: 3 4 5 6 7
[15:12:27] Can't kekulize mol.  Unkekulized atoms: 1 2 3 4 5
[15:12:27] Can't kekulize mol.  Unkekulized atoms: 3 4 5 6 7
[15:12:27] Can't kekulize mol.  Unkekulized atoms: 1 2 3 4 5
[15:12:28] WARNING: not removing hydrogen atom without neighbors
[15:12:28] Can't kekulize mol.  Unkekulized atoms: 1 2 3 4 5
[15:12:28] Explicit valence for atom # 6 O, 3, is greater than permitted
[15:12:28] Explicit valence for atom # 3 Si, 8, is greater than permitted
[15:12:28] Explicit valence for atom # 0 Cl, 2, is greater than permitted
[15:13:45] Can't kekulize mol.  Unkekulized atoms: 1 2 3 4 5
[15:13:46] Explicit valence for atom # 0 Cl, 2, is greater than permitted
[15:13:46] Can't kekulize mol.  Unkekulized atoms: 3 4 5 6 7
[15:13:47] Can't kekulize mol.  Unkekulized atoms: 3 4 5 6 7
[15:13:49] Can't kekulize mol.  Unkekulized atoms: 1 2 3 4 5
[15:13:49] Can't kekulize mol.  Unkekulized atoms: 3 4 5 6 7
[15:13:50] Can't kekulize mol.  Unkekulized atoms: 1 2 3 4 5
[15:13:50] WARNING: not removing hydrogen atom without neighbors
[15:13:50] Can't kekulize mol.  Unkekulized atoms: 1 2 3 4 5
[15:13:50] Explicit valence for atom # 6 O, 3, is greater than permitted
[15:13:50] Explicit valence for atom # 3 Si, 8, is greater than permitted
[15:13:51] Explicit valence for atom # 0 Cl, 2, is greater than permitted
[15:15:08] Can't kekulize mol.  Unkekulized atoms: 1 2 3 4 5
[15:15:08] Explicit valence for atom # 0 Cl, 2, is greater than permitted
[15:15:09] Can't kekulize mol.  Unkekulized atoms: 3 4 5 6 7
[15:15:09] Can't kekulize mol.  Unkekulized atoms: 3 4 5 6 7
[15:15:12] Can't kekulize mol.  Unkekulized atoms: 1 2 3 4 5
[15:15:12] Can't kekulize mol.  Unkekulized atoms: 3 4 5 6 7
[15:15:12] Can't kekulize mol.  Unkekulized atoms: 1 2 3 4 5
[15:15:13] WARNING: not removing hydrogen atom without neighbors
[15:15:13] Can't kekulize mol.  Unkekulized atoms: 1 2 3 4 5
[15:15:13] Explicit valence for atom # 6 O, 3, is greater than permitted
[15:15:13] Explicit valence for atom # 3 Si, 8, is greater than permitted
[15:15:13] Explicit valence for atom # 0 Cl, 2, is greater than permitted
[15:15:14] Can't kekulize mol.  Unkekulized atoms: 1 2 3 4 5
[15:15:14] Explicit valence for atom # 0 Cl, 2, is greater than permitted
[15:15:15] Can't kekulize mol.  Unkekulized atoms: 3 4 5 6 7
[15:15:16] Can't kekulize mol.  Unkekulized atoms: 3 4 5 6 7
[15:15:18] Can't kekulize mol.  Unkekulized atoms: 1 2 3 4 5
[15:15:18] Can't kekulize mol.  Unkekulized atoms: 3 4 5 6 7
[15:15:18] Can't kekulize mol.  Unkekulized atoms: 1 2 3 4 5
[15:15:18] WARNING: not removing hydrogen atom without neighbors
[15:15:19] Can't kekulize mol.  Unkekulized atoms: 1 2 3 4 5
[15:15:19] Explicit valence for atom # 6 O, 3, is greater than permitted
[15:15:19] Explicit valence for atom # 3 Si, 8, is greater than permitted
[15:15:20] Explicit valence for atom # 0 Cl, 2, is greater than permitted
