[2/4] Pretraining on Supplemental_Material_2_TrainingSet using GIN_GCN...
Epoch 1/50 - Loss: 0.6569 - Val F1: 0.2270 - Val ROC-AUC: 0.6887 - Val PR-AUC: 0.3545
Epoch 2/50 - Loss: 0.5904 - Val F1: 0.2667 - Val ROC-AUC: 0.7388 - Val PR-AUC: 0.4379
Epoch 3/50 - Loss: 0.5708 - Val F1: 0.4333 - Val ROC-AUC: 0.7438 - Val PR-AUC: 0.4512
Epoch 4/50 - Loss: 0.5337 - Val F1: 0.3107 - Val ROC-AUC: 0.7547 - Val PR-AUC: 0.5004
Epoch 5/50 - Loss: 0.5297 - Val F1: 0.4478 - Val ROC-AUC: 0.7631 - Val PR-AUC: 0.4738
Epoch 6/50 - Loss: 0.5659 - Val F1: 0.5500 - Val ROC-AUC: 0.7307 - Val PR-AUC: 0.4883
Epoch 7/50 - Loss: 0.5132 - Val F1: 0.4000 - Val ROC-AUC: 0.7593 - Val PR-AUC: 0.4562
Epoch 8/50 - Loss: 0.4916 - Val F1: 0.3733 - Val ROC-AUC: 0.7715 - Val PR-AUC: 0.4885
Epoch 9/50 - Loss: 0.5338 - Val F1: 0.5200 - Val ROC-AUC: 0.7730 - Val PR-AUC: 0.5251
Epoch 10/50 - Loss: 0.5150 - Val F1: 0.5306 - Val ROC-AUC: 0.7702 - Val PR-AUC: 0.5296
Epoch 11/50 - Loss: 0.4158 - Val F1: 0.5106 - Val ROC-AUC: 0.7425 - Val PR-AUC: 0.5062
Epoch 12/50 - Loss: 0.4480 - Val F1: 0.4643 - Val ROC-AUC: 0.7506 - Val PR-AUC: 0.4953
Epoch 13/50 - Loss: 0.4298 - Val F1: 0.3871 - Val ROC-AUC: 0.7478 - Val PR-AUC: 0.3745
Epoch 14/50 - Loss: 0.4511 - Val F1: 0.4483 - Val ROC-AUC: 0.7550 - Val PR-AUC: 0.5075
Epoch 15/50 - Loss: 0.4447 - Val F1: 0.3836 - Val ROC-AUC: 0.7531 - Val PR-AUC: 0.5013
Epoch 16/50 - Loss: 0.4269 - Val F1: 0.4643 - Val ROC-AUC: 0.7540 - Val PR-AUC: 0.4899
Epoch 17/50 - Loss: 0.4251 - Val F1: 0.3429 - Val ROC-AUC: 0.7453 - Val PR-AUC: 0.5017
Epoch 18/50 - Loss: 0.3867 - Val F1: 0.3256 - Val ROC-AUC: 0.7481 - Val PR-AUC: 0.4846
Epoch 19/50 - Loss: 0.3924 - Val F1: 0.4643 - Val ROC-AUC: 0.7276 - Val PR-AUC: 0.4377
Epoch 20/50 - Loss: 0.3812 - Val F1: 0.4194 - Val ROC-AUC: 0.7500 - Val PR-AUC: 0.4800
Epoch 21/50 - Loss: 0.3504 - Val F1: 0.4127 - Val ROC-AUC: 0.7516 - Val PR-AUC: 0.4764
Epoch 22/50 - Loss: 0.3186 - Val F1: 0.4127 - Val ROC-AUC: 0.7522 - Val PR-AUC: 0.4917
Epoch 23/50 - Loss: 0.3008 - Val F1: 0.3544 - Val ROC-AUC: 0.7544 - Val PR-AUC: 0.4649
Epoch 24/50 - Loss: 0.3408 - Val F1: 0.3768 - Val ROC-AUC: 0.7491 - Val PR-AUC: 0.5059
Epoch 25/50 - Loss: 0.3278 - Val F1: 0.4364 - Val ROC-AUC: 0.7310 - Val PR-AUC: 0.4528
Epoch 26/50 - Loss: 0.3623 - Val F1: 0.3636 - Val ROC-AUC: 0.7649 - Val PR-AUC: 0.4128
Epoch 27/50 - Loss: 0.3103 - Val F1: 0.4727 - Val ROC-AUC: 0.7248 - Val PR-AUC: 0.4601
Epoch 28/50 - Loss: 0.3041 - Val F1: 0.4211 - Val ROC-AUC: 0.7372 - Val PR-AUC: 0.4245
Epoch 29/50 - Loss: 0.3119 - Val F1: 0.3291 - Val ROC-AUC: 0.7245 - Val PR-AUC: 0.4334
Epoch 30/50 - Loss: 0.2804 - Val F1: 0.3662 - Val ROC-AUC: 0.7553 - Val PR-AUC: 0.4885
Epoch 31/50 - Loss: 0.2505 - Val F1: 0.4194 - Val ROC-AUC: 0.7313 - Val PR-AUC: 0.4745
Epoch 32/50 - Loss: 0.2738 - Val F1: 0.4561 - Val ROC-AUC: 0.7484 - Val PR-AUC: 0.4610
Epoch 33/50 - Loss: 0.2841 - Val F1: 0.4194 - Val ROC-AUC: 0.7416 - Val PR-AUC: 0.4821
Epoch 34/50 - Loss: 0.2506 - Val F1: 0.4407 - Val ROC-AUC: 0.7363 - Val PR-AUC: 0.5174
Epoch 35/50 - Loss: 0.2495 - Val F1: 0.4407 - Val ROC-AUC: 0.7562 - Val PR-AUC: 0.4856
Epoch 36/50 - Loss: 0.2561 - Val F1: 0.4375 - Val ROC-AUC: 0.7512 - Val PR-AUC: 0.4583
Epoch 37/50 - Loss: 0.2607 - Val F1: 0.3939 - Val ROC-AUC: 0.7494 - Val PR-AUC: 0.4656
Epoch 38/50 - Loss: 0.2633 - Val F1: 0.3810 - Val ROC-AUC: 0.7344 - Val PR-AUC: 0.4703
Epoch 39/50 - Loss: 0.2421 - Val F1: 0.4179 - Val ROC-AUC: 0.7540 - Val PR-AUC: 0.4778
Epoch 40/50 - Loss: 0.2701 - Val F1: 0.4706 - Val ROC-AUC: 0.7540 - Val PR-AUC: 0.4752
Epoch 41/50 - Loss: 0.2275 - Val F1: 0.4242 - Val ROC-AUC: 0.7578 - Val PR-AUC: 0.4901
Epoch 42/50 - Loss: 0.2377 - Val F1: 0.4561 - Val ROC-AUC: 0.7544 - Val PR-AUC: 0.4756
Epoch 43/50 - Loss: 0.2291 - Val F1: 0.4483 - Val ROC-AUC: 0.7522 - Val PR-AUC: 0.4952
Epoch 44/50 - Loss: 0.2312 - Val F1: 0.4262 - Val ROC-AUC: 0.7631 - Val PR-AUC: 0.4919
Epoch 45/50 - Loss: 0.2410 - Val F1: 0.4364 - Val ROC-AUC: 0.7497 - Val PR-AUC: 0.4795
Epoch 46/50 - Loss: 0.2216 - Val F1: 0.4407 - Val ROC-AUC: 0.7534 - Val PR-AUC: 0.4815
Epoch 47/50 - Loss: 0.2436 - Val F1: 0.4643 - Val ROC-AUC: 0.7677 - Val PR-AUC: 0.4479
Epoch 48/50 - Loss: 0.2306 - Val F1: 0.4561 - Val ROC-AUC: 0.7466 - Val PR-AUC: 0.4630
Epoch 49/50 - Loss: 0.2057 - Val F1: 0.4746 - Val ROC-AUC: 0.7659 - Val PR-AUC: 0.4590
Epoch 50/50 - Loss: 0.2000 - Val F1: 0.4828 - Val ROC-AUC: 0.7827 - Val PR-AUC: 0.4713
Pretraining completed. Test F1: 0.4848, ROC-AUC: 0.7077, PR-AUC: 0.4422
[3/4] Finetuning on TOX21_ERa_BLA_Agonist_ch2 using GIN_GCN...
[Fine-tune] Epoch 1/50 - Loss: 0.5524 - Val F1: 0.2160 - Val ROC-AUC: 0.7762 - Val PR-AUC: 0.1995
[Fine-tune] Epoch 2/50 - Loss: 0.4950 - Val F1: 0.2759 - Val ROC-AUC: 0.8393 - Val PR-AUC: 0.3233
[Fine-tune] Epoch 3/50 - Loss: 0.4510 - Val F1: 0.2512 - Val ROC-AUC: 0.8344 - Val PR-AUC: 0.3148
[Fine-tune] Epoch 4/50 - Loss: 0.4483 - Val F1: 0.2368 - Val ROC-AUC: 0.8384 - Val PR-AUC: 0.3222
[Fine-tune] Epoch 5/50 - Loss: 0.4222 - Val F1: 0.3333 - Val ROC-AUC: 0.8686 - Val PR-AUC: 0.3149
[Fine-tune] Epoch 6/50 - Loss: 0.4041 - Val F1: 0.2958 - Val ROC-AUC: 0.8332 - Val PR-AUC: 0.3342
[Fine-tune] Epoch 7/50 - Loss: 0.3633 - Val F1: 0.2715 - Val ROC-AUC: 0.8361 - Val PR-AUC: 0.3674
[Fine-tune] Epoch 8/50 - Loss: 0.3564 - Val F1: 0.3067 - Val ROC-AUC: 0.8649 - Val PR-AUC: 0.3666
[Fine-tune] Epoch 9/50 - Loss: 0.3236 - Val F1: 0.2673 - Val ROC-AUC: 0.8464 - Val PR-AUC: 0.3356
[Fine-tune] Epoch 10/50 - Loss: 0.3119 - Val F1: 0.2793 - Val ROC-AUC: 0.8700 - Val PR-AUC: 0.3608
[Fine-tune] Epoch 11/50 - Loss: 0.2555 - Val F1: 0.3309 - Val ROC-AUC: 0.8463 - Val PR-AUC: 0.3696
[Fine-tune] Epoch 12/50 - Loss: 0.2480 - Val F1: 0.3309 - Val ROC-AUC: 0.8541 - Val PR-AUC: 0.3496
[Fine-tune] Epoch 13/50 - Loss: 0.2318 - Val F1: 0.3309 - Val ROC-AUC: 0.8534 - Val PR-AUC: 0.3412
[Fine-tune] Epoch 14/50 - Loss: 0.2456 - Val F1: 0.2625 - Val ROC-AUC: 0.8390 - Val PR-AUC: 0.2922
[Fine-tune] Epoch 15/50 - Loss: 0.2255 - Val F1: 0.3220 - Val ROC-AUC: 0.8078 - Val PR-AUC: 0.2982
[Fine-tune] Epoch 16/50 - Loss: 0.2087 - Val F1: 0.2838 - Val ROC-AUC: 0.8284 - Val PR-AUC: 0.2829
[Fine-tune] Epoch 17/50 - Loss: 0.2040 - Val F1: 0.2720 - Val ROC-AUC: 0.8332 - Val PR-AUC: 0.2792
[Fine-tune] Epoch 18/50 - Loss: 0.2032 - Val F1: 0.2923 - Val ROC-AUC: 0.8533 - Val PR-AUC: 0.3311
[Fine-tune] Epoch 19/50 - Loss: 0.2006 - Val F1: 0.2920 - Val ROC-AUC: 0.8336 - Val PR-AUC: 0.3511
[Fine-tune] Epoch 20/50 - Loss: 0.1776 - Val F1: 0.2727 - Val ROC-AUC: 0.8244 - Val PR-AUC: 0.2795
[Fine-tune] Epoch 21/50 - Loss: 0.1425 - Val F1: 0.2769 - Val ROC-AUC: 0.8520 - Val PR-AUC: 0.3074
[Fine-tune] Epoch 22/50 - Loss: 0.1607 - Val F1: 0.2783 - Val ROC-AUC: 0.8465 - Val PR-AUC: 0.2834
[Fine-tune] Epoch 23/50 - Loss: 0.1432 - Val F1: 0.3303 - Val ROC-AUC: 0.8318 - Val PR-AUC: 0.3377
[Fine-tune] Epoch 24/50 - Loss: 0.1480 - Val F1: 0.3692 - Val ROC-AUC: 0.8665 - Val PR-AUC: 0.3377
[Fine-tune] Epoch 25/50 - Loss: 0.1396 - Val F1: 0.3248 - Val ROC-AUC: 0.8192 - Val PR-AUC: 0.3057
[Fine-tune] Epoch 26/50 - Loss: 0.1328 - Val F1: 0.3363 - Val ROC-AUC: 0.8359 - Val PR-AUC: 0.3212
[Fine-tune] Epoch 27/50 - Loss: 0.1298 - Val F1: 0.2679 - Val ROC-AUC: 0.8318 - Val PR-AUC: 0.2717
[Fine-tune] Epoch 28/50 - Loss: 0.1468 - Val F1: 0.2957 - Val ROC-AUC: 0.8276 - Val PR-AUC: 0.3261
[Fine-tune] Epoch 29/50 - Loss: 0.1250 - Val F1: 0.2991 - Val ROC-AUC: 0.8362 - Val PR-AUC: 0.3265
[Fine-tune] Epoch 30/50 - Loss: 0.1181 - Val F1: 0.3089 - Val ROC-AUC: 0.8427 - Val PR-AUC: 0.3307
[Fine-tune] Epoch 31/50 - Loss: 0.0992 - Val F1: 0.3168 - Val ROC-AUC: 0.8215 - Val PR-AUC: 0.3060
[Fine-tune] Epoch 32/50 - Loss: 0.1118 - Val F1: 0.2963 - Val ROC-AUC: 0.8224 - Val PR-AUC: 0.3146
[Fine-tune] Epoch 33/50 - Loss: 0.1043 - Val F1: 0.3019 - Val ROC-AUC: 0.8185 - Val PR-AUC: 0.2962
[Fine-tune] Epoch 34/50 - Loss: 0.0977 - Val F1: 0.3036 - Val ROC-AUC: 0.8198 - Val PR-AUC: 0.3308
[Fine-tune] Epoch 35/50 - Loss: 0.0939 - Val F1: 0.2857 - Val ROC-AUC: 0.8316 - Val PR-AUC: 0.2730
[Fine-tune] Epoch 36/50 - Loss: 0.0953 - Val F1: 0.2830 - Val ROC-AUC: 0.8253 - Val PR-AUC: 0.2877
[Fine-tune] Epoch 37/50 - Loss: 0.0964 - Val F1: 0.3137 - Val ROC-AUC: 0.8322 - Val PR-AUC: 0.2896
[Fine-tune] Epoch 38/50 - Loss: 0.0997 - Val F1: 0.3107 - Val ROC-AUC: 0.8172 - Val PR-AUC: 0.2857
[Fine-tune] Epoch 39/50 - Loss: 0.0948 - Val F1: 0.2970 - Val ROC-AUC: 0.8242 - Val PR-AUC: 0.3031
[Fine-tune] Epoch 40/50 - Loss: 0.0958 - Val F1: 0.2885 - Val ROC-AUC: 0.8092 - Val PR-AUC: 0.2665
[Fine-tune] Epoch 41/50 - Loss: 0.0965 - Val F1: 0.3168 - Val ROC-AUC: 0.8193 - Val PR-AUC: 0.2972
[Fine-tune] Epoch 42/50 - Loss: 0.0849 - Val F1: 0.3137 - Val ROC-AUC: 0.8172 - Val PR-AUC: 0.3104
[Fine-tune] Epoch 43/50 - Loss: 0.0892 - Val F1: 0.3048 - Val ROC-AUC: 0.8221 - Val PR-AUC: 0.2907
[Fine-tune] Epoch 44/50 - Loss: 0.0943 - Val F1: 0.3200 - Val ROC-AUC: 0.8159 - Val PR-AUC: 0.2789
[Fine-tune] Epoch 45/50 - Loss: 0.0956 - Val F1: 0.3265 - Val ROC-AUC: 0.8125 - Val PR-AUC: 0.3211
[Fine-tune] Epoch 46/50 - Loss: 0.0906 - Val F1: 0.3232 - Val ROC-AUC: 0.8174 - Val PR-AUC: 0.3224
[Fine-tune] Epoch 47/50 - Loss: 0.0757 - Val F1: 0.3107 - Val ROC-AUC: 0.8088 - Val PR-AUC: 0.2861
[Fine-tune] Epoch 48/50 - Loss: 0.0806 - Val F1: 0.3107 - Val ROC-AUC: 0.8210 - Val PR-AUC: 0.3220
[Fine-tune] Epoch 49/50 - Loss: 0.0846 - Val F1: 0.3265 - Val ROC-AUC: 0.8134 - Val PR-AUC: 0.2856
[Fine-tune] Epoch 50/50 - Loss: 0.0779 - Val F1: 0.3232 - Val ROC-AUC: 0.8128 - Val PR-AUC: 0.3142
Finetuning completed. Test F1: 0.2822, ROC-AUC: 0.7850, PR-AUC: 0.3016
[3.1/4] Target-only training on TOX21_ERa_BLA_Agonist_ch2 using GIN_GCN...
=== Target-only training ===
[Target-only] Epoch 1/50 – Loss: 0.5619  Val F1: 0.1975  ROC-AUC: 0.8093  PR-AUC: 0.3235
[Target-only] Epoch 2/50 – Loss: 0.4990  Val F1: 0.2213  ROC-AUC: 0.7861  PR-AUC: 0.2091
[Target-only] Epoch 3/50 – Loss: 0.5092  Val F1: 0.1913  ROC-AUC: 0.8528  PR-AUC: 0.3693
[Target-only] Epoch 4/50 – Loss: 0.4673  Val F1: 0.1741  ROC-AUC: 0.8239  PR-AUC: 0.3353
[Target-only] Epoch 5/50 – Loss: 0.4438  Val F1: 0.3519  ROC-AUC: 0.8353  PR-AUC: 0.3016
[Target-only] Epoch 6/50 – Loss: 0.4243  Val F1: 0.3488  ROC-AUC: 0.8491  PR-AUC: 0.2783
[Target-only] Epoch 7/50 – Loss: 0.4150  Val F1: 0.2600  ROC-AUC: 0.8267  PR-AUC: 0.2625
[Target-only] Epoch 8/50 – Loss: 0.3930  Val F1: 0.2510  ROC-AUC: 0.8620  PR-AUC: 0.3624
[Target-only] Epoch 9/50 – Loss: 0.3786  Val F1: 0.2477  ROC-AUC: 0.8421  PR-AUC: 0.3934
[Target-only] Epoch 10/50 – Loss: 0.3467  Val F1: 0.2755  ROC-AUC: 0.8323  PR-AUC: 0.2618
[Target-only] Epoch 11/50 – Loss: 0.3079  Val F1: 0.2623  ROC-AUC: 0.8236  PR-AUC: 0.2962
[Target-only] Epoch 12/50 – Loss: 0.3115  Val F1: 0.2857  ROC-AUC: 0.8288  PR-AUC: 0.3677
[Target-only] Epoch 13/50 – Loss: 0.2909  Val F1: 0.2907  ROC-AUC: 0.8524  PR-AUC: 0.3625
[Target-only] Epoch 14/50 – Loss: 0.2727  Val F1: 0.3311  ROC-AUC: 0.8520  PR-AUC: 0.3500
[Target-only] Epoch 15/50 – Loss: 0.2642  Val F1: 0.3429  ROC-AUC: 0.8371  PR-AUC: 0.3649
[Target-only] Epoch 16/50 – Loss: 0.2579  Val F1: 0.3200  ROC-AUC: 0.8128  PR-AUC: 0.3290
[Target-only] Epoch 17/50 – Loss: 0.2489  Val F1: 0.3026  ROC-AUC: 0.8249  PR-AUC: 0.3531
[Target-only] Epoch 18/50 – Loss: 0.2363  Val F1: 0.2597  ROC-AUC: 0.7974  PR-AUC: 0.2465
[Target-only] Epoch 19/50 – Loss: 0.2360  Val F1: 0.3556  ROC-AUC: 0.8557  PR-AUC: 0.3652
[Target-only] Epoch 20/50 – Loss: 0.2232  Val F1: 0.3190  ROC-AUC: 0.8320  PR-AUC: 0.3551
[Target-only] Epoch 21/50 – Loss: 0.2072  Val F1: 0.3239  ROC-AUC: 0.8277  PR-AUC: 0.3510
[Target-only] Epoch 22/50 – Loss: 0.1829  Val F1: 0.3014  ROC-AUC: 0.8256  PR-AUC: 0.3182
[Target-only] Epoch 23/50 – Loss: 0.1859  Val F1: 0.3151  ROC-AUC: 0.8237  PR-AUC: 0.3422
[Target-only] Epoch 24/50 – Loss: 0.1756  Val F1: 0.3206  ROC-AUC: 0.8451  PR-AUC: 0.3197
[Target-only] Epoch 25/50 – Loss: 0.1689  Val F1: 0.3404  ROC-AUC: 0.8201  PR-AUC: 0.2903
[Target-only] Epoch 26/50 – Loss: 0.1690  Val F1: 0.3411  ROC-AUC: 0.8200  PR-AUC: 0.3057
[Target-only] Epoch 27/50 – Loss: 0.1606  Val F1: 0.2800  ROC-AUC: 0.8255  PR-AUC: 0.2888
[Target-only] Epoch 28/50 – Loss: 0.1523  Val F1: 0.3307  ROC-AUC: 0.8312  PR-AUC: 0.3203
[Target-only] Epoch 29/50 – Loss: 0.1502  Val F1: 0.3360  ROC-AUC: 0.8313  PR-AUC: 0.3320
[Target-only] Epoch 30/50 – Loss: 0.1422  Val F1: 0.3333  ROC-AUC: 0.8370  PR-AUC: 0.3281
[Target-only] Epoch 31/50 – Loss: 0.1378  Val F1: 0.3281  ROC-AUC: 0.8328  PR-AUC: 0.3022
[Target-only] Epoch 32/50 – Loss: 0.1334  Val F1: 0.2975  ROC-AUC: 0.8323  PR-AUC: 0.3091
[Target-only] Epoch 33/50 – Loss: 0.1278  Val F1: 0.3423  ROC-AUC: 0.8267  PR-AUC: 0.3175
[Target-only] Epoch 34/50 – Loss: 0.1282  Val F1: 0.3443  ROC-AUC: 0.8361  PR-AUC: 0.3301
[Target-only] Epoch 35/50 – Loss: 0.1155  Val F1: 0.3248  ROC-AUC: 0.8362  PR-AUC: 0.2868
[Target-only] Epoch 36/50 – Loss: 0.1264  Val F1: 0.3438  ROC-AUC: 0.8439  PR-AUC: 0.3183
[Target-only] Epoch 37/50 – Loss: 0.1254  Val F1: 0.3248  ROC-AUC: 0.8204  PR-AUC: 0.3117
[Target-only] Epoch 38/50 – Loss: 0.1213  Val F1: 0.3333  ROC-AUC: 0.8231  PR-AUC: 0.3076
[Target-only] Epoch 39/50 – Loss: 0.1213  Val F1: 0.3636  ROC-AUC: 0.8360  PR-AUC: 0.3190
[Target-only] Epoch 40/50 – Loss: 0.1246  Val F1: 0.2992  ROC-AUC: 0.8195  PR-AUC: 0.3108
[Target-only] Epoch 41/50 – Loss: 0.1118  Val F1: 0.3036  ROC-AUC: 0.8274  PR-AUC: 0.3001
[Target-only] Epoch 42/50 – Loss: 0.0932  Val F1: 0.3220  ROC-AUC: 0.8264  PR-AUC: 0.3026
[Target-only] Epoch 43/50 – Loss: 0.1050  Val F1: 0.3051  ROC-AUC: 0.8234  PR-AUC: 0.3042
[Target-only] Epoch 44/50 – Loss: 0.1111  Val F1: 0.3429  ROC-AUC: 0.8213  PR-AUC: 0.3000
[Target-only] Epoch 45/50 – Loss: 0.1027  Val F1: 0.3214  ROC-AUC: 0.8324  PR-AUC: 0.3100
[Target-only] Epoch 46/50 – Loss: 0.1015  Val F1: 0.3419  ROC-AUC: 0.8391  PR-AUC: 0.3120
[Target-only] Epoch 47/50 – Loss: 0.1009  Val F1: 0.3529  ROC-AUC: 0.8307  PR-AUC: 0.2907
[Target-only] Epoch 48/50 – Loss: 0.0964  Val F1: 0.3419  ROC-AUC: 0.8277  PR-AUC: 0.2976
[Target-only] Epoch 49/50 – Loss: 0.1064  Val F1: 0.3448  ROC-AUC: 0.8324  PR-AUC: 0.3095
[Target-only] Epoch 50/50 – Loss: 0.1033  Val F1: 0.3333  ROC-AUC: 0.8267  PR-AUC: 0.2942
=== Target-only TEST performance ===
Test F1: 0.2556, ROC-AUC: 0.7701, PR-AUC: 0.2179
[4/4] Embedding 시각화 중...
✅ Embeddings 저장 완료: embeddings_Supplemental_Material_2_TrainingSet_TOX21_ERa_BLA_Agonist_ch2_GIN_GCN.png
✅ 실험 완료: Supplemental_Material_2_TrainingSet -> TOX21_ERa_BLA_Agonist_ch2 [GIN_GCN]
