[2/4] Pretraining on Supplemental_Material_2_TrainingSet using GIN_GCN...
Epoch 1/50 - Loss: 0.6405 - Val F1: 0.2804 - Val ROC-AUC: 0.6417 - Val PR-AUC: 0.2275
Epoch 2/50 - Loss: 0.5863 - Val F1: 0.2667 - Val ROC-AUC: 0.6582 - Val PR-AUC: 0.2844
Epoch 3/50 - Loss: 0.5746 - Val F1: 0.3750 - Val ROC-AUC: 0.7195 - Val PR-AUC: 0.5089
Epoch 4/50 - Loss: 0.5424 - Val F1: 0.5000 - Val ROC-AUC: 0.7263 - Val PR-AUC: 0.4979
Epoch 5/50 - Loss: 0.5339 - Val F1: 0.3297 - Val ROC-AUC: 0.7338 - Val PR-AUC: 0.4926
Epoch 6/50 - Loss: 0.5279 - Val F1: 0.3889 - Val ROC-AUC: 0.7407 - Val PR-AUC: 0.5088
Epoch 7/50 - Loss: 0.5434 - Val F1: 0.3944 - Val ROC-AUC: 0.7618 - Val PR-AUC: 0.4917
Epoch 8/50 - Loss: 0.5025 - Val F1: 0.4000 - Val ROC-AUC: 0.7456 - Val PR-AUC: 0.4114
Epoch 9/50 - Loss: 0.5215 - Val F1: 0.3582 - Val ROC-AUC: 0.7242 - Val PR-AUC: 0.4951
Epoch 10/50 - Loss: 0.4951 - Val F1: 0.3404 - Val ROC-AUC: 0.7045 - Val PR-AUC: 0.3170
Epoch 11/50 - Loss: 0.4958 - Val F1: 0.3457 - Val ROC-AUC: 0.7425 - Val PR-AUC: 0.5328
Epoch 12/50 - Loss: 0.4471 - Val F1: 0.4062 - Val ROC-AUC: 0.7360 - Val PR-AUC: 0.5083
Epoch 13/50 - Loss: 0.4377 - Val F1: 0.4000 - Val ROC-AUC: 0.7475 - Val PR-AUC: 0.5232
Epoch 14/50 - Loss: 0.4343 - Val F1: 0.4194 - Val ROC-AUC: 0.7500 - Val PR-AUC: 0.5277
Epoch 15/50 - Loss: 0.4347 - Val F1: 0.3704 - Val ROC-AUC: 0.7631 - Val PR-AUC: 0.5065
Epoch 16/50 - Loss: 0.4053 - Val F1: 0.4364 - Val ROC-AUC: 0.7425 - Val PR-AUC: 0.5009
Epoch 17/50 - Loss: 0.4168 - Val F1: 0.3750 - Val ROC-AUC: 0.7790 - Val PR-AUC: 0.5455
Epoch 18/50 - Loss: 0.4203 - Val F1: 0.3548 - Val ROC-AUC: 0.7375 - Val PR-AUC: 0.4329
Epoch 19/50 - Loss: 0.4228 - Val F1: 0.3692 - Val ROC-AUC: 0.7008 - Val PR-AUC: 0.4058
Epoch 20/50 - Loss: 0.4016 - Val F1: 0.3692 - Val ROC-AUC: 0.6986 - Val PR-AUC: 0.4454
Epoch 21/50 - Loss: 0.3630 - Val F1: 0.3768 - Val ROC-AUC: 0.7385 - Val PR-AUC: 0.4650
Epoch 22/50 - Loss: 0.3568 - Val F1: 0.3939 - Val ROC-AUC: 0.7525 - Val PR-AUC: 0.4659
Epoch 23/50 - Loss: 0.3251 - Val F1: 0.4000 - Val ROC-AUC: 0.7568 - Val PR-AUC: 0.4945
Epoch 24/50 - Loss: 0.3312 - Val F1: 0.4058 - Val ROC-AUC: 0.7463 - Val PR-AUC: 0.4651
Epoch 25/50 - Loss: 0.3380 - Val F1: 0.4194 - Val ROC-AUC: 0.7512 - Val PR-AUC: 0.5159
Epoch 26/50 - Loss: 0.3171 - Val F1: 0.3824 - Val ROC-AUC: 0.7705 - Val PR-AUC: 0.5233
Epoch 27/50 - Loss: 0.3418 - Val F1: 0.4118 - Val ROC-AUC: 0.7304 - Val PR-AUC: 0.4618
Epoch 28/50 - Loss: 0.3016 - Val F1: 0.4561 - Val ROC-AUC: 0.7463 - Val PR-AUC: 0.4807
Epoch 29/50 - Loss: 0.3182 - Val F1: 0.4110 - Val ROC-AUC: 0.7746 - Val PR-AUC: 0.4809
Epoch 30/50 - Loss: 0.3135 - Val F1: 0.3429 - Val ROC-AUC: 0.7375 - Val PR-AUC: 0.4560
Epoch 31/50 - Loss: 0.2738 - Val F1: 0.3939 - Val ROC-AUC: 0.7562 - Val PR-AUC: 0.4863
Epoch 32/50 - Loss: 0.2983 - Val F1: 0.3768 - Val ROC-AUC: 0.7472 - Val PR-AUC: 0.4623
Epoch 33/50 - Loss: 0.2515 - Val F1: 0.4262 - Val ROC-AUC: 0.7456 - Val PR-AUC: 0.4743
Epoch 34/50 - Loss: 0.2495 - Val F1: 0.4262 - Val ROC-AUC: 0.7295 - Val PR-AUC: 0.4532
Epoch 35/50 - Loss: 0.2761 - Val F1: 0.4828 - Val ROC-AUC: 0.7550 - Val PR-AUC: 0.5043
Epoch 36/50 - Loss: 0.2599 - Val F1: 0.4194 - Val ROC-AUC: 0.7341 - Val PR-AUC: 0.4419
Epoch 37/50 - Loss: 0.2596 - Val F1: 0.4727 - Val ROC-AUC: 0.7351 - Val PR-AUC: 0.4267
Epoch 38/50 - Loss: 0.2442 - Val F1: 0.4407 - Val ROC-AUC: 0.7419 - Val PR-AUC: 0.4677
Epoch 39/50 - Loss: 0.2672 - Val F1: 0.4000 - Val ROC-AUC: 0.7291 - Val PR-AUC: 0.4304
Epoch 40/50 - Loss: 0.2544 - Val F1: 0.5091 - Val ROC-AUC: 0.7310 - Val PR-AUC: 0.4713
Epoch 41/50 - Loss: 0.2400 - Val F1: 0.4127 - Val ROC-AUC: 0.7407 - Val PR-AUC: 0.4493
Epoch 42/50 - Loss: 0.2304 - Val F1: 0.4000 - Val ROC-AUC: 0.7251 - Val PR-AUC: 0.4435
Epoch 43/50 - Loss: 0.2513 - Val F1: 0.4286 - Val ROC-AUC: 0.7279 - Val PR-AUC: 0.4635
Epoch 44/50 - Loss: 0.2424 - Val F1: 0.4127 - Val ROC-AUC: 0.7400 - Val PR-AUC: 0.4547
Epoch 45/50 - Loss: 0.2134 - Val F1: 0.4561 - Val ROC-AUC: 0.7338 - Val PR-AUC: 0.4564
Epoch 46/50 - Loss: 0.2242 - Val F1: 0.4483 - Val ROC-AUC: 0.7357 - Val PR-AUC: 0.4338
Epoch 47/50 - Loss: 0.2057 - Val F1: 0.4561 - Val ROC-AUC: 0.7444 - Val PR-AUC: 0.4251
Epoch 48/50 - Loss: 0.1920 - Val F1: 0.4483 - Val ROC-AUC: 0.7341 - Val PR-AUC: 0.4531
Epoch 49/50 - Loss: 0.2020 - Val F1: 0.4127 - Val ROC-AUC: 0.7369 - Val PR-AUC: 0.4700
Epoch 50/50 - Loss: 0.2152 - Val F1: 0.4286 - Val ROC-AUC: 0.7332 - Val PR-AUC: 0.4330
Pretraining completed. Test F1: 0.2800, ROC-AUC: 0.7525, PR-AUC: 0.3766
[3/4] Finetuning on TOX21_ERa_LUC_VM7_Agonist_10nM_ICI182780 using GIN_GCN...
[Fine-tune] Epoch 1/50 - Loss: 0.3534 - Val F1: 0.1765 - Val ROC-AUC: 0.7913 - Val PR-AUC: 0.2237
[Fine-tune] Epoch 2/50 - Loss: 0.2795 - Val F1: 0.1957 - Val ROC-AUC: 0.8040 - Val PR-AUC: 0.2599
[Fine-tune] Epoch 3/50 - Loss: 0.2416 - Val F1: 0.2951 - Val ROC-AUC: 0.8012 - Val PR-AUC: 0.2451
[Fine-tune] Epoch 4/50 - Loss: 0.2083 - Val F1: 0.1923 - Val ROC-AUC: 0.7921 - Val PR-AUC: 0.1675
[Fine-tune] Epoch 5/50 - Loss: 0.1715 - Val F1: 0.2373 - Val ROC-AUC: 0.7785 - Val PR-AUC: 0.2407
[Fine-tune] Epoch 6/50 - Loss: 0.1538 - Val F1: 0.2963 - Val ROC-AUC: 0.7831 - Val PR-AUC: 0.4317
[Fine-tune] Epoch 7/50 - Loss: 0.1677 - Val F1: 0.2909 - Val ROC-AUC: 0.8089 - Val PR-AUC: 0.4243
[Fine-tune] Epoch 8/50 - Loss: 0.1151 - Val F1: 0.2857 - Val ROC-AUC: 0.7997 - Val PR-AUC: 0.4343
[Fine-tune] Epoch 9/50 - Loss: 0.1162 - Val F1: 0.2647 - Val ROC-AUC: 0.7745 - Val PR-AUC: 0.3333
[Fine-tune] Epoch 10/50 - Loss: 0.1112 - Val F1: 0.2462 - Val ROC-AUC: 0.7870 - Val PR-AUC: 0.4087
[Fine-tune] Epoch 11/50 - Loss: 0.0857 - Val F1: 0.3019 - Val ROC-AUC: 0.7834 - Val PR-AUC: 0.4688
[Fine-tune] Epoch 12/50 - Loss: 0.0721 - Val F1: 0.2759 - Val ROC-AUC: 0.8129 - Val PR-AUC: 0.3699
[Fine-tune] Epoch 13/50 - Loss: 0.0786 - Val F1: 0.3333 - Val ROC-AUC: 0.8013 - Val PR-AUC: 0.3100
[Fine-tune] Epoch 14/50 - Loss: 0.0707 - Val F1: 0.3137 - Val ROC-AUC: 0.8021 - Val PR-AUC: 0.2817
[Fine-tune] Epoch 15/50 - Loss: 0.0843 - Val F1: 0.2609 - Val ROC-AUC: 0.7704 - Val PR-AUC: 0.3101
[Fine-tune] Epoch 16/50 - Loss: 0.0739 - Val F1: 0.2609 - Val ROC-AUC: 0.8066 - Val PR-AUC: 0.2513
[Fine-tune] Epoch 17/50 - Loss: 0.0747 - Val F1: 0.3182 - Val ROC-AUC: 0.8262 - Val PR-AUC: 0.2446
[Fine-tune] Epoch 18/50 - Loss: 0.0561 - Val F1: 0.2667 - Val ROC-AUC: 0.8099 - Val PR-AUC: 0.2492
[Fine-tune] Epoch 19/50 - Loss: 0.0699 - Val F1: 0.2917 - Val ROC-AUC: 0.7750 - Val PR-AUC: 0.2913
[Fine-tune] Epoch 20/50 - Loss: 0.0485 - Val F1: 0.2857 - Val ROC-AUC: 0.7898 - Val PR-AUC: 0.3048
[Fine-tune] Epoch 21/50 - Loss: 0.0480 - Val F1: 0.2791 - Val ROC-AUC: 0.7899 - Val PR-AUC: 0.2440
[Fine-tune] Epoch 22/50 - Loss: 0.0482 - Val F1: 0.2927 - Val ROC-AUC: 0.7883 - Val PR-AUC: 0.2143
[Fine-tune] Epoch 23/50 - Loss: 0.0542 - Val F1: 0.2791 - Val ROC-AUC: 0.8020 - Val PR-AUC: 0.2586
[Fine-tune] Epoch 24/50 - Loss: 0.0401 - Val F1: 0.2727 - Val ROC-AUC: 0.7965 - Val PR-AUC: 0.2925
[Fine-tune] Epoch 25/50 - Loss: 0.0360 - Val F1: 0.2727 - Val ROC-AUC: 0.7857 - Val PR-AUC: 0.2510
[Fine-tune] Epoch 26/50 - Loss: 0.0432 - Val F1: 0.2791 - Val ROC-AUC: 0.8108 - Val PR-AUC: 0.2752
[Fine-tune] Epoch 27/50 - Loss: 0.0488 - Val F1: 0.3500 - Val ROC-AUC: 0.7946 - Val PR-AUC: 0.3347
[Fine-tune] Epoch 28/50 - Loss: 0.0266 - Val F1: 0.3636 - Val ROC-AUC: 0.8102 - Val PR-AUC: 0.3012
[Fine-tune] Epoch 29/50 - Loss: 0.0355 - Val F1: 0.3256 - Val ROC-AUC: 0.8014 - Val PR-AUC: 0.3030
[Fine-tune] Epoch 30/50 - Loss: 0.0387 - Val F1: 0.3684 - Val ROC-AUC: 0.7834 - Val PR-AUC: 0.2650
[Fine-tune] Epoch 31/50 - Loss: 0.0274 - Val F1: 0.2927 - Val ROC-AUC: 0.7996 - Val PR-AUC: 0.2299
[Fine-tune] Epoch 32/50 - Loss: 0.0283 - Val F1: 0.3077 - Val ROC-AUC: 0.8098 - Val PR-AUC: 0.2804
[Fine-tune] Epoch 33/50 - Loss: 0.0326 - Val F1: 0.3333 - Val ROC-AUC: 0.7941 - Val PR-AUC: 0.2911
[Fine-tune] Epoch 34/50 - Loss: 0.0381 - Val F1: 0.3889 - Val ROC-AUC: 0.8083 - Val PR-AUC: 0.3181
[Fine-tune] Epoch 35/50 - Loss: 0.0248 - Val F1: 0.3158 - Val ROC-AUC: 0.7895 - Val PR-AUC: 0.2840
[Fine-tune] Epoch 36/50 - Loss: 0.0310 - Val F1: 0.3429 - Val ROC-AUC: 0.8070 - Val PR-AUC: 0.2622
[Fine-tune] Epoch 37/50 - Loss: 0.0255 - Val F1: 0.3256 - Val ROC-AUC: 0.7929 - Val PR-AUC: 0.3116
[Fine-tune] Epoch 38/50 - Loss: 0.0253 - Val F1: 0.3429 - Val ROC-AUC: 0.7862 - Val PR-AUC: 0.2591
[Fine-tune] Epoch 39/50 - Loss: 0.0248 - Val F1: 0.3684 - Val ROC-AUC: 0.7886 - Val PR-AUC: 0.2972
[Fine-tune] Epoch 40/50 - Loss: 0.0252 - Val F1: 0.3077 - Val ROC-AUC: 0.8071 - Val PR-AUC: 0.2652
[Fine-tune] Epoch 41/50 - Loss: 0.0205 - Val F1: 0.3590 - Val ROC-AUC: 0.8058 - Val PR-AUC: 0.2942
[Fine-tune] Epoch 42/50 - Loss: 0.0269 - Val F1: 0.3529 - Val ROC-AUC: 0.7954 - Val PR-AUC: 0.2588
[Fine-tune] Epoch 43/50 - Loss: 0.0238 - Val F1: 0.3243 - Val ROC-AUC: 0.7925 - Val PR-AUC: 0.2822
[Fine-tune] Epoch 44/50 - Loss: 0.0166 - Val F1: 0.3429 - Val ROC-AUC: 0.7905 - Val PR-AUC: 0.2576
[Fine-tune] Epoch 45/50 - Loss: 0.0195 - Val F1: 0.3243 - Val ROC-AUC: 0.7932 - Val PR-AUC: 0.2746
[Fine-tune] Epoch 46/50 - Loss: 0.0307 - Val F1: 0.3636 - Val ROC-AUC: 0.7925 - Val PR-AUC: 0.2596
[Fine-tune] Epoch 47/50 - Loss: 0.0204 - Val F1: 0.3429 - Val ROC-AUC: 0.7961 - Val PR-AUC: 0.2947
[Fine-tune] Epoch 48/50 - Loss: 0.0221 - Val F1: 0.3429 - Val ROC-AUC: 0.8080 - Val PR-AUC: 0.2913
[Fine-tune] Epoch 49/50 - Loss: 0.0209 - Val F1: 0.3636 - Val ROC-AUC: 0.8149 - Val PR-AUC: 0.3041
[Fine-tune] Epoch 50/50 - Loss: 0.0238 - Val F1: 0.3871 - Val ROC-AUC: 0.7982 - Val PR-AUC: 0.2731
Finetuning completed. Test F1: 0.4186, ROC-AUC: 0.8867, PR-AUC: 0.2478
[3.1/4] Target-only training on TOX21_ERa_LUC_VM7_Agonist_10nM_ICI182780 using GIN_GCN...
=== Target-only training ===
[Target-only] Epoch 1/50 – Loss: 0.3944  Val F1: 0.2308  ROC-AUC: 0.8197  PR-AUC: 0.2254
[Target-only] Epoch 2/50 – Loss: 0.2833  Val F1: 0.2368  ROC-AUC: 0.8670  PR-AUC: 0.2482
[Target-only] Epoch 3/50 – Loss: 0.2661  Val F1: 0.1463  ROC-AUC: 0.8341  PR-AUC: 0.3224
[Target-only] Epoch 4/50 – Loss: 0.2204  Val F1: 0.3158  ROC-AUC: 0.8293  PR-AUC: 0.3263
[Target-only] Epoch 5/50 – Loss: 0.2012  Val F1: 0.2759  ROC-AUC: 0.8088  PR-AUC: 0.3696
[Target-only] Epoch 6/50 – Loss: 0.1818  Val F1: 0.2466  ROC-AUC: 0.7774  PR-AUC: 0.2752
[Target-only] Epoch 7/50 – Loss: 0.1842  Val F1: 0.2812  ROC-AUC: 0.8299  PR-AUC: 0.4076
[Target-only] Epoch 8/50 – Loss: 0.1533  Val F1: 0.2338  ROC-AUC: 0.7735  PR-AUC: 0.3311
[Target-only] Epoch 9/50 – Loss: 0.1307  Val F1: 0.3137  ROC-AUC: 0.8036  PR-AUC: 0.3150
[Target-only] Epoch 10/50 – Loss: 0.1496  Val F1: 0.2169  ROC-AUC: 0.7936  PR-AUC: 0.3060
[Target-only] Epoch 11/50 – Loss: 0.1006  Val F1: 0.3333  ROC-AUC: 0.7981  PR-AUC: 0.3881
[Target-only] Epoch 12/50 – Loss: 0.0894  Val F1: 0.3019  ROC-AUC: 0.7873  PR-AUC: 0.2888
[Target-only] Epoch 13/50 – Loss: 0.1032  Val F1: 0.2759  ROC-AUC: 0.8016  PR-AUC: 0.3038
[Target-only] Epoch 14/50 – Loss: 0.0836  Val F1: 0.2571  ROC-AUC: 0.7845  PR-AUC: 0.3689
[Target-only] Epoch 15/50 – Loss: 0.0941  Val F1: 0.2545  ROC-AUC: 0.7931  PR-AUC: 0.2472
[Target-only] Epoch 16/50 – Loss: 0.0882  Val F1: 0.3019  ROC-AUC: 0.7819  PR-AUC: 0.2826
[Target-only] Epoch 17/50 – Loss: 0.0759  Val F1: 0.2917  ROC-AUC: 0.8190  PR-AUC: 0.2888
[Target-only] Epoch 18/50 – Loss: 0.0728  Val F1: 0.3684  ROC-AUC: 0.8117  PR-AUC: 0.3206
[Target-only] Epoch 19/50 – Loss: 0.0620  Val F1: 0.3256  ROC-AUC: 0.7348  PR-AUC: 0.2420
[Target-only] Epoch 20/50 – Loss: 0.0703  Val F1: 0.3111  ROC-AUC: 0.7716  PR-AUC: 0.2693
[Target-only] Epoch 21/50 – Loss: 0.0515  Val F1: 0.3415  ROC-AUC: 0.7672  PR-AUC: 0.2482
[Target-only] Epoch 22/50 – Loss: 0.0465  Val F1: 0.3243  ROC-AUC: 0.7692  PR-AUC: 0.2736
[Target-only] Epoch 23/50 – Loss: 0.0483  Val F1: 0.3000  ROC-AUC: 0.7788  PR-AUC: 0.2511
[Target-only] Epoch 24/50 – Loss: 0.0414  Val F1: 0.3182  ROC-AUC: 0.7545  PR-AUC: 0.3634
[Target-only] Epoch 25/50 – Loss: 0.0393  Val F1: 0.3590  ROC-AUC: 0.7709  PR-AUC: 0.3207
[Target-only] Epoch 26/50 – Loss: 0.0419  Val F1: 0.2927  ROC-AUC: 0.7608  PR-AUC: 0.3121
[Target-only] Epoch 27/50 – Loss: 0.0447  Val F1: 0.2791  ROC-AUC: 0.7805  PR-AUC: 0.2578
[Target-only] Epoch 28/50 – Loss: 0.0461  Val F1: 0.2857  ROC-AUC: 0.7899  PR-AUC: 0.2992
[Target-only] Epoch 29/50 – Loss: 0.0372  Val F1: 0.3111  ROC-AUC: 0.7880  PR-AUC: 0.3156
[Target-only] Epoch 30/50 – Loss: 0.0311  Val F1: 0.2703  ROC-AUC: 0.7747  PR-AUC: 0.2221
[Target-only] Epoch 31/50 – Loss: 0.0285  Val F1: 0.3429  ROC-AUC: 0.7897  PR-AUC: 0.2762
[Target-only] Epoch 32/50 – Loss: 0.0341  Val F1: 0.3077  ROC-AUC: 0.7943  PR-AUC: 0.2903
[Target-only] Epoch 33/50 – Loss: 0.0320  Val F1: 0.3871  ROC-AUC: 0.7987  PR-AUC: 0.2718
[Target-only] Epoch 34/50 – Loss: 0.0295  Val F1: 0.3429  ROC-AUC: 0.7947  PR-AUC: 0.3559
[Target-only] Epoch 35/50 – Loss: 0.0224  Val F1: 0.3636  ROC-AUC: 0.8031  PR-AUC: 0.3334
[Target-only] Epoch 36/50 – Loss: 0.0299  Val F1: 0.3529  ROC-AUC: 0.7657  PR-AUC: 0.3121
[Target-only] Epoch 37/50 – Loss: 0.0305  Val F1: 0.3243  ROC-AUC: 0.7804  PR-AUC: 0.3202
[Target-only] Epoch 38/50 – Loss: 0.0350  Val F1: 0.3158  ROC-AUC: 0.7933  PR-AUC: 0.2593
[Target-only] Epoch 39/50 – Loss: 0.0261  Val F1: 0.3158  ROC-AUC: 0.7975  PR-AUC: 0.2805
[Target-only] Epoch 40/50 – Loss: 0.0262  Val F1: 0.3333  ROC-AUC: 0.7898  PR-AUC: 0.3780
[Target-only] Epoch 41/50 – Loss: 0.0175  Val F1: 0.3333  ROC-AUC: 0.7864  PR-AUC: 0.3901
[Target-only] Epoch 42/50 – Loss: 0.0197  Val F1: 0.3333  ROC-AUC: 0.7885  PR-AUC: 0.3234
[Target-only] Epoch 43/50 – Loss: 0.0165  Val F1: 0.3333  ROC-AUC: 0.7974  PR-AUC: 0.2842
[Target-only] Epoch 44/50 – Loss: 0.0141  Val F1: 0.3750  ROC-AUC: 0.7832  PR-AUC: 0.3360
[Target-only] Epoch 45/50 – Loss: 0.0182  Val F1: 0.3871  ROC-AUC: 0.7831  PR-AUC: 0.2955
[Target-only] Epoch 46/50 – Loss: 0.0167  Val F1: 0.3529  ROC-AUC: 0.8055  PR-AUC: 0.3644
[Target-only] Epoch 47/50 – Loss: 0.0211  Val F1: 0.3636  ROC-AUC: 0.8150  PR-AUC: 0.3404
[Target-only] Epoch 48/50 – Loss: 0.0191  Val F1: 0.3529  ROC-AUC: 0.8201  PR-AUC: 0.3465
[Target-only] Epoch 49/50 – Loss: 0.0225  Val F1: 0.3871  ROC-AUC: 0.8146  PR-AUC: 0.3569
[Target-only] Epoch 50/50 – Loss: 0.0157  Val F1: 0.3750  ROC-AUC: 0.8281  PR-AUC: 0.3662
=== Target-only TEST performance ===
Test F1: 0.3404, ROC-AUC: 0.8683, PR-AUC: 0.2181
[4/4] Embedding 시각화 중...
✅ Embeddings 저장 완료: embeddings_Supplemental_Material_2_TrainingSet_TOX21_ERa_LUC_VM7_Agonist_10nM_ICI182780_GIN_GCN.png
✅ 실험 완료: Supplemental_Material_2_TrainingSet -> TOX21_ERa_LUC_VM7_Agonist_10nM_ICI182780 [GIN_GCN]
