[1/4] Excel → CSV 변환 중...
[2/4] Pretraining on TOX21_ERa_LUC_VM7_Antagonist_0.5nM_E2_viability using GIN...
Epoch 1/50 - Loss: 0.6177 - Val F1: 0.2034 - Val ROC-AUC: 0.6996 - Val PR-AUC: 0.1352
Epoch 2/50 - Loss: 0.5409 - Val F1: 0.2637 - Val ROC-AUC: 0.7845 - Val PR-AUC: 0.2273
Epoch 3/50 - Loss: 0.5113 - Val F1: 0.2977 - Val ROC-AUC: 0.8104 - Val PR-AUC: 0.2948
Epoch 4/50 - Loss: 0.4672 - Val F1: 0.2662 - Val ROC-AUC: 0.8182 - Val PR-AUC: 0.3171
Epoch 5/50 - Loss: 0.4472 - Val F1: 0.2478 - Val ROC-AUC: 0.7783 - Val PR-AUC: 0.1757
Epoch 6/50 - Loss: 0.4382 - Val F1: 0.3348 - Val ROC-AUC: 0.8159 - Val PR-AUC: 0.3576
Epoch 7/50 - Loss: 0.4252 - Val F1: 0.3055 - Val ROC-AUC: 0.8511 - Val PR-AUC: 0.3363
Epoch 8/50 - Loss: 0.4197 - Val F1: 0.3511 - Val ROC-AUC: 0.8264 - Val PR-AUC: 0.3135
Epoch 9/50 - Loss: 0.4073 - Val F1: 0.3264 - Val ROC-AUC: 0.8427 - Val PR-AUC: 0.3379
Epoch 10/50 - Loss: 0.3975 - Val F1: 0.3258 - Val ROC-AUC: 0.8099 - Val PR-AUC: 0.2761
Epoch 11/50 - Loss: 0.3654 - Val F1: 0.3731 - Val ROC-AUC: 0.8381 - Val PR-AUC: 0.3198
Epoch 12/50 - Loss: 0.3464 - Val F1: 0.3673 - Val ROC-AUC: 0.8492 - Val PR-AUC: 0.3472
Epoch 13/50 - Loss: 0.3481 - Val F1: 0.3627 - Val ROC-AUC: 0.8571 - Val PR-AUC: 0.3131
Epoch 14/50 - Loss: 0.3498 - Val F1: 0.3628 - Val ROC-AUC: 0.8631 - Val PR-AUC: 0.3717
Epoch 15/50 - Loss: 0.3314 - Val F1: 0.3373 - Val ROC-AUC: 0.8488 - Val PR-AUC: 0.3417
Epoch 16/50 - Loss: 0.3304 - Val F1: 0.3565 - Val ROC-AUC: 0.8575 - Val PR-AUC: 0.3310
Epoch 17/50 - Loss: 0.3217 - Val F1: 0.3101 - Val ROC-AUC: 0.8318 - Val PR-AUC: 0.3019
Epoch 18/50 - Loss: 0.3206 - Val F1: 0.3302 - Val ROC-AUC: 0.8310 - Val PR-AUC: 0.2996
Epoch 19/50 - Loss: 0.3128 - Val F1: 0.3333 - Val ROC-AUC: 0.8437 - Val PR-AUC: 0.3382
Epoch 20/50 - Loss: 0.3064 - Val F1: 0.3426 - Val ROC-AUC: 0.8430 - Val PR-AUC: 0.3192
Epoch 21/50 - Loss: 0.2729 - Val F1: 0.3679 - Val ROC-AUC: 0.8363 - Val PR-AUC: 0.3227
Epoch 22/50 - Loss: 0.2796 - Val F1: 0.3507 - Val ROC-AUC: 0.8406 - Val PR-AUC: 0.3537
Epoch 23/50 - Loss: 0.2622 - Val F1: 0.3626 - Val ROC-AUC: 0.8410 - Val PR-AUC: 0.3606
Epoch 24/50 - Loss: 0.2678 - Val F1: 0.3455 - Val ROC-AUC: 0.8425 - Val PR-AUC: 0.3231
Epoch 25/50 - Loss: 0.2670 - Val F1: 0.3611 - Val ROC-AUC: 0.8405 - Val PR-AUC: 0.3560
Epoch 26/50 - Loss: 0.2679 - Val F1: 0.3462 - Val ROC-AUC: 0.8402 - Val PR-AUC: 0.3338
Epoch 27/50 - Loss: 0.2726 - Val F1: 0.3770 - Val ROC-AUC: 0.8456 - Val PR-AUC: 0.3638
Epoch 28/50 - Loss: 0.2613 - Val F1: 0.3618 - Val ROC-AUC: 0.8357 - Val PR-AUC: 0.3265
Epoch 29/50 - Loss: 0.2516 - Val F1: 0.3687 - Val ROC-AUC: 0.8395 - Val PR-AUC: 0.3255
Epoch 30/50 - Loss: 0.2322 - Val F1: 0.3486 - Val ROC-AUC: 0.8326 - Val PR-AUC: 0.3248
Epoch 31/50 - Loss: 0.2222 - Val F1: 0.3598 - Val ROC-AUC: 0.8353 - Val PR-AUC: 0.3393
Epoch 32/50 - Loss: 0.2167 - Val F1: 0.3682 - Val ROC-AUC: 0.8427 - Val PR-AUC: 0.3458
Epoch 33/50 - Loss: 0.2322 - Val F1: 0.3316 - Val ROC-AUC: 0.8369 - Val PR-AUC: 0.3476
Epoch 34/50 - Loss: 0.2253 - Val F1: 0.3459 - Val ROC-AUC: 0.8341 - Val PR-AUC: 0.3524
Epoch 35/50 - Loss: 0.2205 - Val F1: 0.3610 - Val ROC-AUC: 0.8379 - Val PR-AUC: 0.3411
Epoch 36/50 - Loss: 0.2203 - Val F1: 0.3716 - Val ROC-AUC: 0.8355 - Val PR-AUC: 0.3273
Epoch 37/50 - Loss: 0.2198 - Val F1: 0.3556 - Val ROC-AUC: 0.8362 - Val PR-AUC: 0.3299
Epoch 38/50 - Loss: 0.2029 - Val F1: 0.3778 - Val ROC-AUC: 0.8418 - Val PR-AUC: 0.3567
Epoch 39/50 - Loss: 0.1930 - Val F1: 0.3523 - Val ROC-AUC: 0.8305 - Val PR-AUC: 0.3629
Epoch 40/50 - Loss: 0.2093 - Val F1: 0.3646 - Val ROC-AUC: 0.8388 - Val PR-AUC: 0.3477
Epoch 41/50 - Loss: 0.2007 - Val F1: 0.3729 - Val ROC-AUC: 0.8356 - Val PR-AUC: 0.3630
Epoch 42/50 - Loss: 0.1917 - Val F1: 0.3536 - Val ROC-AUC: 0.8335 - Val PR-AUC: 0.3497
Epoch 43/50 - Loss: 0.1965 - Val F1: 0.3646 - Val ROC-AUC: 0.8318 - Val PR-AUC: 0.3673
Epoch 44/50 - Loss: 0.1996 - Val F1: 0.3616 - Val ROC-AUC: 0.8380 - Val PR-AUC: 0.3764
Epoch 45/50 - Loss: 0.1978 - Val F1: 0.3596 - Val ROC-AUC: 0.8308 - Val PR-AUC: 0.3614
Epoch 46/50 - Loss: 0.1879 - Val F1: 0.3750 - Val ROC-AUC: 0.8338 - Val PR-AUC: 0.3693
Epoch 47/50 - Loss: 0.1903 - Val F1: 0.3743 - Val ROC-AUC: 0.8357 - Val PR-AUC: 0.3607
Epoch 48/50 - Loss: 0.1994 - Val F1: 0.3799 - Val ROC-AUC: 0.8387 - Val PR-AUC: 0.3745
Epoch 49/50 - Loss: 0.1992 - Val F1: 0.3830 - Val ROC-AUC: 0.8366 - Val PR-AUC: 0.3607
Epoch 50/50 - Loss: 0.1901 - Val F1: 0.3580 - Val ROC-AUC: 0.8376 - Val PR-AUC: 0.3723
Pretraining completed. Test F1: 0.4246, ROC-AUC: 0.8656, PR-AUC: 0.3569
[3/4] Finetuning on TOX21_ERa_BLA_Agonist_ch2 using GIN...
[Fine-tune] Epoch 1/50 - Loss: 0.5268 - Val F1: 0.2583 - Val ROC-AUC: 0.8651 - Val PR-AUC: 0.3255
[Fine-tune] Epoch 2/50 - Loss: 0.4227 - Val F1: 0.2634 - Val ROC-AUC: 0.8668 - Val PR-AUC: 0.3583
[Fine-tune] Epoch 3/50 - Loss: 0.3918 - Val F1: 0.2575 - Val ROC-AUC: 0.8650 - Val PR-AUC: 0.3263
[Fine-tune] Epoch 4/50 - Loss: 0.3580 - Val F1: 0.3230 - Val ROC-AUC: 0.8712 - Val PR-AUC: 0.3093
[Fine-tune] Epoch 5/50 - Loss: 0.3480 - Val F1: 0.3187 - Val ROC-AUC: 0.8676 - Val PR-AUC: 0.3784
[Fine-tune] Epoch 6/50 - Loss: 0.3371 - Val F1: 0.3146 - Val ROC-AUC: 0.8852 - Val PR-AUC: 0.4292
[Fine-tune] Epoch 7/50 - Loss: 0.2951 - Val F1: 0.3125 - Val ROC-AUC: 0.8537 - Val PR-AUC: 0.3170
[Fine-tune] Epoch 8/50 - Loss: 0.2904 - Val F1: 0.3788 - Val ROC-AUC: 0.8698 - Val PR-AUC: 0.4045
[Fine-tune] Epoch 9/50 - Loss: 0.2669 - Val F1: 0.3270 - Val ROC-AUC: 0.8662 - Val PR-AUC: 0.3417
[Fine-tune] Epoch 10/50 - Loss: 0.2499 - Val F1: 0.3204 - Val ROC-AUC: 0.8798 - Val PR-AUC: 0.3818
[Fine-tune] Epoch 11/50 - Loss: 0.2136 - Val F1: 0.3490 - Val ROC-AUC: 0.8744 - Val PR-AUC: 0.3566
[Fine-tune] Epoch 12/50 - Loss: 0.2002 - Val F1: 0.3607 - Val ROC-AUC: 0.8717 - Val PR-AUC: 0.3594
[Fine-tune] Epoch 13/50 - Loss: 0.1997 - Val F1: 0.3188 - Val ROC-AUC: 0.8744 - Val PR-AUC: 0.3608
[Fine-tune] Epoch 14/50 - Loss: 0.1700 - Val F1: 0.3235 - Val ROC-AUC: 0.8541 - Val PR-AUC: 0.3507
[Fine-tune] Epoch 15/50 - Loss: 0.1796 - Val F1: 0.3097 - Val ROC-AUC: 0.8542 - Val PR-AUC: 0.3287
[Fine-tune] Epoch 16/50 - Loss: 0.1882 - Val F1: 0.3034 - Val ROC-AUC: 0.8685 - Val PR-AUC: 0.3815
[Fine-tune] Epoch 17/50 - Loss: 0.1733 - Val F1: 0.3150 - Val ROC-AUC: 0.8587 - Val PR-AUC: 0.3257
[Fine-tune] Epoch 18/50 - Loss: 0.1523 - Val F1: 0.3256 - Val ROC-AUC: 0.8729 - Val PR-AUC: 0.3439
[Fine-tune] Epoch 19/50 - Loss: 0.1526 - Val F1: 0.3248 - Val ROC-AUC: 0.8622 - Val PR-AUC: 0.3552
[Fine-tune] Epoch 20/50 - Loss: 0.1522 - Val F1: 0.3111 - Val ROC-AUC: 0.8716 - Val PR-AUC: 0.3347
[Fine-tune] Epoch 21/50 - Loss: 0.1252 - Val F1: 0.3220 - Val ROC-AUC: 0.8658 - Val PR-AUC: 0.3451
[Fine-tune] Epoch 22/50 - Loss: 0.1326 - Val F1: 0.3621 - Val ROC-AUC: 0.8721 - Val PR-AUC: 0.3684
[Fine-tune] Epoch 23/50 - Loss: 0.1299 - Val F1: 0.3243 - Val ROC-AUC: 0.8513 - Val PR-AUC: 0.3426
[Fine-tune] Epoch 24/50 - Loss: 0.1240 - Val F1: 0.3252 - Val ROC-AUC: 0.8664 - Val PR-AUC: 0.3584
[Fine-tune] Epoch 25/50 - Loss: 0.1252 - Val F1: 0.3333 - Val ROC-AUC: 0.8481 - Val PR-AUC: 0.3342
[Fine-tune] Epoch 26/50 - Loss: 0.1266 - Val F1: 0.3585 - Val ROC-AUC: 0.8624 - Val PR-AUC: 0.3414
[Fine-tune] Epoch 27/50 - Loss: 0.1233 - Val F1: 0.3750 - Val ROC-AUC: 0.8696 - Val PR-AUC: 0.3371
[Fine-tune] Epoch 28/50 - Loss: 0.1145 - Val F1: 0.3636 - Val ROC-AUC: 0.8597 - Val PR-AUC: 0.3455
[Fine-tune] Epoch 29/50 - Loss: 0.1138 - Val F1: 0.3423 - Val ROC-AUC: 0.8625 - Val PR-AUC: 0.3434
[Fine-tune] Epoch 30/50 - Loss: 0.1137 - Val F1: 0.3364 - Val ROC-AUC: 0.8526 - Val PR-AUC: 0.3212
[Fine-tune] Epoch 31/50 - Loss: 0.1029 - Val F1: 0.3529 - Val ROC-AUC: 0.8527 - Val PR-AUC: 0.3428
[Fine-tune] Epoch 32/50 - Loss: 0.0992 - Val F1: 0.3673 - Val ROC-AUC: 0.8567 - Val PR-AUC: 0.3479
[Fine-tune] Epoch 33/50 - Loss: 0.1017 - Val F1: 0.3800 - Val ROC-AUC: 0.8637 - Val PR-AUC: 0.3545
[Fine-tune] Epoch 34/50 - Loss: 0.0961 - Val F1: 0.3689 - Val ROC-AUC: 0.8578 - Val PR-AUC: 0.3482
[Fine-tune] Epoch 35/50 - Loss: 0.0970 - Val F1: 0.3913 - Val ROC-AUC: 0.8615 - Val PR-AUC: 0.3408
[Fine-tune] Epoch 36/50 - Loss: 0.0995 - Val F1: 0.3838 - Val ROC-AUC: 0.8594 - Val PR-AUC: 0.3283
[Fine-tune] Epoch 37/50 - Loss: 0.0961 - Val F1: 0.3604 - Val ROC-AUC: 0.8520 - Val PR-AUC: 0.3384
[Fine-tune] Epoch 38/50 - Loss: 0.0860 - Val F1: 0.3762 - Val ROC-AUC: 0.8518 - Val PR-AUC: 0.3382
[Fine-tune] Epoch 39/50 - Loss: 0.0895 - Val F1: 0.3918 - Val ROC-AUC: 0.8603 - Val PR-AUC: 0.3360
[Fine-tune] Epoch 40/50 - Loss: 0.0923 - Val F1: 0.3762 - Val ROC-AUC: 0.8594 - Val PR-AUC: 0.3348
[Fine-tune] Epoch 41/50 - Loss: 0.0865 - Val F1: 0.3838 - Val ROC-AUC: 0.8551 - Val PR-AUC: 0.3337
[Fine-tune] Epoch 42/50 - Loss: 0.0856 - Val F1: 0.4000 - Val ROC-AUC: 0.8669 - Val PR-AUC: 0.3438
[Fine-tune] Epoch 43/50 - Loss: 0.0822 - Val F1: 0.4176 - Val ROC-AUC: 0.8599 - Val PR-AUC: 0.3425
[Fine-tune] Epoch 44/50 - Loss: 0.0777 - Val F1: 0.3838 - Val ROC-AUC: 0.8590 - Val PR-AUC: 0.3264
[Fine-tune] Epoch 45/50 - Loss: 0.0857 - Val F1: 0.4222 - Val ROC-AUC: 0.8598 - Val PR-AUC: 0.3423
[Fine-tune] Epoch 46/50 - Loss: 0.0898 - Val F1: 0.4000 - Val ROC-AUC: 0.8597 - Val PR-AUC: 0.3440
[Fine-tune] Epoch 47/50 - Loss: 0.0827 - Val F1: 0.4000 - Val ROC-AUC: 0.8607 - Val PR-AUC: 0.3424
[Fine-tune] Epoch 48/50 - Loss: 0.0817 - Val F1: 0.3830 - Val ROC-AUC: 0.8556 - Val PR-AUC: 0.3314
[Fine-tune] Epoch 49/50 - Loss: 0.0846 - Val F1: 0.3838 - Val ROC-AUC: 0.8580 - Val PR-AUC: 0.3435
[Fine-tune] Epoch 50/50 - Loss: 0.0772 - Val F1: 0.4043 - Val ROC-AUC: 0.8621 - Val PR-AUC: 0.3510
Finetuning completed. Test F1: 0.3478, ROC-AUC: 0.7799, PR-AUC: 0.2736
[3.1/4] Target-only training on TOX21_ERa_BLA_Agonist_ch2 using GIN...
=== Target-only training ===
[Target-only] Epoch 1/50 – Loss: 0.5679  Val F1: 0.2545  ROC-AUC: 0.8327  PR-AUC: 0.3126
[Target-only] Epoch 2/50 – Loss: 0.5109  Val F1: 0.3377  ROC-AUC: 0.8214  PR-AUC: 0.2471
[Target-only] Epoch 3/50 – Loss: 0.4771  Val F1: 0.2632  ROC-AUC: 0.7934  PR-AUC: 0.3009
[Target-only] Epoch 4/50 – Loss: 0.4694  Val F1: 0.2903  ROC-AUC: 0.8620  PR-AUC: 0.3876
[Target-only] Epoch 5/50 – Loss: 0.4281  Val F1: 0.3457  ROC-AUC: 0.8524  PR-AUC: 0.3181
[Target-only] Epoch 6/50 – Loss: 0.4130  Val F1: 0.3034  ROC-AUC: 0.8415  PR-AUC: 0.3476
[Target-only] Epoch 7/50 – Loss: 0.4004  Val F1: 0.3624  ROC-AUC: 0.8740  PR-AUC: 0.3957
[Target-only] Epoch 8/50 – Loss: 0.3683  Val F1: 0.2959  ROC-AUC: 0.8416  PR-AUC: 0.3778
[Target-only] Epoch 9/50 – Loss: 0.3617  Val F1: 0.3411  ROC-AUC: 0.8558  PR-AUC: 0.3340
[Target-only] Epoch 10/50 – Loss: 0.3544  Val F1: 0.3152  ROC-AUC: 0.8698  PR-AUC: 0.3825
[Target-only] Epoch 11/50 – Loss: 0.3030  Val F1: 0.3309  ROC-AUC: 0.8648  PR-AUC: 0.3958
[Target-only] Epoch 12/50 – Loss: 0.3041  Val F1: 0.3234  ROC-AUC: 0.8698  PR-AUC: 0.3764
[Target-only] Epoch 13/50 – Loss: 0.2794  Val F1: 0.3311  ROC-AUC: 0.8691  PR-AUC: 0.3635
[Target-only] Epoch 14/50 – Loss: 0.2589  Val F1: 0.3313  ROC-AUC: 0.8725  PR-AUC: 0.4035
[Target-only] Epoch 15/50 – Loss: 0.2705  Val F1: 0.3380  ROC-AUC: 0.8630  PR-AUC: 0.3873
[Target-only] Epoch 16/50 – Loss: 0.2654  Val F1: 0.2967  ROC-AUC: 0.8855  PR-AUC: 0.4111
[Target-only] Epoch 17/50 – Loss: 0.2422  Val F1: 0.3433  ROC-AUC: 0.8584  PR-AUC: 0.3954
[Target-only] Epoch 18/50 – Loss: 0.2429  Val F1: 0.3239  ROC-AUC: 0.8637  PR-AUC: 0.3570
[Target-only] Epoch 19/50 – Loss: 0.2265  Val F1: 0.3511  ROC-AUC: 0.8466  PR-AUC: 0.3730
[Target-only] Epoch 20/50 – Loss: 0.2327  Val F1: 0.4167  ROC-AUC: 0.8757  PR-AUC: 0.3869
[Target-only] Epoch 21/50 – Loss: 0.2104  Val F1: 0.3333  ROC-AUC: 0.8583  PR-AUC: 0.3440
[Target-only] Epoch 22/50 – Loss: 0.2057  Val F1: 0.2920  ROC-AUC: 0.8581  PR-AUC: 0.3635
[Target-only] Epoch 23/50 – Loss: 0.2012  Val F1: 0.3268  ROC-AUC: 0.8483  PR-AUC: 0.3204
[Target-only] Epoch 24/50 – Loss: 0.1895  Val F1: 0.3624  ROC-AUC: 0.8605  PR-AUC: 0.3750
[Target-only] Epoch 25/50 – Loss: 0.1782  Val F1: 0.3443  ROC-AUC: 0.8592  PR-AUC: 0.3369
[Target-only] Epoch 26/50 – Loss: 0.1794  Val F1: 0.3030  ROC-AUC: 0.8624  PR-AUC: 0.3680
[Target-only] Epoch 27/50 – Loss: 0.1735  Val F1: 0.3143  ROC-AUC: 0.8570  PR-AUC: 0.3667
[Target-only] Epoch 28/50 – Loss: 0.1743  Val F1: 0.3077  ROC-AUC: 0.8583  PR-AUC: 0.3697
[Target-only] Epoch 29/50 – Loss: 0.1726  Val F1: 0.2936  ROC-AUC: 0.8497  PR-AUC: 0.3513
[Target-only] Epoch 30/50 – Loss: 0.1681  Val F1: 0.3333  ROC-AUC: 0.8779  PR-AUC: 0.3798
[Target-only] Epoch 31/50 – Loss: 0.1543  Val F1: 0.3333  ROC-AUC: 0.8616  PR-AUC: 0.3561
[Target-only] Epoch 32/50 – Loss: 0.1574  Val F1: 0.3492  ROC-AUC: 0.8697  PR-AUC: 0.3674
[Target-only] Epoch 33/50 – Loss: 0.1395  Val F1: 0.2906  ROC-AUC: 0.8531  PR-AUC: 0.3539
[Target-only] Epoch 34/50 – Loss: 0.1417  Val F1: 0.3704  ROC-AUC: 0.8619  PR-AUC: 0.3681
[Target-only] Epoch 35/50 – Loss: 0.1452  Val F1: 0.3393  ROC-AUC: 0.8706  PR-AUC: 0.3699
[Target-only] Epoch 36/50 – Loss: 0.1444  Val F1: 0.3088  ROC-AUC: 0.8633  PR-AUC: 0.3604
[Target-only] Epoch 37/50 – Loss: 0.1458  Val F1: 0.3307  ROC-AUC: 0.8647  PR-AUC: 0.3799
[Target-only] Epoch 38/50 – Loss: 0.1444  Val F1: 0.3065  ROC-AUC: 0.8683  PR-AUC: 0.3624
[Target-only] Epoch 39/50 – Loss: 0.1278  Val F1: 0.3200  ROC-AUC: 0.8634  PR-AUC: 0.3574
[Target-only] Epoch 40/50 – Loss: 0.1202  Val F1: 0.2946  ROC-AUC: 0.8555  PR-AUC: 0.3510
[Target-only] Epoch 41/50 – Loss: 0.1394  Val F1: 0.3206  ROC-AUC: 0.8621  PR-AUC: 0.3506
[Target-only] Epoch 42/50 – Loss: 0.1195  Val F1: 0.3448  ROC-AUC: 0.8559  PR-AUC: 0.3578
[Target-only] Epoch 43/50 – Loss: 0.1251  Val F1: 0.3471  ROC-AUC: 0.8676  PR-AUC: 0.3585
[Target-only] Epoch 44/50 – Loss: 0.1315  Val F1: 0.2982  ROC-AUC: 0.8590  PR-AUC: 0.3473
[Target-only] Epoch 45/50 – Loss: 0.1202  Val F1: 0.3040  ROC-AUC: 0.8637  PR-AUC: 0.3402
[Target-only] Epoch 46/50 – Loss: 0.1231  Val F1: 0.2946  ROC-AUC: 0.8614  PR-AUC: 0.3644
[Target-only] Epoch 47/50 – Loss: 0.1195  Val F1: 0.3193  ROC-AUC: 0.8633  PR-AUC: 0.3569
[Target-only] Epoch 48/50 – Loss: 0.1120  Val F1: 0.3115  ROC-AUC: 0.8642  PR-AUC: 0.3431
[Target-only] Epoch 49/50 – Loss: 0.1241  Val F1: 0.3208  ROC-AUC: 0.8616  PR-AUC: 0.3695
[Target-only] Epoch 50/50 – Loss: 0.1190  Val F1: 0.3269  ROC-AUC: 0.8672  PR-AUC: 0.3829
=== Target-only TEST performance ===
Test F1: 0.3066, ROC-AUC: 0.7848, PR-AUC: 0.2725
[4/4] Embedding 시각화 중...
✅ Embeddings 저장 완료: embeddings_TOX21_ERa_LUC_VM7_Antagonist_0.5nM_E2_viability_TOX21_ERa_BLA_Agonist_ch2_GIN.png
✅ 실험 완료: TOX21_ERa_LUC_VM7_Antagonist_0.5nM_E2_viability -> TOX21_ERa_BLA_Agonist_ch2 [GIN]
