[13:50:38] Can't kekulize mol.  Unkekulized atoms: 1 2 3 4 5
[13:50:38] Explicit valence for atom # 0 Cl, 2, is greater than permitted
[13:50:39] Can't kekulize mol.  Unkekulized atoms: 3 4 5 6 7
[13:50:39] Can't kekulize mol.  Unkekulized atoms: 3 4 5 6 7
[13:50:40] WARNING: not removing hydrogen atom without neighbors
[13:50:42] Explicit valence for atom # 3 Si, 8, is greater than permitted
[13:50:42] Can't kekulize mol.  Unkekulized atoms: 1 2 3 4 5
[13:50:42] Can't kekulize mol.  Unkekulized atoms: 3 4 5 6 7
[13:50:43] Can't kekulize mol.  Unkekulized atoms: 1 2 3 4 5
[13:50:43] WARNING: not removing hydrogen atom without neighbors
[13:50:43] Can't kekulize mol.  Unkekulized atoms: 1 2 3 4 5
[13:50:43] Explicit valence for atom # 6 O, 3, is greater than permitted
[13:50:43] Explicit valence for atom # 3 Si, 8, is greater than permitted
[13:50:44] Explicit valence for atom # 0 Cl, 2, is greater than permitted
[13:51:43] Can't kekulize mol.  Unkekulized atoms: 1 2 3 4 5
[13:51:44] Explicit valence for atom # 0 Cl, 2, is greater than permitted
[13:51:45] Can't kekulize mol.  Unkekulized atoms: 3 4 5 6 7
[13:51:45] Can't kekulize mol.  Unkekulized atoms: 3 4 5 6 7
[13:51:48] Can't kekulize mol.  Unkekulized atoms: 1 2 3 4 5
[13:51:48] Can't kekulize mol.  Unkekulized atoms: 3 4 5 6 7
[13:51:48] Can't kekulize mol.  Unkekulized atoms: 1 2 3 4 5
[13:51:48] WARNING: not removing hydrogen atom without neighbors
[13:51:49] Can't kekulize mol.  Unkekulized atoms: 1 2 3 4 5
[13:51:49] Explicit valence for atom # 6 O, 3, is greater than permitted
[13:51:49] Explicit valence for atom # 3 Si, 8, is greater than permitted
[13:51:49] Explicit valence for atom # 0 Cl, 2, is greater than permitted
[13:52:46] Can't kekulize mol.  Unkekulized atoms: 1 2 3 4 5
[13:52:47] Explicit valence for atom # 0 Cl, 2, is greater than permitted
[13:52:47] Can't kekulize mol.  Unkekulized atoms: 3 4 5 6 7
[13:52:48] Can't kekulize mol.  Unkekulized atoms: 3 4 5 6 7
[13:52:50] Can't kekulize mol.  Unkekulized atoms: 1 2 3 4 5
[13:52:50] Can't kekulize mol.  Unkekulized atoms: 3 4 5 6 7
[13:52:51] Can't kekulize mol.  Unkekulized atoms: 1 2 3 4 5
[13:52:51] WARNING: not removing hydrogen atom without neighbors
[13:52:51] Can't kekulize mol.  Unkekulized atoms: 1 2 3 4 5
[13:52:51] Explicit valence for atom # 6 O, 3, is greater than permitted
[13:52:51] Explicit valence for atom # 3 Si, 8, is greater than permitted
[13:52:52] Explicit valence for atom # 0 Cl, 2, is greater than permitted
[13:53:52] Can't kekulize mol.  Unkekulized atoms: 1 2 3 4 5
[13:53:52] Explicit valence for atom # 0 Cl, 2, is greater than permitted
[13:53:53] Can't kekulize mol.  Unkekulized atoms: 3 4 5 6 7
[13:53:53] Can't kekulize mol.  Unkekulized atoms: 3 4 5 6 7
[13:53:56] Can't kekulize mol.  Unkekulized atoms: 1 2 3 4 5
[13:53:56] Can't kekulize mol.  Unkekulized atoms: 3 4 5 6 7
[13:53:56] Can't kekulize mol.  Unkekulized atoms: 1 2 3 4 5
[13:53:56] WARNING: not removing hydrogen atom without neighbors
[13:53:57] Can't kekulize mol.  Unkekulized atoms: 1 2 3 4 5
[13:53:57] Explicit valence for atom # 6 O, 3, is greater than permitted
[13:53:57] Explicit valence for atom # 3 Si, 8, is greater than permitted
[13:53:57] Explicit valence for atom # 0 Cl, 2, is greater than permitted
[13:53:58] Can't kekulize mol.  Unkekulized atoms: 1 2 3 4 5
[13:53:58] Explicit valence for atom # 0 Cl, 2, is greater than permitted
[13:53:59] Can't kekulize mol.  Unkekulized atoms: 3 4 5 6 7
[13:53:59] Can't kekulize mol.  Unkekulized atoms: 3 4 5 6 7
[13:54:02] Can't kekulize mol.  Unkekulized atoms: 1 2 3 4 5
[13:54:02] Can't kekulize mol.  Unkekulized atoms: 3 4 5 6 7
[13:54:02] Can't kekulize mol.  Unkekulized atoms: 1 2 3 4 5
[13:54:02] WARNING: not removing hydrogen atom without neighbors
[13:54:03] Can't kekulize mol.  Unkekulized atoms: 1 2 3 4 5
[13:54:03] Explicit valence for atom # 6 O, 3, is greater than permitted
[13:54:03] Explicit valence for atom # 3 Si, 8, is greater than permitted
[13:54:03] Explicit valence for atom # 0 Cl, 2, is greater than permitted
