[1/4] Excel → CSV 변환 중...
[2/4] Pretraining on TOX21_ERa_LUC_VM7_Antagonist_0.5nM_E2_viability using GIN...
Epoch 1/50 - Loss: 0.6214 - Val F1: 0.2233 - Val ROC-AUC: 0.7678 - Val PR-AUC: 0.1964
Epoch 2/50 - Loss: 0.5385 - Val F1: 0.1949 - Val ROC-AUC: 0.8012 - Val PR-AUC: 0.2378
Epoch 3/50 - Loss: 0.5053 - Val F1: 0.3214 - Val ROC-AUC: 0.8392 - Val PR-AUC: 0.3336
Epoch 4/50 - Loss: 0.4692 - Val F1: 0.2810 - Val ROC-AUC: 0.8217 - Val PR-AUC: 0.3071
Epoch 5/50 - Loss: 0.4599 - Val F1: 0.2974 - Val ROC-AUC: 0.8301 - Val PR-AUC: 0.2751
Epoch 6/50 - Loss: 0.4378 - Val F1: 0.3178 - Val ROC-AUC: 0.8239 - Val PR-AUC: 0.2775
Epoch 7/50 - Loss: 0.4269 - Val F1: 0.3516 - Val ROC-AUC: 0.8406 - Val PR-AUC: 0.3232
Epoch 8/50 - Loss: 0.4136 - Val F1: 0.3478 - Val ROC-AUC: 0.8639 - Val PR-AUC: 0.3932
Epoch 9/50 - Loss: 0.3982 - Val F1: 0.3094 - Val ROC-AUC: 0.8405 - Val PR-AUC: 0.3595
Epoch 10/50 - Loss: 0.3851 - Val F1: 0.2857 - Val ROC-AUC: 0.8255 - Val PR-AUC: 0.2504
Epoch 11/50 - Loss: 0.3668 - Val F1: 0.3237 - Val ROC-AUC: 0.8465 - Val PR-AUC: 0.3463
Epoch 12/50 - Loss: 0.3557 - Val F1: 0.3333 - Val ROC-AUC: 0.8452 - Val PR-AUC: 0.3197
Epoch 13/50 - Loss: 0.3535 - Val F1: 0.2847 - Val ROC-AUC: 0.8214 - Val PR-AUC: 0.2752
Epoch 14/50 - Loss: 0.3351 - Val F1: 0.3280 - Val ROC-AUC: 0.8454 - Val PR-AUC: 0.3186
Epoch 15/50 - Loss: 0.3197 - Val F1: 0.3365 - Val ROC-AUC: 0.8336 - Val PR-AUC: 0.2819
Epoch 16/50 - Loss: 0.3257 - Val F1: 0.3250 - Val ROC-AUC: 0.8461 - Val PR-AUC: 0.3338
Epoch 17/50 - Loss: 0.3346 - Val F1: 0.3627 - Val ROC-AUC: 0.8451 - Val PR-AUC: 0.3180
Epoch 18/50 - Loss: 0.3133 - Val F1: 0.3551 - Val ROC-AUC: 0.8511 - Val PR-AUC: 0.3466
Epoch 19/50 - Loss: 0.3027 - Val F1: 0.3540 - Val ROC-AUC: 0.8384 - Val PR-AUC: 0.2932
Epoch 20/50 - Loss: 0.3015 - Val F1: 0.3289 - Val ROC-AUC: 0.8408 - Val PR-AUC: 0.3219
Epoch 21/50 - Loss: 0.2849 - Val F1: 0.3404 - Val ROC-AUC: 0.8334 - Val PR-AUC: 0.3485
Epoch 22/50 - Loss: 0.2590 - Val F1: 0.3467 - Val ROC-AUC: 0.8328 - Val PR-AUC: 0.3519
Epoch 23/50 - Loss: 0.2714 - Val F1: 0.3523 - Val ROC-AUC: 0.8328 - Val PR-AUC: 0.3190
Epoch 24/50 - Loss: 0.2573 - Val F1: 0.3420 - Val ROC-AUC: 0.8357 - Val PR-AUC: 0.3204
Epoch 25/50 - Loss: 0.2631 - Val F1: 0.3216 - Val ROC-AUC: 0.8160 - Val PR-AUC: 0.3280
Epoch 26/50 - Loss: 0.2600 - Val F1: 0.3391 - Val ROC-AUC: 0.8322 - Val PR-AUC: 0.3178
Epoch 27/50 - Loss: 0.2516 - Val F1: 0.3956 - Val ROC-AUC: 0.8377 - Val PR-AUC: 0.3676
Epoch 28/50 - Loss: 0.2557 - Val F1: 0.3716 - Val ROC-AUC: 0.8252 - Val PR-AUC: 0.3339
Epoch 29/50 - Loss: 0.2593 - Val F1: 0.3388 - Val ROC-AUC: 0.8285 - Val PR-AUC: 0.3130
Epoch 30/50 - Loss: 0.2308 - Val F1: 0.3518 - Val ROC-AUC: 0.8339 - Val PR-AUC: 0.3090
Epoch 31/50 - Loss: 0.2207 - Val F1: 0.3598 - Val ROC-AUC: 0.8329 - Val PR-AUC: 0.3198
Epoch 32/50 - Loss: 0.2235 - Val F1: 0.3627 - Val ROC-AUC: 0.8370 - Val PR-AUC: 0.3419
Epoch 33/50 - Loss: 0.2075 - Val F1: 0.3882 - Val ROC-AUC: 0.8325 - Val PR-AUC: 0.3362
Epoch 34/50 - Loss: 0.2265 - Val F1: 0.3542 - Val ROC-AUC: 0.8367 - Val PR-AUC: 0.3349
Epoch 35/50 - Loss: 0.2078 - Val F1: 0.3626 - Val ROC-AUC: 0.8396 - Val PR-AUC: 0.3457
Epoch 36/50 - Loss: 0.2128 - Val F1: 0.3626 - Val ROC-AUC: 0.8362 - Val PR-AUC: 0.3373
Epoch 37/50 - Loss: 0.2045 - Val F1: 0.3667 - Val ROC-AUC: 0.8386 - Val PR-AUC: 0.3509
Epoch 38/50 - Loss: 0.2219 - Val F1: 0.3931 - Val ROC-AUC: 0.8399 - Val PR-AUC: 0.3507
Epoch 39/50 - Loss: 0.2278 - Val F1: 0.3763 - Val ROC-AUC: 0.8385 - Val PR-AUC: 0.3401
Epoch 40/50 - Loss: 0.1873 - Val F1: 0.3607 - Val ROC-AUC: 0.8361 - Val PR-AUC: 0.3517
Epoch 41/50 - Loss: 0.1955 - Val F1: 0.3676 - Val ROC-AUC: 0.8340 - Val PR-AUC: 0.3533
Epoch 42/50 - Loss: 0.1886 - Val F1: 0.3656 - Val ROC-AUC: 0.8304 - Val PR-AUC: 0.3511
Epoch 43/50 - Loss: 0.2043 - Val F1: 0.3799 - Val ROC-AUC: 0.8336 - Val PR-AUC: 0.3631
Epoch 44/50 - Loss: 0.1954 - Val F1: 0.3636 - Val ROC-AUC: 0.8350 - Val PR-AUC: 0.3514
Epoch 45/50 - Loss: 0.1985 - Val F1: 0.3815 - Val ROC-AUC: 0.8337 - Val PR-AUC: 0.3588
Epoch 46/50 - Loss: 0.1871 - Val F1: 0.3626 - Val ROC-AUC: 0.8305 - Val PR-AUC: 0.3557
Epoch 47/50 - Loss: 0.1710 - Val F1: 0.3699 - Val ROC-AUC: 0.8328 - Val PR-AUC: 0.3430
Epoch 48/50 - Loss: 0.1747 - Val F1: 0.3784 - Val ROC-AUC: 0.8346 - Val PR-AUC: 0.3488
Epoch 49/50 - Loss: 0.1825 - Val F1: 0.3771 - Val ROC-AUC: 0.8341 - Val PR-AUC: 0.3493
Epoch 50/50 - Loss: 0.1687 - Val F1: 0.3657 - Val ROC-AUC: 0.8344 - Val PR-AUC: 0.3484
Pretraining completed. Test F1: 0.4333, ROC-AUC: 0.8615, PR-AUC: 0.3766
[3/4] Finetuning on TOX21_ERa_LUC_VM7_Agonist_10nM_ICI182780 using GIN...
[Fine-tune] Epoch 1/50 - Loss: 0.3051 - Val F1: 0.2286 - Val ROC-AUC: 0.8095 - Val PR-AUC: 0.3345
[Fine-tune] Epoch 2/50 - Loss: 0.1890 - Val F1: 0.2535 - Val ROC-AUC: 0.8657 - Val PR-AUC: 0.3481
[Fine-tune] Epoch 3/50 - Loss: 0.1446 - Val F1: 0.2400 - Val ROC-AUC: 0.8238 - Val PR-AUC: 0.2967
[Fine-tune] Epoch 4/50 - Loss: 0.1416 - Val F1: 0.2195 - Val ROC-AUC: 0.8233 - Val PR-AUC: 0.3412
[Fine-tune] Epoch 5/50 - Loss: 0.1173 - Val F1: 0.2535 - Val ROC-AUC: 0.8198 - Val PR-AUC: 0.2693
[Fine-tune] Epoch 6/50 - Loss: 0.1201 - Val F1: 0.2593 - Val ROC-AUC: 0.7924 - Val PR-AUC: 0.3315
[Fine-tune] Epoch 7/50 - Loss: 0.1217 - Val F1: 0.2319 - Val ROC-AUC: 0.8387 - Val PR-AUC: 0.4462
[Fine-tune] Epoch 8/50 - Loss: 0.1168 - Val F1: 0.2400 - Val ROC-AUC: 0.7655 - Val PR-AUC: 0.2768
[Fine-tune] Epoch 9/50 - Loss: 0.0939 - Val F1: 0.2807 - Val ROC-AUC: 0.8281 - Val PR-AUC: 0.3519
[Fine-tune] Epoch 10/50 - Loss: 0.0869 - Val F1: 0.2424 - Val ROC-AUC: 0.8155 - Val PR-AUC: 0.3534
[Fine-tune] Epoch 11/50 - Loss: 0.0616 - Val F1: 0.3043 - Val ROC-AUC: 0.8008 - Val PR-AUC: 0.3635
[Fine-tune] Epoch 12/50 - Loss: 0.0696 - Val F1: 0.2692 - Val ROC-AUC: 0.8201 - Val PR-AUC: 0.4158
[Fine-tune] Epoch 13/50 - Loss: 0.0579 - Val F1: 0.3684 - Val ROC-AUC: 0.8171 - Val PR-AUC: 0.3404
[Fine-tune] Epoch 14/50 - Loss: 0.0543 - Val F1: 0.3902 - Val ROC-AUC: 0.8493 - Val PR-AUC: 0.3935
[Fine-tune] Epoch 15/50 - Loss: 0.0493 - Val F1: 0.3636 - Val ROC-AUC: 0.7971 - Val PR-AUC: 0.3780
[Fine-tune] Epoch 16/50 - Loss: 0.0514 - Val F1: 0.2857 - Val ROC-AUC: 0.8055 - Val PR-AUC: 0.3338
[Fine-tune] Epoch 17/50 - Loss: 0.0559 - Val F1: 0.3529 - Val ROC-AUC: 0.8148 - Val PR-AUC: 0.2873
[Fine-tune] Epoch 18/50 - Loss: 0.0647 - Val F1: 0.3600 - Val ROC-AUC: 0.8465 - Val PR-AUC: 0.4140
[Fine-tune] Epoch 19/50 - Loss: 0.0471 - Val F1: 0.3902 - Val ROC-AUC: 0.8500 - Val PR-AUC: 0.4189
[Fine-tune] Epoch 20/50 - Loss: 0.0367 - Val F1: 0.4211 - Val ROC-AUC: 0.8227 - Val PR-AUC: 0.3214
[Fine-tune] Epoch 21/50 - Loss: 0.0436 - Val F1: 0.3590 - Val ROC-AUC: 0.8380 - Val PR-AUC: 0.3591
[Fine-tune] Epoch 22/50 - Loss: 0.0380 - Val F1: 0.4516 - Val ROC-AUC: 0.8463 - Val PR-AUC: 0.3934
[Fine-tune] Epoch 23/50 - Loss: 0.0304 - Val F1: 0.4242 - Val ROC-AUC: 0.8375 - Val PR-AUC: 0.4178
[Fine-tune] Epoch 24/50 - Loss: 0.0284 - Val F1: 0.3889 - Val ROC-AUC: 0.8205 - Val PR-AUC: 0.3635
[Fine-tune] Epoch 25/50 - Loss: 0.0335 - Val F1: 0.3529 - Val ROC-AUC: 0.8450 - Val PR-AUC: 0.3499
[Fine-tune] Epoch 26/50 - Loss: 0.0369 - Val F1: 0.4242 - Val ROC-AUC: 0.8287 - Val PR-AUC: 0.3934
[Fine-tune] Epoch 27/50 - Loss: 0.0283 - Val F1: 0.3889 - Val ROC-AUC: 0.8314 - Val PR-AUC: 0.3518
[Fine-tune] Epoch 28/50 - Loss: 0.0311 - Val F1: 0.4000 - Val ROC-AUC: 0.8308 - Val PR-AUC: 0.3366
[Fine-tune] Epoch 29/50 - Loss: 0.0259 - Val F1: 0.4242 - Val ROC-AUC: 0.8532 - Val PR-AUC: 0.3788
[Fine-tune] Epoch 30/50 - Loss: 0.0240 - Val F1: 0.3871 - Val ROC-AUC: 0.8551 - Val PR-AUC: 0.3407
[Fine-tune] Epoch 31/50 - Loss: 0.0207 - Val F1: 0.3529 - Val ROC-AUC: 0.8471 - Val PR-AUC: 0.3935
[Fine-tune] Epoch 32/50 - Loss: 0.0220 - Val F1: 0.4286 - Val ROC-AUC: 0.8586 - Val PR-AUC: 0.3677
[Fine-tune] Epoch 33/50 - Loss: 0.0179 - Val F1: 0.3871 - Val ROC-AUC: 0.8101 - Val PR-AUC: 0.3739
[Fine-tune] Epoch 34/50 - Loss: 0.0226 - Val F1: 0.4000 - Val ROC-AUC: 0.8018 - Val PR-AUC: 0.3609
[Fine-tune] Epoch 35/50 - Loss: 0.0225 - Val F1: 0.4242 - Val ROC-AUC: 0.8366 - Val PR-AUC: 0.3576
[Fine-tune] Epoch 36/50 - Loss: 0.0215 - Val F1: 0.3750 - Val ROC-AUC: 0.8157 - Val PR-AUC: 0.3540
[Fine-tune] Epoch 37/50 - Loss: 0.0258 - Val F1: 0.4242 - Val ROC-AUC: 0.8428 - Val PR-AUC: 0.4101
[Fine-tune] Epoch 38/50 - Loss: 0.0157 - Val F1: 0.3871 - Val ROC-AUC: 0.8213 - Val PR-AUC: 0.3738
[Fine-tune] Epoch 39/50 - Loss: 0.0149 - Val F1: 0.4118 - Val ROC-AUC: 0.8005 - Val PR-AUC: 0.3724
[Fine-tune] Epoch 40/50 - Loss: 0.0173 - Val F1: 0.4375 - Val ROC-AUC: 0.8292 - Val PR-AUC: 0.3945
[Fine-tune] Epoch 41/50 - Loss: 0.0146 - Val F1: 0.3750 - Val ROC-AUC: 0.8372 - Val PR-AUC: 0.3950
[Fine-tune] Epoch 42/50 - Loss: 0.0211 - Val F1: 0.4286 - Val ROC-AUC: 0.8246 - Val PR-AUC: 0.3530
[Fine-tune] Epoch 43/50 - Loss: 0.0170 - Val F1: 0.4375 - Val ROC-AUC: 0.8277 - Val PR-AUC: 0.3724
[Fine-tune] Epoch 44/50 - Loss: 0.0133 - Val F1: 0.4375 - Val ROC-AUC: 0.8357 - Val PR-AUC: 0.3695
[Fine-tune] Epoch 45/50 - Loss: 0.0177 - Val F1: 0.4516 - Val ROC-AUC: 0.8450 - Val PR-AUC: 0.3524
[Fine-tune] Epoch 46/50 - Loss: 0.0172 - Val F1: 0.4516 - Val ROC-AUC: 0.8364 - Val PR-AUC: 0.3469
[Fine-tune] Epoch 47/50 - Loss: 0.0170 - Val F1: 0.4375 - Val ROC-AUC: 0.8379 - Val PR-AUC: 0.3938
[Fine-tune] Epoch 48/50 - Loss: 0.0175 - Val F1: 0.4516 - Val ROC-AUC: 0.8289 - Val PR-AUC: 0.3489
[Fine-tune] Epoch 49/50 - Loss: 0.0164 - Val F1: 0.4667 - Val ROC-AUC: 0.8357 - Val PR-AUC: 0.3547
[Fine-tune] Epoch 50/50 - Loss: 0.0104 - Val F1: 0.4516 - Val ROC-AUC: 0.8332 - Val PR-AUC: 0.3391
Finetuning completed. Test F1: 0.2632, ROC-AUC: 0.8709, PR-AUC: 0.1763
[3.1/4] Target-only training on TOX21_ERa_LUC_VM7_Agonist_10nM_ICI182780 using GIN...
=== Target-only training ===
[Target-only] Epoch 1/50 – Loss: 0.3876  Val F1: 0.1818  ROC-AUC: 0.7762  PR-AUC: 0.1873
[Target-only] Epoch 2/50 – Loss: 0.2993  Val F1: 0.2338  ROC-AUC: 0.7853  PR-AUC: 0.3037
[Target-only] Epoch 3/50 – Loss: 0.2387  Val F1: 0.2571  ROC-AUC: 0.8041  PR-AUC: 0.2615
[Target-only] Epoch 4/50 – Loss: 0.1989  Val F1: 0.3396  ROC-AUC: 0.7512  PR-AUC: 0.2403
[Target-only] Epoch 5/50 – Loss: 0.2040  Val F1: 0.1957  ROC-AUC: 0.8080  PR-AUC: 0.2712
[Target-only] Epoch 6/50 – Loss: 0.1794  Val F1: 0.2807  ROC-AUC: 0.7495  PR-AUC: 0.2003
[Target-only] Epoch 7/50 – Loss: 0.1821  Val F1: 0.2143  ROC-AUC: 0.8396  PR-AUC: 0.2631
[Target-only] Epoch 8/50 – Loss: 0.1649  Val F1: 0.1565  ROC-AUC: 0.7842  PR-AUC: 0.4084
[Target-only] Epoch 9/50 – Loss: 0.1592  Val F1: 0.2462  ROC-AUC: 0.8013  PR-AUC: 0.2277
[Target-only] Epoch 10/50 – Loss: 0.1408  Val F1: 0.2093  ROC-AUC: 0.7636  PR-AUC: 0.2596
[Target-only] Epoch 11/50 – Loss: 0.1270  Val F1: 0.2807  ROC-AUC: 0.7510  PR-AUC: 0.2407
[Target-only] Epoch 12/50 – Loss: 0.1204  Val F1: 0.2667  ROC-AUC: 0.7812  PR-AUC: 0.2884
[Target-only] Epoch 13/50 – Loss: 0.1194  Val F1: 0.2807  ROC-AUC: 0.7777  PR-AUC: 0.2692
[Target-only] Epoch 14/50 – Loss: 0.0991  Val F1: 0.2319  ROC-AUC: 0.7564  PR-AUC: 0.2091
[Target-only] Epoch 15/50 – Loss: 0.0962  Val F1: 0.2388  ROC-AUC: 0.7467  PR-AUC: 0.2272
[Target-only] Epoch 16/50 – Loss: 0.0948  Val F1: 0.2373  ROC-AUC: 0.7606  PR-AUC: 0.2008
[Target-only] Epoch 17/50 – Loss: 0.0960  Val F1: 0.2500  ROC-AUC: 0.7748  PR-AUC: 0.1933
[Target-only] Epoch 18/50 – Loss: 0.0927  Val F1: 0.3182  ROC-AUC: 0.7616  PR-AUC: 0.3371
[Target-only] Epoch 19/50 – Loss: 0.0832  Val F1: 0.2381  ROC-AUC: 0.7530  PR-AUC: 0.1989
[Target-only] Epoch 20/50 – Loss: 0.0920  Val F1: 0.2857  ROC-AUC: 0.7677  PR-AUC: 0.1996
[Target-only] Epoch 21/50 – Loss: 0.0642  Val F1: 0.2553  ROC-AUC: 0.7639  PR-AUC: 0.1873
[Target-only] Epoch 22/50 – Loss: 0.0770  Val F1: 0.2927  ROC-AUC: 0.7312  PR-AUC: 0.2085
[Target-only] Epoch 23/50 – Loss: 0.0759  Val F1: 0.2500  ROC-AUC: 0.7433  PR-AUC: 0.1765
[Target-only] Epoch 24/50 – Loss: 0.0655  Val F1: 0.2128  ROC-AUC: 0.7602  PR-AUC: 0.2093
[Target-only] Epoch 25/50 – Loss: 0.0631  Val F1: 0.2791  ROC-AUC: 0.7471  PR-AUC: 0.2156
[Target-only] Epoch 26/50 – Loss: 0.0599  Val F1: 0.3333  ROC-AUC: 0.7553  PR-AUC: 0.3197
[Target-only] Epoch 27/50 – Loss: 0.0718  Val F1: 0.2500  ROC-AUC: 0.7501  PR-AUC: 0.2047
[Target-only] Epoch 28/50 – Loss: 0.0533  Val F1: 0.3077  ROC-AUC: 0.7786  PR-AUC: 0.2319
[Target-only] Epoch 29/50 – Loss: 0.0600  Val F1: 0.2326  ROC-AUC: 0.7744  PR-AUC: 0.1731
[Target-only] Epoch 30/50 – Loss: 0.0613  Val F1: 0.3000  ROC-AUC: 0.7538  PR-AUC: 0.2642
[Target-only] Epoch 31/50 – Loss: 0.0469  Val F1: 0.3158  ROC-AUC: 0.7716  PR-AUC: 0.2471
[Target-only] Epoch 32/50 – Loss: 0.0514  Val F1: 0.2609  ROC-AUC: 0.7739  PR-AUC: 0.2302
[Target-only] Epoch 33/50 – Loss: 0.0448  Val F1: 0.2564  ROC-AUC: 0.7680  PR-AUC: 0.2512
[Target-only] Epoch 34/50 – Loss: 0.0458  Val F1: 0.2857  ROC-AUC: 0.7569  PR-AUC: 0.2141
[Target-only] Epoch 35/50 – Loss: 0.0445  Val F1: 0.2632  ROC-AUC: 0.7526  PR-AUC: 0.2249
[Target-only] Epoch 36/50 – Loss: 0.0367  Val F1: 0.2667  ROC-AUC: 0.7774  PR-AUC: 0.2860
[Target-only] Epoch 37/50 – Loss: 0.0403  Val F1: 0.2791  ROC-AUC: 0.7651  PR-AUC: 0.2392
[Target-only] Epoch 38/50 – Loss: 0.0452  Val F1: 0.3158  ROC-AUC: 0.7703  PR-AUC: 0.2176
[Target-only] Epoch 39/50 – Loss: 0.0418  Val F1: 0.2500  ROC-AUC: 0.7654  PR-AUC: 0.2375
[Target-only] Epoch 40/50 – Loss: 0.0388  Val F1: 0.2632  ROC-AUC: 0.7577  PR-AUC: 0.2276
[Target-only] Epoch 41/50 – Loss: 0.0355  Val F1: 0.3125  ROC-AUC: 0.7528  PR-AUC: 0.2274
[Target-only] Epoch 42/50 – Loss: 0.0316  Val F1: 0.2703  ROC-AUC: 0.7635  PR-AUC: 0.2422
[Target-only] Epoch 43/50 – Loss: 0.0409  Val F1: 0.3243  ROC-AUC: 0.7658  PR-AUC: 0.2874
[Target-only] Epoch 44/50 – Loss: 0.0373  Val F1: 0.3158  ROC-AUC: 0.7569  PR-AUC: 0.2338
[Target-only] Epoch 45/50 – Loss: 0.0383  Val F1: 0.2857  ROC-AUC: 0.7623  PR-AUC: 0.2231
[Target-only] Epoch 46/50 – Loss: 0.0408  Val F1: 0.2778  ROC-AUC: 0.7483  PR-AUC: 0.1984
[Target-only] Epoch 47/50 – Loss: 0.0362  Val F1: 0.3636  ROC-AUC: 0.7676  PR-AUC: 0.2196
[Target-only] Epoch 48/50 – Loss: 0.0340  Val F1: 0.2778  ROC-AUC: 0.7666  PR-AUC: 0.2526
[Target-only] Epoch 49/50 – Loss: 0.0413  Val F1: 0.2632  ROC-AUC: 0.7709  PR-AUC: 0.2794
[Target-only] Epoch 50/50 – Loss: 0.0375  Val F1: 0.2941  ROC-AUC: 0.7765  PR-AUC: 0.2479
=== Target-only TEST performance ===
Test F1: 0.2727, ROC-AUC: 0.8156, PR-AUC: 0.1470
[4/4] Embedding 시각화 중...
✅ Embeddings 저장 완료: embeddings_TOX21_ERa_LUC_VM7_Antagonist_0.5nM_E2_viability_TOX21_ERa_LUC_VM7_Agonist_10nM_ICI182780_GIN.png
✅ 실험 완료: TOX21_ERa_LUC_VM7_Antagonist_0.5nM_E2_viability -> TOX21_ERa_LUC_VM7_Agonist_10nM_ICI182780 [GIN]
