[1/4] Excel → CSV 변환 중...
[2/4] Pretraining on TOX21_ERa_LUC_VM7_Agonist using GIN...
Epoch 1/50 - Loss: 0.6705 - Val F1: 0.2389 - Val ROC-AUC: 0.6260 - Val PR-AUC: 0.2076
Epoch 2/50 - Loss: 0.6443 - Val F1: 0.2605 - Val ROC-AUC: 0.6471 - Val PR-AUC: 0.2360
Epoch 3/50 - Loss: 0.6441 - Val F1: 0.2459 - Val ROC-AUC: 0.6098 - Val PR-AUC: 0.2182
Epoch 4/50 - Loss: 0.6318 - Val F1: 0.2587 - Val ROC-AUC: 0.6464 - Val PR-AUC: 0.2446
Epoch 5/50 - Loss: 0.6190 - Val F1: 0.3241 - Val ROC-AUC: 0.6720 - Val PR-AUC: 0.2746
Epoch 6/50 - Loss: 0.6238 - Val F1: 0.2642 - Val ROC-AUC: 0.6110 - Val PR-AUC: 0.2377
Epoch 7/50 - Loss: 0.6108 - Val F1: 0.2774 - Val ROC-AUC: 0.6636 - Val PR-AUC: 0.2554
Epoch 8/50 - Loss: 0.6030 - Val F1: 0.3077 - Val ROC-AUC: 0.6788 - Val PR-AUC: 0.2797
Epoch 9/50 - Loss: 0.6030 - Val F1: 0.2766 - Val ROC-AUC: 0.6686 - Val PR-AUC: 0.3042
Epoch 10/50 - Loss: 0.5999 - Val F1: 0.2670 - Val ROC-AUC: 0.6513 - Val PR-AUC: 0.2494
Epoch 11/50 - Loss: 0.5759 - Val F1: 0.3125 - Val ROC-AUC: 0.6544 - Val PR-AUC: 0.2993
Epoch 12/50 - Loss: 0.5770 - Val F1: 0.2909 - Val ROC-AUC: 0.6658 - Val PR-AUC: 0.3092
Epoch 13/50 - Loss: 0.5648 - Val F1: 0.3381 - Val ROC-AUC: 0.6765 - Val PR-AUC: 0.3091
Epoch 14/50 - Loss: 0.5654 - Val F1: 0.3068 - Val ROC-AUC: 0.6723 - Val PR-AUC: 0.3043
Epoch 15/50 - Loss: 0.5496 - Val F1: 0.3142 - Val ROC-AUC: 0.6783 - Val PR-AUC: 0.3048
Epoch 16/50 - Loss: 0.5423 - Val F1: 0.3011 - Val ROC-AUC: 0.6706 - Val PR-AUC: 0.2839
Epoch 17/50 - Loss: 0.5434 - Val F1: 0.3145 - Val ROC-AUC: 0.6921 - Val PR-AUC: 0.2996
Epoch 18/50 - Loss: 0.5378 - Val F1: 0.3547 - Val ROC-AUC: 0.7064 - Val PR-AUC: 0.3105
Epoch 19/50 - Loss: 0.5262 - Val F1: 0.2930 - Val ROC-AUC: 0.6886 - Val PR-AUC: 0.3161
Epoch 20/50 - Loss: 0.5206 - Val F1: 0.3092 - Val ROC-AUC: 0.6907 - Val PR-AUC: 0.3227
Epoch 21/50 - Loss: 0.5115 - Val F1: 0.3185 - Val ROC-AUC: 0.6992 - Val PR-AUC: 0.3257
Epoch 22/50 - Loss: 0.4985 - Val F1: 0.3432 - Val ROC-AUC: 0.6991 - Val PR-AUC: 0.3307
Epoch 23/50 - Loss: 0.5026 - Val F1: 0.3069 - Val ROC-AUC: 0.6941 - Val PR-AUC: 0.3162
Epoch 24/50 - Loss: 0.4928 - Val F1: 0.3556 - Val ROC-AUC: 0.7068 - Val PR-AUC: 0.3324
Epoch 25/50 - Loss: 0.4788 - Val F1: 0.3286 - Val ROC-AUC: 0.6941 - Val PR-AUC: 0.3139
Epoch 26/50 - Loss: 0.4780 - Val F1: 0.3343 - Val ROC-AUC: 0.7000 - Val PR-AUC: 0.3128
Epoch 27/50 - Loss: 0.4796 - Val F1: 0.3102 - Val ROC-AUC: 0.6971 - Val PR-AUC: 0.3376
Epoch 28/50 - Loss: 0.4635 - Val F1: 0.2941 - Val ROC-AUC: 0.6893 - Val PR-AUC: 0.3227
Epoch 29/50 - Loss: 0.4800 - Val F1: 0.3248 - Val ROC-AUC: 0.6976 - Val PR-AUC: 0.3428
Epoch 30/50 - Loss: 0.4616 - Val F1: 0.3208 - Val ROC-AUC: 0.7149 - Val PR-AUC: 0.3286
Epoch 31/50 - Loss: 0.4473 - Val F1: 0.3636 - Val ROC-AUC: 0.7081 - Val PR-AUC: 0.3530
Epoch 32/50 - Loss: 0.4400 - Val F1: 0.3207 - Val ROC-AUC: 0.6992 - Val PR-AUC: 0.3198
Epoch 33/50 - Loss: 0.4475 - Val F1: 0.3268 - Val ROC-AUC: 0.7036 - Val PR-AUC: 0.3317
Epoch 34/50 - Loss: 0.4367 - Val F1: 0.3284 - Val ROC-AUC: 0.7010 - Val PR-AUC: 0.3343
Epoch 35/50 - Loss: 0.4330 - Val F1: 0.3408 - Val ROC-AUC: 0.7102 - Val PR-AUC: 0.3418
Epoch 36/50 - Loss: 0.4239 - Val F1: 0.3210 - Val ROC-AUC: 0.7045 - Val PR-AUC: 0.3207
Epoch 37/50 - Loss: 0.4305 - Val F1: 0.3280 - Val ROC-AUC: 0.6905 - Val PR-AUC: 0.3293
Epoch 38/50 - Loss: 0.4283 - Val F1: 0.3238 - Val ROC-AUC: 0.7018 - Val PR-AUC: 0.3225
Epoch 39/50 - Loss: 0.4368 - Val F1: 0.3450 - Val ROC-AUC: 0.7013 - Val PR-AUC: 0.3090
Epoch 40/50 - Loss: 0.4363 - Val F1: 0.3323 - Val ROC-AUC: 0.6990 - Val PR-AUC: 0.3185
Epoch 41/50 - Loss: 0.4156 - Val F1: 0.3357 - Val ROC-AUC: 0.6957 - Val PR-AUC: 0.3131
Epoch 42/50 - Loss: 0.4124 - Val F1: 0.3273 - Val ROC-AUC: 0.7022 - Val PR-AUC: 0.3327
Epoch 43/50 - Loss: 0.4067 - Val F1: 0.3302 - Val ROC-AUC: 0.7019 - Val PR-AUC: 0.3303
Epoch 44/50 - Loss: 0.4023 - Val F1: 0.3313 - Val ROC-AUC: 0.6981 - Val PR-AUC: 0.3331
Epoch 45/50 - Loss: 0.3978 - Val F1: 0.3232 - Val ROC-AUC: 0.6999 - Val PR-AUC: 0.3362
Epoch 46/50 - Loss: 0.4070 - Val F1: 0.3333 - Val ROC-AUC: 0.6962 - Val PR-AUC: 0.3296
Epoch 47/50 - Loss: 0.4078 - Val F1: 0.3333 - Val ROC-AUC: 0.6965 - Val PR-AUC: 0.3345
Epoch 48/50 - Loss: 0.3966 - Val F1: 0.3232 - Val ROC-AUC: 0.6936 - Val PR-AUC: 0.3283
Epoch 49/50 - Loss: 0.3976 - Val F1: 0.3427 - Val ROC-AUC: 0.6992 - Val PR-AUC: 0.3314
Epoch 50/50 - Loss: 0.3966 - Val F1: 0.3353 - Val ROC-AUC: 0.6983 - Val PR-AUC: 0.3286
Pretraining completed. Test F1: 0.3185, ROC-AUC: 0.6595, PR-AUC: 0.3127
[3/4] Finetuning on TOX21_ERa_BLA_Agonist_ch2 using GIN...
[Fine-tune] Epoch 1/50 - Loss: 0.5090 - Val F1: 0.2173 - Val ROC-AUC: 0.8856 - Val PR-AUC: 0.3269
[Fine-tune] Epoch 2/50 - Loss: 0.4244 - Val F1: 0.2532 - Val ROC-AUC: 0.8681 - Val PR-AUC: 0.3218
[Fine-tune] Epoch 3/50 - Loss: 0.4050 - Val F1: 0.3214 - Val ROC-AUC: 0.8763 - Val PR-AUC: 0.4033
[Fine-tune] Epoch 4/50 - Loss: 0.3667 - Val F1: 0.3766 - Val ROC-AUC: 0.8851 - Val PR-AUC: 0.3707
[Fine-tune] Epoch 5/50 - Loss: 0.3562 - Val F1: 0.2990 - Val ROC-AUC: 0.8590 - Val PR-AUC: 0.3710
[Fine-tune] Epoch 6/50 - Loss: 0.3477 - Val F1: 0.3382 - Val ROC-AUC: 0.8538 - Val PR-AUC: 0.3972
[Fine-tune] Epoch 7/50 - Loss: 0.3247 - Val F1: 0.3247 - Val ROC-AUC: 0.8614 - Val PR-AUC: 0.3832
[Fine-tune] Epoch 8/50 - Loss: 0.3121 - Val F1: 0.2667 - Val ROC-AUC: 0.8667 - Val PR-AUC: 0.3878
[Fine-tune] Epoch 9/50 - Loss: 0.3025 - Val F1: 0.3175 - Val ROC-AUC: 0.8849 - Val PR-AUC: 0.4144
[Fine-tune] Epoch 10/50 - Loss: 0.2872 - Val F1: 0.2798 - Val ROC-AUC: 0.8474 - Val PR-AUC: 0.3609
[Fine-tune] Epoch 11/50 - Loss: 0.2595 - Val F1: 0.3313 - Val ROC-AUC: 0.8682 - Val PR-AUC: 0.3515
[Fine-tune] Epoch 12/50 - Loss: 0.2362 - Val F1: 0.3650 - Val ROC-AUC: 0.8559 - Val PR-AUC: 0.3825
[Fine-tune] Epoch 13/50 - Loss: 0.2239 - Val F1: 0.3140 - Val ROC-AUC: 0.8810 - Val PR-AUC: 0.3877
[Fine-tune] Epoch 14/50 - Loss: 0.2222 - Val F1: 0.3294 - Val ROC-AUC: 0.8750 - Val PR-AUC: 0.3881
[Fine-tune] Epoch 15/50 - Loss: 0.2138 - Val F1: 0.3206 - Val ROC-AUC: 0.8374 - Val PR-AUC: 0.3701
[Fine-tune] Epoch 16/50 - Loss: 0.2072 - Val F1: 0.3382 - Val ROC-AUC: 0.8646 - Val PR-AUC: 0.3600
[Fine-tune] Epoch 17/50 - Loss: 0.1913 - Val F1: 0.3385 - Val ROC-AUC: 0.8566 - Val PR-AUC: 0.3859
[Fine-tune] Epoch 18/50 - Loss: 0.1972 - Val F1: 0.3898 - Val ROC-AUC: 0.8673 - Val PR-AUC: 0.3393
[Fine-tune] Epoch 19/50 - Loss: 0.1947 - Val F1: 0.3390 - Val ROC-AUC: 0.8433 - Val PR-AUC: 0.2959
[Fine-tune] Epoch 20/50 - Loss: 0.1833 - Val F1: 0.3385 - Val ROC-AUC: 0.8616 - Val PR-AUC: 0.4139
[Fine-tune] Epoch 21/50 - Loss: 0.1651 - Val F1: 0.3284 - Val ROC-AUC: 0.8652 - Val PR-AUC: 0.3898
[Fine-tune] Epoch 22/50 - Loss: 0.1614 - Val F1: 0.3511 - Val ROC-AUC: 0.8721 - Val PR-AUC: 0.3741
[Fine-tune] Epoch 23/50 - Loss: 0.1612 - Val F1: 0.2897 - Val ROC-AUC: 0.8565 - Val PR-AUC: 0.3376
[Fine-tune] Epoch 24/50 - Loss: 0.1635 - Val F1: 0.3333 - Val ROC-AUC: 0.8502 - Val PR-AUC: 0.3870
[Fine-tune] Epoch 25/50 - Loss: 0.1573 - Val F1: 0.3380 - Val ROC-AUC: 0.8620 - Val PR-AUC: 0.3734
[Fine-tune] Epoch 26/50 - Loss: 0.1492 - Val F1: 0.3465 - Val ROC-AUC: 0.8621 - Val PR-AUC: 0.3721
[Fine-tune] Epoch 27/50 - Loss: 0.1387 - Val F1: 0.3304 - Val ROC-AUC: 0.8674 - Val PR-AUC: 0.3910
[Fine-tune] Epoch 28/50 - Loss: 0.1370 - Val F1: 0.3306 - Val ROC-AUC: 0.8612 - Val PR-AUC: 0.3734
[Fine-tune] Epoch 29/50 - Loss: 0.1384 - Val F1: 0.3221 - Val ROC-AUC: 0.8504 - Val PR-AUC: 0.3575
[Fine-tune] Epoch 30/50 - Loss: 0.1405 - Val F1: 0.3279 - Val ROC-AUC: 0.8588 - Val PR-AUC: 0.3787
[Fine-tune] Epoch 31/50 - Loss: 0.1414 - Val F1: 0.3065 - Val ROC-AUC: 0.8508 - Val PR-AUC: 0.3653
[Fine-tune] Epoch 32/50 - Loss: 0.1253 - Val F1: 0.3226 - Val ROC-AUC: 0.8613 - Val PR-AUC: 0.3655
[Fine-tune] Epoch 33/50 - Loss: 0.1272 - Val F1: 0.3361 - Val ROC-AUC: 0.8629 - Val PR-AUC: 0.3592
[Fine-tune] Epoch 34/50 - Loss: 0.1198 - Val F1: 0.3465 - Val ROC-AUC: 0.8579 - Val PR-AUC: 0.3894
[Fine-tune] Epoch 35/50 - Loss: 0.1285 - Val F1: 0.3333 - Val ROC-AUC: 0.8616 - Val PR-AUC: 0.3672
[Fine-tune] Epoch 36/50 - Loss: 0.1312 - Val F1: 0.3478 - Val ROC-AUC: 0.8456 - Val PR-AUC: 0.3693
[Fine-tune] Epoch 37/50 - Loss: 0.1047 - Val F1: 0.3333 - Val ROC-AUC: 0.8602 - Val PR-AUC: 0.3703
[Fine-tune] Epoch 38/50 - Loss: 0.1161 - Val F1: 0.3248 - Val ROC-AUC: 0.8606 - Val PR-AUC: 0.3633
[Fine-tune] Epoch 39/50 - Loss: 0.1202 - Val F1: 0.3101 - Val ROC-AUC: 0.8641 - Val PR-AUC: 0.3720
[Fine-tune] Epoch 40/50 - Loss: 0.1157 - Val F1: 0.3361 - Val ROC-AUC: 0.8620 - Val PR-AUC: 0.3750
[Fine-tune] Epoch 41/50 - Loss: 0.1078 - Val F1: 0.3333 - Val ROC-AUC: 0.8634 - Val PR-AUC: 0.3706
[Fine-tune] Epoch 42/50 - Loss: 0.1101 - Val F1: 0.3423 - Val ROC-AUC: 0.8657 - Val PR-AUC: 0.3759
[Fine-tune] Epoch 43/50 - Loss: 0.1046 - Val F1: 0.3396 - Val ROC-AUC: 0.8668 - Val PR-AUC: 0.3654
[Fine-tune] Epoch 44/50 - Loss: 0.1175 - Val F1: 0.3654 - Val ROC-AUC: 0.8581 - Val PR-AUC: 0.3402
[Fine-tune] Epoch 45/50 - Loss: 0.1107 - Val F1: 0.3571 - Val ROC-AUC: 0.8578 - Val PR-AUC: 0.3583
[Fine-tune] Epoch 46/50 - Loss: 0.1118 - Val F1: 0.3551 - Val ROC-AUC: 0.8638 - Val PR-AUC: 0.3480
[Fine-tune] Epoch 47/50 - Loss: 0.1018 - Val F1: 0.3419 - Val ROC-AUC: 0.8617 - Val PR-AUC: 0.3529
[Fine-tune] Epoch 48/50 - Loss: 0.1171 - Val F1: 0.3276 - Val ROC-AUC: 0.8574 - Val PR-AUC: 0.3633
[Fine-tune] Epoch 49/50 - Loss: 0.1036 - Val F1: 0.3273 - Val ROC-AUC: 0.8569 - Val PR-AUC: 0.3516
[Fine-tune] Epoch 50/50 - Loss: 0.1130 - Val F1: 0.3423 - Val ROC-AUC: 0.8654 - Val PR-AUC: 0.3898
Finetuning completed. Test F1: 0.2763, ROC-AUC: 0.8013, PR-AUC: 0.2589
[3.1/4] Target-only training on TOX21_ERa_BLA_Agonist_ch2 using GIN...
=== Target-only training ===
[Target-only] Epoch 1/50 – Loss: 0.5665  Val F1: 0.2738  ROC-AUC: 0.8135  PR-AUC: 0.2977
[Target-only] Epoch 2/50 – Loss: 0.5138  Val F1: 0.1824  ROC-AUC: 0.8351  PR-AUC: 0.3854
[Target-only] Epoch 3/50 – Loss: 0.4804  Val F1: 0.2051  ROC-AUC: 0.7796  PR-AUC: 0.3061
[Target-only] Epoch 4/50 – Loss: 0.4498  Val F1: 0.2030  ROC-AUC: 0.8604  PR-AUC: 0.3433
[Target-only] Epoch 5/50 – Loss: 0.4219  Val F1: 0.2780  ROC-AUC: 0.8499  PR-AUC: 0.3386
[Target-only] Epoch 6/50 – Loss: 0.4239  Val F1: 0.3770  ROC-AUC: 0.8290  PR-AUC: 0.3806
[Target-only] Epoch 7/50 – Loss: 0.3911  Val F1: 0.3158  ROC-AUC: 0.8853  PR-AUC: 0.2877
[Target-only] Epoch 8/50 – Loss: 0.3828  Val F1: 0.3439  ROC-AUC: 0.8605  PR-AUC: 0.3692
[Target-only] Epoch 9/50 – Loss: 0.3745  Val F1: 0.3019  ROC-AUC: 0.8519  PR-AUC: 0.3445
[Target-only] Epoch 10/50 – Loss: 0.3605  Val F1: 0.3006  ROC-AUC: 0.8577  PR-AUC: 0.3651
[Target-only] Epoch 11/50 – Loss: 0.3060  Val F1: 0.2953  ROC-AUC: 0.8545  PR-AUC: 0.3879
[Target-only] Epoch 12/50 – Loss: 0.2943  Val F1: 0.3026  ROC-AUC: 0.8437  PR-AUC: 0.3652
[Target-only] Epoch 13/50 – Loss: 0.2848  Val F1: 0.3297  ROC-AUC: 0.8598  PR-AUC: 0.3716
[Target-only] Epoch 14/50 – Loss: 0.2791  Val F1: 0.3108  ROC-AUC: 0.8517  PR-AUC: 0.3289
[Target-only] Epoch 15/50 – Loss: 0.2742  Val F1: 0.2878  ROC-AUC: 0.8387  PR-AUC: 0.3599
[Target-only] Epoch 16/50 – Loss: 0.2662  Val F1: 0.3158  ROC-AUC: 0.8411  PR-AUC: 0.3571
[Target-only] Epoch 17/50 – Loss: 0.2566  Val F1: 0.2949  ROC-AUC: 0.8664  PR-AUC: 0.3950
[Target-only] Epoch 18/50 – Loss: 0.2383  Val F1: 0.3221  ROC-AUC: 0.8565  PR-AUC: 0.4184
[Target-only] Epoch 19/50 – Loss: 0.2491  Val F1: 0.3221  ROC-AUC: 0.8351  PR-AUC: 0.3994
[Target-only] Epoch 20/50 – Loss: 0.2333  Val F1: 0.3158  ROC-AUC: 0.8398  PR-AUC: 0.3308
[Target-only] Epoch 21/50 – Loss: 0.2058  Val F1: 0.3038  ROC-AUC: 0.8426  PR-AUC: 0.3435
[Target-only] Epoch 22/50 – Loss: 0.1897  Val F1: 0.3333  ROC-AUC: 0.8497  PR-AUC: 0.3467
[Target-only] Epoch 23/50 – Loss: 0.2014  Val F1: 0.3311  ROC-AUC: 0.8547  PR-AUC: 0.3679
[Target-only] Epoch 24/50 – Loss: 0.1898  Val F1: 0.3333  ROC-AUC: 0.8423  PR-AUC: 0.3408
[Target-only] Epoch 25/50 – Loss: 0.1857  Val F1: 0.3014  ROC-AUC: 0.8472  PR-AUC: 0.3462
[Target-only] Epoch 26/50 – Loss: 0.1739  Val F1: 0.3306  ROC-AUC: 0.8329  PR-AUC: 0.2987
[Target-only] Epoch 27/50 – Loss: 0.1707  Val F1: 0.2907  ROC-AUC: 0.8605  PR-AUC: 0.3740
[Target-only] Epoch 28/50 – Loss: 0.1783  Val F1: 0.2836  ROC-AUC: 0.8521  PR-AUC: 0.3471
[Target-only] Epoch 29/50 – Loss: 0.1708  Val F1: 0.2993  ROC-AUC: 0.8460  PR-AUC: 0.3561
[Target-only] Epoch 30/50 – Loss: 0.1661  Val F1: 0.3150  ROC-AUC: 0.8437  PR-AUC: 0.3423
[Target-only] Epoch 31/50 – Loss: 0.1529  Val F1: 0.3040  ROC-AUC: 0.8446  PR-AUC: 0.3747
[Target-only] Epoch 32/50 – Loss: 0.1441  Val F1: 0.2707  ROC-AUC: 0.8309  PR-AUC: 0.3424
[Target-only] Epoch 33/50 – Loss: 0.1391  Val F1: 0.2979  ROC-AUC: 0.8475  PR-AUC: 0.3540
[Target-only] Epoch 34/50 – Loss: 0.1354  Val F1: 0.2969  ROC-AUC: 0.8517  PR-AUC: 0.3454
[Target-only] Epoch 35/50 – Loss: 0.1346  Val F1: 0.2857  ROC-AUC: 0.8320  PR-AUC: 0.3499
[Target-only] Epoch 36/50 – Loss: 0.1374  Val F1: 0.2595  ROC-AUC: 0.8433  PR-AUC: 0.3682
[Target-only] Epoch 37/50 – Loss: 0.1433  Val F1: 0.3248  ROC-AUC: 0.8383  PR-AUC: 0.3474
[Target-only] Epoch 38/50 – Loss: 0.1285  Val F1: 0.2787  ROC-AUC: 0.8358  PR-AUC: 0.3472
[Target-only] Epoch 39/50 – Loss: 0.1439  Val F1: 0.2992  ROC-AUC: 0.8462  PR-AUC: 0.3612
[Target-only] Epoch 40/50 – Loss: 0.1316  Val F1: 0.2764  ROC-AUC: 0.8412  PR-AUC: 0.3701
[Target-only] Epoch 41/50 – Loss: 0.1328  Val F1: 0.2906  ROC-AUC: 0.8351  PR-AUC: 0.3572
[Target-only] Epoch 42/50 – Loss: 0.1155  Val F1: 0.3301  ROC-AUC: 0.8389  PR-AUC: 0.3392
[Target-only] Epoch 43/50 – Loss: 0.1238  Val F1: 0.3119  ROC-AUC: 0.8365  PR-AUC: 0.3617
[Target-only] Epoch 44/50 – Loss: 0.1168  Val F1: 0.2982  ROC-AUC: 0.8405  PR-AUC: 0.3736
[Target-only] Epoch 45/50 – Loss: 0.1227  Val F1: 0.2881  ROC-AUC: 0.8376  PR-AUC: 0.3487
[Target-only] Epoch 46/50 – Loss: 0.1085  Val F1: 0.2982  ROC-AUC: 0.8340  PR-AUC: 0.3415
[Target-only] Epoch 47/50 – Loss: 0.1116  Val F1: 0.2906  ROC-AUC: 0.8432  PR-AUC: 0.3503
[Target-only] Epoch 48/50 – Loss: 0.1148  Val F1: 0.2787  ROC-AUC: 0.8383  PR-AUC: 0.3445
[Target-only] Epoch 49/50 – Loss: 0.1123  Val F1: 0.2931  ROC-AUC: 0.8346  PR-AUC: 0.3485
[Target-only] Epoch 50/50 – Loss: 0.1231  Val F1: 0.2742  ROC-AUC: 0.8410  PR-AUC: 0.3559
=== Target-only TEST performance ===
Test F1: 0.2703, ROC-AUC: 0.7068, PR-AUC: 0.2708
[4/4] Embedding 시각화 중...
✅ Embeddings 저장 완료: embeddings_TOX21_ERa_LUC_VM7_Agonist_TOX21_ERa_BLA_Agonist_ch2_GIN.png
✅ 실험 완료: TOX21_ERa_LUC_VM7_Agonist -> TOX21_ERa_BLA_Agonist_ch2 [GIN]
