[13:50:48] Can't kekulize mol.  Unkekulized atoms: 1 2 3 4 5
[13:50:48] Explicit valence for atom # 0 Cl, 2, is greater than permitted
[13:50:49] Can't kekulize mol.  Unkekulized atoms: 3 4 5 6 7
[13:50:50] Can't kekulize mol.  Unkekulized atoms: 3 4 5 6 7
[13:50:50] WARNING: not removing hydrogen atom without neighbors
[13:50:52] Explicit valence for atom # 3 Si, 8, is greater than permitted
[13:50:52] Can't kekulize mol.  Unkekulized atoms: 1 2 3 4 5
[13:50:52] Can't kekulize mol.  Unkekulized atoms: 3 4 5 6 7
[13:50:53] Can't kekulize mol.  Unkekulized atoms: 1 2 3 4 5
[13:50:53] WARNING: not removing hydrogen atom without neighbors
[13:50:54] Can't kekulize mol.  Unkekulized atoms: 1 2 3 4 5
[13:50:54] Explicit valence for atom # 6 O, 3, is greater than permitted
[13:50:54] Explicit valence for atom # 3 Si, 8, is greater than permitted
[13:50:54] Explicit valence for atom # 0 Cl, 2, is greater than permitted
[13:51:54] Can't kekulize mol.  Unkekulized atoms: 1 2 3 4 5
[13:51:54] Explicit valence for atom # 0 Cl, 2, is greater than permitted
[13:51:55] Can't kekulize mol.  Unkekulized atoms: 3 4 5 6 7
[13:51:56] Can't kekulize mol.  Unkekulized atoms: 3 4 5 6 7
[13:51:58] Can't kekulize mol.  Unkekulized atoms: 1 2 3 4 5
[13:51:58] Can't kekulize mol.  Unkekulized atoms: 3 4 5 6 7
[13:51:58] Can't kekulize mol.  Unkekulized atoms: 1 2 3 4 5
[13:51:59] WARNING: not removing hydrogen atom without neighbors
[13:51:59] Can't kekulize mol.  Unkekulized atoms: 1 2 3 4 5
[13:51:59] Explicit valence for atom # 6 O, 3, is greater than permitted
[13:51:59] Explicit valence for atom # 3 Si, 8, is greater than permitted
[13:51:59] Explicit valence for atom # 0 Cl, 2, is greater than permitted
[13:52:56] Can't kekulize mol.  Unkekulized atoms: 1 2 3 4 5
[13:52:56] Explicit valence for atom # 0 Cl, 2, is greater than permitted
[13:52:57] Can't kekulize mol.  Unkekulized atoms: 3 4 5 6 7
[13:52:57] Can't kekulize mol.  Unkekulized atoms: 3 4 5 6 7
[13:53:00] Can't kekulize mol.  Unkekulized atoms: 1 2 3 4 5
[13:53:00] Can't kekulize mol.  Unkekulized atoms: 3 4 5 6 7
[13:53:00] Can't kekulize mol.  Unkekulized atoms: 1 2 3 4 5
[13:53:00] WARNING: not removing hydrogen atom without neighbors
[13:53:01] Can't kekulize mol.  Unkekulized atoms: 1 2 3 4 5
[13:53:01] Explicit valence for atom # 6 O, 3, is greater than permitted
[13:53:01] Explicit valence for atom # 3 Si, 8, is greater than permitted
[13:53:01] Explicit valence for atom # 0 Cl, 2, is greater than permitted
[13:54:00] Can't kekulize mol.  Unkekulized atoms: 1 2 3 4 5
[13:54:00] Explicit valence for atom # 0 Cl, 2, is greater than permitted
[13:54:01] Can't kekulize mol.  Unkekulized atoms: 3 4 5 6 7
[13:54:02] Can't kekulize mol.  Unkekulized atoms: 3 4 5 6 7
[13:54:04] Can't kekulize mol.  Unkekulized atoms: 1 2 3 4 5
[13:54:04] Can't kekulize mol.  Unkekulized atoms: 3 4 5 6 7
[13:54:05] Can't kekulize mol.  Unkekulized atoms: 1 2 3 4 5
[13:54:05] WARNING: not removing hydrogen atom without neighbors
[13:54:05] Can't kekulize mol.  Unkekulized atoms: 1 2 3 4 5
[13:54:05] Explicit valence for atom # 6 O, 3, is greater than permitted
[13:54:05] Explicit valence for atom # 3 Si, 8, is greater than permitted
[13:54:06] Explicit valence for atom # 0 Cl, 2, is greater than permitted
[13:54:06] Can't kekulize mol.  Unkekulized atoms: 1 2 3 4 5
[13:54:06] Explicit valence for atom # 0 Cl, 2, is greater than permitted
[13:54:07] Can't kekulize mol.  Unkekulized atoms: 3 4 5 6 7
[13:54:08] Can't kekulize mol.  Unkekulized atoms: 3 4 5 6 7
[13:54:10] Can't kekulize mol.  Unkekulized atoms: 1 2 3 4 5
[13:54:10] Can't kekulize mol.  Unkekulized atoms: 3 4 5 6 7
[13:54:11] Can't kekulize mol.  Unkekulized atoms: 1 2 3 4 5
[13:54:11] WARNING: not removing hydrogen atom without neighbors
[13:54:11] Can't kekulize mol.  Unkekulized atoms: 1 2 3 4 5
[13:54:11] Explicit valence for atom # 6 O, 3, is greater than permitted
[13:54:11] Explicit valence for atom # 3 Si, 8, is greater than permitted
[13:54:12] Explicit valence for atom # 0 Cl, 2, is greater than permitted
