[2/4] Pretraining on Supplemental_Material_2_TrainingSet using GIN...
  * Pretrained model already exists at model_save/pretrained/gin/Pretrained_Supplemental_Material_2_TrainingSet_gin.pth, loading...
[3/4] Finetuning on ATG_ERa_TRANS using GIN...
[Fine-tune] Epoch 1/50 - Loss: 0.5807 - Val F1: 0.4104 - Val ROC-AUC: 0.7260 - Val PR-AUC: 0.4254
[Fine-tune] Epoch 2/50 - Loss: 0.5685 - Val F1: 0.4587 - Val ROC-AUC: 0.7462 - Val PR-AUC: 0.4788
[Fine-tune] Epoch 3/50 - Loss: 0.5528 - Val F1: 0.4645 - Val ROC-AUC: 0.7438 - Val PR-AUC: 0.4882
[Fine-tune] Epoch 4/50 - Loss: 0.5478 - Val F1: 0.4355 - Val ROC-AUC: 0.7453 - Val PR-AUC: 0.4986
[Fine-tune] Epoch 5/50 - Loss: 0.5250 - Val F1: 0.4808 - Val ROC-AUC: 0.7537 - Val PR-AUC: 0.5053
[Fine-tune] Epoch 6/50 - Loss: 0.4997 - Val F1: 0.4767 - Val ROC-AUC: 0.7392 - Val PR-AUC: 0.4628
[Fine-tune] Epoch 7/50 - Loss: 0.4898 - Val F1: 0.4789 - Val ROC-AUC: 0.7472 - Val PR-AUC: 0.4947
[Fine-tune] Epoch 8/50 - Loss: 0.4858 - Val F1: 0.4878 - Val ROC-AUC: 0.7356 - Val PR-AUC: 0.5036
[Fine-tune] Epoch 9/50 - Loss: 0.4896 - Val F1: 0.5217 - Val ROC-AUC: 0.7450 - Val PR-AUC: 0.4589
[Fine-tune] Epoch 10/50 - Loss: 0.4798 - Val F1: 0.5000 - Val ROC-AUC: 0.7493 - Val PR-AUC: 0.5127
[Fine-tune] Epoch 11/50 - Loss: 0.4594 - Val F1: 0.5085 - Val ROC-AUC: 0.7561 - Val PR-AUC: 0.5224
[Fine-tune] Epoch 12/50 - Loss: 0.4516 - Val F1: 0.4772 - Val ROC-AUC: 0.7321 - Val PR-AUC: 0.4808
[Fine-tune] Epoch 13/50 - Loss: 0.4628 - Val F1: 0.5217 - Val ROC-AUC: 0.7488 - Val PR-AUC: 0.5346
[Fine-tune] Epoch 14/50 - Loss: 0.4317 - Val F1: 0.5207 - Val ROC-AUC: 0.7379 - Val PR-AUC: 0.5198
[Fine-tune] Epoch 15/50 - Loss: 0.4379 - Val F1: 0.5393 - Val ROC-AUC: 0.7443 - Val PR-AUC: 0.5106
[Fine-tune] Epoch 16/50 - Loss: 0.4186 - Val F1: 0.5405 - Val ROC-AUC: 0.7443 - Val PR-AUC: 0.5157
[Fine-tune] Epoch 17/50 - Loss: 0.4326 - Val F1: 0.5000 - Val ROC-AUC: 0.7352 - Val PR-AUC: 0.4874
[Fine-tune] Epoch 18/50 - Loss: 0.4285 - Val F1: 0.4916 - Val ROC-AUC: 0.7462 - Val PR-AUC: 0.5118
[Fine-tune] Epoch 19/50 - Loss: 0.4358 - Val F1: 0.4571 - Val ROC-AUC: 0.7320 - Val PR-AUC: 0.4932
[Fine-tune] Epoch 20/50 - Loss: 0.4000 - Val F1: 0.4886 - Val ROC-AUC: 0.7107 - Val PR-AUC: 0.4784
[Fine-tune] Epoch 21/50 - Loss: 0.3922 - Val F1: 0.5083 - Val ROC-AUC: 0.7275 - Val PR-AUC: 0.4866
[Fine-tune] Epoch 22/50 - Loss: 0.3739 - Val F1: 0.5031 - Val ROC-AUC: 0.7195 - Val PR-AUC: 0.4792
[Fine-tune] Epoch 23/50 - Loss: 0.3874 - Val F1: 0.4831 - Val ROC-AUC: 0.7270 - Val PR-AUC: 0.4994
[Fine-tune] Epoch 24/50 - Loss: 0.3934 - Val F1: 0.5455 - Val ROC-AUC: 0.7376 - Val PR-AUC: 0.4972
[Fine-tune] Epoch 25/50 - Loss: 0.3807 - Val F1: 0.4891 - Val ROC-AUC: 0.7222 - Val PR-AUC: 0.4864
[Fine-tune] Epoch 26/50 - Loss: 0.3624 - Val F1: 0.4681 - Val ROC-AUC: 0.7295 - Val PR-AUC: 0.4811
[Fine-tune] Epoch 27/50 - Loss: 0.3768 - Val F1: 0.5269 - Val ROC-AUC: 0.7316 - Val PR-AUC: 0.4912
[Fine-tune] Epoch 28/50 - Loss: 0.3614 - Val F1: 0.4783 - Val ROC-AUC: 0.7189 - Val PR-AUC: 0.4904
[Fine-tune] Epoch 29/50 - Loss: 0.3695 - Val F1: 0.5000 - Val ROC-AUC: 0.7155 - Val PR-AUC: 0.4868
[Fine-tune] Epoch 30/50 - Loss: 0.3757 - Val F1: 0.4852 - Val ROC-AUC: 0.7176 - Val PR-AUC: 0.4634
[Fine-tune] Epoch 31/50 - Loss: 0.3396 - Val F1: 0.5091 - Val ROC-AUC: 0.7185 - Val PR-AUC: 0.4796
[Fine-tune] Epoch 32/50 - Loss: 0.3358 - Val F1: 0.5000 - Val ROC-AUC: 0.7100 - Val PR-AUC: 0.4807
[Fine-tune] Epoch 33/50 - Loss: 0.3596 - Val F1: 0.5116 - Val ROC-AUC: 0.7212 - Val PR-AUC: 0.4944
[Fine-tune] Epoch 34/50 - Loss: 0.3346 - Val F1: 0.4615 - Val ROC-AUC: 0.7104 - Val PR-AUC: 0.4872
[Fine-tune] Epoch 35/50 - Loss: 0.3312 - Val F1: 0.5091 - Val ROC-AUC: 0.7197 - Val PR-AUC: 0.4843
[Fine-tune] Epoch 36/50 - Loss: 0.3328 - Val F1: 0.4972 - Val ROC-AUC: 0.7105 - Val PR-AUC: 0.4561
[Fine-tune] Epoch 37/50 - Loss: 0.3447 - Val F1: 0.5119 - Val ROC-AUC: 0.7158 - Val PR-AUC: 0.4776
[Fine-tune] Epoch 38/50 - Loss: 0.3382 - Val F1: 0.4938 - Val ROC-AUC: 0.7151 - Val PR-AUC: 0.4786
[Fine-tune] Epoch 39/50 - Loss: 0.3269 - Val F1: 0.4884 - Val ROC-AUC: 0.7126 - Val PR-AUC: 0.4785
[Fine-tune] Epoch 40/50 - Loss: 0.3404 - Val F1: 0.4937 - Val ROC-AUC: 0.7183 - Val PR-AUC: 0.4843
[Fine-tune] Epoch 41/50 - Loss: 0.3219 - Val F1: 0.4970 - Val ROC-AUC: 0.7111 - Val PR-AUC: 0.4752
[Fine-tune] Epoch 42/50 - Loss: 0.3053 - Val F1: 0.5000 - Val ROC-AUC: 0.7064 - Val PR-AUC: 0.4609
[Fine-tune] Epoch 43/50 - Loss: 0.3337 - Val F1: 0.4681 - Val ROC-AUC: 0.7057 - Val PR-AUC: 0.4735
[Fine-tune] Epoch 44/50 - Loss: 0.3217 - Val F1: 0.5030 - Val ROC-AUC: 0.7123 - Val PR-AUC: 0.4908
[Fine-tune] Epoch 45/50 - Loss: 0.3193 - Val F1: 0.4634 - Val ROC-AUC: 0.7094 - Val PR-AUC: 0.4835
[Fine-tune] Epoch 46/50 - Loss: 0.3303 - Val F1: 0.5063 - Val ROC-AUC: 0.7082 - Val PR-AUC: 0.4747
[Fine-tune] Epoch 47/50 - Loss: 0.3168 - Val F1: 0.4910 - Val ROC-AUC: 0.7104 - Val PR-AUC: 0.4860
[Fine-tune] Epoch 48/50 - Loss: 0.3057 - Val F1: 0.4778 - Val ROC-AUC: 0.7038 - Val PR-AUC: 0.4718
[Fine-tune] Epoch 49/50 - Loss: 0.3060 - Val F1: 0.5235 - Val ROC-AUC: 0.7145 - Val PR-AUC: 0.4890
[Fine-tune] Epoch 50/50 - Loss: 0.3195 - Val F1: 0.4910 - Val ROC-AUC: 0.7093 - Val PR-AUC: 0.4681
Finetuning completed. Test F1: 0.4633, ROC-AUC: 0.7537, PR-AUC: 0.4733
[3.1/4] Target-only training on ATG_ERa_TRANS using GIN...
  * Target-only 모델 이미 존재: model_save/targetonly/gin/TargetOnly_ATG_ERa_TRANS_gin.pth
  * Target-only 생략, 저장된 모델로 평가만 진행
=== Target-only TEST performance ===
Test F1: 0.4649, ROC-AUC: 0.7264, PR-AUC: 0.4372
✅ 실험 완료: Supplemental_Material_2_TrainingSet -> ATG_ERa_TRANS [GIN]
