[1/4] Excel → CSV 변환 중...
Saved pretrain CSV for TOX21_ERa_BLA_Antagonist_ratio: data/sample/TOX21_ERa_BLA_Antagonist_ratio.csv
Saved pretrain CSV for TOX21_ERa_LUC_VM7_Agonist: data/sample/TOX21_ERa_LUC_VM7_Agonist.csv
Saved pretrain CSV for TOX21_ERa_BLA_Antagonist_viability: data/sample/TOX21_ERa_BLA_Antagonist_viability.csv
Saved pretrain CSV for TOX21_ERa_LUC_VM7_Antagonist_0.5nM_E2: data/sample/TOX21_ERa_LUC_VM7_Antagonist_0.5nM_E2.csv
Saved pretrain CSV for TOX21_ERa_BLA_Antagonist_ch2: data/sample/TOX21_ERa_BLA_Antagonist_ch2.csv
Saved pretrain CSV for TOX21_ERa_BLA_Antagonist_ch1: data/sample/TOX21_ERa_BLA_Antagonist_ch1.csv
Saved pretrain CSV for TOX21_ERa_LUC_VM7_Antagonist_0.5nM_E2_viability: data/sample/TOX21_ERa_LUC_VM7_Antagonist_0.5nM_E2_viability.csv
Saved pretrain CSV for TOX21_ERa_BLA_Agonist_ch2: data/sample/TOX21_ERa_BLA_Agonist_ch2.csv
Saved pretrain CSV for TOX21_ERa_BLA_Agonist_ch1: data/sample/TOX21_ERa_BLA_Agonist_ch1.csv
Saved pretrain CSV for TOX21_ERa_BLA_Agonist_ratio: data/sample/TOX21_ERa_BLA_Agonist_ratio.csv
Saved pretrain CSV for TOX21_ERb_BLA_Antagonist_ch1: data/sample/TOX21_ERb_BLA_Antagonist_ch1.csv
Saved pretrain CSV for TOX21_ERb_BLA_Antagonist_ch2: data/sample/TOX21_ERb_BLA_Antagonist_ch2.csv
Saved pretrain CSV for TOX21_ERb_BLA_Agonist_viability: data/sample/TOX21_ERb_BLA_Agonist_viability.csv
Saved pretrain CSV for TOX21_ERb_BLA_Agonist_ratio: data/sample/TOX21_ERb_BLA_Agonist_ratio.csv
Saved pretrain CSV for TOX21_ERb_BLA_Agonist_ch2: data/sample/TOX21_ERb_BLA_Agonist_ch2.csv
Saved pretrain CSV for TOX21_ERb_BLA_Agonist_ch1: data/sample/TOX21_ERb_BLA_Agonist_ch1.csv
Saved pretrain CSV for TOX21_ERR_LUC_Agonist: data/sample/TOX21_ERR_LUC_Agonist.csv
Saved pretrain CSV for TOX21_ERa_LUC_VM7_Agonist_10nM_ICI182780_viability: data/sample/TOX21_ERa_LUC_VM7_Agonist_10nM_ICI182780_viability.csv
Saved pretrain CSV for TOX21_ERa_LUC_VM7_Antagonist_0.1nM_E2: data/sample/TOX21_ERa_LUC_VM7_Antagonist_0.1nM_E2.csv
Saved pretrain CSV for TOX21_ERb_BLA_Antagonist_ratio: data/sample/TOX21_ERb_BLA_Antagonist_ratio.csv
Saved pretrain CSV for TOX21_ERa_LUC_VM7_Agonist_10nM_ICI182780: data/sample/TOX21_ERa_LUC_VM7_Agonist_10nM_ICI182780.csv
Saved pretrain CSV for TOX21_ERR_LUC_viability: data/sample/TOX21_ERR_LUC_viability.csv
Saved pretrain CSV for TOX21_ERR_LUC_Antagonist: data/sample/TOX21_ERR_LUC_Antagonist.csv
Saved pretrain CSV for TOX21_ERa_LUC_VM7_Antagonist_0.1nM_E2_viability: data/sample/TOX21_ERa_LUC_VM7_Antagonist_0.1nM_E2_viability.csv
Saved pretrain CSV for TOX21_ERb_BLA_Antagonist_viability: data/sample/TOX21_ERb_BLA_Antagonist_viability.csv
Saved finetune CSV for TOX21_ERa_BLA_Antagonist_ratio: data/sample/TOX21_ERa_BLA_Antagonist_ratio.csv
Saved finetune CSV for TOX21_ERa_LUC_VM7_Agonist: data/sample/TOX21_ERa_LUC_VM7_Agonist.csv
Saved finetune CSV for TOX21_ERa_BLA_Antagonist_viability: data/sample/TOX21_ERa_BLA_Antagonist_viability.csv
Saved finetune CSV for TOX21_ERa_LUC_VM7_Antagonist_0.5nM_E2: data/sample/TOX21_ERa_LUC_VM7_Antagonist_0.5nM_E2.csv
Saved finetune CSV for TOX21_ERa_BLA_Antagonist_ch2: data/sample/TOX21_ERa_BLA_Antagonist_ch2.csv
Saved finetune CSV for TOX21_ERa_BLA_Antagonist_ch1: data/sample/TOX21_ERa_BLA_Antagonist_ch1.csv
Saved finetune CSV for TOX21_ERa_LUC_VM7_Antagonist_0.5nM_E2_viability: data/sample/TOX21_ERa_LUC_VM7_Antagonist_0.5nM_E2_viability.csv
Saved finetune CSV for TOX21_ERa_BLA_Agonist_ch2: data/sample/TOX21_ERa_BLA_Agonist_ch2.csv
Saved finetune CSV for TOX21_ERa_BLA_Agonist_ch1: data/sample/TOX21_ERa_BLA_Agonist_ch1.csv
Saved finetune CSV for TOX21_ERa_BLA_Agonist_ratio: data/sample/TOX21_ERa_BLA_Agonist_ratio.csv
Saved finetune CSV for TOX21_ERb_BLA_Antagonist_ch1: data/sample/TOX21_ERb_BLA_Antagonist_ch1.csv
Saved finetune CSV for TOX21_ERb_BLA_Antagonist_ch2: data/sample/TOX21_ERb_BLA_Antagonist_ch2.csv
Saved finetune CSV for TOX21_ERb_BLA_Agonist_viability: data/sample/TOX21_ERb_BLA_Agonist_viability.csv
Saved finetune CSV for TOX21_ERb_BLA_Agonist_ratio: data/sample/TOX21_ERb_BLA_Agonist_ratio.csv
Saved finetune CSV for TOX21_ERb_BLA_Agonist_ch2: data/sample/TOX21_ERb_BLA_Agonist_ch2.csv
Saved finetune CSV for TOX21_ERb_BLA_Agonist_ch1: data/sample/TOX21_ERb_BLA_Agonist_ch1.csv
Saved finetune CSV for TOX21_ERR_LUC_Agonist: data/sample/TOX21_ERR_LUC_Agonist.csv
Saved finetune CSV for TOX21_ERa_LUC_VM7_Agonist_10nM_ICI182780_viability: data/sample/TOX21_ERa_LUC_VM7_Agonist_10nM_ICI182780_viability.csv
Saved finetune CSV for TOX21_ERa_LUC_VM7_Antagonist_0.1nM_E2: data/sample/TOX21_ERa_LUC_VM7_Antagonist_0.1nM_E2.csv
Saved finetune CSV for TOX21_ERb_BLA_Antagonist_ratio: data/sample/TOX21_ERb_BLA_Antagonist_ratio.csv
Saved finetune CSV for TOX21_ERa_LUC_VM7_Agonist_10nM_ICI182780: data/sample/TOX21_ERa_LUC_VM7_Agonist_10nM_ICI182780.csv
Saved finetune CSV for TOX21_ERR_LUC_viability: data/sample/TOX21_ERR_LUC_viability.csv
Saved finetune CSV for TOX21_ERR_LUC_Antagonist: data/sample/TOX21_ERR_LUC_Antagonist.csv
Saved finetune CSV for TOX21_ERa_LUC_VM7_Antagonist_0.1nM_E2_viability: data/sample/TOX21_ERa_LUC_VM7_Antagonist_0.1nM_E2_viability.csv
Saved finetune CSV for TOX21_ERb_BLA_Antagonist_viability: data/sample/TOX21_ERb_BLA_Antagonist_viability.csv
[2/4] Pretraining on TOX21_ERa_BLA_Antagonist_ratio using GIN_GCN...
Epoch 1/50 - Loss: 0.6374 - Val F1: 0.2967 - Val ROC-AUC: 0.6701 - Val PR-AUC: 0.1881
Epoch 2/50 - Loss: 0.5966 - Val F1: 0.3591 - Val ROC-AUC: 0.7219 - Val PR-AUC: 0.2780
Epoch 3/50 - Loss: 0.5742 - Val F1: 0.3357 - Val ROC-AUC: 0.7136 - Val PR-AUC: 0.2470
Epoch 4/50 - Loss: 0.5634 - Val F1: 0.3484 - Val ROC-AUC: 0.7608 - Val PR-AUC: 0.2856
Epoch 5/50 - Loss: 0.5461 - Val F1: 0.3043 - Val ROC-AUC: 0.7453 - Val PR-AUC: 0.2582
Epoch 6/50 - Loss: 0.5435 - Val F1: 0.3890 - Val ROC-AUC: 0.7537 - Val PR-AUC: 0.2767
Epoch 7/50 - Loss: 0.5360 - Val F1: 0.3852 - Val ROC-AUC: 0.7870 - Val PR-AUC: 0.2999
Epoch 8/50 - Loss: 0.5280 - Val F1: 0.3747 - Val ROC-AUC: 0.7761 - Val PR-AUC: 0.2892
Epoch 9/50 - Loss: 0.5092 - Val F1: 0.3807 - Val ROC-AUC: 0.7698 - Val PR-AUC: 0.2853
Epoch 10/50 - Loss: 0.5046 - Val F1: 0.3798 - Val ROC-AUC: 0.7697 - Val PR-AUC: 0.2866
Epoch 11/50 - Loss: 0.4955 - Val F1: 0.4235 - Val ROC-AUC: 0.8005 - Val PR-AUC: 0.3379
Epoch 12/50 - Loss: 0.4842 - Val F1: 0.4174 - Val ROC-AUC: 0.7951 - Val PR-AUC: 0.3309
Epoch 13/50 - Loss: 0.4741 - Val F1: 0.4069 - Val ROC-AUC: 0.8002 - Val PR-AUC: 0.3265
Epoch 14/50 - Loss: 0.4652 - Val F1: 0.3812 - Val ROC-AUC: 0.7997 - Val PR-AUC: 0.3331
Epoch 15/50 - Loss: 0.4568 - Val F1: 0.4020 - Val ROC-AUC: 0.7918 - Val PR-AUC: 0.3222
Epoch 16/50 - Loss: 0.4595 - Val F1: 0.4000 - Val ROC-AUC: 0.8002 - Val PR-AUC: 0.3479
Epoch 17/50 - Loss: 0.4471 - Val F1: 0.4353 - Val ROC-AUC: 0.8049 - Val PR-AUC: 0.3366
Epoch 18/50 - Loss: 0.4589 - Val F1: 0.4069 - Val ROC-AUC: 0.7940 - Val PR-AUC: 0.3124
Epoch 19/50 - Loss: 0.4490 - Val F1: 0.3861 - Val ROC-AUC: 0.7833 - Val PR-AUC: 0.3172
Epoch 20/50 - Loss: 0.4436 - Val F1: 0.4108 - Val ROC-AUC: 0.8026 - Val PR-AUC: 0.3220
Epoch 21/50 - Loss: 0.4257 - Val F1: 0.4225 - Val ROC-AUC: 0.8065 - Val PR-AUC: 0.3298
Epoch 22/50 - Loss: 0.4053 - Val F1: 0.4178 - Val ROC-AUC: 0.8119 - Val PR-AUC: 0.3393
Epoch 23/50 - Loss: 0.3951 - Val F1: 0.4083 - Val ROC-AUC: 0.8029 - Val PR-AUC: 0.3326
Epoch 24/50 - Loss: 0.3960 - Val F1: 0.4096 - Val ROC-AUC: 0.8002 - Val PR-AUC: 0.3361
Epoch 25/50 - Loss: 0.4101 - Val F1: 0.3951 - Val ROC-AUC: 0.8015 - Val PR-AUC: 0.3419
Epoch 26/50 - Loss: 0.3960 - Val F1: 0.3924 - Val ROC-AUC: 0.7999 - Val PR-AUC: 0.3407
Epoch 27/50 - Loss: 0.3996 - Val F1: 0.4605 - Val ROC-AUC: 0.8038 - Val PR-AUC: 0.3580
Epoch 28/50 - Loss: 0.3930 - Val F1: 0.4169 - Val ROC-AUC: 0.8060 - Val PR-AUC: 0.3523
Epoch 29/50 - Loss: 0.3968 - Val F1: 0.4255 - Val ROC-AUC: 0.8039 - Val PR-AUC: 0.3235
Epoch 30/50 - Loss: 0.3944 - Val F1: 0.3926 - Val ROC-AUC: 0.7907 - Val PR-AUC: 0.3207
Epoch 31/50 - Loss: 0.3757 - Val F1: 0.4106 - Val ROC-AUC: 0.8015 - Val PR-AUC: 0.3332
Epoch 32/50 - Loss: 0.3683 - Val F1: 0.4110 - Val ROC-AUC: 0.8007 - Val PR-AUC: 0.3278
Epoch 33/50 - Loss: 0.3606 - Val F1: 0.4307 - Val ROC-AUC: 0.8113 - Val PR-AUC: 0.3497
Epoch 34/50 - Loss: 0.3511 - Val F1: 0.4176 - Val ROC-AUC: 0.8062 - Val PR-AUC: 0.3452
Epoch 35/50 - Loss: 0.3451 - Val F1: 0.4128 - Val ROC-AUC: 0.8008 - Val PR-AUC: 0.3419
Epoch 36/50 - Loss: 0.3482 - Val F1: 0.4171 - Val ROC-AUC: 0.8082 - Val PR-AUC: 0.3533
Epoch 37/50 - Loss: 0.3442 - Val F1: 0.4114 - Val ROC-AUC: 0.8081 - Val PR-AUC: 0.3518
Epoch 38/50 - Loss: 0.3661 - Val F1: 0.4281 - Val ROC-AUC: 0.8053 - Val PR-AUC: 0.3431
Epoch 39/50 - Loss: 0.3562 - Val F1: 0.4230 - Val ROC-AUC: 0.7906 - Val PR-AUC: 0.3141
Epoch 40/50 - Loss: 0.3344 - Val F1: 0.4390 - Val ROC-AUC: 0.8088 - Val PR-AUC: 0.3321
Epoch 41/50 - Loss: 0.3279 - Val F1: 0.4259 - Val ROC-AUC: 0.8044 - Val PR-AUC: 0.3367
Epoch 42/50 - Loss: 0.3411 - Val F1: 0.4389 - Val ROC-AUC: 0.8054 - Val PR-AUC: 0.3370
Epoch 43/50 - Loss: 0.3329 - Val F1: 0.4389 - Val ROC-AUC: 0.8073 - Val PR-AUC: 0.3393
Epoch 44/50 - Loss: 0.3249 - Val F1: 0.4424 - Val ROC-AUC: 0.8043 - Val PR-AUC: 0.3362
Epoch 45/50 - Loss: 0.3195 - Val F1: 0.4438 - Val ROC-AUC: 0.8072 - Val PR-AUC: 0.3350
Epoch 46/50 - Loss: 0.3183 - Val F1: 0.4368 - Val ROC-AUC: 0.8130 - Val PR-AUC: 0.3501
Epoch 47/50 - Loss: 0.3225 - Val F1: 0.4430 - Val ROC-AUC: 0.8100 - Val PR-AUC: 0.3464
Epoch 48/50 - Loss: 0.3125 - Val F1: 0.4361 - Val ROC-AUC: 0.8074 - Val PR-AUC: 0.3420
Epoch 49/50 - Loss: 0.3099 - Val F1: 0.4369 - Val ROC-AUC: 0.8091 - Val PR-AUC: 0.3415
Epoch 50/50 - Loss: 0.3170 - Val F1: 0.4340 - Val ROC-AUC: 0.8038 - Val PR-AUC: 0.3302
Pretraining completed. Test F1: 0.4437, ROC-AUC: 0.7966, PR-AUC: 0.3988
[3/4] Finetuning on TOX21_ERa_BLA_Antagonist_viability using GIN_GCN...
[Fine-tune] Epoch 1/50 - Loss: 0.4123 - Val F1: 0.1993 - Val ROC-AUC: 0.8595 - Val PR-AUC: 0.2128
[Fine-tune] Epoch 2/50 - Loss: 0.3498 - Val F1: 0.2418 - Val ROC-AUC: 0.8525 - Val PR-AUC: 0.2554
[Fine-tune] Epoch 3/50 - Loss: 0.3019 - Val F1: 0.2100 - Val ROC-AUC: 0.8455 - Val PR-AUC: 0.2118
[Fine-tune] Epoch 4/50 - Loss: 0.2798 - Val F1: 0.2405 - Val ROC-AUC: 0.8484 - Val PR-AUC: 0.1862
[Fine-tune] Epoch 5/50 - Loss: 0.2723 - Val F1: 0.2121 - Val ROC-AUC: 0.8418 - Val PR-AUC: 0.2661
[Fine-tune] Epoch 6/50 - Loss: 0.2561 - Val F1: 0.2147 - Val ROC-AUC: 0.8246 - Val PR-AUC: 0.2165
[Fine-tune] Epoch 7/50 - Loss: 0.2579 - Val F1: 0.2353 - Val ROC-AUC: 0.7879 - Val PR-AUC: 0.1892
[Fine-tune] Epoch 8/50 - Loss: 0.2252 - Val F1: 0.2264 - Val ROC-AUC: 0.8191 - Val PR-AUC: 0.2023
[Fine-tune] Epoch 9/50 - Loss: 0.2277 - Val F1: 0.2281 - Val ROC-AUC: 0.8255 - Val PR-AUC: 0.1826
[Fine-tune] Epoch 10/50 - Loss: 0.2322 - Val F1: 0.2748 - Val ROC-AUC: 0.8414 - Val PR-AUC: 0.2148
[Fine-tune] Epoch 11/50 - Loss: 0.1730 - Val F1: 0.2276 - Val ROC-AUC: 0.8024 - Val PR-AUC: 0.1784
[Fine-tune] Epoch 12/50 - Loss: 0.1683 - Val F1: 0.2545 - Val ROC-AUC: 0.8200 - Val PR-AUC: 0.2014
[Fine-tune] Epoch 13/50 - Loss: 0.1408 - Val F1: 0.2095 - Val ROC-AUC: 0.7955 - Val PR-AUC: 0.1474
[Fine-tune] Epoch 14/50 - Loss: 0.1511 - Val F1: 0.2680 - Val ROC-AUC: 0.8195 - Val PR-AUC: 0.1902
[Fine-tune] Epoch 15/50 - Loss: 0.1475 - Val F1: 0.2245 - Val ROC-AUC: 0.8175 - Val PR-AUC: 0.1964
[Fine-tune] Epoch 16/50 - Loss: 0.1355 - Val F1: 0.2941 - Val ROC-AUC: 0.8381 - Val PR-AUC: 0.2407
[Fine-tune] Epoch 17/50 - Loss: 0.1486 - Val F1: 0.3059 - Val ROC-AUC: 0.8039 - Val PR-AUC: 0.2198
[Fine-tune] Epoch 18/50 - Loss: 0.1239 - Val F1: 0.2435 - Val ROC-AUC: 0.7996 - Val PR-AUC: 0.1961
[Fine-tune] Epoch 19/50 - Loss: 0.1268 - Val F1: 0.2400 - Val ROC-AUC: 0.7862 - Val PR-AUC: 0.1641
[Fine-tune] Epoch 20/50 - Loss: 0.1262 - Val F1: 0.2609 - Val ROC-AUC: 0.7972 - Val PR-AUC: 0.1767
[Fine-tune] Epoch 21/50 - Loss: 0.0948 - Val F1: 0.2500 - Val ROC-AUC: 0.7910 - Val PR-AUC: 0.1659
[Fine-tune] Epoch 22/50 - Loss: 0.0933 - Val F1: 0.2933 - Val ROC-AUC: 0.8056 - Val PR-AUC: 0.2003
[Fine-tune] Epoch 23/50 - Loss: 0.0930 - Val F1: 0.2778 - Val ROC-AUC: 0.7919 - Val PR-AUC: 0.1964
[Fine-tune] Epoch 24/50 - Loss: 0.0873 - Val F1: 0.2500 - Val ROC-AUC: 0.8062 - Val PR-AUC: 0.1905
[Fine-tune] Epoch 25/50 - Loss: 0.0819 - Val F1: 0.2824 - Val ROC-AUC: 0.7901 - Val PR-AUC: 0.2090
[Fine-tune] Epoch 26/50 - Loss: 0.0818 - Val F1: 0.2597 - Val ROC-AUC: 0.7674 - Val PR-AUC: 0.1682
[Fine-tune] Epoch 27/50 - Loss: 0.0782 - Val F1: 0.2817 - Val ROC-AUC: 0.7962 - Val PR-AUC: 0.1688
[Fine-tune] Epoch 28/50 - Loss: 0.0772 - Val F1: 0.2963 - Val ROC-AUC: 0.8039 - Val PR-AUC: 0.2289
[Fine-tune] Epoch 29/50 - Loss: 0.0810 - Val F1: 0.2892 - Val ROC-AUC: 0.7762 - Val PR-AUC: 0.1991
[Fine-tune] Epoch 30/50 - Loss: 0.0840 - Val F1: 0.3038 - Val ROC-AUC: 0.7819 - Val PR-AUC: 0.2069
[Fine-tune] Epoch 31/50 - Loss: 0.0701 - Val F1: 0.2824 - Val ROC-AUC: 0.7780 - Val PR-AUC: 0.1994
[Fine-tune] Epoch 32/50 - Loss: 0.0727 - Val F1: 0.2750 - Val ROC-AUC: 0.7820 - Val PR-AUC: 0.1834
[Fine-tune] Epoch 33/50 - Loss: 0.0629 - Val F1: 0.2529 - Val ROC-AUC: 0.7900 - Val PR-AUC: 0.1868
[Fine-tune] Epoch 34/50 - Loss: 0.0559 - Val F1: 0.2500 - Val ROC-AUC: 0.7970 - Val PR-AUC: 0.1863
[Fine-tune] Epoch 35/50 - Loss: 0.0684 - Val F1: 0.2532 - Val ROC-AUC: 0.7849 - Val PR-AUC: 0.1842
[Fine-tune] Epoch 36/50 - Loss: 0.0584 - Val F1: 0.2857 - Val ROC-AUC: 0.7862 - Val PR-AUC: 0.1705
[Fine-tune] Epoch 37/50 - Loss: 0.0676 - Val F1: 0.3030 - Val ROC-AUC: 0.7757 - Val PR-AUC: 0.1701
[Fine-tune] Epoch 38/50 - Loss: 0.0567 - Val F1: 0.2985 - Val ROC-AUC: 0.7745 - Val PR-AUC: 0.1656
[Fine-tune] Epoch 39/50 - Loss: 0.0575 - Val F1: 0.2892 - Val ROC-AUC: 0.7803 - Val PR-AUC: 0.1738
[Fine-tune] Epoch 40/50 - Loss: 0.0653 - Val F1: 0.3038 - Val ROC-AUC: 0.7690 - Val PR-AUC: 0.1597
[Fine-tune] Epoch 41/50 - Loss: 0.0492 - Val F1: 0.2817 - Val ROC-AUC: 0.7750 - Val PR-AUC: 0.1710
[Fine-tune] Epoch 42/50 - Loss: 0.0581 - Val F1: 0.2778 - Val ROC-AUC: 0.7684 - Val PR-AUC: 0.1666
[Fine-tune] Epoch 43/50 - Loss: 0.0427 - Val F1: 0.2703 - Val ROC-AUC: 0.7762 - Val PR-AUC: 0.1623
