[13:15:11] Can't kekulize mol.  Unkekulized atoms: 1 2 3 4 5
[13:15:12] Explicit valence for atom # 0 Cl, 2, is greater than permitted
[13:15:13] Can't kekulize mol.  Unkekulized atoms: 3 4 5 6 7
[13:15:13] Can't kekulize mol.  Unkekulized atoms: 3 4 5 6 7
[13:15:14] WARNING: not removing hydrogen atom without neighbors
[13:15:16] Explicit valence for atom # 3 Si, 8, is greater than permitted
[13:15:16] Can't kekulize mol.  Unkekulized atoms: 1 2 3 4 5
[13:15:16] Can't kekulize mol.  Unkekulized atoms: 3 4 5 6 7
[13:15:16] Can't kekulize mol.  Unkekulized atoms: 1 2 3 4 5
[13:15:17] WARNING: not removing hydrogen atom without neighbors
[13:15:17] Can't kekulize mol.  Unkekulized atoms: 1 2 3 4 5
[13:15:17] Explicit valence for atom # 6 O, 3, is greater than permitted
[13:15:17] Explicit valence for atom # 3 Si, 8, is greater than permitted
[13:15:18] Explicit valence for atom # 0 Cl, 2, is greater than permitted
[13:16:20] Can't kekulize mol.  Unkekulized atoms: 1 2 3 4 5
[13:16:20] Explicit valence for atom # 0 Cl, 2, is greater than permitted
[13:16:21] Can't kekulize mol.  Unkekulized atoms: 3 4 5 6 7
[13:16:21] Can't kekulize mol.  Unkekulized atoms: 3 4 5 6 7
[13:16:24] Can't kekulize mol.  Unkekulized atoms: 1 2 3 4 5
[13:16:24] Can't kekulize mol.  Unkekulized atoms: 3 4 5 6 7
[13:16:24] Can't kekulize mol.  Unkekulized atoms: 1 2 3 4 5
[13:16:24] WARNING: not removing hydrogen atom without neighbors
[13:16:25] Can't kekulize mol.  Unkekulized atoms: 1 2 3 4 5
[13:16:25] Explicit valence for atom # 6 O, 3, is greater than permitted
[13:16:25] Explicit valence for atom # 3 Si, 8, is greater than permitted
[13:16:25] Explicit valence for atom # 0 Cl, 2, is greater than permitted
[13:17:23] Can't kekulize mol.  Unkekulized atoms: 1 2 3 4 5
[13:17:23] Explicit valence for atom # 0 Cl, 2, is greater than permitted
[13:17:24] Can't kekulize mol.  Unkekulized atoms: 3 4 5 6 7
[13:17:25] Can't kekulize mol.  Unkekulized atoms: 3 4 5 6 7
[13:17:27] Can't kekulize mol.  Unkekulized atoms: 1 2 3 4 5
[13:17:27] Can't kekulize mol.  Unkekulized atoms: 3 4 5 6 7
[13:17:27] Can't kekulize mol.  Unkekulized atoms: 1 2 3 4 5
[13:17:28] WARNING: not removing hydrogen atom without neighbors
[13:17:28] Can't kekulize mol.  Unkekulized atoms: 1 2 3 4 5
[13:17:28] Explicit valence for atom # 6 O, 3, is greater than permitted
[13:17:28] Explicit valence for atom # 3 Si, 8, is greater than permitted
[13:17:28] Explicit valence for atom # 0 Cl, 2, is greater than permitted
[13:18:31] Can't kekulize mol.  Unkekulized atoms: 1 2 3 4 5
[13:18:31] Explicit valence for atom # 0 Cl, 2, is greater than permitted
[13:18:32] Can't kekulize mol.  Unkekulized atoms: 3 4 5 6 7
[13:18:32] Can't kekulize mol.  Unkekulized atoms: 3 4 5 6 7
[13:18:35] Can't kekulize mol.  Unkekulized atoms: 1 2 3 4 5
[13:18:35] Can't kekulize mol.  Unkekulized atoms: 3 4 5 6 7
[13:18:35] Can't kekulize mol.  Unkekulized atoms: 1 2 3 4 5
[13:18:35] WARNING: not removing hydrogen atom without neighbors
[13:18:36] Can't kekulize mol.  Unkekulized atoms: 1 2 3 4 5
[13:18:36] Explicit valence for atom # 6 O, 3, is greater than permitted
[13:18:36] Explicit valence for atom # 3 Si, 8, is greater than permitted
[13:18:36] Explicit valence for atom # 0 Cl, 2, is greater than permitted
[13:18:37] Can't kekulize mol.  Unkekulized atoms: 1 2 3 4 5
[13:18:37] Explicit valence for atom # 0 Cl, 2, is greater than permitted
[13:18:38] Can't kekulize mol.  Unkekulized atoms: 3 4 5 6 7
[13:18:38] Can't kekulize mol.  Unkekulized atoms: 3 4 5 6 7
[13:18:41] Can't kekulize mol.  Unkekulized atoms: 1 2 3 4 5
[13:18:41] Can't kekulize mol.  Unkekulized atoms: 3 4 5 6 7
[13:18:41] Can't kekulize mol.  Unkekulized atoms: 1 2 3 4 5
[13:18:41] WARNING: not removing hydrogen atom without neighbors
[13:18:42] Can't kekulize mol.  Unkekulized atoms: 1 2 3 4 5
[13:18:42] Explicit valence for atom # 6 O, 3, is greater than permitted
[13:18:42] Explicit valence for atom # 3 Si, 8, is greater than permitted
[13:18:42] Explicit valence for atom # 0 Cl, 2, is greater than permitted
