[1/4] Excel → CSV 변환 중...
[2/4] Pretraining on TOX21_ERa_LUC_VM7_Agonist using GIN...
Epoch 1/50 - Loss: 0.6745 - Val F1: 0.2484 - Val ROC-AUC: 0.6301 - Val PR-AUC: 0.2245
Epoch 2/50 - Loss: 0.6467 - Val F1: 0.2708 - Val ROC-AUC: 0.6477 - Val PR-AUC: 0.2325
Epoch 3/50 - Loss: 0.6377 - Val F1: 0.3100 - Val ROC-AUC: 0.6404 - Val PR-AUC: 0.2438
Epoch 4/50 - Loss: 0.6338 - Val F1: 0.3102 - Val ROC-AUC: 0.6798 - Val PR-AUC: 0.2613
Epoch 5/50 - Loss: 0.6216 - Val F1: 0.2684 - Val ROC-AUC: 0.6833 - Val PR-AUC: 0.2659
Epoch 6/50 - Loss: 0.6202 - Val F1: 0.2923 - Val ROC-AUC: 0.6863 - Val PR-AUC: 0.2666
Epoch 7/50 - Loss: 0.6170 - Val F1: 0.2818 - Val ROC-AUC: 0.6914 - Val PR-AUC: 0.3145
Epoch 8/50 - Loss: 0.6025 - Val F1: 0.2561 - Val ROC-AUC: 0.6673 - Val PR-AUC: 0.2336
Epoch 9/50 - Loss: 0.6042 - Val F1: 0.3407 - Val ROC-AUC: 0.6950 - Val PR-AUC: 0.2986
Epoch 10/50 - Loss: 0.5886 - Val F1: 0.2960 - Val ROC-AUC: 0.6768 - Val PR-AUC: 0.2760
Epoch 11/50 - Loss: 0.5736 - Val F1: 0.3185 - Val ROC-AUC: 0.6782 - Val PR-AUC: 0.2910
Epoch 12/50 - Loss: 0.5734 - Val F1: 0.2980 - Val ROC-AUC: 0.6911 - Val PR-AUC: 0.3085
Epoch 13/50 - Loss: 0.5654 - Val F1: 0.3321 - Val ROC-AUC: 0.6776 - Val PR-AUC: 0.3037
Epoch 14/50 - Loss: 0.5556 - Val F1: 0.3214 - Val ROC-AUC: 0.6813 - Val PR-AUC: 0.2867
Epoch 15/50 - Loss: 0.5484 - Val F1: 0.2662 - Val ROC-AUC: 0.6565 - Val PR-AUC: 0.2657
Epoch 16/50 - Loss: 0.5490 - Val F1: 0.3158 - Val ROC-AUC: 0.6879 - Val PR-AUC: 0.2822
Epoch 17/50 - Loss: 0.5542 - Val F1: 0.2639 - Val ROC-AUC: 0.6797 - Val PR-AUC: 0.2754
Epoch 18/50 - Loss: 0.5329 - Val F1: 0.2932 - Val ROC-AUC: 0.6836 - Val PR-AUC: 0.3106
Epoch 19/50 - Loss: 0.5374 - Val F1: 0.3128 - Val ROC-AUC: 0.6771 - Val PR-AUC: 0.3046
Epoch 20/50 - Loss: 0.5268 - Val F1: 0.3333 - Val ROC-AUC: 0.6930 - Val PR-AUC: 0.3030
Epoch 21/50 - Loss: 0.5063 - Val F1: 0.2857 - Val ROC-AUC: 0.6781 - Val PR-AUC: 0.3294
Epoch 22/50 - Loss: 0.5011 - Val F1: 0.3141 - Val ROC-AUC: 0.6762 - Val PR-AUC: 0.3055
Epoch 23/50 - Loss: 0.5068 - Val F1: 0.3167 - Val ROC-AUC: 0.6848 - Val PR-AUC: 0.3308
Epoch 24/50 - Loss: 0.5017 - Val F1: 0.3086 - Val ROC-AUC: 0.6774 - Val PR-AUC: 0.3160
Epoch 25/50 - Loss: 0.4897 - Val F1: 0.3123 - Val ROC-AUC: 0.6911 - Val PR-AUC: 0.3314
Epoch 26/50 - Loss: 0.4803 - Val F1: 0.3303 - Val ROC-AUC: 0.6892 - Val PR-AUC: 0.3204
Epoch 27/50 - Loss: 0.4797 - Val F1: 0.3175 - Val ROC-AUC: 0.6843 - Val PR-AUC: 0.3072
Epoch 28/50 - Loss: 0.4728 - Val F1: 0.3094 - Val ROC-AUC: 0.6796 - Val PR-AUC: 0.3055
Epoch 29/50 - Loss: 0.4653 - Val F1: 0.3154 - Val ROC-AUC: 0.6843 - Val PR-AUC: 0.3185
Epoch 30/50 - Loss: 0.4525 - Val F1: 0.2970 - Val ROC-AUC: 0.6565 - Val PR-AUC: 0.2950
Epoch 31/50 - Loss: 0.4414 - Val F1: 0.3430 - Val ROC-AUC: 0.6805 - Val PR-AUC: 0.3121
Epoch 32/50 - Loss: 0.4535 - Val F1: 0.3382 - Val ROC-AUC: 0.6847 - Val PR-AUC: 0.3047
Epoch 33/50 - Loss: 0.4447 - Val F1: 0.3388 - Val ROC-AUC: 0.6836 - Val PR-AUC: 0.2987
Epoch 34/50 - Loss: 0.4295 - Val F1: 0.3261 - Val ROC-AUC: 0.6842 - Val PR-AUC: 0.3051
Epoch 35/50 - Loss: 0.4330 - Val F1: 0.3304 - Val ROC-AUC: 0.6783 - Val PR-AUC: 0.3061
Epoch 36/50 - Loss: 0.4287 - Val F1: 0.3151 - Val ROC-AUC: 0.6662 - Val PR-AUC: 0.2892
Epoch 37/50 - Loss: 0.4190 - Val F1: 0.3179 - Val ROC-AUC: 0.6780 - Val PR-AUC: 0.3172
Epoch 38/50 - Loss: 0.4132 - Val F1: 0.3314 - Val ROC-AUC: 0.6788 - Val PR-AUC: 0.2991
Epoch 39/50 - Loss: 0.4181 - Val F1: 0.3182 - Val ROC-AUC: 0.6911 - Val PR-AUC: 0.2972
Epoch 40/50 - Loss: 0.4188 - Val F1: 0.3263 - Val ROC-AUC: 0.6810 - Val PR-AUC: 0.2964
Epoch 41/50 - Loss: 0.4139 - Val F1: 0.3303 - Val ROC-AUC: 0.6825 - Val PR-AUC: 0.3111
Epoch 42/50 - Loss: 0.3969 - Val F1: 0.3234 - Val ROC-AUC: 0.6806 - Val PR-AUC: 0.3175
Epoch 43/50 - Loss: 0.4003 - Val F1: 0.3312 - Val ROC-AUC: 0.6825 - Val PR-AUC: 0.3123
Epoch 44/50 - Loss: 0.3924 - Val F1: 0.3387 - Val ROC-AUC: 0.6857 - Val PR-AUC: 0.3107
Epoch 45/50 - Loss: 0.3918 - Val F1: 0.3293 - Val ROC-AUC: 0.6817 - Val PR-AUC: 0.3058
Epoch 46/50 - Loss: 0.4024 - Val F1: 0.3427 - Val ROC-AUC: 0.6804 - Val PR-AUC: 0.3052
Epoch 47/50 - Loss: 0.4025 - Val F1: 0.3475 - Val ROC-AUC: 0.6847 - Val PR-AUC: 0.3024
Epoch 48/50 - Loss: 0.3884 - Val F1: 0.3427 - Val ROC-AUC: 0.6844 - Val PR-AUC: 0.3137
Epoch 49/50 - Loss: 0.3995 - Val F1: 0.3436 - Val ROC-AUC: 0.6840 - Val PR-AUC: 0.3032
Epoch 50/50 - Loss: 0.3994 - Val F1: 0.3102 - Val ROC-AUC: 0.6761 - Val PR-AUC: 0.3090
Pretraining completed. Test F1: 0.3019, ROC-AUC: 0.6473, PR-AUC: 0.2895
[3/4] Finetuning on TOX21_ERa_LUC_VM7_Agonist_10nM_ICI182780 using GIN...
[Fine-tune] Epoch 1/50 - Loss: 0.3414 - Val F1: 0.2400 - Val ROC-AUC: 0.8229 - Val PR-AUC: 0.2561
[Fine-tune] Epoch 2/50 - Loss: 0.1854 - Val F1: 0.2400 - Val ROC-AUC: 0.8732 - Val PR-AUC: 0.3395
[Fine-tune] Epoch 3/50 - Loss: 0.1715 - Val F1: 0.2667 - Val ROC-AUC: 0.8198 - Val PR-AUC: 0.3086
[Fine-tune] Epoch 4/50 - Loss: 0.1433 - Val F1: 0.2623 - Val ROC-AUC: 0.8347 - Val PR-AUC: 0.3631
[Fine-tune] Epoch 5/50 - Loss: 0.1329 - Val F1: 0.2800 - Val ROC-AUC: 0.8708 - Val PR-AUC: 0.3108
[Fine-tune] Epoch 6/50 - Loss: 0.1053 - Val F1: 0.2424 - Val ROC-AUC: 0.8329 - Val PR-AUC: 0.3158
[Fine-tune] Epoch 7/50 - Loss: 0.1086 - Val F1: 0.3265 - Val ROC-AUC: 0.8567 - Val PR-AUC: 0.2625
[Fine-tune] Epoch 8/50 - Loss: 0.0943 - Val F1: 0.2857 - Val ROC-AUC: 0.8243 - Val PR-AUC: 0.2783
[Fine-tune] Epoch 9/50 - Loss: 0.1209 - Val F1: 0.2759 - Val ROC-AUC: 0.8529 - Val PR-AUC: 0.4759
[Fine-tune] Epoch 10/50 - Loss: 0.0902 - Val F1: 0.2400 - Val ROC-AUC: 0.8344 - Val PR-AUC: 0.3082
[Fine-tune] Epoch 11/50 - Loss: 0.0677 - Val F1: 0.3077 - Val ROC-AUC: 0.8179 - Val PR-AUC: 0.3084
[Fine-tune] Epoch 12/50 - Loss: 0.0579 - Val F1: 0.2692 - Val ROC-AUC: 0.8437 - Val PR-AUC: 0.3366
[Fine-tune] Epoch 13/50 - Loss: 0.0555 - Val F1: 0.2553 - Val ROC-AUC: 0.8133 - Val PR-AUC: 0.3025
[Fine-tune] Epoch 14/50 - Loss: 0.0464 - Val F1: 0.2791 - Val ROC-AUC: 0.8510 - Val PR-AUC: 0.3060
[Fine-tune] Epoch 15/50 - Loss: 0.0438 - Val F1: 0.2927 - Val ROC-AUC: 0.7954 - Val PR-AUC: 0.2894
[Fine-tune] Epoch 16/50 - Loss: 0.0636 - Val F1: 0.3333 - Val ROC-AUC: 0.8299 - Val PR-AUC: 0.3643
[Fine-tune] Epoch 17/50 - Loss: 0.0439 - Val F1: 0.3077 - Val ROC-AUC: 0.8236 - Val PR-AUC: 0.3452
[Fine-tune] Epoch 18/50 - Loss: 0.0335 - Val F1: 0.3000 - Val ROC-AUC: 0.8121 - Val PR-AUC: 0.3211
[Fine-tune] Epoch 19/50 - Loss: 0.0427 - Val F1: 0.3415 - Val ROC-AUC: 0.7716 - Val PR-AUC: 0.2492
[Fine-tune] Epoch 20/50 - Loss: 0.0460 - Val F1: 0.2745 - Val ROC-AUC: 0.8426 - Val PR-AUC: 0.3234
[Fine-tune] Epoch 21/50 - Loss: 0.0423 - Val F1: 0.3000 - Val ROC-AUC: 0.8119 - Val PR-AUC: 0.3158
[Fine-tune] Epoch 22/50 - Loss: 0.0339 - Val F1: 0.3529 - Val ROC-AUC: 0.8418 - Val PR-AUC: 0.3060
[Fine-tune] Epoch 23/50 - Loss: 0.0337 - Val F1: 0.3000 - Val ROC-AUC: 0.8350 - Val PR-AUC: 0.3259
[Fine-tune] Epoch 24/50 - Loss: 0.0321 - Val F1: 0.3333 - Val ROC-AUC: 0.8005 - Val PR-AUC: 0.3204
[Fine-tune] Epoch 25/50 - Loss: 0.0211 - Val F1: 0.3000 - Val ROC-AUC: 0.8226 - Val PR-AUC: 0.3011
[Fine-tune] Epoch 26/50 - Loss: 0.0229 - Val F1: 0.3429 - Val ROC-AUC: 0.8132 - Val PR-AUC: 0.3138
[Fine-tune] Epoch 27/50 - Loss: 0.0294 - Val F1: 0.3333 - Val ROC-AUC: 0.8231 - Val PR-AUC: 0.3599
[Fine-tune] Epoch 28/50 - Loss: 0.0284 - Val F1: 0.2941 - Val ROC-AUC: 0.7948 - Val PR-AUC: 0.2794
[Fine-tune] Epoch 29/50 - Loss: 0.0314 - Val F1: 0.3684 - Val ROC-AUC: 0.8200 - Val PR-AUC: 0.3252
[Fine-tune] Epoch 30/50 - Loss: 0.0252 - Val F1: 0.3243 - Val ROC-AUC: 0.7929 - Val PR-AUC: 0.2927
[Fine-tune] Epoch 31/50 - Loss: 0.0275 - Val F1: 0.3158 - Val ROC-AUC: 0.8219 - Val PR-AUC: 0.3356
[Fine-tune] Epoch 32/50 - Loss: 0.0230 - Val F1: 0.3529 - Val ROC-AUC: 0.8224 - Val PR-AUC: 0.3353
[Fine-tune] Epoch 33/50 - Loss: 0.0282 - Val F1: 0.3243 - Val ROC-AUC: 0.8291 - Val PR-AUC: 0.3401
[Fine-tune] Epoch 34/50 - Loss: 0.0317 - Val F1: 0.3429 - Val ROC-AUC: 0.8196 - Val PR-AUC: 0.3317
[Fine-tune] Epoch 35/50 - Loss: 0.0228 - Val F1: 0.3750 - Val ROC-AUC: 0.8098 - Val PR-AUC: 0.3026
[Fine-tune] Epoch 36/50 - Loss: 0.0190 - Val F1: 0.3529 - Val ROC-AUC: 0.8249 - Val PR-AUC: 0.2956
[Fine-tune] Epoch 37/50 - Loss: 0.0157 - Val F1: 0.3750 - Val ROC-AUC: 0.8203 - Val PR-AUC: 0.2974
[Fine-tune] Epoch 38/50 - Loss: 0.0159 - Val F1: 0.3571 - Val ROC-AUC: 0.8004 - Val PR-AUC: 0.2726
[Fine-tune] Epoch 39/50 - Loss: 0.0307 - Val F1: 0.3125 - Val ROC-AUC: 0.8205 - Val PR-AUC: 0.2953
[Fine-tune] Epoch 40/50 - Loss: 0.0187 - Val F1: 0.3636 - Val ROC-AUC: 0.8451 - Val PR-AUC: 0.3055
[Fine-tune] Epoch 41/50 - Loss: 0.0184 - Val F1: 0.3750 - Val ROC-AUC: 0.8252 - Val PR-AUC: 0.2858
[Fine-tune] Epoch 42/50 - Loss: 0.0156 - Val F1: 0.3529 - Val ROC-AUC: 0.8339 - Val PR-AUC: 0.3024
[Fine-tune] Epoch 43/50 - Loss: 0.0186 - Val F1: 0.3636 - Val ROC-AUC: 0.8279 - Val PR-AUC: 0.2906
[Fine-tune] Epoch 44/50 - Loss: 0.0211 - Val F1: 0.3226 - Val ROC-AUC: 0.8259 - Val PR-AUC: 0.2854
[Fine-tune] Epoch 45/50 - Loss: 0.0191 - Val F1: 0.3030 - Val ROC-AUC: 0.8196 - Val PR-AUC: 0.2816
[Fine-tune] Epoch 46/50 - Loss: 0.0191 - Val F1: 0.4000 - Val ROC-AUC: 0.8386 - Val PR-AUC: 0.2930
[Fine-tune] Epoch 47/50 - Loss: 0.0196 - Val F1: 0.4000 - Val ROC-AUC: 0.8384 - Val PR-AUC: 0.3151
[Fine-tune] Epoch 48/50 - Loss: 0.0188 - Val F1: 0.4000 - Val ROC-AUC: 0.8374 - Val PR-AUC: 0.2924
[Fine-tune] Epoch 49/50 - Loss: 0.0215 - Val F1: 0.4000 - Val ROC-AUC: 0.8474 - Val PR-AUC: 0.3050
[Fine-tune] Epoch 50/50 - Loss: 0.0205 - Val F1: 0.3871 - Val ROC-AUC: 0.8512 - Val PR-AUC: 0.3084
Finetuning completed. Test F1: 0.2439, ROC-AUC: 0.8942, PR-AUC: 0.1960
[3.1/4] Target-only training on TOX21_ERa_LUC_VM7_Agonist_10nM_ICI182780 using GIN...
=== Target-only training ===
[Target-only] Epoch 1/50 – Loss: 0.3837  Val F1: 0.1350  ROC-AUC: 0.8492  PR-AUC: 0.2603
[Target-only] Epoch 2/50 – Loss: 0.2845  Val F1: 0.2093  ROC-AUC: 0.7981  PR-AUC: 0.2786
[Target-only] Epoch 3/50 – Loss: 0.2516  Val F1: 0.2903  ROC-AUC: 0.7554  PR-AUC: 0.2624
[Target-only] Epoch 4/50 – Loss: 0.2159  Val F1: 0.0987  ROC-AUC: 0.7799  PR-AUC: 0.2830
[Target-only] Epoch 5/50 – Loss: 0.1969  Val F1: 0.1882  ROC-AUC: 0.7781  PR-AUC: 0.2656
[Target-only] Epoch 6/50 – Loss: 0.1904  Val F1: 0.2807  ROC-AUC: 0.7638  PR-AUC: 0.4526
[Target-only] Epoch 7/50 – Loss: 0.1757  Val F1: 0.1975  ROC-AUC: 0.7945  PR-AUC: 0.3032
[Target-only] Epoch 8/50 – Loss: 0.1635  Val F1: 0.2188  ROC-AUC: 0.7812  PR-AUC: 0.3046
[Target-only] Epoch 9/50 – Loss: 0.1601  Val F1: 0.2286  ROC-AUC: 0.7449  PR-AUC: 0.2949
[Target-only] Epoch 10/50 – Loss: 0.1380  Val F1: 0.2319  ROC-AUC: 0.7694  PR-AUC: 0.2223
[Target-only] Epoch 11/50 – Loss: 0.1094  Val F1: 0.2414  ROC-AUC: 0.7642  PR-AUC: 0.1654
[Target-only] Epoch 12/50 – Loss: 0.1144  Val F1: 0.2909  ROC-AUC: 0.7720  PR-AUC: 0.2244
[Target-only] Epoch 13/50 – Loss: 0.1059  Val F1: 0.2909  ROC-AUC: 0.7210  PR-AUC: 0.2510
[Target-only] Epoch 14/50 – Loss: 0.0953  Val F1: 0.2642  ROC-AUC: 0.7676  PR-AUC: 0.2160
[Target-only] Epoch 15/50 – Loss: 0.1087  Val F1: 0.2623  ROC-AUC: 0.7651  PR-AUC: 0.2148
[Target-only] Epoch 16/50 – Loss: 0.0966  Val F1: 0.3077  ROC-AUC: 0.7996  PR-AUC: 0.2078
[Target-only] Epoch 17/50 – Loss: 0.0778  Val F1: 0.3111  ROC-AUC: 0.7300  PR-AUC: 0.2851
[Target-only] Epoch 18/50 – Loss: 0.1053  Val F1: 0.2857  ROC-AUC: 0.7595  PR-AUC: 0.2677
[Target-only] Epoch 19/50 – Loss: 0.0749  Val F1: 0.2041  ROC-AUC: 0.7468  PR-AUC: 0.2184
[Target-only] Epoch 20/50 – Loss: 0.0844  Val F1: 0.2553  ROC-AUC: 0.7535  PR-AUC: 0.2931
[Target-only] Epoch 21/50 – Loss: 0.0850  Val F1: 0.2553  ROC-AUC: 0.7505  PR-AUC: 0.2898
[Target-only] Epoch 22/50 – Loss: 0.0783  Val F1: 0.2041  ROC-AUC: 0.7557  PR-AUC: 0.2659
[Target-only] Epoch 23/50 – Loss: 0.0686  Val F1: 0.2727  ROC-AUC: 0.7553  PR-AUC: 0.2478
[Target-only] Epoch 24/50 – Loss: 0.0599  Val F1: 0.2667  ROC-AUC: 0.7691  PR-AUC: 0.2697
[Target-only] Epoch 25/50 – Loss: 0.0583  Val F1: 0.2609  ROC-AUC: 0.7705  PR-AUC: 0.2414
[Target-only] Epoch 26/50 – Loss: 0.0613  Val F1: 0.2553  ROC-AUC: 0.7816  PR-AUC: 0.2799
[Target-only] Epoch 27/50 – Loss: 0.0537  Val F1: 0.2326  ROC-AUC: 0.7645  PR-AUC: 0.2437
[Target-only] Epoch 28/50 – Loss: 0.0599  Val F1: 0.2692  ROC-AUC: 0.7617  PR-AUC: 0.2486
[Target-only] Epoch 29/50 – Loss: 0.0591  Val F1: 0.3415  ROC-AUC: 0.7541  PR-AUC: 0.3089
[Target-only] Epoch 30/50 – Loss: 0.0663  Val F1: 0.2439  ROC-AUC: 0.7734  PR-AUC: 0.2627
[Target-only] Epoch 31/50 – Loss: 0.0516  Val F1: 0.2553  ROC-AUC: 0.7680  PR-AUC: 0.2350
[Target-only] Epoch 32/50 – Loss: 0.0504  Val F1: 0.2857  ROC-AUC: 0.7537  PR-AUC: 0.2440
[Target-only] Epoch 33/50 – Loss: 0.0454  Val F1: 0.2500  ROC-AUC: 0.7679  PR-AUC: 0.2523
[Target-only] Epoch 34/50 – Loss: 0.0354  Val F1: 0.2439  ROC-AUC: 0.7594  PR-AUC: 0.2205
[Target-only] Epoch 35/50 – Loss: 0.0426  Val F1: 0.3000  ROC-AUC: 0.7650  PR-AUC: 0.2514
[Target-only] Epoch 36/50 – Loss: 0.0414  Val F1: 0.2500  ROC-AUC: 0.7537  PR-AUC: 0.2330
[Target-only] Epoch 37/50 – Loss: 0.0386  Val F1: 0.3158  ROC-AUC: 0.7490  PR-AUC: 0.2451
[Target-only] Epoch 38/50 – Loss: 0.0405  Val F1: 0.2703  ROC-AUC: 0.7464  PR-AUC: 0.2539
[Target-only] Epoch 39/50 – Loss: 0.0379  Val F1: 0.2439  ROC-AUC: 0.7465  PR-AUC: 0.2335
[Target-only] Epoch 40/50 – Loss: 0.0410  Val F1: 0.2500  ROC-AUC: 0.7761  PR-AUC: 0.2340
[Target-only] Epoch 41/50 – Loss: 0.0391  Val F1: 0.2632  ROC-AUC: 0.7671  PR-AUC: 0.2502
[Target-only] Epoch 42/50 – Loss: 0.0349  Val F1: 0.2857  ROC-AUC: 0.7678  PR-AUC: 0.2650
[Target-only] Epoch 43/50 – Loss: 0.0345  Val F1: 0.2857  ROC-AUC: 0.7805  PR-AUC: 0.2799
[Target-only] Epoch 44/50 – Loss: 0.0326  Val F1: 0.3000  ROC-AUC: 0.7637  PR-AUC: 0.2436
[Target-only] Epoch 45/50 – Loss: 0.0297  Val F1: 0.2500  ROC-AUC: 0.7611  PR-AUC: 0.2461
[Target-only] Epoch 46/50 – Loss: 0.0336  Val F1: 0.2727  ROC-AUC: 0.7874  PR-AUC: 0.2929
[Target-only] Epoch 47/50 – Loss: 0.0342  Val F1: 0.3158  ROC-AUC: 0.7693  PR-AUC: 0.2528
[Target-only] Epoch 48/50 – Loss: 0.0303  Val F1: 0.2632  ROC-AUC: 0.7695  PR-AUC: 0.2714
[Target-only] Epoch 49/50 – Loss: 0.0325  Val F1: 0.3243  ROC-AUC: 0.7675  PR-AUC: 0.2736
[Target-only] Epoch 50/50 – Loss: 0.0292  Val F1: 0.2941  ROC-AUC: 0.7630  PR-AUC: 0.2356
=== Target-only TEST performance ===
Test F1: 0.3333, ROC-AUC: 0.8384, PR-AUC: 0.1761
[4/4] Embedding 시각화 중...
✅ Embeddings 저장 완료: embeddings_TOX21_ERa_LUC_VM7_Agonist_TOX21_ERa_LUC_VM7_Agonist_10nM_ICI182780_GIN.png
✅ 실험 완료: TOX21_ERa_LUC_VM7_Agonist -> TOX21_ERa_LUC_VM7_Agonist_10nM_ICI182780 [GIN]
