[1/4] Excel → CSV 변환 중...
[2/4] Pretraining on TOX21_ERb_BLA_Antagonist_ch1 using GIN...
Epoch 1/50 - Loss: 0.5689 - Val F1: 0.0949 - Val ROC-AUC: 0.6767 - Val PR-AUC: 0.1134
Epoch 2/50 - Loss: 0.4861 - Val F1: 0.1739 - Val ROC-AUC: 0.7337 - Val PR-AUC: 0.0973
Epoch 3/50 - Loss: 0.4518 - Val F1: 0.0940 - Val ROC-AUC: 0.6882 - Val PR-AUC: 0.0974
Epoch 4/50 - Loss: 0.4164 - Val F1: 0.1395 - Val ROC-AUC: 0.6390 - Val PR-AUC: 0.0819
Epoch 5/50 - Loss: 0.3937 - Val F1: 0.1844 - Val ROC-AUC: 0.7744 - Val PR-AUC: 0.1347
Epoch 6/50 - Loss: 0.3719 - Val F1: 0.1622 - Val ROC-AUC: 0.7217 - Val PR-AUC: 0.0824
Epoch 7/50 - Loss: 0.3542 - Val F1: 0.1513 - Val ROC-AUC: 0.7690 - Val PR-AUC: 0.1011
Epoch 8/50 - Loss: 0.3375 - Val F1: 0.1364 - Val ROC-AUC: 0.7025 - Val PR-AUC: 0.0787
Epoch 9/50 - Loss: 0.3237 - Val F1: 0.1075 - Val ROC-AUC: 0.7204 - Val PR-AUC: 0.0757
Epoch 10/50 - Loss: 0.3074 - Val F1: 0.1414 - Val ROC-AUC: 0.6897 - Val PR-AUC: 0.1016
Epoch 11/50 - Loss: 0.2606 - Val F1: 0.1374 - Val ROC-AUC: 0.7090 - Val PR-AUC: 0.0912
Epoch 12/50 - Loss: 0.2545 - Val F1: 0.1295 - Val ROC-AUC: 0.7116 - Val PR-AUC: 0.0737
Epoch 13/50 - Loss: 0.2431 - Val F1: 0.1481 - Val ROC-AUC: 0.7361 - Val PR-AUC: 0.0879
Epoch 14/50 - Loss: 0.2397 - Val F1: 0.1579 - Val ROC-AUC: 0.7135 - Val PR-AUC: 0.1116
Epoch 15/50 - Loss: 0.2124 - Val F1: 0.1616 - Val ROC-AUC: 0.6967 - Val PR-AUC: 0.0831
Epoch 16/50 - Loss: 0.2071 - Val F1: 0.1259 - Val ROC-AUC: 0.6872 - Val PR-AUC: 0.0797
Epoch 17/50 - Loss: 0.2131 - Val F1: 0.1770 - Val ROC-AUC: 0.7003 - Val PR-AUC: 0.0803
Epoch 18/50 - Loss: 0.2046 - Val F1: 0.1556 - Val ROC-AUC: 0.7263 - Val PR-AUC: 0.0898
Epoch 19/50 - Loss: 0.1910 - Val F1: 0.2143 - Val ROC-AUC: 0.7322 - Val PR-AUC: 0.1149
Epoch 20/50 - Loss: 0.1988 - Val F1: 0.1690 - Val ROC-AUC: 0.7157 - Val PR-AUC: 0.0841
Epoch 21/50 - Loss: 0.1642 - Val F1: 0.1584 - Val ROC-AUC: 0.7138 - Val PR-AUC: 0.0983
Epoch 22/50 - Loss: 0.1596 - Val F1: 0.1915 - Val ROC-AUC: 0.7249 - Val PR-AUC: 0.1398
Epoch 23/50 - Loss: 0.1587 - Val F1: 0.1569 - Val ROC-AUC: 0.7109 - Val PR-AUC: 0.1098
Epoch 24/50 - Loss: 0.1414 - Val F1: 0.1895 - Val ROC-AUC: 0.7083 - Val PR-AUC: 0.1054
Epoch 25/50 - Loss: 0.1620 - Val F1: 0.1647 - Val ROC-AUC: 0.6964 - Val PR-AUC: 0.0809
Epoch 26/50 - Loss: 0.1420 - Val F1: 0.1818 - Val ROC-AUC: 0.7225 - Val PR-AUC: 0.1027
Epoch 27/50 - Loss: 0.1383 - Val F1: 0.1975 - Val ROC-AUC: 0.7066 - Val PR-AUC: 0.0930
Epoch 28/50 - Loss: 0.1214 - Val F1: 0.1728 - Val ROC-AUC: 0.6990 - Val PR-AUC: 0.0916
Epoch 29/50 - Loss: 0.1467 - Val F1: 0.1429 - Val ROC-AUC: 0.7169 - Val PR-AUC: 0.1028
Epoch 30/50 - Loss: 0.1428 - Val F1: 0.2118 - Val ROC-AUC: 0.7298 - Val PR-AUC: 0.1062
Epoch 31/50 - Loss: 0.1136 - Val F1: 0.2025 - Val ROC-AUC: 0.7101 - Val PR-AUC: 0.1000
Epoch 32/50 - Loss: 0.1124 - Val F1: 0.2121 - Val ROC-AUC: 0.7226 - Val PR-AUC: 0.1071
Epoch 33/50 - Loss: 0.1120 - Val F1: 0.2029 - Val ROC-AUC: 0.7045 - Val PR-AUC: 0.1070
Epoch 34/50 - Loss: 0.1072 - Val F1: 0.1739 - Val ROC-AUC: 0.7003 - Val PR-AUC: 0.1021
Epoch 35/50 - Loss: 0.1017 - Val F1: 0.2078 - Val ROC-AUC: 0.7054 - Val PR-AUC: 0.1024
Epoch 36/50 - Loss: 0.1086 - Val F1: 0.1818 - Val ROC-AUC: 0.7098 - Val PR-AUC: 0.1114
Epoch 37/50 - Loss: 0.1068 - Val F1: 0.2000 - Val ROC-AUC: 0.7061 - Val PR-AUC: 0.1028
Epoch 38/50 - Loss: 0.1038 - Val F1: 0.1579 - Val ROC-AUC: 0.7122 - Val PR-AUC: 0.1225
Epoch 39/50 - Loss: 0.1040 - Val F1: 0.1842 - Val ROC-AUC: 0.7065 - Val PR-AUC: 0.1101
Epoch 40/50 - Loss: 0.0954 - Val F1: 0.1918 - Val ROC-AUC: 0.7027 - Val PR-AUC: 0.1078
Epoch 41/50 - Loss: 0.0970 - Val F1: 0.1846 - Val ROC-AUC: 0.6973 - Val PR-AUC: 0.1021
Epoch 42/50 - Loss: 0.0838 - Val F1: 0.1905 - Val ROC-AUC: 0.6981 - Val PR-AUC: 0.0994
Epoch 43/50 - Loss: 0.0908 - Val F1: 0.1944 - Val ROC-AUC: 0.7041 - Val PR-AUC: 0.1102
Epoch 44/50 - Loss: 0.0946 - Val F1: 0.2254 - Val ROC-AUC: 0.7109 - Val PR-AUC: 0.1194
Epoch 45/50 - Loss: 0.0777 - Val F1: 0.1818 - Val ROC-AUC: 0.7085 - Val PR-AUC: 0.1155
Epoch 46/50 - Loss: 0.0873 - Val F1: 0.2029 - Val ROC-AUC: 0.7090 - Val PR-AUC: 0.1141
Epoch 47/50 - Loss: 0.0984 - Val F1: 0.1935 - Val ROC-AUC: 0.7122 - Val PR-AUC: 0.1140
Epoch 48/50 - Loss: 0.0796 - Val F1: 0.1846 - Val ROC-AUC: 0.7089 - Val PR-AUC: 0.1149
Epoch 49/50 - Loss: 0.0829 - Val F1: 0.1875 - Val ROC-AUC: 0.7097 - Val PR-AUC: 0.1180
Epoch 50/50 - Loss: 0.0858 - Val F1: 0.1967 - Val ROC-AUC: 0.7075 - Val PR-AUC: 0.1188
Pretraining completed. Test F1: 0.1867, ROC-AUC: 0.6900, PR-AUC: 0.1575
[3/4] Finetuning on TOX21_ERa_BLA_Agonist_ch2 using GIN...
[Fine-tune] Epoch 1/50 - Loss: 0.5249 - Val F1: 0.2857 - Val ROC-AUC: 0.8711 - Val PR-AUC: 0.3245
[Fine-tune] Epoch 2/50 - Loss: 0.4205 - Val F1: 0.2941 - Val ROC-AUC: 0.8770 - Val PR-AUC: 0.3423
[Fine-tune] Epoch 3/50 - Loss: 0.4005 - Val F1: 0.3114 - Val ROC-AUC: 0.8562 - Val PR-AUC: 0.2864
[Fine-tune] Epoch 4/50 - Loss: 0.3634 - Val F1: 0.2422 - Val ROC-AUC: 0.8152 - Val PR-AUC: 0.2309
[Fine-tune] Epoch 5/50 - Loss: 0.3442 - Val F1: 0.3529 - Val ROC-AUC: 0.8644 - Val PR-AUC: 0.3625
[Fine-tune] Epoch 6/50 - Loss: 0.3171 - Val F1: 0.2786 - Val ROC-AUC: 0.8585 - Val PR-AUC: 0.3680
[Fine-tune] Epoch 7/50 - Loss: 0.3009 - Val F1: 0.2842 - Val ROC-AUC: 0.8637 - Val PR-AUC: 0.3984
[Fine-tune] Epoch 8/50 - Loss: 0.2972 - Val F1: 0.3125 - Val ROC-AUC: 0.8468 - Val PR-AUC: 0.2811
[Fine-tune] Epoch 9/50 - Loss: 0.2633 - Val F1: 0.3023 - Val ROC-AUC: 0.8700 - Val PR-AUC: 0.3977
[Fine-tune] Epoch 10/50 - Loss: 0.2679 - Val F1: 0.3165 - Val ROC-AUC: 0.8709 - Val PR-AUC: 0.3928
[Fine-tune] Epoch 11/50 - Loss: 0.2210 - Val F1: 0.3185 - Val ROC-AUC: 0.8622 - Val PR-AUC: 0.3458
[Fine-tune] Epoch 12/50 - Loss: 0.2013 - Val F1: 0.3066 - Val ROC-AUC: 0.8532 - Val PR-AUC: 0.3502
[Fine-tune] Epoch 13/50 - Loss: 0.2031 - Val F1: 0.3411 - Val ROC-AUC: 0.8727 - Val PR-AUC: 0.3720
[Fine-tune] Epoch 14/50 - Loss: 0.1924 - Val F1: 0.2958 - Val ROC-AUC: 0.8636 - Val PR-AUC: 0.3278
[Fine-tune] Epoch 15/50 - Loss: 0.1663 - Val F1: 0.2949 - Val ROC-AUC: 0.8792 - Val PR-AUC: 0.3530
[Fine-tune] Epoch 16/50 - Loss: 0.1773 - Val F1: 0.3179 - Val ROC-AUC: 0.8771 - Val PR-AUC: 0.3357
[Fine-tune] Epoch 17/50 - Loss: 0.1646 - Val F1: 0.3129 - Val ROC-AUC: 0.8820 - Val PR-AUC: 0.3923
[Fine-tune] Epoch 18/50 - Loss: 0.1728 - Val F1: 0.3571 - Val ROC-AUC: 0.8906 - Val PR-AUC: 0.4103
[Fine-tune] Epoch 19/50 - Loss: 0.1724 - Val F1: 0.3385 - Val ROC-AUC: 0.8773 - Val PR-AUC: 0.3698
[Fine-tune] Epoch 20/50 - Loss: 0.1586 - Val F1: 0.3684 - Val ROC-AUC: 0.8837 - Val PR-AUC: 0.3760
[Fine-tune] Epoch 21/50 - Loss: 0.1477 - Val F1: 0.3303 - Val ROC-AUC: 0.8805 - Val PR-AUC: 0.3526
[Fine-tune] Epoch 22/50 - Loss: 0.1261 - Val F1: 0.3738 - Val ROC-AUC: 0.8791 - Val PR-AUC: 0.3803
[Fine-tune] Epoch 23/50 - Loss: 0.1228 - Val F1: 0.3684 - Val ROC-AUC: 0.8827 - Val PR-AUC: 0.3721
[Fine-tune] Epoch 24/50 - Loss: 0.1301 - Val F1: 0.3103 - Val ROC-AUC: 0.8626 - Val PR-AUC: 0.3553
[Fine-tune] Epoch 25/50 - Loss: 0.1237 - Val F1: 0.3419 - Val ROC-AUC: 0.8705 - Val PR-AUC: 0.3608
[Fine-tune] Epoch 26/50 - Loss: 0.1253 - Val F1: 0.3308 - Val ROC-AUC: 0.8785 - Val PR-AUC: 0.3504
[Fine-tune] Epoch 27/50 - Loss: 0.1177 - Val F1: 0.3711 - Val ROC-AUC: 0.8723 - Val PR-AUC: 0.3766
[Fine-tune] Epoch 28/50 - Loss: 0.1217 - Val F1: 0.3167 - Val ROC-AUC: 0.8661 - Val PR-AUC: 0.3256
[Fine-tune] Epoch 29/50 - Loss: 0.1163 - Val F1: 0.3529 - Val ROC-AUC: 0.8727 - Val PR-AUC: 0.3261
[Fine-tune] Epoch 30/50 - Loss: 0.1162 - Val F1: 0.3894 - Val ROC-AUC: 0.8668 - Val PR-AUC: 0.3117
[Fine-tune] Epoch 31/50 - Loss: 0.1065 - Val F1: 0.3585 - Val ROC-AUC: 0.8741 - Val PR-AUC: 0.2982
[Fine-tune] Epoch 32/50 - Loss: 0.0975 - Val F1: 0.3429 - Val ROC-AUC: 0.8671 - Val PR-AUC: 0.3540
[Fine-tune] Epoch 33/50 - Loss: 0.1050 - Val F1: 0.3304 - Val ROC-AUC: 0.8855 - Val PR-AUC: 0.3793
[Fine-tune] Epoch 34/50 - Loss: 0.1016 - Val F1: 0.4000 - Val ROC-AUC: 0.8762 - Val PR-AUC: 0.3717
[Fine-tune] Epoch 35/50 - Loss: 0.0962 - Val F1: 0.3333 - Val ROC-AUC: 0.8756 - Val PR-AUC: 0.3430
[Fine-tune] Epoch 36/50 - Loss: 0.0983 - Val F1: 0.3462 - Val ROC-AUC: 0.8684 - Val PR-AUC: 0.3386
[Fine-tune] Epoch 37/50 - Loss: 0.0960 - Val F1: 0.3600 - Val ROC-AUC: 0.8714 - Val PR-AUC: 0.3495
[Fine-tune] Epoch 38/50 - Loss: 0.1004 - Val F1: 0.3429 - Val ROC-AUC: 0.8733 - Val PR-AUC: 0.3494
[Fine-tune] Epoch 39/50 - Loss: 0.0896 - Val F1: 0.3265 - Val ROC-AUC: 0.8648 - Val PR-AUC: 0.3231
[Fine-tune] Epoch 40/50 - Loss: 0.0944 - Val F1: 0.3248 - Val ROC-AUC: 0.8740 - Val PR-AUC: 0.3387
[Fine-tune] Epoch 41/50 - Loss: 0.0939 - Val F1: 0.3396 - Val ROC-AUC: 0.8702 - Val PR-AUC: 0.3312
[Fine-tune] Epoch 42/50 - Loss: 0.0852 - Val F1: 0.3564 - Val ROC-AUC: 0.8713 - Val PR-AUC: 0.3301
[Fine-tune] Epoch 43/50 - Loss: 0.0910 - Val F1: 0.3542 - Val ROC-AUC: 0.8704 - Val PR-AUC: 0.3272
[Fine-tune] Epoch 44/50 - Loss: 0.0848 - Val F1: 0.3364 - Val ROC-AUC: 0.8738 - Val PR-AUC: 0.3279
[Fine-tune] Epoch 45/50 - Loss: 0.0975 - Val F1: 0.3469 - Val ROC-AUC: 0.8767 - Val PR-AUC: 0.3250
[Fine-tune] Epoch 46/50 - Loss: 0.0972 - Val F1: 0.3429 - Val ROC-AUC: 0.8789 - Val PR-AUC: 0.3599
[Fine-tune] Epoch 47/50 - Loss: 0.0852 - Val F1: 0.3429 - Val ROC-AUC: 0.8717 - Val PR-AUC: 0.3413
[Fine-tune] Epoch 48/50 - Loss: 0.0725 - Val F1: 0.3878 - Val ROC-AUC: 0.8726 - Val PR-AUC: 0.3578
[Fine-tune] Epoch 49/50 - Loss: 0.0961 - Val F1: 0.3505 - Val ROC-AUC: 0.8640 - Val PR-AUC: 0.3382
[Fine-tune] Epoch 50/50 - Loss: 0.0791 - Val F1: 0.3366 - Val ROC-AUC: 0.8711 - Val PR-AUC: 0.3345
Finetuning completed. Test F1: 0.3182, ROC-AUC: 0.7937, PR-AUC: 0.3082
[3.1/4] Target-only training on TOX21_ERa_BLA_Agonist_ch2 using GIN...
=== Target-only training ===
[Target-only] Epoch 1/50 – Loss: 0.5758  Val F1: 0.2378  ROC-AUC: 0.7629  PR-AUC: 0.2786
[Target-only] Epoch 2/50 – Loss: 0.5097  Val F1: 0.1680  ROC-AUC: 0.8237  PR-AUC: 0.2475
[Target-only] Epoch 3/50 – Loss: 0.4859  Val F1: 0.3059  ROC-AUC: 0.8538  PR-AUC: 0.3524
[Target-only] Epoch 4/50 – Loss: 0.4437  Val F1: 0.2990  ROC-AUC: 0.8766  PR-AUC: 0.3272
[Target-only] Epoch 5/50 – Loss: 0.4510  Val F1: 0.2205  ROC-AUC: 0.8492  PR-AUC: 0.3548
[Target-only] Epoch 6/50 – Loss: 0.4026  Val F1: 0.2626  ROC-AUC: 0.8256  PR-AUC: 0.3628
[Target-only] Epoch 7/50 – Loss: 0.3861  Val F1: 0.2454  ROC-AUC: 0.8712  PR-AUC: 0.3139
[Target-only] Epoch 8/50 – Loss: 0.3708  Val F1: 0.2443  ROC-AUC: 0.8710  PR-AUC: 0.3581
[Target-only] Epoch 9/50 – Loss: 0.3581  Val F1: 0.2798  ROC-AUC: 0.8569  PR-AUC: 0.3788
[Target-only] Epoch 10/50 – Loss: 0.3390  Val F1: 0.3140  ROC-AUC: 0.8377  PR-AUC: 0.2564
[Target-only] Epoch 11/50 – Loss: 0.3088  Val F1: 0.2890  ROC-AUC: 0.8498  PR-AUC: 0.3596
[Target-only] Epoch 12/50 – Loss: 0.2948  Val F1: 0.3636  ROC-AUC: 0.8668  PR-AUC: 0.3772
[Target-only] Epoch 13/50 – Loss: 0.2877  Val F1: 0.3401  ROC-AUC: 0.8388  PR-AUC: 0.3836
[Target-only] Epoch 14/50 – Loss: 0.2740  Val F1: 0.3333  ROC-AUC: 0.8519  PR-AUC: 0.3870
[Target-only] Epoch 15/50 – Loss: 0.2767  Val F1: 0.3217  ROC-AUC: 0.8572  PR-AUC: 0.3578
[Target-only] Epoch 16/50 – Loss: 0.2576  Val F1: 0.3359  ROC-AUC: 0.8535  PR-AUC: 0.3518
[Target-only] Epoch 17/50 – Loss: 0.2585  Val F1: 0.2968  ROC-AUC: 0.8567  PR-AUC: 0.3193
[Target-only] Epoch 18/50 – Loss: 0.2322  Val F1: 0.3354  ROC-AUC: 0.8616  PR-AUC: 0.3483
[Target-only] Epoch 19/50 – Loss: 0.2547  Val F1: 0.3023  ROC-AUC: 0.8651  PR-AUC: 0.3679
[Target-only] Epoch 20/50 – Loss: 0.2350  Val F1: 0.2945  ROC-AUC: 0.8543  PR-AUC: 0.3701
[Target-only] Epoch 21/50 – Loss: 0.2069  Val F1: 0.3609  ROC-AUC: 0.8699  PR-AUC: 0.3352
[Target-only] Epoch 22/50 – Loss: 0.1974  Val F1: 0.3333  ROC-AUC: 0.8588  PR-AUC: 0.4050
[Target-only] Epoch 23/50 – Loss: 0.1952  Val F1: 0.3684  ROC-AUC: 0.8638  PR-AUC: 0.3943
[Target-only] Epoch 24/50 – Loss: 0.1920  Val F1: 0.3357  ROC-AUC: 0.8701  PR-AUC: 0.3796
[Target-only] Epoch 25/50 – Loss: 0.1822  Val F1: 0.3137  ROC-AUC: 0.8611  PR-AUC: 0.3889
[Target-only] Epoch 26/50 – Loss: 0.1879  Val F1: 0.3151  ROC-AUC: 0.8582  PR-AUC: 0.3324
[Target-only] Epoch 27/50 – Loss: 0.1830  Val F1: 0.3571  ROC-AUC: 0.8497  PR-AUC: 0.3282
[Target-only] Epoch 28/50 – Loss: 0.1643  Val F1: 0.3529  ROC-AUC: 0.8622  PR-AUC: 0.3771
[Target-only] Epoch 29/50 – Loss: 0.1668  Val F1: 0.3008  ROC-AUC: 0.8553  PR-AUC: 0.3830
[Target-only] Epoch 30/50 – Loss: 0.1602  Val F1: 0.3043  ROC-AUC: 0.8670  PR-AUC: 0.4011
[Target-only] Epoch 31/50 – Loss: 0.1631  Val F1: 0.3654  ROC-AUC: 0.8589  PR-AUC: 0.3797
[Target-only] Epoch 32/50 – Loss: 0.1582  Val F1: 0.3182  ROC-AUC: 0.8570  PR-AUC: 0.3589
[Target-only] Epoch 33/50 – Loss: 0.1478  Val F1: 0.3276  ROC-AUC: 0.8575  PR-AUC: 0.3558
[Target-only] Epoch 34/50 – Loss: 0.1473  Val F1: 0.3306  ROC-AUC: 0.8514  PR-AUC: 0.3415
[Target-only] Epoch 35/50 – Loss: 0.1487  Val F1: 0.3361  ROC-AUC: 0.8630  PR-AUC: 0.3701
[Target-only] Epoch 36/50 – Loss: 0.1432  Val F1: 0.3636  ROC-AUC: 0.8549  PR-AUC: 0.3584
[Target-only] Epoch 37/50 – Loss: 0.1422  Val F1: 0.3478  ROC-AUC: 0.8572  PR-AUC: 0.3807
[Target-only] Epoch 38/50 – Loss: 0.1382  Val F1: 0.3519  ROC-AUC: 0.8515  PR-AUC: 0.3639
[Target-only] Epoch 39/50 – Loss: 0.1243  Val F1: 0.3186  ROC-AUC: 0.8569  PR-AUC: 0.3659
[Target-only] Epoch 40/50 – Loss: 0.1340  Val F1: 0.3619  ROC-AUC: 0.8532  PR-AUC: 0.3463
[Target-only] Epoch 41/50 – Loss: 0.1368  Val F1: 0.3304  ROC-AUC: 0.8553  PR-AUC: 0.3541
[Target-only] Epoch 42/50 – Loss: 0.1265  Val F1: 0.3600  ROC-AUC: 0.8605  PR-AUC: 0.3409
[Target-only] Epoch 43/50 – Loss: 0.1354  Val F1: 0.3361  ROC-AUC: 0.8625  PR-AUC: 0.3629
[Target-only] Epoch 44/50 – Loss: 0.1277  Val F1: 0.3390  ROC-AUC: 0.8637  PR-AUC: 0.3564
[Target-only] Epoch 45/50 – Loss: 0.1220  Val F1: 0.3248  ROC-AUC: 0.8584  PR-AUC: 0.3413
[Target-only] Epoch 46/50 – Loss: 0.1257  Val F1: 0.3478  ROC-AUC: 0.8585  PR-AUC: 0.4011
[Target-only] Epoch 47/50 – Loss: 0.1245  Val F1: 0.3243  ROC-AUC: 0.8638  PR-AUC: 0.3635
[Target-only] Epoch 48/50 – Loss: 0.1194  Val F1: 0.3619  ROC-AUC: 0.8536  PR-AUC: 0.3423
[Target-only] Epoch 49/50 – Loss: 0.1358  Val F1: 0.3333  ROC-AUC: 0.8529  PR-AUC: 0.3674
[Target-only] Epoch 50/50 – Loss: 0.1217  Val F1: 0.3220  ROC-AUC: 0.8653  PR-AUC: 0.4081
=== Target-only TEST performance ===
Test F1: 0.2817, ROC-AUC: 0.7831, PR-AUC: 0.2724
[4/4] Embedding 시각화 중...
✅ Embeddings 저장 완료: embeddings_TOX21_ERb_BLA_Antagonist_ch1_TOX21_ERa_BLA_Agonist_ch2_GIN.png
✅ 실험 완료: TOX21_ERb_BLA_Antagonist_ch1 -> TOX21_ERa_BLA_Agonist_ch2 [GIN]
