[1/4] Excel → CSV 변환 중...
[2/4] Pretraining on TOX21_ERa_LUC_VM7_Agonist using GIN...
Epoch 1/50 - Loss: 0.6755 - Val F1: 0.2732 - Val ROC-AUC: 0.6514 - Val PR-AUC: 0.2613
Epoch 2/50 - Loss: 0.6491 - Val F1: 0.2871 - Val ROC-AUC: 0.6630 - Val PR-AUC: 0.2679
Epoch 3/50 - Loss: 0.6463 - Val F1: 0.2798 - Val ROC-AUC: 0.6407 - Val PR-AUC: 0.2316
Epoch 4/50 - Loss: 0.6348 - Val F1: 0.2786 - Val ROC-AUC: 0.6527 - Val PR-AUC: 0.2224
Epoch 5/50 - Loss: 0.6289 - Val F1: 0.2752 - Val ROC-AUC: 0.6564 - Val PR-AUC: 0.2333
Epoch 6/50 - Loss: 0.6170 - Val F1: 0.2433 - Val ROC-AUC: 0.6079 - Val PR-AUC: 0.2186
Epoch 7/50 - Loss: 0.6101 - Val F1: 0.2787 - Val ROC-AUC: 0.6611 - Val PR-AUC: 0.2806
Epoch 8/50 - Loss: 0.5997 - Val F1: 0.2906 - Val ROC-AUC: 0.6680 - Val PR-AUC: 0.2524
Epoch 9/50 - Loss: 0.6102 - Val F1: 0.3158 - Val ROC-AUC: 0.6669 - Val PR-AUC: 0.2798
Epoch 10/50 - Loss: 0.5890 - Val F1: 0.3252 - Val ROC-AUC: 0.6626 - Val PR-AUC: 0.2877
Epoch 11/50 - Loss: 0.5751 - Val F1: 0.3051 - Val ROC-AUC: 0.6561 - Val PR-AUC: 0.2758
Epoch 12/50 - Loss: 0.5687 - Val F1: 0.3102 - Val ROC-AUC: 0.6722 - Val PR-AUC: 0.2856
Epoch 13/50 - Loss: 0.5763 - Val F1: 0.2787 - Val ROC-AUC: 0.6650 - Val PR-AUC: 0.2873
Epoch 14/50 - Loss: 0.5633 - Val F1: 0.2730 - Val ROC-AUC: 0.6477 - Val PR-AUC: 0.2538
Epoch 15/50 - Loss: 0.5608 - Val F1: 0.3162 - Val ROC-AUC: 0.6596 - Val PR-AUC: 0.2813
Epoch 16/50 - Loss: 0.5463 - Val F1: 0.2994 - Val ROC-AUC: 0.6710 - Val PR-AUC: 0.2972
Epoch 17/50 - Loss: 0.5499 - Val F1: 0.3020 - Val ROC-AUC: 0.6694 - Val PR-AUC: 0.3016
Epoch 18/50 - Loss: 0.5263 - Val F1: 0.3212 - Val ROC-AUC: 0.6833 - Val PR-AUC: 0.2993
Epoch 19/50 - Loss: 0.5207 - Val F1: 0.2919 - Val ROC-AUC: 0.6551 - Val PR-AUC: 0.2945
Epoch 20/50 - Loss: 0.5281 - Val F1: 0.2905 - Val ROC-AUC: 0.6713 - Val PR-AUC: 0.2884
Epoch 21/50 - Loss: 0.5112 - Val F1: 0.2633 - Val ROC-AUC: 0.6609 - Val PR-AUC: 0.2924
Epoch 22/50 - Loss: 0.5111 - Val F1: 0.3262 - Val ROC-AUC: 0.6770 - Val PR-AUC: 0.3199
Epoch 23/50 - Loss: 0.5001 - Val F1: 0.3034 - Val ROC-AUC: 0.6633 - Val PR-AUC: 0.3025
Epoch 24/50 - Loss: 0.4937 - Val F1: 0.3228 - Val ROC-AUC: 0.6817 - Val PR-AUC: 0.3018
Epoch 25/50 - Loss: 0.4781 - Val F1: 0.3049 - Val ROC-AUC: 0.6775 - Val PR-AUC: 0.3130
Epoch 26/50 - Loss: 0.4764 - Val F1: 0.3123 - Val ROC-AUC: 0.6694 - Val PR-AUC: 0.3130
Epoch 27/50 - Loss: 0.4768 - Val F1: 0.3164 - Val ROC-AUC: 0.6685 - Val PR-AUC: 0.3062
Epoch 28/50 - Loss: 0.4754 - Val F1: 0.2807 - Val ROC-AUC: 0.6731 - Val PR-AUC: 0.3236
Epoch 29/50 - Loss: 0.4781 - Val F1: 0.3188 - Val ROC-AUC: 0.6620 - Val PR-AUC: 0.3117
Epoch 30/50 - Loss: 0.4705 - Val F1: 0.3023 - Val ROC-AUC: 0.6587 - Val PR-AUC: 0.2762
Epoch 31/50 - Loss: 0.4655 - Val F1: 0.3314 - Val ROC-AUC: 0.6700 - Val PR-AUC: 0.3214
Epoch 32/50 - Loss: 0.4524 - Val F1: 0.3117 - Val ROC-AUC: 0.6693 - Val PR-AUC: 0.2967
Epoch 33/50 - Loss: 0.4452 - Val F1: 0.3333 - Val ROC-AUC: 0.6712 - Val PR-AUC: 0.2875
Epoch 34/50 - Loss: 0.4392 - Val F1: 0.3333 - Val ROC-AUC: 0.6775 - Val PR-AUC: 0.3181
Epoch 35/50 - Loss: 0.4303 - Val F1: 0.3116 - Val ROC-AUC: 0.6674 - Val PR-AUC: 0.3026
Epoch 36/50 - Loss: 0.4313 - Val F1: 0.3234 - Val ROC-AUC: 0.6779 - Val PR-AUC: 0.3229
Epoch 37/50 - Loss: 0.4221 - Val F1: 0.3185 - Val ROC-AUC: 0.6730 - Val PR-AUC: 0.2821
Epoch 38/50 - Loss: 0.4347 - Val F1: 0.3363 - Val ROC-AUC: 0.6797 - Val PR-AUC: 0.3110
Epoch 39/50 - Loss: 0.4273 - Val F1: 0.3459 - Val ROC-AUC: 0.6747 - Val PR-AUC: 0.2942
Epoch 40/50 - Loss: 0.4176 - Val F1: 0.3256 - Val ROC-AUC: 0.6715 - Val PR-AUC: 0.2925
Epoch 41/50 - Loss: 0.4169 - Val F1: 0.3133 - Val ROC-AUC: 0.6734 - Val PR-AUC: 0.3132
Epoch 42/50 - Loss: 0.4127 - Val F1: 0.3367 - Val ROC-AUC: 0.6825 - Val PR-AUC: 0.3186
Epoch 43/50 - Loss: 0.4148 - Val F1: 0.3237 - Val ROC-AUC: 0.6735 - Val PR-AUC: 0.2993
Epoch 44/50 - Loss: 0.4087 - Val F1: 0.3376 - Val ROC-AUC: 0.6825 - Val PR-AUC: 0.3052
Epoch 45/50 - Loss: 0.4063 - Val F1: 0.3343 - Val ROC-AUC: 0.6785 - Val PR-AUC: 0.2906
Epoch 46/50 - Loss: 0.4140 - Val F1: 0.3459 - Val ROC-AUC: 0.6719 - Val PR-AUC: 0.2945
Epoch 47/50 - Loss: 0.3923 - Val F1: 0.3455 - Val ROC-AUC: 0.6726 - Val PR-AUC: 0.3012
Epoch 48/50 - Loss: 0.3976 - Val F1: 0.3484 - Val ROC-AUC: 0.6784 - Val PR-AUC: 0.2977
Epoch 49/50 - Loss: 0.3942 - Val F1: 0.3446 - Val ROC-AUC: 0.6757 - Val PR-AUC: 0.3097
Epoch 50/50 - Loss: 0.3938 - Val F1: 0.3413 - Val ROC-AUC: 0.6757 - Val PR-AUC: 0.2974
Pretraining completed. Test F1: 0.3141, ROC-AUC: 0.6666, PR-AUC: 0.3223
[3/4] Finetuning on TOX21_ERb_BLA_Antagonist_viability using GIN...
