[1/4] Excel → CSV 변환 중...
[2/4] Pretraining on TOX21_ERa_LUC_VM7_Agonist using GAT...
Epoch 1/50 - Loss: 0.6866 - Val F1: 0.2565 - Val ROC-AUC: 0.6271 - Val PR-AUC: 0.2195
Epoch 2/50 - Loss: 0.6773 - Val F1: 0.2697 - Val ROC-AUC: 0.6258 - Val PR-AUC: 0.2286
Epoch 3/50 - Loss: 0.6728 - Val F1: 0.2590 - Val ROC-AUC: 0.6292 - Val PR-AUC: 0.2252
Epoch 4/50 - Loss: 0.6728 - Val F1: 0.2463 - Val ROC-AUC: 0.6365 - Val PR-AUC: 0.2383
Epoch 5/50 - Loss: 0.6688 - Val F1: 0.2609 - Val ROC-AUC: 0.6333 - Val PR-AUC: 0.2199
Epoch 6/50 - Loss: 0.6653 - Val F1: 0.2418 - Val ROC-AUC: 0.6287 - Val PR-AUC: 0.2406
Epoch 7/50 - Loss: 0.6747 - Val F1: 0.2359 - Val ROC-AUC: 0.6299 - Val PR-AUC: 0.2563
Epoch 8/50 - Loss: 0.6609 - Val F1: 0.2378 - Val ROC-AUC: 0.6371 - Val PR-AUC: 0.2388
Epoch 9/50 - Loss: 0.6704 - Val F1: 0.2443 - Val ROC-AUC: 0.6328 - Val PR-AUC: 0.2497
Epoch 10/50 - Loss: 0.6615 - Val F1: 0.2428 - Val ROC-AUC: 0.6432 - Val PR-AUC: 0.2743
Epoch 11/50 - Loss: 0.6541 - Val F1: 0.2417 - Val ROC-AUC: 0.6422 - Val PR-AUC: 0.2644
Epoch 12/50 - Loss: 0.6560 - Val F1: 0.2383 - Val ROC-AUC: 0.6396 - Val PR-AUC: 0.2560
Epoch 13/50 - Loss: 0.6454 - Val F1: 0.2483 - Val ROC-AUC: 0.6335 - Val PR-AUC: 0.2345
Epoch 14/50 - Loss: 0.6538 - Val F1: 0.2413 - Val ROC-AUC: 0.6376 - Val PR-AUC: 0.2631
Epoch 15/50 - Loss: 0.6507 - Val F1: 0.2472 - Val ROC-AUC: 0.6454 - Val PR-AUC: 0.2650
Epoch 16/50 - Loss: 0.6526 - Val F1: 0.2583 - Val ROC-AUC: 0.6640 - Val PR-AUC: 0.2590
Epoch 17/50 - Loss: 0.6553 - Val F1: 0.2479 - Val ROC-AUC: 0.6483 - Val PR-AUC: 0.2582
Epoch 18/50 - Loss: 0.6577 - Val F1: 0.2508 - Val ROC-AUC: 0.6512 - Val PR-AUC: 0.2695
Epoch 19/50 - Loss: 0.6591 - Val F1: 0.2536 - Val ROC-AUC: 0.6460 - Val PR-AUC: 0.2607
Epoch 20/50 - Loss: 0.6494 - Val F1: 0.2549 - Val ROC-AUC: 0.6551 - Val PR-AUC: 0.2649
Epoch 21/50 - Loss: 0.6510 - Val F1: 0.2634 - Val ROC-AUC: 0.6473 - Val PR-AUC: 0.2593
Epoch 22/50 - Loss: 0.6477 - Val F1: 0.2463 - Val ROC-AUC: 0.6416 - Val PR-AUC: 0.2702
Epoch 23/50 - Loss: 0.6511 - Val F1: 0.2575 - Val ROC-AUC: 0.6574 - Val PR-AUC: 0.2625
Epoch 24/50 - Loss: 0.6488 - Val F1: 0.2375 - Val ROC-AUC: 0.6337 - Val PR-AUC: 0.2577
Epoch 25/50 - Loss: 0.6477 - Val F1: 0.2612 - Val ROC-AUC: 0.6526 - Val PR-AUC: 0.2755
Epoch 26/50 - Loss: 0.6499 - Val F1: 0.2555 - Val ROC-AUC: 0.6557 - Val PR-AUC: 0.2823
Epoch 27/50 - Loss: 0.6414 - Val F1: 0.2605 - Val ROC-AUC: 0.6539 - Val PR-AUC: 0.2881
Epoch 28/50 - Loss: 0.6451 - Val F1: 0.2691 - Val ROC-AUC: 0.6630 - Val PR-AUC: 0.2940
Epoch 29/50 - Loss: 0.6468 - Val F1: 0.2581 - Val ROC-AUC: 0.6604 - Val PR-AUC: 0.2777
Epoch 30/50 - Loss: 0.6433 - Val F1: 0.2588 - Val ROC-AUC: 0.6567 - Val PR-AUC: 0.2872
Epoch 31/50 - Loss: 0.6422 - Val F1: 0.2549 - Val ROC-AUC: 0.6644 - Val PR-AUC: 0.2773
Epoch 32/50 - Loss: 0.6451 - Val F1: 0.2495 - Val ROC-AUC: 0.6559 - Val PR-AUC: 0.2733
Epoch 33/50 - Loss: 0.6425 - Val F1: 0.2674 - Val ROC-AUC: 0.6579 - Val PR-AUC: 0.2689
Epoch 34/50 - Loss: 0.6456 - Val F1: 0.2621 - Val ROC-AUC: 0.6592 - Val PR-AUC: 0.2655
Epoch 35/50 - Loss: 0.6418 - Val F1: 0.2525 - Val ROC-AUC: 0.6538 - Val PR-AUC: 0.2532
Epoch 36/50 - Loss: 0.6428 - Val F1: 0.2592 - Val ROC-AUC: 0.6595 - Val PR-AUC: 0.2615
Epoch 37/50 - Loss: 0.6432 - Val F1: 0.2635 - Val ROC-AUC: 0.6586 - Val PR-AUC: 0.2639
Epoch 38/50 - Loss: 0.6406 - Val F1: 0.2649 - Val ROC-AUC: 0.6598 - Val PR-AUC: 0.2670
Epoch 39/50 - Loss: 0.6358 - Val F1: 0.2535 - Val ROC-AUC: 0.6578 - Val PR-AUC: 0.2617
Epoch 40/50 - Loss: 0.6356 - Val F1: 0.2509 - Val ROC-AUC: 0.6549 - Val PR-AUC: 0.2641
Epoch 41/50 - Loss: 0.6290 - Val F1: 0.2581 - Val ROC-AUC: 0.6534 - Val PR-AUC: 0.2634
Epoch 42/50 - Loss: 0.6445 - Val F1: 0.2573 - Val ROC-AUC: 0.6584 - Val PR-AUC: 0.2641
Epoch 43/50 - Loss: 0.6340 - Val F1: 0.2583 - Val ROC-AUC: 0.6632 - Val PR-AUC: 0.2689
Epoch 44/50 - Loss: 0.6399 - Val F1: 0.2540 - Val ROC-AUC: 0.6569 - Val PR-AUC: 0.2634
Epoch 45/50 - Loss: 0.6376 - Val F1: 0.2591 - Val ROC-AUC: 0.6620 - Val PR-AUC: 0.2687
Epoch 46/50 - Loss: 0.6364 - Val F1: 0.2618 - Val ROC-AUC: 0.6599 - Val PR-AUC: 0.2685
Epoch 47/50 - Loss: 0.6320 - Val F1: 0.2610 - Val ROC-AUC: 0.6642 - Val PR-AUC: 0.2693
Epoch 48/50 - Loss: 0.6429 - Val F1: 0.2606 - Val ROC-AUC: 0.6607 - Val PR-AUC: 0.2707
Epoch 49/50 - Loss: 0.6443 - Val F1: 0.2639 - Val ROC-AUC: 0.6614 - Val PR-AUC: 0.2695
Epoch 50/50 - Loss: 0.6428 - Val F1: 0.2692 - Val ROC-AUC: 0.6632 - Val PR-AUC: 0.2711
Pretraining completed. Test F1: 0.3146, ROC-AUC: 0.6760, PR-AUC: 0.2950
[3/4] Finetuning on TOX21_ERa_BLA_Agonist_ch2 using GAT...
[Fine-tune] Epoch 1/50 - Loss: 0.6135 - Val F1: 0.1509 - Val ROC-AUC: 0.7849 - Val PR-AUC: 0.3200
[Fine-tune] Epoch 2/50 - Loss: 0.6087 - Val F1: 0.1550 - Val ROC-AUC: 0.7860 - Val PR-AUC: 0.2944
[Fine-tune] Epoch 3/50 - Loss: 0.5993 - Val F1: 0.1487 - Val ROC-AUC: 0.7670 - Val PR-AUC: 0.2300
[Fine-tune] Epoch 4/50 - Loss: 0.6035 - Val F1: 0.2091 - Val ROC-AUC: 0.7672 - Val PR-AUC: 0.2531
[Fine-tune] Epoch 5/50 - Loss: 0.5885 - Val F1: 0.1297 - Val ROC-AUC: 0.7466 - Val PR-AUC: 0.3056
[Fine-tune] Epoch 6/50 - Loss: 0.6013 - Val F1: 0.1725 - Val ROC-AUC: 0.7672 - Val PR-AUC: 0.2696
[Fine-tune] Epoch 7/50 - Loss: 0.5899 - Val F1: 0.1390 - Val ROC-AUC: 0.7860 - Val PR-AUC: 0.3007
[Fine-tune] Epoch 8/50 - Loss: 0.5922 - Val F1: 0.1806 - Val ROC-AUC: 0.7758 - Val PR-AUC: 0.2599
[Fine-tune] Epoch 9/50 - Loss: 0.5905 - Val F1: 0.1786 - Val ROC-AUC: 0.7728 - Val PR-AUC: 0.3200
[Fine-tune] Epoch 10/50 - Loss: 0.5795 - Val F1: 0.1635 - Val ROC-AUC: 0.7740 - Val PR-AUC: 0.3372
[Fine-tune] Epoch 11/50 - Loss: 0.5807 - Val F1: 0.1886 - Val ROC-AUC: 0.7829 - Val PR-AUC: 0.2972
[Fine-tune] Epoch 12/50 - Loss: 0.5808 - Val F1: 0.1796 - Val ROC-AUC: 0.7817 - Val PR-AUC: 0.2798
[Fine-tune] Epoch 13/50 - Loss: 0.5771 - Val F1: 0.1953 - Val ROC-AUC: 0.7912 - Val PR-AUC: 0.2634
[Fine-tune] Epoch 14/50 - Loss: 0.5850 - Val F1: 0.1512 - Val ROC-AUC: 0.7918 - Val PR-AUC: 0.3179
[Fine-tune] Epoch 15/50 - Loss: 0.5683 - Val F1: 0.1717 - Val ROC-AUC: 0.7886 - Val PR-AUC: 0.3047
[Fine-tune] Epoch 16/50 - Loss: 0.5744 - Val F1: 0.1711 - Val ROC-AUC: 0.7756 - Val PR-AUC: 0.3112
[Fine-tune] Epoch 17/50 - Loss: 0.5791 - Val F1: 0.1831 - Val ROC-AUC: 0.7752 - Val PR-AUC: 0.2923
[Fine-tune] Epoch 18/50 - Loss: 0.5675 - Val F1: 0.1696 - Val ROC-AUC: 0.7704 - Val PR-AUC: 0.3093
[Fine-tune] Epoch 19/50 - Loss: 0.5734 - Val F1: 0.1483 - Val ROC-AUC: 0.7798 - Val PR-AUC: 0.3112
[Fine-tune] Epoch 20/50 - Loss: 0.5682 - Val F1: 0.1598 - Val ROC-AUC: 0.7922 - Val PR-AUC: 0.3242
[Fine-tune] Epoch 21/50 - Loss: 0.5659 - Val F1: 0.1796 - Val ROC-AUC: 0.7861 - Val PR-AUC: 0.3179
[Fine-tune] Epoch 22/50 - Loss: 0.5613 - Val F1: 0.1737 - Val ROC-AUC: 0.7893 - Val PR-AUC: 0.3171
[Fine-tune] Epoch 23/50 - Loss: 0.5685 - Val F1: 0.1770 - Val ROC-AUC: 0.7983 - Val PR-AUC: 0.3165
[Fine-tune] Epoch 24/50 - Loss: 0.5686 - Val F1: 0.1644 - Val ROC-AUC: 0.7988 - Val PR-AUC: 0.3107
[Fine-tune] Epoch 25/50 - Loss: 0.5624 - Val F1: 0.1671 - Val ROC-AUC: 0.7974 - Val PR-AUC: 0.3119
[Fine-tune] Epoch 26/50 - Loss: 0.5583 - Val F1: 0.1859 - Val ROC-AUC: 0.8035 - Val PR-AUC: 0.3315
[Fine-tune] Epoch 27/50 - Loss: 0.5624 - Val F1: 0.1744 - Val ROC-AUC: 0.7940 - Val PR-AUC: 0.3243
[Fine-tune] Epoch 28/50 - Loss: 0.5572 - Val F1: 0.1835 - Val ROC-AUC: 0.7946 - Val PR-AUC: 0.3122
[Fine-tune] Epoch 29/50 - Loss: 0.5650 - Val F1: 0.1829 - Val ROC-AUC: 0.7964 - Val PR-AUC: 0.3182
[Fine-tune] Epoch 30/50 - Loss: 0.5512 - Val F1: 0.1860 - Val ROC-AUC: 0.7946 - Val PR-AUC: 0.3442
[Fine-tune] Epoch 31/50 - Loss: 0.5569 - Val F1: 0.1744 - Val ROC-AUC: 0.7988 - Val PR-AUC: 0.3214
[Fine-tune] Epoch 32/50 - Loss: 0.5580 - Val F1: 0.1731 - Val ROC-AUC: 0.7976 - Val PR-AUC: 0.3212
[Fine-tune] Epoch 33/50 - Loss: 0.5588 - Val F1: 0.1775 - Val ROC-AUC: 0.7989 - Val PR-AUC: 0.3190
[Fine-tune] Epoch 34/50 - Loss: 0.5579 - Val F1: 0.1730 - Val ROC-AUC: 0.8020 - Val PR-AUC: 0.3469
[Fine-tune] Epoch 35/50 - Loss: 0.5528 - Val F1: 0.1782 - Val ROC-AUC: 0.8037 - Val PR-AUC: 0.3567
[Fine-tune] Epoch 36/50 - Loss: 0.5616 - Val F1: 0.2014 - Val ROC-AUC: 0.8027 - Val PR-AUC: 0.3328
[Fine-tune] Epoch 37/50 - Loss: 0.5488 - Val F1: 0.1863 - Val ROC-AUC: 0.8001 - Val PR-AUC: 0.3328
[Fine-tune] Epoch 38/50 - Loss: 0.5554 - Val F1: 0.2057 - Val ROC-AUC: 0.7936 - Val PR-AUC: 0.3449
[Fine-tune] Epoch 39/50 - Loss: 0.5565 - Val F1: 0.2028 - Val ROC-AUC: 0.7911 - Val PR-AUC: 0.3282
[Fine-tune] Epoch 40/50 - Loss: 0.5487 - Val F1: 0.1731 - Val ROC-AUC: 0.7960 - Val PR-AUC: 0.3407
[Fine-tune] Epoch 41/50 - Loss: 0.5560 - Val F1: 0.1607 - Val ROC-AUC: 0.7973 - Val PR-AUC: 0.3415
[Fine-tune] Epoch 42/50 - Loss: 0.5578 - Val F1: 0.1883 - Val ROC-AUC: 0.7910 - Val PR-AUC: 0.3475
[Fine-tune] Epoch 43/50 - Loss: 0.5438 - Val F1: 0.1681 - Val ROC-AUC: 0.7940 - Val PR-AUC: 0.3389
[Fine-tune] Epoch 44/50 - Loss: 0.5564 - Val F1: 0.1742 - Val ROC-AUC: 0.7915 - Val PR-AUC: 0.3354
[Fine-tune] Epoch 45/50 - Loss: 0.5618 - Val F1: 0.1681 - Val ROC-AUC: 0.7991 - Val PR-AUC: 0.3482
[Fine-tune] Epoch 46/50 - Loss: 0.5554 - Val F1: 0.1841 - Val ROC-AUC: 0.7943 - Val PR-AUC: 0.3462
[Fine-tune] Epoch 47/50 - Loss: 0.5510 - Val F1: 0.1835 - Val ROC-AUC: 0.7982 - Val PR-AUC: 0.3463
[Fine-tune] Epoch 48/50 - Loss: 0.5553 - Val F1: 0.1763 - Val ROC-AUC: 0.8000 - Val PR-AUC: 0.3445
[Fine-tune] Epoch 49/50 - Loss: 0.5556 - Val F1: 0.1889 - Val ROC-AUC: 0.7996 - Val PR-AUC: 0.3311
[Fine-tune] Epoch 50/50 - Loss: 0.5498 - Val F1: 0.1742 - Val ROC-AUC: 0.7925 - Val PR-AUC: 0.3340
Finetuning completed. Test F1: 0.2160, ROC-AUC: 0.7585, PR-AUC: 0.2161
[3.1/4] Target-only training on TOX21_ERa_BLA_Agonist_ch2 using GAT...
=== Target-only training ===
[Target-only] Epoch 1/50 – Loss: 0.6319  Val F1: 0.1711  ROC-AUC: 0.7674  PR-AUC: 0.2756
[Target-only] Epoch 2/50 – Loss: 0.6026  Val F1: 0.1598  ROC-AUC: 0.7722  PR-AUC: 0.2768
[Target-only] Epoch 3/50 – Loss: 0.5952  Val F1: 0.1894  ROC-AUC: 0.7945  PR-AUC: 0.3372
[Target-only] Epoch 4/50 – Loss: 0.6004  Val F1: 0.2230  ROC-AUC: 0.7950  PR-AUC: 0.3250
[Target-only] Epoch 5/50 – Loss: 0.5754  Val F1: 0.1835  ROC-AUC: 0.8006  PR-AUC: 0.2914
[Target-only] Epoch 6/50 – Loss: 0.5784  Val F1: 0.2222  ROC-AUC: 0.7968  PR-AUC: 0.3034
[Target-only] Epoch 7/50 – Loss: 0.5893  Val F1: 0.2286  ROC-AUC: 0.8043  PR-AUC: 0.3682
[Target-only] Epoch 8/50 – Loss: 0.5738  Val F1: 0.2030  ROC-AUC: 0.8053  PR-AUC: 0.3276
[Target-only] Epoch 9/50 – Loss: 0.5852  Val F1: 0.2231  ROC-AUC: 0.7879  PR-AUC: 0.2955
[Target-only] Epoch 10/50 – Loss: 0.5787  Val F1: 0.2160  ROC-AUC: 0.7988  PR-AUC: 0.3821
[Target-only] Epoch 11/50 – Loss: 0.5658  Val F1: 0.2083  ROC-AUC: 0.8056  PR-AUC: 0.3553
[Target-only] Epoch 12/50 – Loss: 0.5655  Val F1: 0.2268  ROC-AUC: 0.7979  PR-AUC: 0.3417
[Target-only] Epoch 13/50 – Loss: 0.5563  Val F1: 0.2396  ROC-AUC: 0.7901  PR-AUC: 0.3347
[Target-only] Epoch 14/50 – Loss: 0.5645  Val F1: 0.1948  ROC-AUC: 0.7909  PR-AUC: 0.3290
[Target-only] Epoch 15/50 – Loss: 0.5560  Val F1: 0.2118  ROC-AUC: 0.7984  PR-AUC: 0.3129
[Target-only] Epoch 16/50 – Loss: 0.5582  Val F1: 0.1972  ROC-AUC: 0.8022  PR-AUC: 0.3008
[Target-only] Epoch 17/50 – Loss: 0.5675  Val F1: 0.1856  ROC-AUC: 0.7971  PR-AUC: 0.3004
[Target-only] Epoch 18/50 – Loss: 0.5569  Val F1: 0.1921  ROC-AUC: 0.7867  PR-AUC: 0.3262
[Target-only] Epoch 19/50 – Loss: 0.5530  Val F1: 0.2146  ROC-AUC: 0.7910  PR-AUC: 0.3274
[Target-only] Epoch 20/50 – Loss: 0.5548  Val F1: 0.2069  ROC-AUC: 0.7996  PR-AUC: 0.3381
[Target-only] Epoch 21/50 – Loss: 0.5457  Val F1: 0.2114  ROC-AUC: 0.8068  PR-AUC: 0.3425
[Target-only] Epoch 22/50 – Loss: 0.5408  Val F1: 0.2118  ROC-AUC: 0.8049  PR-AUC: 0.3316
[Target-only] Epoch 23/50 – Loss: 0.5489  Val F1: 0.2000  ROC-AUC: 0.7933  PR-AUC: 0.3316
[Target-only] Epoch 24/50 – Loss: 0.5532  Val F1: 0.2308  ROC-AUC: 0.8109  PR-AUC: 0.3148
[Target-only] Epoch 25/50 – Loss: 0.5409  Val F1: 0.2051  ROC-AUC: 0.7930  PR-AUC: 0.3303
[Target-only] Epoch 26/50 – Loss: 0.5440  Val F1: 0.2008  ROC-AUC: 0.7903  PR-AUC: 0.2973
[Target-only] Epoch 27/50 – Loss: 0.5408  Val F1: 0.1867  ROC-AUC: 0.8036  PR-AUC: 0.3030
[Target-only] Epoch 28/50 – Loss: 0.5384  Val F1: 0.1919  ROC-AUC: 0.7992  PR-AUC: 0.3090
[Target-only] Epoch 29/50 – Loss: 0.5498  Val F1: 0.1942  ROC-AUC: 0.8014  PR-AUC: 0.3266
[Target-only] Epoch 30/50 – Loss: 0.5318  Val F1: 0.1949  ROC-AUC: 0.8054  PR-AUC: 0.3355
[Target-only] Epoch 31/50 – Loss: 0.5341  Val F1: 0.2114  ROC-AUC: 0.8019  PR-AUC: 0.3192
[Target-only] Epoch 32/50 – Loss: 0.5532  Val F1: 0.2000  ROC-AUC: 0.8011  PR-AUC: 0.3368
[Target-only] Epoch 33/50 – Loss: 0.5425  Val F1: 0.2213  ROC-AUC: 0.8136  PR-AUC: 0.3156
[Target-only] Epoch 34/50 – Loss: 0.5392  Val F1: 0.2069  ROC-AUC: 0.8078  PR-AUC: 0.3336
[Target-only] Epoch 35/50 – Loss: 0.5402  Val F1: 0.2096  ROC-AUC: 0.8064  PR-AUC: 0.3551
[Target-only] Epoch 36/50 – Loss: 0.5459  Val F1: 0.2008  ROC-AUC: 0.8000  PR-AUC: 0.3382
[Target-only] Epoch 37/50 – Loss: 0.5395  Val F1: 0.2000  ROC-AUC: 0.8052  PR-AUC: 0.3341
[Target-only] Epoch 38/50 – Loss: 0.5413  Val F1: 0.2078  ROC-AUC: 0.8037  PR-AUC: 0.3269
[Target-only] Epoch 39/50 – Loss: 0.5313  Val F1: 0.2212  ROC-AUC: 0.8037  PR-AUC: 0.3304
[Target-only] Epoch 40/50 – Loss: 0.5387  Val F1: 0.1992  ROC-AUC: 0.8038  PR-AUC: 0.3319
[Target-only] Epoch 41/50 – Loss: 0.5300  Val F1: 0.2049  ROC-AUC: 0.8015  PR-AUC: 0.3296
[Target-only] Epoch 42/50 – Loss: 0.5312  Val F1: 0.2286  ROC-AUC: 0.8055  PR-AUC: 0.3255
[Target-only] Epoch 43/50 – Loss: 0.5373  Val F1: 0.2264  ROC-AUC: 0.8071  PR-AUC: 0.3268
[Target-only] Epoch 44/50 – Loss: 0.5372  Val F1: 0.1992  ROC-AUC: 0.8058  PR-AUC: 0.3201
[Target-only] Epoch 45/50 – Loss: 0.5363  Val F1: 0.2025  ROC-AUC: 0.8069  PR-AUC: 0.3336
[Target-only] Epoch 46/50 – Loss: 0.5318  Val F1: 0.2244  ROC-AUC: 0.8033  PR-AUC: 0.3321
[Target-only] Epoch 47/50 – Loss: 0.5351  Val F1: 0.2297  ROC-AUC: 0.8015  PR-AUC: 0.3258
[Target-only] Epoch 48/50 – Loss: 0.5263  Val F1: 0.2297  ROC-AUC: 0.8054  PR-AUC: 0.3261
[Target-only] Epoch 49/50 – Loss: 0.5360  Val F1: 0.2319  ROC-AUC: 0.8075  PR-AUC: 0.3284
[Target-only] Epoch 50/50 – Loss: 0.5305  Val F1: 0.2049  ROC-AUC: 0.8132  PR-AUC: 0.3323
=== Target-only TEST performance ===
Test F1: 0.2476, ROC-AUC: 0.7781, PR-AUC: 0.2799
[4/4] Embedding 시각화 중...
✅ Embeddings 저장 완료: embeddings_TOX21_ERa_LUC_VM7_Agonist_TOX21_ERa_BLA_Agonist_ch2_GAT.png
✅ 실험 완료: TOX21_ERa_LUC_VM7_Agonist -> TOX21_ERa_BLA_Agonist_ch2 [GAT]
