[1/4] Excel → CSV 변환 중...
[2/4] Pretraining on TOX21_ERa_LUC_VM7_Antagonist_0.5nM_E2_viability using GAT...
Epoch 1/50 - Loss: 0.6622 - Val F1: 0.2053 - Val ROC-AUC: 0.6551 - Val PR-AUC: 0.1010
Epoch 2/50 - Loss: 0.6413 - Val F1: 0.1770 - Val ROC-AUC: 0.7143 - Val PR-AUC: 0.1609
Epoch 3/50 - Loss: 0.6413 - Val F1: 0.2092 - Val ROC-AUC: 0.7115 - Val PR-AUC: 0.1688
Epoch 4/50 - Loss: 0.6422 - Val F1: 0.2052 - Val ROC-AUC: 0.7311 - Val PR-AUC: 0.1735
Epoch 5/50 - Loss: 0.6348 - Val F1: 0.2055 - Val ROC-AUC: 0.7836 - Val PR-AUC: 0.2196
Epoch 6/50 - Loss: 0.6291 - Val F1: 0.2605 - Val ROC-AUC: 0.7848 - Val PR-AUC: 0.2156
Epoch 7/50 - Loss: 0.6186 - Val F1: 0.2567 - Val ROC-AUC: 0.8071 - Val PR-AUC: 0.2293
Epoch 8/50 - Loss: 0.6212 - Val F1: 0.2602 - Val ROC-AUC: 0.8096 - Val PR-AUC: 0.2021
Epoch 9/50 - Loss: 0.6226 - Val F1: 0.2582 - Val ROC-AUC: 0.8306 - Val PR-AUC: 0.2666
Epoch 10/50 - Loss: 0.6182 - Val F1: 0.2440 - Val ROC-AUC: 0.7862 - Val PR-AUC: 0.2142
Epoch 11/50 - Loss: 0.6064 - Val F1: 0.2383 - Val ROC-AUC: 0.8168 - Val PR-AUC: 0.2441
Epoch 12/50 - Loss: 0.6097 - Val F1: 0.2500 - Val ROC-AUC: 0.8164 - Val PR-AUC: 0.2352
Epoch 13/50 - Loss: 0.6010 - Val F1: 0.2477 - Val ROC-AUC: 0.8147 - Val PR-AUC: 0.2358
Epoch 14/50 - Loss: 0.6090 - Val F1: 0.2415 - Val ROC-AUC: 0.8236 - Val PR-AUC: 0.2556
Epoch 15/50 - Loss: 0.6053 - Val F1: 0.2227 - Val ROC-AUC: 0.8277 - Val PR-AUC: 0.2588
Epoch 16/50 - Loss: 0.6038 - Val F1: 0.2639 - Val ROC-AUC: 0.8167 - Val PR-AUC: 0.2633
Epoch 17/50 - Loss: 0.5911 - Val F1: 0.2141 - Val ROC-AUC: 0.8291 - Val PR-AUC: 0.2792
Epoch 18/50 - Loss: 0.6052 - Val F1: 0.2488 - Val ROC-AUC: 0.8299 - Val PR-AUC: 0.2812
Epoch 19/50 - Loss: 0.5876 - Val F1: 0.2356 - Val ROC-AUC: 0.8040 - Val PR-AUC: 0.2886
Epoch 20/50 - Loss: 0.5875 - Val F1: 0.2231 - Val ROC-AUC: 0.8229 - Val PR-AUC: 0.2703
Epoch 21/50 - Loss: 0.5816 - Val F1: 0.2236 - Val ROC-AUC: 0.8304 - Val PR-AUC: 0.2961
Epoch 22/50 - Loss: 0.5800 - Val F1: 0.2500 - Val ROC-AUC: 0.8229 - Val PR-AUC: 0.2983
Epoch 23/50 - Loss: 0.5908 - Val F1: 0.2547 - Val ROC-AUC: 0.8398 - Val PR-AUC: 0.3024
Epoch 24/50 - Loss: 0.5810 - Val F1: 0.2543 - Val ROC-AUC: 0.8300 - Val PR-AUC: 0.3016
Epoch 25/50 - Loss: 0.5886 - Val F1: 0.2762 - Val ROC-AUC: 0.8373 - Val PR-AUC: 0.2913
Epoch 26/50 - Loss: 0.5889 - Val F1: 0.2506 - Val ROC-AUC: 0.8291 - Val PR-AUC: 0.3063
Epoch 27/50 - Loss: 0.5744 - Val F1: 0.2624 - Val ROC-AUC: 0.8364 - Val PR-AUC: 0.2825
Epoch 28/50 - Loss: 0.5742 - Val F1: 0.2500 - Val ROC-AUC: 0.8212 - Val PR-AUC: 0.3028
Epoch 29/50 - Loss: 0.5788 - Val F1: 0.2372 - Val ROC-AUC: 0.8241 - Val PR-AUC: 0.3035
Epoch 30/50 - Loss: 0.5809 - Val F1: 0.2537 - Val ROC-AUC: 0.8213 - Val PR-AUC: 0.2952
Epoch 31/50 - Loss: 0.5740 - Val F1: 0.2400 - Val ROC-AUC: 0.8278 - Val PR-AUC: 0.3102
Epoch 32/50 - Loss: 0.5795 - Val F1: 0.2413 - Val ROC-AUC: 0.8203 - Val PR-AUC: 0.3006
Epoch 33/50 - Loss: 0.5685 - Val F1: 0.2620 - Val ROC-AUC: 0.8310 - Val PR-AUC: 0.3035
Epoch 34/50 - Loss: 0.5796 - Val F1: 0.2525 - Val ROC-AUC: 0.8277 - Val PR-AUC: 0.2974
Epoch 35/50 - Loss: 0.5625 - Val F1: 0.2537 - Val ROC-AUC: 0.8288 - Val PR-AUC: 0.3112
Epoch 36/50 - Loss: 0.5690 - Val F1: 0.2559 - Val ROC-AUC: 0.8293 - Val PR-AUC: 0.3179
Epoch 37/50 - Loss: 0.5559 - Val F1: 0.2743 - Val ROC-AUC: 0.8336 - Val PR-AUC: 0.3081
Epoch 38/50 - Loss: 0.5684 - Val F1: 0.2713 - Val ROC-AUC: 0.8248 - Val PR-AUC: 0.3294
Epoch 39/50 - Loss: 0.5697 - Val F1: 0.2684 - Val ROC-AUC: 0.8403 - Val PR-AUC: 0.3157
Epoch 40/50 - Loss: 0.5585 - Val F1: 0.2670 - Val ROC-AUC: 0.8314 - Val PR-AUC: 0.3261
Epoch 41/50 - Loss: 0.5628 - Val F1: 0.2637 - Val ROC-AUC: 0.8332 - Val PR-AUC: 0.3004
Epoch 42/50 - Loss: 0.5776 - Val F1: 0.2704 - Val ROC-AUC: 0.8310 - Val PR-AUC: 0.3010
Epoch 43/50 - Loss: 0.5643 - Val F1: 0.2602 - Val ROC-AUC: 0.8364 - Val PR-AUC: 0.3105
Epoch 44/50 - Loss: 0.5629 - Val F1: 0.2674 - Val ROC-AUC: 0.8386 - Val PR-AUC: 0.3094
Epoch 45/50 - Loss: 0.5566 - Val F1: 0.2735 - Val ROC-AUC: 0.8366 - Val PR-AUC: 0.3048
Epoch 46/50 - Loss: 0.5654 - Val F1: 0.2759 - Val ROC-AUC: 0.8338 - Val PR-AUC: 0.3148
Epoch 47/50 - Loss: 0.5611 - Val F1: 0.2799 - Val ROC-AUC: 0.8393 - Val PR-AUC: 0.3114
Epoch 48/50 - Loss: 0.5577 - Val F1: 0.2692 - Val ROC-AUC: 0.8406 - Val PR-AUC: 0.3223
Epoch 49/50 - Loss: 0.5691 - Val F1: 0.2899 - Val ROC-AUC: 0.8387 - Val PR-AUC: 0.3096
Epoch 50/50 - Loss: 0.5628 - Val F1: 0.3003 - Val ROC-AUC: 0.8422 - Val PR-AUC: 0.3118
Pretraining completed. Test F1: 0.2939, ROC-AUC: 0.8377, PR-AUC: 0.2861
[3/4] Finetuning on TOX21_ERa_BLA_Agonist_ch2 using GAT...
[Fine-tune] Epoch 1/50 - Loss: 0.5972 - Val F1: 0.1774 - Val ROC-AUC: 0.7990 - Val PR-AUC: 0.2007
[Fine-tune] Epoch 2/50 - Loss: 0.5865 - Val F1: 0.2241 - Val ROC-AUC: 0.8039 - Val PR-AUC: 0.2236
[Fine-tune] Epoch 3/50 - Loss: 0.5740 - Val F1: 0.1823 - Val ROC-AUC: 0.8173 - Val PR-AUC: 0.2422
[Fine-tune] Epoch 4/50 - Loss: 0.5667 - Val F1: 0.1796 - Val ROC-AUC: 0.8015 - Val PR-AUC: 0.2353
[Fine-tune] Epoch 5/50 - Loss: 0.5613 - Val F1: 0.1801 - Val ROC-AUC: 0.8043 - Val PR-AUC: 0.2261
[Fine-tune] Epoch 6/50 - Loss: 0.5628 - Val F1: 0.2317 - Val ROC-AUC: 0.8208 - Val PR-AUC: 0.3119
[Fine-tune] Epoch 7/50 - Loss: 0.5685 - Val F1: 0.2189 - Val ROC-AUC: 0.8130 - Val PR-AUC: 0.2851
[Fine-tune] Epoch 8/50 - Loss: 0.5569 - Val F1: 0.2609 - Val ROC-AUC: 0.8167 - Val PR-AUC: 0.2971
[Fine-tune] Epoch 9/50 - Loss: 0.5597 - Val F1: 0.2267 - Val ROC-AUC: 0.8023 - Val PR-AUC: 0.2632
[Fine-tune] Epoch 10/50 - Loss: 0.5522 - Val F1: 0.2374 - Val ROC-AUC: 0.8021 - Val PR-AUC: 0.2517
[Fine-tune] Epoch 11/50 - Loss: 0.5550 - Val F1: 0.2873 - Val ROC-AUC: 0.8050 - Val PR-AUC: 0.2625
[Fine-tune] Epoch 12/50 - Loss: 0.5531 - Val F1: 0.2613 - Val ROC-AUC: 0.8014 - Val PR-AUC: 0.2793
[Fine-tune] Epoch 13/50 - Loss: 0.5445 - Val F1: 0.2587 - Val ROC-AUC: 0.8108 - Val PR-AUC: 0.2928
[Fine-tune] Epoch 14/50 - Loss: 0.5434 - Val F1: 0.2781 - Val ROC-AUC: 0.8102 - Val PR-AUC: 0.2657
[Fine-tune] Epoch 15/50 - Loss: 0.5569 - Val F1: 0.2318 - Val ROC-AUC: 0.8028 - Val PR-AUC: 0.2957
[Fine-tune] Epoch 16/50 - Loss: 0.5472 - Val F1: 0.2618 - Val ROC-AUC: 0.8013 - Val PR-AUC: 0.2959
[Fine-tune] Epoch 17/50 - Loss: 0.5574 - Val F1: 0.2703 - Val ROC-AUC: 0.7952 - Val PR-AUC: 0.2775
[Fine-tune] Epoch 18/50 - Loss: 0.5595 - Val F1: 0.2342 - Val ROC-AUC: 0.7979 - Val PR-AUC: 0.2855
[Fine-tune] Epoch 19/50 - Loss: 0.5538 - Val F1: 0.2687 - Val ROC-AUC: 0.7983 - Val PR-AUC: 0.2746
[Fine-tune] Epoch 20/50 - Loss: 0.5409 - Val F1: 0.2743 - Val ROC-AUC: 0.7909 - Val PR-AUC: 0.2916
[Fine-tune] Epoch 21/50 - Loss: 0.5514 - Val F1: 0.2525 - Val ROC-AUC: 0.7969 - Val PR-AUC: 0.2726
[Fine-tune] Epoch 22/50 - Loss: 0.5471 - Val F1: 0.2474 - Val ROC-AUC: 0.7917 - Val PR-AUC: 0.2655
[Fine-tune] Epoch 23/50 - Loss: 0.5499 - Val F1: 0.2809 - Val ROC-AUC: 0.7979 - Val PR-AUC: 0.2836
[Fine-tune] Epoch 24/50 - Loss: 0.5430 - Val F1: 0.2822 - Val ROC-AUC: 0.7935 - Val PR-AUC: 0.2830
[Fine-tune] Epoch 25/50 - Loss: 0.5456 - Val F1: 0.3133 - Val ROC-AUC: 0.7947 - Val PR-AUC: 0.2925
[Fine-tune] Epoch 26/50 - Loss: 0.5370 - Val F1: 0.2840 - Val ROC-AUC: 0.7953 - Val PR-AUC: 0.2795
[Fine-tune] Epoch 27/50 - Loss: 0.5481 - Val F1: 0.2793 - Val ROC-AUC: 0.8021 - Val PR-AUC: 0.2872
[Fine-tune] Epoch 28/50 - Loss: 0.5510 - Val F1: 0.2732 - Val ROC-AUC: 0.7906 - Val PR-AUC: 0.2994
[Fine-tune] Epoch 29/50 - Loss: 0.5390 - Val F1: 0.2697 - Val ROC-AUC: 0.7908 - Val PR-AUC: 0.3102
[Fine-tune] Epoch 30/50 - Loss: 0.5536 - Val F1: 0.2458 - Val ROC-AUC: 0.7902 - Val PR-AUC: 0.2869
[Fine-tune] Epoch 31/50 - Loss: 0.5450 - Val F1: 0.2383 - Val ROC-AUC: 0.7897 - Val PR-AUC: 0.2987
[Fine-tune] Epoch 32/50 - Loss: 0.5397 - Val F1: 0.2839 - Val ROC-AUC: 0.7918 - Val PR-AUC: 0.3007
[Fine-tune] Epoch 33/50 - Loss: 0.5291 - Val F1: 0.2697 - Val ROC-AUC: 0.7913 - Val PR-AUC: 0.2996
[Fine-tune] Epoch 34/50 - Loss: 0.5319 - Val F1: 0.2667 - Val ROC-AUC: 0.7869 - Val PR-AUC: 0.2925
[Fine-tune] Epoch 35/50 - Loss: 0.5269 - Val F1: 0.2623 - Val ROC-AUC: 0.7939 - Val PR-AUC: 0.3107
[Fine-tune] Epoch 36/50 - Loss: 0.5410 - Val F1: 0.2822 - Val ROC-AUC: 0.7923 - Val PR-AUC: 0.3155
[Fine-tune] Epoch 37/50 - Loss: 0.5406 - Val F1: 0.2667 - Val ROC-AUC: 0.7933 - Val PR-AUC: 0.3313
[Fine-tune] Epoch 38/50 - Loss: 0.5552 - Val F1: 0.2626 - Val ROC-AUC: 0.7980 - Val PR-AUC: 0.3355
[Fine-tune] Epoch 39/50 - Loss: 0.5323 - Val F1: 0.2618 - Val ROC-AUC: 0.7993 - Val PR-AUC: 0.3250
[Fine-tune] Epoch 40/50 - Loss: 0.5451 - Val F1: 0.3125 - Val ROC-AUC: 0.7993 - Val PR-AUC: 0.3190
[Fine-tune] Epoch 41/50 - Loss: 0.5341 - Val F1: 0.2703 - Val ROC-AUC: 0.8033 - Val PR-AUC: 0.3246
[Fine-tune] Epoch 42/50 - Loss: 0.5396 - Val F1: 0.2660 - Val ROC-AUC: 0.7997 - Val PR-AUC: 0.3219
[Fine-tune] Epoch 43/50 - Loss: 0.5243 - Val F1: 0.2747 - Val ROC-AUC: 0.8029 - Val PR-AUC: 0.3329
[Fine-tune] Epoch 44/50 - Loss: 0.5350 - Val F1: 0.2722 - Val ROC-AUC: 0.7977 - Val PR-AUC: 0.3306
[Fine-tune] Epoch 45/50 - Loss: 0.5336 - Val F1: 0.2807 - Val ROC-AUC: 0.7977 - Val PR-AUC: 0.3281
[Fine-tune] Epoch 46/50 - Loss: 0.5396 - Val F1: 0.2632 - Val ROC-AUC: 0.7968 - Val PR-AUC: 0.3233
[Fine-tune] Epoch 47/50 - Loss: 0.5364 - Val F1: 0.2717 - Val ROC-AUC: 0.7949 - Val PR-AUC: 0.3225
[Fine-tune] Epoch 48/50 - Loss: 0.5361 - Val F1: 0.2911 - Val ROC-AUC: 0.7950 - Val PR-AUC: 0.3181
[Fine-tune] Epoch 49/50 - Loss: 0.5354 - Val F1: 0.2538 - Val ROC-AUC: 0.7936 - Val PR-AUC: 0.3137
[Fine-tune] Epoch 50/50 - Loss: 0.5307 - Val F1: 0.2793 - Val ROC-AUC: 0.7953 - Val PR-AUC: 0.3274
Finetuning completed. Test F1: 0.2474, ROC-AUC: 0.7763, PR-AUC: 0.2903
[3.1/4] Target-only training on TOX21_ERa_BLA_Agonist_ch2 using GAT...
=== Target-only training ===
[Target-only] Epoch 1/50 – Loss: 0.6348  Val F1: 0.1677  ROC-AUC: 0.7647  PR-AUC: 0.2473
[Target-only] Epoch 2/50 – Loss: 0.6054  Val F1: 0.1478  ROC-AUC: 0.7693  PR-AUC: 0.3177
[Target-only] Epoch 3/50 – Loss: 0.6031  Val F1: 0.1970  ROC-AUC: 0.7863  PR-AUC: 0.2943
[Target-only] Epoch 4/50 – Loss: 0.5825  Val F1: 0.2080  ROC-AUC: 0.8108  PR-AUC: 0.3207
[Target-only] Epoch 5/50 – Loss: 0.5751  Val F1: 0.2500  ROC-AUC: 0.7879  PR-AUC: 0.3155
[Target-only] Epoch 6/50 – Loss: 0.5731  Val F1: 0.1698  ROC-AUC: 0.8086  PR-AUC: 0.3131
[Target-only] Epoch 7/50 – Loss: 0.5701  Val F1: 0.2213  ROC-AUC: 0.8200  PR-AUC: 0.3215
[Target-only] Epoch 8/50 – Loss: 0.5587  Val F1: 0.1737  ROC-AUC: 0.8254  PR-AUC: 0.3023
[Target-only] Epoch 9/50 – Loss: 0.5767  Val F1: 0.1795  ROC-AUC: 0.8181  PR-AUC: 0.2825
[Target-only] Epoch 10/50 – Loss: 0.5848  Val F1: 0.1918  ROC-AUC: 0.8011  PR-AUC: 0.2728
[Target-only] Epoch 11/50 – Loss: 0.5712  Val F1: 0.1801  ROC-AUC: 0.8010  PR-AUC: 0.2814
[Target-only] Epoch 12/50 – Loss: 0.5688  Val F1: 0.1751  ROC-AUC: 0.8136  PR-AUC: 0.3121
[Target-only] Epoch 13/50 – Loss: 0.5615  Val F1: 0.1807  ROC-AUC: 0.8123  PR-AUC: 0.3092
[Target-only] Epoch 14/50 – Loss: 0.5591  Val F1: 0.2000  ROC-AUC: 0.8301  PR-AUC: 0.3424
[Target-only] Epoch 15/50 – Loss: 0.5635  Val F1: 0.1824  ROC-AUC: 0.8215  PR-AUC: 0.3348
[Target-only] Epoch 16/50 – Loss: 0.5609  Val F1: 0.1604  ROC-AUC: 0.8315  PR-AUC: 0.2969
[Target-only] Epoch 17/50 – Loss: 0.5579  Val F1: 0.1840  ROC-AUC: 0.8195  PR-AUC: 0.2936
[Target-only] Epoch 18/50 – Loss: 0.5555  Val F1: 0.2086  ROC-AUC: 0.8226  PR-AUC: 0.3013
[Target-only] Epoch 19/50 – Loss: 0.5596  Val F1: 0.2098  ROC-AUC: 0.8268  PR-AUC: 0.3279
[Target-only] Epoch 20/50 – Loss: 0.5523  Val F1: 0.2117  ROC-AUC: 0.8353  PR-AUC: 0.3124
[Target-only] Epoch 21/50 – Loss: 0.5550  Val F1: 0.2338  ROC-AUC: 0.8293  PR-AUC: 0.2923
[Target-only] Epoch 22/50 – Loss: 0.5584  Val F1: 0.2105  ROC-AUC: 0.8318  PR-AUC: 0.2937
[Target-only] Epoch 23/50 – Loss: 0.5479  Val F1: 0.2061  ROC-AUC: 0.8291  PR-AUC: 0.2833
[Target-only] Epoch 24/50 – Loss: 0.5444  Val F1: 0.1993  ROC-AUC: 0.8325  PR-AUC: 0.2799
[Target-only] Epoch 25/50 – Loss: 0.5463  Val F1: 0.2427  ROC-AUC: 0.8389  PR-AUC: 0.2775
[Target-only] Epoch 26/50 – Loss: 0.5510  Val F1: 0.2030  ROC-AUC: 0.8273  PR-AUC: 0.2665
[Target-only] Epoch 27/50 – Loss: 0.5374  Val F1: 0.2091  ROC-AUC: 0.8318  PR-AUC: 0.2756
[Target-only] Epoch 28/50 – Loss: 0.5470  Val F1: 0.2299  ROC-AUC: 0.8344  PR-AUC: 0.2860
[Target-only] Epoch 29/50 – Loss: 0.5542  Val F1: 0.2292  ROC-AUC: 0.8373  PR-AUC: 0.2840
[Target-only] Epoch 30/50 – Loss: 0.5364  Val F1: 0.2377  ROC-AUC: 0.8341  PR-AUC: 0.2871
[Target-only] Epoch 31/50 – Loss: 0.5404  Val F1: 0.2358  ROC-AUC: 0.8296  PR-AUC: 0.2792
[Target-only] Epoch 32/50 – Loss: 0.5358  Val F1: 0.2288  ROC-AUC: 0.8316  PR-AUC: 0.2851
[Target-only] Epoch 33/50 – Loss: 0.5427  Val F1: 0.2367  ROC-AUC: 0.8342  PR-AUC: 0.2887
[Target-only] Epoch 34/50 – Loss: 0.5427  Val F1: 0.2276  ROC-AUC: 0.8304  PR-AUC: 0.2783
[Target-only] Epoch 35/50 – Loss: 0.5392  Val F1: 0.2231  ROC-AUC: 0.8324  PR-AUC: 0.2851
[Target-only] Epoch 36/50 – Loss: 0.5383  Val F1: 0.2248  ROC-AUC: 0.8314  PR-AUC: 0.2886
[Target-only] Epoch 37/50 – Loss: 0.5437  Val F1: 0.2079  ROC-AUC: 0.8354  PR-AUC: 0.2956
[Target-only] Epoch 38/50 – Loss: 0.5348  Val F1: 0.2288  ROC-AUC: 0.8355  PR-AUC: 0.2939
[Target-only] Epoch 39/50 – Loss: 0.5347  Val F1: 0.2286  ROC-AUC: 0.8384  PR-AUC: 0.3016
[Target-only] Epoch 40/50 – Loss: 0.5348  Val F1: 0.2206  ROC-AUC: 0.8406  PR-AUC: 0.2997
[Target-only] Epoch 41/50 – Loss: 0.5280  Val F1: 0.2305  ROC-AUC: 0.8397  PR-AUC: 0.2962
[Target-only] Epoch 42/50 – Loss: 0.5354  Val F1: 0.2348  ROC-AUC: 0.8415  PR-AUC: 0.2968
[Target-only] Epoch 43/50 – Loss: 0.5306  Val F1: 0.2358  ROC-AUC: 0.8367  PR-AUC: 0.2899
[Target-only] Epoch 44/50 – Loss: 0.5403  Val F1: 0.2393  ROC-AUC: 0.8408  PR-AUC: 0.2981
[Target-only] Epoch 45/50 – Loss: 0.5303  Val F1: 0.2353  ROC-AUC: 0.8432  PR-AUC: 0.2938
[Target-only] Epoch 46/50 – Loss: 0.5299  Val F1: 0.2500  ROC-AUC: 0.8433  PR-AUC: 0.3039
[Target-only] Epoch 47/50 – Loss: 0.5357  Val F1: 0.2479  ROC-AUC: 0.8446  PR-AUC: 0.3031
[Target-only] Epoch 48/50 – Loss: 0.5300  Val F1: 0.2326  ROC-AUC: 0.8410  PR-AUC: 0.3005
[Target-only] Epoch 49/50 – Loss: 0.5234  Val F1: 0.2257  ROC-AUC: 0.8456  PR-AUC: 0.3024
[Target-only] Epoch 50/50 – Loss: 0.5328  Val F1: 0.2387  ROC-AUC: 0.8369  PR-AUC: 0.2938
=== Target-only TEST performance ===
Test F1: 0.2063, ROC-AUC: 0.7688, PR-AUC: 0.2865
[4/4] Embedding 시각화 중...
✅ Embeddings 저장 완료: embeddings_TOX21_ERa_LUC_VM7_Antagonist_0.5nM_E2_viability_TOX21_ERa_BLA_Agonist_ch2_GAT.png
✅ 실험 완료: TOX21_ERa_LUC_VM7_Antagonist_0.5nM_E2_viability -> TOX21_ERa_BLA_Agonist_ch2 [GAT]
