[13:28:18] Can't kekulize mol.  Unkekulized atoms: 1 2 3 4 5
[13:28:19] Explicit valence for atom # 0 Cl, 2, is greater than permitted
[13:28:20] Can't kekulize mol.  Unkekulized atoms: 3 4 5 6 7
[13:28:20] Can't kekulize mol.  Unkekulized atoms: 3 4 5 6 7
[13:28:21] WARNING: not removing hydrogen atom without neighbors
[13:28:22] Explicit valence for atom # 3 Si, 8, is greater than permitted
[13:28:23] Can't kekulize mol.  Unkekulized atoms: 1 2 3 4 5
[13:28:23] Can't kekulize mol.  Unkekulized atoms: 3 4 5 6 7
[13:28:23] Can't kekulize mol.  Unkekulized atoms: 1 2 3 4 5
[13:28:23] WARNING: not removing hydrogen atom without neighbors
[13:28:24] Can't kekulize mol.  Unkekulized atoms: 1 2 3 4 5
[13:28:24] Explicit valence for atom # 6 O, 3, is greater than permitted
[13:28:24] Explicit valence for atom # 3 Si, 8, is greater than permitted
[13:28:24] Explicit valence for atom # 0 Cl, 2, is greater than permitted
[13:29:43] Can't kekulize mol.  Unkekulized atoms: 1 2 3 4 5
[13:29:43] Explicit valence for atom # 0 Cl, 2, is greater than permitted
[13:29:44] Can't kekulize mol.  Unkekulized atoms: 3 4 5 6 7
[13:29:45] Can't kekulize mol.  Unkekulized atoms: 3 4 5 6 7
[13:29:45] WARNING: not removing hydrogen atom without neighbors
[13:29:47] Explicit valence for atom # 3 Si, 8, is greater than permitted
[13:29:47] Can't kekulize mol.  Unkekulized atoms: 1 2 3 4 5
[13:29:47] Can't kekulize mol.  Unkekulized atoms: 3 4 5 6 7
[13:29:48] Can't kekulize mol.  Unkekulized atoms: 1 2 3 4 5
[13:29:48] WARNING: not removing hydrogen atom without neighbors
[13:29:49] Can't kekulize mol.  Unkekulized atoms: 1 2 3 4 5
[13:29:49] Explicit valence for atom # 6 O, 3, is greater than permitted
[13:29:49] Explicit valence for atom # 3 Si, 8, is greater than permitted
[13:29:49] Explicit valence for atom # 0 Cl, 2, is greater than permitted
[13:31:08] Can't kekulize mol.  Unkekulized atoms: 1 2 3 4 5
[13:31:09] Explicit valence for atom # 0 Cl, 2, is greater than permitted
[13:31:09] Can't kekulize mol.  Unkekulized atoms: 3 4 5 6 7
[13:31:10] Can't kekulize mol.  Unkekulized atoms: 3 4 5 6 7
[13:31:11] WARNING: not removing hydrogen atom without neighbors
[13:31:12] Explicit valence for atom # 3 Si, 8, is greater than permitted
[13:31:13] Can't kekulize mol.  Unkekulized atoms: 1 2 3 4 5
[13:31:13] Can't kekulize mol.  Unkekulized atoms: 3 4 5 6 7
[13:31:13] Can't kekulize mol.  Unkekulized atoms: 1 2 3 4 5
[13:31:14] WARNING: not removing hydrogen atom without neighbors
[13:31:14] Can't kekulize mol.  Unkekulized atoms: 1 2 3 4 5
[13:31:14] Explicit valence for atom # 6 O, 3, is greater than permitted
[13:31:14] Explicit valence for atom # 3 Si, 8, is greater than permitted
[13:31:15] Explicit valence for atom # 0 Cl, 2, is greater than permitted
[13:32:35] Can't kekulize mol.  Unkekulized atoms: 1 2 3 4 5
[13:32:36] Explicit valence for atom # 0 Cl, 2, is greater than permitted
[13:32:36] Can't kekulize mol.  Unkekulized atoms: 3 4 5 6 7
[13:32:37] Can't kekulize mol.  Unkekulized atoms: 3 4 5 6 7
[13:32:37] WARNING: not removing hydrogen atom without neighbors
[13:32:39] Explicit valence for atom # 3 Si, 8, is greater than permitted
[13:32:40] Can't kekulize mol.  Unkekulized atoms: 1 2 3 4 5
[13:32:40] Can't kekulize mol.  Unkekulized atoms: 3 4 5 6 7
[13:32:40] Can't kekulize mol.  Unkekulized atoms: 1 2 3 4 5
[13:32:40] WARNING: not removing hydrogen atom without neighbors
[13:32:41] Can't kekulize mol.  Unkekulized atoms: 1 2 3 4 5
[13:32:41] Explicit valence for atom # 6 O, 3, is greater than permitted
[13:32:41] Explicit valence for atom # 3 Si, 8, is greater than permitted
[13:32:41] Explicit valence for atom # 0 Cl, 2, is greater than permitted
[13:32:42] Can't kekulize mol.  Unkekulized atoms: 1 2 3 4 5
[13:32:42] Explicit valence for atom # 0 Cl, 2, is greater than permitted
[13:32:43] Can't kekulize mol.  Unkekulized atoms: 3 4 5 6 7
[13:32:44] Can't kekulize mol.  Unkekulized atoms: 3 4 5 6 7
[13:32:44] WARNING: not removing hydrogen atom without neighbors
[13:32:46] Explicit valence for atom # 3 Si, 8, is greater than permitted
[13:32:46] Can't kekulize mol.  Unkekulized atoms: 1 2 3 4 5
[13:32:46] Can't kekulize mol.  Unkekulized atoms: 3 4 5 6 7
[13:32:47] Can't kekulize mol.  Unkekulized atoms: 1 2 3 4 5
[13:32:47] WARNING: not removing hydrogen atom without neighbors
[13:32:48] Can't kekulize mol.  Unkekulized atoms: 1 2 3 4 5
[13:32:48] Explicit valence for atom # 6 O, 3, is greater than permitted
[13:32:48] Explicit valence for atom # 3 Si, 8, is greater than permitted
[13:32:48] Explicit valence for atom # 0 Cl, 2, is greater than permitted
