[15:12:26] Can't kekulize mol.  Unkekulized atoms: 1 2 3 4 5
[15:12:26] Explicit valence for atom # 0 Cl, 2, is greater than permitted
[15:12:27] Can't kekulize mol.  Unkekulized atoms: 3 4 5 6 7
[15:12:27] Can't kekulize mol.  Unkekulized atoms: 3 4 5 6 7
[15:12:28] WARNING: not removing hydrogen atom without neighbors
[15:12:30] Explicit valence for atom # 3 Si, 8, is greater than permitted
[15:12:30] Can't kekulize mol.  Unkekulized atoms: 1 2 3 4 5
[15:12:30] Can't kekulize mol.  Unkekulized atoms: 3 4 5 6 7
[15:12:31] Can't kekulize mol.  Unkekulized atoms: 1 2 3 4 5
[15:12:31] WARNING: not removing hydrogen atom without neighbors
[15:12:31] Can't kekulize mol.  Unkekulized atoms: 1 2 3 4 5
[15:12:31] Explicit valence for atom # 6 O, 3, is greater than permitted
[15:12:31] Explicit valence for atom # 3 Si, 8, is greater than permitted
[15:12:32] Explicit valence for atom # 0 Cl, 2, is greater than permitted
[15:13:51] Can't kekulize mol.  Unkekulized atoms: 1 2 3 4 5
[15:13:51] Explicit valence for atom # 0 Cl, 2, is greater than permitted
[15:13:52] Can't kekulize mol.  Unkekulized atoms: 3 4 5 6 7
[15:13:52] Can't kekulize mol.  Unkekulized atoms: 3 4 5 6 7
[15:13:53] WARNING: not removing hydrogen atom without neighbors
[15:13:55] Explicit valence for atom # 3 Si, 8, is greater than permitted
[15:13:55] Can't kekulize mol.  Unkekulized atoms: 1 2 3 4 5
[15:13:55] Can't kekulize mol.  Unkekulized atoms: 3 4 5 6 7
[15:13:56] Can't kekulize mol.  Unkekulized atoms: 1 2 3 4 5
[15:13:56] WARNING: not removing hydrogen atom without neighbors
[15:13:56] Can't kekulize mol.  Unkekulized atoms: 1 2 3 4 5
[15:13:56] Explicit valence for atom # 6 O, 3, is greater than permitted
[15:13:57] Explicit valence for atom # 3 Si, 8, is greater than permitted
[15:13:57] Explicit valence for atom # 0 Cl, 2, is greater than permitted
[15:15:16] Can't kekulize mol.  Unkekulized atoms: 1 2 3 4 5
[15:15:17] Explicit valence for atom # 0 Cl, 2, is greater than permitted
[15:15:18] Can't kekulize mol.  Unkekulized atoms: 3 4 5 6 7
[15:15:18] Can't kekulize mol.  Unkekulized atoms: 3 4 5 6 7
[15:15:19] WARNING: not removing hydrogen atom without neighbors
[15:15:21] Explicit valence for atom # 3 Si, 8, is greater than permitted
[15:15:21] Can't kekulize mol.  Unkekulized atoms: 1 2 3 4 5
[15:15:21] Can't kekulize mol.  Unkekulized atoms: 3 4 5 6 7
[15:15:22] Can't kekulize mol.  Unkekulized atoms: 1 2 3 4 5
[15:15:22] WARNING: not removing hydrogen atom without neighbors
[15:15:22] Can't kekulize mol.  Unkekulized atoms: 1 2 3 4 5
[15:15:22] Explicit valence for atom # 6 O, 3, is greater than permitted
[15:15:22] Explicit valence for atom # 3 Si, 8, is greater than permitted
[15:15:23] Explicit valence for atom # 0 Cl, 2, is greater than permitted
[15:15:23] Can't kekulize mol.  Unkekulized atoms: 1 2 3 4 5
[15:15:24] Explicit valence for atom # 0 Cl, 2, is greater than permitted
[15:15:25] Can't kekulize mol.  Unkekulized atoms: 3 4 5 6 7
[15:15:25] Can't kekulize mol.  Unkekulized atoms: 3 4 5 6 7
[15:15:25] WARNING: not removing hydrogen atom without neighbors
[15:15:27] Explicit valence for atom # 3 Si, 8, is greater than permitted
[15:15:28] Can't kekulize mol.  Unkekulized atoms: 1 2 3 4 5
[15:15:28] Can't kekulize mol.  Unkekulized atoms: 3 4 5 6 7
[15:15:29] Can't kekulize mol.  Unkekulized atoms: 1 2 3 4 5
[15:15:29] WARNING: not removing hydrogen atom without neighbors
[15:15:29] Can't kekulize mol.  Unkekulized atoms: 1 2 3 4 5
[15:15:29] Explicit valence for atom # 6 O, 3, is greater than permitted
[15:15:29] Explicit valence for atom # 3 Si, 8, is greater than permitted
[15:15:30] Explicit valence for atom # 0 Cl, 2, is greater than permitted
