[2/4] Pretraining on Supplemental_Material_2_TrainingSet using GIN_GCN...
Epoch 1/50 - Loss: 0.6660 - Val F1: 0.2316 - Val ROC-AUC: 0.6874 - Val PR-AUC: 0.2251
Epoch 2/50 - Loss: 0.5838 - Val F1: 0.3119 - Val ROC-AUC: 0.7298 - Val PR-AUC: 0.4133
Epoch 3/50 - Loss: 0.5864 - Val F1: 0.4110 - Val ROC-AUC: 0.7509 - Val PR-AUC: 0.4993
Epoch 4/50 - Loss: 0.5749 - Val F1: 0.3846 - Val ROC-AUC: 0.7279 - Val PR-AUC: 0.4338
Epoch 5/50 - Loss: 0.5547 - Val F1: 0.5000 - Val ROC-AUC: 0.7927 - Val PR-AUC: 0.5152
Epoch 6/50 - Loss: 0.5441 - Val F1: 0.3488 - Val ROC-AUC: 0.7267 - Val PR-AUC: 0.4687
Epoch 7/50 - Loss: 0.5387 - Val F1: 0.3797 - Val ROC-AUC: 0.7905 - Val PR-AUC: 0.4920
Epoch 8/50 - Loss: 0.5175 - Val F1: 0.3301 - Val ROC-AUC: 0.7724 - Val PR-AUC: 0.3779
Epoch 9/50 - Loss: 0.5235 - Val F1: 0.4364 - Val ROC-AUC: 0.7752 - Val PR-AUC: 0.4950
Epoch 10/50 - Loss: 0.4924 - Val F1: 0.3297 - Val ROC-AUC: 0.7721 - Val PR-AUC: 0.5283
Epoch 11/50 - Loss: 0.4806 - Val F1: 0.5000 - Val ROC-AUC: 0.7618 - Val PR-AUC: 0.4983
Epoch 12/50 - Loss: 0.4704 - Val F1: 0.4000 - Val ROC-AUC: 0.7351 - Val PR-AUC: 0.4661
Epoch 13/50 - Loss: 0.4560 - Val F1: 0.4444 - Val ROC-AUC: 0.7659 - Val PR-AUC: 0.4963
Epoch 14/50 - Loss: 0.4411 - Val F1: 0.5532 - Val ROC-AUC: 0.7886 - Val PR-AUC: 0.5396
Epoch 15/50 - Loss: 0.4389 - Val F1: 0.5000 - Val ROC-AUC: 0.7609 - Val PR-AUC: 0.5022
Epoch 16/50 - Loss: 0.4442 - Val F1: 0.3934 - Val ROC-AUC: 0.7522 - Val PR-AUC: 0.4583
Epoch 17/50 - Loss: 0.4221 - Val F1: 0.4906 - Val ROC-AUC: 0.7450 - Val PR-AUC: 0.5067
Epoch 18/50 - Loss: 0.4025 - Val F1: 0.4054 - Val ROC-AUC: 0.7600 - Val PR-AUC: 0.4578
Epoch 19/50 - Loss: 0.4419 - Val F1: 0.4333 - Val ROC-AUC: 0.7793 - Val PR-AUC: 0.4836
Epoch 20/50 - Loss: 0.4070 - Val F1: 0.3881 - Val ROC-AUC: 0.7460 - Val PR-AUC: 0.4360
Epoch 21/50 - Loss: 0.3561 - Val F1: 0.3488 - Val ROC-AUC: 0.7519 - Val PR-AUC: 0.4659
Epoch 22/50 - Loss: 0.3947 - Val F1: 0.3500 - Val ROC-AUC: 0.7444 - Val PR-AUC: 0.4508
Epoch 23/50 - Loss: 0.3256 - Val F1: 0.4062 - Val ROC-AUC: 0.7643 - Val PR-AUC: 0.4328
Epoch 24/50 - Loss: 0.3456 - Val F1: 0.3571 - Val ROC-AUC: 0.7347 - Val PR-AUC: 0.4532
Epoch 25/50 - Loss: 0.3334 - Val F1: 0.3881 - Val ROC-AUC: 0.7366 - Val PR-AUC: 0.4444
Epoch 26/50 - Loss: 0.3258 - Val F1: 0.4058 - Val ROC-AUC: 0.7497 - Val PR-AUC: 0.4874
Epoch 27/50 - Loss: 0.3488 - Val F1: 0.4308 - Val ROC-AUC: 0.7802 - Val PR-AUC: 0.5126
Epoch 28/50 - Loss: 0.3276 - Val F1: 0.3934 - Val ROC-AUC: 0.7512 - Val PR-AUC: 0.5254
Epoch 29/50 - Loss: 0.3152 - Val F1: 0.4062 - Val ROC-AUC: 0.7693 - Val PR-AUC: 0.4626
Epoch 30/50 - Loss: 0.3126 - Val F1: 0.4333 - Val ROC-AUC: 0.7733 - Val PR-AUC: 0.4952
Epoch 31/50 - Loss: 0.3028 - Val F1: 0.4407 - Val ROC-AUC: 0.7540 - Val PR-AUC: 0.4561
Epoch 32/50 - Loss: 0.2800 - Val F1: 0.4127 - Val ROC-AUC: 0.7525 - Val PR-AUC: 0.4839
Epoch 33/50 - Loss: 0.2793 - Val F1: 0.3939 - Val ROC-AUC: 0.7403 - Val PR-AUC: 0.4726
Epoch 34/50 - Loss: 0.2731 - Val F1: 0.4262 - Val ROC-AUC: 0.7385 - Val PR-AUC: 0.4199
Epoch 35/50 - Loss: 0.2611 - Val F1: 0.4727 - Val ROC-AUC: 0.7478 - Val PR-AUC: 0.4820
Epoch 36/50 - Loss: 0.2463 - Val F1: 0.4000 - Val ROC-AUC: 0.7385 - Val PR-AUC: 0.4460
Epoch 37/50 - Loss: 0.2329 - Val F1: 0.3768 - Val ROC-AUC: 0.7478 - Val PR-AUC: 0.4723
Epoch 38/50 - Loss: 0.2655 - Val F1: 0.4194 - Val ROC-AUC: 0.7456 - Val PR-AUC: 0.4697
Epoch 39/50 - Loss: 0.2299 - Val F1: 0.4333 - Val ROC-AUC: 0.7291 - Val PR-AUC: 0.4630
Epoch 40/50 - Loss: 0.2456 - Val F1: 0.4643 - Val ROC-AUC: 0.7422 - Val PR-AUC: 0.4973
Epoch 41/50 - Loss: 0.2332 - Val F1: 0.4561 - Val ROC-AUC: 0.7519 - Val PR-AUC: 0.4641
Epoch 42/50 - Loss: 0.2363 - Val F1: 0.4906 - Val ROC-AUC: 0.7634 - Val PR-AUC: 0.4661
Epoch 43/50 - Loss: 0.2214 - Val F1: 0.4643 - Val ROC-AUC: 0.7481 - Val PR-AUC: 0.4844
Epoch 44/50 - Loss: 0.2188 - Val F1: 0.4483 - Val ROC-AUC: 0.7428 - Val PR-AUC: 0.4725
Epoch 45/50 - Loss: 0.1968 - Val F1: 0.4483 - Val ROC-AUC: 0.7472 - Val PR-AUC: 0.4867
Epoch 46/50 - Loss: 0.2477 - Val F1: 0.4407 - Val ROC-AUC: 0.7503 - Val PR-AUC: 0.4622
Epoch 47/50 - Loss: 0.2087 - Val F1: 0.4194 - Val ROC-AUC: 0.7494 - Val PR-AUC: 0.4578
Epoch 48/50 - Loss: 0.2163 - Val F1: 0.4727 - Val ROC-AUC: 0.7441 - Val PR-AUC: 0.4761
Epoch 49/50 - Loss: 0.1947 - Val F1: 0.4483 - Val ROC-AUC: 0.7463 - Val PR-AUC: 0.4789
Epoch 50/50 - Loss: 0.2112 - Val F1: 0.4138 - Val ROC-AUC: 0.7338 - Val PR-AUC: 0.4478
Pretraining completed. Test F1: 0.4151, ROC-AUC: 0.7637, PR-AUC: 0.4557
[3/4] Finetuning on TOX21_ERb_BLA_Antagonist_viability using GIN_GCN...
[Fine-tune] Epoch 1/50 - Loss: 0.6295 - Val F1: 0.3495 - Val ROC-AUC: 0.7449 - Val PR-AUC: 0.2899
[Fine-tune] Epoch 2/50 - Loss: 0.6098 - Val F1: 0.3318 - Val ROC-AUC: 0.7514 - Val PR-AUC: 0.3022
[Fine-tune] Epoch 3/50 - Loss: 0.5854 - Val F1: 0.3725 - Val ROC-AUC: 0.7644 - Val PR-AUC: 0.3028
[Fine-tune] Epoch 4/50 - Loss: 0.5720 - Val F1: 0.3404 - Val ROC-AUC: 0.7381 - Val PR-AUC: 0.3252
[Fine-tune] Epoch 5/50 - Loss: 0.5671 - Val F1: 0.3798 - Val ROC-AUC: 0.7708 - Val PR-AUC: 0.3250
[Fine-tune] Epoch 6/50 - Loss: 0.5483 - Val F1: 0.3871 - Val ROC-AUC: 0.7682 - Val PR-AUC: 0.3091
[Fine-tune] Epoch 7/50 - Loss: 0.5466 - Val F1: 0.4286 - Val ROC-AUC: 0.7777 - Val PR-AUC: 0.3441
[Fine-tune] Epoch 8/50 - Loss: 0.5473 - Val F1: 0.3480 - Val ROC-AUC: 0.7692 - Val PR-AUC: 0.3127
[Fine-tune] Epoch 9/50 - Loss: 0.5340 - Val F1: 0.3826 - Val ROC-AUC: 0.7651 - Val PR-AUC: 0.2900
[Fine-tune] Epoch 10/50 - Loss: 0.5250 - Val F1: 0.3831 - Val ROC-AUC: 0.7736 - Val PR-AUC: 0.3334
[Fine-tune] Epoch 11/50 - Loss: 0.4987 - Val F1: 0.4000 - Val ROC-AUC: 0.7727 - Val PR-AUC: 0.3107
[Fine-tune] Epoch 12/50 - Loss: 0.4826 - Val F1: 0.3924 - Val ROC-AUC: 0.7682 - Val PR-AUC: 0.3049
[Fine-tune] Epoch 13/50 - Loss: 0.4939 - Val F1: 0.3569 - Val ROC-AUC: 0.7603 - Val PR-AUC: 0.3222
[Fine-tune] Epoch 14/50 - Loss: 0.4746 - Val F1: 0.4000 - Val ROC-AUC: 0.7752 - Val PR-AUC: 0.3144
[Fine-tune] Epoch 15/50 - Loss: 0.4568 - Val F1: 0.4035 - Val ROC-AUC: 0.7750 - Val PR-AUC: 0.3560
[Fine-tune] Epoch 16/50 - Loss: 0.4546 - Val F1: 0.4063 - Val ROC-AUC: 0.7740 - Val PR-AUC: 0.3029
[Fine-tune] Epoch 17/50 - Loss: 0.4608 - Val F1: 0.4381 - Val ROC-AUC: 0.7814 - Val PR-AUC: 0.3432
[Fine-tune] Epoch 18/50 - Loss: 0.4399 - Val F1: 0.3781 - Val ROC-AUC: 0.7892 - Val PR-AUC: 0.3545
[Fine-tune] Epoch 19/50 - Loss: 0.4480 - Val F1: 0.3846 - Val ROC-AUC: 0.7598 - Val PR-AUC: 0.3182
[Fine-tune] Epoch 20/50 - Loss: 0.4506 - Val F1: 0.3803 - Val ROC-AUC: 0.7605 - Val PR-AUC: 0.3129
[Fine-tune] Epoch 21/50 - Loss: 0.4162 - Val F1: 0.4011 - Val ROC-AUC: 0.7761 - Val PR-AUC: 0.3493
[Fine-tune] Epoch 22/50 - Loss: 0.4070 - Val F1: 0.4011 - Val ROC-AUC: 0.7643 - Val PR-AUC: 0.3261
[Fine-tune] Epoch 23/50 - Loss: 0.3902 - Val F1: 0.4094 - Val ROC-AUC: 0.7747 - Val PR-AUC: 0.3388
[Fine-tune] Epoch 24/50 - Loss: 0.3868 - Val F1: 0.4328 - Val ROC-AUC: 0.7795 - Val PR-AUC: 0.3464
[Fine-tune] Epoch 25/50 - Loss: 0.3895 - Val F1: 0.4195 - Val ROC-AUC: 0.7850 - Val PR-AUC: 0.3419
[Fine-tune] Epoch 26/50 - Loss: 0.3701 - Val F1: 0.4224 - Val ROC-AUC: 0.7758 - Val PR-AUC: 0.3385
[Fine-tune] Epoch 27/50 - Loss: 0.3776 - Val F1: 0.4179 - Val ROC-AUC: 0.7846 - Val PR-AUC: 0.3666
[Fine-tune] Epoch 28/50 - Loss: 0.3654 - Val F1: 0.4057 - Val ROC-AUC: 0.7661 - Val PR-AUC: 0.3469
[Fine-tune] Epoch 29/50 - Loss: 0.3738 - Val F1: 0.3978 - Val ROC-AUC: 0.7680 - Val PR-AUC: 0.3498
[Fine-tune] Epoch 30/50 - Loss: 0.3694 - Val F1: 0.4272 - Val ROC-AUC: 0.7776 - Val PR-AUC: 0.3612
[Fine-tune] Epoch 31/50 - Loss: 0.3537 - Val F1: 0.4121 - Val ROC-AUC: 0.7722 - Val PR-AUC: 0.3448
[Fine-tune] Epoch 32/50 - Loss: 0.3436 - Val F1: 0.4286 - Val ROC-AUC: 0.7669 - Val PR-AUC: 0.3402
[Fine-tune] Epoch 33/50 - Loss: 0.3497 - Val F1: 0.4177 - Val ROC-AUC: 0.7608 - Val PR-AUC: 0.3476
[Fine-tune] Epoch 34/50 - Loss: 0.3308 - Val F1: 0.4350 - Val ROC-AUC: 0.7760 - Val PR-AUC: 0.3628
[Fine-tune] Epoch 35/50 - Loss: 0.3490 - Val F1: 0.4295 - Val ROC-AUC: 0.7738 - Val PR-AUC: 0.3398
[Fine-tune] Epoch 36/50 - Loss: 0.3410 - Val F1: 0.4235 - Val ROC-AUC: 0.7728 - Val PR-AUC: 0.3500
[Fine-tune] Epoch 37/50 - Loss: 0.3313 - Val F1: 0.4304 - Val ROC-AUC: 0.7758 - Val PR-AUC: 0.3562
[Fine-tune] Epoch 38/50 - Loss: 0.3212 - Val F1: 0.4367 - Val ROC-AUC: 0.7673 - Val PR-AUC: 0.3506
[Fine-tune] Epoch 39/50 - Loss: 0.3107 - Val F1: 0.4281 - Val ROC-AUC: 0.7708 - Val PR-AUC: 0.3522
[Fine-tune] Epoch 40/50 - Loss: 0.3075 - Val F1: 0.4200 - Val ROC-AUC: 0.7611 - Val PR-AUC: 0.3371
[Fine-tune] Epoch 41/50 - Loss: 0.3029 - Val F1: 0.4277 - Val ROC-AUC: 0.7746 - Val PR-AUC: 0.3491
[Fine-tune] Epoch 42/50 - Loss: 0.3023 - Val F1: 0.4207 - Val ROC-AUC: 0.7708 - Val PR-AUC: 0.3541
[Fine-tune] Epoch 43/50 - Loss: 0.3036 - Val F1: 0.4220 - Val ROC-AUC: 0.7750 - Val PR-AUC: 0.3666
[Fine-tune] Epoch 44/50 - Loss: 0.2954 - Val F1: 0.4309 - Val ROC-AUC: 0.7751 - Val PR-AUC: 0.3703
[Fine-tune] Epoch 45/50 - Loss: 0.2958 - Val F1: 0.4527 - Val ROC-AUC: 0.7823 - Val PR-AUC: 0.3591
[Fine-tune] Epoch 46/50 - Loss: 0.3030 - Val F1: 0.4600 - Val ROC-AUC: 0.7805 - Val PR-AUC: 0.3643
[Fine-tune] Epoch 47/50 - Loss: 0.2877 - Val F1: 0.4286 - Val ROC-AUC: 0.7761 - Val PR-AUC: 0.3611
[Fine-tune] Epoch 48/50 - Loss: 0.2919 - Val F1: 0.4362 - Val ROC-AUC: 0.7744 - Val PR-AUC: 0.3590
[Fine-tune] Epoch 49/50 - Loss: 0.3049 - Val F1: 0.4395 - Val ROC-AUC: 0.7737 - Val PR-AUC: 0.3636
[Fine-tune] Epoch 50/50 - Loss: 0.3052 - Val F1: 0.4452 - Val ROC-AUC: 0.7741 - Val PR-AUC: 0.3586
Finetuning completed. Test F1: 0.4949, ROC-AUC: 0.8148, PR-AUC: 0.4313
[3.1/4] Target-only training on TOX21_ERb_BLA_Antagonist_viability using GIN_GCN...
=== Target-only training ===
[Target-only] Epoch 1/50 – Loss: 0.6540  Val F1: 0.3823  ROC-AUC: 0.7374  PR-AUC: 0.2903
[Target-only] Epoch 2/50 – Loss: 0.6127  Val F1: 0.3943  ROC-AUC: 0.7825  PR-AUC: 0.3397
[Target-only] Epoch 3/50 – Loss: 0.5844  Val F1: 0.3960  ROC-AUC: 0.7813  PR-AUC: 0.3388
[Target-only] Epoch 4/50 – Loss: 0.5882  Val F1: 0.3477  ROC-AUC: 0.7509  PR-AUC: 0.3284
[Target-only] Epoch 5/50 – Loss: 0.5658  Val F1: 0.3929  ROC-AUC: 0.7706  PR-AUC: 0.3126
[Target-only] Epoch 6/50 – Loss: 0.5682  Val F1: 0.3762  ROC-AUC: 0.7712  PR-AUC: 0.3451
[Target-only] Epoch 7/50 – Loss: 0.5507  Val F1: 0.3273  ROC-AUC: 0.7484  PR-AUC: 0.3432
[Target-only] Epoch 8/50 – Loss: 0.5443  Val F1: 0.3911  ROC-AUC: 0.7644  PR-AUC: 0.2931
[Target-only] Epoch 9/50 – Loss: 0.5300  Val F1: 0.3913  ROC-AUC: 0.7710  PR-AUC: 0.3246
[Target-only] Epoch 10/50 – Loss: 0.5344  Val F1: 0.3866  ROC-AUC: 0.7630  PR-AUC: 0.2939
[Target-only] Epoch 11/50 – Loss: 0.5131  Val F1: 0.3780  ROC-AUC: 0.7725  PR-AUC: 0.3369
[Target-only] Epoch 12/50 – Loss: 0.4872  Val F1: 0.4056  ROC-AUC: 0.7769  PR-AUC: 0.3228
[Target-only] Epoch 13/50 – Loss: 0.4989  Val F1: 0.4192  ROC-AUC: 0.7750  PR-AUC: 0.3410
[Target-only] Epoch 14/50 – Loss: 0.4937  Val F1: 0.3977  ROC-AUC: 0.7714  PR-AUC: 0.3224
[Target-only] Epoch 15/50 – Loss: 0.4817  Val F1: 0.4107  ROC-AUC: 0.7817  PR-AUC: 0.3497
[Target-only] Epoch 16/50 – Loss: 0.4625  Val F1: 0.3863  ROC-AUC: 0.7738  PR-AUC: 0.3231
[Target-only] Epoch 17/50 – Loss: 0.4754  Val F1: 0.4035  ROC-AUC: 0.7749  PR-AUC: 0.3259
[Target-only] Epoch 18/50 – Loss: 0.4657  Val F1: 0.3933  ROC-AUC: 0.7843  PR-AUC: 0.3531
[Target-only] Epoch 19/50 – Loss: 0.4601  Val F1: 0.3837  ROC-AUC: 0.7623  PR-AUC: 0.3073
[Target-only] Epoch 20/50 – Loss: 0.4430  Val F1: 0.3860  ROC-AUC: 0.7775  PR-AUC: 0.3441
[Target-only] Epoch 21/50 – Loss: 0.4357  Val F1: 0.3966  ROC-AUC: 0.7648  PR-AUC: 0.2966
[Target-only] Epoch 22/50 – Loss: 0.4302  Val F1: 0.4060  ROC-AUC: 0.7785  PR-AUC: 0.3449
[Target-only] Epoch 23/50 – Loss: 0.4300  Val F1: 0.3944  ROC-AUC: 0.7844  PR-AUC: 0.3518
[Target-only] Epoch 24/50 – Loss: 0.4230  Val F1: 0.4094  ROC-AUC: 0.7784  PR-AUC: 0.3311
[Target-only] Epoch 25/50 – Loss: 0.4171  Val F1: 0.4113  ROC-AUC: 0.7568  PR-AUC: 0.3052
[Target-only] Epoch 26/50 – Loss: 0.4118  Val F1: 0.4104  ROC-AUC: 0.7713  PR-AUC: 0.3288
[Target-only] Epoch 27/50 – Loss: 0.4067  Val F1: 0.4000  ROC-AUC: 0.7828  PR-AUC: 0.3609
[Target-only] Epoch 28/50 – Loss: 0.4091  Val F1: 0.3953  ROC-AUC: 0.7657  PR-AUC: 0.3191
[Target-only] Epoch 29/50 – Loss: 0.3898  Val F1: 0.4248  ROC-AUC: 0.7785  PR-AUC: 0.3436
[Target-only] Epoch 30/50 – Loss: 0.3932  Val F1: 0.3936  ROC-AUC: 0.7726  PR-AUC: 0.3155
[Target-only] Epoch 31/50 – Loss: 0.3700  Val F1: 0.4099  ROC-AUC: 0.7749  PR-AUC: 0.3326
[Target-only] Epoch 32/50 – Loss: 0.3762  Val F1: 0.4085  ROC-AUC: 0.7749  PR-AUC: 0.3458
[Target-only] Epoch 33/50 – Loss: 0.3740  Val F1: 0.4178  ROC-AUC: 0.7680  PR-AUC: 0.3371
[Target-only] Epoch 34/50 – Loss: 0.3592  Val F1: 0.4159  ROC-AUC: 0.7715  PR-AUC: 0.3350
[Target-only] Epoch 35/50 – Loss: 0.3677  Val F1: 0.4084  ROC-AUC: 0.7728  PR-AUC: 0.3463
[Target-only] Epoch 36/50 – Loss: 0.3639  Val F1: 0.4276  ROC-AUC: 0.7716  PR-AUC: 0.3403
[Target-only] Epoch 37/50 – Loss: 0.3431  Val F1: 0.4136  ROC-AUC: 0.7634  PR-AUC: 0.3294
[Target-only] Epoch 38/50 – Loss: 0.3523  Val F1: 0.4140  ROC-AUC: 0.7692  PR-AUC: 0.3364
[Target-only] Epoch 39/50 – Loss: 0.3448  Val F1: 0.4051  ROC-AUC: 0.7678  PR-AUC: 0.3390
[Target-only] Epoch 40/50 – Loss: 0.3594  Val F1: 0.4251  ROC-AUC: 0.7705  PR-AUC: 0.3470
[Target-only] Epoch 41/50 – Loss: 0.3374  Val F1: 0.4159  ROC-AUC: 0.7693  PR-AUC: 0.3475
[Target-only] Epoch 42/50 – Loss: 0.3304  Val F1: 0.4159  ROC-AUC: 0.7729  PR-AUC: 0.3439
[Target-only] Epoch 43/50 – Loss: 0.3279  Val F1: 0.4116  ROC-AUC: 0.7742  PR-AUC: 0.3497
[Target-only] Epoch 44/50 – Loss: 0.3225  Val F1: 0.4221  ROC-AUC: 0.7720  PR-AUC: 0.3400
[Target-only] Epoch 45/50 – Loss: 0.3425  Val F1: 0.4149  ROC-AUC: 0.7721  PR-AUC: 0.3469
[Target-only] Epoch 46/50 – Loss: 0.3198  Val F1: 0.4277  ROC-AUC: 0.7727  PR-AUC: 0.3400
[Target-only] Epoch 47/50 – Loss: 0.3259  Val F1: 0.4180  ROC-AUC: 0.7677  PR-AUC: 0.3361
[Target-only] Epoch 48/50 – Loss: 0.3301  Val F1: 0.4120  ROC-AUC: 0.7670  PR-AUC: 0.3322
[Target-only] Epoch 49/50 – Loss: 0.3262  Val F1: 0.4107  ROC-AUC: 0.7726  PR-AUC: 0.3472
[Target-only] Epoch 50/50 – Loss: 0.3207  Val F1: 0.4227  ROC-AUC: 0.7685  PR-AUC: 0.3382
=== Target-only TEST performance ===
Test F1: 0.4545, ROC-AUC: 0.8122, PR-AUC: 0.4186
[4/4] Embedding 시각화 중...
✅ Embeddings 저장 완료: embeddings_Supplemental_Material_2_TrainingSet_TOX21_ERb_BLA_Antagonist_viability_GIN_GCN.png
✅ 실험 완료: Supplemental_Material_2_TrainingSet -> TOX21_ERb_BLA_Antagonist_viability [GIN_GCN]
