[2/4] Pretraining on Supplemental_Material_2_TrainingSet using GIN_GCN...
Epoch 1/50 - Loss: 0.6447 - Val F1: 0.2316 - Val ROC-AUC: 0.5115 - Val PR-AUC: 0.1487
Epoch 2/50 - Loss: 0.5786 - Val F1: 0.4062 - Val ROC-AUC: 0.7550 - Val PR-AUC: 0.4641
Epoch 3/50 - Loss: 0.5622 - Val F1: 0.3333 - Val ROC-AUC: 0.7344 - Val PR-AUC: 0.3681
Epoch 4/50 - Loss: 0.5364 - Val F1: 0.2991 - Val ROC-AUC: 0.7379 - Val PR-AUC: 0.5022
Epoch 5/50 - Loss: 0.5556 - Val F1: 0.5556 - Val ROC-AUC: 0.7481 - Val PR-AUC: 0.4702
Epoch 6/50 - Loss: 0.5185 - Val F1: 0.3611 - Val ROC-AUC: 0.7777 - Val PR-AUC: 0.4755
Epoch 7/50 - Loss: 0.5277 - Val F1: 0.4407 - Val ROC-AUC: 0.7656 - Val PR-AUC: 0.5247
Epoch 8/50 - Loss: 0.5177 - Val F1: 0.3137 - Val ROC-AUC: 0.7335 - Val PR-AUC: 0.4427
Epoch 9/50 - Loss: 0.5118 - Val F1: 0.3333 - Val ROC-AUC: 0.7702 - Val PR-AUC: 0.4746
Epoch 10/50 - Loss: 0.4936 - Val F1: 0.4308 - Val ROC-AUC: 0.8082 - Val PR-AUC: 0.5064
Epoch 11/50 - Loss: 0.4665 - Val F1: 0.3947 - Val ROC-AUC: 0.7967 - Val PR-AUC: 0.5090
Epoch 12/50 - Loss: 0.4672 - Val F1: 0.4667 - Val ROC-AUC: 0.7979 - Val PR-AUC: 0.5408
Epoch 13/50 - Loss: 0.4128 - Val F1: 0.4048 - Val ROC-AUC: 0.8138 - Val PR-AUC: 0.5221
Epoch 14/50 - Loss: 0.4533 - Val F1: 0.3846 - Val ROC-AUC: 0.7550 - Val PR-AUC: 0.5008
Epoch 15/50 - Loss: 0.4317 - Val F1: 0.4118 - Val ROC-AUC: 0.7836 - Val PR-AUC: 0.5122
Epoch 16/50 - Loss: 0.4053 - Val F1: 0.3614 - Val ROC-AUC: 0.7372 - Val PR-AUC: 0.3972
Epoch 17/50 - Loss: 0.4154 - Val F1: 0.4000 - Val ROC-AUC: 0.7603 - Val PR-AUC: 0.5060
Epoch 18/50 - Loss: 0.3986 - Val F1: 0.5185 - Val ROC-AUC: 0.7830 - Val PR-AUC: 0.4623
Epoch 19/50 - Loss: 0.4088 - Val F1: 0.3684 - Val ROC-AUC: 0.7453 - Val PR-AUC: 0.4429
Epoch 20/50 - Loss: 0.3777 - Val F1: 0.4000 - Val ROC-AUC: 0.7867 - Val PR-AUC: 0.3779
Epoch 21/50 - Loss: 0.3421 - Val F1: 0.4308 - Val ROC-AUC: 0.7849 - Val PR-AUC: 0.5093
Epoch 22/50 - Loss: 0.3397 - Val F1: 0.4000 - Val ROC-AUC: 0.7827 - Val PR-AUC: 0.4479
Epoch 23/50 - Loss: 0.3059 - Val F1: 0.3684 - Val ROC-AUC: 0.7584 - Val PR-AUC: 0.4341
Epoch 24/50 - Loss: 0.3407 - Val F1: 0.3611 - Val ROC-AUC: 0.7425 - Val PR-AUC: 0.4122
Epoch 25/50 - Loss: 0.3594 - Val F1: 0.4194 - Val ROC-AUC: 0.7625 - Val PR-AUC: 0.4251
Epoch 26/50 - Loss: 0.3585 - Val F1: 0.4179 - Val ROC-AUC: 0.7923 - Val PR-AUC: 0.5076
Epoch 27/50 - Loss: 0.3420 - Val F1: 0.4590 - Val ROC-AUC: 0.8001 - Val PR-AUC: 0.5127
Epoch 28/50 - Loss: 0.3162 - Val F1: 0.3889 - Val ROC-AUC: 0.7668 - Val PR-AUC: 0.4218
Epoch 29/50 - Loss: 0.3208 - Val F1: 0.4516 - Val ROC-AUC: 0.7799 - Val PR-AUC: 0.4967
Epoch 30/50 - Loss: 0.2911 - Val F1: 0.4262 - Val ROC-AUC: 0.7687 - Val PR-AUC: 0.5142
Epoch 31/50 - Loss: 0.2950 - Val F1: 0.3810 - Val ROC-AUC: 0.7643 - Val PR-AUC: 0.4587
Epoch 32/50 - Loss: 0.2451 - Val F1: 0.4118 - Val ROC-AUC: 0.7758 - Val PR-AUC: 0.4866
Epoch 33/50 - Loss: 0.2466 - Val F1: 0.4375 - Val ROC-AUC: 0.7917 - Val PR-AUC: 0.5008
Epoch 34/50 - Loss: 0.2781 - Val F1: 0.4906 - Val ROC-AUC: 0.7814 - Val PR-AUC: 0.4795
Epoch 35/50 - Loss: 0.2309 - Val F1: 0.4746 - Val ROC-AUC: 0.7805 - Val PR-AUC: 0.4990
Epoch 36/50 - Loss: 0.2415 - Val F1: 0.4333 - Val ROC-AUC: 0.7665 - Val PR-AUC: 0.4806
Epoch 37/50 - Loss: 0.2366 - Val F1: 0.4127 - Val ROC-AUC: 0.7640 - Val PR-AUC: 0.4855
Epoch 38/50 - Loss: 0.2370 - Val F1: 0.4590 - Val ROC-AUC: 0.7628 - Val PR-AUC: 0.4694
Epoch 39/50 - Loss: 0.2387 - Val F1: 0.4561 - Val ROC-AUC: 0.7609 - Val PR-AUC: 0.4599
Epoch 40/50 - Loss: 0.2342 - Val F1: 0.3692 - Val ROC-AUC: 0.7550 - Val PR-AUC: 0.4366
Epoch 41/50 - Loss: 0.2179 - Val F1: 0.4727 - Val ROC-AUC: 0.7811 - Val PR-AUC: 0.4682
Epoch 42/50 - Loss: 0.1948 - Val F1: 0.4333 - Val ROC-AUC: 0.7677 - Val PR-AUC: 0.4593
Epoch 43/50 - Loss: 0.2130 - Val F1: 0.4906 - Val ROC-AUC: 0.7715 - Val PR-AUC: 0.4574
Epoch 44/50 - Loss: 0.2143 - Val F1: 0.4407 - Val ROC-AUC: 0.7762 - Val PR-AUC: 0.4776
Epoch 45/50 - Loss: 0.2058 - Val F1: 0.4561 - Val ROC-AUC: 0.7705 - Val PR-AUC: 0.4748
Epoch 46/50 - Loss: 0.2037 - Val F1: 0.4483 - Val ROC-AUC: 0.7758 - Val PR-AUC: 0.4674
Epoch 47/50 - Loss: 0.1826 - Val F1: 0.4127 - Val ROC-AUC: 0.7752 - Val PR-AUC: 0.4812
Epoch 48/50 - Loss: 0.1999 - Val F1: 0.4727 - Val ROC-AUC: 0.7877 - Val PR-AUC: 0.4801
Epoch 49/50 - Loss: 0.2199 - Val F1: 0.4667 - Val ROC-AUC: 0.7923 - Val PR-AUC: 0.4958
Epoch 50/50 - Loss: 0.2036 - Val F1: 0.4727 - Val ROC-AUC: 0.7811 - Val PR-AUC: 0.4721
Pretraining completed. Test F1: 0.3448, ROC-AUC: 0.7067, PR-AUC: 0.4000
[3/4] Finetuning on TOX21_ERb_BLA_Agonist_ch2 using GIN_GCN...
[Fine-tune] Epoch 1/50 - Loss: 0.4239 - Val F1: 0.2353 - Val ROC-AUC: 0.8436 - Val PR-AUC: 0.5061
[Fine-tune] Epoch 2/50 - Loss: 0.3374 - Val F1: 0.2667 - Val ROC-AUC: 0.8205 - Val PR-AUC: 0.3419
[Fine-tune] Epoch 3/50 - Loss: 0.2812 - Val F1: 0.2703 - Val ROC-AUC: 0.8604 - Val PR-AUC: 0.4558
[Fine-tune] Epoch 4/50 - Loss: 0.2619 - Val F1: 0.3256 - Val ROC-AUC: 0.9228 - Val PR-AUC: 0.5483
[Fine-tune] Epoch 5/50 - Loss: 0.2290 - Val F1: 0.2609 - Val ROC-AUC: 0.8859 - Val PR-AUC: 0.5411
[Fine-tune] Epoch 6/50 - Loss: 0.2081 - Val F1: 0.3291 - Val ROC-AUC: 0.8678 - Val PR-AUC: 0.6016
[Fine-tune] Epoch 7/50 - Loss: 0.1926 - Val F1: 0.3750 - Val ROC-AUC: 0.8927 - Val PR-AUC: 0.3168
[Fine-tune] Epoch 8/50 - Loss: 0.1823 - Val F1: 0.3860 - Val ROC-AUC: 0.8599 - Val PR-AUC: 0.3899
[Fine-tune] Epoch 9/50 - Loss: 0.1610 - Val F1: 0.3333 - Val ROC-AUC: 0.8626 - Val PR-AUC: 0.5020
[Fine-tune] Epoch 10/50 - Loss: 0.1577 - Val F1: 0.3146 - Val ROC-AUC: 0.8975 - Val PR-AUC: 0.3783
[Fine-tune] Epoch 11/50 - Loss: 0.1315 - Val F1: 0.3692 - Val ROC-AUC: 0.8920 - Val PR-AUC: 0.5552
[Fine-tune] Epoch 12/50 - Loss: 0.1214 - Val F1: 0.3544 - Val ROC-AUC: 0.8765 - Val PR-AUC: 0.5121
[Fine-tune] Epoch 13/50 - Loss: 0.0955 - Val F1: 0.4000 - Val ROC-AUC: 0.8785 - Val PR-AUC: 0.5636
[Fine-tune] Epoch 14/50 - Loss: 0.1069 - Val F1: 0.4068 - Val ROC-AUC: 0.8736 - Val PR-AUC: 0.6225
[Fine-tune] Epoch 15/50 - Loss: 0.1155 - Val F1: 0.4444 - Val ROC-AUC: 0.8351 - Val PR-AUC: 0.5387
[Fine-tune] Epoch 16/50 - Loss: 0.0947 - Val F1: 0.4286 - Val ROC-AUC: 0.8643 - Val PR-AUC: 0.5763
[Fine-tune] Epoch 17/50 - Loss: 0.1034 - Val F1: 0.3235 - Val ROC-AUC: 0.8714 - Val PR-AUC: 0.5088
[Fine-tune] Epoch 18/50 - Loss: 0.0935 - Val F1: 0.4490 - Val ROC-AUC: 0.8334 - Val PR-AUC: 0.5487
[Fine-tune] Epoch 19/50 - Loss: 0.0804 - Val F1: 0.4151 - Val ROC-AUC: 0.8598 - Val PR-AUC: 0.4678
[Fine-tune] Epoch 20/50 - Loss: 0.0917 - Val F1: 0.4262 - Val ROC-AUC: 0.8868 - Val PR-AUC: 0.5752
[Fine-tune] Epoch 21/50 - Loss: 0.0693 - Val F1: 0.3810 - Val ROC-AUC: 0.8303 - Val PR-AUC: 0.4470
[Fine-tune] Epoch 22/50 - Loss: 0.0679 - Val F1: 0.4800 - Val ROC-AUC: 0.8152 - Val PR-AUC: 0.4992
[Fine-tune] Epoch 23/50 - Loss: 0.0593 - Val F1: 0.4286 - Val ROC-AUC: 0.8360 - Val PR-AUC: 0.4619
[Fine-tune] Epoch 24/50 - Loss: 0.0572 - Val F1: 0.5116 - Val ROC-AUC: 0.8232 - Val PR-AUC: 0.5041
[Fine-tune] Epoch 25/50 - Loss: 0.0636 - Val F1: 0.4898 - Val ROC-AUC: 0.8353 - Val PR-AUC: 0.5540
[Fine-tune] Epoch 26/50 - Loss: 0.0577 - Val F1: 0.4074 - Val ROC-AUC: 0.8286 - Val PR-AUC: 0.5408
[Fine-tune] Epoch 27/50 - Loss: 0.0584 - Val F1: 0.4615 - Val ROC-AUC: 0.8210 - Val PR-AUC: 0.4841
[Fine-tune] Epoch 28/50 - Loss: 0.0435 - Val F1: 0.4528 - Val ROC-AUC: 0.8134 - Val PR-AUC: 0.5301
[Fine-tune] Epoch 29/50 - Loss: 0.0506 - Val F1: 0.4364 - Val ROC-AUC: 0.8149 - Val PR-AUC: 0.4877
[Fine-tune] Epoch 30/50 - Loss: 0.0497 - Val F1: 0.5000 - Val ROC-AUC: 0.8511 - Val PR-AUC: 0.5811
[Fine-tune] Epoch 31/50 - Loss: 0.0452 - Val F1: 0.4681 - Val ROC-AUC: 0.8358 - Val PR-AUC: 0.5941
[Fine-tune] Epoch 32/50 - Loss: 0.0407 - Val F1: 0.4400 - Val ROC-AUC: 0.8369 - Val PR-AUC: 0.6089
[Fine-tune] Epoch 33/50 - Loss: 0.0372 - Val F1: 0.4231 - Val ROC-AUC: 0.8348 - Val PR-AUC: 0.6092
[Fine-tune] Epoch 34/50 - Loss: 0.0406 - Val F1: 0.4314 - Val ROC-AUC: 0.8302 - Val PR-AUC: 0.5941
[Fine-tune] Epoch 35/50 - Loss: 0.0350 - Val F1: 0.4783 - Val ROC-AUC: 0.8230 - Val PR-AUC: 0.5369
[Fine-tune] Epoch 36/50 - Loss: 0.0412 - Val F1: 0.5000 - Val ROC-AUC: 0.8330 - Val PR-AUC: 0.5725
[Fine-tune] Epoch 37/50 - Loss: 0.0362 - Val F1: 0.4400 - Val ROC-AUC: 0.8200 - Val PR-AUC: 0.5398
[Fine-tune] Epoch 38/50 - Loss: 0.0432 - Val F1: 0.4681 - Val ROC-AUC: 0.8143 - Val PR-AUC: 0.4587
[Fine-tune] Epoch 39/50 - Loss: 0.0360 - Val F1: 0.4615 - Val ROC-AUC: 0.8242 - Val PR-AUC: 0.5449
[Fine-tune] Epoch 40/50 - Loss: 0.0338 - Val F1: 0.5000 - Val ROC-AUC: 0.8386 - Val PR-AUC: 0.5514
[Fine-tune] Epoch 41/50 - Loss: 0.0233 - Val F1: 0.4314 - Val ROC-AUC: 0.8269 - Val PR-AUC: 0.5340
[Fine-tune] Epoch 42/50 - Loss: 0.0316 - Val F1: 0.4314 - Val ROC-AUC: 0.8270 - Val PR-AUC: 0.5316
[Fine-tune] Epoch 43/50 - Loss: 0.0329 - Val F1: 0.4889 - Val ROC-AUC: 0.8248 - Val PR-AUC: 0.5429
[Fine-tune] Epoch 44/50 - Loss: 0.0340 - Val F1: 0.5000 - Val ROC-AUC: 0.8150 - Val PR-AUC: 0.5446
[Fine-tune] Epoch 45/50 - Loss: 0.0352 - Val F1: 0.4681 - Val ROC-AUC: 0.8224 - Val PR-AUC: 0.5117
[Fine-tune] Epoch 46/50 - Loss: 0.0258 - Val F1: 0.4583 - Val ROC-AUC: 0.8345 - Val PR-AUC: 0.5206
[Fine-tune] Epoch 47/50 - Loss: 0.0311 - Val F1: 0.4490 - Val ROC-AUC: 0.8435 - Val PR-AUC: 0.5092
[Fine-tune] Epoch 48/50 - Loss: 0.0281 - Val F1: 0.4681 - Val ROC-AUC: 0.8246 - Val PR-AUC: 0.4864
[Fine-tune] Epoch 49/50 - Loss: 0.0306 - Val F1: 0.4681 - Val ROC-AUC: 0.8340 - Val PR-AUC: 0.5260
[Fine-tune] Epoch 50/50 - Loss: 0.0291 - Val F1: 0.4681 - Val ROC-AUC: 0.8205 - Val PR-AUC: 0.4825
Finetuning completed. Test F1: 0.3600, ROC-AUC: 0.8519, PR-AUC: 0.4559
[3.1/4] Target-only training on TOX21_ERb_BLA_Agonist_ch2 using GIN_GCN...
=== Target-only training ===
[Target-only] Epoch 1/50 – Loss: 0.4453  Val F1: 0.1986  ROC-AUC: 0.8417  PR-AUC: 0.3853
[Target-only] Epoch 2/50 – Loss: 0.3697  Val F1: 0.1795  ROC-AUC: 0.8725  PR-AUC: 0.5841
[Target-only] Epoch 3/50 – Loss: 0.3369  Val F1: 0.2979  ROC-AUC: 0.8649  PR-AUC: 0.5151
[Target-only] Epoch 4/50 – Loss: 0.2847  Val F1: 0.1772  ROC-AUC: 0.8662  PR-AUC: 0.6157
[Target-only] Epoch 5/50 – Loss: 0.2649  Val F1: 0.1986  ROC-AUC: 0.8718  PR-AUC: 0.5229
[Target-only] Epoch 6/50 – Loss: 0.2418  Val F1: 0.2479  ROC-AUC: 0.8941  PR-AUC: 0.5734
[Target-only] Epoch 7/50 – Loss: 0.2189  Val F1: 0.3000  ROC-AUC: 0.8393  PR-AUC: 0.3731
[Target-only] Epoch 8/50 – Loss: 0.1989  Val F1: 0.4167  ROC-AUC: 0.8291  PR-AUC: 0.3131
[Target-only] Epoch 9/50 – Loss: 0.2043  Val F1: 0.2828  ROC-AUC: 0.8635  PR-AUC: 0.4988
[Target-only] Epoch 10/50 – Loss: 0.1844  Val F1: 0.3500  ROC-AUC: 0.8610  PR-AUC: 0.5808
[Target-only] Epoch 11/50 – Loss: 0.1430  Val F1: 0.3636  ROC-AUC: 0.8621  PR-AUC: 0.4957
[Target-only] Epoch 12/50 – Loss: 0.1433  Val F1: 0.4333  ROC-AUC: 0.8517  PR-AUC: 0.5107
[Target-only] Epoch 13/50 – Loss: 0.1339  Val F1: 0.3810  ROC-AUC: 0.8505  PR-AUC: 0.4770
[Target-only] Epoch 14/50 – Loss: 0.1292  Val F1: 0.4333  ROC-AUC: 0.8533  PR-AUC: 0.5463
[Target-only] Epoch 15/50 – Loss: 0.1231  Val F1: 0.3182  ROC-AUC: 0.8501  PR-AUC: 0.5445
[Target-only] Epoch 16/50 – Loss: 0.1276  Val F1: 0.4000  ROC-AUC: 0.8555  PR-AUC: 0.5212
[Target-only] Epoch 17/50 – Loss: 0.1198  Val F1: 0.4231  ROC-AUC: 0.8410  PR-AUC: 0.4527
[Target-only] Epoch 18/50 – Loss: 0.1193  Val F1: 0.3692  ROC-AUC: 0.8604  PR-AUC: 0.5168
[Target-only] Epoch 19/50 – Loss: 0.1024  Val F1: 0.4444  ROC-AUC: 0.8285  PR-AUC: 0.5813
[Target-only] Epoch 20/50 – Loss: 0.0928  Val F1: 0.4364  ROC-AUC: 0.8504  PR-AUC: 0.5639
[Target-only] Epoch 21/50 – Loss: 0.0874  Val F1: 0.4068  ROC-AUC: 0.8208  PR-AUC: 0.5451
[Target-only] Epoch 22/50 – Loss: 0.0878  Val F1: 0.4615  ROC-AUC: 0.8162  PR-AUC: 0.5673
[Target-only] Epoch 23/50 – Loss: 0.0820  Val F1: 0.4364  ROC-AUC: 0.8149  PR-AUC: 0.5668
[Target-only] Epoch 24/50 – Loss: 0.0767  Val F1: 0.4898  ROC-AUC: 0.8412  PR-AUC: 0.5438
[Target-only] Epoch 25/50 – Loss: 0.0732  Val F1: 0.5217  ROC-AUC: 0.8169  PR-AUC: 0.5147
[Target-only] Epoch 26/50 – Loss: 0.0758  Val F1: 0.4706  ROC-AUC: 0.8112  PR-AUC: 0.4943
[Target-only] Epoch 27/50 – Loss: 0.0746  Val F1: 0.4286  ROC-AUC: 0.8229  PR-AUC: 0.4775
[Target-only] Epoch 28/50 – Loss: 0.0608  Val F1: 0.4286  ROC-AUC: 0.8042  PR-AUC: 0.5255
[Target-only] Epoch 29/50 – Loss: 0.0729  Val F1: 0.4000  ROC-AUC: 0.8272  PR-AUC: 0.4985
[Target-only] Epoch 30/50 – Loss: 0.0688  Val F1: 0.4528  ROC-AUC: 0.8109  PR-AUC: 0.5618
[Target-only] Epoch 31/50 – Loss: 0.0608  Val F1: 0.4528  ROC-AUC: 0.8252  PR-AUC: 0.5369
[Target-only] Epoch 32/50 – Loss: 0.0594  Val F1: 0.4364  ROC-AUC: 0.8200  PR-AUC: 0.5542
[Target-only] Epoch 33/50 – Loss: 0.0508  Val F1: 0.4528  ROC-AUC: 0.8312  PR-AUC: 0.5841
[Target-only] Epoch 34/50 – Loss: 0.0587  Val F1: 0.4286  ROC-AUC: 0.8179  PR-AUC: 0.5801
[Target-only] Epoch 35/50 – Loss: 0.0457  Val F1: 0.4528  ROC-AUC: 0.8118  PR-AUC: 0.4873
[Target-only] Epoch 36/50 – Loss: 0.0487  Val F1: 0.4364  ROC-AUC: 0.8243  PR-AUC: 0.5954
[Target-only] Epoch 37/50 – Loss: 0.0466  Val F1: 0.4400  ROC-AUC: 0.8125  PR-AUC: 0.5847
[Target-only] Epoch 38/50 – Loss: 0.0494  Val F1: 0.4615  ROC-AUC: 0.8277  PR-AUC: 0.4947
[Target-only] Epoch 39/50 – Loss: 0.0491  Val F1: 0.4138  ROC-AUC: 0.8313  PR-AUC: 0.5532
[Target-only] Epoch 40/50 – Loss: 0.0475  Val F1: 0.4898  ROC-AUC: 0.8099  PR-AUC: 0.6276
[Target-only] Epoch 41/50 – Loss: 0.0508  Val F1: 0.4490  ROC-AUC: 0.8112  PR-AUC: 0.6089
[Target-only] Epoch 42/50 – Loss: 0.0413  Val F1: 0.4783  ROC-AUC: 0.8128  PR-AUC: 0.6023
[Target-only] Epoch 43/50 – Loss: 0.0391  Val F1: 0.4400  ROC-AUC: 0.8233  PR-AUC: 0.5995
[Target-only] Epoch 44/50 – Loss: 0.0436  Val F1: 0.4364  ROC-AUC: 0.8153  PR-AUC: 0.5873
[Target-only] Epoch 45/50 – Loss: 0.0421  Val F1: 0.4800  ROC-AUC: 0.8233  PR-AUC: 0.5471
[Target-only] Epoch 46/50 – Loss: 0.0419  Val F1: 0.4681  ROC-AUC: 0.8179  PR-AUC: 0.5481
[Target-only] Epoch 47/50 – Loss: 0.0443  Val F1: 0.5000  ROC-AUC: 0.8113  PR-AUC: 0.5776
[Target-only] Epoch 48/50 – Loss: 0.0402  Val F1: 0.4314  ROC-AUC: 0.8213  PR-AUC: 0.5169
[Target-only] Epoch 49/50 – Loss: 0.0452  Val F1: 0.4615  ROC-AUC: 0.8190  PR-AUC: 0.5095
[Target-only] Epoch 50/50 – Loss: 0.0331  Val F1: 0.4898  ROC-AUC: 0.8104  PR-AUC: 0.5483
=== Target-only TEST performance ===
Test F1: 0.3448, ROC-AUC: 0.8651, PR-AUC: 0.4411
[4/4] Embedding 시각화 중...
✅ Embeddings 저장 완료: embeddings_Supplemental_Material_2_TrainingSet_TOX21_ERb_BLA_Agonist_ch2_GIN_GCN.png
✅ 실험 완료: Supplemental_Material_2_TrainingSet -> TOX21_ERb_BLA_Agonist_ch2 [GIN_GCN]
