[2/4] Pretraining on Supplemental_Material_2_TrainingSet using GIN_GCN...
Epoch 1/50 - Loss: 0.6364 - Val F1: 0.0833 - Val ROC-AUC: 0.6958 - Val PR-AUC: 0.3566
Epoch 2/50 - Loss: 0.5872 - Val F1: 0.3191 - Val ROC-AUC: 0.7173 - Val PR-AUC: 0.4084
Epoch 3/50 - Loss: 0.5438 - Val F1: 0.3784 - Val ROC-AUC: 0.7441 - Val PR-AUC: 0.4692
Epoch 4/50 - Loss: 0.5300 - Val F1: 0.3696 - Val ROC-AUC: 0.7709 - Val PR-AUC: 0.4444
Epoch 5/50 - Loss: 0.5661 - Val F1: 0.4407 - Val ROC-AUC: 0.7111 - Val PR-AUC: 0.4522
Epoch 6/50 - Loss: 0.5352 - Val F1: 0.3902 - Val ROC-AUC: 0.7755 - Val PR-AUC: 0.4655
Epoch 7/50 - Loss: 0.5510 - Val F1: 0.3261 - Val ROC-AUC: 0.7425 - Val PR-AUC: 0.4701
Epoch 8/50 - Loss: 0.5198 - Val F1: 0.3704 - Val ROC-AUC: 0.7400 - Val PR-AUC: 0.4798
Epoch 9/50 - Loss: 0.5384 - Val F1: 0.3684 - Val ROC-AUC: 0.7161 - Val PR-AUC: 0.3719
Epoch 10/50 - Loss: 0.5028 - Val F1: 0.3077 - Val ROC-AUC: 0.7556 - Val PR-AUC: 0.4952
Epoch 11/50 - Loss: 0.4723 - Val F1: 0.3820 - Val ROC-AUC: 0.7758 - Val PR-AUC: 0.5309
Epoch 12/50 - Loss: 0.4371 - Val F1: 0.4727 - Val ROC-AUC: 0.7762 - Val PR-AUC: 0.5526
Epoch 13/50 - Loss: 0.4544 - Val F1: 0.3678 - Val ROC-AUC: 0.7690 - Val PR-AUC: 0.5199
Epoch 14/50 - Loss: 0.4162 - Val F1: 0.3514 - Val ROC-AUC: 0.7709 - Val PR-AUC: 0.5071
Epoch 15/50 - Loss: 0.4429 - Val F1: 0.4348 - Val ROC-AUC: 0.7659 - Val PR-AUC: 0.5179
Epoch 16/50 - Loss: 0.4402 - Val F1: 0.3765 - Val ROC-AUC: 0.7927 - Val PR-AUC: 0.5343
Epoch 17/50 - Loss: 0.4542 - Val F1: 0.4444 - Val ROC-AUC: 0.7864 - Val PR-AUC: 0.4809
Epoch 18/50 - Loss: 0.4286 - Val F1: 0.3881 - Val ROC-AUC: 0.7793 - Val PR-AUC: 0.5234
Epoch 19/50 - Loss: 0.4143 - Val F1: 0.4590 - Val ROC-AUC: 0.7267 - Val PR-AUC: 0.4707
Epoch 20/50 - Loss: 0.4379 - Val F1: 0.3939 - Val ROC-AUC: 0.7273 - Val PR-AUC: 0.4929
Epoch 21/50 - Loss: 0.4052 - Val F1: 0.3714 - Val ROC-AUC: 0.7347 - Val PR-AUC: 0.4761
Epoch 22/50 - Loss: 0.3742 - Val F1: 0.4000 - Val ROC-AUC: 0.7450 - Val PR-AUC: 0.4938
Epoch 23/50 - Loss: 0.3531 - Val F1: 0.4407 - Val ROC-AUC: 0.7478 - Val PR-AUC: 0.4703
Epoch 24/50 - Loss: 0.3341 - Val F1: 0.4194 - Val ROC-AUC: 0.7369 - Val PR-AUC: 0.5131
Epoch 25/50 - Loss: 0.3810 - Val F1: 0.3636 - Val ROC-AUC: 0.7366 - Val PR-AUC: 0.4897
Epoch 26/50 - Loss: 0.3609 - Val F1: 0.4262 - Val ROC-AUC: 0.7590 - Val PR-AUC: 0.4954
Epoch 27/50 - Loss: 0.3183 - Val F1: 0.4062 - Val ROC-AUC: 0.7575 - Val PR-AUC: 0.5126
Epoch 28/50 - Loss: 0.3181 - Val F1: 0.4333 - Val ROC-AUC: 0.7167 - Val PR-AUC: 0.4340
Epoch 29/50 - Loss: 0.3339 - Val F1: 0.4412 - Val ROC-AUC: 0.7413 - Val PR-AUC: 0.4129
Epoch 30/50 - Loss: 0.3111 - Val F1: 0.4062 - Val ROC-AUC: 0.7204 - Val PR-AUC: 0.4827
Epoch 31/50 - Loss: 0.2906 - Val F1: 0.4000 - Val ROC-AUC: 0.7475 - Val PR-AUC: 0.4766
Epoch 32/50 - Loss: 0.2923 - Val F1: 0.3750 - Val ROC-AUC: 0.7198 - Val PR-AUC: 0.5043
Epoch 33/50 - Loss: 0.2914 - Val F1: 0.4262 - Val ROC-AUC: 0.7229 - Val PR-AUC: 0.4621
Epoch 34/50 - Loss: 0.3084 - Val F1: 0.4333 - Val ROC-AUC: 0.7500 - Val PR-AUC: 0.4415
Epoch 35/50 - Loss: 0.3125 - Val F1: 0.4561 - Val ROC-AUC: 0.7263 - Val PR-AUC: 0.4346
Epoch 36/50 - Loss: 0.2958 - Val F1: 0.4590 - Val ROC-AUC: 0.7279 - Val PR-AUC: 0.3965
Epoch 37/50 - Loss: 0.2640 - Val F1: 0.4643 - Val ROC-AUC: 0.7397 - Val PR-AUC: 0.4366
Epoch 38/50 - Loss: 0.2917 - Val F1: 0.4308 - Val ROC-AUC: 0.7319 - Val PR-AUC: 0.3736
Epoch 39/50 - Loss: 0.2570 - Val F1: 0.4561 - Val ROC-AUC: 0.7522 - Val PR-AUC: 0.3965
Epoch 40/50 - Loss: 0.2715 - Val F1: 0.4062 - Val ROC-AUC: 0.7192 - Val PR-AUC: 0.3917
Epoch 41/50 - Loss: 0.2652 - Val F1: 0.4561 - Val ROC-AUC: 0.7291 - Val PR-AUC: 0.3983
Epoch 42/50 - Loss: 0.2460 - Val F1: 0.4000 - Val ROC-AUC: 0.7248 - Val PR-AUC: 0.4308
Epoch 43/50 - Loss: 0.2522 - Val F1: 0.4262 - Val ROC-AUC: 0.7341 - Val PR-AUC: 0.4387
Epoch 44/50 - Loss: 0.2550 - Val F1: 0.4746 - Val ROC-AUC: 0.7385 - Val PR-AUC: 0.4269
Epoch 45/50 - Loss: 0.2457 - Val F1: 0.4407 - Val ROC-AUC: 0.7323 - Val PR-AUC: 0.3926
Epoch 46/50 - Loss: 0.2375 - Val F1: 0.4590 - Val ROC-AUC: 0.7385 - Val PR-AUC: 0.4050
Epoch 47/50 - Loss: 0.2251 - Val F1: 0.4262 - Val ROC-AUC: 0.7413 - Val PR-AUC: 0.3818
Epoch 48/50 - Loss: 0.2483 - Val F1: 0.4727 - Val ROC-AUC: 0.7578 - Val PR-AUC: 0.4268
Epoch 49/50 - Loss: 0.2331 - Val F1: 0.4561 - Val ROC-AUC: 0.7357 - Val PR-AUC: 0.4109
Epoch 50/50 - Loss: 0.2496 - Val F1: 0.5000 - Val ROC-AUC: 0.7388 - Val PR-AUC: 0.3893
Pretraining completed. Test F1: 0.4444, ROC-AUC: 0.7649, PR-AUC: 0.3775
[3/4] Finetuning on TOX21_ERa_BLA_Agonist_ch2 using GIN_GCN...
[Fine-tune] Epoch 1/50 - Loss: 0.5588 - Val F1: 0.1931 - Val ROC-AUC: 0.8206 - Val PR-AUC: 0.2735
[Fine-tune] Epoch 2/50 - Loss: 0.4918 - Val F1: 0.2094 - Val ROC-AUC: 0.8335 - Val PR-AUC: 0.2661
[Fine-tune] Epoch 3/50 - Loss: 0.4514 - Val F1: 0.2651 - Val ROC-AUC: 0.8720 - Val PR-AUC: 0.3730
[Fine-tune] Epoch 4/50 - Loss: 0.4233 - Val F1: 0.2158 - Val ROC-AUC: 0.8568 - Val PR-AUC: 0.2384
[Fine-tune] Epoch 5/50 - Loss: 0.4116 - Val F1: 0.2775 - Val ROC-AUC: 0.8642 - Val PR-AUC: 0.3492
[Fine-tune] Epoch 6/50 - Loss: 0.3891 - Val F1: 0.2887 - Val ROC-AUC: 0.8362 - Val PR-AUC: 0.3290
[Fine-tune] Epoch 7/50 - Loss: 0.3654 - Val F1: 0.2094 - Val ROC-AUC: 0.8202 - Val PR-AUC: 0.3829
[Fine-tune] Epoch 8/50 - Loss: 0.3468 - Val F1: 0.2473 - Val ROC-AUC: 0.8177 - Val PR-AUC: 0.2489
[Fine-tune] Epoch 9/50 - Loss: 0.3251 - Val F1: 0.1894 - Val ROC-AUC: 0.7958 - Val PR-AUC: 0.3434
[Fine-tune] Epoch 10/50 - Loss: 0.3185 - Val F1: 0.2621 - Val ROC-AUC: 0.8652 - Val PR-AUC: 0.3632
[Fine-tune] Epoch 11/50 - Loss: 0.2775 - Val F1: 0.3478 - Val ROC-AUC: 0.8619 - Val PR-AUC: 0.4101
[Fine-tune] Epoch 12/50 - Loss: 0.2535 - Val F1: 0.3310 - Val ROC-AUC: 0.8456 - Val PR-AUC: 0.4234
[Fine-tune] Epoch 13/50 - Loss: 0.2361 - Val F1: 0.3049 - Val ROC-AUC: 0.8520 - Val PR-AUC: 0.4538
[Fine-tune] Epoch 14/50 - Loss: 0.2325 - Val F1: 0.3056 - Val ROC-AUC: 0.8421 - Val PR-AUC: 0.3915
[Fine-tune] Epoch 15/50 - Loss: 0.2216 - Val F1: 0.3194 - Val ROC-AUC: 0.8426 - Val PR-AUC: 0.3555
[Fine-tune] Epoch 16/50 - Loss: 0.2056 - Val F1: 0.3014 - Val ROC-AUC: 0.8316 - Val PR-AUC: 0.3952
[Fine-tune] Epoch 17/50 - Loss: 0.2002 - Val F1: 0.3034 - Val ROC-AUC: 0.8332 - Val PR-AUC: 0.3868
[Fine-tune] Epoch 18/50 - Loss: 0.2021 - Val F1: 0.3529 - Val ROC-AUC: 0.8496 - Val PR-AUC: 0.3661
[Fine-tune] Epoch 19/50 - Loss: 0.2012 - Val F1: 0.2930 - Val ROC-AUC: 0.8517 - Val PR-AUC: 0.3397
[Fine-tune] Epoch 20/50 - Loss: 0.1641 - Val F1: 0.3780 - Val ROC-AUC: 0.8590 - Val PR-AUC: 0.4465
[Fine-tune] Epoch 21/50 - Loss: 0.1558 - Val F1: 0.3256 - Val ROC-AUC: 0.8544 - Val PR-AUC: 0.4009
[Fine-tune] Epoch 22/50 - Loss: 0.1365 - Val F1: 0.3419 - Val ROC-AUC: 0.8474 - Val PR-AUC: 0.3941
[Fine-tune] Epoch 23/50 - Loss: 0.1419 - Val F1: 0.3200 - Val ROC-AUC: 0.8532 - Val PR-AUC: 0.4034
[Fine-tune] Epoch 24/50 - Loss: 0.1236 - Val F1: 0.2946 - Val ROC-AUC: 0.8463 - Val PR-AUC: 0.3859
[Fine-tune] Epoch 25/50 - Loss: 0.1209 - Val F1: 0.2815 - Val ROC-AUC: 0.8407 - Val PR-AUC: 0.3621
[Fine-tune] Epoch 26/50 - Loss: 0.1402 - Val F1: 0.2857 - Val ROC-AUC: 0.8387 - Val PR-AUC: 0.3638
[Fine-tune] Epoch 27/50 - Loss: 0.1217 - Val F1: 0.3115 - Val ROC-AUC: 0.8474 - Val PR-AUC: 0.3513
[Fine-tune] Epoch 28/50 - Loss: 0.1274 - Val F1: 0.3140 - Val ROC-AUC: 0.8445 - Val PR-AUC: 0.4358
[Fine-tune] Epoch 29/50 - Loss: 0.1203 - Val F1: 0.2957 - Val ROC-AUC: 0.8438 - Val PR-AUC: 0.3979
[Fine-tune] Epoch 30/50 - Loss: 0.1187 - Val F1: 0.2975 - Val ROC-AUC: 0.8422 - Val PR-AUC: 0.3958
[Fine-tune] Epoch 31/50 - Loss: 0.0990 - Val F1: 0.3455 - Val ROC-AUC: 0.8464 - Val PR-AUC: 0.3982
[Fine-tune] Epoch 32/50 - Loss: 0.1004 - Val F1: 0.3393 - Val ROC-AUC: 0.8437 - Val PR-AUC: 0.4006
[Fine-tune] Epoch 33/50 - Loss: 0.0961 - Val F1: 0.3243 - Val ROC-AUC: 0.8393 - Val PR-AUC: 0.3926
[Fine-tune] Epoch 34/50 - Loss: 0.1034 - Val F1: 0.3273 - Val ROC-AUC: 0.8410 - Val PR-AUC: 0.3878
[Fine-tune] Epoch 35/50 - Loss: 0.0913 - Val F1: 0.3063 - Val ROC-AUC: 0.8389 - Val PR-AUC: 0.4013
[Fine-tune] Epoch 36/50 - Loss: 0.1031 - Val F1: 0.3077 - Val ROC-AUC: 0.8466 - Val PR-AUC: 0.3859
[Fine-tune] Epoch 37/50 - Loss: 0.0924 - Val F1: 0.3364 - Val ROC-AUC: 0.8459 - Val PR-AUC: 0.4183
[Fine-tune] Epoch 38/50 - Loss: 0.1054 - Val F1: 0.3333 - Val ROC-AUC: 0.8450 - Val PR-AUC: 0.4057
[Fine-tune] Epoch 39/50 - Loss: 0.0969 - Val F1: 0.3486 - Val ROC-AUC: 0.8414 - Val PR-AUC: 0.3765
[Fine-tune] Epoch 40/50 - Loss: 0.0914 - Val F1: 0.3265 - Val ROC-AUC: 0.8384 - Val PR-AUC: 0.3817
[Fine-tune] Epoch 41/50 - Loss: 0.0858 - Val F1: 0.3542 - Val ROC-AUC: 0.8355 - Val PR-AUC: 0.3845
[Fine-tune] Epoch 42/50 - Loss: 0.0832 - Val F1: 0.3393 - Val ROC-AUC: 0.8421 - Val PR-AUC: 0.3914
[Fine-tune] Epoch 43/50 - Loss: 0.0901 - Val F1: 0.3232 - Val ROC-AUC: 0.8400 - Val PR-AUC: 0.3832
[Fine-tune] Epoch 44/50 - Loss: 0.0867 - Val F1: 0.3486 - Val ROC-AUC: 0.8406 - Val PR-AUC: 0.3981
[Fine-tune] Epoch 45/50 - Loss: 0.0803 - Val F1: 0.3579 - Val ROC-AUC: 0.8395 - Val PR-AUC: 0.3927
[Fine-tune] Epoch 46/50 - Loss: 0.0814 - Val F1: 0.3551 - Val ROC-AUC: 0.8401 - Val PR-AUC: 0.3862
[Fine-tune] Epoch 47/50 - Loss: 0.0839 - Val F1: 0.3585 - Val ROC-AUC: 0.8342 - Val PR-AUC: 0.3809
[Fine-tune] Epoch 48/50 - Loss: 0.0725 - Val F1: 0.3455 - Val ROC-AUC: 0.8387 - Val PR-AUC: 0.3781
[Fine-tune] Epoch 49/50 - Loss: 0.0881 - Val F1: 0.3551 - Val ROC-AUC: 0.8371 - Val PR-AUC: 0.3823
[Fine-tune] Epoch 50/50 - Loss: 0.0755 - Val F1: 0.3529 - Val ROC-AUC: 0.8265 - Val PR-AUC: 0.3739
Finetuning completed. Test F1: 0.2745, ROC-AUC: 0.7835, PR-AUC: 0.2958
[3.1/4] Target-only training on TOX21_ERa_BLA_Agonist_ch2 using GIN_GCN...
=== Target-only training ===
[Target-only] Epoch 1/50 – Loss: 0.5761  Val F1: 0.1918  ROC-AUC: 0.7909  PR-AUC: 0.2958
[Target-only] Epoch 2/50 – Loss: 0.5154  Val F1: 0.2232  ROC-AUC: 0.7981  PR-AUC: 0.2761
[Target-only] Epoch 3/50 – Loss: 0.4911  Val F1: 0.2064  ROC-AUC: 0.8250  PR-AUC: 0.2596
[Target-only] Epoch 4/50 – Loss: 0.4700  Val F1: 0.3043  ROC-AUC: 0.8149  PR-AUC: 0.2578
[Target-only] Epoch 5/50 – Loss: 0.4519  Val F1: 0.1829  ROC-AUC: 0.8229  PR-AUC: 0.3064
[Target-only] Epoch 6/50 – Loss: 0.4455  Val F1: 0.2138  ROC-AUC: 0.8504  PR-AUC: 0.3386
[Target-only] Epoch 7/50 – Loss: 0.4079  Val F1: 0.3308  ROC-AUC: 0.8337  PR-AUC: 0.3453
[Target-only] Epoch 8/50 – Loss: 0.4138  Val F1: 0.2932  ROC-AUC: 0.8353  PR-AUC: 0.2669
[Target-only] Epoch 9/50 – Loss: 0.3818  Val F1: 0.2783  ROC-AUC: 0.8144  PR-AUC: 0.2402
[Target-only] Epoch 10/50 – Loss: 0.3723  Val F1: 0.2889  ROC-AUC: 0.8472  PR-AUC: 0.3500
[Target-only] Epoch 11/50 – Loss: 0.3322  Val F1: 0.2874  ROC-AUC: 0.8401  PR-AUC: 0.3975
[Target-only] Epoch 12/50 – Loss: 0.3167  Val F1: 0.2828  ROC-AUC: 0.8341  PR-AUC: 0.3844
[Target-only] Epoch 13/50 – Loss: 0.3142  Val F1: 0.2932  ROC-AUC: 0.8302  PR-AUC: 0.3318
[Target-only] Epoch 14/50 – Loss: 0.3058  Val F1: 0.3030  ROC-AUC: 0.8289  PR-AUC: 0.3946
[Target-only] Epoch 15/50 – Loss: 0.2906  Val F1: 0.3289  ROC-AUC: 0.8443  PR-AUC: 0.3626
[Target-only] Epoch 16/50 – Loss: 0.2931  Val F1: 0.2096  ROC-AUC: 0.7940  PR-AUC: 0.2593
[Target-only] Epoch 17/50 – Loss: 0.2830  Val F1: 0.2814  ROC-AUC: 0.8300  PR-AUC: 0.3785
[Target-only] Epoch 18/50 – Loss: 0.2628  Val F1: 0.2766  ROC-AUC: 0.8190  PR-AUC: 0.3876
[Target-only] Epoch 19/50 – Loss: 0.2617  Val F1: 0.2945  ROC-AUC: 0.8261  PR-AUC: 0.3998
[Target-only] Epoch 20/50 – Loss: 0.2387  Val F1: 0.3291  ROC-AUC: 0.8267  PR-AUC: 0.3464
[Target-only] Epoch 21/50 – Loss: 0.2107  Val F1: 0.3133  ROC-AUC: 0.8291  PR-AUC: 0.3597
[Target-only] Epoch 22/50 – Loss: 0.2179  Val F1: 0.3566  ROC-AUC: 0.8359  PR-AUC: 0.3941
[Target-only] Epoch 23/50 – Loss: 0.2111  Val F1: 0.3121  ROC-AUC: 0.8179  PR-AUC: 0.3774
[Target-only] Epoch 24/50 – Loss: 0.2152  Val F1: 0.3438  ROC-AUC: 0.8279  PR-AUC: 0.3579
[Target-only] Epoch 25/50 – Loss: 0.2111  Val F1: 0.2740  ROC-AUC: 0.7956  PR-AUC: 0.2835
[Target-only] Epoch 26/50 – Loss: 0.2065  Val F1: 0.3311  ROC-AUC: 0.8278  PR-AUC: 0.3162
[Target-only] Epoch 27/50 – Loss: 0.1976  Val F1: 0.3030  ROC-AUC: 0.8001  PR-AUC: 0.3416
[Target-only] Epoch 28/50 – Loss: 0.1904  Val F1: 0.3030  ROC-AUC: 0.8239  PR-AUC: 0.3483
[Target-only] Epoch 29/50 – Loss: 0.1830  Val F1: 0.3088  ROC-AUC: 0.8203  PR-AUC: 0.3295
[Target-only] Epoch 30/50 – Loss: 0.1799  Val F1: 0.2897  ROC-AUC: 0.8212  PR-AUC: 0.3667
[Target-only] Epoch 31/50 – Loss: 0.1484  Val F1: 0.3121  ROC-AUC: 0.8365  PR-AUC: 0.3514
[Target-only] Epoch 32/50 – Loss: 0.1548  Val F1: 0.3485  ROC-AUC: 0.8267  PR-AUC: 0.3659
[Target-only] Epoch 33/50 – Loss: 0.1643  Val F1: 0.3459  ROC-AUC: 0.8381  PR-AUC: 0.3638
[Target-only] Epoch 34/50 – Loss: 0.1590  Val F1: 0.3025  ROC-AUC: 0.8338  PR-AUC: 0.3635
[Target-only] Epoch 35/50 – Loss: 0.1531  Val F1: 0.3478  ROC-AUC: 0.8343  PR-AUC: 0.3613
[Target-only] Epoch 36/50 – Loss: 0.1447  Val F1: 0.3220  ROC-AUC: 0.8231  PR-AUC: 0.3626
[Target-only] Epoch 37/50 – Loss: 0.1530  Val F1: 0.3621  ROC-AUC: 0.8422  PR-AUC: 0.3655
[Target-only] Epoch 38/50 – Loss: 0.1397  Val F1: 0.3419  ROC-AUC: 0.8207  PR-AUC: 0.3574
[Target-only] Epoch 39/50 – Loss: 0.1564  Val F1: 0.2992  ROC-AUC: 0.8336  PR-AUC: 0.3392
[Target-only] Epoch 40/50 – Loss: 0.1427  Val F1: 0.3486  ROC-AUC: 0.8249  PR-AUC: 0.3462
[Target-only] Epoch 41/50 – Loss: 0.1418  Val F1: 0.3486  ROC-AUC: 0.8291  PR-AUC: 0.3309
[Target-only] Epoch 42/50 – Loss: 0.1302  Val F1: 0.3304  ROC-AUC: 0.8278  PR-AUC: 0.3422
[Target-only] Epoch 43/50 – Loss: 0.1156  Val F1: 0.3529  ROC-AUC: 0.8344  PR-AUC: 0.3585
[Target-only] Epoch 44/50 – Loss: 0.1246  Val F1: 0.3529  ROC-AUC: 0.8328  PR-AUC: 0.3316
[Target-only] Epoch 45/50 – Loss: 0.1259  Val F1: 0.3091  ROC-AUC: 0.8261  PR-AUC: 0.3348
[Target-only] Epoch 46/50 – Loss: 0.1277  Val F1: 0.3396  ROC-AUC: 0.8302  PR-AUC: 0.3338
[Target-only] Epoch 47/50 – Loss: 0.1219  Val F1: 0.3396  ROC-AUC: 0.8270  PR-AUC: 0.3293
[Target-only] Epoch 48/50 – Loss: 0.1271  Val F1: 0.3419  ROC-AUC: 0.8405  PR-AUC: 0.3640
[Target-only] Epoch 49/50 – Loss: 0.1257  Val F1: 0.3455  ROC-AUC: 0.8312  PR-AUC: 0.3499
[Target-only] Epoch 50/50 – Loss: 0.1235  Val F1: 0.3361  ROC-AUC: 0.8257  PR-AUC: 0.3302
=== Target-only TEST performance ===
Test F1: 0.2738, ROC-AUC: 0.7845, PR-AUC: 0.2164
[4/4] Embedding 시각화 중...
✅ Embeddings 저장 완료: embeddings_Supplemental_Material_2_TrainingSet_TOX21_ERa_BLA_Agonist_ch2_GIN_GCN.png
✅ 실험 완료: Supplemental_Material_2_TrainingSet -> TOX21_ERa_BLA_Agonist_ch2 [GIN_GCN]
