[11:46:23] Can't kekulize mol.  Unkekulized atoms: 1 2 3 4 5
[11:46:24] Explicit valence for atom # 0 Cl, 2, is greater than permitted
[11:46:24] Can't kekulize mol.  Unkekulized atoms: 3 4 5 6 7
[11:46:25] Can't kekulize mol.  Unkekulized atoms: 3 4 5 6 7
[11:46:27] Can't kekulize mol.  Unkekulized atoms: 1 2 3 4 5
[11:46:27] Can't kekulize mol.  Unkekulized atoms: 3 4 5 6 7
[11:46:28] Can't kekulize mol.  Unkekulized atoms: 1 2 3 4 5
[11:46:28] WARNING: not removing hydrogen atom without neighbors
[11:46:28] Can't kekulize mol.  Unkekulized atoms: 1 2 3 4 5
[11:46:28] Explicit valence for atom # 6 O, 3, is greater than permitted
[11:46:28] Explicit valence for atom # 3 Si, 8, is greater than permitted
[11:46:29] Explicit valence for atom # 0 Cl, 2, is greater than permitted
[11:48:53] Can't kekulize mol.  Unkekulized atoms: 1 2 3 4 5
[11:48:54] Explicit valence for atom # 0 Cl, 2, is greater than permitted
[11:48:54] Can't kekulize mol.  Unkekulized atoms: 3 4 5 6 7
[11:48:55] Can't kekulize mol.  Unkekulized atoms: 3 4 5 6 7
[11:48:57] Can't kekulize mol.  Unkekulized atoms: 1 2 3 4 5
[11:48:57] Can't kekulize mol.  Unkekulized atoms: 3 4 5 6 7
[11:48:58] Can't kekulize mol.  Unkekulized atoms: 1 2 3 4 5
[11:48:58] WARNING: not removing hydrogen atom without neighbors
[11:48:58] Can't kekulize mol.  Unkekulized atoms: 1 2 3 4 5
[11:48:58] Explicit valence for atom # 6 O, 3, is greater than permitted
[11:48:59] Explicit valence for atom # 3 Si, 8, is greater than permitted
[11:48:59] Explicit valence for atom # 0 Cl, 2, is greater than permitted
[11:50:16] Can't kekulize mol.  Unkekulized atoms: 1 2 3 4 5
[11:50:16] Explicit valence for atom # 0 Cl, 2, is greater than permitted
[11:50:17] Can't kekulize mol.  Unkekulized atoms: 3 4 5 6 7
[11:50:17] Can't kekulize mol.  Unkekulized atoms: 3 4 5 6 7
[11:50:20] Can't kekulize mol.  Unkekulized atoms: 1 2 3 4 5
[11:50:20] Can't kekulize mol.  Unkekulized atoms: 3 4 5 6 7
[11:50:20] Can't kekulize mol.  Unkekulized atoms: 1 2 3 4 5
[11:50:20] WARNING: not removing hydrogen atom without neighbors
[11:50:21] Can't kekulize mol.  Unkekulized atoms: 1 2 3 4 5
[11:50:21] Explicit valence for atom # 6 O, 3, is greater than permitted
[11:50:21] Explicit valence for atom # 3 Si, 8, is greater than permitted
[11:50:21] Explicit valence for atom # 0 Cl, 2, is greater than permitted
