[1/4] Excel → CSV 변환 중...
Saved pretrain CSV for TOX21_ERa_LUC_VM7_Agonist: data/sample/TOX21_ERa_LUC_VM7_Agonist.csv
Saved pretrain CSV for TOX21_ERb_BLA_Agonist_viability: data/sample/TOX21_ERb_BLA_Agonist_viability.csv
Saved pretrain CSV for TOX21_ERa_LUC_VM7_Agonist_10nM_ICI182780_viability: data/sample/TOX21_ERa_LUC_VM7_Agonist_10nM_ICI182780_viability.csv
Saved pretrain CSV for TOX21_ERR_LUC_viability: data/sample/TOX21_ERR_LUC_viability.csv
Saved finetune CSV for TOX21_ERa_BLA_Agonist_ch2: data/sample/TOX21_ERa_BLA_Agonist_ch2.csv
Saved finetune CSV for TOX21_ERa_BLA_Agonist_ch1: data/sample/TOX21_ERa_BLA_Agonist_ch1.csv
Saved finetune CSV for TOX21_ERa_BLA_Agonist_ratio: data/sample/TOX21_ERa_BLA_Agonist_ratio.csv
Saved finetune CSV for TOX21_ERb_BLA_Agonist_ratio: data/sample/TOX21_ERb_BLA_Agonist_ratio.csv
Saved finetune CSV for TOX21_ERb_BLA_Agonist_ch2: data/sample/TOX21_ERb_BLA_Agonist_ch2.csv
Saved finetune CSV for TOX21_ERb_BLA_Agonist_ch1: data/sample/TOX21_ERb_BLA_Agonist_ch1.csv
Saved finetune CSV for TOX21_ERR_LUC_Agonist: data/sample/TOX21_ERR_LUC_Agonist.csv
Saved finetune CSV for TOX21_ERa_LUC_VM7_Agonist_10nM_ICI182780: data/sample/TOX21_ERa_LUC_VM7_Agonist_10nM_ICI182780.csv
[2/4] Pretraining on TOX21_ERa_LUC_VM7_Agonist using GIN_GCN...
Epoch 1/100 - Loss: 0.6707 - Val F1: 0.2308 - Val ROC-AUC: 0.5974 - Val PR-AUC: 0.1826
Epoch 2/100 - Loss: 0.6503 - Val F1: 0.2889 - Val ROC-AUC: 0.6510 - Val PR-AUC: 0.2883
Epoch 3/100 - Loss: 0.6336 - Val F1: 0.2669 - Val ROC-AUC: 0.6510 - Val PR-AUC: 0.2860
Epoch 4/100 - Loss: 0.6258 - Val F1: 0.2827 - Val ROC-AUC: 0.6706 - Val PR-AUC: 0.2703
Epoch 5/100 - Loss: 0.6235 - Val F1: 0.3117 - Val ROC-AUC: 0.6821 - Val PR-AUC: 0.2824
Epoch 6/100 - Loss: 0.6171 - Val F1: 0.3056 - Val ROC-AUC: 0.6736 - Val PR-AUC: 0.2768
Epoch 7/100 - Loss: 0.6052 - Val F1: 0.2729 - Val ROC-AUC: 0.6602 - Val PR-AUC: 0.2344
Epoch 8/100 - Loss: 0.5947 - Val F1: 0.2869 - Val ROC-AUC: 0.6985 - Val PR-AUC: 0.3260
Epoch 9/100 - Loss: 0.5922 - Val F1: 0.3089 - Val ROC-AUC: 0.6976 - Val PR-AUC: 0.3038
Epoch 10/100 - Loss: 0.5937 - Val F1: 0.2864 - Val ROC-AUC: 0.6763 - Val PR-AUC: 0.2831
Epoch 11/100 - Loss: 0.5708 - Val F1: 0.3245 - Val ROC-AUC: 0.7016 - Val PR-AUC: 0.2744
Epoch 12/100 - Loss: 0.5667 - Val F1: 0.3092 - Val ROC-AUC: 0.7051 - Val PR-AUC: 0.3141
Epoch 13/100 - Loss: 0.5531 - Val F1: 0.2969 - Val ROC-AUC: 0.6892 - Val PR-AUC: 0.3087
Epoch 14/100 - Loss: 0.5475 - Val F1: 0.2980 - Val ROC-AUC: 0.6670 - Val PR-AUC: 0.3031
Epoch 15/100 - Loss: 0.5531 - Val F1: 0.2936 - Val ROC-AUC: 0.6516 - Val PR-AUC: 0.3053
Epoch 16/100 - Loss: 0.5410 - Val F1: 0.2618 - Val ROC-AUC: 0.6487 - Val PR-AUC: 0.2268
Epoch 17/100 - Loss: 0.5447 - Val F1: 0.2789 - Val ROC-AUC: 0.6623 - Val PR-AUC: 0.2956
Epoch 18/100 - Loss: 0.5399 - Val F1: 0.3242 - Val ROC-AUC: 0.6886 - Val PR-AUC: 0.3140
Epoch 19/100 - Loss: 0.5216 - Val F1: 0.3206 - Val ROC-AUC: 0.6724 - Val PR-AUC: 0.3259
Epoch 20/100 - Loss: 0.5320 - Val F1: 0.3356 - Val ROC-AUC: 0.6767 - Val PR-AUC: 0.3139
Epoch 21/100 - Loss: 0.5188 - Val F1: 0.3071 - Val ROC-AUC: 0.6765 - Val PR-AUC: 0.2811
Epoch 22/100 - Loss: 0.4919 - Val F1: 0.2976 - Val ROC-AUC: 0.6589 - Val PR-AUC: 0.2460
Epoch 23/100 - Loss: 0.4857 - Val F1: 0.3127 - Val ROC-AUC: 0.6829 - Val PR-AUC: 0.2995
Epoch 24/100 - Loss: 0.4903 - Val F1: 0.3484 - Val ROC-AUC: 0.6903 - Val PR-AUC: 0.3267
Epoch 25/100 - Loss: 0.4732 - Val F1: 0.3003 - Val ROC-AUC: 0.6632 - Val PR-AUC: 0.2737
Epoch 26/100 - Loss: 0.4831 - Val F1: 0.3208 - Val ROC-AUC: 0.6676 - Val PR-AUC: 0.2954
Epoch 27/100 - Loss: 0.4749 - Val F1: 0.2893 - Val ROC-AUC: 0.6699 - Val PR-AUC: 0.2859
Epoch 28/100 - Loss: 0.4656 - Val F1: 0.2972 - Val ROC-AUC: 0.6687 - Val PR-AUC: 0.3118
Epoch 29/100 - Loss: 0.4625 - Val F1: 0.3138 - Val ROC-AUC: 0.6671 - Val PR-AUC: 0.2719
Epoch 30/100 - Loss: 0.4522 - Val F1: 0.3357 - Val ROC-AUC: 0.6814 - Val PR-AUC: 0.3118
Epoch 31/100 - Loss: 0.4350 - Val F1: 0.3311 - Val ROC-AUC: 0.6768 - Val PR-AUC: 0.3134
Epoch 32/100 - Loss: 0.4297 - Val F1: 0.3030 - Val ROC-AUC: 0.6637 - Val PR-AUC: 0.2816
Epoch 33/100 - Loss: 0.4277 - Val F1: 0.3082 - Val ROC-AUC: 0.6630 - Val PR-AUC: 0.2785
Epoch 34/100 - Loss: 0.4321 - Val F1: 0.2953 - Val ROC-AUC: 0.6733 - Val PR-AUC: 0.3078
Epoch 35/100 - Loss: 0.4187 - Val F1: 0.3063 - Val ROC-AUC: 0.6711 - Val PR-AUC: 0.2910
Epoch 36/100 - Loss: 0.4108 - Val F1: 0.2979 - Val ROC-AUC: 0.6649 - Val PR-AUC: 0.3168
Epoch 37/100 - Loss: 0.4177 - Val F1: 0.3082 - Val ROC-AUC: 0.6679 - Val PR-AUC: 0.3101
Epoch 38/100 - Loss: 0.4090 - Val F1: 0.3220 - Val ROC-AUC: 0.6895 - Val PR-AUC: 0.3123
Epoch 39/100 - Loss: 0.4101 - Val F1: 0.3145 - Val ROC-AUC: 0.6638 - Val PR-AUC: 0.2813
Epoch 40/100 - Loss: 0.4008 - Val F1: 0.3072 - Val ROC-AUC: 0.6576 - Val PR-AUC: 0.3145
Epoch 41/100 - Loss: 0.3806 - Val F1: 0.3142 - Val ROC-AUC: 0.6743 - Val PR-AUC: 0.3318
Epoch 42/100 - Loss: 0.3862 - Val F1: 0.3300 - Val ROC-AUC: 0.6689 - Val PR-AUC: 0.3257
Epoch 43/100 - Loss: 0.3740 - Val F1: 0.2951 - Val ROC-AUC: 0.6619 - Val PR-AUC: 0.3088
Epoch 44/100 - Loss: 0.3802 - Val F1: 0.3221 - Val ROC-AUC: 0.6698 - Val PR-AUC: 0.3043
Epoch 45/100 - Loss: 0.3738 - Val F1: 0.2948 - Val ROC-AUC: 0.6706 - Val PR-AUC: 0.2984
Epoch 46/100 - Loss: 0.3748 - Val F1: 0.3145 - Val ROC-AUC: 0.6735 - Val PR-AUC: 0.3162
Epoch 47/100 - Loss: 0.3798 - Val F1: 0.3131 - Val ROC-AUC: 0.6651 - Val PR-AUC: 0.3250
Epoch 48/100 - Loss: 0.3801 - Val F1: 0.3186 - Val ROC-AUC: 0.6753 - Val PR-AUC: 0.3367
Epoch 49/100 - Loss: 0.3648 - Val F1: 0.3014 - Val ROC-AUC: 0.6664 - Val PR-AUC: 0.3123
Epoch 50/100 - Loss: 0.3600 - Val F1: 0.3066 - Val ROC-AUC: 0.6634 - Val PR-AUC: 0.3018
Epoch 51/100 - Loss: 0.3572 - Val F1: 0.3091 - Val ROC-AUC: 0.6656 - Val PR-AUC: 0.3109
Epoch 52/100 - Loss: 0.3699 - Val F1: 0.3057 - Val ROC-AUC: 0.6684 - Val PR-AUC: 0.3102
Epoch 53/100 - Loss: 0.3496 - Val F1: 0.3038 - Val ROC-AUC: 0.6645 - Val PR-AUC: 0.3010
Epoch 54/100 - Loss: 0.3470 - Val F1: 0.2988 - Val ROC-AUC: 0.6742 - Val PR-AUC: 0.3203
Epoch 55/100 - Loss: 0.3575 - Val F1: 0.3133 - Val ROC-AUC: 0.6707 - Val PR-AUC: 0.3216
Epoch 56/100 - Loss: 0.3452 - Val F1: 0.3224 - Val ROC-AUC: 0.6791 - Val PR-AUC: 0.3412
Epoch 57/100 - Loss: 0.3583 - Val F1: 0.3179 - Val ROC-AUC: 0.6679 - Val PR-AUC: 0.3141
Epoch 58/100 - Loss: 0.3484 - Val F1: 0.3077 - Val ROC-AUC: 0.6641 - Val PR-AUC: 0.3226
Epoch 59/100 - Loss: 0.3571 - Val F1: 0.3217 - Val ROC-AUC: 0.6720 - Val PR-AUC: 0.3293
Epoch 60/100 - Loss: 0.3484 - Val F1: 0.3211 - Val ROC-AUC: 0.6706 - Val PR-AUC: 0.3085
Epoch 61/100 - Loss: 0.3422 - Val F1: 0.3243 - Val ROC-AUC: 0.6663 - Val PR-AUC: 0.3233
Epoch 62/100 - Loss: 0.3424 - Val F1: 0.3165 - Val ROC-AUC: 0.6742 - Val PR-AUC: 0.3346
Epoch 63/100 - Loss: 0.3607 - Val F1: 0.3310 - Val ROC-AUC: 0.6707 - Val PR-AUC: 0.3135
Epoch 64/100 - Loss: 0.3398 - Val F1: 0.3176 - Val ROC-AUC: 0.6694 - Val PR-AUC: 0.3215
Epoch 65/100 - Loss: 0.3277 - Val F1: 0.3275 - Val ROC-AUC: 0.6759 - Val PR-AUC: 0.3302
Epoch 66/100 - Loss: 0.3402 - Val F1: 0.3000 - Val ROC-AUC: 0.6724 - Val PR-AUC: 0.3239
Epoch 67/100 - Loss: 0.3340 - Val F1: 0.3232 - Val ROC-AUC: 0.6713 - Val PR-AUC: 0.3227
Epoch 68/100 - Loss: 0.3533 - Val F1: 0.3194 - Val ROC-AUC: 0.6745 - Val PR-AUC: 0.3434
Epoch 69/100 - Loss: 0.3402 - Val F1: 0.3137 - Val ROC-AUC: 0.6756 - Val PR-AUC: 0.3459
Epoch 70/100 - Loss: 0.3349 - Val F1: 0.3179 - Val ROC-AUC: 0.6766 - Val PR-AUC: 0.3447
Epoch 71/100 - Loss: 0.3404 - Val F1: 0.3121 - Val ROC-AUC: 0.6726 - Val PR-AUC: 0.3361
Epoch 72/100 - Loss: 0.3358 - Val F1: 0.3288 - Val ROC-AUC: 0.6721 - Val PR-AUC: 0.3300
Epoch 73/100 - Loss: 0.3351 - Val F1: 0.3322 - Val ROC-AUC: 0.6740 - Val PR-AUC: 0.3487
Epoch 74/100 - Loss: 0.3356 - Val F1: 0.3189 - Val ROC-AUC: 0.6734 - Val PR-AUC: 0.3485
Epoch 75/100 - Loss: 0.3405 - Val F1: 0.3310 - Val ROC-AUC: 0.6731 - Val PR-AUC: 0.3500
Epoch 76/100 - Loss: 0.3365 - Val F1: 0.3253 - Val ROC-AUC: 0.6740 - Val PR-AUC: 0.3469
Epoch 77/100 - Loss: 0.3458 - Val F1: 0.3067 - Val ROC-AUC: 0.6700 - Val PR-AUC: 0.3339
Epoch 78/100 - Loss: 0.3369 - Val F1: 0.3395 - Val ROC-AUC: 0.6718 - Val PR-AUC: 0.3367
Epoch 79/100 - Loss: 0.3324 - Val F1: 0.3200 - Val ROC-AUC: 0.6732 - Val PR-AUC: 0.3331
Epoch 80/100 - Loss: 0.3461 - Val F1: 0.3168 - Val ROC-AUC: 0.6717 - Val PR-AUC: 0.3306
Epoch 81/100 - Loss: 0.3233 - Val F1: 0.3392 - Val ROC-AUC: 0.6725 - Val PR-AUC: 0.3419
Epoch 82/100 - Loss: 0.3321 - Val F1: 0.3148 - Val ROC-AUC: 0.6724 - Val PR-AUC: 0.3366
Epoch 83/100 - Loss: 0.3271 - Val F1: 0.3333 - Val ROC-AUC: 0.6738 - Val PR-AUC: 0.3307
Epoch 84/100 - Loss: 0.3316 - Val F1: 0.3345 - Val ROC-AUC: 0.6730 - Val PR-AUC: 0.3412
Epoch 85/100 - Loss: 0.3380 - Val F1: 0.3264 - Val ROC-AUC: 0.6731 - Val PR-AUC: 0.3300
Epoch 86/100 - Loss: 0.3325 - Val F1: 0.3345 - Val ROC-AUC: 0.6756 - Val PR-AUC: 0.3491
Epoch 87/100 - Loss: 0.3371 - Val F1: 0.3221 - Val ROC-AUC: 0.6716 - Val PR-AUC: 0.3445
Epoch 88/100 - Loss: 0.3170 - Val F1: 0.3265 - Val ROC-AUC: 0.6729 - Val PR-AUC: 0.3408
Epoch 89/100 - Loss: 0.3425 - Val F1: 0.3211 - Val ROC-AUC: 0.6722 - Val PR-AUC: 0.3345
Epoch 90/100 - Loss: 0.3286 - Val F1: 0.3394 - Val ROC-AUC: 0.6728 - Val PR-AUC: 0.3350
Epoch 91/100 - Loss: 0.3317 - Val F1: 0.3179 - Val ROC-AUC: 0.6733 - Val PR-AUC: 0.3347
Epoch 92/100 - Loss: 0.3208 - Val F1: 0.3345 - Val ROC-AUC: 0.6719 - Val PR-AUC: 0.3234
Epoch 93/100 - Loss: 0.3234 - Val F1: 0.3137 - Val ROC-AUC: 0.6711 - Val PR-AUC: 0.3242
Epoch 94/100 - Loss: 0.3280 - Val F1: 0.3310 - Val ROC-AUC: 0.6733 - Val PR-AUC: 0.3303
Epoch 95/100 - Loss: 0.3362 - Val F1: 0.3369 - Val ROC-AUC: 0.6746 - Val PR-AUC: 0.3428
Epoch 96/100 - Loss: 0.3373 - Val F1: 0.3158 - Val ROC-AUC: 0.6734 - Val PR-AUC: 0.3334
Epoch 97/100 - Loss: 0.3341 - Val F1: 0.3211 - Val ROC-AUC: 0.6746 - Val PR-AUC: 0.3317
Epoch 98/100 - Loss: 0.3202 - Val F1: 0.3368 - Val ROC-AUC: 0.6730 - Val PR-AUC: 0.3359
Epoch 99/100 - Loss: 0.3329 - Val F1: 0.3254 - Val ROC-AUC: 0.6724 - Val PR-AUC: 0.3293
Epoch 100/100 - Loss: 0.3240 - Val F1: 0.3333 - Val ROC-AUC: 0.6736 - Val PR-AUC: 0.3440
Pretraining completed. Test F1: 0.3214, ROC-AUC: 0.6395, PR-AUC: 0.3327
[3/4] Finetuning on TOX21_ERa_BLA_Agonist_ch1 using GIN_GCN...
[Fine-tune] Epoch 1/50 - Loss: 0.5664 - Val F1: 0.2703 - Val ROC-AUC: 0.8156 - Val PR-AUC: 0.3737
[Fine-tune] Epoch 2/50 - Loss: 0.4439 - Val F1: 0.2269 - Val ROC-AUC: 0.7883 - Val PR-AUC: 0.3157
[Fine-tune] Epoch 3/50 - Loss: 0.4208 - Val F1: 0.3214 - Val ROC-AUC: 0.7930 - Val PR-AUC: 0.2990
[Fine-tune] Epoch 4/50 - Loss: 0.3733 - Val F1: 0.1911 - Val ROC-AUC: 0.7798 - Val PR-AUC: 0.2678
[Fine-tune] Epoch 5/50 - Loss: 0.3498 - Val F1: 0.1947 - Val ROC-AUC: 0.7340 - Val PR-AUC: 0.2993
[Fine-tune] Epoch 6/50 - Loss: 0.3410 - Val F1: 0.2800 - Val ROC-AUC: 0.7856 - Val PR-AUC: 0.2653
[Fine-tune] Epoch 7/50 - Loss: 0.3256 - Val F1: 0.2344 - Val ROC-AUC: 0.7744 - Val PR-AUC: 0.2570
[Fine-tune] Epoch 8/50 - Loss: 0.3111 - Val F1: 0.2558 - Val ROC-AUC: 0.7923 - Val PR-AUC: 0.3178
[Fine-tune] Epoch 9/50 - Loss: 0.2734 - Val F1: 0.2537 - Val ROC-AUC: 0.7921 - Val PR-AUC: 0.3292
[Fine-tune] Epoch 10/50 - Loss: 0.2749 - Val F1: 0.2874 - Val ROC-AUC: 0.7983 - Val PR-AUC: 0.3356
[Fine-tune] Epoch 11/50 - Loss: 0.2207 - Val F1: 0.2819 - Val ROC-AUC: 0.7952 - Val PR-AUC: 0.3515
[Fine-tune] Epoch 12/50 - Loss: 0.2084 - Val F1: 0.2812 - Val ROC-AUC: 0.7747 - Val PR-AUC: 0.2927
[Fine-tune] Epoch 13/50 - Loss: 0.2002 - Val F1: 0.2857 - Val ROC-AUC: 0.7630 - Val PR-AUC: 0.2793
[Fine-tune] Epoch 14/50 - Loss: 0.1962 - Val F1: 0.2576 - Val ROC-AUC: 0.7825 - Val PR-AUC: 0.3163
[Fine-tune] Epoch 15/50 - Loss: 0.1839 - Val F1: 0.2787 - Val ROC-AUC: 0.7808 - Val PR-AUC: 0.2966
[Fine-tune] Epoch 16/50 - Loss: 0.2049 - Val F1: 0.2446 - Val ROC-AUC: 0.7973 - Val PR-AUC: 0.2533
[Fine-tune] Epoch 17/50 - Loss: 0.1712 - Val F1: 0.2909 - Val ROC-AUC: 0.7935 - Val PR-AUC: 0.3562
[Fine-tune] Epoch 18/50 - Loss: 0.1675 - Val F1: 0.3150 - Val ROC-AUC: 0.7986 - Val PR-AUC: 0.3063
[Fine-tune] Epoch 19/50 - Loss: 0.1675 - Val F1: 0.2602 - Val ROC-AUC: 0.7597 - Val PR-AUC: 0.2804
[Fine-tune] Epoch 20/50 - Loss: 0.1684 - Val F1: 0.3016 - Val ROC-AUC: 0.7865 - Val PR-AUC: 0.3068
[Fine-tune] Epoch 21/50 - Loss: 0.1404 - Val F1: 0.2833 - Val ROC-AUC: 0.7914 - Val PR-AUC: 0.3059
[Fine-tune] Epoch 22/50 - Loss: 0.1342 - Val F1: 0.2906 - Val ROC-AUC: 0.7798 - Val PR-AUC: 0.2695
[Fine-tune] Epoch 23/50 - Loss: 0.1362 - Val F1: 0.3364 - Val ROC-AUC: 0.7804 - Val PR-AUC: 0.2683
[Fine-tune] Epoch 24/50 - Loss: 0.1346 - Val F1: 0.2881 - Val ROC-AUC: 0.7666 - Val PR-AUC: 0.2402
[Fine-tune] Epoch 25/50 - Loss: 0.1386 - Val F1: 0.3191 - Val ROC-AUC: 0.7878 - Val PR-AUC: 0.2775
[Fine-tune] Epoch 26/50 - Loss: 0.1151 - Val F1: 0.3178 - Val ROC-AUC: 0.7938 - Val PR-AUC: 0.3054
[Fine-tune] Epoch 27/50 - Loss: 0.1312 - Val F1: 0.3214 - Val ROC-AUC: 0.7842 - Val PR-AUC: 0.2678
[Fine-tune] Epoch 28/50 - Loss: 0.1222 - Val F1: 0.3269 - Val ROC-AUC: 0.7927 - Val PR-AUC: 0.2927
[Fine-tune] Epoch 29/50 - Loss: 0.1077 - Val F1: 0.2936 - Val ROC-AUC: 0.7894 - Val PR-AUC: 0.2440
[Fine-tune] Epoch 30/50 - Loss: 0.1130 - Val F1: 0.3273 - Val ROC-AUC: 0.7896 - Val PR-AUC: 0.2630
[Fine-tune] Epoch 31/50 - Loss: 0.1131 - Val F1: 0.3158 - Val ROC-AUC: 0.7874 - Val PR-AUC: 0.3179
[Fine-tune] Epoch 32/50 - Loss: 0.1035 - Val F1: 0.3009 - Val ROC-AUC: 0.7842 - Val PR-AUC: 0.2772
[Fine-tune] Epoch 33/50 - Loss: 0.0968 - Val F1: 0.3333 - Val ROC-AUC: 0.7885 - Val PR-AUC: 0.2814
[Fine-tune] Epoch 34/50 - Loss: 0.1026 - Val F1: 0.3301 - Val ROC-AUC: 0.7790 - Val PR-AUC: 0.3076
[Fine-tune] Epoch 35/50 - Loss: 0.0990 - Val F1: 0.3048 - Val ROC-AUC: 0.7734 - Val PR-AUC: 0.2406
[Fine-tune] Epoch 36/50 - Loss: 0.1001 - Val F1: 0.3333 - Val ROC-AUC: 0.7871 - Val PR-AUC: 0.2539
[Fine-tune] Epoch 37/50 - Loss: 0.0904 - Val F1: 0.3168 - Val ROC-AUC: 0.7892 - Val PR-AUC: 0.2552
[Fine-tune] Epoch 38/50 - Loss: 0.0958 - Val F1: 0.3232 - Val ROC-AUC: 0.8010 - Val PR-AUC: 0.3029
[Fine-tune] Epoch 39/50 - Loss: 0.0862 - Val F1: 0.3495 - Val ROC-AUC: 0.7930 - Val PR-AUC: 0.2967
[Fine-tune] Epoch 40/50 - Loss: 0.0966 - Val F1: 0.3462 - Val ROC-AUC: 0.7864 - Val PR-AUC: 0.3027
[Fine-tune] Epoch 41/50 - Loss: 0.0820 - Val F1: 0.3208 - Val ROC-AUC: 0.7834 - Val PR-AUC: 0.2845
[Fine-tune] Epoch 42/50 - Loss: 0.0942 - Val F1: 0.3333 - Val ROC-AUC: 0.7852 - Val PR-AUC: 0.2916
[Fine-tune] Epoch 43/50 - Loss: 0.0872 - Val F1: 0.3469 - Val ROC-AUC: 0.7888 - Val PR-AUC: 0.2991
[Fine-tune] Epoch 44/50 - Loss: 0.0812 - Val F1: 0.3333 - Val ROC-AUC: 0.7892 - Val PR-AUC: 0.2833
[Fine-tune] Epoch 45/50 - Loss: 0.0838 - Val F1: 0.3529 - Val ROC-AUC: 0.7938 - Val PR-AUC: 0.3043
[Fine-tune] Epoch 46/50 - Loss: 0.0857 - Val F1: 0.3462 - Val ROC-AUC: 0.7856 - Val PR-AUC: 0.2869
[Fine-tune] Epoch 47/50 - Loss: 0.0793 - Val F1: 0.3366 - Val ROC-AUC: 0.7925 - Val PR-AUC: 0.2661
[Fine-tune] Epoch 48/50 - Loss: 0.0843 - Val F1: 0.3269 - Val ROC-AUC: 0.7912 - Val PR-AUC: 0.2511
[Fine-tune] Epoch 49/50 - Loss: 0.0899 - Val F1: 0.3273 - Val ROC-AUC: 0.7937 - Val PR-AUC: 0.2879
[Fine-tune] Epoch 50/50 - Loss: 0.0813 - Val F1: 0.3333 - Val ROC-AUC: 0.7907 - Val PR-AUC: 0.3127
Finetuning completed. Test F1: 0.3243, ROC-AUC: 0.7876, PR-AUC: 0.2711
[3.1/4] Target-only training on TOX21_ERa_BLA_Agonist_ch1 using GIN_GCN...
=== Target-only training ===
[Target-only] Epoch 1/50 – Loss: 0.5874  Val F1: 0.1806  ROC-AUC: 0.7759  PR-AUC: 0.2700
[Target-only] Epoch 2/50 – Loss: 0.5151  Val F1: 0.2267  ROC-AUC: 0.8039  PR-AUC: 0.3320
[Target-only] Epoch 3/50 – Loss: 0.4860  Val F1: 0.2305  ROC-AUC: 0.8003  PR-AUC: 0.3227
[Target-only] Epoch 4/50 – Loss: 0.4785  Val F1: 0.1891  ROC-AUC: 0.7604  PR-AUC: 0.2515
[Target-only] Epoch 5/50 – Loss: 0.4552  Val F1: 0.2283  ROC-AUC: 0.7904  PR-AUC: 0.2255
[Target-only] Epoch 6/50 – Loss: 0.4326  Val F1: 0.2551  ROC-AUC: 0.7651  PR-AUC: 0.2553
[Target-only] Epoch 7/50 – Loss: 0.4025  Val F1: 0.3179  ROC-AUC: 0.7883  PR-AUC: 0.2910
[Target-only] Epoch 8/50 – Loss: 0.3867  Val F1: 0.3239  ROC-AUC: 0.7913  PR-AUC: 0.3426
[Target-only] Epoch 9/50 – Loss: 0.3683  Val F1: 0.2282  ROC-AUC: 0.7547  PR-AUC: 0.1910
[Target-only] Epoch 10/50 – Loss: 0.3664  Val F1: 0.1736  ROC-AUC: 0.7571  PR-AUC: 0.2178
[Target-only] Epoch 11/50 – Loss: 0.3187  Val F1: 0.2699  ROC-AUC: 0.7548  PR-AUC: 0.2802
[Target-only] Epoch 12/50 – Loss: 0.3007  Val F1: 0.2188  ROC-AUC: 0.7654  PR-AUC: 0.2441
[Target-only] Epoch 13/50 – Loss: 0.2964  Val F1: 0.2781  ROC-AUC: 0.7745  PR-AUC: 0.3210
[Target-only] Epoch 14/50 – Loss: 0.2862  Val F1: 0.2597  ROC-AUC: 0.7715  PR-AUC: 0.2056
[Target-only] Epoch 15/50 – Loss: 0.2736  Val F1: 0.2289  ROC-AUC: 0.7575  PR-AUC: 0.2530
[Target-only] Epoch 16/50 – Loss: 0.2778  Val F1: 0.2727  ROC-AUC: 0.7855  PR-AUC: 0.2479
[Target-only] Epoch 17/50 – Loss: 0.2544  Val F1: 0.2754  ROC-AUC: 0.7607  PR-AUC: 0.3164
[Target-only] Epoch 18/50 – Loss: 0.2459  Val F1: 0.2449  ROC-AUC: 0.7686  PR-AUC: 0.2544
[Target-only] Epoch 19/50 – Loss: 0.2390  Val F1: 0.2222  ROC-AUC: 0.7793  PR-AUC: 0.2792
[Target-only] Epoch 20/50 – Loss: 0.2333  Val F1: 0.2500  ROC-AUC: 0.7789  PR-AUC: 0.3135
[Target-only] Epoch 21/50 – Loss: 0.2065  Val F1: 0.2540  ROC-AUC: 0.7712  PR-AUC: 0.2727
[Target-only] Epoch 22/50 – Loss: 0.2002  Val F1: 0.2560  ROC-AUC: 0.7847  PR-AUC: 0.2923
[Target-only] Epoch 23/50 – Loss: 0.1918  Val F1: 0.2759  ROC-AUC: 0.7683  PR-AUC: 0.2828
[Target-only] Epoch 24/50 – Loss: 0.1649  Val F1: 0.2519  ROC-AUC: 0.7790  PR-AUC: 0.2709
[Target-only] Epoch 25/50 – Loss: 0.1828  Val F1: 0.2443  ROC-AUC: 0.7809  PR-AUC: 0.3224
[Target-only] Epoch 26/50 – Loss: 0.1620  Val F1: 0.2687  ROC-AUC: 0.7783  PR-AUC: 0.3449
[Target-only] Epoch 27/50 – Loss: 0.1632  Val F1: 0.2645  ROC-AUC: 0.7620  PR-AUC: 0.2630
[Target-only] Epoch 28/50 – Loss: 0.1512  Val F1: 0.2677  ROC-AUC: 0.7700  PR-AUC: 0.2876
[Target-only] Epoch 29/50 – Loss: 0.1660  Val F1: 0.3077  ROC-AUC: 0.7696  PR-AUC: 0.2478
[Target-only] Epoch 30/50 – Loss: 0.1507  Val F1: 0.2645  ROC-AUC: 0.7798  PR-AUC: 0.2509
[Target-only] Epoch 31/50 – Loss: 0.1369  Val F1: 0.2880  ROC-AUC: 0.7877  PR-AUC: 0.2679
[Target-only] Epoch 32/50 – Loss: 0.1390  Val F1: 0.2857  ROC-AUC: 0.7752  PR-AUC: 0.3224
[Target-only] Epoch 33/50 – Loss: 0.1254  Val F1: 0.2857  ROC-AUC: 0.7735  PR-AUC: 0.3171
[Target-only] Epoch 34/50 – Loss: 0.1240  Val F1: 0.2909  ROC-AUC: 0.7823  PR-AUC: 0.3028
[Target-only] Epoch 35/50 – Loss: 0.1109  Val F1: 0.2982  ROC-AUC: 0.7808  PR-AUC: 0.3549
[Target-only] Epoch 36/50 – Loss: 0.1318  Val F1: 0.3130  ROC-AUC: 0.7826  PR-AUC: 0.3020
[Target-only] Epoch 37/50 – Loss: 0.1146  Val F1: 0.2927  ROC-AUC: 0.7783  PR-AUC: 0.3544
[Target-only] Epoch 38/50 – Loss: 0.1287  Val F1: 0.3025  ROC-AUC: 0.7730  PR-AUC: 0.2900
[Target-only] Epoch 39/50 – Loss: 0.1123  Val F1: 0.3243  ROC-AUC: 0.7884  PR-AUC: 0.3338
[Target-only] Epoch 40/50 – Loss: 0.1273  Val F1: 0.3103  ROC-AUC: 0.7920  PR-AUC: 0.3173
[Target-only] Epoch 41/50 – Loss: 0.1095  Val F1: 0.3243  ROC-AUC: 0.7794  PR-AUC: 0.2979
[Target-only] Epoch 42/50 – Loss: 0.1076  Val F1: 0.3273  ROC-AUC: 0.7834  PR-AUC: 0.2942
[Target-only] Epoch 43/50 – Loss: 0.0960  Val F1: 0.3364  ROC-AUC: 0.7870  PR-AUC: 0.2946
[Target-only] Epoch 44/50 – Loss: 0.0890  Val F1: 0.2982  ROC-AUC: 0.7823  PR-AUC: 0.3059
[Target-only] Epoch 45/50 – Loss: 0.0967  Val F1: 0.3366  ROC-AUC: 0.7866  PR-AUC: 0.3103
[Target-only] Epoch 46/50 – Loss: 0.0947  Val F1: 0.3243  ROC-AUC: 0.7858  PR-AUC: 0.3208
[Target-only] Epoch 47/50 – Loss: 0.0979  Val F1: 0.3238  ROC-AUC: 0.7734  PR-AUC: 0.3159
[Target-only] Epoch 48/50 – Loss: 0.1057  Val F1: 0.3273  ROC-AUC: 0.7880  PR-AUC: 0.3073
[Target-only] Epoch 49/50 – Loss: 0.0937  Val F1: 0.3301  ROC-AUC: 0.7818  PR-AUC: 0.3050
[Target-only] Epoch 50/50 – Loss: 0.0927  Val F1: 0.3158  ROC-AUC: 0.7876  PR-AUC: 0.2973
=== Target-only TEST performance ===
Test F1: 0.3619, ROC-AUC: 0.7921, PR-AUC: 0.3032
✅ 실험 완료: TOX21_ERa_LUC_VM7_Agonist -> TOX21_ERa_BLA_Agonist_ch1 [GIN_GCN]
