[1/4] Excel → CSV 변환 중...
Saved pretrain CSV for TOX21_ERa_LUC_VM7_Agonist: data/sample/TOX21_ERa_LUC_VM7_Agonist.csv
Saved pretrain CSV for TOX21_ERb_BLA_Agonist_viability: data/sample/TOX21_ERb_BLA_Agonist_viability.csv
Saved pretrain CSV for TOX21_ERa_LUC_VM7_Agonist_10nM_ICI182780_viability: data/sample/TOX21_ERa_LUC_VM7_Agonist_10nM_ICI182780_viability.csv
Saved pretrain CSV for TOX21_ERR_LUC_viability: data/sample/TOX21_ERR_LUC_viability.csv
Saved finetune CSV for TOX21_ERa_BLA_Agonist_ch2: data/sample/TOX21_ERa_BLA_Agonist_ch2.csv
Saved finetune CSV for TOX21_ERa_BLA_Agonist_ch1: data/sample/TOX21_ERa_BLA_Agonist_ch1.csv
Saved finetune CSV for TOX21_ERa_BLA_Agonist_ratio: data/sample/TOX21_ERa_BLA_Agonist_ratio.csv
Saved finetune CSV for TOX21_ERb_BLA_Agonist_ratio: data/sample/TOX21_ERb_BLA_Agonist_ratio.csv
Saved finetune CSV for TOX21_ERb_BLA_Agonist_ch2: data/sample/TOX21_ERb_BLA_Agonist_ch2.csv
Saved finetune CSV for TOX21_ERb_BLA_Agonist_ch1: data/sample/TOX21_ERb_BLA_Agonist_ch1.csv
Saved finetune CSV for TOX21_ERR_LUC_Agonist: data/sample/TOX21_ERR_LUC_Agonist.csv
Saved finetune CSV for TOX21_ERa_LUC_VM7_Agonist_10nM_ICI182780: data/sample/TOX21_ERa_LUC_VM7_Agonist_10nM_ICI182780.csv
[2/4] Pretraining on TOX21_ERa_LUC_VM7_Agonist_10nM_ICI182780_viability using GIN_GCN...
Epoch 1/100 - Loss: 0.5750 - Val F1: 0.2925 - Val ROC-AUC: 0.7589 - Val PR-AUC: 0.2985
Epoch 2/100 - Loss: 0.5134 - Val F1: 0.3294 - Val ROC-AUC: 0.7586 - Val PR-AUC: 0.2930
Epoch 3/100 - Loss: 0.4812 - Val F1: 0.2963 - Val ROC-AUC: 0.7963 - Val PR-AUC: 0.3304
Epoch 4/100 - Loss: 0.4629 - Val F1: 0.3292 - Val ROC-AUC: 0.7775 - Val PR-AUC: 0.3346
Epoch 5/100 - Loss: 0.4322 - Val F1: 0.3894 - Val ROC-AUC: 0.8056 - Val PR-AUC: 0.3370
Epoch 6/100 - Loss: 0.4245 - Val F1: 0.2946 - Val ROC-AUC: 0.7613 - Val PR-AUC: 0.2797
Epoch 7/100 - Loss: 0.4257 - Val F1: 0.2914 - Val ROC-AUC: 0.7960 - Val PR-AUC: 0.3514
Epoch 8/100 - Loss: 0.4035 - Val F1: 0.3529 - Val ROC-AUC: 0.8017 - Val PR-AUC: 0.3386
Epoch 9/100 - Loss: 0.3870 - Val F1: 0.3322 - Val ROC-AUC: 0.8081 - Val PR-AUC: 0.3240
Epoch 10/100 - Loss: 0.3734 - Val F1: 0.3410 - Val ROC-AUC: 0.8241 - Val PR-AUC: 0.3662
Epoch 11/100 - Loss: 0.3487 - Val F1: 0.3612 - Val ROC-AUC: 0.8093 - Val PR-AUC: 0.3839
Epoch 12/100 - Loss: 0.3456 - Val F1: 0.3756 - Val ROC-AUC: 0.8065 - Val PR-AUC: 0.3838
Epoch 13/100 - Loss: 0.3510 - Val F1: 0.3645 - Val ROC-AUC: 0.8136 - Val PR-AUC: 0.3659
Epoch 14/100 - Loss: 0.3250 - Val F1: 0.3534 - Val ROC-AUC: 0.8046 - Val PR-AUC: 0.3788
Epoch 15/100 - Loss: 0.3343 - Val F1: 0.3938 - Val ROC-AUC: 0.8157 - Val PR-AUC: 0.3777
Epoch 16/100 - Loss: 0.3258 - Val F1: 0.3832 - Val ROC-AUC: 0.8166 - Val PR-AUC: 0.3827
Epoch 17/100 - Loss: 0.3203 - Val F1: 0.3636 - Val ROC-AUC: 0.8284 - Val PR-AUC: 0.3731
Epoch 18/100 - Loss: 0.3089 - Val F1: 0.3911 - Val ROC-AUC: 0.8085 - Val PR-AUC: 0.3700
Epoch 19/100 - Loss: 0.3053 - Val F1: 0.3618 - Val ROC-AUC: 0.8064 - Val PR-AUC: 0.3807
Epoch 20/100 - Loss: 0.3190 - Val F1: 0.3619 - Val ROC-AUC: 0.8149 - Val PR-AUC: 0.3980
Epoch 21/100 - Loss: 0.2822 - Val F1: 0.3653 - Val ROC-AUC: 0.8042 - Val PR-AUC: 0.3926
Epoch 22/100 - Loss: 0.2804 - Val F1: 0.3860 - Val ROC-AUC: 0.8023 - Val PR-AUC: 0.3737
Epoch 23/100 - Loss: 0.2688 - Val F1: 0.3719 - Val ROC-AUC: 0.8001 - Val PR-AUC: 0.3887
Epoch 24/100 - Loss: 0.2520 - Val F1: 0.3905 - Val ROC-AUC: 0.8076 - Val PR-AUC: 0.3795
Epoch 25/100 - Loss: 0.2617 - Val F1: 0.3927 - Val ROC-AUC: 0.8047 - Val PR-AUC: 0.3538
Epoch 26/100 - Loss: 0.2541 - Val F1: 0.3861 - Val ROC-AUC: 0.8076 - Val PR-AUC: 0.3914
Epoch 27/100 - Loss: 0.2550 - Val F1: 0.4227 - Val ROC-AUC: 0.8129 - Val PR-AUC: 0.4074
Epoch 28/100 - Loss: 0.2620 - Val F1: 0.3714 - Val ROC-AUC: 0.7962 - Val PR-AUC: 0.3382
Epoch 29/100 - Loss: 0.2402 - Val F1: 0.3846 - Val ROC-AUC: 0.8109 - Val PR-AUC: 0.3747
Epoch 30/100 - Loss: 0.2434 - Val F1: 0.4086 - Val ROC-AUC: 0.8151 - Val PR-AUC: 0.3788
Epoch 31/100 - Loss: 0.2331 - Val F1: 0.4306 - Val ROC-AUC: 0.8218 - Val PR-AUC: 0.4031
Epoch 32/100 - Loss: 0.2113 - Val F1: 0.3824 - Val ROC-AUC: 0.8041 - Val PR-AUC: 0.3621
Epoch 33/100 - Loss: 0.2004 - Val F1: 0.4155 - Val ROC-AUC: 0.8256 - Val PR-AUC: 0.4300
Epoch 34/100 - Loss: 0.2034 - Val F1: 0.4279 - Val ROC-AUC: 0.8126 - Val PR-AUC: 0.4029
Epoch 35/100 - Loss: 0.2141 - Val F1: 0.4279 - Val ROC-AUC: 0.8071 - Val PR-AUC: 0.3782
Epoch 36/100 - Loss: 0.2160 - Val F1: 0.3981 - Val ROC-AUC: 0.8124 - Val PR-AUC: 0.3805
Epoch 37/100 - Loss: 0.2010 - Val F1: 0.4242 - Val ROC-AUC: 0.8143 - Val PR-AUC: 0.3917
Epoch 38/100 - Loss: 0.2008 - Val F1: 0.4333 - Val ROC-AUC: 0.8116 - Val PR-AUC: 0.3895
Epoch 39/100 - Loss: 0.1982 - Val F1: 0.3979 - Val ROC-AUC: 0.8067 - Val PR-AUC: 0.3590
Epoch 40/100 - Loss: 0.2032 - Val F1: 0.4221 - Val ROC-AUC: 0.8129 - Val PR-AUC: 0.3944
Epoch 41/100 - Loss: 0.1822 - Val F1: 0.4082 - Val ROC-AUC: 0.8162 - Val PR-AUC: 0.3906
Epoch 42/100 - Loss: 0.1899 - Val F1: 0.4343 - Val ROC-AUC: 0.8118 - Val PR-AUC: 0.3782
Epoch 43/100 - Loss: 0.1741 - Val F1: 0.4040 - Val ROC-AUC: 0.8172 - Val PR-AUC: 0.3994
Epoch 44/100 - Loss: 0.1792 - Val F1: 0.4457 - Val ROC-AUC: 0.8182 - Val PR-AUC: 0.4143
Epoch 45/100 - Loss: 0.1659 - Val F1: 0.4184 - Val ROC-AUC: 0.8156 - Val PR-AUC: 0.4126
Epoch 46/100 - Loss: 0.1854 - Val F1: 0.4322 - Val ROC-AUC: 0.8185 - Val PR-AUC: 0.3894
Epoch 47/100 - Loss: 0.1648 - Val F1: 0.4372 - Val ROC-AUC: 0.8262 - Val PR-AUC: 0.4057
Epoch 48/100 - Loss: 0.1590 - Val F1: 0.4184 - Val ROC-AUC: 0.8181 - Val PR-AUC: 0.4022
Epoch 49/100 - Loss: 0.1673 - Val F1: 0.4100 - Val ROC-AUC: 0.8138 - Val PR-AUC: 0.3881
Epoch 50/100 - Loss: 0.1658 - Val F1: 0.4286 - Val ROC-AUC: 0.8154 - Val PR-AUC: 0.3703
Epoch 51/100 - Loss: 0.1616 - Val F1: 0.4200 - Val ROC-AUC: 0.8126 - Val PR-AUC: 0.3699
Epoch 52/100 - Loss: 0.1702 - Val F1: 0.4314 - Val ROC-AUC: 0.8161 - Val PR-AUC: 0.4040
Epoch 53/100 - Loss: 0.1625 - Val F1: 0.4179 - Val ROC-AUC: 0.8181 - Val PR-AUC: 0.3899
Epoch 54/100 - Loss: 0.1587 - Val F1: 0.4200 - Val ROC-AUC: 0.8137 - Val PR-AUC: 0.3754
Epoch 55/100 - Loss: 0.1620 - Val F1: 0.4550 - Val ROC-AUC: 0.8194 - Val PR-AUC: 0.3758
Epoch 56/100 - Loss: 0.1595 - Val F1: 0.4456 - Val ROC-AUC: 0.8203 - Val PR-AUC: 0.4008
Epoch 57/100 - Loss: 0.1544 - Val F1: 0.4541 - Val ROC-AUC: 0.8215 - Val PR-AUC: 0.3999
Epoch 58/100 - Loss: 0.1569 - Val F1: 0.4324 - Val ROC-AUC: 0.8147 - Val PR-AUC: 0.3794
Epoch 59/100 - Loss: 0.1567 - Val F1: 0.4278 - Val ROC-AUC: 0.8181 - Val PR-AUC: 0.3813
Epoch 60/100 - Loss: 0.1498 - Val F1: 0.4398 - Val ROC-AUC: 0.8156 - Val PR-AUC: 0.3785
Epoch 61/100 - Loss: 0.1578 - Val F1: 0.4348 - Val ROC-AUC: 0.8155 - Val PR-AUC: 0.3821
Epoch 62/100 - Loss: 0.1591 - Val F1: 0.4409 - Val ROC-AUC: 0.8201 - Val PR-AUC: 0.3979
Epoch 63/100 - Loss: 0.1456 - Val F1: 0.4134 - Val ROC-AUC: 0.8177 - Val PR-AUC: 0.3879
Epoch 64/100 - Loss: 0.1540 - Val F1: 0.4375 - Val ROC-AUC: 0.8198 - Val PR-AUC: 0.3840
Epoch 65/100 - Loss: 0.1503 - Val F1: 0.4398 - Val ROC-AUC: 0.8177 - Val PR-AUC: 0.3894
Epoch 66/100 - Loss: 0.1423 - Val F1: 0.4309 - Val ROC-AUC: 0.8205 - Val PR-AUC: 0.3885
Epoch 67/100 - Loss: 0.1550 - Val F1: 0.4188 - Val ROC-AUC: 0.8170 - Val PR-AUC: 0.3876
Epoch 68/100 - Loss: 0.1480 - Val F1: 0.4396 - Val ROC-AUC: 0.8196 - Val PR-AUC: 0.3890
Epoch 69/100 - Loss: 0.1466 - Val F1: 0.4457 - Val ROC-AUC: 0.8214 - Val PR-AUC: 0.3982
Epoch 70/100 - Loss: 0.1471 - Val F1: 0.4333 - Val ROC-AUC: 0.8192 - Val PR-AUC: 0.4005
Epoch 71/100 - Loss: 0.1387 - Val F1: 0.4348 - Val ROC-AUC: 0.8203 - Val PR-AUC: 0.3999
Epoch 72/100 - Loss: 0.1469 - Val F1: 0.4385 - Val ROC-AUC: 0.8192 - Val PR-AUC: 0.3931
Epoch 73/100 - Loss: 0.1539 - Val F1: 0.4343 - Val ROC-AUC: 0.8213 - Val PR-AUC: 0.3999
Epoch 74/100 - Loss: 0.1516 - Val F1: 0.4409 - Val ROC-AUC: 0.8190 - Val PR-AUC: 0.3915
Epoch 75/100 - Loss: 0.1532 - Val F1: 0.4022 - Val ROC-AUC: 0.8170 - Val PR-AUC: 0.3913
Epoch 76/100 - Loss: 0.1528 - Val F1: 0.4409 - Val ROC-AUC: 0.8191 - Val PR-AUC: 0.3975
Epoch 77/100 - Loss: 0.1428 - Val F1: 0.4410 - Val ROC-AUC: 0.8184 - Val PR-AUC: 0.3937
Epoch 78/100 - Loss: 0.1421 - Val F1: 0.4270 - Val ROC-AUC: 0.8197 - Val PR-AUC: 0.3918
Epoch 79/100 - Loss: 0.1475 - Val F1: 0.4526 - Val ROC-AUC: 0.8183 - Val PR-AUC: 0.3937
Epoch 80/100 - Loss: 0.1499 - Val F1: 0.4481 - Val ROC-AUC: 0.8180 - Val PR-AUC: 0.3963
Epoch 81/100 - Loss: 0.1420 - Val F1: 0.4316 - Val ROC-AUC: 0.8186 - Val PR-AUC: 0.3970
Epoch 82/100 - Loss: 0.1540 - Val F1: 0.4211 - Val ROC-AUC: 0.8165 - Val PR-AUC: 0.3878
Epoch 83/100 - Loss: 0.1514 - Val F1: 0.4456 - Val ROC-AUC: 0.8181 - Val PR-AUC: 0.3943
Epoch 84/100 - Loss: 0.1446 - Val F1: 0.4398 - Val ROC-AUC: 0.8195 - Val PR-AUC: 0.4042
Epoch 85/100 - Loss: 0.1436 - Val F1: 0.4412 - Val ROC-AUC: 0.8186 - Val PR-AUC: 0.3947
Epoch 86/100 - Loss: 0.1466 - Val F1: 0.4348 - Val ROC-AUC: 0.8197 - Val PR-AUC: 0.3986
Epoch 87/100 - Loss: 0.1405 - Val F1: 0.4409 - Val ROC-AUC: 0.8203 - Val PR-AUC: 0.3987
Epoch 88/100 - Loss: 0.1397 - Val F1: 0.4432 - Val ROC-AUC: 0.8192 - Val PR-AUC: 0.3968
Epoch 89/100 - Loss: 0.1419 - Val F1: 0.4301 - Val ROC-AUC: 0.8190 - Val PR-AUC: 0.3959
Epoch 90/100 - Loss: 0.1397 - Val F1: 0.4316 - Val ROC-AUC: 0.8192 - Val PR-AUC: 0.3982
Epoch 91/100 - Loss: 0.1400 - Val F1: 0.4293 - Val ROC-AUC: 0.8180 - Val PR-AUC: 0.3912
Epoch 92/100 - Loss: 0.1424 - Val F1: 0.4421 - Val ROC-AUC: 0.8185 - Val PR-AUC: 0.3985
Epoch 93/100 - Loss: 0.1384 - Val F1: 0.4333 - Val ROC-AUC: 0.8209 - Val PR-AUC: 0.4025
Epoch 94/100 - Loss: 0.1502 - Val F1: 0.4278 - Val ROC-AUC: 0.8211 - Val PR-AUC: 0.3995
Epoch 95/100 - Loss: 0.1501 - Val F1: 0.4400 - Val ROC-AUC: 0.8193 - Val PR-AUC: 0.4010
Epoch 96/100 - Loss: 0.1471 - Val F1: 0.4255 - Val ROC-AUC: 0.8180 - Val PR-AUC: 0.3957
Epoch 97/100 - Loss: 0.1453 - Val F1: 0.4433 - Val ROC-AUC: 0.8202 - Val PR-AUC: 0.4017
Epoch 98/100 - Loss: 0.1422 - Val F1: 0.4468 - Val ROC-AUC: 0.8180 - Val PR-AUC: 0.3955
Epoch 99/100 - Loss: 0.1481 - Val F1: 0.4490 - Val ROC-AUC: 0.8195 - Val PR-AUC: 0.3974
Epoch 100/100 - Loss: 0.1377 - Val F1: 0.4432 - Val ROC-AUC: 0.8215 - Val PR-AUC: 0.4014
Pretraining completed. Test F1: 0.4194, ROC-AUC: 0.8200, PR-AUC: 0.4196
[3/4] Finetuning on TOX21_ERb_BLA_Agonist_ratio using GIN_GCN...
[Fine-tune] Epoch 1/50 - Loss: 0.4629 - Val F1: 0.1695 - Val ROC-AUC: 0.8332 - Val PR-AUC: 0.1384
[Fine-tune] Epoch 2/50 - Loss: 0.3013 - Val F1: 0.1679 - Val ROC-AUC: 0.8334 - Val PR-AUC: 0.1705
[Fine-tune] Epoch 3/50 - Loss: 0.2541 - Val F1: 0.1633 - Val ROC-AUC: 0.7939 - Val PR-AUC: 0.1724
[Fine-tune] Epoch 4/50 - Loss: 0.2356 - Val F1: 0.1961 - Val ROC-AUC: 0.7993 - Val PR-AUC: 0.2288
[Fine-tune] Epoch 5/50 - Loss: 0.2015 - Val F1: 0.1944 - Val ROC-AUC: 0.7761 - Val PR-AUC: 0.1774
[Fine-tune] Epoch 6/50 - Loss: 0.1888 - Val F1: 0.1835 - Val ROC-AUC: 0.7998 - Val PR-AUC: 0.1417
[Fine-tune] Epoch 7/50 - Loss: 0.1631 - Val F1: 0.2192 - Val ROC-AUC: 0.7940 - Val PR-AUC: 0.1798
[Fine-tune] Epoch 8/50 - Loss: 0.1718 - Val F1: 0.1748 - Val ROC-AUC: 0.7597 - Val PR-AUC: 0.1420
[Fine-tune] Epoch 9/50 - Loss: 0.1414 - Val F1: 0.1951 - Val ROC-AUC: 0.7800 - Val PR-AUC: 0.1665
[Fine-tune] Epoch 10/50 - Loss: 0.1319 - Val F1: 0.2250 - Val ROC-AUC: 0.7873 - Val PR-AUC: 0.2539
[Fine-tune] Epoch 11/50 - Loss: 0.1091 - Val F1: 0.2051 - Val ROC-AUC: 0.7586 - Val PR-AUC: 0.1711
[Fine-tune] Epoch 12/50 - Loss: 0.1013 - Val F1: 0.2333 - Val ROC-AUC: 0.7851 - Val PR-AUC: 0.2232
[Fine-tune] Epoch 13/50 - Loss: 0.0913 - Val F1: 0.2727 - Val ROC-AUC: 0.7636 - Val PR-AUC: 0.2276
[Fine-tune] Epoch 14/50 - Loss: 0.0920 - Val F1: 0.2105 - Val ROC-AUC: 0.7898 - Val PR-AUC: 0.1664
[Fine-tune] Epoch 15/50 - Loss: 0.0880 - Val F1: 0.2642 - Val ROC-AUC: 0.7662 - Val PR-AUC: 0.2283
[Fine-tune] Epoch 16/50 - Loss: 0.0893 - Val F1: 0.2182 - Val ROC-AUC: 0.7692 - Val PR-AUC: 0.2328
[Fine-tune] Epoch 17/50 - Loss: 0.0722 - Val F1: 0.1887 - Val ROC-AUC: 0.7518 - Val PR-AUC: 0.2189
[Fine-tune] Epoch 18/50 - Loss: 0.0736 - Val F1: 0.2642 - Val ROC-AUC: 0.7751 - Val PR-AUC: 0.1891
[Fine-tune] Epoch 19/50 - Loss: 0.0755 - Val F1: 0.3043 - Val ROC-AUC: 0.7616 - Val PR-AUC: 0.2247
[Fine-tune] Epoch 20/50 - Loss: 0.0689 - Val F1: 0.2593 - Val ROC-AUC: 0.7566 - Val PR-AUC: 0.1917
[Fine-tune] Epoch 21/50 - Loss: 0.0689 - Val F1: 0.2449 - Val ROC-AUC: 0.7665 - Val PR-AUC: 0.1671
[Fine-tune] Epoch 22/50 - Loss: 0.0496 - Val F1: 0.2564 - Val ROC-AUC: 0.7706 - Val PR-AUC: 0.2401
[Fine-tune] Epoch 23/50 - Loss: 0.0482 - Val F1: 0.2609 - Val ROC-AUC: 0.7590 - Val PR-AUC: 0.1717
[Fine-tune] Epoch 24/50 - Loss: 0.0583 - Val F1: 0.2439 - Val ROC-AUC: 0.7620 - Val PR-AUC: 0.2568
[Fine-tune] Epoch 25/50 - Loss: 0.0518 - Val F1: 0.2667 - Val ROC-AUC: 0.7679 - Val PR-AUC: 0.2440
[Fine-tune] Epoch 26/50 - Loss: 0.0457 - Val F1: 0.2553 - Val ROC-AUC: 0.7506 - Val PR-AUC: 0.2240
[Fine-tune] Epoch 27/50 - Loss: 0.0561 - Val F1: 0.2500 - Val ROC-AUC: 0.7699 - Val PR-AUC: 0.2261
[Fine-tune] Epoch 28/50 - Loss: 0.0449 - Val F1: 0.2917 - Val ROC-AUC: 0.7793 - Val PR-AUC: 0.2588
[Fine-tune] Epoch 29/50 - Loss: 0.0330 - Val F1: 0.2174 - Val ROC-AUC: 0.7802 - Val PR-AUC: 0.2427
[Fine-tune] Epoch 30/50 - Loss: 0.0441 - Val F1: 0.1860 - Val ROC-AUC: 0.7587 - Val PR-AUC: 0.2109
[Fine-tune] Epoch 31/50 - Loss: 0.0337 - Val F1: 0.2553 - Val ROC-AUC: 0.7682 - Val PR-AUC: 0.2397
[Fine-tune] Epoch 32/50 - Loss: 0.0331 - Val F1: 0.2500 - Val ROC-AUC: 0.7729 - Val PR-AUC: 0.2283
[Fine-tune] Epoch 33/50 - Loss: 0.0292 - Val F1: 0.2927 - Val ROC-AUC: 0.7719 - Val PR-AUC: 0.2318
[Fine-tune] Epoch 34/50 - Loss: 0.0340 - Val F1: 0.2439 - Val ROC-AUC: 0.7717 - Val PR-AUC: 0.2576
[Fine-tune] Epoch 35/50 - Loss: 0.0330 - Val F1: 0.2381 - Val ROC-AUC: 0.7715 - Val PR-AUC: 0.2446
[Fine-tune] Epoch 36/50 - Loss: 0.0298 - Val F1: 0.3077 - Val ROC-AUC: 0.7686 - Val PR-AUC: 0.2338
[Fine-tune] Epoch 37/50 - Loss: 0.0263 - Val F1: 0.2791 - Val ROC-AUC: 0.7763 - Val PR-AUC: 0.2577
[Fine-tune] Epoch 38/50 - Loss: 0.0351 - Val F1: 0.2326 - Val ROC-AUC: 0.7632 - Val PR-AUC: 0.2678
[Fine-tune] Epoch 39/50 - Loss: 0.0279 - Val F1: 0.2927 - Val ROC-AUC: 0.7665 - Val PR-AUC: 0.2627
[Fine-tune] Epoch 40/50 - Loss: 0.0318 - Val F1: 0.2857 - Val ROC-AUC: 0.7601 - Val PR-AUC: 0.2872
[Fine-tune] Epoch 41/50 - Loss: 0.0252 - Val F1: 0.2500 - Val ROC-AUC: 0.7673 - Val PR-AUC: 0.2569
[Fine-tune] Epoch 42/50 - Loss: 0.0262 - Val F1: 0.3158 - Val ROC-AUC: 0.7673 - Val PR-AUC: 0.2777
[Fine-tune] Epoch 43/50 - Loss: 0.0258 - Val F1: 0.2778 - Val ROC-AUC: 0.7704 - Val PR-AUC: 0.2718
[Fine-tune] Epoch 44/50 - Loss: 0.0228 - Val F1: 0.2857 - Val ROC-AUC: 0.7714 - Val PR-AUC: 0.2674
[Fine-tune] Epoch 45/50 - Loss: 0.0247 - Val F1: 0.2632 - Val ROC-AUC: 0.7621 - Val PR-AUC: 0.2517
[Fine-tune] Epoch 46/50 - Loss: 0.0237 - Val F1: 0.2564 - Val ROC-AUC: 0.7608 - Val PR-AUC: 0.2597
[Fine-tune] Epoch 47/50 - Loss: 0.0263 - Val F1: 0.2778 - Val ROC-AUC: 0.7624 - Val PR-AUC: 0.2787
[Fine-tune] Epoch 48/50 - Loss: 0.0244 - Val F1: 0.2439 - Val ROC-AUC: 0.7680 - Val PR-AUC: 0.2646
[Fine-tune] Epoch 49/50 - Loss: 0.0222 - Val F1: 0.2564 - Val ROC-AUC: 0.7627 - Val PR-AUC: 0.2752
[Fine-tune] Epoch 50/50 - Loss: 0.0210 - Val F1: 0.3243 - Val ROC-AUC: 0.7680 - Val PR-AUC: 0.2800
Finetuning completed. Test F1: 0.3077, ROC-AUC: 0.7099, PR-AUC: 0.2902
[3.1/4] Target-only training on TOX21_ERb_BLA_Agonist_ratio using GIN_GCN...
=== Target-only training ===
[Target-only] Epoch 1/50 – Loss: 0.4718  Val F1: 0.1197  ROC-AUC: 0.7424  PR-AUC: 0.0914
[Target-only] Epoch 2/50 – Loss: 0.3744  Val F1: 0.1452  ROC-AUC: 0.8050  PR-AUC: 0.1777
[Target-only] Epoch 3/50 – Loss: 0.3454  Val F1: 0.1593  ROC-AUC: 0.8369  PR-AUC: 0.1845
[Target-only] Epoch 4/50 – Loss: 0.2919  Val F1: 0.1452  ROC-AUC: 0.8078  PR-AUC: 0.1416
[Target-only] Epoch 5/50 – Loss: 0.2751  Val F1: 0.1304  ROC-AUC: 0.7883  PR-AUC: 0.1451
[Target-only] Epoch 6/50 – Loss: 0.2428  Val F1: 0.1698  ROC-AUC: 0.8411  PR-AUC: 0.2072
[Target-only] Epoch 7/50 – Loss: 0.2306  Val F1: 0.2078  ROC-AUC: 0.8079  PR-AUC: 0.1447
[Target-only] Epoch 8/50 – Loss: 0.2133  Val F1: 0.1356  ROC-AUC: 0.8314  PR-AUC: 0.1962
[Target-only] Epoch 9/50 – Loss: 0.2020  Val F1: 0.1667  ROC-AUC: 0.8141  PR-AUC: 0.1851
[Target-only] Epoch 10/50 – Loss: 0.2125  Val F1: 0.1882  ROC-AUC: 0.8355  PR-AUC: 0.2093
[Target-only] Epoch 11/50 – Loss: 0.1559  Val F1: 0.1875  ROC-AUC: 0.8313  PR-AUC: 0.2503
[Target-only] Epoch 12/50 – Loss: 0.1348  Val F1: 0.2581  ROC-AUC: 0.8063  PR-AUC: 0.2224
[Target-only] Epoch 13/50 – Loss: 0.1266  Val F1: 0.1915  ROC-AUC: 0.8537  PR-AUC: 0.2504
[Target-only] Epoch 14/50 – Loss: 0.1301  Val F1: 0.2162  ROC-AUC: 0.8582  PR-AUC: 0.2583
[Target-only] Epoch 15/50 – Loss: 0.1159  Val F1: 0.2353  ROC-AUC: 0.8155  PR-AUC: 0.2962
[Target-only] Epoch 16/50 – Loss: 0.1278  Val F1: 0.2222  ROC-AUC: 0.8233  PR-AUC: 0.1972
[Target-only] Epoch 17/50 – Loss: 0.1028  Val F1: 0.2154  ROC-AUC: 0.8437  PR-AUC: 0.2863
[Target-only] Epoch 18/50 – Loss: 0.1217  Val F1: 0.2424  ROC-AUC: 0.8498  PR-AUC: 0.2408
[Target-only] Epoch 19/50 – Loss: 0.1065  Val F1: 0.2222  ROC-AUC: 0.8487  PR-AUC: 0.3156
[Target-only] Epoch 20/50 – Loss: 0.1004  Val F1: 0.2500  ROC-AUC: 0.8424  PR-AUC: 0.2133
[Target-only] Epoch 21/50 – Loss: 0.0843  Val F1: 0.2545  ROC-AUC: 0.8645  PR-AUC: 0.2866
[Target-only] Epoch 22/50 – Loss: 0.0685  Val F1: 0.2414  ROC-AUC: 0.8560  PR-AUC: 0.2943
[Target-only] Epoch 23/50 – Loss: 0.0776  Val F1: 0.2319  ROC-AUC: 0.8425  PR-AUC: 0.2726
[Target-only] Epoch 24/50 – Loss: 0.0622  Val F1: 0.2545  ROC-AUC: 0.8626  PR-AUC: 0.3351
[Target-only] Epoch 25/50 – Loss: 0.0636  Val F1: 0.3111  ROC-AUC: 0.8543  PR-AUC: 0.2631
[Target-only] Epoch 26/50 – Loss: 0.0752  Val F1: 0.2667  ROC-AUC: 0.8644  PR-AUC: 0.2848
[Target-only] Epoch 27/50 – Loss: 0.0672  Val F1: 0.2456  ROC-AUC: 0.8701  PR-AUC: 0.2579
[Target-only] Epoch 28/50 – Loss: 0.0601  Val F1: 0.2745  ROC-AUC: 0.8071  PR-AUC: 0.2283
[Target-only] Epoch 29/50 – Loss: 0.0593  Val F1: 0.2593  ROC-AUC: 0.8235  PR-AUC: 0.2752
[Target-only] Epoch 30/50 – Loss: 0.0547  Val F1: 0.2545  ROC-AUC: 0.8318  PR-AUC: 0.2190
[Target-only] Epoch 31/50 – Loss: 0.0505  Val F1: 0.2917  ROC-AUC: 0.8505  PR-AUC: 0.2664
[Target-only] Epoch 32/50 – Loss: 0.0490  Val F1: 0.2917  ROC-AUC: 0.8454  PR-AUC: 0.2893
[Target-only] Epoch 33/50 – Loss: 0.0585  Val F1: 0.2857  ROC-AUC: 0.8453  PR-AUC: 0.2586
[Target-only] Epoch 34/50 – Loss: 0.0509  Val F1: 0.3590  ROC-AUC: 0.8545  PR-AUC: 0.2524
[Target-only] Epoch 35/50 – Loss: 0.0452  Val F1: 0.2692  ROC-AUC: 0.8092  PR-AUC: 0.2510
[Target-only] Epoch 36/50 – Loss: 0.0449  Val F1: 0.3111  ROC-AUC: 0.8195  PR-AUC: 0.2256
[Target-only] Epoch 37/50 – Loss: 0.0513  Val F1: 0.2979  ROC-AUC: 0.8246  PR-AUC: 0.2483
[Target-only] Epoch 38/50 – Loss: 0.0449  Val F1: 0.3415  ROC-AUC: 0.8397  PR-AUC: 0.3274
[Target-only] Epoch 39/50 – Loss: 0.0413  Val F1: 0.3182  ROC-AUC: 0.8369  PR-AUC: 0.2701
[Target-only] Epoch 40/50 – Loss: 0.0444  Val F1: 0.2917  ROC-AUC: 0.8371  PR-AUC: 0.2958
[Target-only] Epoch 41/50 – Loss: 0.0457  Val F1: 0.3333  ROC-AUC: 0.8498  PR-AUC: 0.2854
[Target-only] Epoch 42/50 – Loss: 0.0382  Val F1: 0.3333  ROC-AUC: 0.8416  PR-AUC: 0.2713
[Target-only] Epoch 43/50 – Loss: 0.0315  Val F1: 0.2745  ROC-AUC: 0.8528  PR-AUC: 0.2541
[Target-only] Epoch 44/50 – Loss: 0.0392  Val F1: 0.2979  ROC-AUC: 0.8432  PR-AUC: 0.2808
[Target-only] Epoch 45/50 – Loss: 0.0424  Val F1: 0.3182  ROC-AUC: 0.8522  PR-AUC: 0.2553
[Target-only] Epoch 46/50 – Loss: 0.0380  Val F1: 0.3256  ROC-AUC: 0.8520  PR-AUC: 0.3068
[Target-only] Epoch 47/50 – Loss: 0.0371  Val F1: 0.2727  ROC-AUC: 0.8490  PR-AUC: 0.2455
[Target-only] Epoch 48/50 – Loss: 0.0361  Val F1: 0.3415  ROC-AUC: 0.8435  PR-AUC: 0.2540
[Target-only] Epoch 49/50 – Loss: 0.0331  Val F1: 0.3182  ROC-AUC: 0.8323  PR-AUC: 0.2983
[Target-only] Epoch 50/50 – Loss: 0.0432  Val F1: 0.3333  ROC-AUC: 0.8374  PR-AUC: 0.2887
=== Target-only TEST performance ===
Test F1: 0.3000, ROC-AUC: 0.7625, PR-AUC: 0.3309
✅ 실험 완료: TOX21_ERa_LUC_VM7_Agonist_10nM_ICI182780_viability -> TOX21_ERb_BLA_Agonist_ratio [GIN_GCN]
