[1/4] Excel → CSV 변환 중...
Saved pretrain CSV for TOX21_ERa_LUC_VM7_Agonist: data/sample/TOX21_ERa_LUC_VM7_Agonist.csv
Saved pretrain CSV for TOX21_ERb_BLA_Agonist_viability: data/sample/TOX21_ERb_BLA_Agonist_viability.csv
Saved pretrain CSV for TOX21_ERa_LUC_VM7_Agonist_10nM_ICI182780_viability: data/sample/TOX21_ERa_LUC_VM7_Agonist_10nM_ICI182780_viability.csv
Saved pretrain CSV for TOX21_ERR_LUC_viability: data/sample/TOX21_ERR_LUC_viability.csv
Saved finetune CSV for TOX21_ERa_BLA_Agonist_ch2: data/sample/TOX21_ERa_BLA_Agonist_ch2.csv
Saved finetune CSV for TOX21_ERa_BLA_Agonist_ch1: data/sample/TOX21_ERa_BLA_Agonist_ch1.csv
Saved finetune CSV for TOX21_ERa_BLA_Agonist_ratio: data/sample/TOX21_ERa_BLA_Agonist_ratio.csv
Saved finetune CSV for TOX21_ERb_BLA_Agonist_ratio: data/sample/TOX21_ERb_BLA_Agonist_ratio.csv
Saved finetune CSV for TOX21_ERb_BLA_Agonist_ch2: data/sample/TOX21_ERb_BLA_Agonist_ch2.csv
Saved finetune CSV for TOX21_ERb_BLA_Agonist_ch1: data/sample/TOX21_ERb_BLA_Agonist_ch1.csv
Saved finetune CSV for TOX21_ERR_LUC_Agonist: data/sample/TOX21_ERR_LUC_Agonist.csv
Saved finetune CSV for TOX21_ERa_LUC_VM7_Agonist_10nM_ICI182780: data/sample/TOX21_ERa_LUC_VM7_Agonist_10nM_ICI182780.csv
[2/4] Pretraining on TOX21_ERR_LUC_viability using GIN_GCN...
Epoch 1/50 - Loss: 0.5984 - Val F1: 0.3464 - Val ROC-AUC: 0.6894 - Val PR-AUC: 0.2152
Epoch 2/50 - Loss: 0.5538 - Val F1: 0.2843 - Val ROC-AUC: 0.7100 - Val PR-AUC: 0.2606
Epoch 3/50 - Loss: 0.5358 - Val F1: 0.3421 - Val ROC-AUC: 0.7173 - Val PR-AUC: 0.2606
Epoch 4/50 - Loss: 0.5189 - Val F1: 0.3678 - Val ROC-AUC: 0.7378 - Val PR-AUC: 0.2751
Epoch 5/50 - Loss: 0.5061 - Val F1: 0.3247 - Val ROC-AUC: 0.7207 - Val PR-AUC: 0.2758
Epoch 6/50 - Loss: 0.4863 - Val F1: 0.3652 - Val ROC-AUC: 0.7282 - Val PR-AUC: 0.2708
Epoch 7/50 - Loss: 0.4815 - Val F1: 0.3526 - Val ROC-AUC: 0.7256 - Val PR-AUC: 0.2814
Epoch 8/50 - Loss: 0.4851 - Val F1: 0.3827 - Val ROC-AUC: 0.7676 - Val PR-AUC: 0.3003
Epoch 9/50 - Loss: 0.4698 - Val F1: 0.4176 - Val ROC-AUC: 0.7669 - Val PR-AUC: 0.3011
Epoch 10/50 - Loss: 0.4685 - Val F1: 0.3802 - Val ROC-AUC: 0.7586 - Val PR-AUC: 0.2927
Epoch 11/50 - Loss: 0.4324 - Val F1: 0.3770 - Val ROC-AUC: 0.7581 - Val PR-AUC: 0.3066
Epoch 12/50 - Loss: 0.4251 - Val F1: 0.4038 - Val ROC-AUC: 0.7748 - Val PR-AUC: 0.3424
Epoch 13/50 - Loss: 0.4223 - Val F1: 0.4197 - Val ROC-AUC: 0.7784 - Val PR-AUC: 0.3226
Epoch 14/50 - Loss: 0.4222 - Val F1: 0.3899 - Val ROC-AUC: 0.7633 - Val PR-AUC: 0.3143
Epoch 15/50 - Loss: 0.4057 - Val F1: 0.4307 - Val ROC-AUC: 0.7832 - Val PR-AUC: 0.3407
Epoch 16/50 - Loss: 0.4069 - Val F1: 0.4071 - Val ROC-AUC: 0.7770 - Val PR-AUC: 0.3524
Epoch 17/50 - Loss: 0.4017 - Val F1: 0.4145 - Val ROC-AUC: 0.7531 - Val PR-AUC: 0.3043
Epoch 18/50 - Loss: 0.4050 - Val F1: 0.4179 - Val ROC-AUC: 0.7833 - Val PR-AUC: 0.3729
Epoch 19/50 - Loss: 0.3920 - Val F1: 0.4320 - Val ROC-AUC: 0.7926 - Val PR-AUC: 0.3737
Epoch 20/50 - Loss: 0.3739 - Val F1: 0.4254 - Val ROC-AUC: 0.7854 - Val PR-AUC: 0.3760
Epoch 21/50 - Loss: 0.3579 - Val F1: 0.4192 - Val ROC-AUC: 0.7785 - Val PR-AUC: 0.3601
Epoch 22/50 - Loss: 0.3476 - Val F1: 0.4393 - Val ROC-AUC: 0.7806 - Val PR-AUC: 0.3749
Epoch 23/50 - Loss: 0.3448 - Val F1: 0.4136 - Val ROC-AUC: 0.7803 - Val PR-AUC: 0.3544
Epoch 24/50 - Loss: 0.3373 - Val F1: 0.4281 - Val ROC-AUC: 0.7735 - Val PR-AUC: 0.3668
Epoch 25/50 - Loss: 0.3380 - Val F1: 0.4361 - Val ROC-AUC: 0.7782 - Val PR-AUC: 0.3552
Epoch 26/50 - Loss: 0.3333 - Val F1: 0.4532 - Val ROC-AUC: 0.7778 - Val PR-AUC: 0.3565
Epoch 27/50 - Loss: 0.3226 - Val F1: 0.4199 - Val ROC-AUC: 0.7752 - Val PR-AUC: 0.3417
Epoch 28/50 - Loss: 0.3244 - Val F1: 0.4514 - Val ROC-AUC: 0.7856 - Val PR-AUC: 0.3821
Epoch 29/50 - Loss: 0.3265 - Val F1: 0.4406 - Val ROC-AUC: 0.7804 - Val PR-AUC: 0.3773
Epoch 30/50 - Loss: 0.3082 - Val F1: 0.4508 - Val ROC-AUC: 0.7952 - Val PR-AUC: 0.3745
Epoch 31/50 - Loss: 0.2994 - Val F1: 0.4514 - Val ROC-AUC: 0.7893 - Val PR-AUC: 0.3839
Epoch 32/50 - Loss: 0.2964 - Val F1: 0.4270 - Val ROC-AUC: 0.7815 - Val PR-AUC: 0.3523
Epoch 33/50 - Loss: 0.2802 - Val F1: 0.4516 - Val ROC-AUC: 0.7898 - Val PR-AUC: 0.3799
Epoch 34/50 - Loss: 0.2872 - Val F1: 0.4516 - Val ROC-AUC: 0.7851 - Val PR-AUC: 0.3729
Epoch 35/50 - Loss: 0.2851 - Val F1: 0.4552 - Val ROC-AUC: 0.7840 - Val PR-AUC: 0.3780
Epoch 36/50 - Loss: 0.2846 - Val F1: 0.4555 - Val ROC-AUC: 0.7815 - Val PR-AUC: 0.3700
Epoch 37/50 - Loss: 0.2807 - Val F1: 0.4678 - Val ROC-AUC: 0.7810 - Val PR-AUC: 0.3651
Epoch 38/50 - Loss: 0.2786 - Val F1: 0.4475 - Val ROC-AUC: 0.7747 - Val PR-AUC: 0.3545
Epoch 39/50 - Loss: 0.2939 - Val F1: 0.4430 - Val ROC-AUC: 0.7752 - Val PR-AUC: 0.3622
Epoch 40/50 - Loss: 0.2867 - Val F1: 0.4444 - Val ROC-AUC: 0.7822 - Val PR-AUC: 0.3611
Epoch 41/50 - Loss: 0.2681 - Val F1: 0.4467 - Val ROC-AUC: 0.7824 - Val PR-AUC: 0.3634
Epoch 42/50 - Loss: 0.2602 - Val F1: 0.4542 - Val ROC-AUC: 0.7810 - Val PR-AUC: 0.3612
Epoch 43/50 - Loss: 0.2582 - Val F1: 0.4482 - Val ROC-AUC: 0.7828 - Val PR-AUC: 0.3788
Epoch 44/50 - Loss: 0.2583 - Val F1: 0.4422 - Val ROC-AUC: 0.7784 - Val PR-AUC: 0.3683
Epoch 45/50 - Loss: 0.2555 - Val F1: 0.4514 - Val ROC-AUC: 0.7826 - Val PR-AUC: 0.3605
Epoch 46/50 - Loss: 0.2482 - Val F1: 0.4367 - Val ROC-AUC: 0.7836 - Val PR-AUC: 0.3594
Epoch 47/50 - Loss: 0.2570 - Val F1: 0.4545 - Val ROC-AUC: 0.7776 - Val PR-AUC: 0.3590
Epoch 48/50 - Loss: 0.2607 - Val F1: 0.4281 - Val ROC-AUC: 0.7784 - Val PR-AUC: 0.3641
Epoch 49/50 - Loss: 0.2524 - Val F1: 0.4465 - Val ROC-AUC: 0.7809 - Val PR-AUC: 0.3714
Epoch 50/50 - Loss: 0.2505 - Val F1: 0.4626 - Val ROC-AUC: 0.7805 - Val PR-AUC: 0.3699
Pretraining completed. Test F1: 0.4452, ROC-AUC: 0.8350, PR-AUC: 0.4431
[3/4] Finetuning on TOX21_ERR_LUC_Agonist using GIN_GCN...
[Fine-tune] Epoch 1/50 - Loss: 0.4592 - Val F1: 0.1476 - Val ROC-AUC: 0.8613 - Val PR-AUC: 0.2019
[Fine-tune] Epoch 2/50 - Loss: 0.3308 - Val F1: 0.2564 - Val ROC-AUC: 0.8638 - Val PR-AUC: 0.3929
[Fine-tune] Epoch 3/50 - Loss: 0.3067 - Val F1: 0.2171 - Val ROC-AUC: 0.8660 - Val PR-AUC: 0.4301
[Fine-tune] Epoch 4/50 - Loss: 0.2680 - Val F1: 0.2963 - Val ROC-AUC: 0.8682 - Val PR-AUC: 0.3685
[Fine-tune] Epoch 5/50 - Loss: 0.2504 - Val F1: 0.3276 - Val ROC-AUC: 0.8801 - Val PR-AUC: 0.4136
[Fine-tune] Epoch 6/50 - Loss: 0.2263 - Val F1: 0.2353 - Val ROC-AUC: 0.8749 - Val PR-AUC: 0.3493
[Fine-tune] Epoch 7/50 - Loss: 0.2197 - Val F1: 0.3571 - Val ROC-AUC: 0.8822 - Val PR-AUC: 0.4754
[Fine-tune] Epoch 8/50 - Loss: 0.1872 - Val F1: 0.3000 - Val ROC-AUC: 0.8786 - Val PR-AUC: 0.3965
[Fine-tune] Epoch 9/50 - Loss: 0.1845 - Val F1: 0.3956 - Val ROC-AUC: 0.8847 - Val PR-AUC: 0.3700
[Fine-tune] Epoch 10/50 - Loss: 0.1865 - Val F1: 0.3896 - Val ROC-AUC: 0.8730 - Val PR-AUC: 0.3990
[Fine-tune] Epoch 11/50 - Loss: 0.1283 - Val F1: 0.3918 - Val ROC-AUC: 0.9004 - Val PR-AUC: 0.4157
[Fine-tune] Epoch 12/50 - Loss: 0.1231 - Val F1: 0.4096 - Val ROC-AUC: 0.9038 - Val PR-AUC: 0.4440
[Fine-tune] Epoch 13/50 - Loss: 0.1214 - Val F1: 0.3810 - Val ROC-AUC: 0.8990 - Val PR-AUC: 0.4240
[Fine-tune] Epoch 14/50 - Loss: 0.1115 - Val F1: 0.3571 - Val ROC-AUC: 0.8814 - Val PR-AUC: 0.4319
[Fine-tune] Epoch 15/50 - Loss: 0.1060 - Val F1: 0.3736 - Val ROC-AUC: 0.8829 - Val PR-AUC: 0.4048
[Fine-tune] Epoch 16/50 - Loss: 0.1098 - Val F1: 0.3902 - Val ROC-AUC: 0.8882 - Val PR-AUC: 0.4090
[Fine-tune] Epoch 17/50 - Loss: 0.0994 - Val F1: 0.3908 - Val ROC-AUC: 0.8744 - Val PR-AUC: 0.3573
[Fine-tune] Epoch 18/50 - Loss: 0.0885 - Val F1: 0.3571 - Val ROC-AUC: 0.8811 - Val PR-AUC: 0.3973
[Fine-tune] Epoch 19/50 - Loss: 0.0988 - Val F1: 0.4054 - Val ROC-AUC: 0.8691 - Val PR-AUC: 0.3791
[Fine-tune] Epoch 20/50 - Loss: 0.0905 - Val F1: 0.3158 - Val ROC-AUC: 0.8577 - Val PR-AUC: 0.4257
[Fine-tune] Epoch 21/50 - Loss: 0.0812 - Val F1: 0.3881 - Val ROC-AUC: 0.8535 - Val PR-AUC: 0.3720
[Fine-tune] Epoch 22/50 - Loss: 0.0607 - Val F1: 0.4286 - Val ROC-AUC: 0.8672 - Val PR-AUC: 0.3686
[Fine-tune] Epoch 23/50 - Loss: 0.0612 - Val F1: 0.4054 - Val ROC-AUC: 0.8578 - Val PR-AUC: 0.3649
[Fine-tune] Epoch 24/50 - Loss: 0.0767 - Val F1: 0.4054 - Val ROC-AUC: 0.8844 - Val PR-AUC: 0.3911
[Fine-tune] Epoch 25/50 - Loss: 0.0662 - Val F1: 0.4595 - Val ROC-AUC: 0.8911 - Val PR-AUC: 0.3921
[Fine-tune] Epoch 26/50 - Loss: 0.0588 - Val F1: 0.4058 - Val ROC-AUC: 0.8794 - Val PR-AUC: 0.3637
[Fine-tune] Epoch 27/50 - Loss: 0.0589 - Val F1: 0.4167 - Val ROC-AUC: 0.8671 - Val PR-AUC: 0.3898
[Fine-tune] Epoch 28/50 - Loss: 0.0687 - Val F1: 0.3836 - Val ROC-AUC: 0.8696 - Val PR-AUC: 0.3986
[Fine-tune] Epoch 29/50 - Loss: 0.0621 - Val F1: 0.4058 - Val ROC-AUC: 0.8801 - Val PR-AUC: 0.3971
[Fine-tune] Epoch 30/50 - Loss: 0.0532 - Val F1: 0.4533 - Val ROC-AUC: 0.8868 - Val PR-AUC: 0.4227
[Fine-tune] Epoch 31/50 - Loss: 0.0552 - Val F1: 0.4179 - Val ROC-AUC: 0.8679 - Val PR-AUC: 0.4235
[Fine-tune] Epoch 32/50 - Loss: 0.0501 - Val F1: 0.4242 - Val ROC-AUC: 0.8688 - Val PR-AUC: 0.3809
[Fine-tune] Epoch 33/50 - Loss: 0.0511 - Val F1: 0.4118 - Val ROC-AUC: 0.8688 - Val PR-AUC: 0.3875
[Fine-tune] Epoch 34/50 - Loss: 0.0533 - Val F1: 0.4308 - Val ROC-AUC: 0.8662 - Val PR-AUC: 0.3638
[Fine-tune] Epoch 35/50 - Loss: 0.0517 - Val F1: 0.4516 - Val ROC-AUC: 0.8582 - Val PR-AUC: 0.3630
[Fine-tune] Epoch 36/50 - Loss: 0.0483 - Val F1: 0.4615 - Val ROC-AUC: 0.8654 - Val PR-AUC: 0.3451
[Fine-tune] Epoch 37/50 - Loss: 0.0457 - Val F1: 0.4286 - Val ROC-AUC: 0.8714 - Val PR-AUC: 0.3626
[Fine-tune] Epoch 38/50 - Loss: 0.0417 - Val F1: 0.4638 - Val ROC-AUC: 0.8833 - Val PR-AUC: 0.3887
[Fine-tune] Epoch 39/50 - Loss: 0.0455 - Val F1: 0.4308 - Val ROC-AUC: 0.8624 - Val PR-AUC: 0.3714
[Fine-tune] Epoch 40/50 - Loss: 0.0452 - Val F1: 0.4286 - Val ROC-AUC: 0.8744 - Val PR-AUC: 0.3681
[Fine-tune] Epoch 41/50 - Loss: 0.0518 - Val F1: 0.4667 - Val ROC-AUC: 0.8708 - Val PR-AUC: 0.3905
[Fine-tune] Epoch 42/50 - Loss: 0.0392 - Val F1: 0.4375 - Val ROC-AUC: 0.8736 - Val PR-AUC: 0.3918
[Fine-tune] Epoch 43/50 - Loss: 0.0429 - Val F1: 0.4516 - Val ROC-AUC: 0.8767 - Val PR-AUC: 0.3679
[Fine-tune] Epoch 44/50 - Loss: 0.0367 - Val F1: 0.4118 - Val ROC-AUC: 0.8779 - Val PR-AUC: 0.3749
[Fine-tune] Epoch 45/50 - Loss: 0.0280 - Val F1: 0.4167 - Val ROC-AUC: 0.8773 - Val PR-AUC: 0.3784
[Fine-tune] Epoch 46/50 - Loss: 0.0445 - Val F1: 0.4444 - Val ROC-AUC: 0.8776 - Val PR-AUC: 0.3602
[Fine-tune] Epoch 47/50 - Loss: 0.0368 - Val F1: 0.4444 - Val ROC-AUC: 0.8727 - Val PR-AUC: 0.3755
[Fine-tune] Epoch 48/50 - Loss: 0.0373 - Val F1: 0.4444 - Val ROC-AUC: 0.8733 - Val PR-AUC: 0.3715
[Fine-tune] Epoch 49/50 - Loss: 0.0309 - Val F1: 0.4545 - Val ROC-AUC: 0.8716 - Val PR-AUC: 0.3710
[Fine-tune] Epoch 50/50 - Loss: 0.0376 - Val F1: 0.4516 - Val ROC-AUC: 0.8687 - Val PR-AUC: 0.3901
Finetuning completed. Test F1: 0.3030, ROC-AUC: 0.7325, PR-AUC: 0.1953
[3.1/4] Target-only training on TOX21_ERR_LUC_Agonist using GIN_GCN...
=== Target-only training ===
[Target-only] Epoch 1/50 – Loss: 0.5022  Val F1: 0.2617  ROC-AUC: 0.8564  PR-AUC: 0.2514
[Target-only] Epoch 2/50 – Loss: 0.4427  Val F1: 0.1679  ROC-AUC: 0.8735  PR-AUC: 0.3044
[Target-only] Epoch 3/50 – Loss: 0.4194  Val F1: 0.1951  ROC-AUC: 0.8811  PR-AUC: 0.3221
[Target-only] Epoch 4/50 – Loss: 0.3748  Val F1: 0.2209  ROC-AUC: 0.8874  PR-AUC: 0.3475
[Target-only] Epoch 5/50 – Loss: 0.3576  Val F1: 0.2920  ROC-AUC: 0.9079  PR-AUC: 0.2766
[Target-only] Epoch 6/50 – Loss: 0.3290  Val F1: 0.2268  ROC-AUC: 0.9024  PR-AUC: 0.4227
[Target-only] Epoch 7/50 – Loss: 0.3199  Val F1: 0.2209  ROC-AUC: 0.8807  PR-AUC: 0.4051
[Target-only] Epoch 8/50 – Loss: 0.3061  Val F1: 0.3488  ROC-AUC: 0.8836  PR-AUC: 0.4111
[Target-only] Epoch 9/50 – Loss: 0.2989  Val F1: 0.2581  ROC-AUC: 0.9041  PR-AUC: 0.3763
[Target-only] Epoch 10/50 – Loss: 0.2633  Val F1: 0.2530  ROC-AUC: 0.9116  PR-AUC: 0.4383
[Target-only] Epoch 11/50 – Loss: 0.2161  Val F1: 0.2548  ROC-AUC: 0.9088  PR-AUC: 0.5078
[Target-only] Epoch 12/50 – Loss: 0.1959  Val F1: 0.3559  ROC-AUC: 0.9137  PR-AUC: 0.4930
[Target-only] Epoch 13/50 – Loss: 0.2043  Val F1: 0.3040  ROC-AUC: 0.9164  PR-AUC: 0.4703
[Target-only] Epoch 14/50 – Loss: 0.1764  Val F1: 0.3243  ROC-AUC: 0.9186  PR-AUC: 0.4436
[Target-only] Epoch 15/50 – Loss: 0.1855  Val F1: 0.2819  ROC-AUC: 0.9138  PR-AUC: 0.4305
[Target-only] Epoch 16/50 – Loss: 0.1863  Val F1: 0.3248  ROC-AUC: 0.9194  PR-AUC: 0.4484
[Target-only] Epoch 17/50 – Loss: 0.1847  Val F1: 0.3486  ROC-AUC: 0.9185  PR-AUC: 0.4779
[Target-only] Epoch 18/50 – Loss: 0.1646  Val F1: 0.3529  ROC-AUC: 0.9150  PR-AUC: 0.4815
[Target-only] Epoch 19/50 – Loss: 0.1476  Val F1: 0.3150  ROC-AUC: 0.9127  PR-AUC: 0.4693
[Target-only] Epoch 20/50 – Loss: 0.1622  Val F1: 0.3654  ROC-AUC: 0.9134  PR-AUC: 0.4289
[Target-only] Epoch 21/50 – Loss: 0.1402  Val F1: 0.3958  ROC-AUC: 0.9197  PR-AUC: 0.4687
[Target-only] Epoch 22/50 – Loss: 0.1239  Val F1: 0.3393  ROC-AUC: 0.9212  PR-AUC: 0.4988
[Target-only] Epoch 23/50 – Loss: 0.1232  Val F1: 0.3306  ROC-AUC: 0.9239  PR-AUC: 0.4362
[Target-only] Epoch 24/50 – Loss: 0.1195  Val F1: 0.3684  ROC-AUC: 0.9149  PR-AUC: 0.4609
[Target-only] Epoch 25/50 – Loss: 0.1124  Val F1: 0.3889  ROC-AUC: 0.9221  PR-AUC: 0.4406
[Target-only] Epoch 26/50 – Loss: 0.1170  Val F1: 0.3762  ROC-AUC: 0.9203  PR-AUC: 0.4274
[Target-only] Epoch 27/50 – Loss: 0.1244  Val F1: 0.4043  ROC-AUC: 0.9125  PR-AUC: 0.4210
[Target-only] Epoch 28/50 – Loss: 0.1101  Val F1: 0.3333  ROC-AUC: 0.9162  PR-AUC: 0.3438
[Target-only] Epoch 29/50 – Loss: 0.1189  Val F1: 0.3913  ROC-AUC: 0.9156  PR-AUC: 0.4244
[Target-only] Epoch 30/50 – Loss: 0.1067  Val F1: 0.4211  ROC-AUC: 0.9163  PR-AUC: 0.4240
[Target-only] Epoch 31/50 – Loss: 0.0882  Val F1: 0.3922  ROC-AUC: 0.9126  PR-AUC: 0.4473
[Target-only] Epoch 32/50 – Loss: 0.1064  Val F1: 0.3810  ROC-AUC: 0.9178  PR-AUC: 0.4262
[Target-only] Epoch 33/50 – Loss: 0.0886  Val F1: 0.4124  ROC-AUC: 0.9263  PR-AUC: 0.4820
[Target-only] Epoch 34/50 – Loss: 0.0978  Val F1: 0.4045  ROC-AUC: 0.9170  PR-AUC: 0.3971
[Target-only] Epoch 35/50 – Loss: 0.0852  Val F1: 0.3619  ROC-AUC: 0.9147  PR-AUC: 0.4358
[Target-only] Epoch 36/50 – Loss: 0.0914  Val F1: 0.3810  ROC-AUC: 0.9151  PR-AUC: 0.4701
[Target-only] Epoch 37/50 – Loss: 0.0926  Val F1: 0.3820  ROC-AUC: 0.9080  PR-AUC: 0.4097
[Target-only] Epoch 38/50 – Loss: 0.0946  Val F1: 0.4000  ROC-AUC: 0.9183  PR-AUC: 0.4316
[Target-only] Epoch 39/50 – Loss: 0.0855  Val F1: 0.4270  ROC-AUC: 0.9191  PR-AUC: 0.4060
[Target-only] Epoch 40/50 – Loss: 0.0825  Val F1: 0.3855  ROC-AUC: 0.9129  PR-AUC: 0.4264
[Target-only] Epoch 41/50 – Loss: 0.0935  Val F1: 0.3871  ROC-AUC: 0.9129  PR-AUC: 0.4426
[Target-only] Epoch 42/50 – Loss: 0.0829  Val F1: 0.3913  ROC-AUC: 0.9108  PR-AUC: 0.3788
[Target-only] Epoch 43/50 – Loss: 0.0773  Val F1: 0.4086  ROC-AUC: 0.9154  PR-AUC: 0.4500
[Target-only] Epoch 44/50 – Loss: 0.0785  Val F1: 0.4045  ROC-AUC: 0.9174  PR-AUC: 0.4610
[Target-only] Epoch 45/50 – Loss: 0.0818  Val F1: 0.3871  ROC-AUC: 0.9106  PR-AUC: 0.4180
[Target-only] Epoch 46/50 – Loss: 0.0699  Val F1: 0.3711  ROC-AUC: 0.9089  PR-AUC: 0.4328
[Target-only] Epoch 47/50 – Loss: 0.0822  Val F1: 0.4186  ROC-AUC: 0.9118  PR-AUC: 0.4164
[Target-only] Epoch 48/50 – Loss: 0.0681  Val F1: 0.4043  ROC-AUC: 0.9138  PR-AUC: 0.4339
[Target-only] Epoch 49/50 – Loss: 0.0779  Val F1: 0.3956  ROC-AUC: 0.9122  PR-AUC: 0.4408
[Target-only] Epoch 50/50 – Loss: 0.0714  Val F1: 0.3913  ROC-AUC: 0.9143  PR-AUC: 0.4409
=== Target-only TEST performance ===
Test F1: 0.3023, ROC-AUC: 0.7702, PR-AUC: 0.2203
✅ 실험 완료: TOX21_ERR_LUC_viability -> TOX21_ERR_LUC_Agonist [GIN_GCN]
