[1/4] Excel → CSV 변환 중...
Saved pretrain CSV for TOX21_ERa_LUC_VM7_Agonist: data/sample/TOX21_ERa_LUC_VM7_Agonist.csv
Saved pretrain CSV for TOX21_ERb_BLA_Agonist_viability: data/sample/TOX21_ERb_BLA_Agonist_viability.csv
Saved pretrain CSV for TOX21_ERa_LUC_VM7_Agonist_10nM_ICI182780_viability: data/sample/TOX21_ERa_LUC_VM7_Agonist_10nM_ICI182780_viability.csv
Saved pretrain CSV for TOX21_ERR_LUC_viability: data/sample/TOX21_ERR_LUC_viability.csv
Saved finetune CSV for TOX21_ERa_BLA_Agonist_ch2: data/sample/TOX21_ERa_BLA_Agonist_ch2.csv
Saved finetune CSV for TOX21_ERa_BLA_Agonist_ch1: data/sample/TOX21_ERa_BLA_Agonist_ch1.csv
Saved finetune CSV for TOX21_ERa_BLA_Agonist_ratio: data/sample/TOX21_ERa_BLA_Agonist_ratio.csv
Saved finetune CSV for TOX21_ERb_BLA_Agonist_ratio: data/sample/TOX21_ERb_BLA_Agonist_ratio.csv
Saved finetune CSV for TOX21_ERb_BLA_Agonist_ch2: data/sample/TOX21_ERb_BLA_Agonist_ch2.csv
Saved finetune CSV for TOX21_ERb_BLA_Agonist_ch1: data/sample/TOX21_ERb_BLA_Agonist_ch1.csv
Saved finetune CSV for TOX21_ERR_LUC_Agonist: data/sample/TOX21_ERR_LUC_Agonist.csv
Saved finetune CSV for TOX21_ERa_LUC_VM7_Agonist_10nM_ICI182780: data/sample/TOX21_ERa_LUC_VM7_Agonist_10nM_ICI182780.csv
[2/4] Pretraining on TOX21_ERa_LUC_VM7_Agonist_10nM_ICI182780_viability using GIN_GCN...
Epoch 1/100 - Loss: 0.5563 - Val F1: 0.2693 - Val ROC-AUC: 0.7656 - Val PR-AUC: 0.2321
Epoch 2/100 - Loss: 0.5023 - Val F1: 0.3132 - Val ROC-AUC: 0.7877 - Val PR-AUC: 0.3138
Epoch 3/100 - Loss: 0.4736 - Val F1: 0.3467 - Val ROC-AUC: 0.7714 - Val PR-AUC: 0.2983
Epoch 4/100 - Loss: 0.4597 - Val F1: 0.2754 - Val ROC-AUC: 0.7459 - Val PR-AUC: 0.2690
Epoch 5/100 - Loss: 0.4490 - Val F1: 0.3772 - Val ROC-AUC: 0.7819 - Val PR-AUC: 0.2989
Epoch 6/100 - Loss: 0.4304 - Val F1: 0.3091 - Val ROC-AUC: 0.7868 - Val PR-AUC: 0.3331
Epoch 7/100 - Loss: 0.3966 - Val F1: 0.3204 - Val ROC-AUC: 0.7770 - Val PR-AUC: 0.2939
Epoch 8/100 - Loss: 0.3986 - Val F1: 0.3432 - Val ROC-AUC: 0.7936 - Val PR-AUC: 0.3345
Epoch 9/100 - Loss: 0.3853 - Val F1: 0.3581 - Val ROC-AUC: 0.7972 - Val PR-AUC: 0.3024
Epoch 10/100 - Loss: 0.4035 - Val F1: 0.3333 - Val ROC-AUC: 0.8096 - Val PR-AUC: 0.3643
Epoch 11/100 - Loss: 0.3652 - Val F1: 0.3652 - Val ROC-AUC: 0.7939 - Val PR-AUC: 0.3131
Epoch 12/100 - Loss: 0.3642 - Val F1: 0.3886 - Val ROC-AUC: 0.8133 - Val PR-AUC: 0.3607
Epoch 13/100 - Loss: 0.3518 - Val F1: 0.3795 - Val ROC-AUC: 0.7934 - Val PR-AUC: 0.3293
Epoch 14/100 - Loss: 0.3425 - Val F1: 0.3440 - Val ROC-AUC: 0.7935 - Val PR-AUC: 0.3633
Epoch 15/100 - Loss: 0.3437 - Val F1: 0.3667 - Val ROC-AUC: 0.8122 - Val PR-AUC: 0.3927
Epoch 16/100 - Loss: 0.3174 - Val F1: 0.3415 - Val ROC-AUC: 0.7931 - Val PR-AUC: 0.3280
Epoch 17/100 - Loss: 0.3203 - Val F1: 0.3538 - Val ROC-AUC: 0.8186 - Val PR-AUC: 0.3857
Epoch 18/100 - Loss: 0.3228 - Val F1: 0.3374 - Val ROC-AUC: 0.8017 - Val PR-AUC: 0.3944
Epoch 19/100 - Loss: 0.3218 - Val F1: 0.4040 - Val ROC-AUC: 0.8257 - Val PR-AUC: 0.4251
Epoch 20/100 - Loss: 0.3025 - Val F1: 0.3894 - Val ROC-AUC: 0.8194 - Val PR-AUC: 0.3801
Epoch 21/100 - Loss: 0.2817 - Val F1: 0.4211 - Val ROC-AUC: 0.8227 - Val PR-AUC: 0.4337
Epoch 22/100 - Loss: 0.2667 - Val F1: 0.3587 - Val ROC-AUC: 0.8082 - Val PR-AUC: 0.3866
Epoch 23/100 - Loss: 0.2807 - Val F1: 0.3868 - Val ROC-AUC: 0.8192 - Val PR-AUC: 0.4251
Epoch 24/100 - Loss: 0.2675 - Val F1: 0.3980 - Val ROC-AUC: 0.8077 - Val PR-AUC: 0.4051
Epoch 25/100 - Loss: 0.2576 - Val F1: 0.4040 - Val ROC-AUC: 0.8169 - Val PR-AUC: 0.4257
Epoch 26/100 - Loss: 0.2525 - Val F1: 0.3923 - Val ROC-AUC: 0.8145 - Val PR-AUC: 0.3999
Epoch 27/100 - Loss: 0.2494 - Val F1: 0.3800 - Val ROC-AUC: 0.8026 - Val PR-AUC: 0.3765
Epoch 28/100 - Loss: 0.2336 - Val F1: 0.3707 - Val ROC-AUC: 0.8036 - Val PR-AUC: 0.3792
Epoch 29/100 - Loss: 0.2427 - Val F1: 0.3923 - Val ROC-AUC: 0.8169 - Val PR-AUC: 0.3923
Epoch 30/100 - Loss: 0.2210 - Val F1: 0.4206 - Val ROC-AUC: 0.8240 - Val PR-AUC: 0.4336
Epoch 31/100 - Loss: 0.2341 - Val F1: 0.3980 - Val ROC-AUC: 0.8149 - Val PR-AUC: 0.3923
Epoch 32/100 - Loss: 0.2045 - Val F1: 0.4184 - Val ROC-AUC: 0.8208 - Val PR-AUC: 0.4126
Epoch 33/100 - Loss: 0.2151 - Val F1: 0.4059 - Val ROC-AUC: 0.8119 - Val PR-AUC: 0.3943
Epoch 34/100 - Loss: 0.2058 - Val F1: 0.4420 - Val ROC-AUC: 0.8151 - Val PR-AUC: 0.3898
Epoch 35/100 - Loss: 0.2038 - Val F1: 0.4184 - Val ROC-AUC: 0.8211 - Val PR-AUC: 0.4218
Epoch 36/100 - Loss: 0.2041 - Val F1: 0.3902 - Val ROC-AUC: 0.8174 - Val PR-AUC: 0.4208
Epoch 37/100 - Loss: 0.2038 - Val F1: 0.4124 - Val ROC-AUC: 0.8199 - Val PR-AUC: 0.4411
Epoch 38/100 - Loss: 0.1980 - Val F1: 0.4390 - Val ROC-AUC: 0.8166 - Val PR-AUC: 0.4062
Epoch 39/100 - Loss: 0.2012 - Val F1: 0.3861 - Val ROC-AUC: 0.8147 - Val PR-AUC: 0.4245
Epoch 40/100 - Loss: 0.1857 - Val F1: 0.4040 - Val ROC-AUC: 0.8107 - Val PR-AUC: 0.4128
Epoch 41/100 - Loss: 0.1910 - Val F1: 0.4020 - Val ROC-AUC: 0.8187 - Val PR-AUC: 0.4149
Epoch 42/100 - Loss: 0.1826 - Val F1: 0.4059 - Val ROC-AUC: 0.8149 - Val PR-AUC: 0.4026
Epoch 43/100 - Loss: 0.1816 - Val F1: 0.4255 - Val ROC-AUC: 0.8183 - Val PR-AUC: 0.4084
Epoch 44/100 - Loss: 0.1791 - Val F1: 0.4222 - Val ROC-AUC: 0.8218 - Val PR-AUC: 0.4072
Epoch 45/100 - Loss: 0.1768 - Val F1: 0.4381 - Val ROC-AUC: 0.8223 - Val PR-AUC: 0.4219
Epoch 46/100 - Loss: 0.1801 - Val F1: 0.4270 - Val ROC-AUC: 0.8167 - Val PR-AUC: 0.4117
Epoch 47/100 - Loss: 0.1734 - Val F1: 0.3960 - Val ROC-AUC: 0.8152 - Val PR-AUC: 0.4112
Epoch 48/100 - Loss: 0.1814 - Val F1: 0.4118 - Val ROC-AUC: 0.8175 - Val PR-AUC: 0.4077
Epoch 49/100 - Loss: 0.1756 - Val F1: 0.4046 - Val ROC-AUC: 0.8135 - Val PR-AUC: 0.4059
Epoch 50/100 - Loss: 0.1713 - Val F1: 0.4339 - Val ROC-AUC: 0.8208 - Val PR-AUC: 0.4145
Epoch 51/100 - Loss: 0.1611 - Val F1: 0.4242 - Val ROC-AUC: 0.8178 - Val PR-AUC: 0.4095
Epoch 52/100 - Loss: 0.1694 - Val F1: 0.4216 - Val ROC-AUC: 0.8169 - Val PR-AUC: 0.4144
Epoch 53/100 - Loss: 0.1633 - Val F1: 0.4211 - Val ROC-AUC: 0.8186 - Val PR-AUC: 0.4018
Epoch 54/100 - Loss: 0.1540 - Val F1: 0.4181 - Val ROC-AUC: 0.8166 - Val PR-AUC: 0.4138
Epoch 55/100 - Loss: 0.1652 - Val F1: 0.4108 - Val ROC-AUC: 0.8182 - Val PR-AUC: 0.4183
Epoch 56/100 - Loss: 0.1555 - Val F1: 0.4301 - Val ROC-AUC: 0.8200 - Val PR-AUC: 0.4116
Epoch 57/100 - Loss: 0.1547 - Val F1: 0.4322 - Val ROC-AUC: 0.8229 - Val PR-AUC: 0.4137
Epoch 58/100 - Loss: 0.1683 - Val F1: 0.4309 - Val ROC-AUC: 0.8196 - Val PR-AUC: 0.4219
Epoch 59/100 - Loss: 0.1520 - Val F1: 0.4294 - Val ROC-AUC: 0.8191 - Val PR-AUC: 0.4208
Epoch 60/100 - Loss: 0.1614 - Val F1: 0.4222 - Val ROC-AUC: 0.8206 - Val PR-AUC: 0.4315
Epoch 61/100 - Loss: 0.1476 - Val F1: 0.4194 - Val ROC-AUC: 0.8175 - Val PR-AUC: 0.4182
Epoch 62/100 - Loss: 0.1487 - Val F1: 0.4407 - Val ROC-AUC: 0.8238 - Val PR-AUC: 0.4253
Epoch 63/100 - Loss: 0.1608 - Val F1: 0.4153 - Val ROC-AUC: 0.8211 - Val PR-AUC: 0.4181
Epoch 64/100 - Loss: 0.1558 - Val F1: 0.4211 - Val ROC-AUC: 0.8227 - Val PR-AUC: 0.4217
Epoch 65/100 - Loss: 0.1512 - Val F1: 0.4108 - Val ROC-AUC: 0.8210 - Val PR-AUC: 0.4211
Epoch 66/100 - Loss: 0.1517 - Val F1: 0.4253 - Val ROC-AUC: 0.8219 - Val PR-AUC: 0.4221
Epoch 67/100 - Loss: 0.1559 - Val F1: 0.4324 - Val ROC-AUC: 0.8192 - Val PR-AUC: 0.4161
Epoch 68/100 - Loss: 0.1369 - Val F1: 0.4127 - Val ROC-AUC: 0.8206 - Val PR-AUC: 0.4238
Epoch 69/100 - Loss: 0.1456 - Val F1: 0.4324 - Val ROC-AUC: 0.8221 - Val PR-AUC: 0.4254
Epoch 70/100 - Loss: 0.1415 - Val F1: 0.4105 - Val ROC-AUC: 0.8215 - Val PR-AUC: 0.4119
Epoch 71/100 - Loss: 0.1516 - Val F1: 0.4130 - Val ROC-AUC: 0.8201 - Val PR-AUC: 0.4171
Epoch 72/100 - Loss: 0.1444 - Val F1: 0.4294 - Val ROC-AUC: 0.8219 - Val PR-AUC: 0.4240
Epoch 73/100 - Loss: 0.1487 - Val F1: 0.4194 - Val ROC-AUC: 0.8174 - Val PR-AUC: 0.4114
Epoch 74/100 - Loss: 0.1432 - Val F1: 0.4114 - Val ROC-AUC: 0.8163 - Val PR-AUC: 0.4054
Epoch 75/100 - Loss: 0.1489 - Val F1: 0.4023 - Val ROC-AUC: 0.8208 - Val PR-AUC: 0.4186
Epoch 76/100 - Loss: 0.1522 - Val F1: 0.3956 - Val ROC-AUC: 0.8206 - Val PR-AUC: 0.4214
Epoch 77/100 - Loss: 0.1573 - Val F1: 0.4134 - Val ROC-AUC: 0.8201 - Val PR-AUC: 0.4195
Epoch 78/100 - Loss: 0.1433 - Val F1: 0.4145 - Val ROC-AUC: 0.8222 - Val PR-AUC: 0.4297
Epoch 79/100 - Loss: 0.1536 - Val F1: 0.4194 - Val ROC-AUC: 0.8188 - Val PR-AUC: 0.4218
Epoch 80/100 - Loss: 0.1482 - Val F1: 0.4205 - Val ROC-AUC: 0.8211 - Val PR-AUC: 0.4233
Epoch 81/100 - Loss: 0.1472 - Val F1: 0.4327 - Val ROC-AUC: 0.8216 - Val PR-AUC: 0.4227
Epoch 82/100 - Loss: 0.1460 - Val F1: 0.4343 - Val ROC-AUC: 0.8209 - Val PR-AUC: 0.4163
Epoch 83/100 - Loss: 0.1517 - Val F1: 0.4094 - Val ROC-AUC: 0.8222 - Val PR-AUC: 0.4201
Epoch 84/100 - Loss: 0.1520 - Val F1: 0.4233 - Val ROC-AUC: 0.8227 - Val PR-AUC: 0.4305
Epoch 85/100 - Loss: 0.1516 - Val F1: 0.4086 - Val ROC-AUC: 0.8212 - Val PR-AUC: 0.4248
Epoch 86/100 - Loss: 0.1477 - Val F1: 0.4000 - Val ROC-AUC: 0.8211 - Val PR-AUC: 0.4210
Epoch 87/100 - Loss: 0.1343 - Val F1: 0.4111 - Val ROC-AUC: 0.8209 - Val PR-AUC: 0.4190
Epoch 88/100 - Loss: 0.1531 - Val F1: 0.4302 - Val ROC-AUC: 0.8180 - Val PR-AUC: 0.4107
Epoch 89/100 - Loss: 0.1383 - Val F1: 0.4066 - Val ROC-AUC: 0.8204 - Val PR-AUC: 0.4208
Epoch 90/100 - Loss: 0.1563 - Val F1: 0.4068 - Val ROC-AUC: 0.8182 - Val PR-AUC: 0.4142
Epoch 91/100 - Loss: 0.1502 - Val F1: 0.4124 - Val ROC-AUC: 0.8198 - Val PR-AUC: 0.4224
Epoch 92/100 - Loss: 0.1502 - Val F1: 0.4086 - Val ROC-AUC: 0.8189 - Val PR-AUC: 0.4204
Epoch 93/100 - Loss: 0.1436 - Val F1: 0.3978 - Val ROC-AUC: 0.8200 - Val PR-AUC: 0.4213
Epoch 94/100 - Loss: 0.1495 - Val F1: 0.4199 - Val ROC-AUC: 0.8204 - Val PR-AUC: 0.4174
Epoch 95/100 - Loss: 0.1449 - Val F1: 0.4130 - Val ROC-AUC: 0.8194 - Val PR-AUC: 0.4127
Epoch 96/100 - Loss: 0.1486 - Val F1: 0.4242 - Val ROC-AUC: 0.8225 - Val PR-AUC: 0.4201
Epoch 97/100 - Loss: 0.1502 - Val F1: 0.4157 - Val ROC-AUC: 0.8217 - Val PR-AUC: 0.4199
Epoch 98/100 - Loss: 0.1584 - Val F1: 0.4022 - Val ROC-AUC: 0.8215 - Val PR-AUC: 0.4237
Epoch 99/100 - Loss: 0.1377 - Val F1: 0.4153 - Val ROC-AUC: 0.8228 - Val PR-AUC: 0.4238
Epoch 100/100 - Loss: 0.1502 - Val F1: 0.4086 - Val ROC-AUC: 0.8226 - Val PR-AUC: 0.4222
Pretraining completed. Test F1: 0.4271, ROC-AUC: 0.8135, PR-AUC: 0.4278
[3/4] Finetuning on TOX21_ERa_BLA_Agonist_ch1 using GIN_GCN...
[Fine-tune] Epoch 1/50 - Loss: 0.4772 - Val F1: 0.2289 - Val ROC-AUC: 0.8052 - Val PR-AUC: 0.3338
[Fine-tune] Epoch 2/50 - Loss: 0.4026 - Val F1: 0.2892 - Val ROC-AUC: 0.7775 - Val PR-AUC: 0.2197
[Fine-tune] Epoch 3/50 - Loss: 0.3758 - Val F1: 0.2343 - Val ROC-AUC: 0.8120 - Val PR-AUC: 0.2614
[Fine-tune] Epoch 4/50 - Loss: 0.3474 - Val F1: 0.2567 - Val ROC-AUC: 0.8075 - Val PR-AUC: 0.2577
[Fine-tune] Epoch 5/50 - Loss: 0.3250 - Val F1: 0.2441 - Val ROC-AUC: 0.8104 - Val PR-AUC: 0.2414
[Fine-tune] Epoch 6/50 - Loss: 0.3005 - Val F1: 0.2626 - Val ROC-AUC: 0.8036 - Val PR-AUC: 0.2107
[Fine-tune] Epoch 7/50 - Loss: 0.2961 - Val F1: 0.3077 - Val ROC-AUC: 0.8027 - Val PR-AUC: 0.2904
[Fine-tune] Epoch 8/50 - Loss: 0.2684 - Val F1: 0.2909 - Val ROC-AUC: 0.8105 - Val PR-AUC: 0.2949
[Fine-tune] Epoch 9/50 - Loss: 0.2666 - Val F1: 0.2968 - Val ROC-AUC: 0.8195 - Val PR-AUC: 0.2978
[Fine-tune] Epoch 10/50 - Loss: 0.2534 - Val F1: 0.3143 - Val ROC-AUC: 0.8129 - Val PR-AUC: 0.2813
[Fine-tune] Epoch 11/50 - Loss: 0.1927 - Val F1: 0.2899 - Val ROC-AUC: 0.8009 - Val PR-AUC: 0.3214
[Fine-tune] Epoch 12/50 - Loss: 0.1969 - Val F1: 0.3134 - Val ROC-AUC: 0.8208 - Val PR-AUC: 0.3445
[Fine-tune] Epoch 13/50 - Loss: 0.1766 - Val F1: 0.3306 - Val ROC-AUC: 0.8074 - Val PR-AUC: 0.3484
[Fine-tune] Epoch 14/50 - Loss: 0.1662 - Val F1: 0.3363 - Val ROC-AUC: 0.8061 - Val PR-AUC: 0.3131
[Fine-tune] Epoch 15/50 - Loss: 0.1803 - Val F1: 0.2901 - Val ROC-AUC: 0.7989 - Val PR-AUC: 0.2520
[Fine-tune] Epoch 16/50 - Loss: 0.1561 - Val F1: 0.3089 - Val ROC-AUC: 0.8126 - Val PR-AUC: 0.2603
[Fine-tune] Epoch 17/50 - Loss: 0.1516 - Val F1: 0.3256 - Val ROC-AUC: 0.7941 - Val PR-AUC: 0.2706
[Fine-tune] Epoch 18/50 - Loss: 0.1682 - Val F1: 0.3150 - Val ROC-AUC: 0.8018 - Val PR-AUC: 0.3069
[Fine-tune] Epoch 19/50 - Loss: 0.1636 - Val F1: 0.2982 - Val ROC-AUC: 0.8150 - Val PR-AUC: 0.2754
[Fine-tune] Epoch 20/50 - Loss: 0.1455 - Val F1: 0.3030 - Val ROC-AUC: 0.8306 - Val PR-AUC: 0.3142
[Fine-tune] Epoch 21/50 - Loss: 0.1241 - Val F1: 0.3577 - Val ROC-AUC: 0.8336 - Val PR-AUC: 0.3174
[Fine-tune] Epoch 22/50 - Loss: 0.1175 - Val F1: 0.3186 - Val ROC-AUC: 0.8101 - Val PR-AUC: 0.3351
[Fine-tune] Epoch 23/50 - Loss: 0.1150 - Val F1: 0.3540 - Val ROC-AUC: 0.8161 - Val PR-AUC: 0.3564
[Fine-tune] Epoch 24/50 - Loss: 0.1050 - Val F1: 0.3495 - Val ROC-AUC: 0.8195 - Val PR-AUC: 0.3371
[Fine-tune] Epoch 25/50 - Loss: 0.1053 - Val F1: 0.3186 - Val ROC-AUC: 0.8233 - Val PR-AUC: 0.2829
[Fine-tune] Epoch 26/50 - Loss: 0.0997 - Val F1: 0.3248 - Val ROC-AUC: 0.8144 - Val PR-AUC: 0.2653
[Fine-tune] Epoch 27/50 - Loss: 0.0906 - Val F1: 0.3636 - Val ROC-AUC: 0.8130 - Val PR-AUC: 0.3154
[Fine-tune] Epoch 28/50 - Loss: 0.0961 - Val F1: 0.3619 - Val ROC-AUC: 0.8198 - Val PR-AUC: 0.2950
[Fine-tune] Epoch 29/50 - Loss: 0.1035 - Val F1: 0.3364 - Val ROC-AUC: 0.8187 - Val PR-AUC: 0.2794
[Fine-tune] Epoch 30/50 - Loss: 0.1038 - Val F1: 0.3048 - Val ROC-AUC: 0.8031 - Val PR-AUC: 0.2546
[Fine-tune] Epoch 31/50 - Loss: 0.0751 - Val F1: 0.3243 - Val ROC-AUC: 0.8099 - Val PR-AUC: 0.2493
[Fine-tune] Epoch 32/50 - Loss: 0.0926 - Val F1: 0.3301 - Val ROC-AUC: 0.8160 - Val PR-AUC: 0.2765
[Fine-tune] Epoch 33/50 - Loss: 0.0855 - Val F1: 0.3542 - Val ROC-AUC: 0.8162 - Val PR-AUC: 0.3059
[Fine-tune] Epoch 34/50 - Loss: 0.0830 - Val F1: 0.3148 - Val ROC-AUC: 0.8057 - Val PR-AUC: 0.2866
[Fine-tune] Epoch 35/50 - Loss: 0.0729 - Val F1: 0.3363 - Val ROC-AUC: 0.8129 - Val PR-AUC: 0.2707
[Fine-tune] Epoch 36/50 - Loss: 0.0759 - Val F1: 0.3469 - Val ROC-AUC: 0.8117 - Val PR-AUC: 0.2835
[Fine-tune] Epoch 37/50 - Loss: 0.0757 - Val F1: 0.3519 - Val ROC-AUC: 0.8155 - Val PR-AUC: 0.3119
[Fine-tune] Epoch 38/50 - Loss: 0.0753 - Val F1: 0.3186 - Val ROC-AUC: 0.8062 - Val PR-AUC: 0.2451
[Fine-tune] Epoch 39/50 - Loss: 0.0729 - Val F1: 0.3333 - Val ROC-AUC: 0.8171 - Val PR-AUC: 0.2773
[Fine-tune] Epoch 40/50 - Loss: 0.0722 - Val F1: 0.3238 - Val ROC-AUC: 0.8107 - Val PR-AUC: 0.2623
[Fine-tune] Epoch 41/50 - Loss: 0.0708 - Val F1: 0.3208 - Val ROC-AUC: 0.8108 - Val PR-AUC: 0.2785
[Fine-tune] Epoch 42/50 - Loss: 0.0653 - Val F1: 0.3542 - Val ROC-AUC: 0.8094 - Val PR-AUC: 0.2836
[Fine-tune] Epoch 43/50 - Loss: 0.0681 - Val F1: 0.3400 - Val ROC-AUC: 0.8085 - Val PR-AUC: 0.2878
[Fine-tune] Epoch 44/50 - Loss: 0.0691 - Val F1: 0.3200 - Val ROC-AUC: 0.8170 - Val PR-AUC: 0.2759
[Fine-tune] Epoch 45/50 - Loss: 0.0777 - Val F1: 0.3469 - Val ROC-AUC: 0.8085 - Val PR-AUC: 0.2688
[Fine-tune] Epoch 46/50 - Loss: 0.0679 - Val F1: 0.3303 - Val ROC-AUC: 0.8195 - Val PR-AUC: 0.2765
[Fine-tune] Epoch 47/50 - Loss: 0.0630 - Val F1: 0.3495 - Val ROC-AUC: 0.8130 - Val PR-AUC: 0.2784
[Fine-tune] Epoch 48/50 - Loss: 0.0676 - Val F1: 0.3396 - Val ROC-AUC: 0.8092 - Val PR-AUC: 0.2684
[Fine-tune] Epoch 49/50 - Loss: 0.0643 - Val F1: 0.3303 - Val ROC-AUC: 0.8064 - Val PR-AUC: 0.2866
[Fine-tune] Epoch 50/50 - Loss: 0.0724 - Val F1: 0.3400 - Val ROC-AUC: 0.8122 - Val PR-AUC: 0.2774
Finetuning completed. Test F1: 0.3636, ROC-AUC: 0.8147, PR-AUC: 0.3084
[3.1/4] Target-only training on TOX21_ERa_BLA_Agonist_ch1 using GIN_GCN...
=== Target-only training ===
[Target-only] Epoch 1/50 – Loss: 0.5893  Val F1: 0.2389  ROC-AUC: 0.7861  PR-AUC: 0.2374
[Target-only] Epoch 2/50 – Loss: 0.5302  Val F1: 0.1593  ROC-AUC: 0.7988  PR-AUC: 0.2315
[Target-only] Epoch 3/50 – Loss: 0.4964  Val F1: 0.2667  ROC-AUC: 0.7796  PR-AUC: 0.3340
[Target-only] Epoch 4/50 – Loss: 0.4613  Val F1: 0.1671  ROC-AUC: 0.8109  PR-AUC: 0.3423
[Target-only] Epoch 5/50 – Loss: 0.4475  Val F1: 0.3049  ROC-AUC: 0.8093  PR-AUC: 0.2768
[Target-only] Epoch 6/50 – Loss: 0.4227  Val F1: 0.3023  ROC-AUC: 0.7937  PR-AUC: 0.2379
[Target-only] Epoch 7/50 – Loss: 0.3939  Val F1: 0.1812  ROC-AUC: 0.7591  PR-AUC: 0.3475
[Target-only] Epoch 8/50 – Loss: 0.3740  Val F1: 0.1690  ROC-AUC: 0.7274  PR-AUC: 0.2495
[Target-only] Epoch 9/50 – Loss: 0.3668  Val F1: 0.2514  ROC-AUC: 0.7695  PR-AUC: 0.3273
[Target-only] Epoch 10/50 – Loss: 0.3485  Val F1: 0.2561  ROC-AUC: 0.7640  PR-AUC: 0.2706
[Target-only] Epoch 11/50 – Loss: 0.3117  Val F1: 0.2987  ROC-AUC: 0.7934  PR-AUC: 0.3143
[Target-only] Epoch 12/50 – Loss: 0.2889  Val F1: 0.2234  ROC-AUC: 0.7638  PR-AUC: 0.2690
[Target-only] Epoch 13/50 – Loss: 0.2785  Val F1: 0.2452  ROC-AUC: 0.7638  PR-AUC: 0.2843
[Target-only] Epoch 14/50 – Loss: 0.2742  Val F1: 0.2333  ROC-AUC: 0.7579  PR-AUC: 0.3061
[Target-only] Epoch 15/50 – Loss: 0.2508  Val F1: 0.2590  ROC-AUC: 0.7509  PR-AUC: 0.2700
[Target-only] Epoch 16/50 – Loss: 0.2319  Val F1: 0.2676  ROC-AUC: 0.7586  PR-AUC: 0.2955
[Target-only] Epoch 17/50 – Loss: 0.2460  Val F1: 0.2516  ROC-AUC: 0.7704  PR-AUC: 0.2758
[Target-only] Epoch 18/50 – Loss: 0.2404  Val F1: 0.2483  ROC-AUC: 0.7722  PR-AUC: 0.2627
[Target-only] Epoch 19/50 – Loss: 0.2195  Val F1: 0.3030  ROC-AUC: 0.7787  PR-AUC: 0.3196
[Target-only] Epoch 20/50 – Loss: 0.2273  Val F1: 0.2621  ROC-AUC: 0.7607  PR-AUC: 0.2574
[Target-only] Epoch 21/50 – Loss: 0.2089  Val F1: 0.2857  ROC-AUC: 0.7552  PR-AUC: 0.2663
[Target-only] Epoch 22/50 – Loss: 0.1840  Val F1: 0.3036  ROC-AUC: 0.7636  PR-AUC: 0.3063
[Target-only] Epoch 23/50 – Loss: 0.1646  Val F1: 0.2689  ROC-AUC: 0.7627  PR-AUC: 0.2814
[Target-only] Epoch 24/50 – Loss: 0.1746  Val F1: 0.2936  ROC-AUC: 0.7543  PR-AUC: 0.2521
[Target-only] Epoch 25/50 – Loss: 0.1658  Val F1: 0.3009  ROC-AUC: 0.7599  PR-AUC: 0.2872
[Target-only] Epoch 26/50 – Loss: 0.1606  Val F1: 0.2957  ROC-AUC: 0.7433  PR-AUC: 0.2318
[Target-only] Epoch 27/50 – Loss: 0.1554  Val F1: 0.2698  ROC-AUC: 0.7586  PR-AUC: 0.2857
[Target-only] Epoch 28/50 – Loss: 0.1510  Val F1: 0.3009  ROC-AUC: 0.7563  PR-AUC: 0.2917
[Target-only] Epoch 29/50 – Loss: 0.1509  Val F1: 0.3130  ROC-AUC: 0.7652  PR-AUC: 0.2879
[Target-only] Epoch 30/50 – Loss: 0.1452  Val F1: 0.2500  ROC-AUC: 0.7549  PR-AUC: 0.2547
[Target-only] Epoch 31/50 – Loss: 0.1359  Val F1: 0.3238  ROC-AUC: 0.7748  PR-AUC: 0.3465
[Target-only] Epoch 32/50 – Loss: 0.1323  Val F1: 0.3269  ROC-AUC: 0.7690  PR-AUC: 0.3303
[Target-only] Epoch 33/50 – Loss: 0.1273  Val F1: 0.3063  ROC-AUC: 0.7575  PR-AUC: 0.3556
[Target-only] Epoch 34/50 – Loss: 0.1238  Val F1: 0.3396  ROC-AUC: 0.7704  PR-AUC: 0.3450
[Target-only] Epoch 35/50 – Loss: 0.1153  Val F1: 0.3148  ROC-AUC: 0.7678  PR-AUC: 0.3338
[Target-only] Epoch 36/50 – Loss: 0.1252  Val F1: 0.3301  ROC-AUC: 0.7709  PR-AUC: 0.2863
[Target-only] Epoch 37/50 – Loss: 0.1138  Val F1: 0.3208  ROC-AUC: 0.7767  PR-AUC: 0.2760
[Target-only] Epoch 38/50 – Loss: 0.1185  Val F1: 0.3542  ROC-AUC: 0.7722  PR-AUC: 0.3145
[Target-only] Epoch 39/50 – Loss: 0.1068  Val F1: 0.3273  ROC-AUC: 0.7755  PR-AUC: 0.3389
[Target-only] Epoch 40/50 – Loss: 0.1052  Val F1: 0.3434  ROC-AUC: 0.7650  PR-AUC: 0.3329
[Target-only] Epoch 41/50 – Loss: 0.1083  Val F1: 0.3269  ROC-AUC: 0.7718  PR-AUC: 0.3123
[Target-only] Epoch 42/50 – Loss: 0.1036  Val F1: 0.3238  ROC-AUC: 0.7710  PR-AUC: 0.2917
[Target-only] Epoch 43/50 – Loss: 0.1076  Val F1: 0.3696  ROC-AUC: 0.7661  PR-AUC: 0.3386
[Target-only] Epoch 44/50 – Loss: 0.1087  Val F1: 0.3333  ROC-AUC: 0.7703  PR-AUC: 0.3116
[Target-only] Epoch 45/50 – Loss: 0.0947  Val F1: 0.3434  ROC-AUC: 0.7714  PR-AUC: 0.3227
[Target-only] Epoch 46/50 – Loss: 0.1005  Val F1: 0.3148  ROC-AUC: 0.7649  PR-AUC: 0.3054
[Target-only] Epoch 47/50 – Loss: 0.0988  Val F1: 0.3469  ROC-AUC: 0.7687  PR-AUC: 0.3445
[Target-only] Epoch 48/50 – Loss: 0.0968  Val F1: 0.3208  ROC-AUC: 0.7630  PR-AUC: 0.2821
[Target-only] Epoch 49/50 – Loss: 0.0986  Val F1: 0.3333  ROC-AUC: 0.7749  PR-AUC: 0.3096
[Target-only] Epoch 50/50 – Loss: 0.0977  Val F1: 0.3542  ROC-AUC: 0.7700  PR-AUC: 0.3352
=== Target-only TEST performance ===
Test F1: 0.4124, ROC-AUC: 0.7999, PR-AUC: 0.3085
✅ 실험 완료: TOX21_ERa_LUC_VM7_Agonist_10nM_ICI182780_viability -> TOX21_ERa_BLA_Agonist_ch1 [GIN_GCN]
