[11:39:26] Can't kekulize mol.  Unkekulized atoms: 1 2 3 4 5
[11:39:27] Explicit valence for atom # 0 Cl, 2, is greater than permitted
[11:39:28] Can't kekulize mol.  Unkekulized atoms: 3 4 5 6 7
[11:39:28] Can't kekulize mol.  Unkekulized atoms: 3 4 5 6 7
[11:39:29] WARNING: not removing hydrogen atom without neighbors
[11:39:30] Explicit valence for atom # 3 Si, 8, is greater than permitted
[11:39:31] Can't kekulize mol.  Unkekulized atoms: 1 2 3 4 5
[11:39:31] Can't kekulize mol.  Unkekulized atoms: 3 4 5 6 7
[11:39:31] Can't kekulize mol.  Unkekulized atoms: 1 2 3 4 5
[11:39:31] WARNING: not removing hydrogen atom without neighbors
[11:39:32] Can't kekulize mol.  Unkekulized atoms: 1 2 3 4 5
[11:39:32] Explicit valence for atom # 6 O, 3, is greater than permitted
[11:39:32] Explicit valence for atom # 3 Si, 8, is greater than permitted
[11:39:32] Explicit valence for atom # 0 Cl, 2, is greater than permitted
[11:42:01] Can't kekulize mol.  Unkekulized atoms: 1 2 3 4 5
[11:42:02] Explicit valence for atom # 0 Cl, 2, is greater than permitted
[11:42:02] Can't kekulize mol.  Unkekulized atoms: 3 4 5 6 7
[11:42:03] Can't kekulize mol.  Unkekulized atoms: 3 4 5 6 7
[11:42:03] WARNING: not removing hydrogen atom without neighbors
[11:42:05] Explicit valence for atom # 3 Si, 8, is greater than permitted
[11:42:06] Can't kekulize mol.  Unkekulized atoms: 1 2 3 4 5
[11:42:06] Can't kekulize mol.  Unkekulized atoms: 3 4 5 6 7
[11:42:06] Can't kekulize mol.  Unkekulized atoms: 1 2 3 4 5
[11:42:06] WARNING: not removing hydrogen atom without neighbors
[11:42:07] Can't kekulize mol.  Unkekulized atoms: 1 2 3 4 5
[11:42:07] Explicit valence for atom # 6 O, 3, is greater than permitted
[11:42:07] Explicit valence for atom # 3 Si, 8, is greater than permitted
[11:42:07] Explicit valence for atom # 0 Cl, 2, is greater than permitted
[11:43:26] Can't kekulize mol.  Unkekulized atoms: 1 2 3 4 5
[11:43:26] Explicit valence for atom # 0 Cl, 2, is greater than permitted
[11:43:27] Can't kekulize mol.  Unkekulized atoms: 3 4 5 6 7
[11:43:27] Can't kekulize mol.  Unkekulized atoms: 3 4 5 6 7
[11:43:28] WARNING: not removing hydrogen atom without neighbors
[11:43:30] Explicit valence for atom # 3 Si, 8, is greater than permitted
[11:43:30] Can't kekulize mol.  Unkekulized atoms: 1 2 3 4 5
[11:43:30] Can't kekulize mol.  Unkekulized atoms: 3 4 5 6 7
[11:43:31] Can't kekulize mol.  Unkekulized atoms: 1 2 3 4 5
[11:43:31] WARNING: not removing hydrogen atom without neighbors
[11:43:31] Can't kekulize mol.  Unkekulized atoms: 1 2 3 4 5
[11:43:31] Explicit valence for atom # 6 O, 3, is greater than permitted
[11:43:31] Explicit valence for atom # 3 Si, 8, is greater than permitted
[11:43:32] Explicit valence for atom # 0 Cl, 2, is greater than permitted
