[11:39:23] Can't kekulize mol.  Unkekulized atoms: 1 2 3 4 5
[11:39:24] Explicit valence for atom # 0 Cl, 2, is greater than permitted
[11:39:25] Can't kekulize mol.  Unkekulized atoms: 3 4 5 6 7
[11:39:25] Can't kekulize mol.  Unkekulized atoms: 3 4 5 6 7
[11:39:26] WARNING: not removing hydrogen atom without neighbors
[11:39:28] Explicit valence for atom # 3 Si, 8, is greater than permitted
[11:39:28] Can't kekulize mol.  Unkekulized atoms: 1 2 3 4 5
[11:39:28] Can't kekulize mol.  Unkekulized atoms: 3 4 5 6 7
[11:39:28] Can't kekulize mol.  Unkekulized atoms: 1 2 3 4 5
[11:39:29] WARNING: not removing hydrogen atom without neighbors
[11:39:29] Can't kekulize mol.  Unkekulized atoms: 1 2 3 4 5
[11:39:29] Explicit valence for atom # 6 O, 3, is greater than permitted
[11:39:29] Explicit valence for atom # 3 Si, 8, is greater than permitted
[11:39:30] Explicit valence for atom # 0 Cl, 2, is greater than permitted
[11:41:57] Can't kekulize mol.  Unkekulized atoms: 1 2 3 4 5
[11:41:58] Explicit valence for atom # 0 Cl, 2, is greater than permitted
[11:41:58] Can't kekulize mol.  Unkekulized atoms: 3 4 5 6 7
[11:41:59] Can't kekulize mol.  Unkekulized atoms: 3 4 5 6 7
[11:41:59] WARNING: not removing hydrogen atom without neighbors
[11:42:01] Explicit valence for atom # 3 Si, 8, is greater than permitted
[11:42:02] Can't kekulize mol.  Unkekulized atoms: 1 2 3 4 5
[11:42:02] Can't kekulize mol.  Unkekulized atoms: 3 4 5 6 7
[11:42:02] Can't kekulize mol.  Unkekulized atoms: 1 2 3 4 5
[11:42:02] WARNING: not removing hydrogen atom without neighbors
[11:42:03] Can't kekulize mol.  Unkekulized atoms: 1 2 3 4 5
[11:42:03] Explicit valence for atom # 6 O, 3, is greater than permitted
[11:42:03] Explicit valence for atom # 3 Si, 8, is greater than permitted
[11:42:03] Explicit valence for atom # 0 Cl, 2, is greater than permitted
[11:43:22] Can't kekulize mol.  Unkekulized atoms: 1 2 3 4 5
[11:43:23] Explicit valence for atom # 0 Cl, 2, is greater than permitted
[11:43:24] Can't kekulize mol.  Unkekulized atoms: 3 4 5 6 7
[11:43:24] Can't kekulize mol.  Unkekulized atoms: 3 4 5 6 7
[11:43:24] WARNING: not removing hydrogen atom without neighbors
[11:43:26] Explicit valence for atom # 3 Si, 8, is greater than permitted
[11:43:27] Can't kekulize mol.  Unkekulized atoms: 1 2 3 4 5
[11:43:27] Can't kekulize mol.  Unkekulized atoms: 3 4 5 6 7
[11:43:27] Can't kekulize mol.  Unkekulized atoms: 1 2 3 4 5
[11:43:27] WARNING: not removing hydrogen atom without neighbors
[11:43:28] Can't kekulize mol.  Unkekulized atoms: 1 2 3 4 5
[11:43:28] Explicit valence for atom # 6 O, 3, is greater than permitted
[11:43:28] Explicit valence for atom # 3 Si, 8, is greater than permitted
[11:43:28] Explicit valence for atom # 0 Cl, 2, is greater than permitted
