[11:39:41] Can't kekulize mol.  Unkekulized atoms: 1 2 3 4 5
[11:39:42] Explicit valence for atom # 0 Cl, 2, is greater than permitted
[11:39:43] Can't kekulize mol.  Unkekulized atoms: 3 4 5 6 7
[11:39:43] Can't kekulize mol.  Unkekulized atoms: 3 4 5 6 7
[11:39:44] WARNING: not removing hydrogen atom without neighbors
[11:39:46] Explicit valence for atom # 3 Si, 8, is greater than permitted
[11:39:46] Can't kekulize mol.  Unkekulized atoms: 1 2 3 4 5
[11:39:46] Can't kekulize mol.  Unkekulized atoms: 3 4 5 6 7
[11:39:46] Can't kekulize mol.  Unkekulized atoms: 1 2 3 4 5
[11:39:47] WARNING: not removing hydrogen atom without neighbors
[11:39:47] Can't kekulize mol.  Unkekulized atoms: 1 2 3 4 5
[11:39:47] Explicit valence for atom # 6 O, 3, is greater than permitted
[11:39:47] Explicit valence for atom # 3 Si, 8, is greater than permitted
[11:39:48] Explicit valence for atom # 0 Cl, 2, is greater than permitted
[11:42:17] Can't kekulize mol.  Unkekulized atoms: 1 2 3 4 5
[11:42:17] Explicit valence for atom # 0 Cl, 2, is greater than permitted
[11:42:18] Can't kekulize mol.  Unkekulized atoms: 3 4 5 6 7
[11:42:19] Can't kekulize mol.  Unkekulized atoms: 3 4 5 6 7
[11:42:21] Can't kekulize mol.  Unkekulized atoms: 1 2 3 4 5
[11:42:21] Can't kekulize mol.  Unkekulized atoms: 3 4 5 6 7
[11:42:22] Can't kekulize mol.  Unkekulized atoms: 1 2 3 4 5
[11:42:22] WARNING: not removing hydrogen atom without neighbors
[11:42:22] Can't kekulize mol.  Unkekulized atoms: 1 2 3 4 5
[11:42:23] Explicit valence for atom # 6 O, 3, is greater than permitted
[11:42:23] Explicit valence for atom # 3 Si, 8, is greater than permitted
[11:42:23] Explicit valence for atom # 0 Cl, 2, is greater than permitted
[11:43:38] Can't kekulize mol.  Unkekulized atoms: 1 2 3 4 5
[11:43:38] Explicit valence for atom # 0 Cl, 2, is greater than permitted
[11:43:39] Can't kekulize mol.  Unkekulized atoms: 3 4 5 6 7
[11:43:39] Can't kekulize mol.  Unkekulized atoms: 3 4 5 6 7
[11:43:42] Can't kekulize mol.  Unkekulized atoms: 1 2 3 4 5
[11:43:42] Can't kekulize mol.  Unkekulized atoms: 3 4 5 6 7
[11:43:42] Can't kekulize mol.  Unkekulized atoms: 1 2 3 4 5
[11:43:42] WARNING: not removing hydrogen atom without neighbors
[11:43:43] Can't kekulize mol.  Unkekulized atoms: 1 2 3 4 5
[11:43:43] Explicit valence for atom # 6 O, 3, is greater than permitted
[11:43:43] Explicit valence for atom # 3 Si, 8, is greater than permitted
[11:43:43] Explicit valence for atom # 0 Cl, 2, is greater than permitted
