[1/4] Excel → CSV 변환 중...
Saved pretrain CSV for TOX21_ERa_LUC_VM7_Agonist: data/sample/TOX21_ERa_LUC_VM7_Agonist.csv
Saved pretrain CSV for TOX21_ERb_BLA_Agonist_viability: data/sample/TOX21_ERb_BLA_Agonist_viability.csv
Saved pretrain CSV for TOX21_ERa_LUC_VM7_Agonist_10nM_ICI182780_viability: data/sample/TOX21_ERa_LUC_VM7_Agonist_10nM_ICI182780_viability.csv
Saved pretrain CSV for TOX21_ERR_LUC_viability: data/sample/TOX21_ERR_LUC_viability.csv
Saved finetune CSV for TOX21_ERa_BLA_Agonist_ch2: data/sample/TOX21_ERa_BLA_Agonist_ch2.csv
Saved finetune CSV for TOX21_ERa_BLA_Agonist_ch1: data/sample/TOX21_ERa_BLA_Agonist_ch1.csv
Saved finetune CSV for TOX21_ERa_BLA_Agonist_ratio: data/sample/TOX21_ERa_BLA_Agonist_ratio.csv
Saved finetune CSV for TOX21_ERb_BLA_Agonist_ratio: data/sample/TOX21_ERb_BLA_Agonist_ratio.csv
Saved finetune CSV for TOX21_ERb_BLA_Agonist_ch2: data/sample/TOX21_ERb_BLA_Agonist_ch2.csv
Saved finetune CSV for TOX21_ERb_BLA_Agonist_ch1: data/sample/TOX21_ERb_BLA_Agonist_ch1.csv
Saved finetune CSV for TOX21_ERR_LUC_Agonist: data/sample/TOX21_ERR_LUC_Agonist.csv
Saved finetune CSV for TOX21_ERa_LUC_VM7_Agonist_10nM_ICI182780: data/sample/TOX21_ERa_LUC_VM7_Agonist_10nM_ICI182780.csv
[2/4] Pretraining on TOX21_ERR_LUC_viability using GIN_GCN...
Epoch 1/50 - Loss: 0.6003 - Val F1: 0.3186 - Val ROC-AUC: 0.6864 - Val PR-AUC: 0.2266
Epoch 2/50 - Loss: 0.5524 - Val F1: 0.2863 - Val ROC-AUC: 0.6682 - Val PR-AUC: 0.2274
Epoch 3/50 - Loss: 0.5339 - Val F1: 0.3544 - Val ROC-AUC: 0.7007 - Val PR-AUC: 0.2663
Epoch 4/50 - Loss: 0.5054 - Val F1: 0.3483 - Val ROC-AUC: 0.7087 - Val PR-AUC: 0.2513
Epoch 5/50 - Loss: 0.4989 - Val F1: 0.3807 - Val ROC-AUC: 0.7386 - Val PR-AUC: 0.2767
Epoch 6/50 - Loss: 0.4789 - Val F1: 0.3500 - Val ROC-AUC: 0.7100 - Val PR-AUC: 0.2781
Epoch 7/50 - Loss: 0.4800 - Val F1: 0.3400 - Val ROC-AUC: 0.7334 - Val PR-AUC: 0.3098
Epoch 8/50 - Loss: 0.4685 - Val F1: 0.3246 - Val ROC-AUC: 0.7350 - Val PR-AUC: 0.2999
Epoch 9/50 - Loss: 0.4637 - Val F1: 0.3859 - Val ROC-AUC: 0.7373 - Val PR-AUC: 0.3365
Epoch 10/50 - Loss: 0.4514 - Val F1: 0.3815 - Val ROC-AUC: 0.7463 - Val PR-AUC: 0.3038
Epoch 11/50 - Loss: 0.4413 - Val F1: 0.3911 - Val ROC-AUC: 0.7515 - Val PR-AUC: 0.3363
Epoch 12/50 - Loss: 0.4155 - Val F1: 0.4190 - Val ROC-AUC: 0.7601 - Val PR-AUC: 0.3430
Epoch 13/50 - Loss: 0.4238 - Val F1: 0.4319 - Val ROC-AUC: 0.7759 - Val PR-AUC: 0.3771
Epoch 14/50 - Loss: 0.4054 - Val F1: 0.4024 - Val ROC-AUC: 0.7700 - Val PR-AUC: 0.3734
Epoch 15/50 - Loss: 0.4115 - Val F1: 0.4330 - Val ROC-AUC: 0.7703 - Val PR-AUC: 0.3913
Epoch 16/50 - Loss: 0.3985 - Val F1: 0.4304 - Val ROC-AUC: 0.7813 - Val PR-AUC: 0.3868
Epoch 17/50 - Loss: 0.3987 - Val F1: 0.4144 - Val ROC-AUC: 0.7674 - Val PR-AUC: 0.3638
Epoch 18/50 - Loss: 0.3993 - Val F1: 0.4215 - Val ROC-AUC: 0.7710 - Val PR-AUC: 0.3641
Epoch 19/50 - Loss: 0.4001 - Val F1: 0.4492 - Val ROC-AUC: 0.7750 - Val PR-AUC: 0.3800
Epoch 20/50 - Loss: 0.3717 - Val F1: 0.4300 - Val ROC-AUC: 0.7734 - Val PR-AUC: 0.3467
Epoch 21/50 - Loss: 0.3667 - Val F1: 0.4467 - Val ROC-AUC: 0.7842 - Val PR-AUC: 0.4037
Epoch 22/50 - Loss: 0.3380 - Val F1: 0.4290 - Val ROC-AUC: 0.7880 - Val PR-AUC: 0.4022
Epoch 23/50 - Loss: 0.3553 - Val F1: 0.4368 - Val ROC-AUC: 0.7791 - Val PR-AUC: 0.3992
Epoch 24/50 - Loss: 0.3406 - Val F1: 0.4555 - Val ROC-AUC: 0.7764 - Val PR-AUC: 0.3983
Epoch 25/50 - Loss: 0.3287 - Val F1: 0.4653 - Val ROC-AUC: 0.7846 - Val PR-AUC: 0.4080
Epoch 26/50 - Loss: 0.3227 - Val F1: 0.4296 - Val ROC-AUC: 0.7802 - Val PR-AUC: 0.4143
Epoch 27/50 - Loss: 0.3242 - Val F1: 0.4422 - Val ROC-AUC: 0.7803 - Val PR-AUC: 0.3842
Epoch 28/50 - Loss: 0.3143 - Val F1: 0.4224 - Val ROC-AUC: 0.7666 - Val PR-AUC: 0.4071
Epoch 29/50 - Loss: 0.3134 - Val F1: 0.4462 - Val ROC-AUC: 0.7801 - Val PR-AUC: 0.4064
Epoch 30/50 - Loss: 0.2950 - Val F1: 0.4437 - Val ROC-AUC: 0.7819 - Val PR-AUC: 0.4089
Epoch 31/50 - Loss: 0.2874 - Val F1: 0.4594 - Val ROC-AUC: 0.7804 - Val PR-AUC: 0.4235
Epoch 32/50 - Loss: 0.2912 - Val F1: 0.4514 - Val ROC-AUC: 0.7786 - Val PR-AUC: 0.4231
Epoch 33/50 - Loss: 0.2787 - Val F1: 0.4356 - Val ROC-AUC: 0.7753 - Val PR-AUC: 0.4271
Epoch 34/50 - Loss: 0.2731 - Val F1: 0.4535 - Val ROC-AUC: 0.7779 - Val PR-AUC: 0.3928
Epoch 35/50 - Loss: 0.2719 - Val F1: 0.4599 - Val ROC-AUC: 0.7794 - Val PR-AUC: 0.3902
Epoch 36/50 - Loss: 0.2726 - Val F1: 0.4828 - Val ROC-AUC: 0.7792 - Val PR-AUC: 0.4157
Epoch 37/50 - Loss: 0.2790 - Val F1: 0.4516 - Val ROC-AUC: 0.7732 - Val PR-AUC: 0.4263
Epoch 38/50 - Loss: 0.2670 - Val F1: 0.4723 - Val ROC-AUC: 0.7791 - Val PR-AUC: 0.4195
Epoch 39/50 - Loss: 0.2774 - Val F1: 0.4563 - Val ROC-AUC: 0.7701 - Val PR-AUC: 0.4237
Epoch 40/50 - Loss: 0.2670 - Val F1: 0.4684 - Val ROC-AUC: 0.7814 - Val PR-AUC: 0.4271
Epoch 41/50 - Loss: 0.2449 - Val F1: 0.4684 - Val ROC-AUC: 0.7799 - Val PR-AUC: 0.4389
Epoch 42/50 - Loss: 0.2595 - Val F1: 0.4664 - Val ROC-AUC: 0.7772 - Val PR-AUC: 0.4086
Epoch 43/50 - Loss: 0.2510 - Val F1: 0.4569 - Val ROC-AUC: 0.7774 - Val PR-AUC: 0.4306
Epoch 44/50 - Loss: 0.2576 - Val F1: 0.4693 - Val ROC-AUC: 0.7794 - Val PR-AUC: 0.4342
Epoch 45/50 - Loss: 0.2378 - Val F1: 0.4649 - Val ROC-AUC: 0.7712 - Val PR-AUC: 0.4404
Epoch 46/50 - Loss: 0.2501 - Val F1: 0.4604 - Val ROC-AUC: 0.7715 - Val PR-AUC: 0.4150
Epoch 47/50 - Loss: 0.2451 - Val F1: 0.4828 - Val ROC-AUC: 0.7734 - Val PR-AUC: 0.4053
Epoch 48/50 - Loss: 0.2511 - Val F1: 0.4672 - Val ROC-AUC: 0.7748 - Val PR-AUC: 0.3855
Epoch 49/50 - Loss: 0.2378 - Val F1: 0.4719 - Val ROC-AUC: 0.7763 - Val PR-AUC: 0.4050
Epoch 50/50 - Loss: 0.2397 - Val F1: 0.4751 - Val ROC-AUC: 0.7734 - Val PR-AUC: 0.4016
Pretraining completed. Test F1: 0.4626, ROC-AUC: 0.8230, PR-AUC: 0.4250
[3/4] Finetuning on TOX21_ERa_BLA_Agonist_ratio using GIN_GCN...
[Fine-tune] Epoch 1/50 - Loss: 0.5116 - Val F1: 0.2609 - Val ROC-AUC: 0.7805 - Val PR-AUC: 0.2417
[Fine-tune] Epoch 2/50 - Loss: 0.4202 - Val F1: 0.2613 - Val ROC-AUC: 0.7862 - Val PR-AUC: 0.2238
[Fine-tune] Epoch 3/50 - Loss: 0.3793 - Val F1: 0.2233 - Val ROC-AUC: 0.7713 - Val PR-AUC: 0.2024
[Fine-tune] Epoch 4/50 - Loss: 0.3722 - Val F1: 0.2566 - Val ROC-AUC: 0.8112 - Val PR-AUC: 0.2257
[Fine-tune] Epoch 5/50 - Loss: 0.3387 - Val F1: 0.2212 - Val ROC-AUC: 0.7568 - Val PR-AUC: 0.1870
[Fine-tune] Epoch 6/50 - Loss: 0.3293 - Val F1: 0.2455 - Val ROC-AUC: 0.7954 - Val PR-AUC: 0.2400
[Fine-tune] Epoch 7/50 - Loss: 0.3078 - Val F1: 0.2667 - Val ROC-AUC: 0.7985 - Val PR-AUC: 0.2678
[Fine-tune] Epoch 8/50 - Loss: 0.2852 - Val F1: 0.2597 - Val ROC-AUC: 0.7927 - Val PR-AUC: 0.2224
[Fine-tune] Epoch 9/50 - Loss: 0.2857 - Val F1: 0.2551 - Val ROC-AUC: 0.7787 - Val PR-AUC: 0.2676
[Fine-tune] Epoch 10/50 - Loss: 0.2761 - Val F1: 0.2130 - Val ROC-AUC: 0.7610 - Val PR-AUC: 0.2764
[Fine-tune] Epoch 11/50 - Loss: 0.2288 - Val F1: 0.2733 - Val ROC-AUC: 0.7732 - Val PR-AUC: 0.2322
[Fine-tune] Epoch 12/50 - Loss: 0.2102 - Val F1: 0.2710 - Val ROC-AUC: 0.7719 - Val PR-AUC: 0.2383
[Fine-tune] Epoch 13/50 - Loss: 0.2006 - Val F1: 0.2819 - Val ROC-AUC: 0.7645 - Val PR-AUC: 0.2420
[Fine-tune] Epoch 14/50 - Loss: 0.1894 - Val F1: 0.2532 - Val ROC-AUC: 0.7509 - Val PR-AUC: 0.2240
[Fine-tune] Epoch 15/50 - Loss: 0.1847 - Val F1: 0.2597 - Val ROC-AUC: 0.7642 - Val PR-AUC: 0.2178
[Fine-tune] Epoch 16/50 - Loss: 0.1791 - Val F1: 0.2738 - Val ROC-AUC: 0.7805 - Val PR-AUC: 0.2393
[Fine-tune] Epoch 17/50 - Loss: 0.1667 - Val F1: 0.2443 - Val ROC-AUC: 0.7581 - Val PR-AUC: 0.2139
[Fine-tune] Epoch 18/50 - Loss: 0.1793 - Val F1: 0.2781 - Val ROC-AUC: 0.7528 - Val PR-AUC: 0.2467
[Fine-tune] Epoch 19/50 - Loss: 0.1478 - Val F1: 0.2573 - Val ROC-AUC: 0.7582 - Val PR-AUC: 0.2897
[Fine-tune] Epoch 20/50 - Loss: 0.1485 - Val F1: 0.2604 - Val ROC-AUC: 0.7745 - Val PR-AUC: 0.2312
[Fine-tune] Epoch 21/50 - Loss: 0.1265 - Val F1: 0.2835 - Val ROC-AUC: 0.7467 - Val PR-AUC: 0.2263
[Fine-tune] Epoch 22/50 - Loss: 0.1187 - Val F1: 0.3307 - Val ROC-AUC: 0.7669 - Val PR-AUC: 0.2384
[Fine-tune] Epoch 23/50 - Loss: 0.0978 - Val F1: 0.2920 - Val ROC-AUC: 0.7661 - Val PR-AUC: 0.2277
[Fine-tune] Epoch 24/50 - Loss: 0.1130 - Val F1: 0.2969 - Val ROC-AUC: 0.7623 - Val PR-AUC: 0.2309
[Fine-tune] Epoch 25/50 - Loss: 0.1201 - Val F1: 0.2819 - Val ROC-AUC: 0.7736 - Val PR-AUC: 0.2357
[Fine-tune] Epoch 26/50 - Loss: 0.1111 - Val F1: 0.3008 - Val ROC-AUC: 0.7788 - Val PR-AUC: 0.2700
[Fine-tune] Epoch 27/50 - Loss: 0.1156 - Val F1: 0.2917 - Val ROC-AUC: 0.7607 - Val PR-AUC: 0.2504
[Fine-tune] Epoch 28/50 - Loss: 0.0989 - Val F1: 0.3016 - Val ROC-AUC: 0.7627 - Val PR-AUC: 0.2516
[Fine-tune] Epoch 29/50 - Loss: 0.0925 - Val F1: 0.3115 - Val ROC-AUC: 0.7631 - Val PR-AUC: 0.2445
[Fine-tune] Epoch 30/50 - Loss: 0.1057 - Val F1: 0.3423 - Val ROC-AUC: 0.7794 - Val PR-AUC: 0.2612
[Fine-tune] Epoch 31/50 - Loss: 0.0883 - Val F1: 0.3220 - Val ROC-AUC: 0.7674 - Val PR-AUC: 0.2723
[Fine-tune] Epoch 32/50 - Loss: 0.0820 - Val F1: 0.3103 - Val ROC-AUC: 0.7681 - Val PR-AUC: 0.2530
[Fine-tune] Epoch 33/50 - Loss: 0.0812 - Val F1: 0.3175 - Val ROC-AUC: 0.7667 - Val PR-AUC: 0.2335
[Fine-tune] Epoch 34/50 - Loss: 0.0722 - Val F1: 0.3175 - Val ROC-AUC: 0.7657 - Val PR-AUC: 0.2405
[Fine-tune] Epoch 35/50 - Loss: 0.0791 - Val F1: 0.3279 - Val ROC-AUC: 0.7711 - Val PR-AUC: 0.2549
[Fine-tune] Epoch 36/50 - Loss: 0.0793 - Val F1: 0.3529 - Val ROC-AUC: 0.7620 - Val PR-AUC: 0.2540
[Fine-tune] Epoch 37/50 - Loss: 0.0785 - Val F1: 0.2969 - Val ROC-AUC: 0.7580 - Val PR-AUC: 0.2341
[Fine-tune] Epoch 38/50 - Loss: 0.0783 - Val F1: 0.3333 - Val ROC-AUC: 0.7716 - Val PR-AUC: 0.2663
[Fine-tune] Epoch 39/50 - Loss: 0.0761 - Val F1: 0.3193 - Val ROC-AUC: 0.7655 - Val PR-AUC: 0.2632
[Fine-tune] Epoch 40/50 - Loss: 0.0776 - Val F1: 0.3008 - Val ROC-AUC: 0.7628 - Val PR-AUC: 0.2372
[Fine-tune] Epoch 41/50 - Loss: 0.0696 - Val F1: 0.3051 - Val ROC-AUC: 0.7583 - Val PR-AUC: 0.2391
[Fine-tune] Epoch 42/50 - Loss: 0.0708 - Val F1: 0.3333 - Val ROC-AUC: 0.7723 - Val PR-AUC: 0.2347
[Fine-tune] Epoch 43/50 - Loss: 0.0688 - Val F1: 0.2957 - Val ROC-AUC: 0.7561 - Val PR-AUC: 0.2271
[Fine-tune] Epoch 44/50 - Loss: 0.0677 - Val F1: 0.3089 - Val ROC-AUC: 0.7671 - Val PR-AUC: 0.2373
[Fine-tune] Epoch 45/50 - Loss: 0.0688 - Val F1: 0.3304 - Val ROC-AUC: 0.7644 - Val PR-AUC: 0.2277
[Fine-tune] Epoch 46/50 - Loss: 0.0684 - Val F1: 0.3306 - Val ROC-AUC: 0.7686 - Val PR-AUC: 0.2471
[Fine-tune] Epoch 47/50 - Loss: 0.0661 - Val F1: 0.3220 - Val ROC-AUC: 0.7621 - Val PR-AUC: 0.2379
[Fine-tune] Epoch 48/50 - Loss: 0.0748 - Val F1: 0.3333 - Val ROC-AUC: 0.7670 - Val PR-AUC: 0.2374
[Fine-tune] Epoch 49/50 - Loss: 0.0667 - Val F1: 0.3486 - Val ROC-AUC: 0.7615 - Val PR-AUC: 0.2398
[Fine-tune] Epoch 50/50 - Loss: 0.0641 - Val F1: 0.3193 - Val ROC-AUC: 0.7707 - Val PR-AUC: 0.2456
Finetuning completed. Test F1: 0.3214, ROC-AUC: 0.7615, PR-AUC: 0.2809
[3.1/4] Target-only training on TOX21_ERa_BLA_Agonist_ratio using GIN_GCN...
=== Target-only training ===
[Target-only] Epoch 1/50 – Loss: 0.5706  Val F1: 0.1773  ROC-AUC: 0.6618  PR-AUC: 0.1421
[Target-only] Epoch 2/50 – Loss: 0.5076  Val F1: 0.2286  ROC-AUC: 0.7329  PR-AUC: 0.2544
[Target-only] Epoch 3/50 – Loss: 0.4844  Val F1: 0.2234  ROC-AUC: 0.7192  PR-AUC: 0.2034
[Target-only] Epoch 4/50 – Loss: 0.4720  Val F1: 0.2246  ROC-AUC: 0.7544  PR-AUC: 0.1963
[Target-only] Epoch 5/50 – Loss: 0.4572  Val F1: 0.1836  ROC-AUC: 0.7109  PR-AUC: 0.1972
[Target-only] Epoch 6/50 – Loss: 0.4281  Val F1: 0.2353  ROC-AUC: 0.7258  PR-AUC: 0.2382
[Target-only] Epoch 7/50 – Loss: 0.4237  Val F1: 0.2675  ROC-AUC: 0.7322  PR-AUC: 0.2983
[Target-only] Epoch 8/50 – Loss: 0.4102  Val F1: 0.2014  ROC-AUC: 0.7816  PR-AUC: 0.2961
[Target-only] Epoch 9/50 – Loss: 0.3965  Val F1: 0.2418  ROC-AUC: 0.7434  PR-AUC: 0.1687
[Target-only] Epoch 10/50 – Loss: 0.3901  Val F1: 0.2194  ROC-AUC: 0.7361  PR-AUC: 0.3004
[Target-only] Epoch 11/50 – Loss: 0.3216  Val F1: 0.2474  ROC-AUC: 0.7524  PR-AUC: 0.2689
[Target-only] Epoch 12/50 – Loss: 0.3289  Val F1: 0.2213  ROC-AUC: 0.7857  PR-AUC: 0.3295
[Target-only] Epoch 13/50 – Loss: 0.3137  Val F1: 0.2621  ROC-AUC: 0.7512  PR-AUC: 0.2547
[Target-only] Epoch 14/50 – Loss: 0.2928  Val F1: 0.2092  ROC-AUC: 0.7783  PR-AUC: 0.3213
[Target-only] Epoch 15/50 – Loss: 0.2902  Val F1: 0.2411  ROC-AUC: 0.7569  PR-AUC: 0.2690
[Target-only] Epoch 16/50 – Loss: 0.2898  Val F1: 0.2682  ROC-AUC: 0.7874  PR-AUC: 0.3193
[Target-only] Epoch 17/50 – Loss: 0.2619  Val F1: 0.2486  ROC-AUC: 0.7550  PR-AUC: 0.2478
[Target-only] Epoch 18/50 – Loss: 0.2803  Val F1: 0.2837  ROC-AUC: 0.7717  PR-AUC: 0.2803
[Target-only] Epoch 19/50 – Loss: 0.2523  Val F1: 0.2642  ROC-AUC: 0.7751  PR-AUC: 0.3005
[Target-only] Epoch 20/50 – Loss: 0.2459  Val F1: 0.2621  ROC-AUC: 0.7617  PR-AUC: 0.2336
[Target-only] Epoch 21/50 – Loss: 0.2096  Val F1: 0.2632  ROC-AUC: 0.7731  PR-AUC: 0.2472
[Target-only] Epoch 22/50 – Loss: 0.2122  Val F1: 0.2360  ROC-AUC: 0.7709  PR-AUC: 0.3055
[Target-only] Epoch 23/50 – Loss: 0.2084  Val F1: 0.2468  ROC-AUC: 0.7855  PR-AUC: 0.2858
[Target-only] Epoch 24/50 – Loss: 0.1935  Val F1: 0.2614  ROC-AUC: 0.7646  PR-AUC: 0.2701
[Target-only] Epoch 25/50 – Loss: 0.1894  Val F1: 0.2619  ROC-AUC: 0.7711  PR-AUC: 0.2940
[Target-only] Epoch 26/50 – Loss: 0.1933  Val F1: 0.2428  ROC-AUC: 0.7754  PR-AUC: 0.2860
[Target-only] Epoch 27/50 – Loss: 0.1795  Val F1: 0.2568  ROC-AUC: 0.7751  PR-AUC: 0.2530
[Target-only] Epoch 28/50 – Loss: 0.1783  Val F1: 0.2484  ROC-AUC: 0.7624  PR-AUC: 0.2062
[Target-only] Epoch 29/50 – Loss: 0.1720  Val F1: 0.2721  ROC-AUC: 0.7628  PR-AUC: 0.2539
[Target-only] Epoch 30/50 – Loss: 0.1759  Val F1: 0.2920  ROC-AUC: 0.7592  PR-AUC: 0.2076
[Target-only] Epoch 31/50 – Loss: 0.1584  Val F1: 0.2875  ROC-AUC: 0.7760  PR-AUC: 0.2441
[Target-only] Epoch 32/50 – Loss: 0.1442  Val F1: 0.2452  ROC-AUC: 0.7731  PR-AUC: 0.2156
[Target-only] Epoch 33/50 – Loss: 0.1304  Val F1: 0.2568  ROC-AUC: 0.7550  PR-AUC: 0.2247
[Target-only] Epoch 34/50 – Loss: 0.1305  Val F1: 0.2778  ROC-AUC: 0.7624  PR-AUC: 0.2081
[Target-only] Epoch 35/50 – Loss: 0.1399  Val F1: 0.2857  ROC-AUC: 0.7778  PR-AUC: 0.2603
[Target-only] Epoch 36/50 – Loss: 0.1328  Val F1: 0.2734  ROC-AUC: 0.7693  PR-AUC: 0.2076
[Target-only] Epoch 37/50 – Loss: 0.1368  Val F1: 0.2759  ROC-AUC: 0.7713  PR-AUC: 0.2305
[Target-only] Epoch 38/50 – Loss: 0.1281  Val F1: 0.2692  ROC-AUC: 0.7778  PR-AUC: 0.2154
[Target-only] Epoch 39/50 – Loss: 0.1342  Val F1: 0.2815  ROC-AUC: 0.7696  PR-AUC: 0.2151
[Target-only] Epoch 40/50 – Loss: 0.1275  Val F1: 0.2877  ROC-AUC: 0.7755  PR-AUC: 0.2255
[Target-only] Epoch 41/50 – Loss: 0.1259  Val F1: 0.2550  ROC-AUC: 0.7699  PR-AUC: 0.2153
[Target-only] Epoch 42/50 – Loss: 0.1091  Val F1: 0.2734  ROC-AUC: 0.7705  PR-AUC: 0.2159
[Target-only] Epoch 43/50 – Loss: 0.1249  Val F1: 0.2707  ROC-AUC: 0.7787  PR-AUC: 0.2140
[Target-only] Epoch 44/50 – Loss: 0.1188  Val F1: 0.2687  ROC-AUC: 0.7710  PR-AUC: 0.2008
[Target-only] Epoch 45/50 – Loss: 0.1139  Val F1: 0.2483  ROC-AUC: 0.7753  PR-AUC: 0.2177
[Target-only] Epoch 46/50 – Loss: 0.1086  Val F1: 0.2416  ROC-AUC: 0.7661  PR-AUC: 0.1917
[Target-only] Epoch 47/50 – Loss: 0.1074  Val F1: 0.2677  ROC-AUC: 0.7713  PR-AUC: 0.2002
[Target-only] Epoch 48/50 – Loss: 0.1141  Val F1: 0.2714  ROC-AUC: 0.7732  PR-AUC: 0.2147
[Target-only] Epoch 49/50 – Loss: 0.1069  Val F1: 0.2857  ROC-AUC: 0.7751  PR-AUC: 0.2161
[Target-only] Epoch 50/50 – Loss: 0.1158  Val F1: 0.2483  ROC-AUC: 0.7679  PR-AUC: 0.2056
=== Target-only TEST performance ===
Test F1: 0.2897, ROC-AUC: 0.7646, PR-AUC: 0.2577
✅ 실험 완료: TOX21_ERR_LUC_viability -> TOX21_ERa_BLA_Agonist_ratio [GIN_GCN]
