[11:55:01] Can't kekulize mol.  Unkekulized atoms: 1 2 3 4 5
[11:55:02] Explicit valence for atom # 0 Cl, 2, is greater than permitted
[11:55:03] Can't kekulize mol.  Unkekulized atoms: 3 4 5 6 7
[11:55:03] Can't kekulize mol.  Unkekulized atoms: 3 4 5 6 7
[11:55:05] Can't kekulize mol.  Unkekulized atoms: 1 2 3 4 5
[11:55:05] Can't kekulize mol.  Unkekulized atoms: 3 4 5 6 7
[11:55:06] Can't kekulize mol.  Unkekulized atoms: 1 2 3 4 5
[11:55:06] WARNING: not removing hydrogen atom without neighbors
[11:55:07] Can't kekulize mol.  Unkekulized atoms: 1 2 3 4 5
[11:55:07] Explicit valence for atom # 6 O, 3, is greater than permitted
[11:55:07] Explicit valence for atom # 3 Si, 8, is greater than permitted
[11:55:07] Explicit valence for atom # 0 Cl, 2, is greater than permitted
[11:56:24] Can't kekulize mol.  Unkekulized atoms: 1 2 3 4 5
[11:56:25] Explicit valence for atom # 0 Cl, 2, is greater than permitted
[11:56:26] Can't kekulize mol.  Unkekulized atoms: 3 4 5 6 7
[11:56:26] Can't kekulize mol.  Unkekulized atoms: 3 4 5 6 7
[11:56:28] Can't kekulize mol.  Unkekulized atoms: 1 2 3 4 5
[11:56:28] Can't kekulize mol.  Unkekulized atoms: 3 4 5 6 7
[11:56:29] Can't kekulize mol.  Unkekulized atoms: 1 2 3 4 5
[11:56:29] WARNING: not removing hydrogen atom without neighbors
[11:56:30] Can't kekulize mol.  Unkekulized atoms: 1 2 3 4 5
[11:56:30] Explicit valence for atom # 6 O, 3, is greater than permitted
[11:56:30] Explicit valence for atom # 3 Si, 8, is greater than permitted
[11:56:30] Explicit valence for atom # 0 Cl, 2, is greater than permitted
[11:57:46] Can't kekulize mol.  Unkekulized atoms: 1 2 3 4 5
[11:57:47] Explicit valence for atom # 0 Cl, 2, is greater than permitted
[11:57:47] Can't kekulize mol.  Unkekulized atoms: 3 4 5 6 7
[11:57:48] Can't kekulize mol.  Unkekulized atoms: 3 4 5 6 7
[11:57:50] Can't kekulize mol.  Unkekulized atoms: 1 2 3 4 5
[11:57:50] Can't kekulize mol.  Unkekulized atoms: 3 4 5 6 7
[11:57:51] Can't kekulize mol.  Unkekulized atoms: 1 2 3 4 5
[11:57:51] WARNING: not removing hydrogen atom without neighbors
[11:57:51] Can't kekulize mol.  Unkekulized atoms: 1 2 3 4 5
[11:57:51] Explicit valence for atom # 6 O, 3, is greater than permitted
[11:57:51] Explicit valence for atom # 3 Si, 8, is greater than permitted
[11:57:52] Explicit valence for atom # 0 Cl, 2, is greater than permitted
