[11:46:09] Can't kekulize mol.  Unkekulized atoms: 1 2 3 4 5
[11:46:09] Explicit valence for atom # 0 Cl, 2, is greater than permitted
[11:46:10] Can't kekulize mol.  Unkekulized atoms: 3 4 5 6 7
[11:46:11] Can't kekulize mol.  Unkekulized atoms: 3 4 5 6 7
[11:46:13] Can't kekulize mol.  Unkekulized atoms: 1 2 3 4 5
[11:46:13] Can't kekulize mol.  Unkekulized atoms: 3 4 5 6 7
[11:46:14] Can't kekulize mol.  Unkekulized atoms: 1 2 3 4 5
[11:46:14] WARNING: not removing hydrogen atom without neighbors
[11:46:14] Can't kekulize mol.  Unkekulized atoms: 1 2 3 4 5
[11:46:14] Explicit valence for atom # 6 O, 3, is greater than permitted
[11:46:14] Explicit valence for atom # 3 Si, 8, is greater than permitted
[11:46:14] Explicit valence for atom # 0 Cl, 2, is greater than permitted
[11:48:38] Can't kekulize mol.  Unkekulized atoms: 1 2 3 4 5
[11:48:38] Explicit valence for atom # 0 Cl, 2, is greater than permitted
[11:48:39] Can't kekulize mol.  Unkekulized atoms: 3 4 5 6 7
[11:48:40] Can't kekulize mol.  Unkekulized atoms: 3 4 5 6 7
[11:48:40] WARNING: not removing hydrogen atom without neighbors
[11:48:42] Explicit valence for atom # 3 Si, 8, is greater than permitted
[11:48:42] Can't kekulize mol.  Unkekulized atoms: 1 2 3 4 5
[11:48:42] Can't kekulize mol.  Unkekulized atoms: 3 4 5 6 7
[11:48:43] Can't kekulize mol.  Unkekulized atoms: 1 2 3 4 5
[11:48:43] WARNING: not removing hydrogen atom without neighbors
[11:48:44] Can't kekulize mol.  Unkekulized atoms: 1 2 3 4 5
[11:48:44] Explicit valence for atom # 6 O, 3, is greater than permitted
[11:48:44] Explicit valence for atom # 3 Si, 8, is greater than permitted
[11:48:44] Explicit valence for atom # 0 Cl, 2, is greater than permitted
[11:50:02] Can't kekulize mol.  Unkekulized atoms: 1 2 3 4 5
[11:50:03] Explicit valence for atom # 0 Cl, 2, is greater than permitted
[11:50:04] Can't kekulize mol.  Unkekulized atoms: 3 4 5 6 7
[11:50:04] Can't kekulize mol.  Unkekulized atoms: 3 4 5 6 7
[11:50:05] WARNING: not removing hydrogen atom without neighbors
[11:50:06] Explicit valence for atom # 3 Si, 8, is greater than permitted
[11:50:07] Can't kekulize mol.  Unkekulized atoms: 1 2 3 4 5
[11:50:07] Can't kekulize mol.  Unkekulized atoms: 3 4 5 6 7
[11:50:07] Can't kekulize mol.  Unkekulized atoms: 1 2 3 4 5
[11:50:08] WARNING: not removing hydrogen atom without neighbors
[11:50:08] Can't kekulize mol.  Unkekulized atoms: 1 2 3 4 5
[11:50:08] Explicit valence for atom # 6 O, 3, is greater than permitted
[11:50:08] Explicit valence for atom # 3 Si, 8, is greater than permitted
[11:50:09] Explicit valence for atom # 0 Cl, 2, is greater than permitted
