[11:57:32] Can't kekulize mol.  Unkekulized atoms: 1 2 3 4 5
[11:57:32] Explicit valence for atom # 0 Cl, 2, is greater than permitted
[11:57:33] Can't kekulize mol.  Unkekulized atoms: 3 4 5 6 7
[11:57:34] Can't kekulize mol.  Unkekulized atoms: 3 4 5 6 7
[11:57:36] Can't kekulize mol.  Unkekulized atoms: 1 2 3 4 5
[11:57:36] Can't kekulize mol.  Unkekulized atoms: 3 4 5 6 7
[11:57:37] Can't kekulize mol.  Unkekulized atoms: 1 2 3 4 5
[11:57:37] WARNING: not removing hydrogen atom without neighbors
[11:57:37] Can't kekulize mol.  Unkekulized atoms: 1 2 3 4 5
[11:57:37] Explicit valence for atom # 6 O, 3, is greater than permitted
[11:57:37] Explicit valence for atom # 3 Si, 8, is greater than permitted
[11:57:38] Explicit valence for atom # 0 Cl, 2, is greater than permitted
[11:58:54] Can't kekulize mol.  Unkekulized atoms: 1 2 3 4 5
[11:58:54] Explicit valence for atom # 0 Cl, 2, is greater than permitted
[11:58:55] Can't kekulize mol.  Unkekulized atoms: 3 4 5 6 7
[11:58:55] Can't kekulize mol.  Unkekulized atoms: 3 4 5 6 7
[11:58:58] Can't kekulize mol.  Unkekulized atoms: 1 2 3 4 5
[11:58:58] Can't kekulize mol.  Unkekulized atoms: 3 4 5 6 7
[11:58:58] Can't kekulize mol.  Unkekulized atoms: 1 2 3 4 5
[11:58:58] WARNING: not removing hydrogen atom without neighbors
[11:58:59] Can't kekulize mol.  Unkekulized atoms: 1 2 3 4 5
[11:58:59] Explicit valence for atom # 6 O, 3, is greater than permitted
[11:58:59] Explicit valence for atom # 3 Si, 8, is greater than permitted
[11:58:59] Explicit valence for atom # 0 Cl, 2, is greater than permitted
[12:00:16] Can't kekulize mol.  Unkekulized atoms: 1 2 3 4 5
[12:00:16] Explicit valence for atom # 0 Cl, 2, is greater than permitted
[12:00:17] Can't kekulize mol.  Unkekulized atoms: 3 4 5 6 7
[12:00:17] Can't kekulize mol.  Unkekulized atoms: 3 4 5 6 7
[12:00:20] Can't kekulize mol.  Unkekulized atoms: 1 2 3 4 5
[12:00:20] Can't kekulize mol.  Unkekulized atoms: 3 4 5 6 7
[12:00:20] Can't kekulize mol.  Unkekulized atoms: 1 2 3 4 5
[12:00:20] WARNING: not removing hydrogen atom without neighbors
[12:00:21] Can't kekulize mol.  Unkekulized atoms: 1 2 3 4 5
[12:00:21] Explicit valence for atom # 6 O, 3, is greater than permitted
[12:00:21] Explicit valence for atom # 3 Si, 8, is greater than permitted
[12:00:21] Explicit valence for atom # 0 Cl, 2, is greater than permitted
