[1/4] Converting Excel to CSV...
[2/4] Pre-training on ERα...
Epoch 1/50 - Loss: 0.6422 - Val F1: 0.2938 - Val ROC-AUC: 0.6812 - Val PR-AUC: 0.2043
Epoch 2/50 - Loss: 0.6010 - Val F1: 0.3319 - Val ROC-AUC: 0.7136 - Val PR-AUC: 0.2348
Epoch 3/50 - Loss: 0.5832 - Val F1: 0.2786 - Val ROC-AUC: 0.6577 - Val PR-AUC: 0.2067
Epoch 4/50 - Loss: 0.5583 - Val F1: 0.3667 - Val ROC-AUC: 0.7438 - Val PR-AUC: 0.3070
Epoch 5/50 - Loss: 0.5583 - Val F1: 0.3787 - Val ROC-AUC: 0.7597 - Val PR-AUC: 0.2852
Epoch 6/50 - Loss: 0.5429 - Val F1: 0.3511 - Val ROC-AUC: 0.7426 - Val PR-AUC: 0.2637
Epoch 7/50 - Loss: 0.5351 - Val F1: 0.2041 - Val ROC-AUC: 0.7542 - Val PR-AUC: 0.2739
Epoch 8/50 - Loss: 0.5210 - Val F1: 0.3532 - Val ROC-AUC: 0.7736 - Val PR-AUC: 0.3129
Epoch 9/50 - Loss: 0.5121 - Val F1: 0.3887 - Val ROC-AUC: 0.7654 - Val PR-AUC: 0.3071
Epoch 10/50 - Loss: 0.5084 - Val F1: 0.3848 - Val ROC-AUC: 0.7911 - Val PR-AUC: 0.3228
Epoch 11/50 - Loss: 0.4860 - Val F1: 0.3571 - Val ROC-AUC: 0.7836 - Val PR-AUC: 0.3306
Epoch 12/50 - Loss: 0.4682 - Val F1: 0.3658 - Val ROC-AUC: 0.7526 - Val PR-AUC: 0.2734
Epoch 13/50 - Loss: 0.4687 - Val F1: 0.4085 - Val ROC-AUC: 0.7929 - Val PR-AUC: 0.3200
Epoch 14/50 - Loss: 0.4730 - Val F1: 0.3914 - Val ROC-AUC: 0.7989 - Val PR-AUC: 0.3561
Epoch 15/50 - Loss: 0.4637 - Val F1: 0.4023 - Val ROC-AUC: 0.7904 - Val PR-AUC: 0.3420
Epoch 16/50 - Loss: 0.4589 - Val F1: 0.3842 - Val ROC-AUC: 0.7811 - Val PR-AUC: 0.3111
Epoch 17/50 - Loss: 0.4513 - Val F1: 0.4226 - Val ROC-AUC: 0.8018 - Val PR-AUC: 0.3393
Epoch 18/50 - Loss: 0.4466 - Val F1: 0.4066 - Val ROC-AUC: 0.8046 - Val PR-AUC: 0.3269
Epoch 19/50 - Loss: 0.4403 - Val F1: 0.3908 - Val ROC-AUC: 0.8013 - Val PR-AUC: 0.3313
Epoch 20/50 - Loss: 0.4412 - Val F1: 0.3869 - Val ROC-AUC: 0.7923 - Val PR-AUC: 0.3332
Epoch 21/50 - Loss: 0.4255 - Val F1: 0.3796 - Val ROC-AUC: 0.7991 - Val PR-AUC: 0.3406
Epoch 22/50 - Loss: 0.4163 - Val F1: 0.3673 - Val ROC-AUC: 0.7923 - Val PR-AUC: 0.3411
Epoch 23/50 - Loss: 0.4148 - Val F1: 0.4078 - Val ROC-AUC: 0.8048 - Val PR-AUC: 0.3439
Epoch 24/50 - Loss: 0.4085 - Val F1: 0.3789 - Val ROC-AUC: 0.7999 - Val PR-AUC: 0.3246
Epoch 25/50 - Loss: 0.4015 - Val F1: 0.4035 - Val ROC-AUC: 0.8010 - Val PR-AUC: 0.3324
Epoch 26/50 - Loss: 0.4113 - Val F1: 0.4023 - Val ROC-AUC: 0.8080 - Val PR-AUC: 0.3590
Epoch 27/50 - Loss: 0.3941 - Val F1: 0.4444 - Val ROC-AUC: 0.8153 - Val PR-AUC: 0.3583
Epoch 28/50 - Loss: 0.3997 - Val F1: 0.4186 - Val ROC-AUC: 0.8133 - Val PR-AUC: 0.3616
Epoch 29/50 - Loss: 0.3906 - Val F1: 0.4189 - Val ROC-AUC: 0.8019 - Val PR-AUC: 0.3475
Epoch 30/50 - Loss: 0.3915 - Val F1: 0.4364 - Val ROC-AUC: 0.8116 - Val PR-AUC: 0.3716
Epoch 31/50 - Loss: 0.3798 - Val F1: 0.4528 - Val ROC-AUC: 0.8153 - Val PR-AUC: 0.3652
Epoch 32/50 - Loss: 0.3878 - Val F1: 0.4124 - Val ROC-AUC: 0.8164 - Val PR-AUC: 0.3812
Epoch 33/50 - Loss: 0.3655 - Val F1: 0.4492 - Val ROC-AUC: 0.8177 - Val PR-AUC: 0.3737
Epoch 34/50 - Loss: 0.3744 - Val F1: 0.4277 - Val ROC-AUC: 0.8126 - Val PR-AUC: 0.3688
Epoch 35/50 - Loss: 0.3598 - Val F1: 0.4465 - Val ROC-AUC: 0.8128 - Val PR-AUC: 0.3689
Epoch 36/50 - Loss: 0.3654 - Val F1: 0.4601 - Val ROC-AUC: 0.8133 - Val PR-AUC: 0.3697
Epoch 37/50 - Loss: 0.3712 - Val F1: 0.4323 - Val ROC-AUC: 0.8075 - Val PR-AUC: 0.3677
Epoch 38/50 - Loss: 0.3642 - Val F1: 0.4532 - Val ROC-AUC: 0.8151 - Val PR-AUC: 0.3812
Epoch 39/50 - Loss: 0.3605 - Val F1: 0.4438 - Val ROC-AUC: 0.8089 - Val PR-AUC: 0.3573
Epoch 40/50 - Loss: 0.3639 - Val F1: 0.4356 - Val ROC-AUC: 0.8118 - Val PR-AUC: 0.3751
Epoch 41/50 - Loss: 0.3500 - Val F1: 0.4307 - Val ROC-AUC: 0.8112 - Val PR-AUC: 0.3705
Epoch 42/50 - Loss: 0.3544 - Val F1: 0.4263 - Val ROC-AUC: 0.8075 - Val PR-AUC: 0.3652
Epoch 43/50 - Loss: 0.3499 - Val F1: 0.4377 - Val ROC-AUC: 0.8088 - Val PR-AUC: 0.3723
Epoch 44/50 - Loss: 0.3390 - Val F1: 0.4639 - Val ROC-AUC: 0.8062 - Val PR-AUC: 0.3727
Epoch 45/50 - Loss: 0.3499 - Val F1: 0.4396 - Val ROC-AUC: 0.8046 - Val PR-AUC: 0.3632
Epoch 46/50 - Loss: 0.3404 - Val F1: 0.4506 - Val ROC-AUC: 0.8130 - Val PR-AUC: 0.3687
Epoch 47/50 - Loss: 0.3479 - Val F1: 0.4506 - Val ROC-AUC: 0.8144 - Val PR-AUC: 0.3684
Epoch 48/50 - Loss: 0.3382 - Val F1: 0.4451 - Val ROC-AUC: 0.8182 - Val PR-AUC: 0.3785
Epoch 49/50 - Loss: 0.3459 - Val F1: 0.4730 - Val ROC-AUC: 0.8183 - Val PR-AUC: 0.3866
Epoch 50/50 - Loss: 0.3384 - Val F1: 0.4430 - Val ROC-AUC: 0.8116 - Val PR-AUC: 0.3731
Pretraining completed. Test F1: 0.4452, ROC-AUC: 0.8062, PR-AUC: 0.4100
[3/4] Fine-tuning on ERβ...
[Fine-tune] Epoch 1/50 - Loss: 0.5254 - Val F1: 0.3929 - Val ROC-AUC: 0.8132 - Val PR-AUC: 0.4028
[Fine-tune] Epoch 2/50 - Loss: 0.4907 - Val F1: 0.4083 - Val ROC-AUC: 0.8038 - Val PR-AUC: 0.3921
[Fine-tune] Epoch 3/50 - Loss: 0.4705 - Val F1: 0.4278 - Val ROC-AUC: 0.8145 - Val PR-AUC: 0.3928
[Fine-tune] Epoch 4/50 - Loss: 0.4714 - Val F1: 0.4353 - Val ROC-AUC: 0.8245 - Val PR-AUC: 0.4117
[Fine-tune] Epoch 5/50 - Loss: 0.4659 - Val F1: 0.4023 - Val ROC-AUC: 0.8162 - Val PR-AUC: 0.4179
[Fine-tune] Epoch 6/50 - Loss: 0.4396 - Val F1: 0.4090 - Val ROC-AUC: 0.8132 - Val PR-AUC: 0.4105
[Fine-tune] Epoch 7/50 - Loss: 0.4454 - Val F1: 0.4252 - Val ROC-AUC: 0.8100 - Val PR-AUC: 0.3734
[Fine-tune] Epoch 8/50 - Loss: 0.4269 - Val F1: 0.4219 - Val ROC-AUC: 0.8208 - Val PR-AUC: 0.3997
[Fine-tune] Epoch 9/50 - Loss: 0.4180 - Val F1: 0.3879 - Val ROC-AUC: 0.7985 - Val PR-AUC: 0.3674
[Fine-tune] Epoch 10/50 - Loss: 0.4298 - Val F1: 0.4101 - Val ROC-AUC: 0.8138 - Val PR-AUC: 0.4036
[Fine-tune] Epoch 11/50 - Loss: 0.3823 - Val F1: 0.4318 - Val ROC-AUC: 0.8243 - Val PR-AUC: 0.4020
[Fine-tune] Epoch 12/50 - Loss: 0.3682 - Val F1: 0.4169 - Val ROC-AUC: 0.8137 - Val PR-AUC: 0.3976
[Fine-tune] Epoch 13/50 - Loss: 0.3746 - Val F1: 0.4202 - Val ROC-AUC: 0.8219 - Val PR-AUC: 0.4039
[Fine-tune] Epoch 14/50 - Loss: 0.3708 - Val F1: 0.3988 - Val ROC-AUC: 0.8189 - Val PR-AUC: 0.4116
[Fine-tune] Epoch 15/50 - Loss: 0.3565 - Val F1: 0.4369 - Val ROC-AUC: 0.8209 - Val PR-AUC: 0.4093
[Fine-tune] Epoch 16/50 - Loss: 0.3660 - Val F1: 0.4294 - Val ROC-AUC: 0.8276 - Val PR-AUC: 0.4056
[Fine-tune] Epoch 17/50 - Loss: 0.3548 - Val F1: 0.4221 - Val ROC-AUC: 0.8114 - Val PR-AUC: 0.3959
[Fine-tune] Epoch 18/50 - Loss: 0.3514 - Val F1: 0.4340 - Val ROC-AUC: 0.8148 - Val PR-AUC: 0.4108
[Fine-tune] Epoch 19/50 - Loss: 0.3280 - Val F1: 0.4399 - Val ROC-AUC: 0.8208 - Val PR-AUC: 0.3587
[Fine-tune] Epoch 20/50 - Loss: 0.3303 - Val F1: 0.4430 - Val ROC-AUC: 0.8212 - Val PR-AUC: 0.4283
[Fine-tune] Epoch 21/50 - Loss: 0.3151 - Val F1: 0.4300 - Val ROC-AUC: 0.8148 - Val PR-AUC: 0.3784
[Fine-tune] Epoch 22/50 - Loss: 0.3089 - Val F1: 0.4138 - Val ROC-AUC: 0.8165 - Val PR-AUC: 0.3984
[Fine-tune] Epoch 23/50 - Loss: 0.3123 - Val F1: 0.4290 - Val ROC-AUC: 0.8249 - Val PR-AUC: 0.3947
[Fine-tune] Epoch 24/50 - Loss: 0.2947 - Val F1: 0.4474 - Val ROC-AUC: 0.8224 - Val PR-AUC: 0.4214
[Fine-tune] Epoch 25/50 - Loss: 0.2968 - Val F1: 0.4385 - Val ROC-AUC: 0.8162 - Val PR-AUC: 0.4013
[Fine-tune] Epoch 26/50 - Loss: 0.2864 - Val F1: 0.4542 - Val ROC-AUC: 0.8160 - Val PR-AUC: 0.3955
[Fine-tune] Epoch 27/50 - Loss: 0.2862 - Val F1: 0.4331 - Val ROC-AUC: 0.8130 - Val PR-AUC: 0.3802
[Fine-tune] Epoch 28/50 - Loss: 0.3042 - Val F1: 0.4476 - Val ROC-AUC: 0.8177 - Val PR-AUC: 0.3997
[Fine-tune] Epoch 29/50 - Loss: 0.2797 - Val F1: 0.4318 - Val ROC-AUC: 0.8037 - Val PR-AUC: 0.3811
[Fine-tune] Epoch 30/50 - Loss: 0.2783 - Val F1: 0.4437 - Val ROC-AUC: 0.8084 - Val PR-AUC: 0.3738
[Fine-tune] Epoch 31/50 - Loss: 0.2659 - Val F1: 0.4490 - Val ROC-AUC: 0.8062 - Val PR-AUC: 0.3696
[Fine-tune] Epoch 32/50 - Loss: 0.2565 - Val F1: 0.4309 - Val ROC-AUC: 0.8117 - Val PR-AUC: 0.3959
[Fine-tune] Epoch 33/50 - Loss: 0.2631 - Val F1: 0.4507 - Val ROC-AUC: 0.8011 - Val PR-AUC: 0.3780
[Fine-tune] Epoch 34/50 - Loss: 0.2587 - Val F1: 0.4373 - Val ROC-AUC: 0.8101 - Val PR-AUC: 0.3864
[Fine-tune] Epoch 35/50 - Loss: 0.2616 - Val F1: 0.4498 - Val ROC-AUC: 0.8039 - Val PR-AUC: 0.3819
[Fine-tune] Epoch 36/50 - Loss: 0.2647 - Val F1: 0.4345 - Val ROC-AUC: 0.8046 - Val PR-AUC: 0.3776
[Fine-tune] Epoch 37/50 - Loss: 0.2557 - Val F1: 0.4498 - Val ROC-AUC: 0.8063 - Val PR-AUC: 0.3825
[Fine-tune] Epoch 38/50 - Loss: 0.2446 - Val F1: 0.4382 - Val ROC-AUC: 0.8148 - Val PR-AUC: 0.3891
[Fine-tune] Epoch 39/50 - Loss: 0.2449 - Val F1: 0.4593 - Val ROC-AUC: 0.8060 - Val PR-AUC: 0.3798
[Fine-tune] Epoch 40/50 - Loss: 0.2671 - Val F1: 0.4365 - Val ROC-AUC: 0.8084 - Val PR-AUC: 0.3784
[Fine-tune] Epoch 41/50 - Loss: 0.2351 - Val F1: 0.4311 - Val ROC-AUC: 0.8110 - Val PR-AUC: 0.3881
[Fine-tune] Epoch 42/50 - Loss: 0.2444 - Val F1: 0.4339 - Val ROC-AUC: 0.8062 - Val PR-AUC: 0.3912
[Fine-tune] Epoch 43/50 - Loss: 0.2423 - Val F1: 0.4370 - Val ROC-AUC: 0.8079 - Val PR-AUC: 0.3895
[Fine-tune] Epoch 44/50 - Loss: 0.2387 - Val F1: 0.4582 - Val ROC-AUC: 0.8123 - Val PR-AUC: 0.3944
[Fine-tune] Epoch 45/50 - Loss: 0.2363 - Val F1: 0.4366 - Val ROC-AUC: 0.8120 - Val PR-AUC: 0.3921
[Fine-tune] Epoch 46/50 - Loss: 0.2431 - Val F1: 0.4615 - Val ROC-AUC: 0.8073 - Val PR-AUC: 0.3799
[Fine-tune] Epoch 47/50 - Loss: 0.2377 - Val F1: 0.4392 - Val ROC-AUC: 0.8050 - Val PR-AUC: 0.3803
[Fine-tune] Epoch 48/50 - Loss: 0.2318 - Val F1: 0.4375 - Val ROC-AUC: 0.8048 - Val PR-AUC: 0.3786
[Fine-tune] Epoch 49/50 - Loss: 0.2320 - Val F1: 0.4461 - Val ROC-AUC: 0.8034 - Val PR-AUC: 0.3847
[Fine-tune] Epoch 50/50 - Loss: 0.2341 - Val F1: 0.4301 - Val ROC-AUC: 0.8044 - Val PR-AUC: 0.3778
Finetuning completed. Test F1: 0.4922, ROC-AUC: 0.8142, PR-AUC: 0.4320
[4/4] Visualizing embeddings...
