[1/4] Excel → CSV 변환 중...
Saved pretrain CSV for TOX21_ERa_LUC_VM7_Agonist: data/sample/TOX21_ERa_LUC_VM7_Agonist.csv
Saved pretrain CSV for TOX21_ERa_BLA_Antagonist_viability: data/sample/TOX21_ERa_BLA_Antagonist_viability.csv
Saved finetune CSV for TOX21_ERb_BLA_Antagonist_ratio: data/sample/TOX21_ERb_BLA_Antagonist_ratio.csv
Saved finetune CSV for TOX21_ERa_LUC_VM7_Agonist_10nM_ICI182780: data/sample/TOX21_ERa_LUC_VM7_Agonist_10nM_ICI182780.csv
[2/4] Pretraining on TOX21_ERa_LUC_VM7_Agonist using GIN_GCN...
Epoch 1/50 - Loss: 0.6836 - Val F1: 0.2731 - Val ROC-AUC: 0.6836 - Val PR-AUC: 0.3107
Epoch 2/50 - Loss: 0.6470 - Val F1: 0.3139 - Val ROC-AUC: 0.7142 - Val PR-AUC: 0.3397
Epoch 3/50 - Loss: 0.6485 - Val F1: 0.2658 - Val ROC-AUC: 0.7099 - Val PR-AUC: 0.2920
Epoch 4/50 - Loss: 0.6338 - Val F1: 0.2897 - Val ROC-AUC: 0.6959 - Val PR-AUC: 0.3201
Epoch 5/50 - Loss: 0.6217 - Val F1: 0.2967 - Val ROC-AUC: 0.7042 - Val PR-AUC: 0.3230
Epoch 6/50 - Loss: 0.6220 - Val F1: 0.2513 - Val ROC-AUC: 0.6847 - Val PR-AUC: 0.2968
Epoch 7/50 - Loss: 0.6205 - Val F1: 0.2258 - Val ROC-AUC: 0.6055 - Val PR-AUC: 0.2484
Epoch 8/50 - Loss: 0.6063 - Val F1: 0.2985 - Val ROC-AUC: 0.7081 - Val PR-AUC: 0.2892
Epoch 9/50 - Loss: 0.6048 - Val F1: 0.2884 - Val ROC-AUC: 0.6879 - Val PR-AUC: 0.2931
Epoch 10/50 - Loss: 0.5946 - Val F1: 0.3019 - Val ROC-AUC: 0.6468 - Val PR-AUC: 0.2714
Epoch 11/50 - Loss: 0.5782 - Val F1: 0.2746 - Val ROC-AUC: 0.6785 - Val PR-AUC: 0.3094
Epoch 12/50 - Loss: 0.5806 - Val F1: 0.3276 - Val ROC-AUC: 0.6832 - Val PR-AUC: 0.2790
Epoch 13/50 - Loss: 0.5610 - Val F1: 0.2912 - Val ROC-AUC: 0.7049 - Val PR-AUC: 0.3246
Epoch 14/50 - Loss: 0.5697 - Val F1: 0.2965 - Val ROC-AUC: 0.6882 - Val PR-AUC: 0.2865
Epoch 15/50 - Loss: 0.5688 - Val F1: 0.3085 - Val ROC-AUC: 0.7050 - Val PR-AUC: 0.3348
Epoch 16/50 - Loss: 0.5670 - Val F1: 0.2958 - Val ROC-AUC: 0.6684 - Val PR-AUC: 0.2648
Epoch 17/50 - Loss: 0.5578 - Val F1: 0.2824 - Val ROC-AUC: 0.6657 - Val PR-AUC: 0.3182
Epoch 18/50 - Loss: 0.5541 - Val F1: 0.2959 - Val ROC-AUC: 0.6734 - Val PR-AUC: 0.3223
Epoch 19/50 - Loss: 0.5452 - Val F1: 0.3207 - Val ROC-AUC: 0.6843 - Val PR-AUC: 0.2959
Epoch 20/50 - Loss: 0.5536 - Val F1: 0.3197 - Val ROC-AUC: 0.6839 - Val PR-AUC: 0.3210
Epoch 21/50 - Loss: 0.5329 - Val F1: 0.2926 - Val ROC-AUC: 0.6758 - Val PR-AUC: 0.3061
Epoch 22/50 - Loss: 0.5158 - Val F1: 0.2725 - Val ROC-AUC: 0.6725 - Val PR-AUC: 0.2709
Epoch 23/50 - Loss: 0.5194 - Val F1: 0.3032 - Val ROC-AUC: 0.6690 - Val PR-AUC: 0.2642
Epoch 24/50 - Loss: 0.5028 - Val F1: 0.2784 - Val ROC-AUC: 0.6602 - Val PR-AUC: 0.2716
Epoch 25/50 - Loss: 0.5048 - Val F1: 0.2784 - Val ROC-AUC: 0.6730 - Val PR-AUC: 0.2912
Epoch 26/50 - Loss: 0.4988 - Val F1: 0.3040 - Val ROC-AUC: 0.6697 - Val PR-AUC: 0.3064
Epoch 27/50 - Loss: 0.4978 - Val F1: 0.3333 - Val ROC-AUC: 0.6772 - Val PR-AUC: 0.2868
Epoch 28/50 - Loss: 0.4962 - Val F1: 0.2788 - Val ROC-AUC: 0.6690 - Val PR-AUC: 0.2965
Epoch 29/50 - Loss: 0.4899 - Val F1: 0.3309 - Val ROC-AUC: 0.6631 - Val PR-AUC: 0.3022
Epoch 30/50 - Loss: 0.4846 - Val F1: 0.3130 - Val ROC-AUC: 0.6821 - Val PR-AUC: 0.2846
Epoch 31/50 - Loss: 0.4635 - Val F1: 0.3009 - Val ROC-AUC: 0.6777 - Val PR-AUC: 0.2840
Epoch 32/50 - Loss: 0.4538 - Val F1: 0.2930 - Val ROC-AUC: 0.6684 - Val PR-AUC: 0.2872
Epoch 33/50 - Loss: 0.4468 - Val F1: 0.2882 - Val ROC-AUC: 0.6755 - Val PR-AUC: 0.3032
Epoch 34/50 - Loss: 0.4447 - Val F1: 0.2801 - Val ROC-AUC: 0.6724 - Val PR-AUC: 0.2920
Epoch 35/50 - Loss: 0.4371 - Val F1: 0.3276 - Val ROC-AUC: 0.6722 - Val PR-AUC: 0.2931
Epoch 36/50 - Loss: 0.4251 - Val F1: 0.3161 - Val ROC-AUC: 0.6623 - Val PR-AUC: 0.3044
Epoch 37/50 - Loss: 0.4386 - Val F1: 0.3098 - Val ROC-AUC: 0.6735 - Val PR-AUC: 0.3214
Epoch 38/50 - Loss: 0.4414 - Val F1: 0.2963 - Val ROC-AUC: 0.6629 - Val PR-AUC: 0.2946
Epoch 39/50 - Loss: 0.4223 - Val F1: 0.3115 - Val ROC-AUC: 0.6744 - Val PR-AUC: 0.2968
Epoch 40/50 - Loss: 0.4260 - Val F1: 0.3055 - Val ROC-AUC: 0.6816 - Val PR-AUC: 0.3150
Epoch 41/50 - Loss: 0.4195 - Val F1: 0.2963 - Val ROC-AUC: 0.6674 - Val PR-AUC: 0.2960
Epoch 42/50 - Loss: 0.4013 - Val F1: 0.3036 - Val ROC-AUC: 0.6678 - Val PR-AUC: 0.2904
Epoch 43/50 - Loss: 0.3939 - Val F1: 0.2883 - Val ROC-AUC: 0.6713 - Val PR-AUC: 0.3002
Epoch 44/50 - Loss: 0.3969 - Val F1: 0.2977 - Val ROC-AUC: 0.6664 - Val PR-AUC: 0.2929
Epoch 45/50 - Loss: 0.3978 - Val F1: 0.3192 - Val ROC-AUC: 0.6744 - Val PR-AUC: 0.3206
Epoch 46/50 - Loss: 0.3976 - Val F1: 0.2938 - Val ROC-AUC: 0.6746 - Val PR-AUC: 0.3306
Epoch 47/50 - Loss: 0.3874 - Val F1: 0.2908 - Val ROC-AUC: 0.6644 - Val PR-AUC: 0.2973
Epoch 48/50 - Loss: 0.3844 - Val F1: 0.2930 - Val ROC-AUC: 0.6610 - Val PR-AUC: 0.2888
Epoch 49/50 - Loss: 0.3808 - Val F1: 0.2953 - Val ROC-AUC: 0.6705 - Val PR-AUC: 0.3174
Epoch 50/50 - Loss: 0.3830 - Val F1: 0.3086 - Val ROC-AUC: 0.6763 - Val PR-AUC: 0.3183
Pretraining completed. Test F1: 0.3067, ROC-AUC: 0.6565, PR-AUC: 0.2854
[3/4] Finetuning on TOX21_ERb_BLA_Antagonist_ratio using GIN_GCN...
[Fine-tune] Epoch 1/30 - Loss: 0.6307 - Val F1: 0.4194 - Val ROC-AUC: 0.7184 - Val PR-AUC: 0.3768
[Fine-tune] Epoch 2/30 - Loss: 0.5616 - Val F1: 0.4866 - Val ROC-AUC: 0.7728 - Val PR-AUC: 0.4284
[Fine-tune] Epoch 3/30 - Loss: 0.5401 - Val F1: 0.4748 - Val ROC-AUC: 0.7727 - Val PR-AUC: 0.4453
[Fine-tune] Epoch 4/30 - Loss: 0.5295 - Val F1: 0.4568 - Val ROC-AUC: 0.7741 - Val PR-AUC: 0.4486
[Fine-tune] Epoch 5/30 - Loss: 0.5143 - Val F1: 0.5121 - Val ROC-AUC: 0.7936 - Val PR-AUC: 0.4770
[Fine-tune] Epoch 6/30 - Loss: 0.5074 - Val F1: 0.4596 - Val ROC-AUC: 0.7640 - Val PR-AUC: 0.4203
[Fine-tune] Epoch 7/30 - Loss: 0.4957 - Val F1: 0.4615 - Val ROC-AUC: 0.7779 - Val PR-AUC: 0.4431
[Fine-tune] Epoch 8/30 - Loss: 0.4765 - Val F1: 0.4738 - Val ROC-AUC: 0.7868 - Val PR-AUC: 0.4721
[Fine-tune] Epoch 9/30 - Loss: 0.4843 - Val F1: 0.4676 - Val ROC-AUC: 0.7678 - Val PR-AUC: 0.4438
[Fine-tune] Epoch 10/30 - Loss: 0.4553 - Val F1: 0.4743 - Val ROC-AUC: 0.7688 - Val PR-AUC: 0.4302
[Fine-tune] Epoch 11/30 - Loss: 0.4480 - Val F1: 0.5000 - Val ROC-AUC: 0.7846 - Val PR-AUC: 0.4654
[Fine-tune] Epoch 12/30 - Loss: 0.4410 - Val F1: 0.5000 - Val ROC-AUC: 0.7805 - Val PR-AUC: 0.4584
[Fine-tune] Epoch 13/30 - Loss: 0.4228 - Val F1: 0.4964 - Val ROC-AUC: 0.7835 - Val PR-AUC: 0.4736
[Fine-tune] Epoch 14/30 - Loss: 0.4289 - Val F1: 0.5108 - Val ROC-AUC: 0.7870 - Val PR-AUC: 0.4781
[Fine-tune] Epoch 15/30 - Loss: 0.4104 - Val F1: 0.4797 - Val ROC-AUC: 0.7863 - Val PR-AUC: 0.4639
[Fine-tune] Epoch 16/30 - Loss: 0.4134 - Val F1: 0.4904 - Val ROC-AUC: 0.7715 - Val PR-AUC: 0.4471
[Fine-tune] Epoch 17/30 - Loss: 0.4002 - Val F1: 0.4816 - Val ROC-AUC: 0.7769 - Val PR-AUC: 0.4637
[Fine-tune] Epoch 18/30 - Loss: 0.4061 - Val F1: 0.4786 - Val ROC-AUC: 0.7731 - Val PR-AUC: 0.4561
[Fine-tune] Epoch 19/30 - Loss: 0.4031 - Val F1: 0.4905 - Val ROC-AUC: 0.7803 - Val PR-AUC: 0.4489
[Fine-tune] Epoch 20/30 - Loss: 0.3879 - Val F1: 0.5169 - Val ROC-AUC: 0.7792 - Val PR-AUC: 0.4701
[Fine-tune] Epoch 21/30 - Loss: 0.3759 - Val F1: 0.4878 - Val ROC-AUC: 0.7820 - Val PR-AUC: 0.4870
[Fine-tune] Epoch 22/30 - Loss: 0.3662 - Val F1: 0.4860 - Val ROC-AUC: 0.7659 - Val PR-AUC: 0.4379
[Fine-tune] Epoch 23/30 - Loss: 0.3561 - Val F1: 0.5051 - Val ROC-AUC: 0.7742 - Val PR-AUC: 0.4421
[Fine-tune] Epoch 24/30 - Loss: 0.3582 - Val F1: 0.4792 - Val ROC-AUC: 0.7638 - Val PR-AUC: 0.4505
[Fine-tune] Epoch 25/30 - Loss: 0.3479 - Val F1: 0.4894 - Val ROC-AUC: 0.7719 - Val PR-AUC: 0.4750
[Fine-tune] Epoch 26/30 - Loss: 0.3618 - Val F1: 0.4752 - Val ROC-AUC: 0.7597 - Val PR-AUC: 0.4544
[Fine-tune] Epoch 27/30 - Loss: 0.3443 - Val F1: 0.4751 - Val ROC-AUC: 0.7685 - Val PR-AUC: 0.4667
[Fine-tune] Epoch 28/30 - Loss: 0.3372 - Val F1: 0.4920 - Val ROC-AUC: 0.7692 - Val PR-AUC: 0.4807
[Fine-tune] Epoch 29/30 - Loss: 0.3286 - Val F1: 0.5026 - Val ROC-AUC: 0.7589 - Val PR-AUC: 0.4506
[Fine-tune] Epoch 30/30 - Loss: 0.3209 - Val F1: 0.5054 - Val ROC-AUC: 0.7625 - Val PR-AUC: 0.4637
Finetuning completed. Test F1: 0.4734, ROC-AUC: 0.7801, PR-AUC: 0.3966
[3.1/4] Target-only training on TOX21_ERb_BLA_Antagonist_ratio using GIN_GCN...
=== Target-only training ===
[Target-only] Epoch 1/30 – Loss: 0.6290  Val F1: 0.4238  ROC-AUC: 0.7119  PR-AUC: 0.3506
[Target-only] Epoch 2/30 – Loss: 0.5818  Val F1: 0.4670  ROC-AUC: 0.7341  PR-AUC: 0.3864
[Target-only] Epoch 3/30 – Loss: 0.5699  Val F1: 0.4376  ROC-AUC: 0.7377  PR-AUC: 0.3638
[Target-only] Epoch 4/30 – Loss: 0.5555  Val F1: 0.4715  ROC-AUC: 0.7691  PR-AUC: 0.4300
[Target-only] Epoch 5/30 – Loss: 0.5413  Val F1: 0.4620  ROC-AUC: 0.7614  PR-AUC: 0.4390
[Target-only] Epoch 6/30 – Loss: 0.5334  Val F1: 0.4645  ROC-AUC: 0.7630  PR-AUC: 0.4355
[Target-only] Epoch 7/30 – Loss: 0.5369  Val F1: 0.4241  ROC-AUC: 0.7333  PR-AUC: 0.4030
[Target-only] Epoch 8/30 – Loss: 0.5315  Val F1: 0.4577  ROC-AUC: 0.7686  PR-AUC: 0.4311
[Target-only] Epoch 9/30 – Loss: 0.5069  Val F1: 0.4683  ROC-AUC: 0.7737  PR-AUC: 0.4406
[Target-only] Epoch 10/30 – Loss: 0.5278  Val F1: 0.4692  ROC-AUC: 0.7601  PR-AUC: 0.4057
[Target-only] Epoch 11/30 – Loss: 0.4836  Val F1: 0.4760  ROC-AUC: 0.7666  PR-AUC: 0.4343
[Target-only] Epoch 12/30 – Loss: 0.4896  Val F1: 0.4668  ROC-AUC: 0.7628  PR-AUC: 0.4338
[Target-only] Epoch 13/30 – Loss: 0.4780  Val F1: 0.4556  ROC-AUC: 0.7717  PR-AUC: 0.4420
[Target-only] Epoch 14/30 – Loss: 0.4760  Val F1: 0.4675  ROC-AUC: 0.7700  PR-AUC: 0.4485
[Target-only] Epoch 15/30 – Loss: 0.4701  Val F1: 0.4727  ROC-AUC: 0.7707  PR-AUC: 0.4588
[Target-only] Epoch 16/30 – Loss: 0.4676  Val F1: 0.4682  ROC-AUC: 0.7681  PR-AUC: 0.4236
[Target-only] Epoch 17/30 – Loss: 0.4584  Val F1: 0.4724  ROC-AUC: 0.7776  PR-AUC: 0.4491
[Target-only] Epoch 18/30 – Loss: 0.4429  Val F1: 0.4907  ROC-AUC: 0.7829  PR-AUC: 0.4627
[Target-only] Epoch 19/30 – Loss: 0.4609  Val F1: 0.4627  ROC-AUC: 0.7695  PR-AUC: 0.4426
[Target-only] Epoch 20/30 – Loss: 0.4617  Val F1: 0.4824  ROC-AUC: 0.7624  PR-AUC: 0.4028
[Target-only] Epoch 21/30 – Loss: 0.4290  Val F1: 0.4842  ROC-AUC: 0.7745  PR-AUC: 0.4624
[Target-only] Epoch 22/30 – Loss: 0.4253  Val F1: 0.4578  ROC-AUC: 0.7678  PR-AUC: 0.4393
[Target-only] Epoch 23/30 – Loss: 0.4280  Val F1: 0.5000  ROC-AUC: 0.7820  PR-AUC: 0.4694
[Target-only] Epoch 24/30 – Loss: 0.4301  Val F1: 0.4732  ROC-AUC: 0.7673  PR-AUC: 0.4420
[Target-only] Epoch 25/30 – Loss: 0.4055  Val F1: 0.4696  ROC-AUC: 0.7662  PR-AUC: 0.4647
[Target-only] Epoch 26/30 – Loss: 0.4052  Val F1: 0.4928  ROC-AUC: 0.7732  PR-AUC: 0.4482
[Target-only] Epoch 27/30 – Loss: 0.4101  Val F1: 0.4773  ROC-AUC: 0.7620  PR-AUC: 0.4283
[Target-only] Epoch 28/30 – Loss: 0.4016  Val F1: 0.4987  ROC-AUC: 0.7646  PR-AUC: 0.4425
[Target-only] Epoch 29/30 – Loss: 0.3932  Val F1: 0.4855  ROC-AUC: 0.7643  PR-AUC: 0.4451
[Target-only] Epoch 30/30 – Loss: 0.4073  Val F1: 0.5000  ROC-AUC: 0.7765  PR-AUC: 0.4595
=== Target-only TEST performance ===
Test F1: 0.5107, ROC-AUC: 0.7930, PR-AUC: 0.4377
[4/4] Embedding 시각화 중...
