[11:14:48] Can't kekulize mol.  Unkekulized atoms: 1 2 3 4 5
[11:14:48] Explicit valence for atom # 0 Cl, 2, is greater than permitted
[11:14:49] Can't kekulize mol.  Unkekulized atoms: 3 4 5 6 7
[11:14:50] Can't kekulize mol.  Unkekulized atoms: 3 4 5 6 7
[11:14:50] WARNING: not removing hydrogen atom without neighbors
[11:14:52] Explicit valence for atom # 3 Si, 8, is greater than permitted
[11:14:52] Can't kekulize mol.  Unkekulized atoms: 1 2 3 4 5
[11:14:52] Can't kekulize mol.  Unkekulized atoms: 3 4 5 6 7
[11:14:53] Can't kekulize mol.  Unkekulized atoms: 1 2 3 4 5
[11:14:53] WARNING: not removing hydrogen atom without neighbors
[11:14:54] Can't kekulize mol.  Unkekulized atoms: 1 2 3 4 5
[11:14:54] Explicit valence for atom # 6 O, 3, is greater than permitted
[11:14:54] Explicit valence for atom # 3 Si, 8, is greater than permitted
[11:14:54] Explicit valence for atom # 0 Cl, 2, is greater than permitted
[11:17:25] Can't kekulize mol.  Unkekulized atoms: 1 2 3 4 5
[11:17:25] Explicit valence for atom # 0 Cl, 2, is greater than permitted
[11:17:26] Can't kekulize mol.  Unkekulized atoms: 3 4 5 6 7
[11:17:26] Can't kekulize mol.  Unkekulized atoms: 3 4 5 6 7
[11:17:27] WARNING: not removing hydrogen atom without neighbors
[11:17:29] Explicit valence for atom # 3 Si, 8, is greater than permitted
[11:17:29] Can't kekulize mol.  Unkekulized atoms: 1 2 3 4 5
[11:17:29] Can't kekulize mol.  Unkekulized atoms: 3 4 5 6 7
[11:17:30] Can't kekulize mol.  Unkekulized atoms: 1 2 3 4 5
[11:17:30] WARNING: not removing hydrogen atom without neighbors
[11:17:30] Can't kekulize mol.  Unkekulized atoms: 1 2 3 4 5
[11:17:30] Explicit valence for atom # 6 O, 3, is greater than permitted
[11:17:30] Explicit valence for atom # 3 Si, 8, is greater than permitted
[11:17:31] Explicit valence for atom # 0 Cl, 2, is greater than permitted
[11:18:50] Can't kekulize mol.  Unkekulized atoms: 1 2 3 4 5
[11:18:51] Explicit valence for atom # 0 Cl, 2, is greater than permitted
[11:18:51] Can't kekulize mol.  Unkekulized atoms: 3 4 5 6 7
[11:18:52] Can't kekulize mol.  Unkekulized atoms: 3 4 5 6 7
[11:18:52] WARNING: not removing hydrogen atom without neighbors
[11:18:54] Explicit valence for atom # 3 Si, 8, is greater than permitted
[11:18:55] Can't kekulize mol.  Unkekulized atoms: 1 2 3 4 5
[11:18:55] Can't kekulize mol.  Unkekulized atoms: 3 4 5 6 7
[11:18:55] Can't kekulize mol.  Unkekulized atoms: 1 2 3 4 5
[11:18:55] WARNING: not removing hydrogen atom without neighbors
[11:18:56] Can't kekulize mol.  Unkekulized atoms: 1 2 3 4 5
[11:18:56] Explicit valence for atom # 6 O, 3, is greater than permitted
[11:18:56] Explicit valence for atom # 3 Si, 8, is greater than permitted
[11:18:56] Explicit valence for atom # 0 Cl, 2, is greater than permitted
