[1/4] Excel → CSV 변환 중...
Saved pretrain CSV for TOX21_ERa_BLA_Antagonist_ratio: data/sample/TOX21_ERa_BLA_Antagonist_ratio.csv
Saved pretrain CSV for TOX21_ERa_LUC_VM7_Agonist: data/sample/TOX21_ERa_LUC_VM7_Agonist.csv
Saved pretrain CSV for TOX21_ERa_BLA_Antagonist_viability: data/sample/TOX21_ERa_BLA_Antagonist_viability.csv
Saved pretrain CSV for TOX21_ERa_LUC_VM7_Antagonist_0.5nM_E2: data/sample/TOX21_ERa_LUC_VM7_Antagonist_0.5nM_E2.csv
Saved pretrain CSV for TOX21_ERa_BLA_Antagonist_ch2: data/sample/TOX21_ERa_BLA_Antagonist_ch2.csv
Saved pretrain CSV for TOX21_ERa_BLA_Antagonist_ch1: data/sample/TOX21_ERa_BLA_Antagonist_ch1.csv
Saved pretrain CSV for TOX21_ERa_LUC_VM7_Antagonist_0.5nM_E2_viability: data/sample/TOX21_ERa_LUC_VM7_Antagonist_0.5nM_E2_viability.csv
Saved pretrain CSV for TOX21_ERa_BLA_Agonist_ch2: data/sample/TOX21_ERa_BLA_Agonist_ch2.csv
Saved pretrain CSV for TOX21_ERa_BLA_Agonist_ch1: data/sample/TOX21_ERa_BLA_Agonist_ch1.csv
Saved pretrain CSV for TOX21_ERa_BLA_Agonist_ratio: data/sample/TOX21_ERa_BLA_Agonist_ratio.csv
Saved pretrain CSV for TOX21_ERb_BLA_Antagonist_ch1: data/sample/TOX21_ERb_BLA_Antagonist_ch1.csv
Saved pretrain CSV for TOX21_ERb_BLA_Antagonist_ch2: data/sample/TOX21_ERb_BLA_Antagonist_ch2.csv
Saved pretrain CSV for TOX21_ERb_BLA_Agonist_viability: data/sample/TOX21_ERb_BLA_Agonist_viability.csv
Saved pretrain CSV for TOX21_ERb_BLA_Agonist_ratio: data/sample/TOX21_ERb_BLA_Agonist_ratio.csv
Saved pretrain CSV for TOX21_ERb_BLA_Agonist_ch2: data/sample/TOX21_ERb_BLA_Agonist_ch2.csv
Saved pretrain CSV for TOX21_ERb_BLA_Agonist_ch1: data/sample/TOX21_ERb_BLA_Agonist_ch1.csv
Saved pretrain CSV for TOX21_ERR_LUC_Agonist: data/sample/TOX21_ERR_LUC_Agonist.csv
Saved pretrain CSV for TOX21_ERa_LUC_VM7_Agonist_10nM_ICI182780_viability: data/sample/TOX21_ERa_LUC_VM7_Agonist_10nM_ICI182780_viability.csv
Saved pretrain CSV for TOX21_ERa_LUC_VM7_Antagonist_0.1nM_E2: data/sample/TOX21_ERa_LUC_VM7_Antagonist_0.1nM_E2.csv
Saved pretrain CSV for TOX21_ERb_BLA_Antagonist_ratio: data/sample/TOX21_ERb_BLA_Antagonist_ratio.csv
Saved pretrain CSV for TOX21_ERa_LUC_VM7_Agonist_10nM_ICI182780: data/sample/TOX21_ERa_LUC_VM7_Agonist_10nM_ICI182780.csv
Saved pretrain CSV for TOX21_ERR_LUC_viability: data/sample/TOX21_ERR_LUC_viability.csv
Saved pretrain CSV for TOX21_ERR_LUC_Antagonist: data/sample/TOX21_ERR_LUC_Antagonist.csv
Saved pretrain CSV for TOX21_ERa_LUC_VM7_Antagonist_0.1nM_E2_viability: data/sample/TOX21_ERa_LUC_VM7_Antagonist_0.1nM_E2_viability.csv
Saved pretrain CSV for TOX21_ERb_BLA_Antagonist_viability: data/sample/TOX21_ERb_BLA_Antagonist_viability.csv
Saved finetune CSV for TOX21_ERa_BLA_Antagonist_ratio: data/sample/TOX21_ERa_BLA_Antagonist_ratio.csv
Saved finetune CSV for TOX21_ERa_LUC_VM7_Agonist: data/sample/TOX21_ERa_LUC_VM7_Agonist.csv
Saved finetune CSV for TOX21_ERa_BLA_Antagonist_viability: data/sample/TOX21_ERa_BLA_Antagonist_viability.csv
Saved finetune CSV for TOX21_ERa_LUC_VM7_Antagonist_0.5nM_E2: data/sample/TOX21_ERa_LUC_VM7_Antagonist_0.5nM_E2.csv
Saved finetune CSV for TOX21_ERa_BLA_Antagonist_ch2: data/sample/TOX21_ERa_BLA_Antagonist_ch2.csv
Saved finetune CSV for TOX21_ERa_BLA_Antagonist_ch1: data/sample/TOX21_ERa_BLA_Antagonist_ch1.csv
Saved finetune CSV for TOX21_ERa_LUC_VM7_Antagonist_0.5nM_E2_viability: data/sample/TOX21_ERa_LUC_VM7_Antagonist_0.5nM_E2_viability.csv
Saved finetune CSV for TOX21_ERa_BLA_Agonist_ch2: data/sample/TOX21_ERa_BLA_Agonist_ch2.csv
Saved finetune CSV for TOX21_ERa_BLA_Agonist_ch1: data/sample/TOX21_ERa_BLA_Agonist_ch1.csv
Saved finetune CSV for TOX21_ERa_BLA_Agonist_ratio: data/sample/TOX21_ERa_BLA_Agonist_ratio.csv
Saved finetune CSV for TOX21_ERb_BLA_Antagonist_ch1: data/sample/TOX21_ERb_BLA_Antagonist_ch1.csv
Saved finetune CSV for TOX21_ERb_BLA_Antagonist_ch2: data/sample/TOX21_ERb_BLA_Antagonist_ch2.csv
Saved finetune CSV for TOX21_ERb_BLA_Agonist_viability: data/sample/TOX21_ERb_BLA_Agonist_viability.csv
Saved finetune CSV for TOX21_ERb_BLA_Agonist_ratio: data/sample/TOX21_ERb_BLA_Agonist_ratio.csv
Saved finetune CSV for TOX21_ERb_BLA_Agonist_ch2: data/sample/TOX21_ERb_BLA_Agonist_ch2.csv
Saved finetune CSV for TOX21_ERb_BLA_Agonist_ch1: data/sample/TOX21_ERb_BLA_Agonist_ch1.csv
Saved finetune CSV for TOX21_ERR_LUC_Agonist: data/sample/TOX21_ERR_LUC_Agonist.csv
Saved finetune CSV for TOX21_ERa_LUC_VM7_Agonist_10nM_ICI182780_viability: data/sample/TOX21_ERa_LUC_VM7_Agonist_10nM_ICI182780_viability.csv
Saved finetune CSV for TOX21_ERa_LUC_VM7_Antagonist_0.1nM_E2: data/sample/TOX21_ERa_LUC_VM7_Antagonist_0.1nM_E2.csv
Saved finetune CSV for TOX21_ERb_BLA_Antagonist_ratio: data/sample/TOX21_ERb_BLA_Antagonist_ratio.csv
Saved finetune CSV for TOX21_ERa_LUC_VM7_Agonist_10nM_ICI182780: data/sample/TOX21_ERa_LUC_VM7_Agonist_10nM_ICI182780.csv
Saved finetune CSV for TOX21_ERR_LUC_viability: data/sample/TOX21_ERR_LUC_viability.csv
Saved finetune CSV for TOX21_ERR_LUC_Antagonist: data/sample/TOX21_ERR_LUC_Antagonist.csv
Saved finetune CSV for TOX21_ERa_LUC_VM7_Antagonist_0.1nM_E2_viability: data/sample/TOX21_ERa_LUC_VM7_Antagonist_0.1nM_E2_viability.csv
Saved finetune CSV for TOX21_ERb_BLA_Antagonist_viability: data/sample/TOX21_ERb_BLA_Antagonist_viability.csv
[2/4] Pretraining on TOX21_ERa_LUC_VM7_Agonist using GIN_GCN...
Epoch 1/100 - Loss: 0.6694 - Val F1: 0.2646 - Val ROC-AUC: 0.6399 - Val PR-AUC: 0.2557
Epoch 2/100 - Loss: 0.6415 - Val F1: 0.2297 - Val ROC-AUC: 0.6172 - Val PR-AUC: 0.2272
Epoch 3/100 - Loss: 0.6400 - Val F1: 0.3089 - Val ROC-AUC: 0.6761 - Val PR-AUC: 0.2942
Epoch 4/100 - Loss: 0.6280 - Val F1: 0.2840 - Val ROC-AUC: 0.6702 - Val PR-AUC: 0.2833
Epoch 5/100 - Loss: 0.6058 - Val F1: 0.2840 - Val ROC-AUC: 0.6542 - Val PR-AUC: 0.2605
Epoch 6/100 - Loss: 0.6088 - Val F1: 0.2811 - Val ROC-AUC: 0.6612 - Val PR-AUC: 0.2580
Epoch 7/100 - Loss: 0.5996 - Val F1: 0.2797 - Val ROC-AUC: 0.6905 - Val PR-AUC: 0.2999
Epoch 8/100 - Loss: 0.5954 - Val F1: 0.3264 - Val ROC-AUC: 0.6800 - Val PR-AUC: 0.2821
Epoch 9/100 - Loss: 0.5910 - Val F1: 0.2827 - Val ROC-AUC: 0.6737 - Val PR-AUC: 0.3045
Epoch 10/100 - Loss: 0.5882 - Val F1: 0.3051 - Val ROC-AUC: 0.6568 - Val PR-AUC: 0.2972
Epoch 11/100 - Loss: 0.5680 - Val F1: 0.2696 - Val ROC-AUC: 0.6657 - Val PR-AUC: 0.2921
Epoch 12/100 - Loss: 0.5654 - Val F1: 0.2815 - Val ROC-AUC: 0.6740 - Val PR-AUC: 0.2991
Epoch 13/100 - Loss: 0.5607 - Val F1: 0.2994 - Val ROC-AUC: 0.6881 - Val PR-AUC: 0.3252
Epoch 14/100 - Loss: 0.5577 - Val F1: 0.2937 - Val ROC-AUC: 0.6883 - Val PR-AUC: 0.3057
Epoch 15/100 - Loss: 0.5499 - Val F1: 0.2997 - Val ROC-AUC: 0.6691 - Val PR-AUC: 0.3216
Epoch 16/100 - Loss: 0.5479 - Val F1: 0.3361 - Val ROC-AUC: 0.6845 - Val PR-AUC: 0.3382
Epoch 17/100 - Loss: 0.5331 - Val F1: 0.3054 - Val ROC-AUC: 0.6871 - Val PR-AUC: 0.2893
Epoch 18/100 - Loss: 0.5249 - Val F1: 0.2924 - Val ROC-AUC: 0.6614 - Val PR-AUC: 0.3357
Epoch 19/100 - Loss: 0.5263 - Val F1: 0.3077 - Val ROC-AUC: 0.6812 - Val PR-AUC: 0.3369
Epoch 20/100 - Loss: 0.5322 - Val F1: 0.2938 - Val ROC-AUC: 0.6546 - Val PR-AUC: 0.2598
Epoch 21/100 - Loss: 0.5063 - Val F1: 0.3358 - Val ROC-AUC: 0.6953 - Val PR-AUC: 0.3294
Epoch 22/100 - Loss: 0.5028 - Val F1: 0.3168 - Val ROC-AUC: 0.6846 - Val PR-AUC: 0.3275
Epoch 23/100 - Loss: 0.4932 - Val F1: 0.3056 - Val ROC-AUC: 0.6850 - Val PR-AUC: 0.3275
Epoch 24/100 - Loss: 0.4776 - Val F1: 0.2976 - Val ROC-AUC: 0.6729 - Val PR-AUC: 0.3194
Epoch 25/100 - Loss: 0.4790 - Val F1: 0.3013 - Val ROC-AUC: 0.6858 - Val PR-AUC: 0.2889
Epoch 26/100 - Loss: 0.4785 - Val F1: 0.2939 - Val ROC-AUC: 0.6799 - Val PR-AUC: 0.3078
Epoch 27/100 - Loss: 0.4697 - Val F1: 0.3133 - Val ROC-AUC: 0.6854 - Val PR-AUC: 0.3231
Epoch 28/100 - Loss: 0.4602 - Val F1: 0.3021 - Val ROC-AUC: 0.6597 - Val PR-AUC: 0.3033
Epoch 29/100 - Loss: 0.4640 - Val F1: 0.3009 - Val ROC-AUC: 0.6622 - Val PR-AUC: 0.3091
Epoch 30/100 - Loss: 0.4572 - Val F1: 0.2953 - Val ROC-AUC: 0.6744 - Val PR-AUC: 0.3329
Epoch 31/100 - Loss: 0.4514 - Val F1: 0.3183 - Val ROC-AUC: 0.6768 - Val PR-AUC: 0.3179
Epoch 32/100 - Loss: 0.4409 - Val F1: 0.3007 - Val ROC-AUC: 0.6753 - Val PR-AUC: 0.3102
Epoch 33/100 - Loss: 0.4230 - Val F1: 0.3243 - Val ROC-AUC: 0.6814 - Val PR-AUC: 0.3144
Epoch 34/100 - Loss: 0.4217 - Val F1: 0.3180 - Val ROC-AUC: 0.6849 - Val PR-AUC: 0.3119
Epoch 35/100 - Loss: 0.4288 - Val F1: 0.3357 - Val ROC-AUC: 0.6834 - Val PR-AUC: 0.3221
Epoch 36/100 - Loss: 0.4151 - Val F1: 0.3119 - Val ROC-AUC: 0.6705 - Val PR-AUC: 0.3044
Epoch 37/100 - Loss: 0.3998 - Val F1: 0.3158 - Val ROC-AUC: 0.6830 - Val PR-AUC: 0.3192
Epoch 38/100 - Loss: 0.4030 - Val F1: 0.3481 - Val ROC-AUC: 0.6838 - Val PR-AUC: 0.3153
Epoch 39/100 - Loss: 0.4054 - Val F1: 0.3257 - Val ROC-AUC: 0.6699 - Val PR-AUC: 0.3018
Epoch 40/100 - Loss: 0.3943 - Val F1: 0.2924 - Val ROC-AUC: 0.6556 - Val PR-AUC: 0.2948
Epoch 41/100 - Loss: 0.3944 - Val F1: 0.3368 - Val ROC-AUC: 0.6883 - Val PR-AUC: 0.3164
Epoch 42/100 - Loss: 0.3929 - Val F1: 0.3082 - Val ROC-AUC: 0.6707 - Val PR-AUC: 0.2939
Epoch 43/100 - Loss: 0.3829 - Val F1: 0.3275 - Val ROC-AUC: 0.6887 - Val PR-AUC: 0.3186
Epoch 44/100 - Loss: 0.3808 - Val F1: 0.3206 - Val ROC-AUC: 0.6878 - Val PR-AUC: 0.3171
Epoch 45/100 - Loss: 0.3849 - Val F1: 0.3217 - Val ROC-AUC: 0.6902 - Val PR-AUC: 0.3249
Epoch 46/100 - Loss: 0.3745 - Val F1: 0.3345 - Val ROC-AUC: 0.6778 - Val PR-AUC: 0.3130
Epoch 47/100 - Loss: 0.3659 - Val F1: 0.3245 - Val ROC-AUC: 0.6813 - Val PR-AUC: 0.3051
Epoch 48/100 - Loss: 0.3724 - Val F1: 0.3151 - Val ROC-AUC: 0.6898 - Val PR-AUC: 0.3149
Epoch 49/100 - Loss: 0.3609 - Val F1: 0.3259 - Val ROC-AUC: 0.6910 - Val PR-AUC: 0.3122
Epoch 50/100 - Loss: 0.3809 - Val F1: 0.3206 - Val ROC-AUC: 0.6868 - Val PR-AUC: 0.3048
Epoch 51/100 - Loss: 0.3645 - Val F1: 0.3239 - Val ROC-AUC: 0.6846 - Val PR-AUC: 0.3079
Epoch 52/100 - Loss: 0.3540 - Val F1: 0.3289 - Val ROC-AUC: 0.6827 - Val PR-AUC: 0.3178
Epoch 53/100 - Loss: 0.3573 - Val F1: 0.3357 - Val ROC-AUC: 0.6859 - Val PR-AUC: 0.3244
Epoch 54/100 - Loss: 0.3576 - Val F1: 0.3481 - Val ROC-AUC: 0.6969 - Val PR-AUC: 0.3238
Epoch 55/100 - Loss: 0.3455 - Val F1: 0.3429 - Val ROC-AUC: 0.6901 - Val PR-AUC: 0.3177
Epoch 56/100 - Loss: 0.3501 - Val F1: 0.3358 - Val ROC-AUC: 0.6885 - Val PR-AUC: 0.3148
Epoch 57/100 - Loss: 0.3503 - Val F1: 0.3228 - Val ROC-AUC: 0.6870 - Val PR-AUC: 0.3149
Epoch 58/100 - Loss: 0.3443 - Val F1: 0.3466 - Val ROC-AUC: 0.6883 - Val PR-AUC: 0.3234
Epoch 59/100 - Loss: 0.3504 - Val F1: 0.3296 - Val ROC-AUC: 0.6916 - Val PR-AUC: 0.3145
Epoch 60/100 - Loss: 0.3500 - Val F1: 0.3453 - Val ROC-AUC: 0.6935 - Val PR-AUC: 0.3254
Epoch 61/100 - Loss: 0.3462 - Val F1: 0.3529 - Val ROC-AUC: 0.6896 - Val PR-AUC: 0.3246
Epoch 62/100 - Loss: 0.3266 - Val F1: 0.3521 - Val ROC-AUC: 0.6899 - Val PR-AUC: 0.3219
Epoch 63/100 - Loss: 0.3378 - Val F1: 0.3481 - Val ROC-AUC: 0.6911 - Val PR-AUC: 0.3230
Epoch 64/100 - Loss: 0.3371 - Val F1: 0.3321 - Val ROC-AUC: 0.6940 - Val PR-AUC: 0.3219
Epoch 65/100 - Loss: 0.3310 - Val F1: 0.3276 - Val ROC-AUC: 0.6915 - Val PR-AUC: 0.3271
Epoch 66/100 - Loss: 0.3491 - Val F1: 0.3453 - Val ROC-AUC: 0.6894 - Val PR-AUC: 0.3205
Epoch 67/100 - Loss: 0.3334 - Val F1: 0.3322 - Val ROC-AUC: 0.6961 - Val PR-AUC: 0.3308
Epoch 68/100 - Loss: 0.3260 - Val F1: 0.3310 - Val ROC-AUC: 0.6976 - Val PR-AUC: 0.3291
Epoch 69/100 - Loss: 0.3362 - Val F1: 0.3433 - Val ROC-AUC: 0.6959 - Val PR-AUC: 0.3244
Epoch 70/100 - Loss: 0.3306 - Val F1: 0.3420 - Val ROC-AUC: 0.6904 - Val PR-AUC: 0.3366
Epoch 71/100 - Loss: 0.3252 - Val F1: 0.3406 - Val ROC-AUC: 0.6874 - Val PR-AUC: 0.3236
Epoch 72/100 - Loss: 0.3300 - Val F1: 0.3368 - Val ROC-AUC: 0.6916 - Val PR-AUC: 0.3232
Epoch 73/100 - Loss: 0.3273 - Val F1: 0.3491 - Val ROC-AUC: 0.6932 - Val PR-AUC: 0.3268
Epoch 74/100 - Loss: 0.3393 - Val F1: 0.3357 - Val ROC-AUC: 0.6957 - Val PR-AUC: 0.3254
Epoch 75/100 - Loss: 0.3332 - Val F1: 0.3333 - Val ROC-AUC: 0.6965 - Val PR-AUC: 0.3219
Epoch 76/100 - Loss: 0.3311 - Val F1: 0.3538 - Val ROC-AUC: 0.6961 - Val PR-AUC: 0.3269
Epoch 77/100 - Loss: 0.3239 - Val F1: 0.3394 - Val ROC-AUC: 0.6941 - Val PR-AUC: 0.3261
Epoch 78/100 - Loss: 0.3360 - Val F1: 0.3521 - Val ROC-AUC: 0.6925 - Val PR-AUC: 0.3250
Epoch 79/100 - Loss: 0.3182 - Val F1: 0.3448 - Val ROC-AUC: 0.6902 - Val PR-AUC: 0.3242
Epoch 80/100 - Loss: 0.3093 - Val F1: 0.3371 - Val ROC-AUC: 0.6891 - Val PR-AUC: 0.3233
Epoch 81/100 - Loss: 0.3263 - Val F1: 0.3346 - Val ROC-AUC: 0.6937 - Val PR-AUC: 0.3267
Epoch 82/100 - Loss: 0.3280 - Val F1: 0.3379 - Val ROC-AUC: 0.6878 - Val PR-AUC: 0.3212
Epoch 83/100 - Loss: 0.3232 - Val F1: 0.3406 - Val ROC-AUC: 0.6945 - Val PR-AUC: 0.3289
Epoch 84/100 - Loss: 0.3211 - Val F1: 0.3485 - Val ROC-AUC: 0.6893 - Val PR-AUC: 0.3224
Epoch 85/100 - Loss: 0.3297 - Val F1: 0.3392 - Val ROC-AUC: 0.6924 - Val PR-AUC: 0.3232
Epoch 86/100 - Loss: 0.3301 - Val F1: 0.3369 - Val ROC-AUC: 0.6913 - Val PR-AUC: 0.3196
Epoch 87/100 - Loss: 0.3264 - Val F1: 0.3525 - Val ROC-AUC: 0.6935 - Val PR-AUC: 0.3203
Epoch 88/100 - Loss: 0.3203 - Val F1: 0.3529 - Val ROC-AUC: 0.6961 - Val PR-AUC: 0.3250
Epoch 89/100 - Loss: 0.3339 - Val F1: 0.3368 - Val ROC-AUC: 0.6933 - Val PR-AUC: 0.3257
Epoch 90/100 - Loss: 0.3357 - Val F1: 0.3443 - Val ROC-AUC: 0.6915 - Val PR-AUC: 0.3238
Epoch 91/100 - Loss: 0.3280 - Val F1: 0.3556 - Val ROC-AUC: 0.6891 - Val PR-AUC: 0.3258
Epoch 92/100 - Loss: 0.3271 - Val F1: 0.3472 - Val ROC-AUC: 0.6961 - Val PR-AUC: 0.3248
Epoch 93/100 - Loss: 0.3260 - Val F1: 0.3415 - Val ROC-AUC: 0.6921 - Val PR-AUC: 0.3240
Epoch 94/100 - Loss: 0.3328 - Val F1: 0.3588 - Val ROC-AUC: 0.6896 - Val PR-AUC: 0.3212
Epoch 95/100 - Loss: 0.3236 - Val F1: 0.3404 - Val ROC-AUC: 0.6896 - Val PR-AUC: 0.3229
Epoch 96/100 - Loss: 0.3182 - Val F1: 0.3431 - Val ROC-AUC: 0.6905 - Val PR-AUC: 0.3228
Epoch 97/100 - Loss: 0.3216 - Val F1: 0.3404 - Val ROC-AUC: 0.6898 - Val PR-AUC: 0.3229
Epoch 98/100 - Loss: 0.3174 - Val F1: 0.3529 - Val ROC-AUC: 0.6954 - Val PR-AUC: 0.3290
Epoch 99/100 - Loss: 0.3352 - Val F1: 0.3396 - Val ROC-AUC: 0.6877 - Val PR-AUC: 0.3203
Epoch 100/100 - Loss: 0.3271 - Val F1: 0.3463 - Val ROC-AUC: 0.6949 - Val PR-AUC: 0.3250
Pretraining completed. Test F1: 0.3197, ROC-AUC: 0.6643, PR-AUC: 0.2926
[3/4] Finetuning on TOX21_ERa_BLA_Agonist_ratio using GIN_GCN...
[Fine-tune] Epoch 1/50 - Loss: 0.5552 - Val F1: 0.2323 - Val ROC-AUC: 0.7476 - Val PR-AUC: 0.3054
[Fine-tune] Epoch 2/50 - Loss: 0.4307 - Val F1: 0.3134 - Val ROC-AUC: 0.7529 - Val PR-AUC: 0.3131
[Fine-tune] Epoch 3/50 - Loss: 0.3860 - Val F1: 0.2800 - Val ROC-AUC: 0.7580 - Val PR-AUC: 0.3385
[Fine-tune] Epoch 4/50 - Loss: 0.3655 - Val F1: 0.2371 - Val ROC-AUC: 0.7237 - Val PR-AUC: 0.2295
[Fine-tune] Epoch 5/50 - Loss: 0.3304 - Val F1: 0.2180 - Val ROC-AUC: 0.7445 - Val PR-AUC: 0.2781
[Fine-tune] Epoch 6/50 - Loss: 0.3227 - Val F1: 0.3453 - Val ROC-AUC: 0.7819 - Val PR-AUC: 0.2922
[Fine-tune] Epoch 7/50 - Loss: 0.2948 - Val F1: 0.2556 - Val ROC-AUC: 0.7567 - Val PR-AUC: 0.2766
[Fine-tune] Epoch 8/50 - Loss: 0.2789 - Val F1: 0.3022 - Val ROC-AUC: 0.7509 - Val PR-AUC: 0.2657
[Fine-tune] Epoch 9/50 - Loss: 0.2885 - Val F1: 0.2000 - Val ROC-AUC: 0.7199 - Val PR-AUC: 0.2279
[Fine-tune] Epoch 10/50 - Loss: 0.2554 - Val F1: 0.2487 - Val ROC-AUC: 0.7632 - Val PR-AUC: 0.3000
[Fine-tune] Epoch 11/50 - Loss: 0.2359 - Val F1: 0.2644 - Val ROC-AUC: 0.7576 - Val PR-AUC: 0.2935
[Fine-tune] Epoch 12/50 - Loss: 0.2228 - Val F1: 0.2993 - Val ROC-AUC: 0.7660 - Val PR-AUC: 0.2879
[Fine-tune] Epoch 13/50 - Loss: 0.1927 - Val F1: 0.2469 - Val ROC-AUC: 0.7588 - Val PR-AUC: 0.2927
[Fine-tune] Epoch 14/50 - Loss: 0.2056 - Val F1: 0.2515 - Val ROC-AUC: 0.7580 - Val PR-AUC: 0.2778
[Fine-tune] Epoch 15/50 - Loss: 0.1989 - Val F1: 0.2745 - Val ROC-AUC: 0.7574 - Val PR-AUC: 0.2491
[Fine-tune] Epoch 16/50 - Loss: 0.1965 - Val F1: 0.2824 - Val ROC-AUC: 0.7659 - Val PR-AUC: 0.2374
[Fine-tune] Epoch 17/50 - Loss: 0.1933 - Val F1: 0.2917 - Val ROC-AUC: 0.7580 - Val PR-AUC: 0.2724
[Fine-tune] Epoch 18/50 - Loss: 0.1680 - Val F1: 0.2584 - Val ROC-AUC: 0.7417 - Val PR-AUC: 0.2849
[Fine-tune] Epoch 19/50 - Loss: 0.1620 - Val F1: 0.3022 - Val ROC-AUC: 0.7483 - Val PR-AUC: 0.1988
[Fine-tune] Epoch 20/50 - Loss: 0.1677 - Val F1: 0.3165 - Val ROC-AUC: 0.7648 - Val PR-AUC: 0.2299
[Fine-tune] Epoch 21/50 - Loss: 0.1486 - Val F1: 0.3030 - Val ROC-AUC: 0.7570 - Val PR-AUC: 0.2601
[Fine-tune] Epoch 22/50 - Loss: 0.1298 - Val F1: 0.2857 - Val ROC-AUC: 0.7463 - Val PR-AUC: 0.2265
[Fine-tune] Epoch 23/50 - Loss: 0.1328 - Val F1: 0.2734 - Val ROC-AUC: 0.7491 - Val PR-AUC: 0.2380
[Fine-tune] Epoch 24/50 - Loss: 0.1262 - Val F1: 0.3089 - Val ROC-AUC: 0.7465 - Val PR-AUC: 0.2132
[Fine-tune] Epoch 25/50 - Loss: 0.1283 - Val F1: 0.2815 - Val ROC-AUC: 0.7391 - Val PR-AUC: 0.2235
[Fine-tune] Epoch 26/50 - Loss: 0.1230 - Val F1: 0.3121 - Val ROC-AUC: 0.7506 - Val PR-AUC: 0.2920
[Fine-tune] Epoch 27/50 - Loss: 0.1165 - Val F1: 0.2901 - Val ROC-AUC: 0.7405 - Val PR-AUC: 0.2126
[Fine-tune] Epoch 28/50 - Loss: 0.1240 - Val F1: 0.2621 - Val ROC-AUC: 0.7480 - Val PR-AUC: 0.2406
[Fine-tune] Epoch 29/50 - Loss: 0.1196 - Val F1: 0.3008 - Val ROC-AUC: 0.7451 - Val PR-AUC: 0.2479
[Fine-tune] Epoch 30/50 - Loss: 0.1206 - Val F1: 0.2621 - Val ROC-AUC: 0.7346 - Val PR-AUC: 0.2172
[Fine-tune] Epoch 31/50 - Loss: 0.1028 - Val F1: 0.2647 - Val ROC-AUC: 0.7536 - Val PR-AUC: 0.2143
[Fine-tune] Epoch 32/50 - Loss: 0.1042 - Val F1: 0.2794 - Val ROC-AUC: 0.7528 - Val PR-AUC: 0.2218
[Fine-tune] Epoch 33/50 - Loss: 0.0947 - Val F1: 0.2946 - Val ROC-AUC: 0.7588 - Val PR-AUC: 0.2357
[Fine-tune] Epoch 34/50 - Loss: 0.0879 - Val F1: 0.2923 - Val ROC-AUC: 0.7516 - Val PR-AUC: 0.2175
[Fine-tune] Epoch 35/50 - Loss: 0.0996 - Val F1: 0.2969 - Val ROC-AUC: 0.7549 - Val PR-AUC: 0.2247
[Fine-tune] Epoch 36/50 - Loss: 0.0955 - Val F1: 0.2537 - Val ROC-AUC: 0.7414 - Val PR-AUC: 0.2083
[Fine-tune] Epoch 37/50 - Loss: 0.0951 - Val F1: 0.2754 - Val ROC-AUC: 0.7497 - Val PR-AUC: 0.2219
[Fine-tune] Epoch 38/50 - Loss: 0.0886 - Val F1: 0.2836 - Val ROC-AUC: 0.7456 - Val PR-AUC: 0.2136
[Fine-tune] Epoch 39/50 - Loss: 0.0857 - Val F1: 0.2517 - Val ROC-AUC: 0.7372 - Val PR-AUC: 0.2192
[Fine-tune] Epoch 40/50 - Loss: 0.0979 - Val F1: 0.2656 - Val ROC-AUC: 0.7277 - Val PR-AUC: 0.1863
[Fine-tune] Epoch 41/50 - Loss: 0.0840 - Val F1: 0.2645 - Val ROC-AUC: 0.7381 - Val PR-AUC: 0.2081
[Fine-tune] Epoch 42/50 - Loss: 0.0862 - Val F1: 0.3040 - Val ROC-AUC: 0.7358 - Val PR-AUC: 0.2064
[Fine-tune] Epoch 43/50 - Loss: 0.0799 - Val F1: 0.2880 - Val ROC-AUC: 0.7379 - Val PR-AUC: 0.2096
[Fine-tune] Epoch 44/50 - Loss: 0.0809 - Val F1: 0.2901 - Val ROC-AUC: 0.7354 - Val PR-AUC: 0.2168
[Fine-tune] Epoch 45/50 - Loss: 0.0841 - Val F1: 0.2556 - Val ROC-AUC: 0.7350 - Val PR-AUC: 0.1972
[Fine-tune] Epoch 46/50 - Loss: 0.0813 - Val F1: 0.2742 - Val ROC-AUC: 0.7357 - Val PR-AUC: 0.1993
[Fine-tune] Epoch 47/50 - Loss: 0.0803 - Val F1: 0.2836 - Val ROC-AUC: 0.7427 - Val PR-AUC: 0.2129
[Fine-tune] Epoch 48/50 - Loss: 0.0737 - Val F1: 0.3103 - Val ROC-AUC: 0.7355 - Val PR-AUC: 0.1956
[Fine-tune] Epoch 49/50 - Loss: 0.0754 - Val F1: 0.2901 - Val ROC-AUC: 0.7343 - Val PR-AUC: 0.2026
[Fine-tune] Epoch 50/50 - Loss: 0.0806 - Val F1: 0.2857 - Val ROC-AUC: 0.7327 - Val PR-AUC: 0.1997
Finetuning completed. Test F1: 0.3158, ROC-AUC: 0.8081, PR-AUC: 0.3364
[3.1/4] Target-only training on TOX21_ERa_BLA_Agonist_ratio using GIN_GCN...
=== Target-only training ===
[Target-only] Epoch 1/50 – Loss: 0.5731  Val F1: 0.2159  ROC-AUC: 0.7260  PR-AUC: 0.1932
[Target-only] Epoch 2/50 – Loss: 0.5105  Val F1: 0.2099  ROC-AUC: 0.6586  PR-AUC: 0.0991
[Target-only] Epoch 3/50 – Loss: 0.4906  Val F1: 0.2007  ROC-AUC: 0.7501  PR-AUC: 0.2051
[Target-only] Epoch 4/50 – Loss: 0.4676  Val F1: 0.1862  ROC-AUC: 0.7428  PR-AUC: 0.1821
[Target-only] Epoch 5/50 – Loss: 0.4523  Val F1: 0.1720  ROC-AUC: 0.6985  PR-AUC: 0.2164
[Target-only] Epoch 6/50 – Loss: 0.4429  Val F1: 0.2157  ROC-AUC: 0.6978  PR-AUC: 0.1576
[Target-only] Epoch 7/50 – Loss: 0.4173  Val F1: 0.2326  ROC-AUC: 0.7565  PR-AUC: 0.2073
[Target-only] Epoch 8/50 – Loss: 0.4069  Val F1: 0.2113  ROC-AUC: 0.7817  PR-AUC: 0.2500
[Target-only] Epoch 9/50 – Loss: 0.3801  Val F1: 0.2132  ROC-AUC: 0.7950  PR-AUC: 0.2907
[Target-only] Epoch 10/50 – Loss: 0.3686  Val F1: 0.2386  ROC-AUC: 0.7883  PR-AUC: 0.2547
[Target-only] Epoch 11/50 – Loss: 0.3368  Val F1: 0.2517  ROC-AUC: 0.7721  PR-AUC: 0.2646
[Target-only] Epoch 12/50 – Loss: 0.3322  Val F1: 0.2358  ROC-AUC: 0.7811  PR-AUC: 0.2655
[Target-only] Epoch 13/50 – Loss: 0.3069  Val F1: 0.2927  ROC-AUC: 0.7903  PR-AUC: 0.2607
[Target-only] Epoch 14/50 – Loss: 0.3008  Val F1: 0.2211  ROC-AUC: 0.7720  PR-AUC: 0.2586
[Target-only] Epoch 15/50 – Loss: 0.2925  Val F1: 0.2260  ROC-AUC: 0.7363  PR-AUC: 0.2100
[Target-only] Epoch 16/50 – Loss: 0.2761  Val F1: 0.2172  ROC-AUC: 0.7803  PR-AUC: 0.2602
[Target-only] Epoch 17/50 – Loss: 0.2715  Val F1: 0.2092  ROC-AUC: 0.7602  PR-AUC: 0.2808
[Target-only] Epoch 18/50 – Loss: 0.2654  Val F1: 0.2378  ROC-AUC: 0.7592  PR-AUC: 0.2516
[Target-only] Epoch 19/50 – Loss: 0.2541  Val F1: 0.2444  ROC-AUC: 0.7756  PR-AUC: 0.2911
[Target-only] Epoch 20/50 – Loss: 0.2424  Val F1: 0.2463  ROC-AUC: 0.7697  PR-AUC: 0.3154
[Target-only] Epoch 21/50 – Loss: 0.2222  Val F1: 0.2690  ROC-AUC: 0.7649  PR-AUC: 0.3168
[Target-only] Epoch 22/50 – Loss: 0.2099  Val F1: 0.2500  ROC-AUC: 0.7709  PR-AUC: 0.2608
[Target-only] Epoch 23/50 – Loss: 0.1974  Val F1: 0.2733  ROC-AUC: 0.7664  PR-AUC: 0.2702
[Target-only] Epoch 24/50 – Loss: 0.2061  Val F1: 0.2927  ROC-AUC: 0.7486  PR-AUC: 0.2731
[Target-only] Epoch 25/50 – Loss: 0.1701  Val F1: 0.2530  ROC-AUC: 0.7648  PR-AUC: 0.2657
[Target-only] Epoch 26/50 – Loss: 0.1771  Val F1: 0.2262  ROC-AUC: 0.7510  PR-AUC: 0.2280
[Target-only] Epoch 27/50 – Loss: 0.1560  Val F1: 0.2469  ROC-AUC: 0.7522  PR-AUC: 0.2583
[Target-only] Epoch 28/50 – Loss: 0.1619  Val F1: 0.2326  ROC-AUC: 0.7472  PR-AUC: 0.2971
[Target-only] Epoch 29/50 – Loss: 0.1598  Val F1: 0.2614  ROC-AUC: 0.7643  PR-AUC: 0.2993
[Target-only] Epoch 30/50 – Loss: 0.1527  Val F1: 0.2590  ROC-AUC: 0.7658  PR-AUC: 0.2371
[Target-only] Epoch 31/50 – Loss: 0.1391  Val F1: 0.2469  ROC-AUC: 0.7516  PR-AUC: 0.2426
[Target-only] Epoch 32/50 – Loss: 0.1372  Val F1: 0.2222  ROC-AUC: 0.7501  PR-AUC: 0.2415
[Target-only] Epoch 33/50 – Loss: 0.1212  Val F1: 0.2838  ROC-AUC: 0.7663  PR-AUC: 0.2384
[Target-only] Epoch 34/50 – Loss: 0.1286  Val F1: 0.2953  ROC-AUC: 0.7689  PR-AUC: 0.2654
[Target-only] Epoch 35/50 – Loss: 0.1238  Val F1: 0.2800  ROC-AUC: 0.7599  PR-AUC: 0.2648
[Target-only] Epoch 36/50 – Loss: 0.1246  Val F1: 0.2953  ROC-AUC: 0.7667  PR-AUC: 0.2912
[Target-only] Epoch 37/50 – Loss: 0.1081  Val F1: 0.2667  ROC-AUC: 0.7637  PR-AUC: 0.2411
[Target-only] Epoch 38/50 – Loss: 0.1102  Val F1: 0.2812  ROC-AUC: 0.7591  PR-AUC: 0.2211
[Target-only] Epoch 39/50 – Loss: 0.1148  Val F1: 0.2836  ROC-AUC: 0.7415  PR-AUC: 0.2053
[Target-only] Epoch 40/50 – Loss: 0.1166  Val F1: 0.3143  ROC-AUC: 0.7547  PR-AUC: 0.2504
[Target-only] Epoch 41/50 – Loss: 0.1057  Val F1: 0.2835  ROC-AUC: 0.7557  PR-AUC: 0.2356
[Target-only] Epoch 42/50 – Loss: 0.1105  Val F1: 0.2923  ROC-AUC: 0.7534  PR-AUC: 0.2437
[Target-only] Epoch 43/50 – Loss: 0.1123  Val F1: 0.3077  ROC-AUC: 0.7460  PR-AUC: 0.2286
[Target-only] Epoch 44/50 – Loss: 0.1009  Val F1: 0.3140  ROC-AUC: 0.7474  PR-AUC: 0.2283
[Target-only] Epoch 45/50 – Loss: 0.1116  Val F1: 0.2979  ROC-AUC: 0.7587  PR-AUC: 0.2304
[Target-only] Epoch 46/50 – Loss: 0.0997  Val F1: 0.3235  ROC-AUC: 0.7642  PR-AUC: 0.2564
[Target-only] Epoch 47/50 – Loss: 0.0964  Val F1: 0.2812  ROC-AUC: 0.7591  PR-AUC: 0.2167
[Target-only] Epoch 48/50 – Loss: 0.0901  Val F1: 0.2975  ROC-AUC: 0.7494  PR-AUC: 0.2150
[Target-only] Epoch 49/50 – Loss: 0.1116  Val F1: 0.2810  ROC-AUC: 0.7551  PR-AUC: 0.2317
[Target-only] Epoch 50/50 – Loss: 0.0901  Val F1: 0.3111  ROC-AUC: 0.7557  PR-AUC: 0.2309
=== Target-only TEST performance ===
Test F1: 0.3382, ROC-AUC: 0.7466, PR-AUC: 0.2790
✅ 실험 완료: TOX21_ERa_LUC_VM7_Agonist -> TOX21_ERa_BLA_Agonist_ratio [GIN_GCN]
