[1/4] Excel → CSV 변환 중...
Saved pretrain CSV for TOX21_ERa_BLA_Antagonist_ratio: data/sample/TOX21_ERa_BLA_Antagonist_ratio.csv
Saved pretrain CSV for TOX21_ERa_LUC_VM7_Agonist: data/sample/TOX21_ERa_LUC_VM7_Agonist.csv
Saved pretrain CSV for TOX21_ERa_BLA_Antagonist_viability: data/sample/TOX21_ERa_BLA_Antagonist_viability.csv
Saved pretrain CSV for TOX21_ERa_LUC_VM7_Antagonist_0.5nM_E2: data/sample/TOX21_ERa_LUC_VM7_Antagonist_0.5nM_E2.csv
Saved pretrain CSV for TOX21_ERa_BLA_Antagonist_ch2: data/sample/TOX21_ERa_BLA_Antagonist_ch2.csv
Saved pretrain CSV for TOX21_ERa_BLA_Antagonist_ch1: data/sample/TOX21_ERa_BLA_Antagonist_ch1.csv
Saved pretrain CSV for TOX21_ERa_LUC_VM7_Antagonist_0.5nM_E2_viability: data/sample/TOX21_ERa_LUC_VM7_Antagonist_0.5nM_E2_viability.csv
Saved pretrain CSV for TOX21_ERa_BLA_Agonist_ch2: data/sample/TOX21_ERa_BLA_Agonist_ch2.csv
Saved pretrain CSV for TOX21_ERa_BLA_Agonist_ch1: data/sample/TOX21_ERa_BLA_Agonist_ch1.csv
Saved pretrain CSV for TOX21_ERa_BLA_Agonist_ratio: data/sample/TOX21_ERa_BLA_Agonist_ratio.csv
Saved pretrain CSV for TOX21_ERb_BLA_Antagonist_ch1: data/sample/TOX21_ERb_BLA_Antagonist_ch1.csv
Saved pretrain CSV for TOX21_ERb_BLA_Antagonist_ch2: data/sample/TOX21_ERb_BLA_Antagonist_ch2.csv
Saved pretrain CSV for TOX21_ERb_BLA_Agonist_viability: data/sample/TOX21_ERb_BLA_Agonist_viability.csv
Saved pretrain CSV for TOX21_ERb_BLA_Agonist_ratio: data/sample/TOX21_ERb_BLA_Agonist_ratio.csv
Saved pretrain CSV for TOX21_ERb_BLA_Agonist_ch2: data/sample/TOX21_ERb_BLA_Agonist_ch2.csv
Saved pretrain CSV for TOX21_ERb_BLA_Agonist_ch1: data/sample/TOX21_ERb_BLA_Agonist_ch1.csv
Saved pretrain CSV for TOX21_ERR_LUC_Agonist: data/sample/TOX21_ERR_LUC_Agonist.csv
Saved pretrain CSV for TOX21_ERa_LUC_VM7_Agonist_10nM_ICI182780_viability: data/sample/TOX21_ERa_LUC_VM7_Agonist_10nM_ICI182780_viability.csv
Saved pretrain CSV for TOX21_ERa_LUC_VM7_Antagonist_0.1nM_E2: data/sample/TOX21_ERa_LUC_VM7_Antagonist_0.1nM_E2.csv
Saved pretrain CSV for TOX21_ERb_BLA_Antagonist_ratio: data/sample/TOX21_ERb_BLA_Antagonist_ratio.csv
Saved pretrain CSV for TOX21_ERa_LUC_VM7_Agonist_10nM_ICI182780: data/sample/TOX21_ERa_LUC_VM7_Agonist_10nM_ICI182780.csv
Saved pretrain CSV for TOX21_ERR_LUC_viability: data/sample/TOX21_ERR_LUC_viability.csv
Saved pretrain CSV for TOX21_ERR_LUC_Antagonist: data/sample/TOX21_ERR_LUC_Antagonist.csv
Saved pretrain CSV for TOX21_ERa_LUC_VM7_Antagonist_0.1nM_E2_viability: data/sample/TOX21_ERa_LUC_VM7_Antagonist_0.1nM_E2_viability.csv
Saved pretrain CSV for TOX21_ERb_BLA_Antagonist_viability: data/sample/TOX21_ERb_BLA_Antagonist_viability.csv
Saved finetune CSV for TOX21_ERa_BLA_Antagonist_ratio: data/sample/TOX21_ERa_BLA_Antagonist_ratio.csv
Saved finetune CSV for TOX21_ERa_LUC_VM7_Agonist: data/sample/TOX21_ERa_LUC_VM7_Agonist.csv
Saved finetune CSV for TOX21_ERa_BLA_Antagonist_viability: data/sample/TOX21_ERa_BLA_Antagonist_viability.csv
Saved finetune CSV for TOX21_ERa_LUC_VM7_Antagonist_0.5nM_E2: data/sample/TOX21_ERa_LUC_VM7_Antagonist_0.5nM_E2.csv
Saved finetune CSV for TOX21_ERa_BLA_Antagonist_ch2: data/sample/TOX21_ERa_BLA_Antagonist_ch2.csv
Saved finetune CSV for TOX21_ERa_BLA_Antagonist_ch1: data/sample/TOX21_ERa_BLA_Antagonist_ch1.csv
Saved finetune CSV for TOX21_ERa_LUC_VM7_Antagonist_0.5nM_E2_viability: data/sample/TOX21_ERa_LUC_VM7_Antagonist_0.5nM_E2_viability.csv
Saved finetune CSV for TOX21_ERa_BLA_Agonist_ch2: data/sample/TOX21_ERa_BLA_Agonist_ch2.csv
Saved finetune CSV for TOX21_ERa_BLA_Agonist_ch1: data/sample/TOX21_ERa_BLA_Agonist_ch1.csv
Saved finetune CSV for TOX21_ERa_BLA_Agonist_ratio: data/sample/TOX21_ERa_BLA_Agonist_ratio.csv
Saved finetune CSV for TOX21_ERb_BLA_Antagonist_ch1: data/sample/TOX21_ERb_BLA_Antagonist_ch1.csv
Saved finetune CSV for TOX21_ERb_BLA_Antagonist_ch2: data/sample/TOX21_ERb_BLA_Antagonist_ch2.csv
Saved finetune CSV for TOX21_ERb_BLA_Agonist_viability: data/sample/TOX21_ERb_BLA_Agonist_viability.csv
Saved finetune CSV for TOX21_ERb_BLA_Agonist_ratio: data/sample/TOX21_ERb_BLA_Agonist_ratio.csv
Saved finetune CSV for TOX21_ERb_BLA_Agonist_ch2: data/sample/TOX21_ERb_BLA_Agonist_ch2.csv
Saved finetune CSV for TOX21_ERb_BLA_Agonist_ch1: data/sample/TOX21_ERb_BLA_Agonist_ch1.csv
Saved finetune CSV for TOX21_ERR_LUC_Agonist: data/sample/TOX21_ERR_LUC_Agonist.csv
Saved finetune CSV for TOX21_ERa_LUC_VM7_Agonist_10nM_ICI182780_viability: data/sample/TOX21_ERa_LUC_VM7_Agonist_10nM_ICI182780_viability.csv
Saved finetune CSV for TOX21_ERa_LUC_VM7_Antagonist_0.1nM_E2: data/sample/TOX21_ERa_LUC_VM7_Antagonist_0.1nM_E2.csv
Saved finetune CSV for TOX21_ERb_BLA_Antagonist_ratio: data/sample/TOX21_ERb_BLA_Antagonist_ratio.csv
Saved finetune CSV for TOX21_ERa_LUC_VM7_Agonist_10nM_ICI182780: data/sample/TOX21_ERa_LUC_VM7_Agonist_10nM_ICI182780.csv
Saved finetune CSV for TOX21_ERR_LUC_viability: data/sample/TOX21_ERR_LUC_viability.csv
Saved finetune CSV for TOX21_ERR_LUC_Antagonist: data/sample/TOX21_ERR_LUC_Antagonist.csv
Saved finetune CSV for TOX21_ERa_LUC_VM7_Antagonist_0.1nM_E2_viability: data/sample/TOX21_ERa_LUC_VM7_Antagonist_0.1nM_E2_viability.csv
Saved finetune CSV for TOX21_ERb_BLA_Antagonist_viability: data/sample/TOX21_ERb_BLA_Antagonist_viability.csv
[2/4] Pretraining on TOX21_ERa_BLA_Antagonist_viability using GIN_GCN...
Epoch 1/100 - Loss: 0.5635 - Val F1: 0.1098 - Val ROC-AUC: 0.7786 - Val PR-AUC: 0.1133
Epoch 2/100 - Loss: 0.4832 - Val F1: 0.1420 - Val ROC-AUC: 0.7645 - Val PR-AUC: 0.1456
Epoch 3/100 - Loss: 0.4586 - Val F1: 0.1429 - Val ROC-AUC: 0.7189 - Val PR-AUC: 0.0945
Epoch 4/100 - Loss: 0.4278 - Val F1: 0.1622 - Val ROC-AUC: 0.7606 - Val PR-AUC: 0.1253
Epoch 5/100 - Loss: 0.3996 - Val F1: 0.1772 - Val ROC-AUC: 0.7639 - Val PR-AUC: 0.1275
Epoch 6/100 - Loss: 0.3694 - Val F1: 0.1837 - Val ROC-AUC: 0.7944 - Val PR-AUC: 0.1564
Epoch 7/100 - Loss: 0.3652 - Val F1: 0.1796 - Val ROC-AUC: 0.8053 - Val PR-AUC: 0.1673
Epoch 8/100 - Loss: 0.3441 - Val F1: 0.1414 - Val ROC-AUC: 0.7752 - Val PR-AUC: 0.1292
Epoch 9/100 - Loss: 0.3392 - Val F1: 0.2138 - Val ROC-AUC: 0.8080 - Val PR-AUC: 0.2253
Epoch 10/100 - Loss: 0.2920 - Val F1: 0.1925 - Val ROC-AUC: 0.7914 - Val PR-AUC: 0.1350
Epoch 11/100 - Loss: 0.2540 - Val F1: 0.2290 - Val ROC-AUC: 0.7850 - Val PR-AUC: 0.1379
Epoch 12/100 - Loss: 0.2536 - Val F1: 0.1921 - Val ROC-AUC: 0.7817 - Val PR-AUC: 0.1332
Epoch 13/100 - Loss: 0.2379 - Val F1: 0.2344 - Val ROC-AUC: 0.7986 - Val PR-AUC: 0.1601
Epoch 14/100 - Loss: 0.2461 - Val F1: 0.2143 - Val ROC-AUC: 0.7988 - Val PR-AUC: 0.1773
Epoch 15/100 - Loss: 0.2037 - Val F1: 0.1967 - Val ROC-AUC: 0.8055 - Val PR-AUC: 0.1674
Epoch 16/100 - Loss: 0.2037 - Val F1: 0.1913 - Val ROC-AUC: 0.7913 - Val PR-AUC: 0.1881
Epoch 17/100 - Loss: 0.1981 - Val F1: 0.1657 - Val ROC-AUC: 0.7672 - Val PR-AUC: 0.1469
Epoch 18/100 - Loss: 0.2071 - Val F1: 0.1681 - Val ROC-AUC: 0.7526 - Val PR-AUC: 0.1436
Epoch 19/100 - Loss: 0.1888 - Val F1: 0.2105 - Val ROC-AUC: 0.7954 - Val PR-AUC: 0.1840
Epoch 20/100 - Loss: 0.1926 - Val F1: 0.2044 - Val ROC-AUC: 0.7651 - Val PR-AUC: 0.1635
Epoch 21/100 - Loss: 0.1691 - Val F1: 0.1805 - Val ROC-AUC: 0.7683 - Val PR-AUC: 0.1971
Epoch 22/100 - Loss: 0.1506 - Val F1: 0.2000 - Val ROC-AUC: 0.7686 - Val PR-AUC: 0.1624
Epoch 23/100 - Loss: 0.1543 - Val F1: 0.1905 - Val ROC-AUC: 0.7582 - Val PR-AUC: 0.1686
Epoch 24/100 - Loss: 0.1467 - Val F1: 0.2241 - Val ROC-AUC: 0.7668 - Val PR-AUC: 0.1459
Epoch 25/100 - Loss: 0.1428 - Val F1: 0.1846 - Val ROC-AUC: 0.7585 - Val PR-AUC: 0.1220
Epoch 26/100 - Loss: 0.1427 - Val F1: 0.1786 - Val ROC-AUC: 0.7539 - Val PR-AUC: 0.1592
Epoch 27/100 - Loss: 0.1470 - Val F1: 0.1982 - Val ROC-AUC: 0.7623 - Val PR-AUC: 0.1870
Epoch 28/100 - Loss: 0.1364 - Val F1: 0.1746 - Val ROC-AUC: 0.7842 - Val PR-AUC: 0.1525
Epoch 29/100 - Loss: 0.1328 - Val F1: 0.1923 - Val ROC-AUC: 0.7533 - Val PR-AUC: 0.1521
Epoch 30/100 - Loss: 0.1304 - Val F1: 0.1636 - Val ROC-AUC: 0.7475 - Val PR-AUC: 0.1647
Epoch 31/100 - Loss: 0.1142 - Val F1: 0.1875 - Val ROC-AUC: 0.7509 - Val PR-AUC: 0.1414
Epoch 32/100 - Loss: 0.1172 - Val F1: 0.1882 - Val ROC-AUC: 0.7538 - Val PR-AUC: 0.1495
Epoch 33/100 - Loss: 0.1022 - Val F1: 0.1869 - Val ROC-AUC: 0.7592 - Val PR-AUC: 0.1382
Epoch 34/100 - Loss: 0.1134 - Val F1: 0.2105 - Val ROC-AUC: 0.7592 - Val PR-AUC: 0.1659
Epoch 35/100 - Loss: 0.1057 - Val F1: 0.2020 - Val ROC-AUC: 0.7543 - Val PR-AUC: 0.1520
Epoch 36/100 - Loss: 0.0985 - Val F1: 0.2000 - Val ROC-AUC: 0.7455 - Val PR-AUC: 0.1456
Epoch 37/100 - Loss: 0.0964 - Val F1: 0.2169 - Val ROC-AUC: 0.7392 - Val PR-AUC: 0.1553
Epoch 38/100 - Loss: 0.1026 - Val F1: 0.2200 - Val ROC-AUC: 0.7618 - Val PR-AUC: 0.1577
Epoch 39/100 - Loss: 0.1059 - Val F1: 0.2083 - Val ROC-AUC: 0.7595 - Val PR-AUC: 0.1531
Epoch 40/100 - Loss: 0.1017 - Val F1: 0.1951 - Val ROC-AUC: 0.7430 - Val PR-AUC: 0.1418
Epoch 41/100 - Loss: 0.1031 - Val F1: 0.2472 - Val ROC-AUC: 0.7585 - Val PR-AUC: 0.1529
Epoch 42/100 - Loss: 0.0935 - Val F1: 0.2093 - Val ROC-AUC: 0.7555 - Val PR-AUC: 0.1624
Epoch 43/100 - Loss: 0.0909 - Val F1: 0.1961 - Val ROC-AUC: 0.7523 - Val PR-AUC: 0.1486
Epoch 44/100 - Loss: 0.0934 - Val F1: 0.2326 - Val ROC-AUC: 0.7502 - Val PR-AUC: 0.1574
Epoch 45/100 - Loss: 0.0878 - Val F1: 0.1978 - Val ROC-AUC: 0.7490 - Val PR-AUC: 0.1454
Epoch 46/100 - Loss: 0.0939 - Val F1: 0.2169 - Val ROC-AUC: 0.7408 - Val PR-AUC: 0.1411
Epoch 47/100 - Loss: 0.0814 - Val F1: 0.1923 - Val ROC-AUC: 0.7447 - Val PR-AUC: 0.1502
Epoch 48/100 - Loss: 0.0857 - Val F1: 0.2222 - Val ROC-AUC: 0.7428 - Val PR-AUC: 0.1420
Epoch 49/100 - Loss: 0.0719 - Val F1: 0.2169 - Val ROC-AUC: 0.7389 - Val PR-AUC: 0.1502
Epoch 50/100 - Loss: 0.0867 - Val F1: 0.2128 - Val ROC-AUC: 0.7553 - Val PR-AUC: 0.1444
Epoch 51/100 - Loss: 0.0777 - Val F1: 0.2308 - Val ROC-AUC: 0.7452 - Val PR-AUC: 0.1471
Epoch 52/100 - Loss: 0.0896 - Val F1: 0.2195 - Val ROC-AUC: 0.7514 - Val PR-AUC: 0.1487
Epoch 53/100 - Loss: 0.0814 - Val F1: 0.2143 - Val ROC-AUC: 0.7506 - Val PR-AUC: 0.1516
Epoch 54/100 - Loss: 0.0777 - Val F1: 0.2368 - Val ROC-AUC: 0.7410 - Val PR-AUC: 0.1437
Epoch 55/100 - Loss: 0.0748 - Val F1: 0.2000 - Val ROC-AUC: 0.7531 - Val PR-AUC: 0.1597
Epoch 56/100 - Loss: 0.0750 - Val F1: 0.2143 - Val ROC-AUC: 0.7440 - Val PR-AUC: 0.1455
Epoch 57/100 - Loss: 0.0808 - Val F1: 0.2169 - Val ROC-AUC: 0.7490 - Val PR-AUC: 0.1497
Epoch 58/100 - Loss: 0.0752 - Val F1: 0.2045 - Val ROC-AUC: 0.7533 - Val PR-AUC: 0.1497
Epoch 59/100 - Loss: 0.0748 - Val F1: 0.2273 - Val ROC-AUC: 0.7526 - Val PR-AUC: 0.1509
Epoch 60/100 - Loss: 0.0677 - Val F1: 0.2308 - Val ROC-AUC: 0.7470 - Val PR-AUC: 0.1515
Epoch 61/100 - Loss: 0.0773 - Val F1: 0.2143 - Val ROC-AUC: 0.7518 - Val PR-AUC: 0.1497
Epoch 62/100 - Loss: 0.0712 - Val F1: 0.2278 - Val ROC-AUC: 0.7467 - Val PR-AUC: 0.1517
Epoch 63/100 - Loss: 0.0697 - Val F1: 0.2651 - Val ROC-AUC: 0.7509 - Val PR-AUC: 0.1541
Epoch 64/100 - Loss: 0.0781 - Val F1: 0.2143 - Val ROC-AUC: 0.7490 - Val PR-AUC: 0.1459
Epoch 65/100 - Loss: 0.0670 - Val F1: 0.2169 - Val ROC-AUC: 0.7490 - Val PR-AUC: 0.1515
Epoch 66/100 - Loss: 0.0716 - Val F1: 0.2093 - Val ROC-AUC: 0.7516 - Val PR-AUC: 0.1534
Epoch 67/100 - Loss: 0.0670 - Val F1: 0.2308 - Val ROC-AUC: 0.7503 - Val PR-AUC: 0.1552
Epoch 68/100 - Loss: 0.0716 - Val F1: 0.2250 - Val ROC-AUC: 0.7498 - Val PR-AUC: 0.1520
Epoch 69/100 - Loss: 0.0712 - Val F1: 0.2338 - Val ROC-AUC: 0.7451 - Val PR-AUC: 0.1465
Epoch 70/100 - Loss: 0.0745 - Val F1: 0.2143 - Val ROC-AUC: 0.7476 - Val PR-AUC: 0.1439
Epoch 71/100 - Loss: 0.0696 - Val F1: 0.2093 - Val ROC-AUC: 0.7455 - Val PR-AUC: 0.1476
Epoch 72/100 - Loss: 0.0705 - Val F1: 0.2278 - Val ROC-AUC: 0.7466 - Val PR-AUC: 0.1482
Epoch 73/100 - Loss: 0.0697 - Val F1: 0.2250 - Val ROC-AUC: 0.7459 - Val PR-AUC: 0.1481
Epoch 74/100 - Loss: 0.0756 - Val F1: 0.2093 - Val ROC-AUC: 0.7464 - Val PR-AUC: 0.1495
Epoch 75/100 - Loss: 0.0659 - Val F1: 0.2195 - Val ROC-AUC: 0.7470 - Val PR-AUC: 0.1541
Epoch 76/100 - Loss: 0.0689 - Val F1: 0.2278 - Val ROC-AUC: 0.7471 - Val PR-AUC: 0.1502
Epoch 77/100 - Loss: 0.0727 - Val F1: 0.2222 - Val ROC-AUC: 0.7497 - Val PR-AUC: 0.1508
Epoch 78/100 - Loss: 0.0671 - Val F1: 0.2432 - Val ROC-AUC: 0.7448 - Val PR-AUC: 0.1481
Epoch 79/100 - Loss: 0.0746 - Val F1: 0.1935 - Val ROC-AUC: 0.7492 - Val PR-AUC: 0.1484
Epoch 80/100 - Loss: 0.0688 - Val F1: 0.1978 - Val ROC-AUC: 0.7495 - Val PR-AUC: 0.1516
Epoch 81/100 - Loss: 0.0757 - Val F1: 0.2308 - Val ROC-AUC: 0.7488 - Val PR-AUC: 0.1509
Epoch 82/100 - Loss: 0.0781 - Val F1: 0.2118 - Val ROC-AUC: 0.7489 - Val PR-AUC: 0.1539
Epoch 83/100 - Loss: 0.0714 - Val F1: 0.2143 - Val ROC-AUC: 0.7514 - Val PR-AUC: 0.1511
Epoch 84/100 - Loss: 0.0705 - Val F1: 0.2222 - Val ROC-AUC: 0.7477 - Val PR-AUC: 0.1456
Epoch 85/100 - Loss: 0.0669 - Val F1: 0.2093 - Val ROC-AUC: 0.7482 - Val PR-AUC: 0.1511
Epoch 86/100 - Loss: 0.0629 - Val F1: 0.2250 - Val ROC-AUC: 0.7484 - Val PR-AUC: 0.1495
Epoch 87/100 - Loss: 0.0686 - Val F1: 0.2278 - Val ROC-AUC: 0.7467 - Val PR-AUC: 0.1470
Epoch 88/100 - Loss: 0.0658 - Val F1: 0.2250 - Val ROC-AUC: 0.7473 - Val PR-AUC: 0.1495
Epoch 89/100 - Loss: 0.0619 - Val F1: 0.2195 - Val ROC-AUC: 0.7479 - Val PR-AUC: 0.1492
Epoch 90/100 - Loss: 0.0664 - Val F1: 0.2143 - Val ROC-AUC: 0.7446 - Val PR-AUC: 0.1444
Epoch 91/100 - Loss: 0.0725 - Val F1: 0.2278 - Val ROC-AUC: 0.7467 - Val PR-AUC: 0.1504
Epoch 92/100 - Loss: 0.0680 - Val F1: 0.2045 - Val ROC-AUC: 0.7499 - Val PR-AUC: 0.1517
Epoch 93/100 - Loss: 0.0629 - Val F1: 0.2250 - Val ROC-AUC: 0.7444 - Val PR-AUC: 0.1478
Epoch 94/100 - Loss: 0.0605 - Val F1: 0.2308 - Val ROC-AUC: 0.7465 - Val PR-AUC: 0.1464
Epoch 95/100 - Loss: 0.0745 - Val F1: 0.2250 - Val ROC-AUC: 0.7456 - Val PR-AUC: 0.1441
Epoch 96/100 - Loss: 0.0724 - Val F1: 0.2169 - Val ROC-AUC: 0.7441 - Val PR-AUC: 0.1433
Epoch 97/100 - Loss: 0.0627 - Val F1: 0.2222 - Val ROC-AUC: 0.7475 - Val PR-AUC: 0.1476
Epoch 98/100 - Loss: 0.0596 - Val F1: 0.2308 - Val ROC-AUC: 0.7441 - Val PR-AUC: 0.1457
Epoch 99/100 - Loss: 0.0643 - Val F1: 0.2222 - Val ROC-AUC: 0.7466 - Val PR-AUC: 0.1464
Epoch 100/100 - Loss: 0.0570 - Val F1: 0.2535 - Val ROC-AUC: 0.7433 - Val PR-AUC: 0.1420
Pretraining completed. Test F1: 0.2913, ROC-AUC: 0.7933, PR-AUC: 0.2893
[3/4] Finetuning on TOX21_ERa_BLA_Antagonist_ratio using GIN_GCN...
[Fine-tune] Epoch 1/50 - Loss: 0.6708 - Val F1: 0.3695 - Val ROC-AUC: 0.7876 - Val PR-AUC: 0.3639
[Fine-tune] Epoch 2/50 - Loss: 0.5107 - Val F1: 0.4487 - Val ROC-AUC: 0.7916 - Val PR-AUC: 0.3651
[Fine-tune] Epoch 3/50 - Loss: 0.4931 - Val F1: 0.4169 - Val ROC-AUC: 0.8129 - Val PR-AUC: 0.3606
[Fine-tune] Epoch 4/50 - Loss: 0.4786 - Val F1: 0.3644 - Val ROC-AUC: 0.7949 - Val PR-AUC: 0.3581
[Fine-tune] Epoch 5/50 - Loss: 0.4753 - Val F1: 0.3729 - Val ROC-AUC: 0.7997 - Val PR-AUC: 0.3418
[Fine-tune] Epoch 6/50 - Loss: 0.4425 - Val F1: 0.4207 - Val ROC-AUC: 0.8009 - Val PR-AUC: 0.3505
[Fine-tune] Epoch 7/50 - Loss: 0.4424 - Val F1: 0.4103 - Val ROC-AUC: 0.8056 - Val PR-AUC: 0.3353
[Fine-tune] Epoch 8/50 - Loss: 0.4366 - Val F1: 0.3971 - Val ROC-AUC: 0.8139 - Val PR-AUC: 0.3676
[Fine-tune] Epoch 9/50 - Loss: 0.4350 - Val F1: 0.4457 - Val ROC-AUC: 0.8228 - Val PR-AUC: 0.3545
[Fine-tune] Epoch 10/50 - Loss: 0.4233 - Val F1: 0.4493 - Val ROC-AUC: 0.8228 - Val PR-AUC: 0.3752
[Fine-tune] Epoch 11/50 - Loss: 0.3932 - Val F1: 0.4533 - Val ROC-AUC: 0.8345 - Val PR-AUC: 0.3884
[Fine-tune] Epoch 12/50 - Loss: 0.3655 - Val F1: 0.4384 - Val ROC-AUC: 0.8340 - Val PR-AUC: 0.3730
[Fine-tune] Epoch 13/50 - Loss: 0.3467 - Val F1: 0.4716 - Val ROC-AUC: 0.8549 - Val PR-AUC: 0.4143
[Fine-tune] Epoch 14/50 - Loss: 0.3440 - Val F1: 0.4783 - Val ROC-AUC: 0.8382 - Val PR-AUC: 0.3915
[Fine-tune] Epoch 15/50 - Loss: 0.3208 - Val F1: 0.4351 - Val ROC-AUC: 0.8254 - Val PR-AUC: 0.3962
[Fine-tune] Epoch 16/50 - Loss: 0.3365 - Val F1: 0.4407 - Val ROC-AUC: 0.8339 - Val PR-AUC: 0.3809
[Fine-tune] Epoch 17/50 - Loss: 0.3284 - Val F1: 0.4919 - Val ROC-AUC: 0.8532 - Val PR-AUC: 0.4002
[Fine-tune] Epoch 18/50 - Loss: 0.3242 - Val F1: 0.4663 - Val ROC-AUC: 0.8345 - Val PR-AUC: 0.3759
[Fine-tune] Epoch 19/50 - Loss: 0.3146 - Val F1: 0.4863 - Val ROC-AUC: 0.8489 - Val PR-AUC: 0.3942
[Fine-tune] Epoch 20/50 - Loss: 0.3170 - Val F1: 0.4839 - Val ROC-AUC: 0.8417 - Val PR-AUC: 0.3784
[Fine-tune] Epoch 21/50 - Loss: 0.2766 - Val F1: 0.4814 - Val ROC-AUC: 0.8468 - Val PR-AUC: 0.3928
[Fine-tune] Epoch 22/50 - Loss: 0.2629 - Val F1: 0.4798 - Val ROC-AUC: 0.8474 - Val PR-AUC: 0.3786
[Fine-tune] Epoch 23/50 - Loss: 0.2547 - Val F1: 0.4790 - Val ROC-AUC: 0.8529 - Val PR-AUC: 0.3920
[Fine-tune] Epoch 24/50 - Loss: 0.2436 - Val F1: 0.4860 - Val ROC-AUC: 0.8511 - Val PR-AUC: 0.3894
[Fine-tune] Epoch 25/50 - Loss: 0.2542 - Val F1: 0.4984 - Val ROC-AUC: 0.8462 - Val PR-AUC: 0.3760
[Fine-tune] Epoch 26/50 - Loss: 0.2509 - Val F1: 0.4812 - Val ROC-AUC: 0.8438 - Val PR-AUC: 0.3771
[Fine-tune] Epoch 27/50 - Loss: 0.2374 - Val F1: 0.4634 - Val ROC-AUC: 0.8357 - Val PR-AUC: 0.3595
[Fine-tune] Epoch 28/50 - Loss: 0.2442 - Val F1: 0.4803 - Val ROC-AUC: 0.8426 - Val PR-AUC: 0.3851
[Fine-tune] Epoch 29/50 - Loss: 0.2343 - Val F1: 0.4756 - Val ROC-AUC: 0.8425 - Val PR-AUC: 0.3705
[Fine-tune] Epoch 30/50 - Loss: 0.2299 - Val F1: 0.4834 - Val ROC-AUC: 0.8401 - Val PR-AUC: 0.3668
[Fine-tune] Epoch 31/50 - Loss: 0.2182 - Val F1: 0.4891 - Val ROC-AUC: 0.8423 - Val PR-AUC: 0.3788
[Fine-tune] Epoch 32/50 - Loss: 0.2227 - Val F1: 0.4731 - Val ROC-AUC: 0.8402 - Val PR-AUC: 0.3655
[Fine-tune] Epoch 33/50 - Loss: 0.2090 - Val F1: 0.4835 - Val ROC-AUC: 0.8330 - Val PR-AUC: 0.3568
[Fine-tune] Epoch 34/50 - Loss: 0.2092 - Val F1: 0.4586 - Val ROC-AUC: 0.8327 - Val PR-AUC: 0.3556
[Fine-tune] Epoch 35/50 - Loss: 0.2000 - Val F1: 0.4758 - Val ROC-AUC: 0.8345 - Val PR-AUC: 0.3606
[Fine-tune] Epoch 36/50 - Loss: 0.2042 - Val F1: 0.4691 - Val ROC-AUC: 0.8383 - Val PR-AUC: 0.3577
[Fine-tune] Epoch 37/50 - Loss: 0.1999 - Val F1: 0.4812 - Val ROC-AUC: 0.8443 - Val PR-AUC: 0.3664
[Fine-tune] Epoch 38/50 - Loss: 0.1919 - Val F1: 0.4698 - Val ROC-AUC: 0.8396 - Val PR-AUC: 0.3599
[Fine-tune] Epoch 39/50 - Loss: 0.1916 - Val F1: 0.4523 - Val ROC-AUC: 0.8352 - Val PR-AUC: 0.3552
[Fine-tune] Epoch 40/50 - Loss: 0.1936 - Val F1: 0.4792 - Val ROC-AUC: 0.8402 - Val PR-AUC: 0.3648
[Fine-tune] Epoch 41/50 - Loss: 0.1739 - Val F1: 0.5000 - Val ROC-AUC: 0.8398 - Val PR-AUC: 0.3606
[Fine-tune] Epoch 42/50 - Loss: 0.1757 - Val F1: 0.4853 - Val ROC-AUC: 0.8391 - Val PR-AUC: 0.3561
[Fine-tune] Epoch 43/50 - Loss: 0.1845 - Val F1: 0.4876 - Val ROC-AUC: 0.8371 - Val PR-AUC: 0.3550
[Fine-tune] Epoch 44/50 - Loss: 0.1799 - Val F1: 0.4912 - Val ROC-AUC: 0.8366 - Val PR-AUC: 0.3569
[Fine-tune] Epoch 45/50 - Loss: 0.1852 - Val F1: 0.4931 - Val ROC-AUC: 0.8347 - Val PR-AUC: 0.3533
[Fine-tune] Epoch 46/50 - Loss: 0.1771 - Val F1: 0.4963 - Val ROC-AUC: 0.8382 - Val PR-AUC: 0.3654
[Fine-tune] Epoch 47/50 - Loss: 0.1640 - Val F1: 0.4875 - Val ROC-AUC: 0.8371 - Val PR-AUC: 0.3536
[Fine-tune] Epoch 48/50 - Loss: 0.1671 - Val F1: 0.4863 - Val ROC-AUC: 0.8407 - Val PR-AUC: 0.3584
[Fine-tune] Epoch 49/50 - Loss: 0.1723 - Val F1: 0.5000 - Val ROC-AUC: 0.8383 - Val PR-AUC: 0.3521
[Fine-tune] Epoch 50/50 - Loss: 0.1765 - Val F1: 0.4876 - Val ROC-AUC: 0.8304 - Val PR-AUC: 0.3451
Finetuning completed. Test F1: 0.4786, ROC-AUC: 0.7906, PR-AUC: 0.3675
[3.1/4] Target-only training on TOX21_ERa_BLA_Antagonist_ratio using GIN_GCN...
=== Target-only training ===
[Target-only] Epoch 1/50 – Loss: 0.6377  Val F1: 0.3038  ROC-AUC: 0.7048  PR-AUC: 0.2194
[Target-only] Epoch 2/50 – Loss: 0.5964  Val F1: 0.3297  ROC-AUC: 0.7357  PR-AUC: 0.2573
[Target-only] Epoch 3/50 – Loss: 0.5635  Val F1: 0.3488  ROC-AUC: 0.7436  PR-AUC: 0.2691
[Target-only] Epoch 4/50 – Loss: 0.5430  Val F1: 0.3571  ROC-AUC: 0.7506  PR-AUC: 0.2662
[Target-only] Epoch 5/50 – Loss: 0.5508  Val F1: 0.3555  ROC-AUC: 0.7514  PR-AUC: 0.2937
[Target-only] Epoch 6/50 – Loss: 0.5411  Val F1: 0.3686  ROC-AUC: 0.7550  PR-AUC: 0.2871
[Target-only] Epoch 7/50 – Loss: 0.5329  Val F1: 0.3649  ROC-AUC: 0.7792  PR-AUC: 0.3104
[Target-only] Epoch 8/50 – Loss: 0.5113  Val F1: 0.3927  ROC-AUC: 0.7927  PR-AUC: 0.3359
[Target-only] Epoch 9/50 – Loss: 0.5163  Val F1: 0.3775  ROC-AUC: 0.7857  PR-AUC: 0.3057
[Target-only] Epoch 10/50 – Loss: 0.5006  Val F1: 0.3885  ROC-AUC: 0.7942  PR-AUC: 0.3231
[Target-only] Epoch 11/50 – Loss: 0.4781  Val F1: 0.4075  ROC-AUC: 0.8065  PR-AUC: 0.3376
[Target-only] Epoch 12/50 – Loss: 0.4690  Val F1: 0.4286  ROC-AUC: 0.8038  PR-AUC: 0.3321
[Target-only] Epoch 13/50 – Loss: 0.4588  Val F1: 0.3850  ROC-AUC: 0.7909  PR-AUC: 0.3139
[Target-only] Epoch 14/50 – Loss: 0.4583  Val F1: 0.3897  ROC-AUC: 0.8010  PR-AUC: 0.3316
[Target-only] Epoch 15/50 – Loss: 0.4550  Val F1: 0.3919  ROC-AUC: 0.8067  PR-AUC: 0.3278
[Target-only] Epoch 16/50 – Loss: 0.4384  Val F1: 0.4100  ROC-AUC: 0.8086  PR-AUC: 0.3312
[Target-only] Epoch 17/50 – Loss: 0.4400  Val F1: 0.4019  ROC-AUC: 0.8044  PR-AUC: 0.3464
[Target-only] Epoch 18/50 – Loss: 0.4406  Val F1: 0.4090  ROC-AUC: 0.8046  PR-AUC: 0.3584
[Target-only] Epoch 19/50 – Loss: 0.4296  Val F1: 0.4251  ROC-AUC: 0.8141  PR-AUC: 0.3464
[Target-only] Epoch 20/50 – Loss: 0.4184  Val F1: 0.4370  ROC-AUC: 0.8000  PR-AUC: 0.3480
[Target-only] Epoch 21/50 – Loss: 0.4184  Val F1: 0.4190  ROC-AUC: 0.8059  PR-AUC: 0.3531
[Target-only] Epoch 22/50 – Loss: 0.4056  Val F1: 0.4214  ROC-AUC: 0.8069  PR-AUC: 0.3380
[Target-only] Epoch 23/50 – Loss: 0.4062  Val F1: 0.4483  ROC-AUC: 0.8076  PR-AUC: 0.3614
[Target-only] Epoch 24/50 – Loss: 0.3833  Val F1: 0.4160  ROC-AUC: 0.8034  PR-AUC: 0.3390
[Target-only] Epoch 25/50 – Loss: 0.3911  Val F1: 0.4242  ROC-AUC: 0.8047  PR-AUC: 0.3392
[Target-only] Epoch 26/50 – Loss: 0.3898  Val F1: 0.4233  ROC-AUC: 0.8081  PR-AUC: 0.3523
[Target-only] Epoch 27/50 – Loss: 0.4002  Val F1: 0.4247  ROC-AUC: 0.8186  PR-AUC: 0.3450
[Target-only] Epoch 28/50 – Loss: 0.3794  Val F1: 0.4486  ROC-AUC: 0.8035  PR-AUC: 0.3323
[Target-only] Epoch 29/50 – Loss: 0.3769  Val F1: 0.4306  ROC-AUC: 0.8147  PR-AUC: 0.3424
[Target-only] Epoch 30/50 – Loss: 0.3658  Val F1: 0.4345  ROC-AUC: 0.8206  PR-AUC: 0.3656
[Target-only] Epoch 31/50 – Loss: 0.3657  Val F1: 0.4234  ROC-AUC: 0.8134  PR-AUC: 0.3608
[Target-only] Epoch 32/50 – Loss: 0.3431  Val F1: 0.4437  ROC-AUC: 0.8113  PR-AUC: 0.3487
[Target-only] Epoch 33/50 – Loss: 0.3551  Val F1: 0.4290  ROC-AUC: 0.7964  PR-AUC: 0.3336
[Target-only] Epoch 34/50 – Loss: 0.3560  Val F1: 0.4525  ROC-AUC: 0.8118  PR-AUC: 0.3491
[Target-only] Epoch 35/50 – Loss: 0.3418  Val F1: 0.4485  ROC-AUC: 0.8059  PR-AUC: 0.3541
[Target-only] Epoch 36/50 – Loss: 0.3421  Val F1: 0.4502  ROC-AUC: 0.8148  PR-AUC: 0.3615
[Target-only] Epoch 37/50 – Loss: 0.3361  Val F1: 0.4332  ROC-AUC: 0.8111  PR-AUC: 0.3593
[Target-only] Epoch 38/50 – Loss: 0.3450  Val F1: 0.4024  ROC-AUC: 0.8162  PR-AUC: 0.3611
[Target-only] Epoch 39/50 – Loss: 0.3307  Val F1: 0.4281  ROC-AUC: 0.8052  PR-AUC: 0.3449
[Target-only] Epoch 40/50 – Loss: 0.3389  Val F1: 0.4048  ROC-AUC: 0.8106  PR-AUC: 0.3570
[Target-only] Epoch 41/50 – Loss: 0.3278  Val F1: 0.4277  ROC-AUC: 0.8161  PR-AUC: 0.3628
[Target-only] Epoch 42/50 – Loss: 0.3107  Val F1: 0.4348  ROC-AUC: 0.8143  PR-AUC: 0.3565
[Target-only] Epoch 43/50 – Loss: 0.3213  Val F1: 0.4403  ROC-AUC: 0.8142  PR-AUC: 0.3485
[Target-only] Epoch 44/50 – Loss: 0.3185  Val F1: 0.4295  ROC-AUC: 0.8196  PR-AUC: 0.3609
[Target-only] Epoch 45/50 – Loss: 0.3093  Val F1: 0.4387  ROC-AUC: 0.8064  PR-AUC: 0.3582
[Target-only] Epoch 46/50 – Loss: 0.3167  Val F1: 0.4605  ROC-AUC: 0.8174  PR-AUC: 0.3631
[Target-only] Epoch 47/50 – Loss: 0.3183  Val F1: 0.4195  ROC-AUC: 0.8145  PR-AUC: 0.3551
[Target-only] Epoch 48/50 – Loss: 0.3047  Val F1: 0.4444  ROC-AUC: 0.8218  PR-AUC: 0.3679
[Target-only] Epoch 49/50 – Loss: 0.3147  Val F1: 0.4366  ROC-AUC: 0.8159  PR-AUC: 0.3549
[Target-only] Epoch 50/50 – Loss: 0.3003  Val F1: 0.4259  ROC-AUC: 0.8088  PR-AUC: 0.3435
=== Target-only TEST performance ===
Test F1: 0.4207, ROC-AUC: 0.7940, PR-AUC: 0.4092
✅ 실험 완료: TOX21_ERa_BLA_Antagonist_viability -> TOX21_ERa_BLA_Antagonist_ratio [GIN_GCN]
