[1/4] Excel → CSV 변환 중...
Saved pretrain CSV for TOX21_ERa_BLA_Antagonist_ratio: data/sample/TOX21_ERa_BLA_Antagonist_ratio.csv
Saved pretrain CSV for TOX21_ERa_LUC_VM7_Agonist: data/sample/TOX21_ERa_LUC_VM7_Agonist.csv
Saved pretrain CSV for TOX21_ERa_BLA_Antagonist_viability: data/sample/TOX21_ERa_BLA_Antagonist_viability.csv
Saved pretrain CSV for TOX21_ERa_LUC_VM7_Antagonist_0.5nM_E2: data/sample/TOX21_ERa_LUC_VM7_Antagonist_0.5nM_E2.csv
Saved pretrain CSV for TOX21_ERa_BLA_Antagonist_ch2: data/sample/TOX21_ERa_BLA_Antagonist_ch2.csv
Saved pretrain CSV for TOX21_ERa_BLA_Antagonist_ch1: data/sample/TOX21_ERa_BLA_Antagonist_ch1.csv
Saved pretrain CSV for TOX21_ERa_LUC_VM7_Antagonist_0.5nM_E2_viability: data/sample/TOX21_ERa_LUC_VM7_Antagonist_0.5nM_E2_viability.csv
Saved pretrain CSV for TOX21_ERa_BLA_Agonist_ch2: data/sample/TOX21_ERa_BLA_Agonist_ch2.csv
Saved pretrain CSV for TOX21_ERa_BLA_Agonist_ch1: data/sample/TOX21_ERa_BLA_Agonist_ch1.csv
Saved pretrain CSV for TOX21_ERa_BLA_Agonist_ratio: data/sample/TOX21_ERa_BLA_Agonist_ratio.csv
Saved pretrain CSV for TOX21_ERb_BLA_Antagonist_ch1: data/sample/TOX21_ERb_BLA_Antagonist_ch1.csv
Saved pretrain CSV for TOX21_ERb_BLA_Antagonist_ch2: data/sample/TOX21_ERb_BLA_Antagonist_ch2.csv
Saved pretrain CSV for TOX21_ERb_BLA_Agonist_viability: data/sample/TOX21_ERb_BLA_Agonist_viability.csv
Saved pretrain CSV for TOX21_ERb_BLA_Agonist_ratio: data/sample/TOX21_ERb_BLA_Agonist_ratio.csv
Saved pretrain CSV for TOX21_ERb_BLA_Agonist_ch2: data/sample/TOX21_ERb_BLA_Agonist_ch2.csv
Saved pretrain CSV for TOX21_ERb_BLA_Agonist_ch1: data/sample/TOX21_ERb_BLA_Agonist_ch1.csv
Saved pretrain CSV for TOX21_ERR_LUC_Agonist: data/sample/TOX21_ERR_LUC_Agonist.csv
Saved pretrain CSV for TOX21_ERa_LUC_VM7_Agonist_10nM_ICI182780_viability: data/sample/TOX21_ERa_LUC_VM7_Agonist_10nM_ICI182780_viability.csv
Saved pretrain CSV for TOX21_ERa_LUC_VM7_Antagonist_0.1nM_E2: data/sample/TOX21_ERa_LUC_VM7_Antagonist_0.1nM_E2.csv
Saved pretrain CSV for TOX21_ERb_BLA_Antagonist_ratio: data/sample/TOX21_ERb_BLA_Antagonist_ratio.csv
Saved pretrain CSV for TOX21_ERa_LUC_VM7_Agonist_10nM_ICI182780: data/sample/TOX21_ERa_LUC_VM7_Agonist_10nM_ICI182780.csv
Saved pretrain CSV for TOX21_ERR_LUC_viability: data/sample/TOX21_ERR_LUC_viability.csv
Saved pretrain CSV for TOX21_ERR_LUC_Antagonist: data/sample/TOX21_ERR_LUC_Antagonist.csv
Saved pretrain CSV for TOX21_ERa_LUC_VM7_Antagonist_0.1nM_E2_viability: data/sample/TOX21_ERa_LUC_VM7_Antagonist_0.1nM_E2_viability.csv
Saved pretrain CSV for TOX21_ERb_BLA_Antagonist_viability: data/sample/TOX21_ERb_BLA_Antagonist_viability.csv
Saved finetune CSV for TOX21_ERa_BLA_Antagonist_ratio: data/sample/TOX21_ERa_BLA_Antagonist_ratio.csv
Saved finetune CSV for TOX21_ERa_LUC_VM7_Agonist: data/sample/TOX21_ERa_LUC_VM7_Agonist.csv
Saved finetune CSV for TOX21_ERa_BLA_Antagonist_viability: data/sample/TOX21_ERa_BLA_Antagonist_viability.csv
Saved finetune CSV for TOX21_ERa_LUC_VM7_Antagonist_0.5nM_E2: data/sample/TOX21_ERa_LUC_VM7_Antagonist_0.5nM_E2.csv
Saved finetune CSV for TOX21_ERa_BLA_Antagonist_ch2: data/sample/TOX21_ERa_BLA_Antagonist_ch2.csv
Saved finetune CSV for TOX21_ERa_BLA_Antagonist_ch1: data/sample/TOX21_ERa_BLA_Antagonist_ch1.csv
Saved finetune CSV for TOX21_ERa_LUC_VM7_Antagonist_0.5nM_E2_viability: data/sample/TOX21_ERa_LUC_VM7_Antagonist_0.5nM_E2_viability.csv
Saved finetune CSV for TOX21_ERa_BLA_Agonist_ch2: data/sample/TOX21_ERa_BLA_Agonist_ch2.csv
Saved finetune CSV for TOX21_ERa_BLA_Agonist_ch1: data/sample/TOX21_ERa_BLA_Agonist_ch1.csv
Saved finetune CSV for TOX21_ERa_BLA_Agonist_ratio: data/sample/TOX21_ERa_BLA_Agonist_ratio.csv
Saved finetune CSV for TOX21_ERb_BLA_Antagonist_ch1: data/sample/TOX21_ERb_BLA_Antagonist_ch1.csv
Saved finetune CSV for TOX21_ERb_BLA_Antagonist_ch2: data/sample/TOX21_ERb_BLA_Antagonist_ch2.csv
Saved finetune CSV for TOX21_ERb_BLA_Agonist_viability: data/sample/TOX21_ERb_BLA_Agonist_viability.csv
Saved finetune CSV for TOX21_ERb_BLA_Agonist_ratio: data/sample/TOX21_ERb_BLA_Agonist_ratio.csv
Saved finetune CSV for TOX21_ERb_BLA_Agonist_ch2: data/sample/TOX21_ERb_BLA_Agonist_ch2.csv
Saved finetune CSV for TOX21_ERb_BLA_Agonist_ch1: data/sample/TOX21_ERb_BLA_Agonist_ch1.csv
Saved finetune CSV for TOX21_ERR_LUC_Agonist: data/sample/TOX21_ERR_LUC_Agonist.csv
Saved finetune CSV for TOX21_ERa_LUC_VM7_Agonist_10nM_ICI182780_viability: data/sample/TOX21_ERa_LUC_VM7_Agonist_10nM_ICI182780_viability.csv
Saved finetune CSV for TOX21_ERa_LUC_VM7_Antagonist_0.1nM_E2: data/sample/TOX21_ERa_LUC_VM7_Antagonist_0.1nM_E2.csv
Saved finetune CSV for TOX21_ERb_BLA_Antagonist_ratio: data/sample/TOX21_ERb_BLA_Antagonist_ratio.csv
Saved finetune CSV for TOX21_ERa_LUC_VM7_Agonist_10nM_ICI182780: data/sample/TOX21_ERa_LUC_VM7_Agonist_10nM_ICI182780.csv
Saved finetune CSV for TOX21_ERR_LUC_viability: data/sample/TOX21_ERR_LUC_viability.csv
Saved finetune CSV for TOX21_ERR_LUC_Antagonist: data/sample/TOX21_ERR_LUC_Antagonist.csv
Saved finetune CSV for TOX21_ERa_LUC_VM7_Antagonist_0.1nM_E2_viability: data/sample/TOX21_ERa_LUC_VM7_Antagonist_0.1nM_E2_viability.csv
Saved finetune CSV for TOX21_ERb_BLA_Antagonist_viability: data/sample/TOX21_ERb_BLA_Antagonist_viability.csv
[2/4] Pretraining on TOX21_ERa_BLA_Antagonist_viability using GIN_GCN...
Epoch 1/100 - Loss: 0.5884 - Val F1: 0.1282 - Val ROC-AUC: 0.7377 - Val PR-AUC: 0.1367
Epoch 2/100 - Loss: 0.5025 - Val F1: 0.1625 - Val ROC-AUC: 0.7808 - Val PR-AUC: 0.1291
Epoch 3/100 - Loss: 0.4645 - Val F1: 0.1707 - Val ROC-AUC: 0.7954 - Val PR-AUC: 0.1468
Epoch 4/100 - Loss: 0.4329 - Val F1: 0.2119 - Val ROC-AUC: 0.8108 - Val PR-AUC: 0.1347
Epoch 5/100 - Loss: 0.3917 - Val F1: 0.2079 - Val ROC-AUC: 0.7987 - Val PR-AUC: 0.1175
Epoch 6/100 - Loss: 0.3794 - Val F1: 0.1827 - Val ROC-AUC: 0.8125 - Val PR-AUC: 0.1384
Epoch 7/100 - Loss: 0.3535 - Val F1: 0.1970 - Val ROC-AUC: 0.7986 - Val PR-AUC: 0.1545
Epoch 8/100 - Loss: 0.3341 - Val F1: 0.1525 - Val ROC-AUC: 0.7524 - Val PR-AUC: 0.1267
Epoch 9/100 - Loss: 0.3330 - Val F1: 0.1333 - Val ROC-AUC: 0.7326 - Val PR-AUC: 0.1070
Epoch 10/100 - Loss: 0.3077 - Val F1: 0.1260 - Val ROC-AUC: 0.7605 - Val PR-AUC: 0.1074
Epoch 11/100 - Loss: 0.2882 - Val F1: 0.1846 - Val ROC-AUC: 0.7602 - Val PR-AUC: 0.1534
Epoch 12/100 - Loss: 0.2531 - Val F1: 0.1930 - Val ROC-AUC: 0.7862 - Val PR-AUC: 0.1872
Epoch 13/100 - Loss: 0.2479 - Val F1: 0.1507 - Val ROC-AUC: 0.7786 - Val PR-AUC: 0.1720
Epoch 14/100 - Loss: 0.2432 - Val F1: 0.1589 - Val ROC-AUC: 0.7650 - Val PR-AUC: 0.1663
Epoch 15/100 - Loss: 0.2172 - Val F1: 0.1529 - Val ROC-AUC: 0.7398 - Val PR-AUC: 0.1405
Epoch 16/100 - Loss: 0.2078 - Val F1: 0.1613 - Val ROC-AUC: 0.7651 - Val PR-AUC: 0.1668
Epoch 17/100 - Loss: 0.2158 - Val F1: 0.1364 - Val ROC-AUC: 0.7601 - Val PR-AUC: 0.1638
Epoch 18/100 - Loss: 0.2168 - Val F1: 0.1550 - Val ROC-AUC: 0.7575 - Val PR-AUC: 0.1526
Epoch 19/100 - Loss: 0.2087 - Val F1: 0.1739 - Val ROC-AUC: 0.7372 - Val PR-AUC: 0.1295
Epoch 20/100 - Loss: 0.1953 - Val F1: 0.1429 - Val ROC-AUC: 0.7508 - Val PR-AUC: 0.1690
Epoch 21/100 - Loss: 0.1687 - Val F1: 0.1594 - Val ROC-AUC: 0.7370 - Val PR-AUC: 0.1891
Epoch 22/100 - Loss: 0.1573 - Val F1: 0.1757 - Val ROC-AUC: 0.7502 - Val PR-AUC: 0.1740
Epoch 23/100 - Loss: 0.1511 - Val F1: 0.2059 - Val ROC-AUC: 0.7592 - Val PR-AUC: 0.1890
Epoch 24/100 - Loss: 0.1514 - Val F1: 0.2020 - Val ROC-AUC: 0.7545 - Val PR-AUC: 0.1940
Epoch 25/100 - Loss: 0.1568 - Val F1: 0.1651 - Val ROC-AUC: 0.7564 - Val PR-AUC: 0.2081
Epoch 26/100 - Loss: 0.1501 - Val F1: 0.1818 - Val ROC-AUC: 0.7352 - Val PR-AUC: 0.1652
Epoch 27/100 - Loss: 0.1430 - Val F1: 0.1724 - Val ROC-AUC: 0.7452 - Val PR-AUC: 0.1667
Epoch 28/100 - Loss: 0.1387 - Val F1: 0.1880 - Val ROC-AUC: 0.7612 - Val PR-AUC: 0.1562
Epoch 29/100 - Loss: 0.1369 - Val F1: 0.2037 - Val ROC-AUC: 0.7439 - Val PR-AUC: 0.1521
Epoch 30/100 - Loss: 0.1403 - Val F1: 0.1702 - Val ROC-AUC: 0.7369 - Val PR-AUC: 0.1496
Epoch 31/100 - Loss: 0.1424 - Val F1: 0.2062 - Val ROC-AUC: 0.7408 - Val PR-AUC: 0.1564
Epoch 32/100 - Loss: 0.1225 - Val F1: 0.1835 - Val ROC-AUC: 0.7426 - Val PR-AUC: 0.1617
Epoch 33/100 - Loss: 0.1166 - Val F1: 0.2041 - Val ROC-AUC: 0.7303 - Val PR-AUC: 0.1530
Epoch 34/100 - Loss: 0.1229 - Val F1: 0.1957 - Val ROC-AUC: 0.7397 - Val PR-AUC: 0.1558
Epoch 35/100 - Loss: 0.1119 - Val F1: 0.1687 - Val ROC-AUC: 0.7220 - Val PR-AUC: 0.1374
Epoch 36/100 - Loss: 0.1191 - Val F1: 0.1758 - Val ROC-AUC: 0.7431 - Val PR-AUC: 0.1899
Epoch 37/100 - Loss: 0.1045 - Val F1: 0.1569 - Val ROC-AUC: 0.7383 - Val PR-AUC: 0.1512
Epoch 38/100 - Loss: 0.1093 - Val F1: 0.1935 - Val ROC-AUC: 0.7383 - Val PR-AUC: 0.1471
Epoch 39/100 - Loss: 0.1074 - Val F1: 0.2062 - Val ROC-AUC: 0.7526 - Val PR-AUC: 0.1485
Epoch 40/100 - Loss: 0.1102 - Val F1: 0.2020 - Val ROC-AUC: 0.7511 - Val PR-AUC: 0.1638
Epoch 41/100 - Loss: 0.0978 - Val F1: 0.1895 - Val ROC-AUC: 0.7420 - Val PR-AUC: 0.1665
Epoch 42/100 - Loss: 0.0874 - Val F1: 0.1739 - Val ROC-AUC: 0.7359 - Val PR-AUC: 0.1325
Epoch 43/100 - Loss: 0.0856 - Val F1: 0.1895 - Val ROC-AUC: 0.7469 - Val PR-AUC: 0.1746
Epoch 44/100 - Loss: 0.0953 - Val F1: 0.2000 - Val ROC-AUC: 0.7470 - Val PR-AUC: 0.1424
Epoch 45/100 - Loss: 0.0906 - Val F1: 0.2000 - Val ROC-AUC: 0.7464 - Val PR-AUC: 0.1485
Epoch 46/100 - Loss: 0.0845 - Val F1: 0.2340 - Val ROC-AUC: 0.7586 - Val PR-AUC: 0.1624
Epoch 47/100 - Loss: 0.0873 - Val F1: 0.1860 - Val ROC-AUC: 0.7497 - Val PR-AUC: 0.1477
Epoch 48/100 - Loss: 0.0854 - Val F1: 0.1875 - Val ROC-AUC: 0.7495 - Val PR-AUC: 0.1567
Epoch 49/100 - Loss: 0.0828 - Val F1: 0.2222 - Val ROC-AUC: 0.7437 - Val PR-AUC: 0.1483
Epoch 50/100 - Loss: 0.0915 - Val F1: 0.2022 - Val ROC-AUC: 0.7431 - Val PR-AUC: 0.1492
Epoch 51/100 - Loss: 0.0798 - Val F1: 0.1860 - Val ROC-AUC: 0.7450 - Val PR-AUC: 0.1532
Epoch 52/100 - Loss: 0.0806 - Val F1: 0.1818 - Val ROC-AUC: 0.7491 - Val PR-AUC: 0.1622
Epoch 53/100 - Loss: 0.0816 - Val F1: 0.2000 - Val ROC-AUC: 0.7548 - Val PR-AUC: 0.1671
Epoch 54/100 - Loss: 0.0766 - Val F1: 0.2200 - Val ROC-AUC: 0.7523 - Val PR-AUC: 0.1680
