[1/4] Excel → CSV 변환 중...
Saved pretrain CSV for TOX21_ERa_BLA_Antagonist_ratio: data/sample/TOX21_ERa_BLA_Antagonist_ratio.csv
Saved pretrain CSV for TOX21_ERa_LUC_VM7_Agonist: data/sample/TOX21_ERa_LUC_VM7_Agonist.csv
Saved pretrain CSV for TOX21_ERa_BLA_Antagonist_viability: data/sample/TOX21_ERa_BLA_Antagonist_viability.csv
Saved pretrain CSV for TOX21_ERa_LUC_VM7_Antagonist_0.5nM_E2: data/sample/TOX21_ERa_LUC_VM7_Antagonist_0.5nM_E2.csv
Saved pretrain CSV for TOX21_ERa_BLA_Antagonist_ch2: data/sample/TOX21_ERa_BLA_Antagonist_ch2.csv
Saved pretrain CSV for TOX21_ERa_BLA_Antagonist_ch1: data/sample/TOX21_ERa_BLA_Antagonist_ch1.csv
Saved pretrain CSV for TOX21_ERa_LUC_VM7_Antagonist_0.5nM_E2_viability: data/sample/TOX21_ERa_LUC_VM7_Antagonist_0.5nM_E2_viability.csv
Saved pretrain CSV for TOX21_ERa_BLA_Agonist_ch2: data/sample/TOX21_ERa_BLA_Agonist_ch2.csv
Saved pretrain CSV for TOX21_ERa_BLA_Agonist_ch1: data/sample/TOX21_ERa_BLA_Agonist_ch1.csv
Saved pretrain CSV for TOX21_ERa_BLA_Agonist_ratio: data/sample/TOX21_ERa_BLA_Agonist_ratio.csv
Saved pretrain CSV for TOX21_ERb_BLA_Antagonist_ch1: data/sample/TOX21_ERb_BLA_Antagonist_ch1.csv
Saved pretrain CSV for TOX21_ERb_BLA_Antagonist_ch2: data/sample/TOX21_ERb_BLA_Antagonist_ch2.csv
Saved pretrain CSV for TOX21_ERb_BLA_Agonist_viability: data/sample/TOX21_ERb_BLA_Agonist_viability.csv
Saved pretrain CSV for TOX21_ERb_BLA_Agonist_ratio: data/sample/TOX21_ERb_BLA_Agonist_ratio.csv
Saved pretrain CSV for TOX21_ERb_BLA_Agonist_ch2: data/sample/TOX21_ERb_BLA_Agonist_ch2.csv
Saved pretrain CSV for TOX21_ERb_BLA_Agonist_ch1: data/sample/TOX21_ERb_BLA_Agonist_ch1.csv
Saved pretrain CSV for TOX21_ERR_LUC_Agonist: data/sample/TOX21_ERR_LUC_Agonist.csv
Saved pretrain CSV for TOX21_ERa_LUC_VM7_Agonist_10nM_ICI182780_viability: data/sample/TOX21_ERa_LUC_VM7_Agonist_10nM_ICI182780_viability.csv
Saved pretrain CSV for TOX21_ERa_LUC_VM7_Antagonist_0.1nM_E2: data/sample/TOX21_ERa_LUC_VM7_Antagonist_0.1nM_E2.csv
Saved pretrain CSV for TOX21_ERb_BLA_Antagonist_ratio: data/sample/TOX21_ERb_BLA_Antagonist_ratio.csv
Saved pretrain CSV for TOX21_ERa_LUC_VM7_Agonist_10nM_ICI182780: data/sample/TOX21_ERa_LUC_VM7_Agonist_10nM_ICI182780.csv
Saved pretrain CSV for TOX21_ERR_LUC_viability: data/sample/TOX21_ERR_LUC_viability.csv
Saved pretrain CSV for TOX21_ERR_LUC_Antagonist: data/sample/TOX21_ERR_LUC_Antagonist.csv
Saved pretrain CSV for TOX21_ERa_LUC_VM7_Antagonist_0.1nM_E2_viability: data/sample/TOX21_ERa_LUC_VM7_Antagonist_0.1nM_E2_viability.csv
Saved pretrain CSV for TOX21_ERb_BLA_Antagonist_viability: data/sample/TOX21_ERb_BLA_Antagonist_viability.csv
Saved finetune CSV for TOX21_ERa_BLA_Antagonist_ratio: data/sample/TOX21_ERa_BLA_Antagonist_ratio.csv
Saved finetune CSV for TOX21_ERa_LUC_VM7_Agonist: data/sample/TOX21_ERa_LUC_VM7_Agonist.csv
Saved finetune CSV for TOX21_ERa_BLA_Antagonist_viability: data/sample/TOX21_ERa_BLA_Antagonist_viability.csv
Saved finetune CSV for TOX21_ERa_LUC_VM7_Antagonist_0.5nM_E2: data/sample/TOX21_ERa_LUC_VM7_Antagonist_0.5nM_E2.csv
Saved finetune CSV for TOX21_ERa_BLA_Antagonist_ch2: data/sample/TOX21_ERa_BLA_Antagonist_ch2.csv
Saved finetune CSV for TOX21_ERa_BLA_Antagonist_ch1: data/sample/TOX21_ERa_BLA_Antagonist_ch1.csv
Saved finetune CSV for TOX21_ERa_LUC_VM7_Antagonist_0.5nM_E2_viability: data/sample/TOX21_ERa_LUC_VM7_Antagonist_0.5nM_E2_viability.csv
Saved finetune CSV for TOX21_ERa_BLA_Agonist_ch2: data/sample/TOX21_ERa_BLA_Agonist_ch2.csv
Saved finetune CSV for TOX21_ERa_BLA_Agonist_ch1: data/sample/TOX21_ERa_BLA_Agonist_ch1.csv
Saved finetune CSV for TOX21_ERa_BLA_Agonist_ratio: data/sample/TOX21_ERa_BLA_Agonist_ratio.csv
Saved finetune CSV for TOX21_ERb_BLA_Antagonist_ch1: data/sample/TOX21_ERb_BLA_Antagonist_ch1.csv
Saved finetune CSV for TOX21_ERb_BLA_Antagonist_ch2: data/sample/TOX21_ERb_BLA_Antagonist_ch2.csv
Saved finetune CSV for TOX21_ERb_BLA_Agonist_viability: data/sample/TOX21_ERb_BLA_Agonist_viability.csv
Saved finetune CSV for TOX21_ERb_BLA_Agonist_ratio: data/sample/TOX21_ERb_BLA_Agonist_ratio.csv
Saved finetune CSV for TOX21_ERb_BLA_Agonist_ch2: data/sample/TOX21_ERb_BLA_Agonist_ch2.csv
Saved finetune CSV for TOX21_ERb_BLA_Agonist_ch1: data/sample/TOX21_ERb_BLA_Agonist_ch1.csv
Saved finetune CSV for TOX21_ERR_LUC_Agonist: data/sample/TOX21_ERR_LUC_Agonist.csv
Saved finetune CSV for TOX21_ERa_LUC_VM7_Agonist_10nM_ICI182780_viability: data/sample/TOX21_ERa_LUC_VM7_Agonist_10nM_ICI182780_viability.csv
Saved finetune CSV for TOX21_ERa_LUC_VM7_Antagonist_0.1nM_E2: data/sample/TOX21_ERa_LUC_VM7_Antagonist_0.1nM_E2.csv
Saved finetune CSV for TOX21_ERb_BLA_Antagonist_ratio: data/sample/TOX21_ERb_BLA_Antagonist_ratio.csv
Saved finetune CSV for TOX21_ERa_LUC_VM7_Agonist_10nM_ICI182780: data/sample/TOX21_ERa_LUC_VM7_Agonist_10nM_ICI182780.csv
Saved finetune CSV for TOX21_ERR_LUC_viability: data/sample/TOX21_ERR_LUC_viability.csv
Saved finetune CSV for TOX21_ERR_LUC_Antagonist: data/sample/TOX21_ERR_LUC_Antagonist.csv
Saved finetune CSV for TOX21_ERa_LUC_VM7_Antagonist_0.1nM_E2_viability: data/sample/TOX21_ERa_LUC_VM7_Antagonist_0.1nM_E2_viability.csv
Saved finetune CSV for TOX21_ERb_BLA_Antagonist_viability: data/sample/TOX21_ERb_BLA_Antagonist_viability.csv
[2/4] Pretraining on TOX21_ERa_LUC_VM7_Agonist using GIN_GCN...
Epoch 1/100 - Loss: 0.6679 - Val F1: 0.2611 - Val ROC-AUC: 0.6169 - Val PR-AUC: 0.2067
Epoch 2/100 - Loss: 0.6451 - Val F1: 0.2485 - Val ROC-AUC: 0.6644 - Val PR-AUC: 0.2533
Epoch 3/100 - Loss: 0.6356 - Val F1: 0.2596 - Val ROC-AUC: 0.6656 - Val PR-AUC: 0.2495
Epoch 4/100 - Loss: 0.6342 - Val F1: 0.2577 - Val ROC-AUC: 0.6418 - Val PR-AUC: 0.2275
Epoch 5/100 - Loss: 0.6146 - Val F1: 0.3323 - Val ROC-AUC: 0.6601 - Val PR-AUC: 0.2507
Epoch 6/100 - Loss: 0.6053 - Val F1: 0.2813 - Val ROC-AUC: 0.6511 - Val PR-AUC: 0.2760
Epoch 7/100 - Loss: 0.6001 - Val F1: 0.2532 - Val ROC-AUC: 0.6494 - Val PR-AUC: 0.2699
Epoch 8/100 - Loss: 0.5976 - Val F1: 0.2792 - Val ROC-AUC: 0.6738 - Val PR-AUC: 0.2477
Epoch 9/100 - Loss: 0.5987 - Val F1: 0.2857 - Val ROC-AUC: 0.6647 - Val PR-AUC: 0.2553
Epoch 10/100 - Loss: 0.5855 - Val F1: 0.2937 - Val ROC-AUC: 0.6808 - Val PR-AUC: 0.2904
Epoch 11/100 - Loss: 0.5636 - Val F1: 0.2957 - Val ROC-AUC: 0.6839 - Val PR-AUC: 0.2947
Epoch 12/100 - Loss: 0.5752 - Val F1: 0.3051 - Val ROC-AUC: 0.6832 - Val PR-AUC: 0.2949
Epoch 13/100 - Loss: 0.5642 - Val F1: 0.2723 - Val ROC-AUC: 0.6656 - Val PR-AUC: 0.2747
Epoch 14/100 - Loss: 0.5560 - Val F1: 0.3106 - Val ROC-AUC: 0.6731 - Val PR-AUC: 0.3071
Epoch 15/100 - Loss: 0.5603 - Val F1: 0.2973 - Val ROC-AUC: 0.6767 - Val PR-AUC: 0.3075
Epoch 16/100 - Loss: 0.5417 - Val F1: 0.2951 - Val ROC-AUC: 0.6735 - Val PR-AUC: 0.2950
Epoch 17/100 - Loss: 0.5458 - Val F1: 0.3293 - Val ROC-AUC: 0.6875 - Val PR-AUC: 0.2910
Epoch 18/100 - Loss: 0.5312 - Val F1: 0.3484 - Val ROC-AUC: 0.6969 - Val PR-AUC: 0.3177
Epoch 19/100 - Loss: 0.5343 - Val F1: 0.3080 - Val ROC-AUC: 0.6878 - Val PR-AUC: 0.2763
Epoch 20/100 - Loss: 0.5385 - Val F1: 0.3320 - Val ROC-AUC: 0.7019 - Val PR-AUC: 0.2999
Epoch 21/100 - Loss: 0.5099 - Val F1: 0.3250 - Val ROC-AUC: 0.7064 - Val PR-AUC: 0.3211
Epoch 22/100 - Loss: 0.5002 - Val F1: 0.2865 - Val ROC-AUC: 0.6725 - Val PR-AUC: 0.2893
Epoch 23/100 - Loss: 0.4945 - Val F1: 0.2893 - Val ROC-AUC: 0.6765 - Val PR-AUC: 0.3039
Epoch 24/100 - Loss: 0.4914 - Val F1: 0.3140 - Val ROC-AUC: 0.6713 - Val PR-AUC: 0.3057
Epoch 25/100 - Loss: 0.4797 - Val F1: 0.3190 - Val ROC-AUC: 0.6883 - Val PR-AUC: 0.2998
Epoch 26/100 - Loss: 0.4743 - Val F1: 0.3422 - Val ROC-AUC: 0.6834 - Val PR-AUC: 0.3017
Epoch 27/100 - Loss: 0.4619 - Val F1: 0.3234 - Val ROC-AUC: 0.6912 - Val PR-AUC: 0.3039
Epoch 28/100 - Loss: 0.4632 - Val F1: 0.3158 - Val ROC-AUC: 0.6746 - Val PR-AUC: 0.3048
Epoch 29/100 - Loss: 0.4592 - Val F1: 0.3245 - Val ROC-AUC: 0.6916 - Val PR-AUC: 0.3033
Epoch 30/100 - Loss: 0.4704 - Val F1: 0.2814 - Val ROC-AUC: 0.6709 - Val PR-AUC: 0.3026
Epoch 31/100 - Loss: 0.4311 - Val F1: 0.3222 - Val ROC-AUC: 0.6744 - Val PR-AUC: 0.3070
Epoch 32/100 - Loss: 0.4308 - Val F1: 0.2898 - Val ROC-AUC: 0.6649 - Val PR-AUC: 0.2968
Epoch 33/100 - Loss: 0.4246 - Val F1: 0.3072 - Val ROC-AUC: 0.6747 - Val PR-AUC: 0.3118
Epoch 34/100 - Loss: 0.4154 - Val F1: 0.3101 - Val ROC-AUC: 0.6795 - Val PR-AUC: 0.3067
Epoch 35/100 - Loss: 0.4160 - Val F1: 0.3025 - Val ROC-AUC: 0.6841 - Val PR-AUC: 0.3014
Epoch 36/100 - Loss: 0.4172 - Val F1: 0.3418 - Val ROC-AUC: 0.6833 - Val PR-AUC: 0.2847
Epoch 37/100 - Loss: 0.4045 - Val F1: 0.3427 - Val ROC-AUC: 0.6867 - Val PR-AUC: 0.3205
Epoch 38/100 - Loss: 0.4097 - Val F1: 0.3604 - Val ROC-AUC: 0.6919 - Val PR-AUC: 0.2999
Epoch 39/100 - Loss: 0.4017 - Val F1: 0.3129 - Val ROC-AUC: 0.6773 - Val PR-AUC: 0.2791
Epoch 40/100 - Loss: 0.3981 - Val F1: 0.3179 - Val ROC-AUC: 0.6885 - Val PR-AUC: 0.3434
Epoch 41/100 - Loss: 0.3931 - Val F1: 0.3094 - Val ROC-AUC: 0.6793 - Val PR-AUC: 0.2947
Epoch 42/100 - Loss: 0.3823 - Val F1: 0.3365 - Val ROC-AUC: 0.6803 - Val PR-AUC: 0.2965
Epoch 43/100 - Loss: 0.3808 - Val F1: 0.3219 - Val ROC-AUC: 0.6803 - Val PR-AUC: 0.2949
Epoch 44/100 - Loss: 0.3831 - Val F1: 0.3322 - Val ROC-AUC: 0.6725 - Val PR-AUC: 0.2849
Epoch 45/100 - Loss: 0.3777 - Val F1: 0.3098 - Val ROC-AUC: 0.6794 - Val PR-AUC: 0.2842
Epoch 46/100 - Loss: 0.3755 - Val F1: 0.3036 - Val ROC-AUC: 0.6703 - Val PR-AUC: 0.2961
Epoch 47/100 - Loss: 0.3770 - Val F1: 0.3446 - Val ROC-AUC: 0.6828 - Val PR-AUC: 0.2994
Epoch 48/100 - Loss: 0.3670 - Val F1: 0.3333 - Val ROC-AUC: 0.6835 - Val PR-AUC: 0.2956
Epoch 49/100 - Loss: 0.3737 - Val F1: 0.3056 - Val ROC-AUC: 0.6721 - Val PR-AUC: 0.2789
Epoch 50/100 - Loss: 0.3642 - Val F1: 0.3048 - Val ROC-AUC: 0.6810 - Val PR-AUC: 0.2962
Epoch 51/100 - Loss: 0.3609 - Val F1: 0.3270 - Val ROC-AUC: 0.6776 - Val PR-AUC: 0.2789
Epoch 52/100 - Loss: 0.3519 - Val F1: 0.3173 - Val ROC-AUC: 0.6708 - Val PR-AUC: 0.2797
Epoch 53/100 - Loss: 0.3524 - Val F1: 0.3368 - Val ROC-AUC: 0.6780 - Val PR-AUC: 0.2972
Epoch 54/100 - Loss: 0.3661 - Val F1: 0.3407 - Val ROC-AUC: 0.6855 - Val PR-AUC: 0.2807
Epoch 55/100 - Loss: 0.3473 - Val F1: 0.3309 - Val ROC-AUC: 0.6822 - Val PR-AUC: 0.2897
Epoch 56/100 - Loss: 0.3500 - Val F1: 0.3189 - Val ROC-AUC: 0.6718 - Val PR-AUC: 0.2762
Epoch 57/100 - Loss: 0.3470 - Val F1: 0.3077 - Val ROC-AUC: 0.6780 - Val PR-AUC: 0.2825
Epoch 58/100 - Loss: 0.3459 - Val F1: 0.3016 - Val ROC-AUC: 0.6737 - Val PR-AUC: 0.2871
Epoch 59/100 - Loss: 0.3517 - Val F1: 0.3407 - Val ROC-AUC: 0.6841 - Val PR-AUC: 0.2959
Epoch 60/100 - Loss: 0.3481 - Val F1: 0.3256 - Val ROC-AUC: 0.6829 - Val PR-AUC: 0.2917
Epoch 61/100 - Loss: 0.3466 - Val F1: 0.3254 - Val ROC-AUC: 0.6818 - Val PR-AUC: 0.2948
Epoch 62/100 - Loss: 0.3461 - Val F1: 0.3182 - Val ROC-AUC: 0.6829 - Val PR-AUC: 0.2848
Epoch 63/100 - Loss: 0.3357 - Val F1: 0.3206 - Val ROC-AUC: 0.6815 - Val PR-AUC: 0.2884
Epoch 64/100 - Loss: 0.3426 - Val F1: 0.3082 - Val ROC-AUC: 0.6790 - Val PR-AUC: 0.2883
Epoch 65/100 - Loss: 0.3546 - Val F1: 0.3052 - Val ROC-AUC: 0.6784 - Val PR-AUC: 0.2883
Epoch 66/100 - Loss: 0.3307 - Val F1: 0.3288 - Val ROC-AUC: 0.6826 - Val PR-AUC: 0.2901
Epoch 67/100 - Loss: 0.3328 - Val F1: 0.3223 - Val ROC-AUC: 0.6812 - Val PR-AUC: 0.2843
Epoch 68/100 - Loss: 0.3553 - Val F1: 0.3309 - Val ROC-AUC: 0.6770 - Val PR-AUC: 0.2836
Epoch 69/100 - Loss: 0.3428 - Val F1: 0.3265 - Val ROC-AUC: 0.6798 - Val PR-AUC: 0.2851
Epoch 70/100 - Loss: 0.3402 - Val F1: 0.3505 - Val ROC-AUC: 0.6854 - Val PR-AUC: 0.2985
Epoch 71/100 - Loss: 0.3495 - Val F1: 0.3172 - Val ROC-AUC: 0.6816 - Val PR-AUC: 0.2872
Epoch 72/100 - Loss: 0.3426 - Val F1: 0.3322 - Val ROC-AUC: 0.6783 - Val PR-AUC: 0.2848
Epoch 73/100 - Loss: 0.3427 - Val F1: 0.3278 - Val ROC-AUC: 0.6797 - Val PR-AUC: 0.2955
Epoch 74/100 - Loss: 0.3472 - Val F1: 0.3286 - Val ROC-AUC: 0.6795 - Val PR-AUC: 0.2921
Epoch 75/100 - Loss: 0.3402 - Val F1: 0.3234 - Val ROC-AUC: 0.6794 - Val PR-AUC: 0.2860
Epoch 76/100 - Loss: 0.3452 - Val F1: 0.3236 - Val ROC-AUC: 0.6795 - Val PR-AUC: 0.2879
Epoch 77/100 - Loss: 0.3392 - Val F1: 0.3275 - Val ROC-AUC: 0.6842 - Val PR-AUC: 0.2925
Epoch 78/100 - Loss: 0.3367 - Val F1: 0.3241 - Val ROC-AUC: 0.6808 - Val PR-AUC: 0.2881
Epoch 79/100 - Loss: 0.3260 - Val F1: 0.3346 - Val ROC-AUC: 0.6820 - Val PR-AUC: 0.2949
Epoch 80/100 - Loss: 0.3358 - Val F1: 0.3221 - Val ROC-AUC: 0.6783 - Val PR-AUC: 0.2870
Epoch 81/100 - Loss: 0.3426 - Val F1: 0.3158 - Val ROC-AUC: 0.6804 - Val PR-AUC: 0.2931
Epoch 82/100 - Loss: 0.3380 - Val F1: 0.3276 - Val ROC-AUC: 0.6820 - Val PR-AUC: 0.2860
Epoch 83/100 - Loss: 0.3357 - Val F1: 0.3418 - Val ROC-AUC: 0.6813 - Val PR-AUC: 0.2895
Epoch 84/100 - Loss: 0.3339 - Val F1: 0.3345 - Val ROC-AUC: 0.6813 - Val PR-AUC: 0.2926
Epoch 85/100 - Loss: 0.3306 - Val F1: 0.3208 - Val ROC-AUC: 0.6780 - Val PR-AUC: 0.2882
Epoch 86/100 - Loss: 0.3283 - Val F1: 0.3265 - Val ROC-AUC: 0.6796 - Val PR-AUC: 0.2890
Epoch 87/100 - Loss: 0.3258 - Val F1: 0.3221 - Val ROC-AUC: 0.6807 - Val PR-AUC: 0.2929
Epoch 88/100 - Loss: 0.3240 - Val F1: 0.3179 - Val ROC-AUC: 0.6795 - Val PR-AUC: 0.2888
Epoch 89/100 - Loss: 0.3394 - Val F1: 0.3226 - Val ROC-AUC: 0.6780 - Val PR-AUC: 0.2842
Epoch 90/100 - Loss: 0.3231 - Val F1: 0.3285 - Val ROC-AUC: 0.6799 - Val PR-AUC: 0.2907
Epoch 91/100 - Loss: 0.3337 - Val F1: 0.3286 - Val ROC-AUC: 0.6801 - Val PR-AUC: 0.2878
Epoch 92/100 - Loss: 0.3366 - Val F1: 0.3107 - Val ROC-AUC: 0.6781 - Val PR-AUC: 0.2840
Epoch 93/100 - Loss: 0.3308 - Val F1: 0.3300 - Val ROC-AUC: 0.6797 - Val PR-AUC: 0.2882
Epoch 94/100 - Loss: 0.3441 - Val F1: 0.3228 - Val ROC-AUC: 0.6822 - Val PR-AUC: 0.2923
Epoch 95/100 - Loss: 0.3313 - Val F1: 0.3275 - Val ROC-AUC: 0.6803 - Val PR-AUC: 0.2870
Epoch 96/100 - Loss: 0.3245 - Val F1: 0.3172 - Val ROC-AUC: 0.6796 - Val PR-AUC: 0.2853
Epoch 97/100 - Loss: 0.3387 - Val F1: 0.3296 - Val ROC-AUC: 0.6793 - Val PR-AUC: 0.2840
Epoch 98/100 - Loss: 0.3363 - Val F1: 0.3475 - Val ROC-AUC: 0.6829 - Val PR-AUC: 0.2907
Epoch 99/100 - Loss: 0.3317 - Val F1: 0.3191 - Val ROC-AUC: 0.6805 - Val PR-AUC: 0.2917
Epoch 100/100 - Loss: 0.3293 - Val F1: 0.3359 - Val ROC-AUC: 0.6790 - Val PR-AUC: 0.2857
Pretraining completed. Test F1: 0.3161, ROC-AUC: 0.6579, PR-AUC: 0.2952
[3/4] Finetuning on TOX21_ERa_BLA_Agonist_ch2 using GIN_GCN...
[Fine-tune] Epoch 1/50 - Loss: 0.4877 - Val F1: 0.2976 - Val ROC-AUC: 0.8061 - Val PR-AUC: 0.4319
[Fine-tune] Epoch 2/50 - Loss: 0.3994 - Val F1: 0.2890 - Val ROC-AUC: 0.8453 - Val PR-AUC: 0.3599
[Fine-tune] Epoch 3/50 - Loss: 0.3432 - Val F1: 0.2963 - Val ROC-AUC: 0.8707 - Val PR-AUC: 0.3618
[Fine-tune] Epoch 4/50 - Loss: 0.3329 - Val F1: 0.3306 - Val ROC-AUC: 0.8231 - Val PR-AUC: 0.2713
[Fine-tune] Epoch 5/50 - Loss: 0.2983 - Val F1: 0.2828 - Val ROC-AUC: 0.8450 - Val PR-AUC: 0.3612
[Fine-tune] Epoch 6/50 - Loss: 0.2804 - Val F1: 0.2778 - Val ROC-AUC: 0.8644 - Val PR-AUC: 0.3694
[Fine-tune] Epoch 7/50 - Loss: 0.2578 - Val F1: 0.3333 - Val ROC-AUC: 0.8646 - Val PR-AUC: 0.3570
[Fine-tune] Epoch 8/50 - Loss: 0.2550 - Val F1: 0.2291 - Val ROC-AUC: 0.8607 - Val PR-AUC: 0.3884
[Fine-tune] Epoch 9/50 - Loss: 0.2344 - Val F1: 0.3000 - Val ROC-AUC: 0.8265 - Val PR-AUC: 0.3271
[Fine-tune] Epoch 10/50 - Loss: 0.2273 - Val F1: 0.3077 - Val ROC-AUC: 0.8564 - Val PR-AUC: 0.3750
[Fine-tune] Epoch 11/50 - Loss: 0.1880 - Val F1: 0.3429 - Val ROC-AUC: 0.8711 - Val PR-AUC: 0.3701
[Fine-tune] Epoch 12/50 - Loss: 0.1671 - Val F1: 0.3511 - Val ROC-AUC: 0.8721 - Val PR-AUC: 0.3611
[Fine-tune] Epoch 13/50 - Loss: 0.1529 - Val F1: 0.3134 - Val ROC-AUC: 0.8709 - Val PR-AUC: 0.3730
[Fine-tune] Epoch 14/50 - Loss: 0.1557 - Val F1: 0.3284 - Val ROC-AUC: 0.8481 - Val PR-AUC: 0.3531
[Fine-tune] Epoch 15/50 - Loss: 0.1522 - Val F1: 0.3731 - Val ROC-AUC: 0.8631 - Val PR-AUC: 0.3829
[Fine-tune] Epoch 16/50 - Loss: 0.1477 - Val F1: 0.4132 - Val ROC-AUC: 0.8703 - Val PR-AUC: 0.3407
[Fine-tune] Epoch 17/50 - Loss: 0.1460 - Val F1: 0.3652 - Val ROC-AUC: 0.8526 - Val PR-AUC: 0.2990
[Fine-tune] Epoch 18/50 - Loss: 0.1350 - Val F1: 0.4040 - Val ROC-AUC: 0.8774 - Val PR-AUC: 0.3519
[Fine-tune] Epoch 19/50 - Loss: 0.1420 - Val F1: 0.3158 - Val ROC-AUC: 0.8475 - Val PR-AUC: 0.3317
[Fine-tune] Epoch 20/50 - Loss: 0.1174 - Val F1: 0.3478 - Val ROC-AUC: 0.8724 - Val PR-AUC: 0.3323
[Fine-tune] Epoch 21/50 - Loss: 0.1064 - Val F1: 0.3529 - Val ROC-AUC: 0.8836 - Val PR-AUC: 0.3597
[Fine-tune] Epoch 22/50 - Loss: 0.1049 - Val F1: 0.3604 - Val ROC-AUC: 0.8783 - Val PR-AUC: 0.3595
[Fine-tune] Epoch 23/50 - Loss: 0.0977 - Val F1: 0.3652 - Val ROC-AUC: 0.8757 - Val PR-AUC: 0.3619
[Fine-tune] Epoch 24/50 - Loss: 0.1033 - Val F1: 0.3396 - Val ROC-AUC: 0.8674 - Val PR-AUC: 0.3455
[Fine-tune] Epoch 25/50 - Loss: 0.0966 - Val F1: 0.3434 - Val ROC-AUC: 0.8678 - Val PR-AUC: 0.3374
[Fine-tune] Epoch 26/50 - Loss: 0.0919 - Val F1: 0.3762 - Val ROC-AUC: 0.8871 - Val PR-AUC: 0.3718
[Fine-tune] Epoch 27/50 - Loss: 0.0937 - Val F1: 0.3585 - Val ROC-AUC: 0.8766 - Val PR-AUC: 0.3578
[Fine-tune] Epoch 28/50 - Loss: 0.0884 - Val F1: 0.3585 - Val ROC-AUC: 0.8704 - Val PR-AUC: 0.3594
[Fine-tune] Epoch 29/50 - Loss: 0.0865 - Val F1: 0.3243 - Val ROC-AUC: 0.8493 - Val PR-AUC: 0.3001
[Fine-tune] Epoch 30/50 - Loss: 0.0824 - Val F1: 0.2783 - Val ROC-AUC: 0.8794 - Val PR-AUC: 0.3047
[Fine-tune] Epoch 31/50 - Loss: 0.0710 - Val F1: 0.2883 - Val ROC-AUC: 0.8692 - Val PR-AUC: 0.3200
[Fine-tune] Epoch 32/50 - Loss: 0.0689 - Val F1: 0.3191 - Val ROC-AUC: 0.8578 - Val PR-AUC: 0.3051
[Fine-tune] Epoch 33/50 - Loss: 0.0784 - Val F1: 0.2885 - Val ROC-AUC: 0.8596 - Val PR-AUC: 0.3268
[Fine-tune] Epoch 34/50 - Loss: 0.0818 - Val F1: 0.3333 - Val ROC-AUC: 0.8698 - Val PR-AUC: 0.3410
[Fine-tune] Epoch 35/50 - Loss: 0.0675 - Val F1: 0.3009 - Val ROC-AUC: 0.8534 - Val PR-AUC: 0.3374
[Fine-tune] Epoch 36/50 - Loss: 0.0699 - Val F1: 0.3119 - Val ROC-AUC: 0.8632 - Val PR-AUC: 0.3194
[Fine-tune] Epoch 37/50 - Loss: 0.0639 - Val F1: 0.3750 - Val ROC-AUC: 0.8625 - Val PR-AUC: 0.3222
[Fine-tune] Epoch 38/50 - Loss: 0.0687 - Val F1: 0.3269 - Val ROC-AUC: 0.8621 - Val PR-AUC: 0.3253
[Fine-tune] Epoch 39/50 - Loss: 0.0715 - Val F1: 0.3366 - Val ROC-AUC: 0.8677 - Val PR-AUC: 0.3147
[Fine-tune] Epoch 40/50 - Loss: 0.0672 - Val F1: 0.3889 - Val ROC-AUC: 0.8690 - Val PR-AUC: 0.3493
[Fine-tune] Epoch 41/50 - Loss: 0.0597 - Val F1: 0.3208 - Val ROC-AUC: 0.8652 - Val PR-AUC: 0.3265
[Fine-tune] Epoch 42/50 - Loss: 0.0637 - Val F1: 0.3495 - Val ROC-AUC: 0.8644 - Val PR-AUC: 0.3452
[Fine-tune] Epoch 43/50 - Loss: 0.0555 - Val F1: 0.3137 - Val ROC-AUC: 0.8642 - Val PR-AUC: 0.3276
[Fine-tune] Epoch 44/50 - Loss: 0.0586 - Val F1: 0.3478 - Val ROC-AUC: 0.8652 - Val PR-AUC: 0.3305
[Fine-tune] Epoch 45/50 - Loss: 0.0516 - Val F1: 0.3366 - Val ROC-AUC: 0.8605 - Val PR-AUC: 0.3272
[Fine-tune] Epoch 46/50 - Loss: 0.0623 - Val F1: 0.3617 - Val ROC-AUC: 0.8592 - Val PR-AUC: 0.3091
[Fine-tune] Epoch 47/50 - Loss: 0.0559 - Val F1: 0.3423 - Val ROC-AUC: 0.8752 - Val PR-AUC: 0.3372
[Fine-tune] Epoch 48/50 - Loss: 0.0528 - Val F1: 0.3368 - Val ROC-AUC: 0.8698 - Val PR-AUC: 0.3072
[Fine-tune] Epoch 49/50 - Loss: 0.0593 - Val F1: 0.3366 - Val ROC-AUC: 0.8714 - Val PR-AUC: 0.3170
[Fine-tune] Epoch 50/50 - Loss: 0.0563 - Val F1: 0.3542 - Val ROC-AUC: 0.8688 - Val PR-AUC: 0.3272
Finetuning completed. Test F1: 0.3309, ROC-AUC: 0.8082, PR-AUC: 0.2684
[3.1/4] Target-only training on TOX21_ERa_BLA_Agonist_ch2 using GIN_GCN...
=== Target-only training ===
[Target-only] Epoch 1/50 – Loss: 0.5503  Val F1: 0.2888  ROC-AUC: 0.8279  PR-AUC: 0.3742
[Target-only] Epoch 2/50 – Loss: 0.5045  Val F1: 0.2759  ROC-AUC: 0.8192  PR-AUC: 0.2773
[Target-only] Epoch 3/50 – Loss: 0.4705  Val F1: 0.2547  ROC-AUC: 0.8323  PR-AUC: 0.3494
[Target-only] Epoch 4/50 – Loss: 0.4596  Val F1: 0.3077  ROC-AUC: 0.8508  PR-AUC: 0.3141
[Target-only] Epoch 5/50 – Loss: 0.4286  Val F1: 0.2857  ROC-AUC: 0.8631  PR-AUC: 0.3602
[Target-only] Epoch 6/50 – Loss: 0.4119  Val F1: 0.2990  ROC-AUC: 0.8491  PR-AUC: 0.3450
[Target-only] Epoch 7/50 – Loss: 0.3795  Val F1: 0.2370  ROC-AUC: 0.8482  PR-AUC: 0.2604
[Target-only] Epoch 8/50 – Loss: 0.3741  Val F1: 0.2990  ROC-AUC: 0.8473  PR-AUC: 0.3507
[Target-only] Epoch 9/50 – Loss: 0.3545  Val F1: 0.3152  ROC-AUC: 0.8611  PR-AUC: 0.4231
[Target-only] Epoch 10/50 – Loss: 0.3489  Val F1: 0.2264  ROC-AUC: 0.8447  PR-AUC: 0.3356
[Target-only] Epoch 11/50 – Loss: 0.3016  Val F1: 0.3059  ROC-AUC: 0.8486  PR-AUC: 0.3286
[Target-only] Epoch 12/50 – Loss: 0.2955  Val F1: 0.2650  ROC-AUC: 0.8306  PR-AUC: 0.2658
[Target-only] Epoch 13/50 – Loss: 0.2750  Val F1: 0.2857  ROC-AUC: 0.8316  PR-AUC: 0.2884
[Target-only] Epoch 14/50 – Loss: 0.2578  Val F1: 0.2778  ROC-AUC: 0.8510  PR-AUC: 0.4001
[Target-only] Epoch 15/50 – Loss: 0.2326  Val F1: 0.3404  ROC-AUC: 0.8621  PR-AUC: 0.3565
[Target-only] Epoch 16/50 – Loss: 0.2274  Val F1: 0.2841  ROC-AUC: 0.8492  PR-AUC: 0.3755
[Target-only] Epoch 17/50 – Loss: 0.2332  Val F1: 0.3265  ROC-AUC: 0.8470  PR-AUC: 0.3776
[Target-only] Epoch 18/50 – Loss: 0.2094  Val F1: 0.3158  ROC-AUC: 0.8480  PR-AUC: 0.4000
[Target-only] Epoch 19/50 – Loss: 0.2183  Val F1: 0.2890  ROC-AUC: 0.8488  PR-AUC: 0.3688
[Target-only] Epoch 20/50 – Loss: 0.2039  Val F1: 0.3333  ROC-AUC: 0.8425  PR-AUC: 0.3663
[Target-only] Epoch 21/50 – Loss: 0.1704  Val F1: 0.2815  ROC-AUC: 0.8322  PR-AUC: 0.3054
[Target-only] Epoch 22/50 – Loss: 0.1580  Val F1: 0.3281  ROC-AUC: 0.8316  PR-AUC: 0.3972
[Target-only] Epoch 23/50 – Loss: 0.1543  Val F1: 0.3115  ROC-AUC: 0.8292  PR-AUC: 0.3822
[Target-only] Epoch 24/50 – Loss: 0.1495  Val F1: 0.3333  ROC-AUC: 0.8584  PR-AUC: 0.4030
[Target-only] Epoch 25/50 – Loss: 0.1422  Val F1: 0.3220  ROC-AUC: 0.8430  PR-AUC: 0.3673
[Target-only] Epoch 26/50 – Loss: 0.1370  Val F1: 0.3000  ROC-AUC: 0.8335  PR-AUC: 0.3779
[Target-only] Epoch 27/50 – Loss: 0.1482  Val F1: 0.2857  ROC-AUC: 0.8303  PR-AUC: 0.3782
[Target-only] Epoch 28/50 – Loss: 0.1476  Val F1: 0.3130  ROC-AUC: 0.8182  PR-AUC: 0.3939
[Target-only] Epoch 29/50 – Loss: 0.1342  Val F1: 0.3220  ROC-AUC: 0.8380  PR-AUC: 0.3953
[Target-only] Epoch 30/50 – Loss: 0.1272  Val F1: 0.3585  ROC-AUC: 0.8408  PR-AUC: 0.3903
[Target-only] Epoch 31/50 – Loss: 0.1337  Val F1: 0.3252  ROC-AUC: 0.8297  PR-AUC: 0.3866
[Target-only] Epoch 32/50 – Loss: 0.1127  Val F1: 0.3303  ROC-AUC: 0.8330  PR-AUC: 0.3916
[Target-only] Epoch 33/50 – Loss: 0.1165  Val F1: 0.3704  ROC-AUC: 0.8412  PR-AUC: 0.4040
[Target-only] Epoch 34/50 – Loss: 0.1083  Val F1: 0.3363  ROC-AUC: 0.8287  PR-AUC: 0.3757
[Target-only] Epoch 35/50 – Loss: 0.1140  Val F1: 0.3793  ROC-AUC: 0.8522  PR-AUC: 0.4276
[Target-only] Epoch 36/50 – Loss: 0.1095  Val F1: 0.3396  ROC-AUC: 0.8317  PR-AUC: 0.3848
[Target-only] Epoch 37/50 – Loss: 0.0956  Val F1: 0.3333  ROC-AUC: 0.8292  PR-AUC: 0.3773
[Target-only] Epoch 38/50 – Loss: 0.0953  Val F1: 0.3579  ROC-AUC: 0.8304  PR-AUC: 0.3601
[Target-only] Epoch 39/50 – Loss: 0.1156  Val F1: 0.3711  ROC-AUC: 0.8285  PR-AUC: 0.3901
[Target-only] Epoch 40/50 – Loss: 0.0980  Val F1: 0.4231  ROC-AUC: 0.8555  PR-AUC: 0.4361
[Target-only] Epoch 41/50 – Loss: 0.0905  Val F1: 0.3455  ROC-AUC: 0.8350  PR-AUC: 0.3856
[Target-only] Epoch 42/50 – Loss: 0.0921  Val F1: 0.3600  ROC-AUC: 0.8306  PR-AUC: 0.3949
[Target-only] Epoch 43/50 – Loss: 0.0869  Val F1: 0.3617  ROC-AUC: 0.8360  PR-AUC: 0.4061
[Target-only] Epoch 44/50 – Loss: 0.0938  Val F1: 0.3958  ROC-AUC: 0.8455  PR-AUC: 0.4117
[Target-only] Epoch 45/50 – Loss: 0.0794  Val F1: 0.3908  ROC-AUC: 0.8339  PR-AUC: 0.4195
[Target-only] Epoch 46/50 – Loss: 0.0840  Val F1: 0.3750  ROC-AUC: 0.8315  PR-AUC: 0.3982
[Target-only] Epoch 47/50 – Loss: 0.0839  Val F1: 0.3800  ROC-AUC: 0.8304  PR-AUC: 0.3701
[Target-only] Epoch 48/50 – Loss: 0.0859  Val F1: 0.4000  ROC-AUC: 0.8286  PR-AUC: 0.3793
[Target-only] Epoch 49/50 – Loss: 0.0832  Val F1: 0.4167  ROC-AUC: 0.8299  PR-AUC: 0.3862
[Target-only] Epoch 50/50 – Loss: 0.0858  Val F1: 0.3636  ROC-AUC: 0.8219  PR-AUC: 0.3772
=== Target-only TEST performance ===
Test F1: 0.2941, ROC-AUC: 0.7850, PR-AUC: 0.2598
✅ 실험 완료: TOX21_ERa_LUC_VM7_Agonist -> TOX21_ERa_BLA_Agonist_ch2 [GIN_GCN]
