[11:21:40] Can't kekulize mol.  Unkekulized atoms: 1 2 3 4 5
[11:21:41] Explicit valence for atom # 0 Cl, 2, is greater than permitted
[11:21:41] Can't kekulize mol.  Unkekulized atoms: 3 4 5 6 7
[11:21:42] Can't kekulize mol.  Unkekulized atoms: 3 4 5 6 7
[11:21:42] WARNING: not removing hydrogen atom without neighbors
[11:21:44] Explicit valence for atom # 3 Si, 8, is greater than permitted
[11:21:45] Can't kekulize mol.  Unkekulized atoms: 1 2 3 4 5
[11:21:45] Can't kekulize mol.  Unkekulized atoms: 3 4 5 6 7
[11:21:45] Can't kekulize mol.  Unkekulized atoms: 1 2 3 4 5
[11:21:45] WARNING: not removing hydrogen atom without neighbors
[11:21:46] Can't kekulize mol.  Unkekulized atoms: 1 2 3 4 5
[11:21:46] Explicit valence for atom # 6 O, 3, is greater than permitted
[11:21:46] Explicit valence for atom # 3 Si, 8, is greater than permitted
[11:21:46] Explicit valence for atom # 0 Cl, 2, is greater than permitted
[11:24:13] Can't kekulize mol.  Unkekulized atoms: 1 2 3 4 5
[11:24:13] Explicit valence for atom # 0 Cl, 2, is greater than permitted
[11:24:14] Can't kekulize mol.  Unkekulized atoms: 3 4 5 6 7
[11:24:15] Can't kekulize mol.  Unkekulized atoms: 3 4 5 6 7
[11:24:17] Can't kekulize mol.  Unkekulized atoms: 1 2 3 4 5
[11:24:17] Can't kekulize mol.  Unkekulized atoms: 3 4 5 6 7
[11:24:18] Can't kekulize mol.  Unkekulized atoms: 1 2 3 4 5
[11:24:18] WARNING: not removing hydrogen atom without neighbors
[11:24:18] Can't kekulize mol.  Unkekulized atoms: 1 2 3 4 5
[11:24:18] Explicit valence for atom # 6 O, 3, is greater than permitted
[11:24:18] Explicit valence for atom # 3 Si, 8, is greater than permitted
[11:24:18] Explicit valence for atom # 0 Cl, 2, is greater than permitted
[11:25:32] Can't kekulize mol.  Unkekulized atoms: 1 2 3 4 5
[11:25:33] Explicit valence for atom # 0 Cl, 2, is greater than permitted
[11:25:33] Can't kekulize mol.  Unkekulized atoms: 3 4 5 6 7
[11:25:34] Can't kekulize mol.  Unkekulized atoms: 3 4 5 6 7
[11:25:36] Can't kekulize mol.  Unkekulized atoms: 1 2 3 4 5
[11:25:36] Can't kekulize mol.  Unkekulized atoms: 3 4 5 6 7
[11:25:37] Can't kekulize mol.  Unkekulized atoms: 1 2 3 4 5
[11:25:37] WARNING: not removing hydrogen atom without neighbors
[11:25:37] Can't kekulize mol.  Unkekulized atoms: 1 2 3 4 5
[11:25:37] Explicit valence for atom # 6 O, 3, is greater than permitted
[11:25:37] Explicit valence for atom # 3 Si, 8, is greater than permitted
[11:25:38] Explicit valence for atom # 0 Cl, 2, is greater than permitted
