[11:15:11] Can't kekulize mol.  Unkekulized atoms: 1 2 3 4 5
[11:15:11] Explicit valence for atom # 0 Cl, 2, is greater than permitted
[11:15:12] Can't kekulize mol.  Unkekulized atoms: 3 4 5 6 7
[11:15:12] Can't kekulize mol.  Unkekulized atoms: 3 4 5 6 7
[11:15:13] WARNING: not removing hydrogen atom without neighbors
[11:15:15] Explicit valence for atom # 3 Si, 8, is greater than permitted
[11:15:15] Can't kekulize mol.  Unkekulized atoms: 1 2 3 4 5
[11:15:15] Can't kekulize mol.  Unkekulized atoms: 3 4 5 6 7
[11:15:16] Can't kekulize mol.  Unkekulized atoms: 1 2 3 4 5
[11:15:16] WARNING: not removing hydrogen atom without neighbors
[11:15:16] Can't kekulize mol.  Unkekulized atoms: 1 2 3 4 5
[11:15:16] Explicit valence for atom # 6 O, 3, is greater than permitted
[11:15:16] Explicit valence for atom # 3 Si, 8, is greater than permitted
[11:15:17] Explicit valence for atom # 0 Cl, 2, is greater than permitted
[11:17:47] Can't kekulize mol.  Unkekulized atoms: 1 2 3 4 5
[11:17:48] Explicit valence for atom # 0 Cl, 2, is greater than permitted
[11:17:48] Can't kekulize mol.  Unkekulized atoms: 3 4 5 6 7
[11:17:49] Can't kekulize mol.  Unkekulized atoms: 3 4 5 6 7
[11:17:51] Can't kekulize mol.  Unkekulized atoms: 1 2 3 4 5
[11:17:51] Can't kekulize mol.  Unkekulized atoms: 3 4 5 6 7
[11:17:52] Can't kekulize mol.  Unkekulized atoms: 1 2 3 4 5
[11:17:52] WARNING: not removing hydrogen atom without neighbors
[11:17:52] Can't kekulize mol.  Unkekulized atoms: 1 2 3 4 5
[11:17:52] Explicit valence for atom # 6 O, 3, is greater than permitted
[11:17:53] Explicit valence for atom # 3 Si, 8, is greater than permitted
[11:17:53] Explicit valence for atom # 0 Cl, 2, is greater than permitted
[11:19:11] Can't kekulize mol.  Unkekulized atoms: 1 2 3 4 5
[11:19:11] Explicit valence for atom # 0 Cl, 2, is greater than permitted
[11:19:12] Can't kekulize mol.  Unkekulized atoms: 3 4 5 6 7
[11:19:12] Can't kekulize mol.  Unkekulized atoms: 3 4 5 6 7
[11:19:15] Can't kekulize mol.  Unkekulized atoms: 1 2 3 4 5
[11:19:15] Can't kekulize mol.  Unkekulized atoms: 3 4 5 6 7
[11:19:15] Can't kekulize mol.  Unkekulized atoms: 1 2 3 4 5
[11:19:15] WARNING: not removing hydrogen atom without neighbors
[11:19:16] Can't kekulize mol.  Unkekulized atoms: 1 2 3 4 5
[11:19:16] Explicit valence for atom # 6 O, 3, is greater than permitted
[11:19:16] Explicit valence for atom # 3 Si, 8, is greater than permitted
[11:19:16] Explicit valence for atom # 0 Cl, 2, is greater than permitted
