[11:28:18] Can't kekulize mol.  Unkekulized atoms: 1 2 3 4 5
[11:28:18] Explicit valence for atom # 0 Cl, 2, is greater than permitted
[11:28:19] Can't kekulize mol.  Unkekulized atoms: 3 4 5 6 7
[11:28:19] Can't kekulize mol.  Unkekulized atoms: 3 4 5 6 7
[11:28:20] WARNING: not removing hydrogen atom without neighbors
[11:28:22] Explicit valence for atom # 3 Si, 8, is greater than permitted
[11:28:22] Can't kekulize mol.  Unkekulized atoms: 1 2 3 4 5
[11:28:22] Can't kekulize mol.  Unkekulized atoms: 3 4 5 6 7
[11:28:23] Can't kekulize mol.  Unkekulized atoms: 1 2 3 4 5
[11:28:23] WARNING: not removing hydrogen atom without neighbors
[11:28:23] Can't kekulize mol.  Unkekulized atoms: 1 2 3 4 5
[11:28:23] Explicit valence for atom # 6 O, 3, is greater than permitted
[11:28:23] Explicit valence for atom # 3 Si, 8, is greater than permitted
[11:28:24] Explicit valence for atom # 0 Cl, 2, is greater than permitted
[11:30:54] Can't kekulize mol.  Unkekulized atoms: 1 2 3 4 5
[11:30:54] Explicit valence for atom # 0 Cl, 2, is greater than permitted
[11:30:55] Can't kekulize mol.  Unkekulized atoms: 3 4 5 6 7
[11:30:55] Can't kekulize mol.  Unkekulized atoms: 3 4 5 6 7
[11:30:56] WARNING: not removing hydrogen atom without neighbors
[11:30:58] Explicit valence for atom # 3 Si, 8, is greater than permitted
[11:30:58] Can't kekulize mol.  Unkekulized atoms: 1 2 3 4 5
[11:30:58] Can't kekulize mol.  Unkekulized atoms: 3 4 5 6 7
[11:30:59] Can't kekulize mol.  Unkekulized atoms: 1 2 3 4 5
[11:30:59] WARNING: not removing hydrogen atom without neighbors
[11:30:59] Can't kekulize mol.  Unkekulized atoms: 1 2 3 4 5
[11:31:00] Explicit valence for atom # 6 O, 3, is greater than permitted
[11:31:00] Explicit valence for atom # 3 Si, 8, is greater than permitted
[11:31:00] Explicit valence for atom # 0 Cl, 2, is greater than permitted
[11:32:19] Can't kekulize mol.  Unkekulized atoms: 1 2 3 4 5
[11:32:19] Explicit valence for atom # 0 Cl, 2, is greater than permitted
[11:32:20] Can't kekulize mol.  Unkekulized atoms: 3 4 5 6 7
[11:32:21] Can't kekulize mol.  Unkekulized atoms: 3 4 5 6 7
[11:32:21] WARNING: not removing hydrogen atom without neighbors
[11:32:23] Explicit valence for atom # 3 Si, 8, is greater than permitted
[11:32:23] Can't kekulize mol.  Unkekulized atoms: 1 2 3 4 5
[11:32:23] Can't kekulize mol.  Unkekulized atoms: 3 4 5 6 7
[11:32:24] Can't kekulize mol.  Unkekulized atoms: 1 2 3 4 5
[11:32:24] WARNING: not removing hydrogen atom without neighbors
[11:32:25] Can't kekulize mol.  Unkekulized atoms: 1 2 3 4 5
[11:32:25] Explicit valence for atom # 6 O, 3, is greater than permitted
[11:32:25] Explicit valence for atom # 3 Si, 8, is greater than permitted
[11:32:25] Explicit valence for atom # 0 Cl, 2, is greater than permitted
