[1/4] Excel → CSV 변환 중...
Saved pretrain CSV for TOX21_ERa_BLA_Antagonist_ratio: data/sample/TOX21_ERa_BLA_Antagonist_ratio.csv
Saved pretrain CSV for TOX21_ERa_LUC_VM7_Agonist: data/sample/TOX21_ERa_LUC_VM7_Agonist.csv
Saved pretrain CSV for TOX21_ERa_BLA_Antagonist_viability: data/sample/TOX21_ERa_BLA_Antagonist_viability.csv
Saved pretrain CSV for TOX21_ERa_LUC_VM7_Antagonist_0.5nM_E2: data/sample/TOX21_ERa_LUC_VM7_Antagonist_0.5nM_E2.csv
Saved pretrain CSV for TOX21_ERa_BLA_Antagonist_ch2: data/sample/TOX21_ERa_BLA_Antagonist_ch2.csv
Saved pretrain CSV for TOX21_ERa_BLA_Antagonist_ch1: data/sample/TOX21_ERa_BLA_Antagonist_ch1.csv
Saved pretrain CSV for TOX21_ERa_LUC_VM7_Antagonist_0.5nM_E2_viability: data/sample/TOX21_ERa_LUC_VM7_Antagonist_0.5nM_E2_viability.csv
Saved pretrain CSV for TOX21_ERa_BLA_Agonist_ch2: data/sample/TOX21_ERa_BLA_Agonist_ch2.csv
Saved pretrain CSV for TOX21_ERa_BLA_Agonist_ch1: data/sample/TOX21_ERa_BLA_Agonist_ch1.csv
Saved pretrain CSV for TOX21_ERa_BLA_Agonist_ratio: data/sample/TOX21_ERa_BLA_Agonist_ratio.csv
Saved pretrain CSV for TOX21_ERb_BLA_Antagonist_ch1: data/sample/TOX21_ERb_BLA_Antagonist_ch1.csv
Saved pretrain CSV for TOX21_ERb_BLA_Antagonist_ch2: data/sample/TOX21_ERb_BLA_Antagonist_ch2.csv
Saved pretrain CSV for TOX21_ERb_BLA_Agonist_viability: data/sample/TOX21_ERb_BLA_Agonist_viability.csv
Saved pretrain CSV for TOX21_ERb_BLA_Agonist_ratio: data/sample/TOX21_ERb_BLA_Agonist_ratio.csv
Saved pretrain CSV for TOX21_ERb_BLA_Agonist_ch2: data/sample/TOX21_ERb_BLA_Agonist_ch2.csv
Saved pretrain CSV for TOX21_ERb_BLA_Agonist_ch1: data/sample/TOX21_ERb_BLA_Agonist_ch1.csv
Saved pretrain CSV for TOX21_ERR_LUC_Agonist: data/sample/TOX21_ERR_LUC_Agonist.csv
Saved pretrain CSV for TOX21_ERa_LUC_VM7_Agonist_10nM_ICI182780_viability: data/sample/TOX21_ERa_LUC_VM7_Agonist_10nM_ICI182780_viability.csv
Saved pretrain CSV for TOX21_ERa_LUC_VM7_Antagonist_0.1nM_E2: data/sample/TOX21_ERa_LUC_VM7_Antagonist_0.1nM_E2.csv
Saved pretrain CSV for TOX21_ERb_BLA_Antagonist_ratio: data/sample/TOX21_ERb_BLA_Antagonist_ratio.csv
Saved pretrain CSV for TOX21_ERa_LUC_VM7_Agonist_10nM_ICI182780: data/sample/TOX21_ERa_LUC_VM7_Agonist_10nM_ICI182780.csv
Saved pretrain CSV for TOX21_ERR_LUC_viability: data/sample/TOX21_ERR_LUC_viability.csv
Saved pretrain CSV for TOX21_ERR_LUC_Antagonist: data/sample/TOX21_ERR_LUC_Antagonist.csv
Saved pretrain CSV for TOX21_ERa_LUC_VM7_Antagonist_0.1nM_E2_viability: data/sample/TOX21_ERa_LUC_VM7_Antagonist_0.1nM_E2_viability.csv
Saved pretrain CSV for TOX21_ERb_BLA_Antagonist_viability: data/sample/TOX21_ERb_BLA_Antagonist_viability.csv
Saved finetune CSV for TOX21_ERa_BLA_Antagonist_ratio: data/sample/TOX21_ERa_BLA_Antagonist_ratio.csv
Saved finetune CSV for TOX21_ERa_LUC_VM7_Agonist: data/sample/TOX21_ERa_LUC_VM7_Agonist.csv
Saved finetune CSV for TOX21_ERa_BLA_Antagonist_viability: data/sample/TOX21_ERa_BLA_Antagonist_viability.csv
Saved finetune CSV for TOX21_ERa_LUC_VM7_Antagonist_0.5nM_E2: data/sample/TOX21_ERa_LUC_VM7_Antagonist_0.5nM_E2.csv
Saved finetune CSV for TOX21_ERa_BLA_Antagonist_ch2: data/sample/TOX21_ERa_BLA_Antagonist_ch2.csv
Saved finetune CSV for TOX21_ERa_BLA_Antagonist_ch1: data/sample/TOX21_ERa_BLA_Antagonist_ch1.csv
Saved finetune CSV for TOX21_ERa_LUC_VM7_Antagonist_0.5nM_E2_viability: data/sample/TOX21_ERa_LUC_VM7_Antagonist_0.5nM_E2_viability.csv
Saved finetune CSV for TOX21_ERa_BLA_Agonist_ch2: data/sample/TOX21_ERa_BLA_Agonist_ch2.csv
Saved finetune CSV for TOX21_ERa_BLA_Agonist_ch1: data/sample/TOX21_ERa_BLA_Agonist_ch1.csv
Saved finetune CSV for TOX21_ERa_BLA_Agonist_ratio: data/sample/TOX21_ERa_BLA_Agonist_ratio.csv
Saved finetune CSV for TOX21_ERb_BLA_Antagonist_ch1: data/sample/TOX21_ERb_BLA_Antagonist_ch1.csv
Saved finetune CSV for TOX21_ERb_BLA_Antagonist_ch2: data/sample/TOX21_ERb_BLA_Antagonist_ch2.csv
Saved finetune CSV for TOX21_ERb_BLA_Agonist_viability: data/sample/TOX21_ERb_BLA_Agonist_viability.csv
Saved finetune CSV for TOX21_ERb_BLA_Agonist_ratio: data/sample/TOX21_ERb_BLA_Agonist_ratio.csv
Saved finetune CSV for TOX21_ERb_BLA_Agonist_ch2: data/sample/TOX21_ERb_BLA_Agonist_ch2.csv
Saved finetune CSV for TOX21_ERb_BLA_Agonist_ch1: data/sample/TOX21_ERb_BLA_Agonist_ch1.csv
Saved finetune CSV for TOX21_ERR_LUC_Agonist: data/sample/TOX21_ERR_LUC_Agonist.csv
Saved finetune CSV for TOX21_ERa_LUC_VM7_Agonist_10nM_ICI182780_viability: data/sample/TOX21_ERa_LUC_VM7_Agonist_10nM_ICI182780_viability.csv
Saved finetune CSV for TOX21_ERa_LUC_VM7_Antagonist_0.1nM_E2: data/sample/TOX21_ERa_LUC_VM7_Antagonist_0.1nM_E2.csv
Saved finetune CSV for TOX21_ERb_BLA_Antagonist_ratio: data/sample/TOX21_ERb_BLA_Antagonist_ratio.csv
Saved finetune CSV for TOX21_ERa_LUC_VM7_Agonist_10nM_ICI182780: data/sample/TOX21_ERa_LUC_VM7_Agonist_10nM_ICI182780.csv
Saved finetune CSV for TOX21_ERR_LUC_viability: data/sample/TOX21_ERR_LUC_viability.csv
Saved finetune CSV for TOX21_ERR_LUC_Antagonist: data/sample/TOX21_ERR_LUC_Antagonist.csv
Saved finetune CSV for TOX21_ERa_LUC_VM7_Antagonist_0.1nM_E2_viability: data/sample/TOX21_ERa_LUC_VM7_Antagonist_0.1nM_E2_viability.csv
Saved finetune CSV for TOX21_ERb_BLA_Antagonist_viability: data/sample/TOX21_ERb_BLA_Antagonist_viability.csv
[2/4] Pretraining on TOX21_ERa_BLA_Antagonist_ratio using GIN_GCN...
Epoch 1/100 - Loss: 0.6335 - Val F1: 0.3143 - Val ROC-AUC: 0.7041 - Val PR-AUC: 0.2690
Epoch 2/100 - Loss: 0.5794 - Val F1: 0.3472 - Val ROC-AUC: 0.7403 - Val PR-AUC: 0.2633
Epoch 3/100 - Loss: 0.5642 - Val F1: 0.3089 - Val ROC-AUC: 0.7338 - Val PR-AUC: 0.2634
Epoch 4/100 - Loss: 0.5601 - Val F1: 0.3869 - Val ROC-AUC: 0.7543 - Val PR-AUC: 0.2695
Epoch 5/100 - Loss: 0.5419 - Val F1: 0.4000 - Val ROC-AUC: 0.7760 - Val PR-AUC: 0.2981
Epoch 6/100 - Loss: 0.5285 - Val F1: 0.4022 - Val ROC-AUC: 0.7760 - Val PR-AUC: 0.3076
Epoch 7/100 - Loss: 0.5237 - Val F1: 0.3582 - Val ROC-AUC: 0.7686 - Val PR-AUC: 0.2938
Epoch 8/100 - Loss: 0.5174 - Val F1: 0.4085 - Val ROC-AUC: 0.8018 - Val PR-AUC: 0.3465
Epoch 9/100 - Loss: 0.5100 - Val F1: 0.3807 - Val ROC-AUC: 0.7745 - Val PR-AUC: 0.3140
Epoch 10/100 - Loss: 0.4920 - Val F1: 0.3770 - Val ROC-AUC: 0.7861 - Val PR-AUC: 0.3101
Epoch 11/100 - Loss: 0.4794 - Val F1: 0.4255 - Val ROC-AUC: 0.8029 - Val PR-AUC: 0.3548
Epoch 12/100 - Loss: 0.4670 - Val F1: 0.4077 - Val ROC-AUC: 0.8030 - Val PR-AUC: 0.3299
Epoch 13/100 - Loss: 0.4587 - Val F1: 0.3954 - Val ROC-AUC: 0.8146 - Val PR-AUC: 0.3303
Epoch 14/100 - Loss: 0.4521 - Val F1: 0.4199 - Val ROC-AUC: 0.8115 - Val PR-AUC: 0.3467
Epoch 15/100 - Loss: 0.4511 - Val F1: 0.3940 - Val ROC-AUC: 0.7832 - Val PR-AUC: 0.3057
Epoch 16/100 - Loss: 0.4493 - Val F1: 0.4094 - Val ROC-AUC: 0.8070 - Val PR-AUC: 0.3386
Epoch 17/100 - Loss: 0.4442 - Val F1: 0.3978 - Val ROC-AUC: 0.8130 - Val PR-AUC: 0.3291
Epoch 18/100 - Loss: 0.4390 - Val F1: 0.4152 - Val ROC-AUC: 0.8104 - Val PR-AUC: 0.3370
Epoch 19/100 - Loss: 0.4308 - Val F1: 0.3988 - Val ROC-AUC: 0.7944 - Val PR-AUC: 0.3190
Epoch 20/100 - Loss: 0.4334 - Val F1: 0.4065 - Val ROC-AUC: 0.8131 - Val PR-AUC: 0.3539
Epoch 21/100 - Loss: 0.4108 - Val F1: 0.4340 - Val ROC-AUC: 0.8123 - Val PR-AUC: 0.3512
Epoch 22/100 - Loss: 0.4183 - Val F1: 0.4128 - Val ROC-AUC: 0.8054 - Val PR-AUC: 0.3424
Epoch 23/100 - Loss: 0.3892 - Val F1: 0.4114 - Val ROC-AUC: 0.8174 - Val PR-AUC: 0.3699
Epoch 24/100 - Loss: 0.3999 - Val F1: 0.4195 - Val ROC-AUC: 0.8113 - Val PR-AUC: 0.3501
Epoch 25/100 - Loss: 0.3873 - Val F1: 0.4261 - Val ROC-AUC: 0.8227 - Val PR-AUC: 0.3491
Epoch 26/100 - Loss: 0.3895 - Val F1: 0.4073 - Val ROC-AUC: 0.8097 - Val PR-AUC: 0.3415
Epoch 27/100 - Loss: 0.3769 - Val F1: 0.4564 - Val ROC-AUC: 0.8197 - Val PR-AUC: 0.3631
Epoch 28/100 - Loss: 0.3665 - Val F1: 0.4412 - Val ROC-AUC: 0.8271 - Val PR-AUC: 0.3664
Epoch 29/100 - Loss: 0.3734 - Val F1: 0.4197 - Val ROC-AUC: 0.8160 - Val PR-AUC: 0.3466
Epoch 30/100 - Loss: 0.3756 - Val F1: 0.4379 - Val ROC-AUC: 0.8187 - Val PR-AUC: 0.3701
Epoch 31/100 - Loss: 0.3405 - Val F1: 0.4343 - Val ROC-AUC: 0.8278 - Val PR-AUC: 0.3905
Epoch 32/100 - Loss: 0.3509 - Val F1: 0.4451 - Val ROC-AUC: 0.8241 - Val PR-AUC: 0.3798
Epoch 33/100 - Loss: 0.3423 - Val F1: 0.4369 - Val ROC-AUC: 0.8228 - Val PR-AUC: 0.3840
Epoch 34/100 - Loss: 0.3319 - Val F1: 0.4386 - Val ROC-AUC: 0.8256 - Val PR-AUC: 0.3803
Epoch 35/100 - Loss: 0.3517 - Val F1: 0.4238 - Val ROC-AUC: 0.8281 - Val PR-AUC: 0.3741
Epoch 36/100 - Loss: 0.3268 - Val F1: 0.4422 - Val ROC-AUC: 0.8219 - Val PR-AUC: 0.3876
Epoch 37/100 - Loss: 0.3182 - Val F1: 0.4314 - Val ROC-AUC: 0.8313 - Val PR-AUC: 0.3888
Epoch 38/100 - Loss: 0.3310 - Val F1: 0.4472 - Val ROC-AUC: 0.8298 - Val PR-AUC: 0.3913
Epoch 39/100 - Loss: 0.3073 - Val F1: 0.4343 - Val ROC-AUC: 0.8276 - Val PR-AUC: 0.3883
Epoch 40/100 - Loss: 0.3071 - Val F1: 0.4451 - Val ROC-AUC: 0.8295 - Val PR-AUC: 0.3722
Epoch 41/100 - Loss: 0.3101 - Val F1: 0.4502 - Val ROC-AUC: 0.8301 - Val PR-AUC: 0.3905
Epoch 42/100 - Loss: 0.3114 - Val F1: 0.4529 - Val ROC-AUC: 0.8332 - Val PR-AUC: 0.3928
Epoch 43/100 - Loss: 0.2962 - Val F1: 0.4211 - Val ROC-AUC: 0.8244 - Val PR-AUC: 0.3871
Epoch 44/100 - Loss: 0.3032 - Val F1: 0.4308 - Val ROC-AUC: 0.8151 - Val PR-AUC: 0.3693
Epoch 45/100 - Loss: 0.2965 - Val F1: 0.4625 - Val ROC-AUC: 0.8198 - Val PR-AUC: 0.3671
Epoch 46/100 - Loss: 0.2921 - Val F1: 0.4545 - Val ROC-AUC: 0.8219 - Val PR-AUC: 0.3654
Epoch 47/100 - Loss: 0.2942 - Val F1: 0.4459 - Val ROC-AUC: 0.8246 - Val PR-AUC: 0.3832
Epoch 48/100 - Loss: 0.2995 - Val F1: 0.4479 - Val ROC-AUC: 0.8233 - Val PR-AUC: 0.3744
Epoch 49/100 - Loss: 0.2890 - Val F1: 0.4416 - Val ROC-AUC: 0.8220 - Val PR-AUC: 0.3684
Epoch 50/100 - Loss: 0.3002 - Val F1: 0.4466 - Val ROC-AUC: 0.8223 - Val PR-AUC: 0.3806
Epoch 51/100 - Loss: 0.2937 - Val F1: 0.4403 - Val ROC-AUC: 0.8222 - Val PR-AUC: 0.3800
Epoch 52/100 - Loss: 0.2821 - Val F1: 0.4466 - Val ROC-AUC: 0.8216 - Val PR-AUC: 0.3815
Epoch 53/100 - Loss: 0.2829 - Val F1: 0.4570 - Val ROC-AUC: 0.8222 - Val PR-AUC: 0.3675
Epoch 54/100 - Loss: 0.2824 - Val F1: 0.4481 - Val ROC-AUC: 0.8181 - Val PR-AUC: 0.3658
Epoch 55/100 - Loss: 0.2760 - Val F1: 0.4369 - Val ROC-AUC: 0.8245 - Val PR-AUC: 0.3686
Epoch 56/100 - Loss: 0.2685 - Val F1: 0.4395 - Val ROC-AUC: 0.8219 - Val PR-AUC: 0.3722
Epoch 57/100 - Loss: 0.2888 - Val F1: 0.4518 - Val ROC-AUC: 0.8205 - Val PR-AUC: 0.3732
Epoch 58/100 - Loss: 0.2788 - Val F1: 0.4585 - Val ROC-AUC: 0.8184 - Val PR-AUC: 0.3638
Epoch 59/100 - Loss: 0.2805 - Val F1: 0.4600 - Val ROC-AUC: 0.8200 - Val PR-AUC: 0.3650
Epoch 60/100 - Loss: 0.2709 - Val F1: 0.4525 - Val ROC-AUC: 0.8207 - Val PR-AUC: 0.3661
Epoch 61/100 - Loss: 0.2668 - Val F1: 0.4583 - Val ROC-AUC: 0.8223 - Val PR-AUC: 0.3698
Epoch 62/100 - Loss: 0.2757 - Val F1: 0.4626 - Val ROC-AUC: 0.8242 - Val PR-AUC: 0.3713
Epoch 63/100 - Loss: 0.2684 - Val F1: 0.4423 - Val ROC-AUC: 0.8225 - Val PR-AUC: 0.3706
Epoch 64/100 - Loss: 0.2652 - Val F1: 0.4416 - Val ROC-AUC: 0.8258 - Val PR-AUC: 0.3741
Epoch 65/100 - Loss: 0.2533 - Val F1: 0.4423 - Val ROC-AUC: 0.8237 - Val PR-AUC: 0.3741
Epoch 66/100 - Loss: 0.2797 - Val F1: 0.4772 - Val ROC-AUC: 0.8239 - Val PR-AUC: 0.3716
Epoch 67/100 - Loss: 0.2581 - Val F1: 0.4527 - Val ROC-AUC: 0.8211 - Val PR-AUC: 0.3693
Epoch 68/100 - Loss: 0.2824 - Val F1: 0.4474 - Val ROC-AUC: 0.8216 - Val PR-AUC: 0.3631
Epoch 69/100 - Loss: 0.2766 - Val F1: 0.4482 - Val ROC-AUC: 0.8208 - Val PR-AUC: 0.3643
Epoch 70/100 - Loss: 0.2807 - Val F1: 0.4353 - Val ROC-AUC: 0.8201 - Val PR-AUC: 0.3629
Epoch 71/100 - Loss: 0.2654 - Val F1: 0.4570 - Val ROC-AUC: 0.8213 - Val PR-AUC: 0.3651
Epoch 72/100 - Loss: 0.2660 - Val F1: 0.4444 - Val ROC-AUC: 0.8219 - Val PR-AUC: 0.3718
Epoch 73/100 - Loss: 0.2633 - Val F1: 0.4473 - Val ROC-AUC: 0.8219 - Val PR-AUC: 0.3655
Epoch 74/100 - Loss: 0.2686 - Val F1: 0.4395 - Val ROC-AUC: 0.8225 - Val PR-AUC: 0.3718
Epoch 75/100 - Loss: 0.2732 - Val F1: 0.4575 - Val ROC-AUC: 0.8212 - Val PR-AUC: 0.3679
Epoch 76/100 - Loss: 0.2638 - Val F1: 0.4516 - Val ROC-AUC: 0.8215 - Val PR-AUC: 0.3673
Epoch 77/100 - Loss: 0.2676 - Val F1: 0.4444 - Val ROC-AUC: 0.8218 - Val PR-AUC: 0.3733
Epoch 78/100 - Loss: 0.2576 - Val F1: 0.4495 - Val ROC-AUC: 0.8210 - Val PR-AUC: 0.3706
Epoch 79/100 - Loss: 0.2555 - Val F1: 0.4522 - Val ROC-AUC: 0.8226 - Val PR-AUC: 0.3713
Epoch 80/100 - Loss: 0.2625 - Val F1: 0.4554 - Val ROC-AUC: 0.8231 - Val PR-AUC: 0.3748
Epoch 81/100 - Loss: 0.2643 - Val F1: 0.4437 - Val ROC-AUC: 0.8223 - Val PR-AUC: 0.3712
Epoch 82/100 - Loss: 0.2499 - Val F1: 0.4401 - Val ROC-AUC: 0.8216 - Val PR-AUC: 0.3733
Epoch 83/100 - Loss: 0.2587 - Val F1: 0.4678 - Val ROC-AUC: 0.8214 - Val PR-AUC: 0.3721
Epoch 84/100 - Loss: 0.2608 - Val F1: 0.4554 - Val ROC-AUC: 0.8228 - Val PR-AUC: 0.3798
Epoch 85/100 - Loss: 0.2633 - Val F1: 0.4581 - Val ROC-AUC: 0.8224 - Val PR-AUC: 0.3727
Epoch 86/100 - Loss: 0.2658 - Val F1: 0.4605 - Val ROC-AUC: 0.8216 - Val PR-AUC: 0.3733
Epoch 87/100 - Loss: 0.2523 - Val F1: 0.4430 - Val ROC-AUC: 0.8220 - Val PR-AUC: 0.3722
Epoch 88/100 - Loss: 0.2750 - Val F1: 0.4554 - Val ROC-AUC: 0.8177 - Val PR-AUC: 0.3684
Epoch 89/100 - Loss: 0.2623 - Val F1: 0.4554 - Val ROC-AUC: 0.8198 - Val PR-AUC: 0.3725
Epoch 90/100 - Loss: 0.2655 - Val F1: 0.4548 - Val ROC-AUC: 0.8203 - Val PR-AUC: 0.3710
Epoch 91/100 - Loss: 0.2593 - Val F1: 0.4539 - Val ROC-AUC: 0.8205 - Val PR-AUC: 0.3655
Epoch 92/100 - Loss: 0.2556 - Val F1: 0.4497 - Val ROC-AUC: 0.8214 - Val PR-AUC: 0.3724
Epoch 93/100 - Loss: 0.2552 - Val F1: 0.4579 - Val ROC-AUC: 0.8217 - Val PR-AUC: 0.3698
Epoch 94/100 - Loss: 0.2523 - Val F1: 0.4564 - Val ROC-AUC: 0.8213 - Val PR-AUC: 0.3693
Epoch 95/100 - Loss: 0.2649 - Val F1: 0.4557 - Val ROC-AUC: 0.8224 - Val PR-AUC: 0.3696
Epoch 96/100 - Loss: 0.2649 - Val F1: 0.4497 - Val ROC-AUC: 0.8199 - Val PR-AUC: 0.3683
Epoch 97/100 - Loss: 0.2441 - Val F1: 0.4518 - Val ROC-AUC: 0.8218 - Val PR-AUC: 0.3684
Epoch 98/100 - Loss: 0.2549 - Val F1: 0.4581 - Val ROC-AUC: 0.8223 - Val PR-AUC: 0.3722
Epoch 99/100 - Loss: 0.2608 - Val F1: 0.4512 - Val ROC-AUC: 0.8238 - Val PR-AUC: 0.3727
Epoch 100/100 - Loss: 0.2603 - Val F1: 0.4615 - Val ROC-AUC: 0.8210 - Val PR-AUC: 0.3695
Pretraining completed. Test F1: 0.4828, ROC-AUC: 0.8011, PR-AUC: 0.3900
[3/4] Finetuning on TOX21_ERa_BLA_Antagonist_ch1 using GIN_GCN...
[Fine-tune] Epoch 1/50 - Loss: 0.4453 - Val F1: 0.3309 - Val ROC-AUC: 0.8674 - Val PR-AUC: 0.2390
[Fine-tune] Epoch 2/50 - Loss: 0.4049 - Val F1: 0.3288 - Val ROC-AUC: 0.8635 - Val PR-AUC: 0.2594
[Fine-tune] Epoch 3/50 - Loss: 0.4008 - Val F1: 0.3168 - Val ROC-AUC: 0.8348 - Val PR-AUC: 0.2433
[Fine-tune] Epoch 4/50 - Loss: 0.3901 - Val F1: 0.3373 - Val ROC-AUC: 0.8707 - Val PR-AUC: 0.2464
[Fine-tune] Epoch 5/50 - Loss: 0.3642 - Val F1: 0.3495 - Val ROC-AUC: 0.8694 - Val PR-AUC: 0.2500
[Fine-tune] Epoch 6/50 - Loss: 0.3562 - Val F1: 0.2830 - Val ROC-AUC: 0.8166 - Val PR-AUC: 0.1966
[Fine-tune] Epoch 7/50 - Loss: 0.3596 - Val F1: 0.3191 - Val ROC-AUC: 0.8574 - Val PR-AUC: 0.2482
[Fine-tune] Epoch 8/50 - Loss: 0.3359 - Val F1: 0.2984 - Val ROC-AUC: 0.8474 - Val PR-AUC: 0.2475
[Fine-tune] Epoch 9/50 - Loss: 0.3241 - Val F1: 0.2835 - Val ROC-AUC: 0.8250 - Val PR-AUC: 0.2176
[Fine-tune] Epoch 10/50 - Loss: 0.3306 - Val F1: 0.3502 - Val ROC-AUC: 0.8469 - Val PR-AUC: 0.2365
[Fine-tune] Epoch 11/50 - Loss: 0.2874 - Val F1: 0.3030 - Val ROC-AUC: 0.8367 - Val PR-AUC: 0.2447
[Fine-tune] Epoch 12/50 - Loss: 0.2878 - Val F1: 0.3442 - Val ROC-AUC: 0.8550 - Val PR-AUC: 0.2605
[Fine-tune] Epoch 13/50 - Loss: 0.2677 - Val F1: 0.2785 - Val ROC-AUC: 0.7985 - Val PR-AUC: 0.2278
[Fine-tune] Epoch 14/50 - Loss: 0.2654 - Val F1: 0.2979 - Val ROC-AUC: 0.8192 - Val PR-AUC: 0.2336
[Fine-tune] Epoch 15/50 - Loss: 0.2540 - Val F1: 0.2959 - Val ROC-AUC: 0.7941 - Val PR-AUC: 0.2177
[Fine-tune] Epoch 16/50 - Loss: 0.2471 - Val F1: 0.2941 - Val ROC-AUC: 0.7984 - Val PR-AUC: 0.2186
[Fine-tune] Epoch 17/50 - Loss: 0.2420 - Val F1: 0.2909 - Val ROC-AUC: 0.8174 - Val PR-AUC: 0.2297
[Fine-tune] Epoch 18/50 - Loss: 0.2418 - Val F1: 0.2661 - Val ROC-AUC: 0.8138 - Val PR-AUC: 0.2355
[Fine-tune] Epoch 19/50 - Loss: 0.2273 - Val F1: 0.3030 - Val ROC-AUC: 0.8181 - Val PR-AUC: 0.2324
[Fine-tune] Epoch 20/50 - Loss: 0.2231 - Val F1: 0.3352 - Val ROC-AUC: 0.8432 - Val PR-AUC: 0.2436
[Fine-tune] Epoch 21/50 - Loss: 0.2081 - Val F1: 0.3121 - Val ROC-AUC: 0.8169 - Val PR-AUC: 0.2272
[Fine-tune] Epoch 22/50 - Loss: 0.2062 - Val F1: 0.3313 - Val ROC-AUC: 0.8146 - Val PR-AUC: 0.2345
[Fine-tune] Epoch 23/50 - Loss: 0.1950 - Val F1: 0.3176 - Val ROC-AUC: 0.8135 - Val PR-AUC: 0.2274
[Fine-tune] Epoch 24/50 - Loss: 0.1943 - Val F1: 0.3023 - Val ROC-AUC: 0.7933 - Val PR-AUC: 0.2028
[Fine-tune] Epoch 25/50 - Loss: 0.1823 - Val F1: 0.3068 - Val ROC-AUC: 0.7934 - Val PR-AUC: 0.2083
[Fine-tune] Epoch 26/50 - Loss: 0.1713 - Val F1: 0.2921 - Val ROC-AUC: 0.7883 - Val PR-AUC: 0.2121
[Fine-tune] Epoch 27/50 - Loss: 0.1864 - Val F1: 0.2775 - Val ROC-AUC: 0.7774 - Val PR-AUC: 0.2255
[Fine-tune] Epoch 28/50 - Loss: 0.1895 - Val F1: 0.2917 - Val ROC-AUC: 0.8094 - Val PR-AUC: 0.2304
[Fine-tune] Epoch 29/50 - Loss: 0.1816 - Val F1: 0.2967 - Val ROC-AUC: 0.8008 - Val PR-AUC: 0.2258
[Fine-tune] Epoch 30/50 - Loss: 0.1649 - Val F1: 0.2907 - Val ROC-AUC: 0.8037 - Val PR-AUC: 0.2158
[Fine-tune] Epoch 31/50 - Loss: 0.1685 - Val F1: 0.2919 - Val ROC-AUC: 0.7795 - Val PR-AUC: 0.2074
[Fine-tune] Epoch 32/50 - Loss: 0.1580 - Val F1: 0.2840 - Val ROC-AUC: 0.7882 - Val PR-AUC: 0.2102
[Fine-tune] Epoch 33/50 - Loss: 0.1609 - Val F1: 0.2857 - Val ROC-AUC: 0.7874 - Val PR-AUC: 0.2050
[Fine-tune] Epoch 34/50 - Loss: 0.1551 - Val F1: 0.2237 - Val ROC-AUC: 0.7620 - Val PR-AUC: 0.2033
[Fine-tune] Epoch 35/50 - Loss: 0.1484 - Val F1: 0.3057 - Val ROC-AUC: 0.7942 - Val PR-AUC: 0.2223
[Fine-tune] Epoch 36/50 - Loss: 0.1580 - Val F1: 0.2994 - Val ROC-AUC: 0.7852 - Val PR-AUC: 0.2219
[Fine-tune] Epoch 37/50 - Loss: 0.1455 - Val F1: 0.2740 - Val ROC-AUC: 0.7797 - Val PR-AUC: 0.2140
[Fine-tune] Epoch 38/50 - Loss: 0.1508 - Val F1: 0.1857 - Val ROC-AUC: 0.7467 - Val PR-AUC: 0.1925
[Fine-tune] Epoch 39/50 - Loss: 0.1487 - Val F1: 0.2710 - Val ROC-AUC: 0.7686 - Val PR-AUC: 0.2121
[Fine-tune] Epoch 40/50 - Loss: 0.1418 - Val F1: 0.2466 - Val ROC-AUC: 0.7708 - Val PR-AUC: 0.1990
[Fine-tune] Epoch 41/50 - Loss: 0.1408 - Val F1: 0.2857 - Val ROC-AUC: 0.7740 - Val PR-AUC: 0.2093
[Fine-tune] Epoch 42/50 - Loss: 0.1398 - Val F1: 0.2550 - Val ROC-AUC: 0.7755 - Val PR-AUC: 0.2022
[Fine-tune] Epoch 43/50 - Loss: 0.1340 - Val F1: 0.2857 - Val ROC-AUC: 0.7836 - Val PR-AUC: 0.2154
[Fine-tune] Epoch 44/50 - Loss: 0.1345 - Val F1: 0.2449 - Val ROC-AUC: 0.7747 - Val PR-AUC: 0.2138
[Fine-tune] Epoch 45/50 - Loss: 0.1346 - Val F1: 0.2721 - Val ROC-AUC: 0.7672 - Val PR-AUC: 0.2019
[Fine-tune] Epoch 46/50 - Loss: 0.1472 - Val F1: 0.2963 - Val ROC-AUC: 0.7752 - Val PR-AUC: 0.2128
[Fine-tune] Epoch 47/50 - Loss: 0.1396 - Val F1: 0.2781 - Val ROC-AUC: 0.7713 - Val PR-AUC: 0.2100
[Fine-tune] Epoch 48/50 - Loss: 0.1376 - Val F1: 0.2517 - Val ROC-AUC: 0.7690 - Val PR-AUC: 0.2025
[Fine-tune] Epoch 49/50 - Loss: 0.1362 - Val F1: 0.2585 - Val ROC-AUC: 0.7602 - Val PR-AUC: 0.1976
[Fine-tune] Epoch 50/50 - Loss: 0.1274 - Val F1: 0.2658 - Val ROC-AUC: 0.7618 - Val PR-AUC: 0.2042
Finetuning completed. Test F1: 0.2780, ROC-AUC: 0.8173, PR-AUC: 0.2154
[3.1/4] Target-only training on TOX21_ERa_BLA_Antagonist_ch1 using GIN_GCN...
=== Target-only training ===
[Target-only] Epoch 1/50 – Loss: 0.5908  Val F1: 0.2420  ROC-AUC: 0.7766  PR-AUC: 0.1981
[Target-only] Epoch 2/50 – Loss: 0.5423  Val F1: 0.2254  ROC-AUC: 0.7728  PR-AUC: 0.2076
[Target-only] Epoch 3/50 – Loss: 0.5248  Val F1: 0.2609  ROC-AUC: 0.7906  PR-AUC: 0.2021
[Target-only] Epoch 4/50 – Loss: 0.4892  Val F1: 0.3007  ROC-AUC: 0.8107  PR-AUC: 0.2257
[Target-only] Epoch 5/50 – Loss: 0.4888  Val F1: 0.3133  ROC-AUC: 0.8289  PR-AUC: 0.2208
[Target-only] Epoch 6/50 – Loss: 0.4766  Val F1: 0.2551  ROC-AUC: 0.8134  PR-AUC: 0.2213
[Target-only] Epoch 7/50 – Loss: 0.4610  Val F1: 0.3000  ROC-AUC: 0.8269  PR-AUC: 0.2502
[Target-only] Epoch 8/50 – Loss: 0.4426  Val F1: 0.3421  ROC-AUC: 0.8509  PR-AUC: 0.2299
[Target-only] Epoch 9/50 – Loss: 0.4243  Val F1: 0.2779  ROC-AUC: 0.8464  PR-AUC: 0.2261
[Target-only] Epoch 10/50 – Loss: 0.4237  Val F1: 0.2927  ROC-AUC: 0.8175  PR-AUC: 0.2231
[Target-only] Epoch 11/50 – Loss: 0.3848  Val F1: 0.2867  ROC-AUC: 0.8450  PR-AUC: 0.2564
[Target-only] Epoch 12/50 – Loss: 0.3694  Val F1: 0.3193  ROC-AUC: 0.8511  PR-AUC: 0.2589
[Target-only] Epoch 13/50 – Loss: 0.3683  Val F1: 0.3296  ROC-AUC: 0.8665  PR-AUC: 0.2680
[Target-only] Epoch 14/50 – Loss: 0.3604  Val F1: 0.3207  ROC-AUC: 0.8510  PR-AUC: 0.2444
[Target-only] Epoch 15/50 – Loss: 0.3472  Val F1: 0.2989  ROC-AUC: 0.8411  PR-AUC: 0.2456
[Target-only] Epoch 16/50 – Loss: 0.3313  Val F1: 0.3176  ROC-AUC: 0.8407  PR-AUC: 0.2797
[Target-only] Epoch 17/50 – Loss: 0.3377  Val F1: 0.2778  ROC-AUC: 0.8314  PR-AUC: 0.2224
[Target-only] Epoch 18/50 – Loss: 0.3198  Val F1: 0.2899  ROC-AUC: 0.8270  PR-AUC: 0.2249
[Target-only] Epoch 19/50 – Loss: 0.3288  Val F1: 0.2685  ROC-AUC: 0.8169  PR-AUC: 0.2010
[Target-only] Epoch 20/50 – Loss: 0.3155  Val F1: 0.3363  ROC-AUC: 0.8349  PR-AUC: 0.2426
[Target-only] Epoch 21/50 – Loss: 0.2923  Val F1: 0.2957  ROC-AUC: 0.8304  PR-AUC: 0.2207
[Target-only] Epoch 22/50 – Loss: 0.2769  Val F1: 0.3139  ROC-AUC: 0.8386  PR-AUC: 0.2505
[Target-only] Epoch 23/50 – Loss: 0.2660  Val F1: 0.3070  ROC-AUC: 0.8263  PR-AUC: 0.2463
[Target-only] Epoch 24/50 – Loss: 0.2735  Val F1: 0.3380  ROC-AUC: 0.8342  PR-AUC: 0.2435
[Target-only] Epoch 25/50 – Loss: 0.2689  Val F1: 0.3036  ROC-AUC: 0.8146  PR-AUC: 0.2339
[Target-only] Epoch 26/50 – Loss: 0.2580  Val F1: 0.3178  ROC-AUC: 0.8186  PR-AUC: 0.2343
[Target-only] Epoch 27/50 – Loss: 0.2586  Val F1: 0.2947  ROC-AUC: 0.8013  PR-AUC: 0.2292
[Target-only] Epoch 28/50 – Loss: 0.2374  Val F1: 0.2754  ROC-AUC: 0.7856  PR-AUC: 0.2009
[Target-only] Epoch 29/50 – Loss: 0.2497  Val F1: 0.2567  ROC-AUC: 0.7735  PR-AUC: 0.1876
[Target-only] Epoch 30/50 – Loss: 0.2166  Val F1: 0.3011  ROC-AUC: 0.8093  PR-AUC: 0.2255
[Target-only] Epoch 31/50 – Loss: 0.2147  Val F1: 0.2935  ROC-AUC: 0.8049  PR-AUC: 0.2247
[Target-only] Epoch 32/50 – Loss: 0.2212  Val F1: 0.3051  ROC-AUC: 0.7890  PR-AUC: 0.2207
[Target-only] Epoch 33/50 – Loss: 0.2163  Val F1: 0.2727  ROC-AUC: 0.7836  PR-AUC: 0.2095
[Target-only] Epoch 34/50 – Loss: 0.2181  Val F1: 0.3128  ROC-AUC: 0.7808  PR-AUC: 0.2241
[Target-only] Epoch 35/50 – Loss: 0.2146  Val F1: 0.2754  ROC-AUC: 0.7825  PR-AUC: 0.2185
[Target-only] Epoch 36/50 – Loss: 0.2036  Val F1: 0.2644  ROC-AUC: 0.7784  PR-AUC: 0.2024
[Target-only] Epoch 37/50 – Loss: 0.2037  Val F1: 0.2561  ROC-AUC: 0.7755  PR-AUC: 0.1970
[Target-only] Epoch 38/50 – Loss: 0.1973  Val F1: 0.2766  ROC-AUC: 0.7881  PR-AUC: 0.2158
[Target-only] Epoch 39/50 – Loss: 0.1956  Val F1: 0.2983  ROC-AUC: 0.7762  PR-AUC: 0.2158
[Target-only] Epoch 40/50 – Loss: 0.1987  Val F1: 0.2651  ROC-AUC: 0.7792  PR-AUC: 0.2159
[Target-only] Epoch 41/50 – Loss: 0.1871  Val F1: 0.2909  ROC-AUC: 0.7770  PR-AUC: 0.2155
[Target-only] Epoch 42/50 – Loss: 0.1872  Val F1: 0.2767  ROC-AUC: 0.7812  PR-AUC: 0.2135
[Target-only] Epoch 43/50 – Loss: 0.1823  Val F1: 0.3038  ROC-AUC: 0.7809  PR-AUC: 0.2153
[Target-only] Epoch 44/50 – Loss: 0.1858  Val F1: 0.2500  ROC-AUC: 0.7754  PR-AUC: 0.2108
[Target-only] Epoch 45/50 – Loss: 0.1788  Val F1: 0.2667  ROC-AUC: 0.7858  PR-AUC: 0.2259
[Target-only] Epoch 46/50 – Loss: 0.1748  Val F1: 0.2842  ROC-AUC: 0.7841  PR-AUC: 0.2217
[Target-only] Epoch 47/50 – Loss: 0.1756  Val F1: 0.2857  ROC-AUC: 0.7787  PR-AUC: 0.2165
[Target-only] Epoch 48/50 – Loss: 0.1823  Val F1: 0.2941  ROC-AUC: 0.7684  PR-AUC: 0.2168
[Target-only] Epoch 49/50 – Loss: 0.1746  Val F1: 0.2825  ROC-AUC: 0.7793  PR-AUC: 0.2197
[Target-only] Epoch 50/50 – Loss: 0.1703  Val F1: 0.2692  ROC-AUC: 0.7764  PR-AUC: 0.2198
=== Target-only TEST performance ===
Test F1: 0.2204, ROC-AUC: 0.7591, PR-AUC: 0.1753
✅ 실험 완료: TOX21_ERa_BLA_Antagonist_ratio -> TOX21_ERa_BLA_Antagonist_ch1 [GIN_GCN]
