[11:15:05] Can't kekulize mol.  Unkekulized atoms: 1 2 3 4 5
[11:15:06] Explicit valence for atom # 0 Cl, 2, is greater than permitted
[11:15:06] Can't kekulize mol.  Unkekulized atoms: 3 4 5 6 7
[11:15:07] Can't kekulize mol.  Unkekulized atoms: 3 4 5 6 7
[11:15:07] WARNING: not removing hydrogen atom without neighbors
[11:15:09] Explicit valence for atom # 3 Si, 8, is greater than permitted
[11:15:09] Can't kekulize mol.  Unkekulized atoms: 1 2 3 4 5
[11:15:09] Can't kekulize mol.  Unkekulized atoms: 3 4 5 6 7
[11:15:10] Can't kekulize mol.  Unkekulized atoms: 1 2 3 4 5
[11:15:10] WARNING: not removing hydrogen atom without neighbors
[11:15:11] Can't kekulize mol.  Unkekulized atoms: 1 2 3 4 5
[11:15:11] Explicit valence for atom # 6 O, 3, is greater than permitted
[11:15:11] Explicit valence for atom # 3 Si, 8, is greater than permitted
[11:15:11] Explicit valence for atom # 0 Cl, 2, is greater than permitted
[11:17:39] Can't kekulize mol.  Unkekulized atoms: 1 2 3 4 5
[11:17:40] Explicit valence for atom # 0 Cl, 2, is greater than permitted
[11:17:41] Can't kekulize mol.  Unkekulized atoms: 3 4 5 6 7
[11:17:41] Can't kekulize mol.  Unkekulized atoms: 3 4 5 6 7
[11:17:42] WARNING: not removing hydrogen atom without neighbors
[11:17:44] Explicit valence for atom # 3 Si, 8, is greater than permitted
[11:17:44] Can't kekulize mol.  Unkekulized atoms: 1 2 3 4 5
[11:17:44] Can't kekulize mol.  Unkekulized atoms: 3 4 5 6 7
[11:17:45] Can't kekulize mol.  Unkekulized atoms: 1 2 3 4 5
[11:17:45] WARNING: not removing hydrogen atom without neighbors
[11:17:45] Can't kekulize mol.  Unkekulized atoms: 1 2 3 4 5
[11:17:45] Explicit valence for atom # 6 O, 3, is greater than permitted
[11:17:45] Explicit valence for atom # 3 Si, 8, is greater than permitted
[11:17:46] Explicit valence for atom # 0 Cl, 2, is greater than permitted
[11:19:04] Can't kekulize mol.  Unkekulized atoms: 1 2 3 4 5
[11:19:04] Explicit valence for atom # 0 Cl, 2, is greater than permitted
[11:19:05] Can't kekulize mol.  Unkekulized atoms: 3 4 5 6 7
[11:19:06] Can't kekulize mol.  Unkekulized atoms: 3 4 5 6 7
[11:19:06] WARNING: not removing hydrogen atom without neighbors
[11:19:08] Explicit valence for atom # 3 Si, 8, is greater than permitted
[11:19:08] Can't kekulize mol.  Unkekulized atoms: 1 2 3 4 5
[11:19:08] Can't kekulize mol.  Unkekulized atoms: 3 4 5 6 7
[11:19:09] Can't kekulize mol.  Unkekulized atoms: 1 2 3 4 5
[11:19:09] WARNING: not removing hydrogen atom without neighbors
[11:19:09] Can't kekulize mol.  Unkekulized atoms: 1 2 3 4 5
[11:19:09] Explicit valence for atom # 6 O, 3, is greater than permitted
[11:19:10] Explicit valence for atom # 3 Si, 8, is greater than permitted
[11:19:10] Explicit valence for atom # 0 Cl, 2, is greater than permitted
