[11:21:35] Can't kekulize mol.  Unkekulized atoms: 1 2 3 4 5
[11:21:35] Explicit valence for atom # 0 Cl, 2, is greater than permitted
[11:21:36] Can't kekulize mol.  Unkekulized atoms: 3 4 5 6 7
[11:21:36] Can't kekulize mol.  Unkekulized atoms: 3 4 5 6 7
[11:21:37] WARNING: not removing hydrogen atom without neighbors
[11:21:39] Explicit valence for atom # 3 Si, 8, is greater than permitted
[11:21:39] Can't kekulize mol.  Unkekulized atoms: 1 2 3 4 5
[11:21:39] Can't kekulize mol.  Unkekulized atoms: 3 4 5 6 7
[11:21:40] Can't kekulize mol.  Unkekulized atoms: 1 2 3 4 5
[11:21:40] WARNING: not removing hydrogen atom without neighbors
[11:21:40] Can't kekulize mol.  Unkekulized atoms: 1 2 3 4 5
[11:21:40] Explicit valence for atom # 6 O, 3, is greater than permitted
[11:21:41] Explicit valence for atom # 3 Si, 8, is greater than permitted
[11:21:41] Explicit valence for atom # 0 Cl, 2, is greater than permitted
[11:24:09] Can't kekulize mol.  Unkekulized atoms: 1 2 3 4 5
[11:24:09] Explicit valence for atom # 0 Cl, 2, is greater than permitted
[11:24:10] Can't kekulize mol.  Unkekulized atoms: 3 4 5 6 7
[11:24:11] Can't kekulize mol.  Unkekulized atoms: 3 4 5 6 7
[11:24:13] Can't kekulize mol.  Unkekulized atoms: 1 2 3 4 5
[11:24:13] Can't kekulize mol.  Unkekulized atoms: 3 4 5 6 7
[11:24:14] Can't kekulize mol.  Unkekulized atoms: 1 2 3 4 5
[11:24:14] WARNING: not removing hydrogen atom without neighbors
[11:24:14] Can't kekulize mol.  Unkekulized atoms: 1 2 3 4 5
[11:24:14] Explicit valence for atom # 6 O, 3, is greater than permitted
[11:24:14] Explicit valence for atom # 3 Si, 8, is greater than permitted
[11:24:14] Explicit valence for atom # 0 Cl, 2, is greater than permitted
[11:25:29] Can't kekulize mol.  Unkekulized atoms: 1 2 3 4 5
[11:25:29] Explicit valence for atom # 0 Cl, 2, is greater than permitted
[11:25:30] Can't kekulize mol.  Unkekulized atoms: 3 4 5 6 7
[11:25:30] Can't kekulize mol.  Unkekulized atoms: 3 4 5 6 7
[11:25:33] Can't kekulize mol.  Unkekulized atoms: 1 2 3 4 5
[11:25:33] Can't kekulize mol.  Unkekulized atoms: 3 4 5 6 7
[11:25:33] Can't kekulize mol.  Unkekulized atoms: 1 2 3 4 5
[11:25:33] WARNING: not removing hydrogen atom without neighbors
[11:25:34] Can't kekulize mol.  Unkekulized atoms: 1 2 3 4 5
[11:25:34] Explicit valence for atom # 6 O, 3, is greater than permitted
[11:25:34] Explicit valence for atom # 3 Si, 8, is greater than permitted
[11:25:34] Explicit valence for atom # 0 Cl, 2, is greater than permitted
