[1/4] Excel → CSV 변환 중...
Saved pretrain CSV for TOX21_ERa_BLA_Antagonist_ratio: data/sample/TOX21_ERa_BLA_Antagonist_ratio.csv
Saved pretrain CSV for TOX21_ERa_LUC_VM7_Agonist: data/sample/TOX21_ERa_LUC_VM7_Agonist.csv
Saved pretrain CSV for TOX21_ERa_BLA_Antagonist_viability: data/sample/TOX21_ERa_BLA_Antagonist_viability.csv
Saved pretrain CSV for TOX21_ERa_LUC_VM7_Antagonist_0.5nM_E2: data/sample/TOX21_ERa_LUC_VM7_Antagonist_0.5nM_E2.csv
Saved pretrain CSV for TOX21_ERa_BLA_Antagonist_ch2: data/sample/TOX21_ERa_BLA_Antagonist_ch2.csv
Saved pretrain CSV for TOX21_ERa_BLA_Antagonist_ch1: data/sample/TOX21_ERa_BLA_Antagonist_ch1.csv
Saved pretrain CSV for TOX21_ERa_LUC_VM7_Antagonist_0.5nM_E2_viability: data/sample/TOX21_ERa_LUC_VM7_Antagonist_0.5nM_E2_viability.csv
Saved pretrain CSV for TOX21_ERa_BLA_Agonist_ch2: data/sample/TOX21_ERa_BLA_Agonist_ch2.csv
Saved pretrain CSV for TOX21_ERa_BLA_Agonist_ch1: data/sample/TOX21_ERa_BLA_Agonist_ch1.csv
Saved pretrain CSV for TOX21_ERa_BLA_Agonist_ratio: data/sample/TOX21_ERa_BLA_Agonist_ratio.csv
Saved pretrain CSV for TOX21_ERb_BLA_Antagonist_ch1: data/sample/TOX21_ERb_BLA_Antagonist_ch1.csv
Saved pretrain CSV for TOX21_ERb_BLA_Antagonist_ch2: data/sample/TOX21_ERb_BLA_Antagonist_ch2.csv
Saved pretrain CSV for TOX21_ERb_BLA_Agonist_viability: data/sample/TOX21_ERb_BLA_Agonist_viability.csv
Saved pretrain CSV for TOX21_ERb_BLA_Agonist_ratio: data/sample/TOX21_ERb_BLA_Agonist_ratio.csv
Saved pretrain CSV for TOX21_ERb_BLA_Agonist_ch2: data/sample/TOX21_ERb_BLA_Agonist_ch2.csv
Saved pretrain CSV for TOX21_ERb_BLA_Agonist_ch1: data/sample/TOX21_ERb_BLA_Agonist_ch1.csv
Saved pretrain CSV for TOX21_ERR_LUC_Agonist: data/sample/TOX21_ERR_LUC_Agonist.csv
Saved pretrain CSV for TOX21_ERa_LUC_VM7_Agonist_10nM_ICI182780_viability: data/sample/TOX21_ERa_LUC_VM7_Agonist_10nM_ICI182780_viability.csv
Saved pretrain CSV for TOX21_ERa_LUC_VM7_Antagonist_0.1nM_E2: data/sample/TOX21_ERa_LUC_VM7_Antagonist_0.1nM_E2.csv
Saved pretrain CSV for TOX21_ERb_BLA_Antagonist_ratio: data/sample/TOX21_ERb_BLA_Antagonist_ratio.csv
Saved pretrain CSV for TOX21_ERa_LUC_VM7_Agonist_10nM_ICI182780: data/sample/TOX21_ERa_LUC_VM7_Agonist_10nM_ICI182780.csv
Saved pretrain CSV for TOX21_ERR_LUC_viability: data/sample/TOX21_ERR_LUC_viability.csv
Saved pretrain CSV for TOX21_ERR_LUC_Antagonist: data/sample/TOX21_ERR_LUC_Antagonist.csv
Saved pretrain CSV for TOX21_ERa_LUC_VM7_Antagonist_0.1nM_E2_viability: data/sample/TOX21_ERa_LUC_VM7_Antagonist_0.1nM_E2_viability.csv
Saved pretrain CSV for TOX21_ERb_BLA_Antagonist_viability: data/sample/TOX21_ERb_BLA_Antagonist_viability.csv
Saved finetune CSV for TOX21_ERa_BLA_Antagonist_ratio: data/sample/TOX21_ERa_BLA_Antagonist_ratio.csv
Saved finetune CSV for TOX21_ERa_LUC_VM7_Agonist: data/sample/TOX21_ERa_LUC_VM7_Agonist.csv
Saved finetune CSV for TOX21_ERa_BLA_Antagonist_viability: data/sample/TOX21_ERa_BLA_Antagonist_viability.csv
Saved finetune CSV for TOX21_ERa_LUC_VM7_Antagonist_0.5nM_E2: data/sample/TOX21_ERa_LUC_VM7_Antagonist_0.5nM_E2.csv
Saved finetune CSV for TOX21_ERa_BLA_Antagonist_ch2: data/sample/TOX21_ERa_BLA_Antagonist_ch2.csv
Saved finetune CSV for TOX21_ERa_BLA_Antagonist_ch1: data/sample/TOX21_ERa_BLA_Antagonist_ch1.csv
Saved finetune CSV for TOX21_ERa_LUC_VM7_Antagonist_0.5nM_E2_viability: data/sample/TOX21_ERa_LUC_VM7_Antagonist_0.5nM_E2_viability.csv
Saved finetune CSV for TOX21_ERa_BLA_Agonist_ch2: data/sample/TOX21_ERa_BLA_Agonist_ch2.csv
Saved finetune CSV for TOX21_ERa_BLA_Agonist_ch1: data/sample/TOX21_ERa_BLA_Agonist_ch1.csv
Saved finetune CSV for TOX21_ERa_BLA_Agonist_ratio: data/sample/TOX21_ERa_BLA_Agonist_ratio.csv
Saved finetune CSV for TOX21_ERb_BLA_Antagonist_ch1: data/sample/TOX21_ERb_BLA_Antagonist_ch1.csv
Saved finetune CSV for TOX21_ERb_BLA_Antagonist_ch2: data/sample/TOX21_ERb_BLA_Antagonist_ch2.csv
Saved finetune CSV for TOX21_ERb_BLA_Agonist_viability: data/sample/TOX21_ERb_BLA_Agonist_viability.csv
Saved finetune CSV for TOX21_ERb_BLA_Agonist_ratio: data/sample/TOX21_ERb_BLA_Agonist_ratio.csv
Saved finetune CSV for TOX21_ERb_BLA_Agonist_ch2: data/sample/TOX21_ERb_BLA_Agonist_ch2.csv
Saved finetune CSV for TOX21_ERb_BLA_Agonist_ch1: data/sample/TOX21_ERb_BLA_Agonist_ch1.csv
Saved finetune CSV for TOX21_ERR_LUC_Agonist: data/sample/TOX21_ERR_LUC_Agonist.csv
Saved finetune CSV for TOX21_ERa_LUC_VM7_Agonist_10nM_ICI182780_viability: data/sample/TOX21_ERa_LUC_VM7_Agonist_10nM_ICI182780_viability.csv
Saved finetune CSV for TOX21_ERa_LUC_VM7_Antagonist_0.1nM_E2: data/sample/TOX21_ERa_LUC_VM7_Antagonist_0.1nM_E2.csv
Saved finetune CSV for TOX21_ERb_BLA_Antagonist_ratio: data/sample/TOX21_ERb_BLA_Antagonist_ratio.csv
Saved finetune CSV for TOX21_ERa_LUC_VM7_Agonist_10nM_ICI182780: data/sample/TOX21_ERa_LUC_VM7_Agonist_10nM_ICI182780.csv
Saved finetune CSV for TOX21_ERR_LUC_viability: data/sample/TOX21_ERR_LUC_viability.csv
Saved finetune CSV for TOX21_ERR_LUC_Antagonist: data/sample/TOX21_ERR_LUC_Antagonist.csv
Saved finetune CSV for TOX21_ERa_LUC_VM7_Antagonist_0.1nM_E2_viability: data/sample/TOX21_ERa_LUC_VM7_Antagonist_0.1nM_E2_viability.csv
Saved finetune CSV for TOX21_ERb_BLA_Antagonist_viability: data/sample/TOX21_ERb_BLA_Antagonist_viability.csv
[2/4] Pretraining on TOX21_ERa_BLA_Antagonist_ratio using GIN_GCN...
Epoch 1/100 - Loss: 0.6134 - Val F1: 0.3173 - Val ROC-AUC: 0.7149 - Val PR-AUC: 0.2473
Epoch 2/100 - Loss: 0.5874 - Val F1: 0.3504 - Val ROC-AUC: 0.7458 - Val PR-AUC: 0.2687
Epoch 3/100 - Loss: 0.5683 - Val F1: 0.3535 - Val ROC-AUC: 0.7345 - Val PR-AUC: 0.2731
Epoch 4/100 - Loss: 0.5661 - Val F1: 0.3073 - Val ROC-AUC: 0.7166 - Val PR-AUC: 0.2273
Epoch 5/100 - Loss: 0.5451 - Val F1: 0.3499 - Val ROC-AUC: 0.7630 - Val PR-AUC: 0.2862
Epoch 6/100 - Loss: 0.5388 - Val F1: 0.3375 - Val ROC-AUC: 0.7556 - Val PR-AUC: 0.3000
Epoch 7/100 - Loss: 0.5225 - Val F1: 0.3497 - Val ROC-AUC: 0.7453 - Val PR-AUC: 0.2685
Epoch 8/100 - Loss: 0.5238 - Val F1: 0.3537 - Val ROC-AUC: 0.7580 - Val PR-AUC: 0.2775
Epoch 9/100 - Loss: 0.5241 - Val F1: 0.3738 - Val ROC-AUC: 0.7893 - Val PR-AUC: 0.3414
Epoch 10/100 - Loss: 0.5113 - Val F1: 0.3619 - Val ROC-AUC: 0.7662 - Val PR-AUC: 0.3436
Epoch 11/100 - Loss: 0.4923 - Val F1: 0.3958 - Val ROC-AUC: 0.8119 - Val PR-AUC: 0.3622
Epoch 12/100 - Loss: 0.4636 - Val F1: 0.4195 - Val ROC-AUC: 0.7988 - Val PR-AUC: 0.3382
Epoch 13/100 - Loss: 0.4665 - Val F1: 0.3957 - Val ROC-AUC: 0.8015 - Val PR-AUC: 0.3621
Epoch 14/100 - Loss: 0.4550 - Val F1: 0.4048 - Val ROC-AUC: 0.8024 - Val PR-AUC: 0.3289
Epoch 15/100 - Loss: 0.4753 - Val F1: 0.4011 - Val ROC-AUC: 0.8051 - Val PR-AUC: 0.3538
Epoch 16/100 - Loss: 0.4562 - Val F1: 0.4043 - Val ROC-AUC: 0.8068 - Val PR-AUC: 0.3318
Epoch 17/100 - Loss: 0.4387 - Val F1: 0.4194 - Val ROC-AUC: 0.8023 - Val PR-AUC: 0.3182
Epoch 18/100 - Loss: 0.4434 - Val F1: 0.4343 - Val ROC-AUC: 0.8197 - Val PR-AUC: 0.3429
Epoch 19/100 - Loss: 0.4326 - Val F1: 0.3887 - Val ROC-AUC: 0.7982 - Val PR-AUC: 0.3120
Epoch 20/100 - Loss: 0.4270 - Val F1: 0.4321 - Val ROC-AUC: 0.8116 - Val PR-AUC: 0.3404
Epoch 21/100 - Loss: 0.3943 - Val F1: 0.4138 - Val ROC-AUC: 0.8210 - Val PR-AUC: 0.3630
Epoch 22/100 - Loss: 0.4003 - Val F1: 0.3989 - Val ROC-AUC: 0.8135 - Val PR-AUC: 0.3477
Epoch 23/100 - Loss: 0.4104 - Val F1: 0.4130 - Val ROC-AUC: 0.8109 - Val PR-AUC: 0.3510
Epoch 24/100 - Loss: 0.3965 - Val F1: 0.4162 - Val ROC-AUC: 0.8085 - Val PR-AUC: 0.3372
Epoch 25/100 - Loss: 0.3870 - Val F1: 0.4351 - Val ROC-AUC: 0.8085 - Val PR-AUC: 0.3353
Epoch 26/100 - Loss: 0.3826 - Val F1: 0.4274 - Val ROC-AUC: 0.8160 - Val PR-AUC: 0.3557
Epoch 27/100 - Loss: 0.3580 - Val F1: 0.4000 - Val ROC-AUC: 0.8014 - Val PR-AUC: 0.3215
Epoch 28/100 - Loss: 0.3712 - Val F1: 0.4334 - Val ROC-AUC: 0.8109 - Val PR-AUC: 0.3471
Epoch 29/100 - Loss: 0.3665 - Val F1: 0.4242 - Val ROC-AUC: 0.8146 - Val PR-AUC: 0.3367
Epoch 30/100 - Loss: 0.3693 - Val F1: 0.4235 - Val ROC-AUC: 0.8080 - Val PR-AUC: 0.3378
Epoch 31/100 - Loss: 0.3515 - Val F1: 0.4217 - Val ROC-AUC: 0.8064 - Val PR-AUC: 0.3398
Epoch 32/100 - Loss: 0.3353 - Val F1: 0.3977 - Val ROC-AUC: 0.8077 - Val PR-AUC: 0.3381
Epoch 33/100 - Loss: 0.3465 - Val F1: 0.4024 - Val ROC-AUC: 0.8006 - Val PR-AUC: 0.3383
Epoch 34/100 - Loss: 0.3374 - Val F1: 0.4198 - Val ROC-AUC: 0.8090 - Val PR-AUC: 0.3393
Epoch 35/100 - Loss: 0.3345 - Val F1: 0.4404 - Val ROC-AUC: 0.8110 - Val PR-AUC: 0.3439
Epoch 36/100 - Loss: 0.3383 - Val F1: 0.4033 - Val ROC-AUC: 0.8059 - Val PR-AUC: 0.3353
Epoch 37/100 - Loss: 0.3363 - Val F1: 0.4239 - Val ROC-AUC: 0.8041 - Val PR-AUC: 0.3295
Epoch 38/100 - Loss: 0.3373 - Val F1: 0.3977 - Val ROC-AUC: 0.8022 - Val PR-AUC: 0.3261
Epoch 39/100 - Loss: 0.3160 - Val F1: 0.4437 - Val ROC-AUC: 0.8024 - Val PR-AUC: 0.3287
Epoch 40/100 - Loss: 0.3188 - Val F1: 0.4061 - Val ROC-AUC: 0.7993 - Val PR-AUC: 0.3363
Epoch 41/100 - Loss: 0.2991 - Val F1: 0.4164 - Val ROC-AUC: 0.8041 - Val PR-AUC: 0.3390
Epoch 42/100 - Loss: 0.3073 - Val F1: 0.4048 - Val ROC-AUC: 0.8009 - Val PR-AUC: 0.3270
Epoch 43/100 - Loss: 0.3146 - Val F1: 0.4152 - Val ROC-AUC: 0.8065 - Val PR-AUC: 0.3298
