[1/4] Excel → CSV 변환 중...
Saved pretrain CSV for TOX21_ERa_BLA_Antagonist_ratio: data/sample/TOX21_ERa_BLA_Antagonist_ratio.csv
Saved pretrain CSV for TOX21_ERa_LUC_VM7_Agonist: data/sample/TOX21_ERa_LUC_VM7_Agonist.csv
Saved pretrain CSV for TOX21_ERa_BLA_Antagonist_viability: data/sample/TOX21_ERa_BLA_Antagonist_viability.csv
Saved pretrain CSV for TOX21_ERa_LUC_VM7_Antagonist_0.5nM_E2: data/sample/TOX21_ERa_LUC_VM7_Antagonist_0.5nM_E2.csv
Saved pretrain CSV for TOX21_ERa_BLA_Antagonist_ch2: data/sample/TOX21_ERa_BLA_Antagonist_ch2.csv
Saved pretrain CSV for TOX21_ERa_BLA_Antagonist_ch1: data/sample/TOX21_ERa_BLA_Antagonist_ch1.csv
Saved pretrain CSV for TOX21_ERa_LUC_VM7_Antagonist_0.5nM_E2_viability: data/sample/TOX21_ERa_LUC_VM7_Antagonist_0.5nM_E2_viability.csv
Saved pretrain CSV for TOX21_ERa_BLA_Agonist_ch2: data/sample/TOX21_ERa_BLA_Agonist_ch2.csv
Saved pretrain CSV for TOX21_ERa_BLA_Agonist_ch1: data/sample/TOX21_ERa_BLA_Agonist_ch1.csv
Saved pretrain CSV for TOX21_ERa_BLA_Agonist_ratio: data/sample/TOX21_ERa_BLA_Agonist_ratio.csv
Saved pretrain CSV for TOX21_ERb_BLA_Antagonist_ch1: data/sample/TOX21_ERb_BLA_Antagonist_ch1.csv
Saved pretrain CSV for TOX21_ERb_BLA_Antagonist_ch2: data/sample/TOX21_ERb_BLA_Antagonist_ch2.csv
Saved pretrain CSV for TOX21_ERb_BLA_Agonist_viability: data/sample/TOX21_ERb_BLA_Agonist_viability.csv
Saved pretrain CSV for TOX21_ERb_BLA_Agonist_ratio: data/sample/TOX21_ERb_BLA_Agonist_ratio.csv
Saved pretrain CSV for TOX21_ERb_BLA_Agonist_ch2: data/sample/TOX21_ERb_BLA_Agonist_ch2.csv
Saved pretrain CSV for TOX21_ERb_BLA_Agonist_ch1: data/sample/TOX21_ERb_BLA_Agonist_ch1.csv
Saved pretrain CSV for TOX21_ERR_LUC_Agonist: data/sample/TOX21_ERR_LUC_Agonist.csv
Saved pretrain CSV for TOX21_ERa_LUC_VM7_Agonist_10nM_ICI182780_viability: data/sample/TOX21_ERa_LUC_VM7_Agonist_10nM_ICI182780_viability.csv
Saved pretrain CSV for TOX21_ERa_LUC_VM7_Antagonist_0.1nM_E2: data/sample/TOX21_ERa_LUC_VM7_Antagonist_0.1nM_E2.csv
Saved pretrain CSV for TOX21_ERb_BLA_Antagonist_ratio: data/sample/TOX21_ERb_BLA_Antagonist_ratio.csv
Saved pretrain CSV for TOX21_ERa_LUC_VM7_Agonist_10nM_ICI182780: data/sample/TOX21_ERa_LUC_VM7_Agonist_10nM_ICI182780.csv
Saved pretrain CSV for TOX21_ERR_LUC_viability: data/sample/TOX21_ERR_LUC_viability.csv
Saved pretrain CSV for TOX21_ERR_LUC_Antagonist: data/sample/TOX21_ERR_LUC_Antagonist.csv
Saved pretrain CSV for TOX21_ERa_LUC_VM7_Antagonist_0.1nM_E2_viability: data/sample/TOX21_ERa_LUC_VM7_Antagonist_0.1nM_E2_viability.csv
Saved pretrain CSV for TOX21_ERb_BLA_Antagonist_viability: data/sample/TOX21_ERb_BLA_Antagonist_viability.csv
Saved finetune CSV for TOX21_ERa_BLA_Antagonist_ratio: data/sample/TOX21_ERa_BLA_Antagonist_ratio.csv
Saved finetune CSV for TOX21_ERa_LUC_VM7_Agonist: data/sample/TOX21_ERa_LUC_VM7_Agonist.csv
Saved finetune CSV for TOX21_ERa_BLA_Antagonist_viability: data/sample/TOX21_ERa_BLA_Antagonist_viability.csv
Saved finetune CSV for TOX21_ERa_LUC_VM7_Antagonist_0.5nM_E2: data/sample/TOX21_ERa_LUC_VM7_Antagonist_0.5nM_E2.csv
Saved finetune CSV for TOX21_ERa_BLA_Antagonist_ch2: data/sample/TOX21_ERa_BLA_Antagonist_ch2.csv
Saved finetune CSV for TOX21_ERa_BLA_Antagonist_ch1: data/sample/TOX21_ERa_BLA_Antagonist_ch1.csv
Saved finetune CSV for TOX21_ERa_LUC_VM7_Antagonist_0.5nM_E2_viability: data/sample/TOX21_ERa_LUC_VM7_Antagonist_0.5nM_E2_viability.csv
Saved finetune CSV for TOX21_ERa_BLA_Agonist_ch2: data/sample/TOX21_ERa_BLA_Agonist_ch2.csv
Saved finetune CSV for TOX21_ERa_BLA_Agonist_ch1: data/sample/TOX21_ERa_BLA_Agonist_ch1.csv
Saved finetune CSV for TOX21_ERa_BLA_Agonist_ratio: data/sample/TOX21_ERa_BLA_Agonist_ratio.csv
Saved finetune CSV for TOX21_ERb_BLA_Antagonist_ch1: data/sample/TOX21_ERb_BLA_Antagonist_ch1.csv
Saved finetune CSV for TOX21_ERb_BLA_Antagonist_ch2: data/sample/TOX21_ERb_BLA_Antagonist_ch2.csv
Saved finetune CSV for TOX21_ERb_BLA_Agonist_viability: data/sample/TOX21_ERb_BLA_Agonist_viability.csv
Saved finetune CSV for TOX21_ERb_BLA_Agonist_ratio: data/sample/TOX21_ERb_BLA_Agonist_ratio.csv
Saved finetune CSV for TOX21_ERb_BLA_Agonist_ch2: data/sample/TOX21_ERb_BLA_Agonist_ch2.csv
Saved finetune CSV for TOX21_ERb_BLA_Agonist_ch1: data/sample/TOX21_ERb_BLA_Agonist_ch1.csv
Saved finetune CSV for TOX21_ERR_LUC_Agonist: data/sample/TOX21_ERR_LUC_Agonist.csv
Saved finetune CSV for TOX21_ERa_LUC_VM7_Agonist_10nM_ICI182780_viability: data/sample/TOX21_ERa_LUC_VM7_Agonist_10nM_ICI182780_viability.csv
Saved finetune CSV for TOX21_ERa_LUC_VM7_Antagonist_0.1nM_E2: data/sample/TOX21_ERa_LUC_VM7_Antagonist_0.1nM_E2.csv
Saved finetune CSV for TOX21_ERb_BLA_Antagonist_ratio: data/sample/TOX21_ERb_BLA_Antagonist_ratio.csv
Saved finetune CSV for TOX21_ERa_LUC_VM7_Agonist_10nM_ICI182780: data/sample/TOX21_ERa_LUC_VM7_Agonist_10nM_ICI182780.csv
Saved finetune CSV for TOX21_ERR_LUC_viability: data/sample/TOX21_ERR_LUC_viability.csv
Saved finetune CSV for TOX21_ERR_LUC_Antagonist: data/sample/TOX21_ERR_LUC_Antagonist.csv
Saved finetune CSV for TOX21_ERa_LUC_VM7_Antagonist_0.1nM_E2_viability: data/sample/TOX21_ERa_LUC_VM7_Antagonist_0.1nM_E2_viability.csv
Saved finetune CSV for TOX21_ERb_BLA_Antagonist_viability: data/sample/TOX21_ERb_BLA_Antagonist_viability.csv
[2/4] Pretraining on TOX21_ERa_BLA_Antagonist_ratio using GIN_GCN...
Epoch 1/100 - Loss: 0.6164 - Val F1: 0.3219 - Val ROC-AUC: 0.7049 - Val PR-AUC: 0.2236
Epoch 2/100 - Loss: 0.5831 - Val F1: 0.3236 - Val ROC-AUC: 0.7097 - Val PR-AUC: 0.2196
Epoch 3/100 - Loss: 0.5724 - Val F1: 0.3878 - Val ROC-AUC: 0.7509 - Val PR-AUC: 0.2917
Epoch 4/100 - Loss: 0.5643 - Val F1: 0.3312 - Val ROC-AUC: 0.7507 - Val PR-AUC: 0.2960
Epoch 5/100 - Loss: 0.5483 - Val F1: 0.3150 - Val ROC-AUC: 0.7340 - Val PR-AUC: 0.2469
Epoch 6/100 - Loss: 0.5354 - Val F1: 0.3619 - Val ROC-AUC: 0.7760 - Val PR-AUC: 0.2946
Epoch 7/100 - Loss: 0.5209 - Val F1: 0.4156 - Val ROC-AUC: 0.7762 - Val PR-AUC: 0.3172
Epoch 8/100 - Loss: 0.5151 - Val F1: 0.3663 - Val ROC-AUC: 0.7744 - Val PR-AUC: 0.2965
Epoch 9/100 - Loss: 0.5136 - Val F1: 0.3527 - Val ROC-AUC: 0.7741 - Val PR-AUC: 0.2816
Epoch 10/100 - Loss: 0.5153 - Val F1: 0.3653 - Val ROC-AUC: 0.7882 - Val PR-AUC: 0.3203
Epoch 11/100 - Loss: 0.4817 - Val F1: 0.4146 - Val ROC-AUC: 0.7905 - Val PR-AUC: 0.3270
Epoch 12/100 - Loss: 0.4818 - Val F1: 0.3722 - Val ROC-AUC: 0.7762 - Val PR-AUC: 0.2979
Epoch 13/100 - Loss: 0.4694 - Val F1: 0.4023 - Val ROC-AUC: 0.7954 - Val PR-AUC: 0.3251
Epoch 14/100 - Loss: 0.4664 - Val F1: 0.4162 - Val ROC-AUC: 0.8021 - Val PR-AUC: 0.3549
Epoch 15/100 - Loss: 0.4629 - Val F1: 0.4029 - Val ROC-AUC: 0.8033 - Val PR-AUC: 0.3322
Epoch 16/100 - Loss: 0.4527 - Val F1: 0.3855 - Val ROC-AUC: 0.7937 - Val PR-AUC: 0.3173
Epoch 17/100 - Loss: 0.4525 - Val F1: 0.3987 - Val ROC-AUC: 0.7934 - Val PR-AUC: 0.3369
Epoch 18/100 - Loss: 0.4371 - Val F1: 0.3957 - Val ROC-AUC: 0.7875 - Val PR-AUC: 0.3112
Epoch 19/100 - Loss: 0.4387 - Val F1: 0.4298 - Val ROC-AUC: 0.8015 - Val PR-AUC: 0.3228
Epoch 20/100 - Loss: 0.4459 - Val F1: 0.3949 - Val ROC-AUC: 0.7957 - Val PR-AUC: 0.3381
Epoch 21/100 - Loss: 0.4300 - Val F1: 0.4076 - Val ROC-AUC: 0.8147 - Val PR-AUC: 0.3647
Epoch 22/100 - Loss: 0.4124 - Val F1: 0.4340 - Val ROC-AUC: 0.8042 - Val PR-AUC: 0.3616
Epoch 23/100 - Loss: 0.4039 - Val F1: 0.4067 - Val ROC-AUC: 0.8037 - Val PR-AUC: 0.3513
Epoch 24/100 - Loss: 0.4253 - Val F1: 0.4057 - Val ROC-AUC: 0.8168 - Val PR-AUC: 0.3704
Epoch 25/100 - Loss: 0.3989 - Val F1: 0.3949 - Val ROC-AUC: 0.8189 - Val PR-AUC: 0.3518
Epoch 26/100 - Loss: 0.4081 - Val F1: 0.4172 - Val ROC-AUC: 0.8061 - Val PR-AUC: 0.3566
Epoch 27/100 - Loss: 0.4007 - Val F1: 0.3967 - Val ROC-AUC: 0.8031 - Val PR-AUC: 0.3275
Epoch 28/100 - Loss: 0.3906 - Val F1: 0.4405 - Val ROC-AUC: 0.8219 - Val PR-AUC: 0.3465
Epoch 29/100 - Loss: 0.3936 - Val F1: 0.4106 - Val ROC-AUC: 0.8074 - Val PR-AUC: 0.3331
Epoch 30/100 - Loss: 0.3953 - Val F1: 0.4025 - Val ROC-AUC: 0.8070 - Val PR-AUC: 0.3386
Epoch 31/100 - Loss: 0.3833 - Val F1: 0.4124 - Val ROC-AUC: 0.8114 - Val PR-AUC: 0.3410
Epoch 32/100 - Loss: 0.3631 - Val F1: 0.4320 - Val ROC-AUC: 0.8242 - Val PR-AUC: 0.3557
Epoch 33/100 - Loss: 0.3693 - Val F1: 0.3933 - Val ROC-AUC: 0.8144 - Val PR-AUC: 0.3582
Epoch 34/100 - Loss: 0.3614 - Val F1: 0.4148 - Val ROC-AUC: 0.8183 - Val PR-AUC: 0.3497
Epoch 35/100 - Loss: 0.3608 - Val F1: 0.4070 - Val ROC-AUC: 0.8119 - Val PR-AUC: 0.3532
Epoch 36/100 - Loss: 0.3609 - Val F1: 0.4353 - Val ROC-AUC: 0.8116 - Val PR-AUC: 0.3361
Epoch 37/100 - Loss: 0.3531 - Val F1: 0.4234 - Val ROC-AUC: 0.8133 - Val PR-AUC: 0.3380
Epoch 38/100 - Loss: 0.3532 - Val F1: 0.4201 - Val ROC-AUC: 0.8097 - Val PR-AUC: 0.3361
Epoch 39/100 - Loss: 0.3463 - Val F1: 0.4384 - Val ROC-AUC: 0.8152 - Val PR-AUC: 0.3471
Epoch 40/100 - Loss: 0.3533 - Val F1: 0.4079 - Val ROC-AUC: 0.8110 - Val PR-AUC: 0.3538
Epoch 41/100 - Loss: 0.3451 - Val F1: 0.4201 - Val ROC-AUC: 0.8099 - Val PR-AUC: 0.3390
Epoch 42/100 - Loss: 0.3438 - Val F1: 0.4182 - Val ROC-AUC: 0.8077 - Val PR-AUC: 0.3522
Epoch 43/100 - Loss: 0.3479 - Val F1: 0.4261 - Val ROC-AUC: 0.8092 - Val PR-AUC: 0.3481
Epoch 44/100 - Loss: 0.3458 - Val F1: 0.4078 - Val ROC-AUC: 0.7970 - Val PR-AUC: 0.3300
Epoch 45/100 - Loss: 0.3315 - Val F1: 0.4060 - Val ROC-AUC: 0.8059 - Val PR-AUC: 0.3384
Epoch 46/100 - Loss: 0.3345 - Val F1: 0.4343 - Val ROC-AUC: 0.8081 - Val PR-AUC: 0.3509
Epoch 47/100 - Loss: 0.3250 - Val F1: 0.4248 - Val ROC-AUC: 0.8125 - Val PR-AUC: 0.3449
Epoch 48/100 - Loss: 0.3431 - Val F1: 0.4248 - Val ROC-AUC: 0.8102 - Val PR-AUC: 0.3527
Epoch 49/100 - Loss: 0.3259 - Val F1: 0.4103 - Val ROC-AUC: 0.8100 - Val PR-AUC: 0.3534
