[1/4] Excel → CSV 변환 중...
Saved pretrain CSV for TOX21_ERa_BLA_Antagonist_ratio: data/sample/TOX21_ERa_BLA_Antagonist_ratio.csv
Saved pretrain CSV for TOX21_ERa_LUC_VM7_Agonist: data/sample/TOX21_ERa_LUC_VM7_Agonist.csv
Saved pretrain CSV for TOX21_ERa_BLA_Antagonist_viability: data/sample/TOX21_ERa_BLA_Antagonist_viability.csv
Saved pretrain CSV for TOX21_ERa_LUC_VM7_Antagonist_0.5nM_E2: data/sample/TOX21_ERa_LUC_VM7_Antagonist_0.5nM_E2.csv
Saved pretrain CSV for TOX21_ERa_BLA_Antagonist_ch2: data/sample/TOX21_ERa_BLA_Antagonist_ch2.csv
Saved pretrain CSV for TOX21_ERa_BLA_Antagonist_ch1: data/sample/TOX21_ERa_BLA_Antagonist_ch1.csv
Saved pretrain CSV for TOX21_ERa_LUC_VM7_Antagonist_0.5nM_E2_viability: data/sample/TOX21_ERa_LUC_VM7_Antagonist_0.5nM_E2_viability.csv
Saved pretrain CSV for TOX21_ERa_BLA_Agonist_ch2: data/sample/TOX21_ERa_BLA_Agonist_ch2.csv
Saved pretrain CSV for TOX21_ERa_BLA_Agonist_ch1: data/sample/TOX21_ERa_BLA_Agonist_ch1.csv
Saved pretrain CSV for TOX21_ERa_BLA_Agonist_ratio: data/sample/TOX21_ERa_BLA_Agonist_ratio.csv
Saved pretrain CSV for TOX21_ERb_BLA_Antagonist_ch1: data/sample/TOX21_ERb_BLA_Antagonist_ch1.csv
Saved pretrain CSV for TOX21_ERb_BLA_Antagonist_ch2: data/sample/TOX21_ERb_BLA_Antagonist_ch2.csv
Saved pretrain CSV for TOX21_ERb_BLA_Agonist_viability: data/sample/TOX21_ERb_BLA_Agonist_viability.csv
Saved pretrain CSV for TOX21_ERb_BLA_Agonist_ratio: data/sample/TOX21_ERb_BLA_Agonist_ratio.csv
Saved pretrain CSV for TOX21_ERb_BLA_Agonist_ch2: data/sample/TOX21_ERb_BLA_Agonist_ch2.csv
Saved pretrain CSV for TOX21_ERb_BLA_Agonist_ch1: data/sample/TOX21_ERb_BLA_Agonist_ch1.csv
Saved pretrain CSV for TOX21_ERR_LUC_Agonist: data/sample/TOX21_ERR_LUC_Agonist.csv
Saved pretrain CSV for TOX21_ERa_LUC_VM7_Agonist_10nM_ICI182780_viability: data/sample/TOX21_ERa_LUC_VM7_Agonist_10nM_ICI182780_viability.csv
Saved pretrain CSV for TOX21_ERa_LUC_VM7_Antagonist_0.1nM_E2: data/sample/TOX21_ERa_LUC_VM7_Antagonist_0.1nM_E2.csv
Saved pretrain CSV for TOX21_ERb_BLA_Antagonist_ratio: data/sample/TOX21_ERb_BLA_Antagonist_ratio.csv
Saved pretrain CSV for TOX21_ERa_LUC_VM7_Agonist_10nM_ICI182780: data/sample/TOX21_ERa_LUC_VM7_Agonist_10nM_ICI182780.csv
Saved pretrain CSV for TOX21_ERR_LUC_viability: data/sample/TOX21_ERR_LUC_viability.csv
Saved pretrain CSV for TOX21_ERR_LUC_Antagonist: data/sample/TOX21_ERR_LUC_Antagonist.csv
Saved pretrain CSV for TOX21_ERa_LUC_VM7_Antagonist_0.1nM_E2_viability: data/sample/TOX21_ERa_LUC_VM7_Antagonist_0.1nM_E2_viability.csv
Saved pretrain CSV for TOX21_ERb_BLA_Antagonist_viability: data/sample/TOX21_ERb_BLA_Antagonist_viability.csv
Saved finetune CSV for TOX21_ERa_BLA_Antagonist_ratio: data/sample/TOX21_ERa_BLA_Antagonist_ratio.csv
Saved finetune CSV for TOX21_ERa_LUC_VM7_Agonist: data/sample/TOX21_ERa_LUC_VM7_Agonist.csv
Saved finetune CSV for TOX21_ERa_BLA_Antagonist_viability: data/sample/TOX21_ERa_BLA_Antagonist_viability.csv
Saved finetune CSV for TOX21_ERa_LUC_VM7_Antagonist_0.5nM_E2: data/sample/TOX21_ERa_LUC_VM7_Antagonist_0.5nM_E2.csv
Saved finetune CSV for TOX21_ERa_BLA_Antagonist_ch2: data/sample/TOX21_ERa_BLA_Antagonist_ch2.csv
Saved finetune CSV for TOX21_ERa_BLA_Antagonist_ch1: data/sample/TOX21_ERa_BLA_Antagonist_ch1.csv
Saved finetune CSV for TOX21_ERa_LUC_VM7_Antagonist_0.5nM_E2_viability: data/sample/TOX21_ERa_LUC_VM7_Antagonist_0.5nM_E2_viability.csv
Saved finetune CSV for TOX21_ERa_BLA_Agonist_ch2: data/sample/TOX21_ERa_BLA_Agonist_ch2.csv
Saved finetune CSV for TOX21_ERa_BLA_Agonist_ch1: data/sample/TOX21_ERa_BLA_Agonist_ch1.csv
Saved finetune CSV for TOX21_ERa_BLA_Agonist_ratio: data/sample/TOX21_ERa_BLA_Agonist_ratio.csv
Saved finetune CSV for TOX21_ERb_BLA_Antagonist_ch1: data/sample/TOX21_ERb_BLA_Antagonist_ch1.csv
Saved finetune CSV for TOX21_ERb_BLA_Antagonist_ch2: data/sample/TOX21_ERb_BLA_Antagonist_ch2.csv
Saved finetune CSV for TOX21_ERb_BLA_Agonist_viability: data/sample/TOX21_ERb_BLA_Agonist_viability.csv
Saved finetune CSV for TOX21_ERb_BLA_Agonist_ratio: data/sample/TOX21_ERb_BLA_Agonist_ratio.csv
Saved finetune CSV for TOX21_ERb_BLA_Agonist_ch2: data/sample/TOX21_ERb_BLA_Agonist_ch2.csv
Saved finetune CSV for TOX21_ERb_BLA_Agonist_ch1: data/sample/TOX21_ERb_BLA_Agonist_ch1.csv
Saved finetune CSV for TOX21_ERR_LUC_Agonist: data/sample/TOX21_ERR_LUC_Agonist.csv
Saved finetune CSV for TOX21_ERa_LUC_VM7_Agonist_10nM_ICI182780_viability: data/sample/TOX21_ERa_LUC_VM7_Agonist_10nM_ICI182780_viability.csv
Saved finetune CSV for TOX21_ERa_LUC_VM7_Antagonist_0.1nM_E2: data/sample/TOX21_ERa_LUC_VM7_Antagonist_0.1nM_E2.csv
Saved finetune CSV for TOX21_ERb_BLA_Antagonist_ratio: data/sample/TOX21_ERb_BLA_Antagonist_ratio.csv
Saved finetune CSV for TOX21_ERa_LUC_VM7_Agonist_10nM_ICI182780: data/sample/TOX21_ERa_LUC_VM7_Agonist_10nM_ICI182780.csv
Saved finetune CSV for TOX21_ERR_LUC_viability: data/sample/TOX21_ERR_LUC_viability.csv
Saved finetune CSV for TOX21_ERR_LUC_Antagonist: data/sample/TOX21_ERR_LUC_Antagonist.csv
Saved finetune CSV for TOX21_ERa_LUC_VM7_Antagonist_0.1nM_E2_viability: data/sample/TOX21_ERa_LUC_VM7_Antagonist_0.1nM_E2_viability.csv
Saved finetune CSV for TOX21_ERb_BLA_Antagonist_viability: data/sample/TOX21_ERb_BLA_Antagonist_viability.csv
[2/4] Pretraining on TOX21_ERa_LUC_VM7_Agonist using GIN_GCN...
Epoch 1/100 - Loss: 0.6688 - Val F1: 0.2533 - Val ROC-AUC: 0.6285 - Val PR-AUC: 0.2013
Epoch 2/100 - Loss: 0.6444 - Val F1: 0.2464 - Val ROC-AUC: 0.6265 - Val PR-AUC: 0.2201
Epoch 3/100 - Loss: 0.6407 - Val F1: 0.2653 - Val ROC-AUC: 0.6442 - Val PR-AUC: 0.2613
Epoch 4/100 - Loss: 0.6181 - Val F1: 0.2635 - Val ROC-AUC: 0.6427 - Val PR-AUC: 0.2200
Epoch 5/100 - Loss: 0.6157 - Val F1: 0.2893 - Val ROC-AUC: 0.6731 - Val PR-AUC: 0.2683
Epoch 6/100 - Loss: 0.6046 - Val F1: 0.2786 - Val ROC-AUC: 0.6783 - Val PR-AUC: 0.2526
Epoch 7/100 - Loss: 0.6074 - Val F1: 0.3099 - Val ROC-AUC: 0.6761 - Val PR-AUC: 0.2713
Epoch 8/100 - Loss: 0.6020 - Val F1: 0.2921 - Val ROC-AUC: 0.6812 - Val PR-AUC: 0.2847
Epoch 9/100 - Loss: 0.5997 - Val F1: 0.2885 - Val ROC-AUC: 0.6747 - Val PR-AUC: 0.2932
Epoch 10/100 - Loss: 0.5970 - Val F1: 0.2902 - Val ROC-AUC: 0.6838 - Val PR-AUC: 0.3036
Epoch 11/100 - Loss: 0.5814 - Val F1: 0.3026 - Val ROC-AUC: 0.6666 - Val PR-AUC: 0.3006
Epoch 12/100 - Loss: 0.5598 - Val F1: 0.3158 - Val ROC-AUC: 0.6858 - Val PR-AUC: 0.3043
Epoch 13/100 - Loss: 0.5592 - Val F1: 0.3333 - Val ROC-AUC: 0.7069 - Val PR-AUC: 0.3198
Epoch 14/100 - Loss: 0.5574 - Val F1: 0.2931 - Val ROC-AUC: 0.6778 - Val PR-AUC: 0.3185
Epoch 15/100 - Loss: 0.5548 - Val F1: 0.3191 - Val ROC-AUC: 0.6818 - Val PR-AUC: 0.3287
Epoch 16/100 - Loss: 0.5416 - Val F1: 0.2836 - Val ROC-AUC: 0.6660 - Val PR-AUC: 0.3077
Epoch 17/100 - Loss: 0.5389 - Val F1: 0.3200 - Val ROC-AUC: 0.6730 - Val PR-AUC: 0.3109
Epoch 18/100 - Loss: 0.5410 - Val F1: 0.3385 - Val ROC-AUC: 0.6842 - Val PR-AUC: 0.3120
Epoch 19/100 - Loss: 0.5306 - Val F1: 0.3245 - Val ROC-AUC: 0.6848 - Val PR-AUC: 0.2975
Epoch 20/100 - Loss: 0.5177 - Val F1: 0.3027 - Val ROC-AUC: 0.6674 - Val PR-AUC: 0.3141
Epoch 21/100 - Loss: 0.5010 - Val F1: 0.3200 - Val ROC-AUC: 0.6690 - Val PR-AUC: 0.3201
Epoch 22/100 - Loss: 0.4876 - Val F1: 0.3182 - Val ROC-AUC: 0.6711 - Val PR-AUC: 0.3180
Epoch 23/100 - Loss: 0.4922 - Val F1: 0.2987 - Val ROC-AUC: 0.6668 - Val PR-AUC: 0.3126
Epoch 24/100 - Loss: 0.4795 - Val F1: 0.2889 - Val ROC-AUC: 0.6693 - Val PR-AUC: 0.3164
Epoch 25/100 - Loss: 0.4812 - Val F1: 0.3267 - Val ROC-AUC: 0.6793 - Val PR-AUC: 0.2897
Epoch 26/100 - Loss: 0.4758 - Val F1: 0.3143 - Val ROC-AUC: 0.6650 - Val PR-AUC: 0.3114
Epoch 27/100 - Loss: 0.4772 - Val F1: 0.2741 - Val ROC-AUC: 0.6539 - Val PR-AUC: 0.2844
Epoch 28/100 - Loss: 0.4601 - Val F1: 0.2980 - Val ROC-AUC: 0.6715 - Val PR-AUC: 0.3196
Epoch 29/100 - Loss: 0.4545 - Val F1: 0.2897 - Val ROC-AUC: 0.6613 - Val PR-AUC: 0.2734
Epoch 30/100 - Loss: 0.4572 - Val F1: 0.3239 - Val ROC-AUC: 0.6813 - Val PR-AUC: 0.3013
Epoch 31/100 - Loss: 0.4363 - Val F1: 0.3065 - Val ROC-AUC: 0.6682 - Val PR-AUC: 0.3110
Epoch 32/100 - Loss: 0.4350 - Val F1: 0.3053 - Val ROC-AUC: 0.6755 - Val PR-AUC: 0.3082
Epoch 33/100 - Loss: 0.4346 - Val F1: 0.2902 - Val ROC-AUC: 0.6804 - Val PR-AUC: 0.3030
Epoch 34/100 - Loss: 0.4230 - Val F1: 0.2877 - Val ROC-AUC: 0.6605 - Val PR-AUC: 0.3122
Epoch 35/100 - Loss: 0.4290 - Val F1: 0.3125 - Val ROC-AUC: 0.6753 - Val PR-AUC: 0.3353
Epoch 36/100 - Loss: 0.4165 - Val F1: 0.3293 - Val ROC-AUC: 0.6667 - Val PR-AUC: 0.3252
Epoch 37/100 - Loss: 0.4137 - Val F1: 0.3256 - Val ROC-AUC: 0.6682 - Val PR-AUC: 0.3126
Epoch 38/100 - Loss: 0.4093 - Val F1: 0.3333 - Val ROC-AUC: 0.6856 - Val PR-AUC: 0.3393
Epoch 39/100 - Loss: 0.4048 - Val F1: 0.3056 - Val ROC-AUC: 0.6745 - Val PR-AUC: 0.3266
Epoch 40/100 - Loss: 0.4122 - Val F1: 0.3421 - Val ROC-AUC: 0.6824 - Val PR-AUC: 0.3349
Epoch 41/100 - Loss: 0.3991 - Val F1: 0.3209 - Val ROC-AUC: 0.6794 - Val PR-AUC: 0.3154
Epoch 42/100 - Loss: 0.4070 - Val F1: 0.3191 - Val ROC-AUC: 0.6825 - Val PR-AUC: 0.3328
Epoch 43/100 - Loss: 0.3925 - Val F1: 0.3087 - Val ROC-AUC: 0.6798 - Val PR-AUC: 0.3385
Epoch 44/100 - Loss: 0.3855 - Val F1: 0.3185 - Val ROC-AUC: 0.6816 - Val PR-AUC: 0.3354
Epoch 45/100 - Loss: 0.3852 - Val F1: 0.3217 - Val ROC-AUC: 0.6939 - Val PR-AUC: 0.3480
Epoch 46/100 - Loss: 0.3952 - Val F1: 0.3394 - Val ROC-AUC: 0.6885 - Val PR-AUC: 0.3391
Epoch 47/100 - Loss: 0.3890 - Val F1: 0.3219 - Val ROC-AUC: 0.6926 - Val PR-AUC: 0.3443
Epoch 48/100 - Loss: 0.3809 - Val F1: 0.3407 - Val ROC-AUC: 0.6910 - Val PR-AUC: 0.3499
Epoch 49/100 - Loss: 0.3691 - Val F1: 0.3297 - Val ROC-AUC: 0.6896 - Val PR-AUC: 0.3416
Epoch 50/100 - Loss: 0.3730 - Val F1: 0.3203 - Val ROC-AUC: 0.6999 - Val PR-AUC: 0.3493
Epoch 51/100 - Loss: 0.3625 - Val F1: 0.3177 - Val ROC-AUC: 0.6862 - Val PR-AUC: 0.3516
Epoch 52/100 - Loss: 0.3581 - Val F1: 0.3200 - Val ROC-AUC: 0.6895 - Val PR-AUC: 0.3495
Epoch 53/100 - Loss: 0.3654 - Val F1: 0.3098 - Val ROC-AUC: 0.6877 - Val PR-AUC: 0.3441
Epoch 54/100 - Loss: 0.3511 - Val F1: 0.3100 - Val ROC-AUC: 0.6844 - Val PR-AUC: 0.3402
Epoch 55/100 - Loss: 0.3657 - Val F1: 0.3051 - Val ROC-AUC: 0.6878 - Val PR-AUC: 0.3352
Epoch 56/100 - Loss: 0.3653 - Val F1: 0.3245 - Val ROC-AUC: 0.6912 - Val PR-AUC: 0.3421
Epoch 57/100 - Loss: 0.3526 - Val F1: 0.3150 - Val ROC-AUC: 0.6835 - Val PR-AUC: 0.3374
Epoch 58/100 - Loss: 0.3603 - Val F1: 0.2968 - Val ROC-AUC: 0.6906 - Val PR-AUC: 0.3428
Epoch 59/100 - Loss: 0.3531 - Val F1: 0.3359 - Val ROC-AUC: 0.6950 - Val PR-AUC: 0.3534
Epoch 60/100 - Loss: 0.3523 - Val F1: 0.3226 - Val ROC-AUC: 0.6933 - Val PR-AUC: 0.3379
Epoch 61/100 - Loss: 0.3408 - Val F1: 0.3346 - Val ROC-AUC: 0.6892 - Val PR-AUC: 0.3392
Epoch 62/100 - Loss: 0.3411 - Val F1: 0.3177 - Val ROC-AUC: 0.6893 - Val PR-AUC: 0.3439
Epoch 63/100 - Loss: 0.3576 - Val F1: 0.3099 - Val ROC-AUC: 0.6931 - Val PR-AUC: 0.3491
Epoch 64/100 - Loss: 0.3496 - Val F1: 0.3147 - Val ROC-AUC: 0.6928 - Val PR-AUC: 0.3395
Epoch 65/100 - Loss: 0.3402 - Val F1: 0.3110 - Val ROC-AUC: 0.6883 - Val PR-AUC: 0.3393
Epoch 66/100 - Loss: 0.3549 - Val F1: 0.3308 - Val ROC-AUC: 0.6896 - Val PR-AUC: 0.3490
Epoch 67/100 - Loss: 0.3442 - Val F1: 0.3177 - Val ROC-AUC: 0.6847 - Val PR-AUC: 0.3417
Epoch 68/100 - Loss: 0.3485 - Val F1: 0.3221 - Val ROC-AUC: 0.6890 - Val PR-AUC: 0.3442
Epoch 69/100 - Loss: 0.3543 - Val F1: 0.3296 - Val ROC-AUC: 0.6886 - Val PR-AUC: 0.3485
Epoch 70/100 - Loss: 0.3508 - Val F1: 0.3296 - Val ROC-AUC: 0.6921 - Val PR-AUC: 0.3506
Epoch 71/100 - Loss: 0.3381 - Val F1: 0.3299 - Val ROC-AUC: 0.6939 - Val PR-AUC: 0.3428
Epoch 72/100 - Loss: 0.3511 - Val F1: 0.3359 - Val ROC-AUC: 0.6941 - Val PR-AUC: 0.3516
Epoch 73/100 - Loss: 0.3412 - Val F1: 0.3223 - Val ROC-AUC: 0.6945 - Val PR-AUC: 0.3486
Epoch 74/100 - Loss: 0.3332 - Val F1: 0.3359 - Val ROC-AUC: 0.6934 - Val PR-AUC: 0.3452
Epoch 75/100 - Loss: 0.3457 - Val F1: 0.3359 - Val ROC-AUC: 0.6900 - Val PR-AUC: 0.3449
Epoch 76/100 - Loss: 0.3525 - Val F1: 0.3308 - Val ROC-AUC: 0.6891 - Val PR-AUC: 0.3451
Epoch 77/100 - Loss: 0.3360 - Val F1: 0.3284 - Val ROC-AUC: 0.6919 - Val PR-AUC: 0.3390
Epoch 78/100 - Loss: 0.3395 - Val F1: 0.3284 - Val ROC-AUC: 0.6884 - Val PR-AUC: 0.3457
Epoch 79/100 - Loss: 0.3550 - Val F1: 0.3271 - Val ROC-AUC: 0.6933 - Val PR-AUC: 0.3492
Epoch 80/100 - Loss: 0.3343 - Val F1: 0.3358 - Val ROC-AUC: 0.6930 - Val PR-AUC: 0.3415
Epoch 81/100 - Loss: 0.3472 - Val F1: 0.3345 - Val ROC-AUC: 0.6928 - Val PR-AUC: 0.3432
Epoch 82/100 - Loss: 0.3380 - Val F1: 0.3233 - Val ROC-AUC: 0.6941 - Val PR-AUC: 0.3457
Epoch 83/100 - Loss: 0.3463 - Val F1: 0.3285 - Val ROC-AUC: 0.6937 - Val PR-AUC: 0.3420
Epoch 84/100 - Loss: 0.3391 - Val F1: 0.3249 - Val ROC-AUC: 0.6963 - Val PR-AUC: 0.3485
Epoch 85/100 - Loss: 0.3353 - Val F1: 0.3143 - Val ROC-AUC: 0.6923 - Val PR-AUC: 0.3454
Epoch 86/100 - Loss: 0.3421 - Val F1: 0.3385 - Val ROC-AUC: 0.6941 - Val PR-AUC: 0.3505
Epoch 87/100 - Loss: 0.3404 - Val F1: 0.3245 - Val ROC-AUC: 0.6900 - Val PR-AUC: 0.3443
Epoch 88/100 - Loss: 0.3432 - Val F1: 0.3271 - Val ROC-AUC: 0.6975 - Val PR-AUC: 0.3470
Epoch 89/100 - Loss: 0.3391 - Val F1: 0.3307 - Val ROC-AUC: 0.6926 - Val PR-AUC: 0.3447
Epoch 90/100 - Loss: 0.3313 - Val F1: 0.3270 - Val ROC-AUC: 0.6928 - Val PR-AUC: 0.3453
Epoch 91/100 - Loss: 0.3393 - Val F1: 0.3320 - Val ROC-AUC: 0.6929 - Val PR-AUC: 0.3464
Epoch 92/100 - Loss: 0.3397 - Val F1: 0.3308 - Val ROC-AUC: 0.6936 - Val PR-AUC: 0.3502
Epoch 93/100 - Loss: 0.3399 - Val F1: 0.3209 - Val ROC-AUC: 0.6938 - Val PR-AUC: 0.3473
Epoch 94/100 - Loss: 0.3379 - Val F1: 0.3249 - Val ROC-AUC: 0.6878 - Val PR-AUC: 0.3434
Epoch 95/100 - Loss: 0.3504 - Val F1: 0.3214 - Val ROC-AUC: 0.6924 - Val PR-AUC: 0.3440
Epoch 96/100 - Loss: 0.3395 - Val F1: 0.3247 - Val ROC-AUC: 0.6932 - Val PR-AUC: 0.3468
Epoch 97/100 - Loss: 0.3362 - Val F1: 0.3296 - Val ROC-AUC: 0.6931 - Val PR-AUC: 0.3487
Epoch 98/100 - Loss: 0.3458 - Val F1: 0.3296 - Val ROC-AUC: 0.6890 - Val PR-AUC: 0.3435
Epoch 99/100 - Loss: 0.3425 - Val F1: 0.3286 - Val ROC-AUC: 0.6927 - Val PR-AUC: 0.3471
Epoch 100/100 - Loss: 0.3313 - Val F1: 0.3200 - Val ROC-AUC: 0.6903 - Val PR-AUC: 0.3444
Pretraining completed. Test F1: 0.3055, ROC-AUC: 0.6540, PR-AUC: 0.3406
[3/4] Finetuning on TOX21_ERb_BLA_Agonist_ch1 using GIN_GCN...
[Fine-tune] Epoch 1/50 - Loss: 0.3977 - Val F1: 0.1319 - Val ROC-AUC: 0.9005 - Val PR-AUC: 0.1160
[Fine-tune] Epoch 2/50 - Loss: 0.2318 - Val F1: 0.1250 - Val ROC-AUC: 0.8974 - Val PR-AUC: 0.1236
[Fine-tune] Epoch 3/50 - Loss: 0.1807 - Val F1: 0.1957 - Val ROC-AUC: 0.8643 - Val PR-AUC: 0.1360
[Fine-tune] Epoch 4/50 - Loss: 0.1709 - Val F1: 0.2373 - Val ROC-AUC: 0.9060 - Val PR-AUC: 0.1679
[Fine-tune] Epoch 5/50 - Loss: 0.1430 - Val F1: 0.1639 - Val ROC-AUC: 0.8537 - Val PR-AUC: 0.1135
[Fine-tune] Epoch 6/50 - Loss: 0.1415 - Val F1: 0.1042 - Val ROC-AUC: 0.8390 - Val PR-AUC: 0.1194
[Fine-tune] Epoch 7/50 - Loss: 0.1394 - Val F1: 0.2105 - Val ROC-AUC: 0.8956 - Val PR-AUC: 0.1411
[Fine-tune] Epoch 8/50 - Loss: 0.1220 - Val F1: 0.1538 - Val ROC-AUC: 0.7996 - Val PR-AUC: 0.1231
[Fine-tune] Epoch 9/50 - Loss: 0.1243 - Val F1: 0.2000 - Val ROC-AUC: 0.8837 - Val PR-AUC: 0.1658
[Fine-tune] Epoch 10/50 - Loss: 0.1102 - Val F1: 0.2388 - Val ROC-AUC: 0.8606 - Val PR-AUC: 0.1524
[Fine-tune] Epoch 11/50 - Loss: 0.0739 - Val F1: 0.1667 - Val ROC-AUC: 0.8751 - Val PR-AUC: 0.1370
[Fine-tune] Epoch 12/50 - Loss: 0.0694 - Val F1: 0.1695 - Val ROC-AUC: 0.8847 - Val PR-AUC: 0.1295
[Fine-tune] Epoch 13/50 - Loss: 0.0687 - Val F1: 0.2041 - Val ROC-AUC: 0.8585 - Val PR-AUC: 0.1428
[Fine-tune] Epoch 14/50 - Loss: 0.0574 - Val F1: 0.2564 - Val ROC-AUC: 0.8573 - Val PR-AUC: 0.1405
[Fine-tune] Epoch 15/50 - Loss: 0.0724 - Val F1: 0.1667 - Val ROC-AUC: 0.8525 - Val PR-AUC: 0.1472
[Fine-tune] Epoch 16/50 - Loss: 0.0594 - Val F1: 0.1404 - Val ROC-AUC: 0.8400 - Val PR-AUC: 0.1160
[Fine-tune] Epoch 17/50 - Loss: 0.0604 - Val F1: 0.1887 - Val ROC-AUC: 0.8388 - Val PR-AUC: 0.1254
[Fine-tune] Epoch 18/50 - Loss: 0.0597 - Val F1: 0.2381 - Val ROC-AUC: 0.8962 - Val PR-AUC: 0.1600
[Fine-tune] Epoch 19/50 - Loss: 0.0601 - Val F1: 0.2500 - Val ROC-AUC: 0.8350 - Val PR-AUC: 0.1509
[Fine-tune] Epoch 20/50 - Loss: 0.0597 - Val F1: 0.2791 - Val ROC-AUC: 0.8536 - Val PR-AUC: 0.1568
[Fine-tune] Epoch 21/50 - Loss: 0.0431 - Val F1: 0.2381 - Val ROC-AUC: 0.8758 - Val PR-AUC: 0.1449
[Fine-tune] Epoch 22/50 - Loss: 0.0392 - Val F1: 0.2381 - Val ROC-AUC: 0.8600 - Val PR-AUC: 0.1304
[Fine-tune] Epoch 23/50 - Loss: 0.0379 - Val F1: 0.2500 - Val ROC-AUC: 0.8689 - Val PR-AUC: 0.1300
[Fine-tune] Epoch 24/50 - Loss: 0.0391 - Val F1: 0.2703 - Val ROC-AUC: 0.8388 - Val PR-AUC: 0.1341
[Fine-tune] Epoch 25/50 - Loss: 0.0363 - Val F1: 0.2500 - Val ROC-AUC: 0.8642 - Val PR-AUC: 0.1317
[Fine-tune] Epoch 26/50 - Loss: 0.0347 - Val F1: 0.2703 - Val ROC-AUC: 0.8684 - Val PR-AUC: 0.1438
[Fine-tune] Epoch 27/50 - Loss: 0.0370 - Val F1: 0.2083 - Val ROC-AUC: 0.8554 - Val PR-AUC: 0.1363
[Fine-tune] Epoch 28/50 - Loss: 0.0412 - Val F1: 0.2778 - Val ROC-AUC: 0.8601 - Val PR-AUC: 0.1599
[Fine-tune] Epoch 29/50 - Loss: 0.0333 - Val F1: 0.2703 - Val ROC-AUC: 0.8440 - Val PR-AUC: 0.1381
[Fine-tune] Epoch 30/50 - Loss: 0.0352 - Val F1: 0.2632 - Val ROC-AUC: 0.8671 - Val PR-AUC: 0.1270
[Fine-tune] Epoch 31/50 - Loss: 0.0290 - Val F1: 0.2632 - Val ROC-AUC: 0.8583 - Val PR-AUC: 0.1541
[Fine-tune] Epoch 32/50 - Loss: 0.0259 - Val F1: 0.2857 - Val ROC-AUC: 0.8687 - Val PR-AUC: 0.1490
[Fine-tune] Epoch 33/50 - Loss: 0.0279 - Val F1: 0.2941 - Val ROC-AUC: 0.8475 - Val PR-AUC: 0.1327
[Fine-tune] Epoch 34/50 - Loss: 0.0283 - Val F1: 0.2778 - Val ROC-AUC: 0.8592 - Val PR-AUC: 0.1470
[Fine-tune] Epoch 35/50 - Loss: 0.0284 - Val F1: 0.2857 - Val ROC-AUC: 0.8591 - Val PR-AUC: 0.1348
[Fine-tune] Epoch 36/50 - Loss: 0.0317 - Val F1: 0.2778 - Val ROC-AUC: 0.8578 - Val PR-AUC: 0.1495
[Fine-tune] Epoch 37/50 - Loss: 0.0295 - Val F1: 0.2857 - Val ROC-AUC: 0.8569 - Val PR-AUC: 0.1412
[Fine-tune] Epoch 38/50 - Loss: 0.0311 - Val F1: 0.2778 - Val ROC-AUC: 0.8464 - Val PR-AUC: 0.1307
[Fine-tune] Epoch 39/50 - Loss: 0.0254 - Val F1: 0.2778 - Val ROC-AUC: 0.8323 - Val PR-AUC: 0.1377
[Fine-tune] Epoch 40/50 - Loss: 0.0319 - Val F1: 0.2857 - Val ROC-AUC: 0.8297 - Val PR-AUC: 0.1277
[Fine-tune] Epoch 41/50 - Loss: 0.0294 - Val F1: 0.3030 - Val ROC-AUC: 0.8476 - Val PR-AUC: 0.1419
[Fine-tune] Epoch 42/50 - Loss: 0.0221 - Val F1: 0.2632 - Val ROC-AUC: 0.8518 - Val PR-AUC: 0.1416
[Fine-tune] Epoch 43/50 - Loss: 0.0214 - Val F1: 0.2778 - Val ROC-AUC: 0.8503 - Val PR-AUC: 0.1439
[Fine-tune] Epoch 44/50 - Loss: 0.0284 - Val F1: 0.2941 - Val ROC-AUC: 0.8544 - Val PR-AUC: 0.1373
[Fine-tune] Epoch 45/50 - Loss: 0.0199 - Val F1: 0.2857 - Val ROC-AUC: 0.8561 - Val PR-AUC: 0.1452
[Fine-tune] Epoch 46/50 - Loss: 0.0229 - Val F1: 0.2857 - Val ROC-AUC: 0.8546 - Val PR-AUC: 0.1405
[Fine-tune] Epoch 47/50 - Loss: 0.0243 - Val F1: 0.2778 - Val ROC-AUC: 0.8632 - Val PR-AUC: 0.1384
[Fine-tune] Epoch 48/50 - Loss: 0.0288 - Val F1: 0.3125 - Val ROC-AUC: 0.8635 - Val PR-AUC: 0.1445
[Fine-tune] Epoch 49/50 - Loss: 0.0242 - Val F1: 0.3030 - Val ROC-AUC: 0.8581 - Val PR-AUC: 0.1463
[Fine-tune] Epoch 50/50 - Loss: 0.0243 - Val F1: 0.2941 - Val ROC-AUC: 0.8541 - Val PR-AUC: 0.1400
Finetuning completed. Test F1: 0.3684, ROC-AUC: 0.9129, PR-AUC: 0.1998
[3.1/4] Target-only training on TOX21_ERb_BLA_Agonist_ch1 using GIN_GCN...
=== Target-only training ===
[Target-only] Epoch 1/50 – Loss: 0.4785  Val F1: 0.1075  ROC-AUC: 0.8738  PR-AUC: 0.1129
[Target-only] Epoch 2/50 – Loss: 0.3623  Val F1: 0.1277  ROC-AUC: 0.8359  PR-AUC: 0.0941
[Target-only] Epoch 3/50 – Loss: 0.3076  Val F1: 0.1197  ROC-AUC: 0.8045  PR-AUC: 0.0829
[Target-only] Epoch 4/50 – Loss: 0.2688  Val F1: 0.1524  ROC-AUC: 0.8828  PR-AUC: 0.0936
[Target-only] Epoch 5/50 – Loss: 0.2187  Val F1: 0.1370  ROC-AUC: 0.8851  PR-AUC: 0.0977
[Target-only] Epoch 6/50 – Loss: 0.2266  Val F1: 0.1569  ROC-AUC: 0.8501  PR-AUC: 0.1108
[Target-only] Epoch 7/50 – Loss: 0.1763  Val F1: 0.1197  ROC-AUC: 0.8582  PR-AUC: 0.0842
[Target-only] Epoch 8/50 – Loss: 0.2034  Val F1: 0.1168  ROC-AUC: 0.8774  PR-AUC: 0.0886
[Target-only] Epoch 9/50 – Loss: 0.1726  Val F1: 0.1765  ROC-AUC: 0.8579  PR-AUC: 0.1078
[Target-only] Epoch 10/50 – Loss: 0.1620  Val F1: 0.1613  ROC-AUC: 0.8521  PR-AUC: 0.1291
[Target-only] Epoch 11/50 – Loss: 0.1135  Val F1: 0.1538  ROC-AUC: 0.8640  PR-AUC: 0.1184
[Target-only] Epoch 12/50 – Loss: 0.1104  Val F1: 0.1972  ROC-AUC: 0.8647  PR-AUC: 0.1292
[Target-only] Epoch 13/50 – Loss: 0.1039  Val F1: 0.2188  ROC-AUC: 0.8672  PR-AUC: 0.1480
[Target-only] Epoch 14/50 – Loss: 0.1065  Val F1: 0.1481  ROC-AUC: 0.8702  PR-AUC: 0.1432
