[1/4] Excel → CSV 변환 중...
Saved pretrain CSV for TOX21_ERa_BLA_Antagonist_ratio: data/sample/TOX21_ERa_BLA_Antagonist_ratio.csv
Saved pretrain CSV for TOX21_ERa_LUC_VM7_Agonist: data/sample/TOX21_ERa_LUC_VM7_Agonist.csv
Saved pretrain CSV for TOX21_ERa_BLA_Antagonist_viability: data/sample/TOX21_ERa_BLA_Antagonist_viability.csv
Saved pretrain CSV for TOX21_ERa_LUC_VM7_Antagonist_0.5nM_E2: data/sample/TOX21_ERa_LUC_VM7_Antagonist_0.5nM_E2.csv
Saved pretrain CSV for TOX21_ERa_BLA_Antagonist_ch2: data/sample/TOX21_ERa_BLA_Antagonist_ch2.csv
Saved pretrain CSV for TOX21_ERa_BLA_Antagonist_ch1: data/sample/TOX21_ERa_BLA_Antagonist_ch1.csv
Saved pretrain CSV for TOX21_ERa_LUC_VM7_Antagonist_0.5nM_E2_viability: data/sample/TOX21_ERa_LUC_VM7_Antagonist_0.5nM_E2_viability.csv
Saved pretrain CSV for TOX21_ERa_BLA_Agonist_ch2: data/sample/TOX21_ERa_BLA_Agonist_ch2.csv
Saved pretrain CSV for TOX21_ERa_BLA_Agonist_ch1: data/sample/TOX21_ERa_BLA_Agonist_ch1.csv
Saved pretrain CSV for TOX21_ERa_BLA_Agonist_ratio: data/sample/TOX21_ERa_BLA_Agonist_ratio.csv
Saved pretrain CSV for TOX21_ERb_BLA_Antagonist_ch1: data/sample/TOX21_ERb_BLA_Antagonist_ch1.csv
Saved pretrain CSV for TOX21_ERb_BLA_Antagonist_ch2: data/sample/TOX21_ERb_BLA_Antagonist_ch2.csv
Saved pretrain CSV for TOX21_ERb_BLA_Agonist_viability: data/sample/TOX21_ERb_BLA_Agonist_viability.csv
Saved pretrain CSV for TOX21_ERb_BLA_Agonist_ratio: data/sample/TOX21_ERb_BLA_Agonist_ratio.csv
Saved pretrain CSV for TOX21_ERb_BLA_Agonist_ch2: data/sample/TOX21_ERb_BLA_Agonist_ch2.csv
Saved pretrain CSV for TOX21_ERb_BLA_Agonist_ch1: data/sample/TOX21_ERb_BLA_Agonist_ch1.csv
Saved pretrain CSV for TOX21_ERR_LUC_Agonist: data/sample/TOX21_ERR_LUC_Agonist.csv
Saved pretrain CSV for TOX21_ERa_LUC_VM7_Agonist_10nM_ICI182780_viability: data/sample/TOX21_ERa_LUC_VM7_Agonist_10nM_ICI182780_viability.csv
Saved pretrain CSV for TOX21_ERa_LUC_VM7_Antagonist_0.1nM_E2: data/sample/TOX21_ERa_LUC_VM7_Antagonist_0.1nM_E2.csv
Saved pretrain CSV for TOX21_ERb_BLA_Antagonist_ratio: data/sample/TOX21_ERb_BLA_Antagonist_ratio.csv
Saved pretrain CSV for TOX21_ERa_LUC_VM7_Agonist_10nM_ICI182780: data/sample/TOX21_ERa_LUC_VM7_Agonist_10nM_ICI182780.csv
Saved pretrain CSV for TOX21_ERR_LUC_viability: data/sample/TOX21_ERR_LUC_viability.csv
Saved pretrain CSV for TOX21_ERR_LUC_Antagonist: data/sample/TOX21_ERR_LUC_Antagonist.csv
Saved pretrain CSV for TOX21_ERa_LUC_VM7_Antagonist_0.1nM_E2_viability: data/sample/TOX21_ERa_LUC_VM7_Antagonist_0.1nM_E2_viability.csv
Saved pretrain CSV for TOX21_ERb_BLA_Antagonist_viability: data/sample/TOX21_ERb_BLA_Antagonist_viability.csv
Saved finetune CSV for TOX21_ERa_BLA_Antagonist_ratio: data/sample/TOX21_ERa_BLA_Antagonist_ratio.csv
Saved finetune CSV for TOX21_ERa_LUC_VM7_Agonist: data/sample/TOX21_ERa_LUC_VM7_Agonist.csv
Saved finetune CSV for TOX21_ERa_BLA_Antagonist_viability: data/sample/TOX21_ERa_BLA_Antagonist_viability.csv
Saved finetune CSV for TOX21_ERa_LUC_VM7_Antagonist_0.5nM_E2: data/sample/TOX21_ERa_LUC_VM7_Antagonist_0.5nM_E2.csv
Saved finetune CSV for TOX21_ERa_BLA_Antagonist_ch2: data/sample/TOX21_ERa_BLA_Antagonist_ch2.csv
Saved finetune CSV for TOX21_ERa_BLA_Antagonist_ch1: data/sample/TOX21_ERa_BLA_Antagonist_ch1.csv
Saved finetune CSV for TOX21_ERa_LUC_VM7_Antagonist_0.5nM_E2_viability: data/sample/TOX21_ERa_LUC_VM7_Antagonist_0.5nM_E2_viability.csv
Saved finetune CSV for TOX21_ERa_BLA_Agonist_ch2: data/sample/TOX21_ERa_BLA_Agonist_ch2.csv
Saved finetune CSV for TOX21_ERa_BLA_Agonist_ch1: data/sample/TOX21_ERa_BLA_Agonist_ch1.csv
Saved finetune CSV for TOX21_ERa_BLA_Agonist_ratio: data/sample/TOX21_ERa_BLA_Agonist_ratio.csv
Saved finetune CSV for TOX21_ERb_BLA_Antagonist_ch1: data/sample/TOX21_ERb_BLA_Antagonist_ch1.csv
Saved finetune CSV for TOX21_ERb_BLA_Antagonist_ch2: data/sample/TOX21_ERb_BLA_Antagonist_ch2.csv
Saved finetune CSV for TOX21_ERb_BLA_Agonist_viability: data/sample/TOX21_ERb_BLA_Agonist_viability.csv
Saved finetune CSV for TOX21_ERb_BLA_Agonist_ratio: data/sample/TOX21_ERb_BLA_Agonist_ratio.csv
Saved finetune CSV for TOX21_ERb_BLA_Agonist_ch2: data/sample/TOX21_ERb_BLA_Agonist_ch2.csv
Saved finetune CSV for TOX21_ERb_BLA_Agonist_ch1: data/sample/TOX21_ERb_BLA_Agonist_ch1.csv
Saved finetune CSV for TOX21_ERR_LUC_Agonist: data/sample/TOX21_ERR_LUC_Agonist.csv
Saved finetune CSV for TOX21_ERa_LUC_VM7_Agonist_10nM_ICI182780_viability: data/sample/TOX21_ERa_LUC_VM7_Agonist_10nM_ICI182780_viability.csv
Saved finetune CSV for TOX21_ERa_LUC_VM7_Antagonist_0.1nM_E2: data/sample/TOX21_ERa_LUC_VM7_Antagonist_0.1nM_E2.csv
Saved finetune CSV for TOX21_ERb_BLA_Antagonist_ratio: data/sample/TOX21_ERb_BLA_Antagonist_ratio.csv
Saved finetune CSV for TOX21_ERa_LUC_VM7_Agonist_10nM_ICI182780: data/sample/TOX21_ERa_LUC_VM7_Agonist_10nM_ICI182780.csv
Saved finetune CSV for TOX21_ERR_LUC_viability: data/sample/TOX21_ERR_LUC_viability.csv
Saved finetune CSV for TOX21_ERR_LUC_Antagonist: data/sample/TOX21_ERR_LUC_Antagonist.csv
Saved finetune CSV for TOX21_ERa_LUC_VM7_Antagonist_0.1nM_E2_viability: data/sample/TOX21_ERa_LUC_VM7_Antagonist_0.1nM_E2_viability.csv
Saved finetune CSV for TOX21_ERb_BLA_Antagonist_viability: data/sample/TOX21_ERb_BLA_Antagonist_viability.csv
[2/4] Pretraining on TOX21_ERa_BLA_Antagonist_ratio using GIN_GCN...
Epoch 1/100 - Loss: 0.6229 - Val F1: 0.3438 - Val ROC-AUC: 0.7186 - Val PR-AUC: 0.2417
Epoch 2/100 - Loss: 0.5828 - Val F1: 0.3333 - Val ROC-AUC: 0.7270 - Val PR-AUC: 0.2435
Epoch 3/100 - Loss: 0.5651 - Val F1: 0.3340 - Val ROC-AUC: 0.7420 - Val PR-AUC: 0.2621
Epoch 4/100 - Loss: 0.5526 - Val F1: 0.3532 - Val ROC-AUC: 0.7487 - Val PR-AUC: 0.2665
Epoch 5/100 - Loss: 0.5487 - Val F1: 0.3503 - Val ROC-AUC: 0.7431 - Val PR-AUC: 0.2558
Epoch 6/100 - Loss: 0.5337 - Val F1: 0.4014 - Val ROC-AUC: 0.7735 - Val PR-AUC: 0.2984
Epoch 7/100 - Loss: 0.5232 - Val F1: 0.3840 - Val ROC-AUC: 0.7681 - Val PR-AUC: 0.3086
Epoch 8/100 - Loss: 0.5336 - Val F1: 0.3920 - Val ROC-AUC: 0.7757 - Val PR-AUC: 0.3151
Epoch 9/100 - Loss: 0.5211 - Val F1: 0.3793 - Val ROC-AUC: 0.7786 - Val PR-AUC: 0.3051
Epoch 10/100 - Loss: 0.4992 - Val F1: 0.3724 - Val ROC-AUC: 0.7588 - Val PR-AUC: 0.3120
Epoch 11/100 - Loss: 0.4832 - Val F1: 0.3978 - Val ROC-AUC: 0.8008 - Val PR-AUC: 0.3325
Epoch 12/100 - Loss: 0.4615 - Val F1: 0.4024 - Val ROC-AUC: 0.7951 - Val PR-AUC: 0.3151
Epoch 13/100 - Loss: 0.4734 - Val F1: 0.4175 - Val ROC-AUC: 0.8075 - Val PR-AUC: 0.3396
Epoch 14/100 - Loss: 0.4594 - Val F1: 0.3939 - Val ROC-AUC: 0.8014 - Val PR-AUC: 0.3335
Epoch 15/100 - Loss: 0.4620 - Val F1: 0.4127 - Val ROC-AUC: 0.8073 - Val PR-AUC: 0.3356
Epoch 16/100 - Loss: 0.4518 - Val F1: 0.3968 - Val ROC-AUC: 0.8013 - Val PR-AUC: 0.3424
Epoch 17/100 - Loss: 0.4512 - Val F1: 0.4122 - Val ROC-AUC: 0.8093 - Val PR-AUC: 0.3320
Epoch 18/100 - Loss: 0.4415 - Val F1: 0.4223 - Val ROC-AUC: 0.8208 - Val PR-AUC: 0.3651
Epoch 19/100 - Loss: 0.4291 - Val F1: 0.4052 - Val ROC-AUC: 0.8061 - Val PR-AUC: 0.3547
Epoch 20/100 - Loss: 0.4384 - Val F1: 0.4343 - Val ROC-AUC: 0.8171 - Val PR-AUC: 0.3689
Epoch 21/100 - Loss: 0.4080 - Val F1: 0.4302 - Val ROC-AUC: 0.8187 - Val PR-AUC: 0.3550
Epoch 22/100 - Loss: 0.4023 - Val F1: 0.4330 - Val ROC-AUC: 0.8297 - Val PR-AUC: 0.3609
Epoch 23/100 - Loss: 0.3872 - Val F1: 0.4186 - Val ROC-AUC: 0.8178 - Val PR-AUC: 0.3568
Epoch 24/100 - Loss: 0.3936 - Val F1: 0.4273 - Val ROC-AUC: 0.8283 - Val PR-AUC: 0.3768
Epoch 25/100 - Loss: 0.3839 - Val F1: 0.4531 - Val ROC-AUC: 0.8101 - Val PR-AUC: 0.3484
Epoch 26/100 - Loss: 0.3789 - Val F1: 0.4413 - Val ROC-AUC: 0.8276 - Val PR-AUC: 0.3680
Epoch 27/100 - Loss: 0.3892 - Val F1: 0.4422 - Val ROC-AUC: 0.8111 - Val PR-AUC: 0.3413
Epoch 28/100 - Loss: 0.3743 - Val F1: 0.4380 - Val ROC-AUC: 0.8127 - Val PR-AUC: 0.3527
Epoch 29/100 - Loss: 0.3668 - Val F1: 0.4471 - Val ROC-AUC: 0.8112 - Val PR-AUC: 0.3581
Epoch 30/100 - Loss: 0.3622 - Val F1: 0.4710 - Val ROC-AUC: 0.8147 - Val PR-AUC: 0.3687
Epoch 31/100 - Loss: 0.3439 - Val F1: 0.4512 - Val ROC-AUC: 0.8322 - Val PR-AUC: 0.3750
Epoch 32/100 - Loss: 0.3495 - Val F1: 0.4371 - Val ROC-AUC: 0.8368 - Val PR-AUC: 0.4093
Epoch 33/100 - Loss: 0.3410 - Val F1: 0.4540 - Val ROC-AUC: 0.8320 - Val PR-AUC: 0.3765
Epoch 34/100 - Loss: 0.3452 - Val F1: 0.4286 - Val ROC-AUC: 0.8325 - Val PR-AUC: 0.3704
Epoch 35/100 - Loss: 0.3322 - Val F1: 0.4473 - Val ROC-AUC: 0.8359 - Val PR-AUC: 0.3879
Epoch 36/100 - Loss: 0.3265 - Val F1: 0.4587 - Val ROC-AUC: 0.8231 - Val PR-AUC: 0.3623
Epoch 37/100 - Loss: 0.3330 - Val F1: 0.4615 - Val ROC-AUC: 0.8351 - Val PR-AUC: 0.3943
Epoch 38/100 - Loss: 0.3247 - Val F1: 0.4650 - Val ROC-AUC: 0.8361 - Val PR-AUC: 0.3721
Epoch 39/100 - Loss: 0.3177 - Val F1: 0.4679 - Val ROC-AUC: 0.8295 - Val PR-AUC: 0.3788
Epoch 40/100 - Loss: 0.3177 - Val F1: 0.4658 - Val ROC-AUC: 0.8291 - Val PR-AUC: 0.3812
Epoch 41/100 - Loss: 0.3213 - Val F1: 0.4611 - Val ROC-AUC: 0.8320 - Val PR-AUC: 0.3832
Epoch 42/100 - Loss: 0.3014 - Val F1: 0.4620 - Val ROC-AUC: 0.8334 - Val PR-AUC: 0.3774
Epoch 43/100 - Loss: 0.2984 - Val F1: 0.4717 - Val ROC-AUC: 0.8366 - Val PR-AUC: 0.3859
