[1/4] Excel → CSV 변환 중...
Saved pretrain CSV for TOX21_ERa_BLA_Antagonist_ratio: data/sample/TOX21_ERa_BLA_Antagonist_ratio.csv
Saved pretrain CSV for TOX21_ERa_LUC_VM7_Agonist: data/sample/TOX21_ERa_LUC_VM7_Agonist.csv
Saved pretrain CSV for TOX21_ERa_BLA_Antagonist_viability: data/sample/TOX21_ERa_BLA_Antagonist_viability.csv
Saved pretrain CSV for TOX21_ERa_LUC_VM7_Antagonist_0.5nM_E2: data/sample/TOX21_ERa_LUC_VM7_Antagonist_0.5nM_E2.csv
Saved pretrain CSV for TOX21_ERa_BLA_Antagonist_ch2: data/sample/TOX21_ERa_BLA_Antagonist_ch2.csv
Saved pretrain CSV for TOX21_ERa_BLA_Antagonist_ch1: data/sample/TOX21_ERa_BLA_Antagonist_ch1.csv
Saved pretrain CSV for TOX21_ERa_LUC_VM7_Antagonist_0.5nM_E2_viability: data/sample/TOX21_ERa_LUC_VM7_Antagonist_0.5nM_E2_viability.csv
Saved pretrain CSV for TOX21_ERa_BLA_Agonist_ch2: data/sample/TOX21_ERa_BLA_Agonist_ch2.csv
Saved pretrain CSV for TOX21_ERa_BLA_Agonist_ch1: data/sample/TOX21_ERa_BLA_Agonist_ch1.csv
Saved pretrain CSV for TOX21_ERa_BLA_Agonist_ratio: data/sample/TOX21_ERa_BLA_Agonist_ratio.csv
Saved pretrain CSV for TOX21_ERb_BLA_Antagonist_ch1: data/sample/TOX21_ERb_BLA_Antagonist_ch1.csv
Saved pretrain CSV for TOX21_ERb_BLA_Antagonist_ch2: data/sample/TOX21_ERb_BLA_Antagonist_ch2.csv
Saved pretrain CSV for TOX21_ERb_BLA_Agonist_viability: data/sample/TOX21_ERb_BLA_Agonist_viability.csv
Saved pretrain CSV for TOX21_ERb_BLA_Agonist_ratio: data/sample/TOX21_ERb_BLA_Agonist_ratio.csv
Saved pretrain CSV for TOX21_ERb_BLA_Agonist_ch2: data/sample/TOX21_ERb_BLA_Agonist_ch2.csv
Saved pretrain CSV for TOX21_ERb_BLA_Agonist_ch1: data/sample/TOX21_ERb_BLA_Agonist_ch1.csv
Saved pretrain CSV for TOX21_ERR_LUC_Agonist: data/sample/TOX21_ERR_LUC_Agonist.csv
Saved pretrain CSV for TOX21_ERa_LUC_VM7_Agonist_10nM_ICI182780_viability: data/sample/TOX21_ERa_LUC_VM7_Agonist_10nM_ICI182780_viability.csv
Saved pretrain CSV for TOX21_ERa_LUC_VM7_Antagonist_0.1nM_E2: data/sample/TOX21_ERa_LUC_VM7_Antagonist_0.1nM_E2.csv
Saved pretrain CSV for TOX21_ERb_BLA_Antagonist_ratio: data/sample/TOX21_ERb_BLA_Antagonist_ratio.csv
Saved pretrain CSV for TOX21_ERa_LUC_VM7_Agonist_10nM_ICI182780: data/sample/TOX21_ERa_LUC_VM7_Agonist_10nM_ICI182780.csv
Saved pretrain CSV for TOX21_ERR_LUC_viability: data/sample/TOX21_ERR_LUC_viability.csv
Saved pretrain CSV for TOX21_ERR_LUC_Antagonist: data/sample/TOX21_ERR_LUC_Antagonist.csv
Saved pretrain CSV for TOX21_ERa_LUC_VM7_Antagonist_0.1nM_E2_viability: data/sample/TOX21_ERa_LUC_VM7_Antagonist_0.1nM_E2_viability.csv
Saved pretrain CSV for TOX21_ERb_BLA_Antagonist_viability: data/sample/TOX21_ERb_BLA_Antagonist_viability.csv
Saved finetune CSV for TOX21_ERa_BLA_Antagonist_ratio: data/sample/TOX21_ERa_BLA_Antagonist_ratio.csv
Saved finetune CSV for TOX21_ERa_LUC_VM7_Agonist: data/sample/TOX21_ERa_LUC_VM7_Agonist.csv
Saved finetune CSV for TOX21_ERa_BLA_Antagonist_viability: data/sample/TOX21_ERa_BLA_Antagonist_viability.csv
Saved finetune CSV for TOX21_ERa_LUC_VM7_Antagonist_0.5nM_E2: data/sample/TOX21_ERa_LUC_VM7_Antagonist_0.5nM_E2.csv
Saved finetune CSV for TOX21_ERa_BLA_Antagonist_ch2: data/sample/TOX21_ERa_BLA_Antagonist_ch2.csv
Saved finetune CSV for TOX21_ERa_BLA_Antagonist_ch1: data/sample/TOX21_ERa_BLA_Antagonist_ch1.csv
Saved finetune CSV for TOX21_ERa_LUC_VM7_Antagonist_0.5nM_E2_viability: data/sample/TOX21_ERa_LUC_VM7_Antagonist_0.5nM_E2_viability.csv
Saved finetune CSV for TOX21_ERa_BLA_Agonist_ch2: data/sample/TOX21_ERa_BLA_Agonist_ch2.csv
Saved finetune CSV for TOX21_ERa_BLA_Agonist_ch1: data/sample/TOX21_ERa_BLA_Agonist_ch1.csv
Saved finetune CSV for TOX21_ERa_BLA_Agonist_ratio: data/sample/TOX21_ERa_BLA_Agonist_ratio.csv
Saved finetune CSV for TOX21_ERb_BLA_Antagonist_ch1: data/sample/TOX21_ERb_BLA_Antagonist_ch1.csv
Saved finetune CSV for TOX21_ERb_BLA_Antagonist_ch2: data/sample/TOX21_ERb_BLA_Antagonist_ch2.csv
Saved finetune CSV for TOX21_ERb_BLA_Agonist_viability: data/sample/TOX21_ERb_BLA_Agonist_viability.csv
Saved finetune CSV for TOX21_ERb_BLA_Agonist_ratio: data/sample/TOX21_ERb_BLA_Agonist_ratio.csv
Saved finetune CSV for TOX21_ERb_BLA_Agonist_ch2: data/sample/TOX21_ERb_BLA_Agonist_ch2.csv
Saved finetune CSV for TOX21_ERb_BLA_Agonist_ch1: data/sample/TOX21_ERb_BLA_Agonist_ch1.csv
Saved finetune CSV for TOX21_ERR_LUC_Agonist: data/sample/TOX21_ERR_LUC_Agonist.csv
Saved finetune CSV for TOX21_ERa_LUC_VM7_Agonist_10nM_ICI182780_viability: data/sample/TOX21_ERa_LUC_VM7_Agonist_10nM_ICI182780_viability.csv
Saved finetune CSV for TOX21_ERa_LUC_VM7_Antagonist_0.1nM_E2: data/sample/TOX21_ERa_LUC_VM7_Antagonist_0.1nM_E2.csv
Saved finetune CSV for TOX21_ERb_BLA_Antagonist_ratio: data/sample/TOX21_ERb_BLA_Antagonist_ratio.csv
Saved finetune CSV for TOX21_ERa_LUC_VM7_Agonist_10nM_ICI182780: data/sample/TOX21_ERa_LUC_VM7_Agonist_10nM_ICI182780.csv
Saved finetune CSV for TOX21_ERR_LUC_viability: data/sample/TOX21_ERR_LUC_viability.csv
Saved finetune CSV for TOX21_ERR_LUC_Antagonist: data/sample/TOX21_ERR_LUC_Antagonist.csv
Saved finetune CSV for TOX21_ERa_LUC_VM7_Antagonist_0.1nM_E2_viability: data/sample/TOX21_ERa_LUC_VM7_Antagonist_0.1nM_E2_viability.csv
Saved finetune CSV for TOX21_ERb_BLA_Antagonist_viability: data/sample/TOX21_ERb_BLA_Antagonist_viability.csv
[2/4] Pretraining on TOX21_ERa_BLA_Antagonist_viability using GIN_GCN...
Epoch 1/100 - Loss: 0.5803 - Val F1: 0.1707 - Val ROC-AUC: 0.7788 - Val PR-AUC: 0.1486
Epoch 2/100 - Loss: 0.4860 - Val F1: 0.1556 - Val ROC-AUC: 0.7548 - Val PR-AUC: 0.1262
Epoch 3/100 - Loss: 0.4459 - Val F1: 0.1390 - Val ROC-AUC: 0.7362 - Val PR-AUC: 0.1102
Epoch 4/100 - Loss: 0.4252 - Val F1: 0.1386 - Val ROC-AUC: 0.7652 - Val PR-AUC: 0.1150
Epoch 5/100 - Loss: 0.4039 - Val F1: 0.1905 - Val ROC-AUC: 0.7825 - Val PR-AUC: 0.1579
Epoch 6/100 - Loss: 0.3782 - Val F1: 0.1682 - Val ROC-AUC: 0.7910 - Val PR-AUC: 0.1442
Epoch 7/100 - Loss: 0.3593 - Val F1: 0.1759 - Val ROC-AUC: 0.7848 - Val PR-AUC: 0.2220
Epoch 8/100 - Loss: 0.3406 - Val F1: 0.2016 - Val ROC-AUC: 0.7915 - Val PR-AUC: 0.1533
Epoch 9/100 - Loss: 0.3398 - Val F1: 0.1760 - Val ROC-AUC: 0.7652 - Val PR-AUC: 0.2245
Epoch 10/100 - Loss: 0.3200 - Val F1: 0.1618 - Val ROC-AUC: 0.7540 - Val PR-AUC: 0.1674
Epoch 11/100 - Loss: 0.2930 - Val F1: 0.1806 - Val ROC-AUC: 0.7868 - Val PR-AUC: 0.2008
Epoch 12/100 - Loss: 0.2715 - Val F1: 0.1750 - Val ROC-AUC: 0.7891 - Val PR-AUC: 0.2181
Epoch 13/100 - Loss: 0.2398 - Val F1: 0.1681 - Val ROC-AUC: 0.7432 - Val PR-AUC: 0.1989
Epoch 14/100 - Loss: 0.2565 - Val F1: 0.1589 - Val ROC-AUC: 0.7822 - Val PR-AUC: 0.1766
Epoch 15/100 - Loss: 0.2396 - Val F1: 0.1569 - Val ROC-AUC: 0.7519 - Val PR-AUC: 0.1510
Epoch 16/100 - Loss: 0.2416 - Val F1: 0.1667 - Val ROC-AUC: 0.7801 - Val PR-AUC: 0.1922
Epoch 17/100 - Loss: 0.2124 - Val F1: 0.2074 - Val ROC-AUC: 0.7570 - Val PR-AUC: 0.1604
Epoch 18/100 - Loss: 0.2185 - Val F1: 0.1471 - Val ROC-AUC: 0.7658 - Val PR-AUC: 0.1472
Epoch 19/100 - Loss: 0.2074 - Val F1: 0.1849 - Val ROC-AUC: 0.7707 - Val PR-AUC: 0.1436
Epoch 20/100 - Loss: 0.2027 - Val F1: 0.1930 - Val ROC-AUC: 0.7656 - Val PR-AUC: 0.1580
Epoch 21/100 - Loss: 0.1764 - Val F1: 0.2087 - Val ROC-AUC: 0.7593 - Val PR-AUC: 0.1670
Epoch 22/100 - Loss: 0.1652 - Val F1: 0.2205 - Val ROC-AUC: 0.7628 - Val PR-AUC: 0.2002
Epoch 23/100 - Loss: 0.1640 - Val F1: 0.2243 - Val ROC-AUC: 0.7562 - Val PR-AUC: 0.1769
Epoch 24/100 - Loss: 0.1438 - Val F1: 0.1709 - Val ROC-AUC: 0.7380 - Val PR-AUC: 0.1606
Epoch 25/100 - Loss: 0.1587 - Val F1: 0.1980 - Val ROC-AUC: 0.7365 - Val PR-AUC: 0.1448
Epoch 26/100 - Loss: 0.1528 - Val F1: 0.1714 - Val ROC-AUC: 0.7540 - Val PR-AUC: 0.1610
Epoch 27/100 - Loss: 0.1409 - Val F1: 0.2105 - Val ROC-AUC: 0.7472 - Val PR-AUC: 0.1898
Epoch 28/100 - Loss: 0.1393 - Val F1: 0.1709 - Val ROC-AUC: 0.7249 - Val PR-AUC: 0.1210
Epoch 29/100 - Loss: 0.1261 - Val F1: 0.2056 - Val ROC-AUC: 0.7467 - Val PR-AUC: 0.1500
Epoch 30/100 - Loss: 0.1326 - Val F1: 0.2069 - Val ROC-AUC: 0.7311 - Val PR-AUC: 0.1453
Epoch 31/100 - Loss: 0.1160 - Val F1: 0.1802 - Val ROC-AUC: 0.7518 - Val PR-AUC: 0.1693
Epoch 32/100 - Loss: 0.1109 - Val F1: 0.1961 - Val ROC-AUC: 0.7342 - Val PR-AUC: 0.1417
Epoch 33/100 - Loss: 0.1055 - Val F1: 0.2203 - Val ROC-AUC: 0.7418 - Val PR-AUC: 0.1675
Epoch 34/100 - Loss: 0.1077 - Val F1: 0.2124 - Val ROC-AUC: 0.7497 - Val PR-AUC: 0.1527
Epoch 35/100 - Loss: 0.1091 - Val F1: 0.2439 - Val ROC-AUC: 0.7598 - Val PR-AUC: 0.1696
Epoch 36/100 - Loss: 0.1151 - Val F1: 0.1915 - Val ROC-AUC: 0.7437 - Val PR-AUC: 0.1518
Epoch 37/100 - Loss: 0.0916 - Val F1: 0.1684 - Val ROC-AUC: 0.7198 - Val PR-AUC: 0.1454
Epoch 38/100 - Loss: 0.0892 - Val F1: 0.2278 - Val ROC-AUC: 0.7407 - Val PR-AUC: 0.1425
Epoch 39/100 - Loss: 0.1006 - Val F1: 0.2128 - Val ROC-AUC: 0.7438 - Val PR-AUC: 0.1451
Epoch 40/100 - Loss: 0.0990 - Val F1: 0.2680 - Val ROC-AUC: 0.7507 - Val PR-AUC: 0.1620
Epoch 41/100 - Loss: 0.0968 - Val F1: 0.2245 - Val ROC-AUC: 0.7539 - Val PR-AUC: 0.1535
Epoch 42/100 - Loss: 0.0864 - Val F1: 0.2041 - Val ROC-AUC: 0.7461 - Val PR-AUC: 0.1390
Epoch 43/100 - Loss: 0.0865 - Val F1: 0.2222 - Val ROC-AUC: 0.7427 - Val PR-AUC: 0.1428
Epoch 44/100 - Loss: 0.0890 - Val F1: 0.1978 - Val ROC-AUC: 0.7464 - Val PR-AUC: 0.1573
Epoch 45/100 - Loss: 0.0826 - Val F1: 0.2198 - Val ROC-AUC: 0.7319 - Val PR-AUC: 0.1434
Epoch 46/100 - Loss: 0.0876 - Val F1: 0.2143 - Val ROC-AUC: 0.7437 - Val PR-AUC: 0.1581
Epoch 47/100 - Loss: 0.0897 - Val F1: 0.2151 - Val ROC-AUC: 0.7486 - Val PR-AUC: 0.1480
Epoch 48/100 - Loss: 0.0817 - Val F1: 0.2169 - Val ROC-AUC: 0.7385 - Val PR-AUC: 0.1531
Epoch 49/100 - Loss: 0.0903 - Val F1: 0.2366 - Val ROC-AUC: 0.7395 - Val PR-AUC: 0.1498
Epoch 50/100 - Loss: 0.0717 - Val F1: 0.2553 - Val ROC-AUC: 0.7398 - Val PR-AUC: 0.1599
Epoch 51/100 - Loss: 0.0725 - Val F1: 0.2222 - Val ROC-AUC: 0.7380 - Val PR-AUC: 0.1514
Epoch 52/100 - Loss: 0.0669 - Val F1: 0.2500 - Val ROC-AUC: 0.7457 - Val PR-AUC: 0.1603
Epoch 53/100 - Loss: 0.0739 - Val F1: 0.2609 - Val ROC-AUC: 0.7434 - Val PR-AUC: 0.1495
Epoch 54/100 - Loss: 0.0731 - Val F1: 0.2299 - Val ROC-AUC: 0.7478 - Val PR-AUC: 0.1552
Epoch 55/100 - Loss: 0.0814 - Val F1: 0.2619 - Val ROC-AUC: 0.7440 - Val PR-AUC: 0.1599
Epoch 56/100 - Loss: 0.0819 - Val F1: 0.2195 - Val ROC-AUC: 0.7454 - Val PR-AUC: 0.1498
Epoch 57/100 - Loss: 0.0785 - Val F1: 0.2195 - Val ROC-AUC: 0.7429 - Val PR-AUC: 0.1488
Epoch 58/100 - Loss: 0.0659 - Val F1: 0.2326 - Val ROC-AUC: 0.7405 - Val PR-AUC: 0.1463
Epoch 59/100 - Loss: 0.0681 - Val F1: 0.2247 - Val ROC-AUC: 0.7447 - Val PR-AUC: 0.1458
Epoch 60/100 - Loss: 0.0767 - Val F1: 0.2444 - Val ROC-AUC: 0.7511 - Val PR-AUC: 0.1483
Epoch 61/100 - Loss: 0.0733 - Val F1: 0.2410 - Val ROC-AUC: 0.7418 - Val PR-AUC: 0.1464
Epoch 62/100 - Loss: 0.0687 - Val F1: 0.2222 - Val ROC-AUC: 0.7359 - Val PR-AUC: 0.1464
Epoch 63/100 - Loss: 0.0685 - Val F1: 0.2222 - Val ROC-AUC: 0.7447 - Val PR-AUC: 0.1513
Epoch 64/100 - Loss: 0.0713 - Val F1: 0.2195 - Val ROC-AUC: 0.7398 - Val PR-AUC: 0.1441
Epoch 65/100 - Loss: 0.0676 - Val F1: 0.2472 - Val ROC-AUC: 0.7434 - Val PR-AUC: 0.1526
Epoch 66/100 - Loss: 0.0721 - Val F1: 0.2532 - Val ROC-AUC: 0.7438 - Val PR-AUC: 0.1546
Epoch 67/100 - Loss: 0.0643 - Val F1: 0.2558 - Val ROC-AUC: 0.7441 - Val PR-AUC: 0.1502
Epoch 68/100 - Loss: 0.0635 - Val F1: 0.2381 - Val ROC-AUC: 0.7416 - Val PR-AUC: 0.1496
Epoch 69/100 - Loss: 0.0702 - Val F1: 0.2222 - Val ROC-AUC: 0.7376 - Val PR-AUC: 0.1475
Epoch 70/100 - Loss: 0.0710 - Val F1: 0.2222 - Val ROC-AUC: 0.7396 - Val PR-AUC: 0.1490
Epoch 71/100 - Loss: 0.0677 - Val F1: 0.2326 - Val ROC-AUC: 0.7399 - Val PR-AUC: 0.1534
Epoch 72/100 - Loss: 0.0671 - Val F1: 0.2169 - Val ROC-AUC: 0.7372 - Val PR-AUC: 0.1487
Epoch 73/100 - Loss: 0.0674 - Val F1: 0.2051 - Val ROC-AUC: 0.7395 - Val PR-AUC: 0.1497
Epoch 74/100 - Loss: 0.0627 - Val F1: 0.2432 - Val ROC-AUC: 0.7376 - Val PR-AUC: 0.1517
Epoch 75/100 - Loss: 0.0705 - Val F1: 0.2222 - Val ROC-AUC: 0.7447 - Val PR-AUC: 0.1516
Epoch 76/100 - Loss: 0.0626 - Val F1: 0.2169 - Val ROC-AUC: 0.7453 - Val PR-AUC: 0.1554
Epoch 77/100 - Loss: 0.0645 - Val F1: 0.2222 - Val ROC-AUC: 0.7374 - Val PR-AUC: 0.1575
Epoch 78/100 - Loss: 0.0663 - Val F1: 0.2169 - Val ROC-AUC: 0.7466 - Val PR-AUC: 0.1583
Epoch 79/100 - Loss: 0.0652 - Val F1: 0.2247 - Val ROC-AUC: 0.7434 - Val PR-AUC: 0.1546
Epoch 80/100 - Loss: 0.0723 - Val F1: 0.2222 - Val ROC-AUC: 0.7412 - Val PR-AUC: 0.1545
Epoch 81/100 - Loss: 0.0684 - Val F1: 0.2254 - Val ROC-AUC: 0.7454 - Val PR-AUC: 0.1554
Epoch 82/100 - Loss: 0.0671 - Val F1: 0.2469 - Val ROC-AUC: 0.7448 - Val PR-AUC: 0.1609
Epoch 83/100 - Loss: 0.0671 - Val F1: 0.2143 - Val ROC-AUC: 0.7444 - Val PR-AUC: 0.1570
Epoch 84/100 - Loss: 0.0723 - Val F1: 0.2222 - Val ROC-AUC: 0.7439 - Val PR-AUC: 0.1498
Epoch 85/100 - Loss: 0.0618 - Val F1: 0.2353 - Val ROC-AUC: 0.7493 - Val PR-AUC: 0.1548
Epoch 86/100 - Loss: 0.0720 - Val F1: 0.2273 - Val ROC-AUC: 0.7442 - Val PR-AUC: 0.1530
Epoch 87/100 - Loss: 0.0668 - Val F1: 0.2308 - Val ROC-AUC: 0.7416 - Val PR-AUC: 0.1531
Epoch 88/100 - Loss: 0.0632 - Val F1: 0.2118 - Val ROC-AUC: 0.7429 - Val PR-AUC: 0.1483
Epoch 89/100 - Loss: 0.0631 - Val F1: 0.2558 - Val ROC-AUC: 0.7469 - Val PR-AUC: 0.1504
Epoch 90/100 - Loss: 0.0721 - Val F1: 0.2105 - Val ROC-AUC: 0.7459 - Val PR-AUC: 0.1589
Epoch 91/100 - Loss: 0.0634 - Val F1: 0.2051 - Val ROC-AUC: 0.7454 - Val PR-AUC: 0.1547
Epoch 92/100 - Loss: 0.0611 - Val F1: 0.2105 - Val ROC-AUC: 0.7430 - Val PR-AUC: 0.1542
Epoch 93/100 - Loss: 0.0663 - Val F1: 0.2118 - Val ROC-AUC: 0.7426 - Val PR-AUC: 0.1580
Epoch 94/100 - Loss: 0.0628 - Val F1: 0.2051 - Val ROC-AUC: 0.7454 - Val PR-AUC: 0.1521
Epoch 95/100 - Loss: 0.0593 - Val F1: 0.2278 - Val ROC-AUC: 0.7430 - Val PR-AUC: 0.1517
Epoch 96/100 - Loss: 0.0690 - Val F1: 0.1975 - Val ROC-AUC: 0.7440 - Val PR-AUC: 0.1510
Epoch 97/100 - Loss: 0.0705 - Val F1: 0.2273 - Val ROC-AUC: 0.7463 - Val PR-AUC: 0.1498
Epoch 98/100 - Loss: 0.0595 - Val F1: 0.2368 - Val ROC-AUC: 0.7400 - Val PR-AUC: 0.1542
Epoch 99/100 - Loss: 0.0611 - Val F1: 0.2250 - Val ROC-AUC: 0.7424 - Val PR-AUC: 0.1520
Epoch 100/100 - Loss: 0.0595 - Val F1: 0.2222 - Val ROC-AUC: 0.7472 - Val PR-AUC: 0.1532
Pretraining completed. Test F1: 0.3000, ROC-AUC: 0.7864, PR-AUC: 0.2801
[3/4] Finetuning on TOX21_ERa_LUC_VM7_Antagonist_0.5nM_E2 using GIN_GCN...
[Fine-tune] Epoch 1/50 - Loss: 0.6115 - Val F1: 0.3631 - Val ROC-AUC: 0.8116 - Val PR-AUC: 0.3167
[Fine-tune] Epoch 2/50 - Loss: 0.4756 - Val F1: 0.3500 - Val ROC-AUC: 0.8100 - Val PR-AUC: 0.3360
[Fine-tune] Epoch 3/50 - Loss: 0.4492 - Val F1: 0.3540 - Val ROC-AUC: 0.8095 - Val PR-AUC: 0.3294
[Fine-tune] Epoch 4/50 - Loss: 0.4253 - Val F1: 0.3333 - Val ROC-AUC: 0.7760 - Val PR-AUC: 0.2973
[Fine-tune] Epoch 5/50 - Loss: 0.4276 - Val F1: 0.3108 - Val ROC-AUC: 0.7817 - Val PR-AUC: 0.3081
[Fine-tune] Epoch 6/50 - Loss: 0.4000 - Val F1: 0.3750 - Val ROC-AUC: 0.8054 - Val PR-AUC: 0.2918
[Fine-tune] Epoch 7/50 - Loss: 0.3970 - Val F1: 0.3650 - Val ROC-AUC: 0.7873 - Val PR-AUC: 0.3280
[Fine-tune] Epoch 8/50 - Loss: 0.3942 - Val F1: 0.3854 - Val ROC-AUC: 0.8205 - Val PR-AUC: 0.3163
[Fine-tune] Epoch 9/50 - Loss: 0.3656 - Val F1: 0.3356 - Val ROC-AUC: 0.7958 - Val PR-AUC: 0.3114
[Fine-tune] Epoch 10/50 - Loss: 0.3414 - Val F1: 0.3934 - Val ROC-AUC: 0.8031 - Val PR-AUC: 0.3256
[Fine-tune] Epoch 11/50 - Loss: 0.3311 - Val F1: 0.4075 - Val ROC-AUC: 0.8235 - Val PR-AUC: 0.3591
[Fine-tune] Epoch 12/50 - Loss: 0.3059 - Val F1: 0.4226 - Val ROC-AUC: 0.8239 - Val PR-AUC: 0.3371
[Fine-tune] Epoch 13/50 - Loss: 0.2990 - Val F1: 0.3597 - Val ROC-AUC: 0.7929 - Val PR-AUC: 0.2852
[Fine-tune] Epoch 14/50 - Loss: 0.2823 - Val F1: 0.3957 - Val ROC-AUC: 0.7967 - Val PR-AUC: 0.3206
[Fine-tune] Epoch 15/50 - Loss: 0.2810 - Val F1: 0.4174 - Val ROC-AUC: 0.8108 - Val PR-AUC: 0.3338
[Fine-tune] Epoch 16/50 - Loss: 0.2722 - Val F1: 0.4032 - Val ROC-AUC: 0.8142 - Val PR-AUC: 0.3191
[Fine-tune] Epoch 17/50 - Loss: 0.2686 - Val F1: 0.3899 - Val ROC-AUC: 0.8143 - Val PR-AUC: 0.3161
[Fine-tune] Epoch 18/50 - Loss: 0.2597 - Val F1: 0.3701 - Val ROC-AUC: 0.8127 - Val PR-AUC: 0.3007
[Fine-tune] Epoch 19/50 - Loss: 0.2603 - Val F1: 0.3745 - Val ROC-AUC: 0.8056 - Val PR-AUC: 0.3084
[Fine-tune] Epoch 20/50 - Loss: 0.2640 - Val F1: 0.4143 - Val ROC-AUC: 0.8159 - Val PR-AUC: 0.3460
[Fine-tune] Epoch 21/50 - Loss: 0.2213 - Val F1: 0.4098 - Val ROC-AUC: 0.8205 - Val PR-AUC: 0.3356
[Fine-tune] Epoch 22/50 - Loss: 0.2175 - Val F1: 0.4034 - Val ROC-AUC: 0.8031 - Val PR-AUC: 0.3185
[Fine-tune] Epoch 23/50 - Loss: 0.2132 - Val F1: 0.4352 - Val ROC-AUC: 0.8112 - Val PR-AUC: 0.3258
[Fine-tune] Epoch 24/50 - Loss: 0.2082 - Val F1: 0.4549 - Val ROC-AUC: 0.8220 - Val PR-AUC: 0.3540
[Fine-tune] Epoch 25/50 - Loss: 0.1789 - Val F1: 0.4340 - Val ROC-AUC: 0.8163 - Val PR-AUC: 0.3299
[Fine-tune] Epoch 26/50 - Loss: 0.2025 - Val F1: 0.4464 - Val ROC-AUC: 0.8221 - Val PR-AUC: 0.3313
[Fine-tune] Epoch 27/50 - Loss: 0.1813 - Val F1: 0.4151 - Val ROC-AUC: 0.8154 - Val PR-AUC: 0.3451
[Fine-tune] Epoch 28/50 - Loss: 0.1873 - Val F1: 0.4385 - Val ROC-AUC: 0.8266 - Val PR-AUC: 0.3473
[Fine-tune] Epoch 29/50 - Loss: 0.1780 - Val F1: 0.4571 - Val ROC-AUC: 0.8196 - Val PR-AUC: 0.3365
[Fine-tune] Epoch 30/50 - Loss: 0.1832 - Val F1: 0.4126 - Val ROC-AUC: 0.8198 - Val PR-AUC: 0.3238
[Fine-tune] Epoch 31/50 - Loss: 0.1734 - Val F1: 0.4372 - Val ROC-AUC: 0.8249 - Val PR-AUC: 0.3519
[Fine-tune] Epoch 32/50 - Loss: 0.1562 - Val F1: 0.4495 - Val ROC-AUC: 0.8186 - Val PR-AUC: 0.3662
[Fine-tune] Epoch 33/50 - Loss: 0.1584 - Val F1: 0.4566 - Val ROC-AUC: 0.8209 - Val PR-AUC: 0.3475
[Fine-tune] Epoch 34/50 - Loss: 0.1591 - Val F1: 0.4372 - Val ROC-AUC: 0.8200 - Val PR-AUC: 0.3548
[Fine-tune] Epoch 35/50 - Loss: 0.1521 - Val F1: 0.4444 - Val ROC-AUC: 0.8148 - Val PR-AUC: 0.3401
[Fine-tune] Epoch 36/50 - Loss: 0.1568 - Val F1: 0.4229 - Val ROC-AUC: 0.8175 - Val PR-AUC: 0.3267
[Fine-tune] Epoch 37/50 - Loss: 0.1450 - Val F1: 0.4495 - Val ROC-AUC: 0.8243 - Val PR-AUC: 0.3724
[Fine-tune] Epoch 38/50 - Loss: 0.1516 - Val F1: 0.4402 - Val ROC-AUC: 0.8225 - Val PR-AUC: 0.3674
[Fine-tune] Epoch 39/50 - Loss: 0.1471 - Val F1: 0.4306 - Val ROC-AUC: 0.8259 - Val PR-AUC: 0.3686
[Fine-tune] Epoch 40/50 - Loss: 0.1460 - Val F1: 0.4300 - Val ROC-AUC: 0.8172 - Val PR-AUC: 0.3569
[Fine-tune] Epoch 41/50 - Loss: 0.1448 - Val F1: 0.4434 - Val ROC-AUC: 0.8198 - Val PR-AUC: 0.3522
[Fine-tune] Epoch 42/50 - Loss: 0.1242 - Val F1: 0.4327 - Val ROC-AUC: 0.8134 - Val PR-AUC: 0.3569
[Fine-tune] Epoch 43/50 - Loss: 0.1307 - Val F1: 0.4381 - Val ROC-AUC: 0.8201 - Val PR-AUC: 0.3695
[Fine-tune] Epoch 44/50 - Loss: 0.1278 - Val F1: 0.4550 - Val ROC-AUC: 0.8235 - Val PR-AUC: 0.3619
[Fine-tune] Epoch 45/50 - Loss: 0.1347 - Val F1: 0.4299 - Val ROC-AUC: 0.8170 - Val PR-AUC: 0.3545
[Fine-tune] Epoch 46/50 - Loss: 0.1190 - Val F1: 0.4335 - Val ROC-AUC: 0.8195 - Val PR-AUC: 0.3613
[Fine-tune] Epoch 47/50 - Loss: 0.1352 - Val F1: 0.4135 - Val ROC-AUC: 0.8242 - Val PR-AUC: 0.3734
[Fine-tune] Epoch 48/50 - Loss: 0.1241 - Val F1: 0.4378 - Val ROC-AUC: 0.8273 - Val PR-AUC: 0.3904
[Fine-tune] Epoch 49/50 - Loss: 0.1234 - Val F1: 0.4369 - Val ROC-AUC: 0.8296 - Val PR-AUC: 0.3850
[Fine-tune] Epoch 50/50 - Loss: 0.1152 - Val F1: 0.4236 - Val ROC-AUC: 0.8170 - Val PR-AUC: 0.3751
Finetuning completed. Test F1: 0.3889, ROC-AUC: 0.8022, PR-AUC: 0.3418
[3.1/4] Target-only training on TOX21_ERa_LUC_VM7_Antagonist_0.5nM_E2 using GIN_GCN...
=== Target-only training ===
[Target-only] Epoch 1/50 – Loss: 0.6073  Val F1: 0.2657  ROC-AUC: 0.7022  PR-AUC: 0.1677
[Target-only] Epoch 2/50 – Loss: 0.5653  Val F1: 0.2715  ROC-AUC: 0.7381  PR-AUC: 0.1979
[Target-only] Epoch 3/50 – Loss: 0.5431  Val F1: 0.3446  ROC-AUC: 0.7678  PR-AUC: 0.2832
[Target-only] Epoch 4/50 – Loss: 0.5200  Val F1: 0.3356  ROC-AUC: 0.7875  PR-AUC: 0.2901
[Target-only] Epoch 5/50 – Loss: 0.5099  Val F1: 0.3345  ROC-AUC: 0.7745  PR-AUC: 0.2521
[Target-only] Epoch 6/50 – Loss: 0.4946  Val F1: 0.3285  ROC-AUC: 0.7794  PR-AUC: 0.2845
[Target-only] Epoch 7/50 – Loss: 0.5010  Val F1: 0.3280  ROC-AUC: 0.7939  PR-AUC: 0.2667
[Target-only] Epoch 8/50 – Loss: 0.4881  Val F1: 0.3350  ROC-AUC: 0.7922  PR-AUC: 0.2711
[Target-only] Epoch 9/50 – Loss: 0.4807  Val F1: 0.3375  ROC-AUC: 0.7813  PR-AUC: 0.3391
[Target-only] Epoch 10/50 – Loss: 0.4645  Val F1: 0.3175  ROC-AUC: 0.7678  PR-AUC: 0.2832
[Target-only] Epoch 11/50 – Loss: 0.4422  Val F1: 0.3422  ROC-AUC: 0.8017  PR-AUC: 0.3071
[Target-only] Epoch 12/50 – Loss: 0.4252  Val F1: 0.3711  ROC-AUC: 0.8050  PR-AUC: 0.3071
[Target-only] Epoch 13/50 – Loss: 0.4248  Val F1: 0.3594  ROC-AUC: 0.8045  PR-AUC: 0.3330
[Target-only] Epoch 14/50 – Loss: 0.4137  Val F1: 0.3625  ROC-AUC: 0.8074  PR-AUC: 0.3476
[Target-only] Epoch 15/50 – Loss: 0.4008  Val F1: 0.3745  ROC-AUC: 0.8090  PR-AUC: 0.3346
[Target-only] Epoch 16/50 – Loss: 0.3932  Val F1: 0.3616  ROC-AUC: 0.8089  PR-AUC: 0.3442
[Target-only] Epoch 17/50 – Loss: 0.3892  Val F1: 0.3902  ROC-AUC: 0.8074  PR-AUC: 0.3461
[Target-only] Epoch 18/50 – Loss: 0.3956  Val F1: 0.3710  ROC-AUC: 0.8042  PR-AUC: 0.3227
[Target-only] Epoch 19/50 – Loss: 0.3755  Val F1: 0.3424  ROC-AUC: 0.8006  PR-AUC: 0.3277
[Target-only] Epoch 20/50 – Loss: 0.3853  Val F1: 0.3899  ROC-AUC: 0.8100  PR-AUC: 0.3340
[Target-only] Epoch 21/50 – Loss: 0.3502  Val F1: 0.3851  ROC-AUC: 0.8072  PR-AUC: 0.3477
[Target-only] Epoch 22/50 – Loss: 0.3381  Val F1: 0.3885  ROC-AUC: 0.8141  PR-AUC: 0.3297
[Target-only] Epoch 23/50 – Loss: 0.3337  Val F1: 0.3909  ROC-AUC: 0.8222  PR-AUC: 0.3768
[Target-only] Epoch 24/50 – Loss: 0.3239  Val F1: 0.4068  ROC-AUC: 0.8085  PR-AUC: 0.3341
[Target-only] Epoch 25/50 – Loss: 0.3242  Val F1: 0.3904  ROC-AUC: 0.8149  PR-AUC: 0.3410
[Target-only] Epoch 26/50 – Loss: 0.3253  Val F1: 0.3959  ROC-AUC: 0.8089  PR-AUC: 0.3355
[Target-only] Epoch 27/50 – Loss: 0.3050  Val F1: 0.3893  ROC-AUC: 0.8056  PR-AUC: 0.3576
[Target-only] Epoch 28/50 – Loss: 0.3054  Val F1: 0.4116  ROC-AUC: 0.8134  PR-AUC: 0.3454
[Target-only] Epoch 29/50 – Loss: 0.3015  Val F1: 0.4030  ROC-AUC: 0.8132  PR-AUC: 0.3678
[Target-only] Epoch 30/50 – Loss: 0.2828  Val F1: 0.4146  ROC-AUC: 0.8184  PR-AUC: 0.3330
[Target-only] Epoch 31/50 – Loss: 0.2820  Val F1: 0.4109  ROC-AUC: 0.8090  PR-AUC: 0.3237
[Target-only] Epoch 32/50 – Loss: 0.2750  Val F1: 0.4092  ROC-AUC: 0.8159  PR-AUC: 0.3442
[Target-only] Epoch 33/50 – Loss: 0.2586  Val F1: 0.3936  ROC-AUC: 0.8103  PR-AUC: 0.3240
[Target-only] Epoch 34/50 – Loss: 0.2667  Val F1: 0.3954  ROC-AUC: 0.8131  PR-AUC: 0.3388
[Target-only] Epoch 35/50 – Loss: 0.2665  Val F1: 0.4088  ROC-AUC: 0.8182  PR-AUC: 0.3375
[Target-only] Epoch 36/50 – Loss: 0.2633  Val F1: 0.3969  ROC-AUC: 0.8123  PR-AUC: 0.3444
[Target-only] Epoch 37/50 – Loss: 0.2589  Val F1: 0.4000  ROC-AUC: 0.8136  PR-AUC: 0.3339
[Target-only] Epoch 38/50 – Loss: 0.2532  Val F1: 0.4173  ROC-AUC: 0.8195  PR-AUC: 0.3609
[Target-only] Epoch 39/50 – Loss: 0.2459  Val F1: 0.4275  ROC-AUC: 0.8290  PR-AUC: 0.3766
[Target-only] Epoch 40/50 – Loss: 0.2410  Val F1: 0.4203  ROC-AUC: 0.8247  PR-AUC: 0.3484
[Target-only] Epoch 41/50 – Loss: 0.2317  Val F1: 0.4333  ROC-AUC: 0.8256  PR-AUC: 0.3541
[Target-only] Epoch 42/50 – Loss: 0.2298  Val F1: 0.4143  ROC-AUC: 0.8218  PR-AUC: 0.3337
[Target-only] Epoch 43/50 – Loss: 0.2396  Val F1: 0.3947  ROC-AUC: 0.8173  PR-AUC: 0.3491
[Target-only] Epoch 44/50 – Loss: 0.2321  Val F1: 0.4127  ROC-AUC: 0.8185  PR-AUC: 0.3380
[Target-only] Epoch 45/50 – Loss: 0.2173  Val F1: 0.4309  ROC-AUC: 0.8106  PR-AUC: 0.3158
[Target-only] Epoch 46/50 – Loss: 0.2148  Val F1: 0.4206  ROC-AUC: 0.8183  PR-AUC: 0.3321
[Target-only] Epoch 47/50 – Loss: 0.2258  Val F1: 0.4268  ROC-AUC: 0.8080  PR-AUC: 0.3202
[Target-only] Epoch 48/50 – Loss: 0.2303  Val F1: 0.4303  ROC-AUC: 0.8118  PR-AUC: 0.3268
[Target-only] Epoch 49/50 – Loss: 0.2255  Val F1: 0.4157  ROC-AUC: 0.8175  PR-AUC: 0.3411
[Target-only] Epoch 50/50 – Loss: 0.2186  Val F1: 0.3969  ROC-AUC: 0.8151  PR-AUC: 0.3333
=== Target-only TEST performance ===
Test F1: 0.3554, ROC-AUC: 0.7804, PR-AUC: 0.2802
✅ 실험 완료: TOX21_ERa_BLA_Antagonist_viability -> TOX21_ERa_LUC_VM7_Antagonist_0.5nM_E2 [GIN_GCN]
