[1/4] Excel → CSV 변환 중...
Saved pretrain CSV for TOX21_ERa_BLA_Antagonist_ratio: data/sample/TOX21_ERa_BLA_Antagonist_ratio.csv
Saved pretrain CSV for TOX21_ERa_LUC_VM7_Agonist: data/sample/TOX21_ERa_LUC_VM7_Agonist.csv
Saved pretrain CSV for TOX21_ERa_BLA_Antagonist_viability: data/sample/TOX21_ERa_BLA_Antagonist_viability.csv
Saved pretrain CSV for TOX21_ERa_LUC_VM7_Antagonist_0.5nM_E2: data/sample/TOX21_ERa_LUC_VM7_Antagonist_0.5nM_E2.csv
Saved pretrain CSV for TOX21_ERa_BLA_Antagonist_ch2: data/sample/TOX21_ERa_BLA_Antagonist_ch2.csv
Saved pretrain CSV for TOX21_ERa_BLA_Antagonist_ch1: data/sample/TOX21_ERa_BLA_Antagonist_ch1.csv
Saved pretrain CSV for TOX21_ERa_LUC_VM7_Antagonist_0.5nM_E2_viability: data/sample/TOX21_ERa_LUC_VM7_Antagonist_0.5nM_E2_viability.csv
Saved pretrain CSV for TOX21_ERa_BLA_Agonist_ch2: data/sample/TOX21_ERa_BLA_Agonist_ch2.csv
Saved pretrain CSV for TOX21_ERa_BLA_Agonist_ch1: data/sample/TOX21_ERa_BLA_Agonist_ch1.csv
Saved pretrain CSV for TOX21_ERa_BLA_Agonist_ratio: data/sample/TOX21_ERa_BLA_Agonist_ratio.csv
Saved pretrain CSV for TOX21_ERb_BLA_Antagonist_ch1: data/sample/TOX21_ERb_BLA_Antagonist_ch1.csv
Saved pretrain CSV for TOX21_ERb_BLA_Antagonist_ch2: data/sample/TOX21_ERb_BLA_Antagonist_ch2.csv
Saved pretrain CSV for TOX21_ERb_BLA_Agonist_viability: data/sample/TOX21_ERb_BLA_Agonist_viability.csv
Saved pretrain CSV for TOX21_ERb_BLA_Agonist_ratio: data/sample/TOX21_ERb_BLA_Agonist_ratio.csv
Saved pretrain CSV for TOX21_ERb_BLA_Agonist_ch2: data/sample/TOX21_ERb_BLA_Agonist_ch2.csv
Saved pretrain CSV for TOX21_ERb_BLA_Agonist_ch1: data/sample/TOX21_ERb_BLA_Agonist_ch1.csv
Saved pretrain CSV for TOX21_ERR_LUC_Agonist: data/sample/TOX21_ERR_LUC_Agonist.csv
Saved pretrain CSV for TOX21_ERa_LUC_VM7_Agonist_10nM_ICI182780_viability: data/sample/TOX21_ERa_LUC_VM7_Agonist_10nM_ICI182780_viability.csv
Saved pretrain CSV for TOX21_ERa_LUC_VM7_Antagonist_0.1nM_E2: data/sample/TOX21_ERa_LUC_VM7_Antagonist_0.1nM_E2.csv
Saved pretrain CSV for TOX21_ERb_BLA_Antagonist_ratio: data/sample/TOX21_ERb_BLA_Antagonist_ratio.csv
Saved pretrain CSV for TOX21_ERa_LUC_VM7_Agonist_10nM_ICI182780: data/sample/TOX21_ERa_LUC_VM7_Agonist_10nM_ICI182780.csv
Saved pretrain CSV for TOX21_ERR_LUC_viability: data/sample/TOX21_ERR_LUC_viability.csv
Saved pretrain CSV for TOX21_ERR_LUC_Antagonist: data/sample/TOX21_ERR_LUC_Antagonist.csv
Saved pretrain CSV for TOX21_ERa_LUC_VM7_Antagonist_0.1nM_E2_viability: data/sample/TOX21_ERa_LUC_VM7_Antagonist_0.1nM_E2_viability.csv
Saved pretrain CSV for TOX21_ERb_BLA_Antagonist_viability: data/sample/TOX21_ERb_BLA_Antagonist_viability.csv
Saved finetune CSV for TOX21_ERa_BLA_Antagonist_ratio: data/sample/TOX21_ERa_BLA_Antagonist_ratio.csv
Saved finetune CSV for TOX21_ERa_LUC_VM7_Agonist: data/sample/TOX21_ERa_LUC_VM7_Agonist.csv
Saved finetune CSV for TOX21_ERa_BLA_Antagonist_viability: data/sample/TOX21_ERa_BLA_Antagonist_viability.csv
Saved finetune CSV for TOX21_ERa_LUC_VM7_Antagonist_0.5nM_E2: data/sample/TOX21_ERa_LUC_VM7_Antagonist_0.5nM_E2.csv
Saved finetune CSV for TOX21_ERa_BLA_Antagonist_ch2: data/sample/TOX21_ERa_BLA_Antagonist_ch2.csv
Saved finetune CSV for TOX21_ERa_BLA_Antagonist_ch1: data/sample/TOX21_ERa_BLA_Antagonist_ch1.csv
Saved finetune CSV for TOX21_ERa_LUC_VM7_Antagonist_0.5nM_E2_viability: data/sample/TOX21_ERa_LUC_VM7_Antagonist_0.5nM_E2_viability.csv
Saved finetune CSV for TOX21_ERa_BLA_Agonist_ch2: data/sample/TOX21_ERa_BLA_Agonist_ch2.csv
Saved finetune CSV for TOX21_ERa_BLA_Agonist_ch1: data/sample/TOX21_ERa_BLA_Agonist_ch1.csv
Saved finetune CSV for TOX21_ERa_BLA_Agonist_ratio: data/sample/TOX21_ERa_BLA_Agonist_ratio.csv
Saved finetune CSV for TOX21_ERb_BLA_Antagonist_ch1: data/sample/TOX21_ERb_BLA_Antagonist_ch1.csv
Saved finetune CSV for TOX21_ERb_BLA_Antagonist_ch2: data/sample/TOX21_ERb_BLA_Antagonist_ch2.csv
Saved finetune CSV for TOX21_ERb_BLA_Agonist_viability: data/sample/TOX21_ERb_BLA_Agonist_viability.csv
Saved finetune CSV for TOX21_ERb_BLA_Agonist_ratio: data/sample/TOX21_ERb_BLA_Agonist_ratio.csv
Saved finetune CSV for TOX21_ERb_BLA_Agonist_ch2: data/sample/TOX21_ERb_BLA_Agonist_ch2.csv
Saved finetune CSV for TOX21_ERb_BLA_Agonist_ch1: data/sample/TOX21_ERb_BLA_Agonist_ch1.csv
Saved finetune CSV for TOX21_ERR_LUC_Agonist: data/sample/TOX21_ERR_LUC_Agonist.csv
Saved finetune CSV for TOX21_ERa_LUC_VM7_Agonist_10nM_ICI182780_viability: data/sample/TOX21_ERa_LUC_VM7_Agonist_10nM_ICI182780_viability.csv
Saved finetune CSV for TOX21_ERa_LUC_VM7_Antagonist_0.1nM_E2: data/sample/TOX21_ERa_LUC_VM7_Antagonist_0.1nM_E2.csv
Saved finetune CSV for TOX21_ERb_BLA_Antagonist_ratio: data/sample/TOX21_ERb_BLA_Antagonist_ratio.csv
Saved finetune CSV for TOX21_ERa_LUC_VM7_Agonist_10nM_ICI182780: data/sample/TOX21_ERa_LUC_VM7_Agonist_10nM_ICI182780.csv
Saved finetune CSV for TOX21_ERR_LUC_viability: data/sample/TOX21_ERR_LUC_viability.csv
Saved finetune CSV for TOX21_ERR_LUC_Antagonist: data/sample/TOX21_ERR_LUC_Antagonist.csv
Saved finetune CSV for TOX21_ERa_LUC_VM7_Antagonist_0.1nM_E2_viability: data/sample/TOX21_ERa_LUC_VM7_Antagonist_0.1nM_E2_viability.csv
Saved finetune CSV for TOX21_ERb_BLA_Antagonist_viability: data/sample/TOX21_ERb_BLA_Antagonist_viability.csv
[2/4] Pretraining on TOX21_ERa_BLA_Antagonist_viability using GIN_GCN...
Epoch 1/100 - Loss: 0.5539 - Val F1: 0.1849 - Val ROC-AUC: 0.7709 - Val PR-AUC: 0.1247
Epoch 2/100 - Loss: 0.4799 - Val F1: 0.1690 - Val ROC-AUC: 0.7656 - Val PR-AUC: 0.1439
Epoch 3/100 - Loss: 0.4412 - Val F1: 0.1451 - Val ROC-AUC: 0.7701 - Val PR-AUC: 0.1137
Epoch 4/100 - Loss: 0.4152 - Val F1: 0.1577 - Val ROC-AUC: 0.7704 - Val PR-AUC: 0.1720
Epoch 5/100 - Loss: 0.3935 - Val F1: 0.1538 - Val ROC-AUC: 0.7876 - Val PR-AUC: 0.1146
Epoch 6/100 - Loss: 0.3686 - Val F1: 0.1410 - Val ROC-AUC: 0.7418 - Val PR-AUC: 0.1025
Epoch 7/100 - Loss: 0.3482 - Val F1: 0.1926 - Val ROC-AUC: 0.7720 - Val PR-AUC: 0.1334
Epoch 8/100 - Loss: 0.3505 - Val F1: 0.1697 - Val ROC-AUC: 0.7722 - Val PR-AUC: 0.1106
Epoch 9/100 - Loss: 0.3017 - Val F1: 0.1538 - Val ROC-AUC: 0.7355 - Val PR-AUC: 0.1123
Epoch 10/100 - Loss: 0.2810 - Val F1: 0.1840 - Val ROC-AUC: 0.7974 - Val PR-AUC: 0.1548
Epoch 11/100 - Loss: 0.2642 - Val F1: 0.1732 - Val ROC-AUC: 0.7375 - Val PR-AUC: 0.1350
Epoch 12/100 - Loss: 0.2342 - Val F1: 0.2080 - Val ROC-AUC: 0.7558 - Val PR-AUC: 0.1469
Epoch 13/100 - Loss: 0.2424 - Val F1: 0.1656 - Val ROC-AUC: 0.7599 - Val PR-AUC: 0.1484
Epoch 14/100 - Loss: 0.2290 - Val F1: 0.1727 - Val ROC-AUC: 0.7344 - Val PR-AUC: 0.1031
Epoch 15/100 - Loss: 0.2183 - Val F1: 0.1965 - Val ROC-AUC: 0.7595 - Val PR-AUC: 0.1251
Epoch 16/100 - Loss: 0.2148 - Val F1: 0.1754 - Val ROC-AUC: 0.7406 - Val PR-AUC: 0.1373
Epoch 17/100 - Loss: 0.2026 - Val F1: 0.1705 - Val ROC-AUC: 0.7371 - Val PR-AUC: 0.1417
Epoch 18/100 - Loss: 0.2080 - Val F1: 0.1684 - Val ROC-AUC: 0.7435 - Val PR-AUC: 0.1854
Epoch 19/100 - Loss: 0.1774 - Val F1: 0.1961 - Val ROC-AUC: 0.7604 - Val PR-AUC: 0.1962
Epoch 20/100 - Loss: 0.1847 - Val F1: 0.1983 - Val ROC-AUC: 0.7359 - Val PR-AUC: 0.1739
Epoch 21/100 - Loss: 0.1617 - Val F1: 0.1695 - Val ROC-AUC: 0.7492 - Val PR-AUC: 0.1517
Epoch 22/100 - Loss: 0.1544 - Val F1: 0.1754 - Val ROC-AUC: 0.7305 - Val PR-AUC: 0.1351
Epoch 23/100 - Loss: 0.1446 - Val F1: 0.2136 - Val ROC-AUC: 0.7579 - Val PR-AUC: 0.1632
Epoch 24/100 - Loss: 0.1481 - Val F1: 0.1748 - Val ROC-AUC: 0.7295 - Val PR-AUC: 0.1497
Epoch 25/100 - Loss: 0.1300 - Val F1: 0.1770 - Val ROC-AUC: 0.7507 - Val PR-AUC: 0.1273
Epoch 26/100 - Loss: 0.1200 - Val F1: 0.1890 - Val ROC-AUC: 0.7377 - Val PR-AUC: 0.1342
Epoch 27/100 - Loss: 0.1318 - Val F1: 0.2162 - Val ROC-AUC: 0.7328 - Val PR-AUC: 0.1413
Epoch 28/100 - Loss: 0.1335 - Val F1: 0.1887 - Val ROC-AUC: 0.7493 - Val PR-AUC: 0.1358
Epoch 29/100 - Loss: 0.1114 - Val F1: 0.2330 - Val ROC-AUC: 0.7517 - Val PR-AUC: 0.1680
Epoch 30/100 - Loss: 0.1192 - Val F1: 0.1905 - Val ROC-AUC: 0.7267 - Val PR-AUC: 0.1457
Epoch 31/100 - Loss: 0.0988 - Val F1: 0.2174 - Val ROC-AUC: 0.7420 - Val PR-AUC: 0.1273
Epoch 32/100 - Loss: 0.0954 - Val F1: 0.2062 - Val ROC-AUC: 0.7373 - Val PR-AUC: 0.1402
Epoch 33/100 - Loss: 0.1048 - Val F1: 0.2200 - Val ROC-AUC: 0.7359 - Val PR-AUC: 0.1273
Epoch 34/100 - Loss: 0.0962 - Val F1: 0.2093 - Val ROC-AUC: 0.7176 - Val PR-AUC: 0.1564
Epoch 35/100 - Loss: 0.1024 - Val F1: 0.1778 - Val ROC-AUC: 0.7323 - Val PR-AUC: 0.1321
Epoch 36/100 - Loss: 0.0888 - Val F1: 0.2151 - Val ROC-AUC: 0.7408 - Val PR-AUC: 0.1536
Epoch 37/100 - Loss: 0.0902 - Val F1: 0.2273 - Val ROC-AUC: 0.7443 - Val PR-AUC: 0.1499
Epoch 38/100 - Loss: 0.0983 - Val F1: 0.2069 - Val ROC-AUC: 0.7385 - Val PR-AUC: 0.1399
Epoch 39/100 - Loss: 0.0927 - Val F1: 0.2022 - Val ROC-AUC: 0.7168 - Val PR-AUC: 0.1538
Epoch 40/100 - Loss: 0.0963 - Val F1: 0.2581 - Val ROC-AUC: 0.7367 - Val PR-AUC: 0.1656
Epoch 41/100 - Loss: 0.0858 - Val F1: 0.2174 - Val ROC-AUC: 0.7307 - Val PR-AUC: 0.1379
Epoch 42/100 - Loss: 0.0865 - Val F1: 0.2169 - Val ROC-AUC: 0.7381 - Val PR-AUC: 0.1611
Epoch 43/100 - Loss: 0.0846 - Val F1: 0.2222 - Val ROC-AUC: 0.7298 - Val PR-AUC: 0.1525
Epoch 44/100 - Loss: 0.0802 - Val F1: 0.2651 - Val ROC-AUC: 0.7392 - Val PR-AUC: 0.1502
Epoch 45/100 - Loss: 0.0784 - Val F1: 0.2247 - Val ROC-AUC: 0.7358 - Val PR-AUC: 0.1480
Epoch 46/100 - Loss: 0.0714 - Val F1: 0.1975 - Val ROC-AUC: 0.7379 - Val PR-AUC: 0.1515
Epoch 47/100 - Loss: 0.0733 - Val F1: 0.2069 - Val ROC-AUC: 0.7388 - Val PR-AUC: 0.1452
Epoch 48/100 - Loss: 0.0824 - Val F1: 0.2368 - Val ROC-AUC: 0.7362 - Val PR-AUC: 0.1397
Epoch 49/100 - Loss: 0.0837 - Val F1: 0.2469 - Val ROC-AUC: 0.7365 - Val PR-AUC: 0.1407
Epoch 50/100 - Loss: 0.0685 - Val F1: 0.2727 - Val ROC-AUC: 0.7400 - Val PR-AUC: 0.1407
Epoch 51/100 - Loss: 0.0591 - Val F1: 0.2308 - Val ROC-AUC: 0.7372 - Val PR-AUC: 0.1303
Epoch 52/100 - Loss: 0.0786 - Val F1: 0.2963 - Val ROC-AUC: 0.7383 - Val PR-AUC: 0.1489
Epoch 53/100 - Loss: 0.0732 - Val F1: 0.2683 - Val ROC-AUC: 0.7376 - Val PR-AUC: 0.1382
Epoch 54/100 - Loss: 0.0716 - Val F1: 0.2308 - Val ROC-AUC: 0.7329 - Val PR-AUC: 0.1311
Epoch 55/100 - Loss: 0.0716 - Val F1: 0.2338 - Val ROC-AUC: 0.7438 - Val PR-AUC: 0.1430
Epoch 56/100 - Loss: 0.0706 - Val F1: 0.2469 - Val ROC-AUC: 0.7412 - Val PR-AUC: 0.1425
Epoch 57/100 - Loss: 0.0725 - Val F1: 0.2759 - Val ROC-AUC: 0.7439 - Val PR-AUC: 0.1361
Epoch 58/100 - Loss: 0.0646 - Val F1: 0.2400 - Val ROC-AUC: 0.7349 - Val PR-AUC: 0.1514
Epoch 59/100 - Loss: 0.0659 - Val F1: 0.2469 - Val ROC-AUC: 0.7388 - Val PR-AUC: 0.1349
Epoch 60/100 - Loss: 0.0699 - Val F1: 0.2564 - Val ROC-AUC: 0.7436 - Val PR-AUC: 0.1368
Epoch 61/100 - Loss: 0.0617 - Val F1: 0.2400 - Val ROC-AUC: 0.7431 - Val PR-AUC: 0.1357
Epoch 62/100 - Loss: 0.0664 - Val F1: 0.2466 - Val ROC-AUC: 0.7439 - Val PR-AUC: 0.1323
Epoch 63/100 - Loss: 0.0592 - Val F1: 0.2338 - Val ROC-AUC: 0.7472 - Val PR-AUC: 0.1363
Epoch 64/100 - Loss: 0.0633 - Val F1: 0.2750 - Val ROC-AUC: 0.7450 - Val PR-AUC: 0.1423
Epoch 65/100 - Loss: 0.0669 - Val F1: 0.2400 - Val ROC-AUC: 0.7404 - Val PR-AUC: 0.1388
Epoch 66/100 - Loss: 0.0611 - Val F1: 0.2532 - Val ROC-AUC: 0.7431 - Val PR-AUC: 0.1452
Epoch 67/100 - Loss: 0.0676 - Val F1: 0.2400 - Val ROC-AUC: 0.7426 - Val PR-AUC: 0.1396
