[1/4] Excel → CSV 변환 중...
Saved pretrain CSV for TOX21_ERa_BLA_Antagonist_ratio: data/sample/TOX21_ERa_BLA_Antagonist_ratio.csv
Saved pretrain CSV for TOX21_ERa_LUC_VM7_Agonist: data/sample/TOX21_ERa_LUC_VM7_Agonist.csv
Saved pretrain CSV for TOX21_ERa_BLA_Antagonist_viability: data/sample/TOX21_ERa_BLA_Antagonist_viability.csv
Saved pretrain CSV for TOX21_ERa_LUC_VM7_Antagonist_0.5nM_E2: data/sample/TOX21_ERa_LUC_VM7_Antagonist_0.5nM_E2.csv
Saved pretrain CSV for TOX21_ERa_BLA_Antagonist_ch2: data/sample/TOX21_ERa_BLA_Antagonist_ch2.csv
Saved pretrain CSV for TOX21_ERa_BLA_Antagonist_ch1: data/sample/TOX21_ERa_BLA_Antagonist_ch1.csv
Saved pretrain CSV for TOX21_ERa_LUC_VM7_Antagonist_0.5nM_E2_viability: data/sample/TOX21_ERa_LUC_VM7_Antagonist_0.5nM_E2_viability.csv
Saved pretrain CSV for TOX21_ERa_BLA_Agonist_ch2: data/sample/TOX21_ERa_BLA_Agonist_ch2.csv
Saved pretrain CSV for TOX21_ERa_BLA_Agonist_ch1: data/sample/TOX21_ERa_BLA_Agonist_ch1.csv
Saved pretrain CSV for TOX21_ERa_BLA_Agonist_ratio: data/sample/TOX21_ERa_BLA_Agonist_ratio.csv
Saved pretrain CSV for TOX21_ERb_BLA_Antagonist_ch1: data/sample/TOX21_ERb_BLA_Antagonist_ch1.csv
Saved pretrain CSV for TOX21_ERb_BLA_Antagonist_ch2: data/sample/TOX21_ERb_BLA_Antagonist_ch2.csv
Saved pretrain CSV for TOX21_ERb_BLA_Agonist_viability: data/sample/TOX21_ERb_BLA_Agonist_viability.csv
Saved pretrain CSV for TOX21_ERb_BLA_Agonist_ratio: data/sample/TOX21_ERb_BLA_Agonist_ratio.csv
Saved pretrain CSV for TOX21_ERb_BLA_Agonist_ch2: data/sample/TOX21_ERb_BLA_Agonist_ch2.csv
Saved pretrain CSV for TOX21_ERb_BLA_Agonist_ch1: data/sample/TOX21_ERb_BLA_Agonist_ch1.csv
Saved pretrain CSV for TOX21_ERR_LUC_Agonist: data/sample/TOX21_ERR_LUC_Agonist.csv
Saved pretrain CSV for TOX21_ERa_LUC_VM7_Agonist_10nM_ICI182780_viability: data/sample/TOX21_ERa_LUC_VM7_Agonist_10nM_ICI182780_viability.csv
Saved pretrain CSV for TOX21_ERa_LUC_VM7_Antagonist_0.1nM_E2: data/sample/TOX21_ERa_LUC_VM7_Antagonist_0.1nM_E2.csv
Saved pretrain CSV for TOX21_ERb_BLA_Antagonist_ratio: data/sample/TOX21_ERb_BLA_Antagonist_ratio.csv
Saved pretrain CSV for TOX21_ERa_LUC_VM7_Agonist_10nM_ICI182780: data/sample/TOX21_ERa_LUC_VM7_Agonist_10nM_ICI182780.csv
Saved pretrain CSV for TOX21_ERR_LUC_viability: data/sample/TOX21_ERR_LUC_viability.csv
Saved pretrain CSV for TOX21_ERR_LUC_Antagonist: data/sample/TOX21_ERR_LUC_Antagonist.csv
Saved pretrain CSV for TOX21_ERa_LUC_VM7_Antagonist_0.1nM_E2_viability: data/sample/TOX21_ERa_LUC_VM7_Antagonist_0.1nM_E2_viability.csv
Saved pretrain CSV for TOX21_ERb_BLA_Antagonist_viability: data/sample/TOX21_ERb_BLA_Antagonist_viability.csv
Saved finetune CSV for TOX21_ERa_BLA_Antagonist_ratio: data/sample/TOX21_ERa_BLA_Antagonist_ratio.csv
Saved finetune CSV for TOX21_ERa_LUC_VM7_Agonist: data/sample/TOX21_ERa_LUC_VM7_Agonist.csv
Saved finetune CSV for TOX21_ERa_BLA_Antagonist_viability: data/sample/TOX21_ERa_BLA_Antagonist_viability.csv
Saved finetune CSV for TOX21_ERa_LUC_VM7_Antagonist_0.5nM_E2: data/sample/TOX21_ERa_LUC_VM7_Antagonist_0.5nM_E2.csv
Saved finetune CSV for TOX21_ERa_BLA_Antagonist_ch2: data/sample/TOX21_ERa_BLA_Antagonist_ch2.csv
Saved finetune CSV for TOX21_ERa_BLA_Antagonist_ch1: data/sample/TOX21_ERa_BLA_Antagonist_ch1.csv
Saved finetune CSV for TOX21_ERa_LUC_VM7_Antagonist_0.5nM_E2_viability: data/sample/TOX21_ERa_LUC_VM7_Antagonist_0.5nM_E2_viability.csv
Saved finetune CSV for TOX21_ERa_BLA_Agonist_ch2: data/sample/TOX21_ERa_BLA_Agonist_ch2.csv
Saved finetune CSV for TOX21_ERa_BLA_Agonist_ch1: data/sample/TOX21_ERa_BLA_Agonist_ch1.csv
Saved finetune CSV for TOX21_ERa_BLA_Agonist_ratio: data/sample/TOX21_ERa_BLA_Agonist_ratio.csv
Saved finetune CSV for TOX21_ERb_BLA_Antagonist_ch1: data/sample/TOX21_ERb_BLA_Antagonist_ch1.csv
Saved finetune CSV for TOX21_ERb_BLA_Antagonist_ch2: data/sample/TOX21_ERb_BLA_Antagonist_ch2.csv
Saved finetune CSV for TOX21_ERb_BLA_Agonist_viability: data/sample/TOX21_ERb_BLA_Agonist_viability.csv
Saved finetune CSV for TOX21_ERb_BLA_Agonist_ratio: data/sample/TOX21_ERb_BLA_Agonist_ratio.csv
Saved finetune CSV for TOX21_ERb_BLA_Agonist_ch2: data/sample/TOX21_ERb_BLA_Agonist_ch2.csv
Saved finetune CSV for TOX21_ERb_BLA_Agonist_ch1: data/sample/TOX21_ERb_BLA_Agonist_ch1.csv
Saved finetune CSV for TOX21_ERR_LUC_Agonist: data/sample/TOX21_ERR_LUC_Agonist.csv
Saved finetune CSV for TOX21_ERa_LUC_VM7_Agonist_10nM_ICI182780_viability: data/sample/TOX21_ERa_LUC_VM7_Agonist_10nM_ICI182780_viability.csv
Saved finetune CSV for TOX21_ERa_LUC_VM7_Antagonist_0.1nM_E2: data/sample/TOX21_ERa_LUC_VM7_Antagonist_0.1nM_E2.csv
Saved finetune CSV for TOX21_ERb_BLA_Antagonist_ratio: data/sample/TOX21_ERb_BLA_Antagonist_ratio.csv
Saved finetune CSV for TOX21_ERa_LUC_VM7_Agonist_10nM_ICI182780: data/sample/TOX21_ERa_LUC_VM7_Agonist_10nM_ICI182780.csv
Saved finetune CSV for TOX21_ERR_LUC_viability: data/sample/TOX21_ERR_LUC_viability.csv
Saved finetune CSV for TOX21_ERR_LUC_Antagonist: data/sample/TOX21_ERR_LUC_Antagonist.csv
Saved finetune CSV for TOX21_ERa_LUC_VM7_Antagonist_0.1nM_E2_viability: data/sample/TOX21_ERa_LUC_VM7_Antagonist_0.1nM_E2_viability.csv
Saved finetune CSV for TOX21_ERb_BLA_Antagonist_viability: data/sample/TOX21_ERb_BLA_Antagonist_viability.csv
[2/4] Pretraining on TOX21_ERa_BLA_Antagonist_ratio using GIN_GCN...
Epoch 1/100 - Loss: 0.6249 - Val F1: 0.3030 - Val ROC-AUC: 0.6878 - Val PR-AUC: 0.2061
Epoch 2/100 - Loss: 0.5839 - Val F1: 0.3356 - Val ROC-AUC: 0.7382 - Val PR-AUC: 0.2668
Epoch 3/100 - Loss: 0.5694 - Val F1: 0.3305 - Val ROC-AUC: 0.7366 - Val PR-AUC: 0.2441
Epoch 4/100 - Loss: 0.5508 - Val F1: 0.3986 - Val ROC-AUC: 0.7605 - Val PR-AUC: 0.2784
Epoch 5/100 - Loss: 0.5335 - Val F1: 0.3394 - Val ROC-AUC: 0.7315 - Val PR-AUC: 0.2455
Epoch 6/100 - Loss: 0.5236 - Val F1: 0.3641 - Val ROC-AUC: 0.7559 - Val PR-AUC: 0.2940
Epoch 7/100 - Loss: 0.5195 - Val F1: 0.3718 - Val ROC-AUC: 0.7777 - Val PR-AUC: 0.3050
Epoch 8/100 - Loss: 0.5187 - Val F1: 0.3400 - Val ROC-AUC: 0.7404 - Val PR-AUC: 0.2587
Epoch 9/100 - Loss: 0.5221 - Val F1: 0.4286 - Val ROC-AUC: 0.8017 - Val PR-AUC: 0.3451
Epoch 10/100 - Loss: 0.4920 - Val F1: 0.3846 - Val ROC-AUC: 0.7875 - Val PR-AUC: 0.3365
Epoch 11/100 - Loss: 0.4733 - Val F1: 0.4228 - Val ROC-AUC: 0.7937 - Val PR-AUC: 0.3320
Epoch 12/100 - Loss: 0.4577 - Val F1: 0.4224 - Val ROC-AUC: 0.8029 - Val PR-AUC: 0.3514
Epoch 13/100 - Loss: 0.4572 - Val F1: 0.3857 - Val ROC-AUC: 0.7997 - Val PR-AUC: 0.3648
Epoch 14/100 - Loss: 0.4447 - Val F1: 0.4595 - Val ROC-AUC: 0.8196 - Val PR-AUC: 0.3582
Epoch 15/100 - Loss: 0.4446 - Val F1: 0.4131 - Val ROC-AUC: 0.8208 - Val PR-AUC: 0.3449
Epoch 16/100 - Loss: 0.4392 - Val F1: 0.3817 - Val ROC-AUC: 0.8002 - Val PR-AUC: 0.3696
Epoch 17/100 - Loss: 0.4511 - Val F1: 0.4305 - Val ROC-AUC: 0.8199 - Val PR-AUC: 0.3593
Epoch 18/100 - Loss: 0.4287 - Val F1: 0.4133 - Val ROC-AUC: 0.8073 - Val PR-AUC: 0.3742
Epoch 19/100 - Loss: 0.4139 - Val F1: 0.4145 - Val ROC-AUC: 0.8079 - Val PR-AUC: 0.3701
Epoch 20/100 - Loss: 0.4017 - Val F1: 0.4361 - Val ROC-AUC: 0.8106 - Val PR-AUC: 0.3398
Epoch 21/100 - Loss: 0.3975 - Val F1: 0.4353 - Val ROC-AUC: 0.7999 - Val PR-AUC: 0.3588
Epoch 22/100 - Loss: 0.3836 - Val F1: 0.4233 - Val ROC-AUC: 0.8110 - Val PR-AUC: 0.3731
Epoch 23/100 - Loss: 0.3920 - Val F1: 0.4657 - Val ROC-AUC: 0.8059 - Val PR-AUC: 0.3666
Epoch 24/100 - Loss: 0.3701 - Val F1: 0.4094 - Val ROC-AUC: 0.7884 - Val PR-AUC: 0.3242
Epoch 25/100 - Loss: 0.3716 - Val F1: 0.4560 - Val ROC-AUC: 0.8130 - Val PR-AUC: 0.3601
Epoch 26/100 - Loss: 0.3632 - Val F1: 0.4343 - Val ROC-AUC: 0.8111 - Val PR-AUC: 0.3541
Epoch 27/100 - Loss: 0.3599 - Val F1: 0.4519 - Val ROC-AUC: 0.8087 - Val PR-AUC: 0.3501
Epoch 28/100 - Loss: 0.3550 - Val F1: 0.4404 - Val ROC-AUC: 0.8250 - Val PR-AUC: 0.3881
Epoch 29/100 - Loss: 0.3617 - Val F1: 0.4140 - Val ROC-AUC: 0.8064 - Val PR-AUC: 0.3589
Epoch 30/100 - Loss: 0.3404 - Val F1: 0.4278 - Val ROC-AUC: 0.8168 - Val PR-AUC: 0.3676
Epoch 31/100 - Loss: 0.3469 - Val F1: 0.4351 - Val ROC-AUC: 0.8081 - Val PR-AUC: 0.3537
Epoch 32/100 - Loss: 0.3355 - Val F1: 0.4087 - Val ROC-AUC: 0.8086 - Val PR-AUC: 0.3414
Epoch 33/100 - Loss: 0.3165 - Val F1: 0.4373 - Val ROC-AUC: 0.8142 - Val PR-AUC: 0.3567
Epoch 34/100 - Loss: 0.3173 - Val F1: 0.4290 - Val ROC-AUC: 0.8093 - Val PR-AUC: 0.3546
Epoch 35/100 - Loss: 0.3194 - Val F1: 0.4281 - Val ROC-AUC: 0.8063 - Val PR-AUC: 0.3396
Epoch 36/100 - Loss: 0.3233 - Val F1: 0.4409 - Val ROC-AUC: 0.8090 - Val PR-AUC: 0.3718
Epoch 37/100 - Loss: 0.3220 - Val F1: 0.4317 - Val ROC-AUC: 0.8037 - Val PR-AUC: 0.3506
Epoch 38/100 - Loss: 0.3021 - Val F1: 0.4350 - Val ROC-AUC: 0.8077 - Val PR-AUC: 0.3427
Epoch 39/100 - Loss: 0.3072 - Val F1: 0.4253 - Val ROC-AUC: 0.8091 - Val PR-AUC: 0.3532
Epoch 40/100 - Loss: 0.3054 - Val F1: 0.4214 - Val ROC-AUC: 0.8050 - Val PR-AUC: 0.3360
Epoch 41/100 - Loss: 0.3048 - Val F1: 0.4133 - Val ROC-AUC: 0.8100 - Val PR-AUC: 0.3466
Epoch 42/100 - Loss: 0.2844 - Val F1: 0.4314 - Val ROC-AUC: 0.8061 - Val PR-AUC: 0.3498
Epoch 43/100 - Loss: 0.2741 - Val F1: 0.4304 - Val ROC-AUC: 0.8100 - Val PR-AUC: 0.3516
Epoch 44/100 - Loss: 0.3019 - Val F1: 0.4268 - Val ROC-AUC: 0.8086 - Val PR-AUC: 0.3482
Epoch 45/100 - Loss: 0.2941 - Val F1: 0.4051 - Val ROC-AUC: 0.8049 - Val PR-AUC: 0.3403
Epoch 46/100 - Loss: 0.2869 - Val F1: 0.4207 - Val ROC-AUC: 0.8076 - Val PR-AUC: 0.3368
Epoch 47/100 - Loss: 0.2879 - Val F1: 0.4314 - Val ROC-AUC: 0.8034 - Val PR-AUC: 0.3349
Epoch 48/100 - Loss: 0.2724 - Val F1: 0.4186 - Val ROC-AUC: 0.8000 - Val PR-AUC: 0.3317
Epoch 49/100 - Loss: 0.2673 - Val F1: 0.4075 - Val ROC-AUC: 0.7959 - Val PR-AUC: 0.3247
Epoch 50/100 - Loss: 0.2824 - Val F1: 0.4096 - Val ROC-AUC: 0.8003 - Val PR-AUC: 0.3389
Epoch 51/100 - Loss: 0.2843 - Val F1: 0.4013 - Val ROC-AUC: 0.8026 - Val PR-AUC: 0.3321
Epoch 52/100 - Loss: 0.2700 - Val F1: 0.4175 - Val ROC-AUC: 0.8032 - Val PR-AUC: 0.3335
Epoch 53/100 - Loss: 0.2661 - Val F1: 0.4354 - Val ROC-AUC: 0.8066 - Val PR-AUC: 0.3470
Epoch 54/100 - Loss: 0.2724 - Val F1: 0.4211 - Val ROC-AUC: 0.8054 - Val PR-AUC: 0.3501
Epoch 55/100 - Loss: 0.2619 - Val F1: 0.4314 - Val ROC-AUC: 0.8073 - Val PR-AUC: 0.3451
Epoch 56/100 - Loss: 0.2845 - Val F1: 0.4120 - Val ROC-AUC: 0.8049 - Val PR-AUC: 0.3323
Epoch 57/100 - Loss: 0.2679 - Val F1: 0.4128 - Val ROC-AUC: 0.7998 - Val PR-AUC: 0.3345
Epoch 58/100 - Loss: 0.2734 - Val F1: 0.4153 - Val ROC-AUC: 0.8000 - Val PR-AUC: 0.3339
Epoch 59/100 - Loss: 0.2647 - Val F1: 0.4267 - Val ROC-AUC: 0.8044 - Val PR-AUC: 0.3361
Epoch 60/100 - Loss: 0.2660 - Val F1: 0.4076 - Val ROC-AUC: 0.8024 - Val PR-AUC: 0.3311
Epoch 61/100 - Loss: 0.2652 - Val F1: 0.4040 - Val ROC-AUC: 0.8032 - Val PR-AUC: 0.3396
Epoch 62/100 - Loss: 0.2519 - Val F1: 0.4026 - Val ROC-AUC: 0.8050 - Val PR-AUC: 0.3397
Epoch 63/100 - Loss: 0.2562 - Val F1: 0.3987 - Val ROC-AUC: 0.8022 - Val PR-AUC: 0.3361
Epoch 64/100 - Loss: 0.2516 - Val F1: 0.4228 - Val ROC-AUC: 0.8062 - Val PR-AUC: 0.3430
Epoch 65/100 - Loss: 0.2510 - Val F1: 0.4083 - Val ROC-AUC: 0.7997 - Val PR-AUC: 0.3370
Epoch 66/100 - Loss: 0.2627 - Val F1: 0.4204 - Val ROC-AUC: 0.8025 - Val PR-AUC: 0.3351
Epoch 67/100 - Loss: 0.2636 - Val F1: 0.4068 - Val ROC-AUC: 0.8023 - Val PR-AUC: 0.3301
Epoch 68/100 - Loss: 0.2561 - Val F1: 0.4110 - Val ROC-AUC: 0.8057 - Val PR-AUC: 0.3365
Epoch 69/100 - Loss: 0.2497 - Val F1: 0.4147 - Val ROC-AUC: 0.8025 - Val PR-AUC: 0.3314
Epoch 70/100 - Loss: 0.2481 - Val F1: 0.3960 - Val ROC-AUC: 0.8005 - Val PR-AUC: 0.3331
Epoch 71/100 - Loss: 0.2443 - Val F1: 0.4266 - Val ROC-AUC: 0.8028 - Val PR-AUC: 0.3350
Epoch 72/100 - Loss: 0.2621 - Val F1: 0.4196 - Val ROC-AUC: 0.8026 - Val PR-AUC: 0.3342
Epoch 73/100 - Loss: 0.2529 - Val F1: 0.4099 - Val ROC-AUC: 0.7996 - Val PR-AUC: 0.3327
Epoch 74/100 - Loss: 0.2615 - Val F1: 0.3973 - Val ROC-AUC: 0.8049 - Val PR-AUC: 0.3347
Epoch 75/100 - Loss: 0.2525 - Val F1: 0.4041 - Val ROC-AUC: 0.8040 - Val PR-AUC: 0.3304
Epoch 76/100 - Loss: 0.2524 - Val F1: 0.4086 - Val ROC-AUC: 0.8032 - Val PR-AUC: 0.3347
Epoch 77/100 - Loss: 0.2556 - Val F1: 0.4299 - Val ROC-AUC: 0.8033 - Val PR-AUC: 0.3349
Epoch 78/100 - Loss: 0.2553 - Val F1: 0.4189 - Val ROC-AUC: 0.8035 - Val PR-AUC: 0.3317
Epoch 79/100 - Loss: 0.2606 - Val F1: 0.4408 - Val ROC-AUC: 0.8062 - Val PR-AUC: 0.3326
Epoch 80/100 - Loss: 0.2487 - Val F1: 0.3918 - Val ROC-AUC: 0.8029 - Val PR-AUC: 0.3325
Epoch 81/100 - Loss: 0.2552 - Val F1: 0.4228 - Val ROC-AUC: 0.8040 - Val PR-AUC: 0.3345
Epoch 82/100 - Loss: 0.2547 - Val F1: 0.4073 - Val ROC-AUC: 0.8029 - Val PR-AUC: 0.3354
Epoch 83/100 - Loss: 0.2503 - Val F1: 0.4133 - Val ROC-AUC: 0.8038 - Val PR-AUC: 0.3358
Epoch 84/100 - Loss: 0.2612 - Val F1: 0.3959 - Val ROC-AUC: 0.8032 - Val PR-AUC: 0.3341
Epoch 85/100 - Loss: 0.2710 - Val F1: 0.4014 - Val ROC-AUC: 0.8031 - Val PR-AUC: 0.3315
Epoch 86/100 - Loss: 0.2587 - Val F1: 0.4156 - Val ROC-AUC: 0.8034 - Val PR-AUC: 0.3315
Epoch 87/100 - Loss: 0.2555 - Val F1: 0.3986 - Val ROC-AUC: 0.8026 - Val PR-AUC: 0.3323
Epoch 88/100 - Loss: 0.2445 - Val F1: 0.3974 - Val ROC-AUC: 0.7991 - Val PR-AUC: 0.3301
Epoch 89/100 - Loss: 0.2554 - Val F1: 0.4029 - Val ROC-AUC: 0.8013 - Val PR-AUC: 0.3298
Epoch 90/100 - Loss: 0.2542 - Val F1: 0.4122 - Val ROC-AUC: 0.8049 - Val PR-AUC: 0.3345
Epoch 91/100 - Loss: 0.2579 - Val F1: 0.4250 - Val ROC-AUC: 0.8028 - Val PR-AUC: 0.3339
Epoch 92/100 - Loss: 0.2545 - Val F1: 0.4028 - Val ROC-AUC: 0.8042 - Val PR-AUC: 0.3343
Epoch 93/100 - Loss: 0.2449 - Val F1: 0.4028 - Val ROC-AUC: 0.8003 - Val PR-AUC: 0.3322
Epoch 94/100 - Loss: 0.2493 - Val F1: 0.4000 - Val ROC-AUC: 0.8009 - Val PR-AUC: 0.3324
Epoch 95/100 - Loss: 0.2429 - Val F1: 0.3946 - Val ROC-AUC: 0.8011 - Val PR-AUC: 0.3337
Epoch 96/100 - Loss: 0.2464 - Val F1: 0.3919 - Val ROC-AUC: 0.8006 - Val PR-AUC: 0.3304
Epoch 97/100 - Loss: 0.2498 - Val F1: 0.3987 - Val ROC-AUC: 0.8021 - Val PR-AUC: 0.3346
Epoch 98/100 - Loss: 0.2469 - Val F1: 0.3922 - Val ROC-AUC: 0.8006 - Val PR-AUC: 0.3321
Epoch 99/100 - Loss: 0.2456 - Val F1: 0.3971 - Val ROC-AUC: 0.8013 - Val PR-AUC: 0.3280
Epoch 100/100 - Loss: 0.2525 - Val F1: 0.4041 - Val ROC-AUC: 0.8020 - Val PR-AUC: 0.3297
Pretraining completed. Test F1: 0.4227, ROC-AUC: 0.7925, PR-AUC: 0.4018
[3/4] Finetuning on TOX21_ERa_LUC_VM7_Antagonist_0.1nM_E2_viability using GIN_GCN...
[Fine-tune] Epoch 1/50 - Loss: 0.4639 - Val F1: 0.3246 - Val ROC-AUC: 0.8415 - Val PR-AUC: 0.3581
[Fine-tune] Epoch 2/50 - Loss: 0.4011 - Val F1: 0.3252 - Val ROC-AUC: 0.8144 - Val PR-AUC: 0.3231
[Fine-tune] Epoch 3/50 - Loss: 0.3954 - Val F1: 0.4286 - Val ROC-AUC: 0.8541 - Val PR-AUC: 0.3851
[Fine-tune] Epoch 4/50 - Loss: 0.3806 - Val F1: 0.2969 - Val ROC-AUC: 0.8263 - Val PR-AUC: 0.3821
[Fine-tune] Epoch 5/50 - Loss: 0.3526 - Val F1: 0.3252 - Val ROC-AUC: 0.8329 - Val PR-AUC: 0.3511
[Fine-tune] Epoch 6/50 - Loss: 0.3463 - Val F1: 0.3879 - Val ROC-AUC: 0.8362 - Val PR-AUC: 0.3894
[Fine-tune] Epoch 7/50 - Loss: 0.3608 - Val F1: 0.3088 - Val ROC-AUC: 0.8449 - Val PR-AUC: 0.3460
[Fine-tune] Epoch 8/50 - Loss: 0.3393 - Val F1: 0.3979 - Val ROC-AUC: 0.8488 - Val PR-AUC: 0.3372
[Fine-tune] Epoch 9/50 - Loss: 0.3313 - Val F1: 0.3518 - Val ROC-AUC: 0.8295 - Val PR-AUC: 0.3442
[Fine-tune] Epoch 10/50 - Loss: 0.3241 - Val F1: 0.3868 - Val ROC-AUC: 0.8540 - Val PR-AUC: 0.3490
[Fine-tune] Epoch 11/50 - Loss: 0.2776 - Val F1: 0.4000 - Val ROC-AUC: 0.8519 - Val PR-AUC: 0.3943
[Fine-tune] Epoch 12/50 - Loss: 0.2670 - Val F1: 0.3732 - Val ROC-AUC: 0.8502 - Val PR-AUC: 0.3584
[Fine-tune] Epoch 13/50 - Loss: 0.2706 - Val F1: 0.3960 - Val ROC-AUC: 0.8687 - Val PR-AUC: 0.3896
[Fine-tune] Epoch 14/50 - Loss: 0.2535 - Val F1: 0.3850 - Val ROC-AUC: 0.8584 - Val PR-AUC: 0.3691
[Fine-tune] Epoch 15/50 - Loss: 0.2495 - Val F1: 0.3895 - Val ROC-AUC: 0.8584 - Val PR-AUC: 0.3677
[Fine-tune] Epoch 16/50 - Loss: 0.2443 - Val F1: 0.3824 - Val ROC-AUC: 0.8492 - Val PR-AUC: 0.3651
[Fine-tune] Epoch 17/50 - Loss: 0.2410 - Val F1: 0.3756 - Val ROC-AUC: 0.8514 - Val PR-AUC: 0.3594
[Fine-tune] Epoch 18/50 - Loss: 0.2294 - Val F1: 0.4000 - Val ROC-AUC: 0.8452 - Val PR-AUC: 0.3640
[Fine-tune] Epoch 19/50 - Loss: 0.2258 - Val F1: 0.4217 - Val ROC-AUC: 0.8508 - Val PR-AUC: 0.3574
[Fine-tune] Epoch 20/50 - Loss: 0.2313 - Val F1: 0.3913 - Val ROC-AUC: 0.8349 - Val PR-AUC: 0.3460
[Fine-tune] Epoch 21/50 - Loss: 0.1944 - Val F1: 0.4487 - Val ROC-AUC: 0.8583 - Val PR-AUC: 0.3756
[Fine-tune] Epoch 22/50 - Loss: 0.1935 - Val F1: 0.4114 - Val ROC-AUC: 0.8491 - Val PR-AUC: 0.3840
[Fine-tune] Epoch 23/50 - Loss: 0.1949 - Val F1: 0.4105 - Val ROC-AUC: 0.8557 - Val PR-AUC: 0.3754
[Fine-tune] Epoch 24/50 - Loss: 0.1870 - Val F1: 0.4400 - Val ROC-AUC: 0.8489 - Val PR-AUC: 0.3712
[Fine-tune] Epoch 25/50 - Loss: 0.1760 - Val F1: 0.4430 - Val ROC-AUC: 0.8523 - Val PR-AUC: 0.3664
[Fine-tune] Epoch 26/50 - Loss: 0.1677 - Val F1: 0.4181 - Val ROC-AUC: 0.8487 - Val PR-AUC: 0.3690
[Fine-tune] Epoch 27/50 - Loss: 0.1747 - Val F1: 0.4130 - Val ROC-AUC: 0.8491 - Val PR-AUC: 0.3654
[Fine-tune] Epoch 28/50 - Loss: 0.1747 - Val F1: 0.4068 - Val ROC-AUC: 0.8433 - Val PR-AUC: 0.3563
[Fine-tune] Epoch 29/50 - Loss: 0.1726 - Val F1: 0.4172 - Val ROC-AUC: 0.8435 - Val PR-AUC: 0.3682
[Fine-tune] Epoch 30/50 - Loss: 0.1584 - Val F1: 0.4235 - Val ROC-AUC: 0.8478 - Val PR-AUC: 0.4107
[Fine-tune] Epoch 31/50 - Loss: 0.1462 - Val F1: 0.4901 - Val ROC-AUC: 0.8582 - Val PR-AUC: 0.4050
[Fine-tune] Epoch 32/50 - Loss: 0.1435 - Val F1: 0.4524 - Val ROC-AUC: 0.8612 - Val PR-AUC: 0.4365
[Fine-tune] Epoch 33/50 - Loss: 0.1443 - Val F1: 0.4810 - Val ROC-AUC: 0.8552 - Val PR-AUC: 0.4049
[Fine-tune] Epoch 34/50 - Loss: 0.1416 - Val F1: 0.4762 - Val ROC-AUC: 0.8606 - Val PR-AUC: 0.4073
[Fine-tune] Epoch 35/50 - Loss: 0.1373 - Val F1: 0.4744 - Val ROC-AUC: 0.8580 - Val PR-AUC: 0.4121
[Fine-tune] Epoch 36/50 - Loss: 0.1242 - Val F1: 0.4795 - Val ROC-AUC: 0.8537 - Val PR-AUC: 0.3947
[Fine-tune] Epoch 37/50 - Loss: 0.1324 - Val F1: 0.4606 - Val ROC-AUC: 0.8592 - Val PR-AUC: 0.4001
[Fine-tune] Epoch 38/50 - Loss: 0.1271 - Val F1: 0.4837 - Val ROC-AUC: 0.8587 - Val PR-AUC: 0.4168
[Fine-tune] Epoch 39/50 - Loss: 0.1292 - Val F1: 0.4965 - Val ROC-AUC: 0.8563 - Val PR-AUC: 0.3995
[Fine-tune] Epoch 40/50 - Loss: 0.1253 - Val F1: 0.4901 - Val ROC-AUC: 0.8487 - Val PR-AUC: 0.4018
[Fine-tune] Epoch 41/50 - Loss: 0.1161 - Val F1: 0.4774 - Val ROC-AUC: 0.8537 - Val PR-AUC: 0.3905
[Fine-tune] Epoch 42/50 - Loss: 0.1255 - Val F1: 0.4684 - Val ROC-AUC: 0.8552 - Val PR-AUC: 0.4134
[Fine-tune] Epoch 43/50 - Loss: 0.1121 - Val F1: 0.4774 - Val ROC-AUC: 0.8598 - Val PR-AUC: 0.4128
[Fine-tune] Epoch 44/50 - Loss: 0.1254 - Val F1: 0.4795 - Val ROC-AUC: 0.8540 - Val PR-AUC: 0.3923
[Fine-tune] Epoch 45/50 - Loss: 0.1151 - Val F1: 0.5143 - Val ROC-AUC: 0.8555 - Val PR-AUC: 0.3921
[Fine-tune] Epoch 46/50 - Loss: 0.1141 - Val F1: 0.4930 - Val ROC-AUC: 0.8567 - Val PR-AUC: 0.4179
[Fine-tune] Epoch 47/50 - Loss: 0.1135 - Val F1: 0.4684 - Val ROC-AUC: 0.8485 - Val PR-AUC: 0.3943
[Fine-tune] Epoch 48/50 - Loss: 0.1083 - Val F1: 0.4898 - Val ROC-AUC: 0.8540 - Val PR-AUC: 0.3965
[Fine-tune] Epoch 49/50 - Loss: 0.1243 - Val F1: 0.5000 - Val ROC-AUC: 0.8518 - Val PR-AUC: 0.3934
[Fine-tune] Epoch 50/50 - Loss: 0.1140 - Val F1: 0.5068 - Val ROC-AUC: 0.8552 - Val PR-AUC: 0.3999
Finetuning completed. Test F1: 0.4138, ROC-AUC: 0.8506, PR-AUC: 0.4260
[3.1/4] Target-only training on TOX21_ERa_LUC_VM7_Antagonist_0.1nM_E2_viability using GIN_GCN...
=== Target-only training ===
[Target-only] Epoch 1/50 – Loss: 0.5603  Val F1: 0.3077  ROC-AUC: 0.7813  PR-AUC: 0.2549
[Target-only] Epoch 2/50 – Loss: 0.5112  Val F1: 0.2996  ROC-AUC: 0.7795  PR-AUC: 0.2888
[Target-only] Epoch 3/50 – Loss: 0.4764  Val F1: 0.3234  ROC-AUC: 0.7622  PR-AUC: 0.2377
[Target-only] Epoch 4/50 – Loss: 0.4541  Val F1: 0.2966  ROC-AUC: 0.7982  PR-AUC: 0.2947
[Target-only] Epoch 5/50 – Loss: 0.4365  Val F1: 0.3015  ROC-AUC: 0.8113  PR-AUC: 0.2735
[Target-only] Epoch 6/50 – Loss: 0.4164  Val F1: 0.2698  ROC-AUC: 0.7872  PR-AUC: 0.2639
[Target-only] Epoch 7/50 – Loss: 0.3955  Val F1: 0.3280  ROC-AUC: 0.8158  PR-AUC: 0.3324
[Target-only] Epoch 8/50 – Loss: 0.3968  Val F1: 0.3378  ROC-AUC: 0.8009  PR-AUC: 0.2797
[Target-only] Epoch 9/50 – Loss: 0.3797  Val F1: 0.3540  ROC-AUC: 0.8401  PR-AUC: 0.3236
[Target-only] Epoch 10/50 – Loss: 0.3648  Val F1: 0.3190  ROC-AUC: 0.8080  PR-AUC: 0.3023
[Target-only] Epoch 11/50 – Loss: 0.3428  Val F1: 0.3909  ROC-AUC: 0.8452  PR-AUC: 0.3393
[Target-only] Epoch 12/50 – Loss: 0.3241  Val F1: 0.3571  ROC-AUC: 0.8145  PR-AUC: 0.2816
[Target-only] Epoch 13/50 – Loss: 0.3118  Val F1: 0.3519  ROC-AUC: 0.8440  PR-AUC: 0.3475
[Target-only] Epoch 14/50 – Loss: 0.3123  Val F1: 0.3737  ROC-AUC: 0.8470  PR-AUC: 0.3345
[Target-only] Epoch 15/50 – Loss: 0.2994  Val F1: 0.3750  ROC-AUC: 0.8276  PR-AUC: 0.3211
[Target-only] Epoch 16/50 – Loss: 0.2831  Val F1: 0.4205  ROC-AUC: 0.8561  PR-AUC: 0.3944
[Target-only] Epoch 17/50 – Loss: 0.2899  Val F1: 0.3881  ROC-AUC: 0.8534  PR-AUC: 0.3502
[Target-only] Epoch 18/50 – Loss: 0.2662  Val F1: 0.4051  ROC-AUC: 0.8376  PR-AUC: 0.3890
[Target-only] Epoch 19/50 – Loss: 0.2744  Val F1: 0.3426  ROC-AUC: 0.8253  PR-AUC: 0.3352
[Target-only] Epoch 20/50 – Loss: 0.2647  Val F1: 0.3426  ROC-AUC: 0.8366  PR-AUC: 0.3446
[Target-only] Epoch 21/50 – Loss: 0.2395  Val F1: 0.3671  ROC-AUC: 0.8432  PR-AUC: 0.3376
[Target-only] Epoch 22/50 – Loss: 0.2306  Val F1: 0.4000  ROC-AUC: 0.8472  PR-AUC: 0.3577
[Target-only] Epoch 23/50 – Loss: 0.2346  Val F1: 0.4070  ROC-AUC: 0.8428  PR-AUC: 0.3858
[Target-only] Epoch 24/50 – Loss: 0.2214  Val F1: 0.3897  ROC-AUC: 0.8478  PR-AUC: 0.3510
[Target-only] Epoch 25/50 – Loss: 0.2152  Val F1: 0.4403  ROC-AUC: 0.8501  PR-AUC: 0.3928
[Target-only] Epoch 26/50 – Loss: 0.2217  Val F1: 0.3756  ROC-AUC: 0.8411  PR-AUC: 0.3738
[Target-only] Epoch 27/50 – Loss: 0.2354  Val F1: 0.3824  ROC-AUC: 0.8515  PR-AUC: 0.4002
[Target-only] Epoch 28/50 – Loss: 0.2182  Val F1: 0.4217  ROC-AUC: 0.8438  PR-AUC: 0.3757
[Target-only] Epoch 29/50 – Loss: 0.2061  Val F1: 0.4000  ROC-AUC: 0.8435  PR-AUC: 0.3793
[Target-only] Epoch 30/50 – Loss: 0.2072  Val F1: 0.4000  ROC-AUC: 0.8530  PR-AUC: 0.4209
[Target-only] Epoch 31/50 – Loss: 0.1885  Val F1: 0.4277  ROC-AUC: 0.8435  PR-AUC: 0.3991
[Target-only] Epoch 32/50 – Loss: 0.1839  Val F1: 0.4698  ROC-AUC: 0.8470  PR-AUC: 0.4089
[Target-only] Epoch 33/50 – Loss: 0.1733  Val F1: 0.4277  ROC-AUC: 0.8489  PR-AUC: 0.4005
[Target-only] Epoch 34/50 – Loss: 0.1757  Val F1: 0.4268  ROC-AUC: 0.8509  PR-AUC: 0.4064
[Target-only] Epoch 35/50 – Loss: 0.1704  Val F1: 0.4270  ROC-AUC: 0.8490  PR-AUC: 0.4154
[Target-only] Epoch 36/50 – Loss: 0.1761  Val F1: 0.4595  ROC-AUC: 0.8362  PR-AUC: 0.3857
[Target-only] Epoch 37/50 – Loss: 0.1752  Val F1: 0.4458  ROC-AUC: 0.8340  PR-AUC: 0.3895
[Target-only] Epoch 38/50 – Loss: 0.1640  Val F1: 0.4382  ROC-AUC: 0.8442  PR-AUC: 0.4039
[Target-only] Epoch 39/50 – Loss: 0.1734  Val F1: 0.4605  ROC-AUC: 0.8330  PR-AUC: 0.3780
[Target-only] Epoch 40/50 – Loss: 0.1624  Val F1: 0.4260  ROC-AUC: 0.8464  PR-AUC: 0.3981
[Target-only] Epoch 41/50 – Loss: 0.1507  Val F1: 0.4698  ROC-AUC: 0.8408  PR-AUC: 0.4114
[Target-only] Epoch 42/50 – Loss: 0.1577  Val F1: 0.4780  ROC-AUC: 0.8424  PR-AUC: 0.4065
[Target-only] Epoch 43/50 – Loss: 0.1493  Val F1: 0.4795  ROC-AUC: 0.8331  PR-AUC: 0.4017
[Target-only] Epoch 44/50 – Loss: 0.1497  Val F1: 0.4706  ROC-AUC: 0.8359  PR-AUC: 0.4038
[Target-only] Epoch 45/50 – Loss: 0.1457  Val F1: 0.4898  ROC-AUC: 0.8331  PR-AUC: 0.3991
[Target-only] Epoch 46/50 – Loss: 0.1487  Val F1: 0.4353  ROC-AUC: 0.8344  PR-AUC: 0.3955
[Target-only] Epoch 47/50 – Loss: 0.1457  Val F1: 0.4503  ROC-AUC: 0.8268  PR-AUC: 0.3816
[Target-only] Epoch 48/50 – Loss: 0.1514  Val F1: 0.4311  ROC-AUC: 0.8365  PR-AUC: 0.4009
[Target-only] Epoch 49/50 – Loss: 0.1453  Val F1: 0.4557  ROC-AUC: 0.8345  PR-AUC: 0.3973
[Target-only] Epoch 50/50 – Loss: 0.1432  Val F1: 0.4615  ROC-AUC: 0.8327  PR-AUC: 0.3959
=== Target-only TEST performance ===
Test F1: 0.3418, ROC-AUC: 0.8155, PR-AUC: 0.3427
✅ 실험 완료: TOX21_ERa_BLA_Antagonist_ratio -> TOX21_ERa_LUC_VM7_Antagonist_0.1nM_E2_viability [GIN_GCN]
