[1/4] Excel → CSV 변환 중...
Saved pretrain CSV for TOX21_ERa_BLA_Antagonist_ratio: data/sample/TOX21_ERa_BLA_Antagonist_ratio.csv
Saved pretrain CSV for TOX21_ERa_LUC_VM7_Agonist: data/sample/TOX21_ERa_LUC_VM7_Agonist.csv
Saved pretrain CSV for TOX21_ERa_BLA_Antagonist_viability: data/sample/TOX21_ERa_BLA_Antagonist_viability.csv
Saved pretrain CSV for TOX21_ERa_LUC_VM7_Antagonist_0.5nM_E2: data/sample/TOX21_ERa_LUC_VM7_Antagonist_0.5nM_E2.csv
Saved pretrain CSV for TOX21_ERa_BLA_Antagonist_ch2: data/sample/TOX21_ERa_BLA_Antagonist_ch2.csv
Saved pretrain CSV for TOX21_ERa_BLA_Antagonist_ch1: data/sample/TOX21_ERa_BLA_Antagonist_ch1.csv
Saved pretrain CSV for TOX21_ERa_LUC_VM7_Antagonist_0.5nM_E2_viability: data/sample/TOX21_ERa_LUC_VM7_Antagonist_0.5nM_E2_viability.csv
Saved pretrain CSV for TOX21_ERa_BLA_Agonist_ch2: data/sample/TOX21_ERa_BLA_Agonist_ch2.csv
Saved pretrain CSV for TOX21_ERa_BLA_Agonist_ch1: data/sample/TOX21_ERa_BLA_Agonist_ch1.csv
Saved pretrain CSV for TOX21_ERa_BLA_Agonist_ratio: data/sample/TOX21_ERa_BLA_Agonist_ratio.csv
Saved pretrain CSV for TOX21_ERb_BLA_Antagonist_ch1: data/sample/TOX21_ERb_BLA_Antagonist_ch1.csv
Saved pretrain CSV for TOX21_ERb_BLA_Antagonist_ch2: data/sample/TOX21_ERb_BLA_Antagonist_ch2.csv
Saved pretrain CSV for TOX21_ERb_BLA_Agonist_viability: data/sample/TOX21_ERb_BLA_Agonist_viability.csv
Saved pretrain CSV for TOX21_ERb_BLA_Agonist_ratio: data/sample/TOX21_ERb_BLA_Agonist_ratio.csv
Saved pretrain CSV for TOX21_ERb_BLA_Agonist_ch2: data/sample/TOX21_ERb_BLA_Agonist_ch2.csv
Saved pretrain CSV for TOX21_ERb_BLA_Agonist_ch1: data/sample/TOX21_ERb_BLA_Agonist_ch1.csv
Saved pretrain CSV for TOX21_ERR_LUC_Agonist: data/sample/TOX21_ERR_LUC_Agonist.csv
Saved pretrain CSV for TOX21_ERa_LUC_VM7_Agonist_10nM_ICI182780_viability: data/sample/TOX21_ERa_LUC_VM7_Agonist_10nM_ICI182780_viability.csv
Saved pretrain CSV for TOX21_ERa_LUC_VM7_Antagonist_0.1nM_E2: data/sample/TOX21_ERa_LUC_VM7_Antagonist_0.1nM_E2.csv
Saved pretrain CSV for TOX21_ERb_BLA_Antagonist_ratio: data/sample/TOX21_ERb_BLA_Antagonist_ratio.csv
Saved pretrain CSV for TOX21_ERa_LUC_VM7_Agonist_10nM_ICI182780: data/sample/TOX21_ERa_LUC_VM7_Agonist_10nM_ICI182780.csv
Saved pretrain CSV for TOX21_ERR_LUC_viability: data/sample/TOX21_ERR_LUC_viability.csv
Saved pretrain CSV for TOX21_ERR_LUC_Antagonist: data/sample/TOX21_ERR_LUC_Antagonist.csv
Saved pretrain CSV for TOX21_ERa_LUC_VM7_Antagonist_0.1nM_E2_viability: data/sample/TOX21_ERa_LUC_VM7_Antagonist_0.1nM_E2_viability.csv
Saved pretrain CSV for TOX21_ERb_BLA_Antagonist_viability: data/sample/TOX21_ERb_BLA_Antagonist_viability.csv
Saved finetune CSV for TOX21_ERa_BLA_Antagonist_ratio: data/sample/TOX21_ERa_BLA_Antagonist_ratio.csv
Saved finetune CSV for TOX21_ERa_LUC_VM7_Agonist: data/sample/TOX21_ERa_LUC_VM7_Agonist.csv
Saved finetune CSV for TOX21_ERa_BLA_Antagonist_viability: data/sample/TOX21_ERa_BLA_Antagonist_viability.csv
Saved finetune CSV for TOX21_ERa_LUC_VM7_Antagonist_0.5nM_E2: data/sample/TOX21_ERa_LUC_VM7_Antagonist_0.5nM_E2.csv
Saved finetune CSV for TOX21_ERa_BLA_Antagonist_ch2: data/sample/TOX21_ERa_BLA_Antagonist_ch2.csv
Saved finetune CSV for TOX21_ERa_BLA_Antagonist_ch1: data/sample/TOX21_ERa_BLA_Antagonist_ch1.csv
Saved finetune CSV for TOX21_ERa_LUC_VM7_Antagonist_0.5nM_E2_viability: data/sample/TOX21_ERa_LUC_VM7_Antagonist_0.5nM_E2_viability.csv
Saved finetune CSV for TOX21_ERa_BLA_Agonist_ch2: data/sample/TOX21_ERa_BLA_Agonist_ch2.csv
Saved finetune CSV for TOX21_ERa_BLA_Agonist_ch1: data/sample/TOX21_ERa_BLA_Agonist_ch1.csv
Saved finetune CSV for TOX21_ERa_BLA_Agonist_ratio: data/sample/TOX21_ERa_BLA_Agonist_ratio.csv
Saved finetune CSV for TOX21_ERb_BLA_Antagonist_ch1: data/sample/TOX21_ERb_BLA_Antagonist_ch1.csv
Saved finetune CSV for TOX21_ERb_BLA_Antagonist_ch2: data/sample/TOX21_ERb_BLA_Antagonist_ch2.csv
Saved finetune CSV for TOX21_ERb_BLA_Agonist_viability: data/sample/TOX21_ERb_BLA_Agonist_viability.csv
Saved finetune CSV for TOX21_ERb_BLA_Agonist_ratio: data/sample/TOX21_ERb_BLA_Agonist_ratio.csv
Saved finetune CSV for TOX21_ERb_BLA_Agonist_ch2: data/sample/TOX21_ERb_BLA_Agonist_ch2.csv
Saved finetune CSV for TOX21_ERb_BLA_Agonist_ch1: data/sample/TOX21_ERb_BLA_Agonist_ch1.csv
Saved finetune CSV for TOX21_ERR_LUC_Agonist: data/sample/TOX21_ERR_LUC_Agonist.csv
Saved finetune CSV for TOX21_ERa_LUC_VM7_Agonist_10nM_ICI182780_viability: data/sample/TOX21_ERa_LUC_VM7_Agonist_10nM_ICI182780_viability.csv
Saved finetune CSV for TOX21_ERa_LUC_VM7_Antagonist_0.1nM_E2: data/sample/TOX21_ERa_LUC_VM7_Antagonist_0.1nM_E2.csv
Saved finetune CSV for TOX21_ERb_BLA_Antagonist_ratio: data/sample/TOX21_ERb_BLA_Antagonist_ratio.csv
Saved finetune CSV for TOX21_ERa_LUC_VM7_Agonist_10nM_ICI182780: data/sample/TOX21_ERa_LUC_VM7_Agonist_10nM_ICI182780.csv
Saved finetune CSV for TOX21_ERR_LUC_viability: data/sample/TOX21_ERR_LUC_viability.csv
Saved finetune CSV for TOX21_ERR_LUC_Antagonist: data/sample/TOX21_ERR_LUC_Antagonist.csv
Saved finetune CSV for TOX21_ERa_LUC_VM7_Antagonist_0.1nM_E2_viability: data/sample/TOX21_ERa_LUC_VM7_Antagonist_0.1nM_E2_viability.csv
Saved finetune CSV for TOX21_ERb_BLA_Antagonist_viability: data/sample/TOX21_ERb_BLA_Antagonist_viability.csv
[2/4] Pretraining on TOX21_ERa_LUC_VM7_Agonist using GIN_GCN...
Epoch 1/100 - Loss: 0.6646 - Val F1: 0.2436 - Val ROC-AUC: 0.6252 - Val PR-AUC: 0.2536
Epoch 2/100 - Loss: 0.6447 - Val F1: 0.2428 - Val ROC-AUC: 0.6250 - Val PR-AUC: 0.2055
Epoch 3/100 - Loss: 0.6270 - Val F1: 0.2805 - Val ROC-AUC: 0.6683 - Val PR-AUC: 0.2527
Epoch 4/100 - Loss: 0.6246 - Val F1: 0.2712 - Val ROC-AUC: 0.6396 - Val PR-AUC: 0.2755
Epoch 5/100 - Loss: 0.6216 - Val F1: 0.2725 - Val ROC-AUC: 0.6480 - Val PR-AUC: 0.2584
Epoch 6/100 - Loss: 0.6087 - Val F1: 0.2967 - Val ROC-AUC: 0.6829 - Val PR-AUC: 0.2878
Epoch 7/100 - Loss: 0.6041 - Val F1: 0.3183 - Val ROC-AUC: 0.6649 - Val PR-AUC: 0.3079
Epoch 8/100 - Loss: 0.6001 - Val F1: 0.2832 - Val ROC-AUC: 0.6728 - Val PR-AUC: 0.2574
Epoch 9/100 - Loss: 0.5933 - Val F1: 0.3231 - Val ROC-AUC: 0.6915 - Val PR-AUC: 0.2822
Epoch 10/100 - Loss: 0.5887 - Val F1: 0.2604 - Val ROC-AUC: 0.6640 - Val PR-AUC: 0.2956
Epoch 11/100 - Loss: 0.5748 - Val F1: 0.3241 - Val ROC-AUC: 0.6781 - Val PR-AUC: 0.3024
Epoch 12/100 - Loss: 0.5636 - Val F1: 0.2967 - Val ROC-AUC: 0.6747 - Val PR-AUC: 0.2848
Epoch 13/100 - Loss: 0.5532 - Val F1: 0.2722 - Val ROC-AUC: 0.6650 - Val PR-AUC: 0.3073
Epoch 14/100 - Loss: 0.5535 - Val F1: 0.2706 - Val ROC-AUC: 0.6649 - Val PR-AUC: 0.3153
Epoch 15/100 - Loss: 0.5457 - Val F1: 0.3012 - Val ROC-AUC: 0.6971 - Val PR-AUC: 0.2895
Epoch 16/100 - Loss: 0.5423 - Val F1: 0.3193 - Val ROC-AUC: 0.6783 - Val PR-AUC: 0.3122
Epoch 17/100 - Loss: 0.5319 - Val F1: 0.3172 - Val ROC-AUC: 0.6776 - Val PR-AUC: 0.2678
Epoch 18/100 - Loss: 0.5240 - Val F1: 0.2910 - Val ROC-AUC: 0.6655 - Val PR-AUC: 0.2712
Epoch 19/100 - Loss: 0.5288 - Val F1: 0.3358 - Val ROC-AUC: 0.6725 - Val PR-AUC: 0.3103
Epoch 20/100 - Loss: 0.5141 - Val F1: 0.2895 - Val ROC-AUC: 0.6622 - Val PR-AUC: 0.2676
Epoch 21/100 - Loss: 0.4988 - Val F1: 0.3098 - Val ROC-AUC: 0.6674 - Val PR-AUC: 0.3005
Epoch 22/100 - Loss: 0.4943 - Val F1: 0.3140 - Val ROC-AUC: 0.6729 - Val PR-AUC: 0.3110
Epoch 23/100 - Loss: 0.4689 - Val F1: 0.3022 - Val ROC-AUC: 0.6668 - Val PR-AUC: 0.2991
Epoch 24/100 - Loss: 0.4759 - Val F1: 0.2821 - Val ROC-AUC: 0.6633 - Val PR-AUC: 0.2906
Epoch 25/100 - Loss: 0.4683 - Val F1: 0.2954 - Val ROC-AUC: 0.6781 - Val PR-AUC: 0.3046
Epoch 26/100 - Loss: 0.4725 - Val F1: 0.2956 - Val ROC-AUC: 0.6669 - Val PR-AUC: 0.3166
Epoch 27/100 - Loss: 0.4604 - Val F1: 0.3284 - Val ROC-AUC: 0.6812 - Val PR-AUC: 0.3008
Epoch 28/100 - Loss: 0.4609 - Val F1: 0.3010 - Val ROC-AUC: 0.6636 - Val PR-AUC: 0.3041
Epoch 29/100 - Loss: 0.4467 - Val F1: 0.3027 - Val ROC-AUC: 0.6686 - Val PR-AUC: 0.3106
Epoch 30/100 - Loss: 0.4427 - Val F1: 0.3624 - Val ROC-AUC: 0.6823 - Val PR-AUC: 0.3089
Epoch 31/100 - Loss: 0.4344 - Val F1: 0.3102 - Val ROC-AUC: 0.6759 - Val PR-AUC: 0.3193
Epoch 32/100 - Loss: 0.4275 - Val F1: 0.3058 - Val ROC-AUC: 0.6754 - Val PR-AUC: 0.3040
Epoch 33/100 - Loss: 0.4249 - Val F1: 0.3077 - Val ROC-AUC: 0.6710 - Val PR-AUC: 0.3038
Epoch 34/100 - Loss: 0.4139 - Val F1: 0.3151 - Val ROC-AUC: 0.6786 - Val PR-AUC: 0.2977
Epoch 35/100 - Loss: 0.4305 - Val F1: 0.3309 - Val ROC-AUC: 0.6694 - Val PR-AUC: 0.2886
Epoch 36/100 - Loss: 0.4063 - Val F1: 0.3154 - Val ROC-AUC: 0.6759 - Val PR-AUC: 0.3021
Epoch 37/100 - Loss: 0.4110 - Val F1: 0.3446 - Val ROC-AUC: 0.6852 - Val PR-AUC: 0.3119
Epoch 38/100 - Loss: 0.3964 - Val F1: 0.3389 - Val ROC-AUC: 0.6766 - Val PR-AUC: 0.3117
Epoch 39/100 - Loss: 0.4003 - Val F1: 0.3389 - Val ROC-AUC: 0.6786 - Val PR-AUC: 0.3204
Epoch 40/100 - Loss: 0.4056 - Val F1: 0.3309 - Val ROC-AUC: 0.6760 - Val PR-AUC: 0.2932
Epoch 41/100 - Loss: 0.3916 - Val F1: 0.3219 - Val ROC-AUC: 0.6786 - Val PR-AUC: 0.2994
Epoch 42/100 - Loss: 0.3867 - Val F1: 0.3189 - Val ROC-AUC: 0.6693 - Val PR-AUC: 0.2966
Epoch 43/100 - Loss: 0.3746 - Val F1: 0.3217 - Val ROC-AUC: 0.6644 - Val PR-AUC: 0.2894
Epoch 44/100 - Loss: 0.3738 - Val F1: 0.3103 - Val ROC-AUC: 0.6659 - Val PR-AUC: 0.2892
Epoch 45/100 - Loss: 0.3631 - Val F1: 0.3409 - Val ROC-AUC: 0.6828 - Val PR-AUC: 0.2968
Epoch 46/100 - Loss: 0.3820 - Val F1: 0.2837 - Val ROC-AUC: 0.6645 - Val PR-AUC: 0.2694
Epoch 47/100 - Loss: 0.3638 - Val F1: 0.3183 - Val ROC-AUC: 0.6806 - Val PR-AUC: 0.3122
Epoch 48/100 - Loss: 0.3636 - Val F1: 0.3203 - Val ROC-AUC: 0.6871 - Val PR-AUC: 0.3136
Epoch 49/100 - Loss: 0.3692 - Val F1: 0.3213 - Val ROC-AUC: 0.6765 - Val PR-AUC: 0.3077
Epoch 50/100 - Loss: 0.3576 - Val F1: 0.3300 - Val ROC-AUC: 0.6863 - Val PR-AUC: 0.3175
Epoch 51/100 - Loss: 0.3555 - Val F1: 0.3221 - Val ROC-AUC: 0.6794 - Val PR-AUC: 0.3062
Epoch 52/100 - Loss: 0.3458 - Val F1: 0.3370 - Val ROC-AUC: 0.6837 - Val PR-AUC: 0.3059
Epoch 53/100 - Loss: 0.3521 - Val F1: 0.3404 - Val ROC-AUC: 0.6781 - Val PR-AUC: 0.3003
Epoch 54/100 - Loss: 0.3424 - Val F1: 0.3345 - Val ROC-AUC: 0.6760 - Val PR-AUC: 0.2931
Epoch 55/100 - Loss: 0.3447 - Val F1: 0.3206 - Val ROC-AUC: 0.6750 - Val PR-AUC: 0.2938
Epoch 56/100 - Loss: 0.3518 - Val F1: 0.3243 - Val ROC-AUC: 0.6832 - Val PR-AUC: 0.2954
Epoch 57/100 - Loss: 0.3436 - Val F1: 0.3016 - Val ROC-AUC: 0.6781 - Val PR-AUC: 0.2904
Epoch 58/100 - Loss: 0.3408 - Val F1: 0.3396 - Val ROC-AUC: 0.6832 - Val PR-AUC: 0.3094
Epoch 59/100 - Loss: 0.3372 - Val F1: 0.3382 - Val ROC-AUC: 0.6914 - Val PR-AUC: 0.3158
Epoch 60/100 - Loss: 0.3429 - Val F1: 0.3345 - Val ROC-AUC: 0.6827 - Val PR-AUC: 0.3134
Epoch 61/100 - Loss: 0.3407 - Val F1: 0.3211 - Val ROC-AUC: 0.6796 - Val PR-AUC: 0.2950
Epoch 62/100 - Loss: 0.3333 - Val F1: 0.3300 - Val ROC-AUC: 0.6845 - Val PR-AUC: 0.2971
Epoch 63/100 - Loss: 0.3301 - Val F1: 0.3494 - Val ROC-AUC: 0.6837 - Val PR-AUC: 0.3089
Epoch 64/100 - Loss: 0.3358 - Val F1: 0.3529 - Val ROC-AUC: 0.6854 - Val PR-AUC: 0.3104
Epoch 65/100 - Loss: 0.3298 - Val F1: 0.3525 - Val ROC-AUC: 0.6878 - Val PR-AUC: 0.3117
Epoch 66/100 - Loss: 0.3376 - Val F1: 0.3478 - Val ROC-AUC: 0.6868 - Val PR-AUC: 0.3073
Epoch 67/100 - Loss: 0.3318 - Val F1: 0.3420 - Val ROC-AUC: 0.6860 - Val PR-AUC: 0.3042
Epoch 68/100 - Loss: 0.3248 - Val F1: 0.3358 - Val ROC-AUC: 0.6821 - Val PR-AUC: 0.3015
Epoch 69/100 - Loss: 0.3238 - Val F1: 0.3556 - Val ROC-AUC: 0.6858 - Val PR-AUC: 0.3005
Epoch 70/100 - Loss: 0.3274 - Val F1: 0.3403 - Val ROC-AUC: 0.6848 - Val PR-AUC: 0.2882
Epoch 71/100 - Loss: 0.3336 - Val F1: 0.3321 - Val ROC-AUC: 0.6805 - Val PR-AUC: 0.2929
Epoch 72/100 - Loss: 0.3281 - Val F1: 0.3556 - Val ROC-AUC: 0.6826 - Val PR-AUC: 0.2963
Epoch 73/100 - Loss: 0.3252 - Val F1: 0.3485 - Val ROC-AUC: 0.6858 - Val PR-AUC: 0.3068
Epoch 74/100 - Loss: 0.3325 - Val F1: 0.3333 - Val ROC-AUC: 0.6853 - Val PR-AUC: 0.2997
Epoch 75/100 - Loss: 0.3208 - Val F1: 0.3415 - Val ROC-AUC: 0.6870 - Val PR-AUC: 0.3069
Epoch 76/100 - Loss: 0.3226 - Val F1: 0.3435 - Val ROC-AUC: 0.6837 - Val PR-AUC: 0.3012
Epoch 77/100 - Loss: 0.3201 - Val F1: 0.3453 - Val ROC-AUC: 0.6829 - Val PR-AUC: 0.3030
Epoch 78/100 - Loss: 0.3287 - Val F1: 0.3429 - Val ROC-AUC: 0.6834 - Val PR-AUC: 0.3006
Epoch 79/100 - Loss: 0.3255 - Val F1: 0.3465 - Val ROC-AUC: 0.6814 - Val PR-AUC: 0.2996
Epoch 80/100 - Loss: 0.3246 - Val F1: 0.3322 - Val ROC-AUC: 0.6837 - Val PR-AUC: 0.3122
Epoch 81/100 - Loss: 0.3227 - Val F1: 0.3469 - Val ROC-AUC: 0.6850 - Val PR-AUC: 0.3102
Epoch 82/100 - Loss: 0.3143 - Val F1: 0.3395 - Val ROC-AUC: 0.6835 - Val PR-AUC: 0.3073
Epoch 83/100 - Loss: 0.3263 - Val F1: 0.3345 - Val ROC-AUC: 0.6823 - Val PR-AUC: 0.2992
Epoch 84/100 - Loss: 0.3283 - Val F1: 0.3472 - Val ROC-AUC: 0.6848 - Val PR-AUC: 0.3057
Epoch 85/100 - Loss: 0.3239 - Val F1: 0.3372 - Val ROC-AUC: 0.6833 - Val PR-AUC: 0.3032
Epoch 86/100 - Loss: 0.3233 - Val F1: 0.3233 - Val ROC-AUC: 0.6839 - Val PR-AUC: 0.3008
Epoch 87/100 - Loss: 0.3144 - Val F1: 0.3322 - Val ROC-AUC: 0.6841 - Val PR-AUC: 0.3057
Epoch 88/100 - Loss: 0.3262 - Val F1: 0.3413 - Val ROC-AUC: 0.6836 - Val PR-AUC: 0.3062
Epoch 89/100 - Loss: 0.3161 - Val F1: 0.3370 - Val ROC-AUC: 0.6843 - Val PR-AUC: 0.3114
Epoch 90/100 - Loss: 0.3161 - Val F1: 0.3416 - Val ROC-AUC: 0.6841 - Val PR-AUC: 0.3096
Epoch 91/100 - Loss: 0.3263 - Val F1: 0.3346 - Val ROC-AUC: 0.6828 - Val PR-AUC: 0.2960
Epoch 92/100 - Loss: 0.3189 - Val F1: 0.3516 - Val ROC-AUC: 0.6840 - Val PR-AUC: 0.3058
Epoch 93/100 - Loss: 0.3202 - Val F1: 0.3443 - Val ROC-AUC: 0.6848 - Val PR-AUC: 0.3046
Epoch 94/100 - Loss: 0.3192 - Val F1: 0.3385 - Val ROC-AUC: 0.6842 - Val PR-AUC: 0.3020
Epoch 95/100 - Loss: 0.3208 - Val F1: 0.3418 - Val ROC-AUC: 0.6850 - Val PR-AUC: 0.3165
Epoch 96/100 - Loss: 0.3210 - Val F1: 0.3257 - Val ROC-AUC: 0.6840 - Val PR-AUC: 0.3067
Epoch 97/100 - Loss: 0.3121 - Val F1: 0.3513 - Val ROC-AUC: 0.6864 - Val PR-AUC: 0.3030
Epoch 98/100 - Loss: 0.3164 - Val F1: 0.3265 - Val ROC-AUC: 0.6838 - Val PR-AUC: 0.3083
Epoch 99/100 - Loss: 0.3157 - Val F1: 0.3371 - Val ROC-AUC: 0.6821 - Val PR-AUC: 0.3086
Epoch 100/100 - Loss: 0.3269 - Val F1: 0.3395 - Val ROC-AUC: 0.6854 - Val PR-AUC: 0.3051
Pretraining completed. Test F1: 0.3111, ROC-AUC: 0.6426, PR-AUC: 0.3579
[3/4] Finetuning on TOX21_ERa_LUC_VM7_Agonist using GIN_GCN...
[Fine-tune] Epoch 1/50 - Loss: 0.4929 - Val F1: 0.3140 - Val ROC-AUC: 0.6914 - Val PR-AUC: 0.2826
[Fine-tune] Epoch 2/50 - Loss: 0.4800 - Val F1: 0.3185 - Val ROC-AUC: 0.6990 - Val PR-AUC: 0.2849
[Fine-tune] Epoch 3/50 - Loss: 0.4712 - Val F1: 0.3162 - Val ROC-AUC: 0.6792 - Val PR-AUC: 0.2862
[Fine-tune] Epoch 4/50 - Loss: 0.4696 - Val F1: 0.3574 - Val ROC-AUC: 0.6969 - Val PR-AUC: 0.2999
[Fine-tune] Epoch 5/50 - Loss: 0.4645 - Val F1: 0.3164 - Val ROC-AUC: 0.6820 - Val PR-AUC: 0.3028
[Fine-tune] Epoch 6/50 - Loss: 0.4774 - Val F1: 0.3322 - Val ROC-AUC: 0.7041 - Val PR-AUC: 0.3141
[Fine-tune] Epoch 7/50 - Loss: 0.4601 - Val F1: 0.3040 - Val ROC-AUC: 0.6663 - Val PR-AUC: 0.2766
[Fine-tune] Epoch 8/50 - Loss: 0.4573 - Val F1: 0.3121 - Val ROC-AUC: 0.6857 - Val PR-AUC: 0.3132
[Fine-tune] Epoch 9/50 - Loss: 0.4544 - Val F1: 0.2920 - Val ROC-AUC: 0.6797 - Val PR-AUC: 0.2777
[Fine-tune] Epoch 10/50 - Loss: 0.4454 - Val F1: 0.3042 - Val ROC-AUC: 0.6645 - Val PR-AUC: 0.2494
[Fine-tune] Epoch 11/50 - Loss: 0.4099 - Val F1: 0.3651 - Val ROC-AUC: 0.6877 - Val PR-AUC: 0.3262
[Fine-tune] Epoch 12/50 - Loss: 0.3898 - Val F1: 0.3293 - Val ROC-AUC: 0.6901 - Val PR-AUC: 0.2885
[Fine-tune] Epoch 13/50 - Loss: 0.3966 - Val F1: 0.3077 - Val ROC-AUC: 0.6903 - Val PR-AUC: 0.3180
[Fine-tune] Epoch 14/50 - Loss: 0.3876 - Val F1: 0.3240 - Val ROC-AUC: 0.6930 - Val PR-AUC: 0.2952
[Fine-tune] Epoch 15/50 - Loss: 0.3740 - Val F1: 0.3322 - Val ROC-AUC: 0.6826 - Val PR-AUC: 0.2926
[Fine-tune] Epoch 16/50 - Loss: 0.3719 - Val F1: 0.3224 - Val ROC-AUC: 0.7088 - Val PR-AUC: 0.3323
[Fine-tune] Epoch 17/50 - Loss: 0.3582 - Val F1: 0.3158 - Val ROC-AUC: 0.6951 - Val PR-AUC: 0.3006
[Fine-tune] Epoch 18/50 - Loss: 0.3610 - Val F1: 0.3446 - Val ROC-AUC: 0.6963 - Val PR-AUC: 0.3344
[Fine-tune] Epoch 19/50 - Loss: 0.3492 - Val F1: 0.3333 - Val ROC-AUC: 0.7006 - Val PR-AUC: 0.3369
[Fine-tune] Epoch 20/50 - Loss: 0.3420 - Val F1: 0.3529 - Val ROC-AUC: 0.7026 - Val PR-AUC: 0.3049
[Fine-tune] Epoch 21/50 - Loss: 0.3227 - Val F1: 0.3566 - Val ROC-AUC: 0.7010 - Val PR-AUC: 0.3392
[Fine-tune] Epoch 22/50 - Loss: 0.3031 - Val F1: 0.3731 - Val ROC-AUC: 0.7115 - Val PR-AUC: 0.3450
[Fine-tune] Epoch 23/50 - Loss: 0.2900 - Val F1: 0.3636 - Val ROC-AUC: 0.7142 - Val PR-AUC: 0.3340
[Fine-tune] Epoch 24/50 - Loss: 0.3001 - Val F1: 0.3686 - Val ROC-AUC: 0.7126 - Val PR-AUC: 0.3349
[Fine-tune] Epoch 25/50 - Loss: 0.2955 - Val F1: 0.3358 - Val ROC-AUC: 0.6970 - Val PR-AUC: 0.3312
[Fine-tune] Epoch 26/50 - Loss: 0.2807 - Val F1: 0.3377 - Val ROC-AUC: 0.7059 - Val PR-AUC: 0.3083
[Fine-tune] Epoch 27/50 - Loss: 0.2712 - Val F1: 0.3574 - Val ROC-AUC: 0.7069 - Val PR-AUC: 0.3324
[Fine-tune] Epoch 28/50 - Loss: 0.2785 - Val F1: 0.3310 - Val ROC-AUC: 0.6948 - Val PR-AUC: 0.3097
[Fine-tune] Epoch 29/50 - Loss: 0.2875 - Val F1: 0.3311 - Val ROC-AUC: 0.7032 - Val PR-AUC: 0.3065
[Fine-tune] Epoch 30/50 - Loss: 0.2710 - Val F1: 0.3788 - Val ROC-AUC: 0.7134 - Val PR-AUC: 0.3196
[Fine-tune] Epoch 31/50 - Loss: 0.2534 - Val F1: 0.3715 - Val ROC-AUC: 0.7078 - Val PR-AUC: 0.3281
[Fine-tune] Epoch 32/50 - Loss: 0.2417 - Val F1: 0.3878 - Val ROC-AUC: 0.7183 - Val PR-AUC: 0.3322
[Fine-tune] Epoch 33/50 - Loss: 0.2528 - Val F1: 0.3688 - Val ROC-AUC: 0.7082 - Val PR-AUC: 0.3082
[Fine-tune] Epoch 34/50 - Loss: 0.2468 - Val F1: 0.3534 - Val ROC-AUC: 0.7061 - Val PR-AUC: 0.3294
[Fine-tune] Epoch 35/50 - Loss: 0.2380 - Val F1: 0.3556 - Val ROC-AUC: 0.7096 - Val PR-AUC: 0.3402
[Fine-tune] Epoch 36/50 - Loss: 0.2346 - Val F1: 0.3568 - Val ROC-AUC: 0.7005 - Val PR-AUC: 0.3141
[Fine-tune] Epoch 37/50 - Loss: 0.2393 - Val F1: 0.3603 - Val ROC-AUC: 0.7086 - Val PR-AUC: 0.3384
[Fine-tune] Epoch 38/50 - Loss: 0.2274 - Val F1: 0.3515 - Val ROC-AUC: 0.7043 - Val PR-AUC: 0.3285
[Fine-tune] Epoch 39/50 - Loss: 0.2358 - Val F1: 0.3868 - Val ROC-AUC: 0.7141 - Val PR-AUC: 0.3494
[Fine-tune] Epoch 40/50 - Loss: 0.2327 - Val F1: 0.3806 - Val ROC-AUC: 0.7105 - Val PR-AUC: 0.3325
[Fine-tune] Epoch 41/50 - Loss: 0.2308 - Val F1: 0.3636 - Val ROC-AUC: 0.7005 - Val PR-AUC: 0.3155
[Fine-tune] Epoch 42/50 - Loss: 0.2196 - Val F1: 0.3813 - Val ROC-AUC: 0.7084 - Val PR-AUC: 0.3194
[Fine-tune] Epoch 43/50 - Loss: 0.2208 - Val F1: 0.3750 - Val ROC-AUC: 0.7091 - Val PR-AUC: 0.3330
[Fine-tune] Epoch 44/50 - Loss: 0.2072 - Val F1: 0.3580 - Val ROC-AUC: 0.7060 - Val PR-AUC: 0.3364
[Fine-tune] Epoch 45/50 - Loss: 0.2140 - Val F1: 0.3670 - Val ROC-AUC: 0.7081 - Val PR-AUC: 0.3240
[Fine-tune] Epoch 46/50 - Loss: 0.2206 - Val F1: 0.3663 - Val ROC-AUC: 0.7014 - Val PR-AUC: 0.3064
[Fine-tune] Epoch 47/50 - Loss: 0.2207 - Val F1: 0.3802 - Val ROC-AUC: 0.7080 - Val PR-AUC: 0.3251
[Fine-tune] Epoch 48/50 - Loss: 0.2125 - Val F1: 0.3583 - Val ROC-AUC: 0.7089 - Val PR-AUC: 0.3346
[Fine-tune] Epoch 49/50 - Loss: 0.2078 - Val F1: 0.3689 - Val ROC-AUC: 0.7093 - Val PR-AUC: 0.3139
[Fine-tune] Epoch 50/50 - Loss: 0.2121 - Val F1: 0.3608 - Val ROC-AUC: 0.7034 - Val PR-AUC: 0.3087
Finetuning completed. Test F1: 0.3233, ROC-AUC: 0.6559, PR-AUC: 0.2874
[3.1/4] Target-only training on TOX21_ERa_LUC_VM7_Agonist using GIN_GCN...
=== Target-only training ===
[Target-only] Epoch 1/50 – Loss: 0.6723  Val F1: 0.2775  ROC-AUC: 0.6366  PR-AUC: 0.2398
[Target-only] Epoch 2/50 – Loss: 0.6439  Val F1: 0.2630  ROC-AUC: 0.6342  PR-AUC: 0.2145
[Target-only] Epoch 3/50 – Loss: 0.6297  Val F1: 0.2622  ROC-AUC: 0.6373  PR-AUC: 0.2073
[Target-only] Epoch 4/50 – Loss: 0.6222  Val F1: 0.2816  ROC-AUC: 0.6382  PR-AUC: 0.2089
[Target-only] Epoch 5/50 – Loss: 0.6120  Val F1: 0.2732  ROC-AUC: 0.6496  PR-AUC: 0.2623
[Target-only] Epoch 6/50 – Loss: 0.6143  Val F1: 0.2940  ROC-AUC: 0.6915  PR-AUC: 0.2713
[Target-only] Epoch 7/50 – Loss: 0.6052  Val F1: 0.2932  ROC-AUC: 0.6817  PR-AUC: 0.2729
[Target-only] Epoch 8/50 – Loss: 0.5964  Val F1: 0.3402  ROC-AUC: 0.7086  PR-AUC: 0.2860
[Target-only] Epoch 9/50 – Loss: 0.5964  Val F1: 0.3373  ROC-AUC: 0.6851  PR-AUC: 0.2686
[Target-only] Epoch 10/50 – Loss: 0.5912  Val F1: 0.2918  ROC-AUC: 0.6804  PR-AUC: 0.2543
[Target-only] Epoch 11/50 – Loss: 0.5777  Val F1: 0.3245  ROC-AUC: 0.6842  PR-AUC: 0.2738
[Target-only] Epoch 12/50 – Loss: 0.5685  Val F1: 0.2845  ROC-AUC: 0.6715  PR-AUC: 0.2672
[Target-only] Epoch 13/50 – Loss: 0.5447  Val F1: 0.2899  ROC-AUC: 0.6730  PR-AUC: 0.2812
[Target-only] Epoch 14/50 – Loss: 0.5675  Val F1: 0.3179  ROC-AUC: 0.6873  PR-AUC: 0.3005
[Target-only] Epoch 15/50 – Loss: 0.5532  Val F1: 0.2956  ROC-AUC: 0.6820  PR-AUC: 0.2811
[Target-only] Epoch 16/50 – Loss: 0.5394  Val F1: 0.2857  ROC-AUC: 0.6715  PR-AUC: 0.2937
[Target-only] Epoch 17/50 – Loss: 0.5336  Val F1: 0.3315  ROC-AUC: 0.6942  PR-AUC: 0.3202
[Target-only] Epoch 18/50 – Loss: 0.5257  Val F1: 0.3116  ROC-AUC: 0.6846  PR-AUC: 0.2829
[Target-only] Epoch 19/50 – Loss: 0.5230  Val F1: 0.3145  ROC-AUC: 0.6919  PR-AUC: 0.2705
[Target-only] Epoch 20/50 – Loss: 0.5171  Val F1: 0.2762  ROC-AUC: 0.6695  PR-AUC: 0.3006
[Target-only] Epoch 21/50 – Loss: 0.4954  Val F1: 0.2873  ROC-AUC: 0.6678  PR-AUC: 0.2907
[Target-only] Epoch 22/50 – Loss: 0.4913  Val F1: 0.3066  ROC-AUC: 0.6743  PR-AUC: 0.2727
[Target-only] Epoch 23/50 – Loss: 0.4751  Val F1: 0.2824  ROC-AUC: 0.6683  PR-AUC: 0.2648
[Target-only] Epoch 24/50 – Loss: 0.4844  Val F1: 0.3020  ROC-AUC: 0.6762  PR-AUC: 0.2807
[Target-only] Epoch 25/50 – Loss: 0.4764  Val F1: 0.2961  ROC-AUC: 0.6748  PR-AUC: 0.3113
[Target-only] Epoch 26/50 – Loss: 0.4741  Val F1: 0.2857  ROC-AUC: 0.6757  PR-AUC: 0.2981
[Target-only] Epoch 27/50 – Loss: 0.4686  Val F1: 0.3203  ROC-AUC: 0.6844  PR-AUC: 0.2937
[Target-only] Epoch 28/50 – Loss: 0.4568  Val F1: 0.3323  ROC-AUC: 0.6929  PR-AUC: 0.3091
[Target-only] Epoch 29/50 – Loss: 0.4520  Val F1: 0.3358  ROC-AUC: 0.6903  PR-AUC: 0.3176
[Target-only] Epoch 30/50 – Loss: 0.4444  Val F1: 0.3149  ROC-AUC: 0.6892  PR-AUC: 0.2771
[Target-only] Epoch 31/50 – Loss: 0.4371  Val F1: 0.3148  ROC-AUC: 0.6775  PR-AUC: 0.2702
[Target-only] Epoch 32/50 – Loss: 0.4204  Val F1: 0.2993  ROC-AUC: 0.6821  PR-AUC: 0.2928
[Target-only] Epoch 33/50 – Loss: 0.4098  Val F1: 0.3293  ROC-AUC: 0.6791  PR-AUC: 0.2920
[Target-only] Epoch 34/50 – Loss: 0.4155  Val F1: 0.3051  ROC-AUC: 0.6636  PR-AUC: 0.2871
[Target-only] Epoch 35/50 – Loss: 0.4174  Val F1: 0.3041  ROC-AUC: 0.6775  PR-AUC: 0.2927
[Target-only] Epoch 36/50 – Loss: 0.4121  Val F1: 0.3213  ROC-AUC: 0.6823  PR-AUC: 0.3079
[Target-only] Epoch 37/50 – Loss: 0.4105  Val F1: 0.3151  ROC-AUC: 0.6749  PR-AUC: 0.2733
[Target-only] Epoch 38/50 – Loss: 0.3983  Val F1: 0.3357  ROC-AUC: 0.6965  PR-AUC: 0.3010
[Target-only] Epoch 39/50 – Loss: 0.4030  Val F1: 0.3296  ROC-AUC: 0.6833  PR-AUC: 0.3029
[Target-only] Epoch 40/50 – Loss: 0.4009  Val F1: 0.3300  ROC-AUC: 0.6758  PR-AUC: 0.2853
[Target-only] Epoch 41/50 – Loss: 0.3942  Val F1: 0.3282  ROC-AUC: 0.6838  PR-AUC: 0.3088
[Target-only] Epoch 42/50 – Loss: 0.3861  Val F1: 0.3194  ROC-AUC: 0.6851  PR-AUC: 0.3058
[Target-only] Epoch 43/50 – Loss: 0.3800  Val F1: 0.3217  ROC-AUC: 0.6750  PR-AUC: 0.3022
[Target-only] Epoch 44/50 – Loss: 0.3814  Val F1: 0.3322  ROC-AUC: 0.6814  PR-AUC: 0.3162
[Target-only] Epoch 45/50 – Loss: 0.3712  Val F1: 0.3177  ROC-AUC: 0.6843  PR-AUC: 0.3025
[Target-only] Epoch 46/50 – Loss: 0.3693  Val F1: 0.3169  ROC-AUC: 0.6782  PR-AUC: 0.3005
[Target-only] Epoch 47/50 – Loss: 0.3680  Val F1: 0.3131  ROC-AUC: 0.6685  PR-AUC: 0.2948
[Target-only] Epoch 48/50 – Loss: 0.3624  Val F1: 0.3154  ROC-AUC: 0.6877  PR-AUC: 0.3150
[Target-only] Epoch 49/50 – Loss: 0.3738  Val F1: 0.3091  ROC-AUC: 0.6754  PR-AUC: 0.3035
[Target-only] Epoch 50/50 – Loss: 0.3579  Val F1: 0.3228  ROC-AUC: 0.6860  PR-AUC: 0.3060
=== Target-only TEST performance ===
Test F1: 0.3003, ROC-AUC: 0.6696, PR-AUC: 0.3642
✅ 실험 완료: TOX21_ERa_LUC_VM7_Agonist -> TOX21_ERa_LUC_VM7_Agonist [GIN_GCN]
