[1/4] Excel → CSV 변환 중...
Saved pretrain CSV for TOX21_ERa_BLA_Antagonist_ratio: data/sample/TOX21_ERa_BLA_Antagonist_ratio.csv
Saved pretrain CSV for TOX21_ERa_LUC_VM7_Agonist: data/sample/TOX21_ERa_LUC_VM7_Agonist.csv
Saved pretrain CSV for TOX21_ERa_BLA_Antagonist_viability: data/sample/TOX21_ERa_BLA_Antagonist_viability.csv
Saved pretrain CSV for TOX21_ERa_LUC_VM7_Antagonist_0.5nM_E2: data/sample/TOX21_ERa_LUC_VM7_Antagonist_0.5nM_E2.csv
Saved pretrain CSV for TOX21_ERa_BLA_Antagonist_ch2: data/sample/TOX21_ERa_BLA_Antagonist_ch2.csv
Saved pretrain CSV for TOX21_ERa_BLA_Antagonist_ch1: data/sample/TOX21_ERa_BLA_Antagonist_ch1.csv
Saved pretrain CSV for TOX21_ERa_LUC_VM7_Antagonist_0.5nM_E2_viability: data/sample/TOX21_ERa_LUC_VM7_Antagonist_0.5nM_E2_viability.csv
Saved pretrain CSV for TOX21_ERa_BLA_Agonist_ch2: data/sample/TOX21_ERa_BLA_Agonist_ch2.csv
Saved pretrain CSV for TOX21_ERa_BLA_Agonist_ch1: data/sample/TOX21_ERa_BLA_Agonist_ch1.csv
Saved pretrain CSV for TOX21_ERa_BLA_Agonist_ratio: data/sample/TOX21_ERa_BLA_Agonist_ratio.csv
Saved pretrain CSV for TOX21_ERb_BLA_Antagonist_ch1: data/sample/TOX21_ERb_BLA_Antagonist_ch1.csv
Saved pretrain CSV for TOX21_ERb_BLA_Antagonist_ch2: data/sample/TOX21_ERb_BLA_Antagonist_ch2.csv
Saved pretrain CSV for TOX21_ERb_BLA_Agonist_viability: data/sample/TOX21_ERb_BLA_Agonist_viability.csv
Saved pretrain CSV for TOX21_ERb_BLA_Agonist_ratio: data/sample/TOX21_ERb_BLA_Agonist_ratio.csv
Saved pretrain CSV for TOX21_ERb_BLA_Agonist_ch2: data/sample/TOX21_ERb_BLA_Agonist_ch2.csv
Saved pretrain CSV for TOX21_ERb_BLA_Agonist_ch1: data/sample/TOX21_ERb_BLA_Agonist_ch1.csv
Saved pretrain CSV for TOX21_ERR_LUC_Agonist: data/sample/TOX21_ERR_LUC_Agonist.csv
Saved pretrain CSV for TOX21_ERa_LUC_VM7_Agonist_10nM_ICI182780_viability: data/sample/TOX21_ERa_LUC_VM7_Agonist_10nM_ICI182780_viability.csv
Saved pretrain CSV for TOX21_ERa_LUC_VM7_Antagonist_0.1nM_E2: data/sample/TOX21_ERa_LUC_VM7_Antagonist_0.1nM_E2.csv
Saved pretrain CSV for TOX21_ERb_BLA_Antagonist_ratio: data/sample/TOX21_ERb_BLA_Antagonist_ratio.csv
Saved pretrain CSV for TOX21_ERa_LUC_VM7_Agonist_10nM_ICI182780: data/sample/TOX21_ERa_LUC_VM7_Agonist_10nM_ICI182780.csv
Saved pretrain CSV for TOX21_ERR_LUC_viability: data/sample/TOX21_ERR_LUC_viability.csv
Saved pretrain CSV for TOX21_ERR_LUC_Antagonist: data/sample/TOX21_ERR_LUC_Antagonist.csv
Saved pretrain CSV for TOX21_ERa_LUC_VM7_Antagonist_0.1nM_E2_viability: data/sample/TOX21_ERa_LUC_VM7_Antagonist_0.1nM_E2_viability.csv
Saved pretrain CSV for TOX21_ERb_BLA_Antagonist_viability: data/sample/TOX21_ERb_BLA_Antagonist_viability.csv
Saved finetune CSV for TOX21_ERa_BLA_Antagonist_ratio: data/sample/TOX21_ERa_BLA_Antagonist_ratio.csv
Saved finetune CSV for TOX21_ERa_LUC_VM7_Agonist: data/sample/TOX21_ERa_LUC_VM7_Agonist.csv
Saved finetune CSV for TOX21_ERa_BLA_Antagonist_viability: data/sample/TOX21_ERa_BLA_Antagonist_viability.csv
Saved finetune CSV for TOX21_ERa_LUC_VM7_Antagonist_0.5nM_E2: data/sample/TOX21_ERa_LUC_VM7_Antagonist_0.5nM_E2.csv
Saved finetune CSV for TOX21_ERa_BLA_Antagonist_ch2: data/sample/TOX21_ERa_BLA_Antagonist_ch2.csv
Saved finetune CSV for TOX21_ERa_BLA_Antagonist_ch1: data/sample/TOX21_ERa_BLA_Antagonist_ch1.csv
Saved finetune CSV for TOX21_ERa_LUC_VM7_Antagonist_0.5nM_E2_viability: data/sample/TOX21_ERa_LUC_VM7_Antagonist_0.5nM_E2_viability.csv
Saved finetune CSV for TOX21_ERa_BLA_Agonist_ch2: data/sample/TOX21_ERa_BLA_Agonist_ch2.csv
Saved finetune CSV for TOX21_ERa_BLA_Agonist_ch1: data/sample/TOX21_ERa_BLA_Agonist_ch1.csv
Saved finetune CSV for TOX21_ERa_BLA_Agonist_ratio: data/sample/TOX21_ERa_BLA_Agonist_ratio.csv
Saved finetune CSV for TOX21_ERb_BLA_Antagonist_ch1: data/sample/TOX21_ERb_BLA_Antagonist_ch1.csv
Saved finetune CSV for TOX21_ERb_BLA_Antagonist_ch2: data/sample/TOX21_ERb_BLA_Antagonist_ch2.csv
Saved finetune CSV for TOX21_ERb_BLA_Agonist_viability: data/sample/TOX21_ERb_BLA_Agonist_viability.csv
Saved finetune CSV for TOX21_ERb_BLA_Agonist_ratio: data/sample/TOX21_ERb_BLA_Agonist_ratio.csv
Saved finetune CSV for TOX21_ERb_BLA_Agonist_ch2: data/sample/TOX21_ERb_BLA_Agonist_ch2.csv
Saved finetune CSV for TOX21_ERb_BLA_Agonist_ch1: data/sample/TOX21_ERb_BLA_Agonist_ch1.csv
Saved finetune CSV for TOX21_ERR_LUC_Agonist: data/sample/TOX21_ERR_LUC_Agonist.csv
Saved finetune CSV for TOX21_ERa_LUC_VM7_Agonist_10nM_ICI182780_viability: data/sample/TOX21_ERa_LUC_VM7_Agonist_10nM_ICI182780_viability.csv
Saved finetune CSV for TOX21_ERa_LUC_VM7_Antagonist_0.1nM_E2: data/sample/TOX21_ERa_LUC_VM7_Antagonist_0.1nM_E2.csv
Saved finetune CSV for TOX21_ERb_BLA_Antagonist_ratio: data/sample/TOX21_ERb_BLA_Antagonist_ratio.csv
Saved finetune CSV for TOX21_ERa_LUC_VM7_Agonist_10nM_ICI182780: data/sample/TOX21_ERa_LUC_VM7_Agonist_10nM_ICI182780.csv
Saved finetune CSV for TOX21_ERR_LUC_viability: data/sample/TOX21_ERR_LUC_viability.csv
Saved finetune CSV for TOX21_ERR_LUC_Antagonist: data/sample/TOX21_ERR_LUC_Antagonist.csv
Saved finetune CSV for TOX21_ERa_LUC_VM7_Antagonist_0.1nM_E2_viability: data/sample/TOX21_ERa_LUC_VM7_Antagonist_0.1nM_E2_viability.csv
Saved finetune CSV for TOX21_ERb_BLA_Antagonist_viability: data/sample/TOX21_ERb_BLA_Antagonist_viability.csv
[2/4] Pretraining on TOX21_ERa_BLA_Antagonist_viability using GIN_GCN...
Epoch 1/100 - Loss: 0.5859 - Val F1: 0.1395 - Val ROC-AUC: 0.7664 - Val PR-AUC: 0.1837
Epoch 2/100 - Loss: 0.4949 - Val F1: 0.1306 - Val ROC-AUC: 0.7337 - Val PR-AUC: 0.1658
Epoch 3/100 - Loss: 0.4613 - Val F1: 0.1614 - Val ROC-AUC: 0.7690 - Val PR-AUC: 0.2110
Epoch 4/100 - Loss: 0.4281 - Val F1: 0.1869 - Val ROC-AUC: 0.7814 - Val PR-AUC: 0.2355
Epoch 5/100 - Loss: 0.4031 - Val F1: 0.1581 - Val ROC-AUC: 0.7493 - Val PR-AUC: 0.1041
Epoch 6/100 - Loss: 0.3716 - Val F1: 0.1543 - Val ROC-AUC: 0.7475 - Val PR-AUC: 0.1245
Epoch 7/100 - Loss: 0.3665 - Val F1: 0.1624 - Val ROC-AUC: 0.7786 - Val PR-AUC: 0.1831
Epoch 8/100 - Loss: 0.3465 - Val F1: 0.1657 - Val ROC-AUC: 0.7635 - Val PR-AUC: 0.1321
Epoch 9/100 - Loss: 0.3086 - Val F1: 0.1895 - Val ROC-AUC: 0.7461 - Val PR-AUC: 0.1641
Epoch 10/100 - Loss: 0.3167 - Val F1: 0.1791 - Val ROC-AUC: 0.7782 - Val PR-AUC: 0.1376
Epoch 11/100 - Loss: 0.2804 - Val F1: 0.1488 - Val ROC-AUC: 0.7584 - Val PR-AUC: 0.1366
Epoch 12/100 - Loss: 0.2702 - Val F1: 0.1931 - Val ROC-AUC: 0.7742 - Val PR-AUC: 0.1483
Epoch 13/100 - Loss: 0.2516 - Val F1: 0.1695 - Val ROC-AUC: 0.7650 - Val PR-AUC: 0.1520
Epoch 14/100 - Loss: 0.2565 - Val F1: 0.1613 - Val ROC-AUC: 0.7655 - Val PR-AUC: 0.1589
Epoch 15/100 - Loss: 0.2339 - Val F1: 0.1754 - Val ROC-AUC: 0.7766 - Val PR-AUC: 0.1687
Epoch 16/100 - Loss: 0.2229 - Val F1: 0.2000 - Val ROC-AUC: 0.7685 - Val PR-AUC: 0.1547
Epoch 17/100 - Loss: 0.2169 - Val F1: 0.1863 - Val ROC-AUC: 0.7497 - Val PR-AUC: 0.1695
Epoch 18/100 - Loss: 0.2220 - Val F1: 0.1942 - Val ROC-AUC: 0.7587 - Val PR-AUC: 0.1694
Epoch 19/100 - Loss: 0.1995 - Val F1: 0.1778 - Val ROC-AUC: 0.7671 - Val PR-AUC: 0.1453
Epoch 20/100 - Loss: 0.2026 - Val F1: 0.1818 - Val ROC-AUC: 0.7462 - Val PR-AUC: 0.1698
Epoch 21/100 - Loss: 0.1609 - Val F1: 0.1575 - Val ROC-AUC: 0.7496 - Val PR-AUC: 0.1796
Epoch 22/100 - Loss: 0.1459 - Val F1: 0.1746 - Val ROC-AUC: 0.7413 - Val PR-AUC: 0.1674
Epoch 23/100 - Loss: 0.1535 - Val F1: 0.1579 - Val ROC-AUC: 0.7623 - Val PR-AUC: 0.1816
Epoch 24/100 - Loss: 0.1594 - Val F1: 0.2069 - Val ROC-AUC: 0.7448 - Val PR-AUC: 0.1876
Epoch 25/100 - Loss: 0.1440 - Val F1: 0.2075 - Val ROC-AUC: 0.7407 - Val PR-AUC: 0.1666
Epoch 26/100 - Loss: 0.1371 - Val F1: 0.1653 - Val ROC-AUC: 0.7256 - Val PR-AUC: 0.1881
Epoch 27/100 - Loss: 0.1406 - Val F1: 0.1724 - Val ROC-AUC: 0.7316 - Val PR-AUC: 0.2160
Epoch 28/100 - Loss: 0.1391 - Val F1: 0.1727 - Val ROC-AUC: 0.7207 - Val PR-AUC: 0.1391
Epoch 29/100 - Loss: 0.1428 - Val F1: 0.1626 - Val ROC-AUC: 0.7224 - Val PR-AUC: 0.1850
Epoch 30/100 - Loss: 0.1415 - Val F1: 0.1731 - Val ROC-AUC: 0.7371 - Val PR-AUC: 0.1844
Epoch 31/100 - Loss: 0.1164 - Val F1: 0.1887 - Val ROC-AUC: 0.7455 - Val PR-AUC: 0.1931
Epoch 32/100 - Loss: 0.0974 - Val F1: 0.2020 - Val ROC-AUC: 0.7336 - Val PR-AUC: 0.2032
Epoch 33/100 - Loss: 0.1077 - Val F1: 0.2062 - Val ROC-AUC: 0.7395 - Val PR-AUC: 0.2004
Epoch 34/100 - Loss: 0.1165 - Val F1: 0.2472 - Val ROC-AUC: 0.7402 - Val PR-AUC: 0.1917
Epoch 35/100 - Loss: 0.1048 - Val F1: 0.2198 - Val ROC-AUC: 0.7296 - Val PR-AUC: 0.1994
Epoch 36/100 - Loss: 0.0976 - Val F1: 0.1913 - Val ROC-AUC: 0.7253 - Val PR-AUC: 0.2024
Epoch 37/100 - Loss: 0.0992 - Val F1: 0.2062 - Val ROC-AUC: 0.7380 - Val PR-AUC: 0.1607
Epoch 38/100 - Loss: 0.1049 - Val F1: 0.1869 - Val ROC-AUC: 0.7288 - Val PR-AUC: 0.2228
Epoch 39/100 - Loss: 0.1032 - Val F1: 0.2292 - Val ROC-AUC: 0.7361 - Val PR-AUC: 0.1793
Epoch 40/100 - Loss: 0.0987 - Val F1: 0.2299 - Val ROC-AUC: 0.7243 - Val PR-AUC: 0.1661
Epoch 41/100 - Loss: 0.0930 - Val F1: 0.2469 - Val ROC-AUC: 0.7286 - Val PR-AUC: 0.2058
Epoch 42/100 - Loss: 0.0964 - Val F1: 0.2247 - Val ROC-AUC: 0.7396 - Val PR-AUC: 0.2306
Epoch 43/100 - Loss: 0.0786 - Val F1: 0.2245 - Val ROC-AUC: 0.7286 - Val PR-AUC: 0.2193
Epoch 44/100 - Loss: 0.0824 - Val F1: 0.2366 - Val ROC-AUC: 0.7268 - Val PR-AUC: 0.2215
Epoch 45/100 - Loss: 0.0850 - Val F1: 0.2326 - Val ROC-AUC: 0.7322 - Val PR-AUC: 0.2002
Epoch 46/100 - Loss: 0.0826 - Val F1: 0.2083 - Val ROC-AUC: 0.7266 - Val PR-AUC: 0.2054
Epoch 47/100 - Loss: 0.0770 - Val F1: 0.2069 - Val ROC-AUC: 0.7336 - Val PR-AUC: 0.2155
Epoch 48/100 - Loss: 0.0775 - Val F1: 0.2410 - Val ROC-AUC: 0.7240 - Val PR-AUC: 0.1991
Epoch 49/100 - Loss: 0.0781 - Val F1: 0.2750 - Val ROC-AUC: 0.7263 - Val PR-AUC: 0.2300
Epoch 50/100 - Loss: 0.0698 - Val F1: 0.2178 - Val ROC-AUC: 0.7309 - Val PR-AUC: 0.2350
Epoch 51/100 - Loss: 0.0786 - Val F1: 0.2410 - Val ROC-AUC: 0.7327 - Val PR-AUC: 0.2369
Epoch 52/100 - Loss: 0.0748 - Val F1: 0.2472 - Val ROC-AUC: 0.7257 - Val PR-AUC: 0.2269
Epoch 53/100 - Loss: 0.0730 - Val F1: 0.2703 - Val ROC-AUC: 0.7270 - Val PR-AUC: 0.2310
Epoch 54/100 - Loss: 0.0812 - Val F1: 0.2326 - Val ROC-AUC: 0.7267 - Val PR-AUC: 0.2134
Epoch 55/100 - Loss: 0.0720 - Val F1: 0.2703 - Val ROC-AUC: 0.7301 - Val PR-AUC: 0.1906
Epoch 56/100 - Loss: 0.0799 - Val F1: 0.2381 - Val ROC-AUC: 0.7287 - Val PR-AUC: 0.2243
Epoch 57/100 - Loss: 0.0784 - Val F1: 0.2418 - Val ROC-AUC: 0.7271 - Val PR-AUC: 0.2389
Epoch 58/100 - Loss: 0.0741 - Val F1: 0.2683 - Val ROC-AUC: 0.7325 - Val PR-AUC: 0.2416
Epoch 59/100 - Loss: 0.0649 - Val F1: 0.2299 - Val ROC-AUC: 0.7262 - Val PR-AUC: 0.2293
Epoch 60/100 - Loss: 0.0691 - Val F1: 0.2418 - Val ROC-AUC: 0.7326 - Val PR-AUC: 0.2342
Epoch 61/100 - Loss: 0.0678 - Val F1: 0.2529 - Val ROC-AUC: 0.7339 - Val PR-AUC: 0.2470
Epoch 62/100 - Loss: 0.0654 - Val F1: 0.2785 - Val ROC-AUC: 0.7328 - Val PR-AUC: 0.2461
Epoch 63/100 - Loss: 0.0644 - Val F1: 0.2821 - Val ROC-AUC: 0.7207 - Val PR-AUC: 0.2359
Epoch 64/100 - Loss: 0.0659 - Val F1: 0.2821 - Val ROC-AUC: 0.7305 - Val PR-AUC: 0.2397
Epoch 65/100 - Loss: 0.0754 - Val F1: 0.2597 - Val ROC-AUC: 0.7203 - Val PR-AUC: 0.2505
Epoch 66/100 - Loss: 0.0661 - Val F1: 0.2821 - Val ROC-AUC: 0.7289 - Val PR-AUC: 0.2535
Epoch 67/100 - Loss: 0.0672 - Val F1: 0.2821 - Val ROC-AUC: 0.7290 - Val PR-AUC: 0.2430
Epoch 68/100 - Loss: 0.0690 - Val F1: 0.2857 - Val ROC-AUC: 0.7264 - Val PR-AUC: 0.2205
Epoch 69/100 - Loss: 0.0649 - Val F1: 0.2703 - Val ROC-AUC: 0.7331 - Val PR-AUC: 0.2347
Epoch 70/100 - Loss: 0.0576 - Val F1: 0.2588 - Val ROC-AUC: 0.7347 - Val PR-AUC: 0.2460
Epoch 71/100 - Loss: 0.0660 - Val F1: 0.2821 - Val ROC-AUC: 0.7307 - Val PR-AUC: 0.2410
Epoch 72/100 - Loss: 0.0630 - Val F1: 0.2973 - Val ROC-AUC: 0.7287 - Val PR-AUC: 0.2435
Epoch 73/100 - Loss: 0.0707 - Val F1: 0.2821 - Val ROC-AUC: 0.7283 - Val PR-AUC: 0.2440
Epoch 74/100 - Loss: 0.0701 - Val F1: 0.2619 - Val ROC-AUC: 0.7270 - Val PR-AUC: 0.2374
Epoch 75/100 - Loss: 0.0624 - Val F1: 0.2716 - Val ROC-AUC: 0.7328 - Val PR-AUC: 0.2400
Epoch 76/100 - Loss: 0.0653 - Val F1: 0.2716 - Val ROC-AUC: 0.7303 - Val PR-AUC: 0.2367
Epoch 77/100 - Loss: 0.0643 - Val F1: 0.2683 - Val ROC-AUC: 0.7304 - Val PR-AUC: 0.2334
Epoch 78/100 - Loss: 0.0582 - Val F1: 0.2785 - Val ROC-AUC: 0.7269 - Val PR-AUC: 0.2327
Epoch 79/100 - Loss: 0.0678 - Val F1: 0.2703 - Val ROC-AUC: 0.7232 - Val PR-AUC: 0.2179
Epoch 80/100 - Loss: 0.0612 - Val F1: 0.2973 - Val ROC-AUC: 0.7278 - Val PR-AUC: 0.2378
Epoch 81/100 - Loss: 0.0732 - Val F1: 0.2895 - Val ROC-AUC: 0.7270 - Val PR-AUC: 0.2356
Epoch 82/100 - Loss: 0.0622 - Val F1: 0.2817 - Val ROC-AUC: 0.7282 - Val PR-AUC: 0.2452
Epoch 83/100 - Loss: 0.0635 - Val F1: 0.2558 - Val ROC-AUC: 0.7305 - Val PR-AUC: 0.2385
Epoch 84/100 - Loss: 0.0616 - Val F1: 0.3014 - Val ROC-AUC: 0.7276 - Val PR-AUC: 0.2347
Epoch 85/100 - Loss: 0.0618 - Val F1: 0.2857 - Val ROC-AUC: 0.7297 - Val PR-AUC: 0.2351
Epoch 86/100 - Loss: 0.0622 - Val F1: 0.2750 - Val ROC-AUC: 0.7286 - Val PR-AUC: 0.2346
Epoch 87/100 - Loss: 0.0640 - Val F1: 0.2651 - Val ROC-AUC: 0.7339 - Val PR-AUC: 0.2379
Epoch 88/100 - Loss: 0.0700 - Val F1: 0.2895 - Val ROC-AUC: 0.7295 - Val PR-AUC: 0.2390
Epoch 89/100 - Loss: 0.0596 - Val F1: 0.2857 - Val ROC-AUC: 0.7310 - Val PR-AUC: 0.2358
Epoch 90/100 - Loss: 0.0662 - Val F1: 0.2785 - Val ROC-AUC: 0.7301 - Val PR-AUC: 0.2287
Epoch 91/100 - Loss: 0.0698 - Val F1: 0.2651 - Val ROC-AUC: 0.7275 - Val PR-AUC: 0.2182
Epoch 92/100 - Loss: 0.0624 - Val F1: 0.2683 - Val ROC-AUC: 0.7242 - Val PR-AUC: 0.2338
Epoch 93/100 - Loss: 0.0595 - Val F1: 0.2667 - Val ROC-AUC: 0.7280 - Val PR-AUC: 0.2379
Epoch 94/100 - Loss: 0.0576 - Val F1: 0.2857 - Val ROC-AUC: 0.7292 - Val PR-AUC: 0.2354
Epoch 95/100 - Loss: 0.0615 - Val F1: 0.2500 - Val ROC-AUC: 0.7309 - Val PR-AUC: 0.2355
Epoch 96/100 - Loss: 0.0621 - Val F1: 0.2651 - Val ROC-AUC: 0.7301 - Val PR-AUC: 0.2373
Epoch 97/100 - Loss: 0.0658 - Val F1: 0.2857 - Val ROC-AUC: 0.7299 - Val PR-AUC: 0.2345
Epoch 98/100 - Loss: 0.0657 - Val F1: 0.2740 - Val ROC-AUC: 0.7311 - Val PR-AUC: 0.2322
Epoch 99/100 - Loss: 0.0681 - Val F1: 0.2895 - Val ROC-AUC: 0.7308 - Val PR-AUC: 0.2346
Epoch 100/100 - Loss: 0.0707 - Val F1: 0.2857 - Val ROC-AUC: 0.7270 - Val PR-AUC: 0.2275
Pretraining completed. Test F1: 0.3333, ROC-AUC: 0.7809, PR-AUC: 0.2848
[3/4] Finetuning on TOX21_ERa_BLA_Antagonist_viability using GIN_GCN...
[Fine-tune] Epoch 1/50 - Loss: 0.1987 - Val F1: 0.2115 - Val ROC-AUC: 0.7812 - Val PR-AUC: 0.2005
[Fine-tune] Epoch 2/50 - Loss: 0.1850 - Val F1: 0.1791 - Val ROC-AUC: 0.7426 - Val PR-AUC: 0.1594
[Fine-tune] Epoch 3/50 - Loss: 0.1830 - Val F1: 0.2025 - Val ROC-AUC: 0.7612 - Val PR-AUC: 0.1413
[Fine-tune] Epoch 4/50 - Loss: 0.1502 - Val F1: 0.1654 - Val ROC-AUC: 0.7831 - Val PR-AUC: 0.1598
[Fine-tune] Epoch 5/50 - Loss: 0.1752 - Val F1: 0.2137 - Val ROC-AUC: 0.7799 - Val PR-AUC: 0.1899
[Fine-tune] Epoch 6/50 - Loss: 0.1938 - Val F1: 0.2027 - Val ROC-AUC: 0.7749 - Val PR-AUC: 0.1604
[Fine-tune] Epoch 7/50 - Loss: 0.1671 - Val F1: 0.1818 - Val ROC-AUC: 0.7617 - Val PR-AUC: 0.1638
[Fine-tune] Epoch 8/50 - Loss: 0.1502 - Val F1: 0.2131 - Val ROC-AUC: 0.7780 - Val PR-AUC: 0.1565
[Fine-tune] Epoch 9/50 - Loss: 0.1623 - Val F1: 0.1887 - Val ROC-AUC: 0.7765 - Val PR-AUC: 0.1320
[Fine-tune] Epoch 10/50 - Loss: 0.1551 - Val F1: 0.2083 - Val ROC-AUC: 0.7903 - Val PR-AUC: 0.1734
[Fine-tune] Epoch 11/50 - Loss: 0.1283 - Val F1: 0.2642 - Val ROC-AUC: 0.7977 - Val PR-AUC: 0.1669
[Fine-tune] Epoch 12/50 - Loss: 0.1050 - Val F1: 0.1961 - Val ROC-AUC: 0.7763 - Val PR-AUC: 0.1552
[Fine-tune] Epoch 13/50 - Loss: 0.1120 - Val F1: 0.2051 - Val ROC-AUC: 0.7717 - Val PR-AUC: 0.1792
[Fine-tune] Epoch 14/50 - Loss: 0.1130 - Val F1: 0.2151 - Val ROC-AUC: 0.7691 - Val PR-AUC: 0.1603
[Fine-tune] Epoch 15/50 - Loss: 0.1015 - Val F1: 0.2105 - Val ROC-AUC: 0.7887 - Val PR-AUC: 0.1493
[Fine-tune] Epoch 16/50 - Loss: 0.1049 - Val F1: 0.2059 - Val ROC-AUC: 0.7351 - Val PR-AUC: 0.1432
[Fine-tune] Epoch 17/50 - Loss: 0.0854 - Val F1: 0.2617 - Val ROC-AUC: 0.7851 - Val PR-AUC: 0.1641
[Fine-tune] Epoch 18/50 - Loss: 0.1034 - Val F1: 0.2500 - Val ROC-AUC: 0.7780 - Val PR-AUC: 0.1600
[Fine-tune] Epoch 19/50 - Loss: 0.0940 - Val F1: 0.2000 - Val ROC-AUC: 0.7709 - Val PR-AUC: 0.1740
[Fine-tune] Epoch 20/50 - Loss: 0.0903 - Val F1: 0.2474 - Val ROC-AUC: 0.7726 - Val PR-AUC: 0.2374
[Fine-tune] Epoch 21/50 - Loss: 0.0829 - Val F1: 0.2651 - Val ROC-AUC: 0.7606 - Val PR-AUC: 0.1879
[Fine-tune] Epoch 22/50 - Loss: 0.0749 - Val F1: 0.2532 - Val ROC-AUC: 0.7732 - Val PR-AUC: 0.1827
[Fine-tune] Epoch 23/50 - Loss: 0.0624 - Val F1: 0.2703 - Val ROC-AUC: 0.7686 - Val PR-AUC: 0.1604
[Fine-tune] Epoch 24/50 - Loss: 0.0681 - Val F1: 0.2500 - Val ROC-AUC: 0.7681 - Val PR-AUC: 0.1920
[Fine-tune] Epoch 25/50 - Loss: 0.0634 - Val F1: 0.1842 - Val ROC-AUC: 0.7577 - Val PR-AUC: 0.1405
[Fine-tune] Epoch 26/50 - Loss: 0.0751 - Val F1: 0.2899 - Val ROC-AUC: 0.7820 - Val PR-AUC: 0.2004
[Fine-tune] Epoch 27/50 - Loss: 0.0670 - Val F1: 0.2857 - Val ROC-AUC: 0.7633 - Val PR-AUC: 0.1702
[Fine-tune] Epoch 28/50 - Loss: 0.0689 - Val F1: 0.2319 - Val ROC-AUC: 0.7823 - Val PR-AUC: 0.1662
[Fine-tune] Epoch 29/50 - Loss: 0.0590 - Val F1: 0.2683 - Val ROC-AUC: 0.7717 - Val PR-AUC: 0.1815
[Fine-tune] Epoch 30/50 - Loss: 0.0557 - Val F1: 0.2532 - Val ROC-AUC: 0.7804 - Val PR-AUC: 0.1526
[Fine-tune] Epoch 31/50 - Loss: 0.0583 - Val F1: 0.2432 - Val ROC-AUC: 0.7685 - Val PR-AUC: 0.1428
[Fine-tune] Epoch 32/50 - Loss: 0.0579 - Val F1: 0.2597 - Val ROC-AUC: 0.7745 - Val PR-AUC: 0.1592
[Fine-tune] Epoch 33/50 - Loss: 0.0572 - Val F1: 0.2571 - Val ROC-AUC: 0.7660 - Val PR-AUC: 0.1716
[Fine-tune] Epoch 34/50 - Loss: 0.0567 - Val F1: 0.2740 - Val ROC-AUC: 0.7661 - Val PR-AUC: 0.1648
[Fine-tune] Epoch 35/50 - Loss: 0.0456 - Val F1: 0.2500 - Val ROC-AUC: 0.7747 - Val PR-AUC: 0.1541
[Fine-tune] Epoch 36/50 - Loss: 0.0605 - Val F1: 0.2286 - Val ROC-AUC: 0.7706 - Val PR-AUC: 0.1798
[Fine-tune] Epoch 37/50 - Loss: 0.0494 - Val F1: 0.2400 - Val ROC-AUC: 0.7670 - Val PR-AUC: 0.1651
[Fine-tune] Epoch 38/50 - Loss: 0.0537 - Val F1: 0.2188 - Val ROC-AUC: 0.7657 - Val PR-AUC: 0.1538
[Fine-tune] Epoch 39/50 - Loss: 0.0539 - Val F1: 0.2368 - Val ROC-AUC: 0.7614 - Val PR-AUC: 0.1620
[Fine-tune] Epoch 40/50 - Loss: 0.0445 - Val F1: 0.2821 - Val ROC-AUC: 0.7664 - Val PR-AUC: 0.1483
[Fine-tune] Epoch 41/50 - Loss: 0.0391 - Val F1: 0.2597 - Val ROC-AUC: 0.7719 - Val PR-AUC: 0.1770
[Fine-tune] Epoch 42/50 - Loss: 0.0457 - Val F1: 0.2632 - Val ROC-AUC: 0.7671 - Val PR-AUC: 0.1549
[Fine-tune] Epoch 43/50 - Loss: 0.0459 - Val F1: 0.2740 - Val ROC-AUC: 0.7684 - Val PR-AUC: 0.1559
[Fine-tune] Epoch 44/50 - Loss: 0.0450 - Val F1: 0.2400 - Val ROC-AUC: 0.7650 - Val PR-AUC: 0.1522
[Fine-tune] Epoch 45/50 - Loss: 0.0435 - Val F1: 0.2609 - Val ROC-AUC: 0.7630 - Val PR-AUC: 0.1537
[Fine-tune] Epoch 46/50 - Loss: 0.0442 - Val F1: 0.2319 - Val ROC-AUC: 0.7657 - Val PR-AUC: 0.1719
[Fine-tune] Epoch 47/50 - Loss: 0.0426 - Val F1: 0.1846 - Val ROC-AUC: 0.7663 - Val PR-AUC: 0.1533
[Fine-tune] Epoch 48/50 - Loss: 0.0464 - Val F1: 0.2597 - Val ROC-AUC: 0.7678 - Val PR-AUC: 0.1472
[Fine-tune] Epoch 49/50 - Loss: 0.0428 - Val F1: 0.2597 - Val ROC-AUC: 0.7751 - Val PR-AUC: 0.1642
[Fine-tune] Epoch 50/50 - Loss: 0.0398 - Val F1: 0.2353 - Val ROC-AUC: 0.7736 - Val PR-AUC: 0.1567
Finetuning completed. Test F1: 0.3457, ROC-AUC: 0.8270, PR-AUC: 0.3039
[3.1/4] Target-only training on TOX21_ERa_BLA_Antagonist_viability using GIN_GCN...
=== Target-only training ===
[Target-only] Epoch 1/50 – Loss: 0.5814  Val F1: 0.1607  ROC-AUC: 0.7641  PR-AUC: 0.1314
[Target-only] Epoch 2/50 – Loss: 0.4929  Val F1: 0.1635  ROC-AUC: 0.7502  PR-AUC: 0.0998
[Target-only] Epoch 3/50 – Loss: 0.4483  Val F1: 0.1585  ROC-AUC: 0.7521  PR-AUC: 0.1203
[Target-only] Epoch 4/50 – Loss: 0.4100  Val F1: 0.1742  ROC-AUC: 0.7805  PR-AUC: 0.1026
[Target-only] Epoch 5/50 – Loss: 0.3834  Val F1: 0.1765  ROC-AUC: 0.7780  PR-AUC: 0.1618
[Target-only] Epoch 6/50 – Loss: 0.3516  Val F1: 0.1767  ROC-AUC: 0.7929  PR-AUC: 0.1587
[Target-only] Epoch 7/50 – Loss: 0.3456  Val F1: 0.1676  ROC-AUC: 0.7699  PR-AUC: 0.1630
[Target-only] Epoch 8/50 – Loss: 0.3255  Val F1: 0.2025  ROC-AUC: 0.7839  PR-AUC: 0.1199
[Target-only] Epoch 9/50 – Loss: 0.3103  Val F1: 0.2100  ROC-AUC: 0.7988  PR-AUC: 0.1771
[Target-only] Epoch 10/50 – Loss: 0.3103  Val F1: 0.1746  ROC-AUC: 0.7853  PR-AUC: 0.1328
[Target-only] Epoch 11/50 – Loss: 0.2708  Val F1: 0.2264  ROC-AUC: 0.8139  PR-AUC: 0.1979
[Target-only] Epoch 12/50 – Loss: 0.2555  Val F1: 0.1406  ROC-AUC: 0.7678  PR-AUC: 0.1357
[Target-only] Epoch 13/50 – Loss: 0.2448  Val F1: 0.1368  ROC-AUC: 0.7750  PR-AUC: 0.1475
[Target-only] Epoch 14/50 – Loss: 0.2335  Val F1: 0.1781  ROC-AUC: 0.7718  PR-AUC: 0.1203
[Target-only] Epoch 15/50 – Loss: 0.2313  Val F1: 0.1613  ROC-AUC: 0.7417  PR-AUC: 0.1462
[Target-only] Epoch 16/50 – Loss: 0.2294  Val F1: 0.1818  ROC-AUC: 0.7324  PR-AUC: 0.1074
[Target-only] Epoch 17/50 – Loss: 0.2214  Val F1: 0.1606  ROC-AUC: 0.7378  PR-AUC: 0.1082
[Target-only] Epoch 18/50 – Loss: 0.2028  Val F1: 0.1760  ROC-AUC: 0.7513  PR-AUC: 0.1400
[Target-only] Epoch 19/50 – Loss: 0.2005  Val F1: 0.1869  ROC-AUC: 0.7863  PR-AUC: 0.1714
[Target-only] Epoch 20/50 – Loss: 0.2020  Val F1: 0.2069  ROC-AUC: 0.7714  PR-AUC: 0.1247
[Target-only] Epoch 21/50 – Loss: 0.1678  Val F1: 0.1667  ROC-AUC: 0.7429  PR-AUC: 0.1883
[Target-only] Epoch 22/50 – Loss: 0.1693  Val F1: 0.1754  ROC-AUC: 0.7401  PR-AUC: 0.1256
[Target-only] Epoch 23/50 – Loss: 0.1606  Val F1: 0.2188  ROC-AUC: 0.7755  PR-AUC: 0.1514
[Target-only] Epoch 24/50 – Loss: 0.1479  Val F1: 0.1947  ROC-AUC: 0.7565  PR-AUC: 0.1429
[Target-only] Epoch 25/50 – Loss: 0.1345  Val F1: 0.2095  ROC-AUC: 0.7468  PR-AUC: 0.1915
[Target-only] Epoch 26/50 – Loss: 0.1442  Val F1: 0.1833  ROC-AUC: 0.7671  PR-AUC: 0.1703
[Target-only] Epoch 27/50 – Loss: 0.1455  Val F1: 0.1944  ROC-AUC: 0.7650  PR-AUC: 0.1227
[Target-only] Epoch 28/50 – Loss: 0.1470  Val F1: 0.1724  ROC-AUC: 0.7541  PR-AUC: 0.1297
[Target-only] Epoch 29/50 – Loss: 0.1391  Val F1: 0.1957  ROC-AUC: 0.7407  PR-AUC: 0.1622
[Target-only] Epoch 30/50 – Loss: 0.1307  Val F1: 0.1982  ROC-AUC: 0.7568  PR-AUC: 0.1412
[Target-only] Epoch 31/50 – Loss: 0.1254  Val F1: 0.1882  ROC-AUC: 0.7546  PR-AUC: 0.1441
[Target-only] Epoch 32/50 – Loss: 0.1233  Val F1: 0.2083  ROC-AUC: 0.7457  PR-AUC: 0.1385
[Target-only] Epoch 33/50 – Loss: 0.1269  Val F1: 0.2222  ROC-AUC: 0.7481  PR-AUC: 0.1515
[Target-only] Epoch 34/50 – Loss: 0.1106  Val F1: 0.2500  ROC-AUC: 0.7684  PR-AUC: 0.1384
[Target-only] Epoch 35/50 – Loss: 0.1167  Val F1: 0.1818  ROC-AUC: 0.7226  PR-AUC: 0.1247
[Target-only] Epoch 36/50 – Loss: 0.1106  Val F1: 0.1895  ROC-AUC: 0.7268  PR-AUC: 0.1326
[Target-only] Epoch 37/50 – Loss: 0.1151  Val F1: 0.2268  ROC-AUC: 0.7410  PR-AUC: 0.1494
[Target-only] Epoch 38/50 – Loss: 0.1140  Val F1: 0.2000  ROC-AUC: 0.7546  PR-AUC: 0.1556
[Target-only] Epoch 39/50 – Loss: 0.1008  Val F1: 0.1782  ROC-AUC: 0.7330  PR-AUC: 0.1289
[Target-only] Epoch 40/50 – Loss: 0.1066  Val F1: 0.1778  ROC-AUC: 0.7628  PR-AUC: 0.1467
[Target-only] Epoch 41/50 – Loss: 0.0909  Val F1: 0.1684  ROC-AUC: 0.7578  PR-AUC: 0.1414
[Target-only] Epoch 42/50 – Loss: 0.1013  Val F1: 0.2143  ROC-AUC: 0.7568  PR-AUC: 0.1584
[Target-only] Epoch 43/50 – Loss: 0.0965  Val F1: 0.2250  ROC-AUC: 0.7514  PR-AUC: 0.1435
[Target-only] Epoch 44/50 – Loss: 0.0895  Val F1: 0.2174  ROC-AUC: 0.7612  PR-AUC: 0.1600
[Target-only] Epoch 45/50 – Loss: 0.0859  Val F1: 0.2198  ROC-AUC: 0.7587  PR-AUC: 0.1586
[Target-only] Epoch 46/50 – Loss: 0.0905  Val F1: 0.2118  ROC-AUC: 0.7586  PR-AUC: 0.1619
[Target-only] Epoch 47/50 – Loss: 0.0888  Val F1: 0.2273  ROC-AUC: 0.7536  PR-AUC: 0.1470
[Target-only] Epoch 48/50 – Loss: 0.0889  Val F1: 0.2093  ROC-AUC: 0.7486  PR-AUC: 0.1473
[Target-only] Epoch 49/50 – Loss: 0.0863  Val F1: 0.2151  ROC-AUC: 0.7537  PR-AUC: 0.1485
[Target-only] Epoch 50/50 – Loss: 0.0942  Val F1: 0.2278  ROC-AUC: 0.7590  PR-AUC: 0.1480
=== Target-only TEST performance ===
Test F1: 0.2991, ROC-AUC: 0.8135, PR-AUC: 0.3021
✅ 실험 완료: TOX21_ERa_BLA_Antagonist_viability -> TOX21_ERa_BLA_Antagonist_viability [GIN_GCN]
