[11:01:49] Can't kekulize mol.  Unkekulized atoms: 1 2 3 4 5
[11:01:49] Explicit valence for atom # 0 Cl, 2, is greater than permitted
[11:01:50] Can't kekulize mol.  Unkekulized atoms: 3 4 5 6 7
[11:01:50] Can't kekulize mol.  Unkekulized atoms: 3 4 5 6 7
[11:01:51] WARNING: not removing hydrogen atom without neighbors
[11:01:53] Explicit valence for atom # 3 Si, 8, is greater than permitted
[11:01:53] Can't kekulize mol.  Unkekulized atoms: 1 2 3 4 5
[11:01:53] Can't kekulize mol.  Unkekulized atoms: 3 4 5 6 7
[11:01:54] Can't kekulize mol.  Unkekulized atoms: 1 2 3 4 5
[11:01:54] WARNING: not removing hydrogen atom without neighbors
[11:01:54] Can't kekulize mol.  Unkekulized atoms: 1 2 3 4 5
[11:01:54] Explicit valence for atom # 6 O, 3, is greater than permitted
[11:01:54] Explicit valence for atom # 3 Si, 8, is greater than permitted
[11:01:55] Explicit valence for atom # 0 Cl, 2, is greater than permitted
[11:04:25] Can't kekulize mol.  Unkekulized atoms: 1 2 3 4 5
[11:04:25] Explicit valence for atom # 0 Cl, 2, is greater than permitted
[11:04:26] Can't kekulize mol.  Unkekulized atoms: 3 4 5 6 7
[11:04:26] Can't kekulize mol.  Unkekulized atoms: 3 4 5 6 7
[11:04:29] Can't kekulize mol.  Unkekulized atoms: 1 2 3 4 5
[11:04:29] Can't kekulize mol.  Unkekulized atoms: 3 4 5 6 7
[11:04:29] Can't kekulize mol.  Unkekulized atoms: 1 2 3 4 5
[11:04:29] WARNING: not removing hydrogen atom without neighbors
[11:04:30] Can't kekulize mol.  Unkekulized atoms: 1 2 3 4 5
[11:04:30] Explicit valence for atom # 6 O, 3, is greater than permitted
[11:04:30] Explicit valence for atom # 3 Si, 8, is greater than permitted
[11:04:30] Explicit valence for atom # 0 Cl, 2, is greater than permitted
[11:05:46] Can't kekulize mol.  Unkekulized atoms: 1 2 3 4 5
[11:05:46] Explicit valence for atom # 0 Cl, 2, is greater than permitted
[11:05:47] Can't kekulize mol.  Unkekulized atoms: 3 4 5 6 7
[11:05:47] Can't kekulize mol.  Unkekulized atoms: 3 4 5 6 7
[11:05:50] Can't kekulize mol.  Unkekulized atoms: 1 2 3 4 5
[11:05:50] Can't kekulize mol.  Unkekulized atoms: 3 4 5 6 7
[11:05:50] Can't kekulize mol.  Unkekulized atoms: 1 2 3 4 5
[11:05:50] WARNING: not removing hydrogen atom without neighbors
[11:05:51] Can't kekulize mol.  Unkekulized atoms: 1 2 3 4 5
[11:05:51] Explicit valence for atom # 6 O, 3, is greater than permitted
[11:05:51] Explicit valence for atom # 3 Si, 8, is greater than permitted
[11:05:51] Explicit valence for atom # 0 Cl, 2, is greater than permitted
