[1/4] Excel → CSV 변환 중...
Saved pretrain CSV for TOX21_ERa_BLA_Antagonist_ratio: data/sample/TOX21_ERa_BLA_Antagonist_ratio.csv
Saved pretrain CSV for TOX21_ERa_LUC_VM7_Agonist: data/sample/TOX21_ERa_LUC_VM7_Agonist.csv
Saved pretrain CSV for TOX21_ERa_BLA_Antagonist_viability: data/sample/TOX21_ERa_BLA_Antagonist_viability.csv
Saved pretrain CSV for TOX21_ERa_LUC_VM7_Antagonist_0.5nM_E2: data/sample/TOX21_ERa_LUC_VM7_Antagonist_0.5nM_E2.csv
Saved pretrain CSV for TOX21_ERa_BLA_Antagonist_ch2: data/sample/TOX21_ERa_BLA_Antagonist_ch2.csv
Saved pretrain CSV for TOX21_ERa_BLA_Antagonist_ch1: data/sample/TOX21_ERa_BLA_Antagonist_ch1.csv
Saved pretrain CSV for TOX21_ERa_LUC_VM7_Antagonist_0.5nM_E2_viability: data/sample/TOX21_ERa_LUC_VM7_Antagonist_0.5nM_E2_viability.csv
Saved pretrain CSV for TOX21_ERa_BLA_Agonist_ch2: data/sample/TOX21_ERa_BLA_Agonist_ch2.csv
Saved pretrain CSV for TOX21_ERa_BLA_Agonist_ch1: data/sample/TOX21_ERa_BLA_Agonist_ch1.csv
Saved pretrain CSV for TOX21_ERa_BLA_Agonist_ratio: data/sample/TOX21_ERa_BLA_Agonist_ratio.csv
Saved pretrain CSV for TOX21_ERb_BLA_Antagonist_ch1: data/sample/TOX21_ERb_BLA_Antagonist_ch1.csv
Saved pretrain CSV for TOX21_ERb_BLA_Antagonist_ch2: data/sample/TOX21_ERb_BLA_Antagonist_ch2.csv
Saved pretrain CSV for TOX21_ERb_BLA_Agonist_viability: data/sample/TOX21_ERb_BLA_Agonist_viability.csv
Saved pretrain CSV for TOX21_ERb_BLA_Agonist_ratio: data/sample/TOX21_ERb_BLA_Agonist_ratio.csv
Saved pretrain CSV for TOX21_ERb_BLA_Agonist_ch2: data/sample/TOX21_ERb_BLA_Agonist_ch2.csv
Saved pretrain CSV for TOX21_ERb_BLA_Agonist_ch1: data/sample/TOX21_ERb_BLA_Agonist_ch1.csv
Saved pretrain CSV for TOX21_ERR_LUC_Agonist: data/sample/TOX21_ERR_LUC_Agonist.csv
Saved pretrain CSV for TOX21_ERa_LUC_VM7_Agonist_10nM_ICI182780_viability: data/sample/TOX21_ERa_LUC_VM7_Agonist_10nM_ICI182780_viability.csv
Saved pretrain CSV for TOX21_ERa_LUC_VM7_Antagonist_0.1nM_E2: data/sample/TOX21_ERa_LUC_VM7_Antagonist_0.1nM_E2.csv
Saved pretrain CSV for TOX21_ERb_BLA_Antagonist_ratio: data/sample/TOX21_ERb_BLA_Antagonist_ratio.csv
Saved pretrain CSV for TOX21_ERa_LUC_VM7_Agonist_10nM_ICI182780: data/sample/TOX21_ERa_LUC_VM7_Agonist_10nM_ICI182780.csv
Saved pretrain CSV for TOX21_ERR_LUC_viability: data/sample/TOX21_ERR_LUC_viability.csv
Saved pretrain CSV for TOX21_ERR_LUC_Antagonist: data/sample/TOX21_ERR_LUC_Antagonist.csv
Saved pretrain CSV for TOX21_ERa_LUC_VM7_Antagonist_0.1nM_E2_viability: data/sample/TOX21_ERa_LUC_VM7_Antagonist_0.1nM_E2_viability.csv
Saved pretrain CSV for TOX21_ERb_BLA_Antagonist_viability: data/sample/TOX21_ERb_BLA_Antagonist_viability.csv
Saved finetune CSV for TOX21_ERa_BLA_Antagonist_ratio: data/sample/TOX21_ERa_BLA_Antagonist_ratio.csv
Saved finetune CSV for TOX21_ERa_LUC_VM7_Agonist: data/sample/TOX21_ERa_LUC_VM7_Agonist.csv
Saved finetune CSV for TOX21_ERa_BLA_Antagonist_viability: data/sample/TOX21_ERa_BLA_Antagonist_viability.csv
Saved finetune CSV for TOX21_ERa_LUC_VM7_Antagonist_0.5nM_E2: data/sample/TOX21_ERa_LUC_VM7_Antagonist_0.5nM_E2.csv
Saved finetune CSV for TOX21_ERa_BLA_Antagonist_ch2: data/sample/TOX21_ERa_BLA_Antagonist_ch2.csv
Saved finetune CSV for TOX21_ERa_BLA_Antagonist_ch1: data/sample/TOX21_ERa_BLA_Antagonist_ch1.csv
Saved finetune CSV for TOX21_ERa_LUC_VM7_Antagonist_0.5nM_E2_viability: data/sample/TOX21_ERa_LUC_VM7_Antagonist_0.5nM_E2_viability.csv
Saved finetune CSV for TOX21_ERa_BLA_Agonist_ch2: data/sample/TOX21_ERa_BLA_Agonist_ch2.csv
Saved finetune CSV for TOX21_ERa_BLA_Agonist_ch1: data/sample/TOX21_ERa_BLA_Agonist_ch1.csv
Saved finetune CSV for TOX21_ERa_BLA_Agonist_ratio: data/sample/TOX21_ERa_BLA_Agonist_ratio.csv
Saved finetune CSV for TOX21_ERb_BLA_Antagonist_ch1: data/sample/TOX21_ERb_BLA_Antagonist_ch1.csv
Saved finetune CSV for TOX21_ERb_BLA_Antagonist_ch2: data/sample/TOX21_ERb_BLA_Antagonist_ch2.csv
Saved finetune CSV for TOX21_ERb_BLA_Agonist_viability: data/sample/TOX21_ERb_BLA_Agonist_viability.csv
Saved finetune CSV for TOX21_ERb_BLA_Agonist_ratio: data/sample/TOX21_ERb_BLA_Agonist_ratio.csv
Saved finetune CSV for TOX21_ERb_BLA_Agonist_ch2: data/sample/TOX21_ERb_BLA_Agonist_ch2.csv
Saved finetune CSV for TOX21_ERb_BLA_Agonist_ch1: data/sample/TOX21_ERb_BLA_Agonist_ch1.csv
Saved finetune CSV for TOX21_ERR_LUC_Agonist: data/sample/TOX21_ERR_LUC_Agonist.csv
Saved finetune CSV for TOX21_ERa_LUC_VM7_Agonist_10nM_ICI182780_viability: data/sample/TOX21_ERa_LUC_VM7_Agonist_10nM_ICI182780_viability.csv
Saved finetune CSV for TOX21_ERa_LUC_VM7_Antagonist_0.1nM_E2: data/sample/TOX21_ERa_LUC_VM7_Antagonist_0.1nM_E2.csv
Saved finetune CSV for TOX21_ERb_BLA_Antagonist_ratio: data/sample/TOX21_ERb_BLA_Antagonist_ratio.csv
Saved finetune CSV for TOX21_ERa_LUC_VM7_Agonist_10nM_ICI182780: data/sample/TOX21_ERa_LUC_VM7_Agonist_10nM_ICI182780.csv
Saved finetune CSV for TOX21_ERR_LUC_viability: data/sample/TOX21_ERR_LUC_viability.csv
Saved finetune CSV for TOX21_ERR_LUC_Antagonist: data/sample/TOX21_ERR_LUC_Antagonist.csv
Saved finetune CSV for TOX21_ERa_LUC_VM7_Antagonist_0.1nM_E2_viability: data/sample/TOX21_ERa_LUC_VM7_Antagonist_0.1nM_E2_viability.csv
Saved finetune CSV for TOX21_ERb_BLA_Antagonist_viability: data/sample/TOX21_ERb_BLA_Antagonist_viability.csv
[2/4] Pretraining on TOX21_ERa_BLA_Antagonist_ratio using GIN_GCN...
Epoch 1/100 - Loss: 0.6313 - Val F1: 0.3096 - Val ROC-AUC: 0.7005 - Val PR-AUC: 0.2484
Epoch 2/100 - Loss: 0.6010 - Val F1: 0.3389 - Val ROC-AUC: 0.7304 - Val PR-AUC: 0.2722
Epoch 3/100 - Loss: 0.5676 - Val F1: 0.3575 - Val ROC-AUC: 0.7501 - Val PR-AUC: 0.2765
Epoch 4/100 - Loss: 0.5524 - Val F1: 0.3418 - Val ROC-AUC: 0.7595 - Val PR-AUC: 0.2845
Epoch 5/100 - Loss: 0.5463 - Val F1: 0.3361 - Val ROC-AUC: 0.7699 - Val PR-AUC: 0.2994
Epoch 6/100 - Loss: 0.5369 - Val F1: 0.3640 - Val ROC-AUC: 0.7639 - Val PR-AUC: 0.2919
Epoch 7/100 - Loss: 0.5296 - Val F1: 0.3443 - Val ROC-AUC: 0.7781 - Val PR-AUC: 0.3100
Epoch 8/100 - Loss: 0.5219 - Val F1: 0.3463 - Val ROC-AUC: 0.7591 - Val PR-AUC: 0.2709
Epoch 9/100 - Loss: 0.5145 - Val F1: 0.3656 - Val ROC-AUC: 0.7678 - Val PR-AUC: 0.2950
Epoch 10/100 - Loss: 0.4961 - Val F1: 0.3834 - Val ROC-AUC: 0.7814 - Val PR-AUC: 0.2883
Epoch 11/100 - Loss: 0.4817 - Val F1: 0.3989 - Val ROC-AUC: 0.7925 - Val PR-AUC: 0.3450
Epoch 12/100 - Loss: 0.4684 - Val F1: 0.3963 - Val ROC-AUC: 0.7953 - Val PR-AUC: 0.3391
Epoch 13/100 - Loss: 0.4529 - Val F1: 0.4000 - Val ROC-AUC: 0.8064 - Val PR-AUC: 0.3509
Epoch 14/100 - Loss: 0.4547 - Val F1: 0.4132 - Val ROC-AUC: 0.8181 - Val PR-AUC: 0.3737
Epoch 15/100 - Loss: 0.4476 - Val F1: 0.4187 - Val ROC-AUC: 0.8231 - Val PR-AUC: 0.3788
Epoch 16/100 - Loss: 0.4377 - Val F1: 0.4063 - Val ROC-AUC: 0.8156 - Val PR-AUC: 0.3507
Epoch 17/100 - Loss: 0.4490 - Val F1: 0.4326 - Val ROC-AUC: 0.8159 - Val PR-AUC: 0.3632
Epoch 18/100 - Loss: 0.4324 - Val F1: 0.4190 - Val ROC-AUC: 0.8092 - Val PR-AUC: 0.3499
Epoch 19/100 - Loss: 0.4290 - Val F1: 0.4239 - Val ROC-AUC: 0.8237 - Val PR-AUC: 0.3879
Epoch 20/100 - Loss: 0.4123 - Val F1: 0.4010 - Val ROC-AUC: 0.8063 - Val PR-AUC: 0.3700
Epoch 21/100 - Loss: 0.4193 - Val F1: 0.4294 - Val ROC-AUC: 0.8257 - Val PR-AUC: 0.3748
Epoch 22/100 - Loss: 0.4005 - Val F1: 0.4217 - Val ROC-AUC: 0.8187 - Val PR-AUC: 0.3707
Epoch 23/100 - Loss: 0.3952 - Val F1: 0.4302 - Val ROC-AUC: 0.8300 - Val PR-AUC: 0.3872
Epoch 24/100 - Loss: 0.3872 - Val F1: 0.4360 - Val ROC-AUC: 0.8263 - Val PR-AUC: 0.3972
Epoch 25/100 - Loss: 0.3859 - Val F1: 0.4369 - Val ROC-AUC: 0.8210 - Val PR-AUC: 0.3719
Epoch 26/100 - Loss: 0.3664 - Val F1: 0.4082 - Val ROC-AUC: 0.8130 - Val PR-AUC: 0.3546
Epoch 27/100 - Loss: 0.3682 - Val F1: 0.4271 - Val ROC-AUC: 0.8190 - Val PR-AUC: 0.3803
Epoch 28/100 - Loss: 0.3745 - Val F1: 0.4286 - Val ROC-AUC: 0.8192 - Val PR-AUC: 0.3817
Epoch 29/100 - Loss: 0.3613 - Val F1: 0.4160 - Val ROC-AUC: 0.8200 - Val PR-AUC: 0.3760
Epoch 30/100 - Loss: 0.3543 - Val F1: 0.4259 - Val ROC-AUC: 0.8228 - Val PR-AUC: 0.3800
Epoch 31/100 - Loss: 0.3450 - Val F1: 0.4416 - Val ROC-AUC: 0.8207 - Val PR-AUC: 0.3733
Epoch 32/100 - Loss: 0.3314 - Val F1: 0.4528 - Val ROC-AUC: 0.8226 - Val PR-AUC: 0.3674
Epoch 33/100 - Loss: 0.3265 - Val F1: 0.4272 - Val ROC-AUC: 0.8118 - Val PR-AUC: 0.3668
Epoch 34/100 - Loss: 0.3135 - Val F1: 0.4674 - Val ROC-AUC: 0.8305 - Val PR-AUC: 0.3868
Epoch 35/100 - Loss: 0.3161 - Val F1: 0.4304 - Val ROC-AUC: 0.8185 - Val PR-AUC: 0.3758
Epoch 36/100 - Loss: 0.3046 - Val F1: 0.4690 - Val ROC-AUC: 0.8199 - Val PR-AUC: 0.3810
