[1/4] Excel → CSV 변환 중...
Saved pretrain CSV for TOX21_ERa_BLA_Antagonist_ratio: data/sample/TOX21_ERa_BLA_Antagonist_ratio.csv
Saved pretrain CSV for TOX21_ERa_LUC_VM7_Agonist: data/sample/TOX21_ERa_LUC_VM7_Agonist.csv
Saved pretrain CSV for TOX21_ERa_BLA_Antagonist_viability: data/sample/TOX21_ERa_BLA_Antagonist_viability.csv
Saved pretrain CSV for TOX21_ERa_LUC_VM7_Antagonist_0.5nM_E2: data/sample/TOX21_ERa_LUC_VM7_Antagonist_0.5nM_E2.csv
Saved pretrain CSV for TOX21_ERa_BLA_Antagonist_ch2: data/sample/TOX21_ERa_BLA_Antagonist_ch2.csv
Saved pretrain CSV for TOX21_ERa_BLA_Antagonist_ch1: data/sample/TOX21_ERa_BLA_Antagonist_ch1.csv
Saved pretrain CSV for TOX21_ERa_LUC_VM7_Antagonist_0.5nM_E2_viability: data/sample/TOX21_ERa_LUC_VM7_Antagonist_0.5nM_E2_viability.csv
Saved pretrain CSV for TOX21_ERa_BLA_Agonist_ch2: data/sample/TOX21_ERa_BLA_Agonist_ch2.csv
Saved pretrain CSV for TOX21_ERa_BLA_Agonist_ch1: data/sample/TOX21_ERa_BLA_Agonist_ch1.csv
Saved pretrain CSV for TOX21_ERa_BLA_Agonist_ratio: data/sample/TOX21_ERa_BLA_Agonist_ratio.csv
Saved pretrain CSV for TOX21_ERb_BLA_Antagonist_ch1: data/sample/TOX21_ERb_BLA_Antagonist_ch1.csv
Saved pretrain CSV for TOX21_ERb_BLA_Antagonist_ch2: data/sample/TOX21_ERb_BLA_Antagonist_ch2.csv
Saved pretrain CSV for TOX21_ERb_BLA_Agonist_viability: data/sample/TOX21_ERb_BLA_Agonist_viability.csv
Saved pretrain CSV for TOX21_ERb_BLA_Agonist_ratio: data/sample/TOX21_ERb_BLA_Agonist_ratio.csv
Saved pretrain CSV for TOX21_ERb_BLA_Agonist_ch2: data/sample/TOX21_ERb_BLA_Agonist_ch2.csv
Saved pretrain CSV for TOX21_ERb_BLA_Agonist_ch1: data/sample/TOX21_ERb_BLA_Agonist_ch1.csv
Saved pretrain CSV for TOX21_ERR_LUC_Agonist: data/sample/TOX21_ERR_LUC_Agonist.csv
Saved pretrain CSV for TOX21_ERa_LUC_VM7_Agonist_10nM_ICI182780_viability: data/sample/TOX21_ERa_LUC_VM7_Agonist_10nM_ICI182780_viability.csv
Saved pretrain CSV for TOX21_ERa_LUC_VM7_Antagonist_0.1nM_E2: data/sample/TOX21_ERa_LUC_VM7_Antagonist_0.1nM_E2.csv
Saved pretrain CSV for TOX21_ERb_BLA_Antagonist_ratio: data/sample/TOX21_ERb_BLA_Antagonist_ratio.csv
Saved pretrain CSV for TOX21_ERa_LUC_VM7_Agonist_10nM_ICI182780: data/sample/TOX21_ERa_LUC_VM7_Agonist_10nM_ICI182780.csv
Saved pretrain CSV for TOX21_ERR_LUC_viability: data/sample/TOX21_ERR_LUC_viability.csv
Saved pretrain CSV for TOX21_ERR_LUC_Antagonist: data/sample/TOX21_ERR_LUC_Antagonist.csv
Saved pretrain CSV for TOX21_ERa_LUC_VM7_Antagonist_0.1nM_E2_viability: data/sample/TOX21_ERa_LUC_VM7_Antagonist_0.1nM_E2_viability.csv
Saved pretrain CSV for TOX21_ERb_BLA_Antagonist_viability: data/sample/TOX21_ERb_BLA_Antagonist_viability.csv
Saved finetune CSV for TOX21_ERa_BLA_Antagonist_ratio: data/sample/TOX21_ERa_BLA_Antagonist_ratio.csv
Saved finetune CSV for TOX21_ERa_LUC_VM7_Agonist: data/sample/TOX21_ERa_LUC_VM7_Agonist.csv
Saved finetune CSV for TOX21_ERa_BLA_Antagonist_viability: data/sample/TOX21_ERa_BLA_Antagonist_viability.csv
Saved finetune CSV for TOX21_ERa_LUC_VM7_Antagonist_0.5nM_E2: data/sample/TOX21_ERa_LUC_VM7_Antagonist_0.5nM_E2.csv
Saved finetune CSV for TOX21_ERa_BLA_Antagonist_ch2: data/sample/TOX21_ERa_BLA_Antagonist_ch2.csv
Saved finetune CSV for TOX21_ERa_BLA_Antagonist_ch1: data/sample/TOX21_ERa_BLA_Antagonist_ch1.csv
Saved finetune CSV for TOX21_ERa_LUC_VM7_Antagonist_0.5nM_E2_viability: data/sample/TOX21_ERa_LUC_VM7_Antagonist_0.5nM_E2_viability.csv
Saved finetune CSV for TOX21_ERa_BLA_Agonist_ch2: data/sample/TOX21_ERa_BLA_Agonist_ch2.csv
Saved finetune CSV for TOX21_ERa_BLA_Agonist_ch1: data/sample/TOX21_ERa_BLA_Agonist_ch1.csv
Saved finetune CSV for TOX21_ERa_BLA_Agonist_ratio: data/sample/TOX21_ERa_BLA_Agonist_ratio.csv
Saved finetune CSV for TOX21_ERb_BLA_Antagonist_ch1: data/sample/TOX21_ERb_BLA_Antagonist_ch1.csv
Saved finetune CSV for TOX21_ERb_BLA_Antagonist_ch2: data/sample/TOX21_ERb_BLA_Antagonist_ch2.csv
Saved finetune CSV for TOX21_ERb_BLA_Agonist_viability: data/sample/TOX21_ERb_BLA_Agonist_viability.csv
Saved finetune CSV for TOX21_ERb_BLA_Agonist_ratio: data/sample/TOX21_ERb_BLA_Agonist_ratio.csv
Saved finetune CSV for TOX21_ERb_BLA_Agonist_ch2: data/sample/TOX21_ERb_BLA_Agonist_ch2.csv
Saved finetune CSV for TOX21_ERb_BLA_Agonist_ch1: data/sample/TOX21_ERb_BLA_Agonist_ch1.csv
Saved finetune CSV for TOX21_ERR_LUC_Agonist: data/sample/TOX21_ERR_LUC_Agonist.csv
Saved finetune CSV for TOX21_ERa_LUC_VM7_Agonist_10nM_ICI182780_viability: data/sample/TOX21_ERa_LUC_VM7_Agonist_10nM_ICI182780_viability.csv
Saved finetune CSV for TOX21_ERa_LUC_VM7_Antagonist_0.1nM_E2: data/sample/TOX21_ERa_LUC_VM7_Antagonist_0.1nM_E2.csv
Saved finetune CSV for TOX21_ERb_BLA_Antagonist_ratio: data/sample/TOX21_ERb_BLA_Antagonist_ratio.csv
Saved finetune CSV for TOX21_ERa_LUC_VM7_Agonist_10nM_ICI182780: data/sample/TOX21_ERa_LUC_VM7_Agonist_10nM_ICI182780.csv
Saved finetune CSV for TOX21_ERR_LUC_viability: data/sample/TOX21_ERR_LUC_viability.csv
Saved finetune CSV for TOX21_ERR_LUC_Antagonist: data/sample/TOX21_ERR_LUC_Antagonist.csv
Saved finetune CSV for TOX21_ERa_LUC_VM7_Antagonist_0.1nM_E2_viability: data/sample/TOX21_ERa_LUC_VM7_Antagonist_0.1nM_E2_viability.csv
Saved finetune CSV for TOX21_ERb_BLA_Antagonist_viability: data/sample/TOX21_ERb_BLA_Antagonist_viability.csv
[2/4] Pretraining on TOX21_ERa_LUC_VM7_Agonist using GIN_GCN...
Epoch 1/100 - Loss: 0.6710 - Val F1: 0.2466 - Val ROC-AUC: 0.6088 - Val PR-AUC: 0.2365
Epoch 2/100 - Loss: 0.6498 - Val F1: 0.2923 - Val ROC-AUC: 0.6413 - Val PR-AUC: 0.2404
Epoch 3/100 - Loss: 0.6352 - Val F1: 0.2679 - Val ROC-AUC: 0.6483 - Val PR-AUC: 0.2541
Epoch 4/100 - Loss: 0.6202 - Val F1: 0.2923 - Val ROC-AUC: 0.6829 - Val PR-AUC: 0.2782
Epoch 5/100 - Loss: 0.6160 - Val F1: 0.2844 - Val ROC-AUC: 0.6580 - Val PR-AUC: 0.2726
Epoch 6/100 - Loss: 0.6116 - Val F1: 0.2886 - Val ROC-AUC: 0.6818 - Val PR-AUC: 0.2420
Epoch 7/100 - Loss: 0.6095 - Val F1: 0.2523 - Val ROC-AUC: 0.6264 - Val PR-AUC: 0.2740
Epoch 8/100 - Loss: 0.6013 - Val F1: 0.2454 - Val ROC-AUC: 0.6399 - Val PR-AUC: 0.2523
Epoch 9/100 - Loss: 0.5972 - Val F1: 0.2715 - Val ROC-AUC: 0.6550 - Val PR-AUC: 0.2753
Epoch 10/100 - Loss: 0.5968 - Val F1: 0.2979 - Val ROC-AUC: 0.6879 - Val PR-AUC: 0.2829
Epoch 11/100 - Loss: 0.5815 - Val F1: 0.3061 - Val ROC-AUC: 0.6804 - Val PR-AUC: 0.2830
Epoch 12/100 - Loss: 0.5637 - Val F1: 0.3024 - Val ROC-AUC: 0.6820 - Val PR-AUC: 0.2987
Epoch 13/100 - Loss: 0.5568 - Val F1: 0.2684 - Val ROC-AUC: 0.6506 - Val PR-AUC: 0.2813
Epoch 14/100 - Loss: 0.5547 - Val F1: 0.2891 - Val ROC-AUC: 0.6692 - Val PR-AUC: 0.2936
Epoch 15/100 - Loss: 0.5455 - Val F1: 0.3099 - Val ROC-AUC: 0.6818 - Val PR-AUC: 0.3157
Epoch 16/100 - Loss: 0.5415 - Val F1: 0.2992 - Val ROC-AUC: 0.6675 - Val PR-AUC: 0.2671
Epoch 17/100 - Loss: 0.5393 - Val F1: 0.3032 - Val ROC-AUC: 0.6818 - Val PR-AUC: 0.2735
Epoch 18/100 - Loss: 0.5311 - Val F1: 0.3291 - Val ROC-AUC: 0.6681 - Val PR-AUC: 0.2754
Epoch 19/100 - Loss: 0.5388 - Val F1: 0.2672 - Val ROC-AUC: 0.6549 - Val PR-AUC: 0.2563
Epoch 20/100 - Loss: 0.5259 - Val F1: 0.2834 - Val ROC-AUC: 0.6684 - Val PR-AUC: 0.2952
Epoch 21/100 - Loss: 0.5044 - Val F1: 0.3068 - Val ROC-AUC: 0.6727 - Val PR-AUC: 0.2744
Epoch 22/100 - Loss: 0.5041 - Val F1: 0.2965 - Val ROC-AUC: 0.6670 - Val PR-AUC: 0.2796
Epoch 23/100 - Loss: 0.4845 - Val F1: 0.3000 - Val ROC-AUC: 0.6730 - Val PR-AUC: 0.2818
Epoch 24/100 - Loss: 0.4925 - Val F1: 0.3035 - Val ROC-AUC: 0.6703 - Val PR-AUC: 0.2678
Epoch 25/100 - Loss: 0.4930 - Val F1: 0.3055 - Val ROC-AUC: 0.6820 - Val PR-AUC: 0.2865
Epoch 26/100 - Loss: 0.4813 - Val F1: 0.2933 - Val ROC-AUC: 0.6595 - Val PR-AUC: 0.2417
Epoch 27/100 - Loss: 0.4725 - Val F1: 0.2971 - Val ROC-AUC: 0.6729 - Val PR-AUC: 0.2590
Epoch 28/100 - Loss: 0.4772 - Val F1: 0.3176 - Val ROC-AUC: 0.6806 - Val PR-AUC: 0.2938
Epoch 29/100 - Loss: 0.4696 - Val F1: 0.3095 - Val ROC-AUC: 0.6754 - Val PR-AUC: 0.2657
Epoch 30/100 - Loss: 0.4717 - Val F1: 0.2957 - Val ROC-AUC: 0.6749 - Val PR-AUC: 0.2890
Epoch 31/100 - Loss: 0.4537 - Val F1: 0.2991 - Val ROC-AUC: 0.6733 - Val PR-AUC: 0.2755
Epoch 32/100 - Loss: 0.4462 - Val F1: 0.3450 - Val ROC-AUC: 0.6955 - Val PR-AUC: 0.2884
Epoch 33/100 - Loss: 0.4383 - Val F1: 0.3214 - Val ROC-AUC: 0.6825 - Val PR-AUC: 0.2885
Epoch 34/100 - Loss: 0.4513 - Val F1: 0.3043 - Val ROC-AUC: 0.6685 - Val PR-AUC: 0.2598
Epoch 35/100 - Loss: 0.4339 - Val F1: 0.3240 - Val ROC-AUC: 0.6751 - Val PR-AUC: 0.2957
Epoch 36/100 - Loss: 0.4320 - Val F1: 0.3176 - Val ROC-AUC: 0.6783 - Val PR-AUC: 0.2848
Epoch 37/100 - Loss: 0.4285 - Val F1: 0.3148 - Val ROC-AUC: 0.6743 - Val PR-AUC: 0.2800
Epoch 38/100 - Loss: 0.4310 - Val F1: 0.3557 - Val ROC-AUC: 0.6838 - Val PR-AUC: 0.3035
Epoch 39/100 - Loss: 0.4207 - Val F1: 0.3344 - Val ROC-AUC: 0.6829 - Val PR-AUC: 0.2973
Epoch 40/100 - Loss: 0.4220 - Val F1: 0.3224 - Val ROC-AUC: 0.6767 - Val PR-AUC: 0.3075
Epoch 41/100 - Loss: 0.4122 - Val F1: 0.3270 - Val ROC-AUC: 0.6645 - Val PR-AUC: 0.2787
Epoch 42/100 - Loss: 0.4248 - Val F1: 0.3062 - Val ROC-AUC: 0.6596 - Val PR-AUC: 0.2643
Epoch 43/100 - Loss: 0.4104 - Val F1: 0.3016 - Val ROC-AUC: 0.6791 - Val PR-AUC: 0.2969
Epoch 44/100 - Loss: 0.4005 - Val F1: 0.3333 - Val ROC-AUC: 0.6780 - Val PR-AUC: 0.3165
Epoch 45/100 - Loss: 0.4116 - Val F1: 0.3265 - Val ROC-AUC: 0.6722 - Val PR-AUC: 0.2902
Epoch 46/100 - Loss: 0.4065 - Val F1: 0.3248 - Val ROC-AUC: 0.6777 - Val PR-AUC: 0.3063
Epoch 47/100 - Loss: 0.3932 - Val F1: 0.3253 - Val ROC-AUC: 0.6773 - Val PR-AUC: 0.3034
Epoch 48/100 - Loss: 0.3966 - Val F1: 0.3226 - Val ROC-AUC: 0.6698 - Val PR-AUC: 0.3092
Epoch 49/100 - Loss: 0.3894 - Val F1: 0.2911 - Val ROC-AUC: 0.6668 - Val PR-AUC: 0.2660
Epoch 50/100 - Loss: 0.3909 - Val F1: 0.3093 - Val ROC-AUC: 0.6714 - Val PR-AUC: 0.3018
Epoch 51/100 - Loss: 0.3832 - Val F1: 0.3344 - Val ROC-AUC: 0.6722 - Val PR-AUC: 0.3045
Epoch 52/100 - Loss: 0.3876 - Val F1: 0.3197 - Val ROC-AUC: 0.6654 - Val PR-AUC: 0.2890
Epoch 53/100 - Loss: 0.3770 - Val F1: 0.3086 - Val ROC-AUC: 0.6720 - Val PR-AUC: 0.2916
Epoch 54/100 - Loss: 0.3735 - Val F1: 0.2981 - Val ROC-AUC: 0.6698 - Val PR-AUC: 0.2912
Epoch 55/100 - Loss: 0.3716 - Val F1: 0.3038 - Val ROC-AUC: 0.6787 - Val PR-AUC: 0.3029
Epoch 56/100 - Loss: 0.3669 - Val F1: 0.3168 - Val ROC-AUC: 0.6701 - Val PR-AUC: 0.3079
Epoch 57/100 - Loss: 0.3779 - Val F1: 0.3133 - Val ROC-AUC: 0.6722 - Val PR-AUC: 0.2886
Epoch 58/100 - Loss: 0.3710 - Val F1: 0.2994 - Val ROC-AUC: 0.6748 - Val PR-AUC: 0.2968
Epoch 59/100 - Loss: 0.3726 - Val F1: 0.3026 - Val ROC-AUC: 0.6790 - Val PR-AUC: 0.2936
Epoch 60/100 - Loss: 0.3754 - Val F1: 0.3117 - Val ROC-AUC: 0.6717 - Val PR-AUC: 0.2940
Epoch 61/100 - Loss: 0.3545 - Val F1: 0.3121 - Val ROC-AUC: 0.6695 - Val PR-AUC: 0.2948
Epoch 62/100 - Loss: 0.3564 - Val F1: 0.3123 - Val ROC-AUC: 0.6736 - Val PR-AUC: 0.2889
Epoch 63/100 - Loss: 0.3662 - Val F1: 0.3251 - Val ROC-AUC: 0.6720 - Val PR-AUC: 0.2901
Epoch 64/100 - Loss: 0.3581 - Val F1: 0.3158 - Val ROC-AUC: 0.6671 - Val PR-AUC: 0.3004
Epoch 65/100 - Loss: 0.3563 - Val F1: 0.3113 - Val ROC-AUC: 0.6758 - Val PR-AUC: 0.2915
Epoch 66/100 - Loss: 0.3611 - Val F1: 0.3189 - Val ROC-AUC: 0.6699 - Val PR-AUC: 0.2872
Epoch 67/100 - Loss: 0.3592 - Val F1: 0.3197 - Val ROC-AUC: 0.6775 - Val PR-AUC: 0.3030
Epoch 68/100 - Loss: 0.3538 - Val F1: 0.3221 - Val ROC-AUC: 0.6774 - Val PR-AUC: 0.2989
Epoch 69/100 - Loss: 0.3661 - Val F1: 0.3310 - Val ROC-AUC: 0.6736 - Val PR-AUC: 0.2815
Epoch 70/100 - Loss: 0.3604 - Val F1: 0.3165 - Val ROC-AUC: 0.6779 - Val PR-AUC: 0.2956
Epoch 71/100 - Loss: 0.3581 - Val F1: 0.3123 - Val ROC-AUC: 0.6734 - Val PR-AUC: 0.2945
Epoch 72/100 - Loss: 0.3608 - Val F1: 0.3072 - Val ROC-AUC: 0.6721 - Val PR-AUC: 0.2896
Epoch 73/100 - Loss: 0.3498 - Val F1: 0.3217 - Val ROC-AUC: 0.6717 - Val PR-AUC: 0.2884
Epoch 74/100 - Loss: 0.3589 - Val F1: 0.3121 - Val ROC-AUC: 0.6695 - Val PR-AUC: 0.2867
Epoch 75/100 - Loss: 0.3607 - Val F1: 0.3179 - Val ROC-AUC: 0.6725 - Val PR-AUC: 0.2845
Epoch 76/100 - Loss: 0.3615 - Val F1: 0.3186 - Val ROC-AUC: 0.6705 - Val PR-AUC: 0.2992
Epoch 77/100 - Loss: 0.3489 - Val F1: 0.3197 - Val ROC-AUC: 0.6711 - Val PR-AUC: 0.3004
Epoch 78/100 - Loss: 0.3609 - Val F1: 0.3186 - Val ROC-AUC: 0.6696 - Val PR-AUC: 0.3000
Epoch 79/100 - Loss: 0.3552 - Val F1: 0.3107 - Val ROC-AUC: 0.6718 - Val PR-AUC: 0.2941
Epoch 80/100 - Loss: 0.3639 - Val F1: 0.3200 - Val ROC-AUC: 0.6723 - Val PR-AUC: 0.2962
Epoch 81/100 - Loss: 0.3529 - Val F1: 0.3168 - Val ROC-AUC: 0.6730 - Val PR-AUC: 0.2896
Epoch 82/100 - Loss: 0.3561 - Val F1: 0.3186 - Val ROC-AUC: 0.6706 - Val PR-AUC: 0.2981
Epoch 83/100 - Loss: 0.3610 - Val F1: 0.3052 - Val ROC-AUC: 0.6742 - Val PR-AUC: 0.2972
Epoch 84/100 - Loss: 0.3421 - Val F1: 0.3241 - Val ROC-AUC: 0.6706 - Val PR-AUC: 0.2978
Epoch 85/100 - Loss: 0.3580 - Val F1: 0.3219 - Val ROC-AUC: 0.6724 - Val PR-AUC: 0.2923
Epoch 86/100 - Loss: 0.3633 - Val F1: 0.3042 - Val ROC-AUC: 0.6706 - Val PR-AUC: 0.2953
Epoch 87/100 - Loss: 0.3566 - Val F1: 0.3154 - Val ROC-AUC: 0.6731 - Val PR-AUC: 0.2984
Epoch 88/100 - Loss: 0.3521 - Val F1: 0.3230 - Val ROC-AUC: 0.6737 - Val PR-AUC: 0.2949
Epoch 89/100 - Loss: 0.3421 - Val F1: 0.3038 - Val ROC-AUC: 0.6742 - Val PR-AUC: 0.2995
Epoch 90/100 - Loss: 0.3469 - Val F1: 0.3300 - Val ROC-AUC: 0.6751 - Val PR-AUC: 0.2945
Epoch 91/100 - Loss: 0.3611 - Val F1: 0.3182 - Val ROC-AUC: 0.6723 - Val PR-AUC: 0.3009
Epoch 92/100 - Loss: 0.3475 - Val F1: 0.3158 - Val ROC-AUC: 0.6693 - Val PR-AUC: 0.2923
Epoch 93/100 - Loss: 0.3455 - Val F1: 0.3287 - Val ROC-AUC: 0.6714 - Val PR-AUC: 0.2988
Epoch 94/100 - Loss: 0.3500 - Val F1: 0.3219 - Val ROC-AUC: 0.6713 - Val PR-AUC: 0.2896
Epoch 95/100 - Loss: 0.3581 - Val F1: 0.3262 - Val ROC-AUC: 0.6689 - Val PR-AUC: 0.2978
Epoch 96/100 - Loss: 0.3564 - Val F1: 0.3219 - Val ROC-AUC: 0.6740 - Val PR-AUC: 0.2987
Epoch 97/100 - Loss: 0.3497 - Val F1: 0.3148 - Val ROC-AUC: 0.6741 - Val PR-AUC: 0.3033
Epoch 98/100 - Loss: 0.3493 - Val F1: 0.3194 - Val ROC-AUC: 0.6688 - Val PR-AUC: 0.2933
Epoch 99/100 - Loss: 0.3503 - Val F1: 0.3148 - Val ROC-AUC: 0.6717 - Val PR-AUC: 0.2949
Epoch 100/100 - Loss: 0.3552 - Val F1: 0.3197 - Val ROC-AUC: 0.6734 - Val PR-AUC: 0.2967
Pretraining completed. Test F1: 0.3141, ROC-AUC: 0.6601, PR-AUC: 0.3173
[3/4] Finetuning on TOX21_ERa_BLA_Antagonist_viability using GIN_GCN...
[Fine-tune] Epoch 1/50 - Loss: 0.5327 - Val F1: 0.1705 - Val ROC-AUC: 0.7473 - Val PR-AUC: 0.1415
[Fine-tune] Epoch 2/50 - Loss: 0.4110 - Val F1: 0.1659 - Val ROC-AUC: 0.7699 - Val PR-AUC: 0.1458
[Fine-tune] Epoch 3/50 - Loss: 0.3470 - Val F1: 0.1667 - Val ROC-AUC: 0.7462 - Val PR-AUC: 0.1373
[Fine-tune] Epoch 4/50 - Loss: 0.3289 - Val F1: 0.1443 - Val ROC-AUC: 0.7434 - Val PR-AUC: 0.1128
[Fine-tune] Epoch 5/50 - Loss: 0.3090 - Val F1: 0.1468 - Val ROC-AUC: 0.7559 - Val PR-AUC: 0.1251
[Fine-tune] Epoch 6/50 - Loss: 0.2881 - Val F1: 0.1752 - Val ROC-AUC: 0.7323 - Val PR-AUC: 0.1107
[Fine-tune] Epoch 7/50 - Loss: 0.2602 - Val F1: 0.1800 - Val ROC-AUC: 0.7447 - Val PR-AUC: 0.1373
[Fine-tune] Epoch 8/50 - Loss: 0.2452 - Val F1: 0.1916 - Val ROC-AUC: 0.7447 - Val PR-AUC: 0.1346
[Fine-tune] Epoch 9/50 - Loss: 0.2449 - Val F1: 0.2069 - Val ROC-AUC: 0.7797 - Val PR-AUC: 0.2348
[Fine-tune] Epoch 10/50 - Loss: 0.2299 - Val F1: 0.1754 - Val ROC-AUC: 0.7549 - Val PR-AUC: 0.1371
[Fine-tune] Epoch 11/50 - Loss: 0.1651 - Val F1: 0.1944 - Val ROC-AUC: 0.7459 - Val PR-AUC: 0.1600
[Fine-tune] Epoch 12/50 - Loss: 0.1668 - Val F1: 0.1978 - Val ROC-AUC: 0.7643 - Val PR-AUC: 0.1553
[Fine-tune] Epoch 13/50 - Loss: 0.1458 - Val F1: 0.2391 - Val ROC-AUC: 0.7394 - Val PR-AUC: 0.1610
[Fine-tune] Epoch 14/50 - Loss: 0.1429 - Val F1: 0.1920 - Val ROC-AUC: 0.7466 - Val PR-AUC: 0.1755
[Fine-tune] Epoch 15/50 - Loss: 0.1323 - Val F1: 0.1923 - Val ROC-AUC: 0.7507 - Val PR-AUC: 0.1604
[Fine-tune] Epoch 16/50 - Loss: 0.1285 - Val F1: 0.1980 - Val ROC-AUC: 0.7698 - Val PR-AUC: 0.1446
[Fine-tune] Epoch 17/50 - Loss: 0.1392 - Val F1: 0.2469 - Val ROC-AUC: 0.7639 - Val PR-AUC: 0.2154
[Fine-tune] Epoch 18/50 - Loss: 0.1275 - Val F1: 0.1947 - Val ROC-AUC: 0.7638 - Val PR-AUC: 0.1924
[Fine-tune] Epoch 19/50 - Loss: 0.1208 - Val F1: 0.2075 - Val ROC-AUC: 0.7047 - Val PR-AUC: 0.1559
[Fine-tune] Epoch 20/50 - Loss: 0.1229 - Val F1: 0.1860 - Val ROC-AUC: 0.7495 - Val PR-AUC: 0.1830
[Fine-tune] Epoch 21/50 - Loss: 0.0941 - Val F1: 0.2118 - Val ROC-AUC: 0.7263 - Val PR-AUC: 0.1579
[Fine-tune] Epoch 22/50 - Loss: 0.0893 - Val F1: 0.2069 - Val ROC-AUC: 0.7415 - Val PR-AUC: 0.1585
[Fine-tune] Epoch 23/50 - Loss: 0.0819 - Val F1: 0.2195 - Val ROC-AUC: 0.7376 - Val PR-AUC: 0.1863
[Fine-tune] Epoch 24/50 - Loss: 0.0820 - Val F1: 0.2041 - Val ROC-AUC: 0.7352 - Val PR-AUC: 0.1843
[Fine-tune] Epoch 25/50 - Loss: 0.0836 - Val F1: 0.2353 - Val ROC-AUC: 0.7687 - Val PR-AUC: 0.1921
[Fine-tune] Epoch 26/50 - Loss: 0.0833 - Val F1: 0.1684 - Val ROC-AUC: 0.7358 - Val PR-AUC: 0.1642
[Fine-tune] Epoch 27/50 - Loss: 0.0737 - Val F1: 0.2549 - Val ROC-AUC: 0.7502 - Val PR-AUC: 0.1668
[Fine-tune] Epoch 28/50 - Loss: 0.0741 - Val F1: 0.2338 - Val ROC-AUC: 0.7382 - Val PR-AUC: 0.1613
[Fine-tune] Epoch 29/50 - Loss: 0.0775 - Val F1: 0.2812 - Val ROC-AUC: 0.7340 - Val PR-AUC: 0.1834
[Fine-tune] Epoch 30/50 - Loss: 0.0704 - Val F1: 0.2133 - Val ROC-AUC: 0.7535 - Val PR-AUC: 0.1652
[Fine-tune] Epoch 31/50 - Loss: 0.0642 - Val F1: 0.2195 - Val ROC-AUC: 0.7579 - Val PR-AUC: 0.1748
[Fine-tune] Epoch 32/50 - Loss: 0.0628 - Val F1: 0.2222 - Val ROC-AUC: 0.7264 - Val PR-AUC: 0.1653
[Fine-tune] Epoch 33/50 - Loss: 0.0672 - Val F1: 0.2439 - Val ROC-AUC: 0.7429 - Val PR-AUC: 0.1712
[Fine-tune] Epoch 34/50 - Loss: 0.0486 - Val F1: 0.2368 - Val ROC-AUC: 0.7499 - Val PR-AUC: 0.1633
[Fine-tune] Epoch 35/50 - Loss: 0.0573 - Val F1: 0.2308 - Val ROC-AUC: 0.7467 - Val PR-AUC: 0.1646
[Fine-tune] Epoch 36/50 - Loss: 0.0610 - Val F1: 0.2195 - Val ROC-AUC: 0.7551 - Val PR-AUC: 0.1748
[Fine-tune] Epoch 37/50 - Loss: 0.0604 - Val F1: 0.2299 - Val ROC-AUC: 0.7366 - Val PR-AUC: 0.1679
[Fine-tune] Epoch 38/50 - Loss: 0.0546 - Val F1: 0.2169 - Val ROC-AUC: 0.7369 - Val PR-AUC: 0.1675
[Fine-tune] Epoch 39/50 - Loss: 0.0474 - Val F1: 0.2466 - Val ROC-AUC: 0.7330 - Val PR-AUC: 0.1860
[Fine-tune] Epoch 40/50 - Loss: 0.0518 - Val F1: 0.2051 - Val ROC-AUC: 0.7474 - Val PR-AUC: 0.1791
[Fine-tune] Epoch 41/50 - Loss: 0.0464 - Val F1: 0.2254 - Val ROC-AUC: 0.7402 - Val PR-AUC: 0.1792
[Fine-tune] Epoch 42/50 - Loss: 0.0545 - Val F1: 0.2254 - Val ROC-AUC: 0.7495 - Val PR-AUC: 0.1746
[Fine-tune] Epoch 43/50 - Loss: 0.0467 - Val F1: 0.1667 - Val ROC-AUC: 0.7363 - Val PR-AUC: 0.1761
[Fine-tune] Epoch 44/50 - Loss: 0.0430 - Val F1: 0.2059 - Val ROC-AUC: 0.7419 - Val PR-AUC: 0.1689
[Fine-tune] Epoch 45/50 - Loss: 0.0460 - Val F1: 0.2000 - Val ROC-AUC: 0.7401 - Val PR-AUC: 0.1854
[Fine-tune] Epoch 46/50 - Loss: 0.0400 - Val F1: 0.1972 - Val ROC-AUC: 0.7359 - Val PR-AUC: 0.1747
[Fine-tune] Epoch 47/50 - Loss: 0.0411 - Val F1: 0.2078 - Val ROC-AUC: 0.7372 - Val PR-AUC: 0.1643
[Fine-tune] Epoch 48/50 - Loss: 0.0403 - Val F1: 0.1944 - Val ROC-AUC: 0.7322 - Val PR-AUC: 0.1722
[Fine-tune] Epoch 49/50 - Loss: 0.0484 - Val F1: 0.2029 - Val ROC-AUC: 0.7348 - Val PR-AUC: 0.1756
[Fine-tune] Epoch 50/50 - Loss: 0.0407 - Val F1: 0.1818 - Val ROC-AUC: 0.7282 - Val PR-AUC: 0.1632
Finetuning completed. Test F1: 0.3514, ROC-AUC: 0.7724, PR-AUC: 0.3366
[3.1/4] Target-only training on TOX21_ERa_BLA_Antagonist_viability using GIN_GCN...
=== Target-only training ===
[Target-only] Epoch 1/50 – Loss: 0.5644  Val F1: 0.1284  ROC-AUC: 0.7481  PR-AUC: 0.1434
[Target-only] Epoch 2/50 – Loss: 0.5014  Val F1: 0.1648  ROC-AUC: 0.7498  PR-AUC: 0.1272
[Target-only] Epoch 3/50 – Loss: 0.4548  Val F1: 0.1732  ROC-AUC: 0.7870  PR-AUC: 0.1796
[Target-only] Epoch 4/50 – Loss: 0.4265  Val F1: 0.1429  ROC-AUC: 0.7723  PR-AUC: 0.1157
[Target-only] Epoch 5/50 – Loss: 0.3932  Val F1: 0.2373  ROC-AUC: 0.7933  PR-AUC: 0.1650
[Target-only] Epoch 6/50 – Loss: 0.3618  Val F1: 0.1697  ROC-AUC: 0.8060  PR-AUC: 0.1580
[Target-only] Epoch 7/50 – Loss: 0.3590  Val F1: 0.2022  ROC-AUC: 0.7937  PR-AUC: 0.2355
[Target-only] Epoch 8/50 – Loss: 0.3461  Val F1: 0.1760  ROC-AUC: 0.7900  PR-AUC: 0.1110
[Target-only] Epoch 9/50 – Loss: 0.3242  Val F1: 0.1622  ROC-AUC: 0.7730  PR-AUC: 0.1322
[Target-only] Epoch 10/50 – Loss: 0.2912  Val F1: 0.1636  ROC-AUC: 0.7783  PR-AUC: 0.1463
[Target-only] Epoch 11/50 – Loss: 0.2534  Val F1: 0.1728  ROC-AUC: 0.7741  PR-AUC: 0.1693
[Target-only] Epoch 12/50 – Loss: 0.2581  Val F1: 0.1798  ROC-AUC: 0.7695  PR-AUC: 0.1569
[Target-only] Epoch 13/50 – Loss: 0.2384  Val F1: 0.1745  ROC-AUC: 0.7681  PR-AUC: 0.1596
[Target-only] Epoch 14/50 – Loss: 0.2280  Val F1: 0.1613  ROC-AUC: 0.7587  PR-AUC: 0.1817
[Target-only] Epoch 15/50 – Loss: 0.2270  Val F1: 0.1923  ROC-AUC: 0.7761  PR-AUC: 0.1770
[Target-only] Epoch 16/50 – Loss: 0.2216  Val F1: 0.1711  ROC-AUC: 0.7607  PR-AUC: 0.1246
[Target-only] Epoch 17/50 – Loss: 0.2071  Val F1: 0.2190  ROC-AUC: 0.7906  PR-AUC: 0.1830
[Target-only] Epoch 18/50 – Loss: 0.2196  Val F1: 0.1618  ROC-AUC: 0.7556  PR-AUC: 0.1582
[Target-only] Epoch 19/50 – Loss: 0.1996  Val F1: 0.1752  ROC-AUC: 0.7631  PR-AUC: 0.1667
[Target-only] Epoch 20/50 – Loss: 0.1911  Val F1: 0.1830  ROC-AUC: 0.7451  PR-AUC: 0.1701
[Target-only] Epoch 21/50 – Loss: 0.1746  Val F1: 0.2316  ROC-AUC: 0.7367  PR-AUC: 0.1584
[Target-only] Epoch 22/50 – Loss: 0.1543  Val F1: 0.2051  ROC-AUC: 0.7382  PR-AUC: 0.1427
[Target-only] Epoch 23/50 – Loss: 0.1565  Val F1: 0.2017  ROC-AUC: 0.7438  PR-AUC: 0.1503
[Target-only] Epoch 24/50 – Loss: 0.1490  Val F1: 0.2301  ROC-AUC: 0.7573  PR-AUC: 0.1956
[Target-only] Epoch 25/50 – Loss: 0.1596  Val F1: 0.1803  ROC-AUC: 0.7302  PR-AUC: 0.1734
[Target-only] Epoch 26/50 – Loss: 0.1428  Val F1: 0.1856  ROC-AUC: 0.7199  PR-AUC: 0.1531
[Target-only] Epoch 27/50 – Loss: 0.1426  Val F1: 0.1923  ROC-AUC: 0.7454  PR-AUC: 0.1933
[Target-only] Epoch 28/50 – Loss: 0.1432  Val F1: 0.1748  ROC-AUC: 0.7427  PR-AUC: 0.1597
[Target-only] Epoch 29/50 – Loss: 0.1282  Val F1: 0.1636  ROC-AUC: 0.7152  PR-AUC: 0.1507
[Target-only] Epoch 30/50 – Loss: 0.1315  Val F1: 0.2069  ROC-AUC: 0.7148  PR-AUC: 0.1683
[Target-only] Epoch 31/50 – Loss: 0.1222  Val F1: 0.2222  ROC-AUC: 0.7335  PR-AUC: 0.1898
[Target-only] Epoch 32/50 – Loss: 0.1029  Val F1: 0.2326  ROC-AUC: 0.7286  PR-AUC: 0.1954
[Target-only] Epoch 33/50 – Loss: 0.1182  Val F1: 0.1928  ROC-AUC: 0.7257  PR-AUC: 0.1672
[Target-only] Epoch 34/50 – Loss: 0.1046  Val F1: 0.2093  ROC-AUC: 0.7270  PR-AUC: 0.1931
[Target-only] Epoch 35/50 – Loss: 0.1072  Val F1: 0.2418  ROC-AUC: 0.7282  PR-AUC: 0.1778
[Target-only] Epoch 36/50 – Loss: 0.1153  Val F1: 0.2385  ROC-AUC: 0.7230  PR-AUC: 0.1956
[Target-only] Epoch 37/50 – Loss: 0.1077  Val F1: 0.2353  ROC-AUC: 0.7237  PR-AUC: 0.1382
[Target-only] Epoch 38/50 – Loss: 0.1083  Val F1: 0.2151  ROC-AUC: 0.7239  PR-AUC: 0.1566
[Target-only] Epoch 39/50 – Loss: 0.0975  Val F1: 0.2128  ROC-AUC: 0.7200  PR-AUC: 0.1850
[Target-only] Epoch 40/50 – Loss: 0.0979  Val F1: 0.2381  ROC-AUC: 0.7286  PR-AUC: 0.1759
[Target-only] Epoch 41/50 – Loss: 0.0956  Val F1: 0.2500  ROC-AUC: 0.7203  PR-AUC: 0.1802
[Target-only] Epoch 42/50 – Loss: 0.0957  Val F1: 0.2469  ROC-AUC: 0.7227  PR-AUC: 0.1744
[Target-only] Epoch 43/50 – Loss: 0.0884  Val F1: 0.2381  ROC-AUC: 0.7332  PR-AUC: 0.1817
[Target-only] Epoch 44/50 – Loss: 0.0921  Val F1: 0.2025  ROC-AUC: 0.7221  PR-AUC: 0.1873
[Target-only] Epoch 45/50 – Loss: 0.0876  Val F1: 0.2250  ROC-AUC: 0.7313  PR-AUC: 0.1858
[Target-only] Epoch 46/50 – Loss: 0.0792  Val F1: 0.2083  ROC-AUC: 0.7397  PR-AUC: 0.1795
[Target-only] Epoch 47/50 – Loss: 0.0839  Val F1: 0.2500  ROC-AUC: 0.7337  PR-AUC: 0.2048
[Target-only] Epoch 48/50 – Loss: 0.0920  Val F1: 0.2278  ROC-AUC: 0.7250  PR-AUC: 0.1928
[Target-only] Epoch 49/50 – Loss: 0.0835  Val F1: 0.2250  ROC-AUC: 0.7266  PR-AUC: 0.1735
[Target-only] Epoch 50/50 – Loss: 0.0817  Val F1: 0.2381  ROC-AUC: 0.7250  PR-AUC: 0.1637
=== Target-only TEST performance ===
Test F1: 0.3299, ROC-AUC: 0.7541, PR-AUC: 0.3010
✅ 실험 완료: TOX21_ERa_LUC_VM7_Agonist -> TOX21_ERa_BLA_Antagonist_viability [GIN_GCN]
