[1/4] Excel → CSV 변환 중...
Saved pretrain CSV for TOX21_ERa_BLA_Antagonist_ratio: data/sample/TOX21_ERa_BLA_Antagonist_ratio.csv
Saved pretrain CSV for TOX21_ERa_LUC_VM7_Agonist: data/sample/TOX21_ERa_LUC_VM7_Agonist.csv
Saved pretrain CSV for TOX21_ERa_BLA_Antagonist_viability: data/sample/TOX21_ERa_BLA_Antagonist_viability.csv
Saved pretrain CSV for TOX21_ERa_LUC_VM7_Antagonist_0.5nM_E2: data/sample/TOX21_ERa_LUC_VM7_Antagonist_0.5nM_E2.csv
Saved pretrain CSV for TOX21_ERa_BLA_Antagonist_ch2: data/sample/TOX21_ERa_BLA_Antagonist_ch2.csv
Saved pretrain CSV for TOX21_ERa_BLA_Antagonist_ch1: data/sample/TOX21_ERa_BLA_Antagonist_ch1.csv
Saved pretrain CSV for TOX21_ERa_LUC_VM7_Antagonist_0.5nM_E2_viability: data/sample/TOX21_ERa_LUC_VM7_Antagonist_0.5nM_E2_viability.csv
Saved pretrain CSV for TOX21_ERa_BLA_Agonist_ch2: data/sample/TOX21_ERa_BLA_Agonist_ch2.csv
Saved pretrain CSV for TOX21_ERa_BLA_Agonist_ch1: data/sample/TOX21_ERa_BLA_Agonist_ch1.csv
Saved pretrain CSV for TOX21_ERa_BLA_Agonist_ratio: data/sample/TOX21_ERa_BLA_Agonist_ratio.csv
Saved pretrain CSV for TOX21_ERb_BLA_Antagonist_ch1: data/sample/TOX21_ERb_BLA_Antagonist_ch1.csv
Saved pretrain CSV for TOX21_ERb_BLA_Antagonist_ch2: data/sample/TOX21_ERb_BLA_Antagonist_ch2.csv
Saved pretrain CSV for TOX21_ERb_BLA_Agonist_viability: data/sample/TOX21_ERb_BLA_Agonist_viability.csv
Saved pretrain CSV for TOX21_ERb_BLA_Agonist_ratio: data/sample/TOX21_ERb_BLA_Agonist_ratio.csv
Saved pretrain CSV for TOX21_ERb_BLA_Agonist_ch2: data/sample/TOX21_ERb_BLA_Agonist_ch2.csv
Saved pretrain CSV for TOX21_ERb_BLA_Agonist_ch1: data/sample/TOX21_ERb_BLA_Agonist_ch1.csv
Saved pretrain CSV for TOX21_ERR_LUC_Agonist: data/sample/TOX21_ERR_LUC_Agonist.csv
Saved pretrain CSV for TOX21_ERa_LUC_VM7_Agonist_10nM_ICI182780_viability: data/sample/TOX21_ERa_LUC_VM7_Agonist_10nM_ICI182780_viability.csv
Saved pretrain CSV for TOX21_ERa_LUC_VM7_Antagonist_0.1nM_E2: data/sample/TOX21_ERa_LUC_VM7_Antagonist_0.1nM_E2.csv
Saved pretrain CSV for TOX21_ERb_BLA_Antagonist_ratio: data/sample/TOX21_ERb_BLA_Antagonist_ratio.csv
Saved pretrain CSV for TOX21_ERa_LUC_VM7_Agonist_10nM_ICI182780: data/sample/TOX21_ERa_LUC_VM7_Agonist_10nM_ICI182780.csv
Saved pretrain CSV for TOX21_ERR_LUC_viability: data/sample/TOX21_ERR_LUC_viability.csv
Saved pretrain CSV for TOX21_ERR_LUC_Antagonist: data/sample/TOX21_ERR_LUC_Antagonist.csv
Saved pretrain CSV for TOX21_ERa_LUC_VM7_Antagonist_0.1nM_E2_viability: data/sample/TOX21_ERa_LUC_VM7_Antagonist_0.1nM_E2_viability.csv
Saved pretrain CSV for TOX21_ERb_BLA_Antagonist_viability: data/sample/TOX21_ERb_BLA_Antagonist_viability.csv
Saved finetune CSV for TOX21_ERa_BLA_Antagonist_ratio: data/sample/TOX21_ERa_BLA_Antagonist_ratio.csv
Saved finetune CSV for TOX21_ERa_LUC_VM7_Agonist: data/sample/TOX21_ERa_LUC_VM7_Agonist.csv
Saved finetune CSV for TOX21_ERa_BLA_Antagonist_viability: data/sample/TOX21_ERa_BLA_Antagonist_viability.csv
Saved finetune CSV for TOX21_ERa_LUC_VM7_Antagonist_0.5nM_E2: data/sample/TOX21_ERa_LUC_VM7_Antagonist_0.5nM_E2.csv
Saved finetune CSV for TOX21_ERa_BLA_Antagonist_ch2: data/sample/TOX21_ERa_BLA_Antagonist_ch2.csv
Saved finetune CSV for TOX21_ERa_BLA_Antagonist_ch1: data/sample/TOX21_ERa_BLA_Antagonist_ch1.csv
Saved finetune CSV for TOX21_ERa_LUC_VM7_Antagonist_0.5nM_E2_viability: data/sample/TOX21_ERa_LUC_VM7_Antagonist_0.5nM_E2_viability.csv
Saved finetune CSV for TOX21_ERa_BLA_Agonist_ch2: data/sample/TOX21_ERa_BLA_Agonist_ch2.csv
Saved finetune CSV for TOX21_ERa_BLA_Agonist_ch1: data/sample/TOX21_ERa_BLA_Agonist_ch1.csv
Saved finetune CSV for TOX21_ERa_BLA_Agonist_ratio: data/sample/TOX21_ERa_BLA_Agonist_ratio.csv
Saved finetune CSV for TOX21_ERb_BLA_Antagonist_ch1: data/sample/TOX21_ERb_BLA_Antagonist_ch1.csv
Saved finetune CSV for TOX21_ERb_BLA_Antagonist_ch2: data/sample/TOX21_ERb_BLA_Antagonist_ch2.csv
Saved finetune CSV for TOX21_ERb_BLA_Agonist_viability: data/sample/TOX21_ERb_BLA_Agonist_viability.csv
Saved finetune CSV for TOX21_ERb_BLA_Agonist_ratio: data/sample/TOX21_ERb_BLA_Agonist_ratio.csv
Saved finetune CSV for TOX21_ERb_BLA_Agonist_ch2: data/sample/TOX21_ERb_BLA_Agonist_ch2.csv
Saved finetune CSV for TOX21_ERb_BLA_Agonist_ch1: data/sample/TOX21_ERb_BLA_Agonist_ch1.csv
Saved finetune CSV for TOX21_ERR_LUC_Agonist: data/sample/TOX21_ERR_LUC_Agonist.csv
Saved finetune CSV for TOX21_ERa_LUC_VM7_Agonist_10nM_ICI182780_viability: data/sample/TOX21_ERa_LUC_VM7_Agonist_10nM_ICI182780_viability.csv
Saved finetune CSV for TOX21_ERa_LUC_VM7_Antagonist_0.1nM_E2: data/sample/TOX21_ERa_LUC_VM7_Antagonist_0.1nM_E2.csv
Saved finetune CSV for TOX21_ERb_BLA_Antagonist_ratio: data/sample/TOX21_ERb_BLA_Antagonist_ratio.csv
Saved finetune CSV for TOX21_ERa_LUC_VM7_Agonist_10nM_ICI182780: data/sample/TOX21_ERa_LUC_VM7_Agonist_10nM_ICI182780.csv
Saved finetune CSV for TOX21_ERR_LUC_viability: data/sample/TOX21_ERR_LUC_viability.csv
Saved finetune CSV for TOX21_ERR_LUC_Antagonist: data/sample/TOX21_ERR_LUC_Antagonist.csv
Saved finetune CSV for TOX21_ERa_LUC_VM7_Antagonist_0.1nM_E2_viability: data/sample/TOX21_ERa_LUC_VM7_Antagonist_0.1nM_E2_viability.csv
Saved finetune CSV for TOX21_ERb_BLA_Antagonist_viability: data/sample/TOX21_ERb_BLA_Antagonist_viability.csv
[2/4] Pretraining on TOX21_ERa_BLA_Antagonist_ratio using GIN_GCN...
Epoch 1/100 - Loss: 0.6148 - Val F1: 0.2893 - Val ROC-AUC: 0.7085 - Val PR-AUC: 0.2256
Epoch 2/100 - Loss: 0.5935 - Val F1: 0.3380 - Val ROC-AUC: 0.7352 - Val PR-AUC: 0.2700
Epoch 3/100 - Loss: 0.5627 - Val F1: 0.3545 - Val ROC-AUC: 0.7421 - Val PR-AUC: 0.2894
Epoch 4/100 - Loss: 0.5453 - Val F1: 0.3244 - Val ROC-AUC: 0.7417 - Val PR-AUC: 0.2627
Epoch 5/100 - Loss: 0.5445 - Val F1: 0.3821 - Val ROC-AUC: 0.7714 - Val PR-AUC: 0.3127
Epoch 6/100 - Loss: 0.5415 - Val F1: 0.3543 - Val ROC-AUC: 0.7514 - Val PR-AUC: 0.2888
Epoch 7/100 - Loss: 0.5207 - Val F1: 0.3846 - Val ROC-AUC: 0.7920 - Val PR-AUC: 0.3390
Epoch 8/100 - Loss: 0.5108 - Val F1: 0.3810 - Val ROC-AUC: 0.7750 - Val PR-AUC: 0.3080
Epoch 9/100 - Loss: 0.5075 - Val F1: 0.4119 - Val ROC-AUC: 0.7817 - Val PR-AUC: 0.3055
Epoch 10/100 - Loss: 0.4955 - Val F1: 0.3839 - Val ROC-AUC: 0.7803 - Val PR-AUC: 0.3041
Epoch 11/100 - Loss: 0.4695 - Val F1: 0.4290 - Val ROC-AUC: 0.7942 - Val PR-AUC: 0.3054
Epoch 12/100 - Loss: 0.4665 - Val F1: 0.3895 - Val ROC-AUC: 0.7926 - Val PR-AUC: 0.3228
Epoch 13/100 - Loss: 0.4579 - Val F1: 0.4146 - Val ROC-AUC: 0.8061 - Val PR-AUC: 0.3333
Epoch 14/100 - Loss: 0.4568 - Val F1: 0.4054 - Val ROC-AUC: 0.8025 - Val PR-AUC: 0.3328
Epoch 15/100 - Loss: 0.4437 - Val F1: 0.4224 - Val ROC-AUC: 0.7993 - Val PR-AUC: 0.3238
Epoch 16/100 - Loss: 0.4342 - Val F1: 0.4164 - Val ROC-AUC: 0.7987 - Val PR-AUC: 0.3254
Epoch 17/100 - Loss: 0.4361 - Val F1: 0.4523 - Val ROC-AUC: 0.7980 - Val PR-AUC: 0.3189
Epoch 18/100 - Loss: 0.4396 - Val F1: 0.4145 - Val ROC-AUC: 0.7879 - Val PR-AUC: 0.3213
Epoch 19/100 - Loss: 0.4323 - Val F1: 0.4591 - Val ROC-AUC: 0.8059 - Val PR-AUC: 0.3344
Epoch 20/100 - Loss: 0.4256 - Val F1: 0.4062 - Val ROC-AUC: 0.8143 - Val PR-AUC: 0.3492
Epoch 21/100 - Loss: 0.4090 - Val F1: 0.4191 - Val ROC-AUC: 0.8098 - Val PR-AUC: 0.3366
Epoch 22/100 - Loss: 0.3926 - Val F1: 0.4239 - Val ROC-AUC: 0.8106 - Val PR-AUC: 0.3450
Epoch 23/100 - Loss: 0.3993 - Val F1: 0.4123 - Val ROC-AUC: 0.8154 - Val PR-AUC: 0.3390
Epoch 24/100 - Loss: 0.3956 - Val F1: 0.4219 - Val ROC-AUC: 0.8158 - Val PR-AUC: 0.3339
Epoch 25/100 - Loss: 0.3865 - Val F1: 0.4465 - Val ROC-AUC: 0.8114 - Val PR-AUC: 0.3521
Epoch 26/100 - Loss: 0.3809 - Val F1: 0.4313 - Val ROC-AUC: 0.8119 - Val PR-AUC: 0.3531
Epoch 27/100 - Loss: 0.3791 - Val F1: 0.4591 - Val ROC-AUC: 0.8101 - Val PR-AUC: 0.3254
Epoch 28/100 - Loss: 0.3662 - Val F1: 0.4231 - Val ROC-AUC: 0.8254 - Val PR-AUC: 0.3738
Epoch 29/100 - Loss: 0.3628 - Val F1: 0.4393 - Val ROC-AUC: 0.8120 - Val PR-AUC: 0.3276
Epoch 30/100 - Loss: 0.3659 - Val F1: 0.4438 - Val ROC-AUC: 0.8134 - Val PR-AUC: 0.3365
Epoch 31/100 - Loss: 0.3504 - Val F1: 0.4537 - Val ROC-AUC: 0.8247 - Val PR-AUC: 0.3636
Epoch 32/100 - Loss: 0.3520 - Val F1: 0.4498 - Val ROC-AUC: 0.8218 - Val PR-AUC: 0.3553
Epoch 33/100 - Loss: 0.3402 - Val F1: 0.4477 - Val ROC-AUC: 0.8268 - Val PR-AUC: 0.3526
Epoch 34/100 - Loss: 0.3314 - Val F1: 0.4720 - Val ROC-AUC: 0.8296 - Val PR-AUC: 0.3699
Epoch 35/100 - Loss: 0.3303 - Val F1: 0.4348 - Val ROC-AUC: 0.8223 - Val PR-AUC: 0.3575
Epoch 36/100 - Loss: 0.3214 - Val F1: 0.4358 - Val ROC-AUC: 0.8233 - Val PR-AUC: 0.3549
Epoch 37/100 - Loss: 0.3203 - Val F1: 0.4721 - Val ROC-AUC: 0.8263 - Val PR-AUC: 0.3543
Epoch 38/100 - Loss: 0.3272 - Val F1: 0.4600 - Val ROC-AUC: 0.8287 - Val PR-AUC: 0.3636
Epoch 39/100 - Loss: 0.3172 - Val F1: 0.4416 - Val ROC-AUC: 0.8293 - Val PR-AUC: 0.3583
Epoch 40/100 - Loss: 0.3274 - Val F1: 0.4543 - Val ROC-AUC: 0.8259 - Val PR-AUC: 0.3643
Epoch 41/100 - Loss: 0.3137 - Val F1: 0.4698 - Val ROC-AUC: 0.8226 - Val PR-AUC: 0.3610
Epoch 42/100 - Loss: 0.3013 - Val F1: 0.4651 - Val ROC-AUC: 0.8239 - Val PR-AUC: 0.3486
Epoch 43/100 - Loss: 0.2917 - Val F1: 0.4735 - Val ROC-AUC: 0.8210 - Val PR-AUC: 0.3442
Epoch 44/100 - Loss: 0.3007 - Val F1: 0.4542 - Val ROC-AUC: 0.8185 - Val PR-AUC: 0.3498
Epoch 45/100 - Loss: 0.3044 - Val F1: 0.4639 - Val ROC-AUC: 0.8157 - Val PR-AUC: 0.3453
Epoch 46/100 - Loss: 0.2908 - Val F1: 0.4589 - Val ROC-AUC: 0.8161 - Val PR-AUC: 0.3399
Epoch 47/100 - Loss: 0.2966 - Val F1: 0.4631 - Val ROC-AUC: 0.8185 - Val PR-AUC: 0.3456
Epoch 48/100 - Loss: 0.2839 - Val F1: 0.4518 - Val ROC-AUC: 0.8207 - Val PR-AUC: 0.3480
Epoch 49/100 - Loss: 0.2938 - Val F1: 0.4636 - Val ROC-AUC: 0.8193 - Val PR-AUC: 0.3535
Epoch 50/100 - Loss: 0.2978 - Val F1: 0.4539 - Val ROC-AUC: 0.8198 - Val PR-AUC: 0.3513
Epoch 51/100 - Loss: 0.2789 - Val F1: 0.4589 - Val ROC-AUC: 0.8212 - Val PR-AUC: 0.3591
Epoch 52/100 - Loss: 0.2832 - Val F1: 0.4510 - Val ROC-AUC: 0.8213 - Val PR-AUC: 0.3564
Epoch 53/100 - Loss: 0.2871 - Val F1: 0.4641 - Val ROC-AUC: 0.8211 - Val PR-AUC: 0.3493
Epoch 54/100 - Loss: 0.2629 - Val F1: 0.4522 - Val ROC-AUC: 0.8240 - Val PR-AUC: 0.3573
Epoch 55/100 - Loss: 0.2850 - Val F1: 0.4686 - Val ROC-AUC: 0.8267 - Val PR-AUC: 0.3642
Epoch 56/100 - Loss: 0.2777 - Val F1: 0.4721 - Val ROC-AUC: 0.8256 - Val PR-AUC: 0.3657
Epoch 57/100 - Loss: 0.2678 - Val F1: 0.4637 - Val ROC-AUC: 0.8226 - Val PR-AUC: 0.3579
Epoch 58/100 - Loss: 0.2791 - Val F1: 0.4632 - Val ROC-AUC: 0.8186 - Val PR-AUC: 0.3496
Epoch 59/100 - Loss: 0.2629 - Val F1: 0.4739 - Val ROC-AUC: 0.8300 - Val PR-AUC: 0.3726
Epoch 60/100 - Loss: 0.2638 - Val F1: 0.4590 - Val ROC-AUC: 0.8220 - Val PR-AUC: 0.3513
Epoch 61/100 - Loss: 0.2661 - Val F1: 0.4769 - Val ROC-AUC: 0.8260 - Val PR-AUC: 0.3628
Epoch 62/100 - Loss: 0.2621 - Val F1: 0.4814 - Val ROC-AUC: 0.8278 - Val PR-AUC: 0.3630
Epoch 63/100 - Loss: 0.2521 - Val F1: 0.4765 - Val ROC-AUC: 0.8255 - Val PR-AUC: 0.3565
Epoch 64/100 - Loss: 0.2672 - Val F1: 0.4784 - Val ROC-AUC: 0.8270 - Val PR-AUC: 0.3620
Epoch 65/100 - Loss: 0.2539 - Val F1: 0.4492 - Val ROC-AUC: 0.8224 - Val PR-AUC: 0.3512
Epoch 66/100 - Loss: 0.2577 - Val F1: 0.4710 - Val ROC-AUC: 0.8263 - Val PR-AUC: 0.3640
Epoch 67/100 - Loss: 0.2643 - Val F1: 0.4816 - Val ROC-AUC: 0.8275 - Val PR-AUC: 0.3627
Epoch 68/100 - Loss: 0.2564 - Val F1: 0.4881 - Val ROC-AUC: 0.8279 - Val PR-AUC: 0.3631
Epoch 69/100 - Loss: 0.2588 - Val F1: 0.4846 - Val ROC-AUC: 0.8273 - Val PR-AUC: 0.3616
Epoch 70/100 - Loss: 0.2669 - Val F1: 0.4662 - Val ROC-AUC: 0.8211 - Val PR-AUC: 0.3562
Epoch 71/100 - Loss: 0.2598 - Val F1: 0.4859 - Val ROC-AUC: 0.8230 - Val PR-AUC: 0.3596
Epoch 72/100 - Loss: 0.2647 - Val F1: 0.4615 - Val ROC-AUC: 0.8187 - Val PR-AUC: 0.3511
Epoch 73/100 - Loss: 0.2601 - Val F1: 0.4749 - Val ROC-AUC: 0.8241 - Val PR-AUC: 0.3594
Epoch 74/100 - Loss: 0.2577 - Val F1: 0.4641 - Val ROC-AUC: 0.8235 - Val PR-AUC: 0.3571
Epoch 75/100 - Loss: 0.2542 - Val F1: 0.4636 - Val ROC-AUC: 0.8234 - Val PR-AUC: 0.3573
Epoch 76/100 - Loss: 0.2666 - Val F1: 0.4714 - Val ROC-AUC: 0.8200 - Val PR-AUC: 0.3555
Epoch 77/100 - Loss: 0.2597 - Val F1: 0.4671 - Val ROC-AUC: 0.8220 - Val PR-AUC: 0.3549
Epoch 78/100 - Loss: 0.2496 - Val F1: 0.4714 - Val ROC-AUC: 0.8210 - Val PR-AUC: 0.3568
Epoch 79/100 - Loss: 0.2527 - Val F1: 0.4792 - Val ROC-AUC: 0.8252 - Val PR-AUC: 0.3633
Epoch 80/100 - Loss: 0.2710 - Val F1: 0.4610 - Val ROC-AUC: 0.8201 - Val PR-AUC: 0.3579
Epoch 81/100 - Loss: 0.2624 - Val F1: 0.4570 - Val ROC-AUC: 0.8217 - Val PR-AUC: 0.3586
Epoch 82/100 - Loss: 0.2550 - Val F1: 0.4642 - Val ROC-AUC: 0.8222 - Val PR-AUC: 0.3617
Epoch 83/100 - Loss: 0.2491 - Val F1: 0.4694 - Val ROC-AUC: 0.8235 - Val PR-AUC: 0.3643
Epoch 84/100 - Loss: 0.2450 - Val F1: 0.4615 - Val ROC-AUC: 0.8238 - Val PR-AUC: 0.3618
Epoch 85/100 - Loss: 0.2531 - Val F1: 0.4665 - Val ROC-AUC: 0.8228 - Val PR-AUC: 0.3548
Epoch 86/100 - Loss: 0.2564 - Val F1: 0.4698 - Val ROC-AUC: 0.8232 - Val PR-AUC: 0.3609
Epoch 87/100 - Loss: 0.2519 - Val F1: 0.4762 - Val ROC-AUC: 0.8226 - Val PR-AUC: 0.3595
Epoch 88/100 - Loss: 0.2537 - Val F1: 0.4778 - Val ROC-AUC: 0.8243 - Val PR-AUC: 0.3626
Epoch 89/100 - Loss: 0.2537 - Val F1: 0.4658 - Val ROC-AUC: 0.8254 - Val PR-AUC: 0.3649
Epoch 90/100 - Loss: 0.2524 - Val F1: 0.4735 - Val ROC-AUC: 0.8239 - Val PR-AUC: 0.3604
Epoch 91/100 - Loss: 0.2538 - Val F1: 0.4718 - Val ROC-AUC: 0.8212 - Val PR-AUC: 0.3574
Epoch 92/100 - Loss: 0.2467 - Val F1: 0.4714 - Val ROC-AUC: 0.8241 - Val PR-AUC: 0.3611
Epoch 93/100 - Loss: 0.2499 - Val F1: 0.4718 - Val ROC-AUC: 0.8223 - Val PR-AUC: 0.3600
Epoch 94/100 - Loss: 0.2587 - Val F1: 0.4730 - Val ROC-AUC: 0.8228 - Val PR-AUC: 0.3570
Epoch 95/100 - Loss: 0.2435 - Val F1: 0.4718 - Val ROC-AUC: 0.8235 - Val PR-AUC: 0.3627
Epoch 96/100 - Loss: 0.2520 - Val F1: 0.4600 - Val ROC-AUC: 0.8228 - Val PR-AUC: 0.3586
Epoch 97/100 - Loss: 0.2555 - Val F1: 0.4731 - Val ROC-AUC: 0.8242 - Val PR-AUC: 0.3623
Epoch 98/100 - Loss: 0.2600 - Val F1: 0.4759 - Val ROC-AUC: 0.8232 - Val PR-AUC: 0.3606
Epoch 99/100 - Loss: 0.2477 - Val F1: 0.4662 - Val ROC-AUC: 0.8230 - Val PR-AUC: 0.3562
Epoch 100/100 - Loss: 0.2538 - Val F1: 0.4659 - Val ROC-AUC: 0.8217 - Val PR-AUC: 0.3603
Pretraining completed. Test F1: 0.4207, ROC-AUC: 0.7973, PR-AUC: 0.3983
[3/4] Finetuning on TOX21_ERa_BLA_Antagonist_viability using GIN_GCN...
[Fine-tune] Epoch 1/50 - Loss: 0.4096 - Val F1: 0.1860 - Val ROC-AUC: 0.7912 - Val PR-AUC: 0.1733
[Fine-tune] Epoch 2/50 - Loss: 0.3268 - Val F1: 0.1988 - Val ROC-AUC: 0.8044 - Val PR-AUC: 0.1821
[Fine-tune] Epoch 3/50 - Loss: 0.3002 - Val F1: 0.1891 - Val ROC-AUC: 0.8117 - Val PR-AUC: 0.2211
[Fine-tune] Epoch 4/50 - Loss: 0.2684 - Val F1: 0.1630 - Val ROC-AUC: 0.8047 - Val PR-AUC: 0.1514
[Fine-tune] Epoch 5/50 - Loss: 0.2510 - Val F1: 0.1829 - Val ROC-AUC: 0.8059 - Val PR-AUC: 0.1635
[Fine-tune] Epoch 6/50 - Loss: 0.2372 - Val F1: 0.2034 - Val ROC-AUC: 0.8211 - Val PR-AUC: 0.1707
[Fine-tune] Epoch 7/50 - Loss: 0.2248 - Val F1: 0.2125 - Val ROC-AUC: 0.8259 - Val PR-AUC: 0.2206
[Fine-tune] Epoch 8/50 - Loss: 0.2085 - Val F1: 0.1967 - Val ROC-AUC: 0.8372 - Val PR-AUC: 0.2474
[Fine-tune] Epoch 9/50 - Loss: 0.2185 - Val F1: 0.1714 - Val ROC-AUC: 0.7940 - Val PR-AUC: 0.1778
[Fine-tune] Epoch 10/50 - Loss: 0.1864 - Val F1: 0.1636 - Val ROC-AUC: 0.7772 - Val PR-AUC: 0.1589
[Fine-tune] Epoch 11/50 - Loss: 0.1414 - Val F1: 0.2157 - Val ROC-AUC: 0.8008 - Val PR-AUC: 0.1854
[Fine-tune] Epoch 12/50 - Loss: 0.1359 - Val F1: 0.2642 - Val ROC-AUC: 0.8022 - Val PR-AUC: 0.2044
[Fine-tune] Epoch 13/50 - Loss: 0.1243 - Val F1: 0.2500 - Val ROC-AUC: 0.8049 - Val PR-AUC: 0.1971
[Fine-tune] Epoch 14/50 - Loss: 0.1189 - Val F1: 0.1880 - Val ROC-AUC: 0.8311 - Val PR-AUC: 0.1800
[Fine-tune] Epoch 15/50 - Loss: 0.1134 - Val F1: 0.2174 - Val ROC-AUC: 0.8172 - Val PR-AUC: 0.1891
[Fine-tune] Epoch 16/50 - Loss: 0.1111 - Val F1: 0.2000 - Val ROC-AUC: 0.7969 - Val PR-AUC: 0.2236
[Fine-tune] Epoch 17/50 - Loss: 0.1264 - Val F1: 0.2581 - Val ROC-AUC: 0.8257 - Val PR-AUC: 0.2372
[Fine-tune] Epoch 18/50 - Loss: 0.1221 - Val F1: 0.2424 - Val ROC-AUC: 0.8143 - Val PR-AUC: 0.1925
[Fine-tune] Epoch 19/50 - Loss: 0.1139 - Val F1: 0.2444 - Val ROC-AUC: 0.8088 - Val PR-AUC: 0.1981
[Fine-tune] Epoch 20/50 - Loss: 0.1088 - Val F1: 0.2667 - Val ROC-AUC: 0.8043 - Val PR-AUC: 0.2120
[Fine-tune] Epoch 21/50 - Loss: 0.0804 - Val F1: 0.2069 - Val ROC-AUC: 0.8051 - Val PR-AUC: 0.1660
[Fine-tune] Epoch 22/50 - Loss: 0.0685 - Val F1: 0.2824 - Val ROC-AUC: 0.8357 - Val PR-AUC: 0.2365
[Fine-tune] Epoch 23/50 - Loss: 0.0757 - Val F1: 0.2703 - Val ROC-AUC: 0.8115 - Val PR-AUC: 0.1969
[Fine-tune] Epoch 24/50 - Loss: 0.0702 - Val F1: 0.2609 - Val ROC-AUC: 0.8206 - Val PR-AUC: 0.2062
[Fine-tune] Epoch 25/50 - Loss: 0.0681 - Val F1: 0.2750 - Val ROC-AUC: 0.8292 - Val PR-AUC: 0.1991
[Fine-tune] Epoch 26/50 - Loss: 0.0661 - Val F1: 0.2432 - Val ROC-AUC: 0.8122 - Val PR-AUC: 0.1950
[Fine-tune] Epoch 27/50 - Loss: 0.0714 - Val F1: 0.2716 - Val ROC-AUC: 0.8261 - Val PR-AUC: 0.1886
[Fine-tune] Epoch 28/50 - Loss: 0.0626 - Val F1: 0.3143 - Val ROC-AUC: 0.8214 - Val PR-AUC: 0.1991
[Fine-tune] Epoch 29/50 - Loss: 0.0743 - Val F1: 0.2466 - Val ROC-AUC: 0.8215 - Val PR-AUC: 0.2084
[Fine-tune] Epoch 30/50 - Loss: 0.0641 - Val F1: 0.2683 - Val ROC-AUC: 0.8148 - Val PR-AUC: 0.2460
[Fine-tune] Epoch 31/50 - Loss: 0.0640 - Val F1: 0.2647 - Val ROC-AUC: 0.8080 - Val PR-AUC: 0.2090
[Fine-tune] Epoch 32/50 - Loss: 0.0545 - Val F1: 0.2703 - Val ROC-AUC: 0.8169 - Val PR-AUC: 0.2202
[Fine-tune] Epoch 33/50 - Loss: 0.0449 - Val F1: 0.2571 - Val ROC-AUC: 0.8013 - Val PR-AUC: 0.1991
[Fine-tune] Epoch 34/50 - Loss: 0.0473 - Val F1: 0.2500 - Val ROC-AUC: 0.8140 - Val PR-AUC: 0.2102
[Fine-tune] Epoch 35/50 - Loss: 0.0472 - Val F1: 0.2466 - Val ROC-AUC: 0.7984 - Val PR-AUC: 0.1812
[Fine-tune] Epoch 36/50 - Loss: 0.0535 - Val F1: 0.2778 - Val ROC-AUC: 0.8059 - Val PR-AUC: 0.2047
[Fine-tune] Epoch 37/50 - Loss: 0.0483 - Val F1: 0.2222 - Val ROC-AUC: 0.8153 - Val PR-AUC: 0.1860
[Fine-tune] Epoch 38/50 - Loss: 0.0538 - Val F1: 0.2466 - Val ROC-AUC: 0.8047 - Val PR-AUC: 0.1783
[Fine-tune] Epoch 39/50 - Loss: 0.0487 - Val F1: 0.2564 - Val ROC-AUC: 0.8282 - Val PR-AUC: 0.2031
[Fine-tune] Epoch 40/50 - Loss: 0.0472 - Val F1: 0.2973 - Val ROC-AUC: 0.8132 - Val PR-AUC: 0.1896
[Fine-tune] Epoch 41/50 - Loss: 0.0451 - Val F1: 0.2500 - Val ROC-AUC: 0.8058 - Val PR-AUC: 0.1759
[Fine-tune] Epoch 42/50 - Loss: 0.0394 - Val F1: 0.2400 - Val ROC-AUC: 0.8128 - Val PR-AUC: 0.2168
[Fine-tune] Epoch 43/50 - Loss: 0.0407 - Val F1: 0.2500 - Val ROC-AUC: 0.8138 - Val PR-AUC: 0.1825
[Fine-tune] Epoch 44/50 - Loss: 0.0395 - Val F1: 0.2632 - Val ROC-AUC: 0.8179 - Val PR-AUC: 0.1928
[Fine-tune] Epoch 45/50 - Loss: 0.0475 - Val F1: 0.2466 - Val ROC-AUC: 0.8194 - Val PR-AUC: 0.2346
[Fine-tune] Epoch 46/50 - Loss: 0.0381 - Val F1: 0.2500 - Val ROC-AUC: 0.8125 - Val PR-AUC: 0.2128
[Fine-tune] Epoch 47/50 - Loss: 0.0351 - Val F1: 0.2817 - Val ROC-AUC: 0.8089 - Val PR-AUC: 0.2240
[Fine-tune] Epoch 48/50 - Loss: 0.0374 - Val F1: 0.2500 - Val ROC-AUC: 0.8125 - Val PR-AUC: 0.2016
[Fine-tune] Epoch 49/50 - Loss: 0.0362 - Val F1: 0.2647 - Val ROC-AUC: 0.8085 - Val PR-AUC: 0.2189
[Fine-tune] Epoch 50/50 - Loss: 0.0381 - Val F1: 0.2703 - Val ROC-AUC: 0.8124 - Val PR-AUC: 0.2247
Finetuning completed. Test F1: 0.3457, ROC-AUC: 0.8467, PR-AUC: 0.3459
[3.1/4] Target-only training on TOX21_ERa_BLA_Antagonist_viability using GIN_GCN...
=== Target-only training ===
[Target-only] Epoch 1/50 – Loss: 0.5777  Val F1: 0.1490  ROC-AUC: 0.7617  PR-AUC: 0.1068
[Target-only] Epoch 2/50 – Loss: 0.5012  Val F1: 0.1433  ROC-AUC: 0.7653  PR-AUC: 0.1584
[Target-only] Epoch 3/50 – Loss: 0.4570  Val F1: 0.1600  ROC-AUC: 0.7859  PR-AUC: 0.1187
[Target-only] Epoch 4/50 – Loss: 0.4196  Val F1: 0.2258  ROC-AUC: 0.8164  PR-AUC: 0.1677
[Target-only] Epoch 5/50 – Loss: 0.3721  Val F1: 0.1739  ROC-AUC: 0.7865  PR-AUC: 0.1569
[Target-only] Epoch 6/50 – Loss: 0.3471  Val F1: 0.1629  ROC-AUC: 0.7837  PR-AUC: 0.1686
[Target-only] Epoch 7/50 – Loss: 0.3462  Val F1: 0.1429  ROC-AUC: 0.7717  PR-AUC: 0.2183
[Target-only] Epoch 8/50 – Loss: 0.3185  Val F1: 0.2080  ROC-AUC: 0.7841  PR-AUC: 0.1553
[Target-only] Epoch 9/50 – Loss: 0.3053  Val F1: 0.2400  ROC-AUC: 0.8094  PR-AUC: 0.1886
[Target-only] Epoch 10/50 – Loss: 0.2997  Val F1: 0.1342  ROC-AUC: 0.7421  PR-AUC: 0.1587
[Target-only] Epoch 11/50 – Loss: 0.2520  Val F1: 0.1978  ROC-AUC: 0.8041  PR-AUC: 0.2019
[Target-only] Epoch 12/50 – Loss: 0.2431  Val F1: 0.2194  ROC-AUC: 0.8138  PR-AUC: 0.1830
[Target-only] Epoch 13/50 – Loss: 0.2196  Val F1: 0.2119  ROC-AUC: 0.7927  PR-AUC: 0.1547
[Target-only] Epoch 14/50 – Loss: 0.2174  Val F1: 0.2131  ROC-AUC: 0.7892  PR-AUC: 0.1804
[Target-only] Epoch 15/50 – Loss: 0.2065  Val F1: 0.1905  ROC-AUC: 0.8009  PR-AUC: 0.2002
[Target-only] Epoch 16/50 – Loss: 0.2120  Val F1: 0.1746  ROC-AUC: 0.7645  PR-AUC: 0.1373
[Target-only] Epoch 17/50 – Loss: 0.2069  Val F1: 0.2034  ROC-AUC: 0.7961  PR-AUC: 0.2076
[Target-only] Epoch 18/50 – Loss: 0.1917  Val F1: 0.1778  ROC-AUC: 0.7688  PR-AUC: 0.1802
[Target-only] Epoch 19/50 – Loss: 0.1777  Val F1: 0.2264  ROC-AUC: 0.7892  PR-AUC: 0.1971
[Target-only] Epoch 20/50 – Loss: 0.1806  Val F1: 0.2353  ROC-AUC: 0.7809  PR-AUC: 0.1701
[Target-only] Epoch 21/50 – Loss: 0.1577  Val F1: 0.2087  ROC-AUC: 0.7862  PR-AUC: 0.2052
[Target-only] Epoch 22/50 – Loss: 0.1453  Val F1: 0.2041  ROC-AUC: 0.7574  PR-AUC: 0.1831
[Target-only] Epoch 23/50 – Loss: 0.1478  Val F1: 0.2400  ROC-AUC: 0.7995  PR-AUC: 0.1987
[Target-only] Epoch 24/50 – Loss: 0.1399  Val F1: 0.2157  ROC-AUC: 0.7878  PR-AUC: 0.2049
[Target-only] Epoch 25/50 – Loss: 0.1395  Val F1: 0.2391  ROC-AUC: 0.7836  PR-AUC: 0.1905
[Target-only] Epoch 26/50 – Loss: 0.1295  Val F1: 0.2342  ROC-AUC: 0.7906  PR-AUC: 0.2013
[Target-only] Epoch 27/50 – Loss: 0.1284  Val F1: 0.2766  ROC-AUC: 0.7988  PR-AUC: 0.1758
[Target-only] Epoch 28/50 – Loss: 0.1291  Val F1: 0.2708  ROC-AUC: 0.7971  PR-AUC: 0.1926
[Target-only] Epoch 29/50 – Loss: 0.1234  Val F1: 0.2500  ROC-AUC: 0.7947  PR-AUC: 0.1815
[Target-only] Epoch 30/50 – Loss: 0.1219  Val F1: 0.2472  ROC-AUC: 0.7763  PR-AUC: 0.1876
[Target-only] Epoch 31/50 – Loss: 0.1052  Val F1: 0.2857  ROC-AUC: 0.7617  PR-AUC: 0.2055
[Target-only] Epoch 32/50 – Loss: 0.1049  Val F1: 0.2500  ROC-AUC: 0.7731  PR-AUC: 0.1849
[Target-only] Epoch 33/50 – Loss: 0.0977  Val F1: 0.2381  ROC-AUC: 0.7751  PR-AUC: 0.1758
[Target-only] Epoch 34/50 – Loss: 0.1004  Val F1: 0.2529  ROC-AUC: 0.7841  PR-AUC: 0.1905
[Target-only] Epoch 35/50 – Loss: 0.1018  Val F1: 0.2857  ROC-AUC: 0.7880  PR-AUC: 0.2102
[Target-only] Epoch 36/50 – Loss: 0.0900  Val F1: 0.2376  ROC-AUC: 0.7683  PR-AUC: 0.1782
[Target-only] Epoch 37/50 – Loss: 0.0966  Val F1: 0.2716  ROC-AUC: 0.7790  PR-AUC: 0.1955
[Target-only] Epoch 38/50 – Loss: 0.0961  Val F1: 0.2222  ROC-AUC: 0.7714  PR-AUC: 0.1796
[Target-only] Epoch 39/50 – Loss: 0.0928  Val F1: 0.2683  ROC-AUC: 0.7878  PR-AUC: 0.2304
[Target-only] Epoch 40/50 – Loss: 0.0839  Val F1: 0.2222  ROC-AUC: 0.7615  PR-AUC: 0.1907
[Target-only] Epoch 41/50 – Loss: 0.0876  Val F1: 0.2857  ROC-AUC: 0.7697  PR-AUC: 0.1941
[Target-only] Epoch 42/50 – Loss: 0.0708  Val F1: 0.2273  ROC-AUC: 0.7757  PR-AUC: 0.1848
[Target-only] Epoch 43/50 – Loss: 0.0821  Val F1: 0.2647  ROC-AUC: 0.7722  PR-AUC: 0.1938
[Target-only] Epoch 44/50 – Loss: 0.0797  Val F1: 0.2821  ROC-AUC: 0.7723  PR-AUC: 0.1944
[Target-only] Epoch 45/50 – Loss: 0.0715  Val F1: 0.2791  ROC-AUC: 0.7780  PR-AUC: 0.2098
[Target-only] Epoch 46/50 – Loss: 0.0813  Val F1: 0.2597  ROC-AUC: 0.7698  PR-AUC: 0.1946
[Target-only] Epoch 47/50 – Loss: 0.0722  Val F1: 0.2439  ROC-AUC: 0.7734  PR-AUC: 0.1901
[Target-only] Epoch 48/50 – Loss: 0.0731  Val F1: 0.2564  ROC-AUC: 0.7753  PR-AUC: 0.1861
[Target-only] Epoch 49/50 – Loss: 0.0763  Val F1: 0.2895  ROC-AUC: 0.7763  PR-AUC: 0.1976
[Target-only] Epoch 50/50 – Loss: 0.0770  Val F1: 0.2933  ROC-AUC: 0.7748  PR-AUC: 0.1959
=== Target-only TEST performance ===
Test F1: 0.3291, ROC-AUC: 0.7772, PR-AUC: 0.3219
✅ 실험 완료: TOX21_ERa_BLA_Antagonist_ratio -> TOX21_ERa_BLA_Antagonist_viability [GIN_GCN]
