[1/4] Excel → CSV 변환 중...
Saved pretrain CSV for TOX21_ERa_BLA_Antagonist_ratio: data/sample/TOX21_ERa_BLA_Antagonist_ratio.csv
Saved pretrain CSV for TOX21_ERa_LUC_VM7_Agonist: data/sample/TOX21_ERa_LUC_VM7_Agonist.csv
Saved pretrain CSV for TOX21_ERa_BLA_Antagonist_viability: data/sample/TOX21_ERa_BLA_Antagonist_viability.csv
Saved pretrain CSV for TOX21_ERa_LUC_VM7_Antagonist_0.5nM_E2: data/sample/TOX21_ERa_LUC_VM7_Antagonist_0.5nM_E2.csv
Saved pretrain CSV for TOX21_ERa_BLA_Antagonist_ch2: data/sample/TOX21_ERa_BLA_Antagonist_ch2.csv
Saved pretrain CSV for TOX21_ERa_BLA_Antagonist_ch1: data/sample/TOX21_ERa_BLA_Antagonist_ch1.csv
Saved pretrain CSV for TOX21_ERa_LUC_VM7_Antagonist_0.5nM_E2_viability: data/sample/TOX21_ERa_LUC_VM7_Antagonist_0.5nM_E2_viability.csv
Saved pretrain CSV for TOX21_ERa_BLA_Agonist_ch2: data/sample/TOX21_ERa_BLA_Agonist_ch2.csv
Saved pretrain CSV for TOX21_ERa_BLA_Agonist_ch1: data/sample/TOX21_ERa_BLA_Agonist_ch1.csv
Saved pretrain CSV for TOX21_ERa_BLA_Agonist_ratio: data/sample/TOX21_ERa_BLA_Agonist_ratio.csv
Saved pretrain CSV for TOX21_ERb_BLA_Antagonist_ch1: data/sample/TOX21_ERb_BLA_Antagonist_ch1.csv
Saved pretrain CSV for TOX21_ERb_BLA_Antagonist_ch2: data/sample/TOX21_ERb_BLA_Antagonist_ch2.csv
Saved pretrain CSV for TOX21_ERb_BLA_Agonist_viability: data/sample/TOX21_ERb_BLA_Agonist_viability.csv
Saved pretrain CSV for TOX21_ERb_BLA_Agonist_ratio: data/sample/TOX21_ERb_BLA_Agonist_ratio.csv
Saved pretrain CSV for TOX21_ERb_BLA_Agonist_ch2: data/sample/TOX21_ERb_BLA_Agonist_ch2.csv
Saved pretrain CSV for TOX21_ERb_BLA_Agonist_ch1: data/sample/TOX21_ERb_BLA_Agonist_ch1.csv
Saved pretrain CSV for TOX21_ERR_LUC_Agonist: data/sample/TOX21_ERR_LUC_Agonist.csv
Saved pretrain CSV for TOX21_ERa_LUC_VM7_Agonist_10nM_ICI182780_viability: data/sample/TOX21_ERa_LUC_VM7_Agonist_10nM_ICI182780_viability.csv
Saved pretrain CSV for TOX21_ERa_LUC_VM7_Antagonist_0.1nM_E2: data/sample/TOX21_ERa_LUC_VM7_Antagonist_0.1nM_E2.csv
Saved pretrain CSV for TOX21_ERb_BLA_Antagonist_ratio: data/sample/TOX21_ERb_BLA_Antagonist_ratio.csv
Saved pretrain CSV for TOX21_ERa_LUC_VM7_Agonist_10nM_ICI182780: data/sample/TOX21_ERa_LUC_VM7_Agonist_10nM_ICI182780.csv
Saved pretrain CSV for TOX21_ERR_LUC_viability: data/sample/TOX21_ERR_LUC_viability.csv
Saved pretrain CSV for TOX21_ERR_LUC_Antagonist: data/sample/TOX21_ERR_LUC_Antagonist.csv
Saved pretrain CSV for TOX21_ERa_LUC_VM7_Antagonist_0.1nM_E2_viability: data/sample/TOX21_ERa_LUC_VM7_Antagonist_0.1nM_E2_viability.csv
Saved pretrain CSV for TOX21_ERb_BLA_Antagonist_viability: data/sample/TOX21_ERb_BLA_Antagonist_viability.csv
Saved finetune CSV for TOX21_ERa_BLA_Antagonist_ratio: data/sample/TOX21_ERa_BLA_Antagonist_ratio.csv
Saved finetune CSV for TOX21_ERa_LUC_VM7_Agonist: data/sample/TOX21_ERa_LUC_VM7_Agonist.csv
Saved finetune CSV for TOX21_ERa_BLA_Antagonist_viability: data/sample/TOX21_ERa_BLA_Antagonist_viability.csv
Saved finetune CSV for TOX21_ERa_LUC_VM7_Antagonist_0.5nM_E2: data/sample/TOX21_ERa_LUC_VM7_Antagonist_0.5nM_E2.csv
Saved finetune CSV for TOX21_ERa_BLA_Antagonist_ch2: data/sample/TOX21_ERa_BLA_Antagonist_ch2.csv
Saved finetune CSV for TOX21_ERa_BLA_Antagonist_ch1: data/sample/TOX21_ERa_BLA_Antagonist_ch1.csv
Saved finetune CSV for TOX21_ERa_LUC_VM7_Antagonist_0.5nM_E2_viability: data/sample/TOX21_ERa_LUC_VM7_Antagonist_0.5nM_E2_viability.csv
Saved finetune CSV for TOX21_ERa_BLA_Agonist_ch2: data/sample/TOX21_ERa_BLA_Agonist_ch2.csv
Saved finetune CSV for TOX21_ERa_BLA_Agonist_ch1: data/sample/TOX21_ERa_BLA_Agonist_ch1.csv
Saved finetune CSV for TOX21_ERa_BLA_Agonist_ratio: data/sample/TOX21_ERa_BLA_Agonist_ratio.csv
Saved finetune CSV for TOX21_ERb_BLA_Antagonist_ch1: data/sample/TOX21_ERb_BLA_Antagonist_ch1.csv
Saved finetune CSV for TOX21_ERb_BLA_Antagonist_ch2: data/sample/TOX21_ERb_BLA_Antagonist_ch2.csv
Saved finetune CSV for TOX21_ERb_BLA_Agonist_viability: data/sample/TOX21_ERb_BLA_Agonist_viability.csv
Saved finetune CSV for TOX21_ERb_BLA_Agonist_ratio: data/sample/TOX21_ERb_BLA_Agonist_ratio.csv
Saved finetune CSV for TOX21_ERb_BLA_Agonist_ch2: data/sample/TOX21_ERb_BLA_Agonist_ch2.csv
Saved finetune CSV for TOX21_ERb_BLA_Agonist_ch1: data/sample/TOX21_ERb_BLA_Agonist_ch1.csv
Saved finetune CSV for TOX21_ERR_LUC_Agonist: data/sample/TOX21_ERR_LUC_Agonist.csv
Saved finetune CSV for TOX21_ERa_LUC_VM7_Agonist_10nM_ICI182780_viability: data/sample/TOX21_ERa_LUC_VM7_Agonist_10nM_ICI182780_viability.csv
Saved finetune CSV for TOX21_ERa_LUC_VM7_Antagonist_0.1nM_E2: data/sample/TOX21_ERa_LUC_VM7_Antagonist_0.1nM_E2.csv
Saved finetune CSV for TOX21_ERb_BLA_Antagonist_ratio: data/sample/TOX21_ERb_BLA_Antagonist_ratio.csv
Saved finetune CSV for TOX21_ERa_LUC_VM7_Agonist_10nM_ICI182780: data/sample/TOX21_ERa_LUC_VM7_Agonist_10nM_ICI182780.csv
Saved finetune CSV for TOX21_ERR_LUC_viability: data/sample/TOX21_ERR_LUC_viability.csv
Saved finetune CSV for TOX21_ERR_LUC_Antagonist: data/sample/TOX21_ERR_LUC_Antagonist.csv
Saved finetune CSV for TOX21_ERa_LUC_VM7_Antagonist_0.1nM_E2_viability: data/sample/TOX21_ERa_LUC_VM7_Antagonist_0.1nM_E2_viability.csv
Saved finetune CSV for TOX21_ERb_BLA_Antagonist_viability: data/sample/TOX21_ERb_BLA_Antagonist_viability.csv
[2/4] Pretraining on TOX21_ERa_BLA_Antagonist_ratio using GIN_GCN...
Epoch 1/100 - Loss: 0.6260 - Val F1: 0.3368 - Val ROC-AUC: 0.7184 - Val PR-AUC: 0.2351
Epoch 2/100 - Loss: 0.5782 - Val F1: 0.3425 - Val ROC-AUC: 0.7107 - Val PR-AUC: 0.2726
Epoch 3/100 - Loss: 0.5672 - Val F1: 0.3402 - Val ROC-AUC: 0.7514 - Val PR-AUC: 0.2918
Epoch 4/100 - Loss: 0.5537 - Val F1: 0.4030 - Val ROC-AUC: 0.7649 - Val PR-AUC: 0.2868
Epoch 5/100 - Loss: 0.5414 - Val F1: 0.3988 - Val ROC-AUC: 0.7643 - Val PR-AUC: 0.3056
Epoch 6/100 - Loss: 0.5263 - Val F1: 0.4252 - Val ROC-AUC: 0.7751 - Val PR-AUC: 0.3032
Epoch 7/100 - Loss: 0.5328 - Val F1: 0.3177 - Val ROC-AUC: 0.7497 - Val PR-AUC: 0.2815
Epoch 8/100 - Loss: 0.5040 - Val F1: 0.3886 - Val ROC-AUC: 0.7933 - Val PR-AUC: 0.3031
Epoch 9/100 - Loss: 0.5113 - Val F1: 0.3753 - Val ROC-AUC: 0.7849 - Val PR-AUC: 0.3296
Epoch 10/100 - Loss: 0.5133 - Val F1: 0.3859 - Val ROC-AUC: 0.7916 - Val PR-AUC: 0.3206
Epoch 11/100 - Loss: 0.4721 - Val F1: 0.4075 - Val ROC-AUC: 0.7981 - Val PR-AUC: 0.3395
Epoch 12/100 - Loss: 0.4679 - Val F1: 0.4185 - Val ROC-AUC: 0.8156 - Val PR-AUC: 0.3403
Epoch 13/100 - Loss: 0.4561 - Val F1: 0.4073 - Val ROC-AUC: 0.8062 - Val PR-AUC: 0.3280
Epoch 14/100 - Loss: 0.4511 - Val F1: 0.4359 - Val ROC-AUC: 0.8109 - Val PR-AUC: 0.3557
Epoch 15/100 - Loss: 0.4521 - Val F1: 0.4300 - Val ROC-AUC: 0.8101 - Val PR-AUC: 0.3588
Epoch 16/100 - Loss: 0.4425 - Val F1: 0.4225 - Val ROC-AUC: 0.8070 - Val PR-AUC: 0.3191
Epoch 17/100 - Loss: 0.4424 - Val F1: 0.4145 - Val ROC-AUC: 0.8071 - Val PR-AUC: 0.3468
Epoch 18/100 - Loss: 0.4370 - Val F1: 0.4152 - Val ROC-AUC: 0.7932 - Val PR-AUC: 0.2995
Epoch 19/100 - Loss: 0.4385 - Val F1: 0.3909 - Val ROC-AUC: 0.7919 - Val PR-AUC: 0.3230
Epoch 20/100 - Loss: 0.4303 - Val F1: 0.4091 - Val ROC-AUC: 0.8033 - Val PR-AUC: 0.3530
Epoch 21/100 - Loss: 0.4133 - Val F1: 0.4251 - Val ROC-AUC: 0.7932 - Val PR-AUC: 0.3258
Epoch 22/100 - Loss: 0.4056 - Val F1: 0.4560 - Val ROC-AUC: 0.8312 - Val PR-AUC: 0.3754
Epoch 23/100 - Loss: 0.3979 - Val F1: 0.4220 - Val ROC-AUC: 0.8184 - Val PR-AUC: 0.3581
Epoch 24/100 - Loss: 0.3856 - Val F1: 0.4303 - Val ROC-AUC: 0.8235 - Val PR-AUC: 0.3943
Epoch 25/100 - Loss: 0.3957 - Val F1: 0.4373 - Val ROC-AUC: 0.8199 - Val PR-AUC: 0.3502
Epoch 26/100 - Loss: 0.3933 - Val F1: 0.4412 - Val ROC-AUC: 0.8280 - Val PR-AUC: 0.3825
Epoch 27/100 - Loss: 0.3865 - Val F1: 0.4516 - Val ROC-AUC: 0.8310 - Val PR-AUC: 0.3642
Epoch 28/100 - Loss: 0.3782 - Val F1: 0.4488 - Val ROC-AUC: 0.8307 - Val PR-AUC: 0.3708
Epoch 29/100 - Loss: 0.3888 - Val F1: 0.4366 - Val ROC-AUC: 0.8164 - Val PR-AUC: 0.3700
Epoch 30/100 - Loss: 0.3847 - Val F1: 0.4368 - Val ROC-AUC: 0.8359 - Val PR-AUC: 0.3829
Epoch 31/100 - Loss: 0.3643 - Val F1: 0.4239 - Val ROC-AUC: 0.8260 - Val PR-AUC: 0.3726
Epoch 32/100 - Loss: 0.3532 - Val F1: 0.4595 - Val ROC-AUC: 0.8220 - Val PR-AUC: 0.3600
Epoch 33/100 - Loss: 0.3483 - Val F1: 0.4438 - Val ROC-AUC: 0.8286 - Val PR-AUC: 0.3712
Epoch 34/100 - Loss: 0.3537 - Val F1: 0.4444 - Val ROC-AUC: 0.8249 - Val PR-AUC: 0.3861
Epoch 35/100 - Loss: 0.3537 - Val F1: 0.4488 - Val ROC-AUC: 0.8273 - Val PR-AUC: 0.3751
Epoch 36/100 - Loss: 0.3309 - Val F1: 0.4266 - Val ROC-AUC: 0.8319 - Val PR-AUC: 0.3919
Epoch 37/100 - Loss: 0.3485 - Val F1: 0.4419 - Val ROC-AUC: 0.8407 - Val PR-AUC: 0.3911
Epoch 38/100 - Loss: 0.3340 - Val F1: 0.4438 - Val ROC-AUC: 0.8347 - Val PR-AUC: 0.3858
Epoch 39/100 - Loss: 0.3338 - Val F1: 0.4543 - Val ROC-AUC: 0.8333 - Val PR-AUC: 0.3722
Epoch 40/100 - Loss: 0.3349 - Val F1: 0.4465 - Val ROC-AUC: 0.8308 - Val PR-AUC: 0.3742
Epoch 41/100 - Loss: 0.3205 - Val F1: 0.4592 - Val ROC-AUC: 0.8300 - Val PR-AUC: 0.3692
Epoch 42/100 - Loss: 0.3224 - Val F1: 0.4669 - Val ROC-AUC: 0.8392 - Val PR-AUC: 0.3796
Epoch 43/100 - Loss: 0.3162 - Val F1: 0.4503 - Val ROC-AUC: 0.8373 - Val PR-AUC: 0.3795
Epoch 44/100 - Loss: 0.3219 - Val F1: 0.4658 - Val ROC-AUC: 0.8310 - Val PR-AUC: 0.3796
Epoch 45/100 - Loss: 0.3250 - Val F1: 0.4479 - Val ROC-AUC: 0.8384 - Val PR-AUC: 0.3757
Epoch 46/100 - Loss: 0.3087 - Val F1: 0.4458 - Val ROC-AUC: 0.8315 - Val PR-AUC: 0.3715
Epoch 47/100 - Loss: 0.3067 - Val F1: 0.4551 - Val ROC-AUC: 0.8282 - Val PR-AUC: 0.3669
Epoch 48/100 - Loss: 0.3067 - Val F1: 0.4348 - Val ROC-AUC: 0.8312 - Val PR-AUC: 0.3707
Epoch 49/100 - Loss: 0.2915 - Val F1: 0.4491 - Val ROC-AUC: 0.8423 - Val PR-AUC: 0.3863
Epoch 50/100 - Loss: 0.3099 - Val F1: 0.4524 - Val ROC-AUC: 0.8371 - Val PR-AUC: 0.3720
Epoch 51/100 - Loss: 0.2924 - Val F1: 0.4620 - Val ROC-AUC: 0.8395 - Val PR-AUC: 0.3771
Epoch 52/100 - Loss: 0.2863 - Val F1: 0.4458 - Val ROC-AUC: 0.8347 - Val PR-AUC: 0.3639
Epoch 53/100 - Loss: 0.2911 - Val F1: 0.4586 - Val ROC-AUC: 0.8375 - Val PR-AUC: 0.3691
Epoch 54/100 - Loss: 0.2947 - Val F1: 0.4451 - Val ROC-AUC: 0.8355 - Val PR-AUC: 0.3657
Epoch 55/100 - Loss: 0.2764 - Val F1: 0.4557 - Val ROC-AUC: 0.8279 - Val PR-AUC: 0.3571
Epoch 56/100 - Loss: 0.2974 - Val F1: 0.4548 - Val ROC-AUC: 0.8379 - Val PR-AUC: 0.3695
Epoch 57/100 - Loss: 0.2815 - Val F1: 0.4601 - Val ROC-AUC: 0.8411 - Val PR-AUC: 0.3787
Epoch 58/100 - Loss: 0.2903 - Val F1: 0.4658 - Val ROC-AUC: 0.8393 - Val PR-AUC: 0.3733
Epoch 59/100 - Loss: 0.2844 - Val F1: 0.4756 - Val ROC-AUC: 0.8390 - Val PR-AUC: 0.3742
Epoch 60/100 - Loss: 0.2789 - Val F1: 0.4540 - Val ROC-AUC: 0.8317 - Val PR-AUC: 0.3593
Epoch 61/100 - Loss: 0.2851 - Val F1: 0.4762 - Val ROC-AUC: 0.8357 - Val PR-AUC: 0.3664
Epoch 62/100 - Loss: 0.2810 - Val F1: 0.4665 - Val ROC-AUC: 0.8367 - Val PR-AUC: 0.3682
Epoch 63/100 - Loss: 0.2773 - Val F1: 0.4639 - Val ROC-AUC: 0.8412 - Val PR-AUC: 0.3718
Epoch 64/100 - Loss: 0.2805 - Val F1: 0.4792 - Val ROC-AUC: 0.8406 - Val PR-AUC: 0.3751
Epoch 65/100 - Loss: 0.2916 - Val F1: 0.4755 - Val ROC-AUC: 0.8388 - Val PR-AUC: 0.3700
Epoch 66/100 - Loss: 0.2835 - Val F1: 0.4691 - Val ROC-AUC: 0.8343 - Val PR-AUC: 0.3681
Epoch 67/100 - Loss: 0.2890 - Val F1: 0.4684 - Val ROC-AUC: 0.8405 - Val PR-AUC: 0.3741
Epoch 68/100 - Loss: 0.2805 - Val F1: 0.4846 - Val ROC-AUC: 0.8391 - Val PR-AUC: 0.3702
Epoch 69/100 - Loss: 0.2824 - Val F1: 0.4646 - Val ROC-AUC: 0.8387 - Val PR-AUC: 0.3711
Epoch 70/100 - Loss: 0.2806 - Val F1: 0.4698 - Val ROC-AUC: 0.8358 - Val PR-AUC: 0.3704
Epoch 71/100 - Loss: 0.2779 - Val F1: 0.4487 - Val ROC-AUC: 0.8376 - Val PR-AUC: 0.3710
Epoch 72/100 - Loss: 0.2766 - Val F1: 0.4610 - Val ROC-AUC: 0.8356 - Val PR-AUC: 0.3666
Epoch 73/100 - Loss: 0.2828 - Val F1: 0.4539 - Val ROC-AUC: 0.8325 - Val PR-AUC: 0.3591
Epoch 74/100 - Loss: 0.2772 - Val F1: 0.4452 - Val ROC-AUC: 0.8354 - Val PR-AUC: 0.3657
Epoch 75/100 - Loss: 0.2696 - Val F1: 0.4694 - Val ROC-AUC: 0.8312 - Val PR-AUC: 0.3616
Epoch 76/100 - Loss: 0.2862 - Val F1: 0.4590 - Val ROC-AUC: 0.8343 - Val PR-AUC: 0.3624
Epoch 77/100 - Loss: 0.2736 - Val F1: 0.4537 - Val ROC-AUC: 0.8364 - Val PR-AUC: 0.3665
Epoch 78/100 - Loss: 0.2768 - Val F1: 0.4591 - Val ROC-AUC: 0.8361 - Val PR-AUC: 0.3669
Epoch 79/100 - Loss: 0.2806 - Val F1: 0.4465 - Val ROC-AUC: 0.8355 - Val PR-AUC: 0.3652
Epoch 80/100 - Loss: 0.2821 - Val F1: 0.4630 - Val ROC-AUC: 0.8323 - Val PR-AUC: 0.3631
Epoch 81/100 - Loss: 0.2739 - Val F1: 0.4674 - Val ROC-AUC: 0.8344 - Val PR-AUC: 0.3652
Epoch 82/100 - Loss: 0.2623 - Val F1: 0.4665 - Val ROC-AUC: 0.8358 - Val PR-AUC: 0.3643
Epoch 83/100 - Loss: 0.2750 - Val F1: 0.4528 - Val ROC-AUC: 0.8352 - Val PR-AUC: 0.3657
Epoch 84/100 - Loss: 0.2786 - Val F1: 0.4762 - Val ROC-AUC: 0.8339 - Val PR-AUC: 0.3621
Epoch 85/100 - Loss: 0.2755 - Val F1: 0.4582 - Val ROC-AUC: 0.8365 - Val PR-AUC: 0.3668
Epoch 86/100 - Loss: 0.2653 - Val F1: 0.4726 - Val ROC-AUC: 0.8328 - Val PR-AUC: 0.3624
Epoch 87/100 - Loss: 0.2661 - Val F1: 0.4610 - Val ROC-AUC: 0.8350 - Val PR-AUC: 0.3622
Epoch 88/100 - Loss: 0.2760 - Val F1: 0.4514 - Val ROC-AUC: 0.8369 - Val PR-AUC: 0.3665
Epoch 89/100 - Loss: 0.2731 - Val F1: 0.4552 - Val ROC-AUC: 0.8336 - Val PR-AUC: 0.3621
Epoch 90/100 - Loss: 0.2663 - Val F1: 0.4667 - Val ROC-AUC: 0.8344 - Val PR-AUC: 0.3613
Epoch 91/100 - Loss: 0.2670 - Val F1: 0.4586 - Val ROC-AUC: 0.8367 - Val PR-AUC: 0.3658
Epoch 92/100 - Loss: 0.2741 - Val F1: 0.4739 - Val ROC-AUC: 0.8322 - Val PR-AUC: 0.3609
Epoch 93/100 - Loss: 0.2777 - Val F1: 0.4458 - Val ROC-AUC: 0.8369 - Val PR-AUC: 0.3650
Epoch 94/100 - Loss: 0.2749 - Val F1: 0.4560 - Val ROC-AUC: 0.8352 - Val PR-AUC: 0.3645
Epoch 95/100 - Loss: 0.2613 - Val F1: 0.4620 - Val ROC-AUC: 0.8348 - Val PR-AUC: 0.3621
Epoch 96/100 - Loss: 0.2698 - Val F1: 0.4545 - Val ROC-AUC: 0.8353 - Val PR-AUC: 0.3664
Epoch 97/100 - Loss: 0.2705 - Val F1: 0.4508 - Val ROC-AUC: 0.8348 - Val PR-AUC: 0.3625
Epoch 98/100 - Loss: 0.2557 - Val F1: 0.4551 - Val ROC-AUC: 0.8351 - Val PR-AUC: 0.3654
Epoch 99/100 - Loss: 0.2702 - Val F1: 0.4554 - Val ROC-AUC: 0.8360 - Val PR-AUC: 0.3652
Epoch 100/100 - Loss: 0.2669 - Val F1: 0.4566 - Val ROC-AUC: 0.8389 - Val PR-AUC: 0.3705
Pretraining completed. Test F1: 0.4312, ROC-AUC: 0.7917, PR-AUC: 0.3875
[3/4] Finetuning on TOX21_ERa_BLA_Agonist_ch1 using GIN_GCN...
[Fine-tune] Epoch 1/50 - Loss: 0.4857 - Val F1: 0.2205 - Val ROC-AUC: 0.8243 - Val PR-AUC: 0.3332
[Fine-tune] Epoch 2/50 - Loss: 0.4194 - Val F1: 0.2737 - Val ROC-AUC: 0.8173 - Val PR-AUC: 0.3069
[Fine-tune] Epoch 3/50 - Loss: 0.3986 - Val F1: 0.2793 - Val ROC-AUC: 0.8358 - Val PR-AUC: 0.2529
[Fine-tune] Epoch 4/50 - Loss: 0.3618 - Val F1: 0.2888 - Val ROC-AUC: 0.8180 - Val PR-AUC: 0.2787
[Fine-tune] Epoch 5/50 - Loss: 0.3672 - Val F1: 0.2640 - Val ROC-AUC: 0.8163 - Val PR-AUC: 0.3019
[Fine-tune] Epoch 6/50 - Loss: 0.3293 - Val F1: 0.2895 - Val ROC-AUC: 0.7890 - Val PR-AUC: 0.2285
[Fine-tune] Epoch 7/50 - Loss: 0.3107 - Val F1: 0.2568 - Val ROC-AUC: 0.7799 - Val PR-AUC: 0.2991
[Fine-tune] Epoch 8/50 - Loss: 0.3065 - Val F1: 0.2857 - Val ROC-AUC: 0.8044 - Val PR-AUC: 0.3865
[Fine-tune] Epoch 9/50 - Loss: 0.2842 - Val F1: 0.3088 - Val ROC-AUC: 0.8179 - Val PR-AUC: 0.2737
[Fine-tune] Epoch 10/50 - Loss: 0.2762 - Val F1: 0.2577 - Val ROC-AUC: 0.7976 - Val PR-AUC: 0.2129
[Fine-tune] Epoch 11/50 - Loss: 0.2278 - Val F1: 0.2941 - Val ROC-AUC: 0.7997 - Val PR-AUC: 0.3273
[Fine-tune] Epoch 12/50 - Loss: 0.2202 - Val F1: 0.3022 - Val ROC-AUC: 0.7972 - Val PR-AUC: 0.3512
[Fine-tune] Epoch 13/50 - Loss: 0.2099 - Val F1: 0.2819 - Val ROC-AUC: 0.7950 - Val PR-AUC: 0.2989
[Fine-tune] Epoch 14/50 - Loss: 0.2249 - Val F1: 0.3150 - Val ROC-AUC: 0.8107 - Val PR-AUC: 0.3533
[Fine-tune] Epoch 15/50 - Loss: 0.1844 - Val F1: 0.3043 - Val ROC-AUC: 0.8055 - Val PR-AUC: 0.3159
[Fine-tune] Epoch 16/50 - Loss: 0.1937 - Val F1: 0.2609 - Val ROC-AUC: 0.7882 - Val PR-AUC: 0.2641
[Fine-tune] Epoch 17/50 - Loss: 0.1982 - Val F1: 0.3363 - Val ROC-AUC: 0.8007 - Val PR-AUC: 0.3365
[Fine-tune] Epoch 18/50 - Loss: 0.1798 - Val F1: 0.3361 - Val ROC-AUC: 0.7978 - Val PR-AUC: 0.2868
[Fine-tune] Epoch 19/50 - Loss: 0.1673 - Val F1: 0.2975 - Val ROC-AUC: 0.7888 - Val PR-AUC: 0.3248
[Fine-tune] Epoch 20/50 - Loss: 0.1697 - Val F1: 0.2658 - Val ROC-AUC: 0.8092 - Val PR-AUC: 0.2581
[Fine-tune] Epoch 21/50 - Loss: 0.1480 - Val F1: 0.2880 - Val ROC-AUC: 0.7819 - Val PR-AUC: 0.3104
[Fine-tune] Epoch 22/50 - Loss: 0.1337 - Val F1: 0.3269 - Val ROC-AUC: 0.7931 - Val PR-AUC: 0.2967
[Fine-tune] Epoch 23/50 - Loss: 0.1364 - Val F1: 0.3140 - Val ROC-AUC: 0.8075 - Val PR-AUC: 0.2936
[Fine-tune] Epoch 24/50 - Loss: 0.1340 - Val F1: 0.3429 - Val ROC-AUC: 0.7936 - Val PR-AUC: 0.2977
[Fine-tune] Epoch 25/50 - Loss: 0.1245 - Val F1: 0.3540 - Val ROC-AUC: 0.8020 - Val PR-AUC: 0.3030
[Fine-tune] Epoch 26/50 - Loss: 0.1341 - Val F1: 0.3214 - Val ROC-AUC: 0.8095 - Val PR-AUC: 0.3280
[Fine-tune] Epoch 27/50 - Loss: 0.1379 - Val F1: 0.3051 - Val ROC-AUC: 0.7792 - Val PR-AUC: 0.2885
[Fine-tune] Epoch 28/50 - Loss: 0.1229 - Val F1: 0.3115 - Val ROC-AUC: 0.7888 - Val PR-AUC: 0.2933
[Fine-tune] Epoch 29/50 - Loss: 0.1336 - Val F1: 0.3273 - Val ROC-AUC: 0.7863 - Val PR-AUC: 0.3312
[Fine-tune] Epoch 30/50 - Loss: 0.1190 - Val F1: 0.3505 - Val ROC-AUC: 0.7849 - Val PR-AUC: 0.3188
[Fine-tune] Epoch 31/50 - Loss: 0.1105 - Val F1: 0.3529 - Val ROC-AUC: 0.7939 - Val PR-AUC: 0.2908
[Fine-tune] Epoch 32/50 - Loss: 0.1032 - Val F1: 0.3269 - Val ROC-AUC: 0.7888 - Val PR-AUC: 0.2866
[Fine-tune] Epoch 33/50 - Loss: 0.1074 - Val F1: 0.3462 - Val ROC-AUC: 0.7932 - Val PR-AUC: 0.2735
[Fine-tune] Epoch 34/50 - Loss: 0.1007 - Val F1: 0.3711 - Val ROC-AUC: 0.7909 - Val PR-AUC: 0.3061
[Fine-tune] Epoch 35/50 - Loss: 0.0873 - Val F1: 0.3333 - Val ROC-AUC: 0.7932 - Val PR-AUC: 0.2848
[Fine-tune] Epoch 36/50 - Loss: 0.0938 - Val F1: 0.3564 - Val ROC-AUC: 0.7905 - Val PR-AUC: 0.3155
[Fine-tune] Epoch 37/50 - Loss: 0.0900 - Val F1: 0.3429 - Val ROC-AUC: 0.7989 - Val PR-AUC: 0.3083
[Fine-tune] Epoch 38/50 - Loss: 0.1037 - Val F1: 0.3469 - Val ROC-AUC: 0.7951 - Val PR-AUC: 0.3282
[Fine-tune] Epoch 39/50 - Loss: 0.0936 - Val F1: 0.3396 - Val ROC-AUC: 0.7921 - Val PR-AUC: 0.3101
[Fine-tune] Epoch 40/50 - Loss: 0.0988 - Val F1: 0.3564 - Val ROC-AUC: 0.7938 - Val PR-AUC: 0.2891
[Fine-tune] Epoch 41/50 - Loss: 0.0889 - Val F1: 0.3396 - Val ROC-AUC: 0.7908 - Val PR-AUC: 0.3030
[Fine-tune] Epoch 42/50 - Loss: 0.0882 - Val F1: 0.3600 - Val ROC-AUC: 0.7948 - Val PR-AUC: 0.3148
[Fine-tune] Epoch 43/50 - Loss: 0.0946 - Val F1: 0.3636 - Val ROC-AUC: 0.7989 - Val PR-AUC: 0.2983
[Fine-tune] Epoch 44/50 - Loss: 0.0858 - Val F1: 0.3495 - Val ROC-AUC: 0.7945 - Val PR-AUC: 0.3013
[Fine-tune] Epoch 45/50 - Loss: 0.0837 - Val F1: 0.3789 - Val ROC-AUC: 0.7940 - Val PR-AUC: 0.3126
[Fine-tune] Epoch 46/50 - Loss: 0.0859 - Val F1: 0.3636 - Val ROC-AUC: 0.7916 - Val PR-AUC: 0.3083
[Fine-tune] Epoch 47/50 - Loss: 0.0791 - Val F1: 0.3656 - Val ROC-AUC: 0.7866 - Val PR-AUC: 0.3088
[Fine-tune] Epoch 48/50 - Loss: 0.0902 - Val F1: 0.3579 - Val ROC-AUC: 0.7859 - Val PR-AUC: 0.3031
[Fine-tune] Epoch 49/50 - Loss: 0.0813 - Val F1: 0.3462 - Val ROC-AUC: 0.7924 - Val PR-AUC: 0.3080
[Fine-tune] Epoch 50/50 - Loss: 0.0800 - Val F1: 0.3696 - Val ROC-AUC: 0.7891 - Val PR-AUC: 0.3316
Finetuning completed. Test F1: 0.3738, ROC-AUC: 0.8326, PR-AUC: 0.2922
[3.1/4] Target-only training on TOX21_ERa_BLA_Agonist_ch1 using GIN_GCN...
=== Target-only training ===
[Target-only] Epoch 1/50 – Loss: 0.6049  Val F1: 0.1324  ROC-AUC: 0.8262  PR-AUC: 0.3390
[Target-only] Epoch 2/50 – Loss: 0.5345  Val F1: 0.2567  ROC-AUC: 0.7978  PR-AUC: 0.2443
[Target-only] Epoch 3/50 – Loss: 0.5077  Val F1: 0.2890  ROC-AUC: 0.7970  PR-AUC: 0.2996
[Target-only] Epoch 4/50 – Loss: 0.4688  Val F1: 0.2093  ROC-AUC: 0.7711  PR-AUC: 0.1889
[Target-only] Epoch 5/50 – Loss: 0.4554  Val F1: 0.2294  ROC-AUC: 0.7873  PR-AUC: 0.2975
[Target-only] Epoch 6/50 – Loss: 0.4250  Val F1: 0.2738  ROC-AUC: 0.7803  PR-AUC: 0.2396
[Target-only] Epoch 7/50 – Loss: 0.4229  Val F1: 0.2488  ROC-AUC: 0.7974  PR-AUC: 0.2932
[Target-only] Epoch 8/50 – Loss: 0.3794  Val F1: 0.1751  ROC-AUC: 0.7943  PR-AUC: 0.2910
[Target-only] Epoch 9/50 – Loss: 0.3657  Val F1: 0.2376  ROC-AUC: 0.7379  PR-AUC: 0.1970
[Target-only] Epoch 10/50 – Loss: 0.3444  Val F1: 0.2775  ROC-AUC: 0.7934  PR-AUC: 0.2723
[Target-only] Epoch 11/50 – Loss: 0.3079  Val F1: 0.2599  ROC-AUC: 0.7872  PR-AUC: 0.3145
[Target-only] Epoch 12/50 – Loss: 0.2993  Val F1: 0.2126  ROC-AUC: 0.7626  PR-AUC: 0.2184
[Target-only] Epoch 13/50 – Loss: 0.3045  Val F1: 0.2807  ROC-AUC: 0.7805  PR-AUC: 0.3154
[Target-only] Epoch 14/50 – Loss: 0.2682  Val F1: 0.2803  ROC-AUC: 0.7868  PR-AUC: 0.2761
[Target-only] Epoch 15/50 – Loss: 0.2661  Val F1: 0.2767  ROC-AUC: 0.7964  PR-AUC: 0.3324
[Target-only] Epoch 16/50 – Loss: 0.2481  Val F1: 0.2625  ROC-AUC: 0.7794  PR-AUC: 0.2319
[Target-only] Epoch 17/50 – Loss: 0.2563  Val F1: 0.2703  ROC-AUC: 0.7852  PR-AUC: 0.2666
[Target-only] Epoch 18/50 – Loss: 0.2363  Val F1: 0.2449  ROC-AUC: 0.7739  PR-AUC: 0.2939
[Target-only] Epoch 19/50 – Loss: 0.2325  Val F1: 0.2564  ROC-AUC: 0.7765  PR-AUC: 0.3524
[Target-only] Epoch 20/50 – Loss: 0.2147  Val F1: 0.2483  ROC-AUC: 0.7737  PR-AUC: 0.3678
[Target-only] Epoch 21/50 – Loss: 0.2002  Val F1: 0.2581  ROC-AUC: 0.7781  PR-AUC: 0.2988
[Target-only] Epoch 22/50 – Loss: 0.1839  Val F1: 0.2903  ROC-AUC: 0.7604  PR-AUC: 0.2944
[Target-only] Epoch 23/50 – Loss: 0.1793  Val F1: 0.2735  ROC-AUC: 0.7696  PR-AUC: 0.2781
[Target-only] Epoch 24/50 – Loss: 0.1705  Val F1: 0.2742  ROC-AUC: 0.7719  PR-AUC: 0.2391
[Target-only] Epoch 25/50 – Loss: 0.1669  Val F1: 0.2807  ROC-AUC: 0.7775  PR-AUC: 0.2893
[Target-only] Epoch 26/50 – Loss: 0.1577  Val F1: 0.2764  ROC-AUC: 0.7755  PR-AUC: 0.2423
[Target-only] Epoch 27/50 – Loss: 0.1726  Val F1: 0.2857  ROC-AUC: 0.7758  PR-AUC: 0.3102
[Target-only] Epoch 28/50 – Loss: 0.1582  Val F1: 0.2703  ROC-AUC: 0.7728  PR-AUC: 0.1991
[Target-only] Epoch 29/50 – Loss: 0.1498  Val F1: 0.2615  ROC-AUC: 0.7872  PR-AUC: 0.2920
[Target-only] Epoch 30/50 – Loss: 0.1501  Val F1: 0.3000  ROC-AUC: 0.7848  PR-AUC: 0.2686
[Target-only] Epoch 31/50 – Loss: 0.1352  Val F1: 0.3025  ROC-AUC: 0.7802  PR-AUC: 0.3202
[Target-only] Epoch 32/50 – Loss: 0.1324  Val F1: 0.3009  ROC-AUC: 0.7827  PR-AUC: 0.3016
[Target-only] Epoch 33/50 – Loss: 0.1320  Val F1: 0.3077  ROC-AUC: 0.7880  PR-AUC: 0.3036
[Target-only] Epoch 34/50 – Loss: 0.1264  Val F1: 0.3148  ROC-AUC: 0.7874  PR-AUC: 0.2814
[Target-only] Epoch 35/50 – Loss: 0.1216  Val F1: 0.2906  ROC-AUC: 0.7855  PR-AUC: 0.2632
[Target-only] Epoch 36/50 – Loss: 0.1151  Val F1: 0.2913  ROC-AUC: 0.7893  PR-AUC: 0.2449
[Target-only] Epoch 37/50 – Loss: 0.1284  Val F1: 0.3091  ROC-AUC: 0.7866  PR-AUC: 0.2724
[Target-only] Epoch 38/50 – Loss: 0.1224  Val F1: 0.3009  ROC-AUC: 0.7915  PR-AUC: 0.2990
[Target-only] Epoch 39/50 – Loss: 0.1239  Val F1: 0.2951  ROC-AUC: 0.7905  PR-AUC: 0.2700
[Target-only] Epoch 40/50 – Loss: 0.1102  Val F1: 0.3063  ROC-AUC: 0.7765  PR-AUC: 0.2556
[Target-only] Epoch 41/50 – Loss: 0.1069  Val F1: 0.3063  ROC-AUC: 0.7793  PR-AUC: 0.2861
[Target-only] Epoch 42/50 – Loss: 0.1134  Val F1: 0.3269  ROC-AUC: 0.7789  PR-AUC: 0.2520
[Target-only] Epoch 43/50 – Loss: 0.1035  Val F1: 0.3119  ROC-AUC: 0.7774  PR-AUC: 0.2791
[Target-only] Epoch 44/50 – Loss: 0.0976  Val F1: 0.3301  ROC-AUC: 0.7823  PR-AUC: 0.2832
[Target-only] Epoch 45/50 – Loss: 0.1068  Val F1: 0.3019  ROC-AUC: 0.7774  PR-AUC: 0.2678
[Target-only] Epoch 46/50 – Loss: 0.1046  Val F1: 0.3091  ROC-AUC: 0.7771  PR-AUC: 0.2633
[Target-only] Epoch 47/50 – Loss: 0.0964  Val F1: 0.3333  ROC-AUC: 0.7799  PR-AUC: 0.2582
[Target-only] Epoch 48/50 – Loss: 0.1029  Val F1: 0.3269  ROC-AUC: 0.7823  PR-AUC: 0.2628
[Target-only] Epoch 49/50 – Loss: 0.1107  Val F1: 0.3178  ROC-AUC: 0.7793  PR-AUC: 0.2479
[Target-only] Epoch 50/50 – Loss: 0.1051  Val F1: 0.3200  ROC-AUC: 0.7886  PR-AUC: 0.2817
=== Target-only TEST performance ===
Test F1: 0.3238, ROC-AUC: 0.8085, PR-AUC: 0.2791
✅ 실험 완료: TOX21_ERa_BLA_Antagonist_ratio -> TOX21_ERa_BLA_Agonist_ch1 [GIN_GCN]
