[1/4] Excel → CSV 변환 중...
Saved pretrain CSV for TOX21_ERa_BLA_Antagonist_ratio: data/sample/TOX21_ERa_BLA_Antagonist_ratio.csv
Saved pretrain CSV for TOX21_ERa_LUC_VM7_Agonist: data/sample/TOX21_ERa_LUC_VM7_Agonist.csv
Saved pretrain CSV for TOX21_ERa_BLA_Antagonist_viability: data/sample/TOX21_ERa_BLA_Antagonist_viability.csv
Saved pretrain CSV for TOX21_ERa_LUC_VM7_Antagonist_0.5nM_E2: data/sample/TOX21_ERa_LUC_VM7_Antagonist_0.5nM_E2.csv
Saved pretrain CSV for TOX21_ERa_BLA_Antagonist_ch2: data/sample/TOX21_ERa_BLA_Antagonist_ch2.csv
Saved pretrain CSV for TOX21_ERa_BLA_Antagonist_ch1: data/sample/TOX21_ERa_BLA_Antagonist_ch1.csv
Saved pretrain CSV for TOX21_ERa_LUC_VM7_Antagonist_0.5nM_E2_viability: data/sample/TOX21_ERa_LUC_VM7_Antagonist_0.5nM_E2_viability.csv
Saved pretrain CSV for TOX21_ERa_BLA_Agonist_ch2: data/sample/TOX21_ERa_BLA_Agonist_ch2.csv
Saved pretrain CSV for TOX21_ERa_BLA_Agonist_ch1: data/sample/TOX21_ERa_BLA_Agonist_ch1.csv
Saved pretrain CSV for TOX21_ERa_BLA_Agonist_ratio: data/sample/TOX21_ERa_BLA_Agonist_ratio.csv
Saved pretrain CSV for TOX21_ERb_BLA_Antagonist_ch1: data/sample/TOX21_ERb_BLA_Antagonist_ch1.csv
Saved pretrain CSV for TOX21_ERb_BLA_Antagonist_ch2: data/sample/TOX21_ERb_BLA_Antagonist_ch2.csv
Saved pretrain CSV for TOX21_ERb_BLA_Agonist_viability: data/sample/TOX21_ERb_BLA_Agonist_viability.csv
Saved pretrain CSV for TOX21_ERb_BLA_Agonist_ratio: data/sample/TOX21_ERb_BLA_Agonist_ratio.csv
Saved pretrain CSV for TOX21_ERb_BLA_Agonist_ch2: data/sample/TOX21_ERb_BLA_Agonist_ch2.csv
Saved pretrain CSV for TOX21_ERb_BLA_Agonist_ch1: data/sample/TOX21_ERb_BLA_Agonist_ch1.csv
Saved pretrain CSV for TOX21_ERR_LUC_Agonist: data/sample/TOX21_ERR_LUC_Agonist.csv
Saved pretrain CSV for TOX21_ERa_LUC_VM7_Agonist_10nM_ICI182780_viability: data/sample/TOX21_ERa_LUC_VM7_Agonist_10nM_ICI182780_viability.csv
Saved pretrain CSV for TOX21_ERa_LUC_VM7_Antagonist_0.1nM_E2: data/sample/TOX21_ERa_LUC_VM7_Antagonist_0.1nM_E2.csv
Saved pretrain CSV for TOX21_ERb_BLA_Antagonist_ratio: data/sample/TOX21_ERb_BLA_Antagonist_ratio.csv
Saved pretrain CSV for TOX21_ERa_LUC_VM7_Agonist_10nM_ICI182780: data/sample/TOX21_ERa_LUC_VM7_Agonist_10nM_ICI182780.csv
Saved pretrain CSV for TOX21_ERR_LUC_viability: data/sample/TOX21_ERR_LUC_viability.csv
Saved pretrain CSV for TOX21_ERR_LUC_Antagonist: data/sample/TOX21_ERR_LUC_Antagonist.csv
Saved pretrain CSV for TOX21_ERa_LUC_VM7_Antagonist_0.1nM_E2_viability: data/sample/TOX21_ERa_LUC_VM7_Antagonist_0.1nM_E2_viability.csv
Saved pretrain CSV for TOX21_ERb_BLA_Antagonist_viability: data/sample/TOX21_ERb_BLA_Antagonist_viability.csv
Saved finetune CSV for TOX21_ERa_BLA_Antagonist_ratio: data/sample/TOX21_ERa_BLA_Antagonist_ratio.csv
Saved finetune CSV for TOX21_ERa_LUC_VM7_Agonist: data/sample/TOX21_ERa_LUC_VM7_Agonist.csv
Saved finetune CSV for TOX21_ERa_BLA_Antagonist_viability: data/sample/TOX21_ERa_BLA_Antagonist_viability.csv
Saved finetune CSV for TOX21_ERa_LUC_VM7_Antagonist_0.5nM_E2: data/sample/TOX21_ERa_LUC_VM7_Antagonist_0.5nM_E2.csv
Saved finetune CSV for TOX21_ERa_BLA_Antagonist_ch2: data/sample/TOX21_ERa_BLA_Antagonist_ch2.csv
Saved finetune CSV for TOX21_ERa_BLA_Antagonist_ch1: data/sample/TOX21_ERa_BLA_Antagonist_ch1.csv
Saved finetune CSV for TOX21_ERa_LUC_VM7_Antagonist_0.5nM_E2_viability: data/sample/TOX21_ERa_LUC_VM7_Antagonist_0.5nM_E2_viability.csv
Saved finetune CSV for TOX21_ERa_BLA_Agonist_ch2: data/sample/TOX21_ERa_BLA_Agonist_ch2.csv
Saved finetune CSV for TOX21_ERa_BLA_Agonist_ch1: data/sample/TOX21_ERa_BLA_Agonist_ch1.csv
Saved finetune CSV for TOX21_ERa_BLA_Agonist_ratio: data/sample/TOX21_ERa_BLA_Agonist_ratio.csv
Saved finetune CSV for TOX21_ERb_BLA_Antagonist_ch1: data/sample/TOX21_ERb_BLA_Antagonist_ch1.csv
Saved finetune CSV for TOX21_ERb_BLA_Antagonist_ch2: data/sample/TOX21_ERb_BLA_Antagonist_ch2.csv
Saved finetune CSV for TOX21_ERb_BLA_Agonist_viability: data/sample/TOX21_ERb_BLA_Agonist_viability.csv
Saved finetune CSV for TOX21_ERb_BLA_Agonist_ratio: data/sample/TOX21_ERb_BLA_Agonist_ratio.csv
Saved finetune CSV for TOX21_ERb_BLA_Agonist_ch2: data/sample/TOX21_ERb_BLA_Agonist_ch2.csv
Saved finetune CSV for TOX21_ERb_BLA_Agonist_ch1: data/sample/TOX21_ERb_BLA_Agonist_ch1.csv
Saved finetune CSV for TOX21_ERR_LUC_Agonist: data/sample/TOX21_ERR_LUC_Agonist.csv
Saved finetune CSV for TOX21_ERa_LUC_VM7_Agonist_10nM_ICI182780_viability: data/sample/TOX21_ERa_LUC_VM7_Agonist_10nM_ICI182780_viability.csv
Saved finetune CSV for TOX21_ERa_LUC_VM7_Antagonist_0.1nM_E2: data/sample/TOX21_ERa_LUC_VM7_Antagonist_0.1nM_E2.csv
Saved finetune CSV for TOX21_ERb_BLA_Antagonist_ratio: data/sample/TOX21_ERb_BLA_Antagonist_ratio.csv
Saved finetune CSV for TOX21_ERa_LUC_VM7_Agonist_10nM_ICI182780: data/sample/TOX21_ERa_LUC_VM7_Agonist_10nM_ICI182780.csv
Saved finetune CSV for TOX21_ERR_LUC_viability: data/sample/TOX21_ERR_LUC_viability.csv
Saved finetune CSV for TOX21_ERR_LUC_Antagonist: data/sample/TOX21_ERR_LUC_Antagonist.csv
Saved finetune CSV for TOX21_ERa_LUC_VM7_Antagonist_0.1nM_E2_viability: data/sample/TOX21_ERa_LUC_VM7_Antagonist_0.1nM_E2_viability.csv
Saved finetune CSV for TOX21_ERb_BLA_Antagonist_viability: data/sample/TOX21_ERb_BLA_Antagonist_viability.csv
[2/4] Pretraining on TOX21_ERa_BLA_Antagonist_ratio using GIN_GCN...
Epoch 1/100 - Loss: 0.6206 - Val F1: 0.3214 - Val ROC-AUC: 0.7091 - Val PR-AUC: 0.2273
Epoch 2/100 - Loss: 0.5812 - Val F1: 0.3171 - Val ROC-AUC: 0.7269 - Val PR-AUC: 0.2480
Epoch 3/100 - Loss: 0.5687 - Val F1: 0.3646 - Val ROC-AUC: 0.7584 - Val PR-AUC: 0.2886
Epoch 4/100 - Loss: 0.5486 - Val F1: 0.3261 - Val ROC-AUC: 0.7230 - Val PR-AUC: 0.2613
Epoch 5/100 - Loss: 0.5558 - Val F1: 0.3815 - Val ROC-AUC: 0.7667 - Val PR-AUC: 0.2877
Epoch 6/100 - Loss: 0.5368 - Val F1: 0.3727 - Val ROC-AUC: 0.7540 - Val PR-AUC: 0.2809
Epoch 7/100 - Loss: 0.5098 - Val F1: 0.3649 - Val ROC-AUC: 0.7695 - Val PR-AUC: 0.3118
Epoch 8/100 - Loss: 0.5120 - Val F1: 0.3840 - Val ROC-AUC: 0.7795 - Val PR-AUC: 0.3046
Epoch 9/100 - Loss: 0.4956 - Val F1: 0.4170 - Val ROC-AUC: 0.7911 - Val PR-AUC: 0.3282
Epoch 10/100 - Loss: 0.4944 - Val F1: 0.3927 - Val ROC-AUC: 0.7825 - Val PR-AUC: 0.3162
Epoch 11/100 - Loss: 0.4698 - Val F1: 0.4133 - Val ROC-AUC: 0.8087 - Val PR-AUC: 0.3408
Epoch 12/100 - Loss: 0.4630 - Val F1: 0.3750 - Val ROC-AUC: 0.8111 - Val PR-AUC: 0.3516
Epoch 13/100 - Loss: 0.4616 - Val F1: 0.4164 - Val ROC-AUC: 0.7985 - Val PR-AUC: 0.3366
Epoch 14/100 - Loss: 0.4749 - Val F1: 0.3958 - Val ROC-AUC: 0.8084 - Val PR-AUC: 0.3531
Epoch 15/100 - Loss: 0.4645 - Val F1: 0.4259 - Val ROC-AUC: 0.8004 - Val PR-AUC: 0.3477
Epoch 16/100 - Loss: 0.4427 - Val F1: 0.3889 - Val ROC-AUC: 0.7966 - Val PR-AUC: 0.3098
Epoch 17/100 - Loss: 0.4342 - Val F1: 0.3886 - Val ROC-AUC: 0.7995 - Val PR-AUC: 0.3277
Epoch 18/100 - Loss: 0.4290 - Val F1: 0.4253 - Val ROC-AUC: 0.8226 - Val PR-AUC: 0.3811
Epoch 19/100 - Loss: 0.4223 - Val F1: 0.3881 - Val ROC-AUC: 0.8038 - Val PR-AUC: 0.3199
Epoch 20/100 - Loss: 0.4300 - Val F1: 0.4367 - Val ROC-AUC: 0.8270 - Val PR-AUC: 0.3848
Epoch 21/100 - Loss: 0.4171 - Val F1: 0.4772 - Val ROC-AUC: 0.8191 - Val PR-AUC: 0.3597
Epoch 22/100 - Loss: 0.3954 - Val F1: 0.4298 - Val ROC-AUC: 0.8125 - Val PR-AUC: 0.3468
Epoch 23/100 - Loss: 0.3976 - Val F1: 0.4320 - Val ROC-AUC: 0.8130 - Val PR-AUC: 0.3637
Epoch 24/100 - Loss: 0.3894 - Val F1: 0.4145 - Val ROC-AUC: 0.8217 - Val PR-AUC: 0.3877
Epoch 25/100 - Loss: 0.3789 - Val F1: 0.4140 - Val ROC-AUC: 0.8167 - Val PR-AUC: 0.3695
Epoch 26/100 - Loss: 0.3847 - Val F1: 0.4222 - Val ROC-AUC: 0.8130 - Val PR-AUC: 0.3513
Epoch 27/100 - Loss: 0.3770 - Val F1: 0.4146 - Val ROC-AUC: 0.8143 - Val PR-AUC: 0.3558
Epoch 28/100 - Loss: 0.3767 - Val F1: 0.4422 - Val ROC-AUC: 0.8270 - Val PR-AUC: 0.3802
Epoch 29/100 - Loss: 0.3698 - Val F1: 0.4510 - Val ROC-AUC: 0.8126 - Val PR-AUC: 0.3498
Epoch 30/100 - Loss: 0.3755 - Val F1: 0.4431 - Val ROC-AUC: 0.8153 - Val PR-AUC: 0.3427
Epoch 31/100 - Loss: 0.3612 - Val F1: 0.4230 - Val ROC-AUC: 0.8163 - Val PR-AUC: 0.3535
Epoch 32/100 - Loss: 0.3470 - Val F1: 0.4438 - Val ROC-AUC: 0.8194 - Val PR-AUC: 0.3600
Epoch 33/100 - Loss: 0.3478 - Val F1: 0.4217 - Val ROC-AUC: 0.8143 - Val PR-AUC: 0.3621
Epoch 34/100 - Loss: 0.3472 - Val F1: 0.4392 - Val ROC-AUC: 0.8187 - Val PR-AUC: 0.3726
Epoch 35/100 - Loss: 0.3534 - Val F1: 0.4253 - Val ROC-AUC: 0.8085 - Val PR-AUC: 0.3606
Epoch 36/100 - Loss: 0.3403 - Val F1: 0.4417 - Val ROC-AUC: 0.8213 - Val PR-AUC: 0.3828
Epoch 37/100 - Loss: 0.3476 - Val F1: 0.4253 - Val ROC-AUC: 0.8123 - Val PR-AUC: 0.3658
Epoch 38/100 - Loss: 0.3391 - Val F1: 0.4590 - Val ROC-AUC: 0.8139 - Val PR-AUC: 0.3685
Epoch 39/100 - Loss: 0.3329 - Val F1: 0.4399 - Val ROC-AUC: 0.8278 - Val PR-AUC: 0.3942
Epoch 40/100 - Loss: 0.3352 - Val F1: 0.4268 - Val ROC-AUC: 0.8120 - Val PR-AUC: 0.3668
Epoch 41/100 - Loss: 0.3255 - Val F1: 0.4380 - Val ROC-AUC: 0.8173 - Val PR-AUC: 0.3743
Epoch 42/100 - Loss: 0.3383 - Val F1: 0.4457 - Val ROC-AUC: 0.8169 - Val PR-AUC: 0.3735
Epoch 43/100 - Loss: 0.3206 - Val F1: 0.4327 - Val ROC-AUC: 0.8239 - Val PR-AUC: 0.3945
Epoch 44/100 - Loss: 0.3218 - Val F1: 0.4625 - Val ROC-AUC: 0.8228 - Val PR-AUC: 0.3782
Epoch 45/100 - Loss: 0.3070 - Val F1: 0.4444 - Val ROC-AUC: 0.8167 - Val PR-AUC: 0.3642
Epoch 46/100 - Loss: 0.3164 - Val F1: 0.4314 - Val ROC-AUC: 0.8178 - Val PR-AUC: 0.3751
Epoch 47/100 - Loss: 0.2972 - Val F1: 0.4339 - Val ROC-AUC: 0.8125 - Val PR-AUC: 0.3766
Epoch 48/100 - Loss: 0.3150 - Val F1: 0.4327 - Val ROC-AUC: 0.8178 - Val PR-AUC: 0.3711
Epoch 49/100 - Loss: 0.2954 - Val F1: 0.4444 - Val ROC-AUC: 0.8209 - Val PR-AUC: 0.3691
Epoch 50/100 - Loss: 0.3013 - Val F1: 0.4337 - Val ROC-AUC: 0.8172 - Val PR-AUC: 0.3653
Epoch 51/100 - Loss: 0.2885 - Val F1: 0.4329 - Val ROC-AUC: 0.8150 - Val PR-AUC: 0.3747
Epoch 52/100 - Loss: 0.2844 - Val F1: 0.4290 - Val ROC-AUC: 0.8174 - Val PR-AUC: 0.3719
Epoch 53/100 - Loss: 0.3032 - Val F1: 0.4345 - Val ROC-AUC: 0.8185 - Val PR-AUC: 0.3755
Epoch 54/100 - Loss: 0.2907 - Val F1: 0.4367 - Val ROC-AUC: 0.8206 - Val PR-AUC: 0.3837
Epoch 55/100 - Loss: 0.2804 - Val F1: 0.4390 - Val ROC-AUC: 0.8193 - Val PR-AUC: 0.3732
Epoch 56/100 - Loss: 0.2883 - Val F1: 0.4404 - Val ROC-AUC: 0.8166 - Val PR-AUC: 0.3672
Epoch 57/100 - Loss: 0.3069 - Val F1: 0.4430 - Val ROC-AUC: 0.8172 - Val PR-AUC: 0.3671
Epoch 58/100 - Loss: 0.2966 - Val F1: 0.4321 - Val ROC-AUC: 0.8214 - Val PR-AUC: 0.3752
Epoch 59/100 - Loss: 0.2877 - Val F1: 0.4410 - Val ROC-AUC: 0.8196 - Val PR-AUC: 0.3707
Epoch 60/100 - Loss: 0.2779 - Val F1: 0.4309 - Val ROC-AUC: 0.8257 - Val PR-AUC: 0.3782
Epoch 61/100 - Loss: 0.2921 - Val F1: 0.4430 - Val ROC-AUC: 0.8180 - Val PR-AUC: 0.3690
Epoch 62/100 - Loss: 0.2822 - Val F1: 0.4459 - Val ROC-AUC: 0.8202 - Val PR-AUC: 0.3744
Epoch 63/100 - Loss: 0.2734 - Val F1: 0.4494 - Val ROC-AUC: 0.8162 - Val PR-AUC: 0.3692
Epoch 64/100 - Loss: 0.2865 - Val F1: 0.4313 - Val ROC-AUC: 0.8176 - Val PR-AUC: 0.3672
Epoch 65/100 - Loss: 0.2859 - Val F1: 0.4248 - Val ROC-AUC: 0.8189 - Val PR-AUC: 0.3697
Epoch 66/100 - Loss: 0.2790 - Val F1: 0.4317 - Val ROC-AUC: 0.8221 - Val PR-AUC: 0.3756
Epoch 67/100 - Loss: 0.2806 - Val F1: 0.4277 - Val ROC-AUC: 0.8188 - Val PR-AUC: 0.3644
Epoch 68/100 - Loss: 0.2724 - Val F1: 0.4359 - Val ROC-AUC: 0.8182 - Val PR-AUC: 0.3693
Epoch 69/100 - Loss: 0.2823 - Val F1: 0.4254 - Val ROC-AUC: 0.8138 - Val PR-AUC: 0.3576
Epoch 70/100 - Loss: 0.2865 - Val F1: 0.4319 - Val ROC-AUC: 0.8166 - Val PR-AUC: 0.3665
Epoch 71/100 - Loss: 0.2880 - Val F1: 0.4400 - Val ROC-AUC: 0.8180 - Val PR-AUC: 0.3706
Epoch 72/100 - Loss: 0.2688 - Val F1: 0.4241 - Val ROC-AUC: 0.8180 - Val PR-AUC: 0.3663
Epoch 73/100 - Loss: 0.2798 - Val F1: 0.4437 - Val ROC-AUC: 0.8176 - Val PR-AUC: 0.3779
Epoch 74/100 - Loss: 0.2728 - Val F1: 0.4356 - Val ROC-AUC: 0.8145 - Val PR-AUC: 0.3633
Epoch 75/100 - Loss: 0.2763 - Val F1: 0.4396 - Val ROC-AUC: 0.8168 - Val PR-AUC: 0.3679
Epoch 76/100 - Loss: 0.2796 - Val F1: 0.4351 - Val ROC-AUC: 0.8191 - Val PR-AUC: 0.3758
Epoch 77/100 - Loss: 0.2797 - Val F1: 0.4430 - Val ROC-AUC: 0.8132 - Val PR-AUC: 0.3644
Epoch 78/100 - Loss: 0.2685 - Val F1: 0.4351 - Val ROC-AUC: 0.8175 - Val PR-AUC: 0.3747
Epoch 79/100 - Loss: 0.2836 - Val F1: 0.4364 - Val ROC-AUC: 0.8159 - Val PR-AUC: 0.3697
Epoch 80/100 - Loss: 0.2784 - Val F1: 0.4444 - Val ROC-AUC: 0.8173 - Val PR-AUC: 0.3743
Epoch 81/100 - Loss: 0.2779 - Val F1: 0.4408 - Val ROC-AUC: 0.8181 - Val PR-AUC: 0.3753
Epoch 82/100 - Loss: 0.2810 - Val F1: 0.4313 - Val ROC-AUC: 0.8163 - Val PR-AUC: 0.3703
Epoch 83/100 - Loss: 0.2732 - Val F1: 0.4304 - Val ROC-AUC: 0.8165 - Val PR-AUC: 0.3725
Epoch 84/100 - Loss: 0.2660 - Val F1: 0.4348 - Val ROC-AUC: 0.8169 - Val PR-AUC: 0.3703
Epoch 85/100 - Loss: 0.2750 - Val F1: 0.4348 - Val ROC-AUC: 0.8170 - Val PR-AUC: 0.3733
Epoch 86/100 - Loss: 0.2754 - Val F1: 0.4323 - Val ROC-AUC: 0.8191 - Val PR-AUC: 0.3759
Epoch 87/100 - Loss: 0.2790 - Val F1: 0.4328 - Val ROC-AUC: 0.8188 - Val PR-AUC: 0.3747
Epoch 88/100 - Loss: 0.2739 - Val F1: 0.4281 - Val ROC-AUC: 0.8161 - Val PR-AUC: 0.3715
Epoch 89/100 - Loss: 0.2678 - Val F1: 0.4281 - Val ROC-AUC: 0.8160 - Val PR-AUC: 0.3720
Epoch 90/100 - Loss: 0.2768 - Val F1: 0.4337 - Val ROC-AUC: 0.8182 - Val PR-AUC: 0.3706
Epoch 91/100 - Loss: 0.2684 - Val F1: 0.4286 - Val ROC-AUC: 0.8169 - Val PR-AUC: 0.3713
Epoch 92/100 - Loss: 0.2738 - Val F1: 0.4351 - Val ROC-AUC: 0.8189 - Val PR-AUC: 0.3734
Epoch 93/100 - Loss: 0.2718 - Val F1: 0.4340 - Val ROC-AUC: 0.8167 - Val PR-AUC: 0.3708
Epoch 94/100 - Loss: 0.2701 - Val F1: 0.4337 - Val ROC-AUC: 0.8191 - Val PR-AUC: 0.3731
Epoch 95/100 - Loss: 0.2702 - Val F1: 0.4365 - Val ROC-AUC: 0.8195 - Val PR-AUC: 0.3771
Epoch 96/100 - Loss: 0.2770 - Val F1: 0.4326 - Val ROC-AUC: 0.8167 - Val PR-AUC: 0.3708
Epoch 97/100 - Loss: 0.2766 - Val F1: 0.4214 - Val ROC-AUC: 0.8165 - Val PR-AUC: 0.3639
Epoch 98/100 - Loss: 0.2638 - Val F1: 0.4387 - Val ROC-AUC: 0.8166 - Val PR-AUC: 0.3715
Epoch 99/100 - Loss: 0.2792 - Val F1: 0.4351 - Val ROC-AUC: 0.8180 - Val PR-AUC: 0.3725
Epoch 100/100 - Loss: 0.2697 - Val F1: 0.4290 - Val ROC-AUC: 0.8163 - Val PR-AUC: 0.3698
Pretraining completed. Test F1: 0.4070, ROC-AUC: 0.7874, PR-AUC: 0.3812
[3/4] Finetuning on TOX21_ERb_BLA_Antagonist_viability using GIN_GCN...
[Fine-tune] Epoch 1/50 - Loss: 0.5614 - Val F1: 0.3747 - Val ROC-AUC: 0.7592 - Val PR-AUC: 0.3209
[Fine-tune] Epoch 2/50 - Loss: 0.5216 - Val F1: 0.3986 - Val ROC-AUC: 0.7836 - Val PR-AUC: 0.3203
[Fine-tune] Epoch 3/50 - Loss: 0.5047 - Val F1: 0.3715 - Val ROC-AUC: 0.7954 - Val PR-AUC: 0.3222
[Fine-tune] Epoch 4/50 - Loss: 0.5055 - Val F1: 0.4291 - Val ROC-AUC: 0.7943 - Val PR-AUC: 0.3283
[Fine-tune] Epoch 5/50 - Loss: 0.4991 - Val F1: 0.4078 - Val ROC-AUC: 0.7777 - Val PR-AUC: 0.2973
[Fine-tune] Epoch 6/50 - Loss: 0.4843 - Val F1: 0.4125 - Val ROC-AUC: 0.7983 - Val PR-AUC: 0.3352
[Fine-tune] Epoch 7/50 - Loss: 0.4761 - Val F1: 0.3990 - Val ROC-AUC: 0.7865 - Val PR-AUC: 0.3197
[Fine-tune] Epoch 8/50 - Loss: 0.4674 - Val F1: 0.3880 - Val ROC-AUC: 0.7888 - Val PR-AUC: 0.3614
[Fine-tune] Epoch 9/50 - Loss: 0.4631 - Val F1: 0.4057 - Val ROC-AUC: 0.7739 - Val PR-AUC: 0.3253
[Fine-tune] Epoch 10/50 - Loss: 0.4577 - Val F1: 0.3990 - Val ROC-AUC: 0.7828 - Val PR-AUC: 0.3441
[Fine-tune] Epoch 11/50 - Loss: 0.4252 - Val F1: 0.4263 - Val ROC-AUC: 0.7845 - Val PR-AUC: 0.3135
[Fine-tune] Epoch 12/50 - Loss: 0.4200 - Val F1: 0.3978 - Val ROC-AUC: 0.7989 - Val PR-AUC: 0.3417
[Fine-tune] Epoch 13/50 - Loss: 0.3969 - Val F1: 0.3846 - Val ROC-AUC: 0.7740 - Val PR-AUC: 0.3407
[Fine-tune] Epoch 14/50 - Loss: 0.3985 - Val F1: 0.3988 - Val ROC-AUC: 0.7854 - Val PR-AUC: 0.3616
[Fine-tune] Epoch 15/50 - Loss: 0.3932 - Val F1: 0.4155 - Val ROC-AUC: 0.7840 - Val PR-AUC: 0.3362
[Fine-tune] Epoch 16/50 - Loss: 0.3859 - Val F1: 0.4043 - Val ROC-AUC: 0.7880 - Val PR-AUC: 0.3360
[Fine-tune] Epoch 17/50 - Loss: 0.3808 - Val F1: 0.4024 - Val ROC-AUC: 0.8025 - Val PR-AUC: 0.3692
[Fine-tune] Epoch 18/50 - Loss: 0.3757 - Val F1: 0.4119 - Val ROC-AUC: 0.7909 - Val PR-AUC: 0.3497
[Fine-tune] Epoch 19/50 - Loss: 0.3669 - Val F1: 0.4100 - Val ROC-AUC: 0.7771 - Val PR-AUC: 0.3176
[Fine-tune] Epoch 20/50 - Loss: 0.3640 - Val F1: 0.4320 - Val ROC-AUC: 0.7924 - Val PR-AUC: 0.3494
[Fine-tune] Epoch 21/50 - Loss: 0.3481 - Val F1: 0.3950 - Val ROC-AUC: 0.7759 - Val PR-AUC: 0.3450
[Fine-tune] Epoch 22/50 - Loss: 0.3379 - Val F1: 0.4267 - Val ROC-AUC: 0.7817 - Val PR-AUC: 0.3522
[Fine-tune] Epoch 23/50 - Loss: 0.3357 - Val F1: 0.4211 - Val ROC-AUC: 0.7833 - Val PR-AUC: 0.3524
[Fine-tune] Epoch 24/50 - Loss: 0.3208 - Val F1: 0.4238 - Val ROC-AUC: 0.7838 - Val PR-AUC: 0.3637
[Fine-tune] Epoch 25/50 - Loss: 0.3320 - Val F1: 0.4104 - Val ROC-AUC: 0.7860 - Val PR-AUC: 0.3519
[Fine-tune] Epoch 26/50 - Loss: 0.3100 - Val F1: 0.4444 - Val ROC-AUC: 0.7904 - Val PR-AUC: 0.3629
[Fine-tune] Epoch 27/50 - Loss: 0.3082 - Val F1: 0.4076 - Val ROC-AUC: 0.7847 - Val PR-AUC: 0.3551
[Fine-tune] Epoch 28/50 - Loss: 0.3105 - Val F1: 0.4161 - Val ROC-AUC: 0.7827 - Val PR-AUC: 0.3489
[Fine-tune] Epoch 29/50 - Loss: 0.3105 - Val F1: 0.4257 - Val ROC-AUC: 0.7926 - Val PR-AUC: 0.3624
[Fine-tune] Epoch 30/50 - Loss: 0.3150 - Val F1: 0.4277 - Val ROC-AUC: 0.7963 - Val PR-AUC: 0.3686
[Fine-tune] Epoch 31/50 - Loss: 0.2968 - Val F1: 0.4211 - Val ROC-AUC: 0.7927 - Val PR-AUC: 0.3707
[Fine-tune] Epoch 32/50 - Loss: 0.2879 - Val F1: 0.3925 - Val ROC-AUC: 0.7859 - Val PR-AUC: 0.3666
[Fine-tune] Epoch 33/50 - Loss: 0.2774 - Val F1: 0.4028 - Val ROC-AUC: 0.7841 - Val PR-AUC: 0.3680
[Fine-tune] Epoch 34/50 - Loss: 0.2851 - Val F1: 0.4192 - Val ROC-AUC: 0.7908 - Val PR-AUC: 0.3707
[Fine-tune] Epoch 35/50 - Loss: 0.2894 - Val F1: 0.4161 - Val ROC-AUC: 0.7837 - Val PR-AUC: 0.3670
[Fine-tune] Epoch 36/50 - Loss: 0.2662 - Val F1: 0.4345 - Val ROC-AUC: 0.7862 - Val PR-AUC: 0.3602
[Fine-tune] Epoch 37/50 - Loss: 0.2798 - Val F1: 0.4356 - Val ROC-AUC: 0.7923 - Val PR-AUC: 0.3618
[Fine-tune] Epoch 38/50 - Loss: 0.2749 - Val F1: 0.4245 - Val ROC-AUC: 0.7824 - Val PR-AUC: 0.3559
[Fine-tune] Epoch 39/50 - Loss: 0.2645 - Val F1: 0.4181 - Val ROC-AUC: 0.7818 - Val PR-AUC: 0.3594
[Fine-tune] Epoch 40/50 - Loss: 0.2722 - Val F1: 0.4156 - Val ROC-AUC: 0.7865 - Val PR-AUC: 0.3655
[Fine-tune] Epoch 41/50 - Loss: 0.2577 - Val F1: 0.4271 - Val ROC-AUC: 0.7875 - Val PR-AUC: 0.3686
[Fine-tune] Epoch 42/50 - Loss: 0.2452 - Val F1: 0.4176 - Val ROC-AUC: 0.7927 - Val PR-AUC: 0.3700
[Fine-tune] Epoch 43/50 - Loss: 0.2581 - Val F1: 0.4305 - Val ROC-AUC: 0.7889 - Val PR-AUC: 0.3697
[Fine-tune] Epoch 44/50 - Loss: 0.2509 - Val F1: 0.4393 - Val ROC-AUC: 0.7865 - Val PR-AUC: 0.3688
[Fine-tune] Epoch 45/50 - Loss: 0.2523 - Val F1: 0.4375 - Val ROC-AUC: 0.7875 - Val PR-AUC: 0.3641
[Fine-tune] Epoch 46/50 - Loss: 0.2445 - Val F1: 0.4122 - Val ROC-AUC: 0.7886 - Val PR-AUC: 0.3677
[Fine-tune] Epoch 47/50 - Loss: 0.2459 - Val F1: 0.4276 - Val ROC-AUC: 0.7890 - Val PR-AUC: 0.3714
[Fine-tune] Epoch 48/50 - Loss: 0.2349 - Val F1: 0.4110 - Val ROC-AUC: 0.7863 - Val PR-AUC: 0.3633
[Fine-tune] Epoch 49/50 - Loss: 0.2478 - Val F1: 0.4251 - Val ROC-AUC: 0.7895 - Val PR-AUC: 0.3775
[Fine-tune] Epoch 50/50 - Loss: 0.2505 - Val F1: 0.4232 - Val ROC-AUC: 0.7893 - Val PR-AUC: 0.3733
Finetuning completed. Test F1: 0.4577, ROC-AUC: 0.8058, PR-AUC: 0.4427
[3.1/4] Target-only training on TOX21_ERb_BLA_Antagonist_viability using GIN_GCN...
=== Target-only training ===
[Target-only] Epoch 1/50 – Loss: 0.6320  Val F1: 0.3958  ROC-AUC: 0.7710  PR-AUC: 0.3319
[Target-only] Epoch 2/50 – Loss: 0.5942  Val F1: 0.3684  ROC-AUC: 0.7541  PR-AUC: 0.3136
[Target-only] Epoch 3/50 – Loss: 0.5875  Val F1: 0.3672  ROC-AUC: 0.7755  PR-AUC: 0.3291
[Target-only] Epoch 4/50 – Loss: 0.5695  Val F1: 0.3851  ROC-AUC: 0.7735  PR-AUC: 0.3271
[Target-only] Epoch 5/50 – Loss: 0.5721  Val F1: 0.3565  ROC-AUC: 0.7210  PR-AUC: 0.2981
[Target-only] Epoch 6/50 – Loss: 0.5584  Val F1: 0.3935  ROC-AUC: 0.7651  PR-AUC: 0.3387
[Target-only] Epoch 7/50 – Loss: 0.5505  Val F1: 0.3717  ROC-AUC: 0.7453  PR-AUC: 0.2784
[Target-only] Epoch 8/50 – Loss: 0.5466  Val F1: 0.3453  ROC-AUC: 0.7522  PR-AUC: 0.3570
[Target-only] Epoch 9/50 – Loss: 0.5272  Val F1: 0.4035  ROC-AUC: 0.7742  PR-AUC: 0.3399
[Target-only] Epoch 10/50 – Loss: 0.5443  Val F1: 0.4177  ROC-AUC: 0.7756  PR-AUC: 0.3499
[Target-only] Epoch 11/50 – Loss: 0.4996  Val F1: 0.3610  ROC-AUC: 0.7427  PR-AUC: 0.3225
[Target-only] Epoch 12/50 – Loss: 0.4937  Val F1: 0.3977  ROC-AUC: 0.7686  PR-AUC: 0.3536
[Target-only] Epoch 13/50 – Loss: 0.4872  Val F1: 0.3632  ROC-AUC: 0.7594  PR-AUC: 0.3660
[Target-only] Epoch 14/50 – Loss: 0.4817  Val F1: 0.3880  ROC-AUC: 0.7764  PR-AUC: 0.3688
[Target-only] Epoch 15/50 – Loss: 0.4789  Val F1: 0.3806  ROC-AUC: 0.7557  PR-AUC: 0.3437
[Target-only] Epoch 16/50 – Loss: 0.4711  Val F1: 0.3971  ROC-AUC: 0.7750  PR-AUC: 0.3673
[Target-only] Epoch 17/50 – Loss: 0.4709  Val F1: 0.3855  ROC-AUC: 0.7651  PR-AUC: 0.3592
[Target-only] Epoch 18/50 – Loss: 0.4597  Val F1: 0.3880  ROC-AUC: 0.7749  PR-AUC: 0.3633
[Target-only] Epoch 19/50 – Loss: 0.4579  Val F1: 0.3972  ROC-AUC: 0.7640  PR-AUC: 0.3423
[Target-only] Epoch 20/50 – Loss: 0.4452  Val F1: 0.3781  ROC-AUC: 0.7665  PR-AUC: 0.3549
[Target-only] Epoch 21/50 – Loss: 0.4202  Val F1: 0.4011  ROC-AUC: 0.7699  PR-AUC: 0.3635
[Target-only] Epoch 22/50 – Loss: 0.4133  Val F1: 0.4065  ROC-AUC: 0.7809  PR-AUC: 0.3662
[Target-only] Epoch 23/50 – Loss: 0.4079  Val F1: 0.3880  ROC-AUC: 0.7841  PR-AUC: 0.3859
[Target-only] Epoch 24/50 – Loss: 0.4034  Val F1: 0.4035  ROC-AUC: 0.7830  PR-AUC: 0.3680
[Target-only] Epoch 25/50 – Loss: 0.4087  Val F1: 0.3889  ROC-AUC: 0.7738  PR-AUC: 0.3470
[Target-only] Epoch 26/50 – Loss: 0.3834  Val F1: 0.4089  ROC-AUC: 0.7695  PR-AUC: 0.3664
[Target-only] Epoch 27/50 – Loss: 0.3901  Val F1: 0.4035  ROC-AUC: 0.7887  PR-AUC: 0.3569
[Target-only] Epoch 28/50 – Loss: 0.3824  Val F1: 0.3989  ROC-AUC: 0.7729  PR-AUC: 0.3434
[Target-only] Epoch 29/50 – Loss: 0.3780  Val F1: 0.3973  ROC-AUC: 0.7642  PR-AUC: 0.3418
[Target-only] Epoch 30/50 – Loss: 0.3738  Val F1: 0.4079  ROC-AUC: 0.7790  PR-AUC: 0.3453
[Target-only] Epoch 31/50 – Loss: 0.3669  Val F1: 0.3902  ROC-AUC: 0.7783  PR-AUC: 0.3447
[Target-only] Epoch 32/50 – Loss: 0.3510  Val F1: 0.4067  ROC-AUC: 0.7761  PR-AUC: 0.3424
[Target-only] Epoch 33/50 – Loss: 0.3552  Val F1: 0.4369  ROC-AUC: 0.7808  PR-AUC: 0.3716
[Target-only] Epoch 34/50 – Loss: 0.3494  Val F1: 0.3863  ROC-AUC: 0.7686  PR-AUC: 0.3466
[Target-only] Epoch 35/50 – Loss: 0.3422  Val F1: 0.3942  ROC-AUC: 0.7690  PR-AUC: 0.3591
[Target-only] Epoch 36/50 – Loss: 0.3397  Val F1: 0.4025  ROC-AUC: 0.7759  PR-AUC: 0.3591
[Target-only] Epoch 37/50 – Loss: 0.3351  Val F1: 0.4000  ROC-AUC: 0.7646  PR-AUC: 0.3484
[Target-only] Epoch 38/50 – Loss: 0.3439  Val F1: 0.3922  ROC-AUC: 0.7744  PR-AUC: 0.3676
[Target-only] Epoch 39/50 – Loss: 0.3314  Val F1: 0.4129  ROC-AUC: 0.7710  PR-AUC: 0.3597
[Target-only] Epoch 40/50 – Loss: 0.3422  Val F1: 0.4037  ROC-AUC: 0.7773  PR-AUC: 0.3547
[Target-only] Epoch 41/50 – Loss: 0.3274  Val F1: 0.4172  ROC-AUC: 0.7799  PR-AUC: 0.3582
[Target-only] Epoch 42/50 – Loss: 0.3187  Val F1: 0.4080  ROC-AUC: 0.7794  PR-AUC: 0.3700
[Target-only] Epoch 43/50 – Loss: 0.3268  Val F1: 0.4013  ROC-AUC: 0.7808  PR-AUC: 0.3719
[Target-only] Epoch 44/50 – Loss: 0.3184  Val F1: 0.3913  ROC-AUC: 0.7742  PR-AUC: 0.3663
[Target-only] Epoch 45/50 – Loss: 0.3103  Val F1: 0.4103  ROC-AUC: 0.7758  PR-AUC: 0.3549
[Target-only] Epoch 46/50 – Loss: 0.3163  Val F1: 0.4136  ROC-AUC: 0.7796  PR-AUC: 0.3586
[Target-only] Epoch 47/50 – Loss: 0.3056  Val F1: 0.4242  ROC-AUC: 0.7808  PR-AUC: 0.3546
[Target-only] Epoch 48/50 – Loss: 0.3080  Val F1: 0.4238  ROC-AUC: 0.7784  PR-AUC: 0.3634
[Target-only] Epoch 49/50 – Loss: 0.3077  Val F1: 0.3974  ROC-AUC: 0.7820  PR-AUC: 0.3729
[Target-only] Epoch 50/50 – Loss: 0.3003  Val F1: 0.4027  ROC-AUC: 0.7788  PR-AUC: 0.3733
=== Target-only TEST performance ===
Test F1: 0.4377, ROC-AUC: 0.8006, PR-AUC: 0.4189
✅ 실험 완료: TOX21_ERa_BLA_Antagonist_ratio -> TOX21_ERb_BLA_Antagonist_viability [GIN_GCN]
