[1/4] Excel → CSV 변환 중...
Saved pretrain CSV for TOX21_ERa_BLA_Antagonist_ratio: data/sample/TOX21_ERa_BLA_Antagonist_ratio.csv
Saved pretrain CSV for TOX21_ERa_LUC_VM7_Agonist: data/sample/TOX21_ERa_LUC_VM7_Agonist.csv
Saved pretrain CSV for TOX21_ERa_BLA_Antagonist_viability: data/sample/TOX21_ERa_BLA_Antagonist_viability.csv
Saved pretrain CSV for TOX21_ERa_LUC_VM7_Antagonist_0.5nM_E2: data/sample/TOX21_ERa_LUC_VM7_Antagonist_0.5nM_E2.csv
Saved pretrain CSV for TOX21_ERa_BLA_Antagonist_ch2: data/sample/TOX21_ERa_BLA_Antagonist_ch2.csv
Saved pretrain CSV for TOX21_ERa_BLA_Antagonist_ch1: data/sample/TOX21_ERa_BLA_Antagonist_ch1.csv
Saved pretrain CSV for TOX21_ERa_LUC_VM7_Antagonist_0.5nM_E2_viability: data/sample/TOX21_ERa_LUC_VM7_Antagonist_0.5nM_E2_viability.csv
Saved pretrain CSV for TOX21_ERa_BLA_Agonist_ch2: data/sample/TOX21_ERa_BLA_Agonist_ch2.csv
Saved pretrain CSV for TOX21_ERa_BLA_Agonist_ch1: data/sample/TOX21_ERa_BLA_Agonist_ch1.csv
Saved pretrain CSV for TOX21_ERa_BLA_Agonist_ratio: data/sample/TOX21_ERa_BLA_Agonist_ratio.csv
Saved pretrain CSV for TOX21_ERb_BLA_Antagonist_ch1: data/sample/TOX21_ERb_BLA_Antagonist_ch1.csv
Saved pretrain CSV for TOX21_ERb_BLA_Antagonist_ch2: data/sample/TOX21_ERb_BLA_Antagonist_ch2.csv
Saved pretrain CSV for TOX21_ERb_BLA_Agonist_viability: data/sample/TOX21_ERb_BLA_Agonist_viability.csv
Saved pretrain CSV for TOX21_ERb_BLA_Agonist_ratio: data/sample/TOX21_ERb_BLA_Agonist_ratio.csv
Saved pretrain CSV for TOX21_ERb_BLA_Agonist_ch2: data/sample/TOX21_ERb_BLA_Agonist_ch2.csv
Saved pretrain CSV for TOX21_ERb_BLA_Agonist_ch1: data/sample/TOX21_ERb_BLA_Agonist_ch1.csv
Saved pretrain CSV for TOX21_ERR_LUC_Agonist: data/sample/TOX21_ERR_LUC_Agonist.csv
Saved pretrain CSV for TOX21_ERa_LUC_VM7_Agonist_10nM_ICI182780_viability: data/sample/TOX21_ERa_LUC_VM7_Agonist_10nM_ICI182780_viability.csv
Saved pretrain CSV for TOX21_ERa_LUC_VM7_Antagonist_0.1nM_E2: data/sample/TOX21_ERa_LUC_VM7_Antagonist_0.1nM_E2.csv
Saved pretrain CSV for TOX21_ERb_BLA_Antagonist_ratio: data/sample/TOX21_ERb_BLA_Antagonist_ratio.csv
Saved pretrain CSV for TOX21_ERa_LUC_VM7_Agonist_10nM_ICI182780: data/sample/TOX21_ERa_LUC_VM7_Agonist_10nM_ICI182780.csv
Saved pretrain CSV for TOX21_ERR_LUC_viability: data/sample/TOX21_ERR_LUC_viability.csv
Saved pretrain CSV for TOX21_ERR_LUC_Antagonist: data/sample/TOX21_ERR_LUC_Antagonist.csv
Saved pretrain CSV for TOX21_ERa_LUC_VM7_Antagonist_0.1nM_E2_viability: data/sample/TOX21_ERa_LUC_VM7_Antagonist_0.1nM_E2_viability.csv
Saved pretrain CSV for TOX21_ERb_BLA_Antagonist_viability: data/sample/TOX21_ERb_BLA_Antagonist_viability.csv
Saved finetune CSV for TOX21_ERa_BLA_Antagonist_ratio: data/sample/TOX21_ERa_BLA_Antagonist_ratio.csv
Saved finetune CSV for TOX21_ERa_LUC_VM7_Agonist: data/sample/TOX21_ERa_LUC_VM7_Agonist.csv
Saved finetune CSV for TOX21_ERa_BLA_Antagonist_viability: data/sample/TOX21_ERa_BLA_Antagonist_viability.csv
Saved finetune CSV for TOX21_ERa_LUC_VM7_Antagonist_0.5nM_E2: data/sample/TOX21_ERa_LUC_VM7_Antagonist_0.5nM_E2.csv
Saved finetune CSV for TOX21_ERa_BLA_Antagonist_ch2: data/sample/TOX21_ERa_BLA_Antagonist_ch2.csv
Saved finetune CSV for TOX21_ERa_BLA_Antagonist_ch1: data/sample/TOX21_ERa_BLA_Antagonist_ch1.csv
Saved finetune CSV for TOX21_ERa_LUC_VM7_Antagonist_0.5nM_E2_viability: data/sample/TOX21_ERa_LUC_VM7_Antagonist_0.5nM_E2_viability.csv
Saved finetune CSV for TOX21_ERa_BLA_Agonist_ch2: data/sample/TOX21_ERa_BLA_Agonist_ch2.csv
Saved finetune CSV for TOX21_ERa_BLA_Agonist_ch1: data/sample/TOX21_ERa_BLA_Agonist_ch1.csv
Saved finetune CSV for TOX21_ERa_BLA_Agonist_ratio: data/sample/TOX21_ERa_BLA_Agonist_ratio.csv
Saved finetune CSV for TOX21_ERb_BLA_Antagonist_ch1: data/sample/TOX21_ERb_BLA_Antagonist_ch1.csv
Saved finetune CSV for TOX21_ERb_BLA_Antagonist_ch2: data/sample/TOX21_ERb_BLA_Antagonist_ch2.csv
Saved finetune CSV for TOX21_ERb_BLA_Agonist_viability: data/sample/TOX21_ERb_BLA_Agonist_viability.csv
Saved finetune CSV for TOX21_ERb_BLA_Agonist_ratio: data/sample/TOX21_ERb_BLA_Agonist_ratio.csv
Saved finetune CSV for TOX21_ERb_BLA_Agonist_ch2: data/sample/TOX21_ERb_BLA_Agonist_ch2.csv
Saved finetune CSV for TOX21_ERb_BLA_Agonist_ch1: data/sample/TOX21_ERb_BLA_Agonist_ch1.csv
Saved finetune CSV for TOX21_ERR_LUC_Agonist: data/sample/TOX21_ERR_LUC_Agonist.csv
Saved finetune CSV for TOX21_ERa_LUC_VM7_Agonist_10nM_ICI182780_viability: data/sample/TOX21_ERa_LUC_VM7_Agonist_10nM_ICI182780_viability.csv
Saved finetune CSV for TOX21_ERa_LUC_VM7_Antagonist_0.1nM_E2: data/sample/TOX21_ERa_LUC_VM7_Antagonist_0.1nM_E2.csv
Saved finetune CSV for TOX21_ERb_BLA_Antagonist_ratio: data/sample/TOX21_ERb_BLA_Antagonist_ratio.csv
Saved finetune CSV for TOX21_ERa_LUC_VM7_Agonist_10nM_ICI182780: data/sample/TOX21_ERa_LUC_VM7_Agonist_10nM_ICI182780.csv
Saved finetune CSV for TOX21_ERR_LUC_viability: data/sample/TOX21_ERR_LUC_viability.csv
Saved finetune CSV for TOX21_ERR_LUC_Antagonist: data/sample/TOX21_ERR_LUC_Antagonist.csv
Saved finetune CSV for TOX21_ERa_LUC_VM7_Antagonist_0.1nM_E2_viability: data/sample/TOX21_ERa_LUC_VM7_Antagonist_0.1nM_E2_viability.csv
Saved finetune CSV for TOX21_ERb_BLA_Antagonist_viability: data/sample/TOX21_ERb_BLA_Antagonist_viability.csv
[2/4] Pretraining on TOX21_ERa_BLA_Antagonist_ratio using GIN_GCN...
Epoch 1/100 - Loss: 0.6278 - Val F1: 0.2943 - Val ROC-AUC: 0.7062 - Val PR-AUC: 0.2321
Epoch 2/100 - Loss: 0.5906 - Val F1: 0.3372 - Val ROC-AUC: 0.7098 - Val PR-AUC: 0.2285
Epoch 3/100 - Loss: 0.5640 - Val F1: 0.3719 - Val ROC-AUC: 0.7353 - Val PR-AUC: 0.2518
Epoch 4/100 - Loss: 0.5535 - Val F1: 0.3346 - Val ROC-AUC: 0.7477 - Val PR-AUC: 0.2656
Epoch 5/100 - Loss: 0.5471 - Val F1: 0.3718 - Val ROC-AUC: 0.7611 - Val PR-AUC: 0.2970
Epoch 6/100 - Loss: 0.5258 - Val F1: 0.3553 - Val ROC-AUC: 0.7518 - Val PR-AUC: 0.2680
Epoch 7/100 - Loss: 0.5377 - Val F1: 0.3729 - Val ROC-AUC: 0.7595 - Val PR-AUC: 0.2775
Epoch 8/100 - Loss: 0.5237 - Val F1: 0.3692 - Val ROC-AUC: 0.7919 - Val PR-AUC: 0.3265
Epoch 9/100 - Loss: 0.5104 - Val F1: 0.3613 - Val ROC-AUC: 0.7633 - Val PR-AUC: 0.2749
Epoch 10/100 - Loss: 0.5031 - Val F1: 0.3673 - Val ROC-AUC: 0.7632 - Val PR-AUC: 0.3039
Epoch 11/100 - Loss: 0.4783 - Val F1: 0.4240 - Val ROC-AUC: 0.7891 - Val PR-AUC: 0.3045
Epoch 12/100 - Loss: 0.4725 - Val F1: 0.4034 - Val ROC-AUC: 0.8037 - Val PR-AUC: 0.3327
Epoch 13/100 - Loss: 0.4720 - Val F1: 0.4063 - Val ROC-AUC: 0.7904 - Val PR-AUC: 0.3088
Epoch 14/100 - Loss: 0.4548 - Val F1: 0.3937 - Val ROC-AUC: 0.7958 - Val PR-AUC: 0.3075
Epoch 15/100 - Loss: 0.4448 - Val F1: 0.3956 - Val ROC-AUC: 0.7925 - Val PR-AUC: 0.3286
Epoch 16/100 - Loss: 0.4600 - Val F1: 0.4000 - Val ROC-AUC: 0.7943 - Val PR-AUC: 0.3256
Epoch 17/100 - Loss: 0.4425 - Val F1: 0.3794 - Val ROC-AUC: 0.7744 - Val PR-AUC: 0.3159
Epoch 18/100 - Loss: 0.4406 - Val F1: 0.3859 - Val ROC-AUC: 0.7881 - Val PR-AUC: 0.3121
Epoch 19/100 - Loss: 0.4376 - Val F1: 0.3990 - Val ROC-AUC: 0.7924 - Val PR-AUC: 0.3450
Epoch 20/100 - Loss: 0.4386 - Val F1: 0.3935 - Val ROC-AUC: 0.7905 - Val PR-AUC: 0.3098
Epoch 21/100 - Loss: 0.4248 - Val F1: 0.4223 - Val ROC-AUC: 0.8080 - Val PR-AUC: 0.3329
Epoch 22/100 - Loss: 0.3934 - Val F1: 0.4114 - Val ROC-AUC: 0.7988 - Val PR-AUC: 0.3258
Epoch 23/100 - Loss: 0.3976 - Val F1: 0.4317 - Val ROC-AUC: 0.7911 - Val PR-AUC: 0.3252
Epoch 24/100 - Loss: 0.4021 - Val F1: 0.4155 - Val ROC-AUC: 0.8146 - Val PR-AUC: 0.3345
Epoch 25/100 - Loss: 0.3962 - Val F1: 0.4169 - Val ROC-AUC: 0.8025 - Val PR-AUC: 0.3236
Epoch 26/100 - Loss: 0.3771 - Val F1: 0.4144 - Val ROC-AUC: 0.8074 - Val PR-AUC: 0.3358
Epoch 27/100 - Loss: 0.3840 - Val F1: 0.4162 - Val ROC-AUC: 0.8101 - Val PR-AUC: 0.3386
Epoch 28/100 - Loss: 0.3757 - Val F1: 0.4103 - Val ROC-AUC: 0.8074 - Val PR-AUC: 0.3206
Epoch 29/100 - Loss: 0.3838 - Val F1: 0.4000 - Val ROC-AUC: 0.8073 - Val PR-AUC: 0.3398
Epoch 30/100 - Loss: 0.3744 - Val F1: 0.4424 - Val ROC-AUC: 0.8144 - Val PR-AUC: 0.3458
Epoch 31/100 - Loss: 0.3446 - Val F1: 0.4176 - Val ROC-AUC: 0.8084 - Val PR-AUC: 0.3343
Epoch 32/100 - Loss: 0.3397 - Val F1: 0.4110 - Val ROC-AUC: 0.8049 - Val PR-AUC: 0.3348
Epoch 33/100 - Loss: 0.3592 - Val F1: 0.3990 - Val ROC-AUC: 0.8193 - Val PR-AUC: 0.3686
Epoch 34/100 - Loss: 0.3370 - Val F1: 0.4396 - Val ROC-AUC: 0.8130 - Val PR-AUC: 0.3496
Epoch 35/100 - Loss: 0.3461 - Val F1: 0.4237 - Val ROC-AUC: 0.8100 - Val PR-AUC: 0.3480
Epoch 36/100 - Loss: 0.3271 - Val F1: 0.4330 - Val ROC-AUC: 0.8031 - Val PR-AUC: 0.3454
Epoch 37/100 - Loss: 0.3195 - Val F1: 0.4274 - Val ROC-AUC: 0.8179 - Val PR-AUC: 0.3546
Epoch 38/100 - Loss: 0.3384 - Val F1: 0.4295 - Val ROC-AUC: 0.8017 - Val PR-AUC: 0.3257
Epoch 39/100 - Loss: 0.3231 - Val F1: 0.4383 - Val ROC-AUC: 0.8084 - Val PR-AUC: 0.3383
Epoch 40/100 - Loss: 0.3423 - Val F1: 0.4078 - Val ROC-AUC: 0.8085 - Val PR-AUC: 0.3455
