[1/4] Excel → CSV 변환 중...
Saved pretrain CSV for TOX21_ERa_BLA_Antagonist_ratio: data/sample/TOX21_ERa_BLA_Antagonist_ratio.csv
Saved pretrain CSV for TOX21_ERa_LUC_VM7_Agonist: data/sample/TOX21_ERa_LUC_VM7_Agonist.csv
Saved pretrain CSV for TOX21_ERa_BLA_Antagonist_viability: data/sample/TOX21_ERa_BLA_Antagonist_viability.csv
Saved pretrain CSV for TOX21_ERa_LUC_VM7_Antagonist_0.5nM_E2: data/sample/TOX21_ERa_LUC_VM7_Antagonist_0.5nM_E2.csv
Saved pretrain CSV for TOX21_ERa_BLA_Antagonist_ch2: data/sample/TOX21_ERa_BLA_Antagonist_ch2.csv
Saved pretrain CSV for TOX21_ERa_BLA_Antagonist_ch1: data/sample/TOX21_ERa_BLA_Antagonist_ch1.csv
Saved pretrain CSV for TOX21_ERa_LUC_VM7_Antagonist_0.5nM_E2_viability: data/sample/TOX21_ERa_LUC_VM7_Antagonist_0.5nM_E2_viability.csv
Saved pretrain CSV for TOX21_ERa_BLA_Agonist_ch2: data/sample/TOX21_ERa_BLA_Agonist_ch2.csv
Saved pretrain CSV for TOX21_ERa_BLA_Agonist_ch1: data/sample/TOX21_ERa_BLA_Agonist_ch1.csv
Saved pretrain CSV for TOX21_ERa_BLA_Agonist_ratio: data/sample/TOX21_ERa_BLA_Agonist_ratio.csv
Saved pretrain CSV for TOX21_ERb_BLA_Antagonist_ch1: data/sample/TOX21_ERb_BLA_Antagonist_ch1.csv
Saved pretrain CSV for TOX21_ERb_BLA_Antagonist_ch2: data/sample/TOX21_ERb_BLA_Antagonist_ch2.csv
Saved pretrain CSV for TOX21_ERb_BLA_Agonist_viability: data/sample/TOX21_ERb_BLA_Agonist_viability.csv
Saved pretrain CSV for TOX21_ERb_BLA_Agonist_ratio: data/sample/TOX21_ERb_BLA_Agonist_ratio.csv
Saved pretrain CSV for TOX21_ERb_BLA_Agonist_ch2: data/sample/TOX21_ERb_BLA_Agonist_ch2.csv
Saved pretrain CSV for TOX21_ERb_BLA_Agonist_ch1: data/sample/TOX21_ERb_BLA_Agonist_ch1.csv
Saved pretrain CSV for TOX21_ERR_LUC_Agonist: data/sample/TOX21_ERR_LUC_Agonist.csv
Saved pretrain CSV for TOX21_ERa_LUC_VM7_Agonist_10nM_ICI182780_viability: data/sample/TOX21_ERa_LUC_VM7_Agonist_10nM_ICI182780_viability.csv
Saved pretrain CSV for TOX21_ERa_LUC_VM7_Antagonist_0.1nM_E2: data/sample/TOX21_ERa_LUC_VM7_Antagonist_0.1nM_E2.csv
Saved pretrain CSV for TOX21_ERb_BLA_Antagonist_ratio: data/sample/TOX21_ERb_BLA_Antagonist_ratio.csv
Saved pretrain CSV for TOX21_ERa_LUC_VM7_Agonist_10nM_ICI182780: data/sample/TOX21_ERa_LUC_VM7_Agonist_10nM_ICI182780.csv
Saved pretrain CSV for TOX21_ERR_LUC_viability: data/sample/TOX21_ERR_LUC_viability.csv
Saved pretrain CSV for TOX21_ERR_LUC_Antagonist: data/sample/TOX21_ERR_LUC_Antagonist.csv
Saved pretrain CSV for TOX21_ERa_LUC_VM7_Antagonist_0.1nM_E2_viability: data/sample/TOX21_ERa_LUC_VM7_Antagonist_0.1nM_E2_viability.csv
Saved pretrain CSV for TOX21_ERb_BLA_Antagonist_viability: data/sample/TOX21_ERb_BLA_Antagonist_viability.csv
Saved finetune CSV for TOX21_ERa_BLA_Antagonist_ratio: data/sample/TOX21_ERa_BLA_Antagonist_ratio.csv
Saved finetune CSV for TOX21_ERa_LUC_VM7_Agonist: data/sample/TOX21_ERa_LUC_VM7_Agonist.csv
Saved finetune CSV for TOX21_ERa_BLA_Antagonist_viability: data/sample/TOX21_ERa_BLA_Antagonist_viability.csv
Saved finetune CSV for TOX21_ERa_LUC_VM7_Antagonist_0.5nM_E2: data/sample/TOX21_ERa_LUC_VM7_Antagonist_0.5nM_E2.csv
Saved finetune CSV for TOX21_ERa_BLA_Antagonist_ch2: data/sample/TOX21_ERa_BLA_Antagonist_ch2.csv
Saved finetune CSV for TOX21_ERa_BLA_Antagonist_ch1: data/sample/TOX21_ERa_BLA_Antagonist_ch1.csv
Saved finetune CSV for TOX21_ERa_LUC_VM7_Antagonist_0.5nM_E2_viability: data/sample/TOX21_ERa_LUC_VM7_Antagonist_0.5nM_E2_viability.csv
Saved finetune CSV for TOX21_ERa_BLA_Agonist_ch2: data/sample/TOX21_ERa_BLA_Agonist_ch2.csv
Saved finetune CSV for TOX21_ERa_BLA_Agonist_ch1: data/sample/TOX21_ERa_BLA_Agonist_ch1.csv
Saved finetune CSV for TOX21_ERa_BLA_Agonist_ratio: data/sample/TOX21_ERa_BLA_Agonist_ratio.csv
Saved finetune CSV for TOX21_ERb_BLA_Antagonist_ch1: data/sample/TOX21_ERb_BLA_Antagonist_ch1.csv
Saved finetune CSV for TOX21_ERb_BLA_Antagonist_ch2: data/sample/TOX21_ERb_BLA_Antagonist_ch2.csv
Saved finetune CSV for TOX21_ERb_BLA_Agonist_viability: data/sample/TOX21_ERb_BLA_Agonist_viability.csv
Saved finetune CSV for TOX21_ERb_BLA_Agonist_ratio: data/sample/TOX21_ERb_BLA_Agonist_ratio.csv
Saved finetune CSV for TOX21_ERb_BLA_Agonist_ch2: data/sample/TOX21_ERb_BLA_Agonist_ch2.csv
Saved finetune CSV for TOX21_ERb_BLA_Agonist_ch1: data/sample/TOX21_ERb_BLA_Agonist_ch1.csv
Saved finetune CSV for TOX21_ERR_LUC_Agonist: data/sample/TOX21_ERR_LUC_Agonist.csv
Saved finetune CSV for TOX21_ERa_LUC_VM7_Agonist_10nM_ICI182780_viability: data/sample/TOX21_ERa_LUC_VM7_Agonist_10nM_ICI182780_viability.csv
Saved finetune CSV for TOX21_ERa_LUC_VM7_Antagonist_0.1nM_E2: data/sample/TOX21_ERa_LUC_VM7_Antagonist_0.1nM_E2.csv
Saved finetune CSV for TOX21_ERb_BLA_Antagonist_ratio: data/sample/TOX21_ERb_BLA_Antagonist_ratio.csv
Saved finetune CSV for TOX21_ERa_LUC_VM7_Agonist_10nM_ICI182780: data/sample/TOX21_ERa_LUC_VM7_Agonist_10nM_ICI182780.csv
Saved finetune CSV for TOX21_ERR_LUC_viability: data/sample/TOX21_ERR_LUC_viability.csv
Saved finetune CSV for TOX21_ERR_LUC_Antagonist: data/sample/TOX21_ERR_LUC_Antagonist.csv
Saved finetune CSV for TOX21_ERa_LUC_VM7_Antagonist_0.1nM_E2_viability: data/sample/TOX21_ERa_LUC_VM7_Antagonist_0.1nM_E2_viability.csv
Saved finetune CSV for TOX21_ERb_BLA_Antagonist_viability: data/sample/TOX21_ERb_BLA_Antagonist_viability.csv
[2/4] Pretraining on TOX21_ERa_LUC_VM7_Agonist using GIN_GCN...
Epoch 1/100 - Loss: 0.6685 - Val F1: 0.2361 - Val ROC-AUC: 0.6061 - Val PR-AUC: 0.2220
Epoch 2/100 - Loss: 0.6426 - Val F1: 0.2638 - Val ROC-AUC: 0.6502 - Val PR-AUC: 0.2628
Epoch 3/100 - Loss: 0.6373 - Val F1: 0.2412 - Val ROC-AUC: 0.6240 - Val PR-AUC: 0.2268
Epoch 4/100 - Loss: 0.6315 - Val F1: 0.2566 - Val ROC-AUC: 0.6281 - Val PR-AUC: 0.2331
Epoch 5/100 - Loss: 0.6133 - Val F1: 0.2738 - Val ROC-AUC: 0.6573 - Val PR-AUC: 0.2339
Epoch 6/100 - Loss: 0.6113 - Val F1: 0.3041 - Val ROC-AUC: 0.6733 - Val PR-AUC: 0.2973
Epoch 7/100 - Loss: 0.5997 - Val F1: 0.2734 - Val ROC-AUC: 0.6722 - Val PR-AUC: 0.2653
Epoch 8/100 - Loss: 0.5961 - Val F1: 0.2956 - Val ROC-AUC: 0.6849 - Val PR-AUC: 0.2454
Epoch 9/100 - Loss: 0.5927 - Val F1: 0.3014 - Val ROC-AUC: 0.7085 - Val PR-AUC: 0.3114
Epoch 10/100 - Loss: 0.5850 - Val F1: 0.3245 - Val ROC-AUC: 0.6944 - Val PR-AUC: 0.2952
Epoch 11/100 - Loss: 0.5714 - Val F1: 0.3211 - Val ROC-AUC: 0.7066 - Val PR-AUC: 0.3457
Epoch 12/100 - Loss: 0.5655 - Val F1: 0.2939 - Val ROC-AUC: 0.6944 - Val PR-AUC: 0.3124
Epoch 13/100 - Loss: 0.5567 - Val F1: 0.2934 - Val ROC-AUC: 0.6799 - Val PR-AUC: 0.3038
Epoch 14/100 - Loss: 0.5563 - Val F1: 0.3185 - Val ROC-AUC: 0.6778 - Val PR-AUC: 0.2785
Epoch 15/100 - Loss: 0.5531 - Val F1: 0.3145 - Val ROC-AUC: 0.6983 - Val PR-AUC: 0.3085
Epoch 16/100 - Loss: 0.5411 - Val F1: 0.2784 - Val ROC-AUC: 0.6705 - Val PR-AUC: 0.2652
Epoch 17/100 - Loss: 0.5313 - Val F1: 0.3095 - Val ROC-AUC: 0.6720 - Val PR-AUC: 0.3149
Epoch 18/100 - Loss: 0.5349 - Val F1: 0.3065 - Val ROC-AUC: 0.6765 - Val PR-AUC: 0.3200
Epoch 19/100 - Loss: 0.5254 - Val F1: 0.2912 - Val ROC-AUC: 0.6728 - Val PR-AUC: 0.2868
Epoch 20/100 - Loss: 0.5259 - Val F1: 0.3105 - Val ROC-AUC: 0.6665 - Val PR-AUC: 0.3082
Epoch 21/100 - Loss: 0.4918 - Val F1: 0.3067 - Val ROC-AUC: 0.6662 - Val PR-AUC: 0.3182
Epoch 22/100 - Loss: 0.5031 - Val F1: 0.2946 - Val ROC-AUC: 0.6721 - Val PR-AUC: 0.2868
Epoch 23/100 - Loss: 0.4815 - Val F1: 0.2574 - Val ROC-AUC: 0.6620 - Val PR-AUC: 0.2954
Epoch 24/100 - Loss: 0.4857 - Val F1: 0.2995 - Val ROC-AUC: 0.6796 - Val PR-AUC: 0.2990
Epoch 25/100 - Loss: 0.4799 - Val F1: 0.3217 - Val ROC-AUC: 0.6833 - Val PR-AUC: 0.3393
Epoch 26/100 - Loss: 0.4804 - Val F1: 0.3207 - Val ROC-AUC: 0.6771 - Val PR-AUC: 0.2875
Epoch 27/100 - Loss: 0.4662 - Val F1: 0.2903 - Val ROC-AUC: 0.6846 - Val PR-AUC: 0.3116
Epoch 28/100 - Loss: 0.4557 - Val F1: 0.3088 - Val ROC-AUC: 0.6764 - Val PR-AUC: 0.3219
Epoch 29/100 - Loss: 0.4573 - Val F1: 0.2969 - Val ROC-AUC: 0.6790 - Val PR-AUC: 0.3176
Epoch 30/100 - Loss: 0.4351 - Val F1: 0.3517 - Val ROC-AUC: 0.6859 - Val PR-AUC: 0.3021
Epoch 31/100 - Loss: 0.4311 - Val F1: 0.3276 - Val ROC-AUC: 0.6790 - Val PR-AUC: 0.3136
Epoch 32/100 - Loss: 0.4282 - Val F1: 0.3082 - Val ROC-AUC: 0.6785 - Val PR-AUC: 0.3139
Epoch 33/100 - Loss: 0.4286 - Val F1: 0.3179 - Val ROC-AUC: 0.6800 - Val PR-AUC: 0.3226
Epoch 34/100 - Loss: 0.4117 - Val F1: 0.3372 - Val ROC-AUC: 0.6868 - Val PR-AUC: 0.3234
Epoch 35/100 - Loss: 0.4149 - Val F1: 0.3019 - Val ROC-AUC: 0.6763 - Val PR-AUC: 0.3292
Epoch 36/100 - Loss: 0.4020 - Val F1: 0.3220 - Val ROC-AUC: 0.6885 - Val PR-AUC: 0.3287
Epoch 37/100 - Loss: 0.4038 - Val F1: 0.3029 - Val ROC-AUC: 0.6697 - Val PR-AUC: 0.3214
Epoch 38/100 - Loss: 0.4065 - Val F1: 0.3098 - Val ROC-AUC: 0.6677 - Val PR-AUC: 0.3096
Epoch 39/100 - Loss: 0.4093 - Val F1: 0.3254 - Val ROC-AUC: 0.6808 - Val PR-AUC: 0.3075
Epoch 40/100 - Loss: 0.3859 - Val F1: 0.2980 - Val ROC-AUC: 0.6690 - Val PR-AUC: 0.3014
Epoch 41/100 - Loss: 0.3876 - Val F1: 0.3162 - Val ROC-AUC: 0.6680 - Val PR-AUC: 0.3191
Epoch 42/100 - Loss: 0.3779 - Val F1: 0.2953 - Val ROC-AUC: 0.6561 - Val PR-AUC: 0.3123
Epoch 43/100 - Loss: 0.3587 - Val F1: 0.3143 - Val ROC-AUC: 0.6608 - Val PR-AUC: 0.3301
Epoch 44/100 - Loss: 0.3810 - Val F1: 0.3151 - Val ROC-AUC: 0.6641 - Val PR-AUC: 0.3212
Epoch 45/100 - Loss: 0.3711 - Val F1: 0.3209 - Val ROC-AUC: 0.6645 - Val PR-AUC: 0.3163
Epoch 46/100 - Loss: 0.3758 - Val F1: 0.2990 - Val ROC-AUC: 0.6608 - Val PR-AUC: 0.3221
Epoch 47/100 - Loss: 0.3686 - Val F1: 0.3110 - Val ROC-AUC: 0.6640 - Val PR-AUC: 0.3328
Epoch 48/100 - Loss: 0.3608 - Val F1: 0.3125 - Val ROC-AUC: 0.6723 - Val PR-AUC: 0.3408
Epoch 49/100 - Loss: 0.3645 - Val F1: 0.2848 - Val ROC-AUC: 0.6516 - Val PR-AUC: 0.3053
Epoch 50/100 - Loss: 0.3633 - Val F1: 0.2894 - Val ROC-AUC: 0.6550 - Val PR-AUC: 0.3237
Epoch 51/100 - Loss: 0.3511 - Val F1: 0.3197 - Val ROC-AUC: 0.6621 - Val PR-AUC: 0.3202
Epoch 52/100 - Loss: 0.3425 - Val F1: 0.3173 - Val ROC-AUC: 0.6680 - Val PR-AUC: 0.3083
Epoch 53/100 - Loss: 0.3483 - Val F1: 0.3000 - Val ROC-AUC: 0.6716 - Val PR-AUC: 0.3294
Epoch 54/100 - Loss: 0.3631 - Val F1: 0.2984 - Val ROC-AUC: 0.6662 - Val PR-AUC: 0.3296
Epoch 55/100 - Loss: 0.3496 - Val F1: 0.3188 - Val ROC-AUC: 0.6675 - Val PR-AUC: 0.3268
Epoch 56/100 - Loss: 0.3431 - Val F1: 0.3118 - Val ROC-AUC: 0.6640 - Val PR-AUC: 0.3218
Epoch 57/100 - Loss: 0.3483 - Val F1: 0.3065 - Val ROC-AUC: 0.6648 - Val PR-AUC: 0.3166
Epoch 58/100 - Loss: 0.3330 - Val F1: 0.3011 - Val ROC-AUC: 0.6617 - Val PR-AUC: 0.3135
Epoch 59/100 - Loss: 0.3421 - Val F1: 0.3071 - Val ROC-AUC: 0.6640 - Val PR-AUC: 0.3119
Epoch 60/100 - Loss: 0.3384 - Val F1: 0.2947 - Val ROC-AUC: 0.6589 - Val PR-AUC: 0.3206
Epoch 61/100 - Loss: 0.3419 - Val F1: 0.2989 - Val ROC-AUC: 0.6641 - Val PR-AUC: 0.3301
Epoch 62/100 - Loss: 0.3370 - Val F1: 0.3150 - Val ROC-AUC: 0.6669 - Val PR-AUC: 0.3309
Epoch 63/100 - Loss: 0.3429 - Val F1: 0.3048 - Val ROC-AUC: 0.6622 - Val PR-AUC: 0.3202
Epoch 64/100 - Loss: 0.3306 - Val F1: 0.2945 - Val ROC-AUC: 0.6596 - Val PR-AUC: 0.3291
Epoch 65/100 - Loss: 0.3374 - Val F1: 0.3162 - Val ROC-AUC: 0.6668 - Val PR-AUC: 0.3229
Epoch 66/100 - Loss: 0.3231 - Val F1: 0.3150 - Val ROC-AUC: 0.6635 - Val PR-AUC: 0.3237
Epoch 67/100 - Loss: 0.3266 - Val F1: 0.3194 - Val ROC-AUC: 0.6631 - Val PR-AUC: 0.3316
Epoch 68/100 - Loss: 0.3303 - Val F1: 0.3043 - Val ROC-AUC: 0.6613 - Val PR-AUC: 0.3278
Epoch 69/100 - Loss: 0.3357 - Val F1: 0.3162 - Val ROC-AUC: 0.6645 - Val PR-AUC: 0.3185
Epoch 70/100 - Loss: 0.3253 - Val F1: 0.3188 - Val ROC-AUC: 0.6607 - Val PR-AUC: 0.3212
Epoch 71/100 - Loss: 0.3335 - Val F1: 0.3200 - Val ROC-AUC: 0.6605 - Val PR-AUC: 0.3254
Epoch 72/100 - Loss: 0.3260 - Val F1: 0.3082 - Val ROC-AUC: 0.6601 - Val PR-AUC: 0.3272
Epoch 73/100 - Loss: 0.3292 - Val F1: 0.3132 - Val ROC-AUC: 0.6610 - Val PR-AUC: 0.3351
Epoch 74/100 - Loss: 0.3171 - Val F1: 0.3127 - Val ROC-AUC: 0.6605 - Val PR-AUC: 0.3224
Epoch 75/100 - Loss: 0.3366 - Val F1: 0.3308 - Val ROC-AUC: 0.6602 - Val PR-AUC: 0.3217
Epoch 76/100 - Loss: 0.3224 - Val F1: 0.3221 - Val ROC-AUC: 0.6635 - Val PR-AUC: 0.3264
Epoch 77/100 - Loss: 0.3170 - Val F1: 0.3185 - Val ROC-AUC: 0.6642 - Val PR-AUC: 0.3274
Epoch 78/100 - Loss: 0.3274 - Val F1: 0.3105 - Val ROC-AUC: 0.6579 - Val PR-AUC: 0.3248
Epoch 79/100 - Loss: 0.3219 - Val F1: 0.3170 - Val ROC-AUC: 0.6613 - Val PR-AUC: 0.3280
Epoch 80/100 - Loss: 0.3233 - Val F1: 0.3134 - Val ROC-AUC: 0.6596 - Val PR-AUC: 0.3243
Epoch 81/100 - Loss: 0.3251 - Val F1: 0.3066 - Val ROC-AUC: 0.6597 - Val PR-AUC: 0.3294
Epoch 82/100 - Loss: 0.3213 - Val F1: 0.3177 - Val ROC-AUC: 0.6619 - Val PR-AUC: 0.3167
Epoch 83/100 - Loss: 0.3271 - Val F1: 0.3185 - Val ROC-AUC: 0.6604 - Val PR-AUC: 0.3311
Epoch 84/100 - Loss: 0.3252 - Val F1: 0.3170 - Val ROC-AUC: 0.6621 - Val PR-AUC: 0.3258
Epoch 85/100 - Loss: 0.3221 - Val F1: 0.3158 - Val ROC-AUC: 0.6600 - Val PR-AUC: 0.3238
Epoch 86/100 - Loss: 0.3271 - Val F1: 0.2993 - Val ROC-AUC: 0.6610 - Val PR-AUC: 0.3248
Epoch 87/100 - Loss: 0.3228 - Val F1: 0.3100 - Val ROC-AUC: 0.6612 - Val PR-AUC: 0.3254
Epoch 88/100 - Loss: 0.3309 - Val F1: 0.3099 - Val ROC-AUC: 0.6625 - Val PR-AUC: 0.3233
Epoch 89/100 - Loss: 0.3274 - Val F1: 0.3139 - Val ROC-AUC: 0.6605 - Val PR-AUC: 0.3223
Epoch 90/100 - Loss: 0.3283 - Val F1: 0.3134 - Val ROC-AUC: 0.6612 - Val PR-AUC: 0.3227
Epoch 91/100 - Loss: 0.3163 - Val F1: 0.2950 - Val ROC-AUC: 0.6620 - Val PR-AUC: 0.3272
Epoch 92/100 - Loss: 0.3262 - Val F1: 0.3077 - Val ROC-AUC: 0.6631 - Val PR-AUC: 0.3328
Epoch 93/100 - Loss: 0.3196 - Val F1: 0.3055 - Val ROC-AUC: 0.6624 - Val PR-AUC: 0.3236
Epoch 94/100 - Loss: 0.3220 - Val F1: 0.3111 - Val ROC-AUC: 0.6591 - Val PR-AUC: 0.3259
Epoch 95/100 - Loss: 0.3255 - Val F1: 0.3100 - Val ROC-AUC: 0.6612 - Val PR-AUC: 0.3249
Epoch 96/100 - Loss: 0.3331 - Val F1: 0.3158 - Val ROC-AUC: 0.6588 - Val PR-AUC: 0.3221
Epoch 97/100 - Loss: 0.3302 - Val F1: 0.3146 - Val ROC-AUC: 0.6608 - Val PR-AUC: 0.3276
Epoch 98/100 - Loss: 0.3257 - Val F1: 0.3258 - Val ROC-AUC: 0.6630 - Val PR-AUC: 0.3310
Epoch 99/100 - Loss: 0.3193 - Val F1: 0.2986 - Val ROC-AUC: 0.6586 - Val PR-AUC: 0.3222
Epoch 100/100 - Loss: 0.3156 - Val F1: 0.3088 - Val ROC-AUC: 0.6569 - Val PR-AUC: 0.3225
Pretraining completed. Test F1: 0.3234, ROC-AUC: 0.6654, PR-AUC: 0.2812
[3/4] Finetuning on TOX21_ERb_BLA_Antagonist_viability using GIN_GCN...
[Fine-tune] Epoch 1/50 - Loss: 0.6433 - Val F1: 0.3772 - Val ROC-AUC: 0.7354 - Val PR-AUC: 0.2584
[Fine-tune] Epoch 2/50 - Loss: 0.5878 - Val F1: 0.3775 - Val ROC-AUC: 0.7737 - Val PR-AUC: 0.3539
[Fine-tune] Epoch 3/50 - Loss: 0.5609 - Val F1: 0.3907 - Val ROC-AUC: 0.7713 - Val PR-AUC: 0.3000
[Fine-tune] Epoch 4/50 - Loss: 0.5579 - Val F1: 0.3898 - Val ROC-AUC: 0.7698 - Val PR-AUC: 0.3220
[Fine-tune] Epoch 5/50 - Loss: 0.5517 - Val F1: 0.3884 - Val ROC-AUC: 0.7516 - Val PR-AUC: 0.3128
[Fine-tune] Epoch 6/50 - Loss: 0.5253 - Val F1: 0.3840 - Val ROC-AUC: 0.7871 - Val PR-AUC: 0.3641
[Fine-tune] Epoch 7/50 - Loss: 0.5175 - Val F1: 0.3767 - Val ROC-AUC: 0.7619 - Val PR-AUC: 0.3164
[Fine-tune] Epoch 8/50 - Loss: 0.5099 - Val F1: 0.3947 - Val ROC-AUC: 0.7764 - Val PR-AUC: 0.3827
[Fine-tune] Epoch 9/50 - Loss: 0.4974 - Val F1: 0.3905 - Val ROC-AUC: 0.7713 - Val PR-AUC: 0.3331
[Fine-tune] Epoch 10/50 - Loss: 0.5133 - Val F1: 0.3861 - Val ROC-AUC: 0.7715 - Val PR-AUC: 0.3339
[Fine-tune] Epoch 11/50 - Loss: 0.4632 - Val F1: 0.4174 - Val ROC-AUC: 0.7903 - Val PR-AUC: 0.3604
[Fine-tune] Epoch 12/50 - Loss: 0.4544 - Val F1: 0.4508 - Val ROC-AUC: 0.7969 - Val PR-AUC: 0.3935
[Fine-tune] Epoch 13/50 - Loss: 0.4435 - Val F1: 0.4387 - Val ROC-AUC: 0.7923 - Val PR-AUC: 0.3653
[Fine-tune] Epoch 14/50 - Loss: 0.4395 - Val F1: 0.4348 - Val ROC-AUC: 0.7855 - Val PR-AUC: 0.3769
[Fine-tune] Epoch 15/50 - Loss: 0.4398 - Val F1: 0.4164 - Val ROC-AUC: 0.7841 - Val PR-AUC: 0.3522
[Fine-tune] Epoch 16/50 - Loss: 0.4243 - Val F1: 0.3987 - Val ROC-AUC: 0.7683 - Val PR-AUC: 0.3513
[Fine-tune] Epoch 17/50 - Loss: 0.4115 - Val F1: 0.3920 - Val ROC-AUC: 0.7688 - Val PR-AUC: 0.3488
[Fine-tune] Epoch 18/50 - Loss: 0.3998 - Val F1: 0.4310 - Val ROC-AUC: 0.7860 - Val PR-AUC: 0.3520
[Fine-tune] Epoch 19/50 - Loss: 0.4155 - Val F1: 0.4057 - Val ROC-AUC: 0.7767 - Val PR-AUC: 0.3567
[Fine-tune] Epoch 20/50 - Loss: 0.3989 - Val F1: 0.3810 - Val ROC-AUC: 0.7750 - Val PR-AUC: 0.3887
[Fine-tune] Epoch 21/50 - Loss: 0.3807 - Val F1: 0.4149 - Val ROC-AUC: 0.7891 - Val PR-AUC: 0.3769
[Fine-tune] Epoch 22/50 - Loss: 0.3702 - Val F1: 0.4078 - Val ROC-AUC: 0.7751 - Val PR-AUC: 0.3569
[Fine-tune] Epoch 23/50 - Loss: 0.3581 - Val F1: 0.4233 - Val ROC-AUC: 0.7888 - Val PR-AUC: 0.3690
[Fine-tune] Epoch 24/50 - Loss: 0.3479 - Val F1: 0.4229 - Val ROC-AUC: 0.7827 - Val PR-AUC: 0.3709
[Fine-tune] Epoch 25/50 - Loss: 0.3622 - Val F1: 0.4062 - Val ROC-AUC: 0.7757 - Val PR-AUC: 0.3345
[Fine-tune] Epoch 26/50 - Loss: 0.3572 - Val F1: 0.4185 - Val ROC-AUC: 0.7833 - Val PR-AUC: 0.3727
[Fine-tune] Epoch 27/50 - Loss: 0.3502 - Val F1: 0.4309 - Val ROC-AUC: 0.7837 - Val PR-AUC: 0.3754
[Fine-tune] Epoch 28/50 - Loss: 0.3507 - Val F1: 0.4110 - Val ROC-AUC: 0.7735 - Val PR-AUC: 0.3525
[Fine-tune] Epoch 29/50 - Loss: 0.3356 - Val F1: 0.4134 - Val ROC-AUC: 0.7803 - Val PR-AUC: 0.3448
[Fine-tune] Epoch 30/50 - Loss: 0.3439 - Val F1: 0.4075 - Val ROC-AUC: 0.7768 - Val PR-AUC: 0.3584
[Fine-tune] Epoch 31/50 - Loss: 0.3179 - Val F1: 0.4125 - Val ROC-AUC: 0.7786 - Val PR-AUC: 0.3556
[Fine-tune] Epoch 32/50 - Loss: 0.3263 - Val F1: 0.4186 - Val ROC-AUC: 0.7792 - Val PR-AUC: 0.3654
[Fine-tune] Epoch 33/50 - Loss: 0.3290 - Val F1: 0.4281 - Val ROC-AUC: 0.7675 - Val PR-AUC: 0.3392
[Fine-tune] Epoch 34/50 - Loss: 0.3125 - Val F1: 0.4120 - Val ROC-AUC: 0.7713 - Val PR-AUC: 0.3663
[Fine-tune] Epoch 35/50 - Loss: 0.3162 - Val F1: 0.4329 - Val ROC-AUC: 0.7790 - Val PR-AUC: 0.3632
[Fine-tune] Epoch 36/50 - Loss: 0.3092 - Val F1: 0.4201 - Val ROC-AUC: 0.7816 - Val PR-AUC: 0.3669
[Fine-tune] Epoch 37/50 - Loss: 0.3021 - Val F1: 0.4379 - Val ROC-AUC: 0.7715 - Val PR-AUC: 0.3430
[Fine-tune] Epoch 38/50 - Loss: 0.2995 - Val F1: 0.4112 - Val ROC-AUC: 0.7668 - Val PR-AUC: 0.3340
[Fine-tune] Epoch 39/50 - Loss: 0.3043 - Val F1: 0.4218 - Val ROC-AUC: 0.7649 - Val PR-AUC: 0.3410
[Fine-tune] Epoch 40/50 - Loss: 0.2912 - Val F1: 0.4080 - Val ROC-AUC: 0.7701 - Val PR-AUC: 0.3440
[Fine-tune] Epoch 41/50 - Loss: 0.3015 - Val F1: 0.4186 - Val ROC-AUC: 0.7720 - Val PR-AUC: 0.3468
[Fine-tune] Epoch 42/50 - Loss: 0.3030 - Val F1: 0.4189 - Val ROC-AUC: 0.7742 - Val PR-AUC: 0.3465
[Fine-tune] Epoch 43/50 - Loss: 0.2886 - Val F1: 0.4348 - Val ROC-AUC: 0.7783 - Val PR-AUC: 0.3590
[Fine-tune] Epoch 44/50 - Loss: 0.2866 - Val F1: 0.4190 - Val ROC-AUC: 0.7707 - Val PR-AUC: 0.3443
[Fine-tune] Epoch 45/50 - Loss: 0.2900 - Val F1: 0.4248 - Val ROC-AUC: 0.7725 - Val PR-AUC: 0.3426
[Fine-tune] Epoch 46/50 - Loss: 0.2759 - Val F1: 0.4348 - Val ROC-AUC: 0.7661 - Val PR-AUC: 0.3398
[Fine-tune] Epoch 47/50 - Loss: 0.2861 - Val F1: 0.4251 - Val ROC-AUC: 0.7693 - Val PR-AUC: 0.3485
[Fine-tune] Epoch 48/50 - Loss: 0.2803 - Val F1: 0.4248 - Val ROC-AUC: 0.7696 - Val PR-AUC: 0.3367
[Fine-tune] Epoch 49/50 - Loss: 0.2839 - Val F1: 0.4275 - Val ROC-AUC: 0.7656 - Val PR-AUC: 0.3380
[Fine-tune] Epoch 50/50 - Loss: 0.2831 - Val F1: 0.4203 - Val ROC-AUC: 0.7698 - Val PR-AUC: 0.3488
Finetuning completed. Test F1: 0.4465, ROC-AUC: 0.7994, PR-AUC: 0.3916
[3.1/4] Target-only training on TOX21_ERb_BLA_Antagonist_viability using GIN_GCN...
=== Target-only training ===
[Target-only] Epoch 1/50 – Loss: 0.6412  Val F1: 0.3711  ROC-AUC: 0.7557  PR-AUC: 0.2618
[Target-only] Epoch 2/50 – Loss: 0.6099  Val F1: 0.3711  ROC-AUC: 0.7472  PR-AUC: 0.2793
[Target-only] Epoch 3/50 – Loss: 0.5946  Val F1: 0.4050  ROC-AUC: 0.7713  PR-AUC: 0.2807
[Target-only] Epoch 4/50 – Loss: 0.5804  Val F1: 0.3283  ROC-AUC: 0.7667  PR-AUC: 0.3034
