[11:01:58] Can't kekulize mol.  Unkekulized atoms: 1 2 3 4 5
[11:01:59] Explicit valence for atom # 0 Cl, 2, is greater than permitted
[11:01:59] Can't kekulize mol.  Unkekulized atoms: 3 4 5 6 7
[11:02:00] Can't kekulize mol.  Unkekulized atoms: 3 4 5 6 7
[11:02:00] WARNING: not removing hydrogen atom without neighbors
[11:02:02] Explicit valence for atom # 3 Si, 8, is greater than permitted
[11:02:03] Can't kekulize mol.  Unkekulized atoms: 1 2 3 4 5
[11:02:03] Can't kekulize mol.  Unkekulized atoms: 3 4 5 6 7
[11:02:03] Can't kekulize mol.  Unkekulized atoms: 1 2 3 4 5
[11:02:03] WARNING: not removing hydrogen atom without neighbors
[11:02:04] Can't kekulize mol.  Unkekulized atoms: 1 2 3 4 5
[11:02:04] Explicit valence for atom # 6 O, 3, is greater than permitted
[11:02:04] Explicit valence for atom # 3 Si, 8, is greater than permitted
[11:02:04] Explicit valence for atom # 0 Cl, 2, is greater than permitted
[11:04:33] Can't kekulize mol.  Unkekulized atoms: 1 2 3 4 5
[11:04:33] Explicit valence for atom # 0 Cl, 2, is greater than permitted
[11:04:34] Can't kekulize mol.  Unkekulized atoms: 3 4 5 6 7
[11:04:34] Can't kekulize mol.  Unkekulized atoms: 3 4 5 6 7
[11:04:37] Can't kekulize mol.  Unkekulized atoms: 1 2 3 4 5
[11:04:37] Can't kekulize mol.  Unkekulized atoms: 3 4 5 6 7
[11:04:37] Can't kekulize mol.  Unkekulized atoms: 1 2 3 4 5
[11:04:37] WARNING: not removing hydrogen atom without neighbors
[11:04:38] Can't kekulize mol.  Unkekulized atoms: 1 2 3 4 5
[11:04:38] Explicit valence for atom # 6 O, 3, is greater than permitted
[11:04:38] Explicit valence for atom # 3 Si, 8, is greater than permitted
[11:04:38] Explicit valence for atom # 0 Cl, 2, is greater than permitted
[11:05:53] Can't kekulize mol.  Unkekulized atoms: 1 2 3 4 5
[11:05:53] Explicit valence for atom # 0 Cl, 2, is greater than permitted
[11:05:54] Can't kekulize mol.  Unkekulized atoms: 3 4 5 6 7
[11:05:54] Can't kekulize mol.  Unkekulized atoms: 3 4 5 6 7
[11:05:57] Can't kekulize mol.  Unkekulized atoms: 1 2 3 4 5
[11:05:57] Can't kekulize mol.  Unkekulized atoms: 3 4 5 6 7
[11:05:57] Can't kekulize mol.  Unkekulized atoms: 1 2 3 4 5
[11:05:57] WARNING: not removing hydrogen atom without neighbors
[11:05:58] Can't kekulize mol.  Unkekulized atoms: 1 2 3 4 5
[11:05:58] Explicit valence for atom # 6 O, 3, is greater than permitted
[11:05:58] Explicit valence for atom # 3 Si, 8, is greater than permitted
[11:05:58] Explicit valence for atom # 0 Cl, 2, is greater than permitted
