[1/4] Excel → CSV 변환 중...
Saved pretrain CSV for TOX21_ERa_BLA_Antagonist_ratio: data/sample/TOX21_ERa_BLA_Antagonist_ratio.csv
Saved pretrain CSV for TOX21_ERa_LUC_VM7_Agonist: data/sample/TOX21_ERa_LUC_VM7_Agonist.csv
Saved pretrain CSV for TOX21_ERa_BLA_Antagonist_viability: data/sample/TOX21_ERa_BLA_Antagonist_viability.csv
Saved pretrain CSV for TOX21_ERa_LUC_VM7_Antagonist_0.5nM_E2: data/sample/TOX21_ERa_LUC_VM7_Antagonist_0.5nM_E2.csv
Saved pretrain CSV for TOX21_ERa_BLA_Antagonist_ch2: data/sample/TOX21_ERa_BLA_Antagonist_ch2.csv
Saved pretrain CSV for TOX21_ERa_BLA_Antagonist_ch1: data/sample/TOX21_ERa_BLA_Antagonist_ch1.csv
Saved pretrain CSV for TOX21_ERa_LUC_VM7_Antagonist_0.5nM_E2_viability: data/sample/TOX21_ERa_LUC_VM7_Antagonist_0.5nM_E2_viability.csv
Saved pretrain CSV for TOX21_ERa_BLA_Agonist_ch2: data/sample/TOX21_ERa_BLA_Agonist_ch2.csv
Saved pretrain CSV for TOX21_ERa_BLA_Agonist_ch1: data/sample/TOX21_ERa_BLA_Agonist_ch1.csv
Saved pretrain CSV for TOX21_ERa_BLA_Agonist_ratio: data/sample/TOX21_ERa_BLA_Agonist_ratio.csv
Saved pretrain CSV for TOX21_ERb_BLA_Antagonist_ch1: data/sample/TOX21_ERb_BLA_Antagonist_ch1.csv
Saved pretrain CSV for TOX21_ERb_BLA_Antagonist_ch2: data/sample/TOX21_ERb_BLA_Antagonist_ch2.csv
Saved pretrain CSV for TOX21_ERb_BLA_Agonist_viability: data/sample/TOX21_ERb_BLA_Agonist_viability.csv
Saved pretrain CSV for TOX21_ERb_BLA_Agonist_ratio: data/sample/TOX21_ERb_BLA_Agonist_ratio.csv
Saved pretrain CSV for TOX21_ERb_BLA_Agonist_ch2: data/sample/TOX21_ERb_BLA_Agonist_ch2.csv
Saved pretrain CSV for TOX21_ERb_BLA_Agonist_ch1: data/sample/TOX21_ERb_BLA_Agonist_ch1.csv
Saved pretrain CSV for TOX21_ERR_LUC_Agonist: data/sample/TOX21_ERR_LUC_Agonist.csv
Saved pretrain CSV for TOX21_ERa_LUC_VM7_Agonist_10nM_ICI182780_viability: data/sample/TOX21_ERa_LUC_VM7_Agonist_10nM_ICI182780_viability.csv
Saved pretrain CSV for TOX21_ERa_LUC_VM7_Antagonist_0.1nM_E2: data/sample/TOX21_ERa_LUC_VM7_Antagonist_0.1nM_E2.csv
Saved pretrain CSV for TOX21_ERb_BLA_Antagonist_ratio: data/sample/TOX21_ERb_BLA_Antagonist_ratio.csv
Saved pretrain CSV for TOX21_ERa_LUC_VM7_Agonist_10nM_ICI182780: data/sample/TOX21_ERa_LUC_VM7_Agonist_10nM_ICI182780.csv
Saved pretrain CSV for TOX21_ERR_LUC_viability: data/sample/TOX21_ERR_LUC_viability.csv
Saved pretrain CSV for TOX21_ERR_LUC_Antagonist: data/sample/TOX21_ERR_LUC_Antagonist.csv
Saved pretrain CSV for TOX21_ERa_LUC_VM7_Antagonist_0.1nM_E2_viability: data/sample/TOX21_ERa_LUC_VM7_Antagonist_0.1nM_E2_viability.csv
Saved pretrain CSV for TOX21_ERb_BLA_Antagonist_viability: data/sample/TOX21_ERb_BLA_Antagonist_viability.csv
Saved finetune CSV for TOX21_ERa_BLA_Antagonist_ratio: data/sample/TOX21_ERa_BLA_Antagonist_ratio.csv
Saved finetune CSV for TOX21_ERa_LUC_VM7_Agonist: data/sample/TOX21_ERa_LUC_VM7_Agonist.csv
Saved finetune CSV for TOX21_ERa_BLA_Antagonist_viability: data/sample/TOX21_ERa_BLA_Antagonist_viability.csv
Saved finetune CSV for TOX21_ERa_LUC_VM7_Antagonist_0.5nM_E2: data/sample/TOX21_ERa_LUC_VM7_Antagonist_0.5nM_E2.csv
Saved finetune CSV for TOX21_ERa_BLA_Antagonist_ch2: data/sample/TOX21_ERa_BLA_Antagonist_ch2.csv
Saved finetune CSV for TOX21_ERa_BLA_Antagonist_ch1: data/sample/TOX21_ERa_BLA_Antagonist_ch1.csv
Saved finetune CSV for TOX21_ERa_LUC_VM7_Antagonist_0.5nM_E2_viability: data/sample/TOX21_ERa_LUC_VM7_Antagonist_0.5nM_E2_viability.csv
Saved finetune CSV for TOX21_ERa_BLA_Agonist_ch2: data/sample/TOX21_ERa_BLA_Agonist_ch2.csv
Saved finetune CSV for TOX21_ERa_BLA_Agonist_ch1: data/sample/TOX21_ERa_BLA_Agonist_ch1.csv
Saved finetune CSV for TOX21_ERa_BLA_Agonist_ratio: data/sample/TOX21_ERa_BLA_Agonist_ratio.csv
Saved finetune CSV for TOX21_ERb_BLA_Antagonist_ch1: data/sample/TOX21_ERb_BLA_Antagonist_ch1.csv
Saved finetune CSV for TOX21_ERb_BLA_Antagonist_ch2: data/sample/TOX21_ERb_BLA_Antagonist_ch2.csv
Saved finetune CSV for TOX21_ERb_BLA_Agonist_viability: data/sample/TOX21_ERb_BLA_Agonist_viability.csv
Saved finetune CSV for TOX21_ERb_BLA_Agonist_ratio: data/sample/TOX21_ERb_BLA_Agonist_ratio.csv
Saved finetune CSV for TOX21_ERb_BLA_Agonist_ch2: data/sample/TOX21_ERb_BLA_Agonist_ch2.csv
Saved finetune CSV for TOX21_ERb_BLA_Agonist_ch1: data/sample/TOX21_ERb_BLA_Agonist_ch1.csv
Saved finetune CSV for TOX21_ERR_LUC_Agonist: data/sample/TOX21_ERR_LUC_Agonist.csv
Saved finetune CSV for TOX21_ERa_LUC_VM7_Agonist_10nM_ICI182780_viability: data/sample/TOX21_ERa_LUC_VM7_Agonist_10nM_ICI182780_viability.csv
Saved finetune CSV for TOX21_ERa_LUC_VM7_Antagonist_0.1nM_E2: data/sample/TOX21_ERa_LUC_VM7_Antagonist_0.1nM_E2.csv
Saved finetune CSV for TOX21_ERb_BLA_Antagonist_ratio: data/sample/TOX21_ERb_BLA_Antagonist_ratio.csv
Saved finetune CSV for TOX21_ERa_LUC_VM7_Agonist_10nM_ICI182780: data/sample/TOX21_ERa_LUC_VM7_Agonist_10nM_ICI182780.csv
Saved finetune CSV for TOX21_ERR_LUC_viability: data/sample/TOX21_ERR_LUC_viability.csv
Saved finetune CSV for TOX21_ERR_LUC_Antagonist: data/sample/TOX21_ERR_LUC_Antagonist.csv
Saved finetune CSV for TOX21_ERa_LUC_VM7_Antagonist_0.1nM_E2_viability: data/sample/TOX21_ERa_LUC_VM7_Antagonist_0.1nM_E2_viability.csv
Saved finetune CSV for TOX21_ERb_BLA_Antagonist_viability: data/sample/TOX21_ERb_BLA_Antagonist_viability.csv
[2/4] Pretraining on TOX21_ERa_LUC_VM7_Agonist using GIN_GCN...
Epoch 1/100 - Loss: 0.6689 - Val F1: 0.2516 - Val ROC-AUC: 0.6312 - Val PR-AUC: 0.2372
Epoch 2/100 - Loss: 0.6467 - Val F1: 0.2573 - Val ROC-AUC: 0.6452 - Val PR-AUC: 0.2557
Epoch 3/100 - Loss: 0.6364 - Val F1: 0.2829 - Val ROC-AUC: 0.6708 - Val PR-AUC: 0.2689
Epoch 4/100 - Loss: 0.6196 - Val F1: 0.2849 - Val ROC-AUC: 0.6477 - Val PR-AUC: 0.2391
Epoch 5/100 - Loss: 0.6175 - Val F1: 0.2783 - Val ROC-AUC: 0.6749 - Val PR-AUC: 0.2609
Epoch 6/100 - Loss: 0.6123 - Val F1: 0.3012 - Val ROC-AUC: 0.6722 - Val PR-AUC: 0.2707
Epoch 7/100 - Loss: 0.6072 - Val F1: 0.3056 - Val ROC-AUC: 0.6551 - Val PR-AUC: 0.2196
Epoch 8/100 - Loss: 0.6024 - Val F1: 0.3069 - Val ROC-AUC: 0.6779 - Val PR-AUC: 0.2589
Epoch 9/100 - Loss: 0.5890 - Val F1: 0.2993 - Val ROC-AUC: 0.6883 - Val PR-AUC: 0.2816
Epoch 10/100 - Loss: 0.5924 - Val F1: 0.2967 - Val ROC-AUC: 0.6687 - Val PR-AUC: 0.2530
Epoch 11/100 - Loss: 0.5694 - Val F1: 0.3016 - Val ROC-AUC: 0.6779 - Val PR-AUC: 0.2701
Epoch 12/100 - Loss: 0.5668 - Val F1: 0.3116 - Val ROC-AUC: 0.6822 - Val PR-AUC: 0.2914
Epoch 13/100 - Loss: 0.5698 - Val F1: 0.2895 - Val ROC-AUC: 0.6738 - Val PR-AUC: 0.2576
Epoch 14/100 - Loss: 0.5585 - Val F1: 0.2741 - Val ROC-AUC: 0.6551 - Val PR-AUC: 0.2521
Epoch 15/100 - Loss: 0.5498 - Val F1: 0.3026 - Val ROC-AUC: 0.6848 - Val PR-AUC: 0.2956
Epoch 16/100 - Loss: 0.5540 - Val F1: 0.3208 - Val ROC-AUC: 0.6849 - Val PR-AUC: 0.2604
Epoch 17/100 - Loss: 0.5452 - Val F1: 0.2915 - Val ROC-AUC: 0.6635 - Val PR-AUC: 0.2770
Epoch 18/100 - Loss: 0.5370 - Val F1: 0.3183 - Val ROC-AUC: 0.6996 - Val PR-AUC: 0.3021
Epoch 19/100 - Loss: 0.5254 - Val F1: 0.3019 - Val ROC-AUC: 0.6684 - Val PR-AUC: 0.2498
Epoch 20/100 - Loss: 0.5332 - Val F1: 0.3013 - Val ROC-AUC: 0.6775 - Val PR-AUC: 0.2888
Epoch 21/100 - Loss: 0.5132 - Val F1: 0.3016 - Val ROC-AUC: 0.6752 - Val PR-AUC: 0.2682
Epoch 22/100 - Loss: 0.5063 - Val F1: 0.2791 - Val ROC-AUC: 0.6781 - Val PR-AUC: 0.2883
Epoch 23/100 - Loss: 0.4969 - Val F1: 0.2884 - Val ROC-AUC: 0.6641 - Val PR-AUC: 0.3029
Epoch 24/100 - Loss: 0.4938 - Val F1: 0.3087 - Val ROC-AUC: 0.6748 - Val PR-AUC: 0.2861
Epoch 25/100 - Loss: 0.4873 - Val F1: 0.3036 - Val ROC-AUC: 0.6746 - Val PR-AUC: 0.2523
Epoch 26/100 - Loss: 0.4875 - Val F1: 0.3367 - Val ROC-AUC: 0.6826 - Val PR-AUC: 0.2835
Epoch 27/100 - Loss: 0.4707 - Val F1: 0.2977 - Val ROC-AUC: 0.6840 - Val PR-AUC: 0.2676
Epoch 28/100 - Loss: 0.4783 - Val F1: 0.2822 - Val ROC-AUC: 0.6668 - Val PR-AUC: 0.2668
Epoch 29/100 - Loss: 0.4642 - Val F1: 0.3056 - Val ROC-AUC: 0.6707 - Val PR-AUC: 0.2974
Epoch 30/100 - Loss: 0.4509 - Val F1: 0.2965 - Val ROC-AUC: 0.6549 - Val PR-AUC: 0.2778
Epoch 31/100 - Loss: 0.4468 - Val F1: 0.2973 - Val ROC-AUC: 0.6708 - Val PR-AUC: 0.2946
Epoch 32/100 - Loss: 0.4210 - Val F1: 0.3226 - Val ROC-AUC: 0.6748 - Val PR-AUC: 0.2857
Epoch 33/100 - Loss: 0.4340 - Val F1: 0.2985 - Val ROC-AUC: 0.6638 - Val PR-AUC: 0.2776
Epoch 34/100 - Loss: 0.4379 - Val F1: 0.3094 - Val ROC-AUC: 0.6666 - Val PR-AUC: 0.2991
Epoch 35/100 - Loss: 0.4232 - Val F1: 0.3161 - Val ROC-AUC: 0.6762 - Val PR-AUC: 0.2747
Epoch 36/100 - Loss: 0.4297 - Val F1: 0.3091 - Val ROC-AUC: 0.6739 - Val PR-AUC: 0.2630
Epoch 37/100 - Loss: 0.4154 - Val F1: 0.2983 - Val ROC-AUC: 0.6703 - Val PR-AUC: 0.2709
Epoch 38/100 - Loss: 0.4095 - Val F1: 0.2985 - Val ROC-AUC: 0.6603 - Val PR-AUC: 0.2623
Epoch 39/100 - Loss: 0.4244 - Val F1: 0.3043 - Val ROC-AUC: 0.6677 - Val PR-AUC: 0.2852
Epoch 40/100 - Loss: 0.4150 - Val F1: 0.3068 - Val ROC-AUC: 0.6702 - Val PR-AUC: 0.2633
Epoch 41/100 - Loss: 0.4031 - Val F1: 0.3443 - Val ROC-AUC: 0.6767 - Val PR-AUC: 0.2827
Epoch 42/100 - Loss: 0.3896 - Val F1: 0.3179 - Val ROC-AUC: 0.6711 - Val PR-AUC: 0.2961
Epoch 43/100 - Loss: 0.3940 - Val F1: 0.3082 - Val ROC-AUC: 0.6636 - Val PR-AUC: 0.2760
Epoch 44/100 - Loss: 0.3880 - Val F1: 0.3154 - Val ROC-AUC: 0.6691 - Val PR-AUC: 0.2857
Epoch 45/100 - Loss: 0.3915 - Val F1: 0.3144 - Val ROC-AUC: 0.6701 - Val PR-AUC: 0.2840
Epoch 46/100 - Loss: 0.3882 - Val F1: 0.2976 - Val ROC-AUC: 0.6579 - Val PR-AUC: 0.2672
Epoch 47/100 - Loss: 0.3847 - Val F1: 0.2899 - Val ROC-AUC: 0.6592 - Val PR-AUC: 0.2701
Epoch 48/100 - Loss: 0.3856 - Val F1: 0.3063 - Val ROC-AUC: 0.6654 - Val PR-AUC: 0.2875
Epoch 49/100 - Loss: 0.3785 - Val F1: 0.3003 - Val ROC-AUC: 0.6530 - Val PR-AUC: 0.2562
Epoch 50/100 - Loss: 0.3618 - Val F1: 0.3206 - Val ROC-AUC: 0.6702 - Val PR-AUC: 0.2906
Epoch 51/100 - Loss: 0.3658 - Val F1: 0.3087 - Val ROC-AUC: 0.6651 - Val PR-AUC: 0.2753
Epoch 52/100 - Loss: 0.3630 - Val F1: 0.3169 - Val ROC-AUC: 0.6669 - Val PR-AUC: 0.2709
Epoch 53/100 - Loss: 0.3704 - Val F1: 0.3066 - Val ROC-AUC: 0.6623 - Val PR-AUC: 0.2689
Epoch 54/100 - Loss: 0.3561 - Val F1: 0.3183 - Val ROC-AUC: 0.6637 - Val PR-AUC: 0.2847
Epoch 55/100 - Loss: 0.3597 - Val F1: 0.3251 - Val ROC-AUC: 0.6680 - Val PR-AUC: 0.2848
Epoch 56/100 - Loss: 0.3618 - Val F1: 0.3147 - Val ROC-AUC: 0.6697 - Val PR-AUC: 0.2812
Epoch 57/100 - Loss: 0.3621 - Val F1: 0.2958 - Val ROC-AUC: 0.6619 - Val PR-AUC: 0.2808
Epoch 58/100 - Loss: 0.3746 - Val F1: 0.3013 - Val ROC-AUC: 0.6622 - Val PR-AUC: 0.2693
Epoch 59/100 - Loss: 0.3632 - Val F1: 0.3121 - Val ROC-AUC: 0.6567 - Val PR-AUC: 0.2764
Epoch 60/100 - Loss: 0.3480 - Val F1: 0.3030 - Val ROC-AUC: 0.6640 - Val PR-AUC: 0.2834
Epoch 61/100 - Loss: 0.3540 - Val F1: 0.3268 - Val ROC-AUC: 0.6652 - Val PR-AUC: 0.2797
Epoch 62/100 - Loss: 0.3448 - Val F1: 0.3105 - Val ROC-AUC: 0.6651 - Val PR-AUC: 0.2756
Epoch 63/100 - Loss: 0.3467 - Val F1: 0.3147 - Val ROC-AUC: 0.6666 - Val PR-AUC: 0.2776
Epoch 64/100 - Loss: 0.3592 - Val F1: 0.3039 - Val ROC-AUC: 0.6636 - Val PR-AUC: 0.2753
Epoch 65/100 - Loss: 0.3586 - Val F1: 0.3051 - Val ROC-AUC: 0.6631 - Val PR-AUC: 0.2750
Epoch 66/100 - Loss: 0.3550 - Val F1: 0.3154 - Val ROC-AUC: 0.6648 - Val PR-AUC: 0.2765
Epoch 67/100 - Loss: 0.3437 - Val F1: 0.3056 - Val ROC-AUC: 0.6601 - Val PR-AUC: 0.2728
Epoch 68/100 - Loss: 0.3502 - Val F1: 0.3188 - Val ROC-AUC: 0.6608 - Val PR-AUC: 0.2732
Epoch 69/100 - Loss: 0.3422 - Val F1: 0.3014 - Val ROC-AUC: 0.6625 - Val PR-AUC: 0.2741
Epoch 70/100 - Loss: 0.3480 - Val F1: 0.3077 - Val ROC-AUC: 0.6610 - Val PR-AUC: 0.2834
Epoch 71/100 - Loss: 0.3445 - Val F1: 0.2973 - Val ROC-AUC: 0.6604 - Val PR-AUC: 0.2732
Epoch 72/100 - Loss: 0.3414 - Val F1: 0.3020 - Val ROC-AUC: 0.6602 - Val PR-AUC: 0.2676
Epoch 73/100 - Loss: 0.3603 - Val F1: 0.3188 - Val ROC-AUC: 0.6610 - Val PR-AUC: 0.2683
Epoch 74/100 - Loss: 0.3449 - Val F1: 0.3056 - Val ROC-AUC: 0.6628 - Val PR-AUC: 0.2789
Epoch 75/100 - Loss: 0.3369 - Val F1: 0.3045 - Val ROC-AUC: 0.6659 - Val PR-AUC: 0.2729
Epoch 76/100 - Loss: 0.3543 - Val F1: 0.3154 - Val ROC-AUC: 0.6635 - Val PR-AUC: 0.2718
Epoch 77/100 - Loss: 0.3476 - Val F1: 0.3121 - Val ROC-AUC: 0.6625 - Val PR-AUC: 0.2748
Epoch 78/100 - Loss: 0.3527 - Val F1: 0.3177 - Val ROC-AUC: 0.6634 - Val PR-AUC: 0.2810
Epoch 79/100 - Loss: 0.3373 - Val F1: 0.3191 - Val ROC-AUC: 0.6638 - Val PR-AUC: 0.2762
Epoch 80/100 - Loss: 0.3455 - Val F1: 0.3139 - Val ROC-AUC: 0.6606 - Val PR-AUC: 0.2717
Epoch 81/100 - Loss: 0.3590 - Val F1: 0.3212 - Val ROC-AUC: 0.6651 - Val PR-AUC: 0.2767
Epoch 82/100 - Loss: 0.3360 - Val F1: 0.3177 - Val ROC-AUC: 0.6651 - Val PR-AUC: 0.2768
Epoch 83/100 - Loss: 0.3606 - Val F1: 0.3132 - Val ROC-AUC: 0.6626 - Val PR-AUC: 0.2719
Epoch 84/100 - Loss: 0.3355 - Val F1: 0.3110 - Val ROC-AUC: 0.6636 - Val PR-AUC: 0.2734
Epoch 85/100 - Loss: 0.3433 - Val F1: 0.3151 - Val ROC-AUC: 0.6616 - Val PR-AUC: 0.2716
Epoch 86/100 - Loss: 0.3585 - Val F1: 0.3077 - Val ROC-AUC: 0.6641 - Val PR-AUC: 0.2720
Epoch 87/100 - Loss: 0.3383 - Val F1: 0.3077 - Val ROC-AUC: 0.6624 - Val PR-AUC: 0.2747
Epoch 88/100 - Loss: 0.3366 - Val F1: 0.3098 - Val ROC-AUC: 0.6628 - Val PR-AUC: 0.2761
Epoch 89/100 - Loss: 0.3384 - Val F1: 0.3154 - Val ROC-AUC: 0.6628 - Val PR-AUC: 0.2742
Epoch 90/100 - Loss: 0.3500 - Val F1: 0.3154 - Val ROC-AUC: 0.6620 - Val PR-AUC: 0.2709
Epoch 91/100 - Loss: 0.3462 - Val F1: 0.3056 - Val ROC-AUC: 0.6609 - Val PR-AUC: 0.2744
Epoch 92/100 - Loss: 0.3526 - Val F1: 0.3188 - Val ROC-AUC: 0.6601 - Val PR-AUC: 0.2721
Epoch 93/100 - Loss: 0.3473 - Val F1: 0.3150 - Val ROC-AUC: 0.6635 - Val PR-AUC: 0.2746
Epoch 94/100 - Loss: 0.3383 - Val F1: 0.3134 - Val ROC-AUC: 0.6626 - Val PR-AUC: 0.2748
Epoch 95/100 - Loss: 0.3390 - Val F1: 0.3282 - Val ROC-AUC: 0.6632 - Val PR-AUC: 0.2751
Epoch 96/100 - Loss: 0.3403 - Val F1: 0.3103 - Val ROC-AUC: 0.6599 - Val PR-AUC: 0.2717
Epoch 97/100 - Loss: 0.3347 - Val F1: 0.3143 - Val ROC-AUC: 0.6625 - Val PR-AUC: 0.2779
Epoch 98/100 - Loss: 0.3358 - Val F1: 0.3114 - Val ROC-AUC: 0.6626 - Val PR-AUC: 0.2766
Epoch 99/100 - Loss: 0.3385 - Val F1: 0.3165 - Val ROC-AUC: 0.6648 - Val PR-AUC: 0.2748
Epoch 100/100 - Loss: 0.3378 - Val F1: 0.3042 - Val ROC-AUC: 0.6632 - Val PR-AUC: 0.2786
Pretraining completed. Test F1: 0.3172, ROC-AUC: 0.6437, PR-AUC: 0.2767
[3/4] Finetuning on TOX21_ERa_LUC_VM7_Agonist_10nM_ICI182780_viability using GIN_GCN...
[Fine-tune] Epoch 1/50 - Loss: 0.5720 - Val F1: 0.3265 - Val ROC-AUC: 0.8047 - Val PR-AUC: 0.3062
[Fine-tune] Epoch 2/50 - Loss: 0.4694 - Val F1: 0.3072 - Val ROC-AUC: 0.7823 - Val PR-AUC: 0.2618
[Fine-tune] Epoch 3/50 - Loss: 0.4375 - Val F1: 0.3333 - Val ROC-AUC: 0.7958 - Val PR-AUC: 0.2967
[Fine-tune] Epoch 4/50 - Loss: 0.4034 - Val F1: 0.3529 - Val ROC-AUC: 0.8122 - Val PR-AUC: 0.3099
[Fine-tune] Epoch 5/50 - Loss: 0.3801 - Val F1: 0.3233 - Val ROC-AUC: 0.7800 - Val PR-AUC: 0.2737
[Fine-tune] Epoch 6/50 - Loss: 0.3708 - Val F1: 0.3333 - Val ROC-AUC: 0.7983 - Val PR-AUC: 0.3326
[Fine-tune] Epoch 7/50 - Loss: 0.3546 - Val F1: 0.3436 - Val ROC-AUC: 0.7907 - Val PR-AUC: 0.3314
[Fine-tune] Epoch 8/50 - Loss: 0.3412 - Val F1: 0.3682 - Val ROC-AUC: 0.8054 - Val PR-AUC: 0.2947
[Fine-tune] Epoch 9/50 - Loss: 0.3492 - Val F1: 0.3731 - Val ROC-AUC: 0.7628 - Val PR-AUC: 0.3015
[Fine-tune] Epoch 10/50 - Loss: 0.3096 - Val F1: 0.3665 - Val ROC-AUC: 0.7775 - Val PR-AUC: 0.3097
[Fine-tune] Epoch 11/50 - Loss: 0.2835 - Val F1: 0.3959 - Val ROC-AUC: 0.8041 - Val PR-AUC: 0.3640
[Fine-tune] Epoch 12/50 - Loss: 0.2618 - Val F1: 0.3439 - Val ROC-AUC: 0.7826 - Val PR-AUC: 0.3521
[Fine-tune] Epoch 13/50 - Loss: 0.2559 - Val F1: 0.3578 - Val ROC-AUC: 0.8026 - Val PR-AUC: 0.3401
[Fine-tune] Epoch 14/50 - Loss: 0.2512 - Val F1: 0.3744 - Val ROC-AUC: 0.7837 - Val PR-AUC: 0.3882
[Fine-tune] Epoch 15/50 - Loss: 0.2393 - Val F1: 0.3980 - Val ROC-AUC: 0.8004 - Val PR-AUC: 0.3539
[Fine-tune] Epoch 16/50 - Loss: 0.2464 - Val F1: 0.4145 - Val ROC-AUC: 0.8163 - Val PR-AUC: 0.4164
[Fine-tune] Epoch 17/50 - Loss: 0.2131 - Val F1: 0.3568 - Val ROC-AUC: 0.7940 - Val PR-AUC: 0.3571
[Fine-tune] Epoch 18/50 - Loss: 0.2306 - Val F1: 0.3608 - Val ROC-AUC: 0.7773 - Val PR-AUC: 0.4052
[Fine-tune] Epoch 19/50 - Loss: 0.2230 - Val F1: 0.3982 - Val ROC-AUC: 0.7900 - Val PR-AUC: 0.3511
[Fine-tune] Epoch 20/50 - Loss: 0.2195 - Val F1: 0.3868 - Val ROC-AUC: 0.8073 - Val PR-AUC: 0.4026
[Fine-tune] Epoch 21/50 - Loss: 0.1708 - Val F1: 0.3858 - Val ROC-AUC: 0.7986 - Val PR-AUC: 0.3983
[Fine-tune] Epoch 22/50 - Loss: 0.1752 - Val F1: 0.3923 - Val ROC-AUC: 0.7910 - Val PR-AUC: 0.3689
[Fine-tune] Epoch 23/50 - Loss: 0.1707 - Val F1: 0.4444 - Val ROC-AUC: 0.8092 - Val PR-AUC: 0.4314
[Fine-tune] Epoch 24/50 - Loss: 0.1706 - Val F1: 0.4432 - Val ROC-AUC: 0.8199 - Val PR-AUC: 0.4482
[Fine-tune] Epoch 25/50 - Loss: 0.1608 - Val F1: 0.4398 - Val ROC-AUC: 0.8119 - Val PR-AUC: 0.4025
[Fine-tune] Epoch 26/50 - Loss: 0.1628 - Val F1: 0.4278 - Val ROC-AUC: 0.8079 - Val PR-AUC: 0.4103
[Fine-tune] Epoch 27/50 - Loss: 0.1512 - Val F1: 0.4432 - Val ROC-AUC: 0.8148 - Val PR-AUC: 0.4358
[Fine-tune] Epoch 28/50 - Loss: 0.1532 - Val F1: 0.4271 - Val ROC-AUC: 0.8172 - Val PR-AUC: 0.4437
[Fine-tune] Epoch 29/50 - Loss: 0.1567 - Val F1: 0.3956 - Val ROC-AUC: 0.7939 - Val PR-AUC: 0.4036
[Fine-tune] Epoch 30/50 - Loss: 0.1476 - Val F1: 0.4262 - Val ROC-AUC: 0.8162 - Val PR-AUC: 0.4569
[Fine-tune] Epoch 31/50 - Loss: 0.1343 - Val F1: 0.4396 - Val ROC-AUC: 0.8150 - Val PR-AUC: 0.4893
[Fine-tune] Epoch 32/50 - Loss: 0.1235 - Val F1: 0.4469 - Val ROC-AUC: 0.8183 - Val PR-AUC: 0.4506
[Fine-tune] Epoch 33/50 - Loss: 0.1241 - Val F1: 0.4509 - Val ROC-AUC: 0.8147 - Val PR-AUC: 0.4411
[Fine-tune] Epoch 34/50 - Loss: 0.1254 - Val F1: 0.4278 - Val ROC-AUC: 0.8108 - Val PR-AUC: 0.4509
[Fine-tune] Epoch 35/50 - Loss: 0.1176 - Val F1: 0.4407 - Val ROC-AUC: 0.8130 - Val PR-AUC: 0.4361
[Fine-tune] Epoch 36/50 - Loss: 0.1146 - Val F1: 0.4372 - Val ROC-AUC: 0.8116 - Val PR-AUC: 0.4489
[Fine-tune] Epoch 37/50 - Loss: 0.1149 - Val F1: 0.4216 - Val ROC-AUC: 0.8016 - Val PR-AUC: 0.4445
[Fine-tune] Epoch 38/50 - Loss: 0.1123 - Val F1: 0.4229 - Val ROC-AUC: 0.8027 - Val PR-AUC: 0.4353
[Fine-tune] Epoch 39/50 - Loss: 0.1051 - Val F1: 0.4311 - Val ROC-AUC: 0.8080 - Val PR-AUC: 0.4027
[Fine-tune] Epoch 40/50 - Loss: 0.1165 - Val F1: 0.4138 - Val ROC-AUC: 0.8098 - Val PR-AUC: 0.4687
[Fine-tune] Epoch 41/50 - Loss: 0.1034 - Val F1: 0.4211 - Val ROC-AUC: 0.8093 - Val PR-AUC: 0.4319
[Fine-tune] Epoch 42/50 - Loss: 0.1094 - Val F1: 0.4229 - Val ROC-AUC: 0.8026 - Val PR-AUC: 0.4400
[Fine-tune] Epoch 43/50 - Loss: 0.1158 - Val F1: 0.4497 - Val ROC-AUC: 0.8090 - Val PR-AUC: 0.4145
[Fine-tune] Epoch 44/50 - Loss: 0.1113 - Val F1: 0.4311 - Val ROC-AUC: 0.8056 - Val PR-AUC: 0.4131
[Fine-tune] Epoch 45/50 - Loss: 0.1004 - Val F1: 0.4318 - Val ROC-AUC: 0.8038 - Val PR-AUC: 0.4218
[Fine-tune] Epoch 46/50 - Loss: 0.0969 - Val F1: 0.4348 - Val ROC-AUC: 0.8092 - Val PR-AUC: 0.4361
[Fine-tune] Epoch 47/50 - Loss: 0.1001 - Val F1: 0.4734 - Val ROC-AUC: 0.8089 - Val PR-AUC: 0.4346
[Fine-tune] Epoch 48/50 - Loss: 0.1021 - Val F1: 0.4469 - Val ROC-AUC: 0.8095 - Val PR-AUC: 0.4325
[Fine-tune] Epoch 49/50 - Loss: 0.0899 - Val F1: 0.4651 - Val ROC-AUC: 0.8096 - Val PR-AUC: 0.4535
[Fine-tune] Epoch 50/50 - Loss: 0.0849 - Val F1: 0.4353 - Val ROC-AUC: 0.8131 - Val PR-AUC: 0.4342
Finetuning completed. Test F1: 0.3832, ROC-AUC: 0.7882, PR-AUC: 0.3491
[3.1/4] Target-only training on TOX21_ERa_LUC_VM7_Agonist_10nM_ICI182780_viability using GIN_GCN...
=== Target-only training ===
[Target-only] Epoch 1/50 – Loss: 0.5695  Val F1: 0.3034  ROC-AUC: 0.7623  PR-AUC: 0.2627
[Target-only] Epoch 2/50 – Loss: 0.5046  Val F1: 0.2923  ROC-AUC: 0.7948  PR-AUC: 0.3170
[Target-only] Epoch 3/50 – Loss: 0.4724  Val F1: 0.2626  ROC-AUC: 0.8187  PR-AUC: 0.3056
[Target-only] Epoch 4/50 – Loss: 0.4647  Val F1: 0.3791  ROC-AUC: 0.7964  PR-AUC: 0.3418
[Target-only] Epoch 5/50 – Loss: 0.4366  Val F1: 0.3241  ROC-AUC: 0.8103  PR-AUC: 0.3406
[Target-only] Epoch 6/50 – Loss: 0.4268  Val F1: 0.3600  ROC-AUC: 0.8072  PR-AUC: 0.3498
[Target-only] Epoch 7/50 – Loss: 0.4101  Val F1: 0.4000  ROC-AUC: 0.8039  PR-AUC: 0.3256
[Target-only] Epoch 8/50 – Loss: 0.4063  Val F1: 0.3800  ROC-AUC: 0.7922  PR-AUC: 0.3266
[Target-only] Epoch 9/50 – Loss: 0.3875  Val F1: 0.3304  ROC-AUC: 0.7819  PR-AUC: 0.3338
[Target-only] Epoch 10/50 – Loss: 0.3878  Val F1: 0.3786  ROC-AUC: 0.8318  PR-AUC: 0.4026
[Target-only] Epoch 11/50 – Loss: 0.3667  Val F1: 0.3886  ROC-AUC: 0.8106  PR-AUC: 0.3798
[Target-only] Epoch 12/50 – Loss: 0.3350  Val F1: 0.3920  ROC-AUC: 0.8182  PR-AUC: 0.3678
[Target-only] Epoch 13/50 – Loss: 0.3558  Val F1: 0.3963  ROC-AUC: 0.8279  PR-AUC: 0.3986
[Target-only] Epoch 14/50 – Loss: 0.3471  Val F1: 0.3719  ROC-AUC: 0.8277  PR-AUC: 0.3905
[Target-only] Epoch 15/50 – Loss: 0.3344  Val F1: 0.3721  ROC-AUC: 0.8023  PR-AUC: 0.3622
[Target-only] Epoch 16/50 – Loss: 0.3331  Val F1: 0.4036  ROC-AUC: 0.8270  PR-AUC: 0.4033
[Target-only] Epoch 17/50 – Loss: 0.3194  Val F1: 0.4615  ROC-AUC: 0.8307  PR-AUC: 0.3967
[Target-only] Epoch 18/50 – Loss: 0.3075  Val F1: 0.3830  ROC-AUC: 0.8354  PR-AUC: 0.4253
[Target-only] Epoch 19/50 – Loss: 0.3026  Val F1: 0.3737  ROC-AUC: 0.8102  PR-AUC: 0.3964
[Target-only] Epoch 20/50 – Loss: 0.3063  Val F1: 0.4021  ROC-AUC: 0.8192  PR-AUC: 0.3975
[Target-only] Epoch 21/50 – Loss: 0.2864  Val F1: 0.4037  ROC-AUC: 0.8276  PR-AUC: 0.4324
[Target-only] Epoch 22/50 – Loss: 0.2661  Val F1: 0.3858  ROC-AUC: 0.8060  PR-AUC: 0.4043
[Target-only] Epoch 23/50 – Loss: 0.2675  Val F1: 0.4158  ROC-AUC: 0.8307  PR-AUC: 0.4054
[Target-only] Epoch 24/50 – Loss: 0.2499  Val F1: 0.3981  ROC-AUC: 0.8228  PR-AUC: 0.3834
[Target-only] Epoch 25/50 – Loss: 0.2660  Val F1: 0.3850  ROC-AUC: 0.8219  PR-AUC: 0.4311
[Target-only] Epoch 26/50 – Loss: 0.2476  Val F1: 0.4019  ROC-AUC: 0.8169  PR-AUC: 0.3776
[Target-only] Epoch 27/50 – Loss: 0.2409  Val F1: 0.3789  ROC-AUC: 0.8135  PR-AUC: 0.3810
[Target-only] Epoch 28/50 – Loss: 0.2447  Val F1: 0.4000  ROC-AUC: 0.8240  PR-AUC: 0.4379
[Target-only] Epoch 29/50 – Loss: 0.2312  Val F1: 0.4019  ROC-AUC: 0.8129  PR-AUC: 0.4364
[Target-only] Epoch 30/50 – Loss: 0.2272  Val F1: 0.4100  ROC-AUC: 0.8205  PR-AUC: 0.4289
[Target-only] Epoch 31/50 – Loss: 0.2138  Val F1: 0.4211  ROC-AUC: 0.8306  PR-AUC: 0.4502
[Target-only] Epoch 32/50 – Loss: 0.2177  Val F1: 0.4385  ROC-AUC: 0.8255  PR-AUC: 0.4171
[Target-only] Epoch 33/50 – Loss: 0.2185  Val F1: 0.4257  ROC-AUC: 0.8375  PR-AUC: 0.4698
[Target-only] Epoch 34/50 – Loss: 0.2035  Val F1: 0.4153  ROC-AUC: 0.8243  PR-AUC: 0.4486
[Target-only] Epoch 35/50 – Loss: 0.2061  Val F1: 0.4188  ROC-AUC: 0.8257  PR-AUC: 0.4493
[Target-only] Epoch 36/50 – Loss: 0.1904  Val F1: 0.4138  ROC-AUC: 0.8220  PR-AUC: 0.4340
[Target-only] Epoch 37/50 – Loss: 0.1966  Val F1: 0.4138  ROC-AUC: 0.8173  PR-AUC: 0.4440
[Target-only] Epoch 38/50 – Loss: 0.1954  Val F1: 0.4135  ROC-AUC: 0.8110  PR-AUC: 0.4055
[Target-only] Epoch 39/50 – Loss: 0.1838  Val F1: 0.4115  ROC-AUC: 0.8160  PR-AUC: 0.4254
[Target-only] Epoch 40/50 – Loss: 0.1740  Val F1: 0.4300  ROC-AUC: 0.8200  PR-AUC: 0.4213
[Target-only] Epoch 41/50 – Loss: 0.1672  Val F1: 0.4194  ROC-AUC: 0.8169  PR-AUC: 0.4415
[Target-only] Epoch 42/50 – Loss: 0.1822  Val F1: 0.4194  ROC-AUC: 0.8132  PR-AUC: 0.4052
[Target-only] Epoch 43/50 – Loss: 0.1718  Val F1: 0.4352  ROC-AUC: 0.8215  PR-AUC: 0.4523
[Target-only] Epoch 44/50 – Loss: 0.1706  Val F1: 0.4530  ROC-AUC: 0.8206  PR-AUC: 0.4220
[Target-only] Epoch 45/50 – Loss: 0.1576  Val F1: 0.4375  ROC-AUC: 0.8240  PR-AUC: 0.4242
[Target-only] Epoch 46/50 – Loss: 0.1562  Val F1: 0.4308  ROC-AUC: 0.8202  PR-AUC: 0.4501
[Target-only] Epoch 47/50 – Loss: 0.1644  Val F1: 0.4162  ROC-AUC: 0.8189  PR-AUC: 0.4321
[Target-only] Epoch 48/50 – Loss: 0.1489  Val F1: 0.4410  ROC-AUC: 0.8204  PR-AUC: 0.4298
[Target-only] Epoch 49/50 – Loss: 0.1541  Val F1: 0.4468  ROC-AUC: 0.8276  PR-AUC: 0.4491
[Target-only] Epoch 50/50 – Loss: 0.1596  Val F1: 0.4348  ROC-AUC: 0.8179  PR-AUC: 0.4358
=== Target-only TEST performance ===
Test F1: 0.4308, ROC-AUC: 0.8271, PR-AUC: 0.4483
✅ 실험 완료: TOX21_ERa_LUC_VM7_Agonist -> TOX21_ERa_LUC_VM7_Agonist_10nM_ICI182780_viability [GIN_GCN]
