[1/4] Excel → CSV 변환 중...
Saved pretrain CSV for TOX21_ERa_BLA_Antagonist_ratio: data/sample/TOX21_ERa_BLA_Antagonist_ratio.csv
Saved pretrain CSV for TOX21_ERa_LUC_VM7_Agonist: data/sample/TOX21_ERa_LUC_VM7_Agonist.csv
Saved pretrain CSV for TOX21_ERa_BLA_Antagonist_viability: data/sample/TOX21_ERa_BLA_Antagonist_viability.csv
Saved pretrain CSV for TOX21_ERa_LUC_VM7_Antagonist_0.5nM_E2: data/sample/TOX21_ERa_LUC_VM7_Antagonist_0.5nM_E2.csv
Saved pretrain CSV for TOX21_ERa_BLA_Antagonist_ch2: data/sample/TOX21_ERa_BLA_Antagonist_ch2.csv
Saved pretrain CSV for TOX21_ERa_BLA_Antagonist_ch1: data/sample/TOX21_ERa_BLA_Antagonist_ch1.csv
Saved pretrain CSV for TOX21_ERa_LUC_VM7_Antagonist_0.5nM_E2_viability: data/sample/TOX21_ERa_LUC_VM7_Antagonist_0.5nM_E2_viability.csv
Saved pretrain CSV for TOX21_ERa_BLA_Agonist_ch2: data/sample/TOX21_ERa_BLA_Agonist_ch2.csv
Saved pretrain CSV for TOX21_ERa_BLA_Agonist_ch1: data/sample/TOX21_ERa_BLA_Agonist_ch1.csv
Saved pretrain CSV for TOX21_ERa_BLA_Agonist_ratio: data/sample/TOX21_ERa_BLA_Agonist_ratio.csv
Saved pretrain CSV for TOX21_ERb_BLA_Antagonist_ch1: data/sample/TOX21_ERb_BLA_Antagonist_ch1.csv
Saved pretrain CSV for TOX21_ERb_BLA_Antagonist_ch2: data/sample/TOX21_ERb_BLA_Antagonist_ch2.csv
Saved pretrain CSV for TOX21_ERb_BLA_Agonist_viability: data/sample/TOX21_ERb_BLA_Agonist_viability.csv
Saved pretrain CSV for TOX21_ERb_BLA_Agonist_ratio: data/sample/TOX21_ERb_BLA_Agonist_ratio.csv
Saved pretrain CSV for TOX21_ERb_BLA_Agonist_ch2: data/sample/TOX21_ERb_BLA_Agonist_ch2.csv
Saved pretrain CSV for TOX21_ERb_BLA_Agonist_ch1: data/sample/TOX21_ERb_BLA_Agonist_ch1.csv
Saved pretrain CSV for TOX21_ERR_LUC_Agonist: data/sample/TOX21_ERR_LUC_Agonist.csv
Saved pretrain CSV for TOX21_ERa_LUC_VM7_Agonist_10nM_ICI182780_viability: data/sample/TOX21_ERa_LUC_VM7_Agonist_10nM_ICI182780_viability.csv
Saved pretrain CSV for TOX21_ERa_LUC_VM7_Antagonist_0.1nM_E2: data/sample/TOX21_ERa_LUC_VM7_Antagonist_0.1nM_E2.csv
Saved pretrain CSV for TOX21_ERb_BLA_Antagonist_ratio: data/sample/TOX21_ERb_BLA_Antagonist_ratio.csv
Saved pretrain CSV for TOX21_ERa_LUC_VM7_Agonist_10nM_ICI182780: data/sample/TOX21_ERa_LUC_VM7_Agonist_10nM_ICI182780.csv
Saved pretrain CSV for TOX21_ERR_LUC_viability: data/sample/TOX21_ERR_LUC_viability.csv
Saved pretrain CSV for TOX21_ERR_LUC_Antagonist: data/sample/TOX21_ERR_LUC_Antagonist.csv
Saved pretrain CSV for TOX21_ERa_LUC_VM7_Antagonist_0.1nM_E2_viability: data/sample/TOX21_ERa_LUC_VM7_Antagonist_0.1nM_E2_viability.csv
Saved pretrain CSV for TOX21_ERb_BLA_Antagonist_viability: data/sample/TOX21_ERb_BLA_Antagonist_viability.csv
Saved finetune CSV for TOX21_ERa_BLA_Antagonist_ratio: data/sample/TOX21_ERa_BLA_Antagonist_ratio.csv
Saved finetune CSV for TOX21_ERa_LUC_VM7_Agonist: data/sample/TOX21_ERa_LUC_VM7_Agonist.csv
Saved finetune CSV for TOX21_ERa_BLA_Antagonist_viability: data/sample/TOX21_ERa_BLA_Antagonist_viability.csv
Saved finetune CSV for TOX21_ERa_LUC_VM7_Antagonist_0.5nM_E2: data/sample/TOX21_ERa_LUC_VM7_Antagonist_0.5nM_E2.csv
Saved finetune CSV for TOX21_ERa_BLA_Antagonist_ch2: data/sample/TOX21_ERa_BLA_Antagonist_ch2.csv
Saved finetune CSV for TOX21_ERa_BLA_Antagonist_ch1: data/sample/TOX21_ERa_BLA_Antagonist_ch1.csv
Saved finetune CSV for TOX21_ERa_LUC_VM7_Antagonist_0.5nM_E2_viability: data/sample/TOX21_ERa_LUC_VM7_Antagonist_0.5nM_E2_viability.csv
Saved finetune CSV for TOX21_ERa_BLA_Agonist_ch2: data/sample/TOX21_ERa_BLA_Agonist_ch2.csv
Saved finetune CSV for TOX21_ERa_BLA_Agonist_ch1: data/sample/TOX21_ERa_BLA_Agonist_ch1.csv
Saved finetune CSV for TOX21_ERa_BLA_Agonist_ratio: data/sample/TOX21_ERa_BLA_Agonist_ratio.csv
Saved finetune CSV for TOX21_ERb_BLA_Antagonist_ch1: data/sample/TOX21_ERb_BLA_Antagonist_ch1.csv
Saved finetune CSV for TOX21_ERb_BLA_Antagonist_ch2: data/sample/TOX21_ERb_BLA_Antagonist_ch2.csv
Saved finetune CSV for TOX21_ERb_BLA_Agonist_viability: data/sample/TOX21_ERb_BLA_Agonist_viability.csv
Saved finetune CSV for TOX21_ERb_BLA_Agonist_ratio: data/sample/TOX21_ERb_BLA_Agonist_ratio.csv
Saved finetune CSV for TOX21_ERb_BLA_Agonist_ch2: data/sample/TOX21_ERb_BLA_Agonist_ch2.csv
Saved finetune CSV for TOX21_ERb_BLA_Agonist_ch1: data/sample/TOX21_ERb_BLA_Agonist_ch1.csv
Saved finetune CSV for TOX21_ERR_LUC_Agonist: data/sample/TOX21_ERR_LUC_Agonist.csv
Saved finetune CSV for TOX21_ERa_LUC_VM7_Agonist_10nM_ICI182780_viability: data/sample/TOX21_ERa_LUC_VM7_Agonist_10nM_ICI182780_viability.csv
Saved finetune CSV for TOX21_ERa_LUC_VM7_Antagonist_0.1nM_E2: data/sample/TOX21_ERa_LUC_VM7_Antagonist_0.1nM_E2.csv
Saved finetune CSV for TOX21_ERb_BLA_Antagonist_ratio: data/sample/TOX21_ERb_BLA_Antagonist_ratio.csv
Saved finetune CSV for TOX21_ERa_LUC_VM7_Agonist_10nM_ICI182780: data/sample/TOX21_ERa_LUC_VM7_Agonist_10nM_ICI182780.csv
Saved finetune CSV for TOX21_ERR_LUC_viability: data/sample/TOX21_ERR_LUC_viability.csv
Saved finetune CSV for TOX21_ERR_LUC_Antagonist: data/sample/TOX21_ERR_LUC_Antagonist.csv
Saved finetune CSV for TOX21_ERa_LUC_VM7_Antagonist_0.1nM_E2_viability: data/sample/TOX21_ERa_LUC_VM7_Antagonist_0.1nM_E2_viability.csv
Saved finetune CSV for TOX21_ERb_BLA_Antagonist_viability: data/sample/TOX21_ERb_BLA_Antagonist_viability.csv
[2/4] Pretraining on TOX21_ERa_BLA_Antagonist_ratio using GIN_GCN...
Epoch 1/100 - Loss: 0.6131 - Val F1: 0.3343 - Val ROC-AUC: 0.7223 - Val PR-AUC: 0.2364
Epoch 2/100 - Loss: 0.5819 - Val F1: 0.3299 - Val ROC-AUC: 0.7296 - Val PR-AUC: 0.2339
Epoch 3/100 - Loss: 0.5684 - Val F1: 0.3584 - Val ROC-AUC: 0.7477 - Val PR-AUC: 0.2747
Epoch 4/100 - Loss: 0.5532 - Val F1: 0.3190 - Val ROC-AUC: 0.7167 - Val PR-AUC: 0.2207
Epoch 5/100 - Loss: 0.5529 - Val F1: 0.3875 - Val ROC-AUC: 0.7636 - Val PR-AUC: 0.2829
Epoch 6/100 - Loss: 0.5445 - Val F1: 0.3865 - Val ROC-AUC: 0.7711 - Val PR-AUC: 0.2763
Epoch 7/100 - Loss: 0.5150 - Val F1: 0.3607 - Val ROC-AUC: 0.7629 - Val PR-AUC: 0.2985
Epoch 8/100 - Loss: 0.5170 - Val F1: 0.3376 - Val ROC-AUC: 0.7391 - Val PR-AUC: 0.2414
Epoch 9/100 - Loss: 0.5116 - Val F1: 0.3805 - Val ROC-AUC: 0.7747 - Val PR-AUC: 0.2832
Epoch 10/100 - Loss: 0.5005 - Val F1: 0.3788 - Val ROC-AUC: 0.7684 - Val PR-AUC: 0.3144
Epoch 11/100 - Loss: 0.4768 - Val F1: 0.4022 - Val ROC-AUC: 0.7875 - Val PR-AUC: 0.3026
Epoch 12/100 - Loss: 0.4825 - Val F1: 0.4150 - Val ROC-AUC: 0.8011 - Val PR-AUC: 0.3204
Epoch 13/100 - Loss: 0.4733 - Val F1: 0.4201 - Val ROC-AUC: 0.7971 - Val PR-AUC: 0.3160
Epoch 14/100 - Loss: 0.4569 - Val F1: 0.4171 - Val ROC-AUC: 0.8074 - Val PR-AUC: 0.3206
Epoch 15/100 - Loss: 0.4618 - Val F1: 0.3989 - Val ROC-AUC: 0.7961 - Val PR-AUC: 0.3257
Epoch 16/100 - Loss: 0.4491 - Val F1: 0.4134 - Val ROC-AUC: 0.8128 - Val PR-AUC: 0.3236
Epoch 17/100 - Loss: 0.4493 - Val F1: 0.4207 - Val ROC-AUC: 0.7961 - Val PR-AUC: 0.3218
Epoch 18/100 - Loss: 0.4584 - Val F1: 0.4152 - Val ROC-AUC: 0.8099 - Val PR-AUC: 0.3312
Epoch 19/100 - Loss: 0.4303 - Val F1: 0.4169 - Val ROC-AUC: 0.8098 - Val PR-AUC: 0.3519
Epoch 20/100 - Loss: 0.4500 - Val F1: 0.3684 - Val ROC-AUC: 0.7953 - Val PR-AUC: 0.3155
Epoch 21/100 - Loss: 0.4365 - Val F1: 0.4035 - Val ROC-AUC: 0.8102 - Val PR-AUC: 0.3436
Epoch 22/100 - Loss: 0.4084 - Val F1: 0.3979 - Val ROC-AUC: 0.8031 - Val PR-AUC: 0.3266
Epoch 23/100 - Loss: 0.4100 - Val F1: 0.3990 - Val ROC-AUC: 0.8083 - Val PR-AUC: 0.3271
Epoch 24/100 - Loss: 0.4017 - Val F1: 0.4024 - Val ROC-AUC: 0.8055 - Val PR-AUC: 0.3247
Epoch 25/100 - Loss: 0.4036 - Val F1: 0.4217 - Val ROC-AUC: 0.8029 - Val PR-AUC: 0.3348
Epoch 26/100 - Loss: 0.4023 - Val F1: 0.3978 - Val ROC-AUC: 0.8149 - Val PR-AUC: 0.3477
Epoch 27/100 - Loss: 0.3906 - Val F1: 0.3989 - Val ROC-AUC: 0.8056 - Val PR-AUC: 0.3308
Epoch 28/100 - Loss: 0.3966 - Val F1: 0.4702 - Val ROC-AUC: 0.8216 - Val PR-AUC: 0.3573
Epoch 29/100 - Loss: 0.3816 - Val F1: 0.4103 - Val ROC-AUC: 0.8047 - Val PR-AUC: 0.3271
Epoch 30/100 - Loss: 0.3755 - Val F1: 0.4104 - Val ROC-AUC: 0.8056 - Val PR-AUC: 0.3390
Epoch 31/100 - Loss: 0.3605 - Val F1: 0.4290 - Val ROC-AUC: 0.8155 - Val PR-AUC: 0.3396
Epoch 32/100 - Loss: 0.3594 - Val F1: 0.4230 - Val ROC-AUC: 0.8100 - Val PR-AUC: 0.3522
Epoch 33/100 - Loss: 0.3583 - Val F1: 0.4119 - Val ROC-AUC: 0.8043 - Val PR-AUC: 0.3221
Epoch 34/100 - Loss: 0.3497 - Val F1: 0.4101 - Val ROC-AUC: 0.8121 - Val PR-AUC: 0.3601
Epoch 35/100 - Loss: 0.3520 - Val F1: 0.4221 - Val ROC-AUC: 0.8084 - Val PR-AUC: 0.3409
Epoch 36/100 - Loss: 0.3509 - Val F1: 0.4286 - Val ROC-AUC: 0.8192 - Val PR-AUC: 0.3562
Epoch 37/100 - Loss: 0.3425 - Val F1: 0.4375 - Val ROC-AUC: 0.8132 - Val PR-AUC: 0.3296
Epoch 38/100 - Loss: 0.3471 - Val F1: 0.4361 - Val ROC-AUC: 0.8164 - Val PR-AUC: 0.3657
Epoch 39/100 - Loss: 0.3479 - Val F1: 0.4228 - Val ROC-AUC: 0.8166 - Val PR-AUC: 0.3479
Epoch 40/100 - Loss: 0.3381 - Val F1: 0.4299 - Val ROC-AUC: 0.8064 - Val PR-AUC: 0.3420
Epoch 41/100 - Loss: 0.3223 - Val F1: 0.4024 - Val ROC-AUC: 0.8082 - Val PR-AUC: 0.3402
Epoch 42/100 - Loss: 0.3286 - Val F1: 0.4211 - Val ROC-AUC: 0.8136 - Val PR-AUC: 0.3427
Epoch 43/100 - Loss: 0.3281 - Val F1: 0.4272 - Val ROC-AUC: 0.8155 - Val PR-AUC: 0.3465
Epoch 44/100 - Loss: 0.3234 - Val F1: 0.4437 - Val ROC-AUC: 0.8144 - Val PR-AUC: 0.3594
Epoch 45/100 - Loss: 0.3160 - Val F1: 0.4548 - Val ROC-AUC: 0.8163 - Val PR-AUC: 0.3681
Epoch 46/100 - Loss: 0.3272 - Val F1: 0.4307 - Val ROC-AUC: 0.8123 - Val PR-AUC: 0.3628
Epoch 47/100 - Loss: 0.3205 - Val F1: 0.4545 - Val ROC-AUC: 0.8164 - Val PR-AUC: 0.3558
Epoch 48/100 - Loss: 0.3150 - Val F1: 0.4324 - Val ROC-AUC: 0.8183 - Val PR-AUC: 0.3523
Epoch 49/100 - Loss: 0.3058 - Val F1: 0.4304 - Val ROC-AUC: 0.8173 - Val PR-AUC: 0.3476
Epoch 50/100 - Loss: 0.3259 - Val F1: 0.4437 - Val ROC-AUC: 0.8155 - Val PR-AUC: 0.3594
Epoch 51/100 - Loss: 0.2967 - Val F1: 0.4242 - Val ROC-AUC: 0.8141 - Val PR-AUC: 0.3469
Epoch 52/100 - Loss: 0.3060 - Val F1: 0.4377 - Val ROC-AUC: 0.8091 - Val PR-AUC: 0.3359
Epoch 53/100 - Loss: 0.3084 - Val F1: 0.4204 - Val ROC-AUC: 0.8127 - Val PR-AUC: 0.3439
Epoch 54/100 - Loss: 0.3069 - Val F1: 0.4384 - Val ROC-AUC: 0.8148 - Val PR-AUC: 0.3533
Epoch 55/100 - Loss: 0.3068 - Val F1: 0.4467 - Val ROC-AUC: 0.8138 - Val PR-AUC: 0.3530
Epoch 56/100 - Loss: 0.2980 - Val F1: 0.4411 - Val ROC-AUC: 0.8186 - Val PR-AUC: 0.3554
Epoch 57/100 - Loss: 0.3006 - Val F1: 0.4473 - Val ROC-AUC: 0.8153 - Val PR-AUC: 0.3513
Epoch 58/100 - Loss: 0.3033 - Val F1: 0.4250 - Val ROC-AUC: 0.8143 - Val PR-AUC: 0.3536
Epoch 59/100 - Loss: 0.3044 - Val F1: 0.4277 - Val ROC-AUC: 0.8177 - Val PR-AUC: 0.3529
Epoch 60/100 - Loss: 0.3065 - Val F1: 0.4459 - Val ROC-AUC: 0.8139 - Val PR-AUC: 0.3465
Epoch 61/100 - Loss: 0.2899 - Val F1: 0.4305 - Val ROC-AUC: 0.8125 - Val PR-AUC: 0.3468
Epoch 62/100 - Loss: 0.2910 - Val F1: 0.4319 - Val ROC-AUC: 0.8145 - Val PR-AUC: 0.3491
Epoch 63/100 - Loss: 0.2903 - Val F1: 0.4444 - Val ROC-AUC: 0.8140 - Val PR-AUC: 0.3479
Epoch 64/100 - Loss: 0.2889 - Val F1: 0.4430 - Val ROC-AUC: 0.8166 - Val PR-AUC: 0.3472
Epoch 65/100 - Loss: 0.3007 - Val F1: 0.4316 - Val ROC-AUC: 0.8141 - Val PR-AUC: 0.3458
Epoch 66/100 - Loss: 0.2938 - Val F1: 0.4416 - Val ROC-AUC: 0.8117 - Val PR-AUC: 0.3440
Epoch 67/100 - Loss: 0.2918 - Val F1: 0.4389 - Val ROC-AUC: 0.8186 - Val PR-AUC: 0.3526
Epoch 68/100 - Loss: 0.2983 - Val F1: 0.4323 - Val ROC-AUC: 0.8121 - Val PR-AUC: 0.3525
Epoch 69/100 - Loss: 0.2886 - Val F1: 0.4431 - Val ROC-AUC: 0.8156 - Val PR-AUC: 0.3489
Epoch 70/100 - Loss: 0.2909 - Val F1: 0.4528 - Val ROC-AUC: 0.8191 - Val PR-AUC: 0.3573
Epoch 71/100 - Loss: 0.2994 - Val F1: 0.4466 - Val ROC-AUC: 0.8174 - Val PR-AUC: 0.3513
Epoch 72/100 - Loss: 0.2848 - Val F1: 0.4362 - Val ROC-AUC: 0.8157 - Val PR-AUC: 0.3532
Epoch 73/100 - Loss: 0.2960 - Val F1: 0.4472 - Val ROC-AUC: 0.8206 - Val PR-AUC: 0.3571
Epoch 74/100 - Loss: 0.2937 - Val F1: 0.4307 - Val ROC-AUC: 0.8192 - Val PR-AUC: 0.3549
Epoch 75/100 - Loss: 0.2956 - Val F1: 0.4444 - Val ROC-AUC: 0.8173 - Val PR-AUC: 0.3529
Epoch 76/100 - Loss: 0.2848 - Val F1: 0.4281 - Val ROC-AUC: 0.8161 - Val PR-AUC: 0.3490
Epoch 77/100 - Loss: 0.2870 - Val F1: 0.4328 - Val ROC-AUC: 0.8129 - Val PR-AUC: 0.3447
Epoch 78/100 - Loss: 0.2861 - Val F1: 0.4452 - Val ROC-AUC: 0.8131 - Val PR-AUC: 0.3453
Epoch 79/100 - Loss: 0.2866 - Val F1: 0.4371 - Val ROC-AUC: 0.8152 - Val PR-AUC: 0.3530
Epoch 80/100 - Loss: 0.2799 - Val F1: 0.4377 - Val ROC-AUC: 0.8176 - Val PR-AUC: 0.3542
Epoch 81/100 - Loss: 0.2839 - Val F1: 0.4444 - Val ROC-AUC: 0.8172 - Val PR-AUC: 0.3568
Epoch 82/100 - Loss: 0.2893 - Val F1: 0.4351 - Val ROC-AUC: 0.8162 - Val PR-AUC: 0.3548
Epoch 83/100 - Loss: 0.2834 - Val F1: 0.4381 - Val ROC-AUC: 0.8160 - Val PR-AUC: 0.3521
Epoch 84/100 - Loss: 0.2756 - Val F1: 0.4342 - Val ROC-AUC: 0.8160 - Val PR-AUC: 0.3536
Epoch 85/100 - Loss: 0.2882 - Val F1: 0.4451 - Val ROC-AUC: 0.8160 - Val PR-AUC: 0.3539
Epoch 86/100 - Loss: 0.3006 - Val F1: 0.4354 - Val ROC-AUC: 0.8135 - Val PR-AUC: 0.3497
Epoch 87/100 - Loss: 0.2970 - Val F1: 0.4343 - Val ROC-AUC: 0.8162 - Val PR-AUC: 0.3512
Epoch 88/100 - Loss: 0.2903 - Val F1: 0.4459 - Val ROC-AUC: 0.8137 - Val PR-AUC: 0.3504
Epoch 89/100 - Loss: 0.2923 - Val F1: 0.4268 - Val ROC-AUC: 0.8146 - Val PR-AUC: 0.3472
Epoch 90/100 - Loss: 0.2831 - Val F1: 0.4373 - Val ROC-AUC: 0.8172 - Val PR-AUC: 0.3513
Epoch 91/100 - Loss: 0.2974 - Val F1: 0.4356 - Val ROC-AUC: 0.8156 - Val PR-AUC: 0.3533
Epoch 92/100 - Loss: 0.2857 - Val F1: 0.4350 - Val ROC-AUC: 0.8175 - Val PR-AUC: 0.3523
Epoch 93/100 - Loss: 0.2807 - Val F1: 0.4340 - Val ROC-AUC: 0.8161 - Val PR-AUC: 0.3474
Epoch 94/100 - Loss: 0.2923 - Val F1: 0.4330 - Val ROC-AUC: 0.8165 - Val PR-AUC: 0.3559
Epoch 95/100 - Loss: 0.2778 - Val F1: 0.4276 - Val ROC-AUC: 0.8145 - Val PR-AUC: 0.3483
Epoch 96/100 - Loss: 0.2896 - Val F1: 0.4354 - Val ROC-AUC: 0.8143 - Val PR-AUC: 0.3486
Epoch 97/100 - Loss: 0.2899 - Val F1: 0.4400 - Val ROC-AUC: 0.8158 - Val PR-AUC: 0.3512
Epoch 98/100 - Loss: 0.2947 - Val F1: 0.4356 - Val ROC-AUC: 0.8161 - Val PR-AUC: 0.3523
Epoch 99/100 - Loss: 0.2803 - Val F1: 0.4387 - Val ROC-AUC: 0.8175 - Val PR-AUC: 0.3534
Epoch 100/100 - Loss: 0.2754 - Val F1: 0.4377 - Val ROC-AUC: 0.8171 - Val PR-AUC: 0.3533
Pretraining completed. Test F1: 0.4599, ROC-AUC: 0.7988, PR-AUC: 0.3946
[3/4] Finetuning on TOX21_ERa_BLA_Antagonist_ch2 using GIN_GCN...
[Fine-tune] Epoch 1/50 - Loss: 0.4371 - Val F1: 0.2925 - Val ROC-AUC: 0.8643 - Val PR-AUC: 0.3002
[Fine-tune] Epoch 2/50 - Loss: 0.3851 - Val F1: 0.2881 - Val ROC-AUC: 0.8579 - Val PR-AUC: 0.2710
[Fine-tune] Epoch 3/50 - Loss: 0.3631 - Val F1: 0.2893 - Val ROC-AUC: 0.8446 - Val PR-AUC: 0.2613
[Fine-tune] Epoch 4/50 - Loss: 0.3469 - Val F1: 0.2475 - Val ROC-AUC: 0.8485 - Val PR-AUC: 0.2716
[Fine-tune] Epoch 5/50 - Loss: 0.3312 - Val F1: 0.3320 - Val ROC-AUC: 0.8800 - Val PR-AUC: 0.2958
[Fine-tune] Epoch 6/50 - Loss: 0.3132 - Val F1: 0.3036 - Val ROC-AUC: 0.8406 - Val PR-AUC: 0.2945
[Fine-tune] Epoch 7/50 - Loss: 0.2933 - Val F1: 0.3062 - Val ROC-AUC: 0.8332 - Val PR-AUC: 0.2577
[Fine-tune] Epoch 8/50 - Loss: 0.2977 - Val F1: 0.2896 - Val ROC-AUC: 0.8445 - Val PR-AUC: 0.2662
[Fine-tune] Epoch 9/50 - Loss: 0.2874 - Val F1: 0.2857 - Val ROC-AUC: 0.8283 - Val PR-AUC: 0.2415
[Fine-tune] Epoch 10/50 - Loss: 0.2922 - Val F1: 0.3758 - Val ROC-AUC: 0.8472 - Val PR-AUC: 0.2754
[Fine-tune] Epoch 11/50 - Loss: 0.2392 - Val F1: 0.3407 - Val ROC-AUC: 0.8417 - Val PR-AUC: 0.2707
[Fine-tune] Epoch 12/50 - Loss: 0.2198 - Val F1: 0.3404 - Val ROC-AUC: 0.8276 - Val PR-AUC: 0.2578
[Fine-tune] Epoch 13/50 - Loss: 0.2110 - Val F1: 0.3333 - Val ROC-AUC: 0.8457 - Val PR-AUC: 0.3218
[Fine-tune] Epoch 14/50 - Loss: 0.2150 - Val F1: 0.3602 - Val ROC-AUC: 0.8398 - Val PR-AUC: 0.3023
[Fine-tune] Epoch 15/50 - Loss: 0.2119 - Val F1: 0.3298 - Val ROC-AUC: 0.8381 - Val PR-AUC: 0.2973
[Fine-tune] Epoch 16/50 - Loss: 0.1927 - Val F1: 0.3896 - Val ROC-AUC: 0.8630 - Val PR-AUC: 0.3192
[Fine-tune] Epoch 17/50 - Loss: 0.1971 - Val F1: 0.3313 - Val ROC-AUC: 0.8408 - Val PR-AUC: 0.2868
[Fine-tune] Epoch 18/50 - Loss: 0.1848 - Val F1: 0.3357 - Val ROC-AUC: 0.8262 - Val PR-AUC: 0.2669
[Fine-tune] Epoch 19/50 - Loss: 0.1823 - Val F1: 0.3239 - Val ROC-AUC: 0.8210 - Val PR-AUC: 0.2748
[Fine-tune] Epoch 20/50 - Loss: 0.1887 - Val F1: 0.3333 - Val ROC-AUC: 0.8265 - Val PR-AUC: 0.2781
[Fine-tune] Epoch 21/50 - Loss: 0.1642 - Val F1: 0.3571 - Val ROC-AUC: 0.8430 - Val PR-AUC: 0.2761
[Fine-tune] Epoch 22/50 - Loss: 0.1555 - Val F1: 0.3396 - Val ROC-AUC: 0.8347 - Val PR-AUC: 0.2911
[Fine-tune] Epoch 23/50 - Loss: 0.1507 - Val F1: 0.3421 - Val ROC-AUC: 0.8263 - Val PR-AUC: 0.3180
[Fine-tune] Epoch 24/50 - Loss: 0.1360 - Val F1: 0.3425 - Val ROC-AUC: 0.8286 - Val PR-AUC: 0.3140
[Fine-tune] Epoch 25/50 - Loss: 0.1376 - Val F1: 0.3556 - Val ROC-AUC: 0.8291 - Val PR-AUC: 0.2724
[Fine-tune] Epoch 26/50 - Loss: 0.1312 - Val F1: 0.3421 - Val ROC-AUC: 0.8251 - Val PR-AUC: 0.2625
[Fine-tune] Epoch 27/50 - Loss: 0.1309 - Val F1: 0.3418 - Val ROC-AUC: 0.8353 - Val PR-AUC: 0.3012
[Fine-tune] Epoch 28/50 - Loss: 0.1260 - Val F1: 0.3688 - Val ROC-AUC: 0.8284 - Val PR-AUC: 0.2909
[Fine-tune] Epoch 29/50 - Loss: 0.1328 - Val F1: 0.3636 - Val ROC-AUC: 0.8373 - Val PR-AUC: 0.3069
[Fine-tune] Epoch 30/50 - Loss: 0.1243 - Val F1: 0.4000 - Val ROC-AUC: 0.8292 - Val PR-AUC: 0.3136
[Fine-tune] Epoch 31/50 - Loss: 0.1171 - Val F1: 0.3553 - Val ROC-AUC: 0.8344 - Val PR-AUC: 0.3119
[Fine-tune] Epoch 32/50 - Loss: 0.0985 - Val F1: 0.3623 - Val ROC-AUC: 0.8358 - Val PR-AUC: 0.3048
[Fine-tune] Epoch 33/50 - Loss: 0.1126 - Val F1: 0.3453 - Val ROC-AUC: 0.8370 - Val PR-AUC: 0.2978
[Fine-tune] Epoch 34/50 - Loss: 0.1076 - Val F1: 0.3876 - Val ROC-AUC: 0.8345 - Val PR-AUC: 0.2845
[Fine-tune] Epoch 35/50 - Loss: 0.1071 - Val F1: 0.3688 - Val ROC-AUC: 0.8268 - Val PR-AUC: 0.2974
[Fine-tune] Epoch 36/50 - Loss: 0.1014 - Val F1: 0.3942 - Val ROC-AUC: 0.8293 - Val PR-AUC: 0.2882
[Fine-tune] Epoch 37/50 - Loss: 0.1045 - Val F1: 0.4094 - Val ROC-AUC: 0.8336 - Val PR-AUC: 0.2880
[Fine-tune] Epoch 38/50 - Loss: 0.0905 - Val F1: 0.3571 - Val ROC-AUC: 0.8278 - Val PR-AUC: 0.2760
[Fine-tune] Epoch 39/50 - Loss: 0.0961 - Val F1: 0.3780 - Val ROC-AUC: 0.8359 - Val PR-AUC: 0.3044
[Fine-tune] Epoch 40/50 - Loss: 0.0958 - Val F1: 0.3846 - Val ROC-AUC: 0.8392 - Val PR-AUC: 0.3058
[Fine-tune] Epoch 41/50 - Loss: 0.0978 - Val F1: 0.3780 - Val ROC-AUC: 0.8381 - Val PR-AUC: 0.3071
[Fine-tune] Epoch 42/50 - Loss: 0.0911 - Val F1: 0.3566 - Val ROC-AUC: 0.8296 - Val PR-AUC: 0.2949
[Fine-tune] Epoch 43/50 - Loss: 0.0888 - Val F1: 0.3968 - Val ROC-AUC: 0.8347 - Val PR-AUC: 0.3013
[Fine-tune] Epoch 44/50 - Loss: 0.0833 - Val F1: 0.3788 - Val ROC-AUC: 0.8396 - Val PR-AUC: 0.2861
[Fine-tune] Epoch 45/50 - Loss: 0.0937 - Val F1: 0.3876 - Val ROC-AUC: 0.8358 - Val PR-AUC: 0.3033
[Fine-tune] Epoch 46/50 - Loss: 0.0888 - Val F1: 0.4065 - Val ROC-AUC: 0.8366 - Val PR-AUC: 0.3064
[Fine-tune] Epoch 47/50 - Loss: 0.0798 - Val F1: 0.3780 - Val ROC-AUC: 0.8320 - Val PR-AUC: 0.2957
[Fine-tune] Epoch 48/50 - Loss: 0.0920 - Val F1: 0.3780 - Val ROC-AUC: 0.8294 - Val PR-AUC: 0.2861
[Fine-tune] Epoch 49/50 - Loss: 0.0872 - Val F1: 0.3932 - Val ROC-AUC: 0.8288 - Val PR-AUC: 0.3048
[Fine-tune] Epoch 50/50 - Loss: 0.0862 - Val F1: 0.3788 - Val ROC-AUC: 0.8294 - Val PR-AUC: 0.2853
Finetuning completed. Test F1: 0.3281, ROC-AUC: 0.8179, PR-AUC: 0.2646
[3.1/4] Target-only training on TOX21_ERa_BLA_Antagonist_ch2 using GIN_GCN...
=== Target-only training ===
[Target-only] Epoch 1/50 – Loss: 0.6110  Val F1: 0.1786  ROC-AUC: 0.6686  PR-AUC: 0.1355
[Target-only] Epoch 2/50 – Loss: 0.5545  Val F1: 0.2160  ROC-AUC: 0.7223  PR-AUC: 0.1799
[Target-only] Epoch 3/50 – Loss: 0.5138  Val F1: 0.2214  ROC-AUC: 0.7332  PR-AUC: 0.1641
[Target-only] Epoch 4/50 – Loss: 0.4885  Val F1: 0.2118  ROC-AUC: 0.7535  PR-AUC: 0.1937
[Target-only] Epoch 5/50 – Loss: 0.4671  Val F1: 0.2548  ROC-AUC: 0.7756  PR-AUC: 0.2342
[Target-only] Epoch 6/50 – Loss: 0.4367  Val F1: 0.2560  ROC-AUC: 0.7738  PR-AUC: 0.1940
[Target-only] Epoch 7/50 – Loss: 0.4374  Val F1: 0.2556  ROC-AUC: 0.7960  PR-AUC: 0.2605
[Target-only] Epoch 8/50 – Loss: 0.4072  Val F1: 0.3027  ROC-AUC: 0.7881  PR-AUC: 0.2537
[Target-only] Epoch 9/50 – Loss: 0.4202  Val F1: 0.2967  ROC-AUC: 0.7930  PR-AUC: 0.2686
[Target-only] Epoch 10/50 – Loss: 0.4072  Val F1: 0.2703  ROC-AUC: 0.8037  PR-AUC: 0.2596
[Target-only] Epoch 11/50 – Loss: 0.3654  Val F1: 0.2844  ROC-AUC: 0.7976  PR-AUC: 0.2540
[Target-only] Epoch 12/50 – Loss: 0.3380  Val F1: 0.3085  ROC-AUC: 0.8038  PR-AUC: 0.2738
[Target-only] Epoch 13/50 – Loss: 0.3301  Val F1: 0.2320  ROC-AUC: 0.7938  PR-AUC: 0.2552
[Target-only] Epoch 14/50 – Loss: 0.3297  Val F1: 0.2970  ROC-AUC: 0.8049  PR-AUC: 0.2765
[Target-only] Epoch 15/50 – Loss: 0.3119  Val F1: 0.2857  ROC-AUC: 0.8041  PR-AUC: 0.2667
[Target-only] Epoch 16/50 – Loss: 0.2953  Val F1: 0.3277  ROC-AUC: 0.8099  PR-AUC: 0.2939
[Target-only] Epoch 17/50 – Loss: 0.2831  Val F1: 0.2743  ROC-AUC: 0.8076  PR-AUC: 0.2776
[Target-only] Epoch 18/50 – Loss: 0.2851  Val F1: 0.3109  ROC-AUC: 0.8129  PR-AUC: 0.2841
[Target-only] Epoch 19/50 – Loss: 0.2791  Val F1: 0.3226  ROC-AUC: 0.8018  PR-AUC: 0.2684
[Target-only] Epoch 20/50 – Loss: 0.2716  Val F1: 0.3546  ROC-AUC: 0.8046  PR-AUC: 0.2786
[Target-only] Epoch 21/50 – Loss: 0.2485  Val F1: 0.3758  ROC-AUC: 0.8177  PR-AUC: 0.2836
[Target-only] Epoch 22/50 – Loss: 0.2240  Val F1: 0.3478  ROC-AUC: 0.8182  PR-AUC: 0.3087
[Target-only] Epoch 23/50 – Loss: 0.2211  Val F1: 0.3556  ROC-AUC: 0.8143  PR-AUC: 0.2772
[Target-only] Epoch 24/50 – Loss: 0.2277  Val F1: 0.3784  ROC-AUC: 0.8074  PR-AUC: 0.2801
[Target-only] Epoch 25/50 – Loss: 0.2110  Val F1: 0.3875  ROC-AUC: 0.8215  PR-AUC: 0.2797
[Target-only] Epoch 26/50 – Loss: 0.2104  Val F1: 0.3436  ROC-AUC: 0.8015  PR-AUC: 0.2651
[Target-only] Epoch 27/50 – Loss: 0.2127  Val F1: 0.3659  ROC-AUC: 0.8101  PR-AUC: 0.2677
[Target-only] Epoch 28/50 – Loss: 0.2044  Val F1: 0.3472  ROC-AUC: 0.8078  PR-AUC: 0.2578
[Target-only] Epoch 29/50 – Loss: 0.1984  Val F1: 0.3550  ROC-AUC: 0.8115  PR-AUC: 0.3006
[Target-only] Epoch 30/50 – Loss: 0.1995  Val F1: 0.3250  ROC-AUC: 0.8081  PR-AUC: 0.2641
[Target-only] Epoch 31/50 – Loss: 0.1873  Val F1: 0.3291  ROC-AUC: 0.8019  PR-AUC: 0.2407
[Target-only] Epoch 32/50 – Loss: 0.1740  Val F1: 0.3709  ROC-AUC: 0.8132  PR-AUC: 0.2672
[Target-only] Epoch 33/50 – Loss: 0.1584  Val F1: 0.3776  ROC-AUC: 0.8097  PR-AUC: 0.2882
[Target-only] Epoch 34/50 – Loss: 0.1701  Val F1: 0.3624  ROC-AUC: 0.8152  PR-AUC: 0.2659
[Target-only] Epoch 35/50 – Loss: 0.1725  Val F1: 0.3694  ROC-AUC: 0.8128  PR-AUC: 0.2664
[Target-only] Epoch 36/50 – Loss: 0.1703  Val F1: 0.3576  ROC-AUC: 0.7980  PR-AUC: 0.2672
[Target-only] Epoch 37/50 – Loss: 0.1696  Val F1: 0.3586  ROC-AUC: 0.8110  PR-AUC: 0.2727
[Target-only] Epoch 38/50 – Loss: 0.1649  Val F1: 0.3649  ROC-AUC: 0.8150  PR-AUC: 0.2892
[Target-only] Epoch 39/50 – Loss: 0.1621  Val F1: 0.3553  ROC-AUC: 0.8075  PR-AUC: 0.2698
[Target-only] Epoch 40/50 – Loss: 0.1623  Val F1: 0.3724  ROC-AUC: 0.8078  PR-AUC: 0.2511
[Target-only] Epoch 41/50 – Loss: 0.1430  Val F1: 0.3688  ROC-AUC: 0.8139  PR-AUC: 0.2832
[Target-only] Epoch 42/50 – Loss: 0.1381  Val F1: 0.3784  ROC-AUC: 0.8089  PR-AUC: 0.2586
[Target-only] Epoch 43/50 – Loss: 0.1374  Val F1: 0.3709  ROC-AUC: 0.8113  PR-AUC: 0.2677
[Target-only] Epoch 44/50 – Loss: 0.1451  Val F1: 0.4028  ROC-AUC: 0.8125  PR-AUC: 0.2819
[Target-only] Epoch 45/50 – Loss: 0.1368  Val F1: 0.3768  ROC-AUC: 0.8083  PR-AUC: 0.2805
[Target-only] Epoch 46/50 – Loss: 0.1531  Val F1: 0.3857  ROC-AUC: 0.8047  PR-AUC: 0.2509
[Target-only] Epoch 47/50 – Loss: 0.1380  Val F1: 0.3836  ROC-AUC: 0.8065  PR-AUC: 0.2492
[Target-only] Epoch 48/50 – Loss: 0.1340  Val F1: 0.3624  ROC-AUC: 0.8104  PR-AUC: 0.2672
[Target-only] Epoch 49/50 – Loss: 0.1407  Val F1: 0.3942  ROC-AUC: 0.8046  PR-AUC: 0.2662
[Target-only] Epoch 50/50 – Loss: 0.1250  Val F1: 0.3506  ROC-AUC: 0.8092  PR-AUC: 0.2707
=== Target-only TEST performance ===
Test F1: 0.2941, ROC-AUC: 0.8070, PR-AUC: 0.2301
✅ 실험 완료: TOX21_ERa_BLA_Antagonist_ratio -> TOX21_ERa_BLA_Antagonist_ch2 [GIN_GCN]
