[1/4] Excel → CSV 변환 중...
Saved pretrain CSV for TOX21_ERa_BLA_Antagonist_ratio: data/sample/TOX21_ERa_BLA_Antagonist_ratio.csv
Saved pretrain CSV for TOX21_ERa_LUC_VM7_Agonist: data/sample/TOX21_ERa_LUC_VM7_Agonist.csv
Saved pretrain CSV for TOX21_ERa_BLA_Antagonist_viability: data/sample/TOX21_ERa_BLA_Antagonist_viability.csv
Saved pretrain CSV for TOX21_ERa_LUC_VM7_Antagonist_0.5nM_E2: data/sample/TOX21_ERa_LUC_VM7_Antagonist_0.5nM_E2.csv
Saved pretrain CSV for TOX21_ERa_BLA_Antagonist_ch2: data/sample/TOX21_ERa_BLA_Antagonist_ch2.csv
Saved pretrain CSV for TOX21_ERa_BLA_Antagonist_ch1: data/sample/TOX21_ERa_BLA_Antagonist_ch1.csv
Saved pretrain CSV for TOX21_ERa_LUC_VM7_Antagonist_0.5nM_E2_viability: data/sample/TOX21_ERa_LUC_VM7_Antagonist_0.5nM_E2_viability.csv
Saved pretrain CSV for TOX21_ERa_BLA_Agonist_ch2: data/sample/TOX21_ERa_BLA_Agonist_ch2.csv
Saved pretrain CSV for TOX21_ERa_BLA_Agonist_ch1: data/sample/TOX21_ERa_BLA_Agonist_ch1.csv
Saved pretrain CSV for TOX21_ERa_BLA_Agonist_ratio: data/sample/TOX21_ERa_BLA_Agonist_ratio.csv
Saved pretrain CSV for TOX21_ERb_BLA_Antagonist_ch1: data/sample/TOX21_ERb_BLA_Antagonist_ch1.csv
Saved pretrain CSV for TOX21_ERb_BLA_Antagonist_ch2: data/sample/TOX21_ERb_BLA_Antagonist_ch2.csv
Saved pretrain CSV for TOX21_ERb_BLA_Agonist_viability: data/sample/TOX21_ERb_BLA_Agonist_viability.csv
Saved pretrain CSV for TOX21_ERb_BLA_Agonist_ratio: data/sample/TOX21_ERb_BLA_Agonist_ratio.csv
Saved pretrain CSV for TOX21_ERb_BLA_Agonist_ch2: data/sample/TOX21_ERb_BLA_Agonist_ch2.csv
Saved pretrain CSV for TOX21_ERb_BLA_Agonist_ch1: data/sample/TOX21_ERb_BLA_Agonist_ch1.csv
Saved pretrain CSV for TOX21_ERR_LUC_Agonist: data/sample/TOX21_ERR_LUC_Agonist.csv
Saved pretrain CSV for TOX21_ERa_LUC_VM7_Agonist_10nM_ICI182780_viability: data/sample/TOX21_ERa_LUC_VM7_Agonist_10nM_ICI182780_viability.csv
Saved pretrain CSV for TOX21_ERa_LUC_VM7_Antagonist_0.1nM_E2: data/sample/TOX21_ERa_LUC_VM7_Antagonist_0.1nM_E2.csv
Saved pretrain CSV for TOX21_ERb_BLA_Antagonist_ratio: data/sample/TOX21_ERb_BLA_Antagonist_ratio.csv
Saved pretrain CSV for TOX21_ERa_LUC_VM7_Agonist_10nM_ICI182780: data/sample/TOX21_ERa_LUC_VM7_Agonist_10nM_ICI182780.csv
Saved pretrain CSV for TOX21_ERR_LUC_viability: data/sample/TOX21_ERR_LUC_viability.csv
Saved pretrain CSV for TOX21_ERR_LUC_Antagonist: data/sample/TOX21_ERR_LUC_Antagonist.csv
Saved pretrain CSV for TOX21_ERa_LUC_VM7_Antagonist_0.1nM_E2_viability: data/sample/TOX21_ERa_LUC_VM7_Antagonist_0.1nM_E2_viability.csv
Saved pretrain CSV for TOX21_ERb_BLA_Antagonist_viability: data/sample/TOX21_ERb_BLA_Antagonist_viability.csv
Saved finetune CSV for TOX21_ERa_BLA_Antagonist_ratio: data/sample/TOX21_ERa_BLA_Antagonist_ratio.csv
Saved finetune CSV for TOX21_ERa_LUC_VM7_Agonist: data/sample/TOX21_ERa_LUC_VM7_Agonist.csv
Saved finetune CSV for TOX21_ERa_BLA_Antagonist_viability: data/sample/TOX21_ERa_BLA_Antagonist_viability.csv
Saved finetune CSV for TOX21_ERa_LUC_VM7_Antagonist_0.5nM_E2: data/sample/TOX21_ERa_LUC_VM7_Antagonist_0.5nM_E2.csv
Saved finetune CSV for TOX21_ERa_BLA_Antagonist_ch2: data/sample/TOX21_ERa_BLA_Antagonist_ch2.csv
Saved finetune CSV for TOX21_ERa_BLA_Antagonist_ch1: data/sample/TOX21_ERa_BLA_Antagonist_ch1.csv
Saved finetune CSV for TOX21_ERa_LUC_VM7_Antagonist_0.5nM_E2_viability: data/sample/TOX21_ERa_LUC_VM7_Antagonist_0.5nM_E2_viability.csv
Saved finetune CSV for TOX21_ERa_BLA_Agonist_ch2: data/sample/TOX21_ERa_BLA_Agonist_ch2.csv
Saved finetune CSV for TOX21_ERa_BLA_Agonist_ch1: data/sample/TOX21_ERa_BLA_Agonist_ch1.csv
Saved finetune CSV for TOX21_ERa_BLA_Agonist_ratio: data/sample/TOX21_ERa_BLA_Agonist_ratio.csv
Saved finetune CSV for TOX21_ERb_BLA_Antagonist_ch1: data/sample/TOX21_ERb_BLA_Antagonist_ch1.csv
Saved finetune CSV for TOX21_ERb_BLA_Antagonist_ch2: data/sample/TOX21_ERb_BLA_Antagonist_ch2.csv
Saved finetune CSV for TOX21_ERb_BLA_Agonist_viability: data/sample/TOX21_ERb_BLA_Agonist_viability.csv
Saved finetune CSV for TOX21_ERb_BLA_Agonist_ratio: data/sample/TOX21_ERb_BLA_Agonist_ratio.csv
Saved finetune CSV for TOX21_ERb_BLA_Agonist_ch2: data/sample/TOX21_ERb_BLA_Agonist_ch2.csv
Saved finetune CSV for TOX21_ERb_BLA_Agonist_ch1: data/sample/TOX21_ERb_BLA_Agonist_ch1.csv
Saved finetune CSV for TOX21_ERR_LUC_Agonist: data/sample/TOX21_ERR_LUC_Agonist.csv
Saved finetune CSV for TOX21_ERa_LUC_VM7_Agonist_10nM_ICI182780_viability: data/sample/TOX21_ERa_LUC_VM7_Agonist_10nM_ICI182780_viability.csv
Saved finetune CSV for TOX21_ERa_LUC_VM7_Antagonist_0.1nM_E2: data/sample/TOX21_ERa_LUC_VM7_Antagonist_0.1nM_E2.csv
Saved finetune CSV for TOX21_ERb_BLA_Antagonist_ratio: data/sample/TOX21_ERb_BLA_Antagonist_ratio.csv
Saved finetune CSV for TOX21_ERa_LUC_VM7_Agonist_10nM_ICI182780: data/sample/TOX21_ERa_LUC_VM7_Agonist_10nM_ICI182780.csv
Saved finetune CSV for TOX21_ERR_LUC_viability: data/sample/TOX21_ERR_LUC_viability.csv
Saved finetune CSV for TOX21_ERR_LUC_Antagonist: data/sample/TOX21_ERR_LUC_Antagonist.csv
Saved finetune CSV for TOX21_ERa_LUC_VM7_Antagonist_0.1nM_E2_viability: data/sample/TOX21_ERa_LUC_VM7_Antagonist_0.1nM_E2_viability.csv
Saved finetune CSV for TOX21_ERb_BLA_Antagonist_viability: data/sample/TOX21_ERb_BLA_Antagonist_viability.csv
[2/4] Pretraining on TOX21_ERa_BLA_Antagonist_ratio using GIN_GCN...
Epoch 1/100 - Loss: 0.6249 - Val F1: 0.3242 - Val ROC-AUC: 0.7123 - Val PR-AUC: 0.2355
Epoch 2/100 - Loss: 0.5848 - Val F1: 0.3341 - Val ROC-AUC: 0.7294 - Val PR-AUC: 0.2546
Epoch 3/100 - Loss: 0.5735 - Val F1: 0.3242 - Val ROC-AUC: 0.7107 - Val PR-AUC: 0.2334
Epoch 4/100 - Loss: 0.5552 - Val F1: 0.2972 - Val ROC-AUC: 0.7280 - Val PR-AUC: 0.2426
Epoch 5/100 - Loss: 0.5444 - Val F1: 0.3347 - Val ROC-AUC: 0.7554 - Val PR-AUC: 0.2774
Epoch 6/100 - Loss: 0.5244 - Val F1: 0.3585 - Val ROC-AUC: 0.7604 - Val PR-AUC: 0.2733
Epoch 7/100 - Loss: 0.5356 - Val F1: 0.3729 - Val ROC-AUC: 0.7765 - Val PR-AUC: 0.2925
Epoch 8/100 - Loss: 0.5129 - Val F1: 0.3655 - Val ROC-AUC: 0.7833 - Val PR-AUC: 0.3114
Epoch 9/100 - Loss: 0.5169 - Val F1: 0.3912 - Val ROC-AUC: 0.7785 - Val PR-AUC: 0.2931
Epoch 10/100 - Loss: 0.5151 - Val F1: 0.3754 - Val ROC-AUC: 0.7672 - Val PR-AUC: 0.2839
Epoch 11/100 - Loss: 0.4808 - Val F1: 0.3810 - Val ROC-AUC: 0.7998 - Val PR-AUC: 0.3300
Epoch 12/100 - Loss: 0.4658 - Val F1: 0.3842 - Val ROC-AUC: 0.7986 - Val PR-AUC: 0.3343
Epoch 13/100 - Loss: 0.4671 - Val F1: 0.4146 - Val ROC-AUC: 0.7875 - Val PR-AUC: 0.3150
Epoch 14/100 - Loss: 0.4668 - Val F1: 0.4075 - Val ROC-AUC: 0.7959 - Val PR-AUC: 0.3264
Epoch 15/100 - Loss: 0.4608 - Val F1: 0.4181 - Val ROC-AUC: 0.7951 - Val PR-AUC: 0.3273
Epoch 16/100 - Loss: 0.4776 - Val F1: 0.4323 - Val ROC-AUC: 0.7891 - Val PR-AUC: 0.3046
Epoch 17/100 - Loss: 0.4498 - Val F1: 0.3946 - Val ROC-AUC: 0.8006 - Val PR-AUC: 0.3243
Epoch 18/100 - Loss: 0.4493 - Val F1: 0.4217 - Val ROC-AUC: 0.8138 - Val PR-AUC: 0.3453
Epoch 19/100 - Loss: 0.4514 - Val F1: 0.4086 - Val ROC-AUC: 0.8000 - Val PR-AUC: 0.3085
Epoch 20/100 - Loss: 0.4169 - Val F1: 0.3744 - Val ROC-AUC: 0.7992 - Val PR-AUC: 0.3278
Epoch 21/100 - Loss: 0.4184 - Val F1: 0.4239 - Val ROC-AUC: 0.8074 - Val PR-AUC: 0.3342
Epoch 22/100 - Loss: 0.4169 - Val F1: 0.3904 - Val ROC-AUC: 0.8015 - Val PR-AUC: 0.3428
Epoch 23/100 - Loss: 0.4043 - Val F1: 0.4337 - Val ROC-AUC: 0.8163 - Val PR-AUC: 0.3479
Epoch 24/100 - Loss: 0.3947 - Val F1: 0.4350 - Val ROC-AUC: 0.8197 - Val PR-AUC: 0.3629
Epoch 25/100 - Loss: 0.3900 - Val F1: 0.4377 - Val ROC-AUC: 0.8220 - Val PR-AUC: 0.3670
Epoch 26/100 - Loss: 0.3996 - Val F1: 0.4132 - Val ROC-AUC: 0.8084 - Val PR-AUC: 0.3345
Epoch 27/100 - Loss: 0.3818 - Val F1: 0.4174 - Val ROC-AUC: 0.8122 - Val PR-AUC: 0.3438
Epoch 28/100 - Loss: 0.3803 - Val F1: 0.3869 - Val ROC-AUC: 0.8080 - Val PR-AUC: 0.3362
Epoch 29/100 - Loss: 0.3905 - Val F1: 0.4011 - Val ROC-AUC: 0.8100 - Val PR-AUC: 0.3266
Epoch 30/100 - Loss: 0.3863 - Val F1: 0.4444 - Val ROC-AUC: 0.8202 - Val PR-AUC: 0.3579
Epoch 31/100 - Loss: 0.3775 - Val F1: 0.4321 - Val ROC-AUC: 0.8264 - Val PR-AUC: 0.3653
Epoch 32/100 - Loss: 0.3696 - Val F1: 0.4187 - Val ROC-AUC: 0.8244 - Val PR-AUC: 0.3627
Epoch 33/100 - Loss: 0.3577 - Val F1: 0.4129 - Val ROC-AUC: 0.8121 - Val PR-AUC: 0.3416
Epoch 34/100 - Loss: 0.3654 - Val F1: 0.4244 - Val ROC-AUC: 0.8261 - Val PR-AUC: 0.3624
Epoch 35/100 - Loss: 0.3542 - Val F1: 0.4140 - Val ROC-AUC: 0.8181 - Val PR-AUC: 0.3539
Epoch 36/100 - Loss: 0.3496 - Val F1: 0.4326 - Val ROC-AUC: 0.8219 - Val PR-AUC: 0.3765
Epoch 37/100 - Loss: 0.3532 - Val F1: 0.4179 - Val ROC-AUC: 0.8068 - Val PR-AUC: 0.3259
Epoch 38/100 - Loss: 0.3473 - Val F1: 0.4142 - Val ROC-AUC: 0.8219 - Val PR-AUC: 0.3625
Epoch 39/100 - Loss: 0.3374 - Val F1: 0.4303 - Val ROC-AUC: 0.8235 - Val PR-AUC: 0.3691
Epoch 40/100 - Loss: 0.3473 - Val F1: 0.4306 - Val ROC-AUC: 0.8287 - Val PR-AUC: 0.3685
Epoch 41/100 - Loss: 0.3448 - Val F1: 0.4224 - Val ROC-AUC: 0.8205 - Val PR-AUC: 0.3528
Epoch 42/100 - Loss: 0.3269 - Val F1: 0.4290 - Val ROC-AUC: 0.8172 - Val PR-AUC: 0.3533
Epoch 43/100 - Loss: 0.3267 - Val F1: 0.4383 - Val ROC-AUC: 0.8174 - Val PR-AUC: 0.3509
Epoch 44/100 - Loss: 0.3208 - Val F1: 0.4392 - Val ROC-AUC: 0.8202 - Val PR-AUC: 0.3506
Epoch 45/100 - Loss: 0.3297 - Val F1: 0.4276 - Val ROC-AUC: 0.8211 - Val PR-AUC: 0.3649
Epoch 46/100 - Loss: 0.3114 - Val F1: 0.4390 - Val ROC-AUC: 0.8207 - Val PR-AUC: 0.3560
Epoch 47/100 - Loss: 0.3263 - Val F1: 0.4377 - Val ROC-AUC: 0.8305 - Val PR-AUC: 0.3753
Epoch 48/100 - Loss: 0.3142 - Val F1: 0.4223 - Val ROC-AUC: 0.8164 - Val PR-AUC: 0.3443
Epoch 49/100 - Loss: 0.3142 - Val F1: 0.4342 - Val ROC-AUC: 0.8195 - Val PR-AUC: 0.3550
Epoch 50/100 - Loss: 0.3142 - Val F1: 0.4144 - Val ROC-AUC: 0.8236 - Val PR-AUC: 0.3591
Epoch 51/100 - Loss: 0.3142 - Val F1: 0.4340 - Val ROC-AUC: 0.8204 - Val PR-AUC: 0.3487
Epoch 52/100 - Loss: 0.2947 - Val F1: 0.4320 - Val ROC-AUC: 0.8205 - Val PR-AUC: 0.3515
Epoch 53/100 - Loss: 0.2982 - Val F1: 0.4309 - Val ROC-AUC: 0.8262 - Val PR-AUC: 0.3674
Epoch 54/100 - Loss: 0.2977 - Val F1: 0.4281 - Val ROC-AUC: 0.8212 - Val PR-AUC: 0.3604
Epoch 55/100 - Loss: 0.3023 - Val F1: 0.4174 - Val ROC-AUC: 0.8203 - Val PR-AUC: 0.3524
Epoch 56/100 - Loss: 0.2969 - Val F1: 0.4235 - Val ROC-AUC: 0.8160 - Val PR-AUC: 0.3499
Epoch 57/100 - Loss: 0.2912 - Val F1: 0.4300 - Val ROC-AUC: 0.8196 - Val PR-AUC: 0.3584
Epoch 58/100 - Loss: 0.3033 - Val F1: 0.4230 - Val ROC-AUC: 0.8170 - Val PR-AUC: 0.3496
Epoch 59/100 - Loss: 0.3073 - Val F1: 0.4354 - Val ROC-AUC: 0.8207 - Val PR-AUC: 0.3557
Epoch 60/100 - Loss: 0.2993 - Val F1: 0.4345 - Val ROC-AUC: 0.8214 - Val PR-AUC: 0.3631
Epoch 61/100 - Loss: 0.2970 - Val F1: 0.4211 - Val ROC-AUC: 0.8194 - Val PR-AUC: 0.3597
Epoch 62/100 - Loss: 0.3037 - Val F1: 0.4149 - Val ROC-AUC: 0.8199 - Val PR-AUC: 0.3594
Epoch 63/100 - Loss: 0.2973 - Val F1: 0.4258 - Val ROC-AUC: 0.8206 - Val PR-AUC: 0.3554
Epoch 64/100 - Loss: 0.2959 - Val F1: 0.4351 - Val ROC-AUC: 0.8231 - Val PR-AUC: 0.3566
Epoch 65/100 - Loss: 0.2930 - Val F1: 0.4188 - Val ROC-AUC: 0.8207 - Val PR-AUC: 0.3537
Epoch 66/100 - Loss: 0.2850 - Val F1: 0.4186 - Val ROC-AUC: 0.8167 - Val PR-AUC: 0.3502
Epoch 67/100 - Loss: 0.2832 - Val F1: 0.4134 - Val ROC-AUC: 0.8214 - Val PR-AUC: 0.3589
Epoch 68/100 - Loss: 0.3001 - Val F1: 0.4268 - Val ROC-AUC: 0.8232 - Val PR-AUC: 0.3582
Epoch 69/100 - Loss: 0.2975 - Val F1: 0.4305 - Val ROC-AUC: 0.8188 - Val PR-AUC: 0.3542
Epoch 70/100 - Loss: 0.2879 - Val F1: 0.4167 - Val ROC-AUC: 0.8233 - Val PR-AUC: 0.3589
Epoch 71/100 - Loss: 0.2908 - Val F1: 0.4201 - Val ROC-AUC: 0.8220 - Val PR-AUC: 0.3537
Epoch 72/100 - Loss: 0.2806 - Val F1: 0.4237 - Val ROC-AUC: 0.8235 - Val PR-AUC: 0.3580
Epoch 73/100 - Loss: 0.2870 - Val F1: 0.4329 - Val ROC-AUC: 0.8247 - Val PR-AUC: 0.3573
Epoch 74/100 - Loss: 0.2835 - Val F1: 0.4272 - Val ROC-AUC: 0.8256 - Val PR-AUC: 0.3632
Epoch 75/100 - Loss: 0.2891 - Val F1: 0.4164 - Val ROC-AUC: 0.8240 - Val PR-AUC: 0.3576
Epoch 76/100 - Loss: 0.2909 - Val F1: 0.4217 - Val ROC-AUC: 0.8240 - Val PR-AUC: 0.3609
Epoch 77/100 - Loss: 0.2810 - Val F1: 0.4227 - Val ROC-AUC: 0.8216 - Val PR-AUC: 0.3520
Epoch 78/100 - Loss: 0.2955 - Val F1: 0.4304 - Val ROC-AUC: 0.8228 - Val PR-AUC: 0.3528
Epoch 79/100 - Loss: 0.2850 - Val F1: 0.4227 - Val ROC-AUC: 0.8237 - Val PR-AUC: 0.3568
Epoch 80/100 - Loss: 0.2939 - Val F1: 0.4295 - Val ROC-AUC: 0.8215 - Val PR-AUC: 0.3565
Epoch 81/100 - Loss: 0.2835 - Val F1: 0.4277 - Val ROC-AUC: 0.8215 - Val PR-AUC: 0.3537
Epoch 82/100 - Loss: 0.2873 - Val F1: 0.4300 - Val ROC-AUC: 0.8226 - Val PR-AUC: 0.3545
Epoch 83/100 - Loss: 0.2870 - Val F1: 0.4244 - Val ROC-AUC: 0.8252 - Val PR-AUC: 0.3589
Epoch 84/100 - Loss: 0.2847 - Val F1: 0.4207 - Val ROC-AUC: 0.8208 - Val PR-AUC: 0.3507
Epoch 85/100 - Loss: 0.2789 - Val F1: 0.4241 - Val ROC-AUC: 0.8221 - Val PR-AUC: 0.3527
Epoch 86/100 - Loss: 0.2879 - Val F1: 0.4217 - Val ROC-AUC: 0.8231 - Val PR-AUC: 0.3533
Epoch 87/100 - Loss: 0.2857 - Val F1: 0.4268 - Val ROC-AUC: 0.8214 - Val PR-AUC: 0.3552
Epoch 88/100 - Loss: 0.2767 - Val F1: 0.4345 - Val ROC-AUC: 0.8213 - Val PR-AUC: 0.3565
Epoch 89/100 - Loss: 0.2733 - Val F1: 0.4385 - Val ROC-AUC: 0.8203 - Val PR-AUC: 0.3531
Epoch 90/100 - Loss: 0.2786 - Val F1: 0.4227 - Val ROC-AUC: 0.8204 - Val PR-AUC: 0.3508
Epoch 91/100 - Loss: 0.2776 - Val F1: 0.4354 - Val ROC-AUC: 0.8197 - Val PR-AUC: 0.3544
Epoch 92/100 - Loss: 0.2849 - Val F1: 0.4172 - Val ROC-AUC: 0.8219 - Val PR-AUC: 0.3514
Epoch 93/100 - Loss: 0.2774 - Val F1: 0.4098 - Val ROC-AUC: 0.8212 - Val PR-AUC: 0.3515
Epoch 94/100 - Loss: 0.2880 - Val F1: 0.4339 - Val ROC-AUC: 0.8204 - Val PR-AUC: 0.3524
Epoch 95/100 - Loss: 0.2867 - Val F1: 0.4273 - Val ROC-AUC: 0.8202 - Val PR-AUC: 0.3466
Epoch 96/100 - Loss: 0.2823 - Val F1: 0.4262 - Val ROC-AUC: 0.8213 - Val PR-AUC: 0.3553
Epoch 97/100 - Loss: 0.2835 - Val F1: 0.4238 - Val ROC-AUC: 0.8173 - Val PR-AUC: 0.3487
Epoch 98/100 - Loss: 0.2770 - Val F1: 0.4281 - Val ROC-AUC: 0.8205 - Val PR-AUC: 0.3460
Epoch 99/100 - Loss: 0.2750 - Val F1: 0.4248 - Val ROC-AUC: 0.8199 - Val PR-AUC: 0.3514
Epoch 100/100 - Loss: 0.2817 - Val F1: 0.4201 - Val ROC-AUC: 0.8232 - Val PR-AUC: 0.3548
Pretraining completed. Test F1: 0.4491, ROC-AUC: 0.7976, PR-AUC: 0.3932
[3/4] Finetuning on TOX21_ERa_LUC_VM7_Agonist using GIN_GCN...
[Fine-tune] Epoch 1/50 - Loss: 0.6923 - Val F1: 0.2664 - Val ROC-AUC: 0.6396 - Val PR-AUC: 0.2677
[Fine-tune] Epoch 2/50 - Loss: 0.6136 - Val F1: 0.2857 - Val ROC-AUC: 0.6722 - Val PR-AUC: 0.3114
[Fine-tune] Epoch 3/50 - Loss: 0.5937 - Val F1: 0.3041 - Val ROC-AUC: 0.6884 - Val PR-AUC: 0.2879
[Fine-tune] Epoch 4/50 - Loss: 0.5740 - Val F1: 0.3090 - Val ROC-AUC: 0.6650 - Val PR-AUC: 0.2363
[Fine-tune] Epoch 5/50 - Loss: 0.5732 - Val F1: 0.3205 - Val ROC-AUC: 0.6624 - Val PR-AUC: 0.3220
[Fine-tune] Epoch 6/50 - Loss: 0.5585 - Val F1: 0.3154 - Val ROC-AUC: 0.6624 - Val PR-AUC: 0.3200
[Fine-tune] Epoch 7/50 - Loss: 0.5406 - Val F1: 0.2880 - Val ROC-AUC: 0.6577 - Val PR-AUC: 0.2867
[Fine-tune] Epoch 8/50 - Loss: 0.5330 - Val F1: 0.3111 - Val ROC-AUC: 0.6662 - Val PR-AUC: 0.2903
[Fine-tune] Epoch 9/50 - Loss: 0.5309 - Val F1: 0.3512 - Val ROC-AUC: 0.6991 - Val PR-AUC: 0.3161
[Fine-tune] Epoch 10/50 - Loss: 0.5119 - Val F1: 0.3343 - Val ROC-AUC: 0.6965 - Val PR-AUC: 0.2938
[Fine-tune] Epoch 11/50 - Loss: 0.4728 - Val F1: 0.3273 - Val ROC-AUC: 0.7048 - Val PR-AUC: 0.3475
[Fine-tune] Epoch 12/50 - Loss: 0.4689 - Val F1: 0.3215 - Val ROC-AUC: 0.7089 - Val PR-AUC: 0.3167
[Fine-tune] Epoch 13/50 - Loss: 0.4511 - Val F1: 0.3448 - Val ROC-AUC: 0.6908 - Val PR-AUC: 0.3386
[Fine-tune] Epoch 14/50 - Loss: 0.4401 - Val F1: 0.3232 - Val ROC-AUC: 0.6725 - Val PR-AUC: 0.3106
[Fine-tune] Epoch 15/50 - Loss: 0.4416 - Val F1: 0.3253 - Val ROC-AUC: 0.6743 - Val PR-AUC: 0.2835
[Fine-tune] Epoch 16/50 - Loss: 0.4289 - Val F1: 0.3490 - Val ROC-AUC: 0.6960 - Val PR-AUC: 0.3103
[Fine-tune] Epoch 17/50 - Loss: 0.4101 - Val F1: 0.3262 - Val ROC-AUC: 0.6923 - Val PR-AUC: 0.3005
[Fine-tune] Epoch 18/50 - Loss: 0.3955 - Val F1: 0.3390 - Val ROC-AUC: 0.6926 - Val PR-AUC: 0.3268
[Fine-tune] Epoch 19/50 - Loss: 0.4046 - Val F1: 0.3385 - Val ROC-AUC: 0.6896 - Val PR-AUC: 0.3164
[Fine-tune] Epoch 20/50 - Loss: 0.3987 - Val F1: 0.3436 - Val ROC-AUC: 0.6843 - Val PR-AUC: 0.2715
[Fine-tune] Epoch 21/50 - Loss: 0.3533 - Val F1: 0.3366 - Val ROC-AUC: 0.6823 - Val PR-AUC: 0.3094
[Fine-tune] Epoch 22/50 - Loss: 0.3500 - Val F1: 0.3755 - Val ROC-AUC: 0.7071 - Val PR-AUC: 0.3250
[Fine-tune] Epoch 23/50 - Loss: 0.3336 - Val F1: 0.3322 - Val ROC-AUC: 0.7079 - Val PR-AUC: 0.3059
[Fine-tune] Epoch 24/50 - Loss: 0.3184 - Val F1: 0.3256 - Val ROC-AUC: 0.7072 - Val PR-AUC: 0.3234
[Fine-tune] Epoch 25/50 - Loss: 0.3213 - Val F1: 0.3194 - Val ROC-AUC: 0.6891 - Val PR-AUC: 0.3054
[Fine-tune] Epoch 26/50 - Loss: 0.3139 - Val F1: 0.3423 - Val ROC-AUC: 0.6946 - Val PR-AUC: 0.3227
[Fine-tune] Epoch 27/50 - Loss: 0.3128 - Val F1: 0.3392 - Val ROC-AUC: 0.6973 - Val PR-AUC: 0.3379
[Fine-tune] Epoch 28/50 - Loss: 0.3006 - Val F1: 0.3400 - Val ROC-AUC: 0.6923 - Val PR-AUC: 0.3080
[Fine-tune] Epoch 29/50 - Loss: 0.2968 - Val F1: 0.3616 - Val ROC-AUC: 0.7135 - Val PR-AUC: 0.3020
[Fine-tune] Epoch 30/50 - Loss: 0.2950 - Val F1: 0.3721 - Val ROC-AUC: 0.7114 - Val PR-AUC: 0.3335
[Fine-tune] Epoch 31/50 - Loss: 0.2754 - Val F1: 0.3475 - Val ROC-AUC: 0.7049 - Val PR-AUC: 0.3302
[Fine-tune] Epoch 32/50 - Loss: 0.2646 - Val F1: 0.3538 - Val ROC-AUC: 0.7097 - Val PR-AUC: 0.3118
[Fine-tune] Epoch 33/50 - Loss: 0.2671 - Val F1: 0.3496 - Val ROC-AUC: 0.7045 - Val PR-AUC: 0.3383
[Fine-tune] Epoch 34/50 - Loss: 0.2406 - Val F1: 0.3636 - Val ROC-AUC: 0.7058 - Val PR-AUC: 0.3248
[Fine-tune] Epoch 35/50 - Loss: 0.2561 - Val F1: 0.3621 - Val ROC-AUC: 0.7010 - Val PR-AUC: 0.3308
[Fine-tune] Epoch 36/50 - Loss: 0.2474 - Val F1: 0.3427 - Val ROC-AUC: 0.7055 - Val PR-AUC: 0.3319
[Fine-tune] Epoch 37/50 - Loss: 0.2396 - Val F1: 0.3438 - Val ROC-AUC: 0.7003 - Val PR-AUC: 0.3467
[Fine-tune] Epoch 38/50 - Loss: 0.2438 - Val F1: 0.3525 - Val ROC-AUC: 0.7046 - Val PR-AUC: 0.3269
[Fine-tune] Epoch 39/50 - Loss: 0.2393 - Val F1: 0.3373 - Val ROC-AUC: 0.6954 - Val PR-AUC: 0.3148
[Fine-tune] Epoch 40/50 - Loss: 0.2252 - Val F1: 0.3422 - Val ROC-AUC: 0.7083 - Val PR-AUC: 0.3095
[Fine-tune] Epoch 41/50 - Loss: 0.2217 - Val F1: 0.3534 - Val ROC-AUC: 0.7124 - Val PR-AUC: 0.3234
[Fine-tune] Epoch 42/50 - Loss: 0.2196 - Val F1: 0.3346 - Val ROC-AUC: 0.7063 - Val PR-AUC: 0.3123
[Fine-tune] Epoch 43/50 - Loss: 0.2257 - Val F1: 0.3417 - Val ROC-AUC: 0.6986 - Val PR-AUC: 0.3082
[Fine-tune] Epoch 44/50 - Loss: 0.2162 - Val F1: 0.3602 - Val ROC-AUC: 0.7036 - Val PR-AUC: 0.3138
[Fine-tune] Epoch 45/50 - Loss: 0.2139 - Val F1: 0.3506 - Val ROC-AUC: 0.7030 - Val PR-AUC: 0.3228
[Fine-tune] Epoch 46/50 - Loss: 0.2143 - Val F1: 0.3529 - Val ROC-AUC: 0.7047 - Val PR-AUC: 0.3214
[Fine-tune] Epoch 47/50 - Loss: 0.2127 - Val F1: 0.3614 - Val ROC-AUC: 0.7017 - Val PR-AUC: 0.3314
[Fine-tune] Epoch 48/50 - Loss: 0.2125 - Val F1: 0.3373 - Val ROC-AUC: 0.7012 - Val PR-AUC: 0.3146
[Fine-tune] Epoch 49/50 - Loss: 0.2079 - Val F1: 0.3454 - Val ROC-AUC: 0.7012 - Val PR-AUC: 0.2989
[Fine-tune] Epoch 50/50 - Loss: 0.2042 - Val F1: 0.3457 - Val ROC-AUC: 0.7058 - Val PR-AUC: 0.3071
Finetuning completed. Test F1: 0.3510, ROC-AUC: 0.6622, PR-AUC: 0.3427
[3.1/4] Target-only training on TOX21_ERa_LUC_VM7_Agonist using GIN_GCN...
=== Target-only training ===
[Target-only] Epoch 1/50 – Loss: 0.6654  Val F1: 0.2516  ROC-AUC: 0.6416  PR-AUC: 0.2392
[Target-only] Epoch 2/50 – Loss: 0.6486  Val F1: 0.2694  ROC-AUC: 0.6201  PR-AUC: 0.2303
[Target-only] Epoch 3/50 – Loss: 0.6421  Val F1: 0.2754  ROC-AUC: 0.6623  PR-AUC: 0.2881
[Target-only] Epoch 4/50 – Loss: 0.6259  Val F1: 0.2963  ROC-AUC: 0.6607  PR-AUC: 0.2757
[Target-only] Epoch 5/50 – Loss: 0.6144  Val F1: 0.2775  ROC-AUC: 0.6574  PR-AUC: 0.2261
[Target-only] Epoch 6/50 – Loss: 0.6097  Val F1: 0.2838  ROC-AUC: 0.6340  PR-AUC: 0.2467
[Target-only] Epoch 7/50 – Loss: 0.6057  Val F1: 0.2951  ROC-AUC: 0.6687  PR-AUC: 0.2860
[Target-only] Epoch 8/50 – Loss: 0.6098  Val F1: 0.2931  ROC-AUC: 0.6743  PR-AUC: 0.2634
[Target-only] Epoch 9/50 – Loss: 0.6004  Val F1: 0.2963  ROC-AUC: 0.6833  PR-AUC: 0.2550
[Target-only] Epoch 10/50 – Loss: 0.5848  Val F1: 0.2857  ROC-AUC: 0.6595  PR-AUC: 0.2996
[Target-only] Epoch 11/50 – Loss: 0.5815  Val F1: 0.3146  ROC-AUC: 0.6927  PR-AUC: 0.3113
[Target-only] Epoch 12/50 – Loss: 0.5695  Val F1: 0.3116  ROC-AUC: 0.6590  PR-AUC: 0.2997
[Target-only] Epoch 13/50 – Loss: 0.5634  Val F1: 0.2851  ROC-AUC: 0.6880  PR-AUC: 0.3236
[Target-only] Epoch 14/50 – Loss: 0.5622  Val F1: 0.3006  ROC-AUC: 0.6918  PR-AUC: 0.3182
[Target-only] Epoch 15/50 – Loss: 0.5535  Val F1: 0.2979  ROC-AUC: 0.6734  PR-AUC: 0.3037
[Target-only] Epoch 16/50 – Loss: 0.5433  Val F1: 0.3500  ROC-AUC: 0.6995  PR-AUC: 0.3355
[Target-only] Epoch 17/50 – Loss: 0.5394  Val F1: 0.2997  ROC-AUC: 0.6830  PR-AUC: 0.3388
[Target-only] Epoch 18/50 – Loss: 0.5433  Val F1: 0.2769  ROC-AUC: 0.6692  PR-AUC: 0.2783
[Target-only] Epoch 19/50 – Loss: 0.5246  Val F1: 0.3400  ROC-AUC: 0.6943  PR-AUC: 0.3176
[Target-only] Epoch 20/50 – Loss: 0.5327  Val F1: 0.2566  ROC-AUC: 0.6530  PR-AUC: 0.2958
[Target-only] Epoch 21/50 – Loss: 0.5078  Val F1: 0.3458  ROC-AUC: 0.6890  PR-AUC: 0.3377
[Target-only] Epoch 22/50 – Loss: 0.5052  Val F1: 0.3203  ROC-AUC: 0.6820  PR-AUC: 0.3167
[Target-only] Epoch 23/50 – Loss: 0.4934  Val F1: 0.3333  ROC-AUC: 0.6960  PR-AUC: 0.3033
[Target-only] Epoch 24/50 – Loss: 0.4804  Val F1: 0.3064  ROC-AUC: 0.6814  PR-AUC: 0.2874
[Target-only] Epoch 25/50 – Loss: 0.4862  Val F1: 0.3302  ROC-AUC: 0.6812  PR-AUC: 0.3365
[Target-only] Epoch 26/50 – Loss: 0.4814  Val F1: 0.3170  ROC-AUC: 0.6853  PR-AUC: 0.3082
[Target-only] Epoch 27/50 – Loss: 0.4788  Val F1: 0.3249  ROC-AUC: 0.6877  PR-AUC: 0.3278
[Target-only] Epoch 28/50 – Loss: 0.4670  Val F1: 0.3247  ROC-AUC: 0.6780  PR-AUC: 0.3329
[Target-only] Epoch 29/50 – Loss: 0.4710  Val F1: 0.3250  ROC-AUC: 0.6768  PR-AUC: 0.2940
[Target-only] Epoch 30/50 – Loss: 0.4524  Val F1: 0.3344  ROC-AUC: 0.6739  PR-AUC: 0.3344
[Target-only] Epoch 31/50 – Loss: 0.4600  Val F1: 0.3119  ROC-AUC: 0.6665  PR-AUC: 0.2844
[Target-only] Epoch 32/50 – Loss: 0.4383  Val F1: 0.3223  ROC-AUC: 0.6746  PR-AUC: 0.3043
[Target-only] Epoch 33/50 – Loss: 0.4387  Val F1: 0.3097  ROC-AUC: 0.6714  PR-AUC: 0.3125
[Target-only] Epoch 34/50 – Loss: 0.4295  Val F1: 0.2922  ROC-AUC: 0.6700  PR-AUC: 0.3098
[Target-only] Epoch 35/50 – Loss: 0.4279  Val F1: 0.3020  ROC-AUC: 0.6707  PR-AUC: 0.3271
[Target-only] Epoch 36/50 – Loss: 0.4316  Val F1: 0.3151  ROC-AUC: 0.6757  PR-AUC: 0.3096
[Target-only] Epoch 37/50 – Loss: 0.4288  Val F1: 0.3179  ROC-AUC: 0.6693  PR-AUC: 0.2938
[Target-only] Epoch 38/50 – Loss: 0.4258  Val F1: 0.3092  ROC-AUC: 0.6823  PR-AUC: 0.3019
[Target-only] Epoch 39/50 – Loss: 0.4195  Val F1: 0.3407  ROC-AUC: 0.6816  PR-AUC: 0.3118
[Target-only] Epoch 40/50 – Loss: 0.4122  Val F1: 0.3189  ROC-AUC: 0.6775  PR-AUC: 0.3120
[Target-only] Epoch 41/50 – Loss: 0.4126  Val F1: 0.3144  ROC-AUC: 0.6759  PR-AUC: 0.2921
[Target-only] Epoch 42/50 – Loss: 0.4040  Val F1: 0.3453  ROC-AUC: 0.6820  PR-AUC: 0.3122
[Target-only] Epoch 43/50 – Loss: 0.3916  Val F1: 0.3154  ROC-AUC: 0.6774  PR-AUC: 0.2842
[Target-only] Epoch 44/50 – Loss: 0.3942  Val F1: 0.3020  ROC-AUC: 0.6742  PR-AUC: 0.3012
[Target-only] Epoch 45/50 – Loss: 0.3955  Val F1: 0.3287  ROC-AUC: 0.6770  PR-AUC: 0.2967
[Target-only] Epoch 46/50 – Loss: 0.3828  Val F1: 0.3170  ROC-AUC: 0.6765  PR-AUC: 0.2940
[Target-only] Epoch 47/50 – Loss: 0.3872  Val F1: 0.3217  ROC-AUC: 0.6757  PR-AUC: 0.2813
[Target-only] Epoch 48/50 – Loss: 0.3907  Val F1: 0.3215  ROC-AUC: 0.6848  PR-AUC: 0.3022
[Target-only] Epoch 49/50 – Loss: 0.3913  Val F1: 0.3154  ROC-AUC: 0.6698  PR-AUC: 0.2840
[Target-only] Epoch 50/50 – Loss: 0.3737  Val F1: 0.3221  ROC-AUC: 0.6723  PR-AUC: 0.3058
=== Target-only TEST performance ===
Test F1: 0.3132, ROC-AUC: 0.6451, PR-AUC: 0.3380
✅ 실험 완료: TOX21_ERa_BLA_Antagonist_ratio -> TOX21_ERa_LUC_VM7_Agonist [GIN_GCN]
