[11:21:44] Can't kekulize mol.  Unkekulized atoms: 1 2 3 4 5
[11:21:45] Explicit valence for atom # 0 Cl, 2, is greater than permitted
[11:21:46] Can't kekulize mol.  Unkekulized atoms: 3 4 5 6 7
[11:21:46] Can't kekulize mol.  Unkekulized atoms: 3 4 5 6 7
[11:21:47] WARNING: not removing hydrogen atom without neighbors
[11:21:48] Explicit valence for atom # 3 Si, 8, is greater than permitted
[11:21:49] Can't kekulize mol.  Unkekulized atoms: 1 2 3 4 5
[11:21:49] Can't kekulize mol.  Unkekulized atoms: 3 4 5 6 7
[11:21:49] Can't kekulize mol.  Unkekulized atoms: 1 2 3 4 5
[11:21:49] WARNING: not removing hydrogen atom without neighbors
[11:21:50] Can't kekulize mol.  Unkekulized atoms: 1 2 3 4 5
[11:21:50] Explicit valence for atom # 6 O, 3, is greater than permitted
[11:21:50] Explicit valence for atom # 3 Si, 8, is greater than permitted
[11:21:50] Explicit valence for atom # 0 Cl, 2, is greater than permitted
[11:24:19] Can't kekulize mol.  Unkekulized atoms: 1 2 3 4 5
[11:24:20] Explicit valence for atom # 0 Cl, 2, is greater than permitted
[11:24:20] Can't kekulize mol.  Unkekulized atoms: 3 4 5 6 7
[11:24:21] Can't kekulize mol.  Unkekulized atoms: 3 4 5 6 7
[11:24:23] Can't kekulize mol.  Unkekulized atoms: 1 2 3 4 5
[11:24:23] Can't kekulize mol.  Unkekulized atoms: 3 4 5 6 7
[11:24:24] Can't kekulize mol.  Unkekulized atoms: 1 2 3 4 5
[11:24:24] WARNING: not removing hydrogen atom without neighbors
[11:24:24] Can't kekulize mol.  Unkekulized atoms: 1 2 3 4 5
[11:24:24] Explicit valence for atom # 6 O, 3, is greater than permitted
[11:24:24] Explicit valence for atom # 3 Si, 8, is greater than permitted
[11:24:25] Explicit valence for atom # 0 Cl, 2, is greater than permitted
[11:25:40] Can't kekulize mol.  Unkekulized atoms: 1 2 3 4 5
[11:25:40] Explicit valence for atom # 0 Cl, 2, is greater than permitted
[11:25:41] Can't kekulize mol.  Unkekulized atoms: 3 4 5 6 7
[11:25:41] Can't kekulize mol.  Unkekulized atoms: 3 4 5 6 7
[11:25:44] Can't kekulize mol.  Unkekulized atoms: 1 2 3 4 5
[11:25:44] Can't kekulize mol.  Unkekulized atoms: 3 4 5 6 7
[11:25:44] Can't kekulize mol.  Unkekulized atoms: 1 2 3 4 5
[11:25:44] WARNING: not removing hydrogen atom without neighbors
[11:25:45] Can't kekulize mol.  Unkekulized atoms: 1 2 3 4 5
[11:25:45] Explicit valence for atom # 6 O, 3, is greater than permitted
[11:25:45] Explicit valence for atom # 3 Si, 8, is greater than permitted
[11:25:45] Explicit valence for atom # 0 Cl, 2, is greater than permitted
