[1/4] Excel → CSV 변환 중...
Saved pretrain CSV for TOX21_ERa_BLA_Antagonist_ratio: data/sample/TOX21_ERa_BLA_Antagonist_ratio.csv
Saved pretrain CSV for TOX21_ERa_LUC_VM7_Agonist: data/sample/TOX21_ERa_LUC_VM7_Agonist.csv
Saved pretrain CSV for TOX21_ERa_BLA_Antagonist_viability: data/sample/TOX21_ERa_BLA_Antagonist_viability.csv
Saved pretrain CSV for TOX21_ERa_LUC_VM7_Antagonist_0.5nM_E2: data/sample/TOX21_ERa_LUC_VM7_Antagonist_0.5nM_E2.csv
Saved pretrain CSV for TOX21_ERa_BLA_Antagonist_ch2: data/sample/TOX21_ERa_BLA_Antagonist_ch2.csv
Saved pretrain CSV for TOX21_ERa_BLA_Antagonist_ch1: data/sample/TOX21_ERa_BLA_Antagonist_ch1.csv
Saved pretrain CSV for TOX21_ERa_LUC_VM7_Antagonist_0.5nM_E2_viability: data/sample/TOX21_ERa_LUC_VM7_Antagonist_0.5nM_E2_viability.csv
Saved pretrain CSV for TOX21_ERa_BLA_Agonist_ch2: data/sample/TOX21_ERa_BLA_Agonist_ch2.csv
Saved pretrain CSV for TOX21_ERa_BLA_Agonist_ch1: data/sample/TOX21_ERa_BLA_Agonist_ch1.csv
Saved pretrain CSV for TOX21_ERa_BLA_Agonist_ratio: data/sample/TOX21_ERa_BLA_Agonist_ratio.csv
Saved pretrain CSV for TOX21_ERb_BLA_Antagonist_ch1: data/sample/TOX21_ERb_BLA_Antagonist_ch1.csv
Saved pretrain CSV for TOX21_ERb_BLA_Antagonist_ch2: data/sample/TOX21_ERb_BLA_Antagonist_ch2.csv
Saved pretrain CSV for TOX21_ERb_BLA_Agonist_viability: data/sample/TOX21_ERb_BLA_Agonist_viability.csv
Saved pretrain CSV for TOX21_ERb_BLA_Agonist_ratio: data/sample/TOX21_ERb_BLA_Agonist_ratio.csv
Saved pretrain CSV for TOX21_ERb_BLA_Agonist_ch2: data/sample/TOX21_ERb_BLA_Agonist_ch2.csv
Saved pretrain CSV for TOX21_ERb_BLA_Agonist_ch1: data/sample/TOX21_ERb_BLA_Agonist_ch1.csv
Saved pretrain CSV for TOX21_ERR_LUC_Agonist: data/sample/TOX21_ERR_LUC_Agonist.csv
Saved pretrain CSV for TOX21_ERa_LUC_VM7_Agonist_10nM_ICI182780_viability: data/sample/TOX21_ERa_LUC_VM7_Agonist_10nM_ICI182780_viability.csv
Saved pretrain CSV for TOX21_ERa_LUC_VM7_Antagonist_0.1nM_E2: data/sample/TOX21_ERa_LUC_VM7_Antagonist_0.1nM_E2.csv
Saved pretrain CSV for TOX21_ERb_BLA_Antagonist_ratio: data/sample/TOX21_ERb_BLA_Antagonist_ratio.csv
Saved pretrain CSV for TOX21_ERa_LUC_VM7_Agonist_10nM_ICI182780: data/sample/TOX21_ERa_LUC_VM7_Agonist_10nM_ICI182780.csv
Saved pretrain CSV for TOX21_ERR_LUC_viability: data/sample/TOX21_ERR_LUC_viability.csv
Saved pretrain CSV for TOX21_ERR_LUC_Antagonist: data/sample/TOX21_ERR_LUC_Antagonist.csv
Saved pretrain CSV for TOX21_ERa_LUC_VM7_Antagonist_0.1nM_E2_viability: data/sample/TOX21_ERa_LUC_VM7_Antagonist_0.1nM_E2_viability.csv
Saved pretrain CSV for TOX21_ERb_BLA_Antagonist_viability: data/sample/TOX21_ERb_BLA_Antagonist_viability.csv
Saved finetune CSV for TOX21_ERa_BLA_Antagonist_ratio: data/sample/TOX21_ERa_BLA_Antagonist_ratio.csv
Saved finetune CSV for TOX21_ERa_LUC_VM7_Agonist: data/sample/TOX21_ERa_LUC_VM7_Agonist.csv
Saved finetune CSV for TOX21_ERa_BLA_Antagonist_viability: data/sample/TOX21_ERa_BLA_Antagonist_viability.csv
Saved finetune CSV for TOX21_ERa_LUC_VM7_Antagonist_0.5nM_E2: data/sample/TOX21_ERa_LUC_VM7_Antagonist_0.5nM_E2.csv
Saved finetune CSV for TOX21_ERa_BLA_Antagonist_ch2: data/sample/TOX21_ERa_BLA_Antagonist_ch2.csv
Saved finetune CSV for TOX21_ERa_BLA_Antagonist_ch1: data/sample/TOX21_ERa_BLA_Antagonist_ch1.csv
Saved finetune CSV for TOX21_ERa_LUC_VM7_Antagonist_0.5nM_E2_viability: data/sample/TOX21_ERa_LUC_VM7_Antagonist_0.5nM_E2_viability.csv
Saved finetune CSV for TOX21_ERa_BLA_Agonist_ch2: data/sample/TOX21_ERa_BLA_Agonist_ch2.csv
Saved finetune CSV for TOX21_ERa_BLA_Agonist_ch1: data/sample/TOX21_ERa_BLA_Agonist_ch1.csv
Saved finetune CSV for TOX21_ERa_BLA_Agonist_ratio: data/sample/TOX21_ERa_BLA_Agonist_ratio.csv
Saved finetune CSV for TOX21_ERb_BLA_Antagonist_ch1: data/sample/TOX21_ERb_BLA_Antagonist_ch1.csv
Saved finetune CSV for TOX21_ERb_BLA_Antagonist_ch2: data/sample/TOX21_ERb_BLA_Antagonist_ch2.csv
Saved finetune CSV for TOX21_ERb_BLA_Agonist_viability: data/sample/TOX21_ERb_BLA_Agonist_viability.csv
Saved finetune CSV for TOX21_ERb_BLA_Agonist_ratio: data/sample/TOX21_ERb_BLA_Agonist_ratio.csv
Saved finetune CSV for TOX21_ERb_BLA_Agonist_ch2: data/sample/TOX21_ERb_BLA_Agonist_ch2.csv
Saved finetune CSV for TOX21_ERb_BLA_Agonist_ch1: data/sample/TOX21_ERb_BLA_Agonist_ch1.csv
Saved finetune CSV for TOX21_ERR_LUC_Agonist: data/sample/TOX21_ERR_LUC_Agonist.csv
Saved finetune CSV for TOX21_ERa_LUC_VM7_Agonist_10nM_ICI182780_viability: data/sample/TOX21_ERa_LUC_VM7_Agonist_10nM_ICI182780_viability.csv
Saved finetune CSV for TOX21_ERa_LUC_VM7_Antagonist_0.1nM_E2: data/sample/TOX21_ERa_LUC_VM7_Antagonist_0.1nM_E2.csv
Saved finetune CSV for TOX21_ERb_BLA_Antagonist_ratio: data/sample/TOX21_ERb_BLA_Antagonist_ratio.csv
Saved finetune CSV for TOX21_ERa_LUC_VM7_Agonist_10nM_ICI182780: data/sample/TOX21_ERa_LUC_VM7_Agonist_10nM_ICI182780.csv
Saved finetune CSV for TOX21_ERR_LUC_viability: data/sample/TOX21_ERR_LUC_viability.csv
Saved finetune CSV for TOX21_ERR_LUC_Antagonist: data/sample/TOX21_ERR_LUC_Antagonist.csv
Saved finetune CSV for TOX21_ERa_LUC_VM7_Antagonist_0.1nM_E2_viability: data/sample/TOX21_ERa_LUC_VM7_Antagonist_0.1nM_E2_viability.csv
Saved finetune CSV for TOX21_ERb_BLA_Antagonist_viability: data/sample/TOX21_ERb_BLA_Antagonist_viability.csv
[2/4] Pretraining on TOX21_ERa_LUC_VM7_Agonist using GIN_GCN...
Epoch 1/100 - Loss: 0.6704 - Val F1: 0.2479 - Val ROC-AUC: 0.6230 - Val PR-AUC: 0.2028
Epoch 2/100 - Loss: 0.6528 - Val F1: 0.2801 - Val ROC-AUC: 0.6670 - Val PR-AUC: 0.2605
Epoch 3/100 - Loss: 0.6342 - Val F1: 0.2537 - Val ROC-AUC: 0.6268 - Val PR-AUC: 0.2444
Epoch 4/100 - Loss: 0.6239 - Val F1: 0.2792 - Val ROC-AUC: 0.6749 - Val PR-AUC: 0.2784
Epoch 5/100 - Loss: 0.6199 - Val F1: 0.2597 - Val ROC-AUC: 0.6462 - Val PR-AUC: 0.2350
Epoch 6/100 - Loss: 0.6235 - Val F1: 0.2669 - Val ROC-AUC: 0.6653 - Val PR-AUC: 0.2839
Epoch 7/100 - Loss: 0.6087 - Val F1: 0.2988 - Val ROC-AUC: 0.6861 - Val PR-AUC: 0.3148
Epoch 8/100 - Loss: 0.5972 - Val F1: 0.3098 - Val ROC-AUC: 0.6848 - Val PR-AUC: 0.2952
Epoch 9/100 - Loss: 0.6043 - Val F1: 0.2935 - Val ROC-AUC: 0.6837 - Val PR-AUC: 0.2893
Epoch 10/100 - Loss: 0.5846 - Val F1: 0.3200 - Val ROC-AUC: 0.6914 - Val PR-AUC: 0.2960
Epoch 11/100 - Loss: 0.5791 - Val F1: 0.2992 - Val ROC-AUC: 0.6792 - Val PR-AUC: 0.2956
Epoch 12/100 - Loss: 0.5671 - Val F1: 0.3085 - Val ROC-AUC: 0.7017 - Val PR-AUC: 0.3251
Epoch 13/100 - Loss: 0.5585 - Val F1: 0.3172 - Val ROC-AUC: 0.6898 - Val PR-AUC: 0.2958
Epoch 14/100 - Loss: 0.5728 - Val F1: 0.3188 - Val ROC-AUC: 0.6919 - Val PR-AUC: 0.3262
Epoch 15/100 - Loss: 0.5545 - Val F1: 0.3096 - Val ROC-AUC: 0.6760 - Val PR-AUC: 0.3292
Epoch 16/100 - Loss: 0.5533 - Val F1: 0.3269 - Val ROC-AUC: 0.6689 - Val PR-AUC: 0.2894
Epoch 17/100 - Loss: 0.5418 - Val F1: 0.3158 - Val ROC-AUC: 0.6719 - Val PR-AUC: 0.3292
Epoch 18/100 - Loss: 0.5420 - Val F1: 0.3312 - Val ROC-AUC: 0.7009 - Val PR-AUC: 0.3301
Epoch 19/100 - Loss: 0.5368 - Val F1: 0.2890 - Val ROC-AUC: 0.6875 - Val PR-AUC: 0.3436
Epoch 20/100 - Loss: 0.5376 - Val F1: 0.3125 - Val ROC-AUC: 0.6651 - Val PR-AUC: 0.3231
Epoch 21/100 - Loss: 0.5102 - Val F1: 0.3381 - Val ROC-AUC: 0.6808 - Val PR-AUC: 0.3462
Epoch 22/100 - Loss: 0.5132 - Val F1: 0.3130 - Val ROC-AUC: 0.6866 - Val PR-AUC: 0.3498
Epoch 23/100 - Loss: 0.5053 - Val F1: 0.2983 - Val ROC-AUC: 0.6726 - Val PR-AUC: 0.3278
Epoch 24/100 - Loss: 0.4962 - Val F1: 0.3011 - Val ROC-AUC: 0.6670 - Val PR-AUC: 0.3540
Epoch 25/100 - Loss: 0.5013 - Val F1: 0.3082 - Val ROC-AUC: 0.6690 - Val PR-AUC: 0.3443
Epoch 26/100 - Loss: 0.4814 - Val F1: 0.3012 - Val ROC-AUC: 0.6734 - Val PR-AUC: 0.3299
Epoch 27/100 - Loss: 0.4767 - Val F1: 0.3095 - Val ROC-AUC: 0.6757 - Val PR-AUC: 0.3308
Epoch 28/100 - Loss: 0.4630 - Val F1: 0.3191 - Val ROC-AUC: 0.6824 - Val PR-AUC: 0.3305
Epoch 29/100 - Loss: 0.4667 - Val F1: 0.3209 - Val ROC-AUC: 0.6805 - Val PR-AUC: 0.3608
Epoch 30/100 - Loss: 0.4626 - Val F1: 0.3120 - Val ROC-AUC: 0.6800 - Val PR-AUC: 0.3427
Epoch 31/100 - Loss: 0.4445 - Val F1: 0.2919 - Val ROC-AUC: 0.6694 - Val PR-AUC: 0.3473
Epoch 32/100 - Loss: 0.4397 - Val F1: 0.3165 - Val ROC-AUC: 0.6680 - Val PR-AUC: 0.3282
Epoch 33/100 - Loss: 0.4390 - Val F1: 0.3192 - Val ROC-AUC: 0.6723 - Val PR-AUC: 0.3365
Epoch 34/100 - Loss: 0.4341 - Val F1: 0.3050 - Val ROC-AUC: 0.6700 - Val PR-AUC: 0.3129
Epoch 35/100 - Loss: 0.4210 - Val F1: 0.3158 - Val ROC-AUC: 0.6718 - Val PR-AUC: 0.3266
Epoch 36/100 - Loss: 0.4320 - Val F1: 0.3142 - Val ROC-AUC: 0.6662 - Val PR-AUC: 0.3289
Epoch 37/100 - Loss: 0.4116 - Val F1: 0.3107 - Val ROC-AUC: 0.6655 - Val PR-AUC: 0.3200
Epoch 38/100 - Loss: 0.4107 - Val F1: 0.3100 - Val ROC-AUC: 0.6694 - Val PR-AUC: 0.3403
Epoch 39/100 - Loss: 0.4070 - Val F1: 0.2946 - Val ROC-AUC: 0.6619 - Val PR-AUC: 0.3351
Epoch 40/100 - Loss: 0.4022 - Val F1: 0.3265 - Val ROC-AUC: 0.6742 - Val PR-AUC: 0.3246
Epoch 41/100 - Loss: 0.3880 - Val F1: 0.3183 - Val ROC-AUC: 0.6685 - Val PR-AUC: 0.3408
Epoch 42/100 - Loss: 0.3941 - Val F1: 0.3265 - Val ROC-AUC: 0.6667 - Val PR-AUC: 0.3341
Epoch 43/100 - Loss: 0.3734 - Val F1: 0.3004 - Val ROC-AUC: 0.6583 - Val PR-AUC: 0.3245
Epoch 44/100 - Loss: 0.3764 - Val F1: 0.2997 - Val ROC-AUC: 0.6577 - Val PR-AUC: 0.3249
Epoch 45/100 - Loss: 0.3764 - Val F1: 0.3063 - Val ROC-AUC: 0.6597 - Val PR-AUC: 0.3311
Epoch 46/100 - Loss: 0.3690 - Val F1: 0.3125 - Val ROC-AUC: 0.6680 - Val PR-AUC: 0.3332
Epoch 47/100 - Loss: 0.3797 - Val F1: 0.2970 - Val ROC-AUC: 0.6615 - Val PR-AUC: 0.3303
Epoch 48/100 - Loss: 0.3637 - Val F1: 0.3107 - Val ROC-AUC: 0.6625 - Val PR-AUC: 0.3487
Epoch 49/100 - Loss: 0.3708 - Val F1: 0.3189 - Val ROC-AUC: 0.6615 - Val PR-AUC: 0.3266
Epoch 50/100 - Loss: 0.3573 - Val F1: 0.3142 - Val ROC-AUC: 0.6570 - Val PR-AUC: 0.3249
Epoch 51/100 - Loss: 0.3514 - Val F1: 0.3133 - Val ROC-AUC: 0.6575 - Val PR-AUC: 0.3332
Epoch 52/100 - Loss: 0.3572 - Val F1: 0.3147 - Val ROC-AUC: 0.6607 - Val PR-AUC: 0.3395
Epoch 53/100 - Loss: 0.3477 - Val F1: 0.3185 - Val ROC-AUC: 0.6618 - Val PR-AUC: 0.3297
Epoch 54/100 - Loss: 0.3528 - Val F1: 0.3284 - Val ROC-AUC: 0.6653 - Val PR-AUC: 0.3448
Epoch 55/100 - Loss: 0.3487 - Val F1: 0.3000 - Val ROC-AUC: 0.6633 - Val PR-AUC: 0.3383
Epoch 56/100 - Loss: 0.3477 - Val F1: 0.3110 - Val ROC-AUC: 0.6586 - Val PR-AUC: 0.3358
Epoch 57/100 - Loss: 0.3390 - Val F1: 0.3077 - Val ROC-AUC: 0.6628 - Val PR-AUC: 0.3263
Epoch 58/100 - Loss: 0.3416 - Val F1: 0.3129 - Val ROC-AUC: 0.6571 - Val PR-AUC: 0.3244
Epoch 59/100 - Loss: 0.3525 - Val F1: 0.3147 - Val ROC-AUC: 0.6539 - Val PR-AUC: 0.3206
Epoch 60/100 - Loss: 0.3483 - Val F1: 0.3219 - Val ROC-AUC: 0.6628 - Val PR-AUC: 0.3225
Epoch 61/100 - Loss: 0.3277 - Val F1: 0.3243 - Val ROC-AUC: 0.6631 - Val PR-AUC: 0.3358
Epoch 62/100 - Loss: 0.3414 - Val F1: 0.3230 - Val ROC-AUC: 0.6663 - Val PR-AUC: 0.3327
Epoch 63/100 - Loss: 0.3392 - Val F1: 0.3333 - Val ROC-AUC: 0.6651 - Val PR-AUC: 0.3250
Epoch 64/100 - Loss: 0.3397 - Val F1: 0.3147 - Val ROC-AUC: 0.6635 - Val PR-AUC: 0.3271
Epoch 65/100 - Loss: 0.3401 - Val F1: 0.3226 - Val ROC-AUC: 0.6626 - Val PR-AUC: 0.3320
Epoch 66/100 - Loss: 0.3379 - Val F1: 0.3102 - Val ROC-AUC: 0.6600 - Val PR-AUC: 0.3268
Epoch 67/100 - Loss: 0.3195 - Val F1: 0.3172 - Val ROC-AUC: 0.6606 - Val PR-AUC: 0.3231
Epoch 68/100 - Loss: 0.3309 - Val F1: 0.3208 - Val ROC-AUC: 0.6619 - Val PR-AUC: 0.3300
Epoch 69/100 - Loss: 0.3365 - Val F1: 0.3180 - Val ROC-AUC: 0.6594 - Val PR-AUC: 0.3275
Epoch 70/100 - Loss: 0.3270 - Val F1: 0.3251 - Val ROC-AUC: 0.6630 - Val PR-AUC: 0.3297
Epoch 71/100 - Loss: 0.3227 - Val F1: 0.3162 - Val ROC-AUC: 0.6598 - Val PR-AUC: 0.3278
Epoch 72/100 - Loss: 0.3270 - Val F1: 0.3309 - Val ROC-AUC: 0.6641 - Val PR-AUC: 0.3304
Epoch 73/100 - Loss: 0.3394 - Val F1: 0.3228 - Val ROC-AUC: 0.6637 - Val PR-AUC: 0.3259
Epoch 74/100 - Loss: 0.3083 - Val F1: 0.3273 - Val ROC-AUC: 0.6624 - Val PR-AUC: 0.3308
Epoch 75/100 - Loss: 0.3306 - Val F1: 0.3194 - Val ROC-AUC: 0.6629 - Val PR-AUC: 0.3312
Epoch 76/100 - Loss: 0.3314 - Val F1: 0.3223 - Val ROC-AUC: 0.6643 - Val PR-AUC: 0.3287
Epoch 77/100 - Loss: 0.3332 - Val F1: 0.3284 - Val ROC-AUC: 0.6624 - Val PR-AUC: 0.3256
Epoch 78/100 - Loss: 0.3269 - Val F1: 0.3147 - Val ROC-AUC: 0.6611 - Val PR-AUC: 0.3233
Epoch 79/100 - Loss: 0.3301 - Val F1: 0.3129 - Val ROC-AUC: 0.6631 - Val PR-AUC: 0.3273
Epoch 80/100 - Loss: 0.3302 - Val F1: 0.3194 - Val ROC-AUC: 0.6608 - Val PR-AUC: 0.3210
Epoch 81/100 - Loss: 0.3280 - Val F1: 0.3273 - Val ROC-AUC: 0.6625 - Val PR-AUC: 0.3201
Epoch 82/100 - Loss: 0.3312 - Val F1: 0.3097 - Val ROC-AUC: 0.6632 - Val PR-AUC: 0.3298
Epoch 83/100 - Loss: 0.3297 - Val F1: 0.3151 - Val ROC-AUC: 0.6634 - Val PR-AUC: 0.3262
Epoch 84/100 - Loss: 0.3277 - Val F1: 0.3232 - Val ROC-AUC: 0.6650 - Val PR-AUC: 0.3307
Epoch 85/100 - Loss: 0.3212 - Val F1: 0.3235 - Val ROC-AUC: 0.6616 - Val PR-AUC: 0.3261
Epoch 86/100 - Loss: 0.3216 - Val F1: 0.3172 - Val ROC-AUC: 0.6629 - Val PR-AUC: 0.3246
Epoch 87/100 - Loss: 0.3153 - Val F1: 0.3212 - Val ROC-AUC: 0.6638 - Val PR-AUC: 0.3276
Epoch 88/100 - Loss: 0.3234 - Val F1: 0.3214 - Val ROC-AUC: 0.6629 - Val PR-AUC: 0.3264
Epoch 89/100 - Loss: 0.3237 - Val F1: 0.3297 - Val ROC-AUC: 0.6625 - Val PR-AUC: 0.3276
Epoch 90/100 - Loss: 0.3295 - Val F1: 0.3358 - Val ROC-AUC: 0.6620 - Val PR-AUC: 0.3268
Epoch 91/100 - Loss: 0.3236 - Val F1: 0.3136 - Val ROC-AUC: 0.6604 - Val PR-AUC: 0.3220
Epoch 92/100 - Loss: 0.3180 - Val F1: 0.3209 - Val ROC-AUC: 0.6605 - Val PR-AUC: 0.3231
Epoch 93/100 - Loss: 0.3344 - Val F1: 0.3251 - Val ROC-AUC: 0.6601 - Val PR-AUC: 0.3273
Epoch 94/100 - Loss: 0.3231 - Val F1: 0.3179 - Val ROC-AUC: 0.6621 - Val PR-AUC: 0.3296
Epoch 95/100 - Loss: 0.3198 - Val F1: 0.3162 - Val ROC-AUC: 0.6600 - Val PR-AUC: 0.3229
Epoch 96/100 - Loss: 0.3264 - Val F1: 0.3125 - Val ROC-AUC: 0.6596 - Val PR-AUC: 0.3257
Epoch 97/100 - Loss: 0.3165 - Val F1: 0.3308 - Val ROC-AUC: 0.6598 - Val PR-AUC: 0.3250
Epoch 98/100 - Loss: 0.3115 - Val F1: 0.3165 - Val ROC-AUC: 0.6612 - Val PR-AUC: 0.3222
Epoch 99/100 - Loss: 0.3231 - Val F1: 0.3180 - Val ROC-AUC: 0.6628 - Val PR-AUC: 0.3284
Epoch 100/100 - Loss: 0.3179 - Val F1: 0.3133 - Val ROC-AUC: 0.6631 - Val PR-AUC: 0.3327
Pretraining completed. Test F1: 0.3392, ROC-AUC: 0.6549, PR-AUC: 0.3226
[3/4] Finetuning on TOX21_ERa_LUC_VM7_Agonist_10nM_ICI182780 using GIN_GCN...
[Fine-tune] Epoch 1/50 - Loss: 0.2734 - Val F1: 0.2195 - Val ROC-AUC: 0.7638 - Val PR-AUC: 0.2586
[Fine-tune] Epoch 2/50 - Loss: 0.1870 - Val F1: 0.1698 - Val ROC-AUC: 0.7759 - Val PR-AUC: 0.3359
[Fine-tune] Epoch 3/50 - Loss: 0.1591 - Val F1: 0.2727 - Val ROC-AUC: 0.7279 - Val PR-AUC: 0.2535
[Fine-tune] Epoch 4/50 - Loss: 0.1250 - Val F1: 0.2222 - Val ROC-AUC: 0.7582 - Val PR-AUC: 0.2641
[Fine-tune] Epoch 5/50 - Loss: 0.0994 - Val F1: 0.2800 - Val ROC-AUC: 0.7558 - Val PR-AUC: 0.1985
[Fine-tune] Epoch 6/50 - Loss: 0.1029 - Val F1: 0.2963 - Val ROC-AUC: 0.7395 - Val PR-AUC: 0.2849
[Fine-tune] Epoch 7/50 - Loss: 0.0944 - Val F1: 0.2581 - Val ROC-AUC: 0.7856 - Val PR-AUC: 0.3367
[Fine-tune] Epoch 8/50 - Loss: 0.0943 - Val F1: 0.2812 - Val ROC-AUC: 0.7372 - Val PR-AUC: 0.2831
[Fine-tune] Epoch 9/50 - Loss: 0.0807 - Val F1: 0.2581 - Val ROC-AUC: 0.7723 - Val PR-AUC: 0.2992
[Fine-tune] Epoch 10/50 - Loss: 0.0868 - Val F1: 0.3077 - Val ROC-AUC: 0.7787 - Val PR-AUC: 0.2903
[Fine-tune] Epoch 11/50 - Loss: 0.0554 - Val F1: 0.3556 - Val ROC-AUC: 0.7584 - Val PR-AUC: 0.4028
[Fine-tune] Epoch 12/50 - Loss: 0.0535 - Val F1: 0.3556 - Val ROC-AUC: 0.7689 - Val PR-AUC: 0.2718
[Fine-tune] Epoch 13/50 - Loss: 0.0400 - Val F1: 0.3636 - Val ROC-AUC: 0.7996 - Val PR-AUC: 0.2882
[Fine-tune] Epoch 14/50 - Loss: 0.0557 - Val F1: 0.2917 - Val ROC-AUC: 0.7610 - Val PR-AUC: 0.2703
[Fine-tune] Epoch 15/50 - Loss: 0.0478 - Val F1: 0.3158 - Val ROC-AUC: 0.7685 - Val PR-AUC: 0.2685
[Fine-tune] Epoch 16/50 - Loss: 0.0354 - Val F1: 0.4000 - Val ROC-AUC: 0.7767 - Val PR-AUC: 0.3013
[Fine-tune] Epoch 17/50 - Loss: 0.0402 - Val F1: 0.3556 - Val ROC-AUC: 0.7578 - Val PR-AUC: 0.3157
[Fine-tune] Epoch 18/50 - Loss: 0.0482 - Val F1: 0.3200 - Val ROC-AUC: 0.7836 - Val PR-AUC: 0.2641
[Fine-tune] Epoch 19/50 - Loss: 0.0435 - Val F1: 0.4103 - Val ROC-AUC: 0.7813 - Val PR-AUC: 0.2742
[Fine-tune] Epoch 20/50 - Loss: 0.0348 - Val F1: 0.3556 - Val ROC-AUC: 0.7928 - Val PR-AUC: 0.3507
[Fine-tune] Epoch 21/50 - Loss: 0.0307 - Val F1: 0.4211 - Val ROC-AUC: 0.7850 - Val PR-AUC: 0.2853
[Fine-tune] Epoch 22/50 - Loss: 0.0301 - Val F1: 0.3333 - Val ROC-AUC: 0.7818 - Val PR-AUC: 0.2628
[Fine-tune] Epoch 23/50 - Loss: 0.0204 - Val F1: 0.4211 - Val ROC-AUC: 0.7776 - Val PR-AUC: 0.3043
[Fine-tune] Epoch 24/50 - Loss: 0.0223 - Val F1: 0.3750 - Val ROC-AUC: 0.8015 - Val PR-AUC: 0.3055
[Fine-tune] Epoch 25/50 - Loss: 0.0224 - Val F1: 0.3529 - Val ROC-AUC: 0.7950 - Val PR-AUC: 0.2772
[Fine-tune] Epoch 26/50 - Loss: 0.0228 - Val F1: 0.3429 - Val ROC-AUC: 0.7918 - Val PR-AUC: 0.3111
[Fine-tune] Epoch 27/50 - Loss: 0.0226 - Val F1: 0.4138 - Val ROC-AUC: 0.7789 - Val PR-AUC: 0.2636
[Fine-tune] Epoch 28/50 - Loss: 0.0242 - Val F1: 0.3529 - Val ROC-AUC: 0.7896 - Val PR-AUC: 0.3131
[Fine-tune] Epoch 29/50 - Loss: 0.0244 - Val F1: 0.4211 - Val ROC-AUC: 0.7885 - Val PR-AUC: 0.3196
[Fine-tune] Epoch 30/50 - Loss: 0.0231 - Val F1: 0.3784 - Val ROC-AUC: 0.8046 - Val PR-AUC: 0.3214
[Fine-tune] Epoch 31/50 - Loss: 0.0213 - Val F1: 0.3750 - Val ROC-AUC: 0.7961 - Val PR-AUC: 0.3052
[Fine-tune] Epoch 32/50 - Loss: 0.0206 - Val F1: 0.4138 - Val ROC-AUC: 0.8093 - Val PR-AUC: 0.2784
[Fine-tune] Epoch 33/50 - Loss: 0.0182 - Val F1: 0.4118 - Val ROC-AUC: 0.8266 - Val PR-AUC: 0.3349
[Fine-tune] Epoch 34/50 - Loss: 0.0175 - Val F1: 0.4286 - Val ROC-AUC: 0.8236 - Val PR-AUC: 0.3533
[Fine-tune] Epoch 35/50 - Loss: 0.0164 - Val F1: 0.3243 - Val ROC-AUC: 0.8082 - Val PR-AUC: 0.3253
[Fine-tune] Epoch 36/50 - Loss: 0.0192 - Val F1: 0.4516 - Val ROC-AUC: 0.8109 - Val PR-AUC: 0.3627
[Fine-tune] Epoch 37/50 - Loss: 0.0158 - Val F1: 0.3871 - Val ROC-AUC: 0.8078 - Val PR-AUC: 0.3040
[Fine-tune] Epoch 38/50 - Loss: 0.0151 - Val F1: 0.4138 - Val ROC-AUC: 0.8219 - Val PR-AUC: 0.3313
[Fine-tune] Epoch 39/50 - Loss: 0.0225 - Val F1: 0.4286 - Val ROC-AUC: 0.8254 - Val PR-AUC: 0.3250
[Fine-tune] Epoch 40/50 - Loss: 0.0152 - Val F1: 0.3529 - Val ROC-AUC: 0.8129 - Val PR-AUC: 0.2862
[Fine-tune] Epoch 41/50 - Loss: 0.0160 - Val F1: 0.3871 - Val ROC-AUC: 0.8156 - Val PR-AUC: 0.2889
[Fine-tune] Epoch 42/50 - Loss: 0.0137 - Val F1: 0.4444 - Val ROC-AUC: 0.8361 - Val PR-AUC: 0.3452
[Fine-tune] Epoch 43/50 - Loss: 0.0104 - Val F1: 0.3529 - Val ROC-AUC: 0.8309 - Val PR-AUC: 0.3245
[Fine-tune] Epoch 44/50 - Loss: 0.0145 - Val F1: 0.4286 - Val ROC-AUC: 0.8232 - Val PR-AUC: 0.3339
[Fine-tune] Epoch 45/50 - Loss: 0.0117 - Val F1: 0.3871 - Val ROC-AUC: 0.8269 - Val PR-AUC: 0.3350
[Fine-tune] Epoch 46/50 - Loss: 0.0196 - Val F1: 0.3871 - Val ROC-AUC: 0.8349 - Val PR-AUC: 0.3110
[Fine-tune] Epoch 47/50 - Loss: 0.0169 - Val F1: 0.4286 - Val ROC-AUC: 0.8241 - Val PR-AUC: 0.3276
[Fine-tune] Epoch 48/50 - Loss: 0.0171 - Val F1: 0.3871 - Val ROC-AUC: 0.8109 - Val PR-AUC: 0.3297
[Fine-tune] Epoch 49/50 - Loss: 0.0163 - Val F1: 0.3871 - Val ROC-AUC: 0.8296 - Val PR-AUC: 0.3233
[Fine-tune] Epoch 50/50 - Loss: 0.0141 - Val F1: 0.4000 - Val ROC-AUC: 0.8206 - Val PR-AUC: 0.3162
Finetuning completed. Test F1: 0.4737, ROC-AUC: 0.8716, PR-AUC: 0.2355
[3.1/4] Target-only training on TOX21_ERa_LUC_VM7_Agonist_10nM_ICI182780 using GIN_GCN...
=== Target-only training ===
[Target-only] Epoch 1/50 – Loss: 0.3672  Val F1: 0.1227  ROC-AUC: 0.8391  PR-AUC: 0.2852
[Target-only] Epoch 2/50 – Loss: 0.2817  Val F1: 0.3103  ROC-AUC: 0.8430  PR-AUC: 0.2722
[Target-only] Epoch 3/50 – Loss: 0.2189  Val F1: 0.2857  ROC-AUC: 0.8448  PR-AUC: 0.3449
[Target-only] Epoch 4/50 – Loss: 0.2017  Val F1: 0.3673  ROC-AUC: 0.8262  PR-AUC: 0.3584
[Target-only] Epoch 5/50 – Loss: 0.1768  Val F1: 0.2571  ROC-AUC: 0.8164  PR-AUC: 0.2874
[Target-only] Epoch 6/50 – Loss: 0.1795  Val F1: 0.3396  ROC-AUC: 0.8173  PR-AUC: 0.4061
[Target-only] Epoch 7/50 – Loss: 0.1519  Val F1: 0.1957  ROC-AUC: 0.8286  PR-AUC: 0.2951
[Target-only] Epoch 8/50 – Loss: 0.1447  Val F1: 0.2857  ROC-AUC: 0.8122  PR-AUC: 0.2593
[Target-only] Epoch 9/50 – Loss: 0.1406  Val F1: 0.2609  ROC-AUC: 0.7874  PR-AUC: 0.3031
[Target-only] Epoch 10/50 – Loss: 0.1343  Val F1: 0.3103  ROC-AUC: 0.7858  PR-AUC: 0.3500
