[1/4] Excel → CSV 변환 중...
Saved pretrain CSV for TOX21_ERa_BLA_Antagonist_ratio: data/sample/TOX21_ERa_BLA_Antagonist_ratio.csv
Saved pretrain CSV for TOX21_ERa_LUC_VM7_Agonist: data/sample/TOX21_ERa_LUC_VM7_Agonist.csv
Saved pretrain CSV for TOX21_ERa_BLA_Antagonist_viability: data/sample/TOX21_ERa_BLA_Antagonist_viability.csv
Saved pretrain CSV for TOX21_ERa_LUC_VM7_Antagonist_0.5nM_E2: data/sample/TOX21_ERa_LUC_VM7_Antagonist_0.5nM_E2.csv
Saved pretrain CSV for TOX21_ERa_BLA_Antagonist_ch2: data/sample/TOX21_ERa_BLA_Antagonist_ch2.csv
Saved pretrain CSV for TOX21_ERa_BLA_Antagonist_ch1: data/sample/TOX21_ERa_BLA_Antagonist_ch1.csv
Saved pretrain CSV for TOX21_ERa_LUC_VM7_Antagonist_0.5nM_E2_viability: data/sample/TOX21_ERa_LUC_VM7_Antagonist_0.5nM_E2_viability.csv
Saved pretrain CSV for TOX21_ERa_BLA_Agonist_ch2: data/sample/TOX21_ERa_BLA_Agonist_ch2.csv
Saved pretrain CSV for TOX21_ERa_BLA_Agonist_ch1: data/sample/TOX21_ERa_BLA_Agonist_ch1.csv
Saved pretrain CSV for TOX21_ERa_BLA_Agonist_ratio: data/sample/TOX21_ERa_BLA_Agonist_ratio.csv
Saved pretrain CSV for TOX21_ERb_BLA_Antagonist_ch1: data/sample/TOX21_ERb_BLA_Antagonist_ch1.csv
Saved pretrain CSV for TOX21_ERb_BLA_Antagonist_ch2: data/sample/TOX21_ERb_BLA_Antagonist_ch2.csv
Saved pretrain CSV for TOX21_ERb_BLA_Agonist_viability: data/sample/TOX21_ERb_BLA_Agonist_viability.csv
Saved pretrain CSV for TOX21_ERb_BLA_Agonist_ratio: data/sample/TOX21_ERb_BLA_Agonist_ratio.csv
Saved pretrain CSV for TOX21_ERb_BLA_Agonist_ch2: data/sample/TOX21_ERb_BLA_Agonist_ch2.csv
Saved pretrain CSV for TOX21_ERb_BLA_Agonist_ch1: data/sample/TOX21_ERb_BLA_Agonist_ch1.csv
Saved pretrain CSV for TOX21_ERR_LUC_Agonist: data/sample/TOX21_ERR_LUC_Agonist.csv
Saved pretrain CSV for TOX21_ERa_LUC_VM7_Agonist_10nM_ICI182780_viability: data/sample/TOX21_ERa_LUC_VM7_Agonist_10nM_ICI182780_viability.csv
Saved pretrain CSV for TOX21_ERa_LUC_VM7_Antagonist_0.1nM_E2: data/sample/TOX21_ERa_LUC_VM7_Antagonist_0.1nM_E2.csv
Saved pretrain CSV for TOX21_ERb_BLA_Antagonist_ratio: data/sample/TOX21_ERb_BLA_Antagonist_ratio.csv
Saved pretrain CSV for TOX21_ERa_LUC_VM7_Agonist_10nM_ICI182780: data/sample/TOX21_ERa_LUC_VM7_Agonist_10nM_ICI182780.csv
Saved pretrain CSV for TOX21_ERR_LUC_viability: data/sample/TOX21_ERR_LUC_viability.csv
Saved pretrain CSV for TOX21_ERR_LUC_Antagonist: data/sample/TOX21_ERR_LUC_Antagonist.csv
Saved pretrain CSV for TOX21_ERa_LUC_VM7_Antagonist_0.1nM_E2_viability: data/sample/TOX21_ERa_LUC_VM7_Antagonist_0.1nM_E2_viability.csv
Saved pretrain CSV for TOX21_ERb_BLA_Antagonist_viability: data/sample/TOX21_ERb_BLA_Antagonist_viability.csv
Saved finetune CSV for TOX21_ERa_BLA_Antagonist_ratio: data/sample/TOX21_ERa_BLA_Antagonist_ratio.csv
Saved finetune CSV for TOX21_ERa_LUC_VM7_Agonist: data/sample/TOX21_ERa_LUC_VM7_Agonist.csv
Saved finetune CSV for TOX21_ERa_BLA_Antagonist_viability: data/sample/TOX21_ERa_BLA_Antagonist_viability.csv
Saved finetune CSV for TOX21_ERa_LUC_VM7_Antagonist_0.5nM_E2: data/sample/TOX21_ERa_LUC_VM7_Antagonist_0.5nM_E2.csv
Saved finetune CSV for TOX21_ERa_BLA_Antagonist_ch2: data/sample/TOX21_ERa_BLA_Antagonist_ch2.csv
Saved finetune CSV for TOX21_ERa_BLA_Antagonist_ch1: data/sample/TOX21_ERa_BLA_Antagonist_ch1.csv
Saved finetune CSV for TOX21_ERa_LUC_VM7_Antagonist_0.5nM_E2_viability: data/sample/TOX21_ERa_LUC_VM7_Antagonist_0.5nM_E2_viability.csv
Saved finetune CSV for TOX21_ERa_BLA_Agonist_ch2: data/sample/TOX21_ERa_BLA_Agonist_ch2.csv
Saved finetune CSV for TOX21_ERa_BLA_Agonist_ch1: data/sample/TOX21_ERa_BLA_Agonist_ch1.csv
Saved finetune CSV for TOX21_ERa_BLA_Agonist_ratio: data/sample/TOX21_ERa_BLA_Agonist_ratio.csv
Saved finetune CSV for TOX21_ERb_BLA_Antagonist_ch1: data/sample/TOX21_ERb_BLA_Antagonist_ch1.csv
Saved finetune CSV for TOX21_ERb_BLA_Antagonist_ch2: data/sample/TOX21_ERb_BLA_Antagonist_ch2.csv
Saved finetune CSV for TOX21_ERb_BLA_Agonist_viability: data/sample/TOX21_ERb_BLA_Agonist_viability.csv
Saved finetune CSV for TOX21_ERb_BLA_Agonist_ratio: data/sample/TOX21_ERb_BLA_Agonist_ratio.csv
Saved finetune CSV for TOX21_ERb_BLA_Agonist_ch2: data/sample/TOX21_ERb_BLA_Agonist_ch2.csv
Saved finetune CSV for TOX21_ERb_BLA_Agonist_ch1: data/sample/TOX21_ERb_BLA_Agonist_ch1.csv
Saved finetune CSV for TOX21_ERR_LUC_Agonist: data/sample/TOX21_ERR_LUC_Agonist.csv
Saved finetune CSV for TOX21_ERa_LUC_VM7_Agonist_10nM_ICI182780_viability: data/sample/TOX21_ERa_LUC_VM7_Agonist_10nM_ICI182780_viability.csv
Saved finetune CSV for TOX21_ERa_LUC_VM7_Antagonist_0.1nM_E2: data/sample/TOX21_ERa_LUC_VM7_Antagonist_0.1nM_E2.csv
Saved finetune CSV for TOX21_ERb_BLA_Antagonist_ratio: data/sample/TOX21_ERb_BLA_Antagonist_ratio.csv
Saved finetune CSV for TOX21_ERa_LUC_VM7_Agonist_10nM_ICI182780: data/sample/TOX21_ERa_LUC_VM7_Agonist_10nM_ICI182780.csv
Saved finetune CSV for TOX21_ERR_LUC_viability: data/sample/TOX21_ERR_LUC_viability.csv
Saved finetune CSV for TOX21_ERR_LUC_Antagonist: data/sample/TOX21_ERR_LUC_Antagonist.csv
Saved finetune CSV for TOX21_ERa_LUC_VM7_Antagonist_0.1nM_E2_viability: data/sample/TOX21_ERa_LUC_VM7_Antagonist_0.1nM_E2_viability.csv
Saved finetune CSV for TOX21_ERb_BLA_Antagonist_viability: data/sample/TOX21_ERb_BLA_Antagonist_viability.csv
[2/4] Pretraining on TOX21_ERa_LUC_VM7_Agonist using GIN_GCN...
Epoch 1/100 - Loss: 0.6743 - Val F1: 0.2303 - Val ROC-AUC: 0.5807 - Val PR-AUC: 0.1992
Epoch 2/100 - Loss: 0.6486 - Val F1: 0.2634 - Val ROC-AUC: 0.6107 - Val PR-AUC: 0.2396
Epoch 3/100 - Loss: 0.6369 - Val F1: 0.3090 - Val ROC-AUC: 0.6488 - Val PR-AUC: 0.2474
Epoch 4/100 - Loss: 0.6300 - Val F1: 0.2833 - Val ROC-AUC: 0.6742 - Val PR-AUC: 0.2916
Epoch 5/100 - Loss: 0.6189 - Val F1: 0.2723 - Val ROC-AUC: 0.6655 - Val PR-AUC: 0.2799
Epoch 6/100 - Loss: 0.6091 - Val F1: 0.3051 - Val ROC-AUC: 0.6628 - Val PR-AUC: 0.2913
Epoch 7/100 - Loss: 0.6060 - Val F1: 0.2787 - Val ROC-AUC: 0.6839 - Val PR-AUC: 0.3040
Epoch 8/100 - Loss: 0.6052 - Val F1: 0.2574 - Val ROC-AUC: 0.6635 - Val PR-AUC: 0.2760
Epoch 9/100 - Loss: 0.5978 - Val F1: 0.2599 - Val ROC-AUC: 0.6521 - Val PR-AUC: 0.2724
Epoch 10/100 - Loss: 0.5920 - Val F1: 0.2641 - Val ROC-AUC: 0.6695 - Val PR-AUC: 0.2970
Epoch 11/100 - Loss: 0.5736 - Val F1: 0.2851 - Val ROC-AUC: 0.6787 - Val PR-AUC: 0.2927
Epoch 12/100 - Loss: 0.5672 - Val F1: 0.2680 - Val ROC-AUC: 0.6823 - Val PR-AUC: 0.3051
Epoch 13/100 - Loss: 0.5655 - Val F1: 0.2863 - Val ROC-AUC: 0.6863 - Val PR-AUC: 0.3221
Epoch 14/100 - Loss: 0.5455 - Val F1: 0.3161 - Val ROC-AUC: 0.6659 - Val PR-AUC: 0.2777
Epoch 15/100 - Loss: 0.5469 - Val F1: 0.3202 - Val ROC-AUC: 0.6893 - Val PR-AUC: 0.2826
Epoch 16/100 - Loss: 0.5381 - Val F1: 0.3249 - Val ROC-AUC: 0.7072 - Val PR-AUC: 0.2768
Epoch 17/100 - Loss: 0.5398 - Val F1: 0.3046 - Val ROC-AUC: 0.6807 - Val PR-AUC: 0.3123
Epoch 18/100 - Loss: 0.5260 - Val F1: 0.2736 - Val ROC-AUC: 0.6734 - Val PR-AUC: 0.3058
Epoch 19/100 - Loss: 0.5222 - Val F1: 0.3019 - Val ROC-AUC: 0.6911 - Val PR-AUC: 0.3271
Epoch 20/100 - Loss: 0.5137 - Val F1: 0.3055 - Val ROC-AUC: 0.6821 - Val PR-AUC: 0.3151
Epoch 21/100 - Loss: 0.4923 - Val F1: 0.2752 - Val ROC-AUC: 0.6763 - Val PR-AUC: 0.3127
Epoch 22/100 - Loss: 0.4921 - Val F1: 0.3098 - Val ROC-AUC: 0.6827 - Val PR-AUC: 0.3313
Epoch 23/100 - Loss: 0.4771 - Val F1: 0.3162 - Val ROC-AUC: 0.7032 - Val PR-AUC: 0.3234
Epoch 24/100 - Loss: 0.4597 - Val F1: 0.3455 - Val ROC-AUC: 0.6993 - Val PR-AUC: 0.3122
Epoch 25/100 - Loss: 0.4750 - Val F1: 0.3125 - Val ROC-AUC: 0.6864 - Val PR-AUC: 0.3078
Epoch 26/100 - Loss: 0.4713 - Val F1: 0.3172 - Val ROC-AUC: 0.6831 - Val PR-AUC: 0.3228
Epoch 27/100 - Loss: 0.4521 - Val F1: 0.3183 - Val ROC-AUC: 0.6890 - Val PR-AUC: 0.3053
Epoch 28/100 - Loss: 0.4475 - Val F1: 0.3137 - Val ROC-AUC: 0.6720 - Val PR-AUC: 0.3359
Epoch 29/100 - Loss: 0.4507 - Val F1: 0.3203 - Val ROC-AUC: 0.6759 - Val PR-AUC: 0.3133
Epoch 30/100 - Loss: 0.4477 - Val F1: 0.3502 - Val ROC-AUC: 0.6947 - Val PR-AUC: 0.3151
Epoch 31/100 - Loss: 0.4192 - Val F1: 0.3264 - Val ROC-AUC: 0.6939 - Val PR-AUC: 0.3332
Epoch 32/100 - Loss: 0.4141 - Val F1: 0.3462 - Val ROC-AUC: 0.6926 - Val PR-AUC: 0.3248
Epoch 33/100 - Loss: 0.4125 - Val F1: 0.3182 - Val ROC-AUC: 0.6898 - Val PR-AUC: 0.3360
Epoch 34/100 - Loss: 0.4066 - Val F1: 0.3316 - Val ROC-AUC: 0.6980 - Val PR-AUC: 0.3235
Epoch 35/100 - Loss: 0.4136 - Val F1: 0.3679 - Val ROC-AUC: 0.6993 - Val PR-AUC: 0.3213
Epoch 36/100 - Loss: 0.3985 - Val F1: 0.3446 - Val ROC-AUC: 0.6957 - Val PR-AUC: 0.2917
Epoch 37/100 - Loss: 0.3962 - Val F1: 0.3510 - Val ROC-AUC: 0.6970 - Val PR-AUC: 0.3078
Epoch 38/100 - Loss: 0.3980 - Val F1: 0.3403 - Val ROC-AUC: 0.6921 - Val PR-AUC: 0.3315
Epoch 39/100 - Loss: 0.3969 - Val F1: 0.3484 - Val ROC-AUC: 0.7005 - Val PR-AUC: 0.2924
Epoch 40/100 - Loss: 0.3815 - Val F1: 0.3624 - Val ROC-AUC: 0.7004 - Val PR-AUC: 0.3276
Epoch 41/100 - Loss: 0.3781 - Val F1: 0.3522 - Val ROC-AUC: 0.6999 - Val PR-AUC: 0.3267
Epoch 42/100 - Loss: 0.3628 - Val F1: 0.3253 - Val ROC-AUC: 0.6953 - Val PR-AUC: 0.3271
Epoch 43/100 - Loss: 0.3622 - Val F1: 0.3518 - Val ROC-AUC: 0.7022 - Val PR-AUC: 0.3268
Epoch 44/100 - Loss: 0.3630 - Val F1: 0.3427 - Val ROC-AUC: 0.6920 - Val PR-AUC: 0.3138
Epoch 45/100 - Loss: 0.3600 - Val F1: 0.3451 - Val ROC-AUC: 0.6943 - Val PR-AUC: 0.3076
Epoch 46/100 - Loss: 0.3563 - Val F1: 0.3593 - Val ROC-AUC: 0.7005 - Val PR-AUC: 0.3272
Epoch 47/100 - Loss: 0.3643 - Val F1: 0.3446 - Val ROC-AUC: 0.6969 - Val PR-AUC: 0.3202
Epoch 48/100 - Loss: 0.3506 - Val F1: 0.3312 - Val ROC-AUC: 0.7014 - Val PR-AUC: 0.3173
Epoch 49/100 - Loss: 0.3447 - Val F1: 0.3368 - Val ROC-AUC: 0.6979 - Val PR-AUC: 0.3311
Epoch 50/100 - Loss: 0.3474 - Val F1: 0.3592 - Val ROC-AUC: 0.7059 - Val PR-AUC: 0.3447
Epoch 51/100 - Loss: 0.3507 - Val F1: 0.3597 - Val ROC-AUC: 0.7060 - Val PR-AUC: 0.3488
Epoch 52/100 - Loss: 0.3457 - Val F1: 0.3588 - Val ROC-AUC: 0.7015 - Val PR-AUC: 0.3270
Epoch 53/100 - Loss: 0.3367 - Val F1: 0.3509 - Val ROC-AUC: 0.7055 - Val PR-AUC: 0.3353
Epoch 54/100 - Loss: 0.3470 - Val F1: 0.3592 - Val ROC-AUC: 0.7041 - Val PR-AUC: 0.3493
Epoch 55/100 - Loss: 0.3440 - Val F1: 0.3371 - Val ROC-AUC: 0.6960 - Val PR-AUC: 0.3448
Epoch 56/100 - Loss: 0.3387 - Val F1: 0.3475 - Val ROC-AUC: 0.6969 - Val PR-AUC: 0.3452
Epoch 57/100 - Loss: 0.3303 - Val F1: 0.3668 - Val ROC-AUC: 0.6990 - Val PR-AUC: 0.3454
Epoch 58/100 - Loss: 0.3409 - Val F1: 0.3441 - Val ROC-AUC: 0.7041 - Val PR-AUC: 0.3390
Epoch 59/100 - Loss: 0.3321 - Val F1: 0.3497 - Val ROC-AUC: 0.7000 - Val PR-AUC: 0.3356
Epoch 60/100 - Loss: 0.3344 - Val F1: 0.3582 - Val ROC-AUC: 0.7063 - Val PR-AUC: 0.3465
Epoch 61/100 - Loss: 0.3336 - Val F1: 0.3732 - Val ROC-AUC: 0.7059 - Val PR-AUC: 0.3432
Epoch 62/100 - Loss: 0.3280 - Val F1: 0.3534 - Val ROC-AUC: 0.7028 - Val PR-AUC: 0.3502
Epoch 63/100 - Loss: 0.3275 - Val F1: 0.3661 - Val ROC-AUC: 0.7053 - Val PR-AUC: 0.3488
Epoch 64/100 - Loss: 0.3211 - Val F1: 0.3625 - Val ROC-AUC: 0.7105 - Val PR-AUC: 0.3521
Epoch 65/100 - Loss: 0.3247 - Val F1: 0.3466 - Val ROC-AUC: 0.7058 - Val PR-AUC: 0.3494
Epoch 66/100 - Loss: 0.3366 - Val F1: 0.3650 - Val ROC-AUC: 0.7068 - Val PR-AUC: 0.3503
Epoch 67/100 - Loss: 0.3248 - Val F1: 0.3541 - Val ROC-AUC: 0.7052 - Val PR-AUC: 0.3440
Epoch 68/100 - Loss: 0.3276 - Val F1: 0.3581 - Val ROC-AUC: 0.7025 - Val PR-AUC: 0.3427
Epoch 69/100 - Loss: 0.3343 - Val F1: 0.3577 - Val ROC-AUC: 0.7051 - Val PR-AUC: 0.3478
Epoch 70/100 - Loss: 0.3328 - Val F1: 0.3610 - Val ROC-AUC: 0.7043 - Val PR-AUC: 0.3492
Epoch 71/100 - Loss: 0.3321 - Val F1: 0.3574 - Val ROC-AUC: 0.7047 - Val PR-AUC: 0.3513
Epoch 72/100 - Loss: 0.3148 - Val F1: 0.3448 - Val ROC-AUC: 0.7049 - Val PR-AUC: 0.3388
Epoch 73/100 - Loss: 0.3232 - Val F1: 0.3617 - Val ROC-AUC: 0.7062 - Val PR-AUC: 0.3473
Epoch 74/100 - Loss: 0.3204 - Val F1: 0.3616 - Val ROC-AUC: 0.7044 - Val PR-AUC: 0.3504
Epoch 75/100 - Loss: 0.3172 - Val F1: 0.3686 - Val ROC-AUC: 0.7048 - Val PR-AUC: 0.3487
Epoch 76/100 - Loss: 0.3163 - Val F1: 0.3557 - Val ROC-AUC: 0.7057 - Val PR-AUC: 0.3480
Epoch 77/100 - Loss: 0.3124 - Val F1: 0.3549 - Val ROC-AUC: 0.7065 - Val PR-AUC: 0.3518
Epoch 78/100 - Loss: 0.3069 - Val F1: 0.3584 - Val ROC-AUC: 0.7053 - Val PR-AUC: 0.3467
Epoch 79/100 - Loss: 0.3065 - Val F1: 0.3656 - Val ROC-AUC: 0.7074 - Val PR-AUC: 0.3574
Epoch 80/100 - Loss: 0.3082 - Val F1: 0.3636 - Val ROC-AUC: 0.7063 - Val PR-AUC: 0.3439
Epoch 81/100 - Loss: 0.3119 - Val F1: 0.3556 - Val ROC-AUC: 0.7043 - Val PR-AUC: 0.3446
Epoch 82/100 - Loss: 0.3185 - Val F1: 0.3504 - Val ROC-AUC: 0.7052 - Val PR-AUC: 0.3519
Epoch 83/100 - Loss: 0.3109 - Val F1: 0.3723 - Val ROC-AUC: 0.7056 - Val PR-AUC: 0.3521
Epoch 84/100 - Loss: 0.3218 - Val F1: 0.3693 - Val ROC-AUC: 0.7049 - Val PR-AUC: 0.3446
Epoch 85/100 - Loss: 0.3145 - Val F1: 0.3624 - Val ROC-AUC: 0.7057 - Val PR-AUC: 0.3488
Epoch 86/100 - Loss: 0.3143 - Val F1: 0.3649 - Val ROC-AUC: 0.7054 - Val PR-AUC: 0.3532
Epoch 87/100 - Loss: 0.3239 - Val F1: 0.3675 - Val ROC-AUC: 0.7070 - Val PR-AUC: 0.3527
Epoch 88/100 - Loss: 0.3141 - Val F1: 0.3643 - Val ROC-AUC: 0.7059 - Val PR-AUC: 0.3557
Epoch 89/100 - Loss: 0.3068 - Val F1: 0.3662 - Val ROC-AUC: 0.7066 - Val PR-AUC: 0.3499
Epoch 90/100 - Loss: 0.3196 - Val F1: 0.3546 - Val ROC-AUC: 0.7073 - Val PR-AUC: 0.3531
Epoch 91/100 - Loss: 0.3208 - Val F1: 0.3569 - Val ROC-AUC: 0.7056 - Val PR-AUC: 0.3538
Epoch 92/100 - Loss: 0.3094 - Val F1: 0.3617 - Val ROC-AUC: 0.7070 - Val PR-AUC: 0.3452
Epoch 93/100 - Loss: 0.3206 - Val F1: 0.3538 - Val ROC-AUC: 0.7071 - Val PR-AUC: 0.3553
Epoch 94/100 - Loss: 0.3138 - Val F1: 0.3609 - Val ROC-AUC: 0.7077 - Val PR-AUC: 0.3546
Epoch 95/100 - Loss: 0.3262 - Val F1: 0.3554 - Val ROC-AUC: 0.7083 - Val PR-AUC: 0.3542
Epoch 96/100 - Loss: 0.3119 - Val F1: 0.3551 - Val ROC-AUC: 0.7071 - Val PR-AUC: 0.3541
Epoch 97/100 - Loss: 0.3082 - Val F1: 0.3569 - Val ROC-AUC: 0.7063 - Val PR-AUC: 0.3540
Epoch 98/100 - Loss: 0.3275 - Val F1: 0.3630 - Val ROC-AUC: 0.7046 - Val PR-AUC: 0.3456
Epoch 99/100 - Loss: 0.3220 - Val F1: 0.3566 - Val ROC-AUC: 0.7052 - Val PR-AUC: 0.3470
Epoch 100/100 - Loss: 0.3165 - Val F1: 0.3668 - Val ROC-AUC: 0.7057 - Val PR-AUC: 0.3524
Pretraining completed. Test F1: 0.3322, ROC-AUC: 0.6604, PR-AUC: 0.2938
[3/4] Finetuning on TOX21_ERR_LUC_Antagonist using GIN_GCN...
[Fine-tune] Epoch 1/50 - Loss: 0.6239 - Val F1: 0.4929 - Val ROC-AUC: 0.7322 - Val PR-AUC: 0.3733
[Fine-tune] Epoch 2/50 - Loss: 0.5803 - Val F1: 0.4773 - Val ROC-AUC: 0.7727 - Val PR-AUC: 0.4691
[Fine-tune] Epoch 3/50 - Loss: 0.5589 - Val F1: 0.5170 - Val ROC-AUC: 0.7913 - Val PR-AUC: 0.5058
[Fine-tune] Epoch 4/50 - Loss: 0.5476 - Val F1: 0.5134 - Val ROC-AUC: 0.7834 - Val PR-AUC: 0.4887
[Fine-tune] Epoch 5/50 - Loss: 0.5307 - Val F1: 0.4960 - Val ROC-AUC: 0.7687 - Val PR-AUC: 0.4611
[Fine-tune] Epoch 6/50 - Loss: 0.5328 - Val F1: 0.5011 - Val ROC-AUC: 0.7764 - Val PR-AUC: 0.4367
[Fine-tune] Epoch 7/50 - Loss: 0.5305 - Val F1: 0.5239 - Val ROC-AUC: 0.7970 - Val PR-AUC: 0.4854
[Fine-tune] Epoch 8/50 - Loss: 0.5235 - Val F1: 0.5128 - Val ROC-AUC: 0.7935 - Val PR-AUC: 0.5098
[Fine-tune] Epoch 9/50 - Loss: 0.5164 - Val F1: 0.5313 - Val ROC-AUC: 0.7976 - Val PR-AUC: 0.5024
[Fine-tune] Epoch 10/50 - Loss: 0.4939 - Val F1: 0.5268 - Val ROC-AUC: 0.7938 - Val PR-AUC: 0.5159
[Fine-tune] Epoch 11/50 - Loss: 0.4660 - Val F1: 0.5581 - Val ROC-AUC: 0.8118 - Val PR-AUC: 0.5470
[Fine-tune] Epoch 12/50 - Loss: 0.4712 - Val F1: 0.5304 - Val ROC-AUC: 0.8000 - Val PR-AUC: 0.5144
[Fine-tune] Epoch 13/50 - Loss: 0.4590 - Val F1: 0.5408 - Val ROC-AUC: 0.8167 - Val PR-AUC: 0.5484
[Fine-tune] Epoch 14/50 - Loss: 0.4535 - Val F1: 0.5589 - Val ROC-AUC: 0.8068 - Val PR-AUC: 0.5267
[Fine-tune] Epoch 15/50 - Loss: 0.4470 - Val F1: 0.5532 - Val ROC-AUC: 0.8013 - Val PR-AUC: 0.5481
[Fine-tune] Epoch 16/50 - Loss: 0.4437 - Val F1: 0.5445 - Val ROC-AUC: 0.8080 - Val PR-AUC: 0.5211
[Fine-tune] Epoch 17/50 - Loss: 0.4438 - Val F1: 0.5082 - Val ROC-AUC: 0.7796 - Val PR-AUC: 0.4779
[Fine-tune] Epoch 18/50 - Loss: 0.4339 - Val F1: 0.5190 - Val ROC-AUC: 0.7907 - Val PR-AUC: 0.4922
[Fine-tune] Epoch 19/50 - Loss: 0.4276 - Val F1: 0.5572 - Val ROC-AUC: 0.8130 - Val PR-AUC: 0.5187
[Fine-tune] Epoch 20/50 - Loss: 0.4119 - Val F1: 0.5298 - Val ROC-AUC: 0.7885 - Val PR-AUC: 0.4730
[Fine-tune] Epoch 21/50 - Loss: 0.4048 - Val F1: 0.5459 - Val ROC-AUC: 0.8084 - Val PR-AUC: 0.5281
[Fine-tune] Epoch 22/50 - Loss: 0.4207 - Val F1: 0.5477 - Val ROC-AUC: 0.7948 - Val PR-AUC: 0.5123
[Fine-tune] Epoch 23/50 - Loss: 0.4070 - Val F1: 0.5500 - Val ROC-AUC: 0.7936 - Val PR-AUC: 0.5148
[Fine-tune] Epoch 24/50 - Loss: 0.3882 - Val F1: 0.5144 - Val ROC-AUC: 0.7872 - Val PR-AUC: 0.4842
[Fine-tune] Epoch 25/50 - Loss: 0.3861 - Val F1: 0.5296 - Val ROC-AUC: 0.7935 - Val PR-AUC: 0.5011
[Fine-tune] Epoch 26/50 - Loss: 0.3893 - Val F1: 0.5319 - Val ROC-AUC: 0.7827 - Val PR-AUC: 0.4946
[Fine-tune] Epoch 27/50 - Loss: 0.3713 - Val F1: 0.5464 - Val ROC-AUC: 0.8027 - Val PR-AUC: 0.5086
[Fine-tune] Epoch 28/50 - Loss: 0.3756 - Val F1: 0.5320 - Val ROC-AUC: 0.7919 - Val PR-AUC: 0.5126
[Fine-tune] Epoch 29/50 - Loss: 0.3737 - Val F1: 0.5213 - Val ROC-AUC: 0.7735 - Val PR-AUC: 0.4945
[Fine-tune] Epoch 30/50 - Loss: 0.3748 - Val F1: 0.5172 - Val ROC-AUC: 0.7891 - Val PR-AUC: 0.4858
[Fine-tune] Epoch 31/50 - Loss: 0.3587 - Val F1: 0.5326 - Val ROC-AUC: 0.7915 - Val PR-AUC: 0.5031
[Fine-tune] Epoch 32/50 - Loss: 0.3632 - Val F1: 0.5371 - Val ROC-AUC: 0.7930 - Val PR-AUC: 0.5092
[Fine-tune] Epoch 33/50 - Loss: 0.3623 - Val F1: 0.5140 - Val ROC-AUC: 0.7836 - Val PR-AUC: 0.4895
[Fine-tune] Epoch 34/50 - Loss: 0.3429 - Val F1: 0.5403 - Val ROC-AUC: 0.7885 - Val PR-AUC: 0.5080
[Fine-tune] Epoch 35/50 - Loss: 0.3426 - Val F1: 0.5344 - Val ROC-AUC: 0.7832 - Val PR-AUC: 0.4895
[Fine-tune] Epoch 36/50 - Loss: 0.3557 - Val F1: 0.5330 - Val ROC-AUC: 0.7915 - Val PR-AUC: 0.5067
[Fine-tune] Epoch 37/50 - Loss: 0.3451 - Val F1: 0.5176 - Val ROC-AUC: 0.7771 - Val PR-AUC: 0.4922
[Fine-tune] Epoch 38/50 - Loss: 0.3457 - Val F1: 0.5124 - Val ROC-AUC: 0.7832 - Val PR-AUC: 0.4946
[Fine-tune] Epoch 39/50 - Loss: 0.3505 - Val F1: 0.5260 - Val ROC-AUC: 0.7823 - Val PR-AUC: 0.4813
[Fine-tune] Epoch 40/50 - Loss: 0.3473 - Val F1: 0.5156 - Val ROC-AUC: 0.7752 - Val PR-AUC: 0.4694
[Fine-tune] Epoch 41/50 - Loss: 0.3367 - Val F1: 0.5231 - Val ROC-AUC: 0.7796 - Val PR-AUC: 0.4859
[Fine-tune] Epoch 42/50 - Loss: 0.3317 - Val F1: 0.5206 - Val ROC-AUC: 0.7834 - Val PR-AUC: 0.4948
[Fine-tune] Epoch 43/50 - Loss: 0.3404 - Val F1: 0.5269 - Val ROC-AUC: 0.7818 - Val PR-AUC: 0.4869
[Fine-tune] Epoch 44/50 - Loss: 0.3281 - Val F1: 0.5297 - Val ROC-AUC: 0.7809 - Val PR-AUC: 0.4990
[Fine-tune] Epoch 45/50 - Loss: 0.3340 - Val F1: 0.5215 - Val ROC-AUC: 0.7816 - Val PR-AUC: 0.4962
[Fine-tune] Epoch 46/50 - Loss: 0.3297 - Val F1: 0.5105 - Val ROC-AUC: 0.7763 - Val PR-AUC: 0.4922
[Fine-tune] Epoch 47/50 - Loss: 0.3181 - Val F1: 0.5135 - Val ROC-AUC: 0.7773 - Val PR-AUC: 0.4899
[Fine-tune] Epoch 48/50 - Loss: 0.3153 - Val F1: 0.5141 - Val ROC-AUC: 0.7836 - Val PR-AUC: 0.4946
[Fine-tune] Epoch 49/50 - Loss: 0.3231 - Val F1: 0.5283 - Val ROC-AUC: 0.7782 - Val PR-AUC: 0.4902
[Fine-tune] Epoch 50/50 - Loss: 0.3207 - Val F1: 0.5179 - Val ROC-AUC: 0.7830 - Val PR-AUC: 0.4955
Finetuning completed. Test F1: 0.5294, ROC-AUC: 0.8000, PR-AUC: 0.5346
[3.1/4] Target-only training on TOX21_ERR_LUC_Antagonist using GIN_GCN...
=== Target-only training ===
[Target-only] Epoch 1/50 – Loss: 0.6229  Val F1: 0.4553  ROC-AUC: 0.7481  PR-AUC: 0.4227
[Target-only] Epoch 2/50 – Loss: 0.5860  Val F1: 0.4444  ROC-AUC: 0.7658  PR-AUC: 0.4296
[Target-only] Epoch 3/50 – Loss: 0.5806  Val F1: 0.5106  ROC-AUC: 0.7989  PR-AUC: 0.4763
[Target-only] Epoch 4/50 – Loss: 0.5569  Val F1: 0.5301  ROC-AUC: 0.8034  PR-AUC: 0.4887
