[11:15:07] Can't kekulize mol.  Unkekulized atoms: 1 2 3 4 5
[11:15:08] Explicit valence for atom # 0 Cl, 2, is greater than permitted
[11:15:08] Can't kekulize mol.  Unkekulized atoms: 3 4 5 6 7
[11:15:09] Can't kekulize mol.  Unkekulized atoms: 3 4 5 6 7
[11:15:09] WARNING: not removing hydrogen atom without neighbors
[11:15:11] Explicit valence for atom # 3 Si, 8, is greater than permitted
[11:15:12] Can't kekulize mol.  Unkekulized atoms: 1 2 3 4 5
[11:15:12] Can't kekulize mol.  Unkekulized atoms: 3 4 5 6 7
[11:15:12] Can't kekulize mol.  Unkekulized atoms: 1 2 3 4 5
[11:15:12] WARNING: not removing hydrogen atom without neighbors
[11:15:13] Can't kekulize mol.  Unkekulized atoms: 1 2 3 4 5
[11:15:13] Explicit valence for atom # 6 O, 3, is greater than permitted
[11:15:13] Explicit valence for atom # 3 Si, 8, is greater than permitted
[11:15:13] Explicit valence for atom # 0 Cl, 2, is greater than permitted
[11:17:42] Can't kekulize mol.  Unkekulized atoms: 1 2 3 4 5
[11:17:43] Explicit valence for atom # 0 Cl, 2, is greater than permitted
[11:17:43] Can't kekulize mol.  Unkekulized atoms: 3 4 5 6 7
[11:17:44] Can't kekulize mol.  Unkekulized atoms: 3 4 5 6 7
[11:17:46] Can't kekulize mol.  Unkekulized atoms: 1 2 3 4 5
[11:17:46] Can't kekulize mol.  Unkekulized atoms: 3 4 5 6 7
[11:17:47] Can't kekulize mol.  Unkekulized atoms: 1 2 3 4 5
[11:17:47] WARNING: not removing hydrogen atom without neighbors
[11:17:47] Can't kekulize mol.  Unkekulized atoms: 1 2 3 4 5
[11:17:47] Explicit valence for atom # 6 O, 3, is greater than permitted
[11:17:47] Explicit valence for atom # 3 Si, 8, is greater than permitted
[11:17:48] Explicit valence for atom # 0 Cl, 2, is greater than permitted
[11:19:04] Can't kekulize mol.  Unkekulized atoms: 1 2 3 4 5
[11:19:04] Explicit valence for atom # 0 Cl, 2, is greater than permitted
[11:19:05] Can't kekulize mol.  Unkekulized atoms: 3 4 5 6 7
[11:19:05] Can't kekulize mol.  Unkekulized atoms: 3 4 5 6 7
[11:19:08] Can't kekulize mol.  Unkekulized atoms: 1 2 3 4 5
[11:19:08] Can't kekulize mol.  Unkekulized atoms: 3 4 5 6 7
[11:19:08] Can't kekulize mol.  Unkekulized atoms: 1 2 3 4 5
[11:19:08] WARNING: not removing hydrogen atom without neighbors
[11:19:09] Can't kekulize mol.  Unkekulized atoms: 1 2 3 4 5
[11:19:09] Explicit valence for atom # 6 O, 3, is greater than permitted
[11:19:09] Explicit valence for atom # 3 Si, 8, is greater than permitted
[11:19:09] Explicit valence for atom # 0 Cl, 2, is greater than permitted
