[1/4] Excel → CSV 변환 중...
Saved pretrain CSV for TOX21_ERa_BLA_Antagonist_ratio: data/sample/TOX21_ERa_BLA_Antagonist_ratio.csv
Saved pretrain CSV for TOX21_ERa_LUC_VM7_Agonist: data/sample/TOX21_ERa_LUC_VM7_Agonist.csv
Saved pretrain CSV for TOX21_ERa_BLA_Antagonist_viability: data/sample/TOX21_ERa_BLA_Antagonist_viability.csv
Saved pretrain CSV for TOX21_ERa_LUC_VM7_Antagonist_0.5nM_E2: data/sample/TOX21_ERa_LUC_VM7_Antagonist_0.5nM_E2.csv
Saved pretrain CSV for TOX21_ERa_BLA_Antagonist_ch2: data/sample/TOX21_ERa_BLA_Antagonist_ch2.csv
Saved pretrain CSV for TOX21_ERa_BLA_Antagonist_ch1: data/sample/TOX21_ERa_BLA_Antagonist_ch1.csv
Saved pretrain CSV for TOX21_ERa_LUC_VM7_Antagonist_0.5nM_E2_viability: data/sample/TOX21_ERa_LUC_VM7_Antagonist_0.5nM_E2_viability.csv
Saved pretrain CSV for TOX21_ERa_BLA_Agonist_ch2: data/sample/TOX21_ERa_BLA_Agonist_ch2.csv
Saved pretrain CSV for TOX21_ERa_BLA_Agonist_ch1: data/sample/TOX21_ERa_BLA_Agonist_ch1.csv
Saved pretrain CSV for TOX21_ERa_BLA_Agonist_ratio: data/sample/TOX21_ERa_BLA_Agonist_ratio.csv
Saved pretrain CSV for TOX21_ERb_BLA_Antagonist_ch1: data/sample/TOX21_ERb_BLA_Antagonist_ch1.csv
Saved pretrain CSV for TOX21_ERb_BLA_Antagonist_ch2: data/sample/TOX21_ERb_BLA_Antagonist_ch2.csv
Saved pretrain CSV for TOX21_ERb_BLA_Agonist_viability: data/sample/TOX21_ERb_BLA_Agonist_viability.csv
Saved pretrain CSV for TOX21_ERb_BLA_Agonist_ratio: data/sample/TOX21_ERb_BLA_Agonist_ratio.csv
Saved pretrain CSV for TOX21_ERb_BLA_Agonist_ch2: data/sample/TOX21_ERb_BLA_Agonist_ch2.csv
Saved pretrain CSV for TOX21_ERb_BLA_Agonist_ch1: data/sample/TOX21_ERb_BLA_Agonist_ch1.csv
Saved pretrain CSV for TOX21_ERR_LUC_Agonist: data/sample/TOX21_ERR_LUC_Agonist.csv
Saved pretrain CSV for TOX21_ERa_LUC_VM7_Agonist_10nM_ICI182780_viability: data/sample/TOX21_ERa_LUC_VM7_Agonist_10nM_ICI182780_viability.csv
Saved pretrain CSV for TOX21_ERa_LUC_VM7_Antagonist_0.1nM_E2: data/sample/TOX21_ERa_LUC_VM7_Antagonist_0.1nM_E2.csv
Saved pretrain CSV for TOX21_ERb_BLA_Antagonist_ratio: data/sample/TOX21_ERb_BLA_Antagonist_ratio.csv
Saved pretrain CSV for TOX21_ERa_LUC_VM7_Agonist_10nM_ICI182780: data/sample/TOX21_ERa_LUC_VM7_Agonist_10nM_ICI182780.csv
Saved pretrain CSV for TOX21_ERR_LUC_viability: data/sample/TOX21_ERR_LUC_viability.csv
Saved pretrain CSV for TOX21_ERR_LUC_Antagonist: data/sample/TOX21_ERR_LUC_Antagonist.csv
Saved pretrain CSV for TOX21_ERa_LUC_VM7_Antagonist_0.1nM_E2_viability: data/sample/TOX21_ERa_LUC_VM7_Antagonist_0.1nM_E2_viability.csv
Saved pretrain CSV for TOX21_ERb_BLA_Antagonist_viability: data/sample/TOX21_ERb_BLA_Antagonist_viability.csv
Saved finetune CSV for TOX21_ERa_BLA_Antagonist_ratio: data/sample/TOX21_ERa_BLA_Antagonist_ratio.csv
Saved finetune CSV for TOX21_ERa_LUC_VM7_Agonist: data/sample/TOX21_ERa_LUC_VM7_Agonist.csv
Saved finetune CSV for TOX21_ERa_BLA_Antagonist_viability: data/sample/TOX21_ERa_BLA_Antagonist_viability.csv
Saved finetune CSV for TOX21_ERa_LUC_VM7_Antagonist_0.5nM_E2: data/sample/TOX21_ERa_LUC_VM7_Antagonist_0.5nM_E2.csv
Saved finetune CSV for TOX21_ERa_BLA_Antagonist_ch2: data/sample/TOX21_ERa_BLA_Antagonist_ch2.csv
Saved finetune CSV for TOX21_ERa_BLA_Antagonist_ch1: data/sample/TOX21_ERa_BLA_Antagonist_ch1.csv
Saved finetune CSV for TOX21_ERa_LUC_VM7_Antagonist_0.5nM_E2_viability: data/sample/TOX21_ERa_LUC_VM7_Antagonist_0.5nM_E2_viability.csv
Saved finetune CSV for TOX21_ERa_BLA_Agonist_ch2: data/sample/TOX21_ERa_BLA_Agonist_ch2.csv
Saved finetune CSV for TOX21_ERa_BLA_Agonist_ch1: data/sample/TOX21_ERa_BLA_Agonist_ch1.csv
Saved finetune CSV for TOX21_ERa_BLA_Agonist_ratio: data/sample/TOX21_ERa_BLA_Agonist_ratio.csv
Saved finetune CSV for TOX21_ERb_BLA_Antagonist_ch1: data/sample/TOX21_ERb_BLA_Antagonist_ch1.csv
Saved finetune CSV for TOX21_ERb_BLA_Antagonist_ch2: data/sample/TOX21_ERb_BLA_Antagonist_ch2.csv
Saved finetune CSV for TOX21_ERb_BLA_Agonist_viability: data/sample/TOX21_ERb_BLA_Agonist_viability.csv
Saved finetune CSV for TOX21_ERb_BLA_Agonist_ratio: data/sample/TOX21_ERb_BLA_Agonist_ratio.csv
Saved finetune CSV for TOX21_ERb_BLA_Agonist_ch2: data/sample/TOX21_ERb_BLA_Agonist_ch2.csv
Saved finetune CSV for TOX21_ERb_BLA_Agonist_ch1: data/sample/TOX21_ERb_BLA_Agonist_ch1.csv
Saved finetune CSV for TOX21_ERR_LUC_Agonist: data/sample/TOX21_ERR_LUC_Agonist.csv
Saved finetune CSV for TOX21_ERa_LUC_VM7_Agonist_10nM_ICI182780_viability: data/sample/TOX21_ERa_LUC_VM7_Agonist_10nM_ICI182780_viability.csv
Saved finetune CSV for TOX21_ERa_LUC_VM7_Antagonist_0.1nM_E2: data/sample/TOX21_ERa_LUC_VM7_Antagonist_0.1nM_E2.csv
Saved finetune CSV for TOX21_ERb_BLA_Antagonist_ratio: data/sample/TOX21_ERb_BLA_Antagonist_ratio.csv
Saved finetune CSV for TOX21_ERa_LUC_VM7_Agonist_10nM_ICI182780: data/sample/TOX21_ERa_LUC_VM7_Agonist_10nM_ICI182780.csv
Saved finetune CSV for TOX21_ERR_LUC_viability: data/sample/TOX21_ERR_LUC_viability.csv
Saved finetune CSV for TOX21_ERR_LUC_Antagonist: data/sample/TOX21_ERR_LUC_Antagonist.csv
Saved finetune CSV for TOX21_ERa_LUC_VM7_Antagonist_0.1nM_E2_viability: data/sample/TOX21_ERa_LUC_VM7_Antagonist_0.1nM_E2_viability.csv
Saved finetune CSV for TOX21_ERb_BLA_Antagonist_viability: data/sample/TOX21_ERb_BLA_Antagonist_viability.csv
[2/4] Pretraining on TOX21_ERa_LUC_VM7_Agonist using GIN_GCN...
Epoch 1/100 - Loss: 0.6695 - Val F1: 0.3018 - Val ROC-AUC: 0.6573 - Val PR-AUC: 0.2658
Epoch 2/100 - Loss: 0.6461 - Val F1: 0.2779 - Val ROC-AUC: 0.6444 - Val PR-AUC: 0.2640
Epoch 3/100 - Loss: 0.6318 - Val F1: 0.2575 - Val ROC-AUC: 0.6379 - Val PR-AUC: 0.2542
Epoch 4/100 - Loss: 0.6232 - Val F1: 0.2458 - Val ROC-AUC: 0.6280 - Val PR-AUC: 0.2305
Epoch 5/100 - Loss: 0.6109 - Val F1: 0.2573 - Val ROC-AUC: 0.6305 - Val PR-AUC: 0.2169
Epoch 6/100 - Loss: 0.6141 - Val F1: 0.2681 - Val ROC-AUC: 0.6698 - Val PR-AUC: 0.2514
Epoch 7/100 - Loss: 0.6137 - Val F1: 0.2800 - Val ROC-AUC: 0.6489 - Val PR-AUC: 0.2838
Epoch 8/100 - Loss: 0.6056 - Val F1: 0.3249 - Val ROC-AUC: 0.6793 - Val PR-AUC: 0.2958
Epoch 9/100 - Loss: 0.5923 - Val F1: 0.2612 - Val ROC-AUC: 0.6711 - Val PR-AUC: 0.2797
Epoch 10/100 - Loss: 0.5900 - Val F1: 0.3203 - Val ROC-AUC: 0.6956 - Val PR-AUC: 0.3122
Epoch 11/100 - Loss: 0.5821 - Val F1: 0.2851 - Val ROC-AUC: 0.6801 - Val PR-AUC: 0.3133
Epoch 12/100 - Loss: 0.5663 - Val F1: 0.2901 - Val ROC-AUC: 0.6717 - Val PR-AUC: 0.3013
Epoch 13/100 - Loss: 0.5643 - Val F1: 0.3067 - Val ROC-AUC: 0.6756 - Val PR-AUC: 0.2987
Epoch 14/100 - Loss: 0.5542 - Val F1: 0.3295 - Val ROC-AUC: 0.6879 - Val PR-AUC: 0.3226
Epoch 15/100 - Loss: 0.5513 - Val F1: 0.2646 - Val ROC-AUC: 0.6438 - Val PR-AUC: 0.2725
Epoch 16/100 - Loss: 0.5406 - Val F1: 0.3111 - Val ROC-AUC: 0.6741 - Val PR-AUC: 0.3077
Epoch 17/100 - Loss: 0.5406 - Val F1: 0.3112 - Val ROC-AUC: 0.6759 - Val PR-AUC: 0.2912
Epoch 18/100 - Loss: 0.5294 - Val F1: 0.3111 - Val ROC-AUC: 0.6830 - Val PR-AUC: 0.2966
Epoch 19/100 - Loss: 0.5293 - Val F1: 0.2815 - Val ROC-AUC: 0.6509 - Val PR-AUC: 0.2470
Epoch 20/100 - Loss: 0.5097 - Val F1: 0.3020 - Val ROC-AUC: 0.6783 - Val PR-AUC: 0.2875
Epoch 21/100 - Loss: 0.4922 - Val F1: 0.3211 - Val ROC-AUC: 0.6767 - Val PR-AUC: 0.3226
Epoch 22/100 - Loss: 0.4925 - Val F1: 0.3222 - Val ROC-AUC: 0.6765 - Val PR-AUC: 0.3270
Epoch 23/100 - Loss: 0.4836 - Val F1: 0.3188 - Val ROC-AUC: 0.6828 - Val PR-AUC: 0.3113
Epoch 24/100 - Loss: 0.4783 - Val F1: 0.3564 - Val ROC-AUC: 0.7025 - Val PR-AUC: 0.3471
Epoch 25/100 - Loss: 0.4671 - Val F1: 0.3135 - Val ROC-AUC: 0.6744 - Val PR-AUC: 0.2712
Epoch 26/100 - Loss: 0.4568 - Val F1: 0.3238 - Val ROC-AUC: 0.6918 - Val PR-AUC: 0.3197
Epoch 27/100 - Loss: 0.4497 - Val F1: 0.3008 - Val ROC-AUC: 0.6773 - Val PR-AUC: 0.3367
Epoch 28/100 - Loss: 0.4466 - Val F1: 0.3000 - Val ROC-AUC: 0.6809 - Val PR-AUC: 0.2783
Epoch 29/100 - Loss: 0.4360 - Val F1: 0.3391 - Val ROC-AUC: 0.6917 - Val PR-AUC: 0.2990
Epoch 30/100 - Loss: 0.4184 - Val F1: 0.2941 - Val ROC-AUC: 0.6722 - Val PR-AUC: 0.2908
Epoch 31/100 - Loss: 0.4216 - Val F1: 0.3298 - Val ROC-AUC: 0.6899 - Val PR-AUC: 0.3384
Epoch 32/100 - Loss: 0.4206 - Val F1: 0.3172 - Val ROC-AUC: 0.6843 - Val PR-AUC: 0.3086
Epoch 33/100 - Loss: 0.4099 - Val F1: 0.3180 - Val ROC-AUC: 0.6911 - Val PR-AUC: 0.3097
Epoch 34/100 - Loss: 0.4042 - Val F1: 0.3226 - Val ROC-AUC: 0.6887 - Val PR-AUC: 0.3039
Epoch 35/100 - Loss: 0.3984 - Val F1: 0.3256 - Val ROC-AUC: 0.6946 - Val PR-AUC: 0.3283
Epoch 36/100 - Loss: 0.4050 - Val F1: 0.3576 - Val ROC-AUC: 0.6999 - Val PR-AUC: 0.3374
Epoch 37/100 - Loss: 0.3895 - Val F1: 0.3158 - Val ROC-AUC: 0.7022 - Val PR-AUC: 0.3044
Epoch 38/100 - Loss: 0.3858 - Val F1: 0.3416 - Val ROC-AUC: 0.6804 - Val PR-AUC: 0.2955
Epoch 39/100 - Loss: 0.3871 - Val F1: 0.3404 - Val ROC-AUC: 0.6894 - Val PR-AUC: 0.3228
Epoch 40/100 - Loss: 0.3633 - Val F1: 0.3288 - Val ROC-AUC: 0.6993 - Val PR-AUC: 0.3277
Epoch 41/100 - Loss: 0.3574 - Val F1: 0.3185 - Val ROC-AUC: 0.6913 - Val PR-AUC: 0.3162
Epoch 42/100 - Loss: 0.3508 - Val F1: 0.3358 - Val ROC-AUC: 0.6878 - Val PR-AUC: 0.3167
Epoch 43/100 - Loss: 0.3522 - Val F1: 0.3333 - Val ROC-AUC: 0.6915 - Val PR-AUC: 0.3150
Epoch 44/100 - Loss: 0.3524 - Val F1: 0.2997 - Val ROC-AUC: 0.6855 - Val PR-AUC: 0.3063
Epoch 45/100 - Loss: 0.3507 - Val F1: 0.3453 - Val ROC-AUC: 0.7040 - Val PR-AUC: 0.3310
Epoch 46/100 - Loss: 0.3463 - Val F1: 0.3571 - Val ROC-AUC: 0.6944 - Val PR-AUC: 0.3163
Epoch 47/100 - Loss: 0.3375 - Val F1: 0.3267 - Val ROC-AUC: 0.6883 - Val PR-AUC: 0.3196
Epoch 48/100 - Loss: 0.3391 - Val F1: 0.3267 - Val ROC-AUC: 0.6981 - Val PR-AUC: 0.3355
Epoch 49/100 - Loss: 0.3354 - Val F1: 0.3077 - Val ROC-AUC: 0.6798 - Val PR-AUC: 0.3119
Epoch 50/100 - Loss: 0.3461 - Val F1: 0.3345 - Val ROC-AUC: 0.6928 - Val PR-AUC: 0.3305
Epoch 51/100 - Loss: 0.3249 - Val F1: 0.3176 - Val ROC-AUC: 0.6846 - Val PR-AUC: 0.3257
Epoch 52/100 - Loss: 0.3323 - Val F1: 0.3197 - Val ROC-AUC: 0.6917 - Val PR-AUC: 0.3204
Epoch 53/100 - Loss: 0.3348 - Val F1: 0.3521 - Val ROC-AUC: 0.6941 - Val PR-AUC: 0.3253
Epoch 54/100 - Loss: 0.3291 - Val F1: 0.3391 - Val ROC-AUC: 0.6941 - Val PR-AUC: 0.3347
Epoch 55/100 - Loss: 0.3189 - Val F1: 0.3057 - Val ROC-AUC: 0.6865 - Val PR-AUC: 0.3246
Epoch 56/100 - Loss: 0.3261 - Val F1: 0.3333 - Val ROC-AUC: 0.6873 - Val PR-AUC: 0.3299
Epoch 57/100 - Loss: 0.3245 - Val F1: 0.3276 - Val ROC-AUC: 0.6955 - Val PR-AUC: 0.3243
Epoch 58/100 - Loss: 0.3283 - Val F1: 0.3371 - Val ROC-AUC: 0.6839 - Val PR-AUC: 0.3175
Epoch 59/100 - Loss: 0.3271 - Val F1: 0.3127 - Val ROC-AUC: 0.6911 - Val PR-AUC: 0.3248
Epoch 60/100 - Loss: 0.3231 - Val F1: 0.3015 - Val ROC-AUC: 0.6834 - Val PR-AUC: 0.3157
Epoch 61/100 - Loss: 0.3249 - Val F1: 0.3139 - Val ROC-AUC: 0.6831 - Val PR-AUC: 0.3199
Epoch 62/100 - Loss: 0.3272 - Val F1: 0.3000 - Val ROC-AUC: 0.6865 - Val PR-AUC: 0.3189
Epoch 63/100 - Loss: 0.3295 - Val F1: 0.3099 - Val ROC-AUC: 0.6863 - Val PR-AUC: 0.3201
Epoch 64/100 - Loss: 0.3153 - Val F1: 0.3151 - Val ROC-AUC: 0.6883 - Val PR-AUC: 0.3237
Epoch 65/100 - Loss: 0.3133 - Val F1: 0.3147 - Val ROC-AUC: 0.6865 - Val PR-AUC: 0.3274
Epoch 66/100 - Loss: 0.3196 - Val F1: 0.3191 - Val ROC-AUC: 0.6865 - Val PR-AUC: 0.3149
Epoch 67/100 - Loss: 0.3172 - Val F1: 0.3170 - Val ROC-AUC: 0.6851 - Val PR-AUC: 0.3267
Epoch 68/100 - Loss: 0.3083 - Val F1: 0.3177 - Val ROC-AUC: 0.6786 - Val PR-AUC: 0.3147
Epoch 69/100 - Loss: 0.3193 - Val F1: 0.3258 - Val ROC-AUC: 0.6828 - Val PR-AUC: 0.3233
Epoch 70/100 - Loss: 0.2988 - Val F1: 0.3180 - Val ROC-AUC: 0.6870 - Val PR-AUC: 0.3193
Epoch 71/100 - Loss: 0.3100 - Val F1: 0.3189 - Val ROC-AUC: 0.6889 - Val PR-AUC: 0.3277
Epoch 72/100 - Loss: 0.3110 - Val F1: 0.3286 - Val ROC-AUC: 0.6938 - Val PR-AUC: 0.3316
Epoch 73/100 - Loss: 0.3008 - Val F1: 0.3322 - Val ROC-AUC: 0.6903 - Val PR-AUC: 0.3292
Epoch 74/100 - Loss: 0.3191 - Val F1: 0.3209 - Val ROC-AUC: 0.6885 - Val PR-AUC: 0.3322
Epoch 75/100 - Loss: 0.3107 - Val F1: 0.3170 - Val ROC-AUC: 0.6904 - Val PR-AUC: 0.3350
Epoch 76/100 - Loss: 0.3080 - Val F1: 0.3239 - Val ROC-AUC: 0.6919 - Val PR-AUC: 0.3346
Epoch 77/100 - Loss: 0.3024 - Val F1: 0.3165 - Val ROC-AUC: 0.6866 - Val PR-AUC: 0.3257
Epoch 78/100 - Loss: 0.3080 - Val F1: 0.3203 - Val ROC-AUC: 0.6875 - Val PR-AUC: 0.3233
Epoch 79/100 - Loss: 0.3009 - Val F1: 0.3177 - Val ROC-AUC: 0.6919 - Val PR-AUC: 0.3354
Epoch 80/100 - Loss: 0.3138 - Val F1: 0.3258 - Val ROC-AUC: 0.6908 - Val PR-AUC: 0.3227
Epoch 81/100 - Loss: 0.3031 - Val F1: 0.3188 - Val ROC-AUC: 0.6886 - Val PR-AUC: 0.3238
Epoch 82/100 - Loss: 0.3066 - Val F1: 0.3208 - Val ROC-AUC: 0.6885 - Val PR-AUC: 0.3306
Epoch 83/100 - Loss: 0.3022 - Val F1: 0.3209 - Val ROC-AUC: 0.6865 - Val PR-AUC: 0.3180
Epoch 84/100 - Loss: 0.3135 - Val F1: 0.3132 - Val ROC-AUC: 0.6883 - Val PR-AUC: 0.3277
Epoch 85/100 - Loss: 0.3004 - Val F1: 0.3268 - Val ROC-AUC: 0.6898 - Val PR-AUC: 0.3275
Epoch 86/100 - Loss: 0.3012 - Val F1: 0.3172 - Val ROC-AUC: 0.6903 - Val PR-AUC: 0.3195
Epoch 87/100 - Loss: 0.2858 - Val F1: 0.3194 - Val ROC-AUC: 0.6879 - Val PR-AUC: 0.3286
Epoch 88/100 - Loss: 0.2950 - Val F1: 0.3259 - Val ROC-AUC: 0.6859 - Val PR-AUC: 0.3206
Epoch 89/100 - Loss: 0.3023 - Val F1: 0.3261 - Val ROC-AUC: 0.6885 - Val PR-AUC: 0.3243
Epoch 90/100 - Loss: 0.2956 - Val F1: 0.3333 - Val ROC-AUC: 0.6883 - Val PR-AUC: 0.3271
Epoch 91/100 - Loss: 0.2922 - Val F1: 0.3285 - Val ROC-AUC: 0.6913 - Val PR-AUC: 0.3330
Epoch 92/100 - Loss: 0.3014 - Val F1: 0.3295 - Val ROC-AUC: 0.6890 - Val PR-AUC: 0.3218
Epoch 93/100 - Loss: 0.2894 - Val F1: 0.3139 - Val ROC-AUC: 0.6892 - Val PR-AUC: 0.3226
Epoch 94/100 - Loss: 0.3023 - Val F1: 0.3308 - Val ROC-AUC: 0.6856 - Val PR-AUC: 0.3278
Epoch 95/100 - Loss: 0.2990 - Val F1: 0.3191 - Val ROC-AUC: 0.6894 - Val PR-AUC: 0.3325
Epoch 96/100 - Loss: 0.2919 - Val F1: 0.3136 - Val ROC-AUC: 0.6878 - Val PR-AUC: 0.3291
Epoch 97/100 - Loss: 0.2957 - Val F1: 0.3223 - Val ROC-AUC: 0.6871 - Val PR-AUC: 0.3229
Epoch 98/100 - Loss: 0.2967 - Val F1: 0.3321 - Val ROC-AUC: 0.6890 - Val PR-AUC: 0.3229
Epoch 99/100 - Loss: 0.3035 - Val F1: 0.3233 - Val ROC-AUC: 0.6895 - Val PR-AUC: 0.3283
Epoch 100/100 - Loss: 0.2975 - Val F1: 0.3235 - Val ROC-AUC: 0.6895 - Val PR-AUC: 0.3269
Pretraining completed. Test F1: 0.3247, ROC-AUC: 0.6699, PR-AUC: 0.3163
[3/4] Finetuning on TOX21_ERR_LUC_viability using GIN_GCN...
[Fine-tune] Epoch 1/50 - Loss: 0.6031 - Val F1: 0.3557 - Val ROC-AUC: 0.7337 - Val PR-AUC: 0.2996
[Fine-tune] Epoch 2/50 - Loss: 0.5323 - Val F1: 0.3889 - Val ROC-AUC: 0.7235 - Val PR-AUC: 0.2802
[Fine-tune] Epoch 3/50 - Loss: 0.5013 - Val F1: 0.3871 - Val ROC-AUC: 0.7511 - Val PR-AUC: 0.3011
[Fine-tune] Epoch 4/50 - Loss: 0.4790 - Val F1: 0.3733 - Val ROC-AUC: 0.7435 - Val PR-AUC: 0.2978
[Fine-tune] Epoch 5/50 - Loss: 0.4864 - Val F1: 0.3463 - Val ROC-AUC: 0.7268 - Val PR-AUC: 0.2839
[Fine-tune] Epoch 6/50 - Loss: 0.4656 - Val F1: 0.3953 - Val ROC-AUC: 0.7646 - Val PR-AUC: 0.3548
[Fine-tune] Epoch 7/50 - Loss: 0.4652 - Val F1: 0.4140 - Val ROC-AUC: 0.7687 - Val PR-AUC: 0.3332
[Fine-tune] Epoch 8/50 - Loss: 0.4538 - Val F1: 0.3765 - Val ROC-AUC: 0.7632 - Val PR-AUC: 0.3503
[Fine-tune] Epoch 9/50 - Loss: 0.4373 - Val F1: 0.3779 - Val ROC-AUC: 0.7640 - Val PR-AUC: 0.3429
[Fine-tune] Epoch 10/50 - Loss: 0.4298 - Val F1: 0.3893 - Val ROC-AUC: 0.7491 - Val PR-AUC: 0.3172
[Fine-tune] Epoch 11/50 - Loss: 0.4092 - Val F1: 0.3944 - Val ROC-AUC: 0.7563 - Val PR-AUC: 0.3402
[Fine-tune] Epoch 12/50 - Loss: 0.3950 - Val F1: 0.3988 - Val ROC-AUC: 0.7723 - Val PR-AUC: 0.3443
[Fine-tune] Epoch 13/50 - Loss: 0.3881 - Val F1: 0.4107 - Val ROC-AUC: 0.7723 - Val PR-AUC: 0.3620
[Fine-tune] Epoch 14/50 - Loss: 0.3736 - Val F1: 0.4401 - Val ROC-AUC: 0.7838 - Val PR-AUC: 0.3421
[Fine-tune] Epoch 15/50 - Loss: 0.3686 - Val F1: 0.4331 - Val ROC-AUC: 0.7707 - Val PR-AUC: 0.3457
[Fine-tune] Epoch 16/50 - Loss: 0.3590 - Val F1: 0.4354 - Val ROC-AUC: 0.7714 - Val PR-AUC: 0.3284
[Fine-tune] Epoch 17/50 - Loss: 0.3571 - Val F1: 0.4158 - Val ROC-AUC: 0.7716 - Val PR-AUC: 0.3704
[Fine-tune] Epoch 18/50 - Loss: 0.3450 - Val F1: 0.4015 - Val ROC-AUC: 0.7799 - Val PR-AUC: 0.3707
[Fine-tune] Epoch 19/50 - Loss: 0.3466 - Val F1: 0.4088 - Val ROC-AUC: 0.7829 - Val PR-AUC: 0.3545
[Fine-tune] Epoch 20/50 - Loss: 0.3406 - Val F1: 0.4248 - Val ROC-AUC: 0.7795 - Val PR-AUC: 0.3804
[Fine-tune] Epoch 21/50 - Loss: 0.3068 - Val F1: 0.4604 - Val ROC-AUC: 0.7855 - Val PR-AUC: 0.3720
[Fine-tune] Epoch 22/50 - Loss: 0.3093 - Val F1: 0.4444 - Val ROC-AUC: 0.7826 - Val PR-AUC: 0.3632
[Fine-tune] Epoch 23/50 - Loss: 0.3104 - Val F1: 0.4415 - Val ROC-AUC: 0.7786 - Val PR-AUC: 0.3450
[Fine-tune] Epoch 24/50 - Loss: 0.3056 - Val F1: 0.4658 - Val ROC-AUC: 0.7891 - Val PR-AUC: 0.3780
[Fine-tune] Epoch 25/50 - Loss: 0.2898 - Val F1: 0.4337 - Val ROC-AUC: 0.7827 - Val PR-AUC: 0.3537
[Fine-tune] Epoch 26/50 - Loss: 0.2979 - Val F1: 0.4503 - Val ROC-AUC: 0.7862 - Val PR-AUC: 0.3695
[Fine-tune] Epoch 27/50 - Loss: 0.2848 - Val F1: 0.4595 - Val ROC-AUC: 0.7784 - Val PR-AUC: 0.3619
[Fine-tune] Epoch 28/50 - Loss: 0.2879 - Val F1: 0.4427 - Val ROC-AUC: 0.7823 - Val PR-AUC: 0.3693
[Fine-tune] Epoch 29/50 - Loss: 0.2837 - Val F1: 0.4514 - Val ROC-AUC: 0.7775 - Val PR-AUC: 0.3616
[Fine-tune] Epoch 30/50 - Loss: 0.2946 - Val F1: 0.4422 - Val ROC-AUC: 0.7764 - Val PR-AUC: 0.3747
[Fine-tune] Epoch 31/50 - Loss: 0.2701 - Val F1: 0.4270 - Val ROC-AUC: 0.7823 - Val PR-AUC: 0.3640
[Fine-tune] Epoch 32/50 - Loss: 0.2579 - Val F1: 0.4604 - Val ROC-AUC: 0.7759 - Val PR-AUC: 0.3572
[Fine-tune] Epoch 33/50 - Loss: 0.2602 - Val F1: 0.4599 - Val ROC-AUC: 0.7873 - Val PR-AUC: 0.3702
[Fine-tune] Epoch 34/50 - Loss: 0.2673 - Val F1: 0.4388 - Val ROC-AUC: 0.7751 - Val PR-AUC: 0.3572
[Fine-tune] Epoch 35/50 - Loss: 0.2571 - Val F1: 0.4362 - Val ROC-AUC: 0.7785 - Val PR-AUC: 0.3579
[Fine-tune] Epoch 36/50 - Loss: 0.2460 - Val F1: 0.4475 - Val ROC-AUC: 0.7789 - Val PR-AUC: 0.3651
[Fine-tune] Epoch 37/50 - Loss: 0.2482 - Val F1: 0.4514 - Val ROC-AUC: 0.7797 - Val PR-AUC: 0.3614
[Fine-tune] Epoch 38/50 - Loss: 0.2428 - Val F1: 0.4203 - Val ROC-AUC: 0.7723 - Val PR-AUC: 0.3509
[Fine-tune] Epoch 39/50 - Loss: 0.2455 - Val F1: 0.4360 - Val ROC-AUC: 0.7770 - Val PR-AUC: 0.3594
[Fine-tune] Epoch 40/50 - Loss: 0.2425 - Val F1: 0.4260 - Val ROC-AUC: 0.7679 - Val PR-AUC: 0.3559
[Fine-tune] Epoch 41/50 - Loss: 0.2474 - Val F1: 0.4382 - Val ROC-AUC: 0.7651 - Val PR-AUC: 0.3558
[Fine-tune] Epoch 42/50 - Loss: 0.2329 - Val F1: 0.4259 - Val ROC-AUC: 0.7680 - Val PR-AUC: 0.3522
[Fine-tune] Epoch 43/50 - Loss: 0.2292 - Val F1: 0.4366 - Val ROC-AUC: 0.7744 - Val PR-AUC: 0.3574
[Fine-tune] Epoch 44/50 - Loss: 0.2232 - Val F1: 0.4413 - Val ROC-AUC: 0.7718 - Val PR-AUC: 0.3486
[Fine-tune] Epoch 45/50 - Loss: 0.2342 - Val F1: 0.4328 - Val ROC-AUC: 0.7711 - Val PR-AUC: 0.3444
[Fine-tune] Epoch 46/50 - Loss: 0.2187 - Val F1: 0.4221 - Val ROC-AUC: 0.7681 - Val PR-AUC: 0.3560
[Fine-tune] Epoch 47/50 - Loss: 0.2251 - Val F1: 0.4326 - Val ROC-AUC: 0.7685 - Val PR-AUC: 0.3528
[Fine-tune] Epoch 48/50 - Loss: 0.2202 - Val F1: 0.4332 - Val ROC-AUC: 0.7715 - Val PR-AUC: 0.3513
[Fine-tune] Epoch 49/50 - Loss: 0.2193 - Val F1: 0.4255 - Val ROC-AUC: 0.7697 - Val PR-AUC: 0.3548
[Fine-tune] Epoch 50/50 - Loss: 0.2228 - Val F1: 0.4176 - Val ROC-AUC: 0.7662 - Val PR-AUC: 0.3474
Finetuning completed. Test F1: 0.4537, ROC-AUC: 0.8344, PR-AUC: 0.4307
[3.1/4] Target-only training on TOX21_ERR_LUC_viability using GIN_GCN...
=== Target-only training ===
[Target-only] Epoch 1/50 – Loss: 0.6021  Val F1: 0.3487  ROC-AUC: 0.6931  PR-AUC: 0.2343
[Target-only] Epoch 2/50 – Loss: 0.5671  Val F1: 0.3631  ROC-AUC: 0.7164  PR-AUC: 0.2607
[Target-only] Epoch 3/50 – Loss: 0.5302  Val F1: 0.3214  ROC-AUC: 0.7067  PR-AUC: 0.2629
[Target-only] Epoch 4/50 – Loss: 0.5152  Val F1: 0.3631  ROC-AUC: 0.7099  PR-AUC: 0.2471
