[1/4] Converting Excel to CSV...
→ 변환 스킵: SOURCE_DATA_PATH와 TARGET_DATA_PATH가 모두 존재합니다.
[2/4] Pre-training on TOX21_ERa_LUC_VM7_Antagonist_0.1nM_E2...
Epoch 1/50 - Loss: 0.6334 - Val F1: 0.2853 - Val ROC-AUC: 0.7303 - Val PR-AUC: 0.2564
Epoch 2/50 - Loss: 0.6019 - Val F1: 0.3725 - Val ROC-AUC: 0.7476 - Val PR-AUC: 0.2998
Epoch 3/50 - Loss: 0.5875 - Val F1: 0.3636 - Val ROC-AUC: 0.7526 - Val PR-AUC: 0.3260
Epoch 4/50 - Loss: 0.5628 - Val F1: 0.3844 - Val ROC-AUC: 0.7733 - Val PR-AUC: 0.3350
Epoch 5/50 - Loss: 0.5444 - Val F1: 0.3923 - Val ROC-AUC: 0.7552 - Val PR-AUC: 0.3246
Epoch 6/50 - Loss: 0.5317 - Val F1: 0.3420 - Val ROC-AUC: 0.7684 - Val PR-AUC: 0.3646
Epoch 7/50 - Loss: 0.5167 - Val F1: 0.3641 - Val ROC-AUC: 0.7777 - Val PR-AUC: 0.3403
Epoch 8/50 - Loss: 0.5234 - Val F1: 0.3844 - Val ROC-AUC: 0.7731 - Val PR-AUC: 0.3460
Epoch 9/50 - Loss: 0.5131 - Val F1: 0.3600 - Val ROC-AUC: 0.7838 - Val PR-AUC: 0.3493
Epoch 10/50 - Loss: 0.4943 - Val F1: 0.3843 - Val ROC-AUC: 0.7672 - Val PR-AUC: 0.3399
Epoch 11/50 - Loss: 0.4822 - Val F1: 0.3782 - Val ROC-AUC: 0.7836 - Val PR-AUC: 0.3606
Epoch 12/50 - Loss: 0.4724 - Val F1: 0.3990 - Val ROC-AUC: 0.8022 - Val PR-AUC: 0.3736
Epoch 13/50 - Loss: 0.4510 - Val F1: 0.4012 - Val ROC-AUC: 0.7886 - Val PR-AUC: 0.3413
Epoch 14/50 - Loss: 0.4590 - Val F1: 0.4000 - Val ROC-AUC: 0.7983 - Val PR-AUC: 0.3952
Epoch 15/50 - Loss: 0.4697 - Val F1: 0.4099 - Val ROC-AUC: 0.8016 - Val PR-AUC: 0.4006
Epoch 16/50 - Loss: 0.4490 - Val F1: 0.4181 - Val ROC-AUC: 0.8077 - Val PR-AUC: 0.3721
Epoch 17/50 - Loss: 0.4526 - Val F1: 0.3898 - Val ROC-AUC: 0.7962 - Val PR-AUC: 0.3871
Epoch 18/50 - Loss: 0.4379 - Val F1: 0.4190 - Val ROC-AUC: 0.8111 - Val PR-AUC: 0.3924
Epoch 19/50 - Loss: 0.4232 - Val F1: 0.4275 - Val ROC-AUC: 0.7917 - Val PR-AUC: 0.3855
Epoch 20/50 - Loss: 0.4329 - Val F1: 0.4186 - Val ROC-AUC: 0.8036 - Val PR-AUC: 0.3749
Epoch 21/50 - Loss: 0.4150 - Val F1: 0.4262 - Val ROC-AUC: 0.8152 - Val PR-AUC: 0.3896
Epoch 22/50 - Loss: 0.3942 - Val F1: 0.4126 - Val ROC-AUC: 0.8114 - Val PR-AUC: 0.3650
Epoch 23/50 - Loss: 0.3989 - Val F1: 0.4364 - Val ROC-AUC: 0.8178 - Val PR-AUC: 0.3737
Epoch 24/50 - Loss: 0.3801 - Val F1: 0.4274 - Val ROC-AUC: 0.8119 - Val PR-AUC: 0.3801
Epoch 25/50 - Loss: 0.3885 - Val F1: 0.4305 - Val ROC-AUC: 0.8047 - Val PR-AUC: 0.3810
Epoch 26/50 - Loss: 0.3864 - Val F1: 0.4164 - Val ROC-AUC: 0.8059 - Val PR-AUC: 0.3695
Epoch 27/50 - Loss: 0.3865 - Val F1: 0.4121 - Val ROC-AUC: 0.7949 - Val PR-AUC: 0.3610
Epoch 28/50 - Loss: 0.3845 - Val F1: 0.4291 - Val ROC-AUC: 0.7979 - Val PR-AUC: 0.3781
Epoch 29/50 - Loss: 0.3705 - Val F1: 0.4221 - Val ROC-AUC: 0.8063 - Val PR-AUC: 0.3766
Epoch 30/50 - Loss: 0.3604 - Val F1: 0.4290 - Val ROC-AUC: 0.8152 - Val PR-AUC: 0.3799
Epoch 31/50 - Loss: 0.3565 - Val F1: 0.4204 - Val ROC-AUC: 0.8070 - Val PR-AUC: 0.3840
Epoch 32/50 - Loss: 0.3467 - Val F1: 0.4326 - Val ROC-AUC: 0.8096 - Val PR-AUC: 0.3872
Epoch 33/50 - Loss: 0.3574 - Val F1: 0.4088 - Val ROC-AUC: 0.8060 - Val PR-AUC: 0.3504
Epoch 34/50 - Loss: 0.3559 - Val F1: 0.4407 - Val ROC-AUC: 0.8104 - Val PR-AUC: 0.3434
Epoch 35/50 - Loss: 0.3340 - Val F1: 0.4207 - Val ROC-AUC: 0.8061 - Val PR-AUC: 0.3650
Epoch 36/50 - Loss: 0.3344 - Val F1: 0.4262 - Val ROC-AUC: 0.7996 - Val PR-AUC: 0.3301
Epoch 37/50 - Loss: 0.3336 - Val F1: 0.4207 - Val ROC-AUC: 0.8017 - Val PR-AUC: 0.3596
Epoch 38/50 - Loss: 0.3370 - Val F1: 0.4129 - Val ROC-AUC: 0.8073 - Val PR-AUC: 0.3648
Epoch 39/50 - Loss: 0.3332 - Val F1: 0.4221 - Val ROC-AUC: 0.8038 - Val PR-AUC: 0.3530
Epoch 40/50 - Loss: 0.3306 - Val F1: 0.4169 - Val ROC-AUC: 0.8087 - Val PR-AUC: 0.3576
Epoch 41/50 - Loss: 0.3200 - Val F1: 0.4079 - Val ROC-AUC: 0.8023 - Val PR-AUC: 0.3433
Epoch 42/50 - Loss: 0.3279 - Val F1: 0.4295 - Val ROC-AUC: 0.8075 - Val PR-AUC: 0.3569
Epoch 43/50 - Loss: 0.3186 - Val F1: 0.4459 - Val ROC-AUC: 0.8114 - Val PR-AUC: 0.3600
Epoch 44/50 - Loss: 0.3214 - Val F1: 0.4319 - Val ROC-AUC: 0.8110 - Val PR-AUC: 0.3537
Epoch 45/50 - Loss: 0.3117 - Val F1: 0.4365 - Val ROC-AUC: 0.8157 - Val PR-AUC: 0.3712
Epoch 46/50 - Loss: 0.3188 - Val F1: 0.4348 - Val ROC-AUC: 0.8109 - Val PR-AUC: 0.3616
Epoch 47/50 - Loss: 0.3155 - Val F1: 0.4248 - Val ROC-AUC: 0.8082 - Val PR-AUC: 0.3674
Epoch 48/50 - Loss: 0.3033 - Val F1: 0.4390 - Val ROC-AUC: 0.8020 - Val PR-AUC: 0.3445
Epoch 49/50 - Loss: 0.3102 - Val F1: 0.4385 - Val ROC-AUC: 0.8056 - Val PR-AUC: 0.3461
Epoch 50/50 - Loss: 0.3174 - Val F1: 0.4062 - Val ROC-AUC: 0.8050 - Val PR-AUC: 0.3481
Pretraining completed. Test F1: 0.4387, ROC-AUC: 0.8048, PR-AUC: 0.4242
[3/4] Fine-tuning on TOX21_ERa_LUC_VM7_Antagonist_0.5nM_E2...
[Fine-tune] Epoch 1/50 - Loss: 0.7086 - Val F1: 0.1914 - Val ROC-AUC: 0.5307 - Val PR-AUC: 0.1100
[Fine-tune] Epoch 2/50 - Loss: 0.6639 - Val F1: 0.1871 - Val ROC-AUC: 0.5419 - Val PR-AUC: 0.1136
[Fine-tune] Epoch 3/50 - Loss: 0.6490 - Val F1: 0.1814 - Val ROC-AUC: 0.5171 - Val PR-AUC: 0.1094
[Fine-tune] Epoch 4/50 - Loss: 0.6471 - Val F1: 0.1774 - Val ROC-AUC: 0.5052 - Val PR-AUC: 0.1046
[Fine-tune] Epoch 5/50 - Loss: 0.6321 - Val F1: 0.1872 - Val ROC-AUC: 0.5246 - Val PR-AUC: 0.1065
[Fine-tune] Epoch 6/50 - Loss: 0.6271 - Val F1: 0.1651 - Val ROC-AUC: 0.5091 - Val PR-AUC: 0.1004
[Fine-tune] Epoch 7/50 - Loss: 0.6199 - Val F1: 0.1706 - Val ROC-AUC: 0.5088 - Val PR-AUC: 0.1058
[Fine-tune] Epoch 8/50 - Loss: 0.6122 - Val F1: 0.1618 - Val ROC-AUC: 0.5286 - Val PR-AUC: 0.1079
[Fine-tune] Epoch 9/50 - Loss: 0.6086 - Val F1: 0.1445 - Val ROC-AUC: 0.4869 - Val PR-AUC: 0.0983
[Fine-tune] Epoch 10/50 - Loss: 0.5962 - Val F1: 0.2092 - Val ROC-AUC: 0.5774 - Val PR-AUC: 0.1310
[Fine-tune] Epoch 11/50 - Loss: 0.5731 - Val F1: 0.1723 - Val ROC-AUC: 0.5172 - Val PR-AUC: 0.1068
[Fine-tune] Epoch 12/50 - Loss: 0.5623 - Val F1: 0.1548 - Val ROC-AUC: 0.5041 - Val PR-AUC: 0.1003
[Fine-tune] Epoch 13/50 - Loss: 0.5610 - Val F1: 0.1600 - Val ROC-AUC: 0.5098 - Val PR-AUC: 0.1055
[Fine-tune] Epoch 14/50 - Loss: 0.5459 - Val F1: 0.1710 - Val ROC-AUC: 0.5044 - Val PR-AUC: 0.1105
[Fine-tune] Epoch 15/50 - Loss: 0.5359 - Val F1: 0.1733 - Val ROC-AUC: 0.5236 - Val PR-AUC: 0.1059
[Fine-tune] Epoch 16/50 - Loss: 0.5353 - Val F1: 0.1783 - Val ROC-AUC: 0.5277 - Val PR-AUC: 0.1075
[Fine-tune] Epoch 17/50 - Loss: 0.5271 - Val F1: 0.1717 - Val ROC-AUC: 0.4972 - Val PR-AUC: 0.1002
[Fine-tune] Epoch 18/50 - Loss: 0.5255 - Val F1: 0.1857 - Val ROC-AUC: 0.5460 - Val PR-AUC: 0.1116
[Fine-tune] Epoch 19/50 - Loss: 0.5009 - Val F1: 0.1757 - Val ROC-AUC: 0.5404 - Val PR-AUC: 0.1112
[Fine-tune] Epoch 20/50 - Loss: 0.5063 - Val F1: 0.1929 - Val ROC-AUC: 0.5486 - Val PR-AUC: 0.1151
[Fine-tune] Epoch 21/50 - Loss: 0.4784 - Val F1: 0.1755 - Val ROC-AUC: 0.5329 - Val PR-AUC: 0.1123
[Fine-tune] Epoch 22/50 - Loss: 0.4745 - Val F1: 0.1840 - Val ROC-AUC: 0.5257 - Val PR-AUC: 0.1075
[Fine-tune] Epoch 23/50 - Loss: 0.4648 - Val F1: 0.1449 - Val ROC-AUC: 0.5091 - Val PR-AUC: 0.1025
[Fine-tune] Epoch 24/50 - Loss: 0.4665 - Val F1: 0.1714 - Val ROC-AUC: 0.5133 - Val PR-AUC: 0.1042
[Fine-tune] Epoch 25/50 - Loss: 0.4519 - Val F1: 0.1650 - Val ROC-AUC: 0.5258 - Val PR-AUC: 0.1126
[Fine-tune] Epoch 26/50 - Loss: 0.4515 - Val F1: 0.1543 - Val ROC-AUC: 0.5052 - Val PR-AUC: 0.1024
[Fine-tune] Epoch 27/50 - Loss: 0.4462 - Val F1: 0.1851 - Val ROC-AUC: 0.5330 - Val PR-AUC: 0.1111
[Fine-tune] Epoch 28/50 - Loss: 0.4371 - Val F1: 0.1680 - Val ROC-AUC: 0.5266 - Val PR-AUC: 0.1082
[Fine-tune] Epoch 29/50 - Loss: 0.4405 - Val F1: 0.1731 - Val ROC-AUC: 0.5233 - Val PR-AUC: 0.1076
[Fine-tune] Epoch 30/50 - Loss: 0.4296 - Val F1: 0.1795 - Val ROC-AUC: 0.5315 - Val PR-AUC: 0.1129
[Fine-tune] Epoch 31/50 - Loss: 0.4095 - Val F1: 0.1595 - Val ROC-AUC: 0.5182 - Val PR-AUC: 0.1056
[Fine-tune] Epoch 32/50 - Loss: 0.4099 - Val F1: 0.1808 - Val ROC-AUC: 0.5244 - Val PR-AUC: 0.1101
[Fine-tune] Epoch 33/50 - Loss: 0.4010 - Val F1: 0.1803 - Val ROC-AUC: 0.5244 - Val PR-AUC: 0.1078
[Fine-tune] Epoch 34/50 - Loss: 0.3974 - Val F1: 0.1657 - Val ROC-AUC: 0.5090 - Val PR-AUC: 0.1045
[Fine-tune] Epoch 35/50 - Loss: 0.3978 - Val F1: 0.1746 - Val ROC-AUC: 0.5218 - Val PR-AUC: 0.1094
[Fine-tune] Epoch 36/50 - Loss: 0.3941 - Val F1: 0.1671 - Val ROC-AUC: 0.5210 - Val PR-AUC: 0.1054
[Fine-tune] Epoch 37/50 - Loss: 0.3904 - Val F1: 0.1807 - Val ROC-AUC: 0.5116 - Val PR-AUC: 0.1050
[Fine-tune] Epoch 38/50 - Loss: 0.3945 - Val F1: 0.1637 - Val ROC-AUC: 0.5073 - Val PR-AUC: 0.1039
[Fine-tune] Epoch 39/50 - Loss: 0.3833 - Val F1: 0.1329 - Val ROC-AUC: 0.5058 - Val PR-AUC: 0.1023
[Fine-tune] Epoch 40/50 - Loss: 0.3805 - Val F1: 0.1651 - Val ROC-AUC: 0.5231 - Val PR-AUC: 0.1097
[Fine-tune] Epoch 41/50 - Loss: 0.3665 - Val F1: 0.1647 - Val ROC-AUC: 0.5242 - Val PR-AUC: 0.1104
[Fine-tune] Epoch 42/50 - Loss: 0.3724 - Val F1: 0.1491 - Val ROC-AUC: 0.5137 - Val PR-AUC: 0.1079
[Fine-tune] Epoch 43/50 - Loss: 0.3633 - Val F1: 0.1598 - Val ROC-AUC: 0.5108 - Val PR-AUC: 0.1044
[Fine-tune] Epoch 44/50 - Loss: 0.3848 - Val F1: 0.1534 - Val ROC-AUC: 0.5108 - Val PR-AUC: 0.1045
[Fine-tune] Epoch 45/50 - Loss: 0.3701 - Val F1: 0.1548 - Val ROC-AUC: 0.5119 - Val PR-AUC: 0.1055
[Fine-tune] Epoch 46/50 - Loss: 0.3504 - Val F1: 0.1585 - Val ROC-AUC: 0.5188 - Val PR-AUC: 0.1067
[Fine-tune] Epoch 47/50 - Loss: 0.3561 - Val F1: 0.1445 - Val ROC-AUC: 0.5173 - Val PR-AUC: 0.1070
[Fine-tune] Epoch 48/50 - Loss: 0.3656 - Val F1: 0.1447 - Val ROC-AUC: 0.5087 - Val PR-AUC: 0.1041
[Fine-tune] Epoch 49/50 - Loss: 0.3513 - Val F1: 0.1646 - Val ROC-AUC: 0.5265 - Val PR-AUC: 0.1090
[Fine-tune] Epoch 50/50 - Loss: 0.3678 - Val F1: 0.1788 - Val ROC-AUC: 0.5270 - Val PR-AUC: 0.1095
Finetuning completed. Test F1: 0.1372, ROC-AUC: 0.4696, PR-AUC: 0.1003
[3.1/4] Target-only training on TOX21_ERa_LUC_VM7_Antagonist_0.5nM_E2...
=== Target-only training ===
[Target-only] Epoch 1/50 – Loss: 0.7117  Val F1: 0.1956  ROC-AUC: 0.5389  PR-AUC: 0.1073
[Target-only] Epoch 2/50 – Loss: 0.6941  Val F1: 0.1921  ROC-AUC: 0.5396  PR-AUC: 0.1203
[Target-only] Epoch 3/50 – Loss: 0.6820  Val F1: 0.1752  ROC-AUC: 0.5147  PR-AUC: 0.1044
[Target-only] Epoch 4/50 – Loss: 0.6798  Val F1: 0.1713  ROC-AUC: 0.5252  PR-AUC: 0.1058
[Target-only] Epoch 5/50 – Loss: 0.6764  Val F1: 0.1944  ROC-AUC: 0.5427  PR-AUC: 0.1178
[Target-only] Epoch 6/50 – Loss: 0.6729  Val F1: 0.1921  ROC-AUC: 0.5069  PR-AUC: 0.0995
[Target-only] Epoch 7/50 – Loss: 0.6711  Val F1: 0.2023  ROC-AUC: 0.5537  PR-AUC: 0.1183
[Target-only] Epoch 8/50 – Loss: 0.6631  Val F1: 0.2096  ROC-AUC: 0.5749  PR-AUC: 0.1200
[Target-only] Epoch 9/50 – Loss: 0.6533  Val F1: 0.2006  ROC-AUC: 0.5688  PR-AUC: 0.1187
[Target-only] Epoch 10/50 – Loss: 0.6498  Val F1: 0.1505  ROC-AUC: 0.5367  PR-AUC: 0.1058
[Target-only] Epoch 11/50 – Loss: 0.6349  Val F1: 0.2015  ROC-AUC: 0.5588  PR-AUC: 0.1125
[Target-only] Epoch 12/50 – Loss: 0.6190  Val F1: 0.1703  ROC-AUC: 0.5290  PR-AUC: 0.1054
[Target-only] Epoch 13/50 – Loss: 0.6190  Val F1: 0.1659  ROC-AUC: 0.5502  PR-AUC: 0.1142
[Target-only] Epoch 14/50 – Loss: 0.6252  Val F1: 0.1810  ROC-AUC: 0.5210  PR-AUC: 0.1112
[Target-only] Epoch 15/50 – Loss: 0.6131  Val F1: 0.1351  ROC-AUC: 0.5207  PR-AUC: 0.1068
[Target-only] Epoch 16/50 – Loss: 0.6032  Val F1: 0.1996  ROC-AUC: 0.5414  PR-AUC: 0.1124
[Target-only] Epoch 17/50 – Loss: 0.6033  Val F1: 0.1609  ROC-AUC: 0.5237  PR-AUC: 0.1038
[Target-only] Epoch 18/50 – Loss: 0.5923  Val F1: 0.1834  ROC-AUC: 0.5315  PR-AUC: 0.1114
[Target-only] Epoch 19/50 – Loss: 0.5936  Val F1: 0.1694  ROC-AUC: 0.5191  PR-AUC: 0.1069
[Target-only] Epoch 20/50 – Loss: 0.5846  Val F1: 0.1770  ROC-AUC: 0.5134  PR-AUC: 0.1059
[Target-only] Epoch 21/50 – Loss: 0.5706  Val F1: 0.1542  ROC-AUC: 0.5222  PR-AUC: 0.1108
[Target-only] Epoch 22/50 – Loss: 0.5661  Val F1: 0.1972  ROC-AUC: 0.5501  PR-AUC: 0.1162
[Target-only] Epoch 23/50 – Loss: 0.5623  Val F1: 0.2069  ROC-AUC: 0.5476  PR-AUC: 0.1115
[Target-only] Epoch 24/50 – Loss: 0.5587  Val F1: 0.1952  ROC-AUC: 0.5315  PR-AUC: 0.1107
[Target-only] Epoch 25/50 – Loss: 0.5460  Val F1: 0.1955  ROC-AUC: 0.5479  PR-AUC: 0.1117
[Target-only] Epoch 26/50 – Loss: 0.5456  Val F1: 0.1586  ROC-AUC: 0.5290  PR-AUC: 0.1102
[Target-only] Epoch 27/50 – Loss: 0.5471  Val F1: 0.2086  ROC-AUC: 0.5595  PR-AUC: 0.1196
[Target-only] Epoch 28/50 – Loss: 0.5414  Val F1: 0.1519  ROC-AUC: 0.5211  PR-AUC: 0.1080
[Target-only] Epoch 29/50 – Loss: 0.5394  Val F1: 0.1898  ROC-AUC: 0.5383  PR-AUC: 0.1101
[Target-only] Epoch 30/50 – Loss: 0.5299  Val F1: 0.1948  ROC-AUC: 0.5385  PR-AUC: 0.1143
[Target-only] Epoch 31/50 – Loss: 0.5253  Val F1: 0.1897  ROC-AUC: 0.5409  PR-AUC: 0.1180
[Target-only] Epoch 32/50 – Loss: 0.5219  Val F1: 0.2010  ROC-AUC: 0.5492  PR-AUC: 0.1193
[Target-only] Epoch 33/50 – Loss: 0.5202  Val F1: 0.2032  ROC-AUC: 0.5386  PR-AUC: 0.1228
[Target-only] Epoch 34/50 – Loss: 0.5128  Val F1: 0.1965  ROC-AUC: 0.5282  PR-AUC: 0.1140
[Target-only] Epoch 35/50 – Loss: 0.5183  Val F1: 0.2053  ROC-AUC: 0.5264  PR-AUC: 0.1096
[Target-only] Epoch 36/50 – Loss: 0.5093  Val F1: 0.2000  ROC-AUC: 0.5320  PR-AUC: 0.1128
[Target-only] Epoch 37/50 – Loss: 0.4956  Val F1: 0.1925  ROC-AUC: 0.5355  PR-AUC: 0.1126
[Target-only] Epoch 38/50 – Loss: 0.5010  Val F1: 0.1976  ROC-AUC: 0.5332  PR-AUC: 0.1115
[Target-only] Epoch 39/50 – Loss: 0.4912  Val F1: 0.1968  ROC-AUC: 0.5270  PR-AUC: 0.1116
[Target-only] Epoch 40/50 – Loss: 0.4941  Val F1: 0.2050  ROC-AUC: 0.5462  PR-AUC: 0.1166
[Target-only] Epoch 41/50 – Loss: 0.4919  Val F1: 0.1885  ROC-AUC: 0.5384  PR-AUC: 0.1138
[Target-only] Epoch 42/50 – Loss: 0.4869  Val F1: 0.1857  ROC-AUC: 0.5342  PR-AUC: 0.1125
[Target-only] Epoch 43/50 – Loss: 0.4715  Val F1: 0.2011  ROC-AUC: 0.5433  PR-AUC: 0.1144
[Target-only] Epoch 44/50 – Loss: 0.4912  Val F1: 0.2087  ROC-AUC: 0.5421  PR-AUC: 0.1149
[Target-only] Epoch 45/50 – Loss: 0.4774  Val F1: 0.1864  ROC-AUC: 0.5347  PR-AUC: 0.1117
[Target-only] Epoch 46/50 – Loss: 0.4900  Val F1: 0.1803  ROC-AUC: 0.5335  PR-AUC: 0.1116
[Target-only] Epoch 47/50 – Loss: 0.4826  Val F1: 0.1942  ROC-AUC: 0.5379  PR-AUC: 0.1135
[Target-only] Epoch 48/50 – Loss: 0.4790  Val F1: 0.1974  ROC-AUC: 0.5399  PR-AUC: 0.1151
[Target-only] Epoch 49/50 – Loss: 0.4509  Val F1: 0.1921  ROC-AUC: 0.5399  PR-AUC: 0.1169
[Target-only] Epoch 50/50 – Loss: 0.4747  Val F1: 0.1963  ROC-AUC: 0.5423  PR-AUC: 0.1198
=== Target-only TEST performance ===
Test F1: 0.1329, ROC-AUC: 0.4576, PR-AUC: 0.0974
[4/4] Visualizing embeddings...
✅ Saved embeddings.png
✅ 모든 단계가 성공적으로 완료되었습니다!
