[1/4] Excel → CSV 변환 중...
Saved pretrain CSV for TOX21_ERa_LUC_VM7_Agonist: data/sample/TOX21_ERa_LUC_VM7_Agonist.csv
Saved pretrain CSV for TOX21_ERb_BLA_Agonist_viability: data/sample/TOX21_ERb_BLA_Agonist_viability.csv
Saved pretrain CSV for TOX21_ERa_LUC_VM7_Agonist_10nM_ICI182780_viability: data/sample/TOX21_ERa_LUC_VM7_Agonist_10nM_ICI182780_viability.csv
Saved pretrain CSV for TOX21_ERR_LUC_viability: data/sample/TOX21_ERR_LUC_viability.csv
Saved finetune CSV for ATG_ERE_CIS: data/sample/ATG_ERE_CIS.csv
[2/4] Pretraining on TOX21_ERR_LUC_viability using GIN_GCN...
Epoch 1/50 - Loss: 0.6003 - Val F1: 0.3567 - Val ROC-AUC: 0.7070 - Val PR-AUC: 0.2511
Epoch 2/50 - Loss: 0.5588 - Val F1: 0.3103 - Val ROC-AUC: 0.6994 - Val PR-AUC: 0.2721
Epoch 3/50 - Loss: 0.5321 - Val F1: 0.3346 - Val ROC-AUC: 0.7167 - Val PR-AUC: 0.2743
Epoch 4/50 - Loss: 0.5118 - Val F1: 0.3657 - Val ROC-AUC: 0.7384 - Val PR-AUC: 0.2852
Epoch 5/50 - Loss: 0.4973 - Val F1: 0.3301 - Val ROC-AUC: 0.7367 - Val PR-AUC: 0.2860
Epoch 6/50 - Loss: 0.4906 - Val F1: 0.3120 - Val ROC-AUC: 0.7075 - Val PR-AUC: 0.2583
Epoch 7/50 - Loss: 0.5026 - Val F1: 0.2674 - Val ROC-AUC: 0.6995 - Val PR-AUC: 0.2741
Epoch 8/50 - Loss: 0.4721 - Val F1: 0.4101 - Val ROC-AUC: 0.7500 - Val PR-AUC: 0.3093
Epoch 9/50 - Loss: 0.4634 - Val F1: 0.4071 - Val ROC-AUC: 0.7709 - Val PR-AUC: 0.3271
Epoch 10/50 - Loss: 0.4529 - Val F1: 0.3988 - Val ROC-AUC: 0.7486 - Val PR-AUC: 0.3035
Epoch 11/50 - Loss: 0.4315 - Val F1: 0.3901 - Val ROC-AUC: 0.7720 - Val PR-AUC: 0.3294
Epoch 12/50 - Loss: 0.4099 - Val F1: 0.4286 - Val ROC-AUC: 0.7800 - Val PR-AUC: 0.3546
Epoch 13/50 - Loss: 0.4196 - Val F1: 0.4164 - Val ROC-AUC: 0.7721 - Val PR-AUC: 0.3477
Epoch 14/50 - Loss: 0.4116 - Val F1: 0.4331 - Val ROC-AUC: 0.7799 - Val PR-AUC: 0.3646
Epoch 15/50 - Loss: 0.4034 - Val F1: 0.3785 - Val ROC-AUC: 0.7744 - Val PR-AUC: 0.3628
Epoch 16/50 - Loss: 0.4120 - Val F1: 0.4483 - Val ROC-AUC: 0.7851 - Val PR-AUC: 0.3614
Epoch 17/50 - Loss: 0.3786 - Val F1: 0.4291 - Val ROC-AUC: 0.7787 - Val PR-AUC: 0.3581
Epoch 18/50 - Loss: 0.3793 - Val F1: 0.4367 - Val ROC-AUC: 0.7819 - Val PR-AUC: 0.3658
Epoch 19/50 - Loss: 0.3800 - Val F1: 0.4551 - Val ROC-AUC: 0.7872 - Val PR-AUC: 0.3846
Epoch 20/50 - Loss: 0.3746 - Val F1: 0.4521 - Val ROC-AUC: 0.7788 - Val PR-AUC: 0.3451
Epoch 21/50 - Loss: 0.3408 - Val F1: 0.4561 - Val ROC-AUC: 0.7886 - Val PR-AUC: 0.3738
Epoch 22/50 - Loss: 0.3470 - Val F1: 0.4674 - Val ROC-AUC: 0.7913 - Val PR-AUC: 0.3876
Epoch 23/50 - Loss: 0.3350 - Val F1: 0.4671 - Val ROC-AUC: 0.7848 - Val PR-AUC: 0.3803
Epoch 24/50 - Loss: 0.3371 - Val F1: 0.4615 - Val ROC-AUC: 0.7925 - Val PR-AUC: 0.4078
Epoch 25/50 - Loss: 0.3197 - Val F1: 0.4452 - Val ROC-AUC: 0.7828 - Val PR-AUC: 0.3974
Epoch 26/50 - Loss: 0.3190 - Val F1: 0.4570 - Val ROC-AUC: 0.7943 - Val PR-AUC: 0.4075
Epoch 27/50 - Loss: 0.3050 - Val F1: 0.4610 - Val ROC-AUC: 0.7866 - Val PR-AUC: 0.3921
Epoch 28/50 - Loss: 0.3089 - Val F1: 0.4521 - Val ROC-AUC: 0.7895 - Val PR-AUC: 0.3612
Epoch 29/50 - Loss: 0.3021 - Val F1: 0.4046 - Val ROC-AUC: 0.7759 - Val PR-AUC: 0.3482
Epoch 30/50 - Loss: 0.3088 - Val F1: 0.4595 - Val ROC-AUC: 0.7896 - Val PR-AUC: 0.3899
Epoch 31/50 - Loss: 0.2886 - Val F1: 0.4610 - Val ROC-AUC: 0.7899 - Val PR-AUC: 0.3950
Epoch 32/50 - Loss: 0.2750 - Val F1: 0.4173 - Val ROC-AUC: 0.7875 - Val PR-AUC: 0.3842
Epoch 33/50 - Loss: 0.2655 - Val F1: 0.4558 - Val ROC-AUC: 0.7875 - Val PR-AUC: 0.3700
Epoch 34/50 - Loss: 0.2775 - Val F1: 0.4444 - Val ROC-AUC: 0.7887 - Val PR-AUC: 0.3767
Epoch 35/50 - Loss: 0.2758 - Val F1: 0.4539 - Val ROC-AUC: 0.7857 - Val PR-AUC: 0.3815
Epoch 36/50 - Loss: 0.2632 - Val F1: 0.4621 - Val ROC-AUC: 0.7911 - Val PR-AUC: 0.3992
Epoch 37/50 - Loss: 0.2487 - Val F1: 0.4505 - Val ROC-AUC: 0.7896 - Val PR-AUC: 0.3922
Epoch 38/50 - Loss: 0.2622 - Val F1: 0.4390 - Val ROC-AUC: 0.7885 - Val PR-AUC: 0.3928
Epoch 39/50 - Loss: 0.2624 - Val F1: 0.4342 - Val ROC-AUC: 0.7855 - Val PR-AUC: 0.3892
Epoch 40/50 - Loss: 0.2539 - Val F1: 0.4516 - Val ROC-AUC: 0.7876 - Val PR-AUC: 0.3845
Epoch 41/50 - Loss: 0.2502 - Val F1: 0.4542 - Val ROC-AUC: 0.7877 - Val PR-AUC: 0.3926
Epoch 42/50 - Loss: 0.2423 - Val F1: 0.4659 - Val ROC-AUC: 0.7893 - Val PR-AUC: 0.3865
Epoch 43/50 - Loss: 0.2457 - Val F1: 0.4559 - Val ROC-AUC: 0.7874 - Val PR-AUC: 0.3803
Epoch 44/50 - Loss: 0.2312 - Val F1: 0.4588 - Val ROC-AUC: 0.7838 - Val PR-AUC: 0.3753
Epoch 45/50 - Loss: 0.2426 - Val F1: 0.4610 - Val ROC-AUC: 0.7844 - Val PR-AUC: 0.3703
Epoch 46/50 - Loss: 0.2359 - Val F1: 0.4588 - Val ROC-AUC: 0.7879 - Val PR-AUC: 0.3795
Epoch 47/50 - Loss: 0.2344 - Val F1: 0.4437 - Val ROC-AUC: 0.7880 - Val PR-AUC: 0.3830
Epoch 48/50 - Loss: 0.2226 - Val F1: 0.4494 - Val ROC-AUC: 0.7853 - Val PR-AUC: 0.3744
Epoch 49/50 - Loss: 0.2332 - Val F1: 0.4485 - Val ROC-AUC: 0.7914 - Val PR-AUC: 0.3896
Epoch 50/50 - Loss: 0.2275 - Val F1: 0.4468 - Val ROC-AUC: 0.7870 - Val PR-AUC: 0.3851
Pretraining completed. Test F1: 0.4660, ROC-AUC: 0.8380, PR-AUC: 0.4713
✅ 실험 완료: TOX21_ERR_LUC_viability -> ATG_ERE_CIS [GIN_GCN]
