[1/4] Excel → CSV 변환 중...
Saved pretrain CSV for TOX21_ERa_LUC_VM7_Agonist: data/sample/TOX21_ERa_LUC_VM7_Agonist.csv
Saved pretrain CSV for TOX21_ERb_BLA_Agonist_viability: data/sample/TOX21_ERb_BLA_Agonist_viability.csv
Saved pretrain CSV for TOX21_ERa_LUC_VM7_Agonist_10nM_ICI182780_viability: data/sample/TOX21_ERa_LUC_VM7_Agonist_10nM_ICI182780_viability.csv
Saved pretrain CSV for TOX21_ERR_LUC_viability: data/sample/TOX21_ERR_LUC_viability.csv
Saved finetune CSV for ATG_ERE_CIS: data/sample/ATG_ERE_CIS.csv
[2/4] Pretraining on TOX21_ERa_LUC_VM7_Agonist using GCN...
Epoch 1/50 - Loss: 0.6609 - Val F1: 0.2547 - Val ROC-AUC: 0.6450 - Val PR-AUC: 0.2510
Epoch 2/50 - Loss: 0.6474 - Val F1: 0.2618 - Val ROC-AUC: 0.6429 - Val PR-AUC: 0.2529
Epoch 3/50 - Loss: 0.6459 - Val F1: 0.2538 - Val ROC-AUC: 0.6591 - Val PR-AUC: 0.2635
Epoch 4/50 - Loss: 0.6389 - Val F1: 0.3047 - Val ROC-AUC: 0.6607 - Val PR-AUC: 0.2543
Epoch 5/50 - Loss: 0.6358 - Val F1: 0.2891 - Val ROC-AUC: 0.6629 - Val PR-AUC: 0.2671
Epoch 6/50 - Loss: 0.6380 - Val F1: 0.3062 - Val ROC-AUC: 0.6810 - Val PR-AUC: 0.2702
Epoch 7/50 - Loss: 0.6301 - Val F1: 0.3087 - Val ROC-AUC: 0.6603 - Val PR-AUC: 0.2742
Epoch 8/50 - Loss: 0.6134 - Val F1: 0.3057 - Val ROC-AUC: 0.6908 - Val PR-AUC: 0.2782
Epoch 9/50 - Loss: 0.6172 - Val F1: 0.2965 - Val ROC-AUC: 0.6680 - Val PR-AUC: 0.2651
Epoch 10/50 - Loss: 0.6192 - Val F1: 0.2888 - Val ROC-AUC: 0.6796 - Val PR-AUC: 0.2826
Epoch 11/50 - Loss: 0.6132 - Val F1: 0.3175 - Val ROC-AUC: 0.6822 - Val PR-AUC: 0.2876
Epoch 12/50 - Loss: 0.6027 - Val F1: 0.2906 - Val ROC-AUC: 0.6664 - Val PR-AUC: 0.2796
Epoch 13/50 - Loss: 0.6088 - Val F1: 0.3266 - Val ROC-AUC: 0.6798 - Val PR-AUC: 0.2807
Epoch 14/50 - Loss: 0.6053 - Val F1: 0.2870 - Val ROC-AUC: 0.6724 - Val PR-AUC: 0.2654
Epoch 15/50 - Loss: 0.5984 - Val F1: 0.2791 - Val ROC-AUC: 0.6870 - Val PR-AUC: 0.2797
Epoch 16/50 - Loss: 0.5992 - Val F1: 0.3026 - Val ROC-AUC: 0.6912 - Val PR-AUC: 0.3018
Epoch 17/50 - Loss: 0.5900 - Val F1: 0.2837 - Val ROC-AUC: 0.6872 - Val PR-AUC: 0.2895
Epoch 18/50 - Loss: 0.6048 - Val F1: 0.2930 - Val ROC-AUC: 0.6791 - Val PR-AUC: 0.3149
Epoch 19/50 - Loss: 0.6005 - Val F1: 0.2902 - Val ROC-AUC: 0.6902 - Val PR-AUC: 0.3079
Epoch 20/50 - Loss: 0.5934 - Val F1: 0.3068 - Val ROC-AUC: 0.6866 - Val PR-AUC: 0.3023
Epoch 21/50 - Loss: 0.5934 - Val F1: 0.3105 - Val ROC-AUC: 0.7018 - Val PR-AUC: 0.2897
Epoch 22/50 - Loss: 0.5854 - Val F1: 0.2955 - Val ROC-AUC: 0.6975 - Val PR-AUC: 0.2977
Epoch 23/50 - Loss: 0.5850 - Val F1: 0.3134 - Val ROC-AUC: 0.6941 - Val PR-AUC: 0.3096
Epoch 24/50 - Loss: 0.5952 - Val F1: 0.3178 - Val ROC-AUC: 0.6954 - Val PR-AUC: 0.3003
Epoch 25/50 - Loss: 0.5909 - Val F1: 0.3139 - Val ROC-AUC: 0.6828 - Val PR-AUC: 0.2861
Epoch 26/50 - Loss: 0.5870 - Val F1: 0.3107 - Val ROC-AUC: 0.7016 - Val PR-AUC: 0.2990
Epoch 27/50 - Loss: 0.5842 - Val F1: 0.3294 - Val ROC-AUC: 0.6967 - Val PR-AUC: 0.3156
Epoch 28/50 - Loss: 0.5870 - Val F1: 0.3172 - Val ROC-AUC: 0.6990 - Val PR-AUC: 0.3032
Epoch 29/50 - Loss: 0.5938 - Val F1: 0.3315 - Val ROC-AUC: 0.7025 - Val PR-AUC: 0.3097
Epoch 30/50 - Loss: 0.5886 - Val F1: 0.2904 - Val ROC-AUC: 0.6885 - Val PR-AUC: 0.2933
Epoch 31/50 - Loss: 0.5770 - Val F1: 0.3234 - Val ROC-AUC: 0.6899 - Val PR-AUC: 0.3206
Epoch 32/50 - Loss: 0.5771 - Val F1: 0.3222 - Val ROC-AUC: 0.7005 - Val PR-AUC: 0.3243
Epoch 33/50 - Loss: 0.5758 - Val F1: 0.3105 - Val ROC-AUC: 0.7035 - Val PR-AUC: 0.3119
Epoch 34/50 - Loss: 0.5745 - Val F1: 0.3144 - Val ROC-AUC: 0.6920 - Val PR-AUC: 0.3030
Epoch 35/50 - Loss: 0.5701 - Val F1: 0.3141 - Val ROC-AUC: 0.6963 - Val PR-AUC: 0.2956
Epoch 36/50 - Loss: 0.5656 - Val F1: 0.3211 - Val ROC-AUC: 0.7007 - Val PR-AUC: 0.3053
Epoch 37/50 - Loss: 0.5801 - Val F1: 0.3333 - Val ROC-AUC: 0.7032 - Val PR-AUC: 0.3244
Epoch 38/50 - Loss: 0.5724 - Val F1: 0.3041 - Val ROC-AUC: 0.6945 - Val PR-AUC: 0.2995
Epoch 39/50 - Loss: 0.5786 - Val F1: 0.3166 - Val ROC-AUC: 0.7049 - Val PR-AUC: 0.3124
Epoch 40/50 - Loss: 0.5671 - Val F1: 0.3029 - Val ROC-AUC: 0.6974 - Val PR-AUC: 0.3098
Epoch 41/50 - Loss: 0.5737 - Val F1: 0.3175 - Val ROC-AUC: 0.6972 - Val PR-AUC: 0.3115
Epoch 42/50 - Loss: 0.5694 - Val F1: 0.3148 - Val ROC-AUC: 0.6992 - Val PR-AUC: 0.3183
Epoch 43/50 - Loss: 0.5700 - Val F1: 0.3125 - Val ROC-AUC: 0.6998 - Val PR-AUC: 0.3289
Epoch 44/50 - Loss: 0.5742 - Val F1: 0.3133 - Val ROC-AUC: 0.6994 - Val PR-AUC: 0.3163
Epoch 45/50 - Loss: 0.5741 - Val F1: 0.3226 - Val ROC-AUC: 0.7051 - Val PR-AUC: 0.3135
Epoch 46/50 - Loss: 0.5651 - Val F1: 0.3247 - Val ROC-AUC: 0.7038 - Val PR-AUC: 0.3179
Epoch 47/50 - Loss: 0.5651 - Val F1: 0.3224 - Val ROC-AUC: 0.7040 - Val PR-AUC: 0.3144
Epoch 48/50 - Loss: 0.5644 - Val F1: 0.3237 - Val ROC-AUC: 0.7053 - Val PR-AUC: 0.3224
Epoch 49/50 - Loss: 0.5697 - Val F1: 0.3107 - Val ROC-AUC: 0.6965 - Val PR-AUC: 0.3121
Epoch 50/50 - Loss: 0.5738 - Val F1: 0.3174 - Val ROC-AUC: 0.6985 - Val PR-AUC: 0.3058
Pretraining completed. Test F1: 0.3072, ROC-AUC: 0.6718, PR-AUC: 0.3608
✅ 실험 완료: TOX21_ERa_LUC_VM7_Agonist -> ATG_ERE_CIS [GCN]
