[1/4] Excel → CSV 변환 중...
Saved pretrain CSV for TOX21_ERa_LUC_VM7_Agonist: data/sample/TOX21_ERa_LUC_VM7_Agonist.csv
Saved pretrain CSV for TOX21_ERb_BLA_Agonist_viability: data/sample/TOX21_ERb_BLA_Agonist_viability.csv
Saved pretrain CSV for TOX21_ERa_LUC_VM7_Agonist_10nM_ICI182780_viability: data/sample/TOX21_ERa_LUC_VM7_Agonist_10nM_ICI182780_viability.csv
Saved pretrain CSV for TOX21_ERR_LUC_viability: data/sample/TOX21_ERR_LUC_viability.csv
Saved finetune CSV for ATG_ERE_CIS: data/sample/ATG_ERE_CIS.csv
[2/4] Pretraining on TOX21_ERR_LUC_viability using GCN...
Epoch 1/50 - Loss: 0.6049 - Val F1: 0.3117 - Val ROC-AUC: 0.6813 - Val PR-AUC: 0.2192
Epoch 2/50 - Loss: 0.5685 - Val F1: 0.3266 - Val ROC-AUC: 0.6856 - Val PR-AUC: 0.2146
Epoch 3/50 - Loss: 0.5485 - Val F1: 0.3235 - Val ROC-AUC: 0.7145 - Val PR-AUC: 0.2442
Epoch 4/50 - Loss: 0.5415 - Val F1: 0.3397 - Val ROC-AUC: 0.7192 - Val PR-AUC: 0.2664
Epoch 5/50 - Loss: 0.5278 - Val F1: 0.3750 - Val ROC-AUC: 0.7347 - Val PR-AUC: 0.2713
Epoch 6/50 - Loss: 0.5238 - Val F1: 0.3659 - Val ROC-AUC: 0.7321 - Val PR-AUC: 0.2904
Epoch 7/50 - Loss: 0.5264 - Val F1: 0.3252 - Val ROC-AUC: 0.7279 - Val PR-AUC: 0.3039
Epoch 8/50 - Loss: 0.5118 - Val F1: 0.3818 - Val ROC-AUC: 0.7434 - Val PR-AUC: 0.2936
Epoch 9/50 - Loss: 0.5071 - Val F1: 0.3480 - Val ROC-AUC: 0.7364 - Val PR-AUC: 0.2927
Epoch 10/50 - Loss: 0.4994 - Val F1: 0.3659 - Val ROC-AUC: 0.7234 - Val PR-AUC: 0.2796
Epoch 11/50 - Loss: 0.4917 - Val F1: 0.3747 - Val ROC-AUC: 0.7410 - Val PR-AUC: 0.2988
Epoch 12/50 - Loss: 0.4821 - Val F1: 0.3524 - Val ROC-AUC: 0.7401 - Val PR-AUC: 0.2899
Epoch 13/50 - Loss: 0.4836 - Val F1: 0.3700 - Val ROC-AUC: 0.7380 - Val PR-AUC: 0.2852
Epoch 14/50 - Loss: 0.4893 - Val F1: 0.3667 - Val ROC-AUC: 0.7503 - Val PR-AUC: 0.3037
Epoch 15/50 - Loss: 0.4932 - Val F1: 0.3559 - Val ROC-AUC: 0.7478 - Val PR-AUC: 0.2848
Epoch 16/50 - Loss: 0.4818 - Val F1: 0.3822 - Val ROC-AUC: 0.7530 - Val PR-AUC: 0.2895
Epoch 17/50 - Loss: 0.4903 - Val F1: 0.3684 - Val ROC-AUC: 0.7416 - Val PR-AUC: 0.2856
Epoch 18/50 - Loss: 0.4825 - Val F1: 0.3948 - Val ROC-AUC: 0.7515 - Val PR-AUC: 0.2989
Epoch 19/50 - Loss: 0.4748 - Val F1: 0.3804 - Val ROC-AUC: 0.7421 - Val PR-AUC: 0.2938
Epoch 20/50 - Loss: 0.4715 - Val F1: 0.3679 - Val ROC-AUC: 0.7524 - Val PR-AUC: 0.3017
Epoch 21/50 - Loss: 0.4642 - Val F1: 0.3875 - Val ROC-AUC: 0.7464 - Val PR-AUC: 0.2977
Epoch 22/50 - Loss: 0.4791 - Val F1: 0.3934 - Val ROC-AUC: 0.7559 - Val PR-AUC: 0.3049
Epoch 23/50 - Loss: 0.4750 - Val F1: 0.3722 - Val ROC-AUC: 0.7453 - Val PR-AUC: 0.2878
Epoch 24/50 - Loss: 0.4718 - Val F1: 0.3837 - Val ROC-AUC: 0.7585 - Val PR-AUC: 0.2956
Epoch 25/50 - Loss: 0.4617 - Val F1: 0.3866 - Val ROC-AUC: 0.7593 - Val PR-AUC: 0.3040
Epoch 26/50 - Loss: 0.4543 - Val F1: 0.3667 - Val ROC-AUC: 0.7558 - Val PR-AUC: 0.3098
Epoch 27/50 - Loss: 0.4592 - Val F1: 0.3767 - Val ROC-AUC: 0.7566 - Val PR-AUC: 0.3017
Epoch 28/50 - Loss: 0.4641 - Val F1: 0.3869 - Val ROC-AUC: 0.7636 - Val PR-AUC: 0.3131
Epoch 29/50 - Loss: 0.4508 - Val F1: 0.3987 - Val ROC-AUC: 0.7617 - Val PR-AUC: 0.3039
Epoch 30/50 - Loss: 0.4606 - Val F1: 0.3964 - Val ROC-AUC: 0.7639 - Val PR-AUC: 0.3091
Epoch 31/50 - Loss: 0.4564 - Val F1: 0.3944 - Val ROC-AUC: 0.7615 - Val PR-AUC: 0.3086
Epoch 32/50 - Loss: 0.4590 - Val F1: 0.3901 - Val ROC-AUC: 0.7623 - Val PR-AUC: 0.3157
Epoch 33/50 - Loss: 0.4586 - Val F1: 0.3924 - Val ROC-AUC: 0.7610 - Val PR-AUC: 0.3130
Epoch 34/50 - Loss: 0.4406 - Val F1: 0.3833 - Val ROC-AUC: 0.7595 - Val PR-AUC: 0.3100
Epoch 35/50 - Loss: 0.4662 - Val F1: 0.3968 - Val ROC-AUC: 0.7641 - Val PR-AUC: 0.3080
Epoch 36/50 - Loss: 0.4492 - Val F1: 0.3914 - Val ROC-AUC: 0.7629 - Val PR-AUC: 0.3125
Epoch 37/50 - Loss: 0.4509 - Val F1: 0.3909 - Val ROC-AUC: 0.7615 - Val PR-AUC: 0.3044
Epoch 38/50 - Loss: 0.4586 - Val F1: 0.3754 - Val ROC-AUC: 0.7601 - Val PR-AUC: 0.3074
Epoch 39/50 - Loss: 0.4589 - Val F1: 0.3740 - Val ROC-AUC: 0.7616 - Val PR-AUC: 0.3093
Epoch 40/50 - Loss: 0.4472 - Val F1: 0.3766 - Val ROC-AUC: 0.7623 - Val PR-AUC: 0.3079
Epoch 41/50 - Loss: 0.4443 - Val F1: 0.3867 - Val ROC-AUC: 0.7633 - Val PR-AUC: 0.3137
Epoch 42/50 - Loss: 0.4482 - Val F1: 0.3988 - Val ROC-AUC: 0.7682 - Val PR-AUC: 0.3185
Epoch 43/50 - Loss: 0.4533 - Val F1: 0.3920 - Val ROC-AUC: 0.7605 - Val PR-AUC: 0.3141
Epoch 44/50 - Loss: 0.4474 - Val F1: 0.3965 - Val ROC-AUC: 0.7657 - Val PR-AUC: 0.3169
Epoch 45/50 - Loss: 0.4402 - Val F1: 0.4036 - Val ROC-AUC: 0.7636 - Val PR-AUC: 0.3105
Epoch 46/50 - Loss: 0.4494 - Val F1: 0.3842 - Val ROC-AUC: 0.7637 - Val PR-AUC: 0.3198
Epoch 47/50 - Loss: 0.4560 - Val F1: 0.3895 - Val ROC-AUC: 0.7678 - Val PR-AUC: 0.3173
Epoch 48/50 - Loss: 0.4501 - Val F1: 0.3944 - Val ROC-AUC: 0.7678 - Val PR-AUC: 0.3207
Epoch 49/50 - Loss: 0.4366 - Val F1: 0.4034 - Val ROC-AUC: 0.7694 - Val PR-AUC: 0.3266
Epoch 50/50 - Loss: 0.4476 - Val F1: 0.3898 - Val ROC-AUC: 0.7651 - Val PR-AUC: 0.3216
Pretraining completed. Test F1: 0.4522, ROC-AUC: 0.8110, PR-AUC: 0.3794
✅ 실험 완료: TOX21_ERR_LUC_viability -> ATG_ERE_CIS [GCN]
