[1/4] Excel → CSV 변환 중...
Saved pretrain CSV for TOX21_ERa_LUC_VM7_Agonist: data/sample/TOX21_ERa_LUC_VM7_Agonist.csv
Saved pretrain CSV for TOX21_ERb_BLA_Agonist_viability: data/sample/TOX21_ERb_BLA_Agonist_viability.csv
Saved pretrain CSV for TOX21_ERa_LUC_VM7_Agonist_10nM_ICI182780_viability: data/sample/TOX21_ERa_LUC_VM7_Agonist_10nM_ICI182780_viability.csv
Saved pretrain CSV for TOX21_ERR_LUC_viability: data/sample/TOX21_ERR_LUC_viability.csv
Saved finetune CSV for ATG_ERE_CIS: data/sample/ATG_ERE_CIS.csv
[2/4] Pretraining on TOX21_ERa_LUC_VM7_Agonist_10nM_ICI182780_viability using GCN_GAT...
Epoch 1/50 - Loss: 0.5802 - Val F1: 0.3451 - Val ROC-AUC: 0.7881 - Val PR-AUC: 0.2966
Epoch 2/50 - Loss: 0.5188 - Val F1: 0.3345 - Val ROC-AUC: 0.7852 - Val PR-AUC: 0.3116
Epoch 3/50 - Loss: 0.4978 - Val F1: 0.3715 - Val ROC-AUC: 0.8179 - Val PR-AUC: 0.3748
Epoch 4/50 - Loss: 0.4872 - Val F1: 0.2921 - Val ROC-AUC: 0.7521 - Val PR-AUC: 0.3242
Epoch 5/50 - Loss: 0.4593 - Val F1: 0.2959 - Val ROC-AUC: 0.8196 - Val PR-AUC: 0.3734
Epoch 6/50 - Loss: 0.4509 - Val F1: 0.3514 - Val ROC-AUC: 0.7828 - Val PR-AUC: 0.2999
Epoch 7/50 - Loss: 0.4455 - Val F1: 0.3613 - Val ROC-AUC: 0.7899 - Val PR-AUC: 0.3583
Epoch 8/50 - Loss: 0.4496 - Val F1: 0.3292 - Val ROC-AUC: 0.7905 - Val PR-AUC: 0.3594
Epoch 9/50 - Loss: 0.4310 - Val F1: 0.2932 - Val ROC-AUC: 0.8129 - Val PR-AUC: 0.3664
Epoch 10/50 - Loss: 0.4209 - Val F1: 0.3426 - Val ROC-AUC: 0.7967 - Val PR-AUC: 0.3198
Epoch 11/50 - Loss: 0.4074 - Val F1: 0.3259 - Val ROC-AUC: 0.8039 - Val PR-AUC: 0.3454
Epoch 12/50 - Loss: 0.3846 - Val F1: 0.3750 - Val ROC-AUC: 0.8199 - Val PR-AUC: 0.3825
Epoch 13/50 - Loss: 0.4064 - Val F1: 0.3519 - Val ROC-AUC: 0.8047 - Val PR-AUC: 0.3778
Epoch 14/50 - Loss: 0.3952 - Val F1: 0.3390 - Val ROC-AUC: 0.8099 - Val PR-AUC: 0.3786
Epoch 15/50 - Loss: 0.3927 - Val F1: 0.3364 - Val ROC-AUC: 0.7890 - Val PR-AUC: 0.3153
Epoch 16/50 - Loss: 0.3927 - Val F1: 0.3623 - Val ROC-AUC: 0.8210 - Val PR-AUC: 0.3948
Epoch 17/50 - Loss: 0.3925 - Val F1: 0.3644 - Val ROC-AUC: 0.8163 - Val PR-AUC: 0.3875
Epoch 18/50 - Loss: 0.3803 - Val F1: 0.3516 - Val ROC-AUC: 0.8123 - Val PR-AUC: 0.3531
Epoch 19/50 - Loss: 0.3762 - Val F1: 0.3664 - Val ROC-AUC: 0.8084 - Val PR-AUC: 0.3299
Epoch 20/50 - Loss: 0.3746 - Val F1: 0.3502 - Val ROC-AUC: 0.8029 - Val PR-AUC: 0.3676
Epoch 21/50 - Loss: 0.3677 - Val F1: 0.3636 - Val ROC-AUC: 0.8061 - Val PR-AUC: 0.3581
Epoch 22/50 - Loss: 0.3662 - Val F1: 0.3750 - Val ROC-AUC: 0.8070 - Val PR-AUC: 0.3810
Epoch 23/50 - Loss: 0.3613 - Val F1: 0.3738 - Val ROC-AUC: 0.8150 - Val PR-AUC: 0.3679
Epoch 24/50 - Loss: 0.3590 - Val F1: 0.3565 - Val ROC-AUC: 0.7900 - Val PR-AUC: 0.3446
Epoch 25/50 - Loss: 0.3527 - Val F1: 0.3510 - Val ROC-AUC: 0.7964 - Val PR-AUC: 0.3504
Epoch 26/50 - Loss: 0.3664 - Val F1: 0.3761 - Val ROC-AUC: 0.8163 - Val PR-AUC: 0.3501
Epoch 27/50 - Loss: 0.3643 - Val F1: 0.3650 - Val ROC-AUC: 0.8116 - Val PR-AUC: 0.3673
Epoch 28/50 - Loss: 0.3551 - Val F1: 0.3846 - Val ROC-AUC: 0.8123 - Val PR-AUC: 0.3841
Epoch 29/50 - Loss: 0.3556 - Val F1: 0.3629 - Val ROC-AUC: 0.7907 - Val PR-AUC: 0.3464
Epoch 30/50 - Loss: 0.3586 - Val F1: 0.3613 - Val ROC-AUC: 0.8075 - Val PR-AUC: 0.3703
Epoch 31/50 - Loss: 0.3435 - Val F1: 0.3607 - Val ROC-AUC: 0.8068 - Val PR-AUC: 0.3947
Epoch 32/50 - Loss: 0.3402 - Val F1: 0.3898 - Val ROC-AUC: 0.8195 - Val PR-AUC: 0.3816
Epoch 33/50 - Loss: 0.3493 - Val F1: 0.3668 - Val ROC-AUC: 0.8076 - Val PR-AUC: 0.3628
Epoch 34/50 - Loss: 0.3446 - Val F1: 0.3605 - Val ROC-AUC: 0.8033 - Val PR-AUC: 0.3726
Epoch 35/50 - Loss: 0.3405 - Val F1: 0.3519 - Val ROC-AUC: 0.8119 - Val PR-AUC: 0.3829
Epoch 36/50 - Loss: 0.3254 - Val F1: 0.3750 - Val ROC-AUC: 0.7999 - Val PR-AUC: 0.3233
Epoch 37/50 - Loss: 0.3412 - Val F1: 0.3707 - Val ROC-AUC: 0.8004 - Val PR-AUC: 0.3707
Epoch 38/50 - Loss: 0.3399 - Val F1: 0.3801 - Val ROC-AUC: 0.8055 - Val PR-AUC: 0.3828
Epoch 39/50 - Loss: 0.3291 - Val F1: 0.3687 - Val ROC-AUC: 0.8081 - Val PR-AUC: 0.3860
Epoch 40/50 - Loss: 0.3481 - Val F1: 0.3550 - Val ROC-AUC: 0.7984 - Val PR-AUC: 0.3557
Epoch 41/50 - Loss: 0.3285 - Val F1: 0.3548 - Val ROC-AUC: 0.7962 - Val PR-AUC: 0.3597
Epoch 42/50 - Loss: 0.3312 - Val F1: 0.3628 - Val ROC-AUC: 0.8024 - Val PR-AUC: 0.3817
Epoch 43/50 - Loss: 0.3226 - Val F1: 0.3755 - Val ROC-AUC: 0.8149 - Val PR-AUC: 0.3954
Epoch 44/50 - Loss: 0.3253 - Val F1: 0.3644 - Val ROC-AUC: 0.8092 - Val PR-AUC: 0.4050
Epoch 45/50 - Loss: 0.3302 - Val F1: 0.3784 - Val ROC-AUC: 0.8097 - Val PR-AUC: 0.3821
Epoch 46/50 - Loss: 0.3269 - Val F1: 0.3925 - Val ROC-AUC: 0.8115 - Val PR-AUC: 0.3992
Epoch 47/50 - Loss: 0.3162 - Val F1: 0.3889 - Val ROC-AUC: 0.8164 - Val PR-AUC: 0.3967
Epoch 48/50 - Loss: 0.3306 - Val F1: 0.3653 - Val ROC-AUC: 0.8064 - Val PR-AUC: 0.3796
Epoch 49/50 - Loss: 0.3205 - Val F1: 0.3607 - Val ROC-AUC: 0.8114 - Val PR-AUC: 0.3967
Epoch 50/50 - Loss: 0.3180 - Val F1: 0.3667 - Val ROC-AUC: 0.8136 - Val PR-AUC: 0.3767
Pretraining completed. Test F1: 0.3767, ROC-AUC: 0.8248, PR-AUC: 0.3586
✅ 실험 완료: TOX21_ERa_LUC_VM7_Agonist_10nM_ICI182780_viability -> ATG_ERE_CIS [GCN_GAT]
