[13:34:15] Can't kekulize mol.  Unkekulized atoms: 1 2 3 4 5
[13:34:16] Explicit valence for atom # 0 Cl, 2, is greater than permitted
[13:34:17] Can't kekulize mol.  Unkekulized atoms: 3 4 5 6 7
[13:34:17] Can't kekulize mol.  Unkekulized atoms: 3 4 5 6 7
[13:34:18] WARNING: not removing hydrogen atom without neighbors
[13:34:20] Explicit valence for atom # 3 Si, 8, is greater than permitted
[13:34:20] Can't kekulize mol.  Unkekulized atoms: 1 2 3 4 5
[13:34:20] Can't kekulize mol.  Unkekulized atoms: 3 4 5 6 7
[13:34:21] Can't kekulize mol.  Unkekulized atoms: 1 2 3 4 5
[13:34:21] WARNING: not removing hydrogen atom without neighbors
[13:34:21] Can't kekulize mol.  Unkekulized atoms: 1 2 3 4 5
[13:34:21] Explicit valence for atom # 6 O, 3, is greater than permitted
[13:34:21] Explicit valence for atom # 3 Si, 8, is greater than permitted
[13:34:22] Explicit valence for atom # 0 Cl, 2, is greater than permitted
[13:35:40] Can't kekulize mol.  Unkekulized atoms: 1 2 3 4 5
[13:35:40] Explicit valence for atom # 0 Cl, 2, is greater than permitted
[13:35:41] Can't kekulize mol.  Unkekulized atoms: 3 4 5 6 7
[13:35:41] Can't kekulize mol.  Unkekulized atoms: 3 4 5 6 7
[13:35:44] Can't kekulize mol.  Unkekulized atoms: 1 2 3 4 5
[13:35:44] Can't kekulize mol.  Unkekulized atoms: 3 4 5 6 7
[13:35:44] Can't kekulize mol.  Unkekulized atoms: 1 2 3 4 5
[13:35:44] WARNING: not removing hydrogen atom without neighbors
[13:35:45] Can't kekulize mol.  Unkekulized atoms: 1 2 3 4 5
[13:35:45] Explicit valence for atom # 6 O, 3, is greater than permitted
[13:35:45] Explicit valence for atom # 3 Si, 8, is greater than permitted
[13:35:45] Explicit valence for atom # 0 Cl, 2, is greater than permitted
[13:37:00] Can't kekulize mol.  Unkekulized atoms: 1 2 3 4 5
[13:37:00] Explicit valence for atom # 0 Cl, 2, is greater than permitted
[13:37:01] Can't kekulize mol.  Unkekulized atoms: 3 4 5 6 7
[13:37:01] Can't kekulize mol.  Unkekulized atoms: 3 4 5 6 7
[13:37:04] Can't kekulize mol.  Unkekulized atoms: 1 2 3 4 5
[13:37:04] Can't kekulize mol.  Unkekulized atoms: 3 4 5 6 7
[13:37:04] Can't kekulize mol.  Unkekulized atoms: 1 2 3 4 5
[13:37:04] WARNING: not removing hydrogen atom without neighbors
[13:37:05] Can't kekulize mol.  Unkekulized atoms: 1 2 3 4 5
[13:37:05] Explicit valence for atom # 6 O, 3, is greater than permitted
[13:37:05] Explicit valence for atom # 3 Si, 8, is greater than permitted
[13:37:05] Explicit valence for atom # 0 Cl, 2, is greater than permitted
[13:38:22] Can't kekulize mol.  Unkekulized atoms: 1 2 3 4 5
[13:38:22] Explicit valence for atom # 0 Cl, 2, is greater than permitted
[13:38:23] Can't kekulize mol.  Unkekulized atoms: 3 4 5 6 7
[13:38:23] Can't kekulize mol.  Unkekulized atoms: 3 4 5 6 7
[13:38:26] Can't kekulize mol.  Unkekulized atoms: 1 2 3 4 5
[13:38:26] Can't kekulize mol.  Unkekulized atoms: 3 4 5 6 7
[13:38:26] Can't kekulize mol.  Unkekulized atoms: 1 2 3 4 5
[13:38:26] WARNING: not removing hydrogen atom without neighbors
[13:38:27] Can't kekulize mol.  Unkekulized atoms: 1 2 3 4 5
[13:38:27] Explicit valence for atom # 6 O, 3, is greater than permitted
[13:38:27] Explicit valence for atom # 3 Si, 8, is greater than permitted
[13:38:27] Explicit valence for atom # 0 Cl, 2, is greater than permitted
[13:38:28] Can't kekulize mol.  Unkekulized atoms: 1 2 3 4 5
[13:38:28] Explicit valence for atom # 0 Cl, 2, is greater than permitted
[13:38:29] Can't kekulize mol.  Unkekulized atoms: 3 4 5 6 7
[13:38:29] Can't kekulize mol.  Unkekulized atoms: 3 4 5 6 7
[13:38:32] Can't kekulize mol.  Unkekulized atoms: 1 2 3 4 5
[13:38:32] Can't kekulize mol.  Unkekulized atoms: 3 4 5 6 7
[13:38:32] Can't kekulize mol.  Unkekulized atoms: 1 2 3 4 5
[13:38:32] WARNING: not removing hydrogen atom without neighbors
[13:38:33] Can't kekulize mol.  Unkekulized atoms: 1 2 3 4 5
[13:38:33] Explicit valence for atom # 6 O, 3, is greater than permitted
[13:38:33] Explicit valence for atom # 3 Si, 8, is greater than permitted
[13:38:33] Explicit valence for atom # 0 Cl, 2, is greater than permitted
