[1/4] Excel → CSV 변환 중...
[2/4] Pretraining on TOX21_ERa_LUC_VM7_Antagonist_0.5nM_E2_viability using GAT...
Epoch 1/50 - Loss: 0.6616 - Val F1: 0.2119 - Val ROC-AUC: 0.7291 - Val PR-AUC: 0.1324
Epoch 2/50 - Loss: 0.6463 - Val F1: 0.1825 - Val ROC-AUC: 0.7092 - Val PR-AUC: 0.1410
Epoch 3/50 - Loss: 0.6410 - Val F1: 0.2420 - Val ROC-AUC: 0.7413 - Val PR-AUC: 0.1697
Epoch 4/50 - Loss: 0.6241 - Val F1: 0.2276 - Val ROC-AUC: 0.7385 - Val PR-AUC: 0.1808
Epoch 5/50 - Loss: 0.6256 - Val F1: 0.3149 - Val ROC-AUC: 0.7904 - Val PR-AUC: 0.2255
Epoch 6/50 - Loss: 0.6300 - Val F1: 0.2227 - Val ROC-AUC: 0.7533 - Val PR-AUC: 0.1959
Epoch 7/50 - Loss: 0.6209 - Val F1: 0.1857 - Val ROC-AUC: 0.8025 - Val PR-AUC: 0.2220
Epoch 8/50 - Loss: 0.6201 - Val F1: 0.2400 - Val ROC-AUC: 0.7735 - Val PR-AUC: 0.2056
Epoch 9/50 - Loss: 0.6217 - Val F1: 0.2966 - Val ROC-AUC: 0.8019 - Val PR-AUC: 0.2273
Epoch 10/50 - Loss: 0.6153 - Val F1: 0.2260 - Val ROC-AUC: 0.7631 - Val PR-AUC: 0.2222
Epoch 11/50 - Loss: 0.6074 - Val F1: 0.2333 - Val ROC-AUC: 0.7977 - Val PR-AUC: 0.2411
Epoch 12/50 - Loss: 0.6051 - Val F1: 0.2659 - Val ROC-AUC: 0.7978 - Val PR-AUC: 0.2543
Epoch 13/50 - Loss: 0.6084 - Val F1: 0.2649 - Val ROC-AUC: 0.8220 - Val PR-AUC: 0.2531
Epoch 14/50 - Loss: 0.6010 - Val F1: 0.2971 - Val ROC-AUC: 0.8079 - Val PR-AUC: 0.2623
Epoch 15/50 - Loss: 0.6023 - Val F1: 0.2873 - Val ROC-AUC: 0.8336 - Val PR-AUC: 0.2814
Epoch 16/50 - Loss: 0.5923 - Val F1: 0.2292 - Val ROC-AUC: 0.8410 - Val PR-AUC: 0.2968
Epoch 17/50 - Loss: 0.5917 - Val F1: 0.2454 - Val ROC-AUC: 0.8240 - Val PR-AUC: 0.2776
Epoch 18/50 - Loss: 0.5891 - Val F1: 0.3018 - Val ROC-AUC: 0.8457 - Val PR-AUC: 0.3007
Epoch 19/50 - Loss: 0.5909 - Val F1: 0.2723 - Val ROC-AUC: 0.8360 - Val PR-AUC: 0.2800
Epoch 20/50 - Loss: 0.5822 - Val F1: 0.2571 - Val ROC-AUC: 0.8390 - Val PR-AUC: 0.2877
Epoch 21/50 - Loss: 0.5853 - Val F1: 0.2604 - Val ROC-AUC: 0.8359 - Val PR-AUC: 0.3008
Epoch 22/50 - Loss: 0.5791 - Val F1: 0.2398 - Val ROC-AUC: 0.8435 - Val PR-AUC: 0.3005
Epoch 23/50 - Loss: 0.5818 - Val F1: 0.2369 - Val ROC-AUC: 0.8375 - Val PR-AUC: 0.3016
Epoch 24/50 - Loss: 0.5838 - Val F1: 0.2476 - Val ROC-AUC: 0.8303 - Val PR-AUC: 0.3154
Epoch 25/50 - Loss: 0.5815 - Val F1: 0.2563 - Val ROC-AUC: 0.8245 - Val PR-AUC: 0.3279
Epoch 26/50 - Loss: 0.5723 - Val F1: 0.2613 - Val ROC-AUC: 0.8238 - Val PR-AUC: 0.3050
Epoch 27/50 - Loss: 0.5837 - Val F1: 0.2593 - Val ROC-AUC: 0.8224 - Val PR-AUC: 0.3069
Epoch 28/50 - Loss: 0.5770 - Val F1: 0.2512 - Val ROC-AUC: 0.8519 - Val PR-AUC: 0.3141
Epoch 29/50 - Loss: 0.5762 - Val F1: 0.2680 - Val ROC-AUC: 0.8438 - Val PR-AUC: 0.3267
Epoch 30/50 - Loss: 0.5746 - Val F1: 0.2701 - Val ROC-AUC: 0.8490 - Val PR-AUC: 0.3165
Epoch 31/50 - Loss: 0.5729 - Val F1: 0.3129 - Val ROC-AUC: 0.8510 - Val PR-AUC: 0.3139
Epoch 32/50 - Loss: 0.5709 - Val F1: 0.2639 - Val ROC-AUC: 0.8455 - Val PR-AUC: 0.3175
Epoch 33/50 - Loss: 0.5720 - Val F1: 0.2457 - Val ROC-AUC: 0.8367 - Val PR-AUC: 0.3171
Epoch 34/50 - Loss: 0.5701 - Val F1: 0.2874 - Val ROC-AUC: 0.8520 - Val PR-AUC: 0.3236
Epoch 35/50 - Loss: 0.5674 - Val F1: 0.2788 - Val ROC-AUC: 0.8472 - Val PR-AUC: 0.3124
Epoch 36/50 - Loss: 0.5779 - Val F1: 0.2825 - Val ROC-AUC: 0.8500 - Val PR-AUC: 0.3171
Epoch 37/50 - Loss: 0.5616 - Val F1: 0.2735 - Val ROC-AUC: 0.8503 - Val PR-AUC: 0.3176
Epoch 38/50 - Loss: 0.5765 - Val F1: 0.2793 - Val ROC-AUC: 0.8446 - Val PR-AUC: 0.3083
Epoch 39/50 - Loss: 0.5667 - Val F1: 0.2749 - Val ROC-AUC: 0.8494 - Val PR-AUC: 0.3122
Epoch 40/50 - Loss: 0.5655 - Val F1: 0.2770 - Val ROC-AUC: 0.8458 - Val PR-AUC: 0.3172
Epoch 41/50 - Loss: 0.5693 - Val F1: 0.2778 - Val ROC-AUC: 0.8465 - Val PR-AUC: 0.3098
Epoch 42/50 - Loss: 0.5741 - Val F1: 0.2772 - Val ROC-AUC: 0.8404 - Val PR-AUC: 0.3041
Epoch 43/50 - Loss: 0.5667 - Val F1: 0.2865 - Val ROC-AUC: 0.8440 - Val PR-AUC: 0.3075
Epoch 44/50 - Loss: 0.5661 - Val F1: 0.2825 - Val ROC-AUC: 0.8443 - Val PR-AUC: 0.3019
Epoch 45/50 - Loss: 0.5731 - Val F1: 0.2558 - Val ROC-AUC: 0.8356 - Val PR-AUC: 0.3081
Epoch 46/50 - Loss: 0.5634 - Val F1: 0.2653 - Val ROC-AUC: 0.8426 - Val PR-AUC: 0.3126
Epoch 47/50 - Loss: 0.5565 - Val F1: 0.2684 - Val ROC-AUC: 0.8401 - Val PR-AUC: 0.2994
Epoch 48/50 - Loss: 0.5601 - Val F1: 0.2626 - Val ROC-AUC: 0.8444 - Val PR-AUC: 0.3069
Epoch 49/50 - Loss: 0.5545 - Val F1: 0.2817 - Val ROC-AUC: 0.8390 - Val PR-AUC: 0.3058
Epoch 50/50 - Loss: 0.5683 - Val F1: 0.2787 - Val ROC-AUC: 0.8393 - Val PR-AUC: 0.3106
Pretraining completed. Test F1: 0.2696, ROC-AUC: 0.7656, PR-AUC: 0.1855
[3/4] Finetuning on TOX21_ERb_BLA_Antagonist_viability using GAT...
[Fine-tune] Epoch 1/50 - Loss: 0.6727 - Val F1: 0.3314 - Val ROC-AUC: 0.7292 - Val PR-AUC: 0.2638
[Fine-tune] Epoch 2/50 - Loss: 0.6685 - Val F1: 0.3358 - Val ROC-AUC: 0.7480 - Val PR-AUC: 0.2717
[Fine-tune] Epoch 3/50 - Loss: 0.6635 - Val F1: 0.3082 - Val ROC-AUC: 0.7352 - Val PR-AUC: 0.2954
[Fine-tune] Epoch 4/50 - Loss: 0.6520 - Val F1: 0.2938 - Val ROC-AUC: 0.7335 - Val PR-AUC: 0.2787
[Fine-tune] Epoch 5/50 - Loss: 0.6512 - Val F1: 0.2924 - Val ROC-AUC: 0.7416 - Val PR-AUC: 0.2733
[Fine-tune] Epoch 6/50 - Loss: 0.6464 - Val F1: 0.3315 - Val ROC-AUC: 0.7445 - Val PR-AUC: 0.2951
[Fine-tune] Epoch 7/50 - Loss: 0.6486 - Val F1: 0.3188 - Val ROC-AUC: 0.7441 - Val PR-AUC: 0.2970
[Fine-tune] Epoch 8/50 - Loss: 0.6447 - Val F1: 0.3339 - Val ROC-AUC: 0.7539 - Val PR-AUC: 0.3114
[Fine-tune] Epoch 9/50 - Loss: 0.6394 - Val F1: 0.3166 - Val ROC-AUC: 0.7421 - Val PR-AUC: 0.2839
[Fine-tune] Epoch 10/50 - Loss: 0.6432 - Val F1: 0.3265 - Val ROC-AUC: 0.7490 - Val PR-AUC: 0.2958
[Fine-tune] Epoch 11/50 - Loss: 0.6339 - Val F1: 0.3340 - Val ROC-AUC: 0.7595 - Val PR-AUC: 0.3104
[Fine-tune] Epoch 12/50 - Loss: 0.6324 - Val F1: 0.3127 - Val ROC-AUC: 0.7353 - Val PR-AUC: 0.2870
[Fine-tune] Epoch 13/50 - Loss: 0.6437 - Val F1: 0.3220 - Val ROC-AUC: 0.7540 - Val PR-AUC: 0.3000
[Fine-tune] Epoch 14/50 - Loss: 0.6351 - Val F1: 0.3299 - Val ROC-AUC: 0.7483 - Val PR-AUC: 0.2944
[Fine-tune] Epoch 15/50 - Loss: 0.6322 - Val F1: 0.3339 - Val ROC-AUC: 0.7543 - Val PR-AUC: 0.3017
[Fine-tune] Epoch 16/50 - Loss: 0.6388 - Val F1: 0.3221 - Val ROC-AUC: 0.7513 - Val PR-AUC: 0.2968
[Fine-tune] Epoch 17/50 - Loss: 0.6353 - Val F1: 0.3375 - Val ROC-AUC: 0.7525 - Val PR-AUC: 0.2897
[Fine-tune] Epoch 18/50 - Loss: 0.6359 - Val F1: 0.3192 - Val ROC-AUC: 0.7443 - Val PR-AUC: 0.2998
[Fine-tune] Epoch 19/50 - Loss: 0.6329 - Val F1: 0.3276 - Val ROC-AUC: 0.7569 - Val PR-AUC: 0.3034
[Fine-tune] Epoch 20/50 - Loss: 0.6354 - Val F1: 0.3060 - Val ROC-AUC: 0.7600 - Val PR-AUC: 0.3156
[Fine-tune] Epoch 21/50 - Loss: 0.6304 - Val F1: 0.3116 - Val ROC-AUC: 0.7572 - Val PR-AUC: 0.2930
[Fine-tune] Epoch 22/50 - Loss: 0.6259 - Val F1: 0.3233 - Val ROC-AUC: 0.7627 - Val PR-AUC: 0.3072
[Fine-tune] Epoch 23/50 - Loss: 0.6259 - Val F1: 0.3201 - Val ROC-AUC: 0.7602 - Val PR-AUC: 0.3053
[Fine-tune] Epoch 24/50 - Loss: 0.6268 - Val F1: 0.3205 - Val ROC-AUC: 0.7560 - Val PR-AUC: 0.3011
[Fine-tune] Epoch 25/50 - Loss: 0.6316 - Val F1: 0.3122 - Val ROC-AUC: 0.7600 - Val PR-AUC: 0.3075
[Fine-tune] Epoch 26/50 - Loss: 0.6234 - Val F1: 0.3140 - Val ROC-AUC: 0.7593 - Val PR-AUC: 0.3039
[Fine-tune] Epoch 27/50 - Loss: 0.6170 - Val F1: 0.3183 - Val ROC-AUC: 0.7538 - Val PR-AUC: 0.2974
[Fine-tune] Epoch 28/50 - Loss: 0.6263 - Val F1: 0.3089 - Val ROC-AUC: 0.7521 - Val PR-AUC: 0.2975
[Fine-tune] Epoch 29/50 - Loss: 0.6259 - Val F1: 0.3099 - Val ROC-AUC: 0.7574 - Val PR-AUC: 0.3052
[Fine-tune] Epoch 30/50 - Loss: 0.6286 - Val F1: 0.3146 - Val ROC-AUC: 0.7618 - Val PR-AUC: 0.3013
[Fine-tune] Epoch 31/50 - Loss: 0.6194 - Val F1: 0.3092 - Val ROC-AUC: 0.7616 - Val PR-AUC: 0.3014
[Fine-tune] Epoch 32/50 - Loss: 0.6248 - Val F1: 0.3065 - Val ROC-AUC: 0.7548 - Val PR-AUC: 0.3124
[Fine-tune] Epoch 33/50 - Loss: 0.6219 - Val F1: 0.3044 - Val ROC-AUC: 0.7509 - Val PR-AUC: 0.3105
[Fine-tune] Epoch 34/50 - Loss: 0.6199 - Val F1: 0.3077 - Val ROC-AUC: 0.7459 - Val PR-AUC: 0.3046
[Fine-tune] Epoch 35/50 - Loss: 0.6228 - Val F1: 0.3015 - Val ROC-AUC: 0.7421 - Val PR-AUC: 0.2969
[Fine-tune] Epoch 36/50 - Loss: 0.6236 - Val F1: 0.3006 - Val ROC-AUC: 0.7452 - Val PR-AUC: 0.3015
[Fine-tune] Epoch 37/50 - Loss: 0.6189 - Val F1: 0.2989 - Val ROC-AUC: 0.7449 - Val PR-AUC: 0.2959
[Fine-tune] Epoch 38/50 - Loss: 0.6174 - Val F1: 0.2965 - Val ROC-AUC: 0.7471 - Val PR-AUC: 0.2932
[Fine-tune] Epoch 39/50 - Loss: 0.6193 - Val F1: 0.2906 - Val ROC-AUC: 0.7502 - Val PR-AUC: 0.3100
[Fine-tune] Epoch 40/50 - Loss: 0.6170 - Val F1: 0.3049 - Val ROC-AUC: 0.7465 - Val PR-AUC: 0.3032
[Fine-tune] Epoch 41/50 - Loss: 0.6224 - Val F1: 0.3002 - Val ROC-AUC: 0.7460 - Val PR-AUC: 0.3022
[Fine-tune] Epoch 42/50 - Loss: 0.6131 - Val F1: 0.2947 - Val ROC-AUC: 0.7453 - Val PR-AUC: 0.3032
[Fine-tune] Epoch 43/50 - Loss: 0.6208 - Val F1: 0.2965 - Val ROC-AUC: 0.7484 - Val PR-AUC: 0.3057
[Fine-tune] Epoch 44/50 - Loss: 0.6228 - Val F1: 0.3027 - Val ROC-AUC: 0.7465 - Val PR-AUC: 0.2931
[Fine-tune] Epoch 45/50 - Loss: 0.6269 - Val F1: 0.3047 - Val ROC-AUC: 0.7455 - Val PR-AUC: 0.2926
[Fine-tune] Epoch 46/50 - Loss: 0.6167 - Val F1: 0.3065 - Val ROC-AUC: 0.7496 - Val PR-AUC: 0.3026
[Fine-tune] Epoch 47/50 - Loss: 0.6221 - Val F1: 0.3042 - Val ROC-AUC: 0.7465 - Val PR-AUC: 0.3045
[Fine-tune] Epoch 48/50 - Loss: 0.6262 - Val F1: 0.2995 - Val ROC-AUC: 0.7505 - Val PR-AUC: 0.3058
[Fine-tune] Epoch 49/50 - Loss: 0.6200 - Val F1: 0.2965 - Val ROC-AUC: 0.7479 - Val PR-AUC: 0.3012
[Fine-tune] Epoch 50/50 - Loss: 0.6272 - Val F1: 0.2958 - Val ROC-AUC: 0.7450 - Val PR-AUC: 0.3021
Finetuning completed. Test F1: 0.3234, ROC-AUC: 0.7178, PR-AUC: 0.2659
[3.1/4] Target-only training on TOX21_ERb_BLA_Antagonist_viability using GAT...
=== Target-only training ===
[Target-only] Epoch 1/50 – Loss: 0.6692  Val F1: 0.3466  ROC-AUC: 0.6959  PR-AUC: 0.2319
[Target-only] Epoch 2/50 – Loss: 0.6613  Val F1: 0.3736  ROC-AUC: 0.7482  PR-AUC: 0.2839
[Target-only] Epoch 3/50 – Loss: 0.6582  Val F1: 0.3973  ROC-AUC: 0.7626  PR-AUC: 0.3239
[Target-only] Epoch 4/50 – Loss: 0.6550  Val F1: 0.3448  ROC-AUC: 0.6913  PR-AUC: 0.2757
[Target-only] Epoch 5/50 – Loss: 0.6558  Val F1: 0.3659  ROC-AUC: 0.7351  PR-AUC: 0.3339
[Target-only] Epoch 6/50 – Loss: 0.6482  Val F1: 0.3905  ROC-AUC: 0.7638  PR-AUC: 0.3086
[Target-only] Epoch 7/50 – Loss: 0.6538  Val F1: 0.3611  ROC-AUC: 0.7523  PR-AUC: 0.2923
[Target-only] Epoch 8/50 – Loss: 0.6501  Val F1: 0.3612  ROC-AUC: 0.7456  PR-AUC: 0.3081
[Target-only] Epoch 9/50 – Loss: 0.6490  Val F1: 0.3761  ROC-AUC: 0.7507  PR-AUC: 0.2905
[Target-only] Epoch 10/50 – Loss: 0.6457  Val F1: 0.3783  ROC-AUC: 0.7509  PR-AUC: 0.2747
[Target-only] Epoch 11/50 – Loss: 0.6443  Val F1: 0.3371  ROC-AUC: 0.7418  PR-AUC: 0.2866
[Target-only] Epoch 12/50 – Loss: 0.6407  Val F1: 0.3527  ROC-AUC: 0.7461  PR-AUC: 0.2847
[Target-only] Epoch 13/50 – Loss: 0.6424  Val F1: 0.3024  ROC-AUC: 0.7515  PR-AUC: 0.2736
[Target-only] Epoch 14/50 – Loss: 0.6376  Val F1: 0.3420  ROC-AUC: 0.7589  PR-AUC: 0.2795
[Target-only] Epoch 15/50 – Loss: 0.6321  Val F1: 0.3204  ROC-AUC: 0.7500  PR-AUC: 0.2895
[Target-only] Epoch 16/50 – Loss: 0.6338  Val F1: 0.3240  ROC-AUC: 0.7552  PR-AUC: 0.2865
[Target-only] Epoch 17/50 – Loss: 0.6297  Val F1: 0.3377  ROC-AUC: 0.7622  PR-AUC: 0.3095
[Target-only] Epoch 18/50 – Loss: 0.6384  Val F1: 0.3190  ROC-AUC: 0.7634  PR-AUC: 0.2938
[Target-only] Epoch 19/50 – Loss: 0.6438  Val F1: 0.3618  ROC-AUC: 0.7650  PR-AUC: 0.3182
[Target-only] Epoch 20/50 – Loss: 0.6269  Val F1: 0.3357  ROC-AUC: 0.7670  PR-AUC: 0.3048
[Target-only] Epoch 21/50 – Loss: 0.6224  Val F1: 0.3247  ROC-AUC: 0.7682  PR-AUC: 0.2996
[Target-only] Epoch 22/50 – Loss: 0.6280  Val F1: 0.3149  ROC-AUC: 0.7612  PR-AUC: 0.3028
[Target-only] Epoch 23/50 – Loss: 0.6327  Val F1: 0.3351  ROC-AUC: 0.7702  PR-AUC: 0.3115
[Target-only] Epoch 24/50 – Loss: 0.6339  Val F1: 0.3148  ROC-AUC: 0.7667  PR-AUC: 0.3190
[Target-only] Epoch 25/50 – Loss: 0.6303  Val F1: 0.3263  ROC-AUC: 0.7639  PR-AUC: 0.3237
[Target-only] Epoch 26/50 – Loss: 0.6304  Val F1: 0.3117  ROC-AUC: 0.7501  PR-AUC: 0.3217
[Target-only] Epoch 27/50 – Loss: 0.6297  Val F1: 0.3346  ROC-AUC: 0.7608  PR-AUC: 0.3186
[Target-only] Epoch 28/50 – Loss: 0.6232  Val F1: 0.3527  ROC-AUC: 0.7570  PR-AUC: 0.3120
[Target-only] Epoch 29/50 – Loss: 0.6206  Val F1: 0.3408  ROC-AUC: 0.7605  PR-AUC: 0.3174
[Target-only] Epoch 30/50 – Loss: 0.6299  Val F1: 0.3084  ROC-AUC: 0.7553  PR-AUC: 0.3243
[Target-only] Epoch 31/50 – Loss: 0.6277  Val F1: 0.3237  ROC-AUC: 0.7545  PR-AUC: 0.3041
[Target-only] Epoch 32/50 – Loss: 0.6168  Val F1: 0.3174  ROC-AUC: 0.7554  PR-AUC: 0.3208
[Target-only] Epoch 33/50 – Loss: 0.6275  Val F1: 0.3187  ROC-AUC: 0.7537  PR-AUC: 0.3257
[Target-only] Epoch 34/50 – Loss: 0.6291  Val F1: 0.3225  ROC-AUC: 0.7577  PR-AUC: 0.3114
[Target-only] Epoch 35/50 – Loss: 0.6259  Val F1: 0.3127  ROC-AUC: 0.7516  PR-AUC: 0.3155
[Target-only] Epoch 36/50 – Loss: 0.6274  Val F1: 0.3156  ROC-AUC: 0.7451  PR-AUC: 0.2994
[Target-only] Epoch 37/50 – Loss: 0.6190  Val F1: 0.3072  ROC-AUC: 0.7515  PR-AUC: 0.3306
[Target-only] Epoch 38/50 – Loss: 0.6207  Val F1: 0.3110  ROC-AUC: 0.7491  PR-AUC: 0.3182
[Target-only] Epoch 39/50 – Loss: 0.6246  Val F1: 0.3085  ROC-AUC: 0.7464  PR-AUC: 0.3237
[Target-only] Epoch 40/50 – Loss: 0.6133  Val F1: 0.3172  ROC-AUC: 0.7479  PR-AUC: 0.3160
[Target-only] Epoch 41/50 – Loss: 0.6176  Val F1: 0.3346  ROC-AUC: 0.7498  PR-AUC: 0.3176
[Target-only] Epoch 42/50 – Loss: 0.6185  Val F1: 0.3135  ROC-AUC: 0.7545  PR-AUC: 0.3304
[Target-only] Epoch 43/50 – Loss: 0.6240  Val F1: 0.3154  ROC-AUC: 0.7531  PR-AUC: 0.3191
[Target-only] Epoch 44/50 – Loss: 0.6218  Val F1: 0.3211  ROC-AUC: 0.7547  PR-AUC: 0.3298
[Target-only] Epoch 45/50 – Loss: 0.6176  Val F1: 0.3217  ROC-AUC: 0.7547  PR-AUC: 0.3261
[Target-only] Epoch 46/50 – Loss: 0.6155  Val F1: 0.3169  ROC-AUC: 0.7523  PR-AUC: 0.3223
[Target-only] Epoch 47/50 – Loss: 0.6165  Val F1: 0.3280  ROC-AUC: 0.7549  PR-AUC: 0.3262
[Target-only] Epoch 48/50 – Loss: 0.6209  Val F1: 0.3165  ROC-AUC: 0.7554  PR-AUC: 0.3310
[Target-only] Epoch 49/50 – Loss: 0.6204  Val F1: 0.3056  ROC-AUC: 0.7540  PR-AUC: 0.3273
[Target-only] Epoch 50/50 – Loss: 0.6144  Val F1: 0.3059  ROC-AUC: 0.7562  PR-AUC: 0.3400
=== Target-only TEST performance ===
Test F1: 0.3774, ROC-AUC: 0.7329, PR-AUC: 0.2741
[4/4] Embedding 시각화 중...
✅ Embeddings 저장 완료: embeddings_TOX21_ERa_LUC_VM7_Antagonist_0.5nM_E2_viability_TOX21_ERb_BLA_Antagonist_viability_GAT.png
✅ 실험 완료: TOX21_ERa_LUC_VM7_Antagonist_0.5nM_E2_viability -> TOX21_ERb_BLA_Antagonist_viability [GAT]
