[13:37:51] Can't kekulize mol.  Unkekulized atoms: 1 2 3 4 5
[13:37:51] Explicit valence for atom # 0 Cl, 2, is greater than permitted
[13:37:52] Can't kekulize mol.  Unkekulized atoms: 3 4 5 6 7
[13:37:53] Can't kekulize mol.  Unkekulized atoms: 3 4 5 6 7
[13:37:53] WARNING: not removing hydrogen atom without neighbors
[13:37:55] Explicit valence for atom # 3 Si, 8, is greater than permitted
[13:37:55] Can't kekulize mol.  Unkekulized atoms: 1 2 3 4 5
[13:37:55] Can't kekulize mol.  Unkekulized atoms: 3 4 5 6 7
[13:37:56] Can't kekulize mol.  Unkekulized atoms: 1 2 3 4 5
[13:37:56] WARNING: not removing hydrogen atom without neighbors
[13:37:57] Can't kekulize mol.  Unkekulized atoms: 1 2 3 4 5
[13:37:57] Explicit valence for atom # 6 O, 3, is greater than permitted
[13:37:57] Explicit valence for atom # 3 Si, 8, is greater than permitted
[13:37:57] Explicit valence for atom # 0 Cl, 2, is greater than permitted
[13:39:19] Can't kekulize mol.  Unkekulized atoms: 1 2 3 4 5
[13:39:20] Explicit valence for atom # 0 Cl, 2, is greater than permitted
[13:39:21] Can't kekulize mol.  Unkekulized atoms: 3 4 5 6 7
[13:39:21] Can't kekulize mol.  Unkekulized atoms: 3 4 5 6 7
[13:39:22] WARNING: not removing hydrogen atom without neighbors
[13:39:24] Explicit valence for atom # 3 Si, 8, is greater than permitted
[13:39:24] Can't kekulize mol.  Unkekulized atoms: 1 2 3 4 5
[13:39:24] Can't kekulize mol.  Unkekulized atoms: 3 4 5 6 7
[13:39:25] Can't kekulize mol.  Unkekulized atoms: 1 2 3 4 5
[13:39:25] WARNING: not removing hydrogen atom without neighbors
[13:39:25] Can't kekulize mol.  Unkekulized atoms: 1 2 3 4 5
[13:39:25] Explicit valence for atom # 6 O, 3, is greater than permitted
[13:39:25] Explicit valence for atom # 3 Si, 8, is greater than permitted
[13:39:26] Explicit valence for atom # 0 Cl, 2, is greater than permitted
[13:40:45] Can't kekulize mol.  Unkekulized atoms: 1 2 3 4 5
[13:40:46] Explicit valence for atom # 0 Cl, 2, is greater than permitted
[13:40:46] Can't kekulize mol.  Unkekulized atoms: 3 4 5 6 7
[13:40:47] Can't kekulize mol.  Unkekulized atoms: 3 4 5 6 7
[13:40:47] WARNING: not removing hydrogen atom without neighbors
[13:40:49] Explicit valence for atom # 3 Si, 8, is greater than permitted
[13:40:50] Can't kekulize mol.  Unkekulized atoms: 1 2 3 4 5
[13:40:50] Can't kekulize mol.  Unkekulized atoms: 3 4 5 6 7
[13:40:50] Can't kekulize mol.  Unkekulized atoms: 1 2 3 4 5
[13:40:50] WARNING: not removing hydrogen atom without neighbors
[13:40:51] Can't kekulize mol.  Unkekulized atoms: 1 2 3 4 5
[13:40:51] Explicit valence for atom # 6 O, 3, is greater than permitted
[13:40:51] Explicit valence for atom # 3 Si, 8, is greater than permitted
[13:40:51] Explicit valence for atom # 0 Cl, 2, is greater than permitted
[13:42:13] Can't kekulize mol.  Unkekulized atoms: 1 2 3 4 5
[13:42:13] Explicit valence for atom # 0 Cl, 2, is greater than permitted
[13:42:14] Can't kekulize mol.  Unkekulized atoms: 3 4 5 6 7
[13:42:14] Can't kekulize mol.  Unkekulized atoms: 3 4 5 6 7
[13:42:15] WARNING: not removing hydrogen atom without neighbors
[13:42:17] Explicit valence for atom # 3 Si, 8, is greater than permitted
[13:42:17] Can't kekulize mol.  Unkekulized atoms: 1 2 3 4 5
[13:42:17] Can't kekulize mol.  Unkekulized atoms: 3 4 5 6 7
[13:42:18] Can't kekulize mol.  Unkekulized atoms: 1 2 3 4 5
[13:42:18] WARNING: not removing hydrogen atom without neighbors
[13:42:19] Can't kekulize mol.  Unkekulized atoms: 1 2 3 4 5
[13:42:19] Explicit valence for atom # 6 O, 3, is greater than permitted
[13:42:19] Explicit valence for atom # 3 Si, 8, is greater than permitted
[13:42:19] Explicit valence for atom # 0 Cl, 2, is greater than permitted
[13:42:19] Can't kekulize mol.  Unkekulized atoms: 1 2 3 4 5
[13:42:20] Explicit valence for atom # 0 Cl, 2, is greater than permitted
[13:42:21] Can't kekulize mol.  Unkekulized atoms: 3 4 5 6 7
[13:42:21] Can't kekulize mol.  Unkekulized atoms: 3 4 5 6 7
[13:42:22] WARNING: not removing hydrogen atom without neighbors
[13:42:23] Explicit valence for atom # 3 Si, 8, is greater than permitted
[13:42:24] Can't kekulize mol.  Unkekulized atoms: 1 2 3 4 5
[13:42:24] Can't kekulize mol.  Unkekulized atoms: 3 4 5 6 7
[13:42:24] Can't kekulize mol.  Unkekulized atoms: 1 2 3 4 5
[13:42:24] WARNING: not removing hydrogen atom without neighbors
[13:42:25] Can't kekulize mol.  Unkekulized atoms: 1 2 3 4 5
[13:42:25] Explicit valence for atom # 6 O, 3, is greater than permitted
[13:42:25] Explicit valence for atom # 3 Si, 8, is greater than permitted
[13:42:25] Explicit valence for atom # 0 Cl, 2, is greater than permitted
