[13:32:02] Can't kekulize mol.  Unkekulized atoms: 1 2 3 4 5
[13:32:03] Explicit valence for atom # 0 Cl, 2, is greater than permitted
[13:32:03] Can't kekulize mol.  Unkekulized atoms: 3 4 5 6 7
[13:32:04] Can't kekulize mol.  Unkekulized atoms: 3 4 5 6 7
[13:32:04] WARNING: not removing hydrogen atom without neighbors
[13:32:06] Explicit valence for atom # 3 Si, 8, is greater than permitted
[13:32:07] Can't kekulize mol.  Unkekulized atoms: 1 2 3 4 5
[13:32:07] Can't kekulize mol.  Unkekulized atoms: 3 4 5 6 7
[13:32:07] Can't kekulize mol.  Unkekulized atoms: 1 2 3 4 5
[13:32:07] WARNING: not removing hydrogen atom without neighbors
[13:32:08] Can't kekulize mol.  Unkekulized atoms: 1 2 3 4 5
[13:32:08] Explicit valence for atom # 6 O, 3, is greater than permitted
[13:32:08] Explicit valence for atom # 3 Si, 8, is greater than permitted
[13:32:08] Explicit valence for atom # 0 Cl, 2, is greater than permitted
[13:33:36] Can't kekulize mol.  Unkekulized atoms: 1 2 3 4 5
[13:33:36] Explicit valence for atom # 0 Cl, 2, is greater than permitted
[13:33:37] Can't kekulize mol.  Unkekulized atoms: 3 4 5 6 7
[13:33:37] Can't kekulize mol.  Unkekulized atoms: 3 4 5 6 7
[13:33:40] Can't kekulize mol.  Unkekulized atoms: 1 2 3 4 5
[13:33:40] Can't kekulize mol.  Unkekulized atoms: 3 4 5 6 7
[13:33:40] Can't kekulize mol.  Unkekulized atoms: 1 2 3 4 5
[13:33:40] WARNING: not removing hydrogen atom without neighbors
[13:33:41] Can't kekulize mol.  Unkekulized atoms: 1 2 3 4 5
[13:33:41] Explicit valence for atom # 6 O, 3, is greater than permitted
[13:33:41] Explicit valence for atom # 3 Si, 8, is greater than permitted
[13:33:41] Explicit valence for atom # 0 Cl, 2, is greater than permitted
[13:34:58] Can't kekulize mol.  Unkekulized atoms: 1 2 3 4 5
[13:34:58] Explicit valence for atom # 0 Cl, 2, is greater than permitted
[13:34:59] Can't kekulize mol.  Unkekulized atoms: 3 4 5 6 7
[13:35:00] Can't kekulize mol.  Unkekulized atoms: 3 4 5 6 7
[13:35:02] Can't kekulize mol.  Unkekulized atoms: 1 2 3 4 5
[13:35:02] Can't kekulize mol.  Unkekulized atoms: 3 4 5 6 7
[13:35:03] Can't kekulize mol.  Unkekulized atoms: 1 2 3 4 5
[13:35:03] WARNING: not removing hydrogen atom without neighbors
[13:35:03] Can't kekulize mol.  Unkekulized atoms: 1 2 3 4 5
[13:35:03] Explicit valence for atom # 6 O, 3, is greater than permitted
[13:35:03] Explicit valence for atom # 3 Si, 8, is greater than permitted
[13:35:04] Explicit valence for atom # 0 Cl, 2, is greater than permitted
[13:36:24] Can't kekulize mol.  Unkekulized atoms: 1 2 3 4 5
[13:36:24] Explicit valence for atom # 0 Cl, 2, is greater than permitted
[13:36:25] Can't kekulize mol.  Unkekulized atoms: 3 4 5 6 7
[13:36:25] Can't kekulize mol.  Unkekulized atoms: 3 4 5 6 7
[13:36:28] Can't kekulize mol.  Unkekulized atoms: 1 2 3 4 5
[13:36:28] Can't kekulize mol.  Unkekulized atoms: 3 4 5 6 7
[13:36:28] Can't kekulize mol.  Unkekulized atoms: 1 2 3 4 5
[13:36:29] WARNING: not removing hydrogen atom without neighbors
[13:36:29] Can't kekulize mol.  Unkekulized atoms: 1 2 3 4 5
[13:36:29] Explicit valence for atom # 6 O, 3, is greater than permitted
[13:36:29] Explicit valence for atom # 3 Si, 8, is greater than permitted
[13:36:29] Explicit valence for atom # 0 Cl, 2, is greater than permitted
[13:36:30] Can't kekulize mol.  Unkekulized atoms: 1 2 3 4 5
[13:36:30] Explicit valence for atom # 0 Cl, 2, is greater than permitted
[13:36:31] Can't kekulize mol.  Unkekulized atoms: 3 4 5 6 7
[13:36:32] Can't kekulize mol.  Unkekulized atoms: 3 4 5 6 7
[13:36:34] Can't kekulize mol.  Unkekulized atoms: 1 2 3 4 5
[13:36:34] Can't kekulize mol.  Unkekulized atoms: 3 4 5 6 7
[13:36:35] Can't kekulize mol.  Unkekulized atoms: 1 2 3 4 5
[13:36:35] WARNING: not removing hydrogen atom without neighbors
[13:36:35] Can't kekulize mol.  Unkekulized atoms: 1 2 3 4 5
[13:36:35] Explicit valence for atom # 6 O, 3, is greater than permitted
[13:36:35] Explicit valence for atom # 3 Si, 8, is greater than permitted
[13:36:35] Explicit valence for atom # 0 Cl, 2, is greater than permitted
