[1/4] Excel → CSV 변환 중...
[2/4] Pretraining on TOX21_ERa_LUC_VM7_Agonist using GAT...
Epoch 1/50 - Loss: 0.6957 - Val F1: 0.2118 - Val ROC-AUC: 0.5693 - Val PR-AUC: 0.1753
Epoch 2/50 - Loss: 0.6760 - Val F1: 0.2348 - Val ROC-AUC: 0.6068 - Val PR-AUC: 0.2031
Epoch 3/50 - Loss: 0.6757 - Val F1: 0.2565 - Val ROC-AUC: 0.6358 - Val PR-AUC: 0.2374
Epoch 4/50 - Loss: 0.6658 - Val F1: 0.2749 - Val ROC-AUC: 0.6324 - Val PR-AUC: 0.2421
Epoch 5/50 - Loss: 0.6673 - Val F1: 0.2597 - Val ROC-AUC: 0.6484 - Val PR-AUC: 0.2293
Epoch 6/50 - Loss: 0.6685 - Val F1: 0.2305 - Val ROC-AUC: 0.6167 - Val PR-AUC: 0.2136
Epoch 7/50 - Loss: 0.6642 - Val F1: 0.2465 - Val ROC-AUC: 0.6381 - Val PR-AUC: 0.2357
Epoch 8/50 - Loss: 0.6667 - Val F1: 0.2449 - Val ROC-AUC: 0.6554 - Val PR-AUC: 0.2225
Epoch 9/50 - Loss: 0.6672 - Val F1: 0.2591 - Val ROC-AUC: 0.6529 - Val PR-AUC: 0.2204
Epoch 10/50 - Loss: 0.6731 - Val F1: 0.2527 - Val ROC-AUC: 0.6402 - Val PR-AUC: 0.2152
Epoch 11/50 - Loss: 0.6601 - Val F1: 0.2864 - Val ROC-AUC: 0.6592 - Val PR-AUC: 0.2251
Epoch 12/50 - Loss: 0.6555 - Val F1: 0.2736 - Val ROC-AUC: 0.6666 - Val PR-AUC: 0.2254
Epoch 13/50 - Loss: 0.6454 - Val F1: 0.2851 - Val ROC-AUC: 0.6577 - Val PR-AUC: 0.2180
Epoch 14/50 - Loss: 0.6663 - Val F1: 0.2822 - Val ROC-AUC: 0.6613 - Val PR-AUC: 0.2208
Epoch 15/50 - Loss: 0.6496 - Val F1: 0.2593 - Val ROC-AUC: 0.6575 - Val PR-AUC: 0.2144
Epoch 16/50 - Loss: 0.6572 - Val F1: 0.2722 - Val ROC-AUC: 0.6543 - Val PR-AUC: 0.2346
Epoch 17/50 - Loss: 0.6592 - Val F1: 0.2987 - Val ROC-AUC: 0.6518 - Val PR-AUC: 0.2305
Epoch 18/50 - Loss: 0.6553 - Val F1: 0.2589 - Val ROC-AUC: 0.6409 - Val PR-AUC: 0.2215
Epoch 19/50 - Loss: 0.6471 - Val F1: 0.2505 - Val ROC-AUC: 0.6284 - Val PR-AUC: 0.2316
Epoch 20/50 - Loss: 0.6586 - Val F1: 0.2363 - Val ROC-AUC: 0.6195 - Val PR-AUC: 0.2319
Epoch 21/50 - Loss: 0.6487 - Val F1: 0.2406 - Val ROC-AUC: 0.6212 - Val PR-AUC: 0.2335
Epoch 22/50 - Loss: 0.6497 - Val F1: 0.2443 - Val ROC-AUC: 0.6306 - Val PR-AUC: 0.2305
Epoch 23/50 - Loss: 0.6581 - Val F1: 0.2406 - Val ROC-AUC: 0.6296 - Val PR-AUC: 0.2391
Epoch 24/50 - Loss: 0.6516 - Val F1: 0.2412 - Val ROC-AUC: 0.6231 - Val PR-AUC: 0.2283
Epoch 25/50 - Loss: 0.6525 - Val F1: 0.2459 - Val ROC-AUC: 0.6324 - Val PR-AUC: 0.2397
Epoch 26/50 - Loss: 0.6482 - Val F1: 0.2589 - Val ROC-AUC: 0.6344 - Val PR-AUC: 0.2372
Epoch 27/50 - Loss: 0.6503 - Val F1: 0.2636 - Val ROC-AUC: 0.6502 - Val PR-AUC: 0.2529
Epoch 28/50 - Loss: 0.6454 - Val F1: 0.2702 - Val ROC-AUC: 0.6467 - Val PR-AUC: 0.2393
Epoch 29/50 - Loss: 0.6426 - Val F1: 0.2525 - Val ROC-AUC: 0.6385 - Val PR-AUC: 0.2371
Epoch 30/50 - Loss: 0.6456 - Val F1: 0.2491 - Val ROC-AUC: 0.6416 - Val PR-AUC: 0.2433
Epoch 31/50 - Loss: 0.6514 - Val F1: 0.2495 - Val ROC-AUC: 0.6291 - Val PR-AUC: 0.2338
Epoch 32/50 - Loss: 0.6482 - Val F1: 0.2517 - Val ROC-AUC: 0.6277 - Val PR-AUC: 0.2347
Epoch 33/50 - Loss: 0.6444 - Val F1: 0.2597 - Val ROC-AUC: 0.6327 - Val PR-AUC: 0.2328
Epoch 34/50 - Loss: 0.6439 - Val F1: 0.2609 - Val ROC-AUC: 0.6413 - Val PR-AUC: 0.2376
Epoch 35/50 - Loss: 0.6408 - Val F1: 0.2803 - Val ROC-AUC: 0.6446 - Val PR-AUC: 0.2404
Epoch 36/50 - Loss: 0.6448 - Val F1: 0.2599 - Val ROC-AUC: 0.6483 - Val PR-AUC: 0.2464
Epoch 37/50 - Loss: 0.6475 - Val F1: 0.2796 - Val ROC-AUC: 0.6537 - Val PR-AUC: 0.2444
Epoch 38/50 - Loss: 0.6521 - Val F1: 0.2560 - Val ROC-AUC: 0.6359 - Val PR-AUC: 0.2414
Epoch 39/50 - Loss: 0.6364 - Val F1: 0.2533 - Val ROC-AUC: 0.6439 - Val PR-AUC: 0.2445
Epoch 40/50 - Loss: 0.6415 - Val F1: 0.2644 - Val ROC-AUC: 0.6467 - Val PR-AUC: 0.2540
Epoch 41/50 - Loss: 0.6381 - Val F1: 0.2551 - Val ROC-AUC: 0.6498 - Val PR-AUC: 0.2478
Epoch 42/50 - Loss: 0.6421 - Val F1: 0.2521 - Val ROC-AUC: 0.6531 - Val PR-AUC: 0.2542
Epoch 43/50 - Loss: 0.6498 - Val F1: 0.2612 - Val ROC-AUC: 0.6569 - Val PR-AUC: 0.2527
Epoch 44/50 - Loss: 0.6392 - Val F1: 0.2667 - Val ROC-AUC: 0.6522 - Val PR-AUC: 0.2468
Epoch 45/50 - Loss: 0.6404 - Val F1: 0.2495 - Val ROC-AUC: 0.6469 - Val PR-AUC: 0.2533
Epoch 46/50 - Loss: 0.6421 - Val F1: 0.2465 - Val ROC-AUC: 0.6451 - Val PR-AUC: 0.2513
Epoch 47/50 - Loss: 0.6379 - Val F1: 0.2367 - Val ROC-AUC: 0.6460 - Val PR-AUC: 0.2622
Epoch 48/50 - Loss: 0.6424 - Val F1: 0.2585 - Val ROC-AUC: 0.6429 - Val PR-AUC: 0.2593
Epoch 49/50 - Loss: 0.6375 - Val F1: 0.2522 - Val ROC-AUC: 0.6410 - Val PR-AUC: 0.2605
Epoch 50/50 - Loss: 0.6440 - Val F1: 0.2484 - Val ROC-AUC: 0.6481 - Val PR-AUC: 0.2638
Pretraining completed. Test F1: 0.3185, ROC-AUC: 0.7117, PR-AUC: 0.3415
[3/4] Finetuning on TOX21_ERa_LUC_VM7_Agonist_10nM_ICI182780 using GAT...
[Fine-tune] Epoch 1/50 - Loss: 0.5320 - Val F1: 0.0748 - Val ROC-AUC: 0.7970 - Val PR-AUC: 0.1717
[Fine-tune] Epoch 2/50 - Loss: 0.4989 - Val F1: 0.0866 - Val ROC-AUC: 0.7830 - Val PR-AUC: 0.0724
[Fine-tune] Epoch 3/50 - Loss: 0.4913 - Val F1: 0.0948 - Val ROC-AUC: 0.8315 - Val PR-AUC: 0.1899
[Fine-tune] Epoch 4/50 - Loss: 0.4904 - Val F1: 0.1111 - Val ROC-AUC: 0.8433 - Val PR-AUC: 0.1593
[Fine-tune] Epoch 5/50 - Loss: 0.4650 - Val F1: 0.0947 - Val ROC-AUC: 0.8038 - Val PR-AUC: 0.0892
[Fine-tune] Epoch 6/50 - Loss: 0.4640 - Val F1: 0.1449 - Val ROC-AUC: 0.8106 - Val PR-AUC: 0.2284
[Fine-tune] Epoch 7/50 - Loss: 0.4645 - Val F1: 0.1200 - Val ROC-AUC: 0.8055 - Val PR-AUC: 0.2988
[Fine-tune] Epoch 8/50 - Loss: 0.4702 - Val F1: 0.1149 - Val ROC-AUC: 0.8297 - Val PR-AUC: 0.1935
[Fine-tune] Epoch 9/50 - Loss: 0.4708 - Val F1: 0.1084 - Val ROC-AUC: 0.8189 - Val PR-AUC: 0.1844
[Fine-tune] Epoch 10/50 - Loss: 0.4491 - Val F1: 0.1161 - Val ROC-AUC: 0.8225 - Val PR-AUC: 0.2162
[Fine-tune] Epoch 11/50 - Loss: 0.4455 - Val F1: 0.1139 - Val ROC-AUC: 0.8198 - Val PR-AUC: 0.2116
[Fine-tune] Epoch 12/50 - Loss: 0.4424 - Val F1: 0.1307 - Val ROC-AUC: 0.8120 - Val PR-AUC: 0.2208
[Fine-tune] Epoch 13/50 - Loss: 0.4288 - Val F1: 0.1242 - Val ROC-AUC: 0.8167 - Val PR-AUC: 0.2329
[Fine-tune] Epoch 14/50 - Loss: 0.4406 - Val F1: 0.1695 - Val ROC-AUC: 0.8387 - Val PR-AUC: 0.2866
[Fine-tune] Epoch 15/50 - Loss: 0.4216 - Val F1: 0.1399 - Val ROC-AUC: 0.8315 - Val PR-AUC: 0.2570
[Fine-tune] Epoch 16/50 - Loss: 0.4114 - Val F1: 0.1481 - Val ROC-AUC: 0.8241 - Val PR-AUC: 0.2223
[Fine-tune] Epoch 17/50 - Loss: 0.4118 - Val F1: 0.1183 - Val ROC-AUC: 0.8330 - Val PR-AUC: 0.2201
[Fine-tune] Epoch 18/50 - Loss: 0.4005 - Val F1: 0.1274 - Val ROC-AUC: 0.8449 - Val PR-AUC: 0.2702
[Fine-tune] Epoch 19/50 - Loss: 0.3978 - Val F1: 0.1091 - Val ROC-AUC: 0.8306 - Val PR-AUC: 0.3062
[Fine-tune] Epoch 20/50 - Loss: 0.4093 - Val F1: 0.0923 - Val ROC-AUC: 0.8260 - Val PR-AUC: 0.2714
[Fine-tune] Epoch 21/50 - Loss: 0.4136 - Val F1: 0.0978 - Val ROC-AUC: 0.8325 - Val PR-AUC: 0.2962
[Fine-tune] Epoch 22/50 - Loss: 0.3964 - Val F1: 0.1017 - Val ROC-AUC: 0.8334 - Val PR-AUC: 0.2579
[Fine-tune] Epoch 23/50 - Loss: 0.3937 - Val F1: 0.1224 - Val ROC-AUC: 0.8332 - Val PR-AUC: 0.3257
[Fine-tune] Epoch 24/50 - Loss: 0.4012 - Val F1: 0.1078 - Val ROC-AUC: 0.8318 - Val PR-AUC: 0.3174
[Fine-tune] Epoch 25/50 - Loss: 0.4109 - Val F1: 0.1111 - Val ROC-AUC: 0.8444 - Val PR-AUC: 0.3082
[Fine-tune] Epoch 26/50 - Loss: 0.3969 - Val F1: 0.1098 - Val ROC-AUC: 0.8402 - Val PR-AUC: 0.3026
[Fine-tune] Epoch 27/50 - Loss: 0.3886 - Val F1: 0.1011 - Val ROC-AUC: 0.8433 - Val PR-AUC: 0.3108
[Fine-tune] Epoch 28/50 - Loss: 0.3918 - Val F1: 0.1209 - Val ROC-AUC: 0.8521 - Val PR-AUC: 0.3206
[Fine-tune] Epoch 29/50 - Loss: 0.3848 - Val F1: 0.1259 - Val ROC-AUC: 0.8368 - Val PR-AUC: 0.3584
[Fine-tune] Epoch 30/50 - Loss: 0.3841 - Val F1: 0.1089 - Val ROC-AUC: 0.8475 - Val PR-AUC: 0.4059
[Fine-tune] Epoch 31/50 - Loss: 0.3860 - Val F1: 0.1176 - Val ROC-AUC: 0.8445 - Val PR-AUC: 0.4070
[Fine-tune] Epoch 32/50 - Loss: 0.3760 - Val F1: 0.1106 - Val ROC-AUC: 0.8478 - Val PR-AUC: 0.3860
[Fine-tune] Epoch 33/50 - Loss: 0.3882 - Val F1: 0.1163 - Val ROC-AUC: 0.8463 - Val PR-AUC: 0.4090
[Fine-tune] Epoch 34/50 - Loss: 0.3692 - Val F1: 0.1084 - Val ROC-AUC: 0.8386 - Val PR-AUC: 0.3078
[Fine-tune] Epoch 35/50 - Loss: 0.3967 - Val F1: 0.1091 - Val ROC-AUC: 0.8381 - Val PR-AUC: 0.3033
[Fine-tune] Epoch 36/50 - Loss: 0.3851 - Val F1: 0.1111 - Val ROC-AUC: 0.8442 - Val PR-AUC: 0.3218
[Fine-tune] Epoch 37/50 - Loss: 0.3749 - Val F1: 0.1353 - Val ROC-AUC: 0.8396 - Val PR-AUC: 0.4153
[Fine-tune] Epoch 38/50 - Loss: 0.3900 - Val F1: 0.1011 - Val ROC-AUC: 0.8446 - Val PR-AUC: 0.4139
[Fine-tune] Epoch 39/50 - Loss: 0.3890 - Val F1: 0.1139 - Val ROC-AUC: 0.8397 - Val PR-AUC: 0.3400
[Fine-tune] Epoch 40/50 - Loss: 0.3738 - Val F1: 0.1241 - Val ROC-AUC: 0.8376 - Val PR-AUC: 0.3588
[Fine-tune] Epoch 41/50 - Loss: 0.3865 - Val F1: 0.1488 - Val ROC-AUC: 0.8436 - Val PR-AUC: 0.3520
[Fine-tune] Epoch 42/50 - Loss: 0.3734 - Val F1: 0.1208 - Val ROC-AUC: 0.8428 - Val PR-AUC: 0.4185
[Fine-tune] Epoch 43/50 - Loss: 0.3795 - Val F1: 0.1212 - Val ROC-AUC: 0.8455 - Val PR-AUC: 0.4256
[Fine-tune] Epoch 44/50 - Loss: 0.3709 - Val F1: 0.1224 - Val ROC-AUC: 0.8465 - Val PR-AUC: 0.4247
[Fine-tune] Epoch 45/50 - Loss: 0.3682 - Val F1: 0.1200 - Val ROC-AUC: 0.8438 - Val PR-AUC: 0.3327
[Fine-tune] Epoch 46/50 - Loss: 0.3720 - Val F1: 0.1227 - Val ROC-AUC: 0.8450 - Val PR-AUC: 0.3830
[Fine-tune] Epoch 47/50 - Loss: 0.3863 - Val F1: 0.1098 - Val ROC-AUC: 0.8424 - Val PR-AUC: 0.3324
[Fine-tune] Epoch 48/50 - Loss: 0.3620 - Val F1: 0.1146 - Val ROC-AUC: 0.8399 - Val PR-AUC: 0.3265
[Fine-tune] Epoch 49/50 - Loss: 0.3711 - Val F1: 0.1084 - Val ROC-AUC: 0.8425 - Val PR-AUC: 0.3290
[Fine-tune] Epoch 50/50 - Loss: 0.3700 - Val F1: 0.1156 - Val ROC-AUC: 0.8515 - Val PR-AUC: 0.3216
Finetuning completed. Test F1: 0.1714, ROC-AUC: 0.8850, PR-AUC: 0.2427
[3.1/4] Target-only training on TOX21_ERa_LUC_VM7_Agonist_10nM_ICI182780 using GAT...
=== Target-only training ===
[Target-only] Epoch 1/50 – Loss: 0.5556  Val F1: 0.0909  ROC-AUC: 0.8373  PR-AUC: 0.1874
[Target-only] Epoch 2/50 – Loss: 0.4792  Val F1: 0.0840  ROC-AUC: 0.7978  PR-AUC: 0.2300
[Target-only] Epoch 3/50 – Loss: 0.4732  Val F1: 0.1183  ROC-AUC: 0.8052  PR-AUC: 0.1992
[Target-only] Epoch 4/50 – Loss: 0.4701  Val F1: 0.1274  ROC-AUC: 0.8098  PR-AUC: 0.2798
[Target-only] Epoch 5/50 – Loss: 0.4478  Val F1: 0.0894  ROC-AUC: 0.8065  PR-AUC: 0.2105
[Target-only] Epoch 6/50 – Loss: 0.4406  Val F1: 0.1250  ROC-AUC: 0.8183  PR-AUC: 0.2385
[Target-only] Epoch 7/50 – Loss: 0.4307  Val F1: 0.1600  ROC-AUC: 0.8048  PR-AUC: 0.2270
[Target-only] Epoch 8/50 – Loss: 0.4228  Val F1: 0.1800  ROC-AUC: 0.8192  PR-AUC: 0.2267
[Target-only] Epoch 9/50 – Loss: 0.4236  Val F1: 0.1087  ROC-AUC: 0.8278  PR-AUC: 0.2526
[Target-only] Epoch 10/50 – Loss: 0.4035  Val F1: 0.1250  ROC-AUC: 0.8090  PR-AUC: 0.2109
[Target-only] Epoch 11/50 – Loss: 0.4048  Val F1: 0.1471  ROC-AUC: 0.8206  PR-AUC: 0.2138
[Target-only] Epoch 12/50 – Loss: 0.3895  Val F1: 0.1460  ROC-AUC: 0.8490  PR-AUC: 0.2881
[Target-only] Epoch 13/50 – Loss: 0.3941  Val F1: 0.1818  ROC-AUC: 0.8508  PR-AUC: 0.3054
[Target-only] Epoch 14/50 – Loss: 0.3889  Val F1: 0.1538  ROC-AUC: 0.8319  PR-AUC: 0.3088
[Target-only] Epoch 15/50 – Loss: 0.3939  Val F1: 0.1528  ROC-AUC: 0.8351  PR-AUC: 0.2916
[Target-only] Epoch 16/50 – Loss: 0.3713  Val F1: 0.1429  ROC-AUC: 0.8393  PR-AUC: 0.2826
[Target-only] Epoch 17/50 – Loss: 0.3878  Val F1: 0.1754  ROC-AUC: 0.8259  PR-AUC: 0.2748
[Target-only] Epoch 18/50 – Loss: 0.3845  Val F1: 0.1653  ROC-AUC: 0.8346  PR-AUC: 0.2566
[Target-only] Epoch 19/50 – Loss: 0.3754  Val F1: 0.1183  ROC-AUC: 0.8579  PR-AUC: 0.2910
[Target-only] Epoch 20/50 – Loss: 0.3775  Val F1: 0.1274  ROC-AUC: 0.8343  PR-AUC: 0.2470
[Target-only] Epoch 21/50 – Loss: 0.3722  Val F1: 0.1209  ROC-AUC: 0.8498  PR-AUC: 0.2619
[Target-only] Epoch 22/50 – Loss: 0.3637  Val F1: 0.1600  ROC-AUC: 0.8511  PR-AUC: 0.2617
[Target-only] Epoch 23/50 – Loss: 0.3714  Val F1: 0.1317  ROC-AUC: 0.8374  PR-AUC: 0.2496
[Target-only] Epoch 24/50 – Loss: 0.3623  Val F1: 0.1667  ROC-AUC: 0.8508  PR-AUC: 0.2372
[Target-only] Epoch 25/50 – Loss: 0.3637  Val F1: 0.1587  ROC-AUC: 0.8507  PR-AUC: 0.2580
[Target-only] Epoch 26/50 – Loss: 0.3812  Val F1: 0.1379  ROC-AUC: 0.8588  PR-AUC: 0.2058
[Target-only] Epoch 27/50 – Loss: 0.3506  Val F1: 0.1418  ROC-AUC: 0.8436  PR-AUC: 0.2327
[Target-only] Epoch 28/50 – Loss: 0.3667  Val F1: 0.2041  ROC-AUC: 0.8583  PR-AUC: 0.2615
[Target-only] Epoch 29/50 – Loss: 0.3714  Val F1: 0.1493  ROC-AUC: 0.8625  PR-AUC: 0.2704
[Target-only] Epoch 30/50 – Loss: 0.3508  Val F1: 0.1739  ROC-AUC: 0.8554  PR-AUC: 0.2318
[Target-only] Epoch 31/50 – Loss: 0.3462  Val F1: 0.1961  ROC-AUC: 0.8559  PR-AUC: 0.2636
[Target-only] Epoch 32/50 – Loss: 0.3607  Val F1: 0.1626  ROC-AUC: 0.8548  PR-AUC: 0.2600
[Target-only] Epoch 33/50 – Loss: 0.3558  Val F1: 0.1802  ROC-AUC: 0.8502  PR-AUC: 0.2468
[Target-only] Epoch 34/50 – Loss: 0.3581  Val F1: 0.1770  ROC-AUC: 0.8580  PR-AUC: 0.2781
[Target-only] Epoch 35/50 – Loss: 0.3525  Val F1: 0.1818  ROC-AUC: 0.8613  PR-AUC: 0.2915
[Target-only] Epoch 36/50 – Loss: 0.3354  Val F1: 0.1626  ROC-AUC: 0.8574  PR-AUC: 0.2521
[Target-only] Epoch 37/50 – Loss: 0.3483  Val F1: 0.1852  ROC-AUC: 0.8505  PR-AUC: 0.2513
[Target-only] Epoch 38/50 – Loss: 0.3518  Val F1: 0.1626  ROC-AUC: 0.8584  PR-AUC: 0.2573
[Target-only] Epoch 39/50 – Loss: 0.3346  Val F1: 0.1754  ROC-AUC: 0.8544  PR-AUC: 0.2314
[Target-only] Epoch 40/50 – Loss: 0.3406  Val F1: 0.1471  ROC-AUC: 0.8569  PR-AUC: 0.2427
[Target-only] Epoch 41/50 – Loss: 0.3452  Val F1: 0.1587  ROC-AUC: 0.8546  PR-AUC: 0.2477
[Target-only] Epoch 42/50 – Loss: 0.3292  Val F1: 0.1980  ROC-AUC: 0.8497  PR-AUC: 0.2350
[Target-only] Epoch 43/50 – Loss: 0.3469  Val F1: 0.1626  ROC-AUC: 0.8504  PR-AUC: 0.2428
[Target-only] Epoch 44/50 – Loss: 0.3421  Val F1: 0.1653  ROC-AUC: 0.8475  PR-AUC: 0.2413
[Target-only] Epoch 45/50 – Loss: 0.3385  Val F1: 0.1600  ROC-AUC: 0.8527  PR-AUC: 0.2436
[Target-only] Epoch 46/50 – Loss: 0.3396  Val F1: 0.1681  ROC-AUC: 0.8501  PR-AUC: 0.2560
[Target-only] Epoch 47/50 – Loss: 0.3398  Val F1: 0.1600  ROC-AUC: 0.8606  PR-AUC: 0.2601
[Target-only] Epoch 48/50 – Loss: 0.3376  Val F1: 0.1732  ROC-AUC: 0.8561  PR-AUC: 0.2333
[Target-only] Epoch 49/50 – Loss: 0.3444  Val F1: 0.1923  ROC-AUC: 0.8510  PR-AUC: 0.2449
[Target-only] Epoch 50/50 – Loss: 0.3453  Val F1: 0.1802  ROC-AUC: 0.8519  PR-AUC: 0.2319
=== Target-only TEST performance ===
Test F1: 0.1897, ROC-AUC: 0.8602, PR-AUC: 0.1730
[4/4] Embedding 시각화 중...
✅ Embeddings 저장 완료: embeddings_TOX21_ERa_LUC_VM7_Agonist_TOX21_ERa_LUC_VM7_Agonist_10nM_ICI182780_GAT.png
✅ 실험 완료: TOX21_ERa_LUC_VM7_Agonist -> TOX21_ERa_LUC_VM7_Agonist_10nM_ICI182780 [GAT]
