[13:31:57] Can't kekulize mol.  Unkekulized atoms: 1 2 3 4 5
[13:31:57] Explicit valence for atom # 0 Cl, 2, is greater than permitted
[13:31:58] Can't kekulize mol.  Unkekulized atoms: 3 4 5 6 7
[13:31:59] Can't kekulize mol.  Unkekulized atoms: 3 4 5 6 7
[13:31:59] WARNING: not removing hydrogen atom without neighbors
[13:32:01] Explicit valence for atom # 3 Si, 8, is greater than permitted
[13:32:01] Can't kekulize mol.  Unkekulized atoms: 1 2 3 4 5
[13:32:01] Can't kekulize mol.  Unkekulized atoms: 3 4 5 6 7
[13:32:02] Can't kekulize mol.  Unkekulized atoms: 1 2 3 4 5
[13:32:02] WARNING: not removing hydrogen atom without neighbors
[13:32:03] Can't kekulize mol.  Unkekulized atoms: 1 2 3 4 5
[13:32:03] Explicit valence for atom # 6 O, 3, is greater than permitted
[13:32:03] Explicit valence for atom # 3 Si, 8, is greater than permitted
[13:32:03] Explicit valence for atom # 0 Cl, 2, is greater than permitted
[13:33:25] Can't kekulize mol.  Unkekulized atoms: 1 2 3 4 5
[13:33:26] Explicit valence for atom # 0 Cl, 2, is greater than permitted
[13:33:27] Can't kekulize mol.  Unkekulized atoms: 3 4 5 6 7
[13:33:27] Can't kekulize mol.  Unkekulized atoms: 3 4 5 6 7
[13:33:29] Can't kekulize mol.  Unkekulized atoms: 1 2 3 4 5
[13:33:29] Can't kekulize mol.  Unkekulized atoms: 3 4 5 6 7
[13:33:30] Can't kekulize mol.  Unkekulized atoms: 1 2 3 4 5
[13:33:30] WARNING: not removing hydrogen atom without neighbors
[13:33:31] Can't kekulize mol.  Unkekulized atoms: 1 2 3 4 5
[13:33:31] Explicit valence for atom # 6 O, 3, is greater than permitted
[13:33:31] Explicit valence for atom # 3 Si, 8, is greater than permitted
[13:33:31] Explicit valence for atom # 0 Cl, 2, is greater than permitted
[13:34:46] Can't kekulize mol.  Unkekulized atoms: 1 2 3 4 5
[13:34:47] Explicit valence for atom # 0 Cl, 2, is greater than permitted
[13:34:47] Can't kekulize mol.  Unkekulized atoms: 3 4 5 6 7
[13:34:48] Can't kekulize mol.  Unkekulized atoms: 3 4 5 6 7
[13:34:50] Can't kekulize mol.  Unkekulized atoms: 1 2 3 4 5
[13:34:50] Can't kekulize mol.  Unkekulized atoms: 3 4 5 6 7
[13:34:51] Can't kekulize mol.  Unkekulized atoms: 1 2 3 4 5
[13:34:51] WARNING: not removing hydrogen atom without neighbors
[13:34:51] Can't kekulize mol.  Unkekulized atoms: 1 2 3 4 5
[13:34:51] Explicit valence for atom # 6 O, 3, is greater than permitted
[13:34:51] Explicit valence for atom # 3 Si, 8, is greater than permitted
[13:34:52] Explicit valence for atom # 0 Cl, 2, is greater than permitted
[13:36:08] Can't kekulize mol.  Unkekulized atoms: 1 2 3 4 5
[13:36:09] Explicit valence for atom # 0 Cl, 2, is greater than permitted
[13:36:09] Can't kekulize mol.  Unkekulized atoms: 3 4 5 6 7
[13:36:10] Can't kekulize mol.  Unkekulized atoms: 3 4 5 6 7
[13:36:12] Can't kekulize mol.  Unkekulized atoms: 1 2 3 4 5
[13:36:12] Can't kekulize mol.  Unkekulized atoms: 3 4 5 6 7
[13:36:13] Can't kekulize mol.  Unkekulized atoms: 1 2 3 4 5
[13:36:13] WARNING: not removing hydrogen atom without neighbors
[13:36:13] Can't kekulize mol.  Unkekulized atoms: 1 2 3 4 5
[13:36:13] Explicit valence for atom # 6 O, 3, is greater than permitted
[13:36:13] Explicit valence for atom # 3 Si, 8, is greater than permitted
[13:36:14] Explicit valence for atom # 0 Cl, 2, is greater than permitted
[13:36:14] Can't kekulize mol.  Unkekulized atoms: 1 2 3 4 5
[13:36:15] Explicit valence for atom # 0 Cl, 2, is greater than permitted
[13:36:15] Can't kekulize mol.  Unkekulized atoms: 3 4 5 6 7
[13:36:16] Can't kekulize mol.  Unkekulized atoms: 3 4 5 6 7
[13:36:18] Can't kekulize mol.  Unkekulized atoms: 1 2 3 4 5
[13:36:18] Can't kekulize mol.  Unkekulized atoms: 3 4 5 6 7
[13:36:19] Can't kekulize mol.  Unkekulized atoms: 1 2 3 4 5
[13:36:19] WARNING: not removing hydrogen atom without neighbors
[13:36:19] Can't kekulize mol.  Unkekulized atoms: 1 2 3 4 5
[13:36:19] Explicit valence for atom # 6 O, 3, is greater than permitted
[13:36:19] Explicit valence for atom # 3 Si, 8, is greater than permitted
[13:36:19] Explicit valence for atom # 0 Cl, 2, is greater than permitted
