[13:37:44] Can't kekulize mol.  Unkekulized atoms: 1 2 3 4 5
[13:37:44] Explicit valence for atom # 0 Cl, 2, is greater than permitted
[13:37:45] Can't kekulize mol.  Unkekulized atoms: 3 4 5 6 7
[13:37:46] Can't kekulize mol.  Unkekulized atoms: 3 4 5 6 7
[13:37:46] WARNING: not removing hydrogen atom without neighbors
[13:37:48] Explicit valence for atom # 3 Si, 8, is greater than permitted
[13:37:48] Can't kekulize mol.  Unkekulized atoms: 1 2 3 4 5
[13:37:49] Can't kekulize mol.  Unkekulized atoms: 3 4 5 6 7
[13:37:49] Can't kekulize mol.  Unkekulized atoms: 1 2 3 4 5
[13:37:49] WARNING: not removing hydrogen atom without neighbors
[13:37:50] Can't kekulize mol.  Unkekulized atoms: 1 2 3 4 5
[13:37:50] Explicit valence for atom # 6 O, 3, is greater than permitted
[13:37:50] Explicit valence for atom # 3 Si, 8, is greater than permitted
[13:37:50] Explicit valence for atom # 0 Cl, 2, is greater than permitted
[13:39:12] Can't kekulize mol.  Unkekulized atoms: 1 2 3 4 5
[13:39:12] Explicit valence for atom # 0 Cl, 2, is greater than permitted
[13:39:13] Can't kekulize mol.  Unkekulized atoms: 3 4 5 6 7
[13:39:14] Can't kekulize mol.  Unkekulized atoms: 3 4 5 6 7
[13:39:16] Can't kekulize mol.  Unkekulized atoms: 1 2 3 4 5
[13:39:16] Can't kekulize mol.  Unkekulized atoms: 3 4 5 6 7
[13:39:16] Can't kekulize mol.  Unkekulized atoms: 1 2 3 4 5
[13:39:16] WARNING: not removing hydrogen atom without neighbors
[13:39:17] Can't kekulize mol.  Unkekulized atoms: 1 2 3 4 5
[13:39:17] Explicit valence for atom # 6 O, 3, is greater than permitted
[13:39:17] Explicit valence for atom # 3 Si, 8, is greater than permitted
[13:39:17] Explicit valence for atom # 0 Cl, 2, is greater than permitted
[13:40:31] Can't kekulize mol.  Unkekulized atoms: 1 2 3 4 5
[13:40:32] Explicit valence for atom # 0 Cl, 2, is greater than permitted
[13:40:32] Can't kekulize mol.  Unkekulized atoms: 3 4 5 6 7
[13:40:33] Can't kekulize mol.  Unkekulized atoms: 3 4 5 6 7
[13:40:35] Can't kekulize mol.  Unkekulized atoms: 1 2 3 4 5
[13:40:35] Can't kekulize mol.  Unkekulized atoms: 3 4 5 6 7
[13:40:36] Can't kekulize mol.  Unkekulized atoms: 1 2 3 4 5
[13:40:36] WARNING: not removing hydrogen atom without neighbors
[13:40:36] Can't kekulize mol.  Unkekulized atoms: 1 2 3 4 5
[13:40:36] Explicit valence for atom # 6 O, 3, is greater than permitted
[13:40:37] Explicit valence for atom # 3 Si, 8, is greater than permitted
[13:40:37] Explicit valence for atom # 0 Cl, 2, is greater than permitted
[13:41:54] Can't kekulize mol.  Unkekulized atoms: 1 2 3 4 5
[13:41:54] Explicit valence for atom # 0 Cl, 2, is greater than permitted
[13:41:55] Can't kekulize mol.  Unkekulized atoms: 3 4 5 6 7
[13:41:56] Can't kekulize mol.  Unkekulized atoms: 3 4 5 6 7
[13:41:58] Can't kekulize mol.  Unkekulized atoms: 1 2 3 4 5
[13:41:58] Can't kekulize mol.  Unkekulized atoms: 3 4 5 6 7
[13:41:59] Can't kekulize mol.  Unkekulized atoms: 1 2 3 4 5
[13:41:59] WARNING: not removing hydrogen atom without neighbors
[13:41:59] Can't kekulize mol.  Unkekulized atoms: 1 2 3 4 5
[13:41:59] Explicit valence for atom # 6 O, 3, is greater than permitted
[13:41:59] Explicit valence for atom # 3 Si, 8, is greater than permitted
[13:42:00] Explicit valence for atom # 0 Cl, 2, is greater than permitted
[13:42:00] Can't kekulize mol.  Unkekulized atoms: 1 2 3 4 5
[13:42:01] Explicit valence for atom # 0 Cl, 2, is greater than permitted
[13:42:01] Can't kekulize mol.  Unkekulized atoms: 3 4 5 6 7
[13:42:02] Can't kekulize mol.  Unkekulized atoms: 3 4 5 6 7
[13:42:04] Can't kekulize mol.  Unkekulized atoms: 1 2 3 4 5
[13:42:04] Can't kekulize mol.  Unkekulized atoms: 3 4 5 6 7
[13:42:05] Can't kekulize mol.  Unkekulized atoms: 1 2 3 4 5
[13:42:05] WARNING: not removing hydrogen atom without neighbors
[13:42:05] Can't kekulize mol.  Unkekulized atoms: 1 2 3 4 5
[13:42:05] Explicit valence for atom # 6 O, 3, is greater than permitted
[13:42:05] Explicit valence for atom # 3 Si, 8, is greater than permitted
[13:42:05] Explicit valence for atom # 0 Cl, 2, is greater than permitted
