[2/4] Pretraining on Supplemental_Material_2_TrainingSet using GIN_GCN...
Epoch 1/50 - Loss: 0.6568 - Val F1: 0.4507 - Val ROC-AUC: 0.8166 - Val PR-AUC: 0.4262
Epoch 2/50 - Loss: 0.5904 - Val F1: 0.4878 - Val ROC-AUC: 0.8440 - Val PR-AUC: 0.6100
Epoch 3/50 - Loss: 0.5719 - Val F1: 0.4416 - Val ROC-AUC: 0.8249 - Val PR-AUC: 0.5402
Epoch 4/50 - Loss: 0.5796 - Val F1: 0.3871 - Val ROC-AUC: 0.8316 - Val PR-AUC: 0.5907
Epoch 5/50 - Loss: 0.5822 - Val F1: 0.5366 - Val ROC-AUC: 0.7986 - Val PR-AUC: 0.5033
Epoch 6/50 - Loss: 0.5614 - Val F1: 0.4176 - Val ROC-AUC: 0.8215 - Val PR-AUC: 0.5668
Epoch 7/50 - Loss: 0.5474 - Val F1: 0.3125 - Val ROC-AUC: 0.7512 - Val PR-AUC: 0.3406
Epoch 8/50 - Loss: 0.5212 - Val F1: 0.4337 - Val ROC-AUC: 0.8021 - Val PR-AUC: 0.4672
Epoch 9/50 - Loss: 0.5261 - Val F1: 0.4857 - Val ROC-AUC: 0.8449 - Val PR-AUC: 0.5791
Epoch 10/50 - Loss: 0.5300 - Val F1: 0.4557 - Val ROC-AUC: 0.8440 - Val PR-AUC: 0.5977
Epoch 11/50 - Loss: 0.4899 - Val F1: 0.4638 - Val ROC-AUC: 0.8368 - Val PR-AUC: 0.5661
Epoch 12/50 - Loss: 0.4718 - Val F1: 0.4146 - Val ROC-AUC: 0.8290 - Val PR-AUC: 0.5492
Epoch 13/50 - Loss: 0.4765 - Val F1: 0.4658 - Val ROC-AUC: 0.8556 - Val PR-AUC: 0.5749
Epoch 14/50 - Loss: 0.4955 - Val F1: 0.3540 - Val ROC-AUC: 0.8174 - Val PR-AUC: 0.4904
Epoch 15/50 - Loss: 0.4695 - Val F1: 0.4507 - Val ROC-AUC: 0.8096 - Val PR-AUC: 0.5136
Epoch 16/50 - Loss: 0.4231 - Val F1: 0.4928 - Val ROC-AUC: 0.8328 - Val PR-AUC: 0.6064
Epoch 17/50 - Loss: 0.4429 - Val F1: 0.4301 - Val ROC-AUC: 0.8605 - Val PR-AUC: 0.5891
Epoch 18/50 - Loss: 0.4319 - Val F1: 0.4000 - Val ROC-AUC: 0.8168 - Val PR-AUC: 0.5038
Epoch 19/50 - Loss: 0.4186 - Val F1: 0.4211 - Val ROC-AUC: 0.7755 - Val PR-AUC: 0.5237
Epoch 20/50 - Loss: 0.4327 - Val F1: 0.4176 - Val ROC-AUC: 0.7902 - Val PR-AUC: 0.4497
Epoch 21/50 - Loss: 0.4555 - Val F1: 0.4507 - Val ROC-AUC: 0.8380 - Val PR-AUC: 0.5971
Epoch 22/50 - Loss: 0.3771 - Val F1: 0.4762 - Val ROC-AUC: 0.8313 - Val PR-AUC: 0.5595
Epoch 23/50 - Loss: 0.3794 - Val F1: 0.4337 - Val ROC-AUC: 0.8030 - Val PR-AUC: 0.4474
Epoch 24/50 - Loss: 0.3729 - Val F1: 0.4932 - Val ROC-AUC: 0.8359 - Val PR-AUC: 0.5738
Epoch 25/50 - Loss: 0.3724 - Val F1: 0.4444 - Val ROC-AUC: 0.8122 - Val PR-AUC: 0.4648
Epoch 26/50 - Loss: 0.3469 - Val F1: 0.4478 - Val ROC-AUC: 0.8516 - Val PR-AUC: 0.5462
Epoch 27/50 - Loss: 0.3498 - Val F1: 0.3733 - Val ROC-AUC: 0.7633 - Val PR-AUC: 0.3785
Epoch 28/50 - Loss: 0.3724 - Val F1: 0.4524 - Val ROC-AUC: 0.8359 - Val PR-AUC: 0.4997
Epoch 29/50 - Loss: 0.3540 - Val F1: 0.4138 - Val ROC-AUC: 0.8180 - Val PR-AUC: 0.4641
Epoch 30/50 - Loss: 0.3294 - Val F1: 0.4390 - Val ROC-AUC: 0.8394 - Val PR-AUC: 0.5502
Epoch 31/50 - Loss: 0.2825 - Val F1: 0.4211 - Val ROC-AUC: 0.8235 - Val PR-AUC: 0.5294
Epoch 32/50 - Loss: 0.3117 - Val F1: 0.4638 - Val ROC-AUC: 0.8348 - Val PR-AUC: 0.5221
Epoch 33/50 - Loss: 0.3313 - Val F1: 0.4051 - Val ROC-AUC: 0.7922 - Val PR-AUC: 0.4630
Epoch 34/50 - Loss: 0.2993 - Val F1: 0.3860 - Val ROC-AUC: 0.7752 - Val PR-AUC: 0.4241
Epoch 35/50 - Loss: 0.3190 - Val F1: 0.3704 - Val ROC-AUC: 0.8015 - Val PR-AUC: 0.4684
Epoch 36/50 - Loss: 0.2651 - Val F1: 0.4250 - Val ROC-AUC: 0.8174 - Val PR-AUC: 0.4971
Epoch 37/50 - Loss: 0.3148 - Val F1: 0.3548 - Val ROC-AUC: 0.7679 - Val PR-AUC: 0.4111
Epoch 38/50 - Loss: 0.2843 - Val F1: 0.3810 - Val ROC-AUC: 0.8061 - Val PR-AUC: 0.5195
Epoch 39/50 - Loss: 0.2799 - Val F1: 0.4062 - Val ROC-AUC: 0.7772 - Val PR-AUC: 0.4306
Epoch 40/50 - Loss: 0.2738 - Val F1: 0.3939 - Val ROC-AUC: 0.7786 - Val PR-AUC: 0.4407
Epoch 41/50 - Loss: 0.2841 - Val F1: 0.4571 - Val ROC-AUC: 0.8154 - Val PR-AUC: 0.4940
Epoch 42/50 - Loss: 0.2897 - Val F1: 0.4286 - Val ROC-AUC: 0.8183 - Val PR-AUC: 0.4997
Epoch 43/50 - Loss: 0.2517 - Val F1: 0.3929 - Val ROC-AUC: 0.7827 - Val PR-AUC: 0.4330
Epoch 44/50 - Loss: 0.2501 - Val F1: 0.4416 - Val ROC-AUC: 0.8108 - Val PR-AUC: 0.4634
Epoch 45/50 - Loss: 0.2533 - Val F1: 0.4308 - Val ROC-AUC: 0.8076 - Val PR-AUC: 0.4680
Epoch 46/50 - Loss: 0.2482 - Val F1: 0.4348 - Val ROC-AUC: 0.8186 - Val PR-AUC: 0.4952
Epoch 47/50 - Loss: 0.2671 - Val F1: 0.4000 - Val ROC-AUC: 0.7957 - Val PR-AUC: 0.4451
Epoch 48/50 - Loss: 0.2519 - Val F1: 0.4000 - Val ROC-AUC: 0.8064 - Val PR-AUC: 0.4804
Epoch 49/50 - Loss: 0.2510 - Val F1: 0.4324 - Val ROC-AUC: 0.8229 - Val PR-AUC: 0.5359
Epoch 50/50 - Loss: 0.2697 - Val F1: 0.4390 - Val ROC-AUC: 0.8119 - Val PR-AUC: 0.4939
Pretraining completed. Test F1: 0.3721, ROC-AUC: 0.7184, PR-AUC: 0.3146
[3/4] Finetuning on TOX21_ERa_BLA_Agonist_ch2 using GIN_GCN...
[Fine-tune] Epoch 1/50 - Loss: 0.5607 - Val F1: 0.2028 - Val ROC-AUC: 0.7962 - Val PR-AUC: 0.2498
[Fine-tune] Epoch 2/50 - Loss: 0.5045 - Val F1: 0.2319 - Val ROC-AUC: 0.8146 - Val PR-AUC: 0.2194
[Fine-tune] Epoch 3/50 - Loss: 0.4861 - Val F1: 0.2588 - Val ROC-AUC: 0.8103 - Val PR-AUC: 0.3051
[Fine-tune] Epoch 4/50 - Loss: 0.4712 - Val F1: 0.2623 - Val ROC-AUC: 0.8335 - Val PR-AUC: 0.3001
[Fine-tune] Epoch 5/50 - Loss: 0.4432 - Val F1: 0.3230 - Val ROC-AUC: 0.8285 - Val PR-AUC: 0.2974
[Fine-tune] Epoch 6/50 - Loss: 0.4395 - Val F1: 0.2458 - Val ROC-AUC: 0.8334 - Val PR-AUC: 0.2429
[Fine-tune] Epoch 7/50 - Loss: 0.4275 - Val F1: 0.2393 - Val ROC-AUC: 0.8457 - Val PR-AUC: 0.2821
[Fine-tune] Epoch 8/50 - Loss: 0.4030 - Val F1: 0.2827 - Val ROC-AUC: 0.8491 - Val PR-AUC: 0.2938
[Fine-tune] Epoch 9/50 - Loss: 0.3611 - Val F1: 0.2971 - Val ROC-AUC: 0.8582 - Val PR-AUC: 0.3425
[Fine-tune] Epoch 10/50 - Loss: 0.3703 - Val F1: 0.2486 - Val ROC-AUC: 0.8457 - Val PR-AUC: 0.3626
[Fine-tune] Epoch 11/50 - Loss: 0.3287 - Val F1: 0.3262 - Val ROC-AUC: 0.8489 - Val PR-AUC: 0.3872
[Fine-tune] Epoch 12/50 - Loss: 0.3218 - Val F1: 0.2632 - Val ROC-AUC: 0.8470 - Val PR-AUC: 0.3108
[Fine-tune] Epoch 13/50 - Loss: 0.2908 - Val F1: 0.2924 - Val ROC-AUC: 0.8505 - Val PR-AUC: 0.3185
[Fine-tune] Epoch 14/50 - Loss: 0.2908 - Val F1: 0.3012 - Val ROC-AUC: 0.8274 - Val PR-AUC: 0.3648
[Fine-tune] Epoch 15/50 - Loss: 0.3022 - Val F1: 0.3206 - Val ROC-AUC: 0.8331 - Val PR-AUC: 0.3515
[Fine-tune] Epoch 16/50 - Loss: 0.2737 - Val F1: 0.3103 - Val ROC-AUC: 0.8351 - Val PR-AUC: 0.3533
[Fine-tune] Epoch 17/50 - Loss: 0.2788 - Val F1: 0.2527 - Val ROC-AUC: 0.8181 - Val PR-AUC: 0.3061
[Fine-tune] Epoch 18/50 - Loss: 0.2632 - Val F1: 0.3200 - Val ROC-AUC: 0.8259 - Val PR-AUC: 0.3209
[Fine-tune] Epoch 19/50 - Loss: 0.2700 - Val F1: 0.2838 - Val ROC-AUC: 0.8339 - Val PR-AUC: 0.3577
[Fine-tune] Epoch 20/50 - Loss: 0.2592 - Val F1: 0.3273 - Val ROC-AUC: 0.8277 - Val PR-AUC: 0.3197
[Fine-tune] Epoch 21/50 - Loss: 0.2285 - Val F1: 0.2785 - Val ROC-AUC: 0.8264 - Val PR-AUC: 0.4336
[Fine-tune] Epoch 22/50 - Loss: 0.2275 - Val F1: 0.2971 - Val ROC-AUC: 0.8224 - Val PR-AUC: 0.3727
[Fine-tune] Epoch 23/50 - Loss: 0.2224 - Val F1: 0.3056 - Val ROC-AUC: 0.8223 - Val PR-AUC: 0.3405
[Fine-tune] Epoch 24/50 - Loss: 0.2106 - Val F1: 0.3007 - Val ROC-AUC: 0.8235 - Val PR-AUC: 0.3753
[Fine-tune] Epoch 25/50 - Loss: 0.2025 - Val F1: 0.3089 - Val ROC-AUC: 0.8136 - Val PR-AUC: 0.3654
[Fine-tune] Epoch 26/50 - Loss: 0.2160 - Val F1: 0.3099 - Val ROC-AUC: 0.8367 - Val PR-AUC: 0.3880
[Fine-tune] Epoch 27/50 - Loss: 0.2002 - Val F1: 0.3411 - Val ROC-AUC: 0.8213 - Val PR-AUC: 0.3497
[Fine-tune] Epoch 28/50 - Loss: 0.2066 - Val F1: 0.3333 - Val ROC-AUC: 0.8374 - Val PR-AUC: 0.4131
[Fine-tune] Epoch 29/50 - Loss: 0.1851 - Val F1: 0.2824 - Val ROC-AUC: 0.8206 - Val PR-AUC: 0.3356
[Fine-tune] Epoch 30/50 - Loss: 0.2124 - Val F1: 0.2822 - Val ROC-AUC: 0.8341 - Val PR-AUC: 0.4015
[Fine-tune] Epoch 31/50 - Loss: 0.1745 - Val F1: 0.3485 - Val ROC-AUC: 0.8281 - Val PR-AUC: 0.4024
[Fine-tune] Epoch 32/50 - Loss: 0.1730 - Val F1: 0.3407 - Val ROC-AUC: 0.8201 - Val PR-AUC: 0.4148
[Fine-tune] Epoch 33/50 - Loss: 0.1638 - Val F1: 0.3459 - Val ROC-AUC: 0.8154 - Val PR-AUC: 0.3724
[Fine-tune] Epoch 34/50 - Loss: 0.1575 - Val F1: 0.3357 - Val ROC-AUC: 0.8244 - Val PR-AUC: 0.3942
[Fine-tune] Epoch 35/50 - Loss: 0.1574 - Val F1: 0.3101 - Val ROC-AUC: 0.8213 - Val PR-AUC: 0.3409
[Fine-tune] Epoch 36/50 - Loss: 0.1714 - Val F1: 0.3111 - Val ROC-AUC: 0.8193 - Val PR-AUC: 0.3497
[Fine-tune] Epoch 37/50 - Loss: 0.1641 - Val F1: 0.3276 - Val ROC-AUC: 0.8219 - Val PR-AUC: 0.3791
[Fine-tune] Epoch 38/50 - Loss: 0.1712 - Val F1: 0.3448 - Val ROC-AUC: 0.8236 - Val PR-AUC: 0.3788
[Fine-tune] Epoch 39/50 - Loss: 0.1478 - Val F1: 0.3333 - Val ROC-AUC: 0.8267 - Val PR-AUC: 0.3657
[Fine-tune] Epoch 40/50 - Loss: 0.1532 - Val F1: 0.3448 - Val ROC-AUC: 0.8172 - Val PR-AUC: 0.3593
[Fine-tune] Epoch 41/50 - Loss: 0.1631 - Val F1: 0.3150 - Val ROC-AUC: 0.8295 - Val PR-AUC: 0.3729
[Fine-tune] Epoch 42/50 - Loss: 0.1352 - Val F1: 0.3262 - Val ROC-AUC: 0.8232 - Val PR-AUC: 0.3844
[Fine-tune] Epoch 43/50 - Loss: 0.1331 - Val F1: 0.3140 - Val ROC-AUC: 0.8220 - Val PR-AUC: 0.3616
[Fine-tune] Epoch 44/50 - Loss: 0.1399 - Val F1: 0.3333 - Val ROC-AUC: 0.8264 - Val PR-AUC: 0.3855
[Fine-tune] Epoch 45/50 - Loss: 0.1291 - Val F1: 0.3231 - Val ROC-AUC: 0.8189 - Val PR-AUC: 0.3904
[Fine-tune] Epoch 46/50 - Loss: 0.1400 - Val F1: 0.3438 - Val ROC-AUC: 0.8221 - Val PR-AUC: 0.3995
[Fine-tune] Epoch 47/50 - Loss: 0.1475 - Val F1: 0.3385 - Val ROC-AUC: 0.8199 - Val PR-AUC: 0.3802
[Fine-tune] Epoch 48/50 - Loss: 0.1386 - Val F1: 0.3248 - Val ROC-AUC: 0.8237 - Val PR-AUC: 0.3847
[Fine-tune] Epoch 49/50 - Loss: 0.1485 - Val F1: 0.3243 - Val ROC-AUC: 0.8178 - Val PR-AUC: 0.3558
[Fine-tune] Epoch 50/50 - Loss: 0.1274 - Val F1: 0.3619 - Val ROC-AUC: 0.8176 - Val PR-AUC: 0.3823
Finetuning completed. Test F1: 0.2707, ROC-AUC: 0.7808, PR-AUC: 0.2436
[3.1/4] Target-only training on TOX21_ERa_BLA_Agonist_ch2 using GIN_GCN...
=== Target-only training ===
[Target-only] Epoch 1/50 – Loss: 0.5651  Val F1: 0.1942  ROC-AUC: 0.8154  PR-AUC: 0.2625
[Target-only] Epoch 2/50 – Loss: 0.5088  Val F1: 0.2362  ROC-AUC: 0.8259  PR-AUC: 0.3430
[Target-only] Epoch 3/50 – Loss: 0.4987  Val F1: 0.2266  ROC-AUC: 0.8216  PR-AUC: 0.3014
[Target-only] Epoch 4/50 – Loss: 0.4757  Val F1: 0.2523  ROC-AUC: 0.8138  PR-AUC: 0.3718
[Target-only] Epoch 5/50 – Loss: 0.4436  Val F1: 0.2788  ROC-AUC: 0.8263  PR-AUC: 0.2927
[Target-only] Epoch 6/50 – Loss: 0.4382  Val F1: 0.1737  ROC-AUC: 0.8170  PR-AUC: 0.3645
[Target-only] Epoch 7/50 – Loss: 0.4177  Val F1: 0.2479  ROC-AUC: 0.8340  PR-AUC: 0.3417
[Target-only] Epoch 8/50 – Loss: 0.4003  Val F1: 0.3262  ROC-AUC: 0.7929  PR-AUC: 0.3674
[Target-only] Epoch 9/50 – Loss: 0.3882  Val F1: 0.2385  ROC-AUC: 0.8121  PR-AUC: 0.3106
[Target-only] Epoch 10/50 – Loss: 0.3661  Val F1: 0.3286  ROC-AUC: 0.8418  PR-AUC: 0.3924
[Target-only] Epoch 11/50 – Loss: 0.3253  Val F1: 0.3237  ROC-AUC: 0.8415  PR-AUC: 0.3955
[Target-only] Epoch 12/50 – Loss: 0.3064  Val F1: 0.2905  ROC-AUC: 0.8333  PR-AUC: 0.3411
[Target-only] Epoch 13/50 – Loss: 0.3019  Val F1: 0.3176  ROC-AUC: 0.8214  PR-AUC: 0.3316
[Target-only] Epoch 14/50 – Loss: 0.2888  Val F1: 0.2778  ROC-AUC: 0.8456  PR-AUC: 0.3691
[Target-only] Epoch 15/50 – Loss: 0.2726  Val F1: 0.3667  ROC-AUC: 0.8282  PR-AUC: 0.3459
[Target-only] Epoch 16/50 – Loss: 0.2717  Val F1: 0.3014  ROC-AUC: 0.8204  PR-AUC: 0.3563
[Target-only] Epoch 17/50 – Loss: 0.2553  Val F1: 0.3519  ROC-AUC: 0.8171  PR-AUC: 0.3108
[Target-only] Epoch 18/50 – Loss: 0.2541  Val F1: 0.3607  ROC-AUC: 0.8094  PR-AUC: 0.3350
[Target-only] Epoch 19/50 – Loss: 0.2305  Val F1: 0.3030  ROC-AUC: 0.8239  PR-AUC: 0.3218
[Target-only] Epoch 20/50 – Loss: 0.2266  Val F1: 0.2825  ROC-AUC: 0.8030  PR-AUC: 0.3067
[Target-only] Epoch 21/50 – Loss: 0.1845  Val F1: 0.3415  ROC-AUC: 0.8095  PR-AUC: 0.3175
[Target-only] Epoch 22/50 – Loss: 0.1873  Val F1: 0.2937  ROC-AUC: 0.8029  PR-AUC: 0.2881
[Target-only] Epoch 23/50 – Loss: 0.1779  Val F1: 0.3087  ROC-AUC: 0.8020  PR-AUC: 0.3205
[Target-only] Epoch 24/50 – Loss: 0.1790  Val F1: 0.3243  ROC-AUC: 0.8080  PR-AUC: 0.3087
[Target-only] Epoch 25/50 – Loss: 0.1697  Val F1: 0.3097  ROC-AUC: 0.8009  PR-AUC: 0.2573
[Target-only] Epoch 26/50 – Loss: 0.1639  Val F1: 0.3500  ROC-AUC: 0.8136  PR-AUC: 0.2915
[Target-only] Epoch 27/50 – Loss: 0.1674  Val F1: 0.3607  ROC-AUC: 0.8204  PR-AUC: 0.2954
[Target-only] Epoch 28/50 – Loss: 0.1514  Val F1: 0.3308  ROC-AUC: 0.8050  PR-AUC: 0.3058
[Target-only] Epoch 29/50 – Loss: 0.1562  Val F1: 0.3453  ROC-AUC: 0.8169  PR-AUC: 0.3232
[Target-only] Epoch 30/50 – Loss: 0.1451  Val F1: 0.3333  ROC-AUC: 0.7977  PR-AUC: 0.2429
[Target-only] Epoch 31/50 – Loss: 0.1389  Val F1: 0.3333  ROC-AUC: 0.7961  PR-AUC: 0.2612
[Target-only] Epoch 32/50 – Loss: 0.1364  Val F1: 0.3438  ROC-AUC: 0.8086  PR-AUC: 0.3006
[Target-only] Epoch 33/50 – Loss: 0.1191  Val F1: 0.3520  ROC-AUC: 0.8098  PR-AUC: 0.3054
[Target-only] Epoch 34/50 – Loss: 0.1305  Val F1: 0.3333  ROC-AUC: 0.8050  PR-AUC: 0.3053
[Target-only] Epoch 35/50 – Loss: 0.1245  Val F1: 0.3833  ROC-AUC: 0.7988  PR-AUC: 0.2849
[Target-only] Epoch 36/50 – Loss: 0.1198  Val F1: 0.3443  ROC-AUC: 0.8006  PR-AUC: 0.3040
[Target-only] Epoch 37/50 – Loss: 0.1250  Val F1: 0.3559  ROC-AUC: 0.8038  PR-AUC: 0.3047
[Target-only] Epoch 38/50 – Loss: 0.1154  Val F1: 0.3761  ROC-AUC: 0.7965  PR-AUC: 0.2946
[Target-only] Epoch 39/50 – Loss: 0.1130  Val F1: 0.3306  ROC-AUC: 0.8025  PR-AUC: 0.2795
[Target-only] Epoch 40/50 – Loss: 0.1218  Val F1: 0.3130  ROC-AUC: 0.7975  PR-AUC: 0.2892
[Target-only] Epoch 41/50 – Loss: 0.1076  Val F1: 0.3818  ROC-AUC: 0.8002  PR-AUC: 0.3004
[Target-only] Epoch 42/50 – Loss: 0.1002  Val F1: 0.3509  ROC-AUC: 0.8041  PR-AUC: 0.3004
[Target-only] Epoch 43/50 – Loss: 0.1121  Val F1: 0.3853  ROC-AUC: 0.8082  PR-AUC: 0.3171
[Target-only] Epoch 44/50 – Loss: 0.0906  Val F1: 0.3738  ROC-AUC: 0.8021  PR-AUC: 0.3194
[Target-only] Epoch 45/50 – Loss: 0.0936  Val F1: 0.3486  ROC-AUC: 0.8032  PR-AUC: 0.2851
[Target-only] Epoch 46/50 – Loss: 0.0982  Val F1: 0.3667  ROC-AUC: 0.8123  PR-AUC: 0.2937
[Target-only] Epoch 47/50 – Loss: 0.0967  Val F1: 0.3363  ROC-AUC: 0.8078  PR-AUC: 0.3027
[Target-only] Epoch 48/50 – Loss: 0.0996  Val F1: 0.3519  ROC-AUC: 0.7989  PR-AUC: 0.2906
[Target-only] Epoch 49/50 – Loss: 0.0861  Val F1: 0.3717  ROC-AUC: 0.8105  PR-AUC: 0.3036
[Target-only] Epoch 50/50 – Loss: 0.0875  Val F1: 0.3585  ROC-AUC: 0.8068  PR-AUC: 0.2994
=== Target-only TEST performance ===
Test F1: 0.2879, ROC-AUC: 0.7565, PR-AUC: 0.2413
[4/4] Embedding 시각화 중...
✅ Embeddings 저장 완료: embeddings_Supplemental_Material_2_TrainingSet_TOX21_ERa_BLA_Agonist_ch2_GIN_GCN.png
✅ 실험 완료: Supplemental_Material_2_TrainingSet -> TOX21_ERa_BLA_Agonist_ch2 [GIN_GCN]
