[2/4] Pretraining on Supplemental_Material_2_TrainingSet using GIN_GCN...
Epoch 1/50 - Loss: 0.6689 - Val F1: 0.2526 - Val ROC-AUC: 0.6045 - Val PR-AUC: 0.1697
Epoch 2/50 - Loss: 0.5917 - Val F1: 0.5278 - Val ROC-AUC: 0.8689 - Val PR-AUC: 0.5823
Epoch 3/50 - Loss: 0.5731 - Val F1: 0.4727 - Val ROC-AUC: 0.7966 - Val PR-AUC: 0.4123
Epoch 4/50 - Loss: 0.5772 - Val F1: 0.5672 - Val ROC-AUC: 0.8435 - Val PR-AUC: 0.5989
Epoch 5/50 - Loss: 0.5467 - Val F1: 0.4304 - Val ROC-AUC: 0.8139 - Val PR-AUC: 0.5778
Epoch 6/50 - Loss: 0.5242 - Val F1: 0.4337 - Val ROC-AUC: 0.8284 - Val PR-AUC: 0.5373
Epoch 7/50 - Loss: 0.5907 - Val F1: 0.4368 - Val ROC-AUC: 0.8180 - Val PR-AUC: 0.6140
Epoch 8/50 - Loss: 0.5035 - Val F1: 0.3878 - Val ROC-AUC: 0.8021 - Val PR-AUC: 0.5181
Epoch 9/50 - Loss: 0.5066 - Val F1: 0.4571 - Val ROC-AUC: 0.8070 - Val PR-AUC: 0.5556
Epoch 10/50 - Loss: 0.5459 - Val F1: 0.3934 - Val ROC-AUC: 0.7740 - Val PR-AUC: 0.4137
Epoch 11/50 - Loss: 0.5002 - Val F1: 0.4054 - Val ROC-AUC: 0.7931 - Val PR-AUC: 0.4955
Epoch 12/50 - Loss: 0.4677 - Val F1: 0.4471 - Val ROC-AUC: 0.8116 - Val PR-AUC: 0.4908
Epoch 13/50 - Loss: 0.4648 - Val F1: 0.4595 - Val ROC-AUC: 0.8001 - Val PR-AUC: 0.4917
Epoch 14/50 - Loss: 0.4526 - Val F1: 0.4396 - Val ROC-AUC: 0.8067 - Val PR-AUC: 0.5146
Epoch 15/50 - Loss: 0.4656 - Val F1: 0.4810 - Val ROC-AUC: 0.7983 - Val PR-AUC: 0.5461
Epoch 16/50 - Loss: 0.4568 - Val F1: 0.5079 - Val ROC-AUC: 0.8090 - Val PR-AUC: 0.5958
Epoch 17/50 - Loss: 0.4322 - Val F1: 0.4384 - Val ROC-AUC: 0.8116 - Val PR-AUC: 0.4750
Epoch 18/50 - Loss: 0.4735 - Val F1: 0.3934 - Val ROC-AUC: 0.7506 - Val PR-AUC: 0.3851
Epoch 19/50 - Loss: 0.4106 - Val F1: 0.3784 - Val ROC-AUC: 0.8018 - Val PR-AUC: 0.4389
Epoch 20/50 - Loss: 0.4418 - Val F1: 0.5079 - Val ROC-AUC: 0.7954 - Val PR-AUC: 0.5082
Epoch 21/50 - Loss: 0.4395 - Val F1: 0.4416 - Val ROC-AUC: 0.7815 - Val PR-AUC: 0.4508
Epoch 22/50 - Loss: 0.3747 - Val F1: 0.3836 - Val ROC-AUC: 0.7705 - Val PR-AUC: 0.4642
Epoch 23/50 - Loss: 0.3926 - Val F1: 0.3846 - Val ROC-AUC: 0.7827 - Val PR-AUC: 0.4418
Epoch 24/50 - Loss: 0.3629 - Val F1: 0.3704 - Val ROC-AUC: 0.7477 - Val PR-AUC: 0.3922
Epoch 25/50 - Loss: 0.3663 - Val F1: 0.4000 - Val ROC-AUC: 0.7677 - Val PR-AUC: 0.4447
Epoch 26/50 - Loss: 0.3725 - Val F1: 0.3951 - Val ROC-AUC: 0.7494 - Val PR-AUC: 0.3874
Epoch 27/50 - Loss: 0.3584 - Val F1: 0.3896 - Val ROC-AUC: 0.7769 - Val PR-AUC: 0.4304
Epoch 28/50 - Loss: 0.3594 - Val F1: 0.3797 - Val ROC-AUC: 0.7720 - Val PR-AUC: 0.4365
Epoch 29/50 - Loss: 0.3303 - Val F1: 0.3778 - Val ROC-AUC: 0.7824 - Val PR-AUC: 0.4712
Epoch 30/50 - Loss: 0.3466 - Val F1: 0.3778 - Val ROC-AUC: 0.7454 - Val PR-AUC: 0.3568
Epoch 31/50 - Loss: 0.3552 - Val F1: 0.4062 - Val ROC-AUC: 0.7619 - Val PR-AUC: 0.4295
Epoch 32/50 - Loss: 0.2926 - Val F1: 0.4058 - Val ROC-AUC: 0.7844 - Val PR-AUC: 0.4500
Epoch 33/50 - Loss: 0.3063 - Val F1: 0.3944 - Val ROC-AUC: 0.7951 - Val PR-AUC: 0.4638
Epoch 34/50 - Loss: 0.3002 - Val F1: 0.4444 - Val ROC-AUC: 0.7850 - Val PR-AUC: 0.4341
Epoch 35/50 - Loss: 0.2962 - Val F1: 0.5079 - Val ROC-AUC: 0.8108 - Val PR-AUC: 0.4798
Epoch 36/50 - Loss: 0.2913 - Val F1: 0.3810 - Val ROC-AUC: 0.7810 - Val PR-AUC: 0.4388
Epoch 37/50 - Loss: 0.3038 - Val F1: 0.3438 - Val ROC-AUC: 0.7564 - Val PR-AUC: 0.3828
Epoch 38/50 - Loss: 0.2775 - Val F1: 0.4500 - Val ROC-AUC: 0.7856 - Val PR-AUC: 0.4577
Epoch 39/50 - Loss: 0.2895 - Val F1: 0.3846 - Val ROC-AUC: 0.7514 - Val PR-AUC: 0.3912
Epoch 40/50 - Loss: 0.2664 - Val F1: 0.3836 - Val ROC-AUC: 0.7775 - Val PR-AUC: 0.4300
Epoch 41/50 - Loss: 0.2663 - Val F1: 0.4058 - Val ROC-AUC: 0.7920 - Val PR-AUC: 0.4495
Epoch 42/50 - Loss: 0.2612 - Val F1: 0.4118 - Val ROC-AUC: 0.7517 - Val PR-AUC: 0.3996
Epoch 43/50 - Loss: 0.2597 - Val F1: 0.3692 - Val ROC-AUC: 0.7752 - Val PR-AUC: 0.4029
Epoch 44/50 - Loss: 0.2436 - Val F1: 0.4000 - Val ROC-AUC: 0.7616 - Val PR-AUC: 0.3892
Epoch 45/50 - Loss: 0.2488 - Val F1: 0.3714 - Val ROC-AUC: 0.7630 - Val PR-AUC: 0.3972
Epoch 46/50 - Loss: 0.2446 - Val F1: 0.4054 - Val ROC-AUC: 0.7815 - Val PR-AUC: 0.4250
Epoch 47/50 - Loss: 0.2758 - Val F1: 0.4068 - Val ROC-AUC: 0.7584 - Val PR-AUC: 0.3935
Epoch 48/50 - Loss: 0.2374 - Val F1: 0.4179 - Val ROC-AUC: 0.7569 - Val PR-AUC: 0.3991
Epoch 49/50 - Loss: 0.2303 - Val F1: 0.3944 - Val ROC-AUC: 0.7593 - Val PR-AUC: 0.4121
Epoch 50/50 - Loss: 0.2587 - Val F1: 0.4308 - Val ROC-AUC: 0.7581 - Val PR-AUC: 0.4257
Pretraining completed. Test F1: 0.3729, ROC-AUC: 0.6837, PR-AUC: 0.3681
[3/4] Finetuning on TOX21_ERa_LUC_VM7_Agonist_10nM_ICI182780 using GIN_GCN...
[Fine-tune] Epoch 1/50 - Loss: 0.3922 - Val F1: 0.1385 - Val ROC-AUC: 0.8186 - Val PR-AUC: 0.1895
[Fine-tune] Epoch 2/50 - Loss: 0.2922 - Val F1: 0.2118 - Val ROC-AUC: 0.8230 - Val PR-AUC: 0.2473
[Fine-tune] Epoch 3/50 - Loss: 0.2479 - Val F1: 0.2857 - Val ROC-AUC: 0.8399 - Val PR-AUC: 0.2377
[Fine-tune] Epoch 4/50 - Loss: 0.2195 - Val F1: 0.2045 - Val ROC-AUC: 0.8223 - Val PR-AUC: 0.3758
[Fine-tune] Epoch 5/50 - Loss: 0.1886 - Val F1: 0.2609 - Val ROC-AUC: 0.8631 - Val PR-AUC: 0.3098
[Fine-tune] Epoch 6/50 - Loss: 0.1764 - Val F1: 0.2687 - Val ROC-AUC: 0.8262 - Val PR-AUC: 0.2284
[Fine-tune] Epoch 7/50 - Loss: 0.1534 - Val F1: 0.1875 - Val ROC-AUC: 0.8292 - Val PR-AUC: 0.2781
[Fine-tune] Epoch 8/50 - Loss: 0.1600 - Val F1: 0.2169 - Val ROC-AUC: 0.8157 - Val PR-AUC: 0.3041
[Fine-tune] Epoch 9/50 - Loss: 0.1492 - Val F1: 0.2143 - Val ROC-AUC: 0.7740 - Val PR-AUC: 0.3001
[Fine-tune] Epoch 10/50 - Loss: 0.1362 - Val F1: 0.3077 - Val ROC-AUC: 0.8140 - Val PR-AUC: 0.2868
[Fine-tune] Epoch 11/50 - Loss: 0.1020 - Val F1: 0.3051 - Val ROC-AUC: 0.7978 - Val PR-AUC: 0.4165
[Fine-tune] Epoch 12/50 - Loss: 0.1146 - Val F1: 0.2593 - Val ROC-AUC: 0.7707 - Val PR-AUC: 0.2867
[Fine-tune] Epoch 13/50 - Loss: 0.0991 - Val F1: 0.2712 - Val ROC-AUC: 0.7765 - Val PR-AUC: 0.3805
[Fine-tune] Epoch 14/50 - Loss: 0.0962 - Val F1: 0.2545 - Val ROC-AUC: 0.7805 - Val PR-AUC: 0.3115
[Fine-tune] Epoch 15/50 - Loss: 0.0926 - Val F1: 0.2800 - Val ROC-AUC: 0.7626 - Val PR-AUC: 0.3264
[Fine-tune] Epoch 16/50 - Loss: 0.0807 - Val F1: 0.3111 - Val ROC-AUC: 0.7798 - Val PR-AUC: 0.3889
[Fine-tune] Epoch 17/50 - Loss: 0.0843 - Val F1: 0.3256 - Val ROC-AUC: 0.8109 - Val PR-AUC: 0.4070
[Fine-tune] Epoch 18/50 - Loss: 0.0844 - Val F1: 0.3043 - Val ROC-AUC: 0.7868 - Val PR-AUC: 0.2564
[Fine-tune] Epoch 19/50 - Loss: 0.0897 - Val F1: 0.2857 - Val ROC-AUC: 0.8084 - Val PR-AUC: 0.3184
[Fine-tune] Epoch 20/50 - Loss: 0.0717 - Val F1: 0.2692 - Val ROC-AUC: 0.7793 - Val PR-AUC: 0.3019
[Fine-tune] Epoch 21/50 - Loss: 0.0732 - Val F1: 0.3111 - Val ROC-AUC: 0.7772 - Val PR-AUC: 0.3702
[Fine-tune] Epoch 22/50 - Loss: 0.0646 - Val F1: 0.2979 - Val ROC-AUC: 0.7784 - Val PR-AUC: 0.3260
[Fine-tune] Epoch 23/50 - Loss: 0.0634 - Val F1: 0.3182 - Val ROC-AUC: 0.7752 - Val PR-AUC: 0.4223
[Fine-tune] Epoch 24/50 - Loss: 0.0630 - Val F1: 0.3256 - Val ROC-AUC: 0.7622 - Val PR-AUC: 0.3831
[Fine-tune] Epoch 25/50 - Loss: 0.0582 - Val F1: 0.3111 - Val ROC-AUC: 0.7946 - Val PR-AUC: 0.4261
[Fine-tune] Epoch 26/50 - Loss: 0.0532 - Val F1: 0.3721 - Val ROC-AUC: 0.8023 - Val PR-AUC: 0.4091
[Fine-tune] Epoch 27/50 - Loss: 0.0526 - Val F1: 0.3182 - Val ROC-AUC: 0.7850 - Val PR-AUC: 0.3377
[Fine-tune] Epoch 28/50 - Loss: 0.0525 - Val F1: 0.3043 - Val ROC-AUC: 0.7751 - Val PR-AUC: 0.3502
[Fine-tune] Epoch 29/50 - Loss: 0.0561 - Val F1: 0.3404 - Val ROC-AUC: 0.7834 - Val PR-AUC: 0.4065
[Fine-tune] Epoch 30/50 - Loss: 0.0549 - Val F1: 0.3590 - Val ROC-AUC: 0.7687 - Val PR-AUC: 0.3822
[Fine-tune] Epoch 31/50 - Loss: 0.0485 - Val F1: 0.3256 - Val ROC-AUC: 0.7680 - Val PR-AUC: 0.4400
[Fine-tune] Epoch 32/50 - Loss: 0.0465 - Val F1: 0.4000 - Val ROC-AUC: 0.7827 - Val PR-AUC: 0.4078
[Fine-tune] Epoch 33/50 - Loss: 0.0487 - Val F1: 0.2791 - Val ROC-AUC: 0.7821 - Val PR-AUC: 0.3925
[Fine-tune] Epoch 34/50 - Loss: 0.0437 - Val F1: 0.3784 - Val ROC-AUC: 0.7738 - Val PR-AUC: 0.3993
[Fine-tune] Epoch 35/50 - Loss: 0.0495 - Val F1: 0.3256 - Val ROC-AUC: 0.7780 - Val PR-AUC: 0.3664
[Fine-tune] Epoch 36/50 - Loss: 0.0384 - Val F1: 0.3590 - Val ROC-AUC: 0.7857 - Val PR-AUC: 0.4192
[Fine-tune] Epoch 37/50 - Loss: 0.0427 - Val F1: 0.3077 - Val ROC-AUC: 0.7841 - Val PR-AUC: 0.4136
[Fine-tune] Epoch 38/50 - Loss: 0.0367 - Val F1: 0.3182 - Val ROC-AUC: 0.7743 - Val PR-AUC: 0.3807
[Fine-tune] Epoch 39/50 - Loss: 0.0411 - Val F1: 0.3333 - Val ROC-AUC: 0.7837 - Val PR-AUC: 0.3700
[Fine-tune] Epoch 40/50 - Loss: 0.0374 - Val F1: 0.3590 - Val ROC-AUC: 0.7895 - Val PR-AUC: 0.3620
[Fine-tune] Epoch 41/50 - Loss: 0.0423 - Val F1: 0.3590 - Val ROC-AUC: 0.7897 - Val PR-AUC: 0.3760
[Fine-tune] Epoch 42/50 - Loss: 0.0370 - Val F1: 0.3500 - Val ROC-AUC: 0.7911 - Val PR-AUC: 0.4138
[Fine-tune] Epoch 43/50 - Loss: 0.0347 - Val F1: 0.3902 - Val ROC-AUC: 0.7902 - Val PR-AUC: 0.3726
[Fine-tune] Epoch 44/50 - Loss: 0.0299 - Val F1: 0.3429 - Val ROC-AUC: 0.7825 - Val PR-AUC: 0.3656
[Fine-tune] Epoch 45/50 - Loss: 0.0366 - Val F1: 0.3684 - Val ROC-AUC: 0.7784 - Val PR-AUC: 0.3892
[Fine-tune] Epoch 46/50 - Loss: 0.0307 - Val F1: 0.4000 - Val ROC-AUC: 0.7903 - Val PR-AUC: 0.3508
[Fine-tune] Epoch 47/50 - Loss: 0.0368 - Val F1: 0.3429 - Val ROC-AUC: 0.7765 - Val PR-AUC: 0.3741
[Fine-tune] Epoch 48/50 - Loss: 0.0394 - Val F1: 0.3684 - Val ROC-AUC: 0.7800 - Val PR-AUC: 0.3916
[Fine-tune] Epoch 49/50 - Loss: 0.0284 - Val F1: 0.3415 - Val ROC-AUC: 0.7905 - Val PR-AUC: 0.3731
[Fine-tune] Epoch 50/50 - Loss: 0.0341 - Val F1: 0.3889 - Val ROC-AUC: 0.7893 - Val PR-AUC: 0.4466
Finetuning completed. Test F1: 0.3673, ROC-AUC: 0.8215, PR-AUC: 0.3150
[3.1/4] Target-only training on TOX21_ERa_LUC_VM7_Agonist_10nM_ICI182780 using GIN_GCN...
=== Target-only training ===
[Target-only] Epoch 1/50 – Loss: 0.3800  Val F1: 0.3019  ROC-AUC: 0.8120  PR-AUC: 0.1945
[Target-only] Epoch 2/50 – Loss: 0.2939  Val F1: 0.1170  ROC-AUC: 0.8651  PR-AUC: 0.1889
[Target-only] Epoch 3/50 – Loss: 0.2520  Val F1: 0.2500  ROC-AUC: 0.8482  PR-AUC: 0.2591
[Target-only] Epoch 4/50 – Loss: 0.2309  Val F1: 0.1622  ROC-AUC: 0.8401  PR-AUC: 0.2536
[Target-only] Epoch 5/50 – Loss: 0.2111  Val F1: 0.2769  ROC-AUC: 0.8710  PR-AUC: 0.2515
[Target-only] Epoch 6/50 – Loss: 0.1845  Val F1: 0.2105  ROC-AUC: 0.8229  PR-AUC: 0.2890
[Target-only] Epoch 7/50 – Loss: 0.1679  Val F1: 0.2169  ROC-AUC: 0.8073  PR-AUC: 0.2849
[Target-only] Epoch 8/50 – Loss: 0.1689  Val F1: 0.2667  ROC-AUC: 0.7701  PR-AUC: 0.2701
[Target-only] Epoch 9/50 – Loss: 0.1438  Val F1: 0.2338  ROC-AUC: 0.8189  PR-AUC: 0.4119
[Target-only] Epoch 10/50 – Loss: 0.1388  Val F1: 0.2647  ROC-AUC: 0.8256  PR-AUC: 0.2630
[Target-only] Epoch 11/50 – Loss: 0.0990  Val F1: 0.2623  ROC-AUC: 0.7991  PR-AUC: 0.2176
[Target-only] Epoch 12/50 – Loss: 0.0947  Val F1: 0.3051  ROC-AUC: 0.8205  PR-AUC: 0.2906
[Target-only] Epoch 13/50 – Loss: 0.1019  Val F1: 0.3158  ROC-AUC: 0.8145  PR-AUC: 0.3806
[Target-only] Epoch 14/50 – Loss: 0.0913  Val F1: 0.3158  ROC-AUC: 0.8526  PR-AUC: 0.3690
[Target-only] Epoch 15/50 – Loss: 0.0944  Val F1: 0.3333  ROC-AUC: 0.8310  PR-AUC: 0.4050
[Target-only] Epoch 16/50 – Loss: 0.0934  Val F1: 0.2609  ROC-AUC: 0.8070  PR-AUC: 0.3764
[Target-only] Epoch 17/50 – Loss: 0.0765  Val F1: 0.3273  ROC-AUC: 0.8187  PR-AUC: 0.4472
[Target-only] Epoch 18/50 – Loss: 0.0771  Val F1: 0.2903  ROC-AUC: 0.8229  PR-AUC: 0.3316
[Target-only] Epoch 19/50 – Loss: 0.0780  Val F1: 0.2909  ROC-AUC: 0.8104  PR-AUC: 0.2904
[Target-only] Epoch 20/50 – Loss: 0.0815  Val F1: 0.2535  ROC-AUC: 0.8421  PR-AUC: 0.3961
[Target-only] Epoch 21/50 – Loss: 0.0698  Val F1: 0.3333  ROC-AUC: 0.7945  PR-AUC: 0.3382
[Target-only] Epoch 22/50 – Loss: 0.0639  Val F1: 0.4000  ROC-AUC: 0.8093  PR-AUC: 0.3964
[Target-only] Epoch 23/50 – Loss: 0.0554  Val F1: 0.3600  ROC-AUC: 0.8266  PR-AUC: 0.4087
[Target-only] Epoch 24/50 – Loss: 0.0482  Val F1: 0.3077  ROC-AUC: 0.8157  PR-AUC: 0.3257
[Target-only] Epoch 25/50 – Loss: 0.0511  Val F1: 0.3830  ROC-AUC: 0.8205  PR-AUC: 0.3696
[Target-only] Epoch 26/50 – Loss: 0.0434  Val F1: 0.3810  ROC-AUC: 0.8252  PR-AUC: 0.4095
[Target-only] Epoch 27/50 – Loss: 0.0394  Val F1: 0.3750  ROC-AUC: 0.8129  PR-AUC: 0.4176
[Target-only] Epoch 28/50 – Loss: 0.0506  Val F1: 0.3750  ROC-AUC: 0.8235  PR-AUC: 0.4836
[Target-only] Epoch 29/50 – Loss: 0.0498  Val F1: 0.3182  ROC-AUC: 0.8058  PR-AUC: 0.3940
[Target-only] Epoch 30/50 – Loss: 0.0479  Val F1: 0.3182  ROC-AUC: 0.8137  PR-AUC: 0.3881
[Target-only] Epoch 31/50 – Loss: 0.0426  Val F1: 0.3333  ROC-AUC: 0.8185  PR-AUC: 0.3389
[Target-only] Epoch 32/50 – Loss: 0.0359  Val F1: 0.3111  ROC-AUC: 0.8309  PR-AUC: 0.4521
[Target-only] Epoch 33/50 – Loss: 0.0311  Val F1: 0.3500  ROC-AUC: 0.8265  PR-AUC: 0.3941
[Target-only] Epoch 34/50 – Loss: 0.0315  Val F1: 0.3158  ROC-AUC: 0.8298  PR-AUC: 0.3740
[Target-only] Epoch 35/50 – Loss: 0.0284  Val F1: 0.3478  ROC-AUC: 0.8299  PR-AUC: 0.3727
[Target-only] Epoch 36/50 – Loss: 0.0312  Val F1: 0.3415  ROC-AUC: 0.8227  PR-AUC: 0.4038
[Target-only] Epoch 37/50 – Loss: 0.0263  Val F1: 0.3810  ROC-AUC: 0.8247  PR-AUC: 0.3688
[Target-only] Epoch 38/50 – Loss: 0.0347  Val F1: 0.2979  ROC-AUC: 0.8476  PR-AUC: 0.4676
[Target-only] Epoch 39/50 – Loss: 0.0294  Val F1: 0.3043  ROC-AUC: 0.8353  PR-AUC: 0.4026
[Target-only] Epoch 40/50 – Loss: 0.0318  Val F1: 0.3902  ROC-AUC: 0.8116  PR-AUC: 0.3918
[Target-only] Epoch 41/50 – Loss: 0.0233  Val F1: 0.3256  ROC-AUC: 0.8281  PR-AUC: 0.3948
[Target-only] Epoch 42/50 – Loss: 0.0287  Val F1: 0.3902  ROC-AUC: 0.8542  PR-AUC: 0.4417
[Target-only] Epoch 43/50 – Loss: 0.0271  Val F1: 0.3684  ROC-AUC: 0.8536  PR-AUC: 0.4214
[Target-only] Epoch 44/50 – Loss: 0.0275  Val F1: 0.4324  ROC-AUC: 0.8407  PR-AUC: 0.4361
[Target-only] Epoch 45/50 – Loss: 0.0258  Val F1: 0.4211  ROC-AUC: 0.8431  PR-AUC: 0.4208
[Target-only] Epoch 46/50 – Loss: 0.0234  Val F1: 0.4571  ROC-AUC: 0.8439  PR-AUC: 0.4376
[Target-only] Epoch 47/50 – Loss: 0.0168  Val F1: 0.3889  ROC-AUC: 0.8368  PR-AUC: 0.3851
[Target-only] Epoch 48/50 – Loss: 0.0218  Val F1: 0.3500  ROC-AUC: 0.8447  PR-AUC: 0.3962
[Target-only] Epoch 49/50 – Loss: 0.0258  Val F1: 0.3590  ROC-AUC: 0.8326  PR-AUC: 0.3958
[Target-only] Epoch 50/50 – Loss: 0.0207  Val F1: 0.4103  ROC-AUC: 0.8385  PR-AUC: 0.4337
=== Target-only TEST performance ===
Test F1: 0.3721, ROC-AUC: 0.8427, PR-AUC: 0.2582
[4/4] Embedding 시각화 중...
✅ Embeddings 저장 완료: embeddings_Supplemental_Material_2_TrainingSet_TOX21_ERa_LUC_VM7_Agonist_10nM_ICI182780_GIN_GCN.png
✅ 실험 완료: Supplemental_Material_2_TrainingSet -> TOX21_ERa_LUC_VM7_Agonist_10nM_ICI182780 [GIN_GCN]
