[14:57:16] Can't kekulize mol.  Unkekulized atoms: 1 2 3 4 5
[14:57:17] Explicit valence for atom # 0 Cl, 2, is greater than permitted
[14:57:18] Can't kekulize mol.  Unkekulized atoms: 3 4 5 6 7
[14:57:18] Can't kekulize mol.  Unkekulized atoms: 3 4 5 6 7
[14:57:20] Can't kekulize mol.  Unkekulized atoms: 1 2 3 4 5
[14:57:20] Can't kekulize mol.  Unkekulized atoms: 3 4 5 6 7
[14:57:21] Can't kekulize mol.  Unkekulized atoms: 1 2 3 4 5
[14:57:21] WARNING: not removing hydrogen atom without neighbors
[14:57:21] Can't kekulize mol.  Unkekulized atoms: 1 2 3 4 5
[14:57:21] Explicit valence for atom # 6 O, 3, is greater than permitted
[14:57:22] Explicit valence for atom # 3 Si, 8, is greater than permitted
[14:57:22] Explicit valence for atom # 0 Cl, 2, is greater than permitted
[14:58:39] Can't kekulize mol.  Unkekulized atoms: 1 2 3 4 5
[14:58:40] Explicit valence for atom # 0 Cl, 2, is greater than permitted
[14:58:40] Can't kekulize mol.  Unkekulized atoms: 3 4 5 6 7
[14:58:41] Can't kekulize mol.  Unkekulized atoms: 3 4 5 6 7
[14:58:43] Can't kekulize mol.  Unkekulized atoms: 1 2 3 4 5
[14:58:43] Can't kekulize mol.  Unkekulized atoms: 3 4 5 6 7
[14:58:44] Can't kekulize mol.  Unkekulized atoms: 1 2 3 4 5
[14:58:44] WARNING: not removing hydrogen atom without neighbors
[14:58:44] Can't kekulize mol.  Unkekulized atoms: 1 2 3 4 5
[14:58:44] Explicit valence for atom # 6 O, 3, is greater than permitted
[14:58:44] Explicit valence for atom # 3 Si, 8, is greater than permitted
[14:58:45] Explicit valence for atom # 0 Cl, 2, is greater than permitted
[15:00:02] Can't kekulize mol.  Unkekulized atoms: 1 2 3 4 5
[15:00:03] Explicit valence for atom # 0 Cl, 2, is greater than permitted
[15:00:03] Can't kekulize mol.  Unkekulized atoms: 3 4 5 6 7
[15:00:04] Can't kekulize mol.  Unkekulized atoms: 3 4 5 6 7
[15:00:06] Can't kekulize mol.  Unkekulized atoms: 1 2 3 4 5
[15:00:06] Can't kekulize mol.  Unkekulized atoms: 3 4 5 6 7
[15:00:07] Can't kekulize mol.  Unkekulized atoms: 1 2 3 4 5
[15:00:07] WARNING: not removing hydrogen atom without neighbors
[15:00:08] Can't kekulize mol.  Unkekulized atoms: 1 2 3 4 5
[15:00:08] Explicit valence for atom # 6 O, 3, is greater than permitted
[15:00:08] Explicit valence for atom # 3 Si, 8, is greater than permitted
[15:00:08] Explicit valence for atom # 0 Cl, 2, is greater than permitted
[15:00:09] Can't kekulize mol.  Unkekulized atoms: 1 2 3 4 5
[15:00:09] Explicit valence for atom # 0 Cl, 2, is greater than permitted
[15:00:10] Can't kekulize mol.  Unkekulized atoms: 3 4 5 6 7
[15:00:10] Can't kekulize mol.  Unkekulized atoms: 3 4 5 6 7
[15:00:12] Can't kekulize mol.  Unkekulized atoms: 1 2 3 4 5
[15:00:13] Can't kekulize mol.  Unkekulized atoms: 3 4 5 6 7
[15:00:13] Can't kekulize mol.  Unkekulized atoms: 1 2 3 4 5
[15:00:13] WARNING: not removing hydrogen atom without neighbors
[15:00:14] Can't kekulize mol.  Unkekulized atoms: 1 2 3 4 5
[15:00:14] Explicit valence for atom # 6 O, 3, is greater than permitted
[15:00:14] Explicit valence for atom # 3 Si, 8, is greater than permitted
[15:00:14] Explicit valence for atom # 0 Cl, 2, is greater than permitted
