[22:58:28] Can't kekulize mol.  Unkekulized atoms: 1 2 3 4 5
[22:58:29] Explicit valence for atom # 0 Cl, 2, is greater than permitted
[22:58:30] Can't kekulize mol.  Unkekulized atoms: 3 4 5 6 7
[22:58:30] Can't kekulize mol.  Unkekulized atoms: 3 4 5 6 7
[22:58:31] WARNING: not removing hydrogen atom without neighbors
[22:58:33] Explicit valence for atom # 3 Si, 8, is greater than permitted
[22:58:33] Can't kekulize mol.  Unkekulized atoms: 1 2 3 4 5
[22:58:33] Can't kekulize mol.  Unkekulized atoms: 3 4 5 6 7
[22:58:33] Can't kekulize mol.  Unkekulized atoms: 1 2 3 4 5
[22:58:34] WARNING: not removing hydrogen atom without neighbors
[22:58:34] Can't kekulize mol.  Unkekulized atoms: 1 2 3 4 5
[22:58:34] Explicit valence for atom # 6 O, 3, is greater than permitted
[22:58:34] Explicit valence for atom # 3 Si, 8, is greater than permitted
[22:58:34] Explicit valence for atom # 0 Cl, 2, is greater than permitted
[22:59:33] Can't kekulize mol.  Unkekulized atoms: 1 2 3 4 5
[22:59:33] Explicit valence for atom # 0 Cl, 2, is greater than permitted
[22:59:34] Can't kekulize mol.  Unkekulized atoms: 3 4 5 6 7
[22:59:35] Can't kekulize mol.  Unkekulized atoms: 3 4 5 6 7
[22:59:35] WARNING: not removing hydrogen atom without neighbors
[22:59:37] Explicit valence for atom # 3 Si, 8, is greater than permitted
[22:59:37] Can't kekulize mol.  Unkekulized atoms: 1 2 3 4 5
[22:59:37] Can't kekulize mol.  Unkekulized atoms: 3 4 5 6 7
[22:59:38] Can't kekulize mol.  Unkekulized atoms: 1 2 3 4 5
[22:59:38] WARNING: not removing hydrogen atom without neighbors
[22:59:39] Can't kekulize mol.  Unkekulized atoms: 1 2 3 4 5
[22:59:39] Explicit valence for atom # 6 O, 3, is greater than permitted
[22:59:39] Explicit valence for atom # 3 Si, 8, is greater than permitted
[22:59:39] Explicit valence for atom # 0 Cl, 2, is greater than permitted
[23:00:39] Can't kekulize mol.  Unkekulized atoms: 1 2 3 4 5
[23:00:39] Explicit valence for atom # 0 Cl, 2, is greater than permitted
[23:00:40] Can't kekulize mol.  Unkekulized atoms: 3 4 5 6 7
[23:00:41] Can't kekulize mol.  Unkekulized atoms: 3 4 5 6 7
[23:00:41] WARNING: not removing hydrogen atom without neighbors
[23:00:43] Explicit valence for atom # 3 Si, 8, is greater than permitted
[23:00:43] Can't kekulize mol.  Unkekulized atoms: 1 2 3 4 5
[23:00:43] Can't kekulize mol.  Unkekulized atoms: 3 4 5 6 7
[23:00:44] Can't kekulize mol.  Unkekulized atoms: 1 2 3 4 5
[23:00:44] WARNING: not removing hydrogen atom without neighbors
[23:00:44] Can't kekulize mol.  Unkekulized atoms: 1 2 3 4 5
[23:00:44] Explicit valence for atom # 6 O, 3, is greater than permitted
[23:00:44] Explicit valence for atom # 3 Si, 8, is greater than permitted
[23:00:45] Explicit valence for atom # 0 Cl, 2, is greater than permitted
[23:01:43] Can't kekulize mol.  Unkekulized atoms: 1 2 3 4 5
[23:01:43] Explicit valence for atom # 0 Cl, 2, is greater than permitted
[23:01:44] Can't kekulize mol.  Unkekulized atoms: 3 4 5 6 7
[23:01:44] Can't kekulize mol.  Unkekulized atoms: 3 4 5 6 7
[23:01:45] WARNING: not removing hydrogen atom without neighbors
[23:01:47] Explicit valence for atom # 3 Si, 8, is greater than permitted
[23:01:47] Can't kekulize mol.  Unkekulized atoms: 1 2 3 4 5
[23:01:47] Can't kekulize mol.  Unkekulized atoms: 3 4 5 6 7
[23:01:48] Can't kekulize mol.  Unkekulized atoms: 1 2 3 4 5
[23:01:48] WARNING: not removing hydrogen atom without neighbors
[23:01:49] Can't kekulize mol.  Unkekulized atoms: 1 2 3 4 5
[23:01:49] Explicit valence for atom # 6 O, 3, is greater than permitted
[23:01:49] Explicit valence for atom # 3 Si, 8, is greater than permitted
[23:01:49] Explicit valence for atom # 0 Cl, 2, is greater than permitted
[23:01:50] Can't kekulize mol.  Unkekulized atoms: 1 2 3 4 5
[23:01:50] Explicit valence for atom # 0 Cl, 2, is greater than permitted
[23:01:51] Can't kekulize mol.  Unkekulized atoms: 3 4 5 6 7
[23:01:51] Can't kekulize mol.  Unkekulized atoms: 3 4 5 6 7
[23:01:52] WARNING: not removing hydrogen atom without neighbors
[23:01:54] Explicit valence for atom # 3 Si, 8, is greater than permitted
[23:01:54] Can't kekulize mol.  Unkekulized atoms: 1 2 3 4 5
[23:01:54] Can't kekulize mol.  Unkekulized atoms: 3 4 5 6 7
[23:01:55] Can't kekulize mol.  Unkekulized atoms: 1 2 3 4 5
[23:01:55] WARNING: not removing hydrogen atom without neighbors
[23:01:55] Can't kekulize mol.  Unkekulized atoms: 1 2 3 4 5
[23:01:55] Explicit valence for atom # 6 O, 3, is greater than permitted
[23:01:55] Explicit valence for atom # 3 Si, 8, is greater than permitted
[23:01:56] Explicit valence for atom # 0 Cl, 2, is greater than permitted
