[2/4] Pretraining on Supplemental_Material_2_TrainingSet using GIN_GCN...
Epoch 1/50 - Loss: 0.6239 - Val F1: 0.3099 - Val ROC-AUC: 0.7894 - Val PR-AUC: 0.3620
Epoch 2/50 - Loss: 0.5721 - Val F1: 0.4800 - Val ROC-AUC: 0.8351 - Val PR-AUC: 0.5524
Epoch 3/50 - Loss: 0.5420 - Val F1: 0.4235 - Val ROC-AUC: 0.8449 - Val PR-AUC: 0.6189
Epoch 4/50 - Loss: 0.5064 - Val F1: 0.5246 - Val ROC-AUC: 0.8874 - Val PR-AUC: 0.6321
Epoch 5/50 - Loss: 0.5619 - Val F1: 0.4500 - Val ROC-AUC: 0.8116 - Val PR-AUC: 0.6125
Epoch 6/50 - Loss: 0.5481 - Val F1: 0.4337 - Val ROC-AUC: 0.8226 - Val PR-AUC: 0.5947
Epoch 7/50 - Loss: 0.5098 - Val F1: 0.5091 - Val ROC-AUC: 0.8330 - Val PR-AUC: 0.5804
Epoch 8/50 - Loss: 0.5219 - Val F1: 0.4444 - Val ROC-AUC: 0.7862 - Val PR-AUC: 0.6117
Epoch 9/50 - Loss: 0.4886 - Val F1: 0.5306 - Val ROC-AUC: 0.8226 - Val PR-AUC: 0.5873
Epoch 10/50 - Loss: 0.4921 - Val F1: 0.4045 - Val ROC-AUC: 0.8229 - Val PR-AUC: 0.5528
Epoch 11/50 - Loss: 0.4688 - Val F1: 0.5079 - Val ROC-AUC: 0.8368 - Val PR-AUC: 0.6391
Epoch 12/50 - Loss: 0.4496 - Val F1: 0.3736 - Val ROC-AUC: 0.8134 - Val PR-AUC: 0.5636
Epoch 13/50 - Loss: 0.4374 - Val F1: 0.3725 - Val ROC-AUC: 0.8093 - Val PR-AUC: 0.5387
Epoch 14/50 - Loss: 0.4575 - Val F1: 0.4146 - Val ROC-AUC: 0.7859 - Val PR-AUC: 0.5401
Epoch 15/50 - Loss: 0.4517 - Val F1: 0.4250 - Val ROC-AUC: 0.8139 - Val PR-AUC: 0.5719
Epoch 16/50 - Loss: 0.4204 - Val F1: 0.3673 - Val ROC-AUC: 0.7552 - Val PR-AUC: 0.4631
Epoch 17/50 - Loss: 0.4256 - Val F1: 0.4474 - Val ROC-AUC: 0.8356 - Val PR-AUC: 0.6163
Epoch 18/50 - Loss: 0.4010 - Val F1: 0.3415 - Val ROC-AUC: 0.7879 - Val PR-AUC: 0.5354
Epoch 19/50 - Loss: 0.4058 - Val F1: 0.4176 - Val ROC-AUC: 0.8122 - Val PR-AUC: 0.5061
Epoch 20/50 - Loss: 0.3920 - Val F1: 0.4304 - Val ROC-AUC: 0.8111 - Val PR-AUC: 0.5723
Epoch 21/50 - Loss: 0.3737 - Val F1: 0.4103 - Val ROC-AUC: 0.8267 - Val PR-AUC: 0.5579
Epoch 22/50 - Loss: 0.3283 - Val F1: 0.4198 - Val ROC-AUC: 0.8113 - Val PR-AUC: 0.5903
Epoch 23/50 - Loss: 0.3510 - Val F1: 0.4384 - Val ROC-AUC: 0.8102 - Val PR-AUC: 0.5602
Epoch 24/50 - Loss: 0.3513 - Val F1: 0.4286 - Val ROC-AUC: 0.7911 - Val PR-AUC: 0.5444
Epoch 25/50 - Loss: 0.3590 - Val F1: 0.4179 - Val ROC-AUC: 0.7769 - Val PR-AUC: 0.5051
Epoch 26/50 - Loss: 0.3546 - Val F1: 0.3902 - Val ROC-AUC: 0.8160 - Val PR-AUC: 0.5557
Epoch 27/50 - Loss: 0.3248 - Val F1: 0.4638 - Val ROC-AUC: 0.7850 - Val PR-AUC: 0.5527
Epoch 28/50 - Loss: 0.3194 - Val F1: 0.4865 - Val ROC-AUC: 0.8348 - Val PR-AUC: 0.5680
Epoch 29/50 - Loss: 0.3158 - Val F1: 0.4500 - Val ROC-AUC: 0.8084 - Val PR-AUC: 0.5100
Epoch 30/50 - Loss: 0.3101 - Val F1: 0.4324 - Val ROC-AUC: 0.7882 - Val PR-AUC: 0.5221
Epoch 31/50 - Loss: 0.2823 - Val F1: 0.4571 - Val ROC-AUC: 0.8047 - Val PR-AUC: 0.5392
Epoch 32/50 - Loss: 0.2757 - Val F1: 0.4211 - Val ROC-AUC: 0.8102 - Val PR-AUC: 0.5360
Epoch 33/50 - Loss: 0.2908 - Val F1: 0.4384 - Val ROC-AUC: 0.8027 - Val PR-AUC: 0.4847
Epoch 34/50 - Loss: 0.2717 - Val F1: 0.4333 - Val ROC-AUC: 0.7847 - Val PR-AUC: 0.4920
Epoch 35/50 - Loss: 0.2783 - Val F1: 0.4267 - Val ROC-AUC: 0.8073 - Val PR-AUC: 0.5369
Epoch 36/50 - Loss: 0.2752 - Val F1: 0.4286 - Val ROC-AUC: 0.7917 - Val PR-AUC: 0.4852
Epoch 37/50 - Loss: 0.2669 - Val F1: 0.4110 - Val ROC-AUC: 0.7752 - Val PR-AUC: 0.4151
Epoch 38/50 - Loss: 0.2563 - Val F1: 0.4444 - Val ROC-AUC: 0.8145 - Val PR-AUC: 0.5258
Epoch 39/50 - Loss: 0.2641 - Val F1: 0.3881 - Val ROC-AUC: 0.7821 - Val PR-AUC: 0.5030
Epoch 40/50 - Loss: 0.2595 - Val F1: 0.4478 - Val ROC-AUC: 0.8035 - Val PR-AUC: 0.5007
Epoch 41/50 - Loss: 0.2549 - Val F1: 0.4545 - Val ROC-AUC: 0.7876 - Val PR-AUC: 0.4633
Epoch 42/50 - Loss: 0.2580 - Val F1: 0.4444 - Val ROC-AUC: 0.7885 - Val PR-AUC: 0.5279
Epoch 43/50 - Loss: 0.2462 - Val F1: 0.4242 - Val ROC-AUC: 0.7772 - Val PR-AUC: 0.4941
Epoch 44/50 - Loss: 0.2602 - Val F1: 0.4194 - Val ROC-AUC: 0.7729 - Val PR-AUC: 0.4738
Epoch 45/50 - Loss: 0.2487 - Val F1: 0.4516 - Val ROC-AUC: 0.7786 - Val PR-AUC: 0.5002
Epoch 46/50 - Loss: 0.2323 - Val F1: 0.4179 - Val ROC-AUC: 0.7801 - Val PR-AUC: 0.4930
Epoch 47/50 - Loss: 0.2324 - Val F1: 0.4516 - Val ROC-AUC: 0.7957 - Val PR-AUC: 0.5420
Epoch 48/50 - Loss: 0.2126 - Val F1: 0.4516 - Val ROC-AUC: 0.7925 - Val PR-AUC: 0.5326
Epoch 49/50 - Loss: 0.2270 - Val F1: 0.4058 - Val ROC-AUC: 0.7772 - Val PR-AUC: 0.5054
Epoch 50/50 - Loss: 0.2300 - Val F1: 0.4242 - Val ROC-AUC: 0.7902 - Val PR-AUC: 0.5291
Pretraining completed. Test F1: 0.4103, ROC-AUC: 0.7418, PR-AUC: 0.3901
[3/4] Finetuning on ATG_ERE_CIS using GIN_GCN...
  * 파인튜닝된 모델 이미 존재: model_save/gin_gcn/Supplemental_Material_2_TrainingSet&&ATG_ERE_CIS_gin_gcn.pth
  * Finetune 생략, 저장된 모델로 평가만 진행
=== Fine-tuned TEST performance ===
Test F1: 0.4925, ROC-AUC: 0.7411, PR-AUC: 0.5460
[3.1/4] Target-only training on ATG_ERE_CIS using GIN_GCN...
  * Target-only 모델 이미 존재: model_save/gin_gcn/TargetOnly_ATG_ERE_CIS_gin_gcn.pth
  * Target-only 생략, 저장된 모델로 평가만 진행
=== Target-only TEST performance ===
Test F1: 0.5213, ROC-AUC: 0.7731, PR-AUC: 0.5453
✅ 실험 완료: Supplemental_Material_2_TrainingSet -> ATG_ERE_CIS [GIN_GCN]
