[12:23:44] Can't kekulize mol.  Unkekulized atoms: 1 2 3 4 5
[12:23:45] Explicit valence for atom # 0 Cl, 2, is greater than permitted
[12:23:45] Can't kekulize mol.  Unkekulized atoms: 3 4 5 6 7
[12:23:46] Can't kekulize mol.  Unkekulized atoms: 3 4 5 6 7
[12:23:48] Can't kekulize mol.  Unkekulized atoms: 1 2 3 4 5
[12:23:48] Can't kekulize mol.  Unkekulized atoms: 3 4 5 6 7
[12:23:49] Can't kekulize mol.  Unkekulized atoms: 1 2 3 4 5
[12:23:49] WARNING: not removing hydrogen atom without neighbors
[12:23:49] Can't kekulize mol.  Unkekulized atoms: 1 2 3 4 5
[12:23:49] Explicit valence for atom # 6 O, 3, is greater than permitted
[12:23:49] Explicit valence for atom # 3 Si, 8, is greater than permitted
[12:23:50] Explicit valence for atom # 0 Cl, 2, is greater than permitted
Traceback (most recent call last):
  File "<stdin>", line 6, in <module>
  File "/gpfs/home1/won0316/_Capstone/1_Git/Capstone_uos/unit_model/train/finetune.py", line 12, in run_finetuning
    train_data, val_data, test_data = load_data(cfg.TARGET_DATA_PATH, 
                                      ^^^^^^^^^^^^^^^^^^^^^^^^^^^^^^^
  File "/gpfs/home1/won0316/_Capstone/1_Git/Capstone_uos/unit_model/data/load_data.py", line 91, in load_data
    df = pd.read_csv(path)
         ^^^^^^^^^^^^^^^^^
  File "/home1/won0316/anaconda3/envs/toxcast_env/lib/python3.12/site-packages/pandas/io/parsers/readers.py", line 1026, in read_csv
    return _read(filepath_or_buffer, kwds)
           ^^^^^^^^^^^^^^^^^^^^^^^^^^^^^^^
  File "/home1/won0316/anaconda3/envs/toxcast_env/lib/python3.12/site-packages/pandas/io/parsers/readers.py", line 620, in _read
    parser = TextFileReader(filepath_or_buffer, **kwds)
             ^^^^^^^^^^^^^^^^^^^^^^^^^^^^^^^^^^^^^^^^^^
  File "/home1/won0316/anaconda3/envs/toxcast_env/lib/python3.12/site-packages/pandas/io/parsers/readers.py", line 1620, in __init__
    self._engine = self._make_engine(f, self.engine)
                   ^^^^^^^^^^^^^^^^^^^^^^^^^^^^^^^^^
  File "/home1/won0316/anaconda3/envs/toxcast_env/lib/python3.12/site-packages/pandas/io/parsers/readers.py", line 1880, in _make_engine
    self.handles = get_handle(
                   ^^^^^^^^^^^
  File "/home1/won0316/anaconda3/envs/toxcast_env/lib/python3.12/site-packages/pandas/io/common.py", line 873, in get_handle
    handle = open(
             ^^^^^
FileNotFoundError: [Errno 2] No such file or directory: 'data/sample/ATG_ERE_CISATG_ERa_TRANSACEA_ER_80hrOT_ER_ERaERa_1440OT_ER_ERaERb_1440OT_ER_ERbERb_1440NVS_NR_hER.csv'
