[1/4] Excel → CSV 변환 중...
Saved pretrain CSV for TOX21_ERa_LUC_VM7_Agonist: data/sample/TOX21_ERa_LUC_VM7_Agonist.csv
Saved pretrain CSV for TOX21_ERb_BLA_Agonist_viability: data/sample/TOX21_ERb_BLA_Agonist_viability.csv
Saved pretrain CSV for TOX21_ERa_LUC_VM7_Agonist_10nM_ICI182780_viability: data/sample/TOX21_ERa_LUC_VM7_Agonist_10nM_ICI182780_viability.csv
Saved pretrain CSV for TOX21_ERR_LUC_viability: data/sample/TOX21_ERR_LUC_viability.csv
[WARN] 'ATG_ERE_CISATG_ERa_TRANSACEA_ER_80hrOT_ER_ERaERa_1440OT_ER_ERaERb_1440OT_ER_ERbERb_1440NVS_NR_hER' 컬럼이 없어 SKIP
[2/4] Pretraining on TOX21_ERb_BLA_Agonist_viability using GIN_GCN...
Epoch 1/50 - Loss: 0.6189 - Val F1: 0.3636 - Val ROC-AUC: 0.7029 - Val PR-AUC: 0.2472
Epoch 2/50 - Loss: 0.5889 - Val F1: 0.3327 - Val ROC-AUC: 0.7108 - Val PR-AUC: 0.2611
Epoch 3/50 - Loss: 0.5608 - Val F1: 0.3600 - Val ROC-AUC: 0.7143 - Val PR-AUC: 0.2687
Epoch 4/50 - Loss: 0.5503 - Val F1: 0.3678 - Val ROC-AUC: 0.7428 - Val PR-AUC: 0.2882
Epoch 5/50 - Loss: 0.5393 - Val F1: 0.3742 - Val ROC-AUC: 0.7457 - Val PR-AUC: 0.3453
Epoch 6/50 - Loss: 0.5344 - Val F1: 0.3835 - Val ROC-AUC: 0.7378 - Val PR-AUC: 0.2728
Epoch 7/50 - Loss: 0.5352 - Val F1: 0.3561 - Val ROC-AUC: 0.7455 - Val PR-AUC: 0.3378
Epoch 8/50 - Loss: 0.5210 - Val F1: 0.3720 - Val ROC-AUC: 0.7383 - Val PR-AUC: 0.3155
Epoch 9/50 - Loss: 0.5001 - Val F1: 0.3522 - Val ROC-AUC: 0.7516 - Val PR-AUC: 0.3218
Epoch 10/50 - Loss: 0.5165 - Val F1: 0.3747 - Val ROC-AUC: 0.7587 - Val PR-AUC: 0.3100
Epoch 11/50 - Loss: 0.4818 - Val F1: 0.3892 - Val ROC-AUC: 0.7636 - Val PR-AUC: 0.3299
Epoch 12/50 - Loss: 0.4797 - Val F1: 0.4023 - Val ROC-AUC: 0.7731 - Val PR-AUC: 0.3461
Epoch 13/50 - Loss: 0.4602 - Val F1: 0.3887 - Val ROC-AUC: 0.7679 - Val PR-AUC: 0.3371
Epoch 14/50 - Loss: 0.4543 - Val F1: 0.4125 - Val ROC-AUC: 0.7835 - Val PR-AUC: 0.3513
Epoch 15/50 - Loss: 0.4443 - Val F1: 0.3965 - Val ROC-AUC: 0.7773 - Val PR-AUC: 0.3503
Epoch 16/50 - Loss: 0.4486 - Val F1: 0.4217 - Val ROC-AUC: 0.7886 - Val PR-AUC: 0.3843
Epoch 17/50 - Loss: 0.4451 - Val F1: 0.4172 - Val ROC-AUC: 0.7686 - Val PR-AUC: 0.3311
Epoch 18/50 - Loss: 0.4407 - Val F1: 0.4211 - Val ROC-AUC: 0.7695 - Val PR-AUC: 0.3468
Epoch 19/50 - Loss: 0.4273 - Val F1: 0.4104 - Val ROC-AUC: 0.7846 - Val PR-AUC: 0.3591
Epoch 20/50 - Loss: 0.4075 - Val F1: 0.4348 - Val ROC-AUC: 0.7898 - Val PR-AUC: 0.3638
Epoch 21/50 - Loss: 0.4149 - Val F1: 0.4351 - Val ROC-AUC: 0.7913 - Val PR-AUC: 0.3882
Epoch 22/50 - Loss: 0.3867 - Val F1: 0.4133 - Val ROC-AUC: 0.7829 - Val PR-AUC: 0.3513
Epoch 23/50 - Loss: 0.3924 - Val F1: 0.4203 - Val ROC-AUC: 0.7900 - Val PR-AUC: 0.3698
Epoch 24/50 - Loss: 0.3863 - Val F1: 0.4321 - Val ROC-AUC: 0.7912 - Val PR-AUC: 0.3746
Epoch 25/50 - Loss: 0.3872 - Val F1: 0.4451 - Val ROC-AUC: 0.8046 - Val PR-AUC: 0.4139
Epoch 26/50 - Loss: 0.3756 - Val F1: 0.4218 - Val ROC-AUC: 0.7902 - Val PR-AUC: 0.3693
Epoch 27/50 - Loss: 0.3755 - Val F1: 0.4074 - Val ROC-AUC: 0.7959 - Val PR-AUC: 0.3943
Epoch 28/50 - Loss: 0.3579 - Val F1: 0.4510 - Val ROC-AUC: 0.8126 - Val PR-AUC: 0.4225
Epoch 29/50 - Loss: 0.3636 - Val F1: 0.4304 - Val ROC-AUC: 0.7980 - Val PR-AUC: 0.3929
Epoch 30/50 - Loss: 0.3742 - Val F1: 0.4581 - Val ROC-AUC: 0.8164 - Val PR-AUC: 0.4039
Epoch 31/50 - Loss: 0.3448 - Val F1: 0.4576 - Val ROC-AUC: 0.8064 - Val PR-AUC: 0.4051
Epoch 32/50 - Loss: 0.3316 - Val F1: 0.4379 - Val ROC-AUC: 0.8075 - Val PR-AUC: 0.4114
Epoch 33/50 - Loss: 0.3506 - Val F1: 0.4380 - Val ROC-AUC: 0.8006 - Val PR-AUC: 0.4019
Epoch 34/50 - Loss: 0.3312 - Val F1: 0.4482 - Val ROC-AUC: 0.8014 - Val PR-AUC: 0.4016
Epoch 35/50 - Loss: 0.3370 - Val F1: 0.4755 - Val ROC-AUC: 0.8101 - Val PR-AUC: 0.4178
Epoch 36/50 - Loss: 0.3321 - Val F1: 0.4326 - Val ROC-AUC: 0.7978 - Val PR-AUC: 0.3865
Epoch 37/50 - Loss: 0.3294 - Val F1: 0.4429 - Val ROC-AUC: 0.7949 - Val PR-AUC: 0.3784
Epoch 38/50 - Loss: 0.3119 - Val F1: 0.4574 - Val ROC-AUC: 0.8075 - Val PR-AUC: 0.3979
Epoch 39/50 - Loss: 0.3230 - Val F1: 0.4338 - Val ROC-AUC: 0.8030 - Val PR-AUC: 0.3828
Epoch 40/50 - Loss: 0.3155 - Val F1: 0.4373 - Val ROC-AUC: 0.8118 - Val PR-AUC: 0.4020
Epoch 41/50 - Loss: 0.3240 - Val F1: 0.4545 - Val ROC-AUC: 0.8036 - Val PR-AUC: 0.3875
Epoch 42/50 - Loss: 0.3034 - Val F1: 0.4491 - Val ROC-AUC: 0.8032 - Val PR-AUC: 0.3921
Epoch 43/50 - Loss: 0.3013 - Val F1: 0.4400 - Val ROC-AUC: 0.8088 - Val PR-AUC: 0.4116
Epoch 44/50 - Loss: 0.3027 - Val F1: 0.4249 - Val ROC-AUC: 0.8035 - Val PR-AUC: 0.3982
Epoch 45/50 - Loss: 0.3068 - Val F1: 0.4468 - Val ROC-AUC: 0.8097 - Val PR-AUC: 0.4084
Epoch 46/50 - Loss: 0.2932 - Val F1: 0.4414 - Val ROC-AUC: 0.8075 - Val PR-AUC: 0.4085
Epoch 47/50 - Loss: 0.2981 - Val F1: 0.4589 - Val ROC-AUC: 0.8158 - Val PR-AUC: 0.4199
Epoch 48/50 - Loss: 0.2905 - Val F1: 0.4476 - Val ROC-AUC: 0.8144 - Val PR-AUC: 0.4168
Epoch 49/50 - Loss: 0.2881 - Val F1: 0.4535 - Val ROC-AUC: 0.8088 - Val PR-AUC: 0.3962
Epoch 50/50 - Loss: 0.3037 - Val F1: 0.4380 - Val ROC-AUC: 0.8089 - Val PR-AUC: 0.4105
Pretraining completed. Test F1: 0.3987, ROC-AUC: 0.7547, PR-AUC: 0.3423
[3/4] Finetuning on ATG_ERE_CISATG_ERa_TRANSACEA_ER_80hrOT_ER_ERaERa_1440OT_ER_ERaERb_1440OT_ER_ERbERb_1440NVS_NR_hER using GIN_GCN...
