[1/4] Excel → CSV 변환 중...
Saved pretrain CSV for TOX21_ERa_LUC_VM7_Agonist: data/sample/TOX21_ERa_LUC_VM7_Agonist.csv
Saved pretrain CSV for TOX21_ERb_BLA_Agonist_viability: data/sample/TOX21_ERb_BLA_Agonist_viability.csv
Saved pretrain CSV for TOX21_ERa_LUC_VM7_Agonist_10nM_ICI182780_viability: data/sample/TOX21_ERa_LUC_VM7_Agonist_10nM_ICI182780_viability.csv
Saved pretrain CSV for TOX21_ERR_LUC_viability: data/sample/TOX21_ERR_LUC_viability.csv
[WARN] 'ATG_ERE_CISATG_ERa_TRANSACEA_ER_80hrOT_ER_ERaERa_1440OT_ER_ERaERb_1440OT_ER_ERbERb_1440NVS_NR_hER' 컬럼이 없어 SKIP
[2/4] Pretraining on TOX21_ERa_LUC_VM7_Agonist using GIN_GCN...
Epoch 1/50 - Loss: 0.6646 - Val F1: 0.2638 - Val ROC-AUC: 0.6548 - Val PR-AUC: 0.2523
Epoch 2/50 - Loss: 0.6358 - Val F1: 0.2521 - Val ROC-AUC: 0.6322 - Val PR-AUC: 0.2157
Epoch 3/50 - Loss: 0.6476 - Val F1: 0.2917 - Val ROC-AUC: 0.6656 - Val PR-AUC: 0.2601
Epoch 4/50 - Loss: 0.6208 - Val F1: 0.2954 - Val ROC-AUC: 0.6667 - Val PR-AUC: 0.2513
Epoch 5/50 - Loss: 0.6246 - Val F1: 0.2629 - Val ROC-AUC: 0.6489 - Val PR-AUC: 0.2491
Epoch 6/50 - Loss: 0.6158 - Val F1: 0.2712 - Val ROC-AUC: 0.6756 - Val PR-AUC: 0.2385
Epoch 7/50 - Loss: 0.6000 - Val F1: 0.3086 - Val ROC-AUC: 0.6571 - Val PR-AUC: 0.2496
Epoch 8/50 - Loss: 0.6087 - Val F1: 0.2709 - Val ROC-AUC: 0.6593 - Val PR-AUC: 0.2557
Epoch 9/50 - Loss: 0.5943 - Val F1: 0.3025 - Val ROC-AUC: 0.6708 - Val PR-AUC: 0.2741
Epoch 10/50 - Loss: 0.6000 - Val F1: 0.2775 - Val ROC-AUC: 0.6756 - Val PR-AUC: 0.3064
Epoch 11/50 - Loss: 0.5827 - Val F1: 0.2690 - Val ROC-AUC: 0.6505 - Val PR-AUC: 0.2466
Epoch 12/50 - Loss: 0.5766 - Val F1: 0.2678 - Val ROC-AUC: 0.6659 - Val PR-AUC: 0.2609
Epoch 13/50 - Loss: 0.5590 - Val F1: 0.3002 - Val ROC-AUC: 0.6862 - Val PR-AUC: 0.3033
Epoch 14/50 - Loss: 0.5596 - Val F1: 0.3038 - Val ROC-AUC: 0.6726 - Val PR-AUC: 0.2847
Epoch 15/50 - Loss: 0.5524 - Val F1: 0.3057 - Val ROC-AUC: 0.7004 - Val PR-AUC: 0.3327
Epoch 16/50 - Loss: 0.5470 - Val F1: 0.3005 - Val ROC-AUC: 0.6755 - Val PR-AUC: 0.2732
Epoch 17/50 - Loss: 0.5505 - Val F1: 0.2959 - Val ROC-AUC: 0.6811 - Val PR-AUC: 0.2533
Epoch 18/50 - Loss: 0.5498 - Val F1: 0.3233 - Val ROC-AUC: 0.6952 - Val PR-AUC: 0.3119
Epoch 19/50 - Loss: 0.5286 - Val F1: 0.3140 - Val ROC-AUC: 0.6788 - Val PR-AUC: 0.2806
Epoch 20/50 - Loss: 0.5293 - Val F1: 0.2660 - Val ROC-AUC: 0.6413 - Val PR-AUC: 0.2620
Epoch 21/50 - Loss: 0.4990 - Val F1: 0.3077 - Val ROC-AUC: 0.6915 - Val PR-AUC: 0.3074
Epoch 22/50 - Loss: 0.5118 - Val F1: 0.3086 - Val ROC-AUC: 0.6819 - Val PR-AUC: 0.2748
Epoch 23/50 - Loss: 0.4978 - Val F1: 0.3170 - Val ROC-AUC: 0.6889 - Val PR-AUC: 0.3103
Epoch 24/50 - Loss: 0.4961 - Val F1: 0.3125 - Val ROC-AUC: 0.6874 - Val PR-AUC: 0.3066
Epoch 25/50 - Loss: 0.4798 - Val F1: 0.2786 - Val ROC-AUC: 0.6690 - Val PR-AUC: 0.3017
Epoch 26/50 - Loss: 0.4853 - Val F1: 0.3164 - Val ROC-AUC: 0.6879 - Val PR-AUC: 0.3015
Epoch 27/50 - Loss: 0.4725 - Val F1: 0.3023 - Val ROC-AUC: 0.6610 - Val PR-AUC: 0.2883
Epoch 28/50 - Loss: 0.4671 - Val F1: 0.2957 - Val ROC-AUC: 0.6708 - Val PR-AUC: 0.2809
Epoch 29/50 - Loss: 0.4730 - Val F1: 0.3256 - Val ROC-AUC: 0.6795 - Val PR-AUC: 0.2811
Epoch 30/50 - Loss: 0.4653 - Val F1: 0.3235 - Val ROC-AUC: 0.6829 - Val PR-AUC: 0.2911
Epoch 31/50 - Loss: 0.4453 - Val F1: 0.2961 - Val ROC-AUC: 0.6844 - Val PR-AUC: 0.2805
Epoch 32/50 - Loss: 0.4355 - Val F1: 0.3366 - Val ROC-AUC: 0.6782 - Val PR-AUC: 0.2680
Epoch 33/50 - Loss: 0.4312 - Val F1: 0.3138 - Val ROC-AUC: 0.6806 - Val PR-AUC: 0.2866
Epoch 34/50 - Loss: 0.4361 - Val F1: 0.3346 - Val ROC-AUC: 0.6811 - Val PR-AUC: 0.2947
Epoch 35/50 - Loss: 0.4243 - Val F1: 0.3284 - Val ROC-AUC: 0.6900 - Val PR-AUC: 0.2778
Epoch 36/50 - Loss: 0.4131 - Val F1: 0.3281 - Val ROC-AUC: 0.6883 - Val PR-AUC: 0.2770
Epoch 37/50 - Loss: 0.4155 - Val F1: 0.3186 - Val ROC-AUC: 0.6752 - Val PR-AUC: 0.2927
Epoch 38/50 - Loss: 0.4069 - Val F1: 0.3197 - Val ROC-AUC: 0.6752 - Val PR-AUC: 0.2860
Epoch 39/50 - Loss: 0.4129 - Val F1: 0.3212 - Val ROC-AUC: 0.6730 - Val PR-AUC: 0.2687
Epoch 40/50 - Loss: 0.4201 - Val F1: 0.3525 - Val ROC-AUC: 0.6901 - Val PR-AUC: 0.2989
Epoch 41/50 - Loss: 0.3925 - Val F1: 0.3281 - Val ROC-AUC: 0.6879 - Val PR-AUC: 0.2892
Epoch 42/50 - Loss: 0.3889 - Val F1: 0.3238 - Val ROC-AUC: 0.6822 - Val PR-AUC: 0.2788
Epoch 43/50 - Loss: 0.3805 - Val F1: 0.3097 - Val ROC-AUC: 0.6802 - Val PR-AUC: 0.2770
Epoch 44/50 - Loss: 0.3758 - Val F1: 0.3117 - Val ROC-AUC: 0.6789 - Val PR-AUC: 0.2809
Epoch 45/50 - Loss: 0.3845 - Val F1: 0.3323 - Val ROC-AUC: 0.6839 - Val PR-AUC: 0.2960
Epoch 46/50 - Loss: 0.3890 - Val F1: 0.3345 - Val ROC-AUC: 0.6727 - Val PR-AUC: 0.2843
Epoch 47/50 - Loss: 0.3689 - Val F1: 0.3345 - Val ROC-AUC: 0.6866 - Val PR-AUC: 0.2890
Epoch 48/50 - Loss: 0.3793 - Val F1: 0.2977 - Val ROC-AUC: 0.6817 - Val PR-AUC: 0.2706
Epoch 49/50 - Loss: 0.3664 - Val F1: 0.3077 - Val ROC-AUC: 0.6843 - Val PR-AUC: 0.2805
Epoch 50/50 - Loss: 0.3722 - Val F1: 0.3569 - Val ROC-AUC: 0.6971 - Val PR-AUC: 0.2981
Pretraining completed. Test F1: 0.3158, ROC-AUC: 0.6540, PR-AUC: 0.2829
[3/4] Finetuning on ATG_ERE_CISATG_ERa_TRANSACEA_ER_80hrOT_ER_ERaERa_1440OT_ER_ERaERb_1440OT_ER_ERbERb_1440NVS_NR_hER using GIN_GCN...
