[1/4] Excel → CSV 변환 중...
Saved pretrain CSV for TOX21_ERa_BLA_Antagonist_ratio: data/sample/TOX21_ERa_BLA_Antagonist_ratio.csv
Saved pretrain CSV for TOX21_ERa_LUC_VM7_Agonist: data/sample/TOX21_ERa_LUC_VM7_Agonist.csv
Saved pretrain CSV for TOX21_ERa_BLA_Antagonist_viability: data/sample/TOX21_ERa_BLA_Antagonist_viability.csv
Saved pretrain CSV for TOX21_ERa_LUC_VM7_Antagonist_0.5nM_E2: data/sample/TOX21_ERa_LUC_VM7_Antagonist_0.5nM_E2.csv
Saved pretrain CSV for TOX21_ERa_BLA_Antagonist_ch2: data/sample/TOX21_ERa_BLA_Antagonist_ch2.csv
Saved pretrain CSV for TOX21_ERa_BLA_Antagonist_ch1: data/sample/TOX21_ERa_BLA_Antagonist_ch1.csv
Saved pretrain CSV for TOX21_ERa_LUC_VM7_Antagonist_0.5nM_E2_viability: data/sample/TOX21_ERa_LUC_VM7_Antagonist_0.5nM_E2_viability.csv
Saved pretrain CSV for TOX21_ERa_BLA_Agonist_ch2: data/sample/TOX21_ERa_BLA_Agonist_ch2.csv
Saved pretrain CSV for TOX21_ERa_BLA_Agonist_ch1: data/sample/TOX21_ERa_BLA_Agonist_ch1.csv
Saved pretrain CSV for TOX21_ERa_BLA_Agonist_ratio: data/sample/TOX21_ERa_BLA_Agonist_ratio.csv
Saved pretrain CSV for TOX21_ERb_BLA_Antagonist_ch1: data/sample/TOX21_ERb_BLA_Antagonist_ch1.csv
Saved pretrain CSV for TOX21_ERb_BLA_Antagonist_ch2: data/sample/TOX21_ERb_BLA_Antagonist_ch2.csv
Saved pretrain CSV for TOX21_ERb_BLA_Agonist_viability: data/sample/TOX21_ERb_BLA_Agonist_viability.csv
Saved pretrain CSV for TOX21_ERb_BLA_Agonist_ratio: data/sample/TOX21_ERb_BLA_Agonist_ratio.csv
Saved pretrain CSV for TOX21_ERb_BLA_Agonist_ch2: data/sample/TOX21_ERb_BLA_Agonist_ch2.csv
Saved pretrain CSV for TOX21_ERb_BLA_Agonist_ch1: data/sample/TOX21_ERb_BLA_Agonist_ch1.csv
Saved pretrain CSV for TOX21_ERR_LUC_Agonist: data/sample/TOX21_ERR_LUC_Agonist.csv
Saved pretrain CSV for TOX21_ERa_LUC_VM7_Agonist_10nM_ICI182780_viability: data/sample/TOX21_ERa_LUC_VM7_Agonist_10nM_ICI182780_viability.csv
Saved pretrain CSV for TOX21_ERa_LUC_VM7_Antagonist_0.1nM_E2: data/sample/TOX21_ERa_LUC_VM7_Antagonist_0.1nM_E2.csv
Saved pretrain CSV for TOX21_ERb_BLA_Antagonist_ratio: data/sample/TOX21_ERb_BLA_Antagonist_ratio.csv
Saved pretrain CSV for TOX21_ERa_LUC_VM7_Agonist_10nM_ICI182780: data/sample/TOX21_ERa_LUC_VM7_Agonist_10nM_ICI182780.csv
Saved pretrain CSV for TOX21_ERR_LUC_viability: data/sample/TOX21_ERR_LUC_viability.csv
Saved pretrain CSV for TOX21_ERR_LUC_Antagonist: data/sample/TOX21_ERR_LUC_Antagonist.csv
Saved pretrain CSV for TOX21_ERa_LUC_VM7_Antagonist_0.1nM_E2_viability: data/sample/TOX21_ERa_LUC_VM7_Antagonist_0.1nM_E2_viability.csv
Saved pretrain CSV for TOX21_ERb_BLA_Antagonist_viability: data/sample/TOX21_ERb_BLA_Antagonist_viability.csv
Saved finetune CSV for TOX21_ERa_BLA_Antagonist_ratio: data/sample/TOX21_ERa_BLA_Antagonist_ratio.csv
Saved finetune CSV for TOX21_ERa_LUC_VM7_Agonist: data/sample/TOX21_ERa_LUC_VM7_Agonist.csv
Saved finetune CSV for TOX21_ERa_BLA_Antagonist_viability: data/sample/TOX21_ERa_BLA_Antagonist_viability.csv
Saved finetune CSV for TOX21_ERa_LUC_VM7_Antagonist_0.5nM_E2: data/sample/TOX21_ERa_LUC_VM7_Antagonist_0.5nM_E2.csv
Saved finetune CSV for TOX21_ERa_BLA_Antagonist_ch2: data/sample/TOX21_ERa_BLA_Antagonist_ch2.csv
Saved finetune CSV for TOX21_ERa_BLA_Antagonist_ch1: data/sample/TOX21_ERa_BLA_Antagonist_ch1.csv
Saved finetune CSV for TOX21_ERa_LUC_VM7_Antagonist_0.5nM_E2_viability: data/sample/TOX21_ERa_LUC_VM7_Antagonist_0.5nM_E2_viability.csv
Saved finetune CSV for TOX21_ERa_BLA_Agonist_ch2: data/sample/TOX21_ERa_BLA_Agonist_ch2.csv
Saved finetune CSV for TOX21_ERa_BLA_Agonist_ch1: data/sample/TOX21_ERa_BLA_Agonist_ch1.csv
Saved finetune CSV for TOX21_ERa_BLA_Agonist_ratio: data/sample/TOX21_ERa_BLA_Agonist_ratio.csv
Saved finetune CSV for TOX21_ERb_BLA_Antagonist_ch1: data/sample/TOX21_ERb_BLA_Antagonist_ch1.csv
Saved finetune CSV for TOX21_ERb_BLA_Antagonist_ch2: data/sample/TOX21_ERb_BLA_Antagonist_ch2.csv
Saved finetune CSV for TOX21_ERb_BLA_Agonist_viability: data/sample/TOX21_ERb_BLA_Agonist_viability.csv
Saved finetune CSV for TOX21_ERb_BLA_Agonist_ratio: data/sample/TOX21_ERb_BLA_Agonist_ratio.csv
Saved finetune CSV for TOX21_ERb_BLA_Agonist_ch2: data/sample/TOX21_ERb_BLA_Agonist_ch2.csv
Saved finetune CSV for TOX21_ERb_BLA_Agonist_ch1: data/sample/TOX21_ERb_BLA_Agonist_ch1.csv
Saved finetune CSV for TOX21_ERR_LUC_Agonist: data/sample/TOX21_ERR_LUC_Agonist.csv
Saved finetune CSV for TOX21_ERa_LUC_VM7_Agonist_10nM_ICI182780_viability: data/sample/TOX21_ERa_LUC_VM7_Agonist_10nM_ICI182780_viability.csv
Saved finetune CSV for TOX21_ERa_LUC_VM7_Antagonist_0.1nM_E2: data/sample/TOX21_ERa_LUC_VM7_Antagonist_0.1nM_E2.csv
Saved finetune CSV for TOX21_ERb_BLA_Antagonist_ratio: data/sample/TOX21_ERb_BLA_Antagonist_ratio.csv
Saved finetune CSV for TOX21_ERa_LUC_VM7_Agonist_10nM_ICI182780: data/sample/TOX21_ERa_LUC_VM7_Agonist_10nM_ICI182780.csv
Saved finetune CSV for TOX21_ERR_LUC_viability: data/sample/TOX21_ERR_LUC_viability.csv
Saved finetune CSV for TOX21_ERR_LUC_Antagonist: data/sample/TOX21_ERR_LUC_Antagonist.csv
Saved finetune CSV for TOX21_ERa_LUC_VM7_Antagonist_0.1nM_E2_viability: data/sample/TOX21_ERa_LUC_VM7_Antagonist_0.1nM_E2_viability.csv
Saved finetune CSV for TOX21_ERb_BLA_Antagonist_viability: data/sample/TOX21_ERb_BLA_Antagonist_viability.csv
[2/4] Pretraining on TOX21_ERa_BLA_Antagonist_ratio using GIN_GCN...
Epoch 1/100 - Loss: 0.6226 - Val F1: 0.3062 - Val ROC-AUC: 0.7006 - Val PR-AUC: 0.2163
Epoch 2/100 - Loss: 0.5835 - Val F1: 0.3501 - Val ROC-AUC: 0.7420 - Val PR-AUC: 0.2611
Epoch 3/100 - Loss: 0.5637 - Val F1: 0.3648 - Val ROC-AUC: 0.7421 - Val PR-AUC: 0.2620
Epoch 4/100 - Loss: 0.5545 - Val F1: 0.3730 - Val ROC-AUC: 0.7522 - Val PR-AUC: 0.3161
Epoch 5/100 - Loss: 0.5433 - Val F1: 0.3578 - Val ROC-AUC: 0.7483 - Val PR-AUC: 0.3004
Epoch 6/100 - Loss: 0.5338 - Val F1: 0.3368 - Val ROC-AUC: 0.7514 - Val PR-AUC: 0.2826
Epoch 7/100 - Loss: 0.5184 - Val F1: 0.3641 - Val ROC-AUC: 0.7731 - Val PR-AUC: 0.2764
Epoch 8/100 - Loss: 0.5232 - Val F1: 0.4073 - Val ROC-AUC: 0.7896 - Val PR-AUC: 0.3117
Epoch 9/100 - Loss: 0.5046 - Val F1: 0.3812 - Val ROC-AUC: 0.7771 - Val PR-AUC: 0.2980
Epoch 10/100 - Loss: 0.5079 - Val F1: 0.3601 - Val ROC-AUC: 0.7852 - Val PR-AUC: 0.3275
Epoch 11/100 - Loss: 0.4744 - Val F1: 0.3860 - Val ROC-AUC: 0.7911 - Val PR-AUC: 0.3234
Epoch 12/100 - Loss: 0.4820 - Val F1: 0.3669 - Val ROC-AUC: 0.7901 - Val PR-AUC: 0.3130
Epoch 13/100 - Loss: 0.4602 - Val F1: 0.3914 - Val ROC-AUC: 0.7963 - Val PR-AUC: 0.3379
Epoch 14/100 - Loss: 0.4633 - Val F1: 0.4286 - Val ROC-AUC: 0.8084 - Val PR-AUC: 0.3392
Epoch 15/100 - Loss: 0.4606 - Val F1: 0.4174 - Val ROC-AUC: 0.7990 - Val PR-AUC: 0.3172
Epoch 16/100 - Loss: 0.4500 - Val F1: 0.4225 - Val ROC-AUC: 0.7855 - Val PR-AUC: 0.3060
Epoch 17/100 - Loss: 0.4450 - Val F1: 0.3988 - Val ROC-AUC: 0.7757 - Val PR-AUC: 0.2951
Epoch 18/100 - Loss: 0.4490 - Val F1: 0.3964 - Val ROC-AUC: 0.8058 - Val PR-AUC: 0.3256
Epoch 19/100 - Loss: 0.4388 - Val F1: 0.3827 - Val ROC-AUC: 0.8106 - Val PR-AUC: 0.3462
Epoch 20/100 - Loss: 0.4504 - Val F1: 0.4171 - Val ROC-AUC: 0.7976 - Val PR-AUC: 0.3233
Epoch 21/100 - Loss: 0.4176 - Val F1: 0.4103 - Val ROC-AUC: 0.8080 - Val PR-AUC: 0.3413
Epoch 22/100 - Loss: 0.4136 - Val F1: 0.4422 - Val ROC-AUC: 0.8132 - Val PR-AUC: 0.3457
Epoch 23/100 - Loss: 0.3996 - Val F1: 0.4231 - Val ROC-AUC: 0.8052 - Val PR-AUC: 0.3273
Epoch 24/100 - Loss: 0.3975 - Val F1: 0.4105 - Val ROC-AUC: 0.7990 - Val PR-AUC: 0.3284
Epoch 25/100 - Loss: 0.3977 - Val F1: 0.4203 - Val ROC-AUC: 0.8089 - Val PR-AUC: 0.3429
