[17:45:49] Can't kekulize mol.  Unkekulized atoms: 1 2 3 4 5
[17:45:49] Explicit valence for atom # 0 Cl, 2, is greater than permitted
[17:45:50] Can't kekulize mol.  Unkekulized atoms: 3 4 5 6 7
[17:45:51] Can't kekulize mol.  Unkekulized atoms: 3 4 5 6 7
[17:45:51] WARNING: not removing hydrogen atom without neighbors
[17:45:53] Explicit valence for atom # 3 Si, 8, is greater than permitted
[17:45:53] Can't kekulize mol.  Unkekulized atoms: 1 2 3 4 5
[17:45:53] Can't kekulize mol.  Unkekulized atoms: 3 4 5 6 7
[17:45:54] Can't kekulize mol.  Unkekulized atoms: 1 2 3 4 5
[17:45:54] WARNING: not removing hydrogen atom without neighbors
[17:45:55] Can't kekulize mol.  Unkekulized atoms: 1 2 3 4 5
[17:45:55] Explicit valence for atom # 6 O, 3, is greater than permitted
[17:45:55] Explicit valence for atom # 3 Si, 8, is greater than permitted
[17:45:55] Explicit valence for atom # 0 Cl, 2, is greater than permitted
[18:00:03] Can't kekulize mol.  Unkekulized atoms: 1 2 3 4 5
[18:00:03] Explicit valence for atom # 0 Cl, 2, is greater than permitted
[18:00:04] Can't kekulize mol.  Unkekulized atoms: 3 4 5 6 7
[18:00:04] Can't kekulize mol.  Unkekulized atoms: 3 4 5 6 7
[18:00:06] Can't kekulize mol.  Unkekulized atoms: 1 2 3 4 5
[18:00:06] Can't kekulize mol.  Unkekulized atoms: 3 4 5 6 7
[18:00:07] Can't kekulize mol.  Unkekulized atoms: 1 2 3 4 5
[18:00:07] WARNING: not removing hydrogen atom without neighbors
[18:00:07] Can't kekulize mol.  Unkekulized atoms: 1 2 3 4 5
[18:00:08] Explicit valence for atom # 6 O, 3, is greater than permitted
[18:00:08] Explicit valence for atom # 3 Si, 8, is greater than permitted
[18:00:08] Explicit valence for atom # 0 Cl, 2, is greater than permitted
[18:00:29] Can't kekulize mol.  Unkekulized atoms: 1 2 3 4 5
[18:00:29] Explicit valence for atom # 0 Cl, 2, is greater than permitted
[18:00:30] Can't kekulize mol.  Unkekulized atoms: 3 4 5 6 7
[18:00:30] Can't kekulize mol.  Unkekulized atoms: 3 4 5 6 7
[18:00:33] Can't kekulize mol.  Unkekulized atoms: 1 2 3 4 5
[18:00:33] Can't kekulize mol.  Unkekulized atoms: 3 4 5 6 7
[18:00:33] Can't kekulize mol.  Unkekulized atoms: 1 2 3 4 5
[18:00:33] WARNING: not removing hydrogen atom without neighbors
[18:00:34] Can't kekulize mol.  Unkekulized atoms: 1 2 3 4 5
[18:00:34] Explicit valence for atom # 6 O, 3, is greater than permitted
[18:00:34] Explicit valence for atom # 3 Si, 8, is greater than permitted
[18:00:34] Explicit valence for atom # 0 Cl, 2, is greater than permitted
[18:00:56] Can't kekulize mol.  Unkekulized atoms: 1 2 3 4 5
[18:00:56] Explicit valence for atom # 0 Cl, 2, is greater than permitted
[18:00:57] Can't kekulize mol.  Unkekulized atoms: 3 4 5 6 7
[18:00:57] Can't kekulize mol.  Unkekulized atoms: 3 4 5 6 7
[18:00:59] Can't kekulize mol.  Unkekulized atoms: 1 2 3 4 5
[18:00:59] Can't kekulize mol.  Unkekulized atoms: 3 4 5 6 7
[18:01:00] Can't kekulize mol.  Unkekulized atoms: 1 2 3 4 5
[18:01:00] WARNING: not removing hydrogen atom without neighbors
[18:01:01] Can't kekulize mol.  Unkekulized atoms: 1 2 3 4 5
[18:01:01] Explicit valence for atom # 6 O, 3, is greater than permitted
[18:01:01] Explicit valence for atom # 3 Si, 8, is greater than permitted
[18:01:01] Explicit valence for atom # 0 Cl, 2, is greater than permitted
[18:01:01] Can't kekulize mol.  Unkekulized atoms: 1 2 3 4 5
[18:01:02] Explicit valence for atom # 0 Cl, 2, is greater than permitted
[18:01:02] Can't kekulize mol.  Unkekulized atoms: 3 4 5 6 7
[18:01:03] Can't kekulize mol.  Unkekulized atoms: 3 4 5 6 7
[18:01:05] Can't kekulize mol.  Unkekulized atoms: 1 2 3 4 5
[18:01:05] Can't kekulize mol.  Unkekulized atoms: 3 4 5 6 7
[18:01:06] Can't kekulize mol.  Unkekulized atoms: 1 2 3 4 5
[18:01:06] WARNING: not removing hydrogen atom without neighbors
[18:01:06] Can't kekulize mol.  Unkekulized atoms: 1 2 3 4 5
[18:01:06] Explicit valence for atom # 6 O, 3, is greater than permitted
[18:01:06] Explicit valence for atom # 3 Si, 8, is greater than permitted
[18:01:07] Explicit valence for atom # 0 Cl, 2, is greater than permitted
Traceback (most recent call last):
  File "<stdin>", line 41, in <module>
  File "/gpfs/home1/won0316/_Capstone/1_Git/Capstone_uos/unit_model/eval/visualize.py", line 29, in visualize_embeddings
    embeddings_2d = tsne.fit_transform(embeddings)
                    ^^^^^^^^^^^^^^^^^^^^^^^^^^^^^^
  File "/home1/won0316/anaconda3/envs/toxcast_env/lib/python3.12/site-packages/sklearn/utils/_set_output.py", line 316, in wrapped
    data_to_wrap = f(self, X, *args, **kwargs)
                   ^^^^^^^^^^^^^^^^^^^^^^^^^^^
  File "/home1/won0316/anaconda3/envs/toxcast_env/lib/python3.12/site-packages/sklearn/base.py", line 1473, in wrapper
    return fit_method(estimator, *args, **kwargs)
           ^^^^^^^^^^^^^^^^^^^^^^^^^^^^^^^^^^^^^^
  File "/home1/won0316/anaconda3/envs/toxcast_env/lib/python3.12/site-packages/sklearn/manifold/_t_sne.py", line 1176, in fit_transform
    embedding = self._fit(X)
                ^^^^^^^^^^^^
  File "/home1/won0316/anaconda3/envs/toxcast_env/lib/python3.12/site-packages/sklearn/manifold/_t_sne.py", line 884, in _fit
    X = self._validate_data(
        ^^^^^^^^^^^^^^^^^^^^
  File "/home1/won0316/anaconda3/envs/toxcast_env/lib/python3.12/site-packages/sklearn/base.py", line 633, in _validate_data
    out = check_array(X, input_name="X", **check_params)
          ^^^^^^^^^^^^^^^^^^^^^^^^^^^^^^^^^^^^^^^^^^^^^^
  File "/home1/won0316/anaconda3/envs/toxcast_env/lib/python3.12/site-packages/sklearn/utils/validation.py", line 1058, in check_array
    raise ValueError(
ValueError: Found array with dim 3. TSNE expected <= 2.
