[2/4] Pretraining on TOX21_ERR_LUC_viability using GCN_GAT...
  * Pretrained model already exists at model_save/pretrained/gcn_gat/Pretrained_TOX21_ERR_LUC_viability_gcn_gat.pth, loading...
[3/4] Finetuning on ATG_ERE_CIS using GCN_GAT...
[Fine-tune] Epoch 1/50 - Loss: 0.6972 - Val F1: 0.4420 - Val ROC-AUC: 0.6860 - Val PR-AUC: 0.4419
[Fine-tune] Epoch 2/50 - Loss: 0.5916 - Val F1: 0.4188 - Val ROC-AUC: 0.7039 - Val PR-AUC: 0.4699
[Fine-tune] Epoch 3/50 - Loss: 0.5782 - Val F1: 0.4151 - Val ROC-AUC: 0.7014 - Val PR-AUC: 0.4625
[Fine-tune] Epoch 4/50 - Loss: 0.5795 - Val F1: 0.4859 - Val ROC-AUC: 0.7036 - Val PR-AUC: 0.4783
[Fine-tune] Epoch 5/50 - Loss: 0.5555 - Val F1: 0.4670 - Val ROC-AUC: 0.7159 - Val PR-AUC: 0.4937
[Fine-tune] Epoch 6/50 - Loss: 0.5508 - Val F1: 0.4946 - Val ROC-AUC: 0.7195 - Val PR-AUC: 0.4990
[Fine-tune] Epoch 7/50 - Loss: 0.5577 - Val F1: 0.3949 - Val ROC-AUC: 0.6990 - Val PR-AUC: 0.4047
[Fine-tune] Epoch 8/50 - Loss: 0.5510 - Val F1: 0.4252 - Val ROC-AUC: 0.7148 - Val PR-AUC: 0.4521
[Fine-tune] Epoch 9/50 - Loss: 0.5454 - Val F1: 0.4163 - Val ROC-AUC: 0.6988 - Val PR-AUC: 0.4585
[Fine-tune] Epoch 10/50 - Loss: 0.5405 - Val F1: 0.4694 - Val ROC-AUC: 0.7180 - Val PR-AUC: 0.4807
[Fine-tune] Epoch 11/50 - Loss: 0.5373 - Val F1: 0.4658 - Val ROC-AUC: 0.7279 - Val PR-AUC: 0.5059
[Fine-tune] Epoch 12/50 - Loss: 0.5221 - Val F1: 0.4664 - Val ROC-AUC: 0.7178 - Val PR-AUC: 0.4942
[Fine-tune] Epoch 13/50 - Loss: 0.5129 - Val F1: 0.4653 - Val ROC-AUC: 0.7299 - Val PR-AUC: 0.5316
[Fine-tune] Epoch 14/50 - Loss: 0.5058 - Val F1: 0.4727 - Val ROC-AUC: 0.7239 - Val PR-AUC: 0.5012
[Fine-tune] Epoch 15/50 - Loss: 0.5345 - Val F1: 0.4839 - Val ROC-AUC: 0.7124 - Val PR-AUC: 0.4511
[Fine-tune] Epoch 16/50 - Loss: 0.5208 - Val F1: 0.4400 - Val ROC-AUC: 0.7248 - Val PR-AUC: 0.5020
[Fine-tune] Epoch 17/50 - Loss: 0.5105 - Val F1: 0.4454 - Val ROC-AUC: 0.7178 - Val PR-AUC: 0.4796
[Fine-tune] Epoch 18/50 - Loss: 0.5219 - Val F1: 0.4771 - Val ROC-AUC: 0.7252 - Val PR-AUC: 0.5006
[Fine-tune] Epoch 19/50 - Loss: 0.5170 - Val F1: 0.4815 - Val ROC-AUC: 0.7392 - Val PR-AUC: 0.5072
[Fine-tune] Epoch 20/50 - Loss: 0.5095 - Val F1: 0.4079 - Val ROC-AUC: 0.7299 - Val PR-AUC: 0.4664
[Fine-tune] Epoch 21/50 - Loss: 0.5032 - Val F1: 0.4744 - Val ROC-AUC: 0.7360 - Val PR-AUC: 0.5239
[Fine-tune] Epoch 22/50 - Loss: 0.4881 - Val F1: 0.4747 - Val ROC-AUC: 0.7197 - Val PR-AUC: 0.4792
[Fine-tune] Epoch 23/50 - Loss: 0.4934 - Val F1: 0.4585 - Val ROC-AUC: 0.7284 - Val PR-AUC: 0.5104
[Fine-tune] Epoch 24/50 - Loss: 0.5074 - Val F1: 0.4608 - Val ROC-AUC: 0.7180 - Val PR-AUC: 0.4854
[Fine-tune] Epoch 25/50 - Loss: 0.4879 - Val F1: 0.4972 - Val ROC-AUC: 0.7096 - Val PR-AUC: 0.4361
[Fine-tune] Epoch 26/50 - Loss: 0.4919 - Val F1: 0.4513 - Val ROC-AUC: 0.7242 - Val PR-AUC: 0.4851
[Fine-tune] Epoch 27/50 - Loss: 0.4878 - Val F1: 0.4876 - Val ROC-AUC: 0.7187 - Val PR-AUC: 0.5107
[Fine-tune] Epoch 28/50 - Loss: 0.4987 - Val F1: 0.4695 - Val ROC-AUC: 0.7302 - Val PR-AUC: 0.5128
[Fine-tune] Epoch 29/50 - Loss: 0.4867 - Val F1: 0.4513 - Val ROC-AUC: 0.7137 - Val PR-AUC: 0.4415
[Fine-tune] Epoch 30/50 - Loss: 0.4636 - Val F1: 0.4837 - Val ROC-AUC: 0.7255 - Val PR-AUC: 0.4724
[Fine-tune] Epoch 31/50 - Loss: 0.4748 - Val F1: 0.4700 - Val ROC-AUC: 0.7222 - Val PR-AUC: 0.4695
[Fine-tune] Epoch 32/50 - Loss: 0.4567 - Val F1: 0.4444 - Val ROC-AUC: 0.7222 - Val PR-AUC: 0.4661
[Fine-tune] Epoch 33/50 - Loss: 0.4703 - Val F1: 0.4664 - Val ROC-AUC: 0.7260 - Val PR-AUC: 0.4946
[Fine-tune] Epoch 34/50 - Loss: 0.4690 - Val F1: 0.5000 - Val ROC-AUC: 0.7328 - Val PR-AUC: 0.5037
[Fine-tune] Epoch 35/50 - Loss: 0.4685 - Val F1: 0.5213 - Val ROC-AUC: 0.7331 - Val PR-AUC: 0.5077
[Fine-tune] Epoch 36/50 - Loss: 0.4777 - Val F1: 0.4800 - Val ROC-AUC: 0.7322 - Val PR-AUC: 0.4903
[Fine-tune] Epoch 37/50 - Loss: 0.4724 - Val F1: 0.4976 - Val ROC-AUC: 0.7353 - Val PR-AUC: 0.5020
[Fine-tune] Epoch 38/50 - Loss: 0.4604 - Val F1: 0.4952 - Val ROC-AUC: 0.7356 - Val PR-AUC: 0.4965
[Fine-tune] Epoch 39/50 - Loss: 0.4824 - Val F1: 0.4724 - Val ROC-AUC: 0.7209 - Val PR-AUC: 0.4690
[Fine-tune] Epoch 40/50 - Loss: 0.4594 - Val F1: 0.4602 - Val ROC-AUC: 0.7329 - Val PR-AUC: 0.5087
[Fine-tune] Epoch 41/50 - Loss: 0.4646 - Val F1: 0.4880 - Val ROC-AUC: 0.7363 - Val PR-AUC: 0.5053
[Fine-tune] Epoch 42/50 - Loss: 0.4714 - Val F1: 0.4894 - Val ROC-AUC: 0.7312 - Val PR-AUC: 0.4870
[Fine-tune] Epoch 43/50 - Loss: 0.4652 - Val F1: 0.4904 - Val ROC-AUC: 0.7344 - Val PR-AUC: 0.4974
[Fine-tune] Epoch 44/50 - Loss: 0.4705 - Val F1: 0.5000 - Val ROC-AUC: 0.7288 - Val PR-AUC: 0.4937
[Fine-tune] Epoch 45/50 - Loss: 0.4650 - Val F1: 0.4828 - Val ROC-AUC: 0.7272 - Val PR-AUC: 0.4780
[Fine-tune] Epoch 46/50 - Loss: 0.4627 - Val F1: 0.5104 - Val ROC-AUC: 0.7315 - Val PR-AUC: 0.4963
[Fine-tune] Epoch 47/50 - Loss: 0.4615 - Val F1: 0.4876 - Val ROC-AUC: 0.7273 - Val PR-AUC: 0.4891
[Fine-tune] Epoch 48/50 - Loss: 0.4630 - Val F1: 0.4645 - Val ROC-AUC: 0.7310 - Val PR-AUC: 0.4786
[Fine-tune] Epoch 49/50 - Loss: 0.4637 - Val F1: 0.4896 - Val ROC-AUC: 0.7185 - Val PR-AUC: 0.4568
[Fine-tune] Epoch 50/50 - Loss: 0.4509 - Val F1: 0.4860 - Val ROC-AUC: 0.7279 - Val PR-AUC: 0.4727
Finetuning completed. Test F1: 0.5100, ROC-AUC: 0.7542, PR-AUC: 0.5309
[3.1/4] Target-only training on ATG_ERE_CIS using GCN_GAT...
  * Target-only 모델 이미 존재: model_save/targetonly/gcn_gat/TargetOnly_ATG_ERE_CIS_gcn_gat.pth
  * Target-only 생략, 저장된 모델로 평가만 진행
=== Target-only TEST performance ===
Test F1: 0.5000, ROC-AUC: 0.7629, PR-AUC: 0.5333
✅ 실험 완료: TOX21_ERR_LUC_viability -> ATG_ERE_CIS [GCN_GAT]
