[1/4] Excel → CSV 변환 중...
Saved pretrain CSV for TOX21_ERa_LUC_VM7_Agonist: data/sample/TOX21_ERa_LUC_VM7_Agonist.csv
Saved pretrain CSV for TOX21_ERb_BLA_Agonist_viability: data/sample/TOX21_ERb_BLA_Agonist_viability.csv
Saved pretrain CSV for TOX21_ERa_LUC_VM7_Agonist_10nM_ICI182780_viability: data/sample/TOX21_ERa_LUC_VM7_Agonist_10nM_ICI182780_viability.csv
Saved pretrain CSV for TOX21_ERR_LUC_viability: data/sample/TOX21_ERR_LUC_viability.csv
Saved finetune CSV for ATG_ERE_CIS: data/sample/ATG_ERE_CIS.csv
Saved finetune CSV for ATG_ERa_TRANS: data/sample/ATG_ERa_TRANS.csv
Saved finetune CSV for ACEA_ER_80hr: data/sample/ACEA_ER_80hr.csv
Saved finetune CSV for OT_ER_ERaERa_1440: data/sample/OT_ER_ERaERa_1440.csv
Saved finetune CSV for OT_ER_ERaERb_1440: data/sample/OT_ER_ERaERb_1440.csv
Saved finetune CSV for OT_ER_ERbERb_1440: data/sample/OT_ER_ERbERb_1440.csv
Saved finetune CSV for NVS_NR_hER: data/sample/NVS_NR_hER.csv
[2/4] Pretraining on TOX21_ERa_LUC_VM7_Agonist using GCN_GAT...
  * Pretrained model already exists at model_save/pretrained/gcn_gat/Pretrained_TOX21_ERa_LUC_VM7_Agonist_gcn_gat.pth, loading...
[3/4] Finetuning on ACEA_ER_80hr using GCN_GAT...
[Fine-tune] Epoch 1/50 - Loss: 0.6421 - Val F1: 0.2535 - Val ROC-AUC: 0.7289 - Val PR-AUC: 0.3360
[Fine-tune] Epoch 2/50 - Loss: 0.5908 - Val F1: 0.2436 - Val ROC-AUC: 0.6890 - Val PR-AUC: 0.3061
[Fine-tune] Epoch 3/50 - Loss: 0.5592 - Val F1: 0.3133 - Val ROC-AUC: 0.6596 - Val PR-AUC: 0.2898
[Fine-tune] Epoch 4/50 - Loss: 0.5736 - Val F1: 0.2338 - Val ROC-AUC: 0.6332 - Val PR-AUC: 0.2508
[Fine-tune] Epoch 5/50 - Loss: 0.5493 - Val F1: 0.2424 - Val ROC-AUC: 0.6785 - Val PR-AUC: 0.2826
[Fine-tune] Epoch 6/50 - Loss: 0.5280 - Val F1: 0.2778 - Val ROC-AUC: 0.6835 - Val PR-AUC: 0.3241
[Fine-tune] Epoch 7/50 - Loss: 0.5275 - Val F1: 0.2147 - Val ROC-AUC: 0.6887 - Val PR-AUC: 0.3808
[Fine-tune] Epoch 8/50 - Loss: 0.5111 - Val F1: 0.2479 - Val ROC-AUC: 0.6923 - Val PR-AUC: 0.3895
[Fine-tune] Epoch 9/50 - Loss: 0.5165 - Val F1: 0.2345 - Val ROC-AUC: 0.6675 - Val PR-AUC: 0.2741
[Fine-tune] Epoch 10/50 - Loss: 0.5194 - Val F1: 0.2810 - Val ROC-AUC: 0.6790 - Val PR-AUC: 0.3014
[Fine-tune] Epoch 11/50 - Loss: 0.4729 - Val F1: 0.2208 - Val ROC-AUC: 0.6708 - Val PR-AUC: 0.3082
[Fine-tune] Epoch 12/50 - Loss: 0.4824 - Val F1: 0.2957 - Val ROC-AUC: 0.7251 - Val PR-AUC: 0.3960
[Fine-tune] Epoch 13/50 - Loss: 0.4776 - Val F1: 0.2353 - Val ROC-AUC: 0.7032 - Val PR-AUC: 0.3728
[Fine-tune] Epoch 14/50 - Loss: 0.4826 - Val F1: 0.3256 - Val ROC-AUC: 0.7021 - Val PR-AUC: 0.3908
[Fine-tune] Epoch 15/50 - Loss: 0.4651 - Val F1: 0.2430 - Val ROC-AUC: 0.6877 - Val PR-AUC: 0.3243
[Fine-tune] Epoch 16/50 - Loss: 0.4499 - Val F1: 0.2407 - Val ROC-AUC: 0.6805 - Val PR-AUC: 0.2418
[Fine-tune] Epoch 17/50 - Loss: 0.4516 - Val F1: 0.3119 - Val ROC-AUC: 0.7051 - Val PR-AUC: 0.3189
[Fine-tune] Epoch 18/50 - Loss: 0.4553 - Val F1: 0.2752 - Val ROC-AUC: 0.6790 - Val PR-AUC: 0.3011
[Fine-tune] Epoch 19/50 - Loss: 0.4447 - Val F1: 0.2727 - Val ROC-AUC: 0.6856 - Val PR-AUC: 0.3086
[Fine-tune] Epoch 20/50 - Loss: 0.4479 - Val F1: 0.2464 - Val ROC-AUC: 0.6958 - Val PR-AUC: 0.3293
[Fine-tune] Epoch 21/50 - Loss: 0.4431 - Val F1: 0.2388 - Val ROC-AUC: 0.7106 - Val PR-AUC: 0.3298
[Fine-tune] Epoch 22/50 - Loss: 0.4406 - Val F1: 0.2712 - Val ROC-AUC: 0.7057 - Val PR-AUC: 0.3362
[Fine-tune] Epoch 23/50 - Loss: 0.4184 - Val F1: 0.2692 - Val ROC-AUC: 0.6955 - Val PR-AUC: 0.3430
[Fine-tune] Epoch 24/50 - Loss: 0.4356 - Val F1: 0.2778 - Val ROC-AUC: 0.6970 - Val PR-AUC: 0.3203
[Fine-tune] Epoch 25/50 - Loss: 0.4285 - Val F1: 0.2931 - Val ROC-AUC: 0.7112 - Val PR-AUC: 0.3254
[Fine-tune] Epoch 26/50 - Loss: 0.4069 - Val F1: 0.2742 - Val ROC-AUC: 0.7079 - Val PR-AUC: 0.3210
[Fine-tune] Epoch 27/50 - Loss: 0.4213 - Val F1: 0.3137 - Val ROC-AUC: 0.7191 - Val PR-AUC: 0.3495
[Fine-tune] Epoch 28/50 - Loss: 0.4281 - Val F1: 0.2478 - Val ROC-AUC: 0.6816 - Val PR-AUC: 0.3033
[Fine-tune] Epoch 29/50 - Loss: 0.4121 - Val F1: 0.2857 - Val ROC-AUC: 0.7048 - Val PR-AUC: 0.2781
[Fine-tune] Epoch 30/50 - Loss: 0.4117 - Val F1: 0.2520 - Val ROC-AUC: 0.6960 - Val PR-AUC: 0.3060
[Fine-tune] Epoch 31/50 - Loss: 0.3993 - Val F1: 0.2832 - Val ROC-AUC: 0.7109 - Val PR-AUC: 0.3337
[Fine-tune] Epoch 32/50 - Loss: 0.3860 - Val F1: 0.2772 - Val ROC-AUC: 0.7150 - Val PR-AUC: 0.3379
[Fine-tune] Epoch 33/50 - Loss: 0.3911 - Val F1: 0.2642 - Val ROC-AUC: 0.7020 - Val PR-AUC: 0.3131
[Fine-tune] Epoch 34/50 - Loss: 0.4088 - Val F1: 0.2712 - Val ROC-AUC: 0.7040 - Val PR-AUC: 0.3292
[Fine-tune] Epoch 35/50 - Loss: 0.4018 - Val F1: 0.2476 - Val ROC-AUC: 0.6861 - Val PR-AUC: 0.3160
[Fine-tune] Epoch 36/50 - Loss: 0.4027 - Val F1: 0.2807 - Val ROC-AUC: 0.7019 - Val PR-AUC: 0.3148
[Fine-tune] Epoch 37/50 - Loss: 0.3856 - Val F1: 0.3125 - Val ROC-AUC: 0.7207 - Val PR-AUC: 0.3462
[Fine-tune] Epoch 38/50 - Loss: 0.3885 - Val F1: 0.2991 - Val ROC-AUC: 0.7085 - Val PR-AUC: 0.3427
[Fine-tune] Epoch 39/50 - Loss: 0.3870 - Val F1: 0.3000 - Val ROC-AUC: 0.7225 - Val PR-AUC: 0.3305
[Fine-tune] Epoch 40/50 - Loss: 0.3902 - Val F1: 0.2828 - Val ROC-AUC: 0.7101 - Val PR-AUC: 0.3433
[Fine-tune] Epoch 41/50 - Loss: 0.3834 - Val F1: 0.2667 - Val ROC-AUC: 0.7027 - Val PR-AUC: 0.3329
[Fine-tune] Epoch 42/50 - Loss: 0.3822 - Val F1: 0.2745 - Val ROC-AUC: 0.7042 - Val PR-AUC: 0.3334
[Fine-tune] Epoch 43/50 - Loss: 0.3920 - Val F1: 0.2936 - Val ROC-AUC: 0.7126 - Val PR-AUC: 0.3417
[Fine-tune] Epoch 44/50 - Loss: 0.3871 - Val F1: 0.2804 - Val ROC-AUC: 0.7183 - Val PR-AUC: 0.3475
[Fine-tune] Epoch 45/50 - Loss: 0.3887 - Val F1: 0.2400 - Val ROC-AUC: 0.7029 - Val PR-AUC: 0.3426
[Fine-tune] Epoch 46/50 - Loss: 0.3940 - Val F1: 0.2500 - Val ROC-AUC: 0.6992 - Val PR-AUC: 0.3400
[Fine-tune] Epoch 47/50 - Loss: 0.3891 - Val F1: 0.2913 - Val ROC-AUC: 0.7106 - Val PR-AUC: 0.3437
[Fine-tune] Epoch 48/50 - Loss: 0.3823 - Val F1: 0.3158 - Val ROC-AUC: 0.7059 - Val PR-AUC: 0.3508
[Fine-tune] Epoch 49/50 - Loss: 0.3883 - Val F1: 0.2883 - Val ROC-AUC: 0.7122 - Val PR-AUC: 0.3515
[Fine-tune] Epoch 50/50 - Loss: 0.3875 - Val F1: 0.2385 - Val ROC-AUC: 0.6992 - Val PR-AUC: 0.3198
Finetuning completed. Test F1: 0.2785, ROC-AUC: 0.6942, PR-AUC: 0.2302
[3.1/4] Target-only training on ACEA_ER_80hr using GCN_GAT...
=== Target-only training ===
[Target-only] Epoch 1/50 – Loss: 0.6755  Val F1: 0.2113  ROC-AUC: 0.5929  PR-AUC: 0.1855
[Target-only] Epoch 2/50 – Loss: 0.6295  Val F1: 0.2500  ROC-AUC: 0.6363  PR-AUC: 0.2300
[Target-only] Epoch 3/50 – Loss: 0.6187  Val F1: 0.2094  ROC-AUC: 0.6575  PR-AUC: 0.2411
[Target-only] Epoch 4/50 – Loss: 0.6101  Val F1: 0.2331  ROC-AUC: 0.6718  PR-AUC: 0.3061
[Target-only] Epoch 5/50 – Loss: 0.5780  Val F1: 0.2308  ROC-AUC: 0.6081  PR-AUC: 0.1999
[Target-only] Epoch 6/50 – Loss: 0.5786  Val F1: 0.2449  ROC-AUC: 0.6853  PR-AUC: 0.2982
[Target-only] Epoch 7/50 – Loss: 0.5696  Val F1: 0.2424  ROC-AUC: 0.5851  PR-AUC: 0.2238
[Target-only] Epoch 8/50 – Loss: 0.5755  Val F1: 0.2657  ROC-AUC: 0.6810  PR-AUC: 0.2668
[Target-only] Epoch 9/50 – Loss: 0.5570  Val F1: 0.2065  ROC-AUC: 0.6921  PR-AUC: 0.2619
[Target-only] Epoch 10/50 – Loss: 0.5710  Val F1: 0.2449  ROC-AUC: 0.7019  PR-AUC: 0.2901
[Target-only] Epoch 11/50 – Loss: 0.5499  Val F1: 0.2649  ROC-AUC: 0.6730  PR-AUC: 0.2762
[Target-only] Epoch 12/50 – Loss: 0.5176  Val F1: 0.2581  ROC-AUC: 0.6712  PR-AUC: 0.3071
[Target-only] Epoch 13/50 – Loss: 0.5266  Val F1: 0.2714  ROC-AUC: 0.6887  PR-AUC: 0.3156
[Target-only] Epoch 14/50 – Loss: 0.5192  Val F1: 0.2585  ROC-AUC: 0.7148  PR-AUC: 0.3845
[Target-only] Epoch 15/50 – Loss: 0.5140  Val F1: 0.2240  ROC-AUC: 0.6586  PR-AUC: 0.3069
[Target-only] Epoch 16/50 – Loss: 0.4967  Val F1: 0.2540  ROC-AUC: 0.6720  PR-AUC: 0.3135
[Target-only] Epoch 17/50 – Loss: 0.5098  Val F1: 0.2982  ROC-AUC: 0.6906  PR-AUC: 0.2862
[Target-only] Epoch 18/50 – Loss: 0.5151  Val F1: 0.2435  ROC-AUC: 0.6725  PR-AUC: 0.2641
[Target-only] Epoch 19/50 – Loss: 0.5049  Val F1: 0.2992  ROC-AUC: 0.7075  PR-AUC: 0.3532
[Target-only] Epoch 20/50 – Loss: 0.4920  Val F1: 0.2247  ROC-AUC: 0.6947  PR-AUC: 0.3779
[Target-only] Epoch 21/50 – Loss: 0.4801  Val F1: 0.2406  ROC-AUC: 0.6910  PR-AUC: 0.3440
[Target-only] Epoch 22/50 – Loss: 0.4824  Val F1: 0.3065  ROC-AUC: 0.7052  PR-AUC: 0.3146
[Target-only] Epoch 23/50 – Loss: 0.4703  Val F1: 0.2857  ROC-AUC: 0.6915  PR-AUC: 0.3188
[Target-only] Epoch 24/50 – Loss: 0.4587  Val F1: 0.2628  ROC-AUC: 0.6862  PR-AUC: 0.3485
[Target-only] Epoch 25/50 – Loss: 0.4675  Val F1: 0.2667  ROC-AUC: 0.6903  PR-AUC: 0.3100
[Target-only] Epoch 26/50 – Loss: 0.4668  Val F1: 0.2778  ROC-AUC: 0.6826  PR-AUC: 0.2876
[Target-only] Epoch 27/50 – Loss: 0.4505  Val F1: 0.2542  ROC-AUC: 0.6925  PR-AUC: 0.3237
[Target-only] Epoch 28/50 – Loss: 0.4716  Val F1: 0.3333  ROC-AUC: 0.7091  PR-AUC: 0.3437
[Target-only] Epoch 29/50 – Loss: 0.4473  Val F1: 0.2590  ROC-AUC: 0.6931  PR-AUC: 0.3193
[Target-only] Epoch 30/50 – Loss: 0.4550  Val F1: 0.2941  ROC-AUC: 0.6971  PR-AUC: 0.3043
[Target-only] Epoch 31/50 – Loss: 0.4545  Val F1: 0.2667  ROC-AUC: 0.6840  PR-AUC: 0.2778
[Target-only] Epoch 32/50 – Loss: 0.4439  Val F1: 0.2931  ROC-AUC: 0.6964  PR-AUC: 0.2981
[Target-only] Epoch 33/50 – Loss: 0.4328  Val F1: 0.2969  ROC-AUC: 0.7010  PR-AUC: 0.3369
[Target-only] Epoch 34/50 – Loss: 0.4422  Val F1: 0.2632  ROC-AUC: 0.6920  PR-AUC: 0.2721
[Target-only] Epoch 35/50 – Loss: 0.4279  Val F1: 0.3478  ROC-AUC: 0.7102  PR-AUC: 0.3295
[Target-only] Epoch 36/50 – Loss: 0.4411  Val F1: 0.2714  ROC-AUC: 0.6967  PR-AUC: 0.2824
[Target-only] Epoch 37/50 – Loss: 0.4282  Val F1: 0.2824  ROC-AUC: 0.6795  PR-AUC: 0.2645
[Target-only] Epoch 38/50 – Loss: 0.4462  Val F1: 0.3119  ROC-AUC: 0.7005  PR-AUC: 0.2868
[Target-only] Epoch 39/50 – Loss: 0.4361  Val F1: 0.3441  ROC-AUC: 0.7185  PR-AUC: 0.3586
[Target-only] Epoch 40/50 – Loss: 0.4354  Val F1: 0.2759  ROC-AUC: 0.6937  PR-AUC: 0.2764
[Target-only] Epoch 41/50 – Loss: 0.4326  Val F1: 0.2833  ROC-AUC: 0.7060  PR-AUC: 0.2759
[Target-only] Epoch 42/50 – Loss: 0.4255  Val F1: 0.2828  ROC-AUC: 0.6971  PR-AUC: 0.2795
[Target-only] Epoch 43/50 – Loss: 0.4240  Val F1: 0.3077  ROC-AUC: 0.7020  PR-AUC: 0.2820
[Target-only] Epoch 44/50 – Loss: 0.4124  Val F1: 0.3148  ROC-AUC: 0.7137  PR-AUC: 0.3329
[Target-only] Epoch 45/50 – Loss: 0.4293  Val F1: 0.3265  ROC-AUC: 0.7161  PR-AUC: 0.3347
[Target-only] Epoch 46/50 – Loss: 0.4269  Val F1: 0.3063  ROC-AUC: 0.7145  PR-AUC: 0.3345
[Target-only] Epoch 47/50 – Loss: 0.4357  Val F1: 0.3061  ROC-AUC: 0.7119  PR-AUC: 0.3272
[Target-only] Epoch 48/50 – Loss: 0.4290  Val F1: 0.3148  ROC-AUC: 0.7122  PR-AUC: 0.3665
[Target-only] Epoch 49/50 – Loss: 0.4274  Val F1: 0.2931  ROC-AUC: 0.7073  PR-AUC: 0.3307
[Target-only] Epoch 50/50 – Loss: 0.4127  Val F1: 0.2857  ROC-AUC: 0.7131  PR-AUC: 0.3486
=== Target-only TEST performance ===
Test F1: 0.3146, ROC-AUC: 0.7197, PR-AUC: 0.2705
✅ 실험 완료: TOX21_ERa_LUC_VM7_Agonist -> ACEA_ER_80hr [GCN_GAT]
