[2/4] Pretraining on TOX21_ERa_LUC_VM7_Agonist_10nM_ICI182780_viability using GIN_GAT...
  * Pretrained model already exists at model_save/pretrained/gin_gat/Pretrained_TOX21_ERa_LUC_VM7_Agonist_10nM_ICI182780_viability_gin_gat.pth, loading...
[3/4] Finetuning on OT_ER_ERbERb_1440 using GIN_GAT...
[Fine-tune] Epoch 1/50 - Loss: 0.8067 - Val F1: 0.3188 - Val ROC-AUC: 0.6948 - Val PR-AUC: 0.3639
[Fine-tune] Epoch 2/50 - Loss: 0.5025 - Val F1: 0.3377 - Val ROC-AUC: 0.7029 - Val PR-AUC: 0.3975
[Fine-tune] Epoch 3/50 - Loss: 0.4762 - Val F1: 0.3380 - Val ROC-AUC: 0.7120 - Val PR-AUC: 0.4738
[Fine-tune] Epoch 4/50 - Loss: 0.4222 - Val F1: 0.2857 - Val ROC-AUC: 0.6693 - Val PR-AUC: 0.3800
[Fine-tune] Epoch 5/50 - Loss: 0.4217 - Val F1: 0.3380 - Val ROC-AUC: 0.7059 - Val PR-AUC: 0.4379
[Fine-tune] Epoch 6/50 - Loss: 0.3731 - Val F1: 0.3284 - Val ROC-AUC: 0.6777 - Val PR-AUC: 0.3595
[Fine-tune] Epoch 7/50 - Loss: 0.3858 - Val F1: 0.3077 - Val ROC-AUC: 0.6882 - Val PR-AUC: 0.2550
[Fine-tune] Epoch 8/50 - Loss: 0.3689 - Val F1: 0.3200 - Val ROC-AUC: 0.6915 - Val PR-AUC: 0.4227
[Fine-tune] Epoch 9/50 - Loss: 0.3285 - Val F1: 0.3729 - Val ROC-AUC: 0.6627 - Val PR-AUC: 0.3975
[Fine-tune] Epoch 10/50 - Loss: 0.2937 - Val F1: 0.3636 - Val ROC-AUC: 0.6940 - Val PR-AUC: 0.3725
[Fine-tune] Epoch 11/50 - Loss: 0.2753 - Val F1: 0.3667 - Val ROC-AUC: 0.7045 - Val PR-AUC: 0.4745
[Fine-tune] Epoch 12/50 - Loss: 0.2148 - Val F1: 0.3492 - Val ROC-AUC: 0.7078 - Val PR-AUC: 0.4705
[Fine-tune] Epoch 13/50 - Loss: 0.2278 - Val F1: 0.4068 - Val ROC-AUC: 0.7281 - Val PR-AUC: 0.4409
[Fine-tune] Epoch 14/50 - Loss: 0.2378 - Val F1: 0.3729 - Val ROC-AUC: 0.7245 - Val PR-AUC: 0.4802
[Fine-tune] Epoch 15/50 - Loss: 0.2333 - Val F1: 0.3768 - Val ROC-AUC: 0.7305 - Val PR-AUC: 0.4805
[Fine-tune] Epoch 16/50 - Loss: 0.2007 - Val F1: 0.4444 - Val ROC-AUC: 0.7031 - Val PR-AUC: 0.4584
[Fine-tune] Epoch 17/50 - Loss: 0.2150 - Val F1: 0.3529 - Val ROC-AUC: 0.7062 - Val PR-AUC: 0.4770
[Fine-tune] Epoch 18/50 - Loss: 0.1950 - Val F1: 0.3939 - Val ROC-AUC: 0.7153 - Val PR-AUC: 0.3982
[Fine-tune] Epoch 19/50 - Loss: 0.1995 - Val F1: 0.3881 - Val ROC-AUC: 0.7084 - Val PR-AUC: 0.4379
[Fine-tune] Epoch 20/50 - Loss: 0.2243 - Val F1: 0.3934 - Val ROC-AUC: 0.6990 - Val PR-AUC: 0.4054
[Fine-tune] Epoch 21/50 - Loss: 0.1835 - Val F1: 0.3729 - Val ROC-AUC: 0.6898 - Val PR-AUC: 0.4483
[Fine-tune] Epoch 22/50 - Loss: 0.1574 - Val F1: 0.3529 - Val ROC-AUC: 0.6957 - Val PR-AUC: 0.4224
[Fine-tune] Epoch 23/50 - Loss: 0.1319 - Val F1: 0.3860 - Val ROC-AUC: 0.7031 - Val PR-AUC: 0.4552
[Fine-tune] Epoch 24/50 - Loss: 0.1313 - Val F1: 0.4681 - Val ROC-AUC: 0.7037 - Val PR-AUC: 0.4095
[Fine-tune] Epoch 25/50 - Loss: 0.1444 - Val F1: 0.3922 - Val ROC-AUC: 0.6876 - Val PR-AUC: 0.4226
[Fine-tune] Epoch 26/50 - Loss: 0.1386 - Val F1: 0.4000 - Val ROC-AUC: 0.7056 - Val PR-AUC: 0.4352
[Fine-tune] Epoch 27/50 - Loss: 0.1321 - Val F1: 0.4231 - Val ROC-AUC: 0.6873 - Val PR-AUC: 0.4137
[Fine-tune] Epoch 28/50 - Loss: 0.1203 - Val F1: 0.3548 - Val ROC-AUC: 0.7009 - Val PR-AUC: 0.4558
[Fine-tune] Epoch 29/50 - Loss: 0.1269 - Val F1: 0.3922 - Val ROC-AUC: 0.6873 - Val PR-AUC: 0.4468
[Fine-tune] Epoch 30/50 - Loss: 0.1290 - Val F1: 0.3607 - Val ROC-AUC: 0.7078 - Val PR-AUC: 0.4166
[Fine-tune] Epoch 31/50 - Loss: 0.1228 - Val F1: 0.4082 - Val ROC-AUC: 0.6995 - Val PR-AUC: 0.4330
[Fine-tune] Epoch 32/50 - Loss: 0.0963 - Val F1: 0.4151 - Val ROC-AUC: 0.7037 - Val PR-AUC: 0.4682
[Fine-tune] Epoch 33/50 - Loss: 0.1289 - Val F1: 0.4074 - Val ROC-AUC: 0.7004 - Val PR-AUC: 0.4429
[Fine-tune] Epoch 34/50 - Loss: 0.1251 - Val F1: 0.4400 - Val ROC-AUC: 0.6860 - Val PR-AUC: 0.4246
[Fine-tune] Epoch 35/50 - Loss: 0.1023 - Val F1: 0.4314 - Val ROC-AUC: 0.6948 - Val PR-AUC: 0.4241
[Fine-tune] Epoch 36/50 - Loss: 0.1035 - Val F1: 0.4151 - Val ROC-AUC: 0.6984 - Val PR-AUC: 0.4295
[Fine-tune] Epoch 37/50 - Loss: 0.0999 - Val F1: 0.3667 - Val ROC-AUC: 0.7017 - Val PR-AUC: 0.4034
[Fine-tune] Epoch 38/50 - Loss: 0.0986 - Val F1: 0.3793 - Val ROC-AUC: 0.7059 - Val PR-AUC: 0.4019
[Fine-tune] Epoch 39/50 - Loss: 0.0979 - Val F1: 0.4151 - Val ROC-AUC: 0.6937 - Val PR-AUC: 0.4332
[Fine-tune] Epoch 40/50 - Loss: 0.1169 - Val F1: 0.4167 - Val ROC-AUC: 0.6873 - Val PR-AUC: 0.4097
[Fine-tune] Epoch 41/50 - Loss: 0.1077 - Val F1: 0.4400 - Val ROC-AUC: 0.6995 - Val PR-AUC: 0.4164
[Fine-tune] Epoch 42/50 - Loss: 0.0943 - Val F1: 0.4255 - Val ROC-AUC: 0.6979 - Val PR-AUC: 0.4122
[Fine-tune] Epoch 43/50 - Loss: 0.0877 - Val F1: 0.4314 - Val ROC-AUC: 0.6957 - Val PR-AUC: 0.4162
[Fine-tune] Epoch 44/50 - Loss: 0.0912 - Val F1: 0.4074 - Val ROC-AUC: 0.6973 - Val PR-AUC: 0.4393
[Fine-tune] Epoch 45/50 - Loss: 0.0935 - Val F1: 0.4490 - Val ROC-AUC: 0.6943 - Val PR-AUC: 0.4283
[Fine-tune] Epoch 46/50 - Loss: 0.0892 - Val F1: 0.4231 - Val ROC-AUC: 0.6912 - Val PR-AUC: 0.4143
[Fine-tune] Epoch 47/50 - Loss: 0.0769 - Val F1: 0.4074 - Val ROC-AUC: 0.6987 - Val PR-AUC: 0.4509
[Fine-tune] Epoch 48/50 - Loss: 0.1069 - Val F1: 0.4400 - Val ROC-AUC: 0.7004 - Val PR-AUC: 0.4491
[Fine-tune] Epoch 49/50 - Loss: 0.0809 - Val F1: 0.4151 - Val ROC-AUC: 0.6993 - Val PR-AUC: 0.4354
[Fine-tune] Epoch 50/50 - Loss: 0.0810 - Val F1: 0.4000 - Val ROC-AUC: 0.6882 - Val PR-AUC: 0.4338
Finetuning completed. Test F1: 0.2979, ROC-AUC: 0.6461, PR-AUC: 0.2921
[3.1/4] Target-only training on OT_ER_ERbERb_1440 using GIN_GAT...
  * Target-only 모델 이미 존재: model_save/targetonly/gin_gat/TargetOnly_OT_ER_ERbERb_1440_gin_gat.pth
  * Target-only 생략, 저장된 모델로 평가만 진행
=== Target-only TEST performance ===
Test F1: 0.4000, ROC-AUC: 0.6763, PR-AUC: 0.2740
✅ 실험 완료: TOX21_ERa_LUC_VM7_Agonist_10nM_ICI182780_viability -> OT_ER_ERbERb_1440 [GIN_GAT]
