[2/4] Pretraining on TOX21_ERR_LUC_viability using GCN_GAT...
  * Pretrained model already exists at model_save/pretrained/gcn_gat/Pretrained_TOX21_ERR_LUC_viability_gcn_gat.pth, loading...
[3/4] Finetuning on OT_ER_ERaERa_1440 using GCN_GAT...
[Fine-tune] Epoch 1/50 - Loss: 0.6561 - Val F1: 0.2000 - Val ROC-AUC: 0.5877 - Val PR-AUC: 0.2411
[Fine-tune] Epoch 2/50 - Loss: 0.4689 - Val F1: 0.1978 - Val ROC-AUC: 0.6212 - Val PR-AUC: 0.2787
[Fine-tune] Epoch 3/50 - Loss: 0.4478 - Val F1: 0.1975 - Val ROC-AUC: 0.6246 - Val PR-AUC: 0.3144
[Fine-tune] Epoch 4/50 - Loss: 0.4366 - Val F1: 0.2540 - Val ROC-AUC: 0.6254 - Val PR-AUC: 0.3297
[Fine-tune] Epoch 5/50 - Loss: 0.4258 - Val F1: 0.2651 - Val ROC-AUC: 0.6845 - Val PR-AUC: 0.3213
[Fine-tune] Epoch 6/50 - Loss: 0.4146 - Val F1: 0.2727 - Val ROC-AUC: 0.6494 - Val PR-AUC: 0.3352
[Fine-tune] Epoch 7/50 - Loss: 0.3861 - Val F1: 0.3158 - Val ROC-AUC: 0.6357 - Val PR-AUC: 0.2609
[Fine-tune] Epoch 8/50 - Loss: 0.4006 - Val F1: 0.3333 - Val ROC-AUC: 0.6612 - Val PR-AUC: 0.2565
[Fine-tune] Epoch 9/50 - Loss: 0.3740 - Val F1: 0.3333 - Val ROC-AUC: 0.6204 - Val PR-AUC: 0.2655
[Fine-tune] Epoch 10/50 - Loss: 0.3577 - Val F1: 0.2143 - Val ROC-AUC: 0.6079 - Val PR-AUC: 0.2023
[Fine-tune] Epoch 11/50 - Loss: 0.3415 - Val F1: 0.2400 - Val ROC-AUC: 0.6109 - Val PR-AUC: 0.2938
[Fine-tune] Epoch 12/50 - Loss: 0.3125 - Val F1: 0.3019 - Val ROC-AUC: 0.6764 - Val PR-AUC: 0.2833
[Fine-tune] Epoch 13/50 - Loss: 0.3174 - Val F1: 0.3051 - Val ROC-AUC: 0.6433 - Val PR-AUC: 0.3008
[Fine-tune] Epoch 14/50 - Loss: 0.3143 - Val F1: 0.2979 - Val ROC-AUC: 0.6559 - Val PR-AUC: 0.2486
[Fine-tune] Epoch 15/50 - Loss: 0.3208 - Val F1: 0.2593 - Val ROC-AUC: 0.6033 - Val PR-AUC: 0.2649
[Fine-tune] Epoch 16/50 - Loss: 0.2945 - Val F1: 0.2571 - Val ROC-AUC: 0.6246 - Val PR-AUC: 0.1914
[Fine-tune] Epoch 17/50 - Loss: 0.3136 - Val F1: 0.2623 - Val ROC-AUC: 0.6319 - Val PR-AUC: 0.2054
[Fine-tune] Epoch 18/50 - Loss: 0.3005 - Val F1: 0.2692 - Val ROC-AUC: 0.6170 - Val PR-AUC: 0.2941
[Fine-tune] Epoch 19/50 - Loss: 0.2921 - Val F1: 0.2500 - Val ROC-AUC: 0.6117 - Val PR-AUC: 0.2749
[Fine-tune] Epoch 20/50 - Loss: 0.3026 - Val F1: 0.2791 - Val ROC-AUC: 0.6460 - Val PR-AUC: 0.3271
[Fine-tune] Epoch 21/50 - Loss: 0.2698 - Val F1: 0.2500 - Val ROC-AUC: 0.6208 - Val PR-AUC: 0.2792
[Fine-tune] Epoch 22/50 - Loss: 0.2761 - Val F1: 0.2917 - Val ROC-AUC: 0.6117 - Val PR-AUC: 0.2881
[Fine-tune] Epoch 23/50 - Loss: 0.2967 - Val F1: 0.2593 - Val ROC-AUC: 0.6040 - Val PR-AUC: 0.2892
[Fine-tune] Epoch 24/50 - Loss: 0.2768 - Val F1: 0.2745 - Val ROC-AUC: 0.6345 - Val PR-AUC: 0.2678
[Fine-tune] Epoch 25/50 - Loss: 0.2761 - Val F1: 0.2353 - Val ROC-AUC: 0.5873 - Val PR-AUC: 0.2251
[Fine-tune] Epoch 26/50 - Loss: 0.2701 - Val F1: 0.2692 - Val ROC-AUC: 0.6067 - Val PR-AUC: 0.2618
[Fine-tune] Epoch 27/50 - Loss: 0.2715 - Val F1: 0.2553 - Val ROC-AUC: 0.6090 - Val PR-AUC: 0.2336
[Fine-tune] Epoch 28/50 - Loss: 0.2530 - Val F1: 0.2593 - Val ROC-AUC: 0.6109 - Val PR-AUC: 0.2251
[Fine-tune] Epoch 29/50 - Loss: 0.2626 - Val F1: 0.3043 - Val ROC-AUC: 0.6319 - Val PR-AUC: 0.2932
[Fine-tune] Epoch 30/50 - Loss: 0.2668 - Val F1: 0.2807 - Val ROC-AUC: 0.6338 - Val PR-AUC: 0.2875
[Fine-tune] Epoch 31/50 - Loss: 0.2406 - Val F1: 0.3265 - Val ROC-AUC: 0.6250 - Val PR-AUC: 0.2683
[Fine-tune] Epoch 32/50 - Loss: 0.2355 - Val F1: 0.2449 - Val ROC-AUC: 0.6288 - Val PR-AUC: 0.2839
[Fine-tune] Epoch 33/50 - Loss: 0.2404 - Val F1: 0.3019 - Val ROC-AUC: 0.6330 - Val PR-AUC: 0.2705
[Fine-tune] Epoch 34/50 - Loss: 0.2642 - Val F1: 0.2500 - Val ROC-AUC: 0.6159 - Val PR-AUC: 0.2564
[Fine-tune] Epoch 35/50 - Loss: 0.2467 - Val F1: 0.2500 - Val ROC-AUC: 0.6120 - Val PR-AUC: 0.2227
[Fine-tune] Epoch 36/50 - Loss: 0.2657 - Val F1: 0.2667 - Val ROC-AUC: 0.6246 - Val PR-AUC: 0.2699
[Fine-tune] Epoch 37/50 - Loss: 0.2374 - Val F1: 0.2745 - Val ROC-AUC: 0.6143 - Val PR-AUC: 0.2535
[Fine-tune] Epoch 38/50 - Loss: 0.2182 - Val F1: 0.2800 - Val ROC-AUC: 0.6227 - Val PR-AUC: 0.2711
[Fine-tune] Epoch 39/50 - Loss: 0.2333 - Val F1: 0.3137 - Val ROC-AUC: 0.6185 - Val PR-AUC: 0.2712
[Fine-tune] Epoch 40/50 - Loss: 0.2456 - Val F1: 0.2979 - Val ROC-AUC: 0.6212 - Val PR-AUC: 0.2273
[Fine-tune] Epoch 41/50 - Loss: 0.2203 - Val F1: 0.3043 - Val ROC-AUC: 0.6128 - Val PR-AUC: 0.2178
[Fine-tune] Epoch 42/50 - Loss: 0.2161 - Val F1: 0.3043 - Val ROC-AUC: 0.6021 - Val PR-AUC: 0.2223
[Fine-tune] Epoch 43/50 - Loss: 0.2299 - Val F1: 0.2609 - Val ROC-AUC: 0.6254 - Val PR-AUC: 0.2641
[Fine-tune] Epoch 44/50 - Loss: 0.2338 - Val F1: 0.2917 - Val ROC-AUC: 0.6071 - Val PR-AUC: 0.2295
[Fine-tune] Epoch 45/50 - Loss: 0.2376 - Val F1: 0.2791 - Val ROC-AUC: 0.6117 - Val PR-AUC: 0.2463
[Fine-tune] Epoch 46/50 - Loss: 0.2187 - Val F1: 0.2917 - Val ROC-AUC: 0.6006 - Val PR-AUC: 0.2488
[Fine-tune] Epoch 47/50 - Loss: 0.2386 - Val F1: 0.2800 - Val ROC-AUC: 0.6079 - Val PR-AUC: 0.2389
[Fine-tune] Epoch 48/50 - Loss: 0.2518 - Val F1: 0.3265 - Val ROC-AUC: 0.6178 - Val PR-AUC: 0.2572
[Fine-tune] Epoch 49/50 - Loss: 0.2306 - Val F1: 0.2917 - Val ROC-AUC: 0.6075 - Val PR-AUC: 0.2591
[Fine-tune] Epoch 50/50 - Loss: 0.2472 - Val F1: 0.3111 - Val ROC-AUC: 0.6021 - Val PR-AUC: 0.2401
Finetuning completed. Test F1: 0.3265, ROC-AUC: 0.7749, PR-AUC: 0.2091
[3.1/4] Target-only training on OT_ER_ERaERa_1440 using GCN_GAT...
  * Target-only 모델 이미 존재: model_save/targetonly/gcn_gat/TargetOnly_OT_ER_ERaERa_1440_gcn_gat.pth
  * Target-only 생략, 저장된 모델로 평가만 진행
=== Target-only TEST performance ===
Test F1: 0.2667, ROC-AUC: 0.7826, PR-AUC: 0.2594
✅ 실험 완료: TOX21_ERR_LUC_viability -> OT_ER_ERaERa_1440 [GCN_GAT]
