[1/4] Excel → CSV 변환 중...
Saved pretrain CSV for TOX21_ERa_LUC_VM7_Agonist: data/sample/TOX21_ERa_LUC_VM7_Agonist.csv
Saved pretrain CSV for TOX21_ERb_BLA_Agonist_viability: data/sample/TOX21_ERb_BLA_Agonist_viability.csv
Saved pretrain CSV for TOX21_ERa_LUC_VM7_Agonist_10nM_ICI182780_viability: data/sample/TOX21_ERa_LUC_VM7_Agonist_10nM_ICI182780_viability.csv
Saved pretrain CSV for TOX21_ERR_LUC_viability: data/sample/TOX21_ERR_LUC_viability.csv
Saved finetune CSV for ATG_ERE_CIS: data/sample/ATG_ERE_CIS.csv
Saved finetune CSV for ATG_ERa_TRANS: data/sample/ATG_ERa_TRANS.csv
Saved finetune CSV for ACEA_ER_80hr: data/sample/ACEA_ER_80hr.csv
Saved finetune CSV for OT_ER_ERaERa_1440: data/sample/OT_ER_ERaERa_1440.csv
Saved finetune CSV for OT_ER_ERaERb_1440: data/sample/OT_ER_ERaERb_1440.csv
Saved finetune CSV for OT_ER_ERbERb_1440: data/sample/OT_ER_ERbERb_1440.csv
Saved finetune CSV for NVS_NR_hER: data/sample/NVS_NR_hER.csv
[2/4] Pretraining on TOX21_ERa_LUC_VM7_Agonist using GCN_GAT...
  * Pretrained model already exists at model_save/pretrained/gcn_gat/Pretrained_TOX21_ERa_LUC_VM7_Agonist_gcn_gat.pth, loading...
[3/4] Finetuning on OT_ER_ERaERb_1440 using GCN_GAT...
[Fine-tune] Epoch 1/50 - Loss: 0.6256 - Val F1: 0.3030 - Val ROC-AUC: 0.6638 - Val PR-AUC: 0.4194
[Fine-tune] Epoch 2/50 - Loss: 0.5827 - Val F1: 0.4348 - Val ROC-AUC: 0.7385 - Val PR-AUC: 0.4262
[Fine-tune] Epoch 3/50 - Loss: 0.5286 - Val F1: 0.3714 - Val ROC-AUC: 0.6992 - Val PR-AUC: 0.4114
[Fine-tune] Epoch 4/50 - Loss: 0.5170 - Val F1: 0.4074 - Val ROC-AUC: 0.6967 - Val PR-AUC: 0.4085
[Fine-tune] Epoch 5/50 - Loss: 0.4980 - Val F1: 0.4000 - Val ROC-AUC: 0.7411 - Val PR-AUC: 0.4297
[Fine-tune] Epoch 6/50 - Loss: 0.4881 - Val F1: 0.3711 - Val ROC-AUC: 0.7340 - Val PR-AUC: 0.4522
[Fine-tune] Epoch 7/50 - Loss: 0.4974 - Val F1: 0.4138 - Val ROC-AUC: 0.7441 - Val PR-AUC: 0.4468
[Fine-tune] Epoch 8/50 - Loss: 0.4830 - Val F1: 0.4364 - Val ROC-AUC: 0.7192 - Val PR-AUC: 0.4305
[Fine-tune] Epoch 9/50 - Loss: 0.5098 - Val F1: 0.3559 - Val ROC-AUC: 0.7197 - Val PR-AUC: 0.4111
[Fine-tune] Epoch 10/50 - Loss: 0.4719 - Val F1: 0.4242 - Val ROC-AUC: 0.7411 - Val PR-AUC: 0.4230
[Fine-tune] Epoch 11/50 - Loss: 0.4622 - Val F1: 0.3824 - Val ROC-AUC: 0.7164 - Val PR-AUC: 0.4035
[Fine-tune] Epoch 12/50 - Loss: 0.4620 - Val F1: 0.4250 - Val ROC-AUC: 0.7521 - Val PR-AUC: 0.4281
[Fine-tune] Epoch 13/50 - Loss: 0.4514 - Val F1: 0.4250 - Val ROC-AUC: 0.7401 - Val PR-AUC: 0.4443
[Fine-tune] Epoch 14/50 - Loss: 0.4339 - Val F1: 0.4000 - Val ROC-AUC: 0.7312 - Val PR-AUC: 0.4376
[Fine-tune] Epoch 15/50 - Loss: 0.4570 - Val F1: 0.3934 - Val ROC-AUC: 0.7242 - Val PR-AUC: 0.3906
[Fine-tune] Epoch 16/50 - Loss: 0.4413 - Val F1: 0.3830 - Val ROC-AUC: 0.7016 - Val PR-AUC: 0.4083
[Fine-tune] Epoch 17/50 - Loss: 0.4672 - Val F1: 0.3855 - Val ROC-AUC: 0.6906 - Val PR-AUC: 0.3715
[Fine-tune] Epoch 18/50 - Loss: 0.4452 - Val F1: 0.4590 - Val ROC-AUC: 0.7502 - Val PR-AUC: 0.4023
[Fine-tune] Epoch 19/50 - Loss: 0.4242 - Val F1: 0.3333 - Val ROC-AUC: 0.7091 - Val PR-AUC: 0.4203
[Fine-tune] Epoch 20/50 - Loss: 0.4376 - Val F1: 0.4444 - Val ROC-AUC: 0.7383 - Val PR-AUC: 0.4165
[Fine-tune] Epoch 21/50 - Loss: 0.4051 - Val F1: 0.4167 - Val ROC-AUC: 0.7432 - Val PR-AUC: 0.4246
[Fine-tune] Epoch 22/50 - Loss: 0.4126 - Val F1: 0.4198 - Val ROC-AUC: 0.7444 - Val PR-AUC: 0.4360
[Fine-tune] Epoch 23/50 - Loss: 0.3985 - Val F1: 0.3714 - Val ROC-AUC: 0.7263 - Val PR-AUC: 0.3792
[Fine-tune] Epoch 24/50 - Loss: 0.4199 - Val F1: 0.3889 - Val ROC-AUC: 0.7141 - Val PR-AUC: 0.3986
[Fine-tune] Epoch 25/50 - Loss: 0.4349 - Val F1: 0.3896 - Val ROC-AUC: 0.7171 - Val PR-AUC: 0.3865
[Fine-tune] Epoch 26/50 - Loss: 0.4064 - Val F1: 0.4308 - Val ROC-AUC: 0.7474 - Val PR-AUC: 0.3892
[Fine-tune] Epoch 27/50 - Loss: 0.4258 - Val F1: 0.4225 - Val ROC-AUC: 0.7547 - Val PR-AUC: 0.4028
[Fine-tune] Epoch 28/50 - Loss: 0.4403 - Val F1: 0.4146 - Val ROC-AUC: 0.7354 - Val PR-AUC: 0.4014
[Fine-tune] Epoch 29/50 - Loss: 0.3965 - Val F1: 0.4267 - Val ROC-AUC: 0.7488 - Val PR-AUC: 0.4477
[Fine-tune] Epoch 30/50 - Loss: 0.3940 - Val F1: 0.4333 - Val ROC-AUC: 0.7312 - Val PR-AUC: 0.4022
[Fine-tune] Epoch 31/50 - Loss: 0.3846 - Val F1: 0.4000 - Val ROC-AUC: 0.7425 - Val PR-AUC: 0.4221
[Fine-tune] Epoch 32/50 - Loss: 0.4019 - Val F1: 0.3902 - Val ROC-AUC: 0.7392 - Val PR-AUC: 0.4078
[Fine-tune] Epoch 33/50 - Loss: 0.3787 - Val F1: 0.4638 - Val ROC-AUC: 0.7559 - Val PR-AUC: 0.4294
[Fine-tune] Epoch 34/50 - Loss: 0.4098 - Val F1: 0.4211 - Val ROC-AUC: 0.7371 - Val PR-AUC: 0.4135
[Fine-tune] Epoch 35/50 - Loss: 0.3880 - Val F1: 0.4000 - Val ROC-AUC: 0.7216 - Val PR-AUC: 0.4012
[Fine-tune] Epoch 36/50 - Loss: 0.3732 - Val F1: 0.4286 - Val ROC-AUC: 0.7242 - Val PR-AUC: 0.4143
[Fine-tune] Epoch 37/50 - Loss: 0.3827 - Val F1: 0.4146 - Val ROC-AUC: 0.7392 - Val PR-AUC: 0.4159
[Fine-tune] Epoch 38/50 - Loss: 0.3809 - Val F1: 0.3951 - Val ROC-AUC: 0.7317 - Val PR-AUC: 0.4127
[Fine-tune] Epoch 39/50 - Loss: 0.3956 - Val F1: 0.3810 - Val ROC-AUC: 0.7556 - Val PR-AUC: 0.4246
[Fine-tune] Epoch 40/50 - Loss: 0.3783 - Val F1: 0.4375 - Val ROC-AUC: 0.7425 - Val PR-AUC: 0.4158
[Fine-tune] Epoch 41/50 - Loss: 0.3742 - Val F1: 0.3692 - Val ROC-AUC: 0.7383 - Val PR-AUC: 0.4203
[Fine-tune] Epoch 42/50 - Loss: 0.3762 - Val F1: 0.4211 - Val ROC-AUC: 0.7484 - Val PR-AUC: 0.4252
[Fine-tune] Epoch 43/50 - Loss: 0.3612 - Val F1: 0.4308 - Val ROC-AUC: 0.7481 - Val PR-AUC: 0.4269
[Fine-tune] Epoch 44/50 - Loss: 0.3823 - Val F1: 0.4571 - Val ROC-AUC: 0.7528 - Val PR-AUC: 0.4400
[Fine-tune] Epoch 45/50 - Loss: 0.3661 - Val F1: 0.4675 - Val ROC-AUC: 0.7469 - Val PR-AUC: 0.4099
[Fine-tune] Epoch 46/50 - Loss: 0.3872 - Val F1: 0.4103 - Val ROC-AUC: 0.7448 - Val PR-AUC: 0.4062
[Fine-tune] Epoch 47/50 - Loss: 0.3733 - Val F1: 0.4054 - Val ROC-AUC: 0.7317 - Val PR-AUC: 0.4108
[Fine-tune] Epoch 48/50 - Loss: 0.3923 - Val F1: 0.3824 - Val ROC-AUC: 0.7378 - Val PR-AUC: 0.4239
[Fine-tune] Epoch 49/50 - Loss: 0.3747 - Val F1: 0.4478 - Val ROC-AUC: 0.7432 - Val PR-AUC: 0.4117
[Fine-tune] Epoch 50/50 - Loss: 0.3858 - Val F1: 0.4242 - Val ROC-AUC: 0.7439 - Val PR-AUC: 0.4151
Finetuning completed. Test F1: 0.5333, ROC-AUC: 0.8364, PR-AUC: 0.4541
[3.1/4] Target-only training on OT_ER_ERaERb_1440 using GCN_GAT...
=== Target-only training ===
[Target-only] Epoch 1/50 – Loss: 0.6423  Val F1: 0.2707  ROC-AUC: 0.6269  PR-AUC: 0.3153
[Target-only] Epoch 2/50 – Loss: 0.5717  Val F1: 0.3810  ROC-AUC: 0.6664  PR-AUC: 0.3743
[Target-only] Epoch 3/50 – Loss: 0.5549  Val F1: 0.3711  ROC-AUC: 0.6823  PR-AUC: 0.3901
[Target-only] Epoch 4/50 – Loss: 0.5607  Val F1: 0.3810  ROC-AUC: 0.6656  PR-AUC: 0.3747
[Target-only] Epoch 5/50 – Loss: 0.5478  Val F1: 0.4242  ROC-AUC: 0.6868  PR-AUC: 0.3734
[Target-only] Epoch 6/50 – Loss: 0.5395  Val F1: 0.4186  ROC-AUC: 0.7084  PR-AUC: 0.3350
[Target-only] Epoch 7/50 – Loss: 0.5301  Val F1: 0.3956  ROC-AUC: 0.7009  PR-AUC: 0.3857
[Target-only] Epoch 8/50 – Loss: 0.5310  Val F1: 0.3947  ROC-AUC: 0.7143  PR-AUC: 0.3747
[Target-only] Epoch 9/50 – Loss: 0.5503  Val F1: 0.4091  ROC-AUC: 0.7173  PR-AUC: 0.4144
[Target-only] Epoch 10/50 – Loss: 0.5384  Val F1: 0.3509  ROC-AUC: 0.7136  PR-AUC: 0.4043
[Target-only] Epoch 11/50 – Loss: 0.5171  Val F1: 0.3704  ROC-AUC: 0.7197  PR-AUC: 0.3869
[Target-only] Epoch 12/50 – Loss: 0.5252  Val F1: 0.3505  ROC-AUC: 0.7091  PR-AUC: 0.3732
[Target-only] Epoch 13/50 – Loss: 0.4732  Val F1: 0.4096  ROC-AUC: 0.7307  PR-AUC: 0.4229
[Target-only] Epoch 14/50 – Loss: 0.4907  Val F1: 0.3908  ROC-AUC: 0.7086  PR-AUC: 0.4034
[Target-only] Epoch 15/50 – Loss: 0.4732  Val F1: 0.4058  ROC-AUC: 0.7380  PR-AUC: 0.3882
[Target-only] Epoch 16/50 – Loss: 0.4698  Val F1: 0.3951  ROC-AUC: 0.7265  PR-AUC: 0.4303
[Target-only] Epoch 17/50 – Loss: 0.5077  Val F1: 0.3684  ROC-AUC: 0.6924  PR-AUC: 0.3883
[Target-only] Epoch 18/50 – Loss: 0.4913  Val F1: 0.3944  ROC-AUC: 0.7047  PR-AUC: 0.3697
[Target-only] Epoch 19/50 – Loss: 0.4891  Val F1: 0.3469  ROC-AUC: 0.7058  PR-AUC: 0.3921
[Target-only] Epoch 20/50 – Loss: 0.4448  Val F1: 0.3908  ROC-AUC: 0.7143  PR-AUC: 0.3892
[Target-only] Epoch 21/50 – Loss: 0.4667  Val F1: 0.3562  ROC-AUC: 0.7070  PR-AUC: 0.3669
[Target-only] Epoch 22/50 – Loss: 0.4619  Val F1: 0.4000  ROC-AUC: 0.7162  PR-AUC: 0.3852
[Target-only] Epoch 23/50 – Loss: 0.4750  Val F1: 0.3836  ROC-AUC: 0.6915  PR-AUC: 0.3504
[Target-only] Epoch 24/50 – Loss: 0.4547  Val F1: 0.4324  ROC-AUC: 0.7321  PR-AUC: 0.3935
[Target-only] Epoch 25/50 – Loss: 0.4380  Val F1: 0.4051  ROC-AUC: 0.7465  PR-AUC: 0.4235
[Target-only] Epoch 26/50 – Loss: 0.4726  Val F1: 0.4337  ROC-AUC: 0.7289  PR-AUC: 0.3845
[Target-only] Epoch 27/50 – Loss: 0.4439  Val F1: 0.3562  ROC-AUC: 0.7068  PR-AUC: 0.3687
[Target-only] Epoch 28/50 – Loss: 0.4618  Val F1: 0.3448  ROC-AUC: 0.7192  PR-AUC: 0.3594
[Target-only] Epoch 29/50 – Loss: 0.4426  Val F1: 0.3784  ROC-AUC: 0.7338  PR-AUC: 0.3817
[Target-only] Epoch 30/50 – Loss: 0.4479  Val F1: 0.3864  ROC-AUC: 0.7157  PR-AUC: 0.3731
[Target-only] Epoch 31/50 – Loss: 0.4642  Val F1: 0.3947  ROC-AUC: 0.7065  PR-AUC: 0.3663
[Target-only] Epoch 32/50 – Loss: 0.4593  Val F1: 0.3908  ROC-AUC: 0.7164  PR-AUC: 0.3820
[Target-only] Epoch 33/50 – Loss: 0.4344  Val F1: 0.4225  ROC-AUC: 0.7253  PR-AUC: 0.3923
[Target-only] Epoch 34/50 – Loss: 0.4389  Val F1: 0.3951  ROC-AUC: 0.7054  PR-AUC: 0.3646
[Target-only] Epoch 35/50 – Loss: 0.4367  Val F1: 0.3810  ROC-AUC: 0.7178  PR-AUC: 0.3871
[Target-only] Epoch 36/50 – Loss: 0.4169  Val F1: 0.3721  ROC-AUC: 0.7169  PR-AUC: 0.3790
[Target-only] Epoch 37/50 – Loss: 0.4273  Val F1: 0.3704  ROC-AUC: 0.7101  PR-AUC: 0.3677
[Target-only] Epoch 38/50 – Loss: 0.4311  Val F1: 0.3636  ROC-AUC: 0.7072  PR-AUC: 0.3789
[Target-only] Epoch 39/50 – Loss: 0.3996  Val F1: 0.3636  ROC-AUC: 0.7063  PR-AUC: 0.3709
[Target-only] Epoch 40/50 – Loss: 0.4216  Val F1: 0.3704  ROC-AUC: 0.7253  PR-AUC: 0.3913
[Target-only] Epoch 41/50 – Loss: 0.4266  Val F1: 0.4103  ROC-AUC: 0.7213  PR-AUC: 0.3754
[Target-only] Epoch 42/50 – Loss: 0.4149  Val F1: 0.4000  ROC-AUC: 0.7166  PR-AUC: 0.3791
[Target-only] Epoch 43/50 – Loss: 0.4119  Val F1: 0.3846  ROC-AUC: 0.7216  PR-AUC: 0.3908
[Target-only] Epoch 44/50 – Loss: 0.4292  Val F1: 0.3846  ROC-AUC: 0.7166  PR-AUC: 0.3848
[Target-only] Epoch 45/50 – Loss: 0.4250  Val F1: 0.3951  ROC-AUC: 0.7126  PR-AUC: 0.3716
[Target-only] Epoch 46/50 – Loss: 0.4251  Val F1: 0.4103  ROC-AUC: 0.7079  PR-AUC: 0.3900
[Target-only] Epoch 47/50 – Loss: 0.4059  Val F1: 0.3704  ROC-AUC: 0.7023  PR-AUC: 0.3618
[Target-only] Epoch 48/50 – Loss: 0.4204  Val F1: 0.3951  ROC-AUC: 0.7195  PR-AUC: 0.3970
[Target-only] Epoch 49/50 – Loss: 0.4055  Val F1: 0.3896  ROC-AUC: 0.7011  PR-AUC: 0.3729
[Target-only] Epoch 50/50 – Loss: 0.4162  Val F1: 0.3836  ROC-AUC: 0.7166  PR-AUC: 0.3841
=== Target-only TEST performance ===
Test F1: 0.5570, ROC-AUC: 0.8390, PR-AUC: 0.4544
✅ 실험 완료: TOX21_ERa_LUC_VM7_Agonist -> OT_ER_ERaERb_1440 [GCN_GAT]
