[2/4] Pretraining on TOX21_ERR_LUC_viability using GCN_GAT...
  * Pretrained model already exists at model_save/pretrained/gcn_gat/Pretrained_TOX21_ERR_LUC_viability_gcn_gat.pth, loading...
[3/4] Finetuning on ATG_ERa_TRANS using GCN_GAT...
[Fine-tune] Epoch 1/50 - Loss: 0.6354 - Val F1: 0.4248 - Val ROC-AUC: 0.6842 - Val PR-AUC: 0.3426
[Fine-tune] Epoch 2/50 - Loss: 0.5431 - Val F1: 0.4638 - Val ROC-AUC: 0.7434 - Val PR-AUC: 0.4972
[Fine-tune] Epoch 3/50 - Loss: 0.5255 - Val F1: 0.5263 - Val ROC-AUC: 0.7511 - Val PR-AUC: 0.4528
[Fine-tune] Epoch 4/50 - Loss: 0.5113 - Val F1: 0.5325 - Val ROC-AUC: 0.7464 - Val PR-AUC: 0.4729
[Fine-tune] Epoch 5/50 - Loss: 0.5110 - Val F1: 0.4862 - Val ROC-AUC: 0.7363 - Val PR-AUC: 0.4292
[Fine-tune] Epoch 6/50 - Loss: 0.4875 - Val F1: 0.5057 - Val ROC-AUC: 0.7405 - Val PR-AUC: 0.4306
[Fine-tune] Epoch 7/50 - Loss: 0.4990 - Val F1: 0.4726 - Val ROC-AUC: 0.7415 - Val PR-AUC: 0.4530
[Fine-tune] Epoch 8/50 - Loss: 0.4817 - Val F1: 0.5281 - Val ROC-AUC: 0.7573 - Val PR-AUC: 0.4807
[Fine-tune] Epoch 9/50 - Loss: 0.5103 - Val F1: 0.4516 - Val ROC-AUC: 0.7270 - Val PR-AUC: 0.4281
[Fine-tune] Epoch 10/50 - Loss: 0.4745 - Val F1: 0.4903 - Val ROC-AUC: 0.7467 - Val PR-AUC: 0.4785
[Fine-tune] Epoch 11/50 - Loss: 0.4615 - Val F1: 0.5326 - Val ROC-AUC: 0.7637 - Val PR-AUC: 0.5081
[Fine-tune] Epoch 12/50 - Loss: 0.4570 - Val F1: 0.5632 - Val ROC-AUC: 0.7534 - Val PR-AUC: 0.4920
[Fine-tune] Epoch 13/50 - Loss: 0.4712 - Val F1: 0.5085 - Val ROC-AUC: 0.7366 - Val PR-AUC: 0.4783
[Fine-tune] Epoch 14/50 - Loss: 0.4634 - Val F1: 0.4646 - Val ROC-AUC: 0.7193 - Val PR-AUC: 0.4415
[Fine-tune] Epoch 15/50 - Loss: 0.4287 - Val F1: 0.5062 - Val ROC-AUC: 0.7533 - Val PR-AUC: 0.5021
[Fine-tune] Epoch 16/50 - Loss: 0.4589 - Val F1: 0.5165 - Val ROC-AUC: 0.7434 - Val PR-AUC: 0.4784
[Fine-tune] Epoch 17/50 - Loss: 0.4621 - Val F1: 0.4426 - Val ROC-AUC: 0.7218 - Val PR-AUC: 0.4290
[Fine-tune] Epoch 18/50 - Loss: 0.4444 - Val F1: 0.5161 - Val ROC-AUC: 0.7383 - Val PR-AUC: 0.4715
[Fine-tune] Epoch 19/50 - Loss: 0.4363 - Val F1: 0.4706 - Val ROC-AUC: 0.7196 - Val PR-AUC: 0.4168
[Fine-tune] Epoch 20/50 - Loss: 0.4320 - Val F1: 0.5085 - Val ROC-AUC: 0.7494 - Val PR-AUC: 0.4900
[Fine-tune] Epoch 21/50 - Loss: 0.4428 - Val F1: 0.4800 - Val ROC-AUC: 0.7354 - Val PR-AUC: 0.4600
[Fine-tune] Epoch 22/50 - Loss: 0.4366 - Val F1: 0.5089 - Val ROC-AUC: 0.7435 - Val PR-AUC: 0.4688
[Fine-tune] Epoch 23/50 - Loss: 0.4336 - Val F1: 0.4889 - Val ROC-AUC: 0.7348 - Val PR-AUC: 0.4646
[Fine-tune] Epoch 24/50 - Loss: 0.4295 - Val F1: 0.4912 - Val ROC-AUC: 0.7392 - Val PR-AUC: 0.4757
[Fine-tune] Epoch 25/50 - Loss: 0.4282 - Val F1: 0.4785 - Val ROC-AUC: 0.7315 - Val PR-AUC: 0.4625
[Fine-tune] Epoch 26/50 - Loss: 0.4302 - Val F1: 0.4944 - Val ROC-AUC: 0.7252 - Val PR-AUC: 0.4723
[Fine-tune] Epoch 27/50 - Loss: 0.4386 - Val F1: 0.5091 - Val ROC-AUC: 0.7348 - Val PR-AUC: 0.4534
[Fine-tune] Epoch 28/50 - Loss: 0.4132 - Val F1: 0.4699 - Val ROC-AUC: 0.7397 - Val PR-AUC: 0.4773
[Fine-tune] Epoch 29/50 - Loss: 0.4156 - Val F1: 0.5027 - Val ROC-AUC: 0.7330 - Val PR-AUC: 0.4712
[Fine-tune] Epoch 30/50 - Loss: 0.4446 - Val F1: 0.4646 - Val ROC-AUC: 0.7301 - Val PR-AUC: 0.4801
[Fine-tune] Epoch 31/50 - Loss: 0.4064 - Val F1: 0.5109 - Val ROC-AUC: 0.7408 - Val PR-AUC: 0.4852
[Fine-tune] Epoch 32/50 - Loss: 0.4035 - Val F1: 0.4914 - Val ROC-AUC: 0.7334 - Val PR-AUC: 0.4691
[Fine-tune] Epoch 33/50 - Loss: 0.4064 - Val F1: 0.5233 - Val ROC-AUC: 0.7328 - Val PR-AUC: 0.4820
[Fine-tune] Epoch 34/50 - Loss: 0.4044 - Val F1: 0.5444 - Val ROC-AUC: 0.7393 - Val PR-AUC: 0.4897
[Fine-tune] Epoch 35/50 - Loss: 0.3930 - Val F1: 0.4444 - Val ROC-AUC: 0.7272 - Val PR-AUC: 0.4526
[Fine-tune] Epoch 36/50 - Loss: 0.4213 - Val F1: 0.4916 - Val ROC-AUC: 0.7313 - Val PR-AUC: 0.4639
[Fine-tune] Epoch 37/50 - Loss: 0.4270 - Val F1: 0.5031 - Val ROC-AUC: 0.7321 - Val PR-AUC: 0.4863
[Fine-tune] Epoch 38/50 - Loss: 0.4109 - Val F1: 0.5000 - Val ROC-AUC: 0.7214 - Val PR-AUC: 0.4574
[Fine-tune] Epoch 39/50 - Loss: 0.4068 - Val F1: 0.4848 - Val ROC-AUC: 0.7200 - Val PR-AUC: 0.4649
[Fine-tune] Epoch 40/50 - Loss: 0.4058 - Val F1: 0.5157 - Val ROC-AUC: 0.7376 - Val PR-AUC: 0.4714
[Fine-tune] Epoch 41/50 - Loss: 0.4064 - Val F1: 0.4783 - Val ROC-AUC: 0.7380 - Val PR-AUC: 0.4737
[Fine-tune] Epoch 42/50 - Loss: 0.4081 - Val F1: 0.4914 - Val ROC-AUC: 0.7261 - Val PR-AUC: 0.4624
[Fine-tune] Epoch 43/50 - Loss: 0.4027 - Val F1: 0.5093 - Val ROC-AUC: 0.7364 - Val PR-AUC: 0.4817
[Fine-tune] Epoch 44/50 - Loss: 0.4118 - Val F1: 0.5000 - Val ROC-AUC: 0.7367 - Val PR-AUC: 0.4776
[Fine-tune] Epoch 45/50 - Loss: 0.4062 - Val F1: 0.5000 - Val ROC-AUC: 0.7291 - Val PR-AUC: 0.4729
[Fine-tune] Epoch 46/50 - Loss: 0.4072 - Val F1: 0.4944 - Val ROC-AUC: 0.7329 - Val PR-AUC: 0.4701
[Fine-tune] Epoch 47/50 - Loss: 0.3895 - Val F1: 0.5223 - Val ROC-AUC: 0.7347 - Val PR-AUC: 0.4770
[Fine-tune] Epoch 48/50 - Loss: 0.4059 - Val F1: 0.5176 - Val ROC-AUC: 0.7374 - Val PR-AUC: 0.4844
[Fine-tune] Epoch 49/50 - Loss: 0.3979 - Val F1: 0.4746 - Val ROC-AUC: 0.7285 - Val PR-AUC: 0.4601
[Fine-tune] Epoch 50/50 - Loss: 0.4170 - Val F1: 0.5063 - Val ROC-AUC: 0.7394 - Val PR-AUC: 0.4819
Finetuning completed. Test F1: 0.4947, ROC-AUC: 0.7572, PR-AUC: 0.4738
[3.1/4] Target-only training on ATG_ERa_TRANS using GCN_GAT...
  * Target-only 모델 이미 존재: model_save/targetonly/gcn_gat/TargetOnly_ATG_ERa_TRANS_gcn_gat.pth
  * Target-only 생략, 저장된 모델로 평가만 진행
=== Target-only TEST performance ===
Test F1: 0.4773, ROC-AUC: 0.7580, PR-AUC: 0.4650
✅ 실험 완료: TOX21_ERR_LUC_viability -> ATG_ERa_TRANS [GCN_GAT]
