[1/4] Excel → CSV 변환 중...
Saved pretrain CSV for TOX21_ERa_LUC_VM7_Agonist: data/sample/TOX21_ERa_LUC_VM7_Agonist.csv
Saved pretrain CSV for TOX21_ERb_BLA_Agonist_viability: data/sample/TOX21_ERb_BLA_Agonist_viability.csv
Saved pretrain CSV for TOX21_ERa_LUC_VM7_Agonist_10nM_ICI182780_viability: data/sample/TOX21_ERa_LUC_VM7_Agonist_10nM_ICI182780_viability.csv
Saved pretrain CSV for TOX21_ERR_LUC_viability: data/sample/TOX21_ERR_LUC_viability.csv
Saved finetune CSV for ATG_ERE_CIS: data/sample/ATG_ERE_CIS.csv
Saved finetune CSV for ATG_ERa_TRANS: data/sample/ATG_ERa_TRANS.csv
Saved finetune CSV for ACEA_ER_80hr: data/sample/ACEA_ER_80hr.csv
Saved finetune CSV for OT_ER_ERaERa_1440: data/sample/OT_ER_ERaERa_1440.csv
Saved finetune CSV for OT_ER_ERaERb_1440: data/sample/OT_ER_ERaERb_1440.csv
Saved finetune CSV for OT_ER_ERbERb_1440: data/sample/OT_ER_ERbERb_1440.csv
Saved finetune CSV for NVS_NR_hER: data/sample/NVS_NR_hER.csv
[2/4] Pretraining on TOX21_ERR_LUC_viability using GIN...
  * Pretrained model already exists at model_save/pretrained/gin/Pretrained_TOX21_ERR_LUC_viability_gin.pth, loading...
[3/4] Finetuning on OT_ER_ERaERb_1440 using GIN...
[Fine-tune] Epoch 1/50 - Loss: 0.6499 - Val F1: 0.4337 - Val ROC-AUC: 0.7277 - Val PR-AUC: 0.4631
[Fine-tune] Epoch 2/50 - Loss: 0.5159 - Val F1: 0.3913 - Val ROC-AUC: 0.7333 - Val PR-AUC: 0.4591
[Fine-tune] Epoch 3/50 - Loss: 0.5312 - Val F1: 0.4615 - Val ROC-AUC: 0.7613 - Val PR-AUC: 0.4520
[Fine-tune] Epoch 4/50 - Loss: 0.4511 - Val F1: 0.4390 - Val ROC-AUC: 0.7333 - Val PR-AUC: 0.4158
[Fine-tune] Epoch 5/50 - Loss: 0.4279 - Val F1: 0.4524 - Val ROC-AUC: 0.7430 - Val PR-AUC: 0.4306
[Fine-tune] Epoch 6/50 - Loss: 0.4435 - Val F1: 0.5135 - Val ROC-AUC: 0.8010 - Val PR-AUC: 0.4844
[Fine-tune] Epoch 7/50 - Loss: 0.4312 - Val F1: 0.4176 - Val ROC-AUC: 0.7467 - Val PR-AUC: 0.4249
[Fine-tune] Epoch 8/50 - Loss: 0.4058 - Val F1: 0.4127 - Val ROC-AUC: 0.7554 - Val PR-AUC: 0.4682
[Fine-tune] Epoch 9/50 - Loss: 0.4139 - Val F1: 0.4000 - Val ROC-AUC: 0.7566 - Val PR-AUC: 0.4674
[Fine-tune] Epoch 10/50 - Loss: 0.3948 - Val F1: 0.4062 - Val ROC-AUC: 0.7258 - Val PR-AUC: 0.4489
[Fine-tune] Epoch 11/50 - Loss: 0.3839 - Val F1: 0.4304 - Val ROC-AUC: 0.7531 - Val PR-AUC: 0.4719
[Fine-tune] Epoch 12/50 - Loss: 0.3699 - Val F1: 0.4308 - Val ROC-AUC: 0.7192 - Val PR-AUC: 0.4167
[Fine-tune] Epoch 13/50 - Loss: 0.3341 - Val F1: 0.4444 - Val ROC-AUC: 0.7462 - Val PR-AUC: 0.4539
[Fine-tune] Epoch 14/50 - Loss: 0.3285 - Val F1: 0.4615 - Val ROC-AUC: 0.7603 - Val PR-AUC: 0.4923
[Fine-tune] Epoch 15/50 - Loss: 0.3570 - Val F1: 0.3662 - Val ROC-AUC: 0.7305 - Val PR-AUC: 0.4407
[Fine-tune] Epoch 16/50 - Loss: 0.3264 - Val F1: 0.4478 - Val ROC-AUC: 0.7554 - Val PR-AUC: 0.4722
[Fine-tune] Epoch 17/50 - Loss: 0.3123 - Val F1: 0.4545 - Val ROC-AUC: 0.7634 - Val PR-AUC: 0.5070
[Fine-tune] Epoch 18/50 - Loss: 0.3247 - Val F1: 0.3836 - Val ROC-AUC: 0.7350 - Val PR-AUC: 0.4135
[Fine-tune] Epoch 19/50 - Loss: 0.3155 - Val F1: 0.4375 - Val ROC-AUC: 0.7498 - Val PR-AUC: 0.4639
[Fine-tune] Epoch 20/50 - Loss: 0.3166 - Val F1: 0.4058 - Val ROC-AUC: 0.7234 - Val PR-AUC: 0.4301
[Fine-tune] Epoch 21/50 - Loss: 0.2704 - Val F1: 0.4308 - Val ROC-AUC: 0.7535 - Val PR-AUC: 0.4766
[Fine-tune] Epoch 22/50 - Loss: 0.2824 - Val F1: 0.4412 - Val ROC-AUC: 0.7589 - Val PR-AUC: 0.4960
[Fine-tune] Epoch 23/50 - Loss: 0.2696 - Val F1: 0.4000 - Val ROC-AUC: 0.7404 - Val PR-AUC: 0.4609
[Fine-tune] Epoch 24/50 - Loss: 0.2974 - Val F1: 0.4412 - Val ROC-AUC: 0.7373 - Val PR-AUC: 0.4295
[Fine-tune] Epoch 25/50 - Loss: 0.2633 - Val F1: 0.4118 - Val ROC-AUC: 0.7422 - Val PR-AUC: 0.4656
[Fine-tune] Epoch 26/50 - Loss: 0.2474 - Val F1: 0.3768 - Val ROC-AUC: 0.7512 - Val PR-AUC: 0.4499
[Fine-tune] Epoch 27/50 - Loss: 0.2707 - Val F1: 0.4706 - Val ROC-AUC: 0.7650 - Val PR-AUC: 0.4996
[Fine-tune] Epoch 28/50 - Loss: 0.2472 - Val F1: 0.4324 - Val ROC-AUC: 0.7575 - Val PR-AUC: 0.4903
[Fine-tune] Epoch 29/50 - Loss: 0.2583 - Val F1: 0.4516 - Val ROC-AUC: 0.7284 - Val PR-AUC: 0.4382
[Fine-tune] Epoch 30/50 - Loss: 0.2499 - Val F1: 0.5079 - Val ROC-AUC: 0.7477 - Val PR-AUC: 0.4736
[Fine-tune] Epoch 31/50 - Loss: 0.2420 - Val F1: 0.4746 - Val ROC-AUC: 0.7399 - Val PR-AUC: 0.4624
[Fine-tune] Epoch 32/50 - Loss: 0.2572 - Val F1: 0.4545 - Val ROC-AUC: 0.7451 - Val PR-AUC: 0.4532
[Fine-tune] Epoch 33/50 - Loss: 0.2424 - Val F1: 0.4516 - Val ROC-AUC: 0.7462 - Val PR-AUC: 0.4589
[Fine-tune] Epoch 34/50 - Loss: 0.2431 - Val F1: 0.5091 - Val ROC-AUC: 0.7415 - Val PR-AUC: 0.4576
[Fine-tune] Epoch 35/50 - Loss: 0.2506 - Val F1: 0.4688 - Val ROC-AUC: 0.7512 - Val PR-AUC: 0.4483
[Fine-tune] Epoch 36/50 - Loss: 0.2389 - Val F1: 0.4516 - Val ROC-AUC: 0.7430 - Val PR-AUC: 0.4581
[Fine-tune] Epoch 37/50 - Loss: 0.2344 - Val F1: 0.4667 - Val ROC-AUC: 0.7507 - Val PR-AUC: 0.4540
[Fine-tune] Epoch 38/50 - Loss: 0.2128 - Val F1: 0.4407 - Val ROC-AUC: 0.7418 - Val PR-AUC: 0.4497
[Fine-tune] Epoch 39/50 - Loss: 0.2236 - Val F1: 0.4590 - Val ROC-AUC: 0.7437 - Val PR-AUC: 0.4631
[Fine-tune] Epoch 40/50 - Loss: 0.2344 - Val F1: 0.4828 - Val ROC-AUC: 0.7425 - Val PR-AUC: 0.4637
[Fine-tune] Epoch 41/50 - Loss: 0.2282 - Val F1: 0.4746 - Val ROC-AUC: 0.7479 - Val PR-AUC: 0.4684
[Fine-tune] Epoch 42/50 - Loss: 0.2003 - Val F1: 0.4746 - Val ROC-AUC: 0.7488 - Val PR-AUC: 0.4683
[Fine-tune] Epoch 43/50 - Loss: 0.2105 - Val F1: 0.4407 - Val ROC-AUC: 0.7444 - Val PR-AUC: 0.4602
[Fine-tune] Epoch 44/50 - Loss: 0.1996 - Val F1: 0.4828 - Val ROC-AUC: 0.7498 - Val PR-AUC: 0.4628
[Fine-tune] Epoch 45/50 - Loss: 0.2068 - Val F1: 0.4561 - Val ROC-AUC: 0.7425 - Val PR-AUC: 0.4555
[Fine-tune] Epoch 46/50 - Loss: 0.2118 - Val F1: 0.4194 - Val ROC-AUC: 0.7441 - Val PR-AUC: 0.4494
[Fine-tune] Epoch 47/50 - Loss: 0.1980 - Val F1: 0.4262 - Val ROC-AUC: 0.7535 - Val PR-AUC: 0.4668
[Fine-tune] Epoch 48/50 - Loss: 0.1933 - Val F1: 0.4746 - Val ROC-AUC: 0.7554 - Val PR-AUC: 0.4705
[Fine-tune] Epoch 49/50 - Loss: 0.1949 - Val F1: 0.4483 - Val ROC-AUC: 0.7547 - Val PR-AUC: 0.4696
[Fine-tune] Epoch 50/50 - Loss: 0.2022 - Val F1: 0.4828 - Val ROC-AUC: 0.7549 - Val PR-AUC: 0.4722
Finetuning completed. Test F1: 0.4658, ROC-AUC: 0.7947, PR-AUC: 0.3591
[3.1/4] Target-only training on OT_ER_ERaERb_1440 using GIN...
  * Target-only 모델 이미 존재: model_save/targetonly/gin/TargetOnly_OT_ER_ERaERb_1440_gin.pth
  * Target-only 생략, 저장된 모델로 평가만 진행
=== Target-only TEST performance ===
Test F1: 0.5079, ROC-AUC: 0.8107, PR-AUC: 0.4387
✅ 실험 완료: TOX21_ERR_LUC_viability -> OT_ER_ERaERb_1440 [GIN]
