[1/4] Excel → CSV 변환 중...
Saved pretrain CSV for TOX21_ERa_LUC_VM7_Agonist: data/sample/TOX21_ERa_LUC_VM7_Agonist.csv
Saved pretrain CSV for TOX21_ERb_BLA_Agonist_viability: data/sample/TOX21_ERb_BLA_Agonist_viability.csv
Saved pretrain CSV for TOX21_ERa_LUC_VM7_Agonist_10nM_ICI182780_viability: data/sample/TOX21_ERa_LUC_VM7_Agonist_10nM_ICI182780_viability.csv
Saved pretrain CSV for TOX21_ERR_LUC_viability: data/sample/TOX21_ERR_LUC_viability.csv
Saved finetune CSV for ATG_ERE_CIS: data/sample/ATG_ERE_CIS.csv
Saved finetune CSV for ATG_ERa_TRANS: data/sample/ATG_ERa_TRANS.csv
Saved finetune CSV for ACEA_ER_80hr: data/sample/ACEA_ER_80hr.csv
Saved finetune CSV for OT_ER_ERaERa_1440: data/sample/OT_ER_ERaERa_1440.csv
Saved finetune CSV for OT_ER_ERaERb_1440: data/sample/OT_ER_ERaERb_1440.csv
Saved finetune CSV for OT_ER_ERbERb_1440: data/sample/OT_ER_ERbERb_1440.csv
Saved finetune CSV for NVS_NR_hER: data/sample/NVS_NR_hER.csv
[2/4] Pretraining on TOX21_ERa_LUC_VM7_Agonist using GIN_GCN...
  * Pretrained model already exists at model_save/pretrained/gin_gcn/Pretrained_TOX21_ERa_LUC_VM7_Agonist_gin_gcn.pth, loading...
[3/4] Finetuning on OT_ER_ERaERa_1440 using GIN_GCN...
  * 파인튜닝된 모델 이미 존재: model_save/gin_gcn/TOX21_ERa_LUC_VM7_Agonist&&OT_ER_ERaERa_1440_gin_gcn.pth
  * Finetune 생략, 저장된 모델로 평가만 진행
=== Fine-tuned TEST performance ===
Test F1: 0.3721, ROC-AUC: 0.8218, PR-AUC: 0.2486
[3.1/4] Target-only training on OT_ER_ERaERa_1440 using GIN_GCN...
=== Target-only training ===
[Target-only] Epoch 1/50 – Loss: 0.5964  Val F1: 0.3030  ROC-AUC: 0.6200  PR-AUC: 0.2672
[Target-only] Epoch 2/50 – Loss: 0.5038  Val F1: 0.2105  ROC-AUC: 0.6726  PR-AUC: 0.3477
[Target-only] Epoch 3/50 – Loss: 0.5042  Val F1: 0.2439  ROC-AUC: 0.6185  PR-AUC: 0.3043
[Target-only] Epoch 4/50 – Loss: 0.4953  Val F1: 0.2198  ROC-AUC: 0.6616  PR-AUC: 0.3266
[Target-only] Epoch 5/50 – Loss: 0.4508  Val F1: 0.2456  ROC-AUC: 0.6582  PR-AUC: 0.2405
[Target-only] Epoch 6/50 – Loss: 0.4215  Val F1: 0.2933  ROC-AUC: 0.6730  PR-AUC: 0.3567
[Target-only] Epoch 7/50 – Loss: 0.4226  Val F1: 0.4528  ROC-AUC: 0.7085  PR-AUC: 0.3827
[Target-only] Epoch 8/50 – Loss: 0.4064  Val F1: 0.3235  ROC-AUC: 0.6799  PR-AUC: 0.3455
[Target-only] Epoch 9/50 – Loss: 0.3679  Val F1: 0.3333  ROC-AUC: 0.6292  PR-AUC: 0.2638
[Target-only] Epoch 10/50 – Loss: 0.3787  Val F1: 0.3404  ROC-AUC: 0.6094  PR-AUC: 0.2285
[Target-only] Epoch 11/50 – Loss: 0.3487  Val F1: 0.2951  ROC-AUC: 0.6524  PR-AUC: 0.3133
[Target-only] Epoch 12/50 – Loss: 0.3339  Val F1: 0.3103  ROC-AUC: 0.6132  PR-AUC: 0.2391
[Target-only] Epoch 13/50 – Loss: 0.3256  Val F1: 0.3913  ROC-AUC: 0.6277  PR-AUC: 0.2751
[Target-only] Epoch 14/50 – Loss: 0.3375  Val F1: 0.2462  ROC-AUC: 0.6364  PR-AUC: 0.3217
[Target-only] Epoch 15/50 – Loss: 0.2747  Val F1: 0.3077  ROC-AUC: 0.6421  PR-AUC: 0.2532
[Target-only] Epoch 16/50 – Loss: 0.2946  Val F1: 0.2143  ROC-AUC: 0.5461  PR-AUC: 0.1979
[Target-only] Epoch 17/50 – Loss: 0.3231  Val F1: 0.3019  ROC-AUC: 0.6132  PR-AUC: 0.2189
[Target-only] Epoch 18/50 – Loss: 0.2858  Val F1: 0.2368  ROC-AUC: 0.6197  PR-AUC: 0.2789
[Target-only] Epoch 19/50 – Loss: 0.2921  Val F1: 0.3902  ROC-AUC: 0.6147  PR-AUC: 0.2674
[Target-only] Epoch 20/50 – Loss: 0.2779  Val F1: 0.2593  ROC-AUC: 0.5705  PR-AUC: 0.2772
[Target-only] Epoch 21/50 – Loss: 0.2691  Val F1: 0.3273  ROC-AUC: 0.6128  PR-AUC: 0.2885
[Target-only] Epoch 22/50 – Loss: 0.2093  Val F1: 0.3396  ROC-AUC: 0.6010  PR-AUC: 0.2889
[Target-only] Epoch 23/50 – Loss: 0.2219  Val F1: 0.2545  ROC-AUC: 0.5976  PR-AUC: 0.2981
[Target-only] Epoch 24/50 – Loss: 0.2188  Val F1: 0.2642  ROC-AUC: 0.6204  PR-AUC: 0.2645
[Target-only] Epoch 25/50 – Loss: 0.2204  Val F1: 0.2979  ROC-AUC: 0.5979  PR-AUC: 0.2700
[Target-only] Epoch 26/50 – Loss: 0.2143  Val F1: 0.2553  ROC-AUC: 0.5659  PR-AUC: 0.2595
[Target-only] Epoch 27/50 – Loss: 0.2083  Val F1: 0.2326  ROC-AUC: 0.6079  PR-AUC: 0.2104
[Target-only] Epoch 28/50 – Loss: 0.2056  Val F1: 0.2778  ROC-AUC: 0.5877  PR-AUC: 0.2042
[Target-only] Epoch 29/50 – Loss: 0.2118  Val F1: 0.2703  ROC-AUC: 0.6021  PR-AUC: 0.2478
[Target-only] Epoch 30/50 – Loss: 0.1937  Val F1: 0.2273  ROC-AUC: 0.5888  PR-AUC: 0.2094
[Target-only] Epoch 31/50 – Loss: 0.1877  Val F1: 0.2791  ROC-AUC: 0.5857  PR-AUC: 0.2605
[Target-only] Epoch 32/50 – Loss: 0.1696  Val F1: 0.3158  ROC-AUC: 0.5846  PR-AUC: 0.2426
[Target-only] Epoch 33/50 – Loss: 0.1871  Val F1: 0.3000  ROC-AUC: 0.5846  PR-AUC: 0.2354
[Target-only] Epoch 34/50 – Loss: 0.1834  Val F1: 0.2727  ROC-AUC: 0.5633  PR-AUC: 0.1883
[Target-only] Epoch 35/50 – Loss: 0.1591  Val F1: 0.2791  ROC-AUC: 0.5953  PR-AUC: 0.2536
[Target-only] Epoch 36/50 – Loss: 0.1804  Val F1: 0.3243  ROC-AUC: 0.5842  PR-AUC: 0.2678
[Target-only] Epoch 37/50 – Loss: 0.1563  Val F1: 0.3000  ROC-AUC: 0.5770  PR-AUC: 0.2331
[Target-only] Epoch 38/50 – Loss: 0.1418  Val F1: 0.2353  ROC-AUC: 0.5812  PR-AUC: 0.2319
[Target-only] Epoch 39/50 – Loss: 0.1737  Val F1: 0.3000  ROC-AUC: 0.5747  PR-AUC: 0.2384
[Target-only] Epoch 40/50 – Loss: 0.1728  Val F1: 0.2727  ROC-AUC: 0.5930  PR-AUC: 0.2860
[Target-only] Epoch 41/50 – Loss: 0.1488  Val F1: 0.2667  ROC-AUC: 0.5842  PR-AUC: 0.2457
[Target-only] Epoch 42/50 – Loss: 0.1621  Val F1: 0.2667  ROC-AUC: 0.5865  PR-AUC: 0.2584
[Target-only] Epoch 43/50 – Loss: 0.1547  Val F1: 0.2927  ROC-AUC: 0.5762  PR-AUC: 0.2485
[Target-only] Epoch 44/50 – Loss: 0.1452  Val F1: 0.2927  ROC-AUC: 0.5747  PR-AUC: 0.2418
[Target-only] Epoch 45/50 – Loss: 0.1372  Val F1: 0.2927  ROC-AUC: 0.5823  PR-AUC: 0.2494
[Target-only] Epoch 46/50 – Loss: 0.1309  Val F1: 0.2791  ROC-AUC: 0.5777  PR-AUC: 0.2131
[Target-only] Epoch 47/50 – Loss: 0.1488  Val F1: 0.2857  ROC-AUC: 0.5766  PR-AUC: 0.2262
[Target-only] Epoch 48/50 – Loss: 0.1314  Val F1: 0.3077  ROC-AUC: 0.5865  PR-AUC: 0.2487
[Target-only] Epoch 49/50 – Loss: 0.1399  Val F1: 0.2857  ROC-AUC: 0.5789  PR-AUC: 0.2365
[Target-only] Epoch 50/50 – Loss: 0.1217  Val F1: 0.2791  ROC-AUC: 0.5915  PR-AUC: 0.2453
=== Target-only TEST performance ===
Test F1: 0.3175, ROC-AUC: 0.8158, PR-AUC: 0.2822
✅ 실험 완료: TOX21_ERa_LUC_VM7_Agonist -> OT_ER_ERaERa_1440 [GIN_GCN]
