[1/4] Excel → CSV 변환 중...
Saved pretrain CSV for TOX21_ERa_LUC_VM7_Agonist: data/sample/TOX21_ERa_LUC_VM7_Agonist.csv
Saved pretrain CSV for TOX21_ERb_BLA_Agonist_viability: data/sample/TOX21_ERb_BLA_Agonist_viability.csv
Saved pretrain CSV for TOX21_ERa_LUC_VM7_Agonist_10nM_ICI182780_viability: data/sample/TOX21_ERa_LUC_VM7_Agonist_10nM_ICI182780_viability.csv
Saved pretrain CSV for TOX21_ERR_LUC_viability: data/sample/TOX21_ERR_LUC_viability.csv
Saved finetune CSV for ATG_ERE_CIS: data/sample/ATG_ERE_CIS.csv
Saved finetune CSV for ATG_ERa_TRANS: data/sample/ATG_ERa_TRANS.csv
Saved finetune CSV for ACEA_ER_80hr: data/sample/ACEA_ER_80hr.csv
Saved finetune CSV for OT_ER_ERaERa_1440: data/sample/OT_ER_ERaERa_1440.csv
Saved finetune CSV for OT_ER_ERaERb_1440: data/sample/OT_ER_ERaERb_1440.csv
Saved finetune CSV for OT_ER_ERbERb_1440: data/sample/OT_ER_ERbERb_1440.csv
Saved finetune CSV for NVS_NR_hER: data/sample/NVS_NR_hER.csv
[2/4] Pretraining on TOX21_ERb_BLA_Agonist_viability using GIN...
  * Pretrained model already exists at model_save/pretrained/gin/Pretrained_TOX21_ERb_BLA_Agonist_viability_gin.pth, loading...
[3/4] Finetuning on NVS_NR_hER using GIN...
[Fine-tune] Epoch 1/50 - Loss: 0.6922 - Val F1: 0.3881 - Val ROC-AUC: 0.7275 - Val PR-AUC: 0.4825
[Fine-tune] Epoch 2/50 - Loss: 0.4956 - Val F1: 0.5217 - Val ROC-AUC: 0.7977 - Val PR-AUC: 0.6106
[Fine-tune] Epoch 3/50 - Loss: 0.3934 - Val F1: 0.4906 - Val ROC-AUC: 0.8180 - Val PR-AUC: 0.6730
[Fine-tune] Epoch 4/50 - Loss: 0.4454 - Val F1: 0.5714 - Val ROC-AUC: 0.7697 - Val PR-AUC: 0.5578
[Fine-tune] Epoch 5/50 - Loss: 0.3838 - Val F1: 0.4074 - Val ROC-AUC: 0.7643 - Val PR-AUC: 0.5699
[Fine-tune] Epoch 6/50 - Loss: 0.3355 - Val F1: 0.4878 - Val ROC-AUC: 0.7780 - Val PR-AUC: 0.5443
[Fine-tune] Epoch 7/50 - Loss: 0.3195 - Val F1: 0.4889 - Val ROC-AUC: 0.7769 - Val PR-AUC: 0.5764
[Fine-tune] Epoch 8/50 - Loss: 0.3407 - Val F1: 0.4651 - Val ROC-AUC: 0.7725 - Val PR-AUC: 0.5921
[Fine-tune] Epoch 9/50 - Loss: 0.3399 - Val F1: 0.3860 - Val ROC-AUC: 0.7330 - Val PR-AUC: 0.5341
[Fine-tune] Epoch 10/50 - Loss: 0.3126 - Val F1: 0.5000 - Val ROC-AUC: 0.7769 - Val PR-AUC: 0.5668
[Fine-tune] Epoch 11/50 - Loss: 0.2788 - Val F1: 0.4727 - Val ROC-AUC: 0.7462 - Val PR-AUC: 0.5835
[Fine-tune] Epoch 12/50 - Loss: 0.2917 - Val F1: 0.5200 - Val ROC-AUC: 0.7906 - Val PR-AUC: 0.6107
[Fine-tune] Epoch 13/50 - Loss: 0.2486 - Val F1: 0.5106 - Val ROC-AUC: 0.7758 - Val PR-AUC: 0.6119
[Fine-tune] Epoch 14/50 - Loss: 0.2544 - Val F1: 0.4651 - Val ROC-AUC: 0.7484 - Val PR-AUC: 0.5814
[Fine-tune] Epoch 15/50 - Loss: 0.2563 - Val F1: 0.4167 - Val ROC-AUC: 0.7259 - Val PR-AUC: 0.5385
[Fine-tune] Epoch 16/50 - Loss: 0.2369 - Val F1: 0.4878 - Val ROC-AUC: 0.7654 - Val PR-AUC: 0.5274
[Fine-tune] Epoch 17/50 - Loss: 0.2277 - Val F1: 0.5128 - Val ROC-AUC: 0.7686 - Val PR-AUC: 0.5819
[Fine-tune] Epoch 18/50 - Loss: 0.2222 - Val F1: 0.4762 - Val ROC-AUC: 0.7330 - Val PR-AUC: 0.5084
[Fine-tune] Epoch 19/50 - Loss: 0.2019 - Val F1: 0.4878 - Val ROC-AUC: 0.7582 - Val PR-AUC: 0.5083
[Fine-tune] Epoch 20/50 - Loss: 0.2218 - Val F1: 0.4545 - Val ROC-AUC: 0.7281 - Val PR-AUC: 0.4786
[Fine-tune] Epoch 21/50 - Loss: 0.1991 - Val F1: 0.5000 - Val ROC-AUC: 0.7396 - Val PR-AUC: 0.5252
[Fine-tune] Epoch 22/50 - Loss: 0.2057 - Val F1: 0.4762 - Val ROC-AUC: 0.7330 - Val PR-AUC: 0.4781
[Fine-tune] Epoch 23/50 - Loss: 0.2075 - Val F1: 0.4545 - Val ROC-AUC: 0.7379 - Val PR-AUC: 0.4888
[Fine-tune] Epoch 24/50 - Loss: 0.1758 - Val F1: 0.5000 - Val ROC-AUC: 0.7495 - Val PR-AUC: 0.5286
[Fine-tune] Epoch 25/50 - Loss: 0.1904 - Val F1: 0.4651 - Val ROC-AUC: 0.7423 - Val PR-AUC: 0.4974
[Fine-tune] Epoch 26/50 - Loss: 0.2005 - Val F1: 0.4348 - Val ROC-AUC: 0.7286 - Val PR-AUC: 0.5281
[Fine-tune] Epoch 27/50 - Loss: 0.1621 - Val F1: 0.4286 - Val ROC-AUC: 0.7429 - Val PR-AUC: 0.5027
[Fine-tune] Epoch 28/50 - Loss: 0.1812 - Val F1: 0.4444 - Val ROC-AUC: 0.7511 - Val PR-AUC: 0.5186
[Fine-tune] Epoch 29/50 - Loss: 0.1735 - Val F1: 0.4651 - Val ROC-AUC: 0.7336 - Val PR-AUC: 0.5151
[Fine-tune] Epoch 30/50 - Loss: 0.1404 - Val F1: 0.4651 - Val ROC-AUC: 0.7434 - Val PR-AUC: 0.5023
[Fine-tune] Epoch 31/50 - Loss: 0.1841 - Val F1: 0.5128 - Val ROC-AUC: 0.7308 - Val PR-AUC: 0.4745
[Fine-tune] Epoch 32/50 - Loss: 0.1688 - Val F1: 0.4545 - Val ROC-AUC: 0.7122 - Val PR-AUC: 0.4631
[Fine-tune] Epoch 33/50 - Loss: 0.1535 - Val F1: 0.4444 - Val ROC-AUC: 0.7281 - Val PR-AUC: 0.4818
[Fine-tune] Epoch 34/50 - Loss: 0.1679 - Val F1: 0.4286 - Val ROC-AUC: 0.7264 - Val PR-AUC: 0.4714
[Fine-tune] Epoch 35/50 - Loss: 0.1587 - Val F1: 0.4545 - Val ROC-AUC: 0.7259 - Val PR-AUC: 0.4991
[Fine-tune] Epoch 36/50 - Loss: 0.1982 - Val F1: 0.4651 - Val ROC-AUC: 0.7303 - Val PR-AUC: 0.4821
[Fine-tune] Epoch 37/50 - Loss: 0.1504 - Val F1: 0.5000 - Val ROC-AUC: 0.7390 - Val PR-AUC: 0.5104
[Fine-tune] Epoch 38/50 - Loss: 0.1480 - Val F1: 0.4390 - Val ROC-AUC: 0.7336 - Val PR-AUC: 0.4793
[Fine-tune] Epoch 39/50 - Loss: 0.1867 - Val F1: 0.4545 - Val ROC-AUC: 0.7434 - Val PR-AUC: 0.4735
[Fine-tune] Epoch 40/50 - Loss: 0.1691 - Val F1: 0.4615 - Val ROC-AUC: 0.7385 - Val PR-AUC: 0.5114
[Fine-tune] Epoch 41/50 - Loss: 0.1578 - Val F1: 0.4878 - Val ROC-AUC: 0.7341 - Val PR-AUC: 0.4895
[Fine-tune] Epoch 42/50 - Loss: 0.1678 - Val F1: 0.4878 - Val ROC-AUC: 0.7253 - Val PR-AUC: 0.4744
[Fine-tune] Epoch 43/50 - Loss: 0.1241 - Val F1: 0.4878 - Val ROC-AUC: 0.7314 - Val PR-AUC: 0.4653
[Fine-tune] Epoch 44/50 - Loss: 0.1524 - Val F1: 0.4651 - Val ROC-AUC: 0.7325 - Val PR-AUC: 0.4733
[Fine-tune] Epoch 45/50 - Loss: 0.1463 - Val F1: 0.4615 - Val ROC-AUC: 0.7264 - Val PR-AUC: 0.4765
[Fine-tune] Epoch 46/50 - Loss: 0.1580 - Val F1: 0.4878 - Val ROC-AUC: 0.7220 - Val PR-AUC: 0.4681
[Fine-tune] Epoch 47/50 - Loss: 0.1483 - Val F1: 0.5000 - Val ROC-AUC: 0.7242 - Val PR-AUC: 0.4813
[Fine-tune] Epoch 48/50 - Loss: 0.1461 - Val F1: 0.4878 - Val ROC-AUC: 0.7270 - Val PR-AUC: 0.4658
[Fine-tune] Epoch 49/50 - Loss: 0.1424 - Val F1: 0.5128 - Val ROC-AUC: 0.7160 - Val PR-AUC: 0.4650
[Fine-tune] Epoch 50/50 - Loss: 0.1501 - Val F1: 0.5000 - Val ROC-AUC: 0.7182 - Val PR-AUC: 0.4937
Finetuning completed. Test F1: 0.4324, ROC-AUC: 0.7113, PR-AUC: 0.4324
[3.1/4] Target-only training on NVS_NR_hER using GIN...
  * Target-only 모델 이미 존재: model_save/targetonly/gin/TargetOnly_NVS_NR_hER_gin.pth
  * Target-only 생략, 저장된 모델로 평가만 진행
=== Target-only TEST performance ===
Test F1: 0.5000, ROC-AUC: 0.7482, PR-AUC: 0.4416
✅ 실험 완료: TOX21_ERb_BLA_Agonist_viability -> NVS_NR_hER [GIN]
