[2/4] Pretraining on TOX21_ERa_LUC_VM7_Agonist_10nM_ICI182780_viability using GCN_GAT...
  * Pretrained model already exists at model_save/pretrained/gcn_gat/Pretrained_TOX21_ERa_LUC_VM7_Agonist_10nM_ICI182780_viability_gcn_gat.pth, loading...
[3/4] Finetuning on ACEA_ER_80hr using GCN_GAT...
[Fine-tune] Epoch 1/50 - Loss: 0.7638 - Val F1: 0.2125 - Val ROC-AUC: 0.6306 - Val PR-AUC: 0.1611
[Fine-tune] Epoch 2/50 - Loss: 0.6093 - Val F1: 0.2394 - Val ROC-AUC: 0.6472 - Val PR-AUC: 0.2905
[Fine-tune] Epoch 3/50 - Loss: 0.5731 - Val F1: 0.2030 - Val ROC-AUC: 0.6674 - Val PR-AUC: 0.2522
[Fine-tune] Epoch 4/50 - Loss: 0.5531 - Val F1: 0.2086 - Val ROC-AUC: 0.6414 - Val PR-AUC: 0.2232
[Fine-tune] Epoch 5/50 - Loss: 0.5542 - Val F1: 0.2336 - Val ROC-AUC: 0.6599 - Val PR-AUC: 0.3073
[Fine-tune] Epoch 6/50 - Loss: 0.5158 - Val F1: 0.2500 - Val ROC-AUC: 0.6826 - Val PR-AUC: 0.3052
[Fine-tune] Epoch 7/50 - Loss: 0.5206 - Val F1: 0.2523 - Val ROC-AUC: 0.6670 - Val PR-AUC: 0.2867
[Fine-tune] Epoch 8/50 - Loss: 0.5215 - Val F1: 0.2558 - Val ROC-AUC: 0.6950 - Val PR-AUC: 0.3007
[Fine-tune] Epoch 9/50 - Loss: 0.5342 - Val F1: 0.2105 - Val ROC-AUC: 0.6641 - Val PR-AUC: 0.2600
[Fine-tune] Epoch 10/50 - Loss: 0.5162 - Val F1: 0.2041 - Val ROC-AUC: 0.6521 - Val PR-AUC: 0.2808
[Fine-tune] Epoch 11/50 - Loss: 0.4853 - Val F1: 0.2500 - Val ROC-AUC: 0.6678 - Val PR-AUC: 0.3217
[Fine-tune] Epoch 12/50 - Loss: 0.4765 - Val F1: 0.2319 - Val ROC-AUC: 0.6574 - Val PR-AUC: 0.2926
[Fine-tune] Epoch 13/50 - Loss: 0.4801 - Val F1: 0.2479 - Val ROC-AUC: 0.6735 - Val PR-AUC: 0.2783
[Fine-tune] Epoch 14/50 - Loss: 0.4640 - Val F1: 0.2393 - Val ROC-AUC: 0.6456 - Val PR-AUC: 0.2309
[Fine-tune] Epoch 15/50 - Loss: 0.4859 - Val F1: 0.2370 - Val ROC-AUC: 0.6949 - Val PR-AUC: 0.3520
[Fine-tune] Epoch 16/50 - Loss: 0.4402 - Val F1: 0.2830 - Val ROC-AUC: 0.6663 - Val PR-AUC: 0.2981
[Fine-tune] Epoch 17/50 - Loss: 0.4501 - Val F1: 0.2381 - Val ROC-AUC: 0.6829 - Val PR-AUC: 0.2743
[Fine-tune] Epoch 18/50 - Loss: 0.4623 - Val F1: 0.2692 - Val ROC-AUC: 0.6635 - Val PR-AUC: 0.3003
[Fine-tune] Epoch 19/50 - Loss: 0.4591 - Val F1: 0.2708 - Val ROC-AUC: 0.6526 - Val PR-AUC: 0.3066
[Fine-tune] Epoch 20/50 - Loss: 0.4458 - Val F1: 0.2083 - Val ROC-AUC: 0.6762 - Val PR-AUC: 0.3646
[Fine-tune] Epoch 21/50 - Loss: 0.4351 - Val F1: 0.2833 - Val ROC-AUC: 0.6953 - Val PR-AUC: 0.2837
[Fine-tune] Epoch 22/50 - Loss: 0.4409 - Val F1: 0.2712 - Val ROC-AUC: 0.6757 - Val PR-AUC: 0.3100
[Fine-tune] Epoch 23/50 - Loss: 0.4310 - Val F1: 0.2778 - Val ROC-AUC: 0.6762 - Val PR-AUC: 0.3261
[Fine-tune] Epoch 24/50 - Loss: 0.4222 - Val F1: 0.2435 - Val ROC-AUC: 0.6735 - Val PR-AUC: 0.3321
[Fine-tune] Epoch 25/50 - Loss: 0.4218 - Val F1: 0.3261 - Val ROC-AUC: 0.6855 - Val PR-AUC: 0.3172
[Fine-tune] Epoch 26/50 - Loss: 0.4153 - Val F1: 0.2446 - Val ROC-AUC: 0.6912 - Val PR-AUC: 0.2832
[Fine-tune] Epoch 27/50 - Loss: 0.4061 - Val F1: 0.2098 - Val ROC-AUC: 0.6712 - Val PR-AUC: 0.2748
[Fine-tune] Epoch 28/50 - Loss: 0.4243 - Val F1: 0.2889 - Val ROC-AUC: 0.6558 - Val PR-AUC: 0.2773
[Fine-tune] Epoch 29/50 - Loss: 0.4138 - Val F1: 0.2500 - Val ROC-AUC: 0.6843 - Val PR-AUC: 0.3234
[Fine-tune] Epoch 30/50 - Loss: 0.4132 - Val F1: 0.3210 - Val ROC-AUC: 0.6827 - Val PR-AUC: 0.2812
[Fine-tune] Epoch 31/50 - Loss: 0.4121 - Val F1: 0.2609 - Val ROC-AUC: 0.6832 - Val PR-AUC: 0.2631
[Fine-tune] Epoch 32/50 - Loss: 0.3816 - Val F1: 0.2569 - Val ROC-AUC: 0.6758 - Val PR-AUC: 0.3124
[Fine-tune] Epoch 33/50 - Loss: 0.4068 - Val F1: 0.2520 - Val ROC-AUC: 0.6890 - Val PR-AUC: 0.3188
[Fine-tune] Epoch 34/50 - Loss: 0.3964 - Val F1: 0.2826 - Val ROC-AUC: 0.6938 - Val PR-AUC: 0.3133
[Fine-tune] Epoch 35/50 - Loss: 0.4064 - Val F1: 0.2885 - Val ROC-AUC: 0.6934 - Val PR-AUC: 0.2792
[Fine-tune] Epoch 36/50 - Loss: 0.3851 - Val F1: 0.2626 - Val ROC-AUC: 0.6749 - Val PR-AUC: 0.2554
[Fine-tune] Epoch 37/50 - Loss: 0.4034 - Val F1: 0.2453 - Val ROC-AUC: 0.6932 - Val PR-AUC: 0.3199
[Fine-tune] Epoch 38/50 - Loss: 0.4063 - Val F1: 0.2708 - Val ROC-AUC: 0.6766 - Val PR-AUC: 0.2886
[Fine-tune] Epoch 39/50 - Loss: 0.3868 - Val F1: 0.2759 - Val ROC-AUC: 0.7047 - Val PR-AUC: 0.2910
[Fine-tune] Epoch 40/50 - Loss: 0.3858 - Val F1: 0.2857 - Val ROC-AUC: 0.6890 - Val PR-AUC: 0.3075
[Fine-tune] Epoch 41/50 - Loss: 0.3839 - Val F1: 0.2857 - Val ROC-AUC: 0.6868 - Val PR-AUC: 0.2954
[Fine-tune] Epoch 42/50 - Loss: 0.3850 - Val F1: 0.2979 - Val ROC-AUC: 0.6837 - Val PR-AUC: 0.2856
[Fine-tune] Epoch 43/50 - Loss: 0.3894 - Val F1: 0.3011 - Val ROC-AUC: 0.6900 - Val PR-AUC: 0.3112
[Fine-tune] Epoch 44/50 - Loss: 0.3858 - Val F1: 0.2970 - Val ROC-AUC: 0.6969 - Val PR-AUC: 0.3016
[Fine-tune] Epoch 45/50 - Loss: 0.3680 - Val F1: 0.2830 - Val ROC-AUC: 0.7090 - Val PR-AUC: 0.3098
[Fine-tune] Epoch 46/50 - Loss: 0.3797 - Val F1: 0.2828 - Val ROC-AUC: 0.6947 - Val PR-AUC: 0.3168
[Fine-tune] Epoch 47/50 - Loss: 0.3809 - Val F1: 0.3059 - Val ROC-AUC: 0.6934 - Val PR-AUC: 0.3097
[Fine-tune] Epoch 48/50 - Loss: 0.3657 - Val F1: 0.3265 - Val ROC-AUC: 0.6969 - Val PR-AUC: 0.2946
[Fine-tune] Epoch 49/50 - Loss: 0.3683 - Val F1: 0.2941 - Val ROC-AUC: 0.7057 - Val PR-AUC: 0.3631
[Fine-tune] Epoch 50/50 - Loss: 0.3951 - Val F1: 0.3093 - Val ROC-AUC: 0.6953 - Val PR-AUC: 0.2998
Finetuning completed. Test F1: 0.2796, ROC-AUC: 0.7107, PR-AUC: 0.2738
[3.1/4] Target-only training on ACEA_ER_80hr using GCN_GAT...
  * Target-only 모델 이미 존재: model_save/targetonly/gcn_gat/TargetOnly_ACEA_ER_80hr_gcn_gat.pth
  * Target-only 생략, 저장된 모델로 평가만 진행
=== Target-only TEST performance ===
Test F1: 0.3146, ROC-AUC: 0.7197, PR-AUC: 0.2705
✅ 실험 완료: TOX21_ERa_LUC_VM7_Agonist_10nM_ICI182780_viability -> ACEA_ER_80hr [GCN_GAT]
