[2/4] Pretraining on Supplemental_Material_2_TrainingSet using GIN...
  * Pretrained model already exists at model_save/pretrained/gin/Pretrained_Supplemental_Material_2_TrainingSet_gin.pth, loading...
[3/4] Finetuning on NVS_NR_hER using GIN...
[Fine-tune] Epoch 1/50 - Loss: 0.5839 - Val F1: 0.4561 - Val ROC-AUC: 0.7906 - Val PR-AUC: 0.5892
[Fine-tune] Epoch 2/50 - Loss: 0.5330 - Val F1: 0.4068 - Val ROC-AUC: 0.7522 - Val PR-AUC: 0.5416
[Fine-tune] Epoch 3/50 - Loss: 0.5410 - Val F1: 0.4062 - Val ROC-AUC: 0.7171 - Val PR-AUC: 0.5068
[Fine-tune] Epoch 4/50 - Loss: 0.4772 - Val F1: 0.4400 - Val ROC-AUC: 0.7473 - Val PR-AUC: 0.5749
[Fine-tune] Epoch 5/50 - Loss: 0.4767 - Val F1: 0.4651 - Val ROC-AUC: 0.7736 - Val PR-AUC: 0.5760
[Fine-tune] Epoch 6/50 - Loss: 0.4337 - Val F1: 0.3846 - Val ROC-AUC: 0.7182 - Val PR-AUC: 0.5640
[Fine-tune] Epoch 7/50 - Loss: 0.4108 - Val F1: 0.4561 - Val ROC-AUC: 0.7407 - Val PR-AUC: 0.5707
[Fine-tune] Epoch 8/50 - Loss: 0.4411 - Val F1: 0.3784 - Val ROC-AUC: 0.7215 - Val PR-AUC: 0.5275
[Fine-tune] Epoch 9/50 - Loss: 0.4119 - Val F1: 0.4490 - Val ROC-AUC: 0.7412 - Val PR-AUC: 0.3809
[Fine-tune] Epoch 10/50 - Loss: 0.3855 - Val F1: 0.5000 - Val ROC-AUC: 0.7560 - Val PR-AUC: 0.5381
[Fine-tune] Epoch 11/50 - Loss: 0.3561 - Val F1: 0.4348 - Val ROC-AUC: 0.7632 - Val PR-AUC: 0.5824
[Fine-tune] Epoch 12/50 - Loss: 0.3552 - Val F1: 0.4167 - Val ROC-AUC: 0.7396 - Val PR-AUC: 0.4833
[Fine-tune] Epoch 13/50 - Loss: 0.3816 - Val F1: 0.4231 - Val ROC-AUC: 0.7346 - Val PR-AUC: 0.4693
[Fine-tune] Epoch 14/50 - Loss: 0.3705 - Val F1: 0.4400 - Val ROC-AUC: 0.7703 - Val PR-AUC: 0.5490
[Fine-tune] Epoch 15/50 - Loss: 0.3219 - Val F1: 0.4211 - Val ROC-AUC: 0.7500 - Val PR-AUC: 0.5394
[Fine-tune] Epoch 16/50 - Loss: 0.3105 - Val F1: 0.3929 - Val ROC-AUC: 0.7330 - Val PR-AUC: 0.5588
[Fine-tune] Epoch 17/50 - Loss: 0.3252 - Val F1: 0.4528 - Val ROC-AUC: 0.7401 - Val PR-AUC: 0.5331
[Fine-tune] Epoch 18/50 - Loss: 0.3021 - Val F1: 0.4000 - Val ROC-AUC: 0.7308 - Val PR-AUC: 0.4617
[Fine-tune] Epoch 19/50 - Loss: 0.3028 - Val F1: 0.3810 - Val ROC-AUC: 0.7204 - Val PR-AUC: 0.4865
[Fine-tune] Epoch 20/50 - Loss: 0.3069 - Val F1: 0.4390 - Val ROC-AUC: 0.7681 - Val PR-AUC: 0.5509
[Fine-tune] Epoch 21/50 - Loss: 0.2968 - Val F1: 0.4255 - Val ROC-AUC: 0.7571 - Val PR-AUC: 0.5203
[Fine-tune] Epoch 22/50 - Loss: 0.2460 - Val F1: 0.4167 - Val ROC-AUC: 0.7681 - Val PR-AUC: 0.4401
[Fine-tune] Epoch 23/50 - Loss: 0.2626 - Val F1: 0.4490 - Val ROC-AUC: 0.7566 - Val PR-AUC: 0.5578
[Fine-tune] Epoch 24/50 - Loss: 0.2997 - Val F1: 0.4583 - Val ROC-AUC: 0.7599 - Val PR-AUC: 0.5228
[Fine-tune] Epoch 25/50 - Loss: 0.2566 - Val F1: 0.4364 - Val ROC-AUC: 0.7478 - Val PR-AUC: 0.5301
[Fine-tune] Epoch 26/50 - Loss: 0.2805 - Val F1: 0.4186 - Val ROC-AUC: 0.7719 - Val PR-AUC: 0.5364
[Fine-tune] Epoch 27/50 - Loss: 0.2573 - Val F1: 0.4255 - Val ROC-AUC: 0.7473 - Val PR-AUC: 0.4677
[Fine-tune] Epoch 28/50 - Loss: 0.2206 - Val F1: 0.4490 - Val ROC-AUC: 0.7812 - Val PR-AUC: 0.5664
[Fine-tune] Epoch 29/50 - Loss: 0.2463 - Val F1: 0.4783 - Val ROC-AUC: 0.7599 - Val PR-AUC: 0.4728
[Fine-tune] Epoch 30/50 - Loss: 0.2434 - Val F1: 0.4490 - Val ROC-AUC: 0.7610 - Val PR-AUC: 0.5033
[Fine-tune] Epoch 31/50 - Loss: 0.2247 - Val F1: 0.4681 - Val ROC-AUC: 0.7549 - Val PR-AUC: 0.4945
[Fine-tune] Epoch 32/50 - Loss: 0.2654 - Val F1: 0.4444 - Val ROC-AUC: 0.7599 - Val PR-AUC: 0.4663
[Fine-tune] Epoch 33/50 - Loss: 0.2495 - Val F1: 0.4400 - Val ROC-AUC: 0.7500 - Val PR-AUC: 0.4925
[Fine-tune] Epoch 34/50 - Loss: 0.2205 - Val F1: 0.4651 - Val ROC-AUC: 0.7582 - Val PR-AUC: 0.4799
[Fine-tune] Epoch 35/50 - Loss: 0.2222 - Val F1: 0.4889 - Val ROC-AUC: 0.7582 - Val PR-AUC: 0.4784
[Fine-tune] Epoch 36/50 - Loss: 0.2182 - Val F1: 0.4783 - Val ROC-AUC: 0.7604 - Val PR-AUC: 0.4989
[Fine-tune] Epoch 37/50 - Loss: 0.2338 - Val F1: 0.4681 - Val ROC-AUC: 0.7604 - Val PR-AUC: 0.4867
[Fine-tune] Epoch 38/50 - Loss: 0.2312 - Val F1: 0.3913 - Val ROC-AUC: 0.7538 - Val PR-AUC: 0.4649
[Fine-tune] Epoch 39/50 - Loss: 0.2297 - Val F1: 0.4681 - Val ROC-AUC: 0.7730 - Val PR-AUC: 0.5111
[Fine-tune] Epoch 40/50 - Loss: 0.2071 - Val F1: 0.4898 - Val ROC-AUC: 0.7604 - Val PR-AUC: 0.5532
[Fine-tune] Epoch 41/50 - Loss: 0.2454 - Val F1: 0.5000 - Val ROC-AUC: 0.7599 - Val PR-AUC: 0.5362
[Fine-tune] Epoch 42/50 - Loss: 0.1840 - Val F1: 0.4348 - Val ROC-AUC: 0.7582 - Val PR-AUC: 0.4903
[Fine-tune] Epoch 43/50 - Loss: 0.1810 - Val F1: 0.4348 - Val ROC-AUC: 0.7610 - Val PR-AUC: 0.4792
[Fine-tune] Epoch 44/50 - Loss: 0.1970 - Val F1: 0.4706 - Val ROC-AUC: 0.7505 - Val PR-AUC: 0.4871
[Fine-tune] Epoch 45/50 - Loss: 0.2058 - Val F1: 0.4898 - Val ROC-AUC: 0.7708 - Val PR-AUC: 0.5529
[Fine-tune] Epoch 46/50 - Loss: 0.1905 - Val F1: 0.4583 - Val ROC-AUC: 0.7588 - Val PR-AUC: 0.5328
[Fine-tune] Epoch 47/50 - Loss: 0.1707 - Val F1: 0.4898 - Val ROC-AUC: 0.7621 - Val PR-AUC: 0.5306
[Fine-tune] Epoch 48/50 - Loss: 0.1724 - Val F1: 0.5000 - Val ROC-AUC: 0.7610 - Val PR-AUC: 0.5215
[Fine-tune] Epoch 49/50 - Loss: 0.1928 - Val F1: 0.4681 - Val ROC-AUC: 0.7527 - Val PR-AUC: 0.4627
[Fine-tune] Epoch 50/50 - Loss: 0.2139 - Val F1: 0.4545 - Val ROC-AUC: 0.7599 - Val PR-AUC: 0.5185
Finetuning completed. Test F1: 0.4242, ROC-AUC: 0.7211, PR-AUC: 0.3857
[3.1/4] Target-only training on NVS_NR_hER using GIN...
  * Target-only 모델 이미 존재: model_save/targetonly/gin/TargetOnly_NVS_NR_hER_gin.pth
  * Target-only 생략, 저장된 모델로 평가만 진행
=== Target-only TEST performance ===
Test F1: 0.5000, ROC-AUC: 0.7482, PR-AUC: 0.4416
✅ 실험 완료: Supplemental_Material_2_TrainingSet -> NVS_NR_hER [GIN]
