[2/4] Pretraining on Supplemental_Material_2_TrainingSet using GIN...
  * Pretrained model already exists at model_save/pretrained/gin/Pretrained_Supplemental_Material_2_TrainingSet_gin.pth, loading...
[3/4] Finetuning on OT_ER_ERbERb_1440 using GIN...
[Fine-tune] Epoch 1/50 - Loss: 0.5674 - Val F1: 0.3438 - Val ROC-AUC: 0.6754 - Val PR-AUC: 0.3655
[Fine-tune] Epoch 2/50 - Loss: 0.5495 - Val F1: 0.3774 - Val ROC-AUC: 0.6713 - Val PR-AUC: 0.3319
[Fine-tune] Epoch 3/50 - Loss: 0.5267 - Val F1: 0.3095 - Val ROC-AUC: 0.6951 - Val PR-AUC: 0.4577
[Fine-tune] Epoch 4/50 - Loss: 0.4900 - Val F1: 0.4000 - Val ROC-AUC: 0.6610 - Val PR-AUC: 0.4574
[Fine-tune] Epoch 5/50 - Loss: 0.4952 - Val F1: 0.3492 - Val ROC-AUC: 0.6696 - Val PR-AUC: 0.3995
[Fine-tune] Epoch 6/50 - Loss: 0.4428 - Val F1: 0.2476 - Val ROC-AUC: 0.6624 - Val PR-AUC: 0.4368
[Fine-tune] Epoch 7/50 - Loss: 0.4546 - Val F1: 0.3824 - Val ROC-AUC: 0.7040 - Val PR-AUC: 0.3563
[Fine-tune] Epoch 8/50 - Loss: 0.4690 - Val F1: 0.4000 - Val ROC-AUC: 0.7009 - Val PR-AUC: 0.3579
[Fine-tune] Epoch 9/50 - Loss: 0.4666 - Val F1: 0.2558 - Val ROC-AUC: 0.6716 - Val PR-AUC: 0.4294
[Fine-tune] Epoch 10/50 - Loss: 0.4383 - Val F1: 0.3684 - Val ROC-AUC: 0.7170 - Val PR-AUC: 0.4534
[Fine-tune] Epoch 11/50 - Loss: 0.3978 - Val F1: 0.3200 - Val ROC-AUC: 0.7278 - Val PR-AUC: 0.4696
[Fine-tune] Epoch 12/50 - Loss: 0.4208 - Val F1: 0.3529 - Val ROC-AUC: 0.7297 - Val PR-AUC: 0.4508
[Fine-tune] Epoch 13/50 - Loss: 0.4137 - Val F1: 0.4062 - Val ROC-AUC: 0.7267 - Val PR-AUC: 0.4655
[Fine-tune] Epoch 14/50 - Loss: 0.3948 - Val F1: 0.3333 - Val ROC-AUC: 0.6876 - Val PR-AUC: 0.4405
[Fine-tune] Epoch 15/50 - Loss: 0.4038 - Val F1: 0.3836 - Val ROC-AUC: 0.7239 - Val PR-AUC: 0.4531
[Fine-tune] Epoch 16/50 - Loss: 0.3574 - Val F1: 0.3059 - Val ROC-AUC: 0.7231 - Val PR-AUC: 0.4718
[Fine-tune] Epoch 17/50 - Loss: 0.3593 - Val F1: 0.3562 - Val ROC-AUC: 0.6923 - Val PR-AUC: 0.4521
[Fine-tune] Epoch 18/50 - Loss: 0.3368 - Val F1: 0.3768 - Val ROC-AUC: 0.7120 - Val PR-AUC: 0.4586
[Fine-tune] Epoch 19/50 - Loss: 0.3797 - Val F1: 0.3200 - Val ROC-AUC: 0.6995 - Val PR-AUC: 0.4567
[Fine-tune] Epoch 20/50 - Loss: 0.3510 - Val F1: 0.3288 - Val ROC-AUC: 0.7164 - Val PR-AUC: 0.4426
[Fine-tune] Epoch 21/50 - Loss: 0.3356 - Val F1: 0.4000 - Val ROC-AUC: 0.7411 - Val PR-AUC: 0.4568
[Fine-tune] Epoch 22/50 - Loss: 0.3243 - Val F1: 0.3824 - Val ROC-AUC: 0.7508 - Val PR-AUC: 0.4948
[Fine-tune] Epoch 23/50 - Loss: 0.3202 - Val F1: 0.4000 - Val ROC-AUC: 0.7480 - Val PR-AUC: 0.4915
[Fine-tune] Epoch 24/50 - Loss: 0.3266 - Val F1: 0.4058 - Val ROC-AUC: 0.7402 - Val PR-AUC: 0.5446
[Fine-tune] Epoch 25/50 - Loss: 0.2979 - Val F1: 0.3768 - Val ROC-AUC: 0.7294 - Val PR-AUC: 0.5323
[Fine-tune] Epoch 26/50 - Loss: 0.2846 - Val F1: 0.4194 - Val ROC-AUC: 0.7444 - Val PR-AUC: 0.5414
[Fine-tune] Epoch 27/50 - Loss: 0.2756 - Val F1: 0.3333 - Val ROC-AUC: 0.7333 - Val PR-AUC: 0.4974
[Fine-tune] Epoch 28/50 - Loss: 0.2733 - Val F1: 0.4068 - Val ROC-AUC: 0.7117 - Val PR-AUC: 0.4710
[Fine-tune] Epoch 29/50 - Loss: 0.2932 - Val F1: 0.3881 - Val ROC-AUC: 0.7300 - Val PR-AUC: 0.4782
[Fine-tune] Epoch 30/50 - Loss: 0.2658 - Val F1: 0.3939 - Val ROC-AUC: 0.7419 - Val PR-AUC: 0.5556
[Fine-tune] Epoch 31/50 - Loss: 0.2882 - Val F1: 0.3934 - Val ROC-AUC: 0.7261 - Val PR-AUC: 0.5230
[Fine-tune] Epoch 32/50 - Loss: 0.2439 - Val F1: 0.3750 - Val ROC-AUC: 0.7192 - Val PR-AUC: 0.5325
[Fine-tune] Epoch 33/50 - Loss: 0.2542 - Val F1: 0.3582 - Val ROC-AUC: 0.7156 - Val PR-AUC: 0.5289
[Fine-tune] Epoch 34/50 - Loss: 0.2388 - Val F1: 0.4528 - Val ROC-AUC: 0.7106 - Val PR-AUC: 0.5060
[Fine-tune] Epoch 35/50 - Loss: 0.2624 - Val F1: 0.4528 - Val ROC-AUC: 0.7203 - Val PR-AUC: 0.5005
[Fine-tune] Epoch 36/50 - Loss: 0.2221 - Val F1: 0.3636 - Val ROC-AUC: 0.7281 - Val PR-AUC: 0.4997
[Fine-tune] Epoch 37/50 - Loss: 0.2462 - Val F1: 0.3636 - Val ROC-AUC: 0.7339 - Val PR-AUC: 0.5133
[Fine-tune] Epoch 38/50 - Loss: 0.2443 - Val F1: 0.3768 - Val ROC-AUC: 0.7305 - Val PR-AUC: 0.4704
[Fine-tune] Epoch 39/50 - Loss: 0.2294 - Val F1: 0.3810 - Val ROC-AUC: 0.7477 - Val PR-AUC: 0.5652
[Fine-tune] Epoch 40/50 - Loss: 0.2490 - Val F1: 0.4364 - Val ROC-AUC: 0.7333 - Val PR-AUC: 0.5224
[Fine-tune] Epoch 41/50 - Loss: 0.2301 - Val F1: 0.4068 - Val ROC-AUC: 0.7283 - Val PR-AUC: 0.4994
[Fine-tune] Epoch 42/50 - Loss: 0.2233 - Val F1: 0.4068 - Val ROC-AUC: 0.7308 - Val PR-AUC: 0.5373
[Fine-tune] Epoch 43/50 - Loss: 0.2353 - Val F1: 0.4000 - Val ROC-AUC: 0.7222 - Val PR-AUC: 0.5222
[Fine-tune] Epoch 44/50 - Loss: 0.2291 - Val F1: 0.4211 - Val ROC-AUC: 0.7150 - Val PR-AUC: 0.4931
[Fine-tune] Epoch 45/50 - Loss: 0.2176 - Val F1: 0.4211 - Val ROC-AUC: 0.7200 - Val PR-AUC: 0.5155
[Fine-tune] Epoch 46/50 - Loss: 0.2474 - Val F1: 0.4211 - Val ROC-AUC: 0.7217 - Val PR-AUC: 0.5248
[Fine-tune] Epoch 47/50 - Loss: 0.2296 - Val F1: 0.3871 - Val ROC-AUC: 0.7214 - Val PR-AUC: 0.5195
[Fine-tune] Epoch 48/50 - Loss: 0.2382 - Val F1: 0.4000 - Val ROC-AUC: 0.7278 - Val PR-AUC: 0.5271
[Fine-tune] Epoch 49/50 - Loss: 0.2253 - Val F1: 0.4364 - Val ROC-AUC: 0.7217 - Val PR-AUC: 0.5175
[Fine-tune] Epoch 50/50 - Loss: 0.2437 - Val F1: 0.4364 - Val ROC-AUC: 0.7333 - Val PR-AUC: 0.5309
Finetuning completed. Test F1: 0.3750, ROC-AUC: 0.6763, PR-AUC: 0.2985
[3.1/4] Target-only training on OT_ER_ERbERb_1440 using GIN...
  * Target-only 모델 이미 존재: model_save/targetonly/gin/TargetOnly_OT_ER_ERbERb_1440_gin.pth
  * Target-only 생략, 저장된 모델로 평가만 진행
=== Target-only TEST performance ===
Test F1: 0.4000, ROC-AUC: 0.6824, PR-AUC: 0.2929
✅ 실험 완료: Supplemental_Material_2_TrainingSet -> OT_ER_ERbERb_1440 [GIN]
