[18:07:19] Can't kekulize mol.  Unkekulized atoms: 1 2 3 4 5
[18:07:19] Explicit valence for atom # 0 Cl, 2, is greater than permitted
[18:07:20] Can't kekulize mol.  Unkekulized atoms: 3 4 5 6 7
[18:07:20] Can't kekulize mol.  Unkekulized atoms: 3 4 5 6 7
[18:07:21] WARNING: not removing hydrogen atom without neighbors
[18:07:23] Explicit valence for atom # 3 Si, 8, is greater than permitted
[18:07:23] Can't kekulize mol.  Unkekulized atoms: 1 2 3 4 5
[18:07:23] Can't kekulize mol.  Unkekulized atoms: 3 4 5 6 7
[18:07:23] Can't kekulize mol.  Unkekulized atoms: 1 2 3 4 5
[18:07:24] WARNING: not removing hydrogen atom without neighbors
[18:07:24] Can't kekulize mol.  Unkekulized atoms: 1 2 3 4 5
[18:07:24] Explicit valence for atom # 6 O, 3, is greater than permitted
[18:07:24] Explicit valence for atom # 3 Si, 8, is greater than permitted
[18:07:24] Explicit valence for atom # 0 Cl, 2, is greater than permitted
[18:07:48] Can't kekulize mol.  Unkekulized atoms: 1 2 3 4 5
[18:07:48] Explicit valence for atom # 0 Cl, 2, is greater than permitted
[18:07:49] Can't kekulize mol.  Unkekulized atoms: 3 4 5 6 7
[18:07:50] Can't kekulize mol.  Unkekulized atoms: 3 4 5 6 7
[18:07:52] Can't kekulize mol.  Unkekulized atoms: 1 2 3 4 5
[18:07:52] Can't kekulize mol.  Unkekulized atoms: 3 4 5 6 7
[18:07:52] Can't kekulize mol.  Unkekulized atoms: 1 2 3 4 5
[18:07:52] WARNING: not removing hydrogen atom without neighbors
[18:07:53] Can't kekulize mol.  Unkekulized atoms: 1 2 3 4 5
[18:07:53] Explicit valence for atom # 6 O, 3, is greater than permitted
[18:07:53] Explicit valence for atom # 3 Si, 8, is greater than permitted
[18:07:53] Explicit valence for atom # 0 Cl, 2, is greater than permitted
[18:08:13] Can't kekulize mol.  Unkekulized atoms: 1 2 3 4 5
[18:08:14] Explicit valence for atom # 0 Cl, 2, is greater than permitted
[18:08:15] Can't kekulize mol.  Unkekulized atoms: 3 4 5 6 7
[18:08:15] Can't kekulize mol.  Unkekulized atoms: 3 4 5 6 7
[18:08:17] Can't kekulize mol.  Unkekulized atoms: 1 2 3 4 5
[18:08:17] Can't kekulize mol.  Unkekulized atoms: 3 4 5 6 7
[18:08:18] Can't kekulize mol.  Unkekulized atoms: 1 2 3 4 5
[18:08:18] WARNING: not removing hydrogen atom without neighbors
[18:08:18] Can't kekulize mol.  Unkekulized atoms: 1 2 3 4 5
[18:08:18] Explicit valence for atom # 6 O, 3, is greater than permitted
[18:08:18] Explicit valence for atom # 3 Si, 8, is greater than permitted
[18:08:19] Explicit valence for atom # 0 Cl, 2, is greater than permitted
[18:08:40] Can't kekulize mol.  Unkekulized atoms: 1 2 3 4 5
[18:08:41] Explicit valence for atom # 0 Cl, 2, is greater than permitted
[18:08:41] Can't kekulize mol.  Unkekulized atoms: 3 4 5 6 7
[18:08:42] Can't kekulize mol.  Unkekulized atoms: 3 4 5 6 7
[18:08:44] Can't kekulize mol.  Unkekulized atoms: 1 2 3 4 5
[18:08:44] Can't kekulize mol.  Unkekulized atoms: 3 4 5 6 7
[18:08:45] Can't kekulize mol.  Unkekulized atoms: 1 2 3 4 5
[18:08:45] WARNING: not removing hydrogen atom without neighbors
[18:08:45] Can't kekulize mol.  Unkekulized atoms: 1 2 3 4 5
[18:08:45] Explicit valence for atom # 6 O, 3, is greater than permitted
[18:08:45] Explicit valence for atom # 3 Si, 8, is greater than permitted
[18:08:46] Explicit valence for atom # 0 Cl, 2, is greater than permitted
[18:08:46] Can't kekulize mol.  Unkekulized atoms: 1 2 3 4 5
[18:08:46] Explicit valence for atom # 0 Cl, 2, is greater than permitted
[18:08:47] Can't kekulize mol.  Unkekulized atoms: 3 4 5 6 7
[18:08:47] Can't kekulize mol.  Unkekulized atoms: 3 4 5 6 7
[18:08:50] Can't kekulize mol.  Unkekulized atoms: 1 2 3 4 5
[18:08:50] Can't kekulize mol.  Unkekulized atoms: 3 4 5 6 7
[18:08:50] Can't kekulize mol.  Unkekulized atoms: 1 2 3 4 5
[18:08:50] WARNING: not removing hydrogen atom without neighbors
[18:08:51] Can't kekulize mol.  Unkekulized atoms: 1 2 3 4 5
[18:08:51] Explicit valence for atom # 6 O, 3, is greater than permitted
[18:08:51] Explicit valence for atom # 3 Si, 8, is greater than permitted
[18:08:51] Explicit valence for atom # 0 Cl, 2, is greater than permitted
Traceback (most recent call last):
  File "<stdin>", line 43, in <module>
  File "/gpfs/home1/won0316/_Capstone/1_Git/Capstone_uos/unit_model/eval/visualize.py", line 34, in visualize_embeddings
    embeddings_2d = tsne.fit_transform(embeddings)
                    ^^^^^^^^^^^^^^^^^^^^^^^^^^^^^^
  File "/home1/won0316/anaconda3/envs/toxcast_env/lib/python3.12/site-packages/sklearn/utils/_set_output.py", line 316, in wrapped
    data_to_wrap = f(self, X, *args, **kwargs)
                   ^^^^^^^^^^^^^^^^^^^^^^^^^^^
  File "/home1/won0316/anaconda3/envs/toxcast_env/lib/python3.12/site-packages/sklearn/base.py", line 1473, in wrapper
    return fit_method(estimator, *args, **kwargs)
           ^^^^^^^^^^^^^^^^^^^^^^^^^^^^^^^^^^^^^^
  File "/home1/won0316/anaconda3/envs/toxcast_env/lib/python3.12/site-packages/sklearn/manifold/_t_sne.py", line 1176, in fit_transform
    embedding = self._fit(X)
                ^^^^^^^^^^^^
  File "/home1/won0316/anaconda3/envs/toxcast_env/lib/python3.12/site-packages/sklearn/manifold/_t_sne.py", line 884, in _fit
    X = self._validate_data(
        ^^^^^^^^^^^^^^^^^^^^
  File "/home1/won0316/anaconda3/envs/toxcast_env/lib/python3.12/site-packages/sklearn/base.py", line 633, in _validate_data
    out = check_array(X, input_name="X", **check_params)
          ^^^^^^^^^^^^^^^^^^^^^^^^^^^^^^^^^^^^^^^^^^^^^^
  File "/home1/won0316/anaconda3/envs/toxcast_env/lib/python3.12/site-packages/sklearn/utils/validation.py", line 1058, in check_array
    raise ValueError(
ValueError: Found array with dim 3. TSNE expected <= 2.
