[2/4] Pretraining on Supplemental_Material_2_TrainingSet using GCN_GAT...
  * Pretrained model already exists at model_save/pretrained/gcn_gat/Pretrained_Supplemental_Material_2_TrainingSet_gcn_gat.pth, loading...
[3/4] Finetuning on ATG_ERa_TRANS using GCN_GAT...
[Fine-tune] Epoch 1/50 - Loss: 0.6088 - Val F1: 0.4631 - Val ROC-AUC: 0.7438 - Val PR-AUC: 0.4336
[Fine-tune] Epoch 2/50 - Loss: 0.5557 - Val F1: 0.4679 - Val ROC-AUC: 0.7532 - Val PR-AUC: 0.4823
[Fine-tune] Epoch 3/50 - Loss: 0.5445 - Val F1: 0.4693 - Val ROC-AUC: 0.7192 - Val PR-AUC: 0.3987
[Fine-tune] Epoch 4/50 - Loss: 0.5362 - Val F1: 0.4615 - Val ROC-AUC: 0.7494 - Val PR-AUC: 0.4713
[Fine-tune] Epoch 5/50 - Loss: 0.5471 - Val F1: 0.4686 - Val ROC-AUC: 0.7207 - Val PR-AUC: 0.4712
[Fine-tune] Epoch 6/50 - Loss: 0.5164 - Val F1: 0.4711 - Val ROC-AUC: 0.7466 - Val PR-AUC: 0.4734
[Fine-tune] Epoch 7/50 - Loss: 0.5280 - Val F1: 0.4889 - Val ROC-AUC: 0.7482 - Val PR-AUC: 0.4947
[Fine-tune] Epoch 8/50 - Loss: 0.5108 - Val F1: 0.4476 - Val ROC-AUC: 0.7411 - Val PR-AUC: 0.4688
[Fine-tune] Epoch 9/50 - Loss: 0.4984 - Val F1: 0.4292 - Val ROC-AUC: 0.7333 - Val PR-AUC: 0.4470
[Fine-tune] Epoch 10/50 - Loss: 0.5131 - Val F1: 0.5029 - Val ROC-AUC: 0.7261 - Val PR-AUC: 0.4355
[Fine-tune] Epoch 11/50 - Loss: 0.4937 - Val F1: 0.5091 - Val ROC-AUC: 0.7409 - Val PR-AUC: 0.4948
[Fine-tune] Epoch 12/50 - Loss: 0.4740 - Val F1: 0.4636 - Val ROC-AUC: 0.7424 - Val PR-AUC: 0.4879
[Fine-tune] Epoch 13/50 - Loss: 0.4746 - Val F1: 0.4902 - Val ROC-AUC: 0.7354 - Val PR-AUC: 0.4784
[Fine-tune] Epoch 14/50 - Loss: 0.4636 - Val F1: 0.4731 - Val ROC-AUC: 0.7356 - Val PR-AUC: 0.4686
[Fine-tune] Epoch 15/50 - Loss: 0.4862 - Val F1: 0.5116 - Val ROC-AUC: 0.7442 - Val PR-AUC: 0.4905
[Fine-tune] Epoch 16/50 - Loss: 0.4735 - Val F1: 0.4550 - Val ROC-AUC: 0.7310 - Val PR-AUC: 0.4502
[Fine-tune] Epoch 17/50 - Loss: 0.4747 - Val F1: 0.4539 - Val ROC-AUC: 0.7033 - Val PR-AUC: 0.3943
[Fine-tune] Epoch 18/50 - Loss: 0.4933 - Val F1: 0.5227 - Val ROC-AUC: 0.7418 - Val PR-AUC: 0.4939
[Fine-tune] Epoch 19/50 - Loss: 0.4549 - Val F1: 0.5116 - Val ROC-AUC: 0.7341 - Val PR-AUC: 0.4903
[Fine-tune] Epoch 20/50 - Loss: 0.4777 - Val F1: 0.5056 - Val ROC-AUC: 0.7453 - Val PR-AUC: 0.4953
[Fine-tune] Epoch 21/50 - Loss: 0.4564 - Val F1: 0.5083 - Val ROC-AUC: 0.7495 - Val PR-AUC: 0.4967
[Fine-tune] Epoch 22/50 - Loss: 0.4611 - Val F1: 0.4842 - Val ROC-AUC: 0.7369 - Val PR-AUC: 0.4641
[Fine-tune] Epoch 23/50 - Loss: 0.4505 - Val F1: 0.4868 - Val ROC-AUC: 0.7456 - Val PR-AUC: 0.5100
[Fine-tune] Epoch 24/50 - Loss: 0.4655 - Val F1: 0.4923 - Val ROC-AUC: 0.7428 - Val PR-AUC: 0.4752
[Fine-tune] Epoch 25/50 - Loss: 0.4533 - Val F1: 0.5104 - Val ROC-AUC: 0.7475 - Val PR-AUC: 0.5066
[Fine-tune] Epoch 26/50 - Loss: 0.4655 - Val F1: 0.4881 - Val ROC-AUC: 0.7416 - Val PR-AUC: 0.4755
[Fine-tune] Epoch 27/50 - Loss: 0.4513 - Val F1: 0.4903 - Val ROC-AUC: 0.7315 - Val PR-AUC: 0.4592
[Fine-tune] Epoch 28/50 - Loss: 0.4307 - Val F1: 0.5000 - Val ROC-AUC: 0.7478 - Val PR-AUC: 0.4951
[Fine-tune] Epoch 29/50 - Loss: 0.4703 - Val F1: 0.4554 - Val ROC-AUC: 0.7300 - Val PR-AUC: 0.4668
[Fine-tune] Epoch 30/50 - Loss: 0.4430 - Val F1: 0.4865 - Val ROC-AUC: 0.7476 - Val PR-AUC: 0.5076
[Fine-tune] Epoch 31/50 - Loss: 0.4455 - Val F1: 0.5000 - Val ROC-AUC: 0.7531 - Val PR-AUC: 0.5059
[Fine-tune] Epoch 32/50 - Loss: 0.4458 - Val F1: 0.5028 - Val ROC-AUC: 0.7442 - Val PR-AUC: 0.4986
[Fine-tune] Epoch 33/50 - Loss: 0.4483 - Val F1: 0.4943 - Val ROC-AUC: 0.7463 - Val PR-AUC: 0.4870
[Fine-tune] Epoch 34/50 - Loss: 0.4295 - Val F1: 0.5281 - Val ROC-AUC: 0.7426 - Val PR-AUC: 0.4782
[Fine-tune] Epoch 35/50 - Loss: 0.4257 - Val F1: 0.5089 - Val ROC-AUC: 0.7444 - Val PR-AUC: 0.4811
[Fine-tune] Epoch 36/50 - Loss: 0.4234 - Val F1: 0.4972 - Val ROC-AUC: 0.7524 - Val PR-AUC: 0.5013
[Fine-tune] Epoch 37/50 - Loss: 0.4233 - Val F1: 0.5056 - Val ROC-AUC: 0.7539 - Val PR-AUC: 0.5148
[Fine-tune] Epoch 38/50 - Loss: 0.4421 - Val F1: 0.4835 - Val ROC-AUC: 0.7399 - Val PR-AUC: 0.4890
[Fine-tune] Epoch 39/50 - Loss: 0.4288 - Val F1: 0.5056 - Val ROC-AUC: 0.7498 - Val PR-AUC: 0.4853
[Fine-tune] Epoch 40/50 - Loss: 0.4126 - Val F1: 0.5114 - Val ROC-AUC: 0.7406 - Val PR-AUC: 0.4802
[Fine-tune] Epoch 41/50 - Loss: 0.4115 - Val F1: 0.5000 - Val ROC-AUC: 0.7443 - Val PR-AUC: 0.4847
[Fine-tune] Epoch 42/50 - Loss: 0.4067 - Val F1: 0.4971 - Val ROC-AUC: 0.7502 - Val PR-AUC: 0.4913
[Fine-tune] Epoch 43/50 - Loss: 0.4111 - Val F1: 0.5059 - Val ROC-AUC: 0.7473 - Val PR-AUC: 0.4863
[Fine-tune] Epoch 44/50 - Loss: 0.4155 - Val F1: 0.5146 - Val ROC-AUC: 0.7507 - Val PR-AUC: 0.4984
[Fine-tune] Epoch 45/50 - Loss: 0.4443 - Val F1: 0.5083 - Val ROC-AUC: 0.7451 - Val PR-AUC: 0.4823
[Fine-tune] Epoch 46/50 - Loss: 0.4301 - Val F1: 0.5057 - Val ROC-AUC: 0.7423 - Val PR-AUC: 0.4755
[Fine-tune] Epoch 47/50 - Loss: 0.4115 - Val F1: 0.5119 - Val ROC-AUC: 0.7509 - Val PR-AUC: 0.5055
[Fine-tune] Epoch 48/50 - Loss: 0.4240 - Val F1: 0.5146 - Val ROC-AUC: 0.7460 - Val PR-AUC: 0.4988
[Fine-tune] Epoch 49/50 - Loss: 0.4384 - Val F1: 0.4855 - Val ROC-AUC: 0.7315 - Val PR-AUC: 0.4630
[Fine-tune] Epoch 50/50 - Loss: 0.4298 - Val F1: 0.4790 - Val ROC-AUC: 0.7360 - Val PR-AUC: 0.4749
Finetuning completed. Test F1: 0.4767, ROC-AUC: 0.7543, PR-AUC: 0.4566
[3.1/4] Target-only training on ATG_ERa_TRANS using GCN_GAT...
  * Target-only 모델 이미 존재: model_save/targetonly/gcn_gat/TargetOnly_ATG_ERa_TRANS_gcn_gat.pth
  * Target-only 생략, 저장된 모델로 평가만 진행
=== Target-only TEST performance ===
Test F1: 0.4773, ROC-AUC: 0.7580, PR-AUC: 0.4650
✅ 실험 완료: Supplemental_Material_2_TrainingSet -> ATG_ERa_TRANS [GCN_GAT]
