[2/4] Pretraining on Supplemental_Material_2_TrainingSet using GIN_GAT...
  * Pretrained model already exists at model_save/pretrained/gin_gat/Pretrained_Supplemental_Material_2_TrainingSet_gin_gat.pth, loading...
[3/4] Finetuning on ATG_ERE_CIS using GIN_GAT...
[Fine-tune] Epoch 1/50 - Loss: 0.6147 - Val F1: 0.4365 - Val ROC-AUC: 0.6869 - Val PR-AUC: 0.4182
[Fine-tune] Epoch 2/50 - Loss: 0.6047 - Val F1: 0.4319 - Val ROC-AUC: 0.6885 - Val PR-AUC: 0.4151
[Fine-tune] Epoch 3/50 - Loss: 0.5817 - Val F1: 0.3986 - Val ROC-AUC: 0.7141 - Val PR-AUC: 0.4511
[Fine-tune] Epoch 4/50 - Loss: 0.5748 - Val F1: 0.4414 - Val ROC-AUC: 0.7056 - Val PR-AUC: 0.4705
[Fine-tune] Epoch 5/50 - Loss: 0.5685 - Val F1: 0.3986 - Val ROC-AUC: 0.7156 - Val PR-AUC: 0.5011
[Fine-tune] Epoch 6/50 - Loss: 0.5677 - Val F1: 0.4429 - Val ROC-AUC: 0.7046 - Val PR-AUC: 0.4320
[Fine-tune] Epoch 7/50 - Loss: 0.5661 - Val F1: 0.4649 - Val ROC-AUC: 0.7213 - Val PR-AUC: 0.4906
[Fine-tune] Epoch 8/50 - Loss: 0.5419 - Val F1: 0.4724 - Val ROC-AUC: 0.7097 - Val PR-AUC: 0.4750
[Fine-tune] Epoch 9/50 - Loss: 0.5502 - Val F1: 0.4174 - Val ROC-AUC: 0.6829 - Val PR-AUC: 0.4601
[Fine-tune] Epoch 10/50 - Loss: 0.5200 - Val F1: 0.4581 - Val ROC-AUC: 0.7076 - Val PR-AUC: 0.4820
[Fine-tune] Epoch 11/50 - Loss: 0.5072 - Val F1: 0.4561 - Val ROC-AUC: 0.7215 - Val PR-AUC: 0.5156
[Fine-tune] Epoch 12/50 - Loss: 0.5022 - Val F1: 0.4828 - Val ROC-AUC: 0.7077 - Val PR-AUC: 0.4964
[Fine-tune] Epoch 13/50 - Loss: 0.4937 - Val F1: 0.5121 - Val ROC-AUC: 0.7228 - Val PR-AUC: 0.5163
[Fine-tune] Epoch 14/50 - Loss: 0.4910 - Val F1: 0.4948 - Val ROC-AUC: 0.7158 - Val PR-AUC: 0.5111
[Fine-tune] Epoch 15/50 - Loss: 0.4784 - Val F1: 0.4554 - Val ROC-AUC: 0.7170 - Val PR-AUC: 0.5162
[Fine-tune] Epoch 16/50 - Loss: 0.4910 - Val F1: 0.4400 - Val ROC-AUC: 0.7297 - Val PR-AUC: 0.5334
[Fine-tune] Epoch 17/50 - Loss: 0.4589 - Val F1: 0.5053 - Val ROC-AUC: 0.7239 - Val PR-AUC: 0.4955
[Fine-tune] Epoch 18/50 - Loss: 0.4721 - Val F1: 0.4744 - Val ROC-AUC: 0.7255 - Val PR-AUC: 0.5075
[Fine-tune] Epoch 19/50 - Loss: 0.4536 - Val F1: 0.4684 - Val ROC-AUC: 0.6969 - Val PR-AUC: 0.4576
[Fine-tune] Epoch 20/50 - Loss: 0.4554 - Val F1: 0.4577 - Val ROC-AUC: 0.7244 - Val PR-AUC: 0.5059
[Fine-tune] Epoch 21/50 - Loss: 0.4370 - Val F1: 0.4340 - Val ROC-AUC: 0.7277 - Val PR-AUC: 0.5135
[Fine-tune] Epoch 22/50 - Loss: 0.4233 - Val F1: 0.4747 - Val ROC-AUC: 0.7253 - Val PR-AUC: 0.5081
[Fine-tune] Epoch 23/50 - Loss: 0.4408 - Val F1: 0.4804 - Val ROC-AUC: 0.7254 - Val PR-AUC: 0.5148
[Fine-tune] Epoch 24/50 - Loss: 0.4313 - Val F1: 0.4766 - Val ROC-AUC: 0.7319 - Val PR-AUC: 0.5176
[Fine-tune] Epoch 25/50 - Loss: 0.4111 - Val F1: 0.4519 - Val ROC-AUC: 0.7101 - Val PR-AUC: 0.4950
[Fine-tune] Epoch 26/50 - Loss: 0.4061 - Val F1: 0.4593 - Val ROC-AUC: 0.6999 - Val PR-AUC: 0.4339
[Fine-tune] Epoch 27/50 - Loss: 0.3938 - Val F1: 0.4425 - Val ROC-AUC: 0.7053 - Val PR-AUC: 0.4670
[Fine-tune] Epoch 28/50 - Loss: 0.3980 - Val F1: 0.4484 - Val ROC-AUC: 0.7061 - Val PR-AUC: 0.4346
[Fine-tune] Epoch 29/50 - Loss: 0.4001 - Val F1: 0.4700 - Val ROC-AUC: 0.7236 - Val PR-AUC: 0.4763
[Fine-tune] Epoch 30/50 - Loss: 0.3898 - Val F1: 0.4758 - Val ROC-AUC: 0.7267 - Val PR-AUC: 0.4773
[Fine-tune] Epoch 31/50 - Loss: 0.3858 - Val F1: 0.4554 - Val ROC-AUC: 0.7113 - Val PR-AUC: 0.4691
[Fine-tune] Epoch 32/50 - Loss: 0.4011 - Val F1: 0.4490 - Val ROC-AUC: 0.7115 - Val PR-AUC: 0.4540
[Fine-tune] Epoch 33/50 - Loss: 0.3780 - Val F1: 0.4667 - Val ROC-AUC: 0.7171 - Val PR-AUC: 0.4670
[Fine-tune] Epoch 34/50 - Loss: 0.3874 - Val F1: 0.4550 - Val ROC-AUC: 0.7065 - Val PR-AUC: 0.4490
[Fine-tune] Epoch 35/50 - Loss: 0.3610 - Val F1: 0.4609 - Val ROC-AUC: 0.7157 - Val PR-AUC: 0.4628
[Fine-tune] Epoch 36/50 - Loss: 0.3745 - Val F1: 0.4685 - Val ROC-AUC: 0.7183 - Val PR-AUC: 0.4842
[Fine-tune] Epoch 37/50 - Loss: 0.3682 - Val F1: 0.4525 - Val ROC-AUC: 0.7081 - Val PR-AUC: 0.4332
[Fine-tune] Epoch 38/50 - Loss: 0.3675 - Val F1: 0.4541 - Val ROC-AUC: 0.7194 - Val PR-AUC: 0.4581
[Fine-tune] Epoch 39/50 - Loss: 0.3591 - Val F1: 0.4475 - Val ROC-AUC: 0.7163 - Val PR-AUC: 0.4595
[Fine-tune] Epoch 40/50 - Loss: 0.3702 - Val F1: 0.4495 - Val ROC-AUC: 0.6972 - Val PR-AUC: 0.4176
[Fine-tune] Epoch 41/50 - Loss: 0.3579 - Val F1: 0.4653 - Val ROC-AUC: 0.7174 - Val PR-AUC: 0.4457
[Fine-tune] Epoch 42/50 - Loss: 0.3625 - Val F1: 0.4348 - Val ROC-AUC: 0.6989 - Val PR-AUC: 0.4217
[Fine-tune] Epoch 43/50 - Loss: 0.3526 - Val F1: 0.4314 - Val ROC-AUC: 0.6983 - Val PR-AUC: 0.4341
[Fine-tune] Epoch 44/50 - Loss: 0.3545 - Val F1: 0.4490 - Val ROC-AUC: 0.7088 - Val PR-AUC: 0.4522
[Fine-tune] Epoch 45/50 - Loss: 0.3528 - Val F1: 0.4510 - Val ROC-AUC: 0.7123 - Val PR-AUC: 0.4434
[Fine-tune] Epoch 46/50 - Loss: 0.3444 - Val F1: 0.4475 - Val ROC-AUC: 0.7119 - Val PR-AUC: 0.4501
[Fine-tune] Epoch 47/50 - Loss: 0.3312 - Val F1: 0.4267 - Val ROC-AUC: 0.6999 - Val PR-AUC: 0.4389
[Fine-tune] Epoch 48/50 - Loss: 0.3524 - Val F1: 0.4516 - Val ROC-AUC: 0.7101 - Val PR-AUC: 0.4356
[Fine-tune] Epoch 49/50 - Loss: 0.3557 - Val F1: 0.4486 - Val ROC-AUC: 0.7101 - Val PR-AUC: 0.4342
[Fine-tune] Epoch 50/50 - Loss: 0.3458 - Val F1: 0.4653 - Val ROC-AUC: 0.7114 - Val PR-AUC: 0.4427
Finetuning completed. Test F1: 0.5226, ROC-AUC: 0.7570, PR-AUC: 0.5382
[3.1/4] Target-only training on ATG_ERE_CIS using GIN_GAT...
  * Target-only 모델 이미 존재: model_save/targetonly/gin_gat/TargetOnly_ATG_ERE_CIS_gin_gat.pth
  * Target-only 생략, 저장된 모델로 평가만 진행
=== Target-only TEST performance ===
Test F1: 0.5096, ROC-AUC: 0.7708, PR-AUC: 0.5174
✅ 실험 완료: Supplemental_Material_2_TrainingSet -> ATG_ERE_CIS [GIN_GAT]
