[2/4] Pretraining on Supplemental_Material_2_TrainingSet using GCN_GAT...
  * Pretrained model already exists at model_save/pretrained/gcn_gat/Pretrained_Supplemental_Material_2_TrainingSet_gcn_gat.pth, loading...
[3/4] Finetuning on OT_ER_ERaERa_1440 using GCN_GAT...
[Fine-tune] Epoch 1/50 - Loss: 0.5715 - Val F1: 0.2857 - Val ROC-AUC: 0.6791 - Val PR-AUC: 0.3741
[Fine-tune] Epoch 2/50 - Loss: 0.5123 - Val F1: 0.2268 - Val ROC-AUC: 0.6391 - Val PR-AUC: 0.3290
[Fine-tune] Epoch 3/50 - Loss: 0.5405 - Val F1: 0.2857 - Val ROC-AUC: 0.6704 - Val PR-AUC: 0.2879
[Fine-tune] Epoch 4/50 - Loss: 0.4684 - Val F1: 0.2750 - Val ROC-AUC: 0.6700 - Val PR-AUC: 0.3295
[Fine-tune] Epoch 5/50 - Loss: 0.4575 - Val F1: 0.2812 - Val ROC-AUC: 0.6246 - Val PR-AUC: 0.3247
[Fine-tune] Epoch 6/50 - Loss: 0.4621 - Val F1: 0.2381 - Val ROC-AUC: 0.6601 - Val PR-AUC: 0.3313
[Fine-tune] Epoch 7/50 - Loss: 0.4455 - Val F1: 0.2535 - Val ROC-AUC: 0.6475 - Val PR-AUC: 0.2306
[Fine-tune] Epoch 8/50 - Loss: 0.4386 - Val F1: 0.2985 - Val ROC-AUC: 0.6467 - Val PR-AUC: 0.3174
[Fine-tune] Epoch 9/50 - Loss: 0.4267 - Val F1: 0.1818 - Val ROC-AUC: 0.5633 - Val PR-AUC: 0.1995
[Fine-tune] Epoch 10/50 - Loss: 0.4638 - Val F1: 0.3000 - Val ROC-AUC: 0.6200 - Val PR-AUC: 0.1840
[Fine-tune] Epoch 11/50 - Loss: 0.4048 - Val F1: 0.2899 - Val ROC-AUC: 0.6684 - Val PR-AUC: 0.2675
[Fine-tune] Epoch 12/50 - Loss: 0.3968 - Val F1: 0.2687 - Val ROC-AUC: 0.6540 - Val PR-AUC: 0.2826
[Fine-tune] Epoch 13/50 - Loss: 0.3897 - Val F1: 0.3158 - Val ROC-AUC: 0.6650 - Val PR-AUC: 0.2237
[Fine-tune] Epoch 14/50 - Loss: 0.3756 - Val F1: 0.3143 - Val ROC-AUC: 0.6764 - Val PR-AUC: 0.2555
[Fine-tune] Epoch 15/50 - Loss: 0.3834 - Val F1: 0.2388 - Val ROC-AUC: 0.6261 - Val PR-AUC: 0.2857
[Fine-tune] Epoch 16/50 - Loss: 0.3574 - Val F1: 0.3333 - Val ROC-AUC: 0.6730 - Val PR-AUC: 0.2638
[Fine-tune] Epoch 17/50 - Loss: 0.3687 - Val F1: 0.2529 - Val ROC-AUC: 0.6700 - Val PR-AUC: 0.2986
[Fine-tune] Epoch 18/50 - Loss: 0.3418 - Val F1: 0.3051 - Val ROC-AUC: 0.6780 - Val PR-AUC: 0.3019
[Fine-tune] Epoch 19/50 - Loss: 0.3684 - Val F1: 0.3390 - Val ROC-AUC: 0.6845 - Val PR-AUC: 0.2539
[Fine-tune] Epoch 20/50 - Loss: 0.3679 - Val F1: 0.2500 - Val ROC-AUC: 0.6521 - Val PR-AUC: 0.2847
[Fine-tune] Epoch 21/50 - Loss: 0.3433 - Val F1: 0.2903 - Val ROC-AUC: 0.6585 - Val PR-AUC: 0.2215
[Fine-tune] Epoch 22/50 - Loss: 0.3389 - Val F1: 0.2941 - Val ROC-AUC: 0.6719 - Val PR-AUC: 0.2977
[Fine-tune] Epoch 23/50 - Loss: 0.3445 - Val F1: 0.2857 - Val ROC-AUC: 0.6391 - Val PR-AUC: 0.2308
[Fine-tune] Epoch 24/50 - Loss: 0.3363 - Val F1: 0.2647 - Val ROC-AUC: 0.6486 - Val PR-AUC: 0.2794
[Fine-tune] Epoch 25/50 - Loss: 0.3252 - Val F1: 0.2254 - Val ROC-AUC: 0.6189 - Val PR-AUC: 0.2807
[Fine-tune] Epoch 26/50 - Loss: 0.3203 - Val F1: 0.2333 - Val ROC-AUC: 0.6300 - Val PR-AUC: 0.2763
[Fine-tune] Epoch 27/50 - Loss: 0.3297 - Val F1: 0.2414 - Val ROC-AUC: 0.6151 - Val PR-AUC: 0.2873
[Fine-tune] Epoch 28/50 - Loss: 0.3093 - Val F1: 0.3158 - Val ROC-AUC: 0.6521 - Val PR-AUC: 0.2197
[Fine-tune] Epoch 29/50 - Loss: 0.3066 - Val F1: 0.2903 - Val ROC-AUC: 0.6220 - Val PR-AUC: 0.2719
[Fine-tune] Epoch 30/50 - Loss: 0.2955 - Val F1: 0.3226 - Val ROC-AUC: 0.6528 - Val PR-AUC: 0.2753
[Fine-tune] Epoch 31/50 - Loss: 0.3089 - Val F1: 0.3214 - Val ROC-AUC: 0.6482 - Val PR-AUC: 0.2490
[Fine-tune] Epoch 32/50 - Loss: 0.3035 - Val F1: 0.2857 - Val ROC-AUC: 0.6353 - Val PR-AUC: 0.2292
[Fine-tune] Epoch 33/50 - Loss: 0.3116 - Val F1: 0.2769 - Val ROC-AUC: 0.6227 - Val PR-AUC: 0.2176
[Fine-tune] Epoch 34/50 - Loss: 0.2975 - Val F1: 0.2963 - Val ROC-AUC: 0.6303 - Val PR-AUC: 0.2251
[Fine-tune] Epoch 35/50 - Loss: 0.2664 - Val F1: 0.2540 - Val ROC-AUC: 0.6246 - Val PR-AUC: 0.2526
[Fine-tune] Epoch 36/50 - Loss: 0.2867 - Val F1: 0.2857 - Val ROC-AUC: 0.6429 - Val PR-AUC: 0.2639
[Fine-tune] Epoch 37/50 - Loss: 0.2781 - Val F1: 0.2687 - Val ROC-AUC: 0.6338 - Val PR-AUC: 0.2592
[Fine-tune] Epoch 38/50 - Loss: 0.2771 - Val F1: 0.2222 - Val ROC-AUC: 0.6239 - Val PR-AUC: 0.2113
[Fine-tune] Epoch 39/50 - Loss: 0.3055 - Val F1: 0.2903 - Val ROC-AUC: 0.6380 - Val PR-AUC: 0.2700
[Fine-tune] Epoch 40/50 - Loss: 0.2745 - Val F1: 0.3043 - Val ROC-AUC: 0.6414 - Val PR-AUC: 0.2307
[Fine-tune] Epoch 41/50 - Loss: 0.2717 - Val F1: 0.2581 - Val ROC-AUC: 0.6311 - Val PR-AUC: 0.2582
[Fine-tune] Epoch 42/50 - Loss: 0.2982 - Val F1: 0.2667 - Val ROC-AUC: 0.6204 - Val PR-AUC: 0.2828
[Fine-tune] Epoch 43/50 - Loss: 0.2768 - Val F1: 0.3103 - Val ROC-AUC: 0.6239 - Val PR-AUC: 0.2578
[Fine-tune] Epoch 44/50 - Loss: 0.2799 - Val F1: 0.2812 - Val ROC-AUC: 0.6258 - Val PR-AUC: 0.2787
[Fine-tune] Epoch 45/50 - Loss: 0.2810 - Val F1: 0.3000 - Val ROC-AUC: 0.6197 - Val PR-AUC: 0.2518
[Fine-tune] Epoch 46/50 - Loss: 0.2898 - Val F1: 0.2593 - Val ROC-AUC: 0.6265 - Val PR-AUC: 0.2531
[Fine-tune] Epoch 47/50 - Loss: 0.2627 - Val F1: 0.2857 - Val ROC-AUC: 0.6334 - Val PR-AUC: 0.2792
[Fine-tune] Epoch 48/50 - Loss: 0.2792 - Val F1: 0.2951 - Val ROC-AUC: 0.6387 - Val PR-AUC: 0.2747
[Fine-tune] Epoch 49/50 - Loss: 0.2819 - Val F1: 0.2903 - Val ROC-AUC: 0.6315 - Val PR-AUC: 0.2610
[Fine-tune] Epoch 50/50 - Loss: 0.2830 - Val F1: 0.3000 - Val ROC-AUC: 0.6174 - Val PR-AUC: 0.2160
Finetuning completed. Test F1: 0.2545, ROC-AUC: 0.7693, PR-AUC: 0.2100
[3.1/4] Target-only training on OT_ER_ERaERa_1440 using GCN_GAT...
  * Target-only 모델 이미 존재: model_save/targetonly/gcn_gat/TargetOnly_OT_ER_ERaERa_1440_gcn_gat.pth
  * Target-only 생략, 저장된 모델로 평가만 진행
=== Target-only TEST performance ===
Test F1: 0.2667, ROC-AUC: 0.7826, PR-AUC: 0.2594
✅ 실험 완료: Supplemental_Material_2_TrainingSet -> OT_ER_ERaERa_1440 [GCN_GAT]
