[2/4] Pretraining on Supplemental_Material_2_TrainingSet using GAT...
  * Pretrained model already exists at model_save/pretrained/gat/Pretrained_Supplemental_Material_2_TrainingSet_gat.pth, loading...
[3/4] Finetuning on NVS_NR_hER using GAT...
[Fine-tune] Epoch 1/50 - Loss: 0.6490 - Val F1: 0.3896 - Val ROC-AUC: 0.7840 - Val PR-AUC: 0.5463
[Fine-tune] Epoch 2/50 - Loss: 0.5931 - Val F1: 0.3947 - Val ROC-AUC: 0.7818 - Val PR-AUC: 0.5368
[Fine-tune] Epoch 3/50 - Loss: 0.6217 - Val F1: 0.4000 - Val ROC-AUC: 0.7791 - Val PR-AUC: 0.5504
[Fine-tune] Epoch 4/50 - Loss: 0.6072 - Val F1: 0.4286 - Val ROC-AUC: 0.7966 - Val PR-AUC: 0.5533
[Fine-tune] Epoch 5/50 - Loss: 0.5922 - Val F1: 0.4545 - Val ROC-AUC: 0.7851 - Val PR-AUC: 0.4890
[Fine-tune] Epoch 6/50 - Loss: 0.6023 - Val F1: 0.4444 - Val ROC-AUC: 0.8130 - Val PR-AUC: 0.5453
[Fine-tune] Epoch 7/50 - Loss: 0.6057 - Val F1: 0.4375 - Val ROC-AUC: 0.8032 - Val PR-AUC: 0.5904
[Fine-tune] Epoch 8/50 - Loss: 0.6219 - Val F1: 0.4375 - Val ROC-AUC: 0.7533 - Val PR-AUC: 0.4942
[Fine-tune] Epoch 9/50 - Loss: 0.5879 - Val F1: 0.4151 - Val ROC-AUC: 0.7752 - Val PR-AUC: 0.5334
[Fine-tune] Epoch 10/50 - Loss: 0.6131 - Val F1: 0.3750 - Val ROC-AUC: 0.7796 - Val PR-AUC: 0.5438
[Fine-tune] Epoch 11/50 - Loss: 0.5783 - Val F1: 0.4068 - Val ROC-AUC: 0.7692 - Val PR-AUC: 0.5147
[Fine-tune] Epoch 12/50 - Loss: 0.5870 - Val F1: 0.4000 - Val ROC-AUC: 0.8015 - Val PR-AUC: 0.5359
[Fine-tune] Epoch 13/50 - Loss: 0.5656 - Val F1: 0.4194 - Val ROC-AUC: 0.8087 - Val PR-AUC: 0.5528
[Fine-tune] Epoch 14/50 - Loss: 0.6044 - Val F1: 0.4490 - Val ROC-AUC: 0.8103 - Val PR-AUC: 0.5355
[Fine-tune] Epoch 15/50 - Loss: 0.5843 - Val F1: 0.4364 - Val ROC-AUC: 0.8328 - Val PR-AUC: 0.5698
[Fine-tune] Epoch 16/50 - Loss: 0.5555 - Val F1: 0.4074 - Val ROC-AUC: 0.8240 - Val PR-AUC: 0.5594
[Fine-tune] Epoch 17/50 - Loss: 0.5612 - Val F1: 0.4211 - Val ROC-AUC: 0.7818 - Val PR-AUC: 0.5219
[Fine-tune] Epoch 18/50 - Loss: 0.6015 - Val F1: 0.4062 - Val ROC-AUC: 0.8026 - Val PR-AUC: 0.5312
[Fine-tune] Epoch 19/50 - Loss: 0.5715 - Val F1: 0.4324 - Val ROC-AUC: 0.7856 - Val PR-AUC: 0.5132
[Fine-tune] Epoch 20/50 - Loss: 0.5847 - Val F1: 0.4444 - Val ROC-AUC: 0.8196 - Val PR-AUC: 0.5710
[Fine-tune] Epoch 21/50 - Loss: 0.5653 - Val F1: 0.4194 - Val ROC-AUC: 0.8235 - Val PR-AUC: 0.5769
[Fine-tune] Epoch 22/50 - Loss: 0.5605 - Val F1: 0.4000 - Val ROC-AUC: 0.8070 - Val PR-AUC: 0.5547
[Fine-tune] Epoch 23/50 - Loss: 0.5565 - Val F1: 0.4127 - Val ROC-AUC: 0.8054 - Val PR-AUC: 0.5169
[Fine-tune] Epoch 24/50 - Loss: 0.5439 - Val F1: 0.3793 - Val ROC-AUC: 0.8103 - Val PR-AUC: 0.5658
[Fine-tune] Epoch 25/50 - Loss: 0.5696 - Val F1: 0.4231 - Val ROC-AUC: 0.8361 - Val PR-AUC: 0.5996
[Fine-tune] Epoch 26/50 - Loss: 0.5512 - Val F1: 0.4211 - Val ROC-AUC: 0.8070 - Val PR-AUC: 0.5530
[Fine-tune] Epoch 27/50 - Loss: 0.5795 - Val F1: 0.4528 - Val ROC-AUC: 0.8081 - Val PR-AUC: 0.5558
[Fine-tune] Epoch 28/50 - Loss: 0.5661 - Val F1: 0.4138 - Val ROC-AUC: 0.7988 - Val PR-AUC: 0.5438
[Fine-tune] Epoch 29/50 - Loss: 0.5561 - Val F1: 0.4444 - Val ROC-AUC: 0.8152 - Val PR-AUC: 0.5532
[Fine-tune] Epoch 30/50 - Loss: 0.5745 - Val F1: 0.4444 - Val ROC-AUC: 0.8251 - Val PR-AUC: 0.5596
[Fine-tune] Epoch 31/50 - Loss: 0.5664 - Val F1: 0.4561 - Val ROC-AUC: 0.8251 - Val PR-AUC: 0.5710
[Fine-tune] Epoch 32/50 - Loss: 0.5691 - Val F1: 0.4528 - Val ROC-AUC: 0.8235 - Val PR-AUC: 0.5766
[Fine-tune] Epoch 33/50 - Loss: 0.5740 - Val F1: 0.4483 - Val ROC-AUC: 0.8257 - Val PR-AUC: 0.5593
[Fine-tune] Epoch 34/50 - Loss: 0.5875 - Val F1: 0.4643 - Val ROC-AUC: 0.8262 - Val PR-AUC: 0.5829
[Fine-tune] Epoch 35/50 - Loss: 0.5815 - Val F1: 0.4444 - Val ROC-AUC: 0.8289 - Val PR-AUC: 0.5798
[Fine-tune] Epoch 36/50 - Loss: 0.5743 - Val F1: 0.4444 - Val ROC-AUC: 0.8317 - Val PR-AUC: 0.5785
[Fine-tune] Epoch 37/50 - Loss: 0.5472 - Val F1: 0.4561 - Val ROC-AUC: 0.8317 - Val PR-AUC: 0.5834
[Fine-tune] Epoch 38/50 - Loss: 0.5550 - Val F1: 0.4364 - Val ROC-AUC: 0.8284 - Val PR-AUC: 0.5823
[Fine-tune] Epoch 39/50 - Loss: 0.5409 - Val F1: 0.4333 - Val ROC-AUC: 0.8240 - Val PR-AUC: 0.5778
[Fine-tune] Epoch 40/50 - Loss: 0.5676 - Val F1: 0.4211 - Val ROC-AUC: 0.8125 - Val PR-AUC: 0.5614
[Fine-tune] Epoch 41/50 - Loss: 0.5773 - Val F1: 0.4364 - Val ROC-AUC: 0.8147 - Val PR-AUC: 0.5662
[Fine-tune] Epoch 42/50 - Loss: 0.5457 - Val F1: 0.4528 - Val ROC-AUC: 0.8207 - Val PR-AUC: 0.5721
[Fine-tune] Epoch 43/50 - Loss: 0.5467 - Val F1: 0.4706 - Val ROC-AUC: 0.8202 - Val PR-AUC: 0.5463
[Fine-tune] Epoch 44/50 - Loss: 0.5769 - Val F1: 0.4364 - Val ROC-AUC: 0.8202 - Val PR-AUC: 0.5738
[Fine-tune] Epoch 45/50 - Loss: 0.5502 - Val F1: 0.4800 - Val ROC-AUC: 0.8207 - Val PR-AUC: 0.5742
[Fine-tune] Epoch 46/50 - Loss: 0.5686 - Val F1: 0.4706 - Val ROC-AUC: 0.8207 - Val PR-AUC: 0.5751
[Fine-tune] Epoch 47/50 - Loss: 0.5398 - Val F1: 0.4364 - Val ROC-AUC: 0.8191 - Val PR-AUC: 0.5725
[Fine-tune] Epoch 48/50 - Loss: 0.5588 - Val F1: 0.4444 - Val ROC-AUC: 0.8202 - Val PR-AUC: 0.5742
[Fine-tune] Epoch 49/50 - Loss: 0.5277 - Val F1: 0.4364 - Val ROC-AUC: 0.8218 - Val PR-AUC: 0.5591
[Fine-tune] Epoch 50/50 - Loss: 0.5478 - Val F1: 0.4364 - Val ROC-AUC: 0.8235 - Val PR-AUC: 0.5784
Finetuning completed. Test F1: 0.5000, ROC-AUC: 0.7379, PR-AUC: 0.5604
[3.1/4] Target-only training on NVS_NR_hER using GAT...
  * Target-only 모델 이미 존재: model_save/targetonly/gat/TargetOnly_NVS_NR_hER_gat.pth
  * Target-only 생략, 저장된 모델로 평가만 진행
=== Target-only TEST performance ===
Test F1: 0.4314, ROC-AUC: 0.7092, PR-AUC: 0.5907
✅ 실험 완료: Supplemental_Material_2_TrainingSet -> NVS_NR_hER [GAT]
