[2/4] Pretraining on Supplemental_Material_2_TrainingSet using GCN_GAT...
  * Pretrained model already exists at model_save/pretrained/gcn_gat/Pretrained_Supplemental_Material_2_TrainingSet_gcn_gat.pth, loading...
[3/4] Finetuning on ATG_ERE_CIS using GCN_GAT...
[Fine-tune] Epoch 1/50 - Loss: 0.6310 - Val F1: 0.4322 - Val ROC-AUC: 0.6925 - Val PR-AUC: 0.4433
[Fine-tune] Epoch 2/50 - Loss: 0.5999 - Val F1: 0.4453 - Val ROC-AUC: 0.7144 - Val PR-AUC: 0.4748
[Fine-tune] Epoch 3/50 - Loss: 0.5923 - Val F1: 0.4638 - Val ROC-AUC: 0.7102 - Val PR-AUC: 0.4594
[Fine-tune] Epoch 4/50 - Loss: 0.5927 - Val F1: 0.4932 - Val ROC-AUC: 0.7221 - Val PR-AUC: 0.4521
[Fine-tune] Epoch 5/50 - Loss: 0.5816 - Val F1: 0.4309 - Val ROC-AUC: 0.7201 - Val PR-AUC: 0.5050
[Fine-tune] Epoch 6/50 - Loss: 0.5800 - Val F1: 0.4444 - Val ROC-AUC: 0.7178 - Val PR-AUC: 0.4954
[Fine-tune] Epoch 7/50 - Loss: 0.5777 - Val F1: 0.4727 - Val ROC-AUC: 0.7201 - Val PR-AUC: 0.5025
[Fine-tune] Epoch 8/50 - Loss: 0.5709 - Val F1: 0.4144 - Val ROC-AUC: 0.7054 - Val PR-AUC: 0.4720
[Fine-tune] Epoch 9/50 - Loss: 0.5507 - Val F1: 0.4414 - Val ROC-AUC: 0.7236 - Val PR-AUC: 0.5286
[Fine-tune] Epoch 10/50 - Loss: 0.5559 - Val F1: 0.4299 - Val ROC-AUC: 0.6899 - Val PR-AUC: 0.4393
[Fine-tune] Epoch 11/50 - Loss: 0.5484 - Val F1: 0.4623 - Val ROC-AUC: 0.7185 - Val PR-AUC: 0.4573
[Fine-tune] Epoch 12/50 - Loss: 0.5444 - Val F1: 0.4716 - Val ROC-AUC: 0.7306 - Val PR-AUC: 0.4824
[Fine-tune] Epoch 13/50 - Loss: 0.5464 - Val F1: 0.4655 - Val ROC-AUC: 0.7304 - Val PR-AUC: 0.5116
[Fine-tune] Epoch 14/50 - Loss: 0.5462 - Val F1: 0.4683 - Val ROC-AUC: 0.7358 - Val PR-AUC: 0.5140
[Fine-tune] Epoch 15/50 - Loss: 0.5324 - Val F1: 0.4315 - Val ROC-AUC: 0.7366 - Val PR-AUC: 0.5110
[Fine-tune] Epoch 16/50 - Loss: 0.5359 - Val F1: 0.4337 - Val ROC-AUC: 0.7258 - Val PR-AUC: 0.4699
[Fine-tune] Epoch 17/50 - Loss: 0.5143 - Val F1: 0.4783 - Val ROC-AUC: 0.7351 - Val PR-AUC: 0.5113
[Fine-tune] Epoch 18/50 - Loss: 0.5352 - Val F1: 0.4821 - Val ROC-AUC: 0.7227 - Val PR-AUC: 0.4934
[Fine-tune] Epoch 19/50 - Loss: 0.5307 - Val F1: 0.4744 - Val ROC-AUC: 0.7283 - Val PR-AUC: 0.5194
[Fine-tune] Epoch 20/50 - Loss: 0.5159 - Val F1: 0.5000 - Val ROC-AUC: 0.7221 - Val PR-AUC: 0.4628
[Fine-tune] Epoch 21/50 - Loss: 0.5150 - Val F1: 0.4673 - Val ROC-AUC: 0.7321 - Val PR-AUC: 0.4934
[Fine-tune] Epoch 22/50 - Loss: 0.4983 - Val F1: 0.4602 - Val ROC-AUC: 0.7356 - Val PR-AUC: 0.5213
[Fine-tune] Epoch 23/50 - Loss: 0.4995 - Val F1: 0.4664 - Val ROC-AUC: 0.7385 - Val PR-AUC: 0.5225
[Fine-tune] Epoch 24/50 - Loss: 0.5060 - Val F1: 0.4821 - Val ROC-AUC: 0.7266 - Val PR-AUC: 0.4870
[Fine-tune] Epoch 25/50 - Loss: 0.5144 - Val F1: 0.4444 - Val ROC-AUC: 0.7201 - Val PR-AUC: 0.4943
[Fine-tune] Epoch 26/50 - Loss: 0.5114 - Val F1: 0.5000 - Val ROC-AUC: 0.7289 - Val PR-AUC: 0.4910
[Fine-tune] Epoch 27/50 - Loss: 0.4960 - Val F1: 0.4834 - Val ROC-AUC: 0.7391 - Val PR-AUC: 0.5179
[Fine-tune] Epoch 28/50 - Loss: 0.4914 - Val F1: 0.4785 - Val ROC-AUC: 0.7324 - Val PR-AUC: 0.5391
[Fine-tune] Epoch 29/50 - Loss: 0.4988 - Val F1: 0.4320 - Val ROC-AUC: 0.7348 - Val PR-AUC: 0.5310
[Fine-tune] Epoch 30/50 - Loss: 0.5054 - Val F1: 0.4643 - Val ROC-AUC: 0.7366 - Val PR-AUC: 0.5244
[Fine-tune] Epoch 31/50 - Loss: 0.4835 - Val F1: 0.4667 - Val ROC-AUC: 0.7296 - Val PR-AUC: 0.4968
[Fine-tune] Epoch 32/50 - Loss: 0.5044 - Val F1: 0.4435 - Val ROC-AUC: 0.7252 - Val PR-AUC: 0.4628
[Fine-tune] Epoch 33/50 - Loss: 0.4800 - Val F1: 0.4789 - Val ROC-AUC: 0.7361 - Val PR-AUC: 0.5084
[Fine-tune] Epoch 34/50 - Loss: 0.4829 - Val F1: 0.4700 - Val ROC-AUC: 0.7232 - Val PR-AUC: 0.4483
[Fine-tune] Epoch 35/50 - Loss: 0.4792 - Val F1: 0.4804 - Val ROC-AUC: 0.7329 - Val PR-AUC: 0.4967
[Fine-tune] Epoch 36/50 - Loss: 0.4851 - Val F1: 0.4675 - Val ROC-AUC: 0.7243 - Val PR-AUC: 0.5063
[Fine-tune] Epoch 37/50 - Loss: 0.4726 - Val F1: 0.4880 - Val ROC-AUC: 0.7347 - Val PR-AUC: 0.4913
[Fine-tune] Epoch 38/50 - Loss: 0.4847 - Val F1: 0.4787 - Val ROC-AUC: 0.7283 - Val PR-AUC: 0.5100
[Fine-tune] Epoch 39/50 - Loss: 0.4922 - Val F1: 0.4727 - Val ROC-AUC: 0.7301 - Val PR-AUC: 0.4883
[Fine-tune] Epoch 40/50 - Loss: 0.4771 - Val F1: 0.4804 - Val ROC-AUC: 0.7297 - Val PR-AUC: 0.5059
[Fine-tune] Epoch 41/50 - Loss: 0.4811 - Val F1: 0.4929 - Val ROC-AUC: 0.7393 - Val PR-AUC: 0.5195
[Fine-tune] Epoch 42/50 - Loss: 0.4836 - Val F1: 0.4658 - Val ROC-AUC: 0.7315 - Val PR-AUC: 0.5083
[Fine-tune] Epoch 43/50 - Loss: 0.4750 - Val F1: 0.4623 - Val ROC-AUC: 0.7343 - Val PR-AUC: 0.5195
[Fine-tune] Epoch 44/50 - Loss: 0.4755 - Val F1: 0.4734 - Val ROC-AUC: 0.7260 - Val PR-AUC: 0.4982
[Fine-tune] Epoch 45/50 - Loss: 0.4856 - Val F1: 0.4635 - Val ROC-AUC: 0.7319 - Val PR-AUC: 0.4893
[Fine-tune] Epoch 46/50 - Loss: 0.4702 - Val F1: 0.4473 - Val ROC-AUC: 0.7385 - Val PR-AUC: 0.5148
[Fine-tune] Epoch 47/50 - Loss: 0.4770 - Val F1: 0.4949 - Val ROC-AUC: 0.7333 - Val PR-AUC: 0.4845
[Fine-tune] Epoch 48/50 - Loss: 0.4790 - Val F1: 0.4789 - Val ROC-AUC: 0.7309 - Val PR-AUC: 0.4767
[Fine-tune] Epoch 49/50 - Loss: 0.4616 - Val F1: 0.4603 - Val ROC-AUC: 0.7316 - Val PR-AUC: 0.4830
[Fine-tune] Epoch 50/50 - Loss: 0.4833 - Val F1: 0.4953 - Val ROC-AUC: 0.7371 - Val PR-AUC: 0.4942
Finetuning completed. Test F1: 0.5000, ROC-AUC: 0.7356, PR-AUC: 0.4905
[3.1/4] Target-only training on ATG_ERE_CIS using GCN_GAT...
  * Target-only 모델 이미 존재: model_save/targetonly/gcn_gat/TargetOnly_ATG_ERE_CIS_gcn_gat.pth
  * Target-only 생략, 저장된 모델로 평가만 진행
=== Target-only TEST performance ===
Test F1: 0.5000, ROC-AUC: 0.7629, PR-AUC: 0.5333
✅ 실험 완료: Supplemental_Material_2_TrainingSet -> ATG_ERE_CIS [GCN_GAT]
