[2/4] Pretraining on Supplemental_Material_2_TrainingSet using GAT...
  * Pretrained model already exists at model_save/pretrained/gat/Pretrained_Supplemental_Material_2_TrainingSet_gat.pth, loading...
[3/4] Finetuning on ACEA_ER_80hr using GAT...
[Fine-tune] Epoch 1/50 - Loss: 0.6773 - Val F1: 0.2520 - Val ROC-AUC: 0.6807 - Val PR-AUC: 0.2374
[Fine-tune] Epoch 2/50 - Loss: 0.6690 - Val F1: 0.2637 - Val ROC-AUC: 0.7579 - Val PR-AUC: 0.3182
[Fine-tune] Epoch 3/50 - Loss: 0.6603 - Val F1: 0.2769 - Val ROC-AUC: 0.7815 - Val PR-AUC: 0.3388
[Fine-tune] Epoch 4/50 - Loss: 0.6563 - Val F1: 0.2317 - Val ROC-AUC: 0.7351 - Val PR-AUC: 0.3157
[Fine-tune] Epoch 5/50 - Loss: 0.6489 - Val F1: 0.2400 - Val ROC-AUC: 0.6806 - Val PR-AUC: 0.3104
[Fine-tune] Epoch 6/50 - Loss: 0.6609 - Val F1: 0.2121 - Val ROC-AUC: 0.6752 - Val PR-AUC: 0.2821
[Fine-tune] Epoch 7/50 - Loss: 0.6462 - Val F1: 0.2442 - Val ROC-AUC: 0.7092 - Val PR-AUC: 0.3229
[Fine-tune] Epoch 8/50 - Loss: 0.6434 - Val F1: 0.2645 - Val ROC-AUC: 0.6904 - Val PR-AUC: 0.3083
[Fine-tune] Epoch 9/50 - Loss: 0.6486 - Val F1: 0.2837 - Val ROC-AUC: 0.6837 - Val PR-AUC: 0.2788
[Fine-tune] Epoch 10/50 - Loss: 0.6562 - Val F1: 0.2366 - Val ROC-AUC: 0.7015 - Val PR-AUC: 0.2997
[Fine-tune] Epoch 11/50 - Loss: 0.6363 - Val F1: 0.2469 - Val ROC-AUC: 0.7173 - Val PR-AUC: 0.3119
[Fine-tune] Epoch 12/50 - Loss: 0.6349 - Val F1: 0.2339 - Val ROC-AUC: 0.7283 - Val PR-AUC: 0.3212
[Fine-tune] Epoch 13/50 - Loss: 0.6420 - Val F1: 0.2222 - Val ROC-AUC: 0.7186 - Val PR-AUC: 0.3447
[Fine-tune] Epoch 14/50 - Loss: 0.6396 - Val F1: 0.2308 - Val ROC-AUC: 0.7135 - Val PR-AUC: 0.3498
[Fine-tune] Epoch 15/50 - Loss: 0.6511 - Val F1: 0.2235 - Val ROC-AUC: 0.7243 - Val PR-AUC: 0.3507
[Fine-tune] Epoch 16/50 - Loss: 0.6469 - Val F1: 0.2346 - Val ROC-AUC: 0.7336 - Val PR-AUC: 0.3619
[Fine-tune] Epoch 17/50 - Loss: 0.6382 - Val F1: 0.2034 - Val ROC-AUC: 0.7137 - Val PR-AUC: 0.3566
[Fine-tune] Epoch 18/50 - Loss: 0.6286 - Val F1: 0.2420 - Val ROC-AUC: 0.7183 - Val PR-AUC: 0.3682
[Fine-tune] Epoch 19/50 - Loss: 0.6368 - Val F1: 0.2105 - Val ROC-AUC: 0.7159 - Val PR-AUC: 0.3527
[Fine-tune] Epoch 20/50 - Loss: 0.6224 - Val F1: 0.2249 - Val ROC-AUC: 0.6933 - Val PR-AUC: 0.3517
[Fine-tune] Epoch 21/50 - Loss: 0.6319 - Val F1: 0.2353 - Val ROC-AUC: 0.7007 - Val PR-AUC: 0.3416
[Fine-tune] Epoch 22/50 - Loss: 0.6274 - Val F1: 0.2468 - Val ROC-AUC: 0.6865 - Val PR-AUC: 0.3576
[Fine-tune] Epoch 23/50 - Loss: 0.6265 - Val F1: 0.2249 - Val ROC-AUC: 0.7059 - Val PR-AUC: 0.3605
[Fine-tune] Epoch 24/50 - Loss: 0.6202 - Val F1: 0.2222 - Val ROC-AUC: 0.7134 - Val PR-AUC: 0.3629
[Fine-tune] Epoch 25/50 - Loss: 0.6144 - Val F1: 0.2375 - Val ROC-AUC: 0.7190 - Val PR-AUC: 0.3535
[Fine-tune] Epoch 26/50 - Loss: 0.6243 - Val F1: 0.2585 - Val ROC-AUC: 0.7276 - Val PR-AUC: 0.3563
[Fine-tune] Epoch 27/50 - Loss: 0.6103 - Val F1: 0.2482 - Val ROC-AUC: 0.7011 - Val PR-AUC: 0.3655
[Fine-tune] Epoch 28/50 - Loss: 0.6196 - Val F1: 0.2275 - Val ROC-AUC: 0.7113 - Val PR-AUC: 0.3612
[Fine-tune] Epoch 29/50 - Loss: 0.6158 - Val F1: 0.2293 - Val ROC-AUC: 0.7107 - Val PR-AUC: 0.3487
[Fine-tune] Epoch 30/50 - Loss: 0.6142 - Val F1: 0.2500 - Val ROC-AUC: 0.7135 - Val PR-AUC: 0.3301
[Fine-tune] Epoch 31/50 - Loss: 0.6256 - Val F1: 0.2381 - Val ROC-AUC: 0.7016 - Val PR-AUC: 0.3501
[Fine-tune] Epoch 32/50 - Loss: 0.6198 - Val F1: 0.2535 - Val ROC-AUC: 0.7020 - Val PR-AUC: 0.3477
[Fine-tune] Epoch 33/50 - Loss: 0.6087 - Val F1: 0.2416 - Val ROC-AUC: 0.7175 - Val PR-AUC: 0.3500
[Fine-tune] Epoch 34/50 - Loss: 0.6152 - Val F1: 0.2384 - Val ROC-AUC: 0.7157 - Val PR-AUC: 0.3293
[Fine-tune] Epoch 35/50 - Loss: 0.6236 - Val F1: 0.2264 - Val ROC-AUC: 0.7086 - Val PR-AUC: 0.3487
[Fine-tune] Epoch 36/50 - Loss: 0.6157 - Val F1: 0.2323 - Val ROC-AUC: 0.7118 - Val PR-AUC: 0.3563
[Fine-tune] Epoch 37/50 - Loss: 0.6237 - Val F1: 0.2500 - Val ROC-AUC: 0.7164 - Val PR-AUC: 0.3552
[Fine-tune] Epoch 38/50 - Loss: 0.6102 - Val F1: 0.2432 - Val ROC-AUC: 0.7102 - Val PR-AUC: 0.3407
[Fine-tune] Epoch 39/50 - Loss: 0.5984 - Val F1: 0.2500 - Val ROC-AUC: 0.7007 - Val PR-AUC: 0.3532
[Fine-tune] Epoch 40/50 - Loss: 0.6080 - Val F1: 0.2237 - Val ROC-AUC: 0.7141 - Val PR-AUC: 0.3455
[Fine-tune] Epoch 41/50 - Loss: 0.6104 - Val F1: 0.2264 - Val ROC-AUC: 0.7137 - Val PR-AUC: 0.3504
[Fine-tune] Epoch 42/50 - Loss: 0.6234 - Val F1: 0.2267 - Val ROC-AUC: 0.7118 - Val PR-AUC: 0.3420
[Fine-tune] Epoch 43/50 - Loss: 0.6212 - Val F1: 0.2282 - Val ROC-AUC: 0.7114 - Val PR-AUC: 0.3380
[Fine-tune] Epoch 44/50 - Loss: 0.6113 - Val F1: 0.2282 - Val ROC-AUC: 0.7183 - Val PR-AUC: 0.3393
[Fine-tune] Epoch 45/50 - Loss: 0.6028 - Val F1: 0.2378 - Val ROC-AUC: 0.7170 - Val PR-AUC: 0.3335
[Fine-tune] Epoch 46/50 - Loss: 0.6123 - Val F1: 0.2313 - Val ROC-AUC: 0.7229 - Val PR-AUC: 0.3432
[Fine-tune] Epoch 47/50 - Loss: 0.6327 - Val F1: 0.2329 - Val ROC-AUC: 0.7126 - Val PR-AUC: 0.3382
[Fine-tune] Epoch 48/50 - Loss: 0.6231 - Val F1: 0.2194 - Val ROC-AUC: 0.7139 - Val PR-AUC: 0.3434
[Fine-tune] Epoch 49/50 - Loss: 0.6211 - Val F1: 0.2353 - Val ROC-AUC: 0.7192 - Val PR-AUC: 0.3418
[Fine-tune] Epoch 50/50 - Loss: 0.6132 - Val F1: 0.2345 - Val ROC-AUC: 0.7206 - Val PR-AUC: 0.3407
Finetuning completed. Test F1: 0.2353, ROC-AUC: 0.6379, PR-AUC: 0.1668
[3.1/4] Target-only training on ACEA_ER_80hr using GAT...
  * Target-only 모델 이미 존재: model_save/targetonly/gat/TargetOnly_ACEA_ER_80hr_gat.pth
  * Target-only 생략, 저장된 모델로 평가만 진행
=== Target-only TEST performance ===
Test F1: 0.2571, ROC-AUC: 0.6558, PR-AUC: 0.1787
✅ 실험 완료: Supplemental_Material_2_TrainingSet -> ACEA_ER_80hr [GAT]
