[2/4] Pretraining on Supplemental_Material_2_TrainingSet using GCN_GAT...
  * Pretrained model already exists at model_save/pretrained/gcn_gat/Pretrained_Supplemental_Material_2_TrainingSet_gcn_gat.pth, loading...
[3/4] Finetuning on ACEA_ER_80hr using GCN_GAT...
[Fine-tune] Epoch 1/50 - Loss: 0.6546 - Val F1: 0.2857 - Val ROC-AUC: 0.6462 - Val PR-AUC: 0.2665
[Fine-tune] Epoch 2/50 - Loss: 0.6400 - Val F1: 0.2132 - Val ROC-AUC: 0.6691 - Val PR-AUC: 0.3509
[Fine-tune] Epoch 3/50 - Loss: 0.6160 - Val F1: 0.2553 - Val ROC-AUC: 0.6640 - Val PR-AUC: 0.2788
[Fine-tune] Epoch 4/50 - Loss: 0.6079 - Val F1: 0.2235 - Val ROC-AUC: 0.6680 - Val PR-AUC: 0.3207
[Fine-tune] Epoch 5/50 - Loss: 0.5867 - Val F1: 0.2430 - Val ROC-AUC: 0.6630 - Val PR-AUC: 0.2802
[Fine-tune] Epoch 6/50 - Loss: 0.5664 - Val F1: 0.2468 - Val ROC-AUC: 0.6822 - Val PR-AUC: 0.3405
[Fine-tune] Epoch 7/50 - Loss: 0.5765 - Val F1: 0.2628 - Val ROC-AUC: 0.6905 - Val PR-AUC: 0.3745
[Fine-tune] Epoch 8/50 - Loss: 0.5638 - Val F1: 0.3137 - Val ROC-AUC: 0.6911 - Val PR-AUC: 0.3492
[Fine-tune] Epoch 9/50 - Loss: 0.5709 - Val F1: 0.2720 - Val ROC-AUC: 0.6746 - Val PR-AUC: 0.2778
[Fine-tune] Epoch 10/50 - Loss: 0.5448 - Val F1: 0.2195 - Val ROC-AUC: 0.6856 - Val PR-AUC: 0.2414
[Fine-tune] Epoch 11/50 - Loss: 0.5457 - Val F1: 0.2692 - Val ROC-AUC: 0.6826 - Val PR-AUC: 0.2751
[Fine-tune] Epoch 12/50 - Loss: 0.5113 - Val F1: 0.2721 - Val ROC-AUC: 0.6982 - Val PR-AUC: 0.3213
[Fine-tune] Epoch 13/50 - Loss: 0.5406 - Val F1: 0.3238 - Val ROC-AUC: 0.6959 - Val PR-AUC: 0.2745
[Fine-tune] Epoch 14/50 - Loss: 0.5177 - Val F1: 0.2331 - Val ROC-AUC: 0.6418 - Val PR-AUC: 0.2203
[Fine-tune] Epoch 15/50 - Loss: 0.5063 - Val F1: 0.2677 - Val ROC-AUC: 0.7064 - Val PR-AUC: 0.3328
[Fine-tune] Epoch 16/50 - Loss: 0.4960 - Val F1: 0.3025 - Val ROC-AUC: 0.7093 - Val PR-AUC: 0.3463
[Fine-tune] Epoch 17/50 - Loss: 0.5133 - Val F1: 0.2812 - Val ROC-AUC: 0.6998 - Val PR-AUC: 0.2933
[Fine-tune] Epoch 18/50 - Loss: 0.5057 - Val F1: 0.2992 - Val ROC-AUC: 0.7151 - Val PR-AUC: 0.3567
[Fine-tune] Epoch 19/50 - Loss: 0.5003 - Val F1: 0.2329 - Val ROC-AUC: 0.6762 - Val PR-AUC: 0.2852
[Fine-tune] Epoch 20/50 - Loss: 0.5010 - Val F1: 0.2735 - Val ROC-AUC: 0.6840 - Val PR-AUC: 0.2092
[Fine-tune] Epoch 21/50 - Loss: 0.4772 - Val F1: 0.2979 - Val ROC-AUC: 0.6872 - Val PR-AUC: 0.3436
[Fine-tune] Epoch 22/50 - Loss: 0.4839 - Val F1: 0.2385 - Val ROC-AUC: 0.6679 - Val PR-AUC: 0.2684
[Fine-tune] Epoch 23/50 - Loss: 0.4769 - Val F1: 0.2947 - Val ROC-AUC: 0.6842 - Val PR-AUC: 0.2682
[Fine-tune] Epoch 24/50 - Loss: 0.4712 - Val F1: 0.2689 - Val ROC-AUC: 0.6894 - Val PR-AUC: 0.2818
[Fine-tune] Epoch 25/50 - Loss: 0.4438 - Val F1: 0.2778 - Val ROC-AUC: 0.6753 - Val PR-AUC: 0.2464
[Fine-tune] Epoch 26/50 - Loss: 0.4653 - Val F1: 0.2632 - Val ROC-AUC: 0.7147 - Val PR-AUC: 0.3097
[Fine-tune] Epoch 27/50 - Loss: 0.4773 - Val F1: 0.3077 - Val ROC-AUC: 0.6965 - Val PR-AUC: 0.2967
[Fine-tune] Epoch 28/50 - Loss: 0.4604 - Val F1: 0.2887 - Val ROC-AUC: 0.6931 - Val PR-AUC: 0.3026
[Fine-tune] Epoch 29/50 - Loss: 0.4574 - Val F1: 0.2521 - Val ROC-AUC: 0.6664 - Val PR-AUC: 0.2550
[Fine-tune] Epoch 30/50 - Loss: 0.4563 - Val F1: 0.2941 - Val ROC-AUC: 0.6898 - Val PR-AUC: 0.2834
[Fine-tune] Epoch 31/50 - Loss: 0.4548 - Val F1: 0.2759 - Val ROC-AUC: 0.6917 - Val PR-AUC: 0.3136
[Fine-tune] Epoch 32/50 - Loss: 0.4478 - Val F1: 0.2989 - Val ROC-AUC: 0.6905 - Val PR-AUC: 0.3107
[Fine-tune] Epoch 33/50 - Loss: 0.4459 - Val F1: 0.2549 - Val ROC-AUC: 0.6871 - Val PR-AUC: 0.2703
[Fine-tune] Epoch 34/50 - Loss: 0.4335 - Val F1: 0.3168 - Val ROC-AUC: 0.6986 - Val PR-AUC: 0.3118
[Fine-tune] Epoch 35/50 - Loss: 0.4290 - Val F1: 0.2936 - Val ROC-AUC: 0.7038 - Val PR-AUC: 0.3149
[Fine-tune] Epoch 36/50 - Loss: 0.4549 - Val F1: 0.3000 - Val ROC-AUC: 0.6908 - Val PR-AUC: 0.2837
[Fine-tune] Epoch 37/50 - Loss: 0.4387 - Val F1: 0.2906 - Val ROC-AUC: 0.7037 - Val PR-AUC: 0.3132
[Fine-tune] Epoch 38/50 - Loss: 0.4245 - Val F1: 0.2880 - Val ROC-AUC: 0.6865 - Val PR-AUC: 0.2735
[Fine-tune] Epoch 39/50 - Loss: 0.4191 - Val F1: 0.2545 - Val ROC-AUC: 0.6909 - Val PR-AUC: 0.2752
[Fine-tune] Epoch 40/50 - Loss: 0.4444 - Val F1: 0.2807 - Val ROC-AUC: 0.6944 - Val PR-AUC: 0.2718
[Fine-tune] Epoch 41/50 - Loss: 0.4420 - Val F1: 0.2913 - Val ROC-AUC: 0.7091 - Val PR-AUC: 0.3188
[Fine-tune] Epoch 42/50 - Loss: 0.4231 - Val F1: 0.2979 - Val ROC-AUC: 0.6977 - Val PR-AUC: 0.3142
[Fine-tune] Epoch 43/50 - Loss: 0.4403 - Val F1: 0.2632 - Val ROC-AUC: 0.6881 - Val PR-AUC: 0.2923
[Fine-tune] Epoch 44/50 - Loss: 0.4289 - Val F1: 0.2857 - Val ROC-AUC: 0.6952 - Val PR-AUC: 0.3106
[Fine-tune] Epoch 45/50 - Loss: 0.4178 - Val F1: 0.2667 - Val ROC-AUC: 0.6999 - Val PR-AUC: 0.3046
[Fine-tune] Epoch 46/50 - Loss: 0.4385 - Val F1: 0.2453 - Val ROC-AUC: 0.6739 - Val PR-AUC: 0.2783
[Fine-tune] Epoch 47/50 - Loss: 0.4337 - Val F1: 0.2642 - Val ROC-AUC: 0.6947 - Val PR-AUC: 0.2973
[Fine-tune] Epoch 48/50 - Loss: 0.4156 - Val F1: 0.2364 - Val ROC-AUC: 0.6900 - Val PR-AUC: 0.3090
[Fine-tune] Epoch 49/50 - Loss: 0.4204 - Val F1: 0.2772 - Val ROC-AUC: 0.6932 - Val PR-AUC: 0.3126
[Fine-tune] Epoch 50/50 - Loss: 0.4140 - Val F1: 0.2523 - Val ROC-AUC: 0.7049 - Val PR-AUC: 0.3043
Finetuning completed. Test F1: 0.2737, ROC-AUC: 0.7054, PR-AUC: 0.3056
[3.1/4] Target-only training on ACEA_ER_80hr using GCN_GAT...
  * Target-only 모델 이미 존재: model_save/targetonly/gcn_gat/TargetOnly_ACEA_ER_80hr_gcn_gat.pth
  * Target-only 생략, 저장된 모델로 평가만 진행
=== Target-only TEST performance ===
Test F1: 0.3146, ROC-AUC: 0.7197, PR-AUC: 0.2705
✅ 실험 완료: Supplemental_Material_2_TrainingSet -> ACEA_ER_80hr [GCN_GAT]
