[1/4] Excel → CSV 변환 중...
Saved pretrain CSV for TOX21_ERa_BLA_Antagonist_ratio: data/sample/TOX21_ERa_BLA_Antagonist_ratio.csv
Saved pretrain CSV for TOX21_ERa_LUC_VM7_Agonist: data/sample/TOX21_ERa_LUC_VM7_Agonist.csv
Saved pretrain CSV for TOX21_ERa_BLA_Antagonist_viability: data/sample/TOX21_ERa_BLA_Antagonist_viability.csv
Saved pretrain CSV for TOX21_ERa_LUC_VM7_Antagonist_0.5nM_E2: data/sample/TOX21_ERa_LUC_VM7_Antagonist_0.5nM_E2.csv
Saved pretrain CSV for TOX21_ERa_BLA_Antagonist_ch2: data/sample/TOX21_ERa_BLA_Antagonist_ch2.csv
Saved pretrain CSV for TOX21_ERa_BLA_Antagonist_ch1: data/sample/TOX21_ERa_BLA_Antagonist_ch1.csv
Saved pretrain CSV for TOX21_ERa_LUC_VM7_Antagonist_0.5nM_E2_viability: data/sample/TOX21_ERa_LUC_VM7_Antagonist_0.5nM_E2_viability.csv
Saved pretrain CSV for TOX21_ERa_BLA_Agonist_ch2: data/sample/TOX21_ERa_BLA_Agonist_ch2.csv
Saved pretrain CSV for TOX21_ERa_BLA_Agonist_ch1: data/sample/TOX21_ERa_BLA_Agonist_ch1.csv
Saved pretrain CSV for TOX21_ERa_BLA_Agonist_ratio: data/sample/TOX21_ERa_BLA_Agonist_ratio.csv
Saved pretrain CSV for TOX21_ERb_BLA_Antagonist_ch1: data/sample/TOX21_ERb_BLA_Antagonist_ch1.csv
Saved pretrain CSV for TOX21_ERb_BLA_Antagonist_ch2: data/sample/TOX21_ERb_BLA_Antagonist_ch2.csv
Saved pretrain CSV for TOX21_ERb_BLA_Agonist_viability: data/sample/TOX21_ERb_BLA_Agonist_viability.csv
Saved pretrain CSV for TOX21_ERb_BLA_Agonist_ratio: data/sample/TOX21_ERb_BLA_Agonist_ratio.csv
Saved pretrain CSV for TOX21_ERb_BLA_Agonist_ch2: data/sample/TOX21_ERb_BLA_Agonist_ch2.csv
Saved pretrain CSV for TOX21_ERb_BLA_Agonist_ch1: data/sample/TOX21_ERb_BLA_Agonist_ch1.csv
Saved pretrain CSV for TOX21_ERR_LUC_Agonist: data/sample/TOX21_ERR_LUC_Agonist.csv
Saved pretrain CSV for TOX21_ERa_LUC_VM7_Agonist_10nM_ICI182780_viability: data/sample/TOX21_ERa_LUC_VM7_Agonist_10nM_ICI182780_viability.csv
Saved pretrain CSV for TOX21_ERa_LUC_VM7_Antagonist_0.1nM_E2: data/sample/TOX21_ERa_LUC_VM7_Antagonist_0.1nM_E2.csv
Saved pretrain CSV for TOX21_ERb_BLA_Antagonist_ratio: data/sample/TOX21_ERb_BLA_Antagonist_ratio.csv
Saved pretrain CSV for TOX21_ERa_LUC_VM7_Agonist_10nM_ICI182780: data/sample/TOX21_ERa_LUC_VM7_Agonist_10nM_ICI182780.csv
Saved pretrain CSV for TOX21_ERR_LUC_viability: data/sample/TOX21_ERR_LUC_viability.csv
Saved pretrain CSV for TOX21_ERR_LUC_Antagonist: data/sample/TOX21_ERR_LUC_Antagonist.csv
Saved pretrain CSV for TOX21_ERa_LUC_VM7_Antagonist_0.1nM_E2_viability: data/sample/TOX21_ERa_LUC_VM7_Antagonist_0.1nM_E2_viability.csv
Saved pretrain CSV for TOX21_ERb_BLA_Antagonist_viability: data/sample/TOX21_ERb_BLA_Antagonist_viability.csv
Saved finetune CSV for TOX21_ERa_BLA_Antagonist_ratio: data/sample/TOX21_ERa_BLA_Antagonist_ratio.csv
Saved finetune CSV for TOX21_ERa_LUC_VM7_Agonist: data/sample/TOX21_ERa_LUC_VM7_Agonist.csv
Saved finetune CSV for TOX21_ERa_BLA_Antagonist_viability: data/sample/TOX21_ERa_BLA_Antagonist_viability.csv
Saved finetune CSV for TOX21_ERa_LUC_VM7_Antagonist_0.5nM_E2: data/sample/TOX21_ERa_LUC_VM7_Antagonist_0.5nM_E2.csv
Saved finetune CSV for TOX21_ERa_BLA_Antagonist_ch2: data/sample/TOX21_ERa_BLA_Antagonist_ch2.csv
Saved finetune CSV for TOX21_ERa_BLA_Antagonist_ch1: data/sample/TOX21_ERa_BLA_Antagonist_ch1.csv
Saved finetune CSV for TOX21_ERa_LUC_VM7_Antagonist_0.5nM_E2_viability: data/sample/TOX21_ERa_LUC_VM7_Antagonist_0.5nM_E2_viability.csv
Saved finetune CSV for TOX21_ERa_BLA_Agonist_ch2: data/sample/TOX21_ERa_BLA_Agonist_ch2.csv
Saved finetune CSV for TOX21_ERa_BLA_Agonist_ch1: data/sample/TOX21_ERa_BLA_Agonist_ch1.csv
Saved finetune CSV for TOX21_ERa_BLA_Agonist_ratio: data/sample/TOX21_ERa_BLA_Agonist_ratio.csv
Saved finetune CSV for TOX21_ERb_BLA_Antagonist_ch1: data/sample/TOX21_ERb_BLA_Antagonist_ch1.csv
Saved finetune CSV for TOX21_ERb_BLA_Antagonist_ch2: data/sample/TOX21_ERb_BLA_Antagonist_ch2.csv
Saved finetune CSV for TOX21_ERb_BLA_Agonist_viability: data/sample/TOX21_ERb_BLA_Agonist_viability.csv
Saved finetune CSV for TOX21_ERb_BLA_Agonist_ratio: data/sample/TOX21_ERb_BLA_Agonist_ratio.csv
Saved finetune CSV for TOX21_ERb_BLA_Agonist_ch2: data/sample/TOX21_ERb_BLA_Agonist_ch2.csv
Saved finetune CSV for TOX21_ERb_BLA_Agonist_ch1: data/sample/TOX21_ERb_BLA_Agonist_ch1.csv
Saved finetune CSV for TOX21_ERR_LUC_Agonist: data/sample/TOX21_ERR_LUC_Agonist.csv
Saved finetune CSV for TOX21_ERa_LUC_VM7_Agonist_10nM_ICI182780_viability: data/sample/TOX21_ERa_LUC_VM7_Agonist_10nM_ICI182780_viability.csv
Saved finetune CSV for TOX21_ERa_LUC_VM7_Antagonist_0.1nM_E2: data/sample/TOX21_ERa_LUC_VM7_Antagonist_0.1nM_E2.csv
Saved finetune CSV for TOX21_ERb_BLA_Antagonist_ratio: data/sample/TOX21_ERb_BLA_Antagonist_ratio.csv
Saved finetune CSV for TOX21_ERa_LUC_VM7_Agonist_10nM_ICI182780: data/sample/TOX21_ERa_LUC_VM7_Agonist_10nM_ICI182780.csv
Saved finetune CSV for TOX21_ERR_LUC_viability: data/sample/TOX21_ERR_LUC_viability.csv
Saved finetune CSV for TOX21_ERR_LUC_Antagonist: data/sample/TOX21_ERR_LUC_Antagonist.csv
Saved finetune CSV for TOX21_ERa_LUC_VM7_Antagonist_0.1nM_E2_viability: data/sample/TOX21_ERa_LUC_VM7_Antagonist_0.1nM_E2_viability.csv
Saved finetune CSV for TOX21_ERb_BLA_Antagonist_viability: data/sample/TOX21_ERb_BLA_Antagonist_viability.csv
[2/4] Pretraining on TOX21_ERa_BLA_Antagonist_ratio using GIN_GCN...
Epoch 1/50 - Loss: 0.6223 - Val F1: 0.3411 - Val ROC-AUC: 0.7533 - Val PR-AUC: 0.3191
Epoch 2/50 - Loss: 0.5843 - Val F1: 0.3743 - Val ROC-AUC: 0.7650 - Val PR-AUC: 0.3265
Epoch 3/50 - Loss: 0.5690 - Val F1: 0.4000 - Val ROC-AUC: 0.7699 - Val PR-AUC: 0.3287
Epoch 4/50 - Loss: 0.5572 - Val F1: 0.3728 - Val ROC-AUC: 0.7754 - Val PR-AUC: 0.3714
Epoch 5/50 - Loss: 0.5351 - Val F1: 0.4000 - Val ROC-AUC: 0.7855 - Val PR-AUC: 0.3563
Epoch 6/50 - Loss: 0.5392 - Val F1: 0.3509 - Val ROC-AUC: 0.7557 - Val PR-AUC: 0.3007
Epoch 7/50 - Loss: 0.5217 - Val F1: 0.4098 - Val ROC-AUC: 0.7732 - Val PR-AUC: 0.3580
Epoch 8/50 - Loss: 0.5126 - Val F1: 0.3340 - Val ROC-AUC: 0.7805 - Val PR-AUC: 0.3425
Epoch 9/50 - Loss: 0.5171 - Val F1: 0.3775 - Val ROC-AUC: 0.7953 - Val PR-AUC: 0.3721
Epoch 10/50 - Loss: 0.4970 - Val F1: 0.3730 - Val ROC-AUC: 0.8015 - Val PR-AUC: 0.3467
Epoch 11/50 - Loss: 0.4735 - Val F1: 0.4173 - Val ROC-AUC: 0.8113 - Val PR-AUC: 0.3807
Epoch 12/50 - Loss: 0.4655 - Val F1: 0.4406 - Val ROC-AUC: 0.8123 - Val PR-AUC: 0.3864
Epoch 13/50 - Loss: 0.4607 - Val F1: 0.4343 - Val ROC-AUC: 0.8047 - Val PR-AUC: 0.3676
Epoch 14/50 - Loss: 0.4646 - Val F1: 0.3883 - Val ROC-AUC: 0.7785 - Val PR-AUC: 0.3450
Epoch 15/50 - Loss: 0.4384 - Val F1: 0.4194 - Val ROC-AUC: 0.8234 - Val PR-AUC: 0.4141
Epoch 16/50 - Loss: 0.4501 - Val F1: 0.4223 - Val ROC-AUC: 0.8010 - Val PR-AUC: 0.3704
Epoch 17/50 - Loss: 0.4391 - Val F1: 0.4361 - Val ROC-AUC: 0.8098 - Val PR-AUC: 0.3821
Epoch 18/50 - Loss: 0.4383 - Val F1: 0.4317 - Val ROC-AUC: 0.8071 - Val PR-AUC: 0.3848
Epoch 19/50 - Loss: 0.4322 - Val F1: 0.4540 - Val ROC-AUC: 0.8067 - Val PR-AUC: 0.3606
Epoch 20/50 - Loss: 0.4222 - Val F1: 0.4203 - Val ROC-AUC: 0.8147 - Val PR-AUC: 0.3872
Epoch 21/50 - Loss: 0.4165 - Val F1: 0.4244 - Val ROC-AUC: 0.8029 - Val PR-AUC: 0.3856
Epoch 22/50 - Loss: 0.3900 - Val F1: 0.4367 - Val ROC-AUC: 0.8183 - Val PR-AUC: 0.4054
Epoch 23/50 - Loss: 0.3899 - Val F1: 0.4590 - Val ROC-AUC: 0.8120 - Val PR-AUC: 0.3944
Epoch 24/50 - Loss: 0.3929 - Val F1: 0.4540 - Val ROC-AUC: 0.8162 - Val PR-AUC: 0.3993
Epoch 25/50 - Loss: 0.3838 - Val F1: 0.4562 - Val ROC-AUC: 0.8152 - Val PR-AUC: 0.3718
Epoch 26/50 - Loss: 0.3771 - Val F1: 0.4573 - Val ROC-AUC: 0.8143 - Val PR-AUC: 0.3816
Epoch 27/50 - Loss: 0.3740 - Val F1: 0.4452 - Val ROC-AUC: 0.8098 - Val PR-AUC: 0.3972
Epoch 28/50 - Loss: 0.3716 - Val F1: 0.4471 - Val ROC-AUC: 0.8065 - Val PR-AUC: 0.3791
Epoch 29/50 - Loss: 0.3632 - Val F1: 0.4476 - Val ROC-AUC: 0.8129 - Val PR-AUC: 0.3904
Epoch 30/50 - Loss: 0.3753 - Val F1: 0.4286 - Val ROC-AUC: 0.8027 - Val PR-AUC: 0.3813
Epoch 31/50 - Loss: 0.3538 - Val F1: 0.4224 - Val ROC-AUC: 0.8064 - Val PR-AUC: 0.3932
Epoch 32/50 - Loss: 0.3431 - Val F1: 0.4472 - Val ROC-AUC: 0.8085 - Val PR-AUC: 0.3846
Epoch 33/50 - Loss: 0.3370 - Val F1: 0.4366 - Val ROC-AUC: 0.8129 - Val PR-AUC: 0.3840
Epoch 34/50 - Loss: 0.3421 - Val F1: 0.4494 - Val ROC-AUC: 0.8054 - Val PR-AUC: 0.3947
Epoch 35/50 - Loss: 0.3277 - Val F1: 0.4377 - Val ROC-AUC: 0.8070 - Val PR-AUC: 0.3965
Epoch 36/50 - Loss: 0.3240 - Val F1: 0.3987 - Val ROC-AUC: 0.7900 - Val PR-AUC: 0.3687
Epoch 37/50 - Loss: 0.3236 - Val F1: 0.4409 - Val ROC-AUC: 0.8036 - Val PR-AUC: 0.3707
Epoch 38/50 - Loss: 0.3293 - Val F1: 0.4214 - Val ROC-AUC: 0.7926 - Val PR-AUC: 0.3616
Epoch 39/50 - Loss: 0.3117 - Val F1: 0.4268 - Val ROC-AUC: 0.8019 - Val PR-AUC: 0.3823
Epoch 40/50 - Loss: 0.3210 - Val F1: 0.4407 - Val ROC-AUC: 0.8116 - Val PR-AUC: 0.4062
Epoch 41/50 - Loss: 0.3135 - Val F1: 0.4371 - Val ROC-AUC: 0.8029 - Val PR-AUC: 0.3911
Epoch 42/50 - Loss: 0.3061 - Val F1: 0.4345 - Val ROC-AUC: 0.8023 - Val PR-AUC: 0.3949
Epoch 43/50 - Loss: 0.3034 - Val F1: 0.4350 - Val ROC-AUC: 0.8002 - Val PR-AUC: 0.3850
Epoch 44/50 - Loss: 0.2992 - Val F1: 0.4246 - Val ROC-AUC: 0.8027 - Val PR-AUC: 0.3867
Epoch 45/50 - Loss: 0.2939 - Val F1: 0.4313 - Val ROC-AUC: 0.8007 - Val PR-AUC: 0.3902
Epoch 46/50 - Loss: 0.2860 - Val F1: 0.4157 - Val ROC-AUC: 0.7994 - Val PR-AUC: 0.3874
Epoch 47/50 - Loss: 0.2904 - Val F1: 0.4197 - Val ROC-AUC: 0.8009 - Val PR-AUC: 0.3855
Epoch 48/50 - Loss: 0.2944 - Val F1: 0.4430 - Val ROC-AUC: 0.8024 - Val PR-AUC: 0.3895
Epoch 49/50 - Loss: 0.2763 - Val F1: 0.4286 - Val ROC-AUC: 0.7979 - Val PR-AUC: 0.3908
Epoch 50/50 - Loss: 0.2792 - Val F1: 0.4295 - Val ROC-AUC: 0.8003 - Val PR-AUC: 0.3876
Pretraining completed. Test F1: 0.4248, ROC-AUC: 0.7913, PR-AUC: 0.3398
[3/4] Finetuning on TOX21_ERa_BLA_Antagonist_ch1 using GIN_GCN...
[Fine-tune] Epoch 1/50 - Loss: 0.4416 - Val F1: 0.2945 - Val ROC-AUC: 0.8562 - Val PR-AUC: 0.2668
[Fine-tune] Epoch 2/50 - Loss: 0.4143 - Val F1: 0.2756 - Val ROC-AUC: 0.8192 - Val PR-AUC: 0.2270
[Fine-tune] Epoch 3/50 - Loss: 0.3951 - Val F1: 0.2960 - Val ROC-AUC: 0.8433 - Val PR-AUC: 0.2285
[Fine-tune] Epoch 4/50 - Loss: 0.3771 - Val F1: 0.2706 - Val ROC-AUC: 0.8554 - Val PR-AUC: 0.2859
[Fine-tune] Epoch 5/50 - Loss: 0.3553 - Val F1: 0.2534 - Val ROC-AUC: 0.7953 - Val PR-AUC: 0.1897
[Fine-tune] Epoch 6/50 - Loss: 0.3574 - Val F1: 0.2979 - Val ROC-AUC: 0.8309 - Val PR-AUC: 0.2146
[Fine-tune] Epoch 7/50 - Loss: 0.3519 - Val F1: 0.2893 - Val ROC-AUC: 0.8250 - Val PR-AUC: 0.1975
[Fine-tune] Epoch 8/50 - Loss: 0.3434 - Val F1: 0.2755 - Val ROC-AUC: 0.7862 - Val PR-AUC: 0.1763
[Fine-tune] Epoch 9/50 - Loss: 0.3287 - Val F1: 0.3154 - Val ROC-AUC: 0.8453 - Val PR-AUC: 0.2465
[Fine-tune] Epoch 10/50 - Loss: 0.3175 - Val F1: 0.2907 - Val ROC-AUC: 0.8093 - Val PR-AUC: 0.1931
[Fine-tune] Epoch 11/50 - Loss: 0.2851 - Val F1: 0.2769 - Val ROC-AUC: 0.8133 - Val PR-AUC: 0.2160
[Fine-tune] Epoch 12/50 - Loss: 0.2689 - Val F1: 0.2893 - Val ROC-AUC: 0.8137 - Val PR-AUC: 0.1914
[Fine-tune] Epoch 13/50 - Loss: 0.2721 - Val F1: 0.2723 - Val ROC-AUC: 0.8100 - Val PR-AUC: 0.1799
[Fine-tune] Epoch 14/50 - Loss: 0.2408 - Val F1: 0.2687 - Val ROC-AUC: 0.7954 - Val PR-AUC: 0.2023
[Fine-tune] Epoch 15/50 - Loss: 0.2437 - Val F1: 0.2678 - Val ROC-AUC: 0.7863 - Val PR-AUC: 0.1702
[Fine-tune] Epoch 16/50 - Loss: 0.2439 - Val F1: 0.2831 - Val ROC-AUC: 0.8054 - Val PR-AUC: 0.2009
[Fine-tune] Epoch 17/50 - Loss: 0.2516 - Val F1: 0.2523 - Val ROC-AUC: 0.7961 - Val PR-AUC: 0.1966
[Fine-tune] Epoch 18/50 - Loss: 0.2202 - Val F1: 0.2969 - Val ROC-AUC: 0.8029 - Val PR-AUC: 0.1872
[Fine-tune] Epoch 19/50 - Loss: 0.2302 - Val F1: 0.2581 - Val ROC-AUC: 0.7855 - Val PR-AUC: 0.1904
[Fine-tune] Epoch 20/50 - Loss: 0.2260 - Val F1: 0.3175 - Val ROC-AUC: 0.8124 - Val PR-AUC: 0.2342
[Fine-tune] Epoch 21/50 - Loss: 0.1958 - Val F1: 0.2781 - Val ROC-AUC: 0.7896 - Val PR-AUC: 0.1785
[Fine-tune] Epoch 22/50 - Loss: 0.1829 - Val F1: 0.2751 - Val ROC-AUC: 0.7806 - Val PR-AUC: 0.1822
[Fine-tune] Epoch 23/50 - Loss: 0.1843 - Val F1: 0.2772 - Val ROC-AUC: 0.7803 - Val PR-AUC: 0.1978
[Fine-tune] Epoch 24/50 - Loss: 0.1790 - Val F1: 0.2381 - Val ROC-AUC: 0.7685 - Val PR-AUC: 0.1744
[Fine-tune] Epoch 25/50 - Loss: 0.1718 - Val F1: 0.2323 - Val ROC-AUC: 0.7829 - Val PR-AUC: 0.1834
[Fine-tune] Epoch 26/50 - Loss: 0.1757 - Val F1: 0.2887 - Val ROC-AUC: 0.8072 - Val PR-AUC: 0.2046
[Fine-tune] Epoch 27/50 - Loss: 0.1759 - Val F1: 0.2577 - Val ROC-AUC: 0.7749 - Val PR-AUC: 0.1848
[Fine-tune] Epoch 28/50 - Loss: 0.1644 - Val F1: 0.2595 - Val ROC-AUC: 0.7953 - Val PR-AUC: 0.2011
[Fine-tune] Epoch 29/50 - Loss: 0.1687 - Val F1: 0.2751 - Val ROC-AUC: 0.7895 - Val PR-AUC: 0.2029
[Fine-tune] Epoch 30/50 - Loss: 0.1676 - Val F1: 0.2346 - Val ROC-AUC: 0.7804 - Val PR-AUC: 0.1959
[Fine-tune] Epoch 31/50 - Loss: 0.1581 - Val F1: 0.2262 - Val ROC-AUC: 0.7734 - Val PR-AUC: 0.1843
[Fine-tune] Epoch 32/50 - Loss: 0.1371 - Val F1: 0.2353 - Val ROC-AUC: 0.7787 - Val PR-AUC: 0.2008
[Fine-tune] Epoch 33/50 - Loss: 0.1450 - Val F1: 0.2766 - Val ROC-AUC: 0.7964 - Val PR-AUC: 0.2228
[Fine-tune] Epoch 34/50 - Loss: 0.1368 - Val F1: 0.2577 - Val ROC-AUC: 0.7789 - Val PR-AUC: 0.1996
[Fine-tune] Epoch 35/50 - Loss: 0.1335 - Val F1: 0.2328 - Val ROC-AUC: 0.7728 - Val PR-AUC: 0.1767
[Fine-tune] Epoch 36/50 - Loss: 0.1247 - Val F1: 0.2841 - Val ROC-AUC: 0.7875 - Val PR-AUC: 0.1994
[Fine-tune] Epoch 37/50 - Loss: 0.1324 - Val F1: 0.2471 - Val ROC-AUC: 0.7810 - Val PR-AUC: 0.1837
[Fine-tune] Epoch 38/50 - Loss: 0.1294 - Val F1: 0.2353 - Val ROC-AUC: 0.7748 - Val PR-AUC: 0.2073
[Fine-tune] Epoch 39/50 - Loss: 0.1271 - Val F1: 0.2593 - Val ROC-AUC: 0.7749 - Val PR-AUC: 0.1892
[Fine-tune] Epoch 40/50 - Loss: 0.1212 - Val F1: 0.2410 - Val ROC-AUC: 0.7618 - Val PR-AUC: 0.1806
[Fine-tune] Epoch 41/50 - Loss: 0.1231 - Val F1: 0.2410 - Val ROC-AUC: 0.7771 - Val PR-AUC: 0.1961
[Fine-tune] Epoch 42/50 - Loss: 0.1233 - Val F1: 0.2360 - Val ROC-AUC: 0.7627 - Val PR-AUC: 0.1862
[Fine-tune] Epoch 43/50 - Loss: 0.1210 - Val F1: 0.2182 - Val ROC-AUC: 0.7601 - Val PR-AUC: 0.1794
[Fine-tune] Epoch 44/50 - Loss: 0.1138 - Val F1: 0.2395 - Val ROC-AUC: 0.7671 - Val PR-AUC: 0.1962
[Fine-tune] Epoch 45/50 - Loss: 0.1198 - Val F1: 0.2420 - Val ROC-AUC: 0.7627 - Val PR-AUC: 0.1947
[Fine-tune] Epoch 46/50 - Loss: 0.1191 - Val F1: 0.2588 - Val ROC-AUC: 0.7827 - Val PR-AUC: 0.1989
[Fine-tune] Epoch 47/50 - Loss: 0.1145 - Val F1: 0.2339 - Val ROC-AUC: 0.7732 - Val PR-AUC: 0.1841
[Fine-tune] Epoch 48/50 - Loss: 0.1144 - Val F1: 0.2353 - Val ROC-AUC: 0.7745 - Val PR-AUC: 0.2001
[Fine-tune] Epoch 49/50 - Loss: 0.1091 - Val F1: 0.1988 - Val ROC-AUC: 0.7698 - Val PR-AUC: 0.1874
[Fine-tune] Epoch 50/50 - Loss: 0.1184 - Val F1: 0.2375 - Val ROC-AUC: 0.7710 - Val PR-AUC: 0.1854
Finetuning completed. Test F1: 0.2874, ROC-AUC: 0.8013, PR-AUC: 0.2233
[3.1/4] Target-only training on TOX21_ERa_BLA_Antagonist_ch1 using GIN_GCN...
=== Target-only training ===
[Target-only] Epoch 1/50 – Loss: 0.5978  Val F1: 0.2024  ROC-AUC: 0.7288  PR-AUC: 0.1212
[Target-only] Epoch 2/50 – Loss: 0.5493  Val F1: 0.2583  ROC-AUC: 0.7935  PR-AUC: 0.2071
[Target-only] Epoch 3/50 – Loss: 0.5227  Val F1: 0.2637  ROC-AUC: 0.7960  PR-AUC: 0.1893
[Target-only] Epoch 4/50 – Loss: 0.5059  Val F1: 0.2131  ROC-AUC: 0.7665  PR-AUC: 0.1717
[Target-only] Epoch 5/50 – Loss: 0.4716  Val F1: 0.3234  ROC-AUC: 0.8264  PR-AUC: 0.1962
[Target-only] Epoch 6/50 – Loss: 0.4814  Val F1: 0.2795  ROC-AUC: 0.7883  PR-AUC: 0.1782
[Target-only] Epoch 7/50 – Loss: 0.4474  Val F1: 0.2820  ROC-AUC: 0.8138  PR-AUC: 0.1955
[Target-only] Epoch 8/50 – Loss: 0.4300  Val F1: 0.2625  ROC-AUC: 0.8020  PR-AUC: 0.2519
[Target-only] Epoch 9/50 – Loss: 0.4280  Val F1: 0.2645  ROC-AUC: 0.8047  PR-AUC: 0.2086
[Target-only] Epoch 10/50 – Loss: 0.4043  Val F1: 0.2809  ROC-AUC: 0.8047  PR-AUC: 0.1998
[Target-only] Epoch 11/50 – Loss: 0.3672  Val F1: 0.2652  ROC-AUC: 0.7990  PR-AUC: 0.1722
[Target-only] Epoch 12/50 – Loss: 0.3514  Val F1: 0.2847  ROC-AUC: 0.8310  PR-AUC: 0.2638
[Target-only] Epoch 13/50 – Loss: 0.3558  Val F1: 0.2868  ROC-AUC: 0.8289  PR-AUC: 0.2603
[Target-only] Epoch 14/50 – Loss: 0.3356  Val F1: 0.2403  ROC-AUC: 0.8117  PR-AUC: 0.2028
[Target-only] Epoch 15/50 – Loss: 0.3362  Val F1: 0.2601  ROC-AUC: 0.8194  PR-AUC: 0.2260
[Target-only] Epoch 16/50 – Loss: 0.3293  Val F1: 0.2593  ROC-AUC: 0.8021  PR-AUC: 0.2032
[Target-only] Epoch 17/50 – Loss: 0.3122  Val F1: 0.2437  ROC-AUC: 0.7847  PR-AUC: 0.1624
[Target-only] Epoch 18/50 – Loss: 0.3086  Val F1: 0.2727  ROC-AUC: 0.8076  PR-AUC: 0.1967
[Target-only] Epoch 19/50 – Loss: 0.2968  Val F1: 0.2925  ROC-AUC: 0.8162  PR-AUC: 0.2046
[Target-only] Epoch 20/50 – Loss: 0.2970  Val F1: 0.2526  ROC-AUC: 0.8078  PR-AUC: 0.2001
[Target-only] Epoch 21/50 – Loss: 0.2770  Val F1: 0.2816  ROC-AUC: 0.8222  PR-AUC: 0.2225
[Target-only] Epoch 22/50 – Loss: 0.2674  Val F1: 0.2814  ROC-AUC: 0.8086  PR-AUC: 0.1992
[Target-only] Epoch 23/50 – Loss: 0.2407  Val F1: 0.2526  ROC-AUC: 0.7948  PR-AUC: 0.1902
[Target-only] Epoch 24/50 – Loss: 0.2453  Val F1: 0.2500  ROC-AUC: 0.7957  PR-AUC: 0.1980
[Target-only] Epoch 25/50 – Loss: 0.2411  Val F1: 0.2623  ROC-AUC: 0.7983  PR-AUC: 0.1771
[Target-only] Epoch 26/50 – Loss: 0.2408  Val F1: 0.2449  ROC-AUC: 0.7922  PR-AUC: 0.1965
[Target-only] Epoch 27/50 – Loss: 0.2390  Val F1: 0.2723  ROC-AUC: 0.8213  PR-AUC: 0.2200
[Target-only] Epoch 28/50 – Loss: 0.2114  Val F1: 0.2472  ROC-AUC: 0.7918  PR-AUC: 0.2092
[Target-only] Epoch 29/50 – Loss: 0.2210  Val F1: 0.2646  ROC-AUC: 0.8041  PR-AUC: 0.1984
[Target-only] Epoch 30/50 – Loss: 0.2212  Val F1: 0.2383  ROC-AUC: 0.7794  PR-AUC: 0.1983
[Target-only] Epoch 31/50 – Loss: 0.2170  Val F1: 0.2275  ROC-AUC: 0.7770  PR-AUC: 0.1802
[Target-only] Epoch 32/50 – Loss: 0.2016  Val F1: 0.2514  ROC-AUC: 0.7826  PR-AUC: 0.1906
[Target-only] Epoch 33/50 – Loss: 0.1932  Val F1: 0.2798  ROC-AUC: 0.7898  PR-AUC: 0.2094
[Target-only] Epoch 34/50 – Loss: 0.1823  Val F1: 0.2333  ROC-AUC: 0.7703  PR-AUC: 0.1886
[Target-only] Epoch 35/50 – Loss: 0.1897  Val F1: 0.2614  ROC-AUC: 0.7833  PR-AUC: 0.1904
[Target-only] Epoch 36/50 – Loss: 0.1814  Val F1: 0.2289  ROC-AUC: 0.7775  PR-AUC: 0.1864
[Target-only] Epoch 37/50 – Loss: 0.1831  Val F1: 0.2125  ROC-AUC: 0.7781  PR-AUC: 0.1906
[Target-only] Epoch 38/50 – Loss: 0.1823  Val F1: 0.2143  ROC-AUC: 0.7708  PR-AUC: 0.1850
[Target-only] Epoch 39/50 – Loss: 0.1771  Val F1: 0.2390  ROC-AUC: 0.7744  PR-AUC: 0.1887
[Target-only] Epoch 40/50 – Loss: 0.1842  Val F1: 0.2222  ROC-AUC: 0.7555  PR-AUC: 0.1710
[Target-only] Epoch 41/50 – Loss: 0.1644  Val F1: 0.2143  ROC-AUC: 0.7657  PR-AUC: 0.1762
[Target-only] Epoch 42/50 – Loss: 0.1669  Val F1: 0.2570  ROC-AUC: 0.7784  PR-AUC: 0.1875
[Target-only] Epoch 43/50 – Loss: 0.1564  Val F1: 0.2558  ROC-AUC: 0.7765  PR-AUC: 0.1868
[Target-only] Epoch 44/50 – Loss: 0.1587  Val F1: 0.2644  ROC-AUC: 0.7730  PR-AUC: 0.1886
[Target-only] Epoch 45/50 – Loss: 0.1591  Val F1: 0.2541  ROC-AUC: 0.7678  PR-AUC: 0.1795
[Target-only] Epoch 46/50 – Loss: 0.1589  Val F1: 0.2055  ROC-AUC: 0.7640  PR-AUC: 0.1729
[Target-only] Epoch 47/50 – Loss: 0.1595  Val F1: 0.2320  ROC-AUC: 0.7679  PR-AUC: 0.1804
[Target-only] Epoch 48/50 – Loss: 0.1551  Val F1: 0.2209  ROC-AUC: 0.7570  PR-AUC: 0.1761
[Target-only] Epoch 49/50 – Loss: 0.1608  Val F1: 0.2500  ROC-AUC: 0.7750  PR-AUC: 0.1845
[Target-only] Epoch 50/50 – Loss: 0.1561  Val F1: 0.2500  ROC-AUC: 0.7705  PR-AUC: 0.1861
=== Target-only TEST performance ===
Test F1: 0.2411, ROC-AUC: 0.7530, PR-AUC: 0.1826
✅ 실험 완료: TOX21_ERa_BLA_Antagonist_ratio -> TOX21_ERa_BLA_Antagonist_ch1 [GIN_GCN]
