[1/4] Excel → CSV 변환 중...
Saved pretrain CSV for TOX21_ERa_BLA_Antagonist_ratio: data/sample/TOX21_ERa_BLA_Antagonist_ratio.csv
Saved pretrain CSV for TOX21_ERa_LUC_VM7_Agonist: data/sample/TOX21_ERa_LUC_VM7_Agonist.csv
Saved pretrain CSV for TOX21_ERa_BLA_Antagonist_viability: data/sample/TOX21_ERa_BLA_Antagonist_viability.csv
Saved pretrain CSV for TOX21_ERa_LUC_VM7_Antagonist_0.5nM_E2: data/sample/TOX21_ERa_LUC_VM7_Antagonist_0.5nM_E2.csv
Saved pretrain CSV for TOX21_ERa_BLA_Antagonist_ch2: data/sample/TOX21_ERa_BLA_Antagonist_ch2.csv
Saved pretrain CSV for TOX21_ERa_BLA_Antagonist_ch1: data/sample/TOX21_ERa_BLA_Antagonist_ch1.csv
Saved pretrain CSV for TOX21_ERa_LUC_VM7_Antagonist_0.5nM_E2_viability: data/sample/TOX21_ERa_LUC_VM7_Antagonist_0.5nM_E2_viability.csv
Saved pretrain CSV for TOX21_ERa_BLA_Agonist_ch2: data/sample/TOX21_ERa_BLA_Agonist_ch2.csv
Saved pretrain CSV for TOX21_ERa_BLA_Agonist_ch1: data/sample/TOX21_ERa_BLA_Agonist_ch1.csv
Saved pretrain CSV for TOX21_ERa_BLA_Agonist_ratio: data/sample/TOX21_ERa_BLA_Agonist_ratio.csv
Saved pretrain CSV for TOX21_ERb_BLA_Antagonist_ch1: data/sample/TOX21_ERb_BLA_Antagonist_ch1.csv
Saved pretrain CSV for TOX21_ERb_BLA_Antagonist_ch2: data/sample/TOX21_ERb_BLA_Antagonist_ch2.csv
Saved pretrain CSV for TOX21_ERb_BLA_Agonist_viability: data/sample/TOX21_ERb_BLA_Agonist_viability.csv
Saved pretrain CSV for TOX21_ERb_BLA_Agonist_ratio: data/sample/TOX21_ERb_BLA_Agonist_ratio.csv
Saved pretrain CSV for TOX21_ERb_BLA_Agonist_ch2: data/sample/TOX21_ERb_BLA_Agonist_ch2.csv
Saved pretrain CSV for TOX21_ERb_BLA_Agonist_ch1: data/sample/TOX21_ERb_BLA_Agonist_ch1.csv
Saved pretrain CSV for TOX21_ERR_LUC_Agonist: data/sample/TOX21_ERR_LUC_Agonist.csv
Saved pretrain CSV for TOX21_ERa_LUC_VM7_Agonist_10nM_ICI182780_viability: data/sample/TOX21_ERa_LUC_VM7_Agonist_10nM_ICI182780_viability.csv
Saved pretrain CSV for TOX21_ERa_LUC_VM7_Antagonist_0.1nM_E2: data/sample/TOX21_ERa_LUC_VM7_Antagonist_0.1nM_E2.csv
Saved pretrain CSV for TOX21_ERb_BLA_Antagonist_ratio: data/sample/TOX21_ERb_BLA_Antagonist_ratio.csv
Saved pretrain CSV for TOX21_ERa_LUC_VM7_Agonist_10nM_ICI182780: data/sample/TOX21_ERa_LUC_VM7_Agonist_10nM_ICI182780.csv
Saved pretrain CSV for TOX21_ERR_LUC_viability: data/sample/TOX21_ERR_LUC_viability.csv
Saved pretrain CSV for TOX21_ERR_LUC_Antagonist: data/sample/TOX21_ERR_LUC_Antagonist.csv
Saved pretrain CSV for TOX21_ERa_LUC_VM7_Antagonist_0.1nM_E2_viability: data/sample/TOX21_ERa_LUC_VM7_Antagonist_0.1nM_E2_viability.csv
Saved pretrain CSV for TOX21_ERb_BLA_Antagonist_viability: data/sample/TOX21_ERb_BLA_Antagonist_viability.csv
Saved finetune CSV for TOX21_ERa_BLA_Antagonist_ratio: data/sample/TOX21_ERa_BLA_Antagonist_ratio.csv
Saved finetune CSV for TOX21_ERa_LUC_VM7_Agonist: data/sample/TOX21_ERa_LUC_VM7_Agonist.csv
Saved finetune CSV for TOX21_ERa_BLA_Antagonist_viability: data/sample/TOX21_ERa_BLA_Antagonist_viability.csv
Saved finetune CSV for TOX21_ERa_LUC_VM7_Antagonist_0.5nM_E2: data/sample/TOX21_ERa_LUC_VM7_Antagonist_0.5nM_E2.csv
Saved finetune CSV for TOX21_ERa_BLA_Antagonist_ch2: data/sample/TOX21_ERa_BLA_Antagonist_ch2.csv
Saved finetune CSV for TOX21_ERa_BLA_Antagonist_ch1: data/sample/TOX21_ERa_BLA_Antagonist_ch1.csv
Saved finetune CSV for TOX21_ERa_LUC_VM7_Antagonist_0.5nM_E2_viability: data/sample/TOX21_ERa_LUC_VM7_Antagonist_0.5nM_E2_viability.csv
Saved finetune CSV for TOX21_ERa_BLA_Agonist_ch2: data/sample/TOX21_ERa_BLA_Agonist_ch2.csv
Saved finetune CSV for TOX21_ERa_BLA_Agonist_ch1: data/sample/TOX21_ERa_BLA_Agonist_ch1.csv
Saved finetune CSV for TOX21_ERa_BLA_Agonist_ratio: data/sample/TOX21_ERa_BLA_Agonist_ratio.csv
Saved finetune CSV for TOX21_ERb_BLA_Antagonist_ch1: data/sample/TOX21_ERb_BLA_Antagonist_ch1.csv
Saved finetune CSV for TOX21_ERb_BLA_Antagonist_ch2: data/sample/TOX21_ERb_BLA_Antagonist_ch2.csv
Saved finetune CSV for TOX21_ERb_BLA_Agonist_viability: data/sample/TOX21_ERb_BLA_Agonist_viability.csv
Saved finetune CSV for TOX21_ERb_BLA_Agonist_ratio: data/sample/TOX21_ERb_BLA_Agonist_ratio.csv
Saved finetune CSV for TOX21_ERb_BLA_Agonist_ch2: data/sample/TOX21_ERb_BLA_Agonist_ch2.csv
Saved finetune CSV for TOX21_ERb_BLA_Agonist_ch1: data/sample/TOX21_ERb_BLA_Agonist_ch1.csv
Saved finetune CSV for TOX21_ERR_LUC_Agonist: data/sample/TOX21_ERR_LUC_Agonist.csv
Saved finetune CSV for TOX21_ERa_LUC_VM7_Agonist_10nM_ICI182780_viability: data/sample/TOX21_ERa_LUC_VM7_Agonist_10nM_ICI182780_viability.csv
Saved finetune CSV for TOX21_ERa_LUC_VM7_Antagonist_0.1nM_E2: data/sample/TOX21_ERa_LUC_VM7_Antagonist_0.1nM_E2.csv
Saved finetune CSV for TOX21_ERb_BLA_Antagonist_ratio: data/sample/TOX21_ERb_BLA_Antagonist_ratio.csv
Saved finetune CSV for TOX21_ERa_LUC_VM7_Agonist_10nM_ICI182780: data/sample/TOX21_ERa_LUC_VM7_Agonist_10nM_ICI182780.csv
Saved finetune CSV for TOX21_ERR_LUC_viability: data/sample/TOX21_ERR_LUC_viability.csv
Saved finetune CSV for TOX21_ERR_LUC_Antagonist: data/sample/TOX21_ERR_LUC_Antagonist.csv
Saved finetune CSV for TOX21_ERa_LUC_VM7_Antagonist_0.1nM_E2_viability: data/sample/TOX21_ERa_LUC_VM7_Antagonist_0.1nM_E2_viability.csv
Saved finetune CSV for TOX21_ERb_BLA_Antagonist_viability: data/sample/TOX21_ERb_BLA_Antagonist_viability.csv
[2/4] Pretraining on TOX21_ERa_BLA_Antagonist_ratio using GIN_GCN...
Epoch 1/50 - Loss: 0.6208 - Val F1: 0.3203 - Val ROC-AUC: 0.7180 - Val PR-AUC: 0.2536
Epoch 2/50 - Loss: 0.5893 - Val F1: 0.3944 - Val ROC-AUC: 0.7613 - Val PR-AUC: 0.3056
Epoch 3/50 - Loss: 0.5780 - Val F1: 0.3448 - Val ROC-AUC: 0.7739 - Val PR-AUC: 0.3188
Epoch 4/50 - Loss: 0.5605 - Val F1: 0.4063 - Val ROC-AUC: 0.7882 - Val PR-AUC: 0.3674
Epoch 5/50 - Loss: 0.5557 - Val F1: 0.3865 - Val ROC-AUC: 0.7941 - Val PR-AUC: 0.3380
Epoch 6/50 - Loss: 0.5339 - Val F1: 0.3816 - Val ROC-AUC: 0.7857 - Val PR-AUC: 0.3466
Epoch 7/50 - Loss: 0.5250 - Val F1: 0.3835 - Val ROC-AUC: 0.7962 - Val PR-AUC: 0.3495
Epoch 8/50 - Loss: 0.5134 - Val F1: 0.4260 - Val ROC-AUC: 0.7996 - Val PR-AUC: 0.3842
Epoch 9/50 - Loss: 0.5169 - Val F1: 0.4084 - Val ROC-AUC: 0.8043 - Val PR-AUC: 0.3787
Epoch 10/50 - Loss: 0.5128 - Val F1: 0.4000 - Val ROC-AUC: 0.7925 - Val PR-AUC: 0.3938
Epoch 11/50 - Loss: 0.4689 - Val F1: 0.4313 - Val ROC-AUC: 0.8124 - Val PR-AUC: 0.4264
Epoch 12/50 - Loss: 0.4638 - Val F1: 0.4548 - Val ROC-AUC: 0.8174 - Val PR-AUC: 0.4064
Epoch 13/50 - Loss: 0.4692 - Val F1: 0.4149 - Val ROC-AUC: 0.8128 - Val PR-AUC: 0.3633
Epoch 14/50 - Loss: 0.4538 - Val F1: 0.4437 - Val ROC-AUC: 0.8018 - Val PR-AUC: 0.3904
Epoch 15/50 - Loss: 0.4517 - Val F1: 0.4225 - Val ROC-AUC: 0.8100 - Val PR-AUC: 0.4303
Epoch 16/50 - Loss: 0.4474 - Val F1: 0.4271 - Val ROC-AUC: 0.8133 - Val PR-AUC: 0.4057
Epoch 17/50 - Loss: 0.4268 - Val F1: 0.4451 - Val ROC-AUC: 0.8128 - Val PR-AUC: 0.4011
Epoch 18/50 - Loss: 0.4434 - Val F1: 0.4000 - Val ROC-AUC: 0.8049 - Val PR-AUC: 0.3703
Epoch 19/50 - Loss: 0.4133 - Val F1: 0.4438 - Val ROC-AUC: 0.8135 - Val PR-AUC: 0.3944
Epoch 20/50 - Loss: 0.4254 - Val F1: 0.4050 - Val ROC-AUC: 0.8039 - Val PR-AUC: 0.3596
Epoch 21/50 - Loss: 0.3954 - Val F1: 0.4379 - Val ROC-AUC: 0.8101 - Val PR-AUC: 0.3843
Epoch 22/50 - Loss: 0.3980 - Val F1: 0.4406 - Val ROC-AUC: 0.8179 - Val PR-AUC: 0.4113
Epoch 23/50 - Loss: 0.3885 - Val F1: 0.4382 - Val ROC-AUC: 0.8272 - Val PR-AUC: 0.4296
Epoch 24/50 - Loss: 0.3974 - Val F1: 0.4681 - Val ROC-AUC: 0.8210 - Val PR-AUC: 0.4292
Epoch 25/50 - Loss: 0.3910 - Val F1: 0.4438 - Val ROC-AUC: 0.8172 - Val PR-AUC: 0.4181
Epoch 26/50 - Loss: 0.3797 - Val F1: 0.4723 - Val ROC-AUC: 0.8227 - Val PR-AUC: 0.4210
Epoch 27/50 - Loss: 0.3840 - Val F1: 0.4198 - Val ROC-AUC: 0.7977 - Val PR-AUC: 0.3860
Epoch 28/50 - Loss: 0.3702 - Val F1: 0.4606 - Val ROC-AUC: 0.8157 - Val PR-AUC: 0.4133
Epoch 29/50 - Loss: 0.3629 - Val F1: 0.4498 - Val ROC-AUC: 0.8231 - Val PR-AUC: 0.4264
Epoch 30/50 - Loss: 0.3558 - Val F1: 0.4568 - Val ROC-AUC: 0.8170 - Val PR-AUC: 0.4058
Epoch 31/50 - Loss: 0.3679 - Val F1: 0.4848 - Val ROC-AUC: 0.8218 - Val PR-AUC: 0.4115
Epoch 32/50 - Loss: 0.3488 - Val F1: 0.4815 - Val ROC-AUC: 0.8239 - Val PR-AUC: 0.4142
Epoch 33/50 - Loss: 0.3541 - Val F1: 0.4633 - Val ROC-AUC: 0.8261 - Val PR-AUC: 0.4415
Epoch 34/50 - Loss: 0.3388 - Val F1: 0.4714 - Val ROC-AUC: 0.8282 - Val PR-AUC: 0.4309
Epoch 35/50 - Loss: 0.3422 - Val F1: 0.4667 - Val ROC-AUC: 0.8276 - Val PR-AUC: 0.4259
Epoch 36/50 - Loss: 0.3373 - Val F1: 0.4431 - Val ROC-AUC: 0.8258 - Val PR-AUC: 0.4335
Epoch 37/50 - Loss: 0.3271 - Val F1: 0.4615 - Val ROC-AUC: 0.8269 - Val PR-AUC: 0.4306
Epoch 38/50 - Loss: 0.3388 - Val F1: 0.4673 - Val ROC-AUC: 0.8300 - Val PR-AUC: 0.4401
Epoch 39/50 - Loss: 0.3375 - Val F1: 0.4671 - Val ROC-AUC: 0.8262 - Val PR-AUC: 0.4206
Epoch 40/50 - Loss: 0.3394 - Val F1: 0.4742 - Val ROC-AUC: 0.8182 - Val PR-AUC: 0.4209
Epoch 41/50 - Loss: 0.3181 - Val F1: 0.4717 - Val ROC-AUC: 0.8251 - Val PR-AUC: 0.4216
Epoch 42/50 - Loss: 0.3224 - Val F1: 0.4557 - Val ROC-AUC: 0.8280 - Val PR-AUC: 0.4257
Epoch 43/50 - Loss: 0.3119 - Val F1: 0.4592 - Val ROC-AUC: 0.8241 - Val PR-AUC: 0.4276
Epoch 44/50 - Loss: 0.3138 - Val F1: 0.4545 - Val ROC-AUC: 0.8265 - Val PR-AUC: 0.4237
Epoch 45/50 - Loss: 0.3023 - Val F1: 0.4800 - Val ROC-AUC: 0.8275 - Val PR-AUC: 0.4301
Epoch 46/50 - Loss: 0.3157 - Val F1: 0.4620 - Val ROC-AUC: 0.8263 - Val PR-AUC: 0.4366
Epoch 47/50 - Loss: 0.3105 - Val F1: 0.4673 - Val ROC-AUC: 0.8281 - Val PR-AUC: 0.4389
Epoch 48/50 - Loss: 0.3009 - Val F1: 0.4841 - Val ROC-AUC: 0.8255 - Val PR-AUC: 0.4320
Epoch 49/50 - Loss: 0.3006 - Val F1: 0.4931 - Val ROC-AUC: 0.8242 - Val PR-AUC: 0.4323
Epoch 50/50 - Loss: 0.3055 - Val F1: 0.4654 - Val ROC-AUC: 0.8251 - Val PR-AUC: 0.4287
Pretraining completed. Test F1: 0.4397, ROC-AUC: 0.8167, PR-AUC: 0.3612
[3/4] Finetuning on TOX21_ERa_BLA_Antagonist_ch2 using GIN_GCN...
[Fine-tune] Epoch 1/50 - Loss: 0.4056 - Val F1: 0.3134 - Val ROC-AUC: 0.8518 - Val PR-AUC: 0.2569
[Fine-tune] Epoch 2/50 - Loss: 0.3667 - Val F1: 0.2615 - Val ROC-AUC: 0.8392 - Val PR-AUC: 0.2132
[Fine-tune] Epoch 3/50 - Loss: 0.3627 - Val F1: 0.2500 - Val ROC-AUC: 0.8276 - Val PR-AUC: 0.1813
[Fine-tune] Epoch 4/50 - Loss: 0.3404 - Val F1: 0.3100 - Val ROC-AUC: 0.8575 - Val PR-AUC: 0.2411
[Fine-tune] Epoch 5/50 - Loss: 0.3282 - Val F1: 0.2829 - Val ROC-AUC: 0.8181 - Val PR-AUC: 0.1832
[Fine-tune] Epoch 6/50 - Loss: 0.3148 - Val F1: 0.2941 - Val ROC-AUC: 0.8503 - Val PR-AUC: 0.2191
[Fine-tune] Epoch 7/50 - Loss: 0.3279 - Val F1: 0.2986 - Val ROC-AUC: 0.8302 - Val PR-AUC: 0.2139
[Fine-tune] Epoch 8/50 - Loss: 0.2914 - Val F1: 0.2727 - Val ROC-AUC: 0.8212 - Val PR-AUC: 0.2380
[Fine-tune] Epoch 9/50 - Loss: 0.2707 - Val F1: 0.2791 - Val ROC-AUC: 0.8153 - Val PR-AUC: 0.1967
[Fine-tune] Epoch 10/50 - Loss: 0.2700 - Val F1: 0.2515 - Val ROC-AUC: 0.8015 - Val PR-AUC: 0.1807
[Fine-tune] Epoch 11/50 - Loss: 0.2326 - Val F1: 0.2874 - Val ROC-AUC: 0.8179 - Val PR-AUC: 0.2011
[Fine-tune] Epoch 12/50 - Loss: 0.2217 - Val F1: 0.2857 - Val ROC-AUC: 0.8298 - Val PR-AUC: 0.2306
[Fine-tune] Epoch 13/50 - Loss: 0.2156 - Val F1: 0.2809 - Val ROC-AUC: 0.8141 - Val PR-AUC: 0.1968
[Fine-tune] Epoch 14/50 - Loss: 0.2114 - Val F1: 0.2875 - Val ROC-AUC: 0.8182 - Val PR-AUC: 0.2034
[Fine-tune] Epoch 15/50 - Loss: 0.2002 - Val F1: 0.3017 - Val ROC-AUC: 0.8307 - Val PR-AUC: 0.2418
[Fine-tune] Epoch 16/50 - Loss: 0.2030 - Val F1: 0.3087 - Val ROC-AUC: 0.8314 - Val PR-AUC: 0.2543
[Fine-tune] Epoch 17/50 - Loss: 0.2053 - Val F1: 0.2963 - Val ROC-AUC: 0.8369 - Val PR-AUC: 0.2635
[Fine-tune] Epoch 18/50 - Loss: 0.1877 - Val F1: 0.3068 - Val ROC-AUC: 0.8550 - Val PR-AUC: 0.2530
[Fine-tune] Epoch 19/50 - Loss: 0.1809 - Val F1: 0.3143 - Val ROC-AUC: 0.8434 - Val PR-AUC: 0.2575
[Fine-tune] Epoch 20/50 - Loss: 0.1701 - Val F1: 0.3038 - Val ROC-AUC: 0.8321 - Val PR-AUC: 0.2480
[Fine-tune] Epoch 21/50 - Loss: 0.1583 - Val F1: 0.3007 - Val ROC-AUC: 0.8334 - Val PR-AUC: 0.2235
[Fine-tune] Epoch 22/50 - Loss: 0.1366 - Val F1: 0.2953 - Val ROC-AUC: 0.8354 - Val PR-AUC: 0.2106
[Fine-tune] Epoch 23/50 - Loss: 0.1341 - Val F1: 0.2836 - Val ROC-AUC: 0.8360 - Val PR-AUC: 0.2024
[Fine-tune] Epoch 24/50 - Loss: 0.1383 - Val F1: 0.2857 - Val ROC-AUC: 0.8274 - Val PR-AUC: 0.2011
[Fine-tune] Epoch 25/50 - Loss: 0.1395 - Val F1: 0.3311 - Val ROC-AUC: 0.8350 - Val PR-AUC: 0.2147
[Fine-tune] Epoch 26/50 - Loss: 0.1298 - Val F1: 0.2993 - Val ROC-AUC: 0.8191 - Val PR-AUC: 0.2334
[Fine-tune] Epoch 27/50 - Loss: 0.1263 - Val F1: 0.3046 - Val ROC-AUC: 0.8379 - Val PR-AUC: 0.2211
[Fine-tune] Epoch 28/50 - Loss: 0.1319 - Val F1: 0.3194 - Val ROC-AUC: 0.8384 - Val PR-AUC: 0.2428
[Fine-tune] Epoch 29/50 - Loss: 0.1295 - Val F1: 0.2923 - Val ROC-AUC: 0.8377 - Val PR-AUC: 0.2243
[Fine-tune] Epoch 30/50 - Loss: 0.1223 - Val F1: 0.3308 - Val ROC-AUC: 0.8291 - Val PR-AUC: 0.2283
[Fine-tune] Epoch 31/50 - Loss: 0.1051 - Val F1: 0.2917 - Val ROC-AUC: 0.8184 - Val PR-AUC: 0.2165
[Fine-tune] Epoch 32/50 - Loss: 0.1082 - Val F1: 0.3235 - Val ROC-AUC: 0.8265 - Val PR-AUC: 0.2274
[Fine-tune] Epoch 33/50 - Loss: 0.1025 - Val F1: 0.2878 - Val ROC-AUC: 0.8305 - Val PR-AUC: 0.2360
[Fine-tune] Epoch 34/50 - Loss: 0.1065 - Val F1: 0.2676 - Val ROC-AUC: 0.8261 - Val PR-AUC: 0.2153
[Fine-tune] Epoch 35/50 - Loss: 0.1020 - Val F1: 0.3089 - Val ROC-AUC: 0.8250 - Val PR-AUC: 0.2296
[Fine-tune] Epoch 36/50 - Loss: 0.1083 - Val F1: 0.3101 - Val ROC-AUC: 0.8256 - Val PR-AUC: 0.2002
[Fine-tune] Epoch 37/50 - Loss: 0.1091 - Val F1: 0.3030 - Val ROC-AUC: 0.8200 - Val PR-AUC: 0.1986
[Fine-tune] Epoch 38/50 - Loss: 0.1045 - Val F1: 0.3231 - Val ROC-AUC: 0.8233 - Val PR-AUC: 0.2135
[Fine-tune] Epoch 39/50 - Loss: 0.1029 - Val F1: 0.2917 - Val ROC-AUC: 0.8297 - Val PR-AUC: 0.2050
[Fine-tune] Epoch 40/50 - Loss: 0.0951 - Val F1: 0.3212 - Val ROC-AUC: 0.8307 - Val PR-AUC: 0.2246
[Fine-tune] Epoch 41/50 - Loss: 0.0839 - Val F1: 0.3307 - Val ROC-AUC: 0.8244 - Val PR-AUC: 0.2087
[Fine-tune] Epoch 42/50 - Loss: 0.0886 - Val F1: 0.3134 - Val ROC-AUC: 0.8281 - Val PR-AUC: 0.2094
[Fine-tune] Epoch 43/50 - Loss: 0.0895 - Val F1: 0.3231 - Val ROC-AUC: 0.8319 - Val PR-AUC: 0.2109
[Fine-tune] Epoch 44/50 - Loss: 0.0808 - Val F1: 0.3111 - Val ROC-AUC: 0.8247 - Val PR-AUC: 0.2038
[Fine-tune] Epoch 45/50 - Loss: 0.0810 - Val F1: 0.3088 - Val ROC-AUC: 0.8355 - Val PR-AUC: 0.2051
[Fine-tune] Epoch 46/50 - Loss: 0.0854 - Val F1: 0.3333 - Val ROC-AUC: 0.8241 - Val PR-AUC: 0.2014
[Fine-tune] Epoch 47/50 - Loss: 0.0778 - Val F1: 0.2958 - Val ROC-AUC: 0.8335 - Val PR-AUC: 0.2150
[Fine-tune] Epoch 48/50 - Loss: 0.0852 - Val F1: 0.3065 - Val ROC-AUC: 0.8323 - Val PR-AUC: 0.2189
[Fine-tune] Epoch 49/50 - Loss: 0.0824 - Val F1: 0.3165 - Val ROC-AUC: 0.8370 - Val PR-AUC: 0.2056
[Fine-tune] Epoch 50/50 - Loss: 0.0798 - Val F1: 0.3077 - Val ROC-AUC: 0.8315 - Val PR-AUC: 0.2050
Finetuning completed. Test F1: 0.4122, ROC-AUC: 0.7898, PR-AUC: 0.3117
[3.1/4] Target-only training on TOX21_ERa_BLA_Antagonist_ch2 using GIN_GCN...
=== Target-only training ===
[Target-only] Epoch 1/50 – Loss: 0.6154  Val F1: 0.1907  ROC-AUC: 0.7325  PR-AUC: 0.1107
[Target-only] Epoch 2/50 – Loss: 0.5524  Val F1: 0.2261  ROC-AUC: 0.7624  PR-AUC: 0.1479
[Target-only] Epoch 3/50 – Loss: 0.5206  Val F1: 0.2500  ROC-AUC: 0.7983  PR-AUC: 0.1814
[Target-only] Epoch 4/50 – Loss: 0.5088  Val F1: 0.2383  ROC-AUC: 0.7997  PR-AUC: 0.1664
[Target-only] Epoch 5/50 – Loss: 0.4862  Val F1: 0.2456  ROC-AUC: 0.8158  PR-AUC: 0.1831
[Target-only] Epoch 6/50 – Loss: 0.4537  Val F1: 0.2467  ROC-AUC: 0.8135  PR-AUC: 0.1712
[Target-only] Epoch 7/50 – Loss: 0.4382  Val F1: 0.2587  ROC-AUC: 0.8032  PR-AUC: 0.1872
[Target-only] Epoch 8/50 – Loss: 0.4220  Val F1: 0.2627  ROC-AUC: 0.8121  PR-AUC: 0.1677
[Target-only] Epoch 9/50 – Loss: 0.3991  Val F1: 0.2967  ROC-AUC: 0.8116  PR-AUC: 0.1972
[Target-only] Epoch 10/50 – Loss: 0.3947  Val F1: 0.2412  ROC-AUC: 0.7915  PR-AUC: 0.1521
[Target-only] Epoch 11/50 – Loss: 0.3501  Val F1: 0.2281  ROC-AUC: 0.7945  PR-AUC: 0.1687
[Target-only] Epoch 12/50 – Loss: 0.3435  Val F1: 0.2809  ROC-AUC: 0.8039  PR-AUC: 0.1684
[Target-only] Epoch 13/50 – Loss: 0.3264  Val F1: 0.2924  ROC-AUC: 0.8242  PR-AUC: 0.2193
[Target-only] Epoch 14/50 – Loss: 0.3240  Val F1: 0.2597  ROC-AUC: 0.8049  PR-AUC: 0.1599
[Target-only] Epoch 15/50 – Loss: 0.2980  Val F1: 0.2707  ROC-AUC: 0.7881  PR-AUC: 0.1542
[Target-only] Epoch 16/50 – Loss: 0.2950  Val F1: 0.2688  ROC-AUC: 0.7888  PR-AUC: 0.1661
[Target-only] Epoch 17/50 – Loss: 0.2852  Val F1: 0.2743  ROC-AUC: 0.7723  PR-AUC: 0.1560
[Target-only] Epoch 18/50 – Loss: 0.3045  Val F1: 0.3051  ROC-AUC: 0.8039  PR-AUC: 0.2003
[Target-only] Epoch 19/50 – Loss: 0.2762  Val F1: 0.2283  ROC-AUC: 0.7752  PR-AUC: 0.1847
[Target-only] Epoch 20/50 – Loss: 0.2786  Val F1: 0.2715  ROC-AUC: 0.8001  PR-AUC: 0.1774
[Target-only] Epoch 21/50 – Loss: 0.2355  Val F1: 0.2857  ROC-AUC: 0.7846  PR-AUC: 0.1936
[Target-only] Epoch 22/50 – Loss: 0.2326  Val F1: 0.2796  ROC-AUC: 0.7817  PR-AUC: 0.1818
[Target-only] Epoch 23/50 – Loss: 0.2170  Val F1: 0.2595  ROC-AUC: 0.7791  PR-AUC: 0.1422
[Target-only] Epoch 24/50 – Loss: 0.2203  Val F1: 0.2530  ROC-AUC: 0.7908  PR-AUC: 0.1840
[Target-only] Epoch 25/50 – Loss: 0.2115  Val F1: 0.2564  ROC-AUC: 0.7971  PR-AUC: 0.1850
[Target-only] Epoch 26/50 – Loss: 0.1979  Val F1: 0.2717  ROC-AUC: 0.7864  PR-AUC: 0.1735
[Target-only] Epoch 27/50 – Loss: 0.2046  Val F1: 0.2599  ROC-AUC: 0.7906  PR-AUC: 0.1885
[Target-only] Epoch 28/50 – Loss: 0.1822  Val F1: 0.2878  ROC-AUC: 0.7906  PR-AUC: 0.1732
[Target-only] Epoch 29/50 – Loss: 0.1968  Val F1: 0.2581  ROC-AUC: 0.7925  PR-AUC: 0.1686
[Target-only] Epoch 30/50 – Loss: 0.1868  Val F1: 0.3077  ROC-AUC: 0.8020  PR-AUC: 0.2228
[Target-only] Epoch 31/50 – Loss: 0.1719  Val F1: 0.3243  ROC-AUC: 0.8008  PR-AUC: 0.2029
[Target-only] Epoch 32/50 – Loss: 0.1616  Val F1: 0.2949  ROC-AUC: 0.7791  PR-AUC: 0.1814
[Target-only] Epoch 33/50 – Loss: 0.1665  Val F1: 0.3077  ROC-AUC: 0.7985  PR-AUC: 0.2002
[Target-only] Epoch 34/50 – Loss: 0.1469  Val F1: 0.2840  ROC-AUC: 0.7938  PR-AUC: 0.1971
[Target-only] Epoch 35/50 – Loss: 0.1605  Val F1: 0.3151  ROC-AUC: 0.7971  PR-AUC: 0.1959
[Target-only] Epoch 36/50 – Loss: 0.1569  Val F1: 0.2675  ROC-AUC: 0.8005  PR-AUC: 0.1999
[Target-only] Epoch 37/50 – Loss: 0.1444  Val F1: 0.3030  ROC-AUC: 0.7878  PR-AUC: 0.1932
[Target-only] Epoch 38/50 – Loss: 0.1495  Val F1: 0.3030  ROC-AUC: 0.7913  PR-AUC: 0.1896
[Target-only] Epoch 39/50 – Loss: 0.1389  Val F1: 0.2763  ROC-AUC: 0.7877  PR-AUC: 0.1890
[Target-only] Epoch 40/50 – Loss: 0.1410  Val F1: 0.3256  ROC-AUC: 0.7773  PR-AUC: 0.2032
[Target-only] Epoch 41/50 – Loss: 0.1247  Val F1: 0.2914  ROC-AUC: 0.7913  PR-AUC: 0.1958
[Target-only] Epoch 42/50 – Loss: 0.1314  Val F1: 0.3262  ROC-AUC: 0.7873  PR-AUC: 0.2047
[Target-only] Epoch 43/50 – Loss: 0.1322  Val F1: 0.2819  ROC-AUC: 0.7879  PR-AUC: 0.1946
[Target-only] Epoch 44/50 – Loss: 0.1386  Val F1: 0.2963  ROC-AUC: 0.7876  PR-AUC: 0.1977
[Target-only] Epoch 45/50 – Loss: 0.1236  Val F1: 0.3259  ROC-AUC: 0.7805  PR-AUC: 0.2030
[Target-only] Epoch 46/50 – Loss: 0.1252  Val F1: 0.3333  ROC-AUC: 0.7818  PR-AUC: 0.1996
[Target-only] Epoch 47/50 – Loss: 0.1190  Val F1: 0.3333  ROC-AUC: 0.7847  PR-AUC: 0.1987
[Target-only] Epoch 48/50 – Loss: 0.1244  Val F1: 0.3308  ROC-AUC: 0.7813  PR-AUC: 0.2033
[Target-only] Epoch 49/50 – Loss: 0.1290  Val F1: 0.3333  ROC-AUC: 0.7837  PR-AUC: 0.1955
[Target-only] Epoch 50/50 – Loss: 0.1213  Val F1: 0.2958  ROC-AUC: 0.7840  PR-AUC: 0.1905
=== Target-only TEST performance ===
Test F1: 0.3521, ROC-AUC: 0.7499, PR-AUC: 0.2331
✅ 실험 완료: TOX21_ERa_BLA_Antagonist_ratio -> TOX21_ERa_BLA_Antagonist_ch2 [GIN_GCN]
