[2/4] Pretraining on Supplemental_Material_2_TrainingSet using GIN...
Epoch 1/50 - Loss: 0.6751 - Val F1: 0.0000 - Val ROC-AUC: 0.6524 - Val PR-AUC: 0.0437
Epoch 2/50 - Loss: 0.5250 - Val F1: 0.0000 - Val ROC-AUC: 0.5640 - Val PR-AUC: 0.0335
Epoch 3/50 - Loss: 0.4496 - Val F1: 0.1053 - Val ROC-AUC: 0.5808 - Val PR-AUC: 0.0497
Epoch 4/50 - Loss: 0.4211 - Val F1: 0.0800 - Val ROC-AUC: 0.4893 - Val PR-AUC: 0.0323
Epoch 5/50 - Loss: 0.3975 - Val F1: 0.0615 - Val ROC-AUC: 0.5320 - Val PR-AUC: 0.0526
Epoch 6/50 - Loss: 0.3337 - Val F1: 0.0889 - Val ROC-AUC: 0.5229 - Val PR-AUC: 0.0536
Epoch 7/50 - Loss: 0.3154 - Val F1: 0.1212 - Val ROC-AUC: 0.5000 - Val PR-AUC: 0.0470
Epoch 8/50 - Loss: 0.2827 - Val F1: 0.0833 - Val ROC-AUC: 0.5168 - Val PR-AUC: 0.0493
Epoch 9/50 - Loss: 0.2705 - Val F1: 0.0000 - Val ROC-AUC: 0.5168 - Val PR-AUC: 0.0455
Epoch 10/50 - Loss: 0.2254 - Val F1: 0.0667 - Val ROC-AUC: 0.5244 - Val PR-AUC: 0.0430
Epoch 11/50 - Loss: 0.2485 - Val F1: 0.0000 - Val ROC-AUC: 0.4649 - Val PR-AUC: 0.0355
Epoch 12/50 - Loss: 0.2114 - Val F1: 0.0000 - Val ROC-AUC: 0.4466 - Val PR-AUC: 0.0307
Epoch 13/50 - Loss: 0.1908 - Val F1: 0.0714 - Val ROC-AUC: 0.5000 - Val PR-AUC: 0.0507
Epoch 14/50 - Loss: 0.1850 - Val F1: 0.0741 - Val ROC-AUC: 0.4756 - Val PR-AUC: 0.0445
Epoch 15/50 - Loss: 0.1996 - Val F1: 0.0741 - Val ROC-AUC: 0.4939 - Val PR-AUC: 0.0523
Epoch 16/50 - Loss: 0.1765 - Val F1: 0.0000 - Val ROC-AUC: 0.4131 - Val PR-AUC: 0.0265
Epoch 17/50 - Loss: 0.2114 - Val F1: 0.1290 - Val ROC-AUC: 0.4832 - Val PR-AUC: 0.0499
Epoch 18/50 - Loss: 0.1519 - Val F1: 0.0769 - Val ROC-AUC: 0.4787 - Val PR-AUC: 0.0452
Epoch 19/50 - Loss: 0.1818 - Val F1: 0.0000 - Val ROC-AUC: 0.4939 - Val PR-AUC: 0.0482
Epoch 20/50 - Loss: 0.1564 - Val F1: 0.0000 - Val ROC-AUC: 0.4634 - Val PR-AUC: 0.0382
Epoch 21/50 - Loss: 0.1421 - Val F1: 0.0000 - Val ROC-AUC: 0.4009 - Val PR-AUC: 0.0294
Epoch 22/50 - Loss: 0.1429 - Val F1: 0.0000 - Val ROC-AUC: 0.3933 - Val PR-AUC: 0.0256
Epoch 23/50 - Loss: 0.1432 - Val F1: 0.0000 - Val ROC-AUC: 0.4085 - Val PR-AUC: 0.0287
Epoch 24/50 - Loss: 0.1258 - Val F1: 0.0000 - Val ROC-AUC: 0.4573 - Val PR-AUC: 0.0374
Epoch 25/50 - Loss: 0.1221 - Val F1: 0.0000 - Val ROC-AUC: 0.4314 - Val PR-AUC: 0.0328
Epoch 26/50 - Loss: 0.1130 - Val F1: 0.0000 - Val ROC-AUC: 0.4558 - Val PR-AUC: 0.0381
Epoch 27/50 - Loss: 0.1255 - Val F1: 0.0000 - Val ROC-AUC: 0.4024 - Val PR-AUC: 0.0261
Epoch 28/50 - Loss: 0.1432 - Val F1: 0.0000 - Val ROC-AUC: 0.4695 - Val PR-AUC: 0.0491
Epoch 29/50 - Loss: 0.1162 - Val F1: 0.0000 - Val ROC-AUC: 0.4848 - Val PR-AUC: 0.0418
Epoch 30/50 - Loss: 0.1177 - Val F1: 0.0000 - Val ROC-AUC: 0.4116 - Val PR-AUC: 0.0296
Epoch 31/50 - Loss: 0.1358 - Val F1: 0.0000 - Val ROC-AUC: 0.4207 - Val PR-AUC: 0.0304
Epoch 32/50 - Loss: 0.1122 - Val F1: 0.0000 - Val ROC-AUC: 0.4116 - Val PR-AUC: 0.0286
Epoch 33/50 - Loss: 0.0965 - Val F1: 0.0000 - Val ROC-AUC: 0.4390 - Val PR-AUC: 0.0347
Epoch 34/50 - Loss: 0.1096 - Val F1: 0.0000 - Val ROC-AUC: 0.3780 - Val PR-AUC: 0.0245
Epoch 35/50 - Loss: 0.1021 - Val F1: 0.0000 - Val ROC-AUC: 0.4405 - Val PR-AUC: 0.0351
Epoch 36/50 - Loss: 0.1042 - Val F1: 0.0000 - Val ROC-AUC: 0.4329 - Val PR-AUC: 0.0322
Epoch 37/50 - Loss: 0.1145 - Val F1: 0.0000 - Val ROC-AUC: 0.4192 - Val PR-AUC: 0.0308
Epoch 38/50 - Loss: 0.0947 - Val F1: 0.0000 - Val ROC-AUC: 0.3933 - Val PR-AUC: 0.0265
Epoch 39/50 - Loss: 0.0901 - Val F1: 0.0000 - Val ROC-AUC: 0.4055 - Val PR-AUC: 0.0278
Epoch 40/50 - Loss: 0.0884 - Val F1: 0.0000 - Val ROC-AUC: 0.4207 - Val PR-AUC: 0.0297
Epoch 41/50 - Loss: 0.0975 - Val F1: 0.0000 - Val ROC-AUC: 0.4055 - Val PR-AUC: 0.0280
Epoch 42/50 - Loss: 0.0839 - Val F1: 0.0000 - Val ROC-AUC: 0.4009 - Val PR-AUC: 0.0279
Epoch 43/50 - Loss: 0.1005 - Val F1: 0.0000 - Val ROC-AUC: 0.4085 - Val PR-AUC: 0.0290
Epoch 44/50 - Loss: 0.0954 - Val F1: 0.0000 - Val ROC-AUC: 0.4131 - Val PR-AUC: 0.0292
Epoch 45/50 - Loss: 0.0981 - Val F1: 0.0000 - Val ROC-AUC: 0.4329 - Val PR-AUC: 0.0328
Epoch 46/50 - Loss: 0.1031 - Val F1: 0.0000 - Val ROC-AUC: 0.4116 - Val PR-AUC: 0.0273
Epoch 47/50 - Loss: 0.0804 - Val F1: 0.0000 - Val ROC-AUC: 0.3948 - Val PR-AUC: 0.0268
Epoch 48/50 - Loss: 0.1053 - Val F1: 0.0000 - Val ROC-AUC: 0.3979 - Val PR-AUC: 0.0273
Epoch 49/50 - Loss: 0.0949 - Val F1: 0.0000 - Val ROC-AUC: 0.4055 - Val PR-AUC: 0.0284
Epoch 50/50 - Loss: 0.1090 - Val F1: 0.0000 - Val ROC-AUC: 0.3918 - Val PR-AUC: 0.0261
Pretraining completed. Test F1: 0.0000, ROC-AUC: 0.4680, PR-AUC: 0.0276
[3/4] Finetuning on TOX21_ERb_BLA_Antagonist_viability using GIN...
[Fine-tune] Epoch 1/50 - Loss: 0.6641 - Val F1: 0.3739 - Val ROC-AUC: 0.7522 - Val PR-AUC: 0.3327
[Fine-tune] Epoch 2/50 - Loss: 0.6030 - Val F1: 0.3902 - Val ROC-AUC: 0.7725 - Val PR-AUC: 0.3676
[Fine-tune] Epoch 3/50 - Loss: 0.5947 - Val F1: 0.3899 - Val ROC-AUC: 0.7617 - Val PR-AUC: 0.3374
[Fine-tune] Epoch 4/50 - Loss: 0.5726 - Val F1: 0.3447 - Val ROC-AUC: 0.7487 - Val PR-AUC: 0.3204
[Fine-tune] Epoch 5/50 - Loss: 0.5578 - Val F1: 0.4104 - Val ROC-AUC: 0.7655 - Val PR-AUC: 0.3545
[Fine-tune] Epoch 6/50 - Loss: 0.5479 - Val F1: 0.3683 - Val ROC-AUC: 0.7729 - Val PR-AUC: 0.3588
[Fine-tune] Epoch 7/50 - Loss: 0.5350 - Val F1: 0.3848 - Val ROC-AUC: 0.7771 - Val PR-AUC: 0.3959
[Fine-tune] Epoch 8/50 - Loss: 0.5333 - Val F1: 0.4114 - Val ROC-AUC: 0.7639 - Val PR-AUC: 0.3652
[Fine-tune] Epoch 9/50 - Loss: 0.5225 - Val F1: 0.3691 - Val ROC-AUC: 0.7607 - Val PR-AUC: 0.3921
[Fine-tune] Epoch 10/50 - Loss: 0.5192 - Val F1: 0.3834 - Val ROC-AUC: 0.7746 - Val PR-AUC: 0.4028
[Fine-tune] Epoch 11/50 - Loss: 0.4756 - Val F1: 0.3989 - Val ROC-AUC: 0.7893 - Val PR-AUC: 0.4166
[Fine-tune] Epoch 12/50 - Loss: 0.4678 - Val F1: 0.3713 - Val ROC-AUC: 0.7411 - Val PR-AUC: 0.3648
[Fine-tune] Epoch 13/50 - Loss: 0.4771 - Val F1: 0.4075 - Val ROC-AUC: 0.7728 - Val PR-AUC: 0.3926
[Fine-tune] Epoch 14/50 - Loss: 0.4500 - Val F1: 0.3986 - Val ROC-AUC: 0.7820 - Val PR-AUC: 0.3799
[Fine-tune] Epoch 15/50 - Loss: 0.4511 - Val F1: 0.4175 - Val ROC-AUC: 0.7757 - Val PR-AUC: 0.3714
[Fine-tune] Epoch 16/50 - Loss: 0.4570 - Val F1: 0.4423 - Val ROC-AUC: 0.7961 - Val PR-AUC: 0.4113
[Fine-tune] Epoch 17/50 - Loss: 0.4466 - Val F1: 0.4049 - Val ROC-AUC: 0.7732 - Val PR-AUC: 0.4090
[Fine-tune] Epoch 18/50 - Loss: 0.4454 - Val F1: 0.3963 - Val ROC-AUC: 0.7733 - Val PR-AUC: 0.3792
[Fine-tune] Epoch 19/50 - Loss: 0.4416 - Val F1: 0.3988 - Val ROC-AUC: 0.7622 - Val PR-AUC: 0.3894
[Fine-tune] Epoch 20/50 - Loss: 0.4334 - Val F1: 0.3895 - Val ROC-AUC: 0.7764 - Val PR-AUC: 0.4108
[Fine-tune] Epoch 21/50 - Loss: 0.4138 - Val F1: 0.4090 - Val ROC-AUC: 0.7921 - Val PR-AUC: 0.4440
[Fine-tune] Epoch 22/50 - Loss: 0.4031 - Val F1: 0.4367 - Val ROC-AUC: 0.7995 - Val PR-AUC: 0.4424
[Fine-tune] Epoch 23/50 - Loss: 0.4023 - Val F1: 0.4250 - Val ROC-AUC: 0.7829 - Val PR-AUC: 0.4162
[Fine-tune] Epoch 24/50 - Loss: 0.3908 - Val F1: 0.4185 - Val ROC-AUC: 0.7785 - Val PR-AUC: 0.4452
[Fine-tune] Epoch 25/50 - Loss: 0.3844 - Val F1: 0.4107 - Val ROC-AUC: 0.7765 - Val PR-AUC: 0.4113
[Fine-tune] Epoch 26/50 - Loss: 0.3808 - Val F1: 0.4014 - Val ROC-AUC: 0.7736 - Val PR-AUC: 0.3996
[Fine-tune] Epoch 27/50 - Loss: 0.3733 - Val F1: 0.4063 - Val ROC-AUC: 0.7653 - Val PR-AUC: 0.4232
[Fine-tune] Epoch 28/50 - Loss: 0.3777 - Val F1: 0.4120 - Val ROC-AUC: 0.7745 - Val PR-AUC: 0.4072
[Fine-tune] Epoch 29/50 - Loss: 0.3802 - Val F1: 0.4172 - Val ROC-AUC: 0.7848 - Val PR-AUC: 0.4117
[Fine-tune] Epoch 30/50 - Loss: 0.3724 - Val F1: 0.4074 - Val ROC-AUC: 0.7765 - Val PR-AUC: 0.4354
[Fine-tune] Epoch 31/50 - Loss: 0.3633 - Val F1: 0.4286 - Val ROC-AUC: 0.7871 - Val PR-AUC: 0.4341
[Fine-tune] Epoch 32/50 - Loss: 0.3614 - Val F1: 0.4281 - Val ROC-AUC: 0.7793 - Val PR-AUC: 0.4304
[Fine-tune] Epoch 33/50 - Loss: 0.3492 - Val F1: 0.4169 - Val ROC-AUC: 0.7779 - Val PR-AUC: 0.4414
[Fine-tune] Epoch 34/50 - Loss: 0.3458 - Val F1: 0.4203 - Val ROC-AUC: 0.7795 - Val PR-AUC: 0.4375
[Fine-tune] Epoch 35/50 - Loss: 0.3602 - Val F1: 0.4040 - Val ROC-AUC: 0.7742 - Val PR-AUC: 0.4348
[Fine-tune] Epoch 36/50 - Loss: 0.3442 - Val F1: 0.4150 - Val ROC-AUC: 0.7693 - Val PR-AUC: 0.4287
[Fine-tune] Epoch 37/50 - Loss: 0.3479 - Val F1: 0.4174 - Val ROC-AUC: 0.7773 - Val PR-AUC: 0.4240
[Fine-tune] Epoch 38/50 - Loss: 0.3401 - Val F1: 0.4268 - Val ROC-AUC: 0.7754 - Val PR-AUC: 0.4262
[Fine-tune] Epoch 39/50 - Loss: 0.3383 - Val F1: 0.4164 - Val ROC-AUC: 0.7841 - Val PR-AUC: 0.4434
[Fine-tune] Epoch 40/50 - Loss: 0.3294 - Val F1: 0.4353 - Val ROC-AUC: 0.7818 - Val PR-AUC: 0.4499
[Fine-tune] Epoch 41/50 - Loss: 0.3351 - Val F1: 0.4270 - Val ROC-AUC: 0.7810 - Val PR-AUC: 0.4360
[Fine-tune] Epoch 42/50 - Loss: 0.3306 - Val F1: 0.4281 - Val ROC-AUC: 0.7708 - Val PR-AUC: 0.3967
[Fine-tune] Epoch 43/50 - Loss: 0.3360 - Val F1: 0.4150 - Val ROC-AUC: 0.7773 - Val PR-AUC: 0.4291
[Fine-tune] Epoch 44/50 - Loss: 0.3187 - Val F1: 0.4271 - Val ROC-AUC: 0.7800 - Val PR-AUC: 0.4362
[Fine-tune] Epoch 45/50 - Loss: 0.3351 - Val F1: 0.4131 - Val ROC-AUC: 0.7780 - Val PR-AUC: 0.4404
[Fine-tune] Epoch 46/50 - Loss: 0.3173 - Val F1: 0.4373 - Val ROC-AUC: 0.7831 - Val PR-AUC: 0.4544
[Fine-tune] Epoch 47/50 - Loss: 0.3161 - Val F1: 0.4328 - Val ROC-AUC: 0.7784 - Val PR-AUC: 0.4347
[Fine-tune] Epoch 48/50 - Loss: 0.3171 - Val F1: 0.4235 - Val ROC-AUC: 0.7749 - Val PR-AUC: 0.4485
[Fine-tune] Epoch 49/50 - Loss: 0.3027 - Val F1: 0.4384 - Val ROC-AUC: 0.7826 - Val PR-AUC: 0.4542
[Fine-tune] Epoch 50/50 - Loss: 0.3100 - Val F1: 0.4207 - Val ROC-AUC: 0.7800 - Val PR-AUC: 0.4353
Finetuning completed. Test F1: 0.4615, ROC-AUC: 0.8048, PR-AUC: 0.3634
[3.1/4] Target-only training on TOX21_ERb_BLA_Antagonist_viability using GIN...
=== Target-only training ===
[Target-only] Epoch 1/50 – Loss: 0.6462  Val F1: 0.3519  ROC-AUC: 0.7649  PR-AUC: 0.2965
[Target-only] Epoch 2/50 – Loss: 0.6135  Val F1: 0.3576  ROC-AUC: 0.7344  PR-AUC: 0.2861
[Target-only] Epoch 3/50 – Loss: 0.5910  Val F1: 0.3654  ROC-AUC: 0.7407  PR-AUC: 0.2849
[Target-only] Epoch 4/50 – Loss: 0.5847  Val F1: 0.3704  ROC-AUC: 0.7128  PR-AUC: 0.2729
[Target-only] Epoch 5/50 – Loss: 0.5654  Val F1: 0.4078  ROC-AUC: 0.7803  PR-AUC: 0.3457
[Target-only] Epoch 6/50 – Loss: 0.5484  Val F1: 0.4065  ROC-AUC: 0.7831  PR-AUC: 0.3700
[Target-only] Epoch 7/50 – Loss: 0.5563  Val F1: 0.3622  ROC-AUC: 0.7594  PR-AUC: 0.3714
[Target-only] Epoch 8/50 – Loss: 0.5451  Val F1: 0.3836  ROC-AUC: 0.7636  PR-AUC: 0.3568
[Target-only] Epoch 9/50 – Loss: 0.5351  Val F1: 0.4356  ROC-AUC: 0.7942  PR-AUC: 0.4106
[Target-only] Epoch 10/50 – Loss: 0.5268  Val F1: 0.4195  ROC-AUC: 0.8062  PR-AUC: 0.4674
[Target-only] Epoch 11/50 – Loss: 0.5015  Val F1: 0.4084  ROC-AUC: 0.7900  PR-AUC: 0.4113
[Target-only] Epoch 12/50 – Loss: 0.4934  Val F1: 0.3817  ROC-AUC: 0.7750  PR-AUC: 0.3884
[Target-only] Epoch 13/50 – Loss: 0.5042  Val F1: 0.4159  ROC-AUC: 0.7725  PR-AUC: 0.3909
[Target-only] Epoch 14/50 – Loss: 0.4767  Val F1: 0.4482  ROC-AUC: 0.7881  PR-AUC: 0.4073
[Target-only] Epoch 15/50 – Loss: 0.4672  Val F1: 0.4084  ROC-AUC: 0.7924  PR-AUC: 0.4085
[Target-only] Epoch 16/50 – Loss: 0.4717  Val F1: 0.4162  ROC-AUC: 0.7871  PR-AUC: 0.3873
[Target-only] Epoch 17/50 – Loss: 0.4710  Val F1: 0.4046  ROC-AUC: 0.7722  PR-AUC: 0.3562
[Target-only] Epoch 18/50 – Loss: 0.4620  Val F1: 0.3978  ROC-AUC: 0.7703  PR-AUC: 0.3792
[Target-only] Epoch 19/50 – Loss: 0.4539  Val F1: 0.4038  ROC-AUC: 0.7791  PR-AUC: 0.3751
[Target-only] Epoch 20/50 – Loss: 0.4615  Val F1: 0.4290  ROC-AUC: 0.7849  PR-AUC: 0.4130
[Target-only] Epoch 21/50 – Loss: 0.4355  Val F1: 0.4000  ROC-AUC: 0.7828  PR-AUC: 0.4139
[Target-only] Epoch 22/50 – Loss: 0.4282  Val F1: 0.4198  ROC-AUC: 0.7797  PR-AUC: 0.3742
[Target-only] Epoch 23/50 – Loss: 0.4366  Val F1: 0.4606  ROC-AUC: 0.7911  PR-AUC: 0.4064
[Target-only] Epoch 24/50 – Loss: 0.4031  Val F1: 0.4140  ROC-AUC: 0.7823  PR-AUC: 0.3894
[Target-only] Epoch 25/50 – Loss: 0.4188  Val F1: 0.4045  ROC-AUC: 0.7838  PR-AUC: 0.4045
[Target-only] Epoch 26/50 – Loss: 0.3958  Val F1: 0.3988  ROC-AUC: 0.7767  PR-AUC: 0.3929
[Target-only] Epoch 27/50 – Loss: 0.4054  Val F1: 0.4239  ROC-AUC: 0.7966  PR-AUC: 0.4297
[Target-only] Epoch 28/50 – Loss: 0.4139  Val F1: 0.4172  ROC-AUC: 0.7863  PR-AUC: 0.4204
[Target-only] Epoch 29/50 – Loss: 0.3987  Val F1: 0.4311  ROC-AUC: 0.7863  PR-AUC: 0.4073
[Target-only] Epoch 30/50 – Loss: 0.3991  Val F1: 0.4221  ROC-AUC: 0.7861  PR-AUC: 0.4164
[Target-only] Epoch 31/50 – Loss: 0.3880  Val F1: 0.4260  ROC-AUC: 0.7908  PR-AUC: 0.4037
[Target-only] Epoch 32/50 – Loss: 0.3751  Val F1: 0.4237  ROC-AUC: 0.7912  PR-AUC: 0.4266
[Target-only] Epoch 33/50 – Loss: 0.3760  Val F1: 0.4326  ROC-AUC: 0.7963  PR-AUC: 0.4188
[Target-only] Epoch 34/50 – Loss: 0.3717  Val F1: 0.4467  ROC-AUC: 0.7960  PR-AUC: 0.4247
[Target-only] Epoch 35/50 – Loss: 0.3605  Val F1: 0.4314  ROC-AUC: 0.7909  PR-AUC: 0.4134
[Target-only] Epoch 36/50 – Loss: 0.3679  Val F1: 0.4392  ROC-AUC: 0.8025  PR-AUC: 0.4372
[Target-only] Epoch 37/50 – Loss: 0.3671  Val F1: 0.4138  ROC-AUC: 0.7805  PR-AUC: 0.4248
[Target-only] Epoch 38/50 – Loss: 0.3559  Val F1: 0.4048  ROC-AUC: 0.7917  PR-AUC: 0.4334
[Target-only] Epoch 39/50 – Loss: 0.3575  Val F1: 0.4392  ROC-AUC: 0.7902  PR-AUC: 0.4133
[Target-only] Epoch 40/50 – Loss: 0.3623  Val F1: 0.4313  ROC-AUC: 0.7980  PR-AUC: 0.4402
[Target-only] Epoch 41/50 – Loss: 0.3580  Val F1: 0.4207  ROC-AUC: 0.7916  PR-AUC: 0.4364
[Target-only] Epoch 42/50 – Loss: 0.3523  Val F1: 0.4149  ROC-AUC: 0.7852  PR-AUC: 0.4069
[Target-only] Epoch 43/50 – Loss: 0.3335  Val F1: 0.4204  ROC-AUC: 0.7961  PR-AUC: 0.4396
[Target-only] Epoch 44/50 – Loss: 0.3445  Val F1: 0.4277  ROC-AUC: 0.7951  PR-AUC: 0.4419
[Target-only] Epoch 45/50 – Loss: 0.3446  Val F1: 0.4221  ROC-AUC: 0.7976  PR-AUC: 0.4498
[Target-only] Epoch 46/50 – Loss: 0.3214  Val F1: 0.4211  ROC-AUC: 0.7938  PR-AUC: 0.4424
[Target-only] Epoch 47/50 – Loss: 0.3253  Val F1: 0.4276  ROC-AUC: 0.7943  PR-AUC: 0.4381
[Target-only] Epoch 48/50 – Loss: 0.3319  Val F1: 0.4258  ROC-AUC: 0.7952  PR-AUC: 0.4419
[Target-only] Epoch 49/50 – Loss: 0.3280  Val F1: 0.4250  ROC-AUC: 0.7938  PR-AUC: 0.4357
[Target-only] Epoch 50/50 – Loss: 0.3124  Val F1: 0.4416  ROC-AUC: 0.8031  PR-AUC: 0.4456
=== Target-only TEST performance ===
Test F1: 0.4520, ROC-AUC: 0.8054, PR-AUC: 0.3540
[4/4] Embedding 시각화 중...
✅ Embeddings 저장 완료: embeddings_Supplemental_Material_2_TrainingSet_TOX21_ERb_BLA_Antagonist_viability_GIN.png
✅ 실험 완료: Supplemental_Material_2_TrainingSet -> TOX21_ERb_BLA_Antagonist_viability [GIN]
