[1/4] Excel → CSV 변환 중...
Saved pretrain CSV for TOX21_ERa_LUC_VM7_Agonist: data/sample/TOX21_ERa_LUC_VM7_Agonist.csv
Saved pretrain CSV for TOX21_ERb_BLA_Agonist_viability: data/sample/TOX21_ERb_BLA_Agonist_viability.csv
Saved pretrain CSV for TOX21_ERa_LUC_VM7_Agonist_10nM_ICI182780_viability: data/sample/TOX21_ERa_LUC_VM7_Agonist_10nM_ICI182780_viability.csv
Saved pretrain CSV for TOX21_ERR_LUC_viability: data/sample/TOX21_ERR_LUC_viability.csv
Saved finetune CSV for ATG_ERE_CIS: data/sample/ATG_ERE_CIS.csv
Saved finetune CSV for ATG_ERa_TRANS: data/sample/ATG_ERa_TRANS.csv
Saved finetune CSV for ACEA_ER_80hr: data/sample/ACEA_ER_80hr.csv
Saved finetune CSV for OT_ER_ERaERa_1440: data/sample/OT_ER_ERaERa_1440.csv
Saved finetune CSV for OT_ER_ERaERb_1440: data/sample/OT_ER_ERaERb_1440.csv
Saved finetune CSV for OT_ER_ERbERb_1440: data/sample/OT_ER_ERbERb_1440.csv
Saved finetune CSV for NVS_NR_hER: data/sample/NVS_NR_hER.csv
[2/4] Pretraining on TOX21_ERb_BLA_Agonist_viability using GIN...
  * Pretrained model already exists at model_save/pretrained/gin/Pretrained_TOX21_ERb_BLA_Agonist_viability_gin.pth, loading...
[3/4] Finetuning on ATG_ERE_CIS using GIN...
[Fine-tune] Epoch 1/50 - Loss: 0.6517 - Val F1: 0.4405 - Val ROC-AUC: 0.6984 - Val PR-AUC: 0.4385
[Fine-tune] Epoch 2/50 - Loss: 0.5685 - Val F1: 0.4324 - Val ROC-AUC: 0.7146 - Val PR-AUC: 0.4863
[Fine-tune] Epoch 3/50 - Loss: 0.5727 - Val F1: 0.4696 - Val ROC-AUC: 0.7250 - Val PR-AUC: 0.4777
[Fine-tune] Epoch 4/50 - Loss: 0.5616 - Val F1: 0.4390 - Val ROC-AUC: 0.7423 - Val PR-AUC: 0.5032
[Fine-tune] Epoch 5/50 - Loss: 0.5372 - Val F1: 0.4392 - Val ROC-AUC: 0.7372 - Val PR-AUC: 0.4850
[Fine-tune] Epoch 6/50 - Loss: 0.5423 - Val F1: 0.4291 - Val ROC-AUC: 0.7188 - Val PR-AUC: 0.4876
[Fine-tune] Epoch 7/50 - Loss: 0.5411 - Val F1: 0.4807 - Val ROC-AUC: 0.7396 - Val PR-AUC: 0.5116
[Fine-tune] Epoch 8/50 - Loss: 0.5274 - Val F1: 0.4299 - Val ROC-AUC: 0.7114 - Val PR-AUC: 0.4594
[Fine-tune] Epoch 9/50 - Loss: 0.5047 - Val F1: 0.4457 - Val ROC-AUC: 0.6937 - Val PR-AUC: 0.4747
[Fine-tune] Epoch 10/50 - Loss: 0.5098 - Val F1: 0.4416 - Val ROC-AUC: 0.7267 - Val PR-AUC: 0.4528
[Fine-tune] Epoch 11/50 - Loss: 0.4963 - Val F1: 0.4537 - Val ROC-AUC: 0.7246 - Val PR-AUC: 0.5160
[Fine-tune] Epoch 12/50 - Loss: 0.5035 - Val F1: 0.4898 - Val ROC-AUC: 0.7341 - Val PR-AUC: 0.5319
[Fine-tune] Epoch 13/50 - Loss: 0.4888 - Val F1: 0.4700 - Val ROC-AUC: 0.7245 - Val PR-AUC: 0.4723
[Fine-tune] Epoch 14/50 - Loss: 0.4781 - Val F1: 0.4513 - Val ROC-AUC: 0.7255 - Val PR-AUC: 0.5042
[Fine-tune] Epoch 15/50 - Loss: 0.4517 - Val F1: 0.4600 - Val ROC-AUC: 0.7351 - Val PR-AUC: 0.5222
[Fine-tune] Epoch 16/50 - Loss: 0.4617 - Val F1: 0.4206 - Val ROC-AUC: 0.7225 - Val PR-AUC: 0.4646
[Fine-tune] Epoch 17/50 - Loss: 0.4556 - Val F1: 0.4530 - Val ROC-AUC: 0.7394 - Val PR-AUC: 0.5207
[Fine-tune] Epoch 18/50 - Loss: 0.4378 - Val F1: 0.4532 - Val ROC-AUC: 0.7156 - Val PR-AUC: 0.4922
[Fine-tune] Epoch 19/50 - Loss: 0.4465 - Val F1: 0.4878 - Val ROC-AUC: 0.7251 - Val PR-AUC: 0.5065
[Fine-tune] Epoch 20/50 - Loss: 0.4531 - Val F1: 0.4231 - Val ROC-AUC: 0.7026 - Val PR-AUC: 0.4537
[Fine-tune] Epoch 21/50 - Loss: 0.4229 - Val F1: 0.4492 - Val ROC-AUC: 0.7197 - Val PR-AUC: 0.4672
[Fine-tune] Epoch 22/50 - Loss: 0.4127 - Val F1: 0.4623 - Val ROC-AUC: 0.7131 - Val PR-AUC: 0.4774
[Fine-tune] Epoch 23/50 - Loss: 0.4077 - Val F1: 0.5079 - Val ROC-AUC: 0.7343 - Val PR-AUC: 0.4992
[Fine-tune] Epoch 24/50 - Loss: 0.4117 - Val F1: 0.4747 - Val ROC-AUC: 0.7185 - Val PR-AUC: 0.4802
[Fine-tune] Epoch 25/50 - Loss: 0.4110 - Val F1: 0.4673 - Val ROC-AUC: 0.7251 - Val PR-AUC: 0.5033
[Fine-tune] Epoch 26/50 - Loss: 0.3988 - Val F1: 0.4528 - Val ROC-AUC: 0.7113 - Val PR-AUC: 0.4495
[Fine-tune] Epoch 27/50 - Loss: 0.3861 - Val F1: 0.4550 - Val ROC-AUC: 0.7138 - Val PR-AUC: 0.4709
[Fine-tune] Epoch 28/50 - Loss: 0.3870 - Val F1: 0.4694 - Val ROC-AUC: 0.7178 - Val PR-AUC: 0.4678
[Fine-tune] Epoch 29/50 - Loss: 0.3883 - Val F1: 0.4725 - Val ROC-AUC: 0.7172 - Val PR-AUC: 0.4790
[Fine-tune] Epoch 30/50 - Loss: 0.3934 - Val F1: 0.4466 - Val ROC-AUC: 0.7023 - Val PR-AUC: 0.4430
[Fine-tune] Epoch 31/50 - Loss: 0.3812 - Val F1: 0.4615 - Val ROC-AUC: 0.7111 - Val PR-AUC: 0.4616
[Fine-tune] Epoch 32/50 - Loss: 0.3851 - Val F1: 0.4479 - Val ROC-AUC: 0.7045 - Val PR-AUC: 0.4515
[Fine-tune] Epoch 33/50 - Loss: 0.3601 - Val F1: 0.4455 - Val ROC-AUC: 0.7141 - Val PR-AUC: 0.4709
[Fine-tune] Epoch 34/50 - Loss: 0.3809 - Val F1: 0.4601 - Val ROC-AUC: 0.7214 - Val PR-AUC: 0.4657
[Fine-tune] Epoch 35/50 - Loss: 0.3594 - Val F1: 0.4623 - Val ROC-AUC: 0.7189 - Val PR-AUC: 0.4652
[Fine-tune] Epoch 36/50 - Loss: 0.3553 - Val F1: 0.4615 - Val ROC-AUC: 0.7171 - Val PR-AUC: 0.4719
[Fine-tune] Epoch 37/50 - Loss: 0.3820 - Val F1: 0.4505 - Val ROC-AUC: 0.7013 - Val PR-AUC: 0.4486
[Fine-tune] Epoch 38/50 - Loss: 0.3487 - Val F1: 0.4479 - Val ROC-AUC: 0.7055 - Val PR-AUC: 0.4518
[Fine-tune] Epoch 39/50 - Loss: 0.3466 - Val F1: 0.4343 - Val ROC-AUC: 0.7099 - Val PR-AUC: 0.4543
[Fine-tune] Epoch 40/50 - Loss: 0.3599 - Val F1: 0.4286 - Val ROC-AUC: 0.7047 - Val PR-AUC: 0.4556
[Fine-tune] Epoch 41/50 - Loss: 0.3680 - Val F1: 0.4688 - Val ROC-AUC: 0.7082 - Val PR-AUC: 0.4536
[Fine-tune] Epoch 42/50 - Loss: 0.3507 - Val F1: 0.4478 - Val ROC-AUC: 0.7107 - Val PR-AUC: 0.4614
[Fine-tune] Epoch 43/50 - Loss: 0.3544 - Val F1: 0.4737 - Val ROC-AUC: 0.7146 - Val PR-AUC: 0.4731
[Fine-tune] Epoch 44/50 - Loss: 0.3544 - Val F1: 0.4488 - Val ROC-AUC: 0.7076 - Val PR-AUC: 0.4557
[Fine-tune] Epoch 45/50 - Loss: 0.3424 - Val F1: 0.4706 - Val ROC-AUC: 0.7119 - Val PR-AUC: 0.4720
[Fine-tune] Epoch 46/50 - Loss: 0.3522 - Val F1: 0.4592 - Val ROC-AUC: 0.7123 - Val PR-AUC: 0.4704
[Fine-tune] Epoch 47/50 - Loss: 0.3514 - Val F1: 0.4299 - Val ROC-AUC: 0.7086 - Val PR-AUC: 0.4477
[Fine-tune] Epoch 48/50 - Loss: 0.3415 - Val F1: 0.4343 - Val ROC-AUC: 0.7043 - Val PR-AUC: 0.4498
[Fine-tune] Epoch 49/50 - Loss: 0.3436 - Val F1: 0.4510 - Val ROC-AUC: 0.7048 - Val PR-AUC: 0.4544
[Fine-tune] Epoch 50/50 - Loss: 0.3485 - Val F1: 0.4364 - Val ROC-AUC: 0.7033 - Val PR-AUC: 0.4483
Finetuning completed. Test F1: 0.5158, ROC-AUC: 0.7471, PR-AUC: 0.5222
[3.1/4] Target-only training on ATG_ERE_CIS using GIN...
  * Target-only 모델 이미 존재: model_save/targetonly/gin/TargetOnly_ATG_ERE_CIS_gin.pth
  * Target-only 생략, 저장된 모델로 평가만 진행
=== Target-only TEST performance ===
Test F1: 0.4906, ROC-AUC: 0.7623, PR-AUC: 0.5324
✅ 실험 완료: TOX21_ERb_BLA_Agonist_viability -> ATG_ERE_CIS [GIN]
