[1/4] Excel → CSV 변환 중...
Saved pretrain CSV for TOX21_ERa_LUC_VM7_Agonist: data/sample/TOX21_ERa_LUC_VM7_Agonist.csv
Saved pretrain CSV for TOX21_ERb_BLA_Agonist_viability: data/sample/TOX21_ERb_BLA_Agonist_viability.csv
Saved pretrain CSV for TOX21_ERa_LUC_VM7_Agonist_10nM_ICI182780_viability: data/sample/TOX21_ERa_LUC_VM7_Agonist_10nM_ICI182780_viability.csv
Saved pretrain CSV for TOX21_ERR_LUC_viability: data/sample/TOX21_ERR_LUC_viability.csv
Saved finetune CSV for ATG_ERE_CIS: data/sample/ATG_ERE_CIS.csv
Saved finetune CSV for ATG_ERa_TRANS: data/sample/ATG_ERa_TRANS.csv
Saved finetune CSV for ACEA_ER_80hr: data/sample/ACEA_ER_80hr.csv
Saved finetune CSV for OT_ER_ERaERa_1440: data/sample/OT_ER_ERaERa_1440.csv
Saved finetune CSV for OT_ER_ERaERb_1440: data/sample/OT_ER_ERaERb_1440.csv
Saved finetune CSV for OT_ER_ERbERb_1440: data/sample/OT_ER_ERbERb_1440.csv
Saved finetune CSV for NVS_NR_hER: data/sample/NVS_NR_hER.csv
[2/4] Pretraining on TOX21_ERa_LUC_VM7_Agonist using GIN_GAT...
  * Pretrained model already exists at model_save/pretrained/gin_gat/Pretrained_TOX21_ERa_LUC_VM7_Agonist_gin_gat.pth, loading...
[3/4] Finetuning on ATG_ERa_TRANS using GIN_GAT...
[Fine-tune] Epoch 1/50 - Loss: 0.6192 - Val F1: 0.5056 - Val ROC-AUC: 0.7464 - Val PR-AUC: 0.4777
[Fine-tune] Epoch 2/50 - Loss: 0.4996 - Val F1: 0.4878 - Val ROC-AUC: 0.7623 - Val PR-AUC: 0.5080
[Fine-tune] Epoch 3/50 - Loss: 0.4773 - Val F1: 0.5202 - Val ROC-AUC: 0.7619 - Val PR-AUC: 0.5212
[Fine-tune] Epoch 4/50 - Loss: 0.4461 - Val F1: 0.4970 - Val ROC-AUC: 0.7572 - Val PR-AUC: 0.5192
[Fine-tune] Epoch 5/50 - Loss: 0.4350 - Val F1: 0.4444 - Val ROC-AUC: 0.7327 - Val PR-AUC: 0.4972
[Fine-tune] Epoch 6/50 - Loss: 0.4211 - Val F1: 0.4654 - Val ROC-AUC: 0.7282 - Val PR-AUC: 0.4642
[Fine-tune] Epoch 7/50 - Loss: 0.4257 - Val F1: 0.4175 - Val ROC-AUC: 0.7072 - Val PR-AUC: 0.4533
[Fine-tune] Epoch 8/50 - Loss: 0.4165 - Val F1: 0.4842 - Val ROC-AUC: 0.7318 - Val PR-AUC: 0.5061
[Fine-tune] Epoch 9/50 - Loss: 0.3979 - Val F1: 0.4712 - Val ROC-AUC: 0.7320 - Val PR-AUC: 0.4203
[Fine-tune] Epoch 10/50 - Loss: 0.4118 - Val F1: 0.5056 - Val ROC-AUC: 0.7452 - Val PR-AUC: 0.5112
[Fine-tune] Epoch 11/50 - Loss: 0.3810 - Val F1: 0.4194 - Val ROC-AUC: 0.7199 - Val PR-AUC: 0.4695
[Fine-tune] Epoch 12/50 - Loss: 0.3365 - Val F1: 0.4719 - Val ROC-AUC: 0.7320 - Val PR-AUC: 0.4872
[Fine-tune] Epoch 13/50 - Loss: 0.3356 - Val F1: 0.5195 - Val ROC-AUC: 0.7518 - Val PR-AUC: 0.5016
[Fine-tune] Epoch 14/50 - Loss: 0.3578 - Val F1: 0.5063 - Val ROC-AUC: 0.7426 - Val PR-AUC: 0.4817
[Fine-tune] Epoch 15/50 - Loss: 0.3227 - Val F1: 0.5270 - Val ROC-AUC: 0.7476 - Val PR-AUC: 0.5161
[Fine-tune] Epoch 16/50 - Loss: 0.3162 - Val F1: 0.5325 - Val ROC-AUC: 0.7214 - Val PR-AUC: 0.4630
[Fine-tune] Epoch 17/50 - Loss: 0.3067 - Val F1: 0.5269 - Val ROC-AUC: 0.7349 - Val PR-AUC: 0.4645
[Fine-tune] Epoch 18/50 - Loss: 0.2978 - Val F1: 0.5390 - Val ROC-AUC: 0.7147 - Val PR-AUC: 0.5078
[Fine-tune] Epoch 19/50 - Loss: 0.3171 - Val F1: 0.4886 - Val ROC-AUC: 0.7259 - Val PR-AUC: 0.4869
[Fine-tune] Epoch 20/50 - Loss: 0.3238 - Val F1: 0.4967 - Val ROC-AUC: 0.7140 - Val PR-AUC: 0.4815
[Fine-tune] Epoch 21/50 - Loss: 0.2915 - Val F1: 0.5000 - Val ROC-AUC: 0.7174 - Val PR-AUC: 0.4651
[Fine-tune] Epoch 22/50 - Loss: 0.2735 - Val F1: 0.5212 - Val ROC-AUC: 0.7231 - Val PR-AUC: 0.4820
[Fine-tune] Epoch 23/50 - Loss: 0.2718 - Val F1: 0.5000 - Val ROC-AUC: 0.7279 - Val PR-AUC: 0.4421
[Fine-tune] Epoch 24/50 - Loss: 0.2747 - Val F1: 0.5000 - Val ROC-AUC: 0.7207 - Val PR-AUC: 0.4522
[Fine-tune] Epoch 25/50 - Loss: 0.2539 - Val F1: 0.4790 - Val ROC-AUC: 0.7288 - Val PR-AUC: 0.4607
[Fine-tune] Epoch 26/50 - Loss: 0.2622 - Val F1: 0.5122 - Val ROC-AUC: 0.7313 - Val PR-AUC: 0.4856
[Fine-tune] Epoch 27/50 - Loss: 0.2327 - Val F1: 0.4968 - Val ROC-AUC: 0.7211 - Val PR-AUC: 0.4703
[Fine-tune] Epoch 28/50 - Loss: 0.2477 - Val F1: 0.5200 - Val ROC-AUC: 0.7121 - Val PR-AUC: 0.4377
[Fine-tune] Epoch 29/50 - Loss: 0.2450 - Val F1: 0.4878 - Val ROC-AUC: 0.7185 - Val PR-AUC: 0.4775
[Fine-tune] Epoch 30/50 - Loss: 0.2442 - Val F1: 0.5128 - Val ROC-AUC: 0.7208 - Val PR-AUC: 0.4488
[Fine-tune] Epoch 31/50 - Loss: 0.2306 - Val F1: 0.5068 - Val ROC-AUC: 0.7118 - Val PR-AUC: 0.4529
[Fine-tune] Epoch 32/50 - Loss: 0.2279 - Val F1: 0.4970 - Val ROC-AUC: 0.7093 - Val PR-AUC: 0.4493
[Fine-tune] Epoch 33/50 - Loss: 0.2083 - Val F1: 0.5263 - Val ROC-AUC: 0.7197 - Val PR-AUC: 0.4570
[Fine-tune] Epoch 34/50 - Loss: 0.2235 - Val F1: 0.5298 - Val ROC-AUC: 0.7141 - Val PR-AUC: 0.4418
[Fine-tune] Epoch 35/50 - Loss: 0.2196 - Val F1: 0.5033 - Val ROC-AUC: 0.7149 - Val PR-AUC: 0.4442
[Fine-tune] Epoch 36/50 - Loss: 0.2090 - Val F1: 0.5229 - Val ROC-AUC: 0.7087 - Val PR-AUC: 0.4309
[Fine-tune] Epoch 37/50 - Loss: 0.2070 - Val F1: 0.5000 - Val ROC-AUC: 0.7056 - Val PR-AUC: 0.4024
[Fine-tune] Epoch 38/50 - Loss: 0.2009 - Val F1: 0.5235 - Val ROC-AUC: 0.7082 - Val PR-AUC: 0.4266
[Fine-tune] Epoch 39/50 - Loss: 0.1961 - Val F1: 0.5000 - Val ROC-AUC: 0.7068 - Val PR-AUC: 0.4501
[Fine-tune] Epoch 40/50 - Loss: 0.2126 - Val F1: 0.5103 - Val ROC-AUC: 0.7123 - Val PR-AUC: 0.4177
[Fine-tune] Epoch 41/50 - Loss: 0.1966 - Val F1: 0.5063 - Val ROC-AUC: 0.7134 - Val PR-AUC: 0.4283
[Fine-tune] Epoch 42/50 - Loss: 0.2012 - Val F1: 0.5101 - Val ROC-AUC: 0.7122 - Val PR-AUC: 0.4330
[Fine-tune] Epoch 43/50 - Loss: 0.1902 - Val F1: 0.5000 - Val ROC-AUC: 0.7028 - Val PR-AUC: 0.4126
[Fine-tune] Epoch 44/50 - Loss: 0.2028 - Val F1: 0.5032 - Val ROC-AUC: 0.7010 - Val PR-AUC: 0.4134
[Fine-tune] Epoch 45/50 - Loss: 0.2033 - Val F1: 0.5166 - Val ROC-AUC: 0.7104 - Val PR-AUC: 0.4216
[Fine-tune] Epoch 46/50 - Loss: 0.1771 - Val F1: 0.5033 - Val ROC-AUC: 0.7064 - Val PR-AUC: 0.4413
[Fine-tune] Epoch 47/50 - Loss: 0.1858 - Val F1: 0.5000 - Val ROC-AUC: 0.7054 - Val PR-AUC: 0.4248
[Fine-tune] Epoch 48/50 - Loss: 0.2000 - Val F1: 0.5298 - Val ROC-AUC: 0.7027 - Val PR-AUC: 0.4312
[Fine-tune] Epoch 49/50 - Loss: 0.1690 - Val F1: 0.5000 - Val ROC-AUC: 0.7105 - Val PR-AUC: 0.4377
[Fine-tune] Epoch 50/50 - Loss: 0.1828 - Val F1: 0.5132 - Val ROC-AUC: 0.7098 - Val PR-AUC: 0.4251
Finetuning completed. Test F1: 0.4699, ROC-AUC: 0.7325, PR-AUC: 0.4773
[3.1/4] Target-only training on ATG_ERa_TRANS using GIN_GAT...
=== Target-only training ===
[Target-only] Epoch 1/50 – Loss: 0.6305  Val F1: 0.3936  ROC-AUC: 0.7019  PR-AUC: 0.3800
[Target-only] Epoch 2/50 – Loss: 0.5877  Val F1: 0.4686  ROC-AUC: 0.7322  PR-AUC: 0.4176
[Target-only] Epoch 3/50 – Loss: 0.5637  Val F1: 0.4549  ROC-AUC: 0.7498  PR-AUC: 0.4602
[Target-only] Epoch 4/50 – Loss: 0.5600  Val F1: 0.4488  ROC-AUC: 0.7354  PR-AUC: 0.4433
[Target-only] Epoch 5/50 – Loss: 0.5500  Val F1: 0.4854  ROC-AUC: 0.7543  PR-AUC: 0.4851
[Target-only] Epoch 6/50 – Loss: 0.5315  Val F1: 0.4918  ROC-AUC: 0.7359  PR-AUC: 0.4541
[Target-only] Epoch 7/50 – Loss: 0.5233  Val F1: 0.4800  ROC-AUC: 0.7141  PR-AUC: 0.4594
[Target-only] Epoch 8/50 – Loss: 0.4955  Val F1: 0.5229  ROC-AUC: 0.7472  PR-AUC: 0.4681
[Target-only] Epoch 9/50 – Loss: 0.5038  Val F1: 0.4739  ROC-AUC: 0.7598  PR-AUC: 0.5186
[Target-only] Epoch 10/50 – Loss: 0.5033  Val F1: 0.4717  ROC-AUC: 0.7415  PR-AUC: 0.4764
[Target-only] Epoch 11/50 – Loss: 0.4579  Val F1: 0.4971  ROC-AUC: 0.7437  PR-AUC: 0.4694
[Target-only] Epoch 12/50 – Loss: 0.4611  Val F1: 0.5169  ROC-AUC: 0.7344  PR-AUC: 0.4927
[Target-only] Epoch 13/50 – Loss: 0.4540  Val F1: 0.4894  ROC-AUC: 0.7528  PR-AUC: 0.4856
[Target-only] Epoch 14/50 – Loss: 0.4632  Val F1: 0.4842  ROC-AUC: 0.7284  PR-AUC: 0.4532
[Target-only] Epoch 15/50 – Loss: 0.4351  Val F1: 0.5233  ROC-AUC: 0.7236  PR-AUC: 0.4550
[Target-only] Epoch 16/50 – Loss: 0.4474  Val F1: 0.5029  ROC-AUC: 0.7260  PR-AUC: 0.4830
[Target-only] Epoch 17/50 – Loss: 0.4198  Val F1: 0.4772  ROC-AUC: 0.7232  PR-AUC: 0.4565
[Target-only] Epoch 18/50 – Loss: 0.4180  Val F1: 0.5309  ROC-AUC: 0.7222  PR-AUC: 0.4862
[Target-only] Epoch 19/50 – Loss: 0.3999  Val F1: 0.4800  ROC-AUC: 0.7094  PR-AUC: 0.4800
[Target-only] Epoch 20/50 – Loss: 0.4319  Val F1: 0.4762  ROC-AUC: 0.7087  PR-AUC: 0.4632
[Target-only] Epoch 21/50 – Loss: 0.3588  Val F1: 0.4916  ROC-AUC: 0.7259  PR-AUC: 0.4995
[Target-only] Epoch 22/50 – Loss: 0.3873  Val F1: 0.4751  ROC-AUC: 0.7198  PR-AUC: 0.4629
[Target-only] Epoch 23/50 – Loss: 0.3620  Val F1: 0.4780  ROC-AUC: 0.6986  PR-AUC: 0.4420
[Target-only] Epoch 24/50 – Loss: 0.3770  Val F1: 0.5065  ROC-AUC: 0.7112  PR-AUC: 0.4648
[Target-only] Epoch 25/50 – Loss: 0.3658  Val F1: 0.4800  ROC-AUC: 0.7146  PR-AUC: 0.4712
[Target-only] Epoch 26/50 – Loss: 0.3521  Val F1: 0.4785  ROC-AUC: 0.7168  PR-AUC: 0.4762
[Target-only] Epoch 27/50 – Loss: 0.3539  Val F1: 0.5172  ROC-AUC: 0.7143  PR-AUC: 0.4550
[Target-only] Epoch 28/50 – Loss: 0.3311  Val F1: 0.4908  ROC-AUC: 0.7075  PR-AUC: 0.4691
[Target-only] Epoch 29/50 – Loss: 0.3548  Val F1: 0.5031  ROC-AUC: 0.7059  PR-AUC: 0.4615
[Target-only] Epoch 30/50 – Loss: 0.3445  Val F1: 0.5333  ROC-AUC: 0.7015  PR-AUC: 0.4857
[Target-only] Epoch 31/50 – Loss: 0.3323  Val F1: 0.4819  ROC-AUC: 0.7029  PR-AUC: 0.4777
[Target-only] Epoch 32/50 – Loss: 0.3182  Val F1: 0.4819  ROC-AUC: 0.6939  PR-AUC: 0.4633
[Target-only] Epoch 33/50 – Loss: 0.3235  Val F1: 0.4938  ROC-AUC: 0.7059  PR-AUC: 0.4851
[Target-only] Epoch 34/50 – Loss: 0.3010  Val F1: 0.4937  ROC-AUC: 0.7050  PR-AUC: 0.5020
[Target-only] Epoch 35/50 – Loss: 0.3214  Val F1: 0.4750  ROC-AUC: 0.7025  PR-AUC: 0.4552
[Target-only] Epoch 36/50 – Loss: 0.3052  Val F1: 0.4828  ROC-AUC: 0.7080  PR-AUC: 0.4648
[Target-only] Epoch 37/50 – Loss: 0.3073  Val F1: 0.4746  ROC-AUC: 0.7053  PR-AUC: 0.4660
[Target-only] Epoch 38/50 – Loss: 0.3060  Val F1: 0.4727  ROC-AUC: 0.6910  PR-AUC: 0.4424
[Target-only] Epoch 39/50 – Loss: 0.2903  Val F1: 0.5195  ROC-AUC: 0.7011  PR-AUC: 0.4315
[Target-only] Epoch 40/50 – Loss: 0.2796  Val F1: 0.4872  ROC-AUC: 0.6989  PR-AUC: 0.4833
[Target-only] Epoch 41/50 – Loss: 0.2930  Val F1: 0.4878  ROC-AUC: 0.6928  PR-AUC: 0.4609
[Target-only] Epoch 42/50 – Loss: 0.2979  Val F1: 0.5132  ROC-AUC: 0.6899  PR-AUC: 0.4431
[Target-only] Epoch 43/50 – Loss: 0.2948  Val F1: 0.5128  ROC-AUC: 0.6932  PR-AUC: 0.4527
[Target-only] Epoch 44/50 – Loss: 0.2710  Val F1: 0.5195  ROC-AUC: 0.7057  PR-AUC: 0.4688
[Target-only] Epoch 45/50 – Loss: 0.2849  Val F1: 0.5031  ROC-AUC: 0.7025  PR-AUC: 0.4537
[Target-only] Epoch 46/50 – Loss: 0.2648  Val F1: 0.4933  ROC-AUC: 0.6984  PR-AUC: 0.4529
[Target-only] Epoch 47/50 – Loss: 0.2748  Val F1: 0.5000  ROC-AUC: 0.7033  PR-AUC: 0.4653
[Target-only] Epoch 48/50 – Loss: 0.2656  Val F1: 0.5032  ROC-AUC: 0.6957  PR-AUC: 0.4510
[Target-only] Epoch 49/50 – Loss: 0.2694  Val F1: 0.5135  ROC-AUC: 0.6954  PR-AUC: 0.4630
