[1/4] Excel → CSV 변환 중...
Saved pretrain CSV for TOX21_ERa_LUC_VM7_Agonist: data/sample/TOX21_ERa_LUC_VM7_Agonist.csv
Saved pretrain CSV for TOX21_ERb_BLA_Agonist_viability: data/sample/TOX21_ERb_BLA_Agonist_viability.csv
Saved pretrain CSV for TOX21_ERa_LUC_VM7_Agonist_10nM_ICI182780_viability: data/sample/TOX21_ERa_LUC_VM7_Agonist_10nM_ICI182780_viability.csv
Saved pretrain CSV for TOX21_ERR_LUC_viability: data/sample/TOX21_ERR_LUC_viability.csv
Saved finetune CSV for ATG_ERE_CIS: data/sample/ATG_ERE_CIS.csv
Saved finetune CSV for ATG_ERa_TRANS: data/sample/ATG_ERa_TRANS.csv
Saved finetune CSV for ACEA_ER_80hr: data/sample/ACEA_ER_80hr.csv
Saved finetune CSV for OT_ER_ERaERa_1440: data/sample/OT_ER_ERaERa_1440.csv
Saved finetune CSV for OT_ER_ERaERb_1440: data/sample/OT_ER_ERaERb_1440.csv
Saved finetune CSV for OT_ER_ERbERb_1440: data/sample/OT_ER_ERbERb_1440.csv
Saved finetune CSV for NVS_NR_hER: data/sample/NVS_NR_hER.csv
[2/4] Pretraining on TOX21_ERa_LUC_VM7_Agonist_10nM_ICI182780_viability using GIN...
  * Pretrained model already exists at model_save/pretrained/gin/Pretrained_TOX21_ERa_LUC_VM7_Agonist_10nM_ICI182780_viability_gin.pth, loading...
[3/4] Finetuning on NVS_NR_hER using GIN...
[Fine-tune] Epoch 1/50 - Loss: 0.8182 - Val F1: 0.3929 - Val ROC-AUC: 0.7111 - Val PR-AUC: 0.4925
[Fine-tune] Epoch 2/50 - Loss: 0.4877 - Val F1: 0.3934 - Val ROC-AUC: 0.7588 - Val PR-AUC: 0.5318
[Fine-tune] Epoch 3/50 - Loss: 0.4692 - Val F1: 0.4528 - Val ROC-AUC: 0.7374 - Val PR-AUC: 0.4350
[Fine-tune] Epoch 4/50 - Loss: 0.4511 - Val F1: 0.4783 - Val ROC-AUC: 0.7708 - Val PR-AUC: 0.5733
[Fine-tune] Epoch 5/50 - Loss: 0.3783 - Val F1: 0.4286 - Val ROC-AUC: 0.7829 - Val PR-AUC: 0.5661
[Fine-tune] Epoch 6/50 - Loss: 0.4131 - Val F1: 0.5217 - Val ROC-AUC: 0.7780 - Val PR-AUC: 0.5370
[Fine-tune] Epoch 7/50 - Loss: 0.3709 - Val F1: 0.3704 - Val ROC-AUC: 0.7478 - Val PR-AUC: 0.4897
[Fine-tune] Epoch 8/50 - Loss: 0.3143 - Val F1: 0.5098 - Val ROC-AUC: 0.7862 - Val PR-AUC: 0.4869
[Fine-tune] Epoch 9/50 - Loss: 0.3177 - Val F1: 0.3750 - Val ROC-AUC: 0.7637 - Val PR-AUC: 0.5633
[Fine-tune] Epoch 10/50 - Loss: 0.3367 - Val F1: 0.4762 - Val ROC-AUC: 0.7418 - Val PR-AUC: 0.5004
[Fine-tune] Epoch 11/50 - Loss: 0.3064 - Val F1: 0.4400 - Val ROC-AUC: 0.7741 - Val PR-AUC: 0.5478
[Fine-tune] Epoch 12/50 - Loss: 0.2840 - Val F1: 0.4255 - Val ROC-AUC: 0.7621 - Val PR-AUC: 0.5161
[Fine-tune] Epoch 13/50 - Loss: 0.3108 - Val F1: 0.4091 - Val ROC-AUC: 0.7549 - Val PR-AUC: 0.5396
[Fine-tune] Epoch 14/50 - Loss: 0.2538 - Val F1: 0.4444 - Val ROC-AUC: 0.7664 - Val PR-AUC: 0.5464
[Fine-tune] Epoch 15/50 - Loss: 0.2393 - Val F1: 0.4255 - Val ROC-AUC: 0.7473 - Val PR-AUC: 0.5050
[Fine-tune] Epoch 16/50 - Loss: 0.2465 - Val F1: 0.4348 - Val ROC-AUC: 0.7292 - Val PR-AUC: 0.4947
[Fine-tune] Epoch 17/50 - Loss: 0.2324 - Val F1: 0.4390 - Val ROC-AUC: 0.7560 - Val PR-AUC: 0.5040
[Fine-tune] Epoch 18/50 - Loss: 0.2382 - Val F1: 0.4314 - Val ROC-AUC: 0.7248 - Val PR-AUC: 0.4861
[Fine-tune] Epoch 19/50 - Loss: 0.2224 - Val F1: 0.4400 - Val ROC-AUC: 0.7538 - Val PR-AUC: 0.4495
[Fine-tune] Epoch 20/50 - Loss: 0.1997 - Val F1: 0.4545 - Val ROC-AUC: 0.7489 - Val PR-AUC: 0.4678
[Fine-tune] Epoch 21/50 - Loss: 0.2028 - Val F1: 0.4651 - Val ROC-AUC: 0.7577 - Val PR-AUC: 0.5618
[Fine-tune] Epoch 22/50 - Loss: 0.2420 - Val F1: 0.4186 - Val ROC-AUC: 0.7467 - Val PR-AUC: 0.4929
[Fine-tune] Epoch 23/50 - Loss: 0.2415 - Val F1: 0.4255 - Val ROC-AUC: 0.7418 - Val PR-AUC: 0.4535
[Fine-tune] Epoch 24/50 - Loss: 0.2002 - Val F1: 0.3913 - Val ROC-AUC: 0.7336 - Val PR-AUC: 0.4617
[Fine-tune] Epoch 25/50 - Loss: 0.1972 - Val F1: 0.4255 - Val ROC-AUC: 0.7440 - Val PR-AUC: 0.4225
[Fine-tune] Epoch 26/50 - Loss: 0.1762 - Val F1: 0.3830 - Val ROC-AUC: 0.7352 - Val PR-AUC: 0.4303
[Fine-tune] Epoch 27/50 - Loss: 0.2068 - Val F1: 0.4348 - Val ROC-AUC: 0.7401 - Val PR-AUC: 0.5534
[Fine-tune] Epoch 28/50 - Loss: 0.2032 - Val F1: 0.4528 - Val ROC-AUC: 0.7412 - Val PR-AUC: 0.4428
[Fine-tune] Epoch 29/50 - Loss: 0.1496 - Val F1: 0.4091 - Val ROC-AUC: 0.7505 - Val PR-AUC: 0.4966
[Fine-tune] Epoch 30/50 - Loss: 0.1897 - Val F1: 0.4186 - Val ROC-AUC: 0.7473 - Val PR-AUC: 0.5177
[Fine-tune] Epoch 31/50 - Loss: 0.1579 - Val F1: 0.3913 - Val ROC-AUC: 0.7440 - Val PR-AUC: 0.5310
[Fine-tune] Epoch 32/50 - Loss: 0.1580 - Val F1: 0.4186 - Val ROC-AUC: 0.7473 - Val PR-AUC: 0.5267
[Fine-tune] Epoch 33/50 - Loss: 0.1645 - Val F1: 0.4091 - Val ROC-AUC: 0.7527 - Val PR-AUC: 0.5397
[Fine-tune] Epoch 34/50 - Loss: 0.1543 - Val F1: 0.4091 - Val ROC-AUC: 0.7440 - Val PR-AUC: 0.5353
[Fine-tune] Epoch 35/50 - Loss: 0.1614 - Val F1: 0.4444 - Val ROC-AUC: 0.7560 - Val PR-AUC: 0.5230
[Fine-tune] Epoch 36/50 - Loss: 0.1799 - Val F1: 0.4348 - Val ROC-AUC: 0.7423 - Val PR-AUC: 0.5098
[Fine-tune] Epoch 37/50 - Loss: 0.1351 - Val F1: 0.4255 - Val ROC-AUC: 0.7423 - Val PR-AUC: 0.5199
[Fine-tune] Epoch 38/50 - Loss: 0.1303 - Val F1: 0.4286 - Val ROC-AUC: 0.7555 - Val PR-AUC: 0.5448
[Fine-tune] Epoch 39/50 - Loss: 0.1612 - Val F1: 0.4091 - Val ROC-AUC: 0.7418 - Val PR-AUC: 0.5050
[Fine-tune] Epoch 40/50 - Loss: 0.1743 - Val F1: 0.3913 - Val ROC-AUC: 0.7434 - Val PR-AUC: 0.4744
[Fine-tune] Epoch 41/50 - Loss: 0.1553 - Val F1: 0.3913 - Val ROC-AUC: 0.7429 - Val PR-AUC: 0.5205
[Fine-tune] Epoch 42/50 - Loss: 0.1522 - Val F1: 0.4091 - Val ROC-AUC: 0.7363 - Val PR-AUC: 0.4618
[Fine-tune] Epoch 43/50 - Loss: 0.1526 - Val F1: 0.4082 - Val ROC-AUC: 0.7407 - Val PR-AUC: 0.4917
[Fine-tune] Epoch 44/50 - Loss: 0.1667 - Val F1: 0.4286 - Val ROC-AUC: 0.7478 - Val PR-AUC: 0.5319
[Fine-tune] Epoch 45/50 - Loss: 0.1167 - Val F1: 0.4091 - Val ROC-AUC: 0.7527 - Val PR-AUC: 0.5399
[Fine-tune] Epoch 46/50 - Loss: 0.1518 - Val F1: 0.4082 - Val ROC-AUC: 0.7440 - Val PR-AUC: 0.5148
[Fine-tune] Epoch 47/50 - Loss: 0.1486 - Val F1: 0.4490 - Val ROC-AUC: 0.7418 - Val PR-AUC: 0.5161
[Fine-tune] Epoch 48/50 - Loss: 0.1433 - Val F1: 0.4400 - Val ROC-AUC: 0.7445 - Val PR-AUC: 0.4988
[Fine-tune] Epoch 49/50 - Loss: 0.1620 - Val F1: 0.4091 - Val ROC-AUC: 0.7379 - Val PR-AUC: 0.4626
[Fine-tune] Epoch 50/50 - Loss: 0.1322 - Val F1: 0.4000 - Val ROC-AUC: 0.7423 - Val PR-AUC: 0.5095
Finetuning completed. Test F1: 0.4898, ROC-AUC: 0.7374, PR-AUC: 0.4564
[3.1/4] Target-only training on NVS_NR_hER using GIN...
  * Target-only 모델 이미 존재: model_save/targetonly/gin/TargetOnly_NVS_NR_hER_gin.pth
  * Target-only 생략, 저장된 모델로 평가만 진행
=== Target-only TEST performance ===
Test F1: 0.5000, ROC-AUC: 0.7482, PR-AUC: 0.4416
✅ 실험 완료: TOX21_ERa_LUC_VM7_Agonist_10nM_ICI182780_viability -> NVS_NR_hER [GIN]
