[1/4] Excel → CSV 변환 중...
Saved pretrain CSV for TOX21_ERa_LUC_VM7_Agonist: data/sample/TOX21_ERa_LUC_VM7_Agonist.csv
Saved pretrain CSV for TOX21_ERb_BLA_Agonist_viability: data/sample/TOX21_ERb_BLA_Agonist_viability.csv
Saved pretrain CSV for TOX21_ERa_LUC_VM7_Agonist_10nM_ICI182780_viability: data/sample/TOX21_ERa_LUC_VM7_Agonist_10nM_ICI182780_viability.csv
Saved pretrain CSV for TOX21_ERR_LUC_viability: data/sample/TOX21_ERR_LUC_viability.csv
Saved finetune CSV for ATG_ERE_CIS: data/sample/ATG_ERE_CIS.csv
Saved finetune CSV for ATG_ERa_TRANS: data/sample/ATG_ERa_TRANS.csv
Saved finetune CSV for ACEA_ER_80hr: data/sample/ACEA_ER_80hr.csv
Saved finetune CSV for OT_ER_ERaERa_1440: data/sample/OT_ER_ERaERa_1440.csv
Saved finetune CSV for OT_ER_ERaERb_1440: data/sample/OT_ER_ERaERb_1440.csv
Saved finetune CSV for OT_ER_ERbERb_1440: data/sample/OT_ER_ERbERb_1440.csv
Saved finetune CSV for NVS_NR_hER: data/sample/NVS_NR_hER.csv
[2/4] Pretraining on TOX21_ERb_BLA_Agonist_viability using GCN...
  * Pretrained model already exists at model_save/pretrained/gcn/Pretrained_TOX21_ERb_BLA_Agonist_viability_gcn.pth, loading...
[3/4] Finetuning on ACEA_ER_80hr using GCN...
[Fine-tune] Epoch 1/50 - Loss: 0.7159 - Val F1: 0.2817 - Val ROC-AUC: 0.6931 - Val PR-AUC: 0.2344
[Fine-tune] Epoch 2/50 - Loss: 0.6181 - Val F1: 0.2395 - Val ROC-AUC: 0.6484 - Val PR-AUC: 0.1877
[Fine-tune] Epoch 3/50 - Loss: 0.6060 - Val F1: 0.2207 - Val ROC-AUC: 0.6021 - Val PR-AUC: 0.1676
[Fine-tune] Epoch 4/50 - Loss: 0.6014 - Val F1: 0.2095 - Val ROC-AUC: 0.6619 - Val PR-AUC: 0.2204
[Fine-tune] Epoch 5/50 - Loss: 0.5897 - Val F1: 0.2545 - Val ROC-AUC: 0.6665 - Val PR-AUC: 0.2245
[Fine-tune] Epoch 6/50 - Loss: 0.5830 - Val F1: 0.2323 - Val ROC-AUC: 0.6738 - Val PR-AUC: 0.2933
[Fine-tune] Epoch 7/50 - Loss: 0.5818 - Val F1: 0.2456 - Val ROC-AUC: 0.6804 - Val PR-AUC: 0.2802
[Fine-tune] Epoch 8/50 - Loss: 0.5857 - Val F1: 0.2381 - Val ROC-AUC: 0.6652 - Val PR-AUC: 0.2427
[Fine-tune] Epoch 9/50 - Loss: 0.5714 - Val F1: 0.2406 - Val ROC-AUC: 0.6720 - Val PR-AUC: 0.2985
[Fine-tune] Epoch 10/50 - Loss: 0.5496 - Val F1: 0.2299 - Val ROC-AUC: 0.6672 - Val PR-AUC: 0.2813
[Fine-tune] Epoch 11/50 - Loss: 0.5366 - Val F1: 0.2237 - Val ROC-AUC: 0.6584 - Val PR-AUC: 0.2762
[Fine-tune] Epoch 12/50 - Loss: 0.5526 - Val F1: 0.2353 - Val ROC-AUC: 0.6568 - Val PR-AUC: 0.2472
[Fine-tune] Epoch 13/50 - Loss: 0.5345 - Val F1: 0.2156 - Val ROC-AUC: 0.6783 - Val PR-AUC: 0.2916
[Fine-tune] Epoch 14/50 - Loss: 0.5261 - Val F1: 0.2478 - Val ROC-AUC: 0.6587 - Val PR-AUC: 0.2389
[Fine-tune] Epoch 15/50 - Loss: 0.5411 - Val F1: 0.2794 - Val ROC-AUC: 0.6932 - Val PR-AUC: 0.3050
[Fine-tune] Epoch 16/50 - Loss: 0.5189 - Val F1: 0.2479 - Val ROC-AUC: 0.6772 - Val PR-AUC: 0.2766
[Fine-tune] Epoch 17/50 - Loss: 0.5339 - Val F1: 0.2388 - Val ROC-AUC: 0.6591 - Val PR-AUC: 0.2218
[Fine-tune] Epoch 18/50 - Loss: 0.5363 - Val F1: 0.2121 - Val ROC-AUC: 0.6745 - Val PR-AUC: 0.2948
[Fine-tune] Epoch 19/50 - Loss: 0.5426 - Val F1: 0.3022 - Val ROC-AUC: 0.7052 - Val PR-AUC: 0.3371
[Fine-tune] Epoch 20/50 - Loss: 0.5126 - Val F1: 0.2615 - Val ROC-AUC: 0.6577 - Val PR-AUC: 0.3032
[Fine-tune] Epoch 21/50 - Loss: 0.5136 - Val F1: 0.2319 - Val ROC-AUC: 0.6868 - Val PR-AUC: 0.3237
[Fine-tune] Epoch 22/50 - Loss: 0.5195 - Val F1: 0.2293 - Val ROC-AUC: 0.6767 - Val PR-AUC: 0.3162
[Fine-tune] Epoch 23/50 - Loss: 0.4993 - Val F1: 0.2614 - Val ROC-AUC: 0.6791 - Val PR-AUC: 0.3210
[Fine-tune] Epoch 24/50 - Loss: 0.5070 - Val F1: 0.2649 - Val ROC-AUC: 0.6939 - Val PR-AUC: 0.3272
[Fine-tune] Epoch 25/50 - Loss: 0.5186 - Val F1: 0.2456 - Val ROC-AUC: 0.6864 - Val PR-AUC: 0.3008
[Fine-tune] Epoch 26/50 - Loss: 0.5078 - Val F1: 0.2581 - Val ROC-AUC: 0.6908 - Val PR-AUC: 0.3105
[Fine-tune] Epoch 27/50 - Loss: 0.5201 - Val F1: 0.2194 - Val ROC-AUC: 0.6690 - Val PR-AUC: 0.2810
[Fine-tune] Epoch 28/50 - Loss: 0.5087 - Val F1: 0.2273 - Val ROC-AUC: 0.6628 - Val PR-AUC: 0.2923
[Fine-tune] Epoch 29/50 - Loss: 0.5018 - Val F1: 0.2344 - Val ROC-AUC: 0.6720 - Val PR-AUC: 0.3090
[Fine-tune] Epoch 30/50 - Loss: 0.5205 - Val F1: 0.3140 - Val ROC-AUC: 0.6975 - Val PR-AUC: 0.3102
[Fine-tune] Epoch 31/50 - Loss: 0.4975 - Val F1: 0.2468 - Val ROC-AUC: 0.6714 - Val PR-AUC: 0.2985
[Fine-tune] Epoch 32/50 - Loss: 0.4825 - Val F1: 0.2416 - Val ROC-AUC: 0.6640 - Val PR-AUC: 0.2808
[Fine-tune] Epoch 33/50 - Loss: 0.4985 - Val F1: 0.2368 - Val ROC-AUC: 0.6779 - Val PR-AUC: 0.3125
[Fine-tune] Epoch 34/50 - Loss: 0.4963 - Val F1: 0.2481 - Val ROC-AUC: 0.6788 - Val PR-AUC: 0.3092
[Fine-tune] Epoch 35/50 - Loss: 0.4931 - Val F1: 0.2727 - Val ROC-AUC: 0.6985 - Val PR-AUC: 0.3419
[Fine-tune] Epoch 36/50 - Loss: 0.4905 - Val F1: 0.2590 - Val ROC-AUC: 0.6774 - Val PR-AUC: 0.2917
[Fine-tune] Epoch 37/50 - Loss: 0.4947 - Val F1: 0.2329 - Val ROC-AUC: 0.6725 - Val PR-AUC: 0.2958
[Fine-tune] Epoch 38/50 - Loss: 0.4846 - Val F1: 0.2778 - Val ROC-AUC: 0.6848 - Val PR-AUC: 0.3187
[Fine-tune] Epoch 39/50 - Loss: 0.4927 - Val F1: 0.2923 - Val ROC-AUC: 0.6867 - Val PR-AUC: 0.3308
[Fine-tune] Epoch 40/50 - Loss: 0.4921 - Val F1: 0.2517 - Val ROC-AUC: 0.6842 - Val PR-AUC: 0.3108
[Fine-tune] Epoch 41/50 - Loss: 0.4997 - Val F1: 0.2535 - Val ROC-AUC: 0.6827 - Val PR-AUC: 0.3139
[Fine-tune] Epoch 42/50 - Loss: 0.4849 - Val F1: 0.2553 - Val ROC-AUC: 0.6817 - Val PR-AUC: 0.3089
[Fine-tune] Epoch 43/50 - Loss: 0.5009 - Val F1: 0.2774 - Val ROC-AUC: 0.6977 - Val PR-AUC: 0.3439
[Fine-tune] Epoch 44/50 - Loss: 0.4755 - Val F1: 0.2628 - Val ROC-AUC: 0.6875 - Val PR-AUC: 0.3234
[Fine-tune] Epoch 45/50 - Loss: 0.4879 - Val F1: 0.2533 - Val ROC-AUC: 0.6806 - Val PR-AUC: 0.3173
[Fine-tune] Epoch 46/50 - Loss: 0.5001 - Val F1: 0.2466 - Val ROC-AUC: 0.6872 - Val PR-AUC: 0.3146
[Fine-tune] Epoch 47/50 - Loss: 0.4825 - Val F1: 0.2774 - Val ROC-AUC: 0.6856 - Val PR-AUC: 0.3106
[Fine-tune] Epoch 48/50 - Loss: 0.4949 - Val F1: 0.2595 - Val ROC-AUC: 0.6768 - Val PR-AUC: 0.3049
[Fine-tune] Epoch 49/50 - Loss: 0.4946 - Val F1: 0.2817 - Val ROC-AUC: 0.6927 - Val PR-AUC: 0.3148
[Fine-tune] Epoch 50/50 - Loss: 0.4823 - Val F1: 0.2901 - Val ROC-AUC: 0.6821 - Val PR-AUC: 0.3022
Finetuning completed. Test F1: 0.3158, ROC-AUC: 0.6991, PR-AUC: 0.2482
[3.1/4] Target-only training on ACEA_ER_80hr using GCN...
  * Target-only 모델 이미 존재: model_save/targetonly/gcn/TargetOnly_ACEA_ER_80hr_gcn.pth
  * Target-only 생략, 저장된 모델로 평가만 진행
=== Target-only TEST performance ===
Test F1: 0.2963, ROC-AUC: 0.7128, PR-AUC: 0.2629
✅ 실험 완료: TOX21_ERb_BLA_Agonist_viability -> ACEA_ER_80hr [GCN]
