[1/4] Excel → CSV 변환 중...
Saved pretrain CSV for TOX21_ERa_LUC_VM7_Agonist: data/sample/TOX21_ERa_LUC_VM7_Agonist.csv
Saved pretrain CSV for TOX21_ERb_BLA_Agonist_viability: data/sample/TOX21_ERb_BLA_Agonist_viability.csv
Saved pretrain CSV for TOX21_ERa_LUC_VM7_Agonist_10nM_ICI182780_viability: data/sample/TOX21_ERa_LUC_VM7_Agonist_10nM_ICI182780_viability.csv
Saved pretrain CSV for TOX21_ERR_LUC_viability: data/sample/TOX21_ERR_LUC_viability.csv
Saved finetune CSV for ATG_ERE_CIS: data/sample/ATG_ERE_CIS.csv
Saved finetune CSV for ATG_ERa_TRANS: data/sample/ATG_ERa_TRANS.csv
Saved finetune CSV for ACEA_ER_80hr: data/sample/ACEA_ER_80hr.csv
Saved finetune CSV for OT_ER_ERaERa_1440: data/sample/OT_ER_ERaERa_1440.csv
Saved finetune CSV for OT_ER_ERaERb_1440: data/sample/OT_ER_ERaERb_1440.csv
Saved finetune CSV for OT_ER_ERbERb_1440: data/sample/OT_ER_ERbERb_1440.csv
Saved finetune CSV for NVS_NR_hER: data/sample/NVS_NR_hER.csv
[2/4] Pretraining on TOX21_ERa_LUC_VM7_Agonist using GIN...
  * Pretrained model already exists at model_save/pretrained/gin/Pretrained_TOX21_ERa_LUC_VM7_Agonist_gin.pth, loading...
[3/4] Finetuning on ATG_ERa_TRANS using GIN...
[Fine-tune] Epoch 1/50 - Loss: 0.5805 - Val F1: 0.5185 - Val ROC-AUC: 0.7881 - Val PR-AUC: 0.5327
[Fine-tune] Epoch 2/50 - Loss: 0.5546 - Val F1: 0.5333 - Val ROC-AUC: 0.7896 - Val PR-AUC: 0.5659
[Fine-tune] Epoch 3/50 - Loss: 0.4919 - Val F1: 0.5025 - Val ROC-AUC: 0.7782 - Val PR-AUC: 0.5426
[Fine-tune] Epoch 4/50 - Loss: 0.4995 - Val F1: 0.4766 - Val ROC-AUC: 0.7593 - Val PR-AUC: 0.4851
[Fine-tune] Epoch 5/50 - Loss: 0.4572 - Val F1: 0.5155 - Val ROC-AUC: 0.7660 - Val PR-AUC: 0.5245
[Fine-tune] Epoch 6/50 - Loss: 0.4605 - Val F1: 0.5178 - Val ROC-AUC: 0.7732 - Val PR-AUC: 0.5050
[Fine-tune] Epoch 7/50 - Loss: 0.4629 - Val F1: 0.5217 - Val ROC-AUC: 0.7578 - Val PR-AUC: 0.4826
[Fine-tune] Epoch 8/50 - Loss: 0.4449 - Val F1: 0.4953 - Val ROC-AUC: 0.7573 - Val PR-AUC: 0.5311
[Fine-tune] Epoch 9/50 - Loss: 0.4278 - Val F1: 0.5109 - Val ROC-AUC: 0.7480 - Val PR-AUC: 0.4777
[Fine-tune] Epoch 10/50 - Loss: 0.4143 - Val F1: 0.5556 - Val ROC-AUC: 0.7563 - Val PR-AUC: 0.5255
[Fine-tune] Epoch 11/50 - Loss: 0.4374 - Val F1: 0.4762 - Val ROC-AUC: 0.7566 - Val PR-AUC: 0.5141
[Fine-tune] Epoch 12/50 - Loss: 0.3979 - Val F1: 0.5697 - Val ROC-AUC: 0.7719 - Val PR-AUC: 0.4928
[Fine-tune] Epoch 13/50 - Loss: 0.3880 - Val F1: 0.4920 - Val ROC-AUC: 0.7645 - Val PR-AUC: 0.5088
[Fine-tune] Epoch 14/50 - Loss: 0.3907 - Val F1: 0.5369 - Val ROC-AUC: 0.7622 - Val PR-AUC: 0.5112
[Fine-tune] Epoch 15/50 - Loss: 0.3950 - Val F1: 0.5000 - Val ROC-AUC: 0.7545 - Val PR-AUC: 0.4820
[Fine-tune] Epoch 16/50 - Loss: 0.3842 - Val F1: 0.5193 - Val ROC-AUC: 0.7678 - Val PR-AUC: 0.5139
[Fine-tune] Epoch 17/50 - Loss: 0.3686 - Val F1: 0.5444 - Val ROC-AUC: 0.7550 - Val PR-AUC: 0.5243
[Fine-tune] Epoch 18/50 - Loss: 0.3629 - Val F1: 0.5116 - Val ROC-AUC: 0.7434 - Val PR-AUC: 0.5010
[Fine-tune] Epoch 19/50 - Loss: 0.3641 - Val F1: 0.5157 - Val ROC-AUC: 0.7376 - Val PR-AUC: 0.4881
[Fine-tune] Epoch 20/50 - Loss: 0.3613 - Val F1: 0.5276 - Val ROC-AUC: 0.7625 - Val PR-AUC: 0.5045
[Fine-tune] Epoch 21/50 - Loss: 0.3239 - Val F1: 0.5202 - Val ROC-AUC: 0.7418 - Val PR-AUC: 0.4799
[Fine-tune] Epoch 22/50 - Loss: 0.3269 - Val F1: 0.5029 - Val ROC-AUC: 0.7452 - Val PR-AUC: 0.4685
[Fine-tune] Epoch 23/50 - Loss: 0.3237 - Val F1: 0.5389 - Val ROC-AUC: 0.7496 - Val PR-AUC: 0.5007
[Fine-tune] Epoch 24/50 - Loss: 0.3160 - Val F1: 0.4940 - Val ROC-AUC: 0.7442 - Val PR-AUC: 0.5031
[Fine-tune] Epoch 25/50 - Loss: 0.3126 - Val F1: 0.5244 - Val ROC-AUC: 0.7468 - Val PR-AUC: 0.4952
[Fine-tune] Epoch 26/50 - Loss: 0.3242 - Val F1: 0.5366 - Val ROC-AUC: 0.7447 - Val PR-AUC: 0.5128
[Fine-tune] Epoch 27/50 - Loss: 0.3103 - Val F1: 0.5366 - Val ROC-AUC: 0.7440 - Val PR-AUC: 0.4798
[Fine-tune] Epoch 28/50 - Loss: 0.3242 - Val F1: 0.5294 - Val ROC-AUC: 0.7435 - Val PR-AUC: 0.4915
[Fine-tune] Epoch 29/50 - Loss: 0.3137 - Val F1: 0.4908 - Val ROC-AUC: 0.7302 - Val PR-AUC: 0.4814
[Fine-tune] Epoch 30/50 - Loss: 0.3095 - Val F1: 0.4903 - Val ROC-AUC: 0.7212 - Val PR-AUC: 0.4756
[Fine-tune] Epoch 31/50 - Loss: 0.3080 - Val F1: 0.5096 - Val ROC-AUC: 0.7353 - Val PR-AUC: 0.4787
[Fine-tune] Epoch 32/50 - Loss: 0.2915 - Val F1: 0.5093 - Val ROC-AUC: 0.7424 - Val PR-AUC: 0.4798
[Fine-tune] Epoch 33/50 - Loss: 0.2951 - Val F1: 0.4941 - Val ROC-AUC: 0.7323 - Val PR-AUC: 0.4779
[Fine-tune] Epoch 34/50 - Loss: 0.2981 - Val F1: 0.5342 - Val ROC-AUC: 0.7337 - Val PR-AUC: 0.4714
[Fine-tune] Epoch 35/50 - Loss: 0.2841 - Val F1: 0.5366 - Val ROC-AUC: 0.7328 - Val PR-AUC: 0.4659
[Fine-tune] Epoch 36/50 - Loss: 0.2900 - Val F1: 0.5207 - Val ROC-AUC: 0.7348 - Val PR-AUC: 0.4829
[Fine-tune] Epoch 37/50 - Loss: 0.2823 - Val F1: 0.5000 - Val ROC-AUC: 0.7291 - Val PR-AUC: 0.4780
[Fine-tune] Epoch 38/50 - Loss: 0.2995 - Val F1: 0.5443 - Val ROC-AUC: 0.7331 - Val PR-AUC: 0.4987
[Fine-tune] Epoch 39/50 - Loss: 0.2726 - Val F1: 0.5333 - Val ROC-AUC: 0.7391 - Val PR-AUC: 0.4992
[Fine-tune] Epoch 40/50 - Loss: 0.2757 - Val F1: 0.5132 - Val ROC-AUC: 0.7355 - Val PR-AUC: 0.4855
[Fine-tune] Epoch 41/50 - Loss: 0.2825 - Val F1: 0.5276 - Val ROC-AUC: 0.7335 - Val PR-AUC: 0.4806
[Fine-tune] Epoch 42/50 - Loss: 0.2739 - Val F1: 0.5342 - Val ROC-AUC: 0.7410 - Val PR-AUC: 0.4952
[Fine-tune] Epoch 43/50 - Loss: 0.2852 - Val F1: 0.5229 - Val ROC-AUC: 0.7302 - Val PR-AUC: 0.4772
[Fine-tune] Epoch 44/50 - Loss: 0.2680 - Val F1: 0.5298 - Val ROC-AUC: 0.7289 - Val PR-AUC: 0.4717
[Fine-tune] Epoch 45/50 - Loss: 0.2714 - Val F1: 0.5263 - Val ROC-AUC: 0.7259 - Val PR-AUC: 0.4796
[Fine-tune] Epoch 46/50 - Loss: 0.2791 - Val F1: 0.5250 - Val ROC-AUC: 0.7330 - Val PR-AUC: 0.4815
[Fine-tune] Epoch 47/50 - Loss: 0.2745 - Val F1: 0.5325 - Val ROC-AUC: 0.7347 - Val PR-AUC: 0.4773
[Fine-tune] Epoch 48/50 - Loss: 0.2838 - Val F1: 0.5229 - Val ROC-AUC: 0.7318 - Val PR-AUC: 0.4938
[Fine-tune] Epoch 49/50 - Loss: 0.2887 - Val F1: 0.5059 - Val ROC-AUC: 0.7321 - Val PR-AUC: 0.4868
[Fine-tune] Epoch 50/50 - Loss: 0.2833 - Val F1: 0.5333 - Val ROC-AUC: 0.7337 - Val PR-AUC: 0.4817
Finetuning completed. Test F1: 0.4795, ROC-AUC: 0.7341, PR-AUC: 0.4628
[3.1/4] Target-only training on ATG_ERa_TRANS using GIN...
=== Target-only training ===
[Target-only] Epoch 1/50 – Loss: 0.6137  Val F1: 0.4370  ROC-AUC: 0.7258  PR-AUC: 0.4254
[Target-only] Epoch 2/50 – Loss: 0.5904  Val F1: 0.4898  ROC-AUC: 0.7640  PR-AUC: 0.4547
[Target-only] Epoch 3/50 – Loss: 0.5768  Val F1: 0.4734  ROC-AUC: 0.7448  PR-AUC: 0.4323
[Target-only] Epoch 4/50 – Loss: 0.5421  Val F1: 0.4398  ROC-AUC: 0.7347  PR-AUC: 0.4511
[Target-only] Epoch 5/50 – Loss: 0.5405  Val F1: 0.4941  ROC-AUC: 0.7362  PR-AUC: 0.4473
[Target-only] Epoch 6/50 – Loss: 0.5268  Val F1: 0.5000  ROC-AUC: 0.7484  PR-AUC: 0.4837
[Target-only] Epoch 7/50 – Loss: 0.5359  Val F1: 0.4724  ROC-AUC: 0.7405  PR-AUC: 0.4650
[Target-only] Epoch 8/50 – Loss: 0.5178  Val F1: 0.4279  ROC-AUC: 0.7294  PR-AUC: 0.4487
[Target-only] Epoch 9/50 – Loss: 0.5139  Val F1: 0.4943  ROC-AUC: 0.7476  PR-AUC: 0.4931
[Target-only] Epoch 10/50 – Loss: 0.5037  Val F1: 0.4574  ROC-AUC: 0.7444  PR-AUC: 0.4436
[Target-only] Epoch 11/50 – Loss: 0.4960  Val F1: 0.4845  ROC-AUC: 0.7388  PR-AUC: 0.4627
[Target-only] Epoch 12/50 – Loss: 0.4800  Val F1: 0.5079  ROC-AUC: 0.7335  PR-AUC: 0.4606
[Target-only] Epoch 13/50 – Loss: 0.4797  Val F1: 0.4817  ROC-AUC: 0.7294  PR-AUC: 0.4550
[Target-only] Epoch 14/50 – Loss: 0.4668  Val F1: 0.4896  ROC-AUC: 0.7409  PR-AUC: 0.4579
[Target-only] Epoch 15/50 – Loss: 0.4591  Val F1: 0.5222  ROC-AUC: 0.7590  PR-AUC: 0.5008
[Target-only] Epoch 16/50 – Loss: 0.4686  Val F1: 0.5402  ROC-AUC: 0.7456  PR-AUC: 0.5034
[Target-only] Epoch 17/50 – Loss: 0.4275  Val F1: 0.4970  ROC-AUC: 0.7478  PR-AUC: 0.4661
[Target-only] Epoch 18/50 – Loss: 0.4288  Val F1: 0.4943  ROC-AUC: 0.7488  PR-AUC: 0.4598
[Target-only] Epoch 19/50 – Loss: 0.4477  Val F1: 0.4747  ROC-AUC: 0.7422  PR-AUC: 0.4622
[Target-only] Epoch 20/50 – Loss: 0.4388  Val F1: 0.4694  ROC-AUC: 0.7276  PR-AUC: 0.4677
[Target-only] Epoch 21/50 – Loss: 0.4290  Val F1: 0.5229  ROC-AUC: 0.7313  PR-AUC: 0.4345
[Target-only] Epoch 22/50 – Loss: 0.4136  Val F1: 0.4731  ROC-AUC: 0.7355  PR-AUC: 0.4730
[Target-only] Epoch 23/50 – Loss: 0.3853  Val F1: 0.4751  ROC-AUC: 0.7345  PR-AUC: 0.5045
[Target-only] Epoch 24/50 – Loss: 0.3944  Val F1: 0.4700  ROC-AUC: 0.7478  PR-AUC: 0.5010
[Target-only] Epoch 25/50 – Loss: 0.3985  Val F1: 0.4783  ROC-AUC: 0.7411  PR-AUC: 0.4752
[Target-only] Epoch 26/50 – Loss: 0.4045  Val F1: 0.5054  ROC-AUC: 0.7484  PR-AUC: 0.5034
[Target-only] Epoch 27/50 – Loss: 0.3960  Val F1: 0.5116  ROC-AUC: 0.7389  PR-AUC: 0.4833
[Target-only] Epoch 28/50 – Loss: 0.3852  Val F1: 0.5030  ROC-AUC: 0.7416  PR-AUC: 0.4772
[Target-only] Epoch 29/50 – Loss: 0.3889  Val F1: 0.4848  ROC-AUC: 0.7125  PR-AUC: 0.4466
[Target-only] Epoch 30/50 – Loss: 0.3682  Val F1: 0.5000  ROC-AUC: 0.7397  PR-AUC: 0.4944
[Target-only] Epoch 31/50 – Loss: 0.3786  Val F1: 0.4910  ROC-AUC: 0.7314  PR-AUC: 0.4758
[Target-only] Epoch 32/50 – Loss: 0.3617  Val F1: 0.4767  ROC-AUC: 0.7276  PR-AUC: 0.4806
[Target-only] Epoch 33/50 – Loss: 0.3597  Val F1: 0.4719  ROC-AUC: 0.7261  PR-AUC: 0.4708
[Target-only] Epoch 34/50 – Loss: 0.3606  Val F1: 0.4804  ROC-AUC: 0.7287  PR-AUC: 0.4635
[Target-only] Epoch 35/50 – Loss: 0.3590  Val F1: 0.5062  ROC-AUC: 0.7220  PR-AUC: 0.4655
[Target-only] Epoch 36/50 – Loss: 0.3446  Val F1: 0.4800  ROC-AUC: 0.7163  PR-AUC: 0.4752
[Target-only] Epoch 37/50 – Loss: 0.3396  Val F1: 0.5119  ROC-AUC: 0.7308  PR-AUC: 0.4902
[Target-only] Epoch 38/50 – Loss: 0.3416  Val F1: 0.5181  ROC-AUC: 0.7249  PR-AUC: 0.4844
[Target-only] Epoch 39/50 – Loss: 0.3390  Val F1: 0.4581  ROC-AUC: 0.7161  PR-AUC: 0.4610
[Target-only] Epoch 40/50 – Loss: 0.3529  Val F1: 0.4886  ROC-AUC: 0.7138  PR-AUC: 0.4590
[Target-only] Epoch 41/50 – Loss: 0.3281  Val F1: 0.4940  ROC-AUC: 0.7186  PR-AUC: 0.4720
[Target-only] Epoch 42/50 – Loss: 0.3408  Val F1: 0.4859  ROC-AUC: 0.7171  PR-AUC: 0.4578
[Target-only] Epoch 43/50 – Loss: 0.3452  Val F1: 0.4800  ROC-AUC: 0.7131  PR-AUC: 0.4589
[Target-only] Epoch 44/50 – Loss: 0.3506  Val F1: 0.4884  ROC-AUC: 0.7185  PR-AUC: 0.4687
[Target-only] Epoch 45/50 – Loss: 0.3546  Val F1: 0.4686  ROC-AUC: 0.7140  PR-AUC: 0.4632
[Target-only] Epoch 46/50 – Loss: 0.3331  Val F1: 0.4810  ROC-AUC: 0.7085  PR-AUC: 0.4574
[Target-only] Epoch 47/50 – Loss: 0.3192  Val F1: 0.4795  ROC-AUC: 0.7155  PR-AUC: 0.4614
[Target-only] Epoch 48/50 – Loss: 0.3262  Val F1: 0.4615  ROC-AUC: 0.7092  PR-AUC: 0.4584
[Target-only] Epoch 49/50 – Loss: 0.3537  Val F1: 0.4615  ROC-AUC: 0.7050  PR-AUC: 0.4530
[Target-only] Epoch 50/50 – Loss: 0.3299  Val F1: 0.4750  ROC-AUC: 0.7149  PR-AUC: 0.4688
=== Target-only TEST performance ===
Test F1: 0.4649, ROC-AUC: 0.7264, PR-AUC: 0.4372
✅ 실험 완료: TOX21_ERa_LUC_VM7_Agonist -> ATG_ERa_TRANS [GIN]
