[1/4] Excel → CSV 변환 중...
Saved pretrain CSV for TOX21_ERa_LUC_VM7_Agonist: data/sample/TOX21_ERa_LUC_VM7_Agonist.csv
Saved pretrain CSV for TOX21_ERb_BLA_Agonist_viability: data/sample/TOX21_ERb_BLA_Agonist_viability.csv
Saved pretrain CSV for TOX21_ERa_LUC_VM7_Agonist_10nM_ICI182780_viability: data/sample/TOX21_ERa_LUC_VM7_Agonist_10nM_ICI182780_viability.csv
Saved pretrain CSV for TOX21_ERR_LUC_viability: data/sample/TOX21_ERR_LUC_viability.csv
Saved finetune CSV for ATG_ERE_CIS: data/sample/ATG_ERE_CIS.csv
Saved finetune CSV for ATG_ERa_TRANS: data/sample/ATG_ERa_TRANS.csv
Saved finetune CSV for ACEA_ER_80hr: data/sample/ACEA_ER_80hr.csv
Saved finetune CSV for OT_ER_ERaERa_1440: data/sample/OT_ER_ERaERa_1440.csv
Saved finetune CSV for OT_ER_ERaERb_1440: data/sample/OT_ER_ERaERb_1440.csv
Saved finetune CSV for OT_ER_ERbERb_1440: data/sample/OT_ER_ERbERb_1440.csv
Saved finetune CSV for NVS_NR_hER: data/sample/NVS_NR_hER.csv
[2/4] Pretraining on TOX21_ERb_BLA_Agonist_viability using GIN_GAT...
  * Pretrained model already exists at model_save/pretrained/gin_gat/Pretrained_TOX21_ERb_BLA_Agonist_viability_gin_gat.pth, loading...
[3/4] Finetuning on ACEA_ER_80hr using GIN_GAT...
[Fine-tune] Epoch 1/50 - Loss: 0.7387 - Val F1: 0.2514 - Val ROC-AUC: 0.7135 - Val PR-AUC: 0.2777
[Fine-tune] Epoch 2/50 - Loss: 0.5804 - Val F1: 0.3053 - Val ROC-AUC: 0.7117 - Val PR-AUC: 0.2818
[Fine-tune] Epoch 3/50 - Loss: 0.5355 - Val F1: 0.2317 - Val ROC-AUC: 0.6915 - Val PR-AUC: 0.2633
[Fine-tune] Epoch 4/50 - Loss: 0.4879 - Val F1: 0.2303 - Val ROC-AUC: 0.6834 - Val PR-AUC: 0.2722
[Fine-tune] Epoch 5/50 - Loss: 0.4900 - Val F1: 0.2676 - Val ROC-AUC: 0.7219 - Val PR-AUC: 0.3520
[Fine-tune] Epoch 6/50 - Loss: 0.4527 - Val F1: 0.3111 - Val ROC-AUC: 0.7214 - Val PR-AUC: 0.3214
[Fine-tune] Epoch 7/50 - Loss: 0.4378 - Val F1: 0.2655 - Val ROC-AUC: 0.6856 - Val PR-AUC: 0.2902
[Fine-tune] Epoch 8/50 - Loss: 0.4112 - Val F1: 0.2523 - Val ROC-AUC: 0.6817 - Val PR-AUC: 0.2501
[Fine-tune] Epoch 9/50 - Loss: 0.4106 - Val F1: 0.2759 - Val ROC-AUC: 0.7517 - Val PR-AUC: 0.3170
[Fine-tune] Epoch 10/50 - Loss: 0.3952 - Val F1: 0.2394 - Val ROC-AUC: 0.6702 - Val PR-AUC: 0.2101
[Fine-tune] Epoch 11/50 - Loss: 0.3587 - Val F1: 0.2963 - Val ROC-AUC: 0.7333 - Val PR-AUC: 0.2918
[Fine-tune] Epoch 12/50 - Loss: 0.3314 - Val F1: 0.2734 - Val ROC-AUC: 0.7342 - Val PR-AUC: 0.3492
[Fine-tune] Epoch 13/50 - Loss: 0.3317 - Val F1: 0.3226 - Val ROC-AUC: 0.7413 - Val PR-AUC: 0.3414
[Fine-tune] Epoch 14/50 - Loss: 0.2927 - Val F1: 0.2718 - Val ROC-AUC: 0.7090 - Val PR-AUC: 0.3352
[Fine-tune] Epoch 15/50 - Loss: 0.3084 - Val F1: 0.2857 - Val ROC-AUC: 0.7268 - Val PR-AUC: 0.3438
[Fine-tune] Epoch 16/50 - Loss: 0.2773 - Val F1: 0.3226 - Val ROC-AUC: 0.7079 - Val PR-AUC: 0.3145
[Fine-tune] Epoch 17/50 - Loss: 0.2775 - Val F1: 0.3297 - Val ROC-AUC: 0.7085 - Val PR-AUC: 0.2739
[Fine-tune] Epoch 18/50 - Loss: 0.2925 - Val F1: 0.2857 - Val ROC-AUC: 0.7052 - Val PR-AUC: 0.3217
[Fine-tune] Epoch 19/50 - Loss: 0.2471 - Val F1: 0.3297 - Val ROC-AUC: 0.6972 - Val PR-AUC: 0.3444
[Fine-tune] Epoch 20/50 - Loss: 0.2807 - Val F1: 0.3371 - Val ROC-AUC: 0.7098 - Val PR-AUC: 0.3709
[Fine-tune] Epoch 21/50 - Loss: 0.2235 - Val F1: 0.3043 - Val ROC-AUC: 0.7008 - Val PR-AUC: 0.2790
[Fine-tune] Epoch 22/50 - Loss: 0.2329 - Val F1: 0.3125 - Val ROC-AUC: 0.6987 - Val PR-AUC: 0.3252
[Fine-tune] Epoch 23/50 - Loss: 0.2201 - Val F1: 0.3043 - Val ROC-AUC: 0.6898 - Val PR-AUC: 0.2888
[Fine-tune] Epoch 24/50 - Loss: 0.2158 - Val F1: 0.3030 - Val ROC-AUC: 0.7015 - Val PR-AUC: 0.2943
[Fine-tune] Epoch 25/50 - Loss: 0.2184 - Val F1: 0.2826 - Val ROC-AUC: 0.6921 - Val PR-AUC: 0.2838
[Fine-tune] Epoch 26/50 - Loss: 0.2185 - Val F1: 0.2752 - Val ROC-AUC: 0.7053 - Val PR-AUC: 0.2954
[Fine-tune] Epoch 27/50 - Loss: 0.2014 - Val F1: 0.2759 - Val ROC-AUC: 0.6956 - Val PR-AUC: 0.3098
[Fine-tune] Epoch 28/50 - Loss: 0.1922 - Val F1: 0.2973 - Val ROC-AUC: 0.7020 - Val PR-AUC: 0.3013
[Fine-tune] Epoch 29/50 - Loss: 0.2089 - Val F1: 0.3415 - Val ROC-AUC: 0.7196 - Val PR-AUC: 0.3185
[Fine-tune] Epoch 30/50 - Loss: 0.2096 - Val F1: 0.3256 - Val ROC-AUC: 0.6865 - Val PR-AUC: 0.2992
[Fine-tune] Epoch 31/50 - Loss: 0.1880 - Val F1: 0.2824 - Val ROC-AUC: 0.6873 - Val PR-AUC: 0.3062
[Fine-tune] Epoch 32/50 - Loss: 0.1700 - Val F1: 0.3043 - Val ROC-AUC: 0.6959 - Val PR-AUC: 0.2905
[Fine-tune] Epoch 33/50 - Loss: 0.1782 - Val F1: 0.2750 - Val ROC-AUC: 0.6791 - Val PR-AUC: 0.2906
[Fine-tune] Epoch 34/50 - Loss: 0.1771 - Val F1: 0.3023 - Val ROC-AUC: 0.6889 - Val PR-AUC: 0.2733
[Fine-tune] Epoch 35/50 - Loss: 0.1729 - Val F1: 0.3077 - Val ROC-AUC: 0.6959 - Val PR-AUC: 0.2864
[Fine-tune] Epoch 36/50 - Loss: 0.1606 - Val F1: 0.2857 - Val ROC-AUC: 0.6964 - Val PR-AUC: 0.2908
[Fine-tune] Epoch 37/50 - Loss: 0.1653 - Val F1: 0.2889 - Val ROC-AUC: 0.6959 - Val PR-AUC: 0.3019
[Fine-tune] Epoch 38/50 - Loss: 0.1735 - Val F1: 0.3291 - Val ROC-AUC: 0.7016 - Val PR-AUC: 0.2997
[Fine-tune] Epoch 39/50 - Loss: 0.1721 - Val F1: 0.3171 - Val ROC-AUC: 0.6965 - Val PR-AUC: 0.2906
[Fine-tune] Epoch 40/50 - Loss: 0.1573 - Val F1: 0.2955 - Val ROC-AUC: 0.6993 - Val PR-AUC: 0.3027
[Fine-tune] Epoch 41/50 - Loss: 0.1653 - Val F1: 0.2963 - Val ROC-AUC: 0.6904 - Val PR-AUC: 0.2652
[Fine-tune] Epoch 42/50 - Loss: 0.1407 - Val F1: 0.3038 - Val ROC-AUC: 0.6983 - Val PR-AUC: 0.2987
[Fine-tune] Epoch 43/50 - Loss: 0.1496 - Val F1: 0.2651 - Val ROC-AUC: 0.6966 - Val PR-AUC: 0.2988
[Fine-tune] Epoch 44/50 - Loss: 0.1581 - Val F1: 0.2927 - Val ROC-AUC: 0.6987 - Val PR-AUC: 0.3104
[Fine-tune] Epoch 45/50 - Loss: 0.1551 - Val F1: 0.2963 - Val ROC-AUC: 0.7029 - Val PR-AUC: 0.3023
[Fine-tune] Epoch 46/50 - Loss: 0.1429 - Val F1: 0.2791 - Val ROC-AUC: 0.7000 - Val PR-AUC: 0.3017
[Fine-tune] Epoch 47/50 - Loss: 0.1453 - Val F1: 0.2963 - Val ROC-AUC: 0.7057 - Val PR-AUC: 0.3085
[Fine-tune] Epoch 48/50 - Loss: 0.1513 - Val F1: 0.2750 - Val ROC-AUC: 0.7053 - Val PR-AUC: 0.3015
[Fine-tune] Epoch 49/50 - Loss: 0.1386 - Val F1: 0.2558 - Val ROC-AUC: 0.7069 - Val PR-AUC: 0.2969
[Fine-tune] Epoch 50/50 - Loss: 0.1599 - Val F1: 0.2857 - Val ROC-AUC: 0.7124 - Val PR-AUC: 0.3280
Finetuning completed. Test F1: 0.2105, ROC-AUC: 0.6604, PR-AUC: 0.1736
[3.1/4] Target-only training on ACEA_ER_80hr using GIN_GAT...
  * Target-only 모델 이미 존재: model_save/targetonly/gin_gat/TargetOnly_ACEA_ER_80hr_gin_gat.pth
  * Target-only 생략, 저장된 모델로 평가만 진행
=== Target-only TEST performance ===
Test F1: 0.2597, ROC-AUC: 0.6866, PR-AUC: 0.2532
✅ 실험 완료: TOX21_ERb_BLA_Agonist_viability -> ACEA_ER_80hr [GIN_GAT]
