[1/4] Excel → CSV 변환 중...
Saved pretrain CSV for TOX21_ERa_LUC_VM7_Agonist: data/sample/TOX21_ERa_LUC_VM7_Agonist.csv
Saved pretrain CSV for TOX21_ERb_BLA_Agonist_viability: data/sample/TOX21_ERb_BLA_Agonist_viability.csv
Saved pretrain CSV for TOX21_ERa_LUC_VM7_Agonist_10nM_ICI182780_viability: data/sample/TOX21_ERa_LUC_VM7_Agonist_10nM_ICI182780_viability.csv
Saved pretrain CSV for TOX21_ERR_LUC_viability: data/sample/TOX21_ERR_LUC_viability.csv
Saved finetune CSV for ATG_ERE_CIS: data/sample/ATG_ERE_CIS.csv
Saved finetune CSV for ATG_ERa_TRANS: data/sample/ATG_ERa_TRANS.csv
Saved finetune CSV for ACEA_ER_80hr: data/sample/ACEA_ER_80hr.csv
Saved finetune CSV for OT_ER_ERaERa_1440: data/sample/OT_ER_ERaERa_1440.csv
Saved finetune CSV for OT_ER_ERaERb_1440: data/sample/OT_ER_ERaERb_1440.csv
Saved finetune CSV for OT_ER_ERbERb_1440: data/sample/OT_ER_ERbERb_1440.csv
Saved finetune CSV for NVS_NR_hER: data/sample/NVS_NR_hER.csv
[2/4] Pretraining on TOX21_ERR_LUC_viability using GIN...
  * Pretrained model already exists at model_save/pretrained/gin/Pretrained_TOX21_ERR_LUC_viability_gin.pth, loading...
[3/4] Finetuning on ACEA_ER_80hr using GIN...
[Fine-tune] Epoch 1/50 - Loss: 0.7306 - Val F1: 0.2378 - Val ROC-AUC: 0.6283 - Val PR-AUC: 0.2538
[Fine-tune] Epoch 2/50 - Loss: 0.5528 - Val F1: 0.2393 - Val ROC-AUC: 0.6497 - Val PR-AUC: 0.2522
[Fine-tune] Epoch 3/50 - Loss: 0.5438 - Val F1: 0.1905 - Val ROC-AUC: 0.6482 - Val PR-AUC: 0.2265
[Fine-tune] Epoch 4/50 - Loss: 0.5091 - Val F1: 0.2569 - Val ROC-AUC: 0.6694 - Val PR-AUC: 0.3098
[Fine-tune] Epoch 5/50 - Loss: 0.4886 - Val F1: 0.2151 - Val ROC-AUC: 0.6785 - Val PR-AUC: 0.2876
[Fine-tune] Epoch 6/50 - Loss: 0.4804 - Val F1: 0.2128 - Val ROC-AUC: 0.6562 - Val PR-AUC: 0.2805
[Fine-tune] Epoch 7/50 - Loss: 0.4476 - Val F1: 0.2735 - Val ROC-AUC: 0.7129 - Val PR-AUC: 0.3307
[Fine-tune] Epoch 8/50 - Loss: 0.4538 - Val F1: 0.2632 - Val ROC-AUC: 0.6898 - Val PR-AUC: 0.3166
[Fine-tune] Epoch 9/50 - Loss: 0.4211 - Val F1: 0.2712 - Val ROC-AUC: 0.6838 - Val PR-AUC: 0.2732
[Fine-tune] Epoch 10/50 - Loss: 0.4213 - Val F1: 0.2416 - Val ROC-AUC: 0.6809 - Val PR-AUC: 0.2518
[Fine-tune] Epoch 11/50 - Loss: 0.3882 - Val F1: 0.2576 - Val ROC-AUC: 0.6917 - Val PR-AUC: 0.3068
[Fine-tune] Epoch 12/50 - Loss: 0.3471 - Val F1: 0.2772 - Val ROC-AUC: 0.6958 - Val PR-AUC: 0.3190
[Fine-tune] Epoch 13/50 - Loss: 0.3569 - Val F1: 0.2478 - Val ROC-AUC: 0.6853 - Val PR-AUC: 0.2882
[Fine-tune] Epoch 14/50 - Loss: 0.3656 - Val F1: 0.3000 - Val ROC-AUC: 0.6904 - Val PR-AUC: 0.3174
[Fine-tune] Epoch 15/50 - Loss: 0.3512 - Val F1: 0.2500 - Val ROC-AUC: 0.6994 - Val PR-AUC: 0.3154
[Fine-tune] Epoch 16/50 - Loss: 0.3334 - Val F1: 0.2941 - Val ROC-AUC: 0.6964 - Val PR-AUC: 0.3133
[Fine-tune] Epoch 17/50 - Loss: 0.3302 - Val F1: 0.2909 - Val ROC-AUC: 0.7184 - Val PR-AUC: 0.3277
[Fine-tune] Epoch 18/50 - Loss: 0.3024 - Val F1: 0.3200 - Val ROC-AUC: 0.6943 - Val PR-AUC: 0.2999
[Fine-tune] Epoch 19/50 - Loss: 0.3293 - Val F1: 0.3043 - Val ROC-AUC: 0.7120 - Val PR-AUC: 0.3088
[Fine-tune] Epoch 20/50 - Loss: 0.2900 - Val F1: 0.3025 - Val ROC-AUC: 0.7181 - Val PR-AUC: 0.2750
[Fine-tune] Epoch 21/50 - Loss: 0.2960 - Val F1: 0.3093 - Val ROC-AUC: 0.7079 - Val PR-AUC: 0.2992
[Fine-tune] Epoch 22/50 - Loss: 0.2855 - Val F1: 0.3617 - Val ROC-AUC: 0.7164 - Val PR-AUC: 0.3421
[Fine-tune] Epoch 23/50 - Loss: 0.2727 - Val F1: 0.3261 - Val ROC-AUC: 0.7002 - Val PR-AUC: 0.2973
[Fine-tune] Epoch 24/50 - Loss: 0.2716 - Val F1: 0.2963 - Val ROC-AUC: 0.7129 - Val PR-AUC: 0.3163
[Fine-tune] Epoch 25/50 - Loss: 0.2719 - Val F1: 0.3243 - Val ROC-AUC: 0.7027 - Val PR-AUC: 0.3127
[Fine-tune] Epoch 26/50 - Loss: 0.2691 - Val F1: 0.2991 - Val ROC-AUC: 0.7211 - Val PR-AUC: 0.3228
[Fine-tune] Epoch 27/50 - Loss: 0.2685 - Val F1: 0.3191 - Val ROC-AUC: 0.7183 - Val PR-AUC: 0.3074
[Fine-tune] Epoch 28/50 - Loss: 0.2547 - Val F1: 0.3409 - Val ROC-AUC: 0.7307 - Val PR-AUC: 0.3094
[Fine-tune] Epoch 29/50 - Loss: 0.2515 - Val F1: 0.3125 - Val ROC-AUC: 0.7240 - Val PR-AUC: 0.3148
[Fine-tune] Epoch 30/50 - Loss: 0.2355 - Val F1: 0.3125 - Val ROC-AUC: 0.7137 - Val PR-AUC: 0.3074
[Fine-tune] Epoch 31/50 - Loss: 0.2364 - Val F1: 0.3429 - Val ROC-AUC: 0.7267 - Val PR-AUC: 0.3236
[Fine-tune] Epoch 32/50 - Loss: 0.2285 - Val F1: 0.3107 - Val ROC-AUC: 0.7254 - Val PR-AUC: 0.3112
[Fine-tune] Epoch 33/50 - Loss: 0.2474 - Val F1: 0.3617 - Val ROC-AUC: 0.7257 - Val PR-AUC: 0.3176
[Fine-tune] Epoch 34/50 - Loss: 0.2318 - Val F1: 0.3556 - Val ROC-AUC: 0.7254 - Val PR-AUC: 0.3214
[Fine-tune] Epoch 35/50 - Loss: 0.2264 - Val F1: 0.3596 - Val ROC-AUC: 0.7210 - Val PR-AUC: 0.3321
[Fine-tune] Epoch 36/50 - Loss: 0.2213 - Val F1: 0.3297 - Val ROC-AUC: 0.7312 - Val PR-AUC: 0.3275
[Fine-tune] Epoch 37/50 - Loss: 0.2513 - Val F1: 0.3617 - Val ROC-AUC: 0.7282 - Val PR-AUC: 0.3218
[Fine-tune] Epoch 38/50 - Loss: 0.2341 - Val F1: 0.3765 - Val ROC-AUC: 0.7270 - Val PR-AUC: 0.3341
[Fine-tune] Epoch 39/50 - Loss: 0.2253 - Val F1: 0.3441 - Val ROC-AUC: 0.7218 - Val PR-AUC: 0.3085
[Fine-tune] Epoch 40/50 - Loss: 0.2231 - Val F1: 0.3617 - Val ROC-AUC: 0.7317 - Val PR-AUC: 0.3170
[Fine-tune] Epoch 41/50 - Loss: 0.2193 - Val F1: 0.3765 - Val ROC-AUC: 0.7310 - Val PR-AUC: 0.3379
[Fine-tune] Epoch 42/50 - Loss: 0.2129 - Val F1: 0.3571 - Val ROC-AUC: 0.7276 - Val PR-AUC: 0.3167
[Fine-tune] Epoch 43/50 - Loss: 0.2188 - Val F1: 0.3659 - Val ROC-AUC: 0.7350 - Val PR-AUC: 0.3296
[Fine-tune] Epoch 44/50 - Loss: 0.2157 - Val F1: 0.3409 - Val ROC-AUC: 0.7304 - Val PR-AUC: 0.3346
[Fine-tune] Epoch 45/50 - Loss: 0.2166 - Val F1: 0.3333 - Val ROC-AUC: 0.7309 - Val PR-AUC: 0.3210
[Fine-tune] Epoch 46/50 - Loss: 0.2236 - Val F1: 0.3409 - Val ROC-AUC: 0.7295 - Val PR-AUC: 0.3254
[Fine-tune] Epoch 47/50 - Loss: 0.2060 - Val F1: 0.3488 - Val ROC-AUC: 0.7334 - Val PR-AUC: 0.3251
[Fine-tune] Epoch 48/50 - Loss: 0.1966 - Val F1: 0.3448 - Val ROC-AUC: 0.7299 - Val PR-AUC: 0.3230
[Fine-tune] Epoch 49/50 - Loss: 0.1836 - Val F1: 0.3488 - Val ROC-AUC: 0.7310 - Val PR-AUC: 0.3217
[Fine-tune] Epoch 50/50 - Loss: 0.2047 - Val F1: 0.3404 - Val ROC-AUC: 0.7300 - Val PR-AUC: 0.3301
Finetuning completed. Test F1: 0.2857, ROC-AUC: 0.6694, PR-AUC: 0.2037
[3.1/4] Target-only training on ACEA_ER_80hr using GIN...
  * Target-only 모델 이미 존재: model_save/targetonly/gin/TargetOnly_ACEA_ER_80hr_gin.pth
  * Target-only 생략, 저장된 모델로 평가만 진행
=== Target-only TEST performance ===
Test F1: 0.2989, ROC-AUC: 0.6634, PR-AUC: 0.3303
✅ 실험 완료: TOX21_ERR_LUC_viability -> ACEA_ER_80hr [GIN]
