[1/4] Excel → CSV 변환 중...
Saved pretrain CSV for TOX21_ERa_LUC_VM7_Agonist: data/sample/TOX21_ERa_LUC_VM7_Agonist.csv
Saved pretrain CSV for TOX21_ERb_BLA_Agonist_viability: data/sample/TOX21_ERb_BLA_Agonist_viability.csv
Saved pretrain CSV for TOX21_ERa_LUC_VM7_Agonist_10nM_ICI182780_viability: data/sample/TOX21_ERa_LUC_VM7_Agonist_10nM_ICI182780_viability.csv
Saved pretrain CSV for TOX21_ERR_LUC_viability: data/sample/TOX21_ERR_LUC_viability.csv
Saved finetune CSV for ATG_ERE_CIS: data/sample/ATG_ERE_CIS.csv
[2/4] Pretraining on TOX21_ERa_LUC_VM7_Agonist_10nM_ICI182780_viability using GIN_GAT...
Epoch 1/50 - Loss: 0.5844 - Val F1: 0.2628 - Val ROC-AUC: 0.7579 - Val PR-AUC: 0.2500
Epoch 2/50 - Loss: 0.5155 - Val F1: 0.3211 - Val ROC-AUC: 0.7624 - Val PR-AUC: 0.2553
Epoch 3/50 - Loss: 0.5009 - Val F1: 0.2874 - Val ROC-AUC: 0.7829 - Val PR-AUC: 0.2644
Epoch 4/50 - Loss: 0.4556 - Val F1: 0.2987 - Val ROC-AUC: 0.7987 - Val PR-AUC: 0.3211
Epoch 5/50 - Loss: 0.4373 - Val F1: 0.2867 - Val ROC-AUC: 0.7575 - Val PR-AUC: 0.2759
Epoch 6/50 - Loss: 0.4130 - Val F1: 0.3574 - Val ROC-AUC: 0.8142 - Val PR-AUC: 0.3167
Epoch 7/50 - Loss: 0.4233 - Val F1: 0.3559 - Val ROC-AUC: 0.7952 - Val PR-AUC: 0.3305
Epoch 8/50 - Loss: 0.3970 - Val F1: 0.4053 - Val ROC-AUC: 0.8128 - Val PR-AUC: 0.3282
Epoch 9/50 - Loss: 0.3870 - Val F1: 0.3627 - Val ROC-AUC: 0.7818 - Val PR-AUC: 0.3109
Epoch 10/50 - Loss: 0.3867 - Val F1: 0.3403 - Val ROC-AUC: 0.8106 - Val PR-AUC: 0.3803
Epoch 11/50 - Loss: 0.3435 - Val F1: 0.3714 - Val ROC-AUC: 0.7866 - Val PR-AUC: 0.3159
Epoch 12/50 - Loss: 0.3358 - Val F1: 0.3930 - Val ROC-AUC: 0.8051 - Val PR-AUC: 0.3707
Epoch 13/50 - Loss: 0.3353 - Val F1: 0.3843 - Val ROC-AUC: 0.8105 - Val PR-AUC: 0.3638
Epoch 14/50 - Loss: 0.3291 - Val F1: 0.3960 - Val ROC-AUC: 0.7973 - Val PR-AUC: 0.3451
Epoch 15/50 - Loss: 0.3042 - Val F1: 0.3673 - Val ROC-AUC: 0.7979 - Val PR-AUC: 0.3497
Epoch 16/50 - Loss: 0.3160 - Val F1: 0.3911 - Val ROC-AUC: 0.8180 - Val PR-AUC: 0.3727
Epoch 17/50 - Loss: 0.2887 - Val F1: 0.3529 - Val ROC-AUC: 0.7896 - Val PR-AUC: 0.3698
Epoch 18/50 - Loss: 0.2897 - Val F1: 0.3596 - Val ROC-AUC: 0.8115 - Val PR-AUC: 0.3554
Epoch 19/50 - Loss: 0.2922 - Val F1: 0.3896 - Val ROC-AUC: 0.8187 - Val PR-AUC: 0.3856
Epoch 20/50 - Loss: 0.2969 - Val F1: 0.4126 - Val ROC-AUC: 0.8204 - Val PR-AUC: 0.4405
Epoch 21/50 - Loss: 0.2624 - Val F1: 0.4121 - Val ROC-AUC: 0.8174 - Val PR-AUC: 0.4608
Epoch 22/50 - Loss: 0.2480 - Val F1: 0.4121 - Val ROC-AUC: 0.8115 - Val PR-AUC: 0.4116
Epoch 23/50 - Loss: 0.2428 - Val F1: 0.3723 - Val ROC-AUC: 0.8062 - Val PR-AUC: 0.4347
Epoch 24/50 - Loss: 0.2358 - Val F1: 0.4000 - Val ROC-AUC: 0.8154 - Val PR-AUC: 0.4455
Epoch 25/50 - Loss: 0.2331 - Val F1: 0.4279 - Val ROC-AUC: 0.8159 - Val PR-AUC: 0.4343
Epoch 26/50 - Loss: 0.2365 - Val F1: 0.4316 - Val ROC-AUC: 0.8083 - Val PR-AUC: 0.4371
Epoch 27/50 - Loss: 0.2324 - Val F1: 0.4041 - Val ROC-AUC: 0.8138 - Val PR-AUC: 0.4406
Epoch 28/50 - Loss: 0.2192 - Val F1: 0.4221 - Val ROC-AUC: 0.8168 - Val PR-AUC: 0.4580
Epoch 29/50 - Loss: 0.2134 - Val F1: 0.4121 - Val ROC-AUC: 0.8191 - Val PR-AUC: 0.4243
Epoch 30/50 - Loss: 0.2184 - Val F1: 0.4352 - Val ROC-AUC: 0.8210 - Val PR-AUC: 0.4518
Epoch 31/50 - Loss: 0.1815 - Val F1: 0.4264 - Val ROC-AUC: 0.8222 - Val PR-AUC: 0.4358
Epoch 32/50 - Loss: 0.1912 - Val F1: 0.4343 - Val ROC-AUC: 0.8287 - Val PR-AUC: 0.4624
Epoch 33/50 - Loss: 0.1946 - Val F1: 0.4105 - Val ROC-AUC: 0.8147 - Val PR-AUC: 0.4513
Epoch 34/50 - Loss: 0.1787 - Val F1: 0.4000 - Val ROC-AUC: 0.8172 - Val PR-AUC: 0.4242
Epoch 35/50 - Loss: 0.1839 - Val F1: 0.4410 - Val ROC-AUC: 0.8182 - Val PR-AUC: 0.4467
Epoch 36/50 - Loss: 0.1780 - Val F1: 0.4167 - Val ROC-AUC: 0.8191 - Val PR-AUC: 0.4499
Epoch 37/50 - Loss: 0.1803 - Val F1: 0.4309 - Val ROC-AUC: 0.8214 - Val PR-AUC: 0.4327
Epoch 38/50 - Loss: 0.1754 - Val F1: 0.4444 - Val ROC-AUC: 0.8283 - Val PR-AUC: 0.4567
Epoch 39/50 - Loss: 0.1742 - Val F1: 0.4356 - Val ROC-AUC: 0.8209 - Val PR-AUC: 0.4808
Epoch 40/50 - Loss: 0.1711 - Val F1: 0.4343 - Val ROC-AUC: 0.8299 - Val PR-AUC: 0.4337
Epoch 41/50 - Loss: 0.1684 - Val F1: 0.4541 - Val ROC-AUC: 0.8202 - Val PR-AUC: 0.4449
Epoch 42/50 - Loss: 0.1549 - Val F1: 0.4249 - Val ROC-AUC: 0.8222 - Val PR-AUC: 0.4555
Epoch 43/50 - Loss: 0.1587 - Val F1: 0.4271 - Val ROC-AUC: 0.8169 - Val PR-AUC: 0.4426
Epoch 44/50 - Loss: 0.1438 - Val F1: 0.4468 - Val ROC-AUC: 0.8277 - Val PR-AUC: 0.4806
Epoch 45/50 - Loss: 0.1520 - Val F1: 0.4556 - Val ROC-AUC: 0.8213 - Val PR-AUC: 0.4729
Epoch 46/50 - Loss: 0.1482 - Val F1: 0.4520 - Val ROC-AUC: 0.8234 - Val PR-AUC: 0.4501
Epoch 47/50 - Loss: 0.1595 - Val F1: 0.4667 - Val ROC-AUC: 0.8256 - Val PR-AUC: 0.4412
Epoch 48/50 - Loss: 0.1473 - Val F1: 0.4227 - Val ROC-AUC: 0.8218 - Val PR-AUC: 0.4274
Epoch 49/50 - Loss: 0.1306 - Val F1: 0.4396 - Val ROC-AUC: 0.8247 - Val PR-AUC: 0.4354
Epoch 50/50 - Loss: 0.1392 - Val F1: 0.4301 - Val ROC-AUC: 0.8228 - Val PR-AUC: 0.4406
Pretraining completed. Test F1: 0.4970, ROC-AUC: 0.8413, PR-AUC: 0.4802
✅ 실험 완료: TOX21_ERa_LUC_VM7_Agonist_10nM_ICI182780_viability -> ATG_ERE_CIS [GIN_GAT]
