[1/4] Excel → CSV 변환 중...
Saved pretrain CSV for TOX21_ERa_LUC_VM7_Agonist: data/sample/TOX21_ERa_LUC_VM7_Agonist.csv
Saved pretrain CSV for TOX21_ERb_BLA_Agonist_viability: data/sample/TOX21_ERb_BLA_Agonist_viability.csv
Saved pretrain CSV for TOX21_ERa_LUC_VM7_Agonist_10nM_ICI182780_viability: data/sample/TOX21_ERa_LUC_VM7_Agonist_10nM_ICI182780_viability.csv
Saved pretrain CSV for TOX21_ERR_LUC_viability: data/sample/TOX21_ERR_LUC_viability.csv
Saved finetune CSV for ATG_ERE_CIS: data/sample/ATG_ERE_CIS.csv
[2/4] Pretraining on TOX21_ERR_LUC_viability using GIN...
Epoch 1/50 - Loss: 0.6100 - Val F1: 0.3029 - Val ROC-AUC: 0.6785 - Val PR-AUC: 0.2337
Epoch 2/50 - Loss: 0.5514 - Val F1: 0.2973 - Val ROC-AUC: 0.6787 - Val PR-AUC: 0.2146
Epoch 3/50 - Loss: 0.5440 - Val F1: 0.3518 - Val ROC-AUC: 0.7243 - Val PR-AUC: 0.2714
Epoch 4/50 - Loss: 0.5104 - Val F1: 0.3732 - Val ROC-AUC: 0.7353 - Val PR-AUC: 0.2869
Epoch 5/50 - Loss: 0.4932 - Val F1: 0.3913 - Val ROC-AUC: 0.7396 - Val PR-AUC: 0.2796
Epoch 6/50 - Loss: 0.4935 - Val F1: 0.3623 - Val ROC-AUC: 0.7355 - Val PR-AUC: 0.2872
Epoch 7/50 - Loss: 0.4841 - Val F1: 0.3770 - Val ROC-AUC: 0.7453 - Val PR-AUC: 0.3108
Epoch 8/50 - Loss: 0.4833 - Val F1: 0.3720 - Val ROC-AUC: 0.7544 - Val PR-AUC: 0.2999
Epoch 9/50 - Loss: 0.4627 - Val F1: 0.3722 - Val ROC-AUC: 0.7504 - Val PR-AUC: 0.3107
Epoch 10/50 - Loss: 0.4623 - Val F1: 0.4268 - Val ROC-AUC: 0.7592 - Val PR-AUC: 0.3099
Epoch 11/50 - Loss: 0.4392 - Val F1: 0.3792 - Val ROC-AUC: 0.7425 - Val PR-AUC: 0.3150
Epoch 12/50 - Loss: 0.4279 - Val F1: 0.4179 - Val ROC-AUC: 0.7630 - Val PR-AUC: 0.3351
Epoch 13/50 - Loss: 0.4220 - Val F1: 0.3895 - Val ROC-AUC: 0.7681 - Val PR-AUC: 0.3502
Epoch 14/50 - Loss: 0.4146 - Val F1: 0.4336 - Val ROC-AUC: 0.7680 - Val PR-AUC: 0.3447
Epoch 15/50 - Loss: 0.4207 - Val F1: 0.4144 - Val ROC-AUC: 0.7702 - Val PR-AUC: 0.3470
Epoch 16/50 - Loss: 0.4178 - Val F1: 0.4373 - Val ROC-AUC: 0.7698 - Val PR-AUC: 0.3391
Epoch 17/50 - Loss: 0.4076 - Val F1: 0.4071 - Val ROC-AUC: 0.7666 - Val PR-AUC: 0.3605
Epoch 18/50 - Loss: 0.4022 - Val F1: 0.4201 - Val ROC-AUC: 0.7683 - Val PR-AUC: 0.3388
Epoch 19/50 - Loss: 0.3975 - Val F1: 0.4281 - Val ROC-AUC: 0.7716 - Val PR-AUC: 0.3623
Epoch 20/50 - Loss: 0.3941 - Val F1: 0.4558 - Val ROC-AUC: 0.7859 - Val PR-AUC: 0.3863
Epoch 21/50 - Loss: 0.3677 - Val F1: 0.4371 - Val ROC-AUC: 0.7677 - Val PR-AUC: 0.3580
Epoch 22/50 - Loss: 0.3842 - Val F1: 0.4351 - Val ROC-AUC: 0.7675 - Val PR-AUC: 0.3622
Epoch 23/50 - Loss: 0.3675 - Val F1: 0.4291 - Val ROC-AUC: 0.7656 - Val PR-AUC: 0.3447
Epoch 24/50 - Loss: 0.3580 - Val F1: 0.4554 - Val ROC-AUC: 0.7804 - Val PR-AUC: 0.3768
Epoch 25/50 - Loss: 0.3518 - Val F1: 0.4277 - Val ROC-AUC: 0.7712 - Val PR-AUC: 0.3577
Epoch 26/50 - Loss: 0.3448 - Val F1: 0.4277 - Val ROC-AUC: 0.7846 - Val PR-AUC: 0.3764
Epoch 27/50 - Loss: 0.3562 - Val F1: 0.4518 - Val ROC-AUC: 0.7815 - Val PR-AUC: 0.3667
Epoch 28/50 - Loss: 0.3489 - Val F1: 0.4658 - Val ROC-AUC: 0.7859 - Val PR-AUC: 0.3964
Epoch 29/50 - Loss: 0.3504 - Val F1: 0.4437 - Val ROC-AUC: 0.7798 - Val PR-AUC: 0.3841
Epoch 30/50 - Loss: 0.3636 - Val F1: 0.4778 - Val ROC-AUC: 0.7934 - Val PR-AUC: 0.4003
Epoch 31/50 - Loss: 0.3328 - Val F1: 0.4323 - Val ROC-AUC: 0.7854 - Val PR-AUC: 0.3710
Epoch 32/50 - Loss: 0.3319 - Val F1: 0.4605 - Val ROC-AUC: 0.7930 - Val PR-AUC: 0.3928
Epoch 33/50 - Loss: 0.3187 - Val F1: 0.4573 - Val ROC-AUC: 0.7862 - Val PR-AUC: 0.3765
Epoch 34/50 - Loss: 0.3209 - Val F1: 0.4795 - Val ROC-AUC: 0.7825 - Val PR-AUC: 0.3722
Epoch 35/50 - Loss: 0.3336 - Val F1: 0.4825 - Val ROC-AUC: 0.7865 - Val PR-AUC: 0.3672
Epoch 36/50 - Loss: 0.3124 - Val F1: 0.4384 - Val ROC-AUC: 0.7864 - Val PR-AUC: 0.3944
Epoch 37/50 - Loss: 0.3155 - Val F1: 0.4575 - Val ROC-AUC: 0.7893 - Val PR-AUC: 0.3724
Epoch 38/50 - Loss: 0.3131 - Val F1: 0.4740 - Val ROC-AUC: 0.7812 - Val PR-AUC: 0.3810
Epoch 39/50 - Loss: 0.3182 - Val F1: 0.4828 - Val ROC-AUC: 0.7885 - Val PR-AUC: 0.3815
Epoch 40/50 - Loss: 0.3009 - Val F1: 0.4658 - Val ROC-AUC: 0.7852 - Val PR-AUC: 0.3854
Epoch 41/50 - Loss: 0.3178 - Val F1: 0.4702 - Val ROC-AUC: 0.7912 - Val PR-AUC: 0.3857
Epoch 42/50 - Loss: 0.3019 - Val F1: 0.4682 - Val ROC-AUC: 0.7911 - Val PR-AUC: 0.3766
Epoch 43/50 - Loss: 0.3062 - Val F1: 0.4714 - Val ROC-AUC: 0.7905 - Val PR-AUC: 0.3678
Epoch 44/50 - Loss: 0.3043 - Val F1: 0.4881 - Val ROC-AUC: 0.7900 - Val PR-AUC: 0.3777
Epoch 45/50 - Loss: 0.2962 - Val F1: 0.4648 - Val ROC-AUC: 0.7827 - Val PR-AUC: 0.3638
Epoch 46/50 - Loss: 0.3056 - Val F1: 0.4759 - Val ROC-AUC: 0.7893 - Val PR-AUC: 0.3882
Epoch 47/50 - Loss: 0.2918 - Val F1: 0.4768 - Val ROC-AUC: 0.7850 - Val PR-AUC: 0.3876
Epoch 48/50 - Loss: 0.3023 - Val F1: 0.4784 - Val ROC-AUC: 0.7858 - Val PR-AUC: 0.3832
Epoch 49/50 - Loss: 0.3050 - Val F1: 0.4876 - Val ROC-AUC: 0.7860 - Val PR-AUC: 0.3741
Epoch 50/50 - Loss: 0.2973 - Val F1: 0.4646 - Val ROC-AUC: 0.7843 - Val PR-AUC: 0.3736
Pretraining completed. Test F1: 0.4595, ROC-AUC: 0.8348, PR-AUC: 0.4818
✅ 실험 완료: TOX21_ERR_LUC_viability -> ATG_ERE_CIS [GIN]
