[2/4] Pretraining on Supplemental_Material_2_TrainingSet using GIN...
Epoch 1/50 - Loss: 0.6370 - Val F1: 0.0000 - Val ROC-AUC: 0.6418 - Val PR-AUC: 0.0605
Epoch 2/50 - Loss: 0.5071 - Val F1: 0.0619 - Val ROC-AUC: 0.6387 - Val PR-AUC: 0.0661
Epoch 3/50 - Loss: 0.4453 - Val F1: 0.0000 - Val ROC-AUC: 0.5396 - Val PR-AUC: 0.0328
Epoch 4/50 - Loss: 0.3699 - Val F1: 0.0800 - Val ROC-AUC: 0.5473 - Val PR-AUC: 0.0604
Epoch 5/50 - Loss: 0.3557 - Val F1: 0.1143 - Val ROC-AUC: 0.5976 - Val PR-AUC: 0.0583
Epoch 6/50 - Loss: 0.3617 - Val F1: 0.0667 - Val ROC-AUC: 0.4710 - Val PR-AUC: 0.0360
Epoch 7/50 - Loss: 0.3242 - Val F1: 0.0714 - Val ROC-AUC: 0.4771 - Val PR-AUC: 0.0371
Epoch 8/50 - Loss: 0.3067 - Val F1: 0.0976 - Val ROC-AUC: 0.4771 - Val PR-AUC: 0.0432
Epoch 9/50 - Loss: 0.2504 - Val F1: 0.1538 - Val ROC-AUC: 0.5229 - Val PR-AUC: 0.0681
Epoch 10/50 - Loss: 0.2019 - Val F1: 0.1111 - Val ROC-AUC: 0.5549 - Val PR-AUC: 0.0726
Epoch 11/50 - Loss: 0.2068 - Val F1: 0.1481 - Val ROC-AUC: 0.5168 - Val PR-AUC: 0.0488
Epoch 12/50 - Loss: 0.2118 - Val F1: 0.0833 - Val ROC-AUC: 0.5381 - Val PR-AUC: 0.0512
Epoch 13/50 - Loss: 0.1886 - Val F1: 0.0645 - Val ROC-AUC: 0.4909 - Val PR-AUC: 0.0499
Epoch 14/50 - Loss: 0.1930 - Val F1: 0.0000 - Val ROC-AUC: 0.5152 - Val PR-AUC: 0.0417
Epoch 15/50 - Loss: 0.1880 - Val F1: 0.0769 - Val ROC-AUC: 0.5244 - Val PR-AUC: 0.0685
Epoch 16/50 - Loss: 0.1796 - Val F1: 0.0000 - Val ROC-AUC: 0.4954 - Val PR-AUC: 0.0510
Epoch 17/50 - Loss: 0.1764 - Val F1: 0.0000 - Val ROC-AUC: 0.5366 - Val PR-AUC: 0.0492
Epoch 18/50 - Loss: 0.1664 - Val F1: 0.0833 - Val ROC-AUC: 0.4939 - Val PR-AUC: 0.0527
Epoch 19/50 - Loss: 0.1508 - Val F1: 0.0000 - Val ROC-AUC: 0.4924 - Val PR-AUC: 0.0448
Epoch 20/50 - Loss: 0.1472 - Val F1: 0.0000 - Val ROC-AUC: 0.4954 - Val PR-AUC: 0.0465
Epoch 21/50 - Loss: 0.1493 - Val F1: 0.0000 - Val ROC-AUC: 0.5183 - Val PR-AUC: 0.0503
Epoch 22/50 - Loss: 0.1521 - Val F1: 0.0952 - Val ROC-AUC: 0.5015 - Val PR-AUC: 0.0551
Epoch 23/50 - Loss: 0.1276 - Val F1: 0.0000 - Val ROC-AUC: 0.4817 - Val PR-AUC: 0.0424
Epoch 24/50 - Loss: 0.1360 - Val F1: 0.0000 - Val ROC-AUC: 0.4817 - Val PR-AUC: 0.0403
Epoch 25/50 - Loss: 0.1362 - Val F1: 0.0000 - Val ROC-AUC: 0.4573 - Val PR-AUC: 0.0371
Epoch 26/50 - Loss: 0.1184 - Val F1: 0.0000 - Val ROC-AUC: 0.4619 - Val PR-AUC: 0.0389
Epoch 27/50 - Loss: 0.1154 - Val F1: 0.0000 - Val ROC-AUC: 0.4695 - Val PR-AUC: 0.0384
Epoch 28/50 - Loss: 0.1198 - Val F1: 0.0952 - Val ROC-AUC: 0.4909 - Val PR-AUC: 0.0497
Epoch 29/50 - Loss: 0.1245 - Val F1: 0.0000 - Val ROC-AUC: 0.4695 - Val PR-AUC: 0.0394
Epoch 30/50 - Loss: 0.1138 - Val F1: 0.0000 - Val ROC-AUC: 0.4619 - Val PR-AUC: 0.0378
Epoch 31/50 - Loss: 0.1133 - Val F1: 0.0000 - Val ROC-AUC: 0.4771 - Val PR-AUC: 0.0397
Epoch 32/50 - Loss: 0.0975 - Val F1: 0.0000 - Val ROC-AUC: 0.4787 - Val PR-AUC: 0.0396
Epoch 33/50 - Loss: 0.0878 - Val F1: 0.0000 - Val ROC-AUC: 0.4649 - Val PR-AUC: 0.0382
Epoch 34/50 - Loss: 0.0975 - Val F1: 0.0000 - Val ROC-AUC: 0.4634 - Val PR-AUC: 0.0355
Epoch 35/50 - Loss: 0.0949 - Val F1: 0.0000 - Val ROC-AUC: 0.4665 - Val PR-AUC: 0.0394
Epoch 36/50 - Loss: 0.1103 - Val F1: 0.0000 - Val ROC-AUC: 0.4802 - Val PR-AUC: 0.0483
Epoch 37/50 - Loss: 0.1007 - Val F1: 0.0000 - Val ROC-AUC: 0.4726 - Val PR-AUC: 0.0405
Epoch 38/50 - Loss: 0.0930 - Val F1: 0.0000 - Val ROC-AUC: 0.4588 - Val PR-AUC: 0.0373
Epoch 39/50 - Loss: 0.0979 - Val F1: 0.0000 - Val ROC-AUC: 0.4649 - Val PR-AUC: 0.0382
Epoch 40/50 - Loss: 0.0856 - Val F1: 0.0000 - Val ROC-AUC: 0.4558 - Val PR-AUC: 0.0384
Epoch 41/50 - Loss: 0.0837 - Val F1: 0.0000 - Val ROC-AUC: 0.4436 - Val PR-AUC: 0.0350
Epoch 42/50 - Loss: 0.0940 - Val F1: 0.0000 - Val ROC-AUC: 0.4604 - Val PR-AUC: 0.0384
Epoch 43/50 - Loss: 0.0876 - Val F1: 0.0000 - Val ROC-AUC: 0.4421 - Val PR-AUC: 0.0351
Epoch 44/50 - Loss: 0.1028 - Val F1: 0.0000 - Val ROC-AUC: 0.4497 - Val PR-AUC: 0.0371
Epoch 45/50 - Loss: 0.0704 - Val F1: 0.0000 - Val ROC-AUC: 0.4436 - Val PR-AUC: 0.0354
Epoch 46/50 - Loss: 0.0861 - Val F1: 0.0000 - Val ROC-AUC: 0.4512 - Val PR-AUC: 0.0372
Epoch 47/50 - Loss: 0.0862 - Val F1: 0.0000 - Val ROC-AUC: 0.4588 - Val PR-AUC: 0.0409
Epoch 48/50 - Loss: 0.0820 - Val F1: 0.0000 - Val ROC-AUC: 0.4558 - Val PR-AUC: 0.0398
Epoch 49/50 - Loss: 0.0853 - Val F1: 0.0000 - Val ROC-AUC: 0.4573 - Val PR-AUC: 0.0398
Epoch 50/50 - Loss: 0.0850 - Val F1: 0.0000 - Val ROC-AUC: 0.4741 - Val PR-AUC: 0.0415
Pretraining completed. Test F1: 0.0000, ROC-AUC: 0.4451, PR-AUC: 0.0259
[3/4] Finetuning on TOX21_ERb_BLA_Agonist_ch2 using GIN...
[Fine-tune] Epoch 1/50 - Loss: 0.4452 - Val F1: 0.1695 - Val ROC-AUC: 0.8348 - Val PR-AUC: 0.5245
[Fine-tune] Epoch 2/50 - Loss: 0.3486 - Val F1: 0.1783 - Val ROC-AUC: 0.8456 - Val PR-AUC: 0.5861
[Fine-tune] Epoch 3/50 - Loss: 0.3089 - Val F1: 0.3377 - Val ROC-AUC: 0.8577 - Val PR-AUC: 0.5977
[Fine-tune] Epoch 4/50 - Loss: 0.2723 - Val F1: 0.2989 - Val ROC-AUC: 0.8414 - Val PR-AUC: 0.3591
[Fine-tune] Epoch 5/50 - Loss: 0.2405 - Val F1: 0.1734 - Val ROC-AUC: 0.8582 - Val PR-AUC: 0.4927
[Fine-tune] Epoch 6/50 - Loss: 0.2255 - Val F1: 0.2569 - Val ROC-AUC: 0.8300 - Val PR-AUC: 0.4802
[Fine-tune] Epoch 7/50 - Loss: 0.2053 - Val F1: 0.3210 - Val ROC-AUC: 0.8438 - Val PR-AUC: 0.5107
[Fine-tune] Epoch 8/50 - Loss: 0.2015 - Val F1: 0.2353 - Val ROC-AUC: 0.8597 - Val PR-AUC: 0.4325
[Fine-tune] Epoch 9/50 - Loss: 0.1844 - Val F1: 0.2667 - Val ROC-AUC: 0.8658 - Val PR-AUC: 0.4134
[Fine-tune] Epoch 10/50 - Loss: 0.1624 - Val F1: 0.2124 - Val ROC-AUC: 0.8336 - Val PR-AUC: 0.4886
[Fine-tune] Epoch 11/50 - Loss: 0.1632 - Val F1: 0.3429 - Val ROC-AUC: 0.8149 - Val PR-AUC: 0.5132
[Fine-tune] Epoch 12/50 - Loss: 0.1346 - Val F1: 0.4211 - Val ROC-AUC: 0.8320 - Val PR-AUC: 0.5791
[Fine-tune] Epoch 13/50 - Loss: 0.1246 - Val F1: 0.3133 - Val ROC-AUC: 0.8286 - Val PR-AUC: 0.3701
[Fine-tune] Epoch 14/50 - Loss: 0.1148 - Val F1: 0.2680 - Val ROC-AUC: 0.8381 - Val PR-AUC: 0.5049
[Fine-tune] Epoch 15/50 - Loss: 0.1134 - Val F1: 0.4000 - Val ROC-AUC: 0.8357 - Val PR-AUC: 0.5273
[Fine-tune] Epoch 16/50 - Loss: 0.1125 - Val F1: 0.2680 - Val ROC-AUC: 0.8287 - Val PR-AUC: 0.3913
[Fine-tune] Epoch 17/50 - Loss: 0.1104 - Val F1: 0.3562 - Val ROC-AUC: 0.8324 - Val PR-AUC: 0.5258
[Fine-tune] Epoch 18/50 - Loss: 0.1023 - Val F1: 0.4000 - Val ROC-AUC: 0.7948 - Val PR-AUC: 0.5494
[Fine-tune] Epoch 19/50 - Loss: 0.1074 - Val F1: 0.3478 - Val ROC-AUC: 0.8025 - Val PR-AUC: 0.4496
[Fine-tune] Epoch 20/50 - Loss: 0.1105 - Val F1: 0.3288 - Val ROC-AUC: 0.8321 - Val PR-AUC: 0.4829
[Fine-tune] Epoch 21/50 - Loss: 0.0704 - Val F1: 0.4444 - Val ROC-AUC: 0.8225 - Val PR-AUC: 0.5805
[Fine-tune] Epoch 22/50 - Loss: 0.0841 - Val F1: 0.4000 - Val ROC-AUC: 0.8212 - Val PR-AUC: 0.5338
[Fine-tune] Epoch 23/50 - Loss: 0.0746 - Val F1: 0.4444 - Val ROC-AUC: 0.8416 - Val PR-AUC: 0.5664
[Fine-tune] Epoch 24/50 - Loss: 0.0808 - Val F1: 0.3871 - Val ROC-AUC: 0.7968 - Val PR-AUC: 0.4870
[Fine-tune] Epoch 25/50 - Loss: 0.0701 - Val F1: 0.4138 - Val ROC-AUC: 0.8214 - Val PR-AUC: 0.5625
[Fine-tune] Epoch 26/50 - Loss: 0.0721 - Val F1: 0.3939 - Val ROC-AUC: 0.8249 - Val PR-AUC: 0.5341
[Fine-tune] Epoch 27/50 - Loss: 0.0691 - Val F1: 0.4444 - Val ROC-AUC: 0.8276 - Val PR-AUC: 0.4967
[Fine-tune] Epoch 28/50 - Loss: 0.0727 - Val F1: 0.4138 - Val ROC-AUC: 0.8095 - Val PR-AUC: 0.5247
[Fine-tune] Epoch 29/50 - Loss: 0.0665 - Val F1: 0.4286 - Val ROC-AUC: 0.8200 - Val PR-AUC: 0.5667
[Fine-tune] Epoch 30/50 - Loss: 0.0753 - Val F1: 0.4364 - Val ROC-AUC: 0.8512 - Val PR-AUC: 0.5197
[Fine-tune] Epoch 31/50 - Loss: 0.0586 - Val F1: 0.4286 - Val ROC-AUC: 0.8406 - Val PR-AUC: 0.6034
[Fine-tune] Epoch 32/50 - Loss: 0.0559 - Val F1: 0.4800 - Val ROC-AUC: 0.8375 - Val PR-AUC: 0.5897
[Fine-tune] Epoch 33/50 - Loss: 0.0575 - Val F1: 0.4528 - Val ROC-AUC: 0.8369 - Val PR-AUC: 0.5976
[Fine-tune] Epoch 34/50 - Loss: 0.0697 - Val F1: 0.4528 - Val ROC-AUC: 0.8402 - Val PR-AUC: 0.6132
[Fine-tune] Epoch 35/50 - Loss: 0.0543 - Val F1: 0.4615 - Val ROC-AUC: 0.8212 - Val PR-AUC: 0.5811
[Fine-tune] Epoch 36/50 - Loss: 0.0575 - Val F1: 0.4444 - Val ROC-AUC: 0.8291 - Val PR-AUC: 0.6189
[Fine-tune] Epoch 37/50 - Loss: 0.0566 - Val F1: 0.4615 - Val ROC-AUC: 0.8224 - Val PR-AUC: 0.5519
[Fine-tune] Epoch 38/50 - Loss: 0.0503 - Val F1: 0.4211 - Val ROC-AUC: 0.8203 - Val PR-AUC: 0.5911
[Fine-tune] Epoch 39/50 - Loss: 0.0559 - Val F1: 0.4898 - Val ROC-AUC: 0.8285 - Val PR-AUC: 0.5773
[Fine-tune] Epoch 40/50 - Loss: 0.0446 - Val F1: 0.4286 - Val ROC-AUC: 0.8378 - Val PR-AUC: 0.5750
[Fine-tune] Epoch 41/50 - Loss: 0.0522 - Val F1: 0.4615 - Val ROC-AUC: 0.8465 - Val PR-AUC: 0.5577
[Fine-tune] Epoch 42/50 - Loss: 0.0439 - Val F1: 0.4706 - Val ROC-AUC: 0.8401 - Val PR-AUC: 0.5931
[Fine-tune] Epoch 43/50 - Loss: 0.0514 - Val F1: 0.4800 - Val ROC-AUC: 0.8342 - Val PR-AUC: 0.5963
[Fine-tune] Epoch 44/50 - Loss: 0.0548 - Val F1: 0.5000 - Val ROC-AUC: 0.8521 - Val PR-AUC: 0.6221
[Fine-tune] Epoch 45/50 - Loss: 0.0463 - Val F1: 0.4706 - Val ROC-AUC: 0.8389 - Val PR-AUC: 0.5991
[Fine-tune] Epoch 46/50 - Loss: 0.0481 - Val F1: 0.4615 - Val ROC-AUC: 0.8480 - Val PR-AUC: 0.5945
[Fine-tune] Epoch 47/50 - Loss: 0.0534 - Val F1: 0.4444 - Val ROC-AUC: 0.8360 - Val PR-AUC: 0.5951
[Fine-tune] Epoch 48/50 - Loss: 0.0531 - Val F1: 0.4800 - Val ROC-AUC: 0.8294 - Val PR-AUC: 0.6063
[Fine-tune] Epoch 49/50 - Loss: 0.0380 - Val F1: 0.4898 - Val ROC-AUC: 0.8384 - Val PR-AUC: 0.6206
[Fine-tune] Epoch 50/50 - Loss: 0.0496 - Val F1: 0.4800 - Val ROC-AUC: 0.8399 - Val PR-AUC: 0.6176
Finetuning completed. Test F1: 0.3077, ROC-AUC: 0.8900, PR-AUC: 0.4102
[3.1/4] Target-only training on TOX21_ERb_BLA_Agonist_ch2 using GIN...
=== Target-only training ===
[Target-only] Epoch 1/50 – Loss: 0.4500  Val F1: 0.1657  ROC-AUC: 0.8733  PR-AUC: 0.4359
[Target-only] Epoch 2/50 – Loss: 0.3670  Val F1: 0.1830  ROC-AUC: 0.8685  PR-AUC: 0.5572
[Target-only] Epoch 3/50 – Loss: 0.3198  Val F1: 0.2188  ROC-AUC: 0.8748  PR-AUC: 0.3616
[Target-only] Epoch 4/50 – Loss: 0.3014  Val F1: 0.3191  ROC-AUC: 0.8739  PR-AUC: 0.5988
[Target-only] Epoch 5/50 – Loss: 0.2697  Val F1: 0.2617  ROC-AUC: 0.8730  PR-AUC: 0.4086
[Target-only] Epoch 6/50 – Loss: 0.2539  Val F1: 0.3333  ROC-AUC: 0.8429  PR-AUC: 0.4057
[Target-only] Epoch 7/50 – Loss: 0.2181  Val F1: 0.3243  ROC-AUC: 0.8469  PR-AUC: 0.4643
[Target-only] Epoch 8/50 – Loss: 0.2115  Val F1: 0.2041  ROC-AUC: 0.8875  PR-AUC: 0.5137
[Target-only] Epoch 9/50 – Loss: 0.2129  Val F1: 0.2222  ROC-AUC: 0.8733  PR-AUC: 0.5238
[Target-only] Epoch 10/50 – Loss: 0.1796  Val F1: 0.2137  ROC-AUC: 0.9081  PR-AUC: 0.4119
[Target-only] Epoch 11/50 – Loss: 0.1636  Val F1: 0.3881  ROC-AUC: 0.8541  PR-AUC: 0.5822
[Target-only] Epoch 12/50 – Loss: 0.1507  Val F1: 0.3421  ROC-AUC: 0.8222  PR-AUC: 0.4363
[Target-only] Epoch 13/50 – Loss: 0.1393  Val F1: 0.2857  ROC-AUC: 0.8480  PR-AUC: 0.4972
[Target-only] Epoch 14/50 – Loss: 0.1355  Val F1: 0.3421  ROC-AUC: 0.8727  PR-AUC: 0.4583
[Target-only] Epoch 15/50 – Loss: 0.1410  Val F1: 0.3611  ROC-AUC: 0.8573  PR-AUC: 0.4916
[Target-only] Epoch 16/50 – Loss: 0.1291  Val F1: 0.3429  ROC-AUC: 0.8346  PR-AUC: 0.5106
[Target-only] Epoch 17/50 – Loss: 0.1412  Val F1: 0.3059  ROC-AUC: 0.8345  PR-AUC: 0.5235
[Target-only] Epoch 18/50 – Loss: 0.0956  Val F1: 0.3562  ROC-AUC: 0.8477  PR-AUC: 0.5718
[Target-only] Epoch 19/50 – Loss: 0.1328  Val F1: 0.3182  ROC-AUC: 0.8538  PR-AUC: 0.4845
[Target-only] Epoch 20/50 – Loss: 0.1121  Val F1: 0.3881  ROC-AUC: 0.8694  PR-AUC: 0.5552
[Target-only] Epoch 21/50 – Loss: 0.0888  Val F1: 0.4444  ROC-AUC: 0.8432  PR-AUC: 0.5265
[Target-only] Epoch 22/50 – Loss: 0.0973  Val F1: 0.3939  ROC-AUC: 0.8647  PR-AUC: 0.5468
[Target-only] Epoch 23/50 – Loss: 0.0945  Val F1: 0.4068  ROC-AUC: 0.8595  PR-AUC: 0.6406
[Target-only] Epoch 24/50 – Loss: 0.0877  Val F1: 0.4062  ROC-AUC: 0.8491  PR-AUC: 0.5858
[Target-only] Epoch 25/50 – Loss: 0.0944  Val F1: 0.4286  ROC-AUC: 0.8078  PR-AUC: 0.5208
[Target-only] Epoch 26/50 – Loss: 0.0897  Val F1: 0.4906  ROC-AUC: 0.8555  PR-AUC: 0.5984
[Target-only] Epoch 27/50 – Loss: 0.0859  Val F1: 0.3810  ROC-AUC: 0.8520  PR-AUC: 0.6028
[Target-only] Epoch 28/50 – Loss: 0.0778  Val F1: 0.4800  ROC-AUC: 0.8525  PR-AUC: 0.5680
[Target-only] Epoch 29/50 – Loss: 0.0814  Val F1: 0.3478  ROC-AUC: 0.8577  PR-AUC: 0.6483
[Target-only] Epoch 30/50 – Loss: 0.0759  Val F1: 0.3582  ROC-AUC: 0.8584  PR-AUC: 0.5494
[Target-only] Epoch 31/50 – Loss: 0.0762  Val F1: 0.4706  ROC-AUC: 0.8480  PR-AUC: 0.5539
[Target-only] Epoch 32/50 – Loss: 0.0717  Val F1: 0.4800  ROC-AUC: 0.8405  PR-AUC: 0.6264
[Target-only] Epoch 33/50 – Loss: 0.0690  Val F1: 0.5106  ROC-AUC: 0.8423  PR-AUC: 0.5969
[Target-only] Epoch 34/50 – Loss: 0.0692  Val F1: 0.4800  ROC-AUC: 0.8353  PR-AUC: 0.6214
[Target-only] Epoch 35/50 – Loss: 0.0654  Val F1: 0.4528  ROC-AUC: 0.8440  PR-AUC: 0.5880
[Target-only] Epoch 36/50 – Loss: 0.0626  Val F1: 0.5000  ROC-AUC: 0.8336  PR-AUC: 0.6181
[Target-only] Epoch 37/50 – Loss: 0.0604  Val F1: 0.4706  ROC-AUC: 0.8288  PR-AUC: 0.5870
[Target-only] Epoch 38/50 – Loss: 0.0606  Val F1: 0.5217  ROC-AUC: 0.8318  PR-AUC: 0.5896
[Target-only] Epoch 39/50 – Loss: 0.0766  Val F1: 0.5000  ROC-AUC: 0.8414  PR-AUC: 0.6196
[Target-only] Epoch 40/50 – Loss: 0.0655  Val F1: 0.4615  ROC-AUC: 0.8288  PR-AUC: 0.6508
[Target-only] Epoch 41/50 – Loss: 0.0549  Val F1: 0.4800  ROC-AUC: 0.8273  PR-AUC: 0.6132
[Target-only] Epoch 42/50 – Loss: 0.0694  Val F1: 0.4898  ROC-AUC: 0.8402  PR-AUC: 0.6290
[Target-only] Epoch 43/50 – Loss: 0.0607  Val F1: 0.4706  ROC-AUC: 0.8350  PR-AUC: 0.6093
[Target-only] Epoch 44/50 – Loss: 0.0556  Val F1: 0.4800  ROC-AUC: 0.8357  PR-AUC: 0.5881
[Target-only] Epoch 45/50 – Loss: 0.0628  Val F1: 0.5106  ROC-AUC: 0.8266  PR-AUC: 0.5977
[Target-only] Epoch 46/50 – Loss: 0.0539  Val F1: 0.4898  ROC-AUC: 0.8195  PR-AUC: 0.6328
[Target-only] Epoch 47/50 – Loss: 0.0547  Val F1: 0.5000  ROC-AUC: 0.8220  PR-AUC: 0.6415
[Target-only] Epoch 48/50 – Loss: 0.0530  Val F1: 0.4000  ROC-AUC: 0.8182  PR-AUC: 0.6223
[Target-only] Epoch 49/50 – Loss: 0.0539  Val F1: 0.4444  ROC-AUC: 0.8246  PR-AUC: 0.5957
[Target-only] Epoch 50/50 – Loss: 0.0539  Val F1: 0.5455  ROC-AUC: 0.8306  PR-AUC: 0.6110
=== Target-only TEST performance ===
Test F1: 0.3636, ROC-AUC: 0.8592, PR-AUC: 0.4306
[4/4] Embedding 시각화 중...
✅ Embeddings 저장 완료: embeddings_Supplemental_Material_2_TrainingSet_TOX21_ERb_BLA_Agonist_ch2_GIN.png
✅ 실험 완료: Supplemental_Material_2_TrainingSet -> TOX21_ERb_BLA_Agonist_ch2 [GIN]
