[1/4] Excel → CSV 변환 중...
Saved pretrain CSV for TOX21_ERa_BLA_Antagonist_ratio: data/sample/TOX21_ERa_BLA_Antagonist_ratio.csv
Saved pretrain CSV for TOX21_ERa_LUC_VM7_Agonist: data/sample/TOX21_ERa_LUC_VM7_Agonist.csv
Saved pretrain CSV for TOX21_ERa_BLA_Antagonist_viability: data/sample/TOX21_ERa_BLA_Antagonist_viability.csv
Saved pretrain CSV for TOX21_ERa_LUC_VM7_Antagonist_0.5nM_E2: data/sample/TOX21_ERa_LUC_VM7_Antagonist_0.5nM_E2.csv
Saved pretrain CSV for TOX21_ERa_BLA_Antagonist_ch2: data/sample/TOX21_ERa_BLA_Antagonist_ch2.csv
Saved pretrain CSV for TOX21_ERa_BLA_Antagonist_ch1: data/sample/TOX21_ERa_BLA_Antagonist_ch1.csv
Saved pretrain CSV for TOX21_ERa_LUC_VM7_Antagonist_0.5nM_E2_viability: data/sample/TOX21_ERa_LUC_VM7_Antagonist_0.5nM_E2_viability.csv
Saved pretrain CSV for TOX21_ERa_BLA_Agonist_ch2: data/sample/TOX21_ERa_BLA_Agonist_ch2.csv
Saved pretrain CSV for TOX21_ERa_BLA_Agonist_ch1: data/sample/TOX21_ERa_BLA_Agonist_ch1.csv
Saved pretrain CSV for TOX21_ERa_BLA_Agonist_ratio: data/sample/TOX21_ERa_BLA_Agonist_ratio.csv
Saved pretrain CSV for TOX21_ERb_BLA_Antagonist_ch1: data/sample/TOX21_ERb_BLA_Antagonist_ch1.csv
Saved pretrain CSV for TOX21_ERb_BLA_Antagonist_ch2: data/sample/TOX21_ERb_BLA_Antagonist_ch2.csv
Saved pretrain CSV for TOX21_ERb_BLA_Agonist_viability: data/sample/TOX21_ERb_BLA_Agonist_viability.csv
Saved pretrain CSV for TOX21_ERb_BLA_Agonist_ratio: data/sample/TOX21_ERb_BLA_Agonist_ratio.csv
Saved pretrain CSV for TOX21_ERb_BLA_Agonist_ch2: data/sample/TOX21_ERb_BLA_Agonist_ch2.csv
Saved pretrain CSV for TOX21_ERb_BLA_Agonist_ch1: data/sample/TOX21_ERb_BLA_Agonist_ch1.csv
Saved pretrain CSV for TOX21_ERR_LUC_Agonist: data/sample/TOX21_ERR_LUC_Agonist.csv
Saved pretrain CSV for TOX21_ERa_LUC_VM7_Agonist_10nM_ICI182780_viability: data/sample/TOX21_ERa_LUC_VM7_Agonist_10nM_ICI182780_viability.csv
Saved pretrain CSV for TOX21_ERa_LUC_VM7_Antagonist_0.1nM_E2: data/sample/TOX21_ERa_LUC_VM7_Antagonist_0.1nM_E2.csv
Saved pretrain CSV for TOX21_ERb_BLA_Antagonist_ratio: data/sample/TOX21_ERb_BLA_Antagonist_ratio.csv
Saved pretrain CSV for TOX21_ERa_LUC_VM7_Agonist_10nM_ICI182780: data/sample/TOX21_ERa_LUC_VM7_Agonist_10nM_ICI182780.csv
Saved pretrain CSV for TOX21_ERR_LUC_viability: data/sample/TOX21_ERR_LUC_viability.csv
Saved pretrain CSV for TOX21_ERR_LUC_Antagonist: data/sample/TOX21_ERR_LUC_Antagonist.csv
Saved pretrain CSV for TOX21_ERa_LUC_VM7_Antagonist_0.1nM_E2_viability: data/sample/TOX21_ERa_LUC_VM7_Antagonist_0.1nM_E2_viability.csv
Saved pretrain CSV for TOX21_ERb_BLA_Antagonist_viability: data/sample/TOX21_ERb_BLA_Antagonist_viability.csv
Saved finetune CSV for TOX21_ERa_BLA_Antagonist_ratio: data/sample/TOX21_ERa_BLA_Antagonist_ratio.csv
Saved finetune CSV for TOX21_ERa_LUC_VM7_Agonist: data/sample/TOX21_ERa_LUC_VM7_Agonist.csv
Saved finetune CSV for TOX21_ERa_BLA_Antagonist_viability: data/sample/TOX21_ERa_BLA_Antagonist_viability.csv
Saved finetune CSV for TOX21_ERa_LUC_VM7_Antagonist_0.5nM_E2: data/sample/TOX21_ERa_LUC_VM7_Antagonist_0.5nM_E2.csv
Saved finetune CSV for TOX21_ERa_BLA_Antagonist_ch2: data/sample/TOX21_ERa_BLA_Antagonist_ch2.csv
Saved finetune CSV for TOX21_ERa_BLA_Antagonist_ch1: data/sample/TOX21_ERa_BLA_Antagonist_ch1.csv
Saved finetune CSV for TOX21_ERa_LUC_VM7_Antagonist_0.5nM_E2_viability: data/sample/TOX21_ERa_LUC_VM7_Antagonist_0.5nM_E2_viability.csv
Saved finetune CSV for TOX21_ERa_BLA_Agonist_ch2: data/sample/TOX21_ERa_BLA_Agonist_ch2.csv
Saved finetune CSV for TOX21_ERa_BLA_Agonist_ch1: data/sample/TOX21_ERa_BLA_Agonist_ch1.csv
Saved finetune CSV for TOX21_ERa_BLA_Agonist_ratio: data/sample/TOX21_ERa_BLA_Agonist_ratio.csv
Saved finetune CSV for TOX21_ERb_BLA_Antagonist_ch1: data/sample/TOX21_ERb_BLA_Antagonist_ch1.csv
Saved finetune CSV for TOX21_ERb_BLA_Antagonist_ch2: data/sample/TOX21_ERb_BLA_Antagonist_ch2.csv
Saved finetune CSV for TOX21_ERb_BLA_Agonist_viability: data/sample/TOX21_ERb_BLA_Agonist_viability.csv
Saved finetune CSV for TOX21_ERb_BLA_Agonist_ratio: data/sample/TOX21_ERb_BLA_Agonist_ratio.csv
Saved finetune CSV for TOX21_ERb_BLA_Agonist_ch2: data/sample/TOX21_ERb_BLA_Agonist_ch2.csv
Saved finetune CSV for TOX21_ERb_BLA_Agonist_ch1: data/sample/TOX21_ERb_BLA_Agonist_ch1.csv
Saved finetune CSV for TOX21_ERR_LUC_Agonist: data/sample/TOX21_ERR_LUC_Agonist.csv
Saved finetune CSV for TOX21_ERa_LUC_VM7_Agonist_10nM_ICI182780_viability: data/sample/TOX21_ERa_LUC_VM7_Agonist_10nM_ICI182780_viability.csv
Saved finetune CSV for TOX21_ERa_LUC_VM7_Antagonist_0.1nM_E2: data/sample/TOX21_ERa_LUC_VM7_Antagonist_0.1nM_E2.csv
Saved finetune CSV for TOX21_ERb_BLA_Antagonist_ratio: data/sample/TOX21_ERb_BLA_Antagonist_ratio.csv
Saved finetune CSV for TOX21_ERa_LUC_VM7_Agonist_10nM_ICI182780: data/sample/TOX21_ERa_LUC_VM7_Agonist_10nM_ICI182780.csv
Saved finetune CSV for TOX21_ERR_LUC_viability: data/sample/TOX21_ERR_LUC_viability.csv
Saved finetune CSV for TOX21_ERR_LUC_Antagonist: data/sample/TOX21_ERR_LUC_Antagonist.csv
Saved finetune CSV for TOX21_ERa_LUC_VM7_Antagonist_0.1nM_E2_viability: data/sample/TOX21_ERa_LUC_VM7_Antagonist_0.1nM_E2_viability.csv
Saved finetune CSV for TOX21_ERb_BLA_Antagonist_viability: data/sample/TOX21_ERb_BLA_Antagonist_viability.csv
[2/4] Pretraining on TOX21_ERa_BLA_Antagonist_ratio using GIN_GCN...
Epoch 1/100 - Loss: 0.6233 - Val F1: 0.3074 - Val ROC-AUC: 0.7215 - Val PR-AUC: 0.2405
Epoch 2/100 - Loss: 0.5851 - Val F1: 0.3110 - Val ROC-AUC: 0.7315 - Val PR-AUC: 0.2759
Epoch 3/100 - Loss: 0.5674 - Val F1: 0.3565 - Val ROC-AUC: 0.7420 - Val PR-AUC: 0.2819
Epoch 4/100 - Loss: 0.5400 - Val F1: 0.3484 - Val ROC-AUC: 0.7471 - Val PR-AUC: 0.2686
Epoch 5/100 - Loss: 0.5465 - Val F1: 0.1720 - Val ROC-AUC: 0.7199 - Val PR-AUC: 0.2269
Epoch 6/100 - Loss: 0.5399 - Val F1: 0.3537 - Val ROC-AUC: 0.7637 - Val PR-AUC: 0.2908
Epoch 7/100 - Loss: 0.5242 - Val F1: 0.3641 - Val ROC-AUC: 0.7737 - Val PR-AUC: 0.3433
Epoch 8/100 - Loss: 0.5164 - Val F1: 0.3585 - Val ROC-AUC: 0.7813 - Val PR-AUC: 0.3120
Epoch 9/100 - Loss: 0.4931 - Val F1: 0.3610 - Val ROC-AUC: 0.7717 - Val PR-AUC: 0.3205
Epoch 10/100 - Loss: 0.4871 - Val F1: 0.3881 - Val ROC-AUC: 0.7816 - Val PR-AUC: 0.3045
Epoch 11/100 - Loss: 0.4788 - Val F1: 0.4010 - Val ROC-AUC: 0.7976 - Val PR-AUC: 0.3284
Epoch 12/100 - Loss: 0.4546 - Val F1: 0.4000 - Val ROC-AUC: 0.7924 - Val PR-AUC: 0.3403
Epoch 13/100 - Loss: 0.4606 - Val F1: 0.3828 - Val ROC-AUC: 0.8008 - Val PR-AUC: 0.3453
Epoch 14/100 - Loss: 0.4552 - Val F1: 0.4045 - Val ROC-AUC: 0.7964 - Val PR-AUC: 0.3243
Epoch 15/100 - Loss: 0.4356 - Val F1: 0.3815 - Val ROC-AUC: 0.7846 - Val PR-AUC: 0.3064
Epoch 16/100 - Loss: 0.4448 - Val F1: 0.3969 - Val ROC-AUC: 0.7959 - Val PR-AUC: 0.3283
Epoch 17/100 - Loss: 0.4295 - Val F1: 0.3932 - Val ROC-AUC: 0.8001 - Val PR-AUC: 0.3360
Epoch 18/100 - Loss: 0.4149 - Val F1: 0.3934 - Val ROC-AUC: 0.8070 - Val PR-AUC: 0.3529
Epoch 19/100 - Loss: 0.4307 - Val F1: 0.4023 - Val ROC-AUC: 0.7998 - Val PR-AUC: 0.3350
Epoch 20/100 - Loss: 0.4209 - Val F1: 0.3735 - Val ROC-AUC: 0.7884 - Val PR-AUC: 0.3156
Epoch 21/100 - Loss: 0.4116 - Val F1: 0.4024 - Val ROC-AUC: 0.8014 - Val PR-AUC: 0.3346
Epoch 22/100 - Loss: 0.3940 - Val F1: 0.4214 - Val ROC-AUC: 0.8063 - Val PR-AUC: 0.3585
Epoch 23/100 - Loss: 0.3963 - Val F1: 0.4295 - Val ROC-AUC: 0.8079 - Val PR-AUC: 0.3592
Epoch 24/100 - Loss: 0.3876 - Val F1: 0.4155 - Val ROC-AUC: 0.8136 - Val PR-AUC: 0.3529
Epoch 25/100 - Loss: 0.3714 - Val F1: 0.4219 - Val ROC-AUC: 0.8165 - Val PR-AUC: 0.3562
Epoch 26/100 - Loss: 0.3875 - Val F1: 0.4000 - Val ROC-AUC: 0.8032 - Val PR-AUC: 0.3491
Epoch 27/100 - Loss: 0.3790 - Val F1: 0.3979 - Val ROC-AUC: 0.8052 - Val PR-AUC: 0.3300
Epoch 28/100 - Loss: 0.3849 - Val F1: 0.4086 - Val ROC-AUC: 0.8030 - Val PR-AUC: 0.3575
Epoch 29/100 - Loss: 0.3700 - Val F1: 0.4000 - Val ROC-AUC: 0.8020 - Val PR-AUC: 0.3514
Epoch 30/100 - Loss: 0.3591 - Val F1: 0.3768 - Val ROC-AUC: 0.7948 - Val PR-AUC: 0.3435
Epoch 31/100 - Loss: 0.3552 - Val F1: 0.4138 - Val ROC-AUC: 0.8123 - Val PR-AUC: 0.3535
Epoch 32/100 - Loss: 0.3438 - Val F1: 0.4189 - Val ROC-AUC: 0.8056 - Val PR-AUC: 0.3651
Epoch 33/100 - Loss: 0.3337 - Val F1: 0.4023 - Val ROC-AUC: 0.8002 - Val PR-AUC: 0.3490
Epoch 34/100 - Loss: 0.3366 - Val F1: 0.4077 - Val ROC-AUC: 0.8052 - Val PR-AUC: 0.3501
Epoch 35/100 - Loss: 0.3375 - Val F1: 0.3930 - Val ROC-AUC: 0.8025 - Val PR-AUC: 0.3515
Epoch 36/100 - Loss: 0.3269 - Val F1: 0.4273 - Val ROC-AUC: 0.8128 - Val PR-AUC: 0.3903
Epoch 37/100 - Loss: 0.3358 - Val F1: 0.4169 - Val ROC-AUC: 0.8093 - Val PR-AUC: 0.3520
Epoch 38/100 - Loss: 0.3247 - Val F1: 0.4087 - Val ROC-AUC: 0.8096 - Val PR-AUC: 0.3839
Epoch 39/100 - Loss: 0.3220 - Val F1: 0.4286 - Val ROC-AUC: 0.8076 - Val PR-AUC: 0.3594
Epoch 40/100 - Loss: 0.3236 - Val F1: 0.4170 - Val ROC-AUC: 0.8023 - Val PR-AUC: 0.3508
Epoch 41/100 - Loss: 0.3186 - Val F1: 0.4164 - Val ROC-AUC: 0.8079 - Val PR-AUC: 0.3550
Epoch 42/100 - Loss: 0.3090 - Val F1: 0.4321 - Val ROC-AUC: 0.8091 - Val PR-AUC: 0.3644
Epoch 43/100 - Loss: 0.3111 - Val F1: 0.4315 - Val ROC-AUC: 0.8099 - Val PR-AUC: 0.3649
Epoch 44/100 - Loss: 0.2956 - Val F1: 0.4106 - Val ROC-AUC: 0.8043 - Val PR-AUC: 0.3583
Epoch 45/100 - Loss: 0.3041 - Val F1: 0.4337 - Val ROC-AUC: 0.8105 - Val PR-AUC: 0.3776
Epoch 46/100 - Loss: 0.2899 - Val F1: 0.4198 - Val ROC-AUC: 0.8111 - Val PR-AUC: 0.3661
Epoch 47/100 - Loss: 0.2963 - Val F1: 0.4329 - Val ROC-AUC: 0.8054 - Val PR-AUC: 0.3473
Epoch 48/100 - Loss: 0.3058 - Val F1: 0.4401 - Val ROC-AUC: 0.8084 - Val PR-AUC: 0.3715
Epoch 49/100 - Loss: 0.2975 - Val F1: 0.4415 - Val ROC-AUC: 0.8059 - Val PR-AUC: 0.3594
Epoch 50/100 - Loss: 0.3090 - Val F1: 0.4123 - Val ROC-AUC: 0.8056 - Val PR-AUC: 0.3454
Epoch 51/100 - Loss: 0.2809 - Val F1: 0.4119 - Val ROC-AUC: 0.8040 - Val PR-AUC: 0.3467
Epoch 52/100 - Loss: 0.2918 - Val F1: 0.4214 - Val ROC-AUC: 0.8060 - Val PR-AUC: 0.3431
Epoch 53/100 - Loss: 0.2882 - Val F1: 0.4217 - Val ROC-AUC: 0.8040 - Val PR-AUC: 0.3424
Epoch 54/100 - Loss: 0.2911 - Val F1: 0.4331 - Val ROC-AUC: 0.8110 - Val PR-AUC: 0.3476
Epoch 55/100 - Loss: 0.2930 - Val F1: 0.4272 - Val ROC-AUC: 0.8067 - Val PR-AUC: 0.3528
Epoch 56/100 - Loss: 0.2786 - Val F1: 0.4367 - Val ROC-AUC: 0.8078 - Val PR-AUC: 0.3511
Epoch 57/100 - Loss: 0.2777 - Val F1: 0.4200 - Val ROC-AUC: 0.8032 - Val PR-AUC: 0.3506
Epoch 58/100 - Loss: 0.2803 - Val F1: 0.4118 - Val ROC-AUC: 0.8009 - Val PR-AUC: 0.3457
Epoch 59/100 - Loss: 0.2926 - Val F1: 0.4232 - Val ROC-AUC: 0.8002 - Val PR-AUC: 0.3363
Epoch 60/100 - Loss: 0.2811 - Val F1: 0.4123 - Val ROC-AUC: 0.7995 - Val PR-AUC: 0.3478
Epoch 61/100 - Loss: 0.2828 - Val F1: 0.4087 - Val ROC-AUC: 0.8023 - Val PR-AUC: 0.3501
Epoch 62/100 - Loss: 0.2846 - Val F1: 0.4328 - Val ROC-AUC: 0.8015 - Val PR-AUC: 0.3443
Epoch 63/100 - Loss: 0.2787 - Val F1: 0.4151 - Val ROC-AUC: 0.8013 - Val PR-AUC: 0.3416
Epoch 64/100 - Loss: 0.2793 - Val F1: 0.4257 - Val ROC-AUC: 0.8033 - Val PR-AUC: 0.3492
Epoch 65/100 - Loss: 0.2802 - Val F1: 0.4224 - Val ROC-AUC: 0.8061 - Val PR-AUC: 0.3438
Epoch 66/100 - Loss: 0.2771 - Val F1: 0.4116 - Val ROC-AUC: 0.8012 - Val PR-AUC: 0.3401
Epoch 67/100 - Loss: 0.2868 - Val F1: 0.4295 - Val ROC-AUC: 0.8047 - Val PR-AUC: 0.3479
Epoch 68/100 - Loss: 0.2792 - Val F1: 0.4226 - Val ROC-AUC: 0.8016 - Val PR-AUC: 0.3372
Epoch 69/100 - Loss: 0.2787 - Val F1: 0.4261 - Val ROC-AUC: 0.8039 - Val PR-AUC: 0.3467
Epoch 70/100 - Loss: 0.2660 - Val F1: 0.4189 - Val ROC-AUC: 0.8053 - Val PR-AUC: 0.3452
Epoch 71/100 - Loss: 0.2724 - Val F1: 0.4177 - Val ROC-AUC: 0.8025 - Val PR-AUC: 0.3417
Epoch 72/100 - Loss: 0.2731 - Val F1: 0.4174 - Val ROC-AUC: 0.8035 - Val PR-AUC: 0.3445
Epoch 73/100 - Loss: 0.2726 - Val F1: 0.4241 - Val ROC-AUC: 0.8058 - Val PR-AUC: 0.3396
Epoch 74/100 - Loss: 0.2714 - Val F1: 0.4152 - Val ROC-AUC: 0.8094 - Val PR-AUC: 0.3527
Epoch 75/100 - Loss: 0.2872 - Val F1: 0.4177 - Val ROC-AUC: 0.8011 - Val PR-AUC: 0.3402
Epoch 76/100 - Loss: 0.2737 - Val F1: 0.4104 - Val ROC-AUC: 0.8021 - Val PR-AUC: 0.3391
Epoch 77/100 - Loss: 0.2659 - Val F1: 0.4230 - Val ROC-AUC: 0.8054 - Val PR-AUC: 0.3384
Epoch 78/100 - Loss: 0.2716 - Val F1: 0.4186 - Val ROC-AUC: 0.8057 - Val PR-AUC: 0.3436
Epoch 79/100 - Loss: 0.2654 - Val F1: 0.4336 - Val ROC-AUC: 0.8041 - Val PR-AUC: 0.3483
Epoch 80/100 - Loss: 0.2672 - Val F1: 0.4303 - Val ROC-AUC: 0.8103 - Val PR-AUC: 0.3537
Epoch 81/100 - Loss: 0.2679 - Val F1: 0.4295 - Val ROC-AUC: 0.8090 - Val PR-AUC: 0.3509
Epoch 82/100 - Loss: 0.2726 - Val F1: 0.4241 - Val ROC-AUC: 0.8082 - Val PR-AUC: 0.3529
Epoch 83/100 - Loss: 0.2764 - Val F1: 0.4244 - Val ROC-AUC: 0.8071 - Val PR-AUC: 0.3462
Epoch 84/100 - Loss: 0.2670 - Val F1: 0.4248 - Val ROC-AUC: 0.8050 - Val PR-AUC: 0.3460
Epoch 85/100 - Loss: 0.2711 - Val F1: 0.4087 - Val ROC-AUC: 0.8080 - Val PR-AUC: 0.3548
Epoch 86/100 - Loss: 0.2810 - Val F1: 0.4156 - Val ROC-AUC: 0.8052 - Val PR-AUC: 0.3408
Epoch 87/100 - Loss: 0.2545 - Val F1: 0.4235 - Val ROC-AUC: 0.8061 - Val PR-AUC: 0.3434
Epoch 88/100 - Loss: 0.2771 - Val F1: 0.4194 - Val ROC-AUC: 0.8061 - Val PR-AUC: 0.3463
Epoch 89/100 - Loss: 0.2793 - Val F1: 0.4306 - Val ROC-AUC: 0.8034 - Val PR-AUC: 0.3419
Epoch 90/100 - Loss: 0.2705 - Val F1: 0.4221 - Val ROC-AUC: 0.8062 - Val PR-AUC: 0.3452
Epoch 91/100 - Loss: 0.2667 - Val F1: 0.4186 - Val ROC-AUC: 0.8071 - Val PR-AUC: 0.3480
Epoch 92/100 - Loss: 0.2773 - Val F1: 0.4242 - Val ROC-AUC: 0.8067 - Val PR-AUC: 0.3491
Epoch 93/100 - Loss: 0.2648 - Val F1: 0.4158 - Val ROC-AUC: 0.8062 - Val PR-AUC: 0.3476
Epoch 94/100 - Loss: 0.2710 - Val F1: 0.4183 - Val ROC-AUC: 0.8055 - Val PR-AUC: 0.3447
Epoch 95/100 - Loss: 0.2638 - Val F1: 0.4214 - Val ROC-AUC: 0.8052 - Val PR-AUC: 0.3523
Epoch 96/100 - Loss: 0.2714 - Val F1: 0.4186 - Val ROC-AUC: 0.8049 - Val PR-AUC: 0.3456
Epoch 97/100 - Loss: 0.2766 - Val F1: 0.4228 - Val ROC-AUC: 0.8052 - Val PR-AUC: 0.3472
Epoch 98/100 - Loss: 0.2650 - Val F1: 0.4099 - Val ROC-AUC: 0.8055 - Val PR-AUC: 0.3411
Epoch 99/100 - Loss: 0.2622 - Val F1: 0.4118 - Val ROC-AUC: 0.8063 - Val PR-AUC: 0.3543
Epoch 100/100 - Loss: 0.2703 - Val F1: 0.4145 - Val ROC-AUC: 0.8065 - Val PR-AUC: 0.3499
Pretraining completed. Test F1: 0.4413, ROC-AUC: 0.7957, PR-AUC: 0.3956
[3/4] Finetuning on TOX21_ERa_LUC_VM7_Agonist using GIN_GCN...
[Fine-tune] Epoch 1/50 - Loss: 0.6874 - Val F1: 0.2632 - Val ROC-AUC: 0.6687 - Val PR-AUC: 0.2498
[Fine-tune] Epoch 2/50 - Loss: 0.6264 - Val F1: 0.2629 - Val ROC-AUC: 0.6534 - Val PR-AUC: 0.2540
[Fine-tune] Epoch 3/50 - Loss: 0.6042 - Val F1: 0.2982 - Val ROC-AUC: 0.6645 - Val PR-AUC: 0.2790
[Fine-tune] Epoch 4/50 - Loss: 0.6046 - Val F1: 0.3071 - Val ROC-AUC: 0.6790 - Val PR-AUC: 0.3028
[Fine-tune] Epoch 5/50 - Loss: 0.5877 - Val F1: 0.3103 - Val ROC-AUC: 0.6698 - Val PR-AUC: 0.2885
[Fine-tune] Epoch 6/50 - Loss: 0.5777 - Val F1: 0.3141 - Val ROC-AUC: 0.6954 - Val PR-AUC: 0.3074
[Fine-tune] Epoch 7/50 - Loss: 0.5619 - Val F1: 0.2839 - Val ROC-AUC: 0.6640 - Val PR-AUC: 0.3046
[Fine-tune] Epoch 8/50 - Loss: 0.5532 - Val F1: 0.2936 - Val ROC-AUC: 0.6804 - Val PR-AUC: 0.3114
[Fine-tune] Epoch 9/50 - Loss: 0.5444 - Val F1: 0.3061 - Val ROC-AUC: 0.6706 - Val PR-AUC: 0.3088
[Fine-tune] Epoch 10/50 - Loss: 0.5332 - Val F1: 0.3333 - Val ROC-AUC: 0.7083 - Val PR-AUC: 0.3271
[Fine-tune] Epoch 11/50 - Loss: 0.5174 - Val F1: 0.3042 - Val ROC-AUC: 0.6726 - Val PR-AUC: 0.2975
[Fine-tune] Epoch 12/50 - Loss: 0.5002 - Val F1: 0.3168 - Val ROC-AUC: 0.6723 - Val PR-AUC: 0.2876
[Fine-tune] Epoch 13/50 - Loss: 0.4865 - Val F1: 0.3607 - Val ROC-AUC: 0.7112 - Val PR-AUC: 0.3355
[Fine-tune] Epoch 14/50 - Loss: 0.4660 - Val F1: 0.3408 - Val ROC-AUC: 0.7134 - Val PR-AUC: 0.3309
[Fine-tune] Epoch 15/50 - Loss: 0.4710 - Val F1: 0.3333 - Val ROC-AUC: 0.6930 - Val PR-AUC: 0.3403
[Fine-tune] Epoch 16/50 - Loss: 0.4652 - Val F1: 0.3173 - Val ROC-AUC: 0.6870 - Val PR-AUC: 0.3058
[Fine-tune] Epoch 17/50 - Loss: 0.4674 - Val F1: 0.3312 - Val ROC-AUC: 0.6975 - Val PR-AUC: 0.3018
[Fine-tune] Epoch 18/50 - Loss: 0.4418 - Val F1: 0.3283 - Val ROC-AUC: 0.6961 - Val PR-AUC: 0.3143
[Fine-tune] Epoch 19/50 - Loss: 0.4262 - Val F1: 0.3183 - Val ROC-AUC: 0.6858 - Val PR-AUC: 0.2873
[Fine-tune] Epoch 20/50 - Loss: 0.4284 - Val F1: 0.3578 - Val ROC-AUC: 0.7174 - Val PR-AUC: 0.3451
[Fine-tune] Epoch 21/50 - Loss: 0.3989 - Val F1: 0.3642 - Val ROC-AUC: 0.6997 - Val PR-AUC: 0.3204
[Fine-tune] Epoch 22/50 - Loss: 0.3946 - Val F1: 0.3730 - Val ROC-AUC: 0.6979 - Val PR-AUC: 0.3209
[Fine-tune] Epoch 23/50 - Loss: 0.3781 - Val F1: 0.3617 - Val ROC-AUC: 0.7124 - Val PR-AUC: 0.3410
[Fine-tune] Epoch 24/50 - Loss: 0.3768 - Val F1: 0.3215 - Val ROC-AUC: 0.6886 - Val PR-AUC: 0.2758
[Fine-tune] Epoch 25/50 - Loss: 0.3624 - Val F1: 0.2939 - Val ROC-AUC: 0.6956 - Val PR-AUC: 0.2963
[Fine-tune] Epoch 26/50 - Loss: 0.3631 - Val F1: 0.3505 - Val ROC-AUC: 0.6911 - Val PR-AUC: 0.3294
[Fine-tune] Epoch 27/50 - Loss: 0.3510 - Val F1: 0.3508 - Val ROC-AUC: 0.6961 - Val PR-AUC: 0.3113
[Fine-tune] Epoch 28/50 - Loss: 0.3452 - Val F1: 0.3187 - Val ROC-AUC: 0.6865 - Val PR-AUC: 0.3237
[Fine-tune] Epoch 29/50 - Loss: 0.3306 - Val F1: 0.3537 - Val ROC-AUC: 0.6998 - Val PR-AUC: 0.3321
[Fine-tune] Epoch 30/50 - Loss: 0.3375 - Val F1: 0.3478 - Val ROC-AUC: 0.7020 - Val PR-AUC: 0.3149
[Fine-tune] Epoch 31/50 - Loss: 0.3173 - Val F1: 0.3443 - Val ROC-AUC: 0.6916 - Val PR-AUC: 0.2743
[Fine-tune] Epoch 32/50 - Loss: 0.3119 - Val F1: 0.3562 - Val ROC-AUC: 0.7009 - Val PR-AUC: 0.2919
[Fine-tune] Epoch 33/50 - Loss: 0.3113 - Val F1: 0.3400 - Val ROC-AUC: 0.7009 - Val PR-AUC: 0.2839
[Fine-tune] Epoch 34/50 - Loss: 0.2971 - Val F1: 0.3623 - Val ROC-AUC: 0.7030 - Val PR-AUC: 0.2915
[Fine-tune] Epoch 35/50 - Loss: 0.3021 - Val F1: 0.3525 - Val ROC-AUC: 0.6898 - Val PR-AUC: 0.2974
[Fine-tune] Epoch 36/50 - Loss: 0.2884 - Val F1: 0.3769 - Val ROC-AUC: 0.7051 - Val PR-AUC: 0.3214
[Fine-tune] Epoch 37/50 - Loss: 0.2826 - Val F1: 0.3418 - Val ROC-AUC: 0.6948 - Val PR-AUC: 0.2973
[Fine-tune] Epoch 38/50 - Loss: 0.2888 - Val F1: 0.3592 - Val ROC-AUC: 0.6995 - Val PR-AUC: 0.2811
[Fine-tune] Epoch 39/50 - Loss: 0.2858 - Val F1: 0.3559 - Val ROC-AUC: 0.7058 - Val PR-AUC: 0.2941
[Fine-tune] Epoch 40/50 - Loss: 0.2696 - Val F1: 0.3651 - Val ROC-AUC: 0.6996 - Val PR-AUC: 0.2830
[Fine-tune] Epoch 41/50 - Loss: 0.2644 - Val F1: 0.3603 - Val ROC-AUC: 0.7055 - Val PR-AUC: 0.2870
[Fine-tune] Epoch 42/50 - Loss: 0.2751 - Val F1: 0.3497 - Val ROC-AUC: 0.7048 - Val PR-AUC: 0.2994
[Fine-tune] Epoch 43/50 - Loss: 0.2516 - Val F1: 0.3715 - Val ROC-AUC: 0.6994 - Val PR-AUC: 0.2824
[Fine-tune] Epoch 44/50 - Loss: 0.2500 - Val F1: 0.3422 - Val ROC-AUC: 0.6954 - Val PR-AUC: 0.2869
[Fine-tune] Epoch 45/50 - Loss: 0.2536 - Val F1: 0.3511 - Val ROC-AUC: 0.6925 - Val PR-AUC: 0.2959
[Fine-tune] Epoch 46/50 - Loss: 0.2483 - Val F1: 0.3629 - Val ROC-AUC: 0.7029 - Val PR-AUC: 0.2951
[Fine-tune] Epoch 47/50 - Loss: 0.2475 - Val F1: 0.3594 - Val ROC-AUC: 0.6953 - Val PR-AUC: 0.3045
[Fine-tune] Epoch 48/50 - Loss: 0.2510 - Val F1: 0.3254 - Val ROC-AUC: 0.6921 - Val PR-AUC: 0.2747
[Fine-tune] Epoch 49/50 - Loss: 0.2451 - Val F1: 0.3630 - Val ROC-AUC: 0.7000 - Val PR-AUC: 0.2964
[Fine-tune] Epoch 50/50 - Loss: 0.2400 - Val F1: 0.3547 - Val ROC-AUC: 0.6985 - Val PR-AUC: 0.2827
Finetuning completed. Test F1: 0.3383, ROC-AUC: 0.6423, PR-AUC: 0.3068
[3.1/4] Target-only training on TOX21_ERa_LUC_VM7_Agonist using GIN_GCN...
=== Target-only training ===
[Target-only] Epoch 1/50 – Loss: 0.6651  Val F1: 0.2779  ROC-AUC: 0.6231  PR-AUC: 0.2208
[Target-only] Epoch 2/50 – Loss: 0.6490  Val F1: 0.2734  ROC-AUC: 0.6624  PR-AUC: 0.2530
[Target-only] Epoch 3/50 – Loss: 0.6321  Val F1: 0.2970  ROC-AUC: 0.6752  PR-AUC: 0.2528
[Target-only] Epoch 4/50 – Loss: 0.6211  Val F1: 0.3000  ROC-AUC: 0.6470  PR-AUC: 0.2518
[Target-only] Epoch 5/50 – Loss: 0.6128  Val F1: 0.2877  ROC-AUC: 0.6674  PR-AUC: 0.2806
[Target-only] Epoch 6/50 – Loss: 0.6114  Val F1: 0.2526  ROC-AUC: 0.6174  PR-AUC: 0.2423
[Target-only] Epoch 7/50 – Loss: 0.6100  Val F1: 0.2691  ROC-AUC: 0.6385  PR-AUC: 0.2482
[Target-only] Epoch 8/50 – Loss: 0.6024  Val F1: 0.3012  ROC-AUC: 0.6850  PR-AUC: 0.2443
[Target-only] Epoch 9/50 – Loss: 0.5918  Val F1: 0.2765  ROC-AUC: 0.6688  PR-AUC: 0.2929
[Target-only] Epoch 10/50 – Loss: 0.5966  Val F1: 0.2712  ROC-AUC: 0.6656  PR-AUC: 0.2757
[Target-only] Epoch 11/50 – Loss: 0.5675  Val F1: 0.3130  ROC-AUC: 0.6908  PR-AUC: 0.3184
[Target-only] Epoch 12/50 – Loss: 0.5705  Val F1: 0.3164  ROC-AUC: 0.6752  PR-AUC: 0.3037
[Target-only] Epoch 13/50 – Loss: 0.5615  Val F1: 0.2613  ROC-AUC: 0.6552  PR-AUC: 0.2977
[Target-only] Epoch 14/50 – Loss: 0.5463  Val F1: 0.3423  ROC-AUC: 0.6864  PR-AUC: 0.3112
[Target-only] Epoch 15/50 – Loss: 0.5400  Val F1: 0.2865  ROC-AUC: 0.6661  PR-AUC: 0.3006
[Target-only] Epoch 16/50 – Loss: 0.5495  Val F1: 0.3421  ROC-AUC: 0.6832  PR-AUC: 0.2986
[Target-only] Epoch 17/50 – Loss: 0.5347  Val F1: 0.3233  ROC-AUC: 0.7042  PR-AUC: 0.3143
[Target-only] Epoch 18/50 – Loss: 0.5168  Val F1: 0.3343  ROC-AUC: 0.6929  PR-AUC: 0.3135
[Target-only] Epoch 19/50 – Loss: 0.5180  Val F1: 0.2968  ROC-AUC: 0.6890  PR-AUC: 0.2913
[Target-only] Epoch 20/50 – Loss: 0.5092  Val F1: 0.3034  ROC-AUC: 0.6728  PR-AUC: 0.3221
[Target-only] Epoch 21/50 – Loss: 0.4968  Val F1: 0.3221  ROC-AUC: 0.6797  PR-AUC: 0.3141
[Target-only] Epoch 22/50 – Loss: 0.4894  Val F1: 0.3291  ROC-AUC: 0.6799  PR-AUC: 0.3253
[Target-only] Epoch 23/50 – Loss: 0.4712  Val F1: 0.3696  ROC-AUC: 0.7057  PR-AUC: 0.3538
[Target-only] Epoch 24/50 – Loss: 0.4649  Val F1: 0.3302  ROC-AUC: 0.6967  PR-AUC: 0.3216
[Target-only] Epoch 25/50 – Loss: 0.4745  Val F1: 0.3312  ROC-AUC: 0.6808  PR-AUC: 0.3082
[Target-only] Epoch 26/50 – Loss: 0.4565  Val F1: 0.3220  ROC-AUC: 0.6877  PR-AUC: 0.3302
[Target-only] Epoch 27/50 – Loss: 0.4494  Val F1: 0.3522  ROC-AUC: 0.7118  PR-AUC: 0.3319
[Target-only] Epoch 28/50 – Loss: 0.4405  Val F1: 0.3302  ROC-AUC: 0.7024  PR-AUC: 0.3346
[Target-only] Epoch 29/50 – Loss: 0.4348  Val F1: 0.3440  ROC-AUC: 0.7094  PR-AUC: 0.3379
[Target-only] Epoch 30/50 – Loss: 0.4379  Val F1: 0.3365  ROC-AUC: 0.7012  PR-AUC: 0.3376
[Target-only] Epoch 31/50 – Loss: 0.4118  Val F1: 0.3464  ROC-AUC: 0.7034  PR-AUC: 0.3502
[Target-only] Epoch 32/50 – Loss: 0.4148  Val F1: 0.3464  ROC-AUC: 0.7030  PR-AUC: 0.3254
[Target-only] Epoch 33/50 – Loss: 0.4123  Val F1: 0.3625  ROC-AUC: 0.7270  PR-AUC: 0.3417
[Target-only] Epoch 34/50 – Loss: 0.3953  Val F1: 0.3366  ROC-AUC: 0.7069  PR-AUC: 0.3441
[Target-only] Epoch 35/50 – Loss: 0.3950  Val F1: 0.3226  ROC-AUC: 0.7109  PR-AUC: 0.3220
[Target-only] Epoch 36/50 – Loss: 0.3871  Val F1: 0.3609  ROC-AUC: 0.7229  PR-AUC: 0.3457
[Target-only] Epoch 37/50 – Loss: 0.3874  Val F1: 0.3518  ROC-AUC: 0.7174  PR-AUC: 0.3562
[Target-only] Epoch 38/50 – Loss: 0.3802  Val F1: 0.3586  ROC-AUC: 0.7159  PR-AUC: 0.3506
[Target-only] Epoch 39/50 – Loss: 0.3736  Val F1: 0.3590  ROC-AUC: 0.7157  PR-AUC: 0.3589
[Target-only] Epoch 40/50 – Loss: 0.3758  Val F1: 0.3522  ROC-AUC: 0.7289  PR-AUC: 0.3482
[Target-only] Epoch 41/50 – Loss: 0.3656  Val F1: 0.3475  ROC-AUC: 0.7162  PR-AUC: 0.3390
[Target-only] Epoch 42/50 – Loss: 0.3540  Val F1: 0.3467  ROC-AUC: 0.7173  PR-AUC: 0.3323
[Target-only] Epoch 43/50 – Loss: 0.3573  Val F1: 0.3444  ROC-AUC: 0.7170  PR-AUC: 0.3226
[Target-only] Epoch 44/50 – Loss: 0.3631  Val F1: 0.3545  ROC-AUC: 0.7100  PR-AUC: 0.3240
[Target-only] Epoch 45/50 – Loss: 0.3548  Val F1: 0.3423  ROC-AUC: 0.7149  PR-AUC: 0.3404
[Target-only] Epoch 46/50 – Loss: 0.3391  Val F1: 0.3557  ROC-AUC: 0.7179  PR-AUC: 0.3345
[Target-only] Epoch 47/50 – Loss: 0.3472  Val F1: 0.3394  ROC-AUC: 0.7162  PR-AUC: 0.3312
[Target-only] Epoch 48/50 – Loss: 0.3514  Val F1: 0.3491  ROC-AUC: 0.7108  PR-AUC: 0.3375
[Target-only] Epoch 49/50 – Loss: 0.3461  Val F1: 0.3442  ROC-AUC: 0.7155  PR-AUC: 0.3267
[Target-only] Epoch 50/50 – Loss: 0.3359  Val F1: 0.3213  ROC-AUC: 0.7103  PR-AUC: 0.3306
=== Target-only TEST performance ===
Test F1: 0.3311, ROC-AUC: 0.6527, PR-AUC: 0.3209
✅ 실험 완료: TOX21_ERa_BLA_Antagonist_ratio -> TOX21_ERa_LUC_VM7_Agonist [GIN_GCN]
