[1/4] Excel → CSV 변환 중...
Saved pretrain CSV for TOX21_ERa_BLA_Antagonist_ratio: data/sample/TOX21_ERa_BLA_Antagonist_ratio.csv
Saved pretrain CSV for TOX21_ERa_LUC_VM7_Agonist: data/sample/TOX21_ERa_LUC_VM7_Agonist.csv
Saved pretrain CSV for TOX21_ERa_BLA_Antagonist_viability: data/sample/TOX21_ERa_BLA_Antagonist_viability.csv
Saved pretrain CSV for TOX21_ERa_LUC_VM7_Antagonist_0.5nM_E2: data/sample/TOX21_ERa_LUC_VM7_Antagonist_0.5nM_E2.csv
Saved pretrain CSV for TOX21_ERa_BLA_Antagonist_ch2: data/sample/TOX21_ERa_BLA_Antagonist_ch2.csv
Saved pretrain CSV for TOX21_ERa_BLA_Antagonist_ch1: data/sample/TOX21_ERa_BLA_Antagonist_ch1.csv
Saved pretrain CSV for TOX21_ERa_LUC_VM7_Antagonist_0.5nM_E2_viability: data/sample/TOX21_ERa_LUC_VM7_Antagonist_0.5nM_E2_viability.csv
Saved pretrain CSV for TOX21_ERa_BLA_Agonist_ch2: data/sample/TOX21_ERa_BLA_Agonist_ch2.csv
Saved pretrain CSV for TOX21_ERa_BLA_Agonist_ch1: data/sample/TOX21_ERa_BLA_Agonist_ch1.csv
Saved pretrain CSV for TOX21_ERa_BLA_Agonist_ratio: data/sample/TOX21_ERa_BLA_Agonist_ratio.csv
Saved pretrain CSV for TOX21_ERb_BLA_Antagonist_ch1: data/sample/TOX21_ERb_BLA_Antagonist_ch1.csv
Saved pretrain CSV for TOX21_ERb_BLA_Antagonist_ch2: data/sample/TOX21_ERb_BLA_Antagonist_ch2.csv
Saved pretrain CSV for TOX21_ERb_BLA_Agonist_viability: data/sample/TOX21_ERb_BLA_Agonist_viability.csv
Saved pretrain CSV for TOX21_ERb_BLA_Agonist_ratio: data/sample/TOX21_ERb_BLA_Agonist_ratio.csv
Saved pretrain CSV for TOX21_ERb_BLA_Agonist_ch2: data/sample/TOX21_ERb_BLA_Agonist_ch2.csv
Saved pretrain CSV for TOX21_ERb_BLA_Agonist_ch1: data/sample/TOX21_ERb_BLA_Agonist_ch1.csv
Saved pretrain CSV for TOX21_ERR_LUC_Agonist: data/sample/TOX21_ERR_LUC_Agonist.csv
Saved pretrain CSV for TOX21_ERa_LUC_VM7_Agonist_10nM_ICI182780_viability: data/sample/TOX21_ERa_LUC_VM7_Agonist_10nM_ICI182780_viability.csv
Saved pretrain CSV for TOX21_ERa_LUC_VM7_Antagonist_0.1nM_E2: data/sample/TOX21_ERa_LUC_VM7_Antagonist_0.1nM_E2.csv
Saved pretrain CSV for TOX21_ERb_BLA_Antagonist_ratio: data/sample/TOX21_ERb_BLA_Antagonist_ratio.csv
Saved pretrain CSV for TOX21_ERa_LUC_VM7_Agonist_10nM_ICI182780: data/sample/TOX21_ERa_LUC_VM7_Agonist_10nM_ICI182780.csv
Saved pretrain CSV for TOX21_ERR_LUC_viability: data/sample/TOX21_ERR_LUC_viability.csv
Saved pretrain CSV for TOX21_ERR_LUC_Antagonist: data/sample/TOX21_ERR_LUC_Antagonist.csv
Saved pretrain CSV for TOX21_ERa_LUC_VM7_Antagonist_0.1nM_E2_viability: data/sample/TOX21_ERa_LUC_VM7_Antagonist_0.1nM_E2_viability.csv
Saved pretrain CSV for TOX21_ERb_BLA_Antagonist_viability: data/sample/TOX21_ERb_BLA_Antagonist_viability.csv
Saved finetune CSV for TOX21_ERa_BLA_Antagonist_ratio: data/sample/TOX21_ERa_BLA_Antagonist_ratio.csv
Saved finetune CSV for TOX21_ERa_LUC_VM7_Agonist: data/sample/TOX21_ERa_LUC_VM7_Agonist.csv
Saved finetune CSV for TOX21_ERa_BLA_Antagonist_viability: data/sample/TOX21_ERa_BLA_Antagonist_viability.csv
Saved finetune CSV for TOX21_ERa_LUC_VM7_Antagonist_0.5nM_E2: data/sample/TOX21_ERa_LUC_VM7_Antagonist_0.5nM_E2.csv
Saved finetune CSV for TOX21_ERa_BLA_Antagonist_ch2: data/sample/TOX21_ERa_BLA_Antagonist_ch2.csv
Saved finetune CSV for TOX21_ERa_BLA_Antagonist_ch1: data/sample/TOX21_ERa_BLA_Antagonist_ch1.csv
Saved finetune CSV for TOX21_ERa_LUC_VM7_Antagonist_0.5nM_E2_viability: data/sample/TOX21_ERa_LUC_VM7_Antagonist_0.5nM_E2_viability.csv
Saved finetune CSV for TOX21_ERa_BLA_Agonist_ch2: data/sample/TOX21_ERa_BLA_Agonist_ch2.csv
Saved finetune CSV for TOX21_ERa_BLA_Agonist_ch1: data/sample/TOX21_ERa_BLA_Agonist_ch1.csv
Saved finetune CSV for TOX21_ERa_BLA_Agonist_ratio: data/sample/TOX21_ERa_BLA_Agonist_ratio.csv
Saved finetune CSV for TOX21_ERb_BLA_Antagonist_ch1: data/sample/TOX21_ERb_BLA_Antagonist_ch1.csv
Saved finetune CSV for TOX21_ERb_BLA_Antagonist_ch2: data/sample/TOX21_ERb_BLA_Antagonist_ch2.csv
Saved finetune CSV for TOX21_ERb_BLA_Agonist_viability: data/sample/TOX21_ERb_BLA_Agonist_viability.csv
Saved finetune CSV for TOX21_ERb_BLA_Agonist_ratio: data/sample/TOX21_ERb_BLA_Agonist_ratio.csv
Saved finetune CSV for TOX21_ERb_BLA_Agonist_ch2: data/sample/TOX21_ERb_BLA_Agonist_ch2.csv
Saved finetune CSV for TOX21_ERb_BLA_Agonist_ch1: data/sample/TOX21_ERb_BLA_Agonist_ch1.csv
Saved finetune CSV for TOX21_ERR_LUC_Agonist: data/sample/TOX21_ERR_LUC_Agonist.csv
Saved finetune CSV for TOX21_ERa_LUC_VM7_Agonist_10nM_ICI182780_viability: data/sample/TOX21_ERa_LUC_VM7_Agonist_10nM_ICI182780_viability.csv
Saved finetune CSV for TOX21_ERa_LUC_VM7_Antagonist_0.1nM_E2: data/sample/TOX21_ERa_LUC_VM7_Antagonist_0.1nM_E2.csv
Saved finetune CSV for TOX21_ERb_BLA_Antagonist_ratio: data/sample/TOX21_ERb_BLA_Antagonist_ratio.csv
Saved finetune CSV for TOX21_ERa_LUC_VM7_Agonist_10nM_ICI182780: data/sample/TOX21_ERa_LUC_VM7_Agonist_10nM_ICI182780.csv
Saved finetune CSV for TOX21_ERR_LUC_viability: data/sample/TOX21_ERR_LUC_viability.csv
Saved finetune CSV for TOX21_ERR_LUC_Antagonist: data/sample/TOX21_ERR_LUC_Antagonist.csv
Saved finetune CSV for TOX21_ERa_LUC_VM7_Antagonist_0.1nM_E2_viability: data/sample/TOX21_ERa_LUC_VM7_Antagonist_0.1nM_E2_viability.csv
Saved finetune CSV for TOX21_ERb_BLA_Antagonist_viability: data/sample/TOX21_ERb_BLA_Antagonist_viability.csv
[2/4] Pretraining on TOX21_ERa_BLA_Antagonist_ratio using GIN_GCN...
Epoch 1/100 - Loss: 0.6231 - Val F1: 0.3090 - Val ROC-AUC: 0.6931 - Val PR-AUC: 0.2219
Epoch 2/100 - Loss: 0.5862 - Val F1: 0.3125 - Val ROC-AUC: 0.7026 - Val PR-AUC: 0.2583
Epoch 3/100 - Loss: 0.5733 - Val F1: 0.3691 - Val ROC-AUC: 0.7614 - Val PR-AUC: 0.2919
Epoch 4/100 - Loss: 0.5688 - Val F1: 0.3670 - Val ROC-AUC: 0.7595 - Val PR-AUC: 0.2880
Epoch 5/100 - Loss: 0.5425 - Val F1: 0.3308 - Val ROC-AUC: 0.7529 - Val PR-AUC: 0.2847
Epoch 6/100 - Loss: 0.5329 - Val F1: 0.3266 - Val ROC-AUC: 0.7646 - Val PR-AUC: 0.2960
Epoch 7/100 - Loss: 0.5220 - Val F1: 0.3491 - Val ROC-AUC: 0.7881 - Val PR-AUC: 0.3212
Epoch 8/100 - Loss: 0.5213 - Val F1: 0.3812 - Val ROC-AUC: 0.7779 - Val PR-AUC: 0.2910
Epoch 9/100 - Loss: 0.5114 - Val F1: 0.3894 - Val ROC-AUC: 0.7837 - Val PR-AUC: 0.3008
Epoch 10/100 - Loss: 0.4983 - Val F1: 0.3739 - Val ROC-AUC: 0.7790 - Val PR-AUC: 0.3210
Epoch 11/100 - Loss: 0.4862 - Val F1: 0.3730 - Val ROC-AUC: 0.7851 - Val PR-AUC: 0.3219
Epoch 12/100 - Loss: 0.4696 - Val F1: 0.4134 - Val ROC-AUC: 0.7890 - Val PR-AUC: 0.3411
Epoch 13/100 - Loss: 0.4641 - Val F1: 0.4034 - Val ROC-AUC: 0.7951 - Val PR-AUC: 0.3524
Epoch 14/100 - Loss: 0.4580 - Val F1: 0.4134 - Val ROC-AUC: 0.7895 - Val PR-AUC: 0.3123
Epoch 15/100 - Loss: 0.4605 - Val F1: 0.4091 - Val ROC-AUC: 0.8037 - Val PR-AUC: 0.3462
Epoch 16/100 - Loss: 0.4420 - Val F1: 0.3979 - Val ROC-AUC: 0.7975 - Val PR-AUC: 0.3555
Epoch 17/100 - Loss: 0.4368 - Val F1: 0.4035 - Val ROC-AUC: 0.7904 - Val PR-AUC: 0.3106
Epoch 18/100 - Loss: 0.4427 - Val F1: 0.4330 - Val ROC-AUC: 0.7837 - Val PR-AUC: 0.3397
Epoch 19/100 - Loss: 0.4331 - Val F1: 0.4082 - Val ROC-AUC: 0.7951 - Val PR-AUC: 0.3366
Epoch 20/100 - Loss: 0.4130 - Val F1: 0.4167 - Val ROC-AUC: 0.8005 - Val PR-AUC: 0.3144
Epoch 21/100 - Loss: 0.4125 - Val F1: 0.4230 - Val ROC-AUC: 0.8105 - Val PR-AUC: 0.3471
Epoch 22/100 - Loss: 0.4034 - Val F1: 0.4270 - Val ROC-AUC: 0.8154 - Val PR-AUC: 0.3467
Epoch 23/100 - Loss: 0.4031 - Val F1: 0.3981 - Val ROC-AUC: 0.8006 - Val PR-AUC: 0.3352
Epoch 24/100 - Loss: 0.3961 - Val F1: 0.4034 - Val ROC-AUC: 0.8063 - Val PR-AUC: 0.3469
Epoch 25/100 - Loss: 0.3856 - Val F1: 0.4011 - Val ROC-AUC: 0.8027 - Val PR-AUC: 0.3519
Epoch 26/100 - Loss: 0.3924 - Val F1: 0.3988 - Val ROC-AUC: 0.7982 - Val PR-AUC: 0.3447
Epoch 27/100 - Loss: 0.3878 - Val F1: 0.4142 - Val ROC-AUC: 0.8013 - Val PR-AUC: 0.3457
Epoch 28/100 - Loss: 0.3851 - Val F1: 0.4113 - Val ROC-AUC: 0.8002 - Val PR-AUC: 0.3287
Epoch 29/100 - Loss: 0.3749 - Val F1: 0.4186 - Val ROC-AUC: 0.8033 - Val PR-AUC: 0.3740
Epoch 30/100 - Loss: 0.3747 - Val F1: 0.4348 - Val ROC-AUC: 0.7971 - Val PR-AUC: 0.3342
Epoch 31/100 - Loss: 0.3543 - Val F1: 0.4548 - Val ROC-AUC: 0.7941 - Val PR-AUC: 0.3416
Epoch 32/100 - Loss: 0.3519 - Val F1: 0.4277 - Val ROC-AUC: 0.8072 - Val PR-AUC: 0.3539
Epoch 33/100 - Loss: 0.3531 - Val F1: 0.4121 - Val ROC-AUC: 0.8001 - Val PR-AUC: 0.3551
Epoch 34/100 - Loss: 0.3495 - Val F1: 0.4321 - Val ROC-AUC: 0.7988 - Val PR-AUC: 0.3498
Epoch 35/100 - Loss: 0.3451 - Val F1: 0.4066 - Val ROC-AUC: 0.7997 - Val PR-AUC: 0.3352
Epoch 36/100 - Loss: 0.3330 - Val F1: 0.4121 - Val ROC-AUC: 0.8055 - Val PR-AUC: 0.3559
Epoch 37/100 - Loss: 0.3410 - Val F1: 0.4377 - Val ROC-AUC: 0.8018 - Val PR-AUC: 0.3612
Epoch 38/100 - Loss: 0.3385 - Val F1: 0.4045 - Val ROC-AUC: 0.8005 - Val PR-AUC: 0.3422
Epoch 39/100 - Loss: 0.3264 - Val F1: 0.3948 - Val ROC-AUC: 0.8003 - Val PR-AUC: 0.3380
Epoch 40/100 - Loss: 0.3235 - Val F1: 0.4025 - Val ROC-AUC: 0.7968 - Val PR-AUC: 0.3447
Epoch 41/100 - Loss: 0.3231 - Val F1: 0.4144 - Val ROC-AUC: 0.8036 - Val PR-AUC: 0.3516
Epoch 42/100 - Loss: 0.3158 - Val F1: 0.4207 - Val ROC-AUC: 0.8027 - Val PR-AUC: 0.3528
Epoch 43/100 - Loss: 0.3146 - Val F1: 0.4167 - Val ROC-AUC: 0.8052 - Val PR-AUC: 0.3482
Epoch 44/100 - Loss: 0.3141 - Val F1: 0.4248 - Val ROC-AUC: 0.7989 - Val PR-AUC: 0.3447
Epoch 45/100 - Loss: 0.3198 - Val F1: 0.4148 - Val ROC-AUC: 0.8053 - Val PR-AUC: 0.3543
Epoch 46/100 - Loss: 0.3100 - Val F1: 0.4281 - Val ROC-AUC: 0.8005 - Val PR-AUC: 0.3545
Epoch 47/100 - Loss: 0.3049 - Val F1: 0.4012 - Val ROC-AUC: 0.8004 - Val PR-AUC: 0.3465
Epoch 48/100 - Loss: 0.3176 - Val F1: 0.4365 - Val ROC-AUC: 0.8074 - Val PR-AUC: 0.3613
Epoch 49/100 - Loss: 0.3143 - Val F1: 0.4373 - Val ROC-AUC: 0.8069 - Val PR-AUC: 0.3612
Epoch 50/100 - Loss: 0.3020 - Val F1: 0.4345 - Val ROC-AUC: 0.8070 - Val PR-AUC: 0.3595
Epoch 51/100 - Loss: 0.2961 - Val F1: 0.4226 - Val ROC-AUC: 0.8073 - Val PR-AUC: 0.3524
Epoch 52/100 - Loss: 0.3035 - Val F1: 0.4321 - Val ROC-AUC: 0.8075 - Val PR-AUC: 0.3575
Epoch 53/100 - Loss: 0.2942 - Val F1: 0.4204 - Val ROC-AUC: 0.8069 - Val PR-AUC: 0.3551
Epoch 54/100 - Loss: 0.3026 - Val F1: 0.4409 - Val ROC-AUC: 0.8045 - Val PR-AUC: 0.3523
Epoch 55/100 - Loss: 0.2980 - Val F1: 0.4107 - Val ROC-AUC: 0.8003 - Val PR-AUC: 0.3507
Epoch 56/100 - Loss: 0.3042 - Val F1: 0.4415 - Val ROC-AUC: 0.8075 - Val PR-AUC: 0.3538
Epoch 57/100 - Loss: 0.2968 - Val F1: 0.4351 - Val ROC-AUC: 0.8063 - Val PR-AUC: 0.3542
Epoch 58/100 - Loss: 0.2863 - Val F1: 0.4071 - Val ROC-AUC: 0.8054 - Val PR-AUC: 0.3522
Epoch 59/100 - Loss: 0.2923 - Val F1: 0.4286 - Val ROC-AUC: 0.8020 - Val PR-AUC: 0.3425
Epoch 60/100 - Loss: 0.3007 - Val F1: 0.4332 - Val ROC-AUC: 0.8017 - Val PR-AUC: 0.3496
Epoch 61/100 - Loss: 0.2976 - Val F1: 0.4128 - Val ROC-AUC: 0.8049 - Val PR-AUC: 0.3534
Epoch 62/100 - Loss: 0.2967 - Val F1: 0.4307 - Val ROC-AUC: 0.8084 - Val PR-AUC: 0.3507
Epoch 63/100 - Loss: 0.2819 - Val F1: 0.4132 - Val ROC-AUC: 0.8050 - Val PR-AUC: 0.3470
Epoch 64/100 - Loss: 0.2896 - Val F1: 0.4314 - Val ROC-AUC: 0.8072 - Val PR-AUC: 0.3584
Epoch 65/100 - Loss: 0.2950 - Val F1: 0.4424 - Val ROC-AUC: 0.8067 - Val PR-AUC: 0.3583
Epoch 66/100 - Loss: 0.2957 - Val F1: 0.4272 - Val ROC-AUC: 0.8084 - Val PR-AUC: 0.3594
Epoch 67/100 - Loss: 0.2855 - Val F1: 0.4416 - Val ROC-AUC: 0.8101 - Val PR-AUC: 0.3612
Epoch 68/100 - Loss: 0.2806 - Val F1: 0.4286 - Val ROC-AUC: 0.8062 - Val PR-AUC: 0.3534
Epoch 69/100 - Loss: 0.2816 - Val F1: 0.4348 - Val ROC-AUC: 0.8062 - Val PR-AUC: 0.3573
Epoch 70/100 - Loss: 0.2884 - Val F1: 0.4375 - Val ROC-AUC: 0.8075 - Val PR-AUC: 0.3573
Epoch 71/100 - Loss: 0.2935 - Val F1: 0.4251 - Val ROC-AUC: 0.8071 - Val PR-AUC: 0.3559
Epoch 72/100 - Loss: 0.2751 - Val F1: 0.4375 - Val ROC-AUC: 0.8070 - Val PR-AUC: 0.3565
Epoch 73/100 - Loss: 0.2863 - Val F1: 0.4577 - Val ROC-AUC: 0.8062 - Val PR-AUC: 0.3561
Epoch 74/100 - Loss: 0.2888 - Val F1: 0.4265 - Val ROC-AUC: 0.8077 - Val PR-AUC: 0.3501
Epoch 75/100 - Loss: 0.2846 - Val F1: 0.4437 - Val ROC-AUC: 0.8080 - Val PR-AUC: 0.3536
Epoch 76/100 - Loss: 0.2736 - Val F1: 0.4277 - Val ROC-AUC: 0.8077 - Val PR-AUC: 0.3521
Epoch 77/100 - Loss: 0.2775 - Val F1: 0.4418 - Val ROC-AUC: 0.8089 - Val PR-AUC: 0.3572
Epoch 78/100 - Loss: 0.2736 - Val F1: 0.4424 - Val ROC-AUC: 0.8069 - Val PR-AUC: 0.3521
Epoch 79/100 - Loss: 0.2801 - Val F1: 0.4417 - Val ROC-AUC: 0.8067 - Val PR-AUC: 0.3485
Epoch 80/100 - Loss: 0.2755 - Val F1: 0.4262 - Val ROC-AUC: 0.8070 - Val PR-AUC: 0.3534
Epoch 81/100 - Loss: 0.2909 - Val F1: 0.4205 - Val ROC-AUC: 0.8086 - Val PR-AUC: 0.3521
Epoch 82/100 - Loss: 0.2743 - Val F1: 0.4409 - Val ROC-AUC: 0.8094 - Val PR-AUC: 0.3554
Epoch 83/100 - Loss: 0.2763 - Val F1: 0.4315 - Val ROC-AUC: 0.8099 - Val PR-AUC: 0.3570
Epoch 84/100 - Loss: 0.2765 - Val F1: 0.4500 - Val ROC-AUC: 0.8077 - Val PR-AUC: 0.3549
Epoch 85/100 - Loss: 0.2925 - Val F1: 0.4377 - Val ROC-AUC: 0.8061 - Val PR-AUC: 0.3530
Epoch 86/100 - Loss: 0.2791 - Val F1: 0.4429 - Val ROC-AUC: 0.8082 - Val PR-AUC: 0.3561
Epoch 87/100 - Loss: 0.2783 - Val F1: 0.4358 - Val ROC-AUC: 0.8082 - Val PR-AUC: 0.3543
Epoch 88/100 - Loss: 0.2722 - Val F1: 0.4310 - Val ROC-AUC: 0.8084 - Val PR-AUC: 0.3564
Epoch 89/100 - Loss: 0.2739 - Val F1: 0.4294 - Val ROC-AUC: 0.8082 - Val PR-AUC: 0.3561
Epoch 90/100 - Loss: 0.2696 - Val F1: 0.4340 - Val ROC-AUC: 0.8080 - Val PR-AUC: 0.3513
Epoch 91/100 - Loss: 0.2762 - Val F1: 0.4333 - Val ROC-AUC: 0.8066 - Val PR-AUC: 0.3526
Epoch 92/100 - Loss: 0.2753 - Val F1: 0.4204 - Val ROC-AUC: 0.8066 - Val PR-AUC: 0.3508
Epoch 93/100 - Loss: 0.2747 - Val F1: 0.4258 - Val ROC-AUC: 0.8078 - Val PR-AUC: 0.3525
Epoch 94/100 - Loss: 0.2671 - Val F1: 0.4392 - Val ROC-AUC: 0.8082 - Val PR-AUC: 0.3515
Epoch 95/100 - Loss: 0.2720 - Val F1: 0.4389 - Val ROC-AUC: 0.8064 - Val PR-AUC: 0.3517
Epoch 96/100 - Loss: 0.2759 - Val F1: 0.4492 - Val ROC-AUC: 0.8100 - Val PR-AUC: 0.3546
Epoch 97/100 - Loss: 0.2883 - Val F1: 0.4404 - Val ROC-AUC: 0.8084 - Val PR-AUC: 0.3511
Epoch 98/100 - Loss: 0.2706 - Val F1: 0.4307 - Val ROC-AUC: 0.8082 - Val PR-AUC: 0.3521
Epoch 99/100 - Loss: 0.2746 - Val F1: 0.4343 - Val ROC-AUC: 0.8086 - Val PR-AUC: 0.3530
Epoch 100/100 - Loss: 0.2792 - Val F1: 0.4369 - Val ROC-AUC: 0.8079 - Val PR-AUC: 0.3537
Pretraining completed. Test F1: 0.4181, ROC-AUC: 0.7801, PR-AUC: 0.3662
[3/4] Finetuning on TOX21_ERa_LUC_VM7_Antagonist_0.5nM_E2 using GIN_GCN...
[Fine-tune] Epoch 1/50 - Loss: 0.5945 - Val F1: 0.3113 - Val ROC-AUC: 0.7905 - Val PR-AUC: 0.2783
[Fine-tune] Epoch 2/50 - Loss: 0.5120 - Val F1: 0.3569 - Val ROC-AUC: 0.8166 - Val PR-AUC: 0.3421
[Fine-tune] Epoch 3/50 - Loss: 0.4879 - Val F1: 0.3464 - Val ROC-AUC: 0.8072 - Val PR-AUC: 0.2857
[Fine-tune] Epoch 4/50 - Loss: 0.4745 - Val F1: 0.3492 - Val ROC-AUC: 0.7924 - Val PR-AUC: 0.3172
[Fine-tune] Epoch 5/50 - Loss: 0.4650 - Val F1: 0.3680 - Val ROC-AUC: 0.8059 - Val PR-AUC: 0.3096
[Fine-tune] Epoch 6/50 - Loss: 0.4557 - Val F1: 0.3224 - Val ROC-AUC: 0.7797 - Val PR-AUC: 0.2779
[Fine-tune] Epoch 7/50 - Loss: 0.4456 - Val F1: 0.3683 - Val ROC-AUC: 0.8076 - Val PR-AUC: 0.2852
[Fine-tune] Epoch 8/50 - Loss: 0.4258 - Val F1: 0.3784 - Val ROC-AUC: 0.8156 - Val PR-AUC: 0.3181
[Fine-tune] Epoch 9/50 - Loss: 0.4202 - Val F1: 0.3537 - Val ROC-AUC: 0.7984 - Val PR-AUC: 0.2951
[Fine-tune] Epoch 10/50 - Loss: 0.4073 - Val F1: 0.3671 - Val ROC-AUC: 0.8049 - Val PR-AUC: 0.2980
[Fine-tune] Epoch 11/50 - Loss: 0.3685 - Val F1: 0.3551 - Val ROC-AUC: 0.8021 - Val PR-AUC: 0.3413
[Fine-tune] Epoch 12/50 - Loss: 0.3616 - Val F1: 0.3704 - Val ROC-AUC: 0.8167 - Val PR-AUC: 0.3249
[Fine-tune] Epoch 13/50 - Loss: 0.3364 - Val F1: 0.4064 - Val ROC-AUC: 0.8104 - Val PR-AUC: 0.2972
[Fine-tune] Epoch 14/50 - Loss: 0.3203 - Val F1: 0.3715 - Val ROC-AUC: 0.8051 - Val PR-AUC: 0.2656
[Fine-tune] Epoch 15/50 - Loss: 0.3366 - Val F1: 0.3693 - Val ROC-AUC: 0.8165 - Val PR-AUC: 0.3085
[Fine-tune] Epoch 16/50 - Loss: 0.3223 - Val F1: 0.3378 - Val ROC-AUC: 0.8012 - Val PR-AUC: 0.2953
[Fine-tune] Epoch 17/50 - Loss: 0.3087 - Val F1: 0.3740 - Val ROC-AUC: 0.8068 - Val PR-AUC: 0.3049
[Fine-tune] Epoch 18/50 - Loss: 0.3151 - Val F1: 0.3772 - Val ROC-AUC: 0.8051 - Val PR-AUC: 0.2831
[Fine-tune] Epoch 19/50 - Loss: 0.2912 - Val F1: 0.3967 - Val ROC-AUC: 0.7924 - Val PR-AUC: 0.2674
[Fine-tune] Epoch 20/50 - Loss: 0.2811 - Val F1: 0.3849 - Val ROC-AUC: 0.8145 - Val PR-AUC: 0.2747
[Fine-tune] Epoch 21/50 - Loss: 0.2652 - Val F1: 0.4143 - Val ROC-AUC: 0.8266 - Val PR-AUC: 0.3228
[Fine-tune] Epoch 22/50 - Loss: 0.2487 - Val F1: 0.4075 - Val ROC-AUC: 0.8284 - Val PR-AUC: 0.3348
[Fine-tune] Epoch 23/50 - Loss: 0.2343 - Val F1: 0.4083 - Val ROC-AUC: 0.8289 - Val PR-AUC: 0.3375
[Fine-tune] Epoch 24/50 - Loss: 0.2376 - Val F1: 0.3707 - Val ROC-AUC: 0.8048 - Val PR-AUC: 0.2888
[Fine-tune] Epoch 25/50 - Loss: 0.2453 - Val F1: 0.3884 - Val ROC-AUC: 0.8086 - Val PR-AUC: 0.3170
[Fine-tune] Epoch 26/50 - Loss: 0.2187 - Val F1: 0.4015 - Val ROC-AUC: 0.8305 - Val PR-AUC: 0.3272
[Fine-tune] Epoch 27/50 - Loss: 0.2277 - Val F1: 0.4017 - Val ROC-AUC: 0.8246 - Val PR-AUC: 0.3499
[Fine-tune] Epoch 28/50 - Loss: 0.2165 - Val F1: 0.3818 - Val ROC-AUC: 0.8224 - Val PR-AUC: 0.3412
[Fine-tune] Epoch 29/50 - Loss: 0.2325 - Val F1: 0.4016 - Val ROC-AUC: 0.8182 - Val PR-AUC: 0.3339
[Fine-tune] Epoch 30/50 - Loss: 0.2079 - Val F1: 0.3984 - Val ROC-AUC: 0.8239 - Val PR-AUC: 0.3308
[Fine-tune] Epoch 31/50 - Loss: 0.1896 - Val F1: 0.3801 - Val ROC-AUC: 0.8193 - Val PR-AUC: 0.3351
[Fine-tune] Epoch 32/50 - Loss: 0.1834 - Val F1: 0.3817 - Val ROC-AUC: 0.8234 - Val PR-AUC: 0.3371
[Fine-tune] Epoch 33/50 - Loss: 0.1903 - Val F1: 0.3545 - Val ROC-AUC: 0.8216 - Val PR-AUC: 0.3492
[Fine-tune] Epoch 34/50 - Loss: 0.1848 - Val F1: 0.4017 - Val ROC-AUC: 0.8177 - Val PR-AUC: 0.3403
[Fine-tune] Epoch 35/50 - Loss: 0.1746 - Val F1: 0.3877 - Val ROC-AUC: 0.8227 - Val PR-AUC: 0.3286
[Fine-tune] Epoch 36/50 - Loss: 0.1728 - Val F1: 0.4198 - Val ROC-AUC: 0.8297 - Val PR-AUC: 0.3525
[Fine-tune] Epoch 37/50 - Loss: 0.1729 - Val F1: 0.3596 - Val ROC-AUC: 0.8255 - Val PR-AUC: 0.3458
[Fine-tune] Epoch 38/50 - Loss: 0.1592 - Val F1: 0.3590 - Val ROC-AUC: 0.8163 - Val PR-AUC: 0.3320
[Fine-tune] Epoch 39/50 - Loss: 0.1694 - Val F1: 0.3810 - Val ROC-AUC: 0.8283 - Val PR-AUC: 0.3586
[Fine-tune] Epoch 40/50 - Loss: 0.1656 - Val F1: 0.3619 - Val ROC-AUC: 0.8231 - Val PR-AUC: 0.3575
[Fine-tune] Epoch 41/50 - Loss: 0.1434 - Val F1: 0.3806 - Val ROC-AUC: 0.8168 - Val PR-AUC: 0.3473
[Fine-tune] Epoch 42/50 - Loss: 0.1561 - Val F1: 0.3750 - Val ROC-AUC: 0.8152 - Val PR-AUC: 0.3502
[Fine-tune] Epoch 43/50 - Loss: 0.1483 - Val F1: 0.3512 - Val ROC-AUC: 0.8177 - Val PR-AUC: 0.3668
[Fine-tune] Epoch 44/50 - Loss: 0.1474 - Val F1: 0.3682 - Val ROC-AUC: 0.8164 - Val PR-AUC: 0.3546
[Fine-tune] Epoch 45/50 - Loss: 0.1545 - Val F1: 0.3930 - Val ROC-AUC: 0.8273 - Val PR-AUC: 0.3508
[Fine-tune] Epoch 46/50 - Loss: 0.1501 - Val F1: 0.3719 - Val ROC-AUC: 0.8287 - Val PR-AUC: 0.3674
[Fine-tune] Epoch 47/50 - Loss: 0.1442 - Val F1: 0.3541 - Val ROC-AUC: 0.8232 - Val PR-AUC: 0.3515
[Fine-tune] Epoch 48/50 - Loss: 0.1405 - Val F1: 0.3964 - Val ROC-AUC: 0.8289 - Val PR-AUC: 0.3548
[Fine-tune] Epoch 49/50 - Loss: 0.1337 - Val F1: 0.3886 - Val ROC-AUC: 0.8288 - Val PR-AUC: 0.3510
[Fine-tune] Epoch 50/50 - Loss: 0.1544 - Val F1: 0.3677 - Val ROC-AUC: 0.8216 - Val PR-AUC: 0.3610
Finetuning completed. Test F1: 0.3817, ROC-AUC: 0.7869, PR-AUC: 0.3350
[3.1/4] Target-only training on TOX21_ERa_LUC_VM7_Antagonist_0.5nM_E2 using GIN_GCN...
=== Target-only training ===
[Target-only] Epoch 1/50 – Loss: 0.6114  Val F1: 0.3122  ROC-AUC: 0.7443  PR-AUC: 0.2176
[Target-only] Epoch 2/50 – Loss: 0.5543  Val F1: 0.3062  ROC-AUC: 0.7587  PR-AUC: 0.2207
[Target-only] Epoch 3/50 – Loss: 0.5382  Val F1: 0.3253  ROC-AUC: 0.7824  PR-AUC: 0.2818
[Target-only] Epoch 4/50 – Loss: 0.5281  Val F1: 0.3082  ROC-AUC: 0.7685  PR-AUC: 0.2556
[Target-only] Epoch 5/50 – Loss: 0.5060  Val F1: 0.3488  ROC-AUC: 0.8049  PR-AUC: 0.2840
[Target-only] Epoch 6/50 – Loss: 0.4988  Val F1: 0.3621  ROC-AUC: 0.7980  PR-AUC: 0.2888
[Target-only] Epoch 7/50 – Loss: 0.4939  Val F1: 0.3389  ROC-AUC: 0.7957  PR-AUC: 0.2871
[Target-only] Epoch 8/50 – Loss: 0.4742  Val F1: 0.3277  ROC-AUC: 0.7952  PR-AUC: 0.2867
[Target-only] Epoch 9/50 – Loss: 0.4683  Val F1: 0.3396  ROC-AUC: 0.8097  PR-AUC: 0.3025
[Target-only] Epoch 10/50 – Loss: 0.4593  Val F1: 0.3503  ROC-AUC: 0.8009  PR-AUC: 0.3007
[Target-only] Epoch 11/50 – Loss: 0.4248  Val F1: 0.3803  ROC-AUC: 0.8086  PR-AUC: 0.3163
[Target-only] Epoch 12/50 – Loss: 0.4325  Val F1: 0.3536  ROC-AUC: 0.8102  PR-AUC: 0.3216
[Target-only] Epoch 13/50 – Loss: 0.4150  Val F1: 0.3838  ROC-AUC: 0.8150  PR-AUC: 0.3673
[Target-only] Epoch 14/50 – Loss: 0.4164  Val F1: 0.3721  ROC-AUC: 0.8084  PR-AUC: 0.3208
[Target-only] Epoch 15/50 – Loss: 0.4073  Val F1: 0.3352  ROC-AUC: 0.7924  PR-AUC: 0.3023
[Target-only] Epoch 16/50 – Loss: 0.3916  Val F1: 0.3791  ROC-AUC: 0.7994  PR-AUC: 0.3093
[Target-only] Epoch 17/50 – Loss: 0.3837  Val F1: 0.4040  ROC-AUC: 0.8074  PR-AUC: 0.3189
[Target-only] Epoch 18/50 – Loss: 0.3920  Val F1: 0.3896  ROC-AUC: 0.8117  PR-AUC: 0.3456
[Target-only] Epoch 19/50 – Loss: 0.3732  Val F1: 0.3567  ROC-AUC: 0.7921  PR-AUC: 0.3071
[Target-only] Epoch 20/50 – Loss: 0.3713  Val F1: 0.4000  ROC-AUC: 0.8073  PR-AUC: 0.3015
[Target-only] Epoch 21/50 – Loss: 0.3412  Val F1: 0.3630  ROC-AUC: 0.8081  PR-AUC: 0.3480
[Target-only] Epoch 22/50 – Loss: 0.3475  Val F1: 0.3896  ROC-AUC: 0.8158  PR-AUC: 0.3795
[Target-only] Epoch 23/50 – Loss: 0.3329  Val F1: 0.3810  ROC-AUC: 0.8037  PR-AUC: 0.3461
[Target-only] Epoch 24/50 – Loss: 0.3261  Val F1: 0.3815  ROC-AUC: 0.8107  PR-AUC: 0.3549
[Target-only] Epoch 25/50 – Loss: 0.3146  Val F1: 0.3642  ROC-AUC: 0.7896  PR-AUC: 0.3329
[Target-only] Epoch 26/50 – Loss: 0.3295  Val F1: 0.4000  ROC-AUC: 0.8075  PR-AUC: 0.3564
[Target-only] Epoch 27/50 – Loss: 0.3087  Val F1: 0.3776  ROC-AUC: 0.8060  PR-AUC: 0.3448
[Target-only] Epoch 28/50 – Loss: 0.3017  Val F1: 0.3746  ROC-AUC: 0.8056  PR-AUC: 0.3513
[Target-only] Epoch 29/50 – Loss: 0.3093  Val F1: 0.4016  ROC-AUC: 0.8038  PR-AUC: 0.3393
[Target-only] Epoch 30/50 – Loss: 0.3116  Val F1: 0.3901  ROC-AUC: 0.8119  PR-AUC: 0.3548
[Target-only] Epoch 31/50 – Loss: 0.3083  Val F1: 0.3740  ROC-AUC: 0.8011  PR-AUC: 0.3636
[Target-only] Epoch 32/50 – Loss: 0.2787  Val F1: 0.3984  ROC-AUC: 0.8103  PR-AUC: 0.3716
[Target-only] Epoch 33/50 – Loss: 0.2840  Val F1: 0.3831  ROC-AUC: 0.8137  PR-AUC: 0.3714
[Target-only] Epoch 34/50 – Loss: 0.2750  Val F1: 0.3861  ROC-AUC: 0.8147  PR-AUC: 0.3660
[Target-only] Epoch 35/50 – Loss: 0.2676  Val F1: 0.4015  ROC-AUC: 0.8109  PR-AUC: 0.3526
[Target-only] Epoch 36/50 – Loss: 0.2731  Val F1: 0.4094  ROC-AUC: 0.8161  PR-AUC: 0.3717
[Target-only] Epoch 37/50 – Loss: 0.2701  Val F1: 0.4060  ROC-AUC: 0.8101  PR-AUC: 0.3527
[Target-only] Epoch 38/50 – Loss: 0.2657  Val F1: 0.4078  ROC-AUC: 0.8094  PR-AUC: 0.3449
[Target-only] Epoch 39/50 – Loss: 0.2604  Val F1: 0.3717  ROC-AUC: 0.7980  PR-AUC: 0.3454
[Target-only] Epoch 40/50 – Loss: 0.2599  Val F1: 0.3861  ROC-AUC: 0.7984  PR-AUC: 0.3308
[Target-only] Epoch 41/50 – Loss: 0.2539  Val F1: 0.3926  ROC-AUC: 0.8081  PR-AUC: 0.3486
[Target-only] Epoch 42/50 – Loss: 0.2357  Val F1: 0.3922  ROC-AUC: 0.8067  PR-AUC: 0.3508
[Target-only] Epoch 43/50 – Loss: 0.2427  Val F1: 0.3891  ROC-AUC: 0.8134  PR-AUC: 0.3726
[Target-only] Epoch 44/50 – Loss: 0.2387  Val F1: 0.4016  ROC-AUC: 0.8096  PR-AUC: 0.3571
[Target-only] Epoch 45/50 – Loss: 0.2255  Val F1: 0.3985  ROC-AUC: 0.8097  PR-AUC: 0.3532
[Target-only] Epoch 46/50 – Loss: 0.2485  Val F1: 0.4075  ROC-AUC: 0.8095  PR-AUC: 0.3361
[Target-only] Epoch 47/50 – Loss: 0.2348  Val F1: 0.3822  ROC-AUC: 0.7953  PR-AUC: 0.3172
[Target-only] Epoch 48/50 – Loss: 0.2277  Val F1: 0.4264  ROC-AUC: 0.8181  PR-AUC: 0.3658
[Target-only] Epoch 49/50 – Loss: 0.2331  Val F1: 0.3786  ROC-AUC: 0.8061  PR-AUC: 0.3528
[Target-only] Epoch 50/50 – Loss: 0.2429  Val F1: 0.4138  ROC-AUC: 0.8132  PR-AUC: 0.3556
=== Target-only TEST performance ===
Test F1: 0.3684, ROC-AUC: 0.7848, PR-AUC: 0.2912
✅ 실험 완료: TOX21_ERa_BLA_Antagonist_ratio -> TOX21_ERa_LUC_VM7_Antagonist_0.5nM_E2 [GIN_GCN]
