[16:03:56] Can't kekulize mol.  Unkekulized atoms: 1 2 3 4 5
[16:03:56] Explicit valence for atom # 0 Cl, 2, is greater than permitted
[16:03:57] Can't kekulize mol.  Unkekulized atoms: 3 4 5 6 7
[16:03:58] Can't kekulize mol.  Unkekulized atoms: 3 4 5 6 7
[16:03:58] WARNING: not removing hydrogen atom without neighbors
[16:04:00] Explicit valence for atom # 3 Si, 8, is greater than permitted
[16:04:00] Can't kekulize mol.  Unkekulized atoms: 1 2 3 4 5
[16:04:00] Can't kekulize mol.  Unkekulized atoms: 3 4 5 6 7
[16:04:01] Can't kekulize mol.  Unkekulized atoms: 1 2 3 4 5
[16:04:01] WARNING: not removing hydrogen atom without neighbors
[16:04:01] Can't kekulize mol.  Unkekulized atoms: 1 2 3 4 5
[16:04:02] Explicit valence for atom # 6 O, 3, is greater than permitted
[16:04:02] Explicit valence for atom # 3 Si, 8, is greater than permitted
[16:04:02] Explicit valence for atom # 0 Cl, 2, is greater than permitted
[16:04:54] Can't kekulize mol.  Unkekulized atoms: 1 2 3 4 5
[16:04:54] Explicit valence for atom # 0 Cl, 2, is greater than permitted
[16:04:55] Can't kekulize mol.  Unkekulized atoms: 3 4 5 6 7
[16:04:56] Can't kekulize mol.  Unkekulized atoms: 3 4 5 6 7
[16:04:58] Can't kekulize mol.  Unkekulized atoms: 1 2 3 4 5
[16:04:58] Can't kekulize mol.  Unkekulized atoms: 3 4 5 6 7
[16:04:58] Can't kekulize mol.  Unkekulized atoms: 1 2 3 4 5
[16:04:59] WARNING: not removing hydrogen atom without neighbors
[16:04:59] Can't kekulize mol.  Unkekulized atoms: 1 2 3 4 5
[16:04:59] Explicit valence for atom # 6 O, 3, is greater than permitted
[16:04:59] Explicit valence for atom # 3 Si, 8, is greater than permitted
[16:05:00] Explicit valence for atom # 0 Cl, 2, is greater than permitted
[16:05:49] Can't kekulize mol.  Unkekulized atoms: 1 2 3 4 5
[16:05:49] Explicit valence for atom # 0 Cl, 2, is greater than permitted
[16:05:50] Can't kekulize mol.  Unkekulized atoms: 3 4 5 6 7
[16:05:50] Can't kekulize mol.  Unkekulized atoms: 3 4 5 6 7
[16:05:53] Can't kekulize mol.  Unkekulized atoms: 1 2 3 4 5
[16:05:53] Can't kekulize mol.  Unkekulized atoms: 3 4 5 6 7
[16:05:53] Can't kekulize mol.  Unkekulized atoms: 1 2 3 4 5
[16:05:53] WARNING: not removing hydrogen atom without neighbors
[16:05:54] Can't kekulize mol.  Unkekulized atoms: 1 2 3 4 5
[16:05:54] Explicit valence for atom # 6 O, 3, is greater than permitted
[16:05:54] Explicit valence for atom # 3 Si, 8, is greater than permitted
[16:05:54] Explicit valence for atom # 0 Cl, 2, is greater than permitted
Traceback (most recent call last):
  File "<stdin>", line 21, in <module>
  File "/gpfs/home1/won0316/_Capstone/1_Git/Capstone_uos/unit_model/data/load_data.py", line 32, in load_data
    train_data, temp_data, train_labels, temp_labels = train_test_split(
                                                       ^^^^^^^^^^^^^^^^^
  File "/home1/won0316/anaconda3/envs/toxcast_env/lib/python3.12/site-packages/sklearn/utils/_param_validation.py", line 213, in wrapper
    return func(*args, **kwargs)
           ^^^^^^^^^^^^^^^^^^^^^
  File "/home1/won0316/anaconda3/envs/toxcast_env/lib/python3.12/site-packages/sklearn/model_selection/_split.py", line 2806, in train_test_split
    train, test = next(cv.split(X=arrays[0], y=stratify))
                  ^^^^^^^^^^^^^^^^^^^^^^^^^^^^^^^^^^^^^^^
  File "/home1/won0316/anaconda3/envs/toxcast_env/lib/python3.12/site-packages/sklearn/model_selection/_split.py", line 1843, in split
    for train, test in self._iter_indices(X, y, groups):
  File "/home1/won0316/anaconda3/envs/toxcast_env/lib/python3.12/site-packages/sklearn/model_selection/_split.py", line 2265, in _iter_indices
    raise ValueError(
ValueError: The test_size = 1 should be greater or equal to the number of classes = 2
