[21:44:49] Can't kekulize mol.  Unkekulized atoms: 1 2 3 4 5
[21:44:50] Explicit valence for atom # 0 Cl, 2, is greater than permitted
[21:44:50] Can't kekulize mol.  Unkekulized atoms: 3 4 5 6 7
[21:44:51] Can't kekulize mol.  Unkekulized atoms: 3 4 5 6 7
[21:44:51] WARNING: not removing hydrogen atom without neighbors
[21:44:53] Explicit valence for atom # 3 Si, 8, is greater than permitted
[21:44:54] Can't kekulize mol.  Unkekulized atoms: 1 2 3 4 5
[21:44:54] Can't kekulize mol.  Unkekulized atoms: 3 4 5 6 7
[21:44:54] Can't kekulize mol.  Unkekulized atoms: 1 2 3 4 5
[21:44:54] WARNING: not removing hydrogen atom without neighbors
[21:44:55] Can't kekulize mol.  Unkekulized atoms: 1 2 3 4 5
[21:44:55] Explicit valence for atom # 6 O, 3, is greater than permitted
[21:44:55] Explicit valence for atom # 3 Si, 8, is greater than permitted
[21:44:55] Explicit valence for atom # 0 Cl, 2, is greater than permitted
[21:51:07] Can't kekulize mol.  Unkekulized atoms: 1 2 3 4 5
[21:51:07] Explicit valence for atom # 0 Cl, 2, is greater than permitted
[21:51:08] Can't kekulize mol.  Unkekulized atoms: 3 4 5 6 7
[21:51:09] Can't kekulize mol.  Unkekulized atoms: 3 4 5 6 7
[21:51:09] WARNING: not removing hydrogen atom without neighbors
[21:51:11] Explicit valence for atom # 3 Si, 8, is greater than permitted
[21:51:11] Can't kekulize mol.  Unkekulized atoms: 1 2 3 4 5
[21:51:11] Can't kekulize mol.  Unkekulized atoms: 3 4 5 6 7
[21:51:12] Can't kekulize mol.  Unkekulized atoms: 1 2 3 4 5
[21:51:12] WARNING: not removing hydrogen atom without neighbors
[21:51:13] Can't kekulize mol.  Unkekulized atoms: 1 2 3 4 5
[21:51:13] Explicit valence for atom # 6 O, 3, is greater than permitted
[21:51:13] Explicit valence for atom # 3 Si, 8, is greater than permitted
[21:51:13] Explicit valence for atom # 0 Cl, 2, is greater than permitted
[21:57:18] Can't kekulize mol.  Unkekulized atoms: 1 2 3 4 5
[21:57:18] Explicit valence for atom # 0 Cl, 2, is greater than permitted
[21:57:19] Can't kekulize mol.  Unkekulized atoms: 3 4 5 6 7
[21:57:20] Can't kekulize mol.  Unkekulized atoms: 3 4 5 6 7
[21:57:20] WARNING: not removing hydrogen atom without neighbors
[21:57:22] Explicit valence for atom # 3 Si, 8, is greater than permitted
[21:57:22] Can't kekulize mol.  Unkekulized atoms: 1 2 3 4 5
[21:57:22] Can't kekulize mol.  Unkekulized atoms: 3 4 5 6 7
[21:57:23] Can't kekulize mol.  Unkekulized atoms: 1 2 3 4 5
[21:57:23] WARNING: not removing hydrogen atom without neighbors
[21:57:24] Can't kekulize mol.  Unkekulized atoms: 1 2 3 4 5
[21:57:24] Explicit valence for atom # 6 O, 3, is greater than permitted
[21:57:24] Explicit valence for atom # 3 Si, 8, is greater than permitted
[21:57:24] Explicit valence for atom # 0 Cl, 2, is greater than permitted
[22:03:23] Can't kekulize mol.  Unkekulized atoms: 1 2 3 4 5
[22:03:23] Explicit valence for atom # 0 Cl, 2, is greater than permitted
[22:03:24] Can't kekulize mol.  Unkekulized atoms: 3 4 5 6 7
[22:03:24] Can't kekulize mol.  Unkekulized atoms: 3 4 5 6 7
[22:03:25] WARNING: not removing hydrogen atom without neighbors
[22:03:27] Explicit valence for atom # 3 Si, 8, is greater than permitted
[22:03:27] Can't kekulize mol.  Unkekulized atoms: 1 2 3 4 5
[22:03:27] Can't kekulize mol.  Unkekulized atoms: 3 4 5 6 7
[22:03:28] Can't kekulize mol.  Unkekulized atoms: 1 2 3 4 5
[22:03:28] WARNING: not removing hydrogen atom without neighbors
[22:03:28] Can't kekulize mol.  Unkekulized atoms: 1 2 3 4 5
[22:03:28] Explicit valence for atom # 6 O, 3, is greater than permitted
[22:03:28] Explicit valence for atom # 3 Si, 8, is greater than permitted
[22:03:29] Explicit valence for atom # 0 Cl, 2, is greater than permitted
[22:03:29] Can't kekulize mol.  Unkekulized atoms: 1 2 3 4 5
[22:03:30] Explicit valence for atom # 0 Cl, 2, is greater than permitted
[22:03:30] Can't kekulize mol.  Unkekulized atoms: 3 4 5 6 7
[22:03:31] Can't kekulize mol.  Unkekulized atoms: 3 4 5 6 7
[22:03:31] WARNING: not removing hydrogen atom without neighbors
[22:03:33] Explicit valence for atom # 3 Si, 8, is greater than permitted
[22:03:34] Can't kekulize mol.  Unkekulized atoms: 1 2 3 4 5
[22:03:34] Can't kekulize mol.  Unkekulized atoms: 3 4 5 6 7
[22:03:34] Can't kekulize mol.  Unkekulized atoms: 1 2 3 4 5
[22:03:34] WARNING: not removing hydrogen atom without neighbors
[22:03:35] Can't kekulize mol.  Unkekulized atoms: 1 2 3 4 5
[22:03:35] Explicit valence for atom # 6 O, 3, is greater than permitted
[22:03:35] Explicit valence for atom # 3 Si, 8, is greater than permitted
[22:03:35] Explicit valence for atom # 0 Cl, 2, is greater than permitted
