[1/4] Excel → CSV 변환 중...
[2/4] Pretraining on TOX21_ERa_BLA_Antagonist_ch1 using GAT...
Epoch 1/50 - Loss: 0.6537 - Val F1: 0.2258 - Val ROC-AUC: 0.7441 - Val PR-AUC: 0.1561
Epoch 2/50 - Loss: 0.6509 - Val F1: 0.1705 - Val ROC-AUC: 0.7006 - Val PR-AUC: 0.1188
Epoch 3/50 - Loss: 0.6439 - Val F1: 0.1995 - Val ROC-AUC: 0.7499 - Val PR-AUC: 0.1478
Epoch 4/50 - Loss: 0.6372 - Val F1: 0.2483 - Val ROC-AUC: 0.7436 - Val PR-AUC: 0.1578
Epoch 5/50 - Loss: 0.6293 - Val F1: 0.2441 - Val ROC-AUC: 0.7650 - Val PR-AUC: 0.1724
Epoch 6/50 - Loss: 0.6378 - Val F1: 0.2521 - Val ROC-AUC: 0.7333 - Val PR-AUC: 0.1463
Epoch 7/50 - Loss: 0.6383 - Val F1: 0.1797 - Val ROC-AUC: 0.7249 - Val PR-AUC: 0.1590
Epoch 8/50 - Loss: 0.6308 - Val F1: 0.2557 - Val ROC-AUC: 0.7768 - Val PR-AUC: 0.1873
Epoch 9/50 - Loss: 0.6271 - Val F1: 0.1860 - Val ROC-AUC: 0.7742 - Val PR-AUC: 0.1725
Epoch 10/50 - Loss: 0.6259 - Val F1: 0.1986 - Val ROC-AUC: 0.7767 - Val PR-AUC: 0.1761
Epoch 11/50 - Loss: 0.6260 - Val F1: 0.1896 - Val ROC-AUC: 0.7620 - Val PR-AUC: 0.2023
Epoch 12/50 - Loss: 0.6089 - Val F1: 0.1915 - Val ROC-AUC: 0.7657 - Val PR-AUC: 0.1763
Epoch 13/50 - Loss: 0.6132 - Val F1: 0.2045 - Val ROC-AUC: 0.7698 - Val PR-AUC: 0.1808
Epoch 14/50 - Loss: 0.6232 - Val F1: 0.1833 - Val ROC-AUC: 0.7715 - Val PR-AUC: 0.1810
Epoch 15/50 - Loss: 0.6060 - Val F1: 0.1891 - Val ROC-AUC: 0.7623 - Val PR-AUC: 0.1722
Epoch 16/50 - Loss: 0.6063 - Val F1: 0.1991 - Val ROC-AUC: 0.7685 - Val PR-AUC: 0.1802
Epoch 17/50 - Loss: 0.6077 - Val F1: 0.1752 - Val ROC-AUC: 0.7506 - Val PR-AUC: 0.1845
Epoch 18/50 - Loss: 0.6137 - Val F1: 0.1935 - Val ROC-AUC: 0.7734 - Val PR-AUC: 0.2076
Epoch 19/50 - Loss: 0.6197 - Val F1: 0.1705 - Val ROC-AUC: 0.7675 - Val PR-AUC: 0.1951
Epoch 20/50 - Loss: 0.6053 - Val F1: 0.1533 - Val ROC-AUC: 0.7551 - Val PR-AUC: 0.1718
Epoch 21/50 - Loss: 0.6115 - Val F1: 0.1940 - Val ROC-AUC: 0.7978 - Val PR-AUC: 0.2190
Epoch 22/50 - Loss: 0.5985 - Val F1: 0.1973 - Val ROC-AUC: 0.7988 - Val PR-AUC: 0.2255
Epoch 23/50 - Loss: 0.5924 - Val F1: 0.1848 - Val ROC-AUC: 0.7741 - Val PR-AUC: 0.2044
Epoch 24/50 - Loss: 0.6071 - Val F1: 0.1736 - Val ROC-AUC: 0.7792 - Val PR-AUC: 0.2003
Epoch 25/50 - Loss: 0.6050 - Val F1: 0.1876 - Val ROC-AUC: 0.7824 - Val PR-AUC: 0.1942
Epoch 26/50 - Loss: 0.5992 - Val F1: 0.1771 - Val ROC-AUC: 0.7860 - Val PR-AUC: 0.2099
Epoch 27/50 - Loss: 0.5970 - Val F1: 0.1944 - Val ROC-AUC: 0.7807 - Val PR-AUC: 0.2107
Epoch 28/50 - Loss: 0.6023 - Val F1: 0.2000 - Val ROC-AUC: 0.7970 - Val PR-AUC: 0.2168
Epoch 29/50 - Loss: 0.5880 - Val F1: 0.1915 - Val ROC-AUC: 0.7963 - Val PR-AUC: 0.2144
Epoch 30/50 - Loss: 0.5957 - Val F1: 0.2118 - Val ROC-AUC: 0.8005 - Val PR-AUC: 0.2218
Epoch 31/50 - Loss: 0.5915 - Val F1: 0.2194 - Val ROC-AUC: 0.7927 - Val PR-AUC: 0.2041
Epoch 32/50 - Loss: 0.5963 - Val F1: 0.2116 - Val ROC-AUC: 0.7885 - Val PR-AUC: 0.2019
Epoch 33/50 - Loss: 0.6019 - Val F1: 0.2049 - Val ROC-AUC: 0.7844 - Val PR-AUC: 0.1983
Epoch 34/50 - Loss: 0.5951 - Val F1: 0.2023 - Val ROC-AUC: 0.7852 - Val PR-AUC: 0.1960
Epoch 35/50 - Loss: 0.5980 - Val F1: 0.2090 - Val ROC-AUC: 0.7834 - Val PR-AUC: 0.1869
Epoch 36/50 - Loss: 0.5939 - Val F1: 0.2032 - Val ROC-AUC: 0.7928 - Val PR-AUC: 0.2032
Epoch 37/50 - Loss: 0.5910 - Val F1: 0.1909 - Val ROC-AUC: 0.7924 - Val PR-AUC: 0.2029
Epoch 38/50 - Loss: 0.5918 - Val F1: 0.1842 - Val ROC-AUC: 0.7838 - Val PR-AUC: 0.1992
Epoch 39/50 - Loss: 0.5884 - Val F1: 0.1972 - Val ROC-AUC: 0.7822 - Val PR-AUC: 0.1953
Epoch 40/50 - Loss: 0.5886 - Val F1: 0.2028 - Val ROC-AUC: 0.7877 - Val PR-AUC: 0.2005
Epoch 41/50 - Loss: 0.5873 - Val F1: 0.2049 - Val ROC-AUC: 0.7843 - Val PR-AUC: 0.1989
Epoch 42/50 - Loss: 0.5902 - Val F1: 0.1934 - Val ROC-AUC: 0.7879 - Val PR-AUC: 0.2019
Epoch 43/50 - Loss: 0.5959 - Val F1: 0.1987 - Val ROC-AUC: 0.7908 - Val PR-AUC: 0.2034
Epoch 44/50 - Loss: 0.5975 - Val F1: 0.2062 - Val ROC-AUC: 0.7876 - Val PR-AUC: 0.2015
Epoch 45/50 - Loss: 0.5938 - Val F1: 0.2009 - Val ROC-AUC: 0.7896 - Val PR-AUC: 0.2072
Epoch 46/50 - Loss: 0.5800 - Val F1: 0.2018 - Val ROC-AUC: 0.7885 - Val PR-AUC: 0.2020
Epoch 47/50 - Loss: 0.5846 - Val F1: 0.1978 - Val ROC-AUC: 0.7886 - Val PR-AUC: 0.1993
Epoch 48/50 - Loss: 0.5826 - Val F1: 0.2053 - Val ROC-AUC: 0.7886 - Val PR-AUC: 0.2016
Epoch 49/50 - Loss: 0.5880 - Val F1: 0.2014 - Val ROC-AUC: 0.7903 - Val PR-AUC: 0.1996
Epoch 50/50 - Loss: 0.5926 - Val F1: 0.2080 - Val ROC-AUC: 0.7905 - Val PR-AUC: 0.2024
Pretraining completed. Test F1: 0.1830, ROC-AUC: 0.6954, PR-AUC: 0.1241
[3/4] Finetuning on TOX21_ERa_LUC_VM7_Agonist_10nM_ICI182780 using GAT...
[Fine-tune] Epoch 1/50 - Loss: 0.5848 - Val F1: 0.1130 - Val ROC-AUC: 0.8072 - Val PR-AUC: 0.1453
[Fine-tune] Epoch 2/50 - Loss: 0.5148 - Val F1: 0.1053 - Val ROC-AUC: 0.7892 - Val PR-AUC: 0.2077
[Fine-tune] Epoch 3/50 - Loss: 0.4778 - Val F1: 0.1023 - Val ROC-AUC: 0.7898 - Val PR-AUC: 0.2284
[Fine-tune] Epoch 4/50 - Loss: 0.4760 - Val F1: 0.1613 - Val ROC-AUC: 0.7978 - Val PR-AUC: 0.1790
[Fine-tune] Epoch 5/50 - Loss: 0.4422 - Val F1: 0.1250 - Val ROC-AUC: 0.8145 - Val PR-AUC: 0.2435
[Fine-tune] Epoch 6/50 - Loss: 0.4481 - Val F1: 0.1286 - Val ROC-AUC: 0.7945 - Val PR-AUC: 0.3271
[Fine-tune] Epoch 7/50 - Loss: 0.4330 - Val F1: 0.1429 - Val ROC-AUC: 0.8109 - Val PR-AUC: 0.3868
[Fine-tune] Epoch 8/50 - Loss: 0.4349 - Val F1: 0.0859 - Val ROC-AUC: 0.7980 - Val PR-AUC: 0.1486
[Fine-tune] Epoch 9/50 - Loss: 0.4289 - Val F1: 0.1140 - Val ROC-AUC: 0.8474 - Val PR-AUC: 0.2447
[Fine-tune] Epoch 10/50 - Loss: 0.4228 - Val F1: 0.1198 - Val ROC-AUC: 0.8095 - Val PR-AUC: 0.2680
[Fine-tune] Epoch 11/50 - Loss: 0.4295 - Val F1: 0.1571 - Val ROC-AUC: 0.8331 - Val PR-AUC: 0.2551
[Fine-tune] Epoch 12/50 - Loss: 0.4255 - Val F1: 0.1584 - Val ROC-AUC: 0.8161 - Val PR-AUC: 0.3005
[Fine-tune] Epoch 13/50 - Loss: 0.4113 - Val F1: 0.1528 - Val ROC-AUC: 0.8109 - Val PR-AUC: 0.2430
[Fine-tune] Epoch 14/50 - Loss: 0.4209 - Val F1: 0.1353 - Val ROC-AUC: 0.8174 - Val PR-AUC: 0.3689
[Fine-tune] Epoch 15/50 - Loss: 0.4026 - Val F1: 0.1370 - Val ROC-AUC: 0.8266 - Val PR-AUC: 0.2604
[Fine-tune] Epoch 16/50 - Loss: 0.4120 - Val F1: 0.1667 - Val ROC-AUC: 0.8310 - Val PR-AUC: 0.3338
[Fine-tune] Epoch 17/50 - Loss: 0.4051 - Val F1: 0.1667 - Val ROC-AUC: 0.8256 - Val PR-AUC: 0.3261
[Fine-tune] Epoch 18/50 - Loss: 0.3988 - Val F1: 0.1695 - Val ROC-AUC: 0.8412 - Val PR-AUC: 0.3966
[Fine-tune] Epoch 19/50 - Loss: 0.4033 - Val F1: 0.1515 - Val ROC-AUC: 0.8399 - Val PR-AUC: 0.3503
[Fine-tune] Epoch 20/50 - Loss: 0.4049 - Val F1: 0.1560 - Val ROC-AUC: 0.8504 - Val PR-AUC: 0.3324
[Fine-tune] Epoch 21/50 - Loss: 0.3950 - Val F1: 0.1449 - Val ROC-AUC: 0.8493 - Val PR-AUC: 0.3203
[Fine-tune] Epoch 22/50 - Loss: 0.4113 - Val F1: 0.1449 - Val ROC-AUC: 0.8441 - Val PR-AUC: 0.3145
[Fine-tune] Epoch 23/50 - Loss: 0.3860 - Val F1: 0.1140 - Val ROC-AUC: 0.8508 - Val PR-AUC: 0.3156
[Fine-tune] Epoch 24/50 - Loss: 0.3892 - Val F1: 0.1613 - Val ROC-AUC: 0.8397 - Val PR-AUC: 0.2848
[Fine-tune] Epoch 25/50 - Loss: 0.3721 - Val F1: 0.1493 - Val ROC-AUC: 0.8357 - Val PR-AUC: 0.2776
[Fine-tune] Epoch 26/50 - Loss: 0.3907 - Val F1: 0.1471 - Val ROC-AUC: 0.8181 - Val PR-AUC: 0.2811
[Fine-tune] Epoch 27/50 - Loss: 0.3968 - Val F1: 0.1075 - Val ROC-AUC: 0.8252 - Val PR-AUC: 0.3684
[Fine-tune] Epoch 28/50 - Loss: 0.3744 - Val F1: 0.1316 - Val ROC-AUC: 0.8244 - Val PR-AUC: 0.2915
[Fine-tune] Epoch 29/50 - Loss: 0.3781 - Val F1: 0.1562 - Val ROC-AUC: 0.8285 - Val PR-AUC: 0.2419
[Fine-tune] Epoch 30/50 - Loss: 0.3852 - Val F1: 0.1250 - Val ROC-AUC: 0.8266 - Val PR-AUC: 0.2275
[Fine-tune] Epoch 31/50 - Loss: 0.3924 - Val F1: 0.1290 - Val ROC-AUC: 0.8231 - Val PR-AUC: 0.2345
[Fine-tune] Epoch 32/50 - Loss: 0.3868 - Val F1: 0.1242 - Val ROC-AUC: 0.8267 - Val PR-AUC: 0.2449
[Fine-tune] Epoch 33/50 - Loss: 0.3852 - Val F1: 0.1361 - Val ROC-AUC: 0.8261 - Val PR-AUC: 0.2432
[Fine-tune] Epoch 34/50 - Loss: 0.3692 - Val F1: 0.1351 - Val ROC-AUC: 0.8279 - Val PR-AUC: 0.2490
[Fine-tune] Epoch 35/50 - Loss: 0.3807 - Val F1: 0.1389 - Val ROC-AUC: 0.8233 - Val PR-AUC: 0.2513
[Fine-tune] Epoch 36/50 - Loss: 0.3873 - Val F1: 0.1299 - Val ROC-AUC: 0.8296 - Val PR-AUC: 0.2674
[Fine-tune] Epoch 37/50 - Loss: 0.3809 - Val F1: 0.1282 - Val ROC-AUC: 0.8353 - Val PR-AUC: 0.2589
[Fine-tune] Epoch 38/50 - Loss: 0.3697 - Val F1: 0.1227 - Val ROC-AUC: 0.8333 - Val PR-AUC: 0.2541
[Fine-tune] Epoch 39/50 - Loss: 0.3806 - Val F1: 0.1290 - Val ROC-AUC: 0.8334 - Val PR-AUC: 0.2802
[Fine-tune] Epoch 40/50 - Loss: 0.3680 - Val F1: 0.1351 - Val ROC-AUC: 0.8357 - Val PR-AUC: 0.2587
[Fine-tune] Epoch 41/50 - Loss: 0.3727 - Val F1: 0.1361 - Val ROC-AUC: 0.8364 - Val PR-AUC: 0.2523
[Fine-tune] Epoch 42/50 - Loss: 0.3598 - Val F1: 0.1389 - Val ROC-AUC: 0.8310 - Val PR-AUC: 0.2557
[Fine-tune] Epoch 43/50 - Loss: 0.3702 - Val F1: 0.1081 - Val ROC-AUC: 0.8365 - Val PR-AUC: 0.2573
[Fine-tune] Epoch 44/50 - Loss: 0.3701 - Val F1: 0.1235 - Val ROC-AUC: 0.8363 - Val PR-AUC: 0.2593
[Fine-tune] Epoch 45/50 - Loss: 0.3710 - Val F1: 0.1183 - Val ROC-AUC: 0.8358 - Val PR-AUC: 0.2601
[Fine-tune] Epoch 46/50 - Loss: 0.3679 - Val F1: 0.1111 - Val ROC-AUC: 0.8351 - Val PR-AUC: 0.2549
[Fine-tune] Epoch 47/50 - Loss: 0.3709 - Val F1: 0.1170 - Val ROC-AUC: 0.8390 - Val PR-AUC: 0.2659
[Fine-tune] Epoch 48/50 - Loss: 0.3698 - Val F1: 0.1266 - Val ROC-AUC: 0.8396 - Val PR-AUC: 0.2430
[Fine-tune] Epoch 49/50 - Loss: 0.3620 - Val F1: 0.1342 - Val ROC-AUC: 0.8364 - Val PR-AUC: 0.2528
[Fine-tune] Epoch 50/50 - Loss: 0.3684 - Val F1: 0.1242 - Val ROC-AUC: 0.8318 - Val PR-AUC: 0.2644
Finetuning completed. Test F1: 0.1583, ROC-AUC: 0.8709, PR-AUC: 0.2129
[3.1/4] Target-only training on TOX21_ERa_LUC_VM7_Agonist_10nM_ICI182780 using GAT...
=== Target-only training ===
[Target-only] Epoch 1/50 – Loss: 0.5336  Val F1: 0.1208  ROC-AUC: 0.8025  PR-AUC: 0.1516
[Target-only] Epoch 2/50 – Loss: 0.4770  Val F1: 0.1429  ROC-AUC: 0.8111  PR-AUC: 0.2243
[Target-only] Epoch 3/50 – Loss: 0.4606  Val F1: 0.1702  ROC-AUC: 0.8467  PR-AUC: 0.1576
[Target-only] Epoch 4/50 – Loss: 0.4536  Val F1: 0.1818  ROC-AUC: 0.8017  PR-AUC: 0.1873
[Target-only] Epoch 5/50 – Loss: 0.4542  Val F1: 0.1509  ROC-AUC: 0.8164  PR-AUC: 0.2025
[Target-only] Epoch 6/50 – Loss: 0.4209  Val F1: 0.1227  ROC-AUC: 0.8381  PR-AUC: 0.1564
[Target-only] Epoch 7/50 – Loss: 0.4164  Val F1: 0.1163  ROC-AUC: 0.8134  PR-AUC: 0.2174
[Target-only] Epoch 8/50 – Loss: 0.4017  Val F1: 0.1058  ROC-AUC: 0.8255  PR-AUC: 0.2036
[Target-only] Epoch 9/50 – Loss: 0.4227  Val F1: 0.1105  ROC-AUC: 0.7978  PR-AUC: 0.2076
[Target-only] Epoch 10/50 – Loss: 0.4233  Val F1: 0.1047  ROC-AUC: 0.7960  PR-AUC: 0.2164
[Target-only] Epoch 11/50 – Loss: 0.3842  Val F1: 0.1304  ROC-AUC: 0.8323  PR-AUC: 0.2752
[Target-only] Epoch 12/50 – Loss: 0.3987  Val F1: 0.1307  ROC-AUC: 0.8183  PR-AUC: 0.2503
[Target-only] Epoch 13/50 – Loss: 0.3794  Val F1: 0.1440  ROC-AUC: 0.8245  PR-AUC: 0.3651
[Target-only] Epoch 14/50 – Loss: 0.3721  Val F1: 0.1111  ROC-AUC: 0.8342  PR-AUC: 0.2419
[Target-only] Epoch 15/50 – Loss: 0.3791  Val F1: 0.1184  ROC-AUC: 0.8246  PR-AUC: 0.2574
[Target-only] Epoch 16/50 – Loss: 0.3685  Val F1: 0.1183  ROC-AUC: 0.8450  PR-AUC: 0.2274
[Target-only] Epoch 17/50 – Loss: 0.3762  Val F1: 0.1395  ROC-AUC: 0.8303  PR-AUC: 0.2556
[Target-only] Epoch 18/50 – Loss: 0.3672  Val F1: 0.1374  ROC-AUC: 0.8094  PR-AUC: 0.1981
[Target-only] Epoch 19/50 – Loss: 0.3701  Val F1: 0.1266  ROC-AUC: 0.8318  PR-AUC: 0.2074
[Target-only] Epoch 20/50 – Loss: 0.3678  Val F1: 0.1957  ROC-AUC: 0.8259  PR-AUC: 0.2133
[Target-only] Epoch 21/50 – Loss: 0.3682  Val F1: 0.1440  ROC-AUC: 0.8346  PR-AUC: 0.2107
[Target-only] Epoch 22/50 – Loss: 0.3624  Val F1: 0.1343  ROC-AUC: 0.8233  PR-AUC: 0.2139
[Target-only] Epoch 23/50 – Loss: 0.3597  Val F1: 0.1286  ROC-AUC: 0.8196  PR-AUC: 0.2085
[Target-only] Epoch 24/50 – Loss: 0.3499  Val F1: 0.1406  ROC-AUC: 0.8384  PR-AUC: 0.2287
[Target-only] Epoch 25/50 – Loss: 0.3609  Val F1: 0.1259  ROC-AUC: 0.8373  PR-AUC: 0.2318
[Target-only] Epoch 26/50 – Loss: 0.3634  Val F1: 0.1224  ROC-AUC: 0.8318  PR-AUC: 0.2420
[Target-only] Epoch 27/50 – Loss: 0.3563  Val F1: 0.1406  ROC-AUC: 0.8316  PR-AUC: 0.2654
[Target-only] Epoch 28/50 – Loss: 0.3531  Val F1: 0.1895  ROC-AUC: 0.8362  PR-AUC: 0.2381
[Target-only] Epoch 29/50 – Loss: 0.3559  Val F1: 0.1504  ROC-AUC: 0.8332  PR-AUC: 0.2267
[Target-only] Epoch 30/50 – Loss: 0.3512  Val F1: 0.1682  ROC-AUC: 0.8317  PR-AUC: 0.2194
[Target-only] Epoch 31/50 – Loss: 0.3504  Val F1: 0.1525  ROC-AUC: 0.8237  PR-AUC: 0.2139
[Target-only] Epoch 32/50 – Loss: 0.3462  Val F1: 0.1802  ROC-AUC: 0.8384  PR-AUC: 0.2222
[Target-only] Epoch 33/50 – Loss: 0.3426  Val F1: 0.2020  ROC-AUC: 0.8380  PR-AUC: 0.2100
[Target-only] Epoch 34/50 – Loss: 0.3528  Val F1: 0.1550  ROC-AUC: 0.8481  PR-AUC: 0.2346
[Target-only] Epoch 35/50 – Loss: 0.3448  Val F1: 0.1429  ROC-AUC: 0.8428  PR-AUC: 0.2156
[Target-only] Epoch 36/50 – Loss: 0.3415  Val F1: 0.1626  ROC-AUC: 0.8399  PR-AUC: 0.2247
[Target-only] Epoch 37/50 – Loss: 0.3424  Val F1: 0.1395  ROC-AUC: 0.8462  PR-AUC: 0.2431
[Target-only] Epoch 38/50 – Loss: 0.3402  Val F1: 0.1593  ROC-AUC: 0.8433  PR-AUC: 0.2371
[Target-only] Epoch 39/50 – Loss: 0.3503  Val F1: 0.1667  ROC-AUC: 0.8344  PR-AUC: 0.2352
[Target-only] Epoch 40/50 – Loss: 0.3373  Val F1: 0.1475  ROC-AUC: 0.8319  PR-AUC: 0.2233
[Target-only] Epoch 41/50 – Loss: 0.3262  Val F1: 0.1698  ROC-AUC: 0.8267  PR-AUC: 0.2174
[Target-only] Epoch 42/50 – Loss: 0.3352  Val F1: 0.1714  ROC-AUC: 0.8308  PR-AUC: 0.2189
[Target-only] Epoch 43/50 – Loss: 0.3386  Val F1: 0.1314  ROC-AUC: 0.8284  PR-AUC: 0.1967
[Target-only] Epoch 44/50 – Loss: 0.3319  Val F1: 0.1667  ROC-AUC: 0.8283  PR-AUC: 0.2233
[Target-only] Epoch 45/50 – Loss: 0.3190  Val F1: 0.1463  ROC-AUC: 0.8294  PR-AUC: 0.2111
[Target-only] Epoch 46/50 – Loss: 0.3398  Val F1: 0.1765  ROC-AUC: 0.8213  PR-AUC: 0.2047
[Target-only] Epoch 47/50 – Loss: 0.3326  Val F1: 0.1667  ROC-AUC: 0.8291  PR-AUC: 0.2148
[Target-only] Epoch 48/50 – Loss: 0.3460  Val F1: 0.1565  ROC-AUC: 0.8356  PR-AUC: 0.2298
[Target-only] Epoch 49/50 – Loss: 0.3242  Val F1: 0.1475  ROC-AUC: 0.8383  PR-AUC: 0.2301
[Target-only] Epoch 50/50 – Loss: 0.3405  Val F1: 0.1538  ROC-AUC: 0.8337  PR-AUC: 0.2226
=== Target-only TEST performance ===
Test F1: 0.1488, ROC-AUC: 0.8377, PR-AUC: 0.1764
[4/4] Embedding 시각화 중...
✅ Embeddings 저장 완료: embeddings_TOX21_ERa_BLA_Antagonist_ch1_TOX21_ERa_LUC_VM7_Agonist_10nM_ICI182780_GAT.png
✅ 실험 완료: TOX21_ERa_BLA_Antagonist_ch1 -> TOX21_ERa_LUC_VM7_Agonist_10nM_ICI182780 [GAT]
