[13:22:34] Can't kekulize mol.  Unkekulized atoms: 1 2 3 4 5
[13:22:35] Explicit valence for atom # 0 Cl, 2, is greater than permitted
[13:22:35] Can't kekulize mol.  Unkekulized atoms: 3 4 5 6 7
[13:22:36] Can't kekulize mol.  Unkekulized atoms: 3 4 5 6 7
[13:22:38] Can't kekulize mol.  Unkekulized atoms: 1 2 3 4 5
[13:22:38] Can't kekulize mol.  Unkekulized atoms: 3 4 5 6 7
[13:22:39] Can't kekulize mol.  Unkekulized atoms: 1 2 3 4 5
[13:22:39] WARNING: not removing hydrogen atom without neighbors
[13:22:40] Can't kekulize mol.  Unkekulized atoms: 1 2 3 4 5
[13:22:40] Explicit valence for atom # 6 O, 3, is greater than permitted
[13:22:40] Explicit valence for atom # 3 Si, 8, is greater than permitted
[13:22:40] Explicit valence for atom # 0 Cl, 2, is greater than permitted
[13:24:00] Can't kekulize mol.  Unkekulized atoms: 1 2 3 4 5
[13:24:00] Explicit valence for atom # 0 Cl, 2, is greater than permitted
[13:24:01] Can't kekulize mol.  Unkekulized atoms: 3 4 5 6 7
[13:24:01] Can't kekulize mol.  Unkekulized atoms: 3 4 5 6 7
[13:24:04] Can't kekulize mol.  Unkekulized atoms: 1 2 3 4 5
[13:24:04] Can't kekulize mol.  Unkekulized atoms: 3 4 5 6 7
[13:24:04] Can't kekulize mol.  Unkekulized atoms: 1 2 3 4 5
[13:24:04] WARNING: not removing hydrogen atom without neighbors
[13:24:05] Can't kekulize mol.  Unkekulized atoms: 1 2 3 4 5
[13:24:05] Explicit valence for atom # 6 O, 3, is greater than permitted
[13:24:05] Explicit valence for atom # 3 Si, 8, is greater than permitted
[13:24:05] Explicit valence for atom # 0 Cl, 2, is greater than permitted
[13:25:25] Can't kekulize mol.  Unkekulized atoms: 1 2 3 4 5
[13:25:26] Explicit valence for atom # 0 Cl, 2, is greater than permitted
[13:25:26] Can't kekulize mol.  Unkekulized atoms: 3 4 5 6 7
[13:25:27] Can't kekulize mol.  Unkekulized atoms: 3 4 5 6 7
[13:25:29] Can't kekulize mol.  Unkekulized atoms: 1 2 3 4 5
[13:25:29] Can't kekulize mol.  Unkekulized atoms: 3 4 5 6 7
[13:25:30] Can't kekulize mol.  Unkekulized atoms: 1 2 3 4 5
[13:25:30] WARNING: not removing hydrogen atom without neighbors
[13:25:31] Can't kekulize mol.  Unkekulized atoms: 1 2 3 4 5
[13:25:31] Explicit valence for atom # 6 O, 3, is greater than permitted
[13:25:31] Explicit valence for atom # 3 Si, 8, is greater than permitted
[13:25:31] Explicit valence for atom # 0 Cl, 2, is greater than permitted
[13:26:55] Can't kekulize mol.  Unkekulized atoms: 1 2 3 4 5
[13:26:56] Explicit valence for atom # 0 Cl, 2, is greater than permitted
[13:26:56] Can't kekulize mol.  Unkekulized atoms: 3 4 5 6 7
[13:26:57] Can't kekulize mol.  Unkekulized atoms: 3 4 5 6 7
[13:26:59] Can't kekulize mol.  Unkekulized atoms: 1 2 3 4 5
[13:26:59] Can't kekulize mol.  Unkekulized atoms: 3 4 5 6 7
[13:27:00] Can't kekulize mol.  Unkekulized atoms: 1 2 3 4 5
[13:27:00] WARNING: not removing hydrogen atom without neighbors
[13:27:00] Can't kekulize mol.  Unkekulized atoms: 1 2 3 4 5
[13:27:00] Explicit valence for atom # 6 O, 3, is greater than permitted
[13:27:01] Explicit valence for atom # 3 Si, 8, is greater than permitted
[13:27:01] Explicit valence for atom # 0 Cl, 2, is greater than permitted
[13:27:01] Can't kekulize mol.  Unkekulized atoms: 1 2 3 4 5
[13:27:02] Explicit valence for atom # 0 Cl, 2, is greater than permitted
[13:27:03] Can't kekulize mol.  Unkekulized atoms: 3 4 5 6 7
[13:27:03] Can't kekulize mol.  Unkekulized atoms: 3 4 5 6 7
[13:27:05] Can't kekulize mol.  Unkekulized atoms: 1 2 3 4 5
[13:27:05] Can't kekulize mol.  Unkekulized atoms: 3 4 5 6 7
[13:27:06] Can't kekulize mol.  Unkekulized atoms: 1 2 3 4 5
[13:27:06] WARNING: not removing hydrogen atom without neighbors
[13:27:07] Can't kekulize mol.  Unkekulized atoms: 1 2 3 4 5
[13:27:07] Explicit valence for atom # 6 O, 3, is greater than permitted
[13:27:07] Explicit valence for atom # 3 Si, 8, is greater than permitted
[13:27:07] Explicit valence for atom # 0 Cl, 2, is greater than permitted
