[13:22:42] Can't kekulize mol.  Unkekulized atoms: 1 2 3 4 5
[13:22:43] Explicit valence for atom # 0 Cl, 2, is greater than permitted
[13:22:44] Can't kekulize mol.  Unkekulized atoms: 3 4 5 6 7
[13:22:44] Can't kekulize mol.  Unkekulized atoms: 3 4 5 6 7
[13:22:45] WARNING: not removing hydrogen atom without neighbors
[13:22:47] Explicit valence for atom # 3 Si, 8, is greater than permitted
[13:22:47] Can't kekulize mol.  Unkekulized atoms: 1 2 3 4 5
[13:22:47] Can't kekulize mol.  Unkekulized atoms: 3 4 5 6 7
[13:22:48] Can't kekulize mol.  Unkekulized atoms: 1 2 3 4 5
[13:22:48] WARNING: not removing hydrogen atom without neighbors
[13:22:48] Can't kekulize mol.  Unkekulized atoms: 1 2 3 4 5
[13:22:48] Explicit valence for atom # 6 O, 3, is greater than permitted
[13:22:48] Explicit valence for atom # 3 Si, 8, is greater than permitted
[13:22:49] Explicit valence for atom # 0 Cl, 2, is greater than permitted
[13:24:07] Can't kekulize mol.  Unkekulized atoms: 1 2 3 4 5
[13:24:07] Explicit valence for atom # 0 Cl, 2, is greater than permitted
[13:24:08] Can't kekulize mol.  Unkekulized atoms: 3 4 5 6 7
[13:24:09] Can't kekulize mol.  Unkekulized atoms: 3 4 5 6 7
[13:24:11] Can't kekulize mol.  Unkekulized atoms: 1 2 3 4 5
[13:24:11] Can't kekulize mol.  Unkekulized atoms: 3 4 5 6 7
[13:24:11] Can't kekulize mol.  Unkekulized atoms: 1 2 3 4 5
[13:24:12] WARNING: not removing hydrogen atom without neighbors
[13:24:12] Can't kekulize mol.  Unkekulized atoms: 1 2 3 4 5
[13:24:12] Explicit valence for atom # 6 O, 3, is greater than permitted
[13:24:12] Explicit valence for atom # 3 Si, 8, is greater than permitted
[13:24:12] Explicit valence for atom # 0 Cl, 2, is greater than permitted
[13:25:26] Can't kekulize mol.  Unkekulized atoms: 1 2 3 4 5
[13:25:27] Explicit valence for atom # 0 Cl, 2, is greater than permitted
[13:25:27] Can't kekulize mol.  Unkekulized atoms: 3 4 5 6 7
[13:25:28] Can't kekulize mol.  Unkekulized atoms: 3 4 5 6 7
[13:25:30] Can't kekulize mol.  Unkekulized atoms: 1 2 3 4 5
[13:25:30] Can't kekulize mol.  Unkekulized atoms: 3 4 5 6 7
[13:25:31] Can't kekulize mol.  Unkekulized atoms: 1 2 3 4 5
[13:25:31] WARNING: not removing hydrogen atom without neighbors
[13:25:32] Can't kekulize mol.  Unkekulized atoms: 1 2 3 4 5
[13:25:32] Explicit valence for atom # 6 O, 3, is greater than permitted
[13:25:32] Explicit valence for atom # 3 Si, 8, is greater than permitted
[13:25:32] Explicit valence for atom # 0 Cl, 2, is greater than permitted
[13:26:52] Can't kekulize mol.  Unkekulized atoms: 1 2 3 4 5
[13:26:53] Explicit valence for atom # 0 Cl, 2, is greater than permitted
[13:26:53] Can't kekulize mol.  Unkekulized atoms: 3 4 5 6 7
[13:26:54] Can't kekulize mol.  Unkekulized atoms: 3 4 5 6 7
[13:26:56] Can't kekulize mol.  Unkekulized atoms: 1 2 3 4 5
[13:26:56] Can't kekulize mol.  Unkekulized atoms: 3 4 5 6 7
[13:26:57] Can't kekulize mol.  Unkekulized atoms: 1 2 3 4 5
[13:26:57] WARNING: not removing hydrogen atom without neighbors
[13:26:57] Can't kekulize mol.  Unkekulized atoms: 1 2 3 4 5
[13:26:57] Explicit valence for atom # 6 O, 3, is greater than permitted
[13:26:57] Explicit valence for atom # 3 Si, 8, is greater than permitted
[13:26:58] Explicit valence for atom # 0 Cl, 2, is greater than permitted
[13:26:58] Can't kekulize mol.  Unkekulized atoms: 1 2 3 4 5
[13:26:59] Explicit valence for atom # 0 Cl, 2, is greater than permitted
[13:26:59] Can't kekulize mol.  Unkekulized atoms: 3 4 5 6 7
[13:27:00] Can't kekulize mol.  Unkekulized atoms: 3 4 5 6 7
[13:27:02] Can't kekulize mol.  Unkekulized atoms: 1 2 3 4 5
[13:27:02] Can't kekulize mol.  Unkekulized atoms: 3 4 5 6 7
[13:27:03] Can't kekulize mol.  Unkekulized atoms: 1 2 3 4 5
[13:27:03] WARNING: not removing hydrogen atom without neighbors
[13:27:03] Can't kekulize mol.  Unkekulized atoms: 1 2 3 4 5
[13:27:03] Explicit valence for atom # 6 O, 3, is greater than permitted
[13:27:03] Explicit valence for atom # 3 Si, 8, is greater than permitted
[13:27:04] Explicit valence for atom # 0 Cl, 2, is greater than permitted
