[1/4] Excel → CSV 변환 중...
[2/4] Pretraining on TOX21_ERa_LUC_VM7_Antagonist_0.5nM_E2_viability using GAT...
Epoch 1/50 - Loss: 0.6698 - Val F1: 0.1838 - Val ROC-AUC: 0.6622 - Val PR-AUC: 0.1058
Epoch 2/50 - Loss: 0.6633 - Val F1: 0.1818 - Val ROC-AUC: 0.6457 - Val PR-AUC: 0.1740
Epoch 3/50 - Loss: 0.6480 - Val F1: 0.2310 - Val ROC-AUC: 0.7081 - Val PR-AUC: 0.1807
Epoch 4/50 - Loss: 0.6446 - Val F1: 0.2323 - Val ROC-AUC: 0.7586 - Val PR-AUC: 0.2007
Epoch 5/50 - Loss: 0.6298 - Val F1: 0.2676 - Val ROC-AUC: 0.7652 - Val PR-AUC: 0.2014
Epoch 6/50 - Loss: 0.6275 - Val F1: 0.2271 - Val ROC-AUC: 0.7176 - Val PR-AUC: 0.2014
Epoch 7/50 - Loss: 0.6318 - Val F1: 0.2414 - Val ROC-AUC: 0.7557 - Val PR-AUC: 0.2266
Epoch 8/50 - Loss: 0.6198 - Val F1: 0.2306 - Val ROC-AUC: 0.7768 - Val PR-AUC: 0.2265
Epoch 9/50 - Loss: 0.6145 - Val F1: 0.2197 - Val ROC-AUC: 0.7764 - Val PR-AUC: 0.2232
Epoch 10/50 - Loss: 0.6083 - Val F1: 0.2061 - Val ROC-AUC: 0.7449 - Val PR-AUC: 0.2216
Epoch 11/50 - Loss: 0.5975 - Val F1: 0.2400 - Val ROC-AUC: 0.7841 - Val PR-AUC: 0.2502
Epoch 12/50 - Loss: 0.5982 - Val F1: 0.2423 - Val ROC-AUC: 0.7905 - Val PR-AUC: 0.2564
Epoch 13/50 - Loss: 0.5986 - Val F1: 0.2132 - Val ROC-AUC: 0.7780 - Val PR-AUC: 0.2466
Epoch 14/50 - Loss: 0.5997 - Val F1: 0.2398 - Val ROC-AUC: 0.7896 - Val PR-AUC: 0.2525
Epoch 15/50 - Loss: 0.5965 - Val F1: 0.2105 - Val ROC-AUC: 0.7839 - Val PR-AUC: 0.2452
Epoch 16/50 - Loss: 0.5882 - Val F1: 0.2618 - Val ROC-AUC: 0.8113 - Val PR-AUC: 0.2671
Epoch 17/50 - Loss: 0.5911 - Val F1: 0.2538 - Val ROC-AUC: 0.8048 - Val PR-AUC: 0.2505
Epoch 18/50 - Loss: 0.5956 - Val F1: 0.2602 - Val ROC-AUC: 0.8125 - Val PR-AUC: 0.2439
Epoch 19/50 - Loss: 0.5916 - Val F1: 0.2924 - Val ROC-AUC: 0.8155 - Val PR-AUC: 0.2600
Epoch 20/50 - Loss: 0.5899 - Val F1: 0.2663 - Val ROC-AUC: 0.8182 - Val PR-AUC: 0.2675
Epoch 21/50 - Loss: 0.5719 - Val F1: 0.2884 - Val ROC-AUC: 0.8153 - Val PR-AUC: 0.2691
Epoch 22/50 - Loss: 0.5819 - Val F1: 0.2798 - Val ROC-AUC: 0.8277 - Val PR-AUC: 0.2741
Epoch 23/50 - Loss: 0.5753 - Val F1: 0.3056 - Val ROC-AUC: 0.8262 - Val PR-AUC: 0.2830
Epoch 24/50 - Loss: 0.5860 - Val F1: 0.2925 - Val ROC-AUC: 0.8357 - Val PR-AUC: 0.2840
Epoch 25/50 - Loss: 0.5780 - Val F1: 0.3154 - Val ROC-AUC: 0.8324 - Val PR-AUC: 0.2909
Epoch 26/50 - Loss: 0.5780 - Val F1: 0.2919 - Val ROC-AUC: 0.8306 - Val PR-AUC: 0.2918
Epoch 27/50 - Loss: 0.5798 - Val F1: 0.3047 - Val ROC-AUC: 0.8321 - Val PR-AUC: 0.2926
Epoch 28/50 - Loss: 0.5786 - Val F1: 0.3009 - Val ROC-AUC: 0.8400 - Val PR-AUC: 0.3072
Epoch 29/50 - Loss: 0.5729 - Val F1: 0.2977 - Val ROC-AUC: 0.8375 - Val PR-AUC: 0.2968
Epoch 30/50 - Loss: 0.5740 - Val F1: 0.3093 - Val ROC-AUC: 0.8361 - Val PR-AUC: 0.2931
Epoch 31/50 - Loss: 0.5723 - Val F1: 0.3177 - Val ROC-AUC: 0.8393 - Val PR-AUC: 0.2982
Epoch 32/50 - Loss: 0.5673 - Val F1: 0.3221 - Val ROC-AUC: 0.8369 - Val PR-AUC: 0.2874
Epoch 33/50 - Loss: 0.5827 - Val F1: 0.3032 - Val ROC-AUC: 0.8343 - Val PR-AUC: 0.2890
Epoch 34/50 - Loss: 0.5643 - Val F1: 0.3025 - Val ROC-AUC: 0.8351 - Val PR-AUC: 0.2920
Epoch 35/50 - Loss: 0.5721 - Val F1: 0.2977 - Val ROC-AUC: 0.8410 - Val PR-AUC: 0.2979
Epoch 36/50 - Loss: 0.5669 - Val F1: 0.2997 - Val ROC-AUC: 0.8376 - Val PR-AUC: 0.2963
Epoch 37/50 - Loss: 0.5614 - Val F1: 0.3117 - Val ROC-AUC: 0.8433 - Val PR-AUC: 0.2929
Epoch 38/50 - Loss: 0.5675 - Val F1: 0.2972 - Val ROC-AUC: 0.8411 - Val PR-AUC: 0.2967
Epoch 39/50 - Loss: 0.5664 - Val F1: 0.2991 - Val ROC-AUC: 0.8420 - Val PR-AUC: 0.3025
Epoch 40/50 - Loss: 0.5691 - Val F1: 0.2866 - Val ROC-AUC: 0.8371 - Val PR-AUC: 0.2992
Epoch 41/50 - Loss: 0.5614 - Val F1: 0.2883 - Val ROC-AUC: 0.8395 - Val PR-AUC: 0.3095
Epoch 42/50 - Loss: 0.5712 - Val F1: 0.2841 - Val ROC-AUC: 0.8418 - Val PR-AUC: 0.3038
Epoch 43/50 - Loss: 0.5693 - Val F1: 0.3129 - Val ROC-AUC: 0.8422 - Val PR-AUC: 0.3078
Epoch 44/50 - Loss: 0.5726 - Val F1: 0.2891 - Val ROC-AUC: 0.8433 - Val PR-AUC: 0.3014
Epoch 45/50 - Loss: 0.5488 - Val F1: 0.2865 - Val ROC-AUC: 0.8412 - Val PR-AUC: 0.3086
Epoch 46/50 - Loss: 0.5641 - Val F1: 0.2907 - Val ROC-AUC: 0.8457 - Val PR-AUC: 0.3036
Epoch 47/50 - Loss: 0.5664 - Val F1: 0.2796 - Val ROC-AUC: 0.8438 - Val PR-AUC: 0.3148
Epoch 48/50 - Loss: 0.5584 - Val F1: 0.2902 - Val ROC-AUC: 0.8436 - Val PR-AUC: 0.3080
Epoch 49/50 - Loss: 0.5708 - Val F1: 0.2872 - Val ROC-AUC: 0.8464 - Val PR-AUC: 0.3017
Epoch 50/50 - Loss: 0.5687 - Val F1: 0.2757 - Val ROC-AUC: 0.8353 - Val PR-AUC: 0.3074
Pretraining completed. Test F1: 0.3000, ROC-AUC: 0.8343, PR-AUC: 0.3084
[3/4] Finetuning on TOX21_ERb_BLA_Agonist_ch2 using GAT...
[Fine-tune] Epoch 1/50 - Loss: 0.5528 - Val F1: 0.1056 - Val ROC-AUC: 0.8257 - Val PR-AUC: 0.2692
[Fine-tune] Epoch 2/50 - Loss: 0.5227 - Val F1: 0.1765 - Val ROC-AUC: 0.8400 - Val PR-AUC: 0.4034
[Fine-tune] Epoch 3/50 - Loss: 0.5079 - Val F1: 0.1875 - Val ROC-AUC: 0.8483 - Val PR-AUC: 0.3549
[Fine-tune] Epoch 4/50 - Loss: 0.4988 - Val F1: 0.2256 - Val ROC-AUC: 0.8604 - Val PR-AUC: 0.4718
[Fine-tune] Epoch 5/50 - Loss: 0.4916 - Val F1: 0.1463 - Val ROC-AUC: 0.8626 - Val PR-AUC: 0.4351
[Fine-tune] Epoch 6/50 - Loss: 0.4926 - Val F1: 0.1304 - Val ROC-AUC: 0.8478 - Val PR-AUC: 0.3573
[Fine-tune] Epoch 7/50 - Loss: 0.4797 - Val F1: 0.1508 - Val ROC-AUC: 0.8562 - Val PR-AUC: 0.3131
[Fine-tune] Epoch 8/50 - Loss: 0.4933 - Val F1: 0.1127 - Val ROC-AUC: 0.8464 - Val PR-AUC: 0.2377
[Fine-tune] Epoch 9/50 - Loss: 0.4928 - Val F1: 0.1522 - Val ROC-AUC: 0.8366 - Val PR-AUC: 0.3706
[Fine-tune] Epoch 10/50 - Loss: 0.4888 - Val F1: 0.1172 - Val ROC-AUC: 0.8464 - Val PR-AUC: 0.2628
[Fine-tune] Epoch 11/50 - Loss: 0.4804 - Val F1: 0.1167 - Val ROC-AUC: 0.8447 - Val PR-AUC: 0.2730
[Fine-tune] Epoch 12/50 - Loss: 0.4664 - Val F1: 0.1205 - Val ROC-AUC: 0.8525 - Val PR-AUC: 0.2833
[Fine-tune] Epoch 13/50 - Loss: 0.4688 - Val F1: 0.1370 - Val ROC-AUC: 0.8541 - Val PR-AUC: 0.3097
[Fine-tune] Epoch 14/50 - Loss: 0.4612 - Val F1: 0.1154 - Val ROC-AUC: 0.8498 - Val PR-AUC: 0.3605
[Fine-tune] Epoch 15/50 - Loss: 0.4631 - Val F1: 0.1163 - Val ROC-AUC: 0.8445 - Val PR-AUC: 0.3415
[Fine-tune] Epoch 16/50 - Loss: 0.4697 - Val F1: 0.1282 - Val ROC-AUC: 0.8495 - Val PR-AUC: 0.3089
[Fine-tune] Epoch 17/50 - Loss: 0.4522 - Val F1: 0.0988 - Val ROC-AUC: 0.8378 - Val PR-AUC: 0.2976
[Fine-tune] Epoch 18/50 - Loss: 0.4703 - Val F1: 0.1147 - Val ROC-AUC: 0.8532 - Val PR-AUC: 0.2799
[Fine-tune] Epoch 19/50 - Loss: 0.4626 - Val F1: 0.1111 - Val ROC-AUC: 0.8512 - Val PR-AUC: 0.3294
[Fine-tune] Epoch 20/50 - Loss: 0.4626 - Val F1: 0.1215 - Val ROC-AUC: 0.8399 - Val PR-AUC: 0.2847
[Fine-tune] Epoch 21/50 - Loss: 0.4559 - Val F1: 0.0984 - Val ROC-AUC: 0.8416 - Val PR-AUC: 0.3074
[Fine-tune] Epoch 22/50 - Loss: 0.4506 - Val F1: 0.1079 - Val ROC-AUC: 0.8518 - Val PR-AUC: 0.3246
[Fine-tune] Epoch 23/50 - Loss: 0.4496 - Val F1: 0.1017 - Val ROC-AUC: 0.8450 - Val PR-AUC: 0.2882
[Fine-tune] Epoch 24/50 - Loss: 0.4513 - Val F1: 0.1064 - Val ROC-AUC: 0.8494 - Val PR-AUC: 0.2912
[Fine-tune] Epoch 25/50 - Loss: 0.4542 - Val F1: 0.1102 - Val ROC-AUC: 0.8429 - Val PR-AUC: 0.3075
[Fine-tune] Epoch 26/50 - Loss: 0.4548 - Val F1: 0.1128 - Val ROC-AUC: 0.8549 - Val PR-AUC: 0.3264
[Fine-tune] Epoch 27/50 - Loss: 0.4520 - Val F1: 0.1014 - Val ROC-AUC: 0.8503 - Val PR-AUC: 0.3374
[Fine-tune] Epoch 28/50 - Loss: 0.4487 - Val F1: 0.1547 - Val ROC-AUC: 0.8559 - Val PR-AUC: 0.3746
[Fine-tune] Epoch 29/50 - Loss: 0.4269 - Val F1: 0.1136 - Val ROC-AUC: 0.8489 - Val PR-AUC: 0.3218
[Fine-tune] Epoch 30/50 - Loss: 0.4418 - Val F1: 0.1064 - Val ROC-AUC: 0.8516 - Val PR-AUC: 0.3025
[Fine-tune] Epoch 31/50 - Loss: 0.4536 - Val F1: 0.1402 - Val ROC-AUC: 0.8582 - Val PR-AUC: 0.3356
[Fine-tune] Epoch 32/50 - Loss: 0.4398 - Val F1: 0.1128 - Val ROC-AUC: 0.8549 - Val PR-AUC: 0.3323
[Fine-tune] Epoch 33/50 - Loss: 0.4394 - Val F1: 0.1111 - Val ROC-AUC: 0.8501 - Val PR-AUC: 0.3127
[Fine-tune] Epoch 34/50 - Loss: 0.4445 - Val F1: 0.1141 - Val ROC-AUC: 0.8497 - Val PR-AUC: 0.2994
[Fine-tune] Epoch 35/50 - Loss: 0.4359 - Val F1: 0.1176 - Val ROC-AUC: 0.8484 - Val PR-AUC: 0.3042
[Fine-tune] Epoch 36/50 - Loss: 0.4397 - Val F1: 0.1200 - Val ROC-AUC: 0.8432 - Val PR-AUC: 0.2870
[Fine-tune] Epoch 37/50 - Loss: 0.4428 - Val F1: 0.1033 - Val ROC-AUC: 0.8483 - Val PR-AUC: 0.3493
[Fine-tune] Epoch 38/50 - Loss: 0.4483 - Val F1: 0.1230 - Val ROC-AUC: 0.8499 - Val PR-AUC: 0.2925
[Fine-tune] Epoch 39/50 - Loss: 0.4351 - Val F1: 0.1316 - Val ROC-AUC: 0.8508 - Val PR-AUC: 0.2948
[Fine-tune] Epoch 40/50 - Loss: 0.4324 - Val F1: 0.1158 - Val ROC-AUC: 0.8506 - Val PR-AUC: 0.3013
[Fine-tune] Epoch 41/50 - Loss: 0.4463 - Val F1: 0.1154 - Val ROC-AUC: 0.8480 - Val PR-AUC: 0.3129
[Fine-tune] Epoch 42/50 - Loss: 0.4457 - Val F1: 0.1215 - Val ROC-AUC: 0.8486 - Val PR-AUC: 0.3068
[Fine-tune] Epoch 43/50 - Loss: 0.4336 - Val F1: 0.1293 - Val ROC-AUC: 0.8511 - Val PR-AUC: 0.3265
[Fine-tune] Epoch 44/50 - Loss: 0.4397 - Val F1: 0.1293 - Val ROC-AUC: 0.8505 - Val PR-AUC: 0.3160
[Fine-tune] Epoch 45/50 - Loss: 0.4403 - Val F1: 0.1255 - Val ROC-AUC: 0.8533 - Val PR-AUC: 0.3186
[Fine-tune] Epoch 46/50 - Loss: 0.4391 - Val F1: 0.1224 - Val ROC-AUC: 0.8529 - Val PR-AUC: 0.3367
[Fine-tune] Epoch 47/50 - Loss: 0.4430 - Val F1: 0.1186 - Val ROC-AUC: 0.8508 - Val PR-AUC: 0.3177
[Fine-tune] Epoch 48/50 - Loss: 0.4410 - Val F1: 0.1266 - Val ROC-AUC: 0.8525 - Val PR-AUC: 0.3249
[Fine-tune] Epoch 49/50 - Loss: 0.4394 - Val F1: 0.1154 - Val ROC-AUC: 0.8481 - Val PR-AUC: 0.3292
[Fine-tune] Epoch 50/50 - Loss: 0.4405 - Val F1: 0.1075 - Val ROC-AUC: 0.8489 - Val PR-AUC: 0.3287
Finetuning completed. Test F1: 0.2078, ROC-AUC: 0.9292, PR-AUC: 0.4190
[3.1/4] Target-only training on TOX21_ERb_BLA_Agonist_ch2 using GAT...
=== Target-only training ===
[Target-only] Epoch 1/50 – Loss: 0.5617  Val F1: 0.1442  ROC-AUC: 0.8664  PR-AUC: 0.2482
[Target-only] Epoch 2/50 – Loss: 0.5290  Val F1: 0.1514  ROC-AUC: 0.8373  PR-AUC: 0.3007
[Target-only] Epoch 3/50 – Loss: 0.5115  Val F1: 0.1345  ROC-AUC: 0.8757  PR-AUC: 0.4605
[Target-only] Epoch 4/50 – Loss: 0.4854  Val F1: 0.1676  ROC-AUC: 0.8568  PR-AUC: 0.3300
[Target-only] Epoch 5/50 – Loss: 0.4962  Val F1: 0.2453  ROC-AUC: 0.8762  PR-AUC: 0.4261
[Target-only] Epoch 6/50 – Loss: 0.4979  Val F1: 0.3182  ROC-AUC: 0.8773  PR-AUC: 0.4663
[Target-only] Epoch 7/50 – Loss: 0.4888  Val F1: 0.1171  ROC-AUC: 0.8088  PR-AUC: 0.3081
[Target-only] Epoch 8/50 – Loss: 0.4959  Val F1: 0.1307  ROC-AUC: 0.8480  PR-AUC: 0.3949
[Target-only] Epoch 9/50 – Loss: 0.4833  Val F1: 0.1769  ROC-AUC: 0.8502  PR-AUC: 0.4682
[Target-only] Epoch 10/50 – Loss: 0.4995  Val F1: 0.1333  ROC-AUC: 0.8369  PR-AUC: 0.4335
[Target-only] Epoch 11/50 – Loss: 0.4761  Val F1: 0.1657  ROC-AUC: 0.8519  PR-AUC: 0.4885
[Target-only] Epoch 12/50 – Loss: 0.4719  Val F1: 0.2222  ROC-AUC: 0.8612  PR-AUC: 0.4641
[Target-only] Epoch 13/50 – Loss: 0.4730  Val F1: 0.2128  ROC-AUC: 0.8698  PR-AUC: 0.4678
[Target-only] Epoch 14/50 – Loss: 0.4610  Val F1: 0.2000  ROC-AUC: 0.8793  PR-AUC: 0.4341
[Target-only] Epoch 15/50 – Loss: 0.4702  Val F1: 0.1840  ROC-AUC: 0.8616  PR-AUC: 0.3600
[Target-only] Epoch 16/50 – Loss: 0.4561  Val F1: 0.1379  ROC-AUC: 0.8541  PR-AUC: 0.4478
[Target-only] Epoch 17/50 – Loss: 0.4558  Val F1: 0.1656  ROC-AUC: 0.8403  PR-AUC: 0.4045
[Target-only] Epoch 18/50 – Loss: 0.4607  Val F1: 0.1795  ROC-AUC: 0.8742  PR-AUC: 0.4471
[Target-only] Epoch 19/50 – Loss: 0.4606  Val F1: 0.2025  ROC-AUC: 0.8735  PR-AUC: 0.4434
[Target-only] Epoch 20/50 – Loss: 0.4572  Val F1: 0.1863  ROC-AUC: 0.8780  PR-AUC: 0.4529
[Target-only] Epoch 21/50 – Loss: 0.4458  Val F1: 0.1875  ROC-AUC: 0.8759  PR-AUC: 0.4442
[Target-only] Epoch 22/50 – Loss: 0.4522  Val F1: 0.1882  ROC-AUC: 0.8760  PR-AUC: 0.4313
[Target-only] Epoch 23/50 – Loss: 0.4429  Val F1: 0.1918  ROC-AUC: 0.8773  PR-AUC: 0.4375
[Target-only] Epoch 24/50 – Loss: 0.4630  Val F1: 0.1488  ROC-AUC: 0.8727  PR-AUC: 0.4736
[Target-only] Epoch 25/50 – Loss: 0.4463  Val F1: 0.1987  ROC-AUC: 0.8767  PR-AUC: 0.4330
[Target-only] Epoch 26/50 – Loss: 0.4427  Val F1: 0.1647  ROC-AUC: 0.8684  PR-AUC: 0.4012
[Target-only] Epoch 27/50 – Loss: 0.4518  Val F1: 0.2133  ROC-AUC: 0.8875  PR-AUC: 0.4176
[Target-only] Epoch 28/50 – Loss: 0.4421  Val F1: 0.1786  ROC-AUC: 0.8808  PR-AUC: 0.4051
[Target-only] Epoch 29/50 – Loss: 0.4533  Val F1: 0.2162  ROC-AUC: 0.8764  PR-AUC: 0.4098
[Target-only] Epoch 30/50 – Loss: 0.4375  Val F1: 0.1818  ROC-AUC: 0.8646  PR-AUC: 0.4146
[Target-only] Epoch 31/50 – Loss: 0.4415  Val F1: 0.1940  ROC-AUC: 0.8716  PR-AUC: 0.4101
[Target-only] Epoch 32/50 – Loss: 0.4431  Val F1: 0.2273  ROC-AUC: 0.8797  PR-AUC: 0.4161
[Target-only] Epoch 33/50 – Loss: 0.4327  Val F1: 0.2000  ROC-AUC: 0.8685  PR-AUC: 0.4149
[Target-only] Epoch 34/50 – Loss: 0.4334  Val F1: 0.1765  ROC-AUC: 0.8811  PR-AUC: 0.4362
[Target-only] Epoch 35/50 – Loss: 0.4397  Val F1: 0.1899  ROC-AUC: 0.8754  PR-AUC: 0.4067
[Target-only] Epoch 36/50 – Loss: 0.4318  Val F1: 0.2000  ROC-AUC: 0.8791  PR-AUC: 0.4126
[Target-only] Epoch 37/50 – Loss: 0.4305  Val F1: 0.1972  ROC-AUC: 0.8751  PR-AUC: 0.4184
[Target-only] Epoch 38/50 – Loss: 0.4357  Val F1: 0.2090  ROC-AUC: 0.8752  PR-AUC: 0.4497
[Target-only] Epoch 39/50 – Loss: 0.4217  Val F1: 0.1854  ROC-AUC: 0.8693  PR-AUC: 0.4212
[Target-only] Epoch 40/50 – Loss: 0.4428  Val F1: 0.1905  ROC-AUC: 0.8827  PR-AUC: 0.4243
[Target-only] Epoch 41/50 – Loss: 0.4298  Val F1: 0.1818  ROC-AUC: 0.8744  PR-AUC: 0.4141
[Target-only] Epoch 42/50 – Loss: 0.4291  Val F1: 0.1892  ROC-AUC: 0.8758  PR-AUC: 0.4124
[Target-only] Epoch 43/50 – Loss: 0.4258  Val F1: 0.1879  ROC-AUC: 0.8817  PR-AUC: 0.4559
[Target-only] Epoch 44/50 – Loss: 0.4379  Val F1: 0.2044  ROC-AUC: 0.8788  PR-AUC: 0.4215
[Target-only] Epoch 45/50 – Loss: 0.4408  Val F1: 0.2059  ROC-AUC: 0.8742  PR-AUC: 0.4632
[Target-only] Epoch 46/50 – Loss: 0.4459  Val F1: 0.2222  ROC-AUC: 0.8758  PR-AUC: 0.4304
[Target-only] Epoch 47/50 – Loss: 0.4379  Val F1: 0.1772  ROC-AUC: 0.8704  PR-AUC: 0.4317
[Target-only] Epoch 48/50 – Loss: 0.4306  Val F1: 0.1600  ROC-AUC: 0.8723  PR-AUC: 0.4298
[Target-only] Epoch 49/50 – Loss: 0.4367  Val F1: 0.1944  ROC-AUC: 0.8705  PR-AUC: 0.4207
[Target-only] Epoch 50/50 – Loss: 0.4280  Val F1: 0.1842  ROC-AUC: 0.8800  PR-AUC: 0.4357
=== Target-only TEST performance ===
Test F1: 0.3636, ROC-AUC: 0.9103, PR-AUC: 0.4815
[4/4] Embedding 시각화 중...
✅ Embeddings 저장 완료: embeddings_TOX21_ERa_LUC_VM7_Antagonist_0.5nM_E2_viability_TOX21_ERb_BLA_Agonist_ch2_GAT.png
✅ 실험 완료: TOX21_ERa_LUC_VM7_Antagonist_0.5nM_E2_viability -> TOX21_ERb_BLA_Agonist_ch2 [GAT]
