[13:22:32] Can't kekulize mol.  Unkekulized atoms: 1 2 3 4 5
[13:22:32] Explicit valence for atom # 0 Cl, 2, is greater than permitted
[13:22:33] Can't kekulize mol.  Unkekulized atoms: 3 4 5 6 7
[13:22:33] Can't kekulize mol.  Unkekulized atoms: 3 4 5 6 7
[13:22:36] Can't kekulize mol.  Unkekulized atoms: 1 2 3 4 5
[13:22:36] Can't kekulize mol.  Unkekulized atoms: 3 4 5 6 7
[13:22:36] Can't kekulize mol.  Unkekulized atoms: 1 2 3 4 5
[13:22:37] WARNING: not removing hydrogen atom without neighbors
[13:22:37] Can't kekulize mol.  Unkekulized atoms: 1 2 3 4 5
[13:22:37] Explicit valence for atom # 6 O, 3, is greater than permitted
[13:22:37] Explicit valence for atom # 3 Si, 8, is greater than permitted
[13:22:37] Explicit valence for atom # 0 Cl, 2, is greater than permitted
[13:23:55] Can't kekulize mol.  Unkekulized atoms: 1 2 3 4 5
[13:23:55] Explicit valence for atom # 0 Cl, 2, is greater than permitted
[13:23:56] Can't kekulize mol.  Unkekulized atoms: 3 4 5 6 7
[13:23:56] Can't kekulize mol.  Unkekulized atoms: 3 4 5 6 7
[13:23:59] Can't kekulize mol.  Unkekulized atoms: 1 2 3 4 5
[13:23:59] Can't kekulize mol.  Unkekulized atoms: 3 4 5 6 7
[13:23:59] Can't kekulize mol.  Unkekulized atoms: 1 2 3 4 5
[13:23:59] WARNING: not removing hydrogen atom without neighbors
[13:24:00] Can't kekulize mol.  Unkekulized atoms: 1 2 3 4 5
[13:24:00] Explicit valence for atom # 6 O, 3, is greater than permitted
[13:24:00] Explicit valence for atom # 3 Si, 8, is greater than permitted
[13:24:00] Explicit valence for atom # 0 Cl, 2, is greater than permitted
[13:25:16] Can't kekulize mol.  Unkekulized atoms: 1 2 3 4 5
[13:25:16] Explicit valence for atom # 0 Cl, 2, is greater than permitted
[13:25:17] Can't kekulize mol.  Unkekulized atoms: 3 4 5 6 7
[13:25:18] Can't kekulize mol.  Unkekulized atoms: 3 4 5 6 7
[13:25:20] Can't kekulize mol.  Unkekulized atoms: 1 2 3 4 5
[13:25:20] Can't kekulize mol.  Unkekulized atoms: 3 4 5 6 7
[13:25:20] Can't kekulize mol.  Unkekulized atoms: 1 2 3 4 5
[13:25:21] WARNING: not removing hydrogen atom without neighbors
[13:25:21] Can't kekulize mol.  Unkekulized atoms: 1 2 3 4 5
[13:25:21] Explicit valence for atom # 6 O, 3, is greater than permitted
[13:25:21] Explicit valence for atom # 3 Si, 8, is greater than permitted
[13:25:21] Explicit valence for atom # 0 Cl, 2, is greater than permitted
[13:26:42] Can't kekulize mol.  Unkekulized atoms: 1 2 3 4 5
[13:26:42] Explicit valence for atom # 0 Cl, 2, is greater than permitted
[13:26:43] Can't kekulize mol.  Unkekulized atoms: 3 4 5 6 7
[13:26:43] Can't kekulize mol.  Unkekulized atoms: 3 4 5 6 7
[13:26:46] Can't kekulize mol.  Unkekulized atoms: 1 2 3 4 5
[13:26:46] Can't kekulize mol.  Unkekulized atoms: 3 4 5 6 7
[13:26:46] Can't kekulize mol.  Unkekulized atoms: 1 2 3 4 5
[13:26:47] WARNING: not removing hydrogen atom without neighbors
[13:26:47] Can't kekulize mol.  Unkekulized atoms: 1 2 3 4 5
[13:26:47] Explicit valence for atom # 6 O, 3, is greater than permitted
[13:26:47] Explicit valence for atom # 3 Si, 8, is greater than permitted
[13:26:47] Explicit valence for atom # 0 Cl, 2, is greater than permitted
[13:26:48] Can't kekulize mol.  Unkekulized atoms: 1 2 3 4 5
[13:26:48] Explicit valence for atom # 0 Cl, 2, is greater than permitted
[13:26:49] Can't kekulize mol.  Unkekulized atoms: 3 4 5 6 7
[13:26:49] Can't kekulize mol.  Unkekulized atoms: 3 4 5 6 7
[13:26:52] Can't kekulize mol.  Unkekulized atoms: 1 2 3 4 5
[13:26:52] Can't kekulize mol.  Unkekulized atoms: 3 4 5 6 7
[13:26:52] Can't kekulize mol.  Unkekulized atoms: 1 2 3 4 5
[13:26:52] WARNING: not removing hydrogen atom without neighbors
[13:26:53] Can't kekulize mol.  Unkekulized atoms: 1 2 3 4 5
[13:26:53] Explicit valence for atom # 6 O, 3, is greater than permitted
[13:26:53] Explicit valence for atom # 3 Si, 8, is greater than permitted
[13:26:53] Explicit valence for atom # 0 Cl, 2, is greater than permitted
