[1/4] Excel → CSV 변환 중...
[2/4] Pretraining on TOX21_ERb_BLA_Antagonist_ch1 using GAT...
Epoch 1/50 - Loss: 0.6341 - Val F1: 0.1093 - Val ROC-AUC: 0.7288 - Val PR-AUC: 0.0918
Epoch 2/50 - Loss: 0.6101 - Val F1: 0.1677 - Val ROC-AUC: 0.7314 - Val PR-AUC: 0.1149
Epoch 3/50 - Loss: 0.6058 - Val F1: 0.0979 - Val ROC-AUC: 0.7426 - Val PR-AUC: 0.1017
Epoch 4/50 - Loss: 0.6020 - Val F1: 0.0967 - Val ROC-AUC: 0.7399 - Val PR-AUC: 0.0964
Epoch 5/50 - Loss: 0.6091 - Val F1: 0.1246 - Val ROC-AUC: 0.7745 - Val PR-AUC: 0.1035
Epoch 6/50 - Loss: 0.5939 - Val F1: 0.1349 - Val ROC-AUC: 0.7484 - Val PR-AUC: 0.1053
Epoch 7/50 - Loss: 0.5967 - Val F1: 0.1307 - Val ROC-AUC: 0.7824 - Val PR-AUC: 0.1127
Epoch 8/50 - Loss: 0.5923 - Val F1: 0.1031 - Val ROC-AUC: 0.7909 - Val PR-AUC: 0.1184
Epoch 9/50 - Loss: 0.5757 - Val F1: 0.1379 - Val ROC-AUC: 0.7817 - Val PR-AUC: 0.1130
Epoch 10/50 - Loss: 0.5860 - Val F1: 0.1141 - Val ROC-AUC: 0.7896 - Val PR-AUC: 0.1174
Epoch 11/50 - Loss: 0.5777 - Val F1: 0.1097 - Val ROC-AUC: 0.7725 - Val PR-AUC: 0.1097
Epoch 12/50 - Loss: 0.5582 - Val F1: 0.1133 - Val ROC-AUC: 0.7338 - Val PR-AUC: 0.1121
Epoch 13/50 - Loss: 0.5653 - Val F1: 0.0998 - Val ROC-AUC: 0.7862 - Val PR-AUC: 0.1121
Epoch 14/50 - Loss: 0.5628 - Val F1: 0.1146 - Val ROC-AUC: 0.7723 - Val PR-AUC: 0.1107
Epoch 15/50 - Loss: 0.5703 - Val F1: 0.1105 - Val ROC-AUC: 0.7552 - Val PR-AUC: 0.1065
Epoch 16/50 - Loss: 0.5675 - Val F1: 0.0950 - Val ROC-AUC: 0.7561 - Val PR-AUC: 0.1076
Epoch 17/50 - Loss: 0.5539 - Val F1: 0.1016 - Val ROC-AUC: 0.7373 - Val PR-AUC: 0.1036
Epoch 18/50 - Loss: 0.5559 - Val F1: 0.0945 - Val ROC-AUC: 0.7670 - Val PR-AUC: 0.1137
Epoch 19/50 - Loss: 0.5620 - Val F1: 0.1115 - Val ROC-AUC: 0.7401 - Val PR-AUC: 0.1061
Epoch 20/50 - Loss: 0.5615 - Val F1: 0.1080 - Val ROC-AUC: 0.7413 - Val PR-AUC: 0.1031
Epoch 21/50 - Loss: 0.5480 - Val F1: 0.1138 - Val ROC-AUC: 0.7513 - Val PR-AUC: 0.1086
Epoch 22/50 - Loss: 0.5532 - Val F1: 0.1070 - Val ROC-AUC: 0.7465 - Val PR-AUC: 0.1025
Epoch 23/50 - Loss: 0.5644 - Val F1: 0.1108 - Val ROC-AUC: 0.7495 - Val PR-AUC: 0.1020
Epoch 24/50 - Loss: 0.5583 - Val F1: 0.1108 - Val ROC-AUC: 0.7534 - Val PR-AUC: 0.1093
Epoch 25/50 - Loss: 0.5515 - Val F1: 0.1128 - Val ROC-AUC: 0.7616 - Val PR-AUC: 0.1104
Epoch 26/50 - Loss: 0.5504 - Val F1: 0.1199 - Val ROC-AUC: 0.7512 - Val PR-AUC: 0.1032
Epoch 27/50 - Loss: 0.5498 - Val F1: 0.1035 - Val ROC-AUC: 0.7597 - Val PR-AUC: 0.1114
Epoch 28/50 - Loss: 0.5528 - Val F1: 0.1036 - Val ROC-AUC: 0.7561 - Val PR-AUC: 0.1044
Epoch 29/50 - Loss: 0.5521 - Val F1: 0.1121 - Val ROC-AUC: 0.7435 - Val PR-AUC: 0.1026
Epoch 30/50 - Loss: 0.5585 - Val F1: 0.1162 - Val ROC-AUC: 0.7585 - Val PR-AUC: 0.1060
Epoch 31/50 - Loss: 0.5497 - Val F1: 0.1183 - Val ROC-AUC: 0.7582 - Val PR-AUC: 0.1092
Epoch 32/50 - Loss: 0.5498 - Val F1: 0.1121 - Val ROC-AUC: 0.7545 - Val PR-AUC: 0.1057
Epoch 33/50 - Loss: 0.5332 - Val F1: 0.1098 - Val ROC-AUC: 0.7551 - Val PR-AUC: 0.1090
Epoch 34/50 - Loss: 0.5555 - Val F1: 0.1096 - Val ROC-AUC: 0.7583 - Val PR-AUC: 0.1104
Epoch 35/50 - Loss: 0.5381 - Val F1: 0.1180 - Val ROC-AUC: 0.7595 - Val PR-AUC: 0.1137
Epoch 36/50 - Loss: 0.5455 - Val F1: 0.1056 - Val ROC-AUC: 0.7464 - Val PR-AUC: 0.0971
Epoch 37/50 - Loss: 0.5371 - Val F1: 0.1092 - Val ROC-AUC: 0.7612 - Val PR-AUC: 0.1070
Epoch 38/50 - Loss: 0.5430 - Val F1: 0.1105 - Val ROC-AUC: 0.7534 - Val PR-AUC: 0.1068
Epoch 39/50 - Loss: 0.5400 - Val F1: 0.1108 - Val ROC-AUC: 0.7450 - Val PR-AUC: 0.1102
Epoch 40/50 - Loss: 0.5543 - Val F1: 0.1080 - Val ROC-AUC: 0.7416 - Val PR-AUC: 0.1058
Epoch 41/50 - Loss: 0.5405 - Val F1: 0.1102 - Val ROC-AUC: 0.7469 - Val PR-AUC: 0.1150
Epoch 42/50 - Loss: 0.5379 - Val F1: 0.1095 - Val ROC-AUC: 0.7501 - Val PR-AUC: 0.1097
Epoch 43/50 - Loss: 0.5493 - Val F1: 0.1117 - Val ROC-AUC: 0.7465 - Val PR-AUC: 0.1026
Epoch 44/50 - Loss: 0.5380 - Val F1: 0.1128 - Val ROC-AUC: 0.7493 - Val PR-AUC: 0.1044
Epoch 45/50 - Loss: 0.5401 - Val F1: 0.1034 - Val ROC-AUC: 0.7522 - Val PR-AUC: 0.1137
Epoch 46/50 - Loss: 0.5424 - Val F1: 0.1070 - Val ROC-AUC: 0.7518 - Val PR-AUC: 0.1359
Epoch 47/50 - Loss: 0.5364 - Val F1: 0.1084 - Val ROC-AUC: 0.7578 - Val PR-AUC: 0.1176
Epoch 48/50 - Loss: 0.5390 - Val F1: 0.1092 - Val ROC-AUC: 0.7521 - Val PR-AUC: 0.1160
Epoch 49/50 - Loss: 0.5391 - Val F1: 0.1056 - Val ROC-AUC: 0.7546 - Val PR-AUC: 0.1175
Epoch 50/50 - Loss: 0.5364 - Val F1: 0.1083 - Val ROC-AUC: 0.7518 - Val PR-AUC: 0.1386
Pretraining completed. Test F1: 0.1103, ROC-AUC: 0.6434, PR-AUC: 0.1156
[3/4] Finetuning on TOX21_ERb_BLA_Agonist_ch2 using GAT...
[Fine-tune] Epoch 1/50 - Loss: 0.5241 - Val F1: 0.1648 - Val ROC-AUC: 0.8363 - Val PR-AUC: 0.2347
[Fine-tune] Epoch 2/50 - Loss: 0.5151 - Val F1: 0.1463 - Val ROC-AUC: 0.8470 - Val PR-AUC: 0.3058
[Fine-tune] Epoch 3/50 - Loss: 0.5040 - Val F1: 0.0923 - Val ROC-AUC: 0.8395 - Val PR-AUC: 0.3313
[Fine-tune] Epoch 4/50 - Loss: 0.5102 - Val F1: 0.1045 - Val ROC-AUC: 0.8365 - Val PR-AUC: 0.3242
[Fine-tune] Epoch 5/50 - Loss: 0.4993 - Val F1: 0.0826 - Val ROC-AUC: 0.8092 - Val PR-AUC: 0.2612
[Fine-tune] Epoch 6/50 - Loss: 0.4926 - Val F1: 0.0804 - Val ROC-AUC: 0.8260 - Val PR-AUC: 0.2969
[Fine-tune] Epoch 7/50 - Loss: 0.4929 - Val F1: 0.0848 - Val ROC-AUC: 0.8149 - Val PR-AUC: 0.3084
[Fine-tune] Epoch 8/50 - Loss: 0.4905 - Val F1: 0.0814 - Val ROC-AUC: 0.8511 - Val PR-AUC: 0.3497
[Fine-tune] Epoch 9/50 - Loss: 0.4884 - Val F1: 0.1007 - Val ROC-AUC: 0.8348 - Val PR-AUC: 0.3511
[Fine-tune] Epoch 10/50 - Loss: 0.4850 - Val F1: 0.0912 - Val ROC-AUC: 0.8452 - Val PR-AUC: 0.3267
[Fine-tune] Epoch 11/50 - Loss: 0.4757 - Val F1: 0.1060 - Val ROC-AUC: 0.8639 - Val PR-AUC: 0.3404
[Fine-tune] Epoch 12/50 - Loss: 0.4764 - Val F1: 0.1220 - Val ROC-AUC: 0.8742 - Val PR-AUC: 0.3472
[Fine-tune] Epoch 13/50 - Loss: 0.4741 - Val F1: 0.0927 - Val ROC-AUC: 0.8629 - Val PR-AUC: 0.3804
[Fine-tune] Epoch 14/50 - Loss: 0.4692 - Val F1: 0.1212 - Val ROC-AUC: 0.8728 - Val PR-AUC: 0.4255
[Fine-tune] Epoch 15/50 - Loss: 0.4639 - Val F1: 0.0952 - Val ROC-AUC: 0.8694 - Val PR-AUC: 0.4011
[Fine-tune] Epoch 16/50 - Loss: 0.4677 - Val F1: 0.1414 - Val ROC-AUC: 0.8454 - Val PR-AUC: 0.4029
[Fine-tune] Epoch 17/50 - Loss: 0.4635 - Val F1: 0.1103 - Val ROC-AUC: 0.8524 - Val PR-AUC: 0.4189
[Fine-tune] Epoch 18/50 - Loss: 0.4598 - Val F1: 0.1191 - Val ROC-AUC: 0.8465 - Val PR-AUC: 0.4125
[Fine-tune] Epoch 19/50 - Loss: 0.4660 - Val F1: 0.1261 - Val ROC-AUC: 0.8339 - Val PR-AUC: 0.4210
[Fine-tune] Epoch 20/50 - Loss: 0.4721 - Val F1: 0.1308 - Val ROC-AUC: 0.8483 - Val PR-AUC: 0.3901
[Fine-tune] Epoch 21/50 - Loss: 0.4599 - Val F1: 0.1176 - Val ROC-AUC: 0.8326 - Val PR-AUC: 0.3595
[Fine-tune] Epoch 22/50 - Loss: 0.4588 - Val F1: 0.1181 - Val ROC-AUC: 0.8369 - Val PR-AUC: 0.3776
[Fine-tune] Epoch 23/50 - Loss: 0.4624 - Val F1: 0.1162 - Val ROC-AUC: 0.8383 - Val PR-AUC: 0.3819
[Fine-tune] Epoch 24/50 - Loss: 0.4579 - Val F1: 0.1186 - Val ROC-AUC: 0.8382 - Val PR-AUC: 0.4004
[Fine-tune] Epoch 25/50 - Loss: 0.4578 - Val F1: 0.1290 - Val ROC-AUC: 0.8384 - Val PR-AUC: 0.3798
[Fine-tune] Epoch 26/50 - Loss: 0.4497 - Val F1: 0.1239 - Val ROC-AUC: 0.8474 - Val PR-AUC: 0.4162
[Fine-tune] Epoch 27/50 - Loss: 0.4511 - Val F1: 0.1045 - Val ROC-AUC: 0.8550 - Val PR-AUC: 0.4102
[Fine-tune] Epoch 28/50 - Loss: 0.4593 - Val F1: 0.1273 - Val ROC-AUC: 0.8479 - Val PR-AUC: 0.4101
[Fine-tune] Epoch 29/50 - Loss: 0.4459 - Val F1: 0.1138 - Val ROC-AUC: 0.8437 - Val PR-AUC: 0.4088
[Fine-tune] Epoch 30/50 - Loss: 0.4514 - Val F1: 0.1273 - Val ROC-AUC: 0.8482 - Val PR-AUC: 0.4065
[Fine-tune] Epoch 31/50 - Loss: 0.4479 - Val F1: 0.1081 - Val ROC-AUC: 0.8473 - Val PR-AUC: 0.4010
[Fine-tune] Epoch 32/50 - Loss: 0.4347 - Val F1: 0.1212 - Val ROC-AUC: 0.8500 - Val PR-AUC: 0.4085
[Fine-tune] Epoch 33/50 - Loss: 0.4331 - Val F1: 0.1273 - Val ROC-AUC: 0.8443 - Val PR-AUC: 0.4091
[Fine-tune] Epoch 34/50 - Loss: 0.4355 - Val F1: 0.1098 - Val ROC-AUC: 0.8405 - Val PR-AUC: 0.3904
[Fine-tune] Epoch 35/50 - Loss: 0.4425 - Val F1: 0.1256 - Val ROC-AUC: 0.8417 - Val PR-AUC: 0.4261
[Fine-tune] Epoch 36/50 - Loss: 0.4335 - Val F1: 0.1290 - Val ROC-AUC: 0.8464 - Val PR-AUC: 0.4193
[Fine-tune] Epoch 37/50 - Loss: 0.4591 - Val F1: 0.1321 - Val ROC-AUC: 0.8475 - Val PR-AUC: 0.4147
[Fine-tune] Epoch 38/50 - Loss: 0.4423 - Val F1: 0.1547 - Val ROC-AUC: 0.8437 - Val PR-AUC: 0.4030
[Fine-tune] Epoch 39/50 - Loss: 0.4375 - Val F1: 0.1359 - Val ROC-AUC: 0.8427 - Val PR-AUC: 0.4185
[Fine-tune] Epoch 40/50 - Loss: 0.4389 - Val F1: 0.1290 - Val ROC-AUC: 0.8495 - Val PR-AUC: 0.4346
[Fine-tune] Epoch 41/50 - Loss: 0.4282 - Val F1: 0.1379 - Val ROC-AUC: 0.8468 - Val PR-AUC: 0.4031
[Fine-tune] Epoch 42/50 - Loss: 0.4291 - Val F1: 0.1228 - Val ROC-AUC: 0.8513 - Val PR-AUC: 0.4414
[Fine-tune] Epoch 43/50 - Loss: 0.4365 - Val F1: 0.1143 - Val ROC-AUC: 0.8408 - Val PR-AUC: 0.3962
[Fine-tune] Epoch 44/50 - Loss: 0.4306 - Val F1: 0.1393 - Val ROC-AUC: 0.8431 - Val PR-AUC: 0.3997
[Fine-tune] Epoch 45/50 - Loss: 0.4371 - Val F1: 0.1296 - Val ROC-AUC: 0.8442 - Val PR-AUC: 0.4090
[Fine-tune] Epoch 46/50 - Loss: 0.4338 - Val F1: 0.1429 - Val ROC-AUC: 0.8469 - Val PR-AUC: 0.4215
[Fine-tune] Epoch 47/50 - Loss: 0.4304 - Val F1: 0.1223 - Val ROC-AUC: 0.8434 - Val PR-AUC: 0.4245
[Fine-tune] Epoch 48/50 - Loss: 0.4396 - Val F1: 0.1400 - Val ROC-AUC: 0.8503 - Val PR-AUC: 0.4233
[Fine-tune] Epoch 49/50 - Loss: 0.4434 - Val F1: 0.1134 - Val ROC-AUC: 0.8523 - Val PR-AUC: 0.4307
[Fine-tune] Epoch 50/50 - Loss: 0.4319 - Val F1: 0.1359 - Val ROC-AUC: 0.8473 - Val PR-AUC: 0.4312
Finetuning completed. Test F1: 0.1739, ROC-AUC: 0.9054, PR-AUC: 0.4140
[3.1/4] Target-only training on TOX21_ERb_BLA_Agonist_ch2 using GAT...
=== Target-only training ===
[Target-only] Epoch 1/50 – Loss: 0.5702  Val F1: 0.2080  ROC-AUC: 0.8402  PR-AUC: 0.2999
[Target-only] Epoch 2/50 – Loss: 0.5363  Val F1: 0.2276  ROC-AUC: 0.8364  PR-AUC: 0.3147
[Target-only] Epoch 3/50 – Loss: 0.5220  Val F1: 0.1281  ROC-AUC: 0.8288  PR-AUC: 0.2848
[Target-only] Epoch 4/50 – Loss: 0.5196  Val F1: 0.1547  ROC-AUC: 0.8656  PR-AUC: 0.3635
[Target-only] Epoch 5/50 – Loss: 0.5011  Val F1: 0.2301  ROC-AUC: 0.8733  PR-AUC: 0.3945
[Target-only] Epoch 6/50 – Loss: 0.5000  Val F1: 0.2889  ROC-AUC: 0.8646  PR-AUC: 0.4002
[Target-only] Epoch 7/50 – Loss: 0.4944  Val F1: 0.2185  ROC-AUC: 0.8626  PR-AUC: 0.3616
[Target-only] Epoch 8/50 – Loss: 0.5047  Val F1: 0.2476  ROC-AUC: 0.8529  PR-AUC: 0.4010
[Target-only] Epoch 9/50 – Loss: 0.4914  Val F1: 0.1393  ROC-AUC: 0.8598  PR-AUC: 0.4135
[Target-only] Epoch 10/50 – Loss: 0.4755  Val F1: 0.1478  ROC-AUC: 0.8475  PR-AUC: 0.3757
[Target-only] Epoch 11/50 – Loss: 0.4666  Val F1: 0.1854  ROC-AUC: 0.8598  PR-AUC: 0.4104
[Target-only] Epoch 12/50 – Loss: 0.4624  Val F1: 0.2205  ROC-AUC: 0.8700  PR-AUC: 0.4080
[Target-only] Epoch 13/50 – Loss: 0.4518  Val F1: 0.1657  ROC-AUC: 0.8697  PR-AUC: 0.4268
[Target-only] Epoch 14/50 – Loss: 0.4490  Val F1: 0.1783  ROC-AUC: 0.8704  PR-AUC: 0.4075
[Target-only] Epoch 15/50 – Loss: 0.4580  Val F1: 0.2044  ROC-AUC: 0.8719  PR-AUC: 0.4422
[Target-only] Epoch 16/50 – Loss: 0.4633  Val F1: 0.1667  ROC-AUC: 0.8896  PR-AUC: 0.4170
[Target-only] Epoch 17/50 – Loss: 0.4651  Val F1: 0.2029  ROC-AUC: 0.8616  PR-AUC: 0.4165
[Target-only] Epoch 18/50 – Loss: 0.4499  Val F1: 0.1842  ROC-AUC: 0.8744  PR-AUC: 0.3726
[Target-only] Epoch 19/50 – Loss: 0.4557  Val F1: 0.2205  ROC-AUC: 0.8672  PR-AUC: 0.3921
[Target-only] Epoch 20/50 – Loss: 0.4501  Val F1: 0.1609  ROC-AUC: 0.8716  PR-AUC: 0.3528
[Target-only] Epoch 21/50 – Loss: 0.4491  Val F1: 0.1579  ROC-AUC: 0.8869  PR-AUC: 0.3787
[Target-only] Epoch 22/50 – Loss: 0.4479  Val F1: 0.1923  ROC-AUC: 0.8752  PR-AUC: 0.3666
[Target-only] Epoch 23/50 – Loss: 0.4430  Val F1: 0.2171  ROC-AUC: 0.8809  PR-AUC: 0.3964
[Target-only] Epoch 24/50 – Loss: 0.4457  Val F1: 0.1734  ROC-AUC: 0.8834  PR-AUC: 0.3743
[Target-only] Epoch 25/50 – Loss: 0.4369  Val F1: 0.1842  ROC-AUC: 0.8841  PR-AUC: 0.3737
[Target-only] Epoch 26/50 – Loss: 0.4459  Val F1: 0.1647  ROC-AUC: 0.8764  PR-AUC: 0.3883
[Target-only] Epoch 27/50 – Loss: 0.4413  Val F1: 0.1911  ROC-AUC: 0.8791  PR-AUC: 0.3766
[Target-only] Epoch 28/50 – Loss: 0.4308  Val F1: 0.1596  ROC-AUC: 0.8755  PR-AUC: 0.3957
[Target-only] Epoch 29/50 – Loss: 0.4393  Val F1: 0.1489  ROC-AUC: 0.8908  PR-AUC: 0.3795
[Target-only] Epoch 30/50 – Loss: 0.4465  Val F1: 0.1327  ROC-AUC: 0.8878  PR-AUC: 0.3832
[Target-only] Epoch 31/50 – Loss: 0.4324  Val F1: 0.1657  ROC-AUC: 0.8862  PR-AUC: 0.3831
[Target-only] Epoch 32/50 – Loss: 0.4318  Val F1: 0.1547  ROC-AUC: 0.8869  PR-AUC: 0.3921
[Target-only] Epoch 33/50 – Loss: 0.4302  Val F1: 0.1637  ROC-AUC: 0.8812  PR-AUC: 0.3947
[Target-only] Epoch 34/50 – Loss: 0.4120  Val F1: 0.1677  ROC-AUC: 0.8827  PR-AUC: 0.3988
[Target-only] Epoch 35/50 – Loss: 0.4283  Val F1: 0.1807  ROC-AUC: 0.8917  PR-AUC: 0.3951
[Target-only] Epoch 36/50 – Loss: 0.4178  Val F1: 0.1657  ROC-AUC: 0.8828  PR-AUC: 0.4044
[Target-only] Epoch 37/50 – Loss: 0.4402  Val F1: 0.1718  ROC-AUC: 0.8839  PR-AUC: 0.4122
[Target-only] Epoch 38/50 – Loss: 0.4243  Val F1: 0.1714  ROC-AUC: 0.8823  PR-AUC: 0.4070
[Target-only] Epoch 39/50 – Loss: 0.4225  Val F1: 0.1687  ROC-AUC: 0.8793  PR-AUC: 0.3882
[Target-only] Epoch 40/50 – Loss: 0.4329  Val F1: 0.1795  ROC-AUC: 0.8895  PR-AUC: 0.4071
[Target-only] Epoch 41/50 – Loss: 0.4353  Val F1: 0.1600  ROC-AUC: 0.8818  PR-AUC: 0.3805
[Target-only] Epoch 42/50 – Loss: 0.4209  Val F1: 0.2014  ROC-AUC: 0.8759  PR-AUC: 0.3799
[Target-only] Epoch 43/50 – Loss: 0.4201  Val F1: 0.1718  ROC-AUC: 0.8791  PR-AUC: 0.4080
[Target-only] Epoch 44/50 – Loss: 0.4320  Val F1: 0.1796  ROC-AUC: 0.8814  PR-AUC: 0.3965
[Target-only] Epoch 45/50 – Loss: 0.4095  Val F1: 0.1818  ROC-AUC: 0.8780  PR-AUC: 0.4163
[Target-only] Epoch 46/50 – Loss: 0.4194  Val F1: 0.1806  ROC-AUC: 0.8839  PR-AUC: 0.4036
[Target-only] Epoch 47/50 – Loss: 0.4353  Val F1: 0.1622  ROC-AUC: 0.8824  PR-AUC: 0.3963
[Target-only] Epoch 48/50 – Loss: 0.4134  Val F1: 0.1571  ROC-AUC: 0.8839  PR-AUC: 0.3996
[Target-only] Epoch 49/50 – Loss: 0.4247  Val F1: 0.1648  ROC-AUC: 0.8818  PR-AUC: 0.4085
[Target-only] Epoch 50/50 – Loss: 0.4077  Val F1: 0.1905  ROC-AUC: 0.8857  PR-AUC: 0.4018
=== Target-only TEST performance ===
Test F1: 0.3562, ROC-AUC: 0.9324, PR-AUC: 0.4878
[4/4] Embedding 시각화 중...
✅ Embeddings 저장 완료: embeddings_TOX21_ERb_BLA_Antagonist_ch1_TOX21_ERb_BLA_Agonist_ch2_GAT.png
✅ 실험 완료: TOX21_ERb_BLA_Antagonist_ch1 -> TOX21_ERb_BLA_Agonist_ch2 [GAT]
