[12:53:53] Can't kekulize mol.  Unkekulized atoms: 1 2 3 4 5
[12:53:53] Explicit valence for atom # 0 Cl, 2, is greater than permitted
[12:53:54] Can't kekulize mol.  Unkekulized atoms: 3 4 5 6 7
[12:53:55] Can't kekulize mol.  Unkekulized atoms: 3 4 5 6 7
[12:53:55] WARNING: not removing hydrogen atom without neighbors
[12:53:57] Explicit valence for atom # 3 Si, 8, is greater than permitted
[12:53:57] Can't kekulize mol.  Unkekulized atoms: 1 2 3 4 5
[12:53:57] Can't kekulize mol.  Unkekulized atoms: 3 4 5 6 7
[12:53:58] Can't kekulize mol.  Unkekulized atoms: 1 2 3 4 5
[12:53:58] WARNING: not removing hydrogen atom without neighbors
[12:53:58] Can't kekulize mol.  Unkekulized atoms: 1 2 3 4 5
[12:53:58] Explicit valence for atom # 6 O, 3, is greater than permitted
[12:53:58] Explicit valence for atom # 3 Si, 8, is greater than permitted
[12:53:59] Explicit valence for atom # 0 Cl, 2, is greater than permitted
[13:02:40] Can't kekulize mol.  Unkekulized atoms: 1 2 3 4 5
[13:02:41] Explicit valence for atom # 0 Cl, 2, is greater than permitted
[13:02:41] Can't kekulize mol.  Unkekulized atoms: 3 4 5 6 7
[13:02:42] Can't kekulize mol.  Unkekulized atoms: 3 4 5 6 7
[13:02:43] Explicit valence for atom # 0 O, 3, is greater than permitted
[13:02:43] WARNING: not removing hydrogen atom without neighbors
[13:02:45] Explicit valence for atom # 3 Si, 8, is greater than permitted
[13:02:45] Can't kekulize mol.  Unkekulized atoms: 1 2 3 4 5
[13:02:45] Can't kekulize mol.  Unkekulized atoms: 3 4 5 6 7
[13:02:46] Can't kekulize mol.  Unkekulized atoms: 1 2 3 4 5
[13:02:46] WARNING: not removing hydrogen atom without neighbors
[13:02:47] Can't kekulize mol.  Unkekulized atoms: 1 2 3 4 5
[13:02:47] Explicit valence for atom # 6 O, 3, is greater than permitted
[13:02:47] Explicit valence for atom # 3 Si, 8, is greater than permitted
[13:02:47] Explicit valence for atom # 0 Cl, 2, is greater than permitted
[13:11:07] Can't kekulize mol.  Unkekulized atoms: 1 2 3 4 5
[13:11:08] Explicit valence for atom # 0 Cl, 2, is greater than permitted
[13:11:09] Can't kekulize mol.  Unkekulized atoms: 3 4 5 6 7
[13:11:10] Can't kekulize mol.  Unkekulized atoms: 3 4 5 6 7
[13:11:10] Explicit valence for atom # 0 O, 3, is greater than permitted
[13:11:10] WARNING: not removing hydrogen atom without neighbors
[13:11:12] Explicit valence for atom # 3 Si, 8, is greater than permitted
[13:11:13] Can't kekulize mol.  Unkekulized atoms: 1 2 3 4 5
[13:11:13] Can't kekulize mol.  Unkekulized atoms: 3 4 5 6 7
[13:11:13] Can't kekulize mol.  Unkekulized atoms: 1 2 3 4 5
[13:11:13] WARNING: not removing hydrogen atom without neighbors
[13:11:14] Can't kekulize mol.  Unkekulized atoms: 1 2 3 4 5
[13:11:14] Explicit valence for atom # 6 O, 3, is greater than permitted
[13:11:14] Explicit valence for atom # 3 Si, 8, is greater than permitted
[13:11:14] Explicit valence for atom # 0 Cl, 2, is greater than permitted
[13:19:24] Can't kekulize mol.  Unkekulized atoms: 1 2 3 4 5
[13:19:24] Explicit valence for atom # 0 Cl, 2, is greater than permitted
[13:19:25] Can't kekulize mol.  Unkekulized atoms: 3 4 5 6 7
[13:19:26] Can't kekulize mol.  Unkekulized atoms: 3 4 5 6 7
[13:19:26] Explicit valence for atom # 0 O, 3, is greater than permitted
[13:19:26] WARNING: not removing hydrogen atom without neighbors
[13:19:28] Explicit valence for atom # 3 Si, 8, is greater than permitted
[13:19:28] Can't kekulize mol.  Unkekulized atoms: 1 2 3 4 5
[13:19:28] Can't kekulize mol.  Unkekulized atoms: 3 4 5 6 7
[13:19:29] Can't kekulize mol.  Unkekulized atoms: 1 2 3 4 5
[13:19:29] WARNING: not removing hydrogen atom without neighbors
[13:19:30] Can't kekulize mol.  Unkekulized atoms: 1 2 3 4 5
[13:19:30] Explicit valence for atom # 6 O, 3, is greater than permitted
[13:19:30] Explicit valence for atom # 3 Si, 8, is greater than permitted
[13:19:31] Explicit valence for atom # 0 Cl, 2, is greater than permitted
[13:19:31] Can't kekulize mol.  Unkekulized atoms: 1 2 3 4 5
[13:19:32] Explicit valence for atom # 0 Cl, 2, is greater than permitted
[13:19:32] Can't kekulize mol.  Unkekulized atoms: 3 4 5 6 7
[13:19:33] Can't kekulize mol.  Unkekulized atoms: 3 4 5 6 7
[13:19:33] Explicit valence for atom # 0 O, 3, is greater than permitted
[13:19:34] WARNING: not removing hydrogen atom without neighbors
[13:19:36] Explicit valence for atom # 3 Si, 8, is greater than permitted
[13:19:36] Can't kekulize mol.  Unkekulized atoms: 1 2 3 4 5
[13:19:36] Can't kekulize mol.  Unkekulized atoms: 3 4 5 6 7
[13:19:37] Can't kekulize mol.  Unkekulized atoms: 1 2 3 4 5
[13:19:37] WARNING: not removing hydrogen atom without neighbors
[13:19:38] Can't kekulize mol.  Unkekulized atoms: 1 2 3 4 5
[13:19:38] Explicit valence for atom # 6 O, 3, is greater than permitted
[13:19:38] Explicit valence for atom # 3 Si, 8, is greater than permitted
[13:19:38] Explicit valence for atom # 0 Cl, 2, is greater than permitted
