[1/4] Excel → CSV 변환 중...
Saved pretrain CSV for TOX21_ERa_BLA_Antagonist_ratio: data/sample/TOX21_ERa_BLA_Antagonist_ratio.csv
Saved pretrain CSV for TOX21_ERa_LUC_VM7_Agonist: data/sample/TOX21_ERa_LUC_VM7_Agonist.csv
Saved pretrain CSV for TOX21_ERa_BLA_Antagonist_viability: data/sample/TOX21_ERa_BLA_Antagonist_viability.csv
Saved pretrain CSV for TOX21_ERa_LUC_VM7_Antagonist_0.5nM_E2: data/sample/TOX21_ERa_LUC_VM7_Antagonist_0.5nM_E2.csv
Saved pretrain CSV for TOX21_ERa_BLA_Antagonist_ch2: data/sample/TOX21_ERa_BLA_Antagonist_ch2.csv
Saved pretrain CSV for TOX21_ERa_BLA_Antagonist_ch1: data/sample/TOX21_ERa_BLA_Antagonist_ch1.csv
Saved pretrain CSV for TOX21_ERa_LUC_VM7_Antagonist_0.5nM_E2_viability: data/sample/TOX21_ERa_LUC_VM7_Antagonist_0.5nM_E2_viability.csv
Saved pretrain CSV for TOX21_ERa_BLA_Agonist_ch2: data/sample/TOX21_ERa_BLA_Agonist_ch2.csv
Saved pretrain CSV for TOX21_ERa_BLA_Agonist_ch1: data/sample/TOX21_ERa_BLA_Agonist_ch1.csv
Saved pretrain CSV for TOX21_ERa_BLA_Agonist_ratio: data/sample/TOX21_ERa_BLA_Agonist_ratio.csv
Saved pretrain CSV for TOX21_ERb_BLA_Antagonist_ch1: data/sample/TOX21_ERb_BLA_Antagonist_ch1.csv
Saved pretrain CSV for TOX21_ERb_BLA_Antagonist_ch2: data/sample/TOX21_ERb_BLA_Antagonist_ch2.csv
Saved pretrain CSV for TOX21_ERb_BLA_Agonist_viability: data/sample/TOX21_ERb_BLA_Agonist_viability.csv
Saved pretrain CSV for TOX21_ERb_BLA_Agonist_ratio: data/sample/TOX21_ERb_BLA_Agonist_ratio.csv
Saved pretrain CSV for TOX21_ERb_BLA_Agonist_ch2: data/sample/TOX21_ERb_BLA_Agonist_ch2.csv
Saved pretrain CSV for TOX21_ERb_BLA_Agonist_ch1: data/sample/TOX21_ERb_BLA_Agonist_ch1.csv
Saved pretrain CSV for TOX21_ERR_LUC_Agonist: data/sample/TOX21_ERR_LUC_Agonist.csv
Saved pretrain CSV for TOX21_ERa_LUC_VM7_Agonist_10nM_ICI182780_viability: data/sample/TOX21_ERa_LUC_VM7_Agonist_10nM_ICI182780_viability.csv
Saved pretrain CSV for TOX21_ERa_LUC_VM7_Antagonist_0.1nM_E2: data/sample/TOX21_ERa_LUC_VM7_Antagonist_0.1nM_E2.csv
Saved pretrain CSV for TOX21_ERb_BLA_Antagonist_ratio: data/sample/TOX21_ERb_BLA_Antagonist_ratio.csv
Saved pretrain CSV for TOX21_ERa_LUC_VM7_Agonist_10nM_ICI182780: data/sample/TOX21_ERa_LUC_VM7_Agonist_10nM_ICI182780.csv
Saved pretrain CSV for TOX21_ERR_LUC_viability: data/sample/TOX21_ERR_LUC_viability.csv
Saved pretrain CSV for TOX21_ERR_LUC_Antagonist: data/sample/TOX21_ERR_LUC_Antagonist.csv
Saved pretrain CSV for TOX21_ERa_LUC_VM7_Antagonist_0.1nM_E2_viability: data/sample/TOX21_ERa_LUC_VM7_Antagonist_0.1nM_E2_viability.csv
Saved pretrain CSV for TOX21_ERb_BLA_Antagonist_viability: data/sample/TOX21_ERb_BLA_Antagonist_viability.csv
Saved finetune CSV for TOX21_ERa_BLA_Antagonist_ratio: data/sample/TOX21_ERa_BLA_Antagonist_ratio.csv
Saved finetune CSV for TOX21_ERa_LUC_VM7_Agonist: data/sample/TOX21_ERa_LUC_VM7_Agonist.csv
Saved finetune CSV for TOX21_ERa_BLA_Antagonist_viability: data/sample/TOX21_ERa_BLA_Antagonist_viability.csv
Saved finetune CSV for TOX21_ERa_LUC_VM7_Antagonist_0.5nM_E2: data/sample/TOX21_ERa_LUC_VM7_Antagonist_0.5nM_E2.csv
Saved finetune CSV for TOX21_ERa_BLA_Antagonist_ch2: data/sample/TOX21_ERa_BLA_Antagonist_ch2.csv
Saved finetune CSV for TOX21_ERa_BLA_Antagonist_ch1: data/sample/TOX21_ERa_BLA_Antagonist_ch1.csv
Saved finetune CSV for TOX21_ERa_LUC_VM7_Antagonist_0.5nM_E2_viability: data/sample/TOX21_ERa_LUC_VM7_Antagonist_0.5nM_E2_viability.csv
Saved finetune CSV for TOX21_ERa_BLA_Agonist_ch2: data/sample/TOX21_ERa_BLA_Agonist_ch2.csv
Saved finetune CSV for TOX21_ERa_BLA_Agonist_ch1: data/sample/TOX21_ERa_BLA_Agonist_ch1.csv
Saved finetune CSV for TOX21_ERa_BLA_Agonist_ratio: data/sample/TOX21_ERa_BLA_Agonist_ratio.csv
Saved finetune CSV for TOX21_ERb_BLA_Antagonist_ch1: data/sample/TOX21_ERb_BLA_Antagonist_ch1.csv
Saved finetune CSV for TOX21_ERb_BLA_Antagonist_ch2: data/sample/TOX21_ERb_BLA_Antagonist_ch2.csv
Saved finetune CSV for TOX21_ERb_BLA_Agonist_viability: data/sample/TOX21_ERb_BLA_Agonist_viability.csv
Saved finetune CSV for TOX21_ERb_BLA_Agonist_ratio: data/sample/TOX21_ERb_BLA_Agonist_ratio.csv
Saved finetune CSV for TOX21_ERb_BLA_Agonist_ch2: data/sample/TOX21_ERb_BLA_Agonist_ch2.csv
Saved finetune CSV for TOX21_ERb_BLA_Agonist_ch1: data/sample/TOX21_ERb_BLA_Agonist_ch1.csv
Saved finetune CSV for TOX21_ERR_LUC_Agonist: data/sample/TOX21_ERR_LUC_Agonist.csv
Saved finetune CSV for TOX21_ERa_LUC_VM7_Agonist_10nM_ICI182780_viability: data/sample/TOX21_ERa_LUC_VM7_Agonist_10nM_ICI182780_viability.csv
Saved finetune CSV for TOX21_ERa_LUC_VM7_Antagonist_0.1nM_E2: data/sample/TOX21_ERa_LUC_VM7_Antagonist_0.1nM_E2.csv
Saved finetune CSV for TOX21_ERb_BLA_Antagonist_ratio: data/sample/TOX21_ERb_BLA_Antagonist_ratio.csv
Saved finetune CSV for TOX21_ERa_LUC_VM7_Agonist_10nM_ICI182780: data/sample/TOX21_ERa_LUC_VM7_Agonist_10nM_ICI182780.csv
Saved finetune CSV for TOX21_ERR_LUC_viability: data/sample/TOX21_ERR_LUC_viability.csv
Saved finetune CSV for TOX21_ERR_LUC_Antagonist: data/sample/TOX21_ERR_LUC_Antagonist.csv
Saved finetune CSV for TOX21_ERa_LUC_VM7_Antagonist_0.1nM_E2_viability: data/sample/TOX21_ERa_LUC_VM7_Antagonist_0.1nM_E2_viability.csv
Saved finetune CSV for TOX21_ERb_BLA_Antagonist_viability: data/sample/TOX21_ERb_BLA_Antagonist_viability.csv
[2/4] Pretraining on TOX21_ERa_BLA_Antagonist_ratio using GIN_GCN...
Epoch 1/50 - Loss: 0.6205 - Val F1: 0.3066 - Val ROC-AUC: 0.6745 - Val PR-AUC: 0.2043
Epoch 2/50 - Loss: 0.5886 - Val F1: 0.3303 - Val ROC-AUC: 0.7149 - Val PR-AUC: 0.2473
Epoch 3/50 - Loss: 0.5658 - Val F1: 0.3097 - Val ROC-AUC: 0.7173 - Val PR-AUC: 0.2321
Epoch 4/50 - Loss: 0.5494 - Val F1: 0.3124 - Val ROC-AUC: 0.7473 - Val PR-AUC: 0.2953
Epoch 5/50 - Loss: 0.5389 - Val F1: 0.3792 - Val ROC-AUC: 0.7624 - Val PR-AUC: 0.2959
Epoch 6/50 - Loss: 0.5394 - Val F1: 0.3605 - Val ROC-AUC: 0.7882 - Val PR-AUC: 0.3077
Epoch 7/50 - Loss: 0.5263 - Val F1: 0.3807 - Val ROC-AUC: 0.7682 - Val PR-AUC: 0.2896
Epoch 8/50 - Loss: 0.5201 - Val F1: 0.4167 - Val ROC-AUC: 0.7813 - Val PR-AUC: 0.3258
Epoch 9/50 - Loss: 0.4970 - Val F1: 0.3273 - Val ROC-AUC: 0.7636 - Val PR-AUC: 0.3083
Epoch 10/50 - Loss: 0.5062 - Val F1: 0.3743 - Val ROC-AUC: 0.7785 - Val PR-AUC: 0.2883
Epoch 11/50 - Loss: 0.4821 - Val F1: 0.3807 - Val ROC-AUC: 0.7914 - Val PR-AUC: 0.3114
Epoch 12/50 - Loss: 0.4615 - Val F1: 0.4070 - Val ROC-AUC: 0.7883 - Val PR-AUC: 0.3055
Epoch 13/50 - Loss: 0.4561 - Val F1: 0.4000 - Val ROC-AUC: 0.8043 - Val PR-AUC: 0.3190
Epoch 14/50 - Loss: 0.4504 - Val F1: 0.3924 - Val ROC-AUC: 0.7957 - Val PR-AUC: 0.3125
Epoch 15/50 - Loss: 0.4559 - Val F1: 0.3893 - Val ROC-AUC: 0.7976 - Val PR-AUC: 0.3661
Epoch 16/50 - Loss: 0.4420 - Val F1: 0.4286 - Val ROC-AUC: 0.8035 - Val PR-AUC: 0.3402
Epoch 17/50 - Loss: 0.4485 - Val F1: 0.4031 - Val ROC-AUC: 0.8021 - Val PR-AUC: 0.3281
Epoch 18/50 - Loss: 0.4329 - Val F1: 0.4343 - Val ROC-AUC: 0.8141 - Val PR-AUC: 0.3586
Epoch 19/50 - Loss: 0.4258 - Val F1: 0.4396 - Val ROC-AUC: 0.8020 - Val PR-AUC: 0.3470
Epoch 20/50 - Loss: 0.4178 - Val F1: 0.4123 - Val ROC-AUC: 0.8046 - Val PR-AUC: 0.3296
Epoch 21/50 - Loss: 0.4003 - Val F1: 0.4286 - Val ROC-AUC: 0.8229 - Val PR-AUC: 0.3743
Epoch 22/50 - Loss: 0.3913 - Val F1: 0.4343 - Val ROC-AUC: 0.8211 - Val PR-AUC: 0.3810
Epoch 23/50 - Loss: 0.3926 - Val F1: 0.4385 - Val ROC-AUC: 0.8199 - Val PR-AUC: 0.3597
Epoch 24/50 - Loss: 0.3916 - Val F1: 0.4493 - Val ROC-AUC: 0.8300 - Val PR-AUC: 0.3914
Epoch 25/50 - Loss: 0.3815 - Val F1: 0.4457 - Val ROC-AUC: 0.8255 - Val PR-AUC: 0.3727
Epoch 26/50 - Loss: 0.3696 - Val F1: 0.4074 - Val ROC-AUC: 0.8175 - Val PR-AUC: 0.3575
Epoch 27/50 - Loss: 0.3732 - Val F1: 0.4298 - Val ROC-AUC: 0.8288 - Val PR-AUC: 0.3795
Epoch 28/50 - Loss: 0.3691 - Val F1: 0.3989 - Val ROC-AUC: 0.8066 - Val PR-AUC: 0.3405
Epoch 29/50 - Loss: 0.3523 - Val F1: 0.4237 - Val ROC-AUC: 0.8221 - Val PR-AUC: 0.3547
Epoch 30/50 - Loss: 0.3579 - Val F1: 0.4115 - Val ROC-AUC: 0.8220 - Val PR-AUC: 0.3704
Epoch 31/50 - Loss: 0.3520 - Val F1: 0.4304 - Val ROC-AUC: 0.8292 - Val PR-AUC: 0.3797
Epoch 32/50 - Loss: 0.3429 - Val F1: 0.4358 - Val ROC-AUC: 0.8290 - Val PR-AUC: 0.3715
Epoch 33/50 - Loss: 0.3349 - Val F1: 0.4286 - Val ROC-AUC: 0.8287 - Val PR-AUC: 0.3649
Epoch 34/50 - Loss: 0.3285 - Val F1: 0.4348 - Val ROC-AUC: 0.8305 - Val PR-AUC: 0.3932
Epoch 35/50 - Loss: 0.3211 - Val F1: 0.4282 - Val ROC-AUC: 0.8257 - Val PR-AUC: 0.3677
Epoch 36/50 - Loss: 0.3281 - Val F1: 0.4560 - Val ROC-AUC: 0.8364 - Val PR-AUC: 0.3885
Epoch 37/50 - Loss: 0.3170 - Val F1: 0.4337 - Val ROC-AUC: 0.8258 - Val PR-AUC: 0.3786
Epoch 38/50 - Loss: 0.3260 - Val F1: 0.4673 - Val ROC-AUC: 0.8256 - Val PR-AUC: 0.3699
Epoch 39/50 - Loss: 0.3077 - Val F1: 0.4529 - Val ROC-AUC: 0.8293 - Val PR-AUC: 0.3750
Epoch 40/50 - Loss: 0.3230 - Val F1: 0.4474 - Val ROC-AUC: 0.8275 - Val PR-AUC: 0.3701
Epoch 41/50 - Loss: 0.3001 - Val F1: 0.4476 - Val ROC-AUC: 0.8326 - Val PR-AUC: 0.3780
Epoch 42/50 - Loss: 0.2853 - Val F1: 0.4813 - Val ROC-AUC: 0.8369 - Val PR-AUC: 0.3999
Epoch 43/50 - Loss: 0.2970 - Val F1: 0.4444 - Val ROC-AUC: 0.8319 - Val PR-AUC: 0.3924
Epoch 44/50 - Loss: 0.2872 - Val F1: 0.4520 - Val ROC-AUC: 0.8356 - Val PR-AUC: 0.3812
Epoch 45/50 - Loss: 0.3045 - Val F1: 0.4331 - Val ROC-AUC: 0.8360 - Val PR-AUC: 0.3937
Epoch 46/50 - Loss: 0.2947 - Val F1: 0.4506 - Val ROC-AUC: 0.8378 - Val PR-AUC: 0.3948
Epoch 47/50 - Loss: 0.2859 - Val F1: 0.4630 - Val ROC-AUC: 0.8356 - Val PR-AUC: 0.3900
Epoch 48/50 - Loss: 0.2858 - Val F1: 0.4375 - Val ROC-AUC: 0.8319 - Val PR-AUC: 0.3794
Epoch 49/50 - Loss: 0.2771 - Val F1: 0.4323 - Val ROC-AUC: 0.8278 - Val PR-AUC: 0.3674
Epoch 50/50 - Loss: 0.2916 - Val F1: 0.4601 - Val ROC-AUC: 0.8395 - Val PR-AUC: 0.3983
Pretraining completed. Test F1: 0.4328, ROC-AUC: 0.8035, PR-AUC: 0.4063
[3/4] Finetuning on TOX21_ERa_LUC_VM7_Antagonist_0.5nM_E2 using GIN_GCN...
[Fine-tune] Epoch 1/50 - Loss: 0.5065 - Val F1: 0.4052 - Val ROC-AUC: 0.8416 - Val PR-AUC: 0.3856
[Fine-tune] Epoch 2/50 - Loss: 0.4511 - Val F1: 0.3424 - Val ROC-AUC: 0.8055 - Val PR-AUC: 0.3234
[Fine-tune] Epoch 3/50 - Loss: 0.4376 - Val F1: 0.3459 - Val ROC-AUC: 0.7883 - Val PR-AUC: 0.2770
[Fine-tune] Epoch 4/50 - Loss: 0.4242 - Val F1: 0.3710 - Val ROC-AUC: 0.8226 - Val PR-AUC: 0.3299
[Fine-tune] Epoch 5/50 - Loss: 0.4017 - Val F1: 0.3590 - Val ROC-AUC: 0.8014 - Val PR-AUC: 0.2990
[Fine-tune] Epoch 6/50 - Loss: 0.3998 - Val F1: 0.3882 - Val ROC-AUC: 0.8024 - Val PR-AUC: 0.3441
[Fine-tune] Epoch 7/50 - Loss: 0.3905 - Val F1: 0.3750 - Val ROC-AUC: 0.8051 - Val PR-AUC: 0.3631
[Fine-tune] Epoch 8/50 - Loss: 0.3830 - Val F1: 0.3766 - Val ROC-AUC: 0.8090 - Val PR-AUC: 0.3412
[Fine-tune] Epoch 9/50 - Loss: 0.3792 - Val F1: 0.3819 - Val ROC-AUC: 0.8201 - Val PR-AUC: 0.3458
[Fine-tune] Epoch 10/50 - Loss: 0.3515 - Val F1: 0.3866 - Val ROC-AUC: 0.8171 - Val PR-AUC: 0.3753
[Fine-tune] Epoch 11/50 - Loss: 0.3313 - Val F1: 0.4048 - Val ROC-AUC: 0.8277 - Val PR-AUC: 0.3810
[Fine-tune] Epoch 12/50 - Loss: 0.3230 - Val F1: 0.4309 - Val ROC-AUC: 0.8284 - Val PR-AUC: 0.3558
[Fine-tune] Epoch 13/50 - Loss: 0.2938 - Val F1: 0.3985 - Val ROC-AUC: 0.8197 - Val PR-AUC: 0.4101
[Fine-tune] Epoch 14/50 - Loss: 0.3128 - Val F1: 0.4062 - Val ROC-AUC: 0.8274 - Val PR-AUC: 0.4178
[Fine-tune] Epoch 15/50 - Loss: 0.2918 - Val F1: 0.3913 - Val ROC-AUC: 0.8279 - Val PR-AUC: 0.4052
[Fine-tune] Epoch 16/50 - Loss: 0.2696 - Val F1: 0.4259 - Val ROC-AUC: 0.8292 - Val PR-AUC: 0.4059
[Fine-tune] Epoch 17/50 - Loss: 0.2769 - Val F1: 0.4138 - Val ROC-AUC: 0.8393 - Val PR-AUC: 0.3895
[Fine-tune] Epoch 18/50 - Loss: 0.2826 - Val F1: 0.4265 - Val ROC-AUC: 0.8356 - Val PR-AUC: 0.3953
[Fine-tune] Epoch 19/50 - Loss: 0.2593 - Val F1: 0.3902 - Val ROC-AUC: 0.8313 - Val PR-AUC: 0.3788
[Fine-tune] Epoch 20/50 - Loss: 0.2676 - Val F1: 0.4096 - Val ROC-AUC: 0.8308 - Val PR-AUC: 0.3788
[Fine-tune] Epoch 21/50 - Loss: 0.2459 - Val F1: 0.4183 - Val ROC-AUC: 0.8366 - Val PR-AUC: 0.3755
[Fine-tune] Epoch 22/50 - Loss: 0.2442 - Val F1: 0.4500 - Val ROC-AUC: 0.8404 - Val PR-AUC: 0.3785
[Fine-tune] Epoch 23/50 - Loss: 0.2123 - Val F1: 0.4397 - Val ROC-AUC: 0.8444 - Val PR-AUC: 0.3951
[Fine-tune] Epoch 24/50 - Loss: 0.2242 - Val F1: 0.4308 - Val ROC-AUC: 0.8385 - Val PR-AUC: 0.3958
[Fine-tune] Epoch 25/50 - Loss: 0.2233 - Val F1: 0.4382 - Val ROC-AUC: 0.8318 - Val PR-AUC: 0.4032
[Fine-tune] Epoch 26/50 - Loss: 0.2179 - Val F1: 0.4068 - Val ROC-AUC: 0.8400 - Val PR-AUC: 0.3917
[Fine-tune] Epoch 27/50 - Loss: 0.2115 - Val F1: 0.4138 - Val ROC-AUC: 0.8288 - Val PR-AUC: 0.3566
[Fine-tune] Epoch 28/50 - Loss: 0.2043 - Val F1: 0.4190 - Val ROC-AUC: 0.8309 - Val PR-AUC: 0.3717
[Fine-tune] Epoch 29/50 - Loss: 0.1933 - Val F1: 0.4167 - Val ROC-AUC: 0.8408 - Val PR-AUC: 0.3818
[Fine-tune] Epoch 30/50 - Loss: 0.2126 - Val F1: 0.4426 - Val ROC-AUC: 0.8413 - Val PR-AUC: 0.3883
[Fine-tune] Epoch 31/50 - Loss: 0.1838 - Val F1: 0.4444 - Val ROC-AUC: 0.8428 - Val PR-AUC: 0.3870
[Fine-tune] Epoch 32/50 - Loss: 0.1791 - Val F1: 0.4362 - Val ROC-AUC: 0.8404 - Val PR-AUC: 0.3755
[Fine-tune] Epoch 33/50 - Loss: 0.1869 - Val F1: 0.4100 - Val ROC-AUC: 0.8372 - Val PR-AUC: 0.3753
[Fine-tune] Epoch 34/50 - Loss: 0.1861 - Val F1: 0.4182 - Val ROC-AUC: 0.8479 - Val PR-AUC: 0.3795
[Fine-tune] Epoch 35/50 - Loss: 0.1847 - Val F1: 0.4268 - Val ROC-AUC: 0.8393 - Val PR-AUC: 0.3882
[Fine-tune] Epoch 36/50 - Loss: 0.1816 - Val F1: 0.4184 - Val ROC-AUC: 0.8417 - Val PR-AUC: 0.3770
[Fine-tune] Epoch 37/50 - Loss: 0.1690 - Val F1: 0.4286 - Val ROC-AUC: 0.8462 - Val PR-AUC: 0.3785
[Fine-tune] Epoch 38/50 - Loss: 0.1719 - Val F1: 0.4017 - Val ROC-AUC: 0.8298 - Val PR-AUC: 0.3803
[Fine-tune] Epoch 39/50 - Loss: 0.1792 - Val F1: 0.4304 - Val ROC-AUC: 0.8409 - Val PR-AUC: 0.3896
[Fine-tune] Epoch 40/50 - Loss: 0.1639 - Val F1: 0.4196 - Val ROC-AUC: 0.8409 - Val PR-AUC: 0.3839
[Fine-tune] Epoch 41/50 - Loss: 0.1638 - Val F1: 0.4434 - Val ROC-AUC: 0.8428 - Val PR-AUC: 0.3938
[Fine-tune] Epoch 42/50 - Loss: 0.1675 - Val F1: 0.4344 - Val ROC-AUC: 0.8407 - Val PR-AUC: 0.3832
[Fine-tune] Epoch 43/50 - Loss: 0.1534 - Val F1: 0.4375 - Val ROC-AUC: 0.8394 - Val PR-AUC: 0.3853
