[17:38:40] Can't kekulize mol.  Unkekulized atoms: 1 2 3 4 5
[17:38:40] Explicit valence for atom # 0 Cl, 2, is greater than permitted
[17:38:41] Can't kekulize mol.  Unkekulized atoms: 3 4 5 6 7
[17:38:41] Can't kekulize mol.  Unkekulized atoms: 3 4 5 6 7
[17:38:42] WARNING: not removing hydrogen atom without neighbors
[17:38:44] Explicit valence for atom # 3 Si, 8, is greater than permitted
[17:38:44] Can't kekulize mol.  Unkekulized atoms: 1 2 3 4 5
[17:38:44] Can't kekulize mol.  Unkekulized atoms: 3 4 5 6 7
[17:38:45] Can't kekulize mol.  Unkekulized atoms: 1 2 3 4 5
[17:38:45] WARNING: not removing hydrogen atom without neighbors
[17:38:45] Can't kekulize mol.  Unkekulized atoms: 1 2 3 4 5
[17:38:45] Explicit valence for atom # 6 O, 3, is greater than permitted
[17:38:45] Explicit valence for atom # 3 Si, 8, is greater than permitted
[17:38:46] Explicit valence for atom # 0 Cl, 2, is greater than permitted
[17:40:03] Can't kekulize mol.  Unkekulized atoms: 1 2 3 4 5
[17:40:04] Explicit valence for atom # 0 Cl, 2, is greater than permitted
[17:40:04] Can't kekulize mol.  Unkekulized atoms: 3 4 5 6 7
[17:40:05] Can't kekulize mol.  Unkekulized atoms: 3 4 5 6 7
[17:40:05] WARNING: not removing hydrogen atom without neighbors
[17:40:07] Explicit valence for atom # 3 Si, 8, is greater than permitted
[17:40:08] Can't kekulize mol.  Unkekulized atoms: 1 2 3 4 5
[17:40:08] Can't kekulize mol.  Unkekulized atoms: 3 4 5 6 7
[17:40:08] Can't kekulize mol.  Unkekulized atoms: 1 2 3 4 5
[17:40:08] WARNING: not removing hydrogen atom without neighbors
[17:40:09] Can't kekulize mol.  Unkekulized atoms: 1 2 3 4 5
[17:40:09] Explicit valence for atom # 6 O, 3, is greater than permitted
[17:40:09] Explicit valence for atom # 3 Si, 8, is greater than permitted
[17:40:09] Explicit valence for atom # 0 Cl, 2, is greater than permitted
