[2/4] Pretraining on Supplemental_Material_2_TrainingSet using GIN...
  * Pretrained model already exists at model_save/pretrained/gin/Pretrained_Supplemental_Material_2_TrainingSet_gin.pth, loading...
[3/4] Finetuning on OT_ER_ERaERa_1440 using GIN...
[Fine-tune] Epoch 1/50 - Loss: 0.5423 - Val F1: 0.2740 - Val ROC-AUC: 0.6822 - Val PR-AUC: 0.3354
[Fine-tune] Epoch 2/50 - Loss: 0.5167 - Val F1: 0.2553 - Val ROC-AUC: 0.6864 - Val PR-AUC: 0.3501
[Fine-tune] Epoch 3/50 - Loss: 0.4475 - Val F1: 0.2439 - Val ROC-AUC: 0.6692 - Val PR-AUC: 0.3377
[Fine-tune] Epoch 4/50 - Loss: 0.4427 - Val F1: 0.2597 - Val ROC-AUC: 0.6719 - Val PR-AUC: 0.3731
[Fine-tune] Epoch 5/50 - Loss: 0.4179 - Val F1: 0.2778 - Val ROC-AUC: 0.6654 - Val PR-AUC: 0.3124
[Fine-tune] Epoch 6/50 - Loss: 0.4000 - Val F1: 0.4074 - Val ROC-AUC: 0.6864 - Val PR-AUC: 0.3352
[Fine-tune] Epoch 7/50 - Loss: 0.3751 - Val F1: 0.2326 - Val ROC-AUC: 0.5793 - Val PR-AUC: 0.1869
[Fine-tune] Epoch 8/50 - Loss: 0.3693 - Val F1: 0.2466 - Val ROC-AUC: 0.6338 - Val PR-AUC: 0.2935
[Fine-tune] Epoch 9/50 - Loss: 0.3898 - Val F1: 0.2745 - Val ROC-AUC: 0.6208 - Val PR-AUC: 0.2786
[Fine-tune] Epoch 10/50 - Loss: 0.3549 - Val F1: 0.2553 - Val ROC-AUC: 0.6254 - Val PR-AUC: 0.2755
[Fine-tune] Epoch 11/50 - Loss: 0.3231 - Val F1: 0.3385 - Val ROC-AUC: 0.6643 - Val PR-AUC: 0.2586
[Fine-tune] Epoch 12/50 - Loss: 0.3411 - Val F1: 0.3014 - Val ROC-AUC: 0.6654 - Val PR-AUC: 0.3004
[Fine-tune] Epoch 13/50 - Loss: 0.3261 - Val F1: 0.2745 - Val ROC-AUC: 0.6174 - Val PR-AUC: 0.2887
[Fine-tune] Epoch 14/50 - Loss: 0.3032 - Val F1: 0.2909 - Val ROC-AUC: 0.6258 - Val PR-AUC: 0.2222
[Fine-tune] Epoch 15/50 - Loss: 0.2940 - Val F1: 0.3188 - Val ROC-AUC: 0.6425 - Val PR-AUC: 0.2459
[Fine-tune] Epoch 16/50 - Loss: 0.2845 - Val F1: 0.3214 - Val ROC-AUC: 0.6475 - Val PR-AUC: 0.3109
[Fine-tune] Epoch 17/50 - Loss: 0.3078 - Val F1: 0.2899 - Val ROC-AUC: 0.6273 - Val PR-AUC: 0.2226
[Fine-tune] Epoch 18/50 - Loss: 0.2725 - Val F1: 0.2667 - Val ROC-AUC: 0.6075 - Val PR-AUC: 0.2965
[Fine-tune] Epoch 19/50 - Loss: 0.2976 - Val F1: 0.2857 - Val ROC-AUC: 0.6353 - Val PR-AUC: 0.2907
[Fine-tune] Epoch 20/50 - Loss: 0.2693 - Val F1: 0.3396 - Val ROC-AUC: 0.6555 - Val PR-AUC: 0.2608
[Fine-tune] Epoch 21/50 - Loss: 0.2455 - Val F1: 0.4500 - Val ROC-AUC: 0.6723 - Val PR-AUC: 0.3233
[Fine-tune] Epoch 22/50 - Loss: 0.2338 - Val F1: 0.2909 - Val ROC-AUC: 0.6574 - Val PR-AUC: 0.3062
[Fine-tune] Epoch 23/50 - Loss: 0.2388 - Val F1: 0.2857 - Val ROC-AUC: 0.6319 - Val PR-AUC: 0.2494
[Fine-tune] Epoch 24/50 - Loss: 0.2298 - Val F1: 0.2927 - Val ROC-AUC: 0.6402 - Val PR-AUC: 0.2793
[Fine-tune] Epoch 25/50 - Loss: 0.2305 - Val F1: 0.3636 - Val ROC-AUC: 0.6547 - Val PR-AUC: 0.3398
[Fine-tune] Epoch 26/50 - Loss: 0.2303 - Val F1: 0.2667 - Val ROC-AUC: 0.6601 - Val PR-AUC: 0.3104
[Fine-tune] Epoch 27/50 - Loss: 0.2150 - Val F1: 0.3704 - Val ROC-AUC: 0.6700 - Val PR-AUC: 0.3025
[Fine-tune] Epoch 28/50 - Loss: 0.2015 - Val F1: 0.2963 - Val ROC-AUC: 0.6372 - Val PR-AUC: 0.2435
[Fine-tune] Epoch 29/50 - Loss: 0.2186 - Val F1: 0.3529 - Val ROC-AUC: 0.6509 - Val PR-AUC: 0.2813
[Fine-tune] Epoch 30/50 - Loss: 0.2089 - Val F1: 0.2692 - Val ROC-AUC: 0.6200 - Val PR-AUC: 0.2734
[Fine-tune] Epoch 31/50 - Loss: 0.1780 - Val F1: 0.2727 - Val ROC-AUC: 0.6536 - Val PR-AUC: 0.2900
[Fine-tune] Epoch 32/50 - Loss: 0.1731 - Val F1: 0.2727 - Val ROC-AUC: 0.6341 - Val PR-AUC: 0.2603
[Fine-tune] Epoch 33/50 - Loss: 0.1679 - Val F1: 0.3111 - Val ROC-AUC: 0.6341 - Val PR-AUC: 0.2569
[Fine-tune] Epoch 34/50 - Loss: 0.1842 - Val F1: 0.3111 - Val ROC-AUC: 0.6361 - Val PR-AUC: 0.2765
[Fine-tune] Epoch 35/50 - Loss: 0.2075 - Val F1: 0.2609 - Val ROC-AUC: 0.6357 - Val PR-AUC: 0.2723
[Fine-tune] Epoch 36/50 - Loss: 0.1930 - Val F1: 0.3182 - Val ROC-AUC: 0.6418 - Val PR-AUC: 0.2546
[Fine-tune] Epoch 37/50 - Loss: 0.1749 - Val F1: 0.3182 - Val ROC-AUC: 0.6414 - Val PR-AUC: 0.2384
[Fine-tune] Epoch 38/50 - Loss: 0.1897 - Val F1: 0.2857 - Val ROC-AUC: 0.6307 - Val PR-AUC: 0.2705
[Fine-tune] Epoch 39/50 - Loss: 0.2001 - Val F1: 0.3000 - Val ROC-AUC: 0.6345 - Val PR-AUC: 0.2326
[Fine-tune] Epoch 40/50 - Loss: 0.1742 - Val F1: 0.2979 - Val ROC-AUC: 0.6258 - Val PR-AUC: 0.2683
[Fine-tune] Epoch 41/50 - Loss: 0.1933 - Val F1: 0.2791 - Val ROC-AUC: 0.6227 - Val PR-AUC: 0.2585
[Fine-tune] Epoch 42/50 - Loss: 0.1721 - Val F1: 0.3158 - Val ROC-AUC: 0.6159 - Val PR-AUC: 0.2473
[Fine-tune] Epoch 43/50 - Loss: 0.1887 - Val F1: 0.2222 - Val ROC-AUC: 0.6056 - Val PR-AUC: 0.2333
[Fine-tune] Epoch 44/50 - Loss: 0.1616 - Val F1: 0.2791 - Val ROC-AUC: 0.6178 - Val PR-AUC: 0.2473
[Fine-tune] Epoch 45/50 - Loss: 0.1729 - Val F1: 0.2927 - Val ROC-AUC: 0.6086 - Val PR-AUC: 0.2524
[Fine-tune] Epoch 46/50 - Loss: 0.1696 - Val F1: 0.2667 - Val ROC-AUC: 0.6303 - Val PR-AUC: 0.2745
[Fine-tune] Epoch 47/50 - Loss: 0.1721 - Val F1: 0.2500 - Val ROC-AUC: 0.6128 - Val PR-AUC: 0.2453
[Fine-tune] Epoch 48/50 - Loss: 0.1699 - Val F1: 0.2727 - Val ROC-AUC: 0.6170 - Val PR-AUC: 0.2451
[Fine-tune] Epoch 49/50 - Loss: 0.1674 - Val F1: 0.2778 - Val ROC-AUC: 0.6235 - Val PR-AUC: 0.2509
[Fine-tune] Epoch 50/50 - Loss: 0.1755 - Val F1: 0.2500 - Val ROC-AUC: 0.6056 - Val PR-AUC: 0.2376
Finetuning completed. Test F1: 0.2800, ROC-AUC: 0.8085, PR-AUC: 0.2187
[3.1/4] Target-only training on OT_ER_ERaERa_1440 using GIN...
  * Target-only 모델 이미 존재: model_save/targetonly/gin/TargetOnly_OT_ER_ERaERa_1440_gin.pth
  * Target-only 생략, 저장된 모델로 평가만 진행
=== Target-only TEST performance ===
Test F1: 0.2807, ROC-AUC: 0.7855, PR-AUC: 0.2494
✅ 실험 완료: Supplemental_Material_2_TrainingSet -> OT_ER_ERaERa_1440 [GIN]
