[2/4] Pretraining on Supplemental_Material_2_TrainingSet using GCN...
  * Pretrained model already exists at model_save/pretrained/gcn/Pretrained_Supplemental_Material_2_TrainingSet_gcn.pth, loading...
[3/4] Finetuning on OT_ER_ERaERb_1440 using GCN...
[Fine-tune] Epoch 1/50 - Loss: 0.5746 - Val F1: 0.3393 - Val ROC-AUC: 0.7108 - Val PR-AUC: 0.4137
[Fine-tune] Epoch 2/50 - Loss: 0.5603 - Val F1: 0.3953 - Val ROC-AUC: 0.7042 - Val PR-AUC: 0.3912
[Fine-tune] Epoch 3/50 - Loss: 0.5245 - Val F1: 0.4048 - Val ROC-AUC: 0.7284 - Val PR-AUC: 0.3430
[Fine-tune] Epoch 4/50 - Loss: 0.5773 - Val F1: 0.3958 - Val ROC-AUC: 0.7256 - Val PR-AUC: 0.3832
[Fine-tune] Epoch 5/50 - Loss: 0.5288 - Val F1: 0.3721 - Val ROC-AUC: 0.7002 - Val PR-AUC: 0.3990
[Fine-tune] Epoch 6/50 - Loss: 0.5442 - Val F1: 0.3913 - Val ROC-AUC: 0.7075 - Val PR-AUC: 0.4103
[Fine-tune] Epoch 7/50 - Loss: 0.5584 - Val F1: 0.4308 - Val ROC-AUC: 0.7512 - Val PR-AUC: 0.4007
[Fine-tune] Epoch 8/50 - Loss: 0.5451 - Val F1: 0.4545 - Val ROC-AUC: 0.7406 - Val PR-AUC: 0.4234
[Fine-tune] Epoch 9/50 - Loss: 0.5265 - Val F1: 0.4167 - Val ROC-AUC: 0.7291 - Val PR-AUC: 0.4043
[Fine-tune] Epoch 10/50 - Loss: 0.5376 - Val F1: 0.4333 - Val ROC-AUC: 0.7639 - Val PR-AUC: 0.4399
[Fine-tune] Epoch 11/50 - Loss: 0.5208 - Val F1: 0.3810 - Val ROC-AUC: 0.7418 - Val PR-AUC: 0.3983
[Fine-tune] Epoch 12/50 - Loss: 0.5119 - Val F1: 0.3711 - Val ROC-AUC: 0.7303 - Val PR-AUC: 0.3899
[Fine-tune] Epoch 13/50 - Loss: 0.5130 - Val F1: 0.4156 - Val ROC-AUC: 0.7357 - Val PR-AUC: 0.3907
[Fine-tune] Epoch 14/50 - Loss: 0.5011 - Val F1: 0.3810 - Val ROC-AUC: 0.7141 - Val PR-AUC: 0.4050
[Fine-tune] Epoch 15/50 - Loss: 0.5055 - Val F1: 0.3908 - Val ROC-AUC: 0.7373 - Val PR-AUC: 0.4098
[Fine-tune] Epoch 16/50 - Loss: 0.5210 - Val F1: 0.4384 - Val ROC-AUC: 0.7089 - Val PR-AUC: 0.4005
[Fine-tune] Epoch 17/50 - Loss: 0.5159 - Val F1: 0.3696 - Val ROC-AUC: 0.7305 - Val PR-AUC: 0.4112
[Fine-tune] Epoch 18/50 - Loss: 0.5168 - Val F1: 0.3582 - Val ROC-AUC: 0.7324 - Val PR-AUC: 0.3888
[Fine-tune] Epoch 19/50 - Loss: 0.5100 - Val F1: 0.4000 - Val ROC-AUC: 0.7375 - Val PR-AUC: 0.3803
[Fine-tune] Epoch 20/50 - Loss: 0.5106 - Val F1: 0.3556 - Val ROC-AUC: 0.7225 - Val PR-AUC: 0.4112
[Fine-tune] Epoch 21/50 - Loss: 0.4967 - Val F1: 0.4096 - Val ROC-AUC: 0.7202 - Val PR-AUC: 0.3964
[Fine-tune] Epoch 22/50 - Loss: 0.4908 - Val F1: 0.3014 - Val ROC-AUC: 0.7082 - Val PR-AUC: 0.3724
[Fine-tune] Epoch 23/50 - Loss: 0.5027 - Val F1: 0.3881 - Val ROC-AUC: 0.7049 - Val PR-AUC: 0.3484
[Fine-tune] Epoch 24/50 - Loss: 0.4938 - Val F1: 0.3864 - Val ROC-AUC: 0.7155 - Val PR-AUC: 0.3672
[Fine-tune] Epoch 25/50 - Loss: 0.4698 - Val F1: 0.4198 - Val ROC-AUC: 0.7124 - Val PR-AUC: 0.3938
[Fine-tune] Epoch 26/50 - Loss: 0.4902 - Val F1: 0.3778 - Val ROC-AUC: 0.7049 - Val PR-AUC: 0.4071
[Fine-tune] Epoch 27/50 - Loss: 0.4863 - Val F1: 0.3768 - Val ROC-AUC: 0.7256 - Val PR-AUC: 0.3939
[Fine-tune] Epoch 28/50 - Loss: 0.5095 - Val F1: 0.3846 - Val ROC-AUC: 0.7289 - Val PR-AUC: 0.3815
[Fine-tune] Epoch 29/50 - Loss: 0.4746 - Val F1: 0.4156 - Val ROC-AUC: 0.7293 - Val PR-AUC: 0.3945
[Fine-tune] Epoch 30/50 - Loss: 0.4796 - Val F1: 0.4324 - Val ROC-AUC: 0.7251 - Val PR-AUC: 0.3785
[Fine-tune] Epoch 31/50 - Loss: 0.4944 - Val F1: 0.4103 - Val ROC-AUC: 0.7234 - Val PR-AUC: 0.3736
[Fine-tune] Epoch 32/50 - Loss: 0.4701 - Val F1: 0.3902 - Val ROC-AUC: 0.7183 - Val PR-AUC: 0.3890
[Fine-tune] Epoch 33/50 - Loss: 0.4819 - Val F1: 0.4110 - Val ROC-AUC: 0.7277 - Val PR-AUC: 0.3946
[Fine-tune] Epoch 34/50 - Loss: 0.4758 - Val F1: 0.4000 - Val ROC-AUC: 0.7260 - Val PR-AUC: 0.4032
[Fine-tune] Epoch 35/50 - Loss: 0.4916 - Val F1: 0.3913 - Val ROC-AUC: 0.7225 - Val PR-AUC: 0.4016
[Fine-tune] Epoch 36/50 - Loss: 0.4774 - Val F1: 0.4048 - Val ROC-AUC: 0.7265 - Val PR-AUC: 0.3990
[Fine-tune] Epoch 37/50 - Loss: 0.4937 - Val F1: 0.3889 - Val ROC-AUC: 0.7305 - Val PR-AUC: 0.3805
[Fine-tune] Epoch 38/50 - Loss: 0.4917 - Val F1: 0.3636 - Val ROC-AUC: 0.7230 - Val PR-AUC: 0.3885
[Fine-tune] Epoch 39/50 - Loss: 0.4793 - Val F1: 0.3951 - Val ROC-AUC: 0.7253 - Val PR-AUC: 0.3963
[Fine-tune] Epoch 40/50 - Loss: 0.4826 - Val F1: 0.3590 - Val ROC-AUC: 0.7230 - Val PR-AUC: 0.3796
[Fine-tune] Epoch 41/50 - Loss: 0.4649 - Val F1: 0.3636 - Val ROC-AUC: 0.7211 - Val PR-AUC: 0.3934
[Fine-tune] Epoch 42/50 - Loss: 0.4778 - Val F1: 0.3810 - Val ROC-AUC: 0.7249 - Val PR-AUC: 0.3971
[Fine-tune] Epoch 43/50 - Loss: 0.4915 - Val F1: 0.3908 - Val ROC-AUC: 0.7289 - Val PR-AUC: 0.3984
[Fine-tune] Epoch 44/50 - Loss: 0.4786 - Val F1: 0.4051 - Val ROC-AUC: 0.7312 - Val PR-AUC: 0.3925
[Fine-tune] Epoch 45/50 - Loss: 0.4652 - Val F1: 0.3721 - Val ROC-AUC: 0.7307 - Val PR-AUC: 0.3998
[Fine-tune] Epoch 46/50 - Loss: 0.4764 - Val F1: 0.4198 - Val ROC-AUC: 0.7336 - Val PR-AUC: 0.4042
[Fine-tune] Epoch 47/50 - Loss: 0.4940 - Val F1: 0.3947 - Val ROC-AUC: 0.7321 - Val PR-AUC: 0.3941
[Fine-tune] Epoch 48/50 - Loss: 0.4833 - Val F1: 0.3846 - Val ROC-AUC: 0.7279 - Val PR-AUC: 0.3888
[Fine-tune] Epoch 49/50 - Loss: 0.4667 - Val F1: 0.4048 - Val ROC-AUC: 0.7338 - Val PR-AUC: 0.4067
[Fine-tune] Epoch 50/50 - Loss: 0.4614 - Val F1: 0.3951 - Val ROC-AUC: 0.7300 - Val PR-AUC: 0.4047
Finetuning completed. Test F1: 0.5135, ROC-AUC: 0.8146, PR-AUC: 0.4644
[3.1/4] Target-only training on OT_ER_ERaERb_1440 using GCN...
  * Target-only 모델 이미 존재: model_save/targetonly/gcn/TargetOnly_OT_ER_ERaERb_1440_gcn.pth
  * Target-only 생략, 저장된 모델로 평가만 진행
=== Target-only TEST performance ===
Test F1: 0.5063, ROC-AUC: 0.8143, PR-AUC: 0.4343
✅ 실험 완료: Supplemental_Material_2_TrainingSet -> OT_ER_ERaERb_1440 [GCN]
