[2/4] Pretraining on Supplemental_Material_2_TrainingSet using GCN...
  * Pretrained model already exists at model_save/pretrained/gcn/Pretrained_Supplemental_Material_2_TrainingSet_gcn.pth, loading...
[3/4] Finetuning on OT_ER_ERbERb_1440 using GCN...
[Fine-tune] Epoch 1/50 - Loss: 0.5782 - Val F1: 0.3380 - Val ROC-AUC: 0.6824 - Val PR-AUC: 0.4264
[Fine-tune] Epoch 2/50 - Loss: 0.5312 - Val F1: 0.2970 - Val ROC-AUC: 0.6788 - Val PR-AUC: 0.4493
[Fine-tune] Epoch 3/50 - Loss: 0.5318 - Val F1: 0.2626 - Val ROC-AUC: 0.6860 - Val PR-AUC: 0.4351
[Fine-tune] Epoch 4/50 - Loss: 0.5303 - Val F1: 0.3133 - Val ROC-AUC: 0.6904 - Val PR-AUC: 0.4531
[Fine-tune] Epoch 5/50 - Loss: 0.5223 - Val F1: 0.2857 - Val ROC-AUC: 0.6984 - Val PR-AUC: 0.4518
[Fine-tune] Epoch 6/50 - Loss: 0.5226 - Val F1: 0.3256 - Val ROC-AUC: 0.6752 - Val PR-AUC: 0.3545
[Fine-tune] Epoch 7/50 - Loss: 0.5128 - Val F1: 0.3514 - Val ROC-AUC: 0.6810 - Val PR-AUC: 0.3653
[Fine-tune] Epoch 8/50 - Loss: 0.4986 - Val F1: 0.4000 - Val ROC-AUC: 0.6738 - Val PR-AUC: 0.4149
[Fine-tune] Epoch 9/50 - Loss: 0.5132 - Val F1: 0.3333 - Val ROC-AUC: 0.6394 - Val PR-AUC: 0.3398
[Fine-tune] Epoch 10/50 - Loss: 0.5077 - Val F1: 0.2772 - Val ROC-AUC: 0.6804 - Val PR-AUC: 0.3928
[Fine-tune] Epoch 11/50 - Loss: 0.4989 - Val F1: 0.3421 - Val ROC-AUC: 0.7053 - Val PR-AUC: 0.4766
[Fine-tune] Epoch 12/50 - Loss: 0.4963 - Val F1: 0.3582 - Val ROC-AUC: 0.6968 - Val PR-AUC: 0.4517
[Fine-tune] Epoch 13/50 - Loss: 0.4753 - Val F1: 0.3415 - Val ROC-AUC: 0.7106 - Val PR-AUC: 0.4216
[Fine-tune] Epoch 14/50 - Loss: 0.4711 - Val F1: 0.3421 - Val ROC-AUC: 0.6813 - Val PR-AUC: 0.4013
[Fine-tune] Epoch 15/50 - Loss: 0.4693 - Val F1: 0.2857 - Val ROC-AUC: 0.6688 - Val PR-AUC: 0.3950
[Fine-tune] Epoch 16/50 - Loss: 0.4818 - Val F1: 0.3175 - Val ROC-AUC: 0.6572 - Val PR-AUC: 0.3538
[Fine-tune] Epoch 17/50 - Loss: 0.4711 - Val F1: 0.3117 - Val ROC-AUC: 0.6788 - Val PR-AUC: 0.4239
[Fine-tune] Epoch 18/50 - Loss: 0.4776 - Val F1: 0.3793 - Val ROC-AUC: 0.7076 - Val PR-AUC: 0.4211
[Fine-tune] Epoch 19/50 - Loss: 0.4430 - Val F1: 0.3188 - Val ROC-AUC: 0.6807 - Val PR-AUC: 0.4350
[Fine-tune] Epoch 20/50 - Loss: 0.4617 - Val F1: 0.3333 - Val ROC-AUC: 0.6793 - Val PR-AUC: 0.4296
[Fine-tune] Epoch 21/50 - Loss: 0.4560 - Val F1: 0.3077 - Val ROC-AUC: 0.6752 - Val PR-AUC: 0.4316
[Fine-tune] Epoch 22/50 - Loss: 0.4693 - Val F1: 0.3171 - Val ROC-AUC: 0.6887 - Val PR-AUC: 0.3884
[Fine-tune] Epoch 23/50 - Loss: 0.4738 - Val F1: 0.2973 - Val ROC-AUC: 0.6926 - Val PR-AUC: 0.3946
[Fine-tune] Epoch 24/50 - Loss: 0.4587 - Val F1: 0.3333 - Val ROC-AUC: 0.6926 - Val PR-AUC: 0.4051
[Fine-tune] Epoch 25/50 - Loss: 0.4468 - Val F1: 0.3377 - Val ROC-AUC: 0.6976 - Val PR-AUC: 0.4420
[Fine-tune] Epoch 26/50 - Loss: 0.4531 - Val F1: 0.3288 - Val ROC-AUC: 0.7062 - Val PR-AUC: 0.4302
[Fine-tune] Epoch 27/50 - Loss: 0.4691 - Val F1: 0.3548 - Val ROC-AUC: 0.7004 - Val PR-AUC: 0.4312
[Fine-tune] Epoch 28/50 - Loss: 0.4626 - Val F1: 0.3288 - Val ROC-AUC: 0.6909 - Val PR-AUC: 0.4085
[Fine-tune] Epoch 29/50 - Loss: 0.4496 - Val F1: 0.3377 - Val ROC-AUC: 0.7009 - Val PR-AUC: 0.4472
[Fine-tune] Epoch 30/50 - Loss: 0.4304 - Val F1: 0.3784 - Val ROC-AUC: 0.7056 - Val PR-AUC: 0.4387
[Fine-tune] Epoch 31/50 - Loss: 0.4551 - Val F1: 0.3562 - Val ROC-AUC: 0.7123 - Val PR-AUC: 0.4370
[Fine-tune] Epoch 32/50 - Loss: 0.4304 - Val F1: 0.3784 - Val ROC-AUC: 0.7062 - Val PR-AUC: 0.4289
[Fine-tune] Epoch 33/50 - Loss: 0.4577 - Val F1: 0.3714 - Val ROC-AUC: 0.6959 - Val PR-AUC: 0.4274
[Fine-tune] Epoch 34/50 - Loss: 0.4425 - Val F1: 0.3333 - Val ROC-AUC: 0.6937 - Val PR-AUC: 0.4235
[Fine-tune] Epoch 35/50 - Loss: 0.4454 - Val F1: 0.3243 - Val ROC-AUC: 0.6998 - Val PR-AUC: 0.4186
[Fine-tune] Epoch 36/50 - Loss: 0.4370 - Val F1: 0.3611 - Val ROC-AUC: 0.7059 - Val PR-AUC: 0.4353
[Fine-tune] Epoch 37/50 - Loss: 0.4437 - Val F1: 0.3529 - Val ROC-AUC: 0.6990 - Val PR-AUC: 0.4245
[Fine-tune] Epoch 38/50 - Loss: 0.4424 - Val F1: 0.3333 - Val ROC-AUC: 0.7029 - Val PR-AUC: 0.4259
[Fine-tune] Epoch 39/50 - Loss: 0.4507 - Val F1: 0.3284 - Val ROC-AUC: 0.6951 - Val PR-AUC: 0.4269
[Fine-tune] Epoch 40/50 - Loss: 0.4412 - Val F1: 0.3548 - Val ROC-AUC: 0.6929 - Val PR-AUC: 0.4142
[Fine-tune] Epoch 41/50 - Loss: 0.4395 - Val F1: 0.3200 - Val ROC-AUC: 0.6937 - Val PR-AUC: 0.4358
[Fine-tune] Epoch 42/50 - Loss: 0.4302 - Val F1: 0.3333 - Val ROC-AUC: 0.6945 - Val PR-AUC: 0.4304
[Fine-tune] Epoch 43/50 - Loss: 0.4391 - Val F1: 0.3288 - Val ROC-AUC: 0.6921 - Val PR-AUC: 0.4241
[Fine-tune] Epoch 44/50 - Loss: 0.4419 - Val F1: 0.3380 - Val ROC-AUC: 0.6915 - Val PR-AUC: 0.4052
[Fine-tune] Epoch 45/50 - Loss: 0.4351 - Val F1: 0.3529 - Val ROC-AUC: 0.7009 - Val PR-AUC: 0.4109
[Fine-tune] Epoch 46/50 - Loss: 0.4443 - Val F1: 0.3200 - Val ROC-AUC: 0.6998 - Val PR-AUC: 0.4165
[Fine-tune] Epoch 47/50 - Loss: 0.4312 - Val F1: 0.2933 - Val ROC-AUC: 0.6937 - Val PR-AUC: 0.4081
[Fine-tune] Epoch 48/50 - Loss: 0.4629 - Val F1: 0.3529 - Val ROC-AUC: 0.6981 - Val PR-AUC: 0.4249
[Fine-tune] Epoch 49/50 - Loss: 0.4345 - Val F1: 0.3529 - Val ROC-AUC: 0.7034 - Val PR-AUC: 0.4227
[Fine-tune] Epoch 50/50 - Loss: 0.4357 - Val F1: 0.3333 - Val ROC-AUC: 0.7037 - Val PR-AUC: 0.4206
Finetuning completed. Test F1: 0.3667, ROC-AUC: 0.7031, PR-AUC: 0.3596
[3.1/4] Target-only training on OT_ER_ERbERb_1440 using GCN...
  * Target-only 모델 이미 존재: model_save/targetonly/gcn/TargetOnly_OT_ER_ERbERb_1440_gcn.pth
  * Target-only 생략, 저장된 모델로 평가만 진행
=== Target-only TEST performance ===
Test F1: 0.3099, ROC-AUC: 0.6876, PR-AUC: 0.3548
✅ 실험 완료: Supplemental_Material_2_TrainingSet -> OT_ER_ERbERb_1440 [GCN]
