[2/4] Pretraining on Supplemental_Material_2_TrainingSet using GCN...
  * Pretrained model already exists at model_save/pretrained/gcn/Pretrained_Supplemental_Material_2_TrainingSet_gcn.pth, loading...
[3/4] Finetuning on OT_ER_ERaERa_1440 using GCN...
[Fine-tune] Epoch 1/50 - Loss: 0.5526 - Val F1: 0.2469 - Val ROC-AUC: 0.6639 - Val PR-AUC: 0.3549
[Fine-tune] Epoch 2/50 - Loss: 0.5369 - Val F1: 0.2597 - Val ROC-AUC: 0.6559 - Val PR-AUC: 0.3232
[Fine-tune] Epoch 3/50 - Loss: 0.5308 - Val F1: 0.2933 - Val ROC-AUC: 0.6749 - Val PR-AUC: 0.3436
[Fine-tune] Epoch 4/50 - Loss: 0.4919 - Val F1: 0.2857 - Val ROC-AUC: 0.6319 - Val PR-AUC: 0.2593
[Fine-tune] Epoch 5/50 - Loss: 0.4956 - Val F1: 0.1923 - Val ROC-AUC: 0.6425 - Val PR-AUC: 0.2813
[Fine-tune] Epoch 6/50 - Loss: 0.4876 - Val F1: 0.2151 - Val ROC-AUC: 0.6307 - Val PR-AUC: 0.3426
[Fine-tune] Epoch 7/50 - Loss: 0.4797 - Val F1: 0.2597 - Val ROC-AUC: 0.6502 - Val PR-AUC: 0.3333
[Fine-tune] Epoch 8/50 - Loss: 0.4769 - Val F1: 0.2785 - Val ROC-AUC: 0.6688 - Val PR-AUC: 0.3382
[Fine-tune] Epoch 9/50 - Loss: 0.4949 - Val F1: 0.2000 - Val ROC-AUC: 0.6665 - Val PR-AUC: 0.3603
[Fine-tune] Epoch 10/50 - Loss: 0.4571 - Val F1: 0.2899 - Val ROC-AUC: 0.6623 - Val PR-AUC: 0.2841
[Fine-tune] Epoch 11/50 - Loss: 0.4488 - Val F1: 0.2222 - Val ROC-AUC: 0.6475 - Val PR-AUC: 0.3062
[Fine-tune] Epoch 12/50 - Loss: 0.4380 - Val F1: 0.3175 - Val ROC-AUC: 0.6886 - Val PR-AUC: 0.3370
[Fine-tune] Epoch 13/50 - Loss: 0.4453 - Val F1: 0.2400 - Val ROC-AUC: 0.6223 - Val PR-AUC: 0.2670
[Fine-tune] Epoch 14/50 - Loss: 0.4666 - Val F1: 0.2759 - Val ROC-AUC: 0.6814 - Val PR-AUC: 0.2433
[Fine-tune] Epoch 15/50 - Loss: 0.4358 - Val F1: 0.2609 - Val ROC-AUC: 0.6635 - Val PR-AUC: 0.3174
[Fine-tune] Epoch 16/50 - Loss: 0.4378 - Val F1: 0.2069 - Val ROC-AUC: 0.6494 - Val PR-AUC: 0.2998
[Fine-tune] Epoch 17/50 - Loss: 0.4219 - Val F1: 0.2462 - Val ROC-AUC: 0.6559 - Val PR-AUC: 0.3117
[Fine-tune] Epoch 18/50 - Loss: 0.4316 - Val F1: 0.2642 - Val ROC-AUC: 0.6380 - Val PR-AUC: 0.3033
[Fine-tune] Epoch 19/50 - Loss: 0.4109 - Val F1: 0.2759 - Val ROC-AUC: 0.6650 - Val PR-AUC: 0.2830
[Fine-tune] Epoch 20/50 - Loss: 0.4027 - Val F1: 0.2368 - Val ROC-AUC: 0.6345 - Val PR-AUC: 0.2807
[Fine-tune] Epoch 21/50 - Loss: 0.4115 - Val F1: 0.2769 - Val ROC-AUC: 0.6623 - Val PR-AUC: 0.2454
[Fine-tune] Epoch 22/50 - Loss: 0.3891 - Val F1: 0.2647 - Val ROC-AUC: 0.6696 - Val PR-AUC: 0.2404
[Fine-tune] Epoch 23/50 - Loss: 0.4012 - Val F1: 0.2985 - Val ROC-AUC: 0.6757 - Val PR-AUC: 0.3315
[Fine-tune] Epoch 24/50 - Loss: 0.4111 - Val F1: 0.2817 - Val ROC-AUC: 0.6559 - Val PR-AUC: 0.3336
[Fine-tune] Epoch 25/50 - Loss: 0.4219 - Val F1: 0.2903 - Val ROC-AUC: 0.6665 - Val PR-AUC: 0.2957
[Fine-tune] Epoch 26/50 - Loss: 0.3883 - Val F1: 0.3030 - Val ROC-AUC: 0.6677 - Val PR-AUC: 0.3002
[Fine-tune] Epoch 27/50 - Loss: 0.3955 - Val F1: 0.3158 - Val ROC-AUC: 0.6780 - Val PR-AUC: 0.2436
[Fine-tune] Epoch 28/50 - Loss: 0.3629 - Val F1: 0.3077 - Val ROC-AUC: 0.6768 - Val PR-AUC: 0.2942
[Fine-tune] Epoch 29/50 - Loss: 0.4142 - Val F1: 0.2319 - Val ROC-AUC: 0.6421 - Val PR-AUC: 0.3064
[Fine-tune] Epoch 30/50 - Loss: 0.3692 - Val F1: 0.2727 - Val ROC-AUC: 0.6562 - Val PR-AUC: 0.2249
[Fine-tune] Epoch 31/50 - Loss: 0.3857 - Val F1: 0.2609 - Val ROC-AUC: 0.6578 - Val PR-AUC: 0.3116
[Fine-tune] Epoch 32/50 - Loss: 0.3901 - Val F1: 0.2899 - Val ROC-AUC: 0.6643 - Val PR-AUC: 0.2311
[Fine-tune] Epoch 33/50 - Loss: 0.4059 - Val F1: 0.2769 - Val ROC-AUC: 0.6650 - Val PR-AUC: 0.3127
[Fine-tune] Epoch 34/50 - Loss: 0.3825 - Val F1: 0.2727 - Val ROC-AUC: 0.6509 - Val PR-AUC: 0.2416
[Fine-tune] Epoch 35/50 - Loss: 0.3945 - Val F1: 0.2727 - Val ROC-AUC: 0.6444 - Val PR-AUC: 0.2437
[Fine-tune] Epoch 36/50 - Loss: 0.3746 - Val F1: 0.2769 - Val ROC-AUC: 0.6513 - Val PR-AUC: 0.3104
[Fine-tune] Epoch 37/50 - Loss: 0.3864 - Val F1: 0.2333 - Val ROC-AUC: 0.6482 - Val PR-AUC: 0.2206
[Fine-tune] Epoch 38/50 - Loss: 0.3805 - Val F1: 0.2727 - Val ROC-AUC: 0.6486 - Val PR-AUC: 0.3045
[Fine-tune] Epoch 39/50 - Loss: 0.3739 - Val F1: 0.2535 - Val ROC-AUC: 0.6513 - Val PR-AUC: 0.3039
[Fine-tune] Epoch 40/50 - Loss: 0.3941 - Val F1: 0.3125 - Val ROC-AUC: 0.6643 - Val PR-AUC: 0.3128
[Fine-tune] Epoch 41/50 - Loss: 0.3631 - Val F1: 0.3103 - Val ROC-AUC: 0.6627 - Val PR-AUC: 0.3066
[Fine-tune] Epoch 42/50 - Loss: 0.3992 - Val F1: 0.2899 - Val ROC-AUC: 0.6738 - Val PR-AUC: 0.3173
[Fine-tune] Epoch 43/50 - Loss: 0.3613 - Val F1: 0.2727 - Val ROC-AUC: 0.6589 - Val PR-AUC: 0.3117
[Fine-tune] Epoch 44/50 - Loss: 0.3768 - Val F1: 0.2951 - Val ROC-AUC: 0.6696 - Val PR-AUC: 0.3101
[Fine-tune] Epoch 45/50 - Loss: 0.3940 - Val F1: 0.2759 - Val ROC-AUC: 0.6589 - Val PR-AUC: 0.3092
[Fine-tune] Epoch 46/50 - Loss: 0.3703 - Val F1: 0.2727 - Val ROC-AUC: 0.6517 - Val PR-AUC: 0.3094
[Fine-tune] Epoch 47/50 - Loss: 0.3886 - Val F1: 0.2807 - Val ROC-AUC: 0.6566 - Val PR-AUC: 0.2995
[Fine-tune] Epoch 48/50 - Loss: 0.3766 - Val F1: 0.2727 - Val ROC-AUC: 0.6665 - Val PR-AUC: 0.3190
[Fine-tune] Epoch 49/50 - Loss: 0.3706 - Val F1: 0.2985 - Val ROC-AUC: 0.6585 - Val PR-AUC: 0.3032
[Fine-tune] Epoch 50/50 - Loss: 0.3901 - Val F1: 0.2623 - Val ROC-AUC: 0.6582 - Val PR-AUC: 0.2800
Finetuning completed. Test F1: 0.2373, ROC-AUC: 0.7972, PR-AUC: 0.3001
[3.1/4] Target-only training on OT_ER_ERaERa_1440 using GCN...
  * Target-only 모델 이미 존재: model_save/targetonly/gcn/TargetOnly_OT_ER_ERaERa_1440_gcn.pth
  * Target-only 생략, 저장된 모델로 평가만 진행
=== Target-only TEST performance ===
Test F1: 0.2712, ROC-AUC: 0.8267, PR-AUC: 0.2588
✅ 실험 완료: Supplemental_Material_2_TrainingSet -> OT_ER_ERaERa_1440 [GCN]
