[15:00:22] Can't kekulize mol.  Unkekulized atoms: 1 2 3 4 5
[15:00:22] Explicit valence for atom # 0 Cl, 2, is greater than permitted
[15:00:23] Can't kekulize mol.  Unkekulized atoms: 3 4 5 6 7
[15:00:23] Can't kekulize mol.  Unkekulized atoms: 3 4 5 6 7
[15:00:25] Can't kekulize mol.  Unkekulized atoms: 1 2 3 4 5
[15:00:26] Can't kekulize mol.  Unkekulized atoms: 3 4 5 6 7
[15:00:26] Can't kekulize mol.  Unkekulized atoms: 1 2 3 4 5
[15:00:26] WARNING: not removing hydrogen atom without neighbors
[15:00:27] Can't kekulize mol.  Unkekulized atoms: 1 2 3 4 5
[15:00:27] Explicit valence for atom # 6 O, 3, is greater than permitted
[15:00:27] Explicit valence for atom # 3 Si, 8, is greater than permitted
[15:00:27] Explicit valence for atom # 0 Cl, 2, is greater than permitted
Traceback (most recent call last):
  File "<stdin>", line 6, in <module>
  File "/gpfs/home1/won0316/_Capstone/1_Git/Capstone_uos/unit_model/train/finetune.py", line 45, in run_finetuning
    utils.load_model(model, cfg.PRETRAINED_MODEL_PATH, device)
  File "/gpfs/home1/won0316/_Capstone/1_Git/Capstone_uos/unit_model/train/utils.py", line 59, in load_model
    model.load_state_dict(torch.load(path, map_location=device))
  File "/home1/won0316/anaconda3/envs/toxcast_env/lib/python3.12/site-packages/torch/nn/modules/module.py", line 2189, in load_state_dict
    raise RuntimeError('Error(s) in loading state_dict for {}:\n\t{}'.format(
RuntimeError: Error(s) in loading state_dict for GIN_GCN_Hybrid:
	size mismatch for fc.weight: copying a param with shape torch.Size([3, 2048]) from checkpoint, the shape in current model is torch.Size([1, 2048]).
	size mismatch for fc.bias: copying a param with shape torch.Size([3]) from checkpoint, the shape in current model is torch.Size([1]).
