[2/4] Pretraining on Supplemental_Material_2_TrainingSet using GIN_GCN...
Epoch 1/50 - Loss: 0.6540 - Val F1: 0.6000 - Val ROC-AUC: 0.8177 - Val PR-AUC: 0.4868
Epoch 2/50 - Loss: 0.5949 - Val F1: 0.5294 - Val ROC-AUC: 0.8420 - Val PR-AUC: 0.6069
Epoch 3/50 - Loss: 0.5853 - Val F1: 0.3826 - Val ROC-AUC: 0.7980 - Val PR-AUC: 0.4611
Epoch 4/50 - Loss: 0.5563 - Val F1: 0.4478 - Val ROC-AUC: 0.8053 - Val PR-AUC: 0.4830
Epoch 5/50 - Loss: 0.5373 - Val F1: 0.4500 - Val ROC-AUC: 0.7948 - Val PR-AUC: 0.5973
Epoch 6/50 - Loss: 0.5145 - Val F1: 0.3738 - Val ROC-AUC: 0.8472 - Val PR-AUC: 0.5876
Epoch 7/50 - Loss: 0.5534 - Val F1: 0.3789 - Val ROC-AUC: 0.7966 - Val PR-AUC: 0.5253
Epoch 8/50 - Loss: 0.5234 - Val F1: 0.3457 - Val ROC-AUC: 0.7870 - Val PR-AUC: 0.5989
Epoch 9/50 - Loss: 0.5122 - Val F1: 0.3784 - Val ROC-AUC: 0.7248 - Val PR-AUC: 0.3713
Epoch 10/50 - Loss: 0.4792 - Val F1: 0.3333 - Val ROC-AUC: 0.7812 - Val PR-AUC: 0.5649
Epoch 11/50 - Loss: 0.4352 - Val F1: 0.4222 - Val ROC-AUC: 0.8252 - Val PR-AUC: 0.5966
Epoch 12/50 - Loss: 0.4509 - Val F1: 0.3846 - Val ROC-AUC: 0.8180 - Val PR-AUC: 0.5565
Epoch 13/50 - Loss: 0.4468 - Val F1: 0.4110 - Val ROC-AUC: 0.7867 - Val PR-AUC: 0.6100
Epoch 14/50 - Loss: 0.4138 - Val F1: 0.3409 - Val ROC-AUC: 0.7595 - Val PR-AUC: 0.4956
Epoch 15/50 - Loss: 0.4055 - Val F1: 0.3486 - Val ROC-AUC: 0.7966 - Val PR-AUC: 0.5950
Epoch 16/50 - Loss: 0.4326 - Val F1: 0.4118 - Val ROC-AUC: 0.7703 - Val PR-AUC: 0.5124
Epoch 17/50 - Loss: 0.4362 - Val F1: 0.4286 - Val ROC-AUC: 0.8223 - Val PR-AUC: 0.6088
Epoch 18/50 - Loss: 0.3946 - Val F1: 0.3908 - Val ROC-AUC: 0.8038 - Val PR-AUC: 0.6137
Epoch 19/50 - Loss: 0.3578 - Val F1: 0.4211 - Val ROC-AUC: 0.7633 - Val PR-AUC: 0.5311
Epoch 20/50 - Loss: 0.3909 - Val F1: 0.4211 - Val ROC-AUC: 0.7535 - Val PR-AUC: 0.4784
Epoch 21/50 - Loss: 0.3724 - Val F1: 0.4103 - Val ROC-AUC: 0.7815 - Val PR-AUC: 0.5643
Epoch 22/50 - Loss: 0.3604 - Val F1: 0.4000 - Val ROC-AUC: 0.7841 - Val PR-AUC: 0.5487
Epoch 23/50 - Loss: 0.3452 - Val F1: 0.4348 - Val ROC-AUC: 0.7894 - Val PR-AUC: 0.5818
Epoch 24/50 - Loss: 0.3510 - Val F1: 0.4267 - Val ROC-AUC: 0.8030 - Val PR-AUC: 0.5777
Epoch 25/50 - Loss: 0.3388 - Val F1: 0.4872 - Val ROC-AUC: 0.8139 - Val PR-AUC: 0.5928
Epoch 26/50 - Loss: 0.3016 - Val F1: 0.4045 - Val ROC-AUC: 0.7873 - Val PR-AUC: 0.5371
Epoch 27/50 - Loss: 0.3294 - Val F1: 0.4211 - Val ROC-AUC: 0.7729 - Val PR-AUC: 0.5433
Epoch 28/50 - Loss: 0.3454 - Val F1: 0.4198 - Val ROC-AUC: 0.7946 - Val PR-AUC: 0.4969
Epoch 29/50 - Loss: 0.3081 - Val F1: 0.4571 - Val ROC-AUC: 0.7836 - Val PR-AUC: 0.5384
Epoch 30/50 - Loss: 0.3421 - Val F1: 0.4667 - Val ROC-AUC: 0.7940 - Val PR-AUC: 0.5328
Epoch 31/50 - Loss: 0.2983 - Val F1: 0.4267 - Val ROC-AUC: 0.7934 - Val PR-AUC: 0.5464
Epoch 32/50 - Loss: 0.2909 - Val F1: 0.4474 - Val ROC-AUC: 0.7908 - Val PR-AUC: 0.5361
Epoch 33/50 - Loss: 0.3093 - Val F1: 0.5079 - Val ROC-AUC: 0.8090 - Val PR-AUC: 0.5401
Epoch 34/50 - Loss: 0.2930 - Val F1: 0.4167 - Val ROC-AUC: 0.7914 - Val PR-AUC: 0.5572
Epoch 35/50 - Loss: 0.2795 - Val F1: 0.4500 - Val ROC-AUC: 0.8076 - Val PR-AUC: 0.5804
Epoch 36/50 - Loss: 0.2602 - Val F1: 0.4545 - Val ROC-AUC: 0.7885 - Val PR-AUC: 0.5384
Epoch 37/50 - Loss: 0.2608 - Val F1: 0.4384 - Val ROC-AUC: 0.7911 - Val PR-AUC: 0.5650
Epoch 38/50 - Loss: 0.2601 - Val F1: 0.4722 - Val ROC-AUC: 0.8001 - Val PR-AUC: 0.5652
Epoch 39/50 - Loss: 0.2821 - Val F1: 0.4110 - Val ROC-AUC: 0.7792 - Val PR-AUC: 0.5025
Epoch 40/50 - Loss: 0.2649 - Val F1: 0.4595 - Val ROC-AUC: 0.8044 - Val PR-AUC: 0.5395
Epoch 41/50 - Loss: 0.2613 - Val F1: 0.4198 - Val ROC-AUC: 0.7804 - Val PR-AUC: 0.5182
Epoch 42/50 - Loss: 0.2480 - Val F1: 0.4110 - Val ROC-AUC: 0.7844 - Val PR-AUC: 0.5232
Epoch 43/50 - Loss: 0.2767 - Val F1: 0.4638 - Val ROC-AUC: 0.7920 - Val PR-AUC: 0.5311
Epoch 44/50 - Loss: 0.2444 - Val F1: 0.4706 - Val ROC-AUC: 0.7815 - Val PR-AUC: 0.5339
Epoch 45/50 - Loss: 0.2408 - Val F1: 0.4667 - Val ROC-AUC: 0.7885 - Val PR-AUC: 0.5476
Epoch 46/50 - Loss: 0.2342 - Val F1: 0.4839 - Val ROC-AUC: 0.7946 - Val PR-AUC: 0.5409
Epoch 47/50 - Loss: 0.2356 - Val F1: 0.4478 - Val ROC-AUC: 0.7972 - Val PR-AUC: 0.5478
Epoch 48/50 - Loss: 0.2224 - Val F1: 0.4507 - Val ROC-AUC: 0.7740 - Val PR-AUC: 0.5199
Epoch 49/50 - Loss: 0.2387 - Val F1: 0.4545 - Val ROC-AUC: 0.7992 - Val PR-AUC: 0.5138
Epoch 50/50 - Loss: 0.2446 - Val F1: 0.4561 - Val ROC-AUC: 0.7879 - Val PR-AUC: 0.5188
Pretraining completed. Test F1: 0.3556, ROC-AUC: 0.6357, PR-AUC: 0.2421
[3/4] Finetuning on OT_ER_ERaERb_1440 using GIN_GCN...
[Fine-tune] Epoch 1/50 - Loss: 0.5864 - Val F1: 0.4800 - Val ROC-AUC: 0.7669 - Val PR-AUC: 0.4907
[Fine-tune] Epoch 2/50 - Loss: 0.5545 - Val F1: 0.4151 - Val ROC-AUC: 0.7281 - Val PR-AUC: 0.4216
[Fine-tune] Epoch 3/50 - Loss: 0.5503 - Val F1: 0.3908 - Val ROC-AUC: 0.7242 - Val PR-AUC: 0.4044
[Fine-tune] Epoch 4/50 - Loss: 0.5056 - Val F1: 0.4918 - Val ROC-AUC: 0.7195 - Val PR-AUC: 0.4297
[Fine-tune] Epoch 5/50 - Loss: 0.5521 - Val F1: 0.4557 - Val ROC-AUC: 0.7531 - Val PR-AUC: 0.4530
[Fine-tune] Epoch 6/50 - Loss: 0.5190 - Val F1: 0.3333 - Val ROC-AUC: 0.6816 - Val PR-AUC: 0.2961
[Fine-tune] Epoch 7/50 - Loss: 0.5032 - Val F1: 0.3934 - Val ROC-AUC: 0.7434 - Val PR-AUC: 0.3554
[Fine-tune] Epoch 8/50 - Loss: 0.5085 - Val F1: 0.3908 - Val ROC-AUC: 0.7124 - Val PR-AUC: 0.4392
[Fine-tune] Epoch 9/50 - Loss: 0.4904 - Val F1: 0.4054 - Val ROC-AUC: 0.7509 - Val PR-AUC: 0.4100
[Fine-tune] Epoch 10/50 - Loss: 0.4727 - Val F1: 0.4096 - Val ROC-AUC: 0.7150 - Val PR-AUC: 0.3907
[Fine-tune] Epoch 11/50 - Loss: 0.4487 - Val F1: 0.4127 - Val ROC-AUC: 0.7380 - Val PR-AUC: 0.4309
[Fine-tune] Epoch 12/50 - Loss: 0.4465 - Val F1: 0.4146 - Val ROC-AUC: 0.7312 - Val PR-AUC: 0.4648
[Fine-tune] Epoch 13/50 - Loss: 0.4209 - Val F1: 0.4286 - Val ROC-AUC: 0.7343 - Val PR-AUC: 0.4300
[Fine-tune] Epoch 14/50 - Loss: 0.4092 - Val F1: 0.4051 - Val ROC-AUC: 0.7364 - Val PR-AUC: 0.4507
[Fine-tune] Epoch 15/50 - Loss: 0.4250 - Val F1: 0.4359 - Val ROC-AUC: 0.7296 - Val PR-AUC: 0.4390
[Fine-tune] Epoch 16/50 - Loss: 0.3949 - Val F1: 0.3750 - Val ROC-AUC: 0.6821 - Val PR-AUC: 0.3956
[Fine-tune] Epoch 17/50 - Loss: 0.3762 - Val F1: 0.4211 - Val ROC-AUC: 0.6769 - Val PR-AUC: 0.3672
[Fine-tune] Epoch 18/50 - Loss: 0.3839 - Val F1: 0.4267 - Val ROC-AUC: 0.7063 - Val PR-AUC: 0.4190
[Fine-tune] Epoch 19/50 - Loss: 0.3781 - Val F1: 0.3902 - Val ROC-AUC: 0.7192 - Val PR-AUC: 0.4248
[Fine-tune] Epoch 20/50 - Loss: 0.4131 - Val F1: 0.4000 - Val ROC-AUC: 0.7188 - Val PR-AUC: 0.4303
[Fine-tune] Epoch 21/50 - Loss: 0.3806 - Val F1: 0.4000 - Val ROC-AUC: 0.6682 - Val PR-AUC: 0.3729
[Fine-tune] Epoch 22/50 - Loss: 0.3582 - Val F1: 0.4324 - Val ROC-AUC: 0.7079 - Val PR-AUC: 0.4310
[Fine-tune] Epoch 23/50 - Loss: 0.3189 - Val F1: 0.4167 - Val ROC-AUC: 0.6908 - Val PR-AUC: 0.4074
[Fine-tune] Epoch 24/50 - Loss: 0.3202 - Val F1: 0.4000 - Val ROC-AUC: 0.7155 - Val PR-AUC: 0.4361
[Fine-tune] Epoch 25/50 - Loss: 0.3071 - Val F1: 0.4225 - Val ROC-AUC: 0.7063 - Val PR-AUC: 0.4284
[Fine-tune] Epoch 26/50 - Loss: 0.3021 - Val F1: 0.3881 - Val ROC-AUC: 0.6844 - Val PR-AUC: 0.3988
[Fine-tune] Epoch 27/50 - Loss: 0.3097 - Val F1: 0.4242 - Val ROC-AUC: 0.6929 - Val PR-AUC: 0.4267
[Fine-tune] Epoch 28/50 - Loss: 0.2818 - Val F1: 0.4225 - Val ROC-AUC: 0.6783 - Val PR-AUC: 0.3712
[Fine-tune] Epoch 29/50 - Loss: 0.2851 - Val F1: 0.4225 - Val ROC-AUC: 0.6807 - Val PR-AUC: 0.3817
[Fine-tune] Epoch 30/50 - Loss: 0.2933 - Val F1: 0.4444 - Val ROC-AUC: 0.6854 - Val PR-AUC: 0.3882
[Fine-tune] Epoch 31/50 - Loss: 0.2570 - Val F1: 0.4225 - Val ROC-AUC: 0.6891 - Val PR-AUC: 0.4140
[Fine-tune] Epoch 32/50 - Loss: 0.2761 - Val F1: 0.3836 - Val ROC-AUC: 0.6924 - Val PR-AUC: 0.4070
[Fine-tune] Epoch 33/50 - Loss: 0.2665 - Val F1: 0.4507 - Val ROC-AUC: 0.6906 - Val PR-AUC: 0.4322
[Fine-tune] Epoch 34/50 - Loss: 0.2706 - Val F1: 0.3881 - Val ROC-AUC: 0.6971 - Val PR-AUC: 0.4373
[Fine-tune] Epoch 35/50 - Loss: 0.2310 - Val F1: 0.4545 - Val ROC-AUC: 0.6967 - Val PR-AUC: 0.4430
[Fine-tune] Epoch 36/50 - Loss: 0.2370 - Val F1: 0.4110 - Val ROC-AUC: 0.7007 - Val PR-AUC: 0.4246
[Fine-tune] Epoch 37/50 - Loss: 0.2422 - Val F1: 0.4412 - Val ROC-AUC: 0.7105 - Val PR-AUC: 0.4348
[Fine-tune] Epoch 38/50 - Loss: 0.2441 - Val F1: 0.4242 - Val ROC-AUC: 0.6992 - Val PR-AUC: 0.4474
[Fine-tune] Epoch 39/50 - Loss: 0.2178 - Val F1: 0.4384 - Val ROC-AUC: 0.7091 - Val PR-AUC: 0.4410
[Fine-tune] Epoch 40/50 - Loss: 0.2333 - Val F1: 0.4444 - Val ROC-AUC: 0.7112 - Val PR-AUC: 0.4517
[Fine-tune] Epoch 41/50 - Loss: 0.2217 - Val F1: 0.4615 - Val ROC-AUC: 0.7110 - Val PR-AUC: 0.4724
[Fine-tune] Epoch 42/50 - Loss: 0.2311 - Val F1: 0.4706 - Val ROC-AUC: 0.7086 - Val PR-AUC: 0.4537
[Fine-tune] Epoch 43/50 - Loss: 0.2314 - Val F1: 0.4412 - Val ROC-AUC: 0.7091 - Val PR-AUC: 0.4414
[Fine-tune] Epoch 44/50 - Loss: 0.2001 - Val F1: 0.4384 - Val ROC-AUC: 0.7169 - Val PR-AUC: 0.4880
[Fine-tune] Epoch 45/50 - Loss: 0.2062 - Val F1: 0.4638 - Val ROC-AUC: 0.7284 - Val PR-AUC: 0.4767
[Fine-tune] Epoch 46/50 - Loss: 0.2005 - Val F1: 0.4516 - Val ROC-AUC: 0.6934 - Val PR-AUC: 0.4418
[Fine-tune] Epoch 47/50 - Loss: 0.2115 - Val F1: 0.4444 - Val ROC-AUC: 0.7058 - Val PR-AUC: 0.4545
[Fine-tune] Epoch 48/50 - Loss: 0.2185 - Val F1: 0.4839 - Val ROC-AUC: 0.6983 - Val PR-AUC: 0.4602
[Fine-tune] Epoch 49/50 - Loss: 0.2063 - Val F1: 0.4706 - Val ROC-AUC: 0.7141 - Val PR-AUC: 0.4669
[Fine-tune] Epoch 50/50 - Loss: 0.1919 - Val F1: 0.4242 - Val ROC-AUC: 0.7044 - Val PR-AUC: 0.4609
Finetuning completed. Test F1: 0.5797, ROC-AUC: 0.8260, PR-AUC: 0.4709
[3.1/4] Target-only training on OT_ER_ERaERb_1440 using GIN_GCN...
=== Target-only training ===
[Target-only] Epoch 1/50 – Loss: 0.5950  Val F1: 0.4225  ROC-AUC: 0.6769  PR-AUC: 0.3011
[Target-only] Epoch 2/50 – Loss: 0.5333  Val F1: 0.3208  ROC-AUC: 0.7065  PR-AUC: 0.4094
[Target-only] Epoch 3/50 – Loss: 0.5542  Val F1: 0.3889  ROC-AUC: 0.6849  PR-AUC: 0.3830
[Target-only] Epoch 4/50 – Loss: 0.5537  Val F1: 0.3765  ROC-AUC: 0.6931  PR-AUC: 0.3951
[Target-only] Epoch 5/50 – Loss: 0.5573  Val F1: 0.3333  ROC-AUC: 0.7086  PR-AUC: 0.3955
[Target-only] Epoch 6/50 – Loss: 0.5164  Val F1: 0.4918  ROC-AUC: 0.7648  PR-AUC: 0.4491
[Target-only] Epoch 7/50 – Loss: 0.4976  Val F1: 0.3736  ROC-AUC: 0.7176  PR-AUC: 0.4213
[Target-only] Epoch 8/50 – Loss: 0.5151  Val F1: 0.3140  ROC-AUC: 0.6718  PR-AUC: 0.3540
[Target-only] Epoch 9/50 – Loss: 0.5277  Val F1: 0.3750  ROC-AUC: 0.7021  PR-AUC: 0.3738
[Target-only] Epoch 10/50 – Loss: 0.4925  Val F1: 0.3429  ROC-AUC: 0.7039  PR-AUC: 0.4064
[Target-only] Epoch 11/50 – Loss: 0.4917  Val F1: 0.4638  ROC-AUC: 0.7232  PR-AUC: 0.4182
[Target-only] Epoch 12/50 – Loss: 0.4707  Val F1: 0.4156  ROC-AUC: 0.6788  PR-AUC: 0.3566
[Target-only] Epoch 13/50 – Loss: 0.4790  Val F1: 0.3544  ROC-AUC: 0.7007  PR-AUC: 0.3910
[Target-only] Epoch 14/50 – Loss: 0.4541  Val F1: 0.3810  ROC-AUC: 0.6971  PR-AUC: 0.4046
[Target-only] Epoch 15/50 – Loss: 0.4644  Val F1: 0.4308  ROC-AUC: 0.6849  PR-AUC: 0.3763
[Target-only] Epoch 16/50 – Loss: 0.4568  Val F1: 0.3434  ROC-AUC: 0.6920  PR-AUC: 0.4159
[Target-only] Epoch 17/50 – Loss: 0.4436  Val F1: 0.4103  ROC-AUC: 0.7169  PR-AUC: 0.4159
[Target-only] Epoch 18/50 – Loss: 0.4398  Val F1: 0.4923  ROC-AUC: 0.7105  PR-AUC: 0.3970
[Target-only] Epoch 19/50 – Loss: 0.4409  Val F1: 0.4000  ROC-AUC: 0.6917  PR-AUC: 0.3907
[Target-only] Epoch 20/50 – Loss: 0.4087  Val F1: 0.3947  ROC-AUC: 0.6983  PR-AUC: 0.3768
[Target-only] Epoch 21/50 – Loss: 0.3971  Val F1: 0.4638  ROC-AUC: 0.7089  PR-AUC: 0.4008
[Target-only] Epoch 22/50 – Loss: 0.3843  Val F1: 0.3947  ROC-AUC: 0.6713  PR-AUC: 0.3923
[Target-only] Epoch 23/50 – Loss: 0.3747  Val F1: 0.3750  ROC-AUC: 0.6877  PR-AUC: 0.3896
[Target-only] Epoch 24/50 – Loss: 0.3827  Val F1: 0.4304  ROC-AUC: 0.7213  PR-AUC: 0.4011
[Target-only] Epoch 25/50 – Loss: 0.3477  Val F1: 0.4000  ROC-AUC: 0.6992  PR-AUC: 0.4136
[Target-only] Epoch 26/50 – Loss: 0.3576  Val F1: 0.4103  ROC-AUC: 0.6948  PR-AUC: 0.3933
[Target-only] Epoch 27/50 – Loss: 0.3793  Val F1: 0.4000  ROC-AUC: 0.7037  PR-AUC: 0.4141
[Target-only] Epoch 28/50 – Loss: 0.3675  Val F1: 0.4058  ROC-AUC: 0.6889  PR-AUC: 0.3960
[Target-only] Epoch 29/50 – Loss: 0.3800  Val F1: 0.4118  ROC-AUC: 0.7002  PR-AUC: 0.3810
[Target-only] Epoch 30/50 – Loss: 0.3274  Val F1: 0.4179  ROC-AUC: 0.7007  PR-AUC: 0.4055
[Target-only] Epoch 31/50 – Loss: 0.3325  Val F1: 0.4062  ROC-AUC: 0.6948  PR-AUC: 0.4202
[Target-only] Epoch 32/50 – Loss: 0.3166  Val F1: 0.4054  ROC-AUC: 0.6917  PR-AUC: 0.4240
[Target-only] Epoch 33/50 – Loss: 0.3105  Val F1: 0.4242  ROC-AUC: 0.6985  PR-AUC: 0.4135
[Target-only] Epoch 34/50 – Loss: 0.3250  Val F1: 0.4000  ROC-AUC: 0.7004  PR-AUC: 0.4431
[Target-only] Epoch 35/50 – Loss: 0.3189  Val F1: 0.4225  ROC-AUC: 0.7058  PR-AUC: 0.4441
[Target-only] Epoch 36/50 – Loss: 0.3085  Val F1: 0.4308  ROC-AUC: 0.6953  PR-AUC: 0.4423
[Target-only] Epoch 37/50 – Loss: 0.2934  Val F1: 0.4286  ROC-AUC: 0.7044  PR-AUC: 0.4484
[Target-only] Epoch 38/50 – Loss: 0.2847  Val F1: 0.4211  ROC-AUC: 0.6682  PR-AUC: 0.4251
[Target-only] Epoch 39/50 – Loss: 0.2745  Val F1: 0.3944  ROC-AUC: 0.6969  PR-AUC: 0.4470
[Target-only] Epoch 40/50 – Loss: 0.3089  Val F1: 0.3881  ROC-AUC: 0.6913  PR-AUC: 0.4206
[Target-only] Epoch 41/50 – Loss: 0.2573  Val F1: 0.4127  ROC-AUC: 0.6915  PR-AUC: 0.4453
[Target-only] Epoch 42/50 – Loss: 0.2485  Val F1: 0.3824  ROC-AUC: 0.6854  PR-AUC: 0.4444
[Target-only] Epoch 43/50 – Loss: 0.2628  Val F1: 0.4118  ROC-AUC: 0.6856  PR-AUC: 0.4499
[Target-only] Epoch 44/50 – Loss: 0.2528  Val F1: 0.4127  ROC-AUC: 0.6906  PR-AUC: 0.4453
[Target-only] Epoch 45/50 – Loss: 0.2711  Val F1: 0.3939  ROC-AUC: 0.6812  PR-AUC: 0.4270
[Target-only] Epoch 46/50 – Loss: 0.2667  Val F1: 0.3871  ROC-AUC: 0.6894  PR-AUC: 0.4452
[Target-only] Epoch 47/50 – Loss: 0.2455  Val F1: 0.4000  ROC-AUC: 0.6906  PR-AUC: 0.4279
[Target-only] Epoch 48/50 – Loss: 0.2707  Val F1: 0.4225  ROC-AUC: 0.6870  PR-AUC: 0.4383
[Target-only] Epoch 49/50 – Loss: 0.2312  Val F1: 0.4058  ROC-AUC: 0.6842  PR-AUC: 0.4614
[Target-only] Epoch 50/50 – Loss: 0.2196  Val F1: 0.4058  ROC-AUC: 0.6948  PR-AUC: 0.4290
=== Target-only TEST performance ===
Test F1: 0.4179, ROC-AUC: 0.7630, PR-AUC: 0.3610
✅ 실험 완료: Supplemental_Material_2_TrainingSet -> OT_ER_ERaERb_1440 [GIN_GCN]
