[11:26:08] Can't kekulize mol.  Unkekulized atoms: 1 2 3 4 5
[11:26:08] Explicit valence for atom # 0 Cl, 2, is greater than permitted
[11:26:09] Can't kekulize mol.  Unkekulized atoms: 3 4 5 6 7
[11:26:10] Can't kekulize mol.  Unkekulized atoms: 3 4 5 6 7
[11:26:10] WARNING: not removing hydrogen atom without neighbors
[11:26:12] Explicit valence for atom # 3 Si, 8, is greater than permitted
[11:26:12] Can't kekulize mol.  Unkekulized atoms: 1 2 3 4 5
[11:26:12] Can't kekulize mol.  Unkekulized atoms: 3 4 5 6 7
[11:26:13] Can't kekulize mol.  Unkekulized atoms: 1 2 3 4 5
[11:26:13] WARNING: not removing hydrogen atom without neighbors
[11:26:13] Can't kekulize mol.  Unkekulized atoms: 1 2 3 4 5
[11:26:13] Explicit valence for atom # 6 O, 3, is greater than permitted
[11:26:14] Explicit valence for atom # 3 Si, 8, is greater than permitted
[11:26:14] Explicit valence for atom # 0 Cl, 2, is greater than permitted
[11:33:00] Can't kekulize mol.  Unkekulized atoms: 1 2 3 4 5
[11:33:00] Explicit valence for atom # 0 Cl, 2, is greater than permitted
[11:33:01] Can't kekulize mol.  Unkekulized atoms: 3 4 5 6 7
[11:33:01] Can't kekulize mol.  Unkekulized atoms: 3 4 5 6 7
[11:33:04] Can't kekulize mol.  Unkekulized atoms: 1 2 3 4 5
[11:33:04] Can't kekulize mol.  Unkekulized atoms: 3 4 5 6 7
[11:33:04] Can't kekulize mol.  Unkekulized atoms: 1 2 3 4 5
[11:33:04] WARNING: not removing hydrogen atom without neighbors
[11:33:05] Can't kekulize mol.  Unkekulized atoms: 1 2 3 4 5
[11:33:05] Explicit valence for atom # 6 O, 3, is greater than permitted
[11:33:05] Explicit valence for atom # 3 Si, 8, is greater than permitted
[11:33:05] Explicit valence for atom # 0 Cl, 2, is greater than permitted
[11:39:42] Can't kekulize mol.  Unkekulized atoms: 1 2 3 4 5
[11:39:42] Explicit valence for atom # 0 Cl, 2, is greater than permitted
[11:39:43] Can't kekulize mol.  Unkekulized atoms: 3 4 5 6 7
[11:39:43] Can't kekulize mol.  Unkekulized atoms: 3 4 5 6 7
[11:39:45] Can't kekulize mol.  Unkekulized atoms: 1 2 3 4 5
[11:39:45] Can't kekulize mol.  Unkekulized atoms: 3 4 5 6 7
[11:39:46] Can't kekulize mol.  Unkekulized atoms: 1 2 3 4 5
[11:39:46] WARNING: not removing hydrogen atom without neighbors
[11:39:47] Can't kekulize mol.  Unkekulized atoms: 1 2 3 4 5
[11:39:47] Explicit valence for atom # 6 O, 3, is greater than permitted
[11:39:47] Explicit valence for atom # 3 Si, 8, is greater than permitted
[11:39:47] Explicit valence for atom # 0 Cl, 2, is greater than permitted
[11:46:28] Can't kekulize mol.  Unkekulized atoms: 1 2 3 4 5
[11:46:29] Explicit valence for atom # 0 Cl, 2, is greater than permitted
[11:46:29] Can't kekulize mol.  Unkekulized atoms: 3 4 5 6 7
[11:46:30] Can't kekulize mol.  Unkekulized atoms: 3 4 5 6 7
[11:46:32] Can't kekulize mol.  Unkekulized atoms: 1 2 3 4 5
[11:46:32] Can't kekulize mol.  Unkekulized atoms: 3 4 5 6 7
[11:46:33] Can't kekulize mol.  Unkekulized atoms: 1 2 3 4 5
[11:46:33] WARNING: not removing hydrogen atom without neighbors
[11:46:33] Can't kekulize mol.  Unkekulized atoms: 1 2 3 4 5
[11:46:33] Explicit valence for atom # 6 O, 3, is greater than permitted
[11:46:33] Explicit valence for atom # 3 Si, 8, is greater than permitted
[11:46:34] Explicit valence for atom # 0 Cl, 2, is greater than permitted
[11:46:34] Can't kekulize mol.  Unkekulized atoms: 1 2 3 4 5
[11:46:34] Explicit valence for atom # 0 Cl, 2, is greater than permitted
[11:46:35] Can't kekulize mol.  Unkekulized atoms: 3 4 5 6 7
[11:46:35] Can't kekulize mol.  Unkekulized atoms: 3 4 5 6 7
[11:46:38] Can't kekulize mol.  Unkekulized atoms: 1 2 3 4 5
[11:46:38] Can't kekulize mol.  Unkekulized atoms: 3 4 5 6 7
[11:46:38] Can't kekulize mol.  Unkekulized atoms: 1 2 3 4 5
[11:46:38] WARNING: not removing hydrogen atom without neighbors
[11:46:39] Can't kekulize mol.  Unkekulized atoms: 1 2 3 4 5
[11:46:39] Explicit valence for atom # 6 O, 3, is greater than permitted
[11:46:39] Explicit valence for atom # 3 Si, 8, is greater than permitted
[11:46:39] Explicit valence for atom # 0 Cl, 2, is greater than permitted
