[1/4] Excel → CSV 변환 중...
[2/4] Pretraining on TOX21_ERb_BLA_Antagonist_ch1 using GCN...
Epoch 1/50 - Loss: 0.5605 - Val F1: 0.0905 - Val ROC-AUC: 0.6045 - Val PR-AUC: 0.0817
Epoch 2/50 - Loss: 0.5015 - Val F1: 0.1149 - Val ROC-AUC: 0.7439 - Val PR-AUC: 0.1630
Epoch 3/50 - Loss: 0.4922 - Val F1: 0.1333 - Val ROC-AUC: 0.7054 - Val PR-AUC: 0.0929
Epoch 4/50 - Loss: 0.4682 - Val F1: 0.0986 - Val ROC-AUC: 0.7220 - Val PR-AUC: 0.0933
Epoch 5/50 - Loss: 0.4522 - Val F1: 0.1679 - Val ROC-AUC: 0.7572 - Val PR-AUC: 0.1124
Epoch 6/50 - Loss: 0.4512 - Val F1: 0.1288 - Val ROC-AUC: 0.7263 - Val PR-AUC: 0.1151
Epoch 7/50 - Loss: 0.4370 - Val F1: 0.1256 - Val ROC-AUC: 0.7049 - Val PR-AUC: 0.1095
Epoch 8/50 - Loss: 0.4256 - Val F1: 0.1316 - Val ROC-AUC: 0.7193 - Val PR-AUC: 0.0925
Epoch 9/50 - Loss: 0.4273 - Val F1: 0.1412 - Val ROC-AUC: 0.7100 - Val PR-AUC: 0.1060
Epoch 10/50 - Loss: 0.4086 - Val F1: 0.1481 - Val ROC-AUC: 0.7398 - Val PR-AUC: 0.0870
Epoch 11/50 - Loss: 0.3944 - Val F1: 0.1400 - Val ROC-AUC: 0.7308 - Val PR-AUC: 0.0913
Epoch 12/50 - Loss: 0.3816 - Val F1: 0.1705 - Val ROC-AUC: 0.7229 - Val PR-AUC: 0.1046
Epoch 13/50 - Loss: 0.3789 - Val F1: 0.1875 - Val ROC-AUC: 0.7241 - Val PR-AUC: 0.0991
Epoch 14/50 - Loss: 0.3720 - Val F1: 0.1622 - Val ROC-AUC: 0.7104 - Val PR-AUC: 0.0887
Epoch 15/50 - Loss: 0.3653 - Val F1: 0.1402 - Val ROC-AUC: 0.7470 - Val PR-AUC: 0.1008
Epoch 16/50 - Loss: 0.3576 - Val F1: 0.1514 - Val ROC-AUC: 0.7392 - Val PR-AUC: 0.0899
Epoch 17/50 - Loss: 0.3644 - Val F1: 0.1829 - Val ROC-AUC: 0.7401 - Val PR-AUC: 0.1161
Epoch 18/50 - Loss: 0.3487 - Val F1: 0.1562 - Val ROC-AUC: 0.7137 - Val PR-AUC: 0.0843
Epoch 19/50 - Loss: 0.3550 - Val F1: 0.1571 - Val ROC-AUC: 0.7327 - Val PR-AUC: 0.0949
Epoch 20/50 - Loss: 0.3480 - Val F1: 0.1898 - Val ROC-AUC: 0.7324 - Val PR-AUC: 0.0863
Epoch 21/50 - Loss: 0.3267 - Val F1: 0.1429 - Val ROC-AUC: 0.7037 - Val PR-AUC: 0.0759
Epoch 22/50 - Loss: 0.3162 - Val F1: 0.1693 - Val ROC-AUC: 0.7438 - Val PR-AUC: 0.1020
Epoch 23/50 - Loss: 0.3215 - Val F1: 0.1596 - Val ROC-AUC: 0.7251 - Val PR-AUC: 0.0879
Epoch 24/50 - Loss: 0.3210 - Val F1: 0.1667 - Val ROC-AUC: 0.7372 - Val PR-AUC: 0.0948
Epoch 25/50 - Loss: 0.3185 - Val F1: 0.1657 - Val ROC-AUC: 0.7389 - Val PR-AUC: 0.1035
Epoch 26/50 - Loss: 0.3096 - Val F1: 0.1687 - Val ROC-AUC: 0.7529 - Val PR-AUC: 0.0940
Epoch 27/50 - Loss: 0.3142 - Val F1: 0.1667 - Val ROC-AUC: 0.7368 - Val PR-AUC: 0.0978
Epoch 28/50 - Loss: 0.3164 - Val F1: 0.1417 - Val ROC-AUC: 0.7225 - Val PR-AUC: 0.0923
Epoch 29/50 - Loss: 0.3125 - Val F1: 0.1911 - Val ROC-AUC: 0.7149 - Val PR-AUC: 0.0862
Epoch 30/50 - Loss: 0.3141 - Val F1: 0.1714 - Val ROC-AUC: 0.7285 - Val PR-AUC: 0.0944
Epoch 31/50 - Loss: 0.2965 - Val F1: 0.1987 - Val ROC-AUC: 0.7343 - Val PR-AUC: 0.0993
Epoch 32/50 - Loss: 0.2965 - Val F1: 0.1591 - Val ROC-AUC: 0.7481 - Val PR-AUC: 0.1042
Epoch 33/50 - Loss: 0.2878 - Val F1: 0.1963 - Val ROC-AUC: 0.7411 - Val PR-AUC: 0.1071
Epoch 34/50 - Loss: 0.2939 - Val F1: 0.1788 - Val ROC-AUC: 0.7409 - Val PR-AUC: 0.1035
Epoch 35/50 - Loss: 0.2976 - Val F1: 0.1863 - Val ROC-AUC: 0.7394 - Val PR-AUC: 0.1003
Epoch 36/50 - Loss: 0.3060 - Val F1: 0.1987 - Val ROC-AUC: 0.7375 - Val PR-AUC: 0.0935
Epoch 37/50 - Loss: 0.2877 - Val F1: 0.2055 - Val ROC-AUC: 0.7391 - Val PR-AUC: 0.0956
Epoch 38/50 - Loss: 0.2781 - Val F1: 0.1786 - Val ROC-AUC: 0.7326 - Val PR-AUC: 0.0971
Epoch 39/50 - Loss: 0.2958 - Val F1: 0.1923 - Val ROC-AUC: 0.7316 - Val PR-AUC: 0.0971
Epoch 40/50 - Loss: 0.3035 - Val F1: 0.1806 - Val ROC-AUC: 0.7276 - Val PR-AUC: 0.0985
Epoch 41/50 - Loss: 0.2912 - Val F1: 0.2013 - Val ROC-AUC: 0.7428 - Val PR-AUC: 0.0925
Epoch 42/50 - Loss: 0.2912 - Val F1: 0.1852 - Val ROC-AUC: 0.7338 - Val PR-AUC: 0.0968
Epoch 43/50 - Loss: 0.2948 - Val F1: 0.1935 - Val ROC-AUC: 0.7360 - Val PR-AUC: 0.0963
Epoch 44/50 - Loss: 0.2778 - Val F1: 0.1818 - Val ROC-AUC: 0.7347 - Val PR-AUC: 0.0978
Epoch 45/50 - Loss: 0.2960 - Val F1: 0.1583 - Val ROC-AUC: 0.7267 - Val PR-AUC: 0.0894
Epoch 46/50 - Loss: 0.2796 - Val F1: 0.1667 - Val ROC-AUC: 0.7260 - Val PR-AUC: 0.0864
Epoch 47/50 - Loss: 0.2793 - Val F1: 0.1955 - Val ROC-AUC: 0.7282 - Val PR-AUC: 0.0951
Epoch 48/50 - Loss: 0.2758 - Val F1: 0.1818 - Val ROC-AUC: 0.7310 - Val PR-AUC: 0.0946
Epoch 49/50 - Loss: 0.2839 - Val F1: 0.1655 - Val ROC-AUC: 0.7326 - Val PR-AUC: 0.0927
Epoch 50/50 - Loss: 0.2890 - Val F1: 0.1750 - Val ROC-AUC: 0.7415 - Val PR-AUC: 0.0969
Pretraining completed. Test F1: 0.1417, ROC-AUC: 0.6986, PR-AUC: 0.1300
[3/4] Finetuning on TOX21_ERb_BLA_Antagonist_viability using GCN...
[Fine-tune] Epoch 1/50 - Loss: 0.6297 - Val F1: 0.3962 - Val ROC-AUC: 0.7730 - Val PR-AUC: 0.3425
[Fine-tune] Epoch 2/50 - Loss: 0.6054 - Val F1: 0.3862 - Val ROC-AUC: 0.7604 - Val PR-AUC: 0.3107
[Fine-tune] Epoch 3/50 - Loss: 0.5977 - Val F1: 0.3941 - Val ROC-AUC: 0.7647 - Val PR-AUC: 0.3403
[Fine-tune] Epoch 4/50 - Loss: 0.5779 - Val F1: 0.4081 - Val ROC-AUC: 0.7808 - Val PR-AUC: 0.3593
[Fine-tune] Epoch 5/50 - Loss: 0.5745 - Val F1: 0.3873 - Val ROC-AUC: 0.7630 - Val PR-AUC: 0.3014
[Fine-tune] Epoch 6/50 - Loss: 0.5678 - Val F1: 0.3810 - Val ROC-AUC: 0.7656 - Val PR-AUC: 0.3187
[Fine-tune] Epoch 7/50 - Loss: 0.5664 - Val F1: 0.3990 - Val ROC-AUC: 0.7602 - Val PR-AUC: 0.2924
[Fine-tune] Epoch 8/50 - Loss: 0.5564 - Val F1: 0.4179 - Val ROC-AUC: 0.7718 - Val PR-AUC: 0.3291
[Fine-tune] Epoch 9/50 - Loss: 0.5637 - Val F1: 0.4022 - Val ROC-AUC: 0.7659 - Val PR-AUC: 0.3342
[Fine-tune] Epoch 10/50 - Loss: 0.5455 - Val F1: 0.3818 - Val ROC-AUC: 0.7627 - Val PR-AUC: 0.3364
[Fine-tune] Epoch 11/50 - Loss: 0.5323 - Val F1: 0.3858 - Val ROC-AUC: 0.7651 - Val PR-AUC: 0.3146
[Fine-tune] Epoch 12/50 - Loss: 0.5345 - Val F1: 0.3854 - Val ROC-AUC: 0.7719 - Val PR-AUC: 0.3533
[Fine-tune] Epoch 13/50 - Loss: 0.5411 - Val F1: 0.3978 - Val ROC-AUC: 0.7707 - Val PR-AUC: 0.3386
[Fine-tune] Epoch 14/50 - Loss: 0.5387 - Val F1: 0.4012 - Val ROC-AUC: 0.7721 - Val PR-AUC: 0.3329
[Fine-tune] Epoch 15/50 - Loss: 0.5243 - Val F1: 0.4111 - Val ROC-AUC: 0.7760 - Val PR-AUC: 0.3331
[Fine-tune] Epoch 16/50 - Loss: 0.5300 - Val F1: 0.4033 - Val ROC-AUC: 0.7650 - Val PR-AUC: 0.3328
[Fine-tune] Epoch 17/50 - Loss: 0.5079 - Val F1: 0.3980 - Val ROC-AUC: 0.7733 - Val PR-AUC: 0.3177
[Fine-tune] Epoch 18/50 - Loss: 0.5274 - Val F1: 0.3834 - Val ROC-AUC: 0.7667 - Val PR-AUC: 0.3338
[Fine-tune] Epoch 19/50 - Loss: 0.5200 - Val F1: 0.3771 - Val ROC-AUC: 0.7695 - Val PR-AUC: 0.3544
[Fine-tune] Epoch 20/50 - Loss: 0.5209 - Val F1: 0.4094 - Val ROC-AUC: 0.7780 - Val PR-AUC: 0.3566
[Fine-tune] Epoch 21/50 - Loss: 0.5030 - Val F1: 0.4011 - Val ROC-AUC: 0.7705 - Val PR-AUC: 0.3413
[Fine-tune] Epoch 22/50 - Loss: 0.4957 - Val F1: 0.4036 - Val ROC-AUC: 0.7774 - Val PR-AUC: 0.3523
[Fine-tune] Epoch 23/50 - Loss: 0.4964 - Val F1: 0.3886 - Val ROC-AUC: 0.7694 - Val PR-AUC: 0.3451
[Fine-tune] Epoch 24/50 - Loss: 0.5033 - Val F1: 0.3882 - Val ROC-AUC: 0.7692 - Val PR-AUC: 0.3440
[Fine-tune] Epoch 25/50 - Loss: 0.4937 - Val F1: 0.3924 - Val ROC-AUC: 0.7776 - Val PR-AUC: 0.3590
[Fine-tune] Epoch 26/50 - Loss: 0.5007 - Val F1: 0.4033 - Val ROC-AUC: 0.7669 - Val PR-AUC: 0.3339
[Fine-tune] Epoch 27/50 - Loss: 0.5017 - Val F1: 0.4077 - Val ROC-AUC: 0.7701 - Val PR-AUC: 0.3546
[Fine-tune] Epoch 28/50 - Loss: 0.5169 - Val F1: 0.4066 - Val ROC-AUC: 0.7778 - Val PR-AUC: 0.3696
[Fine-tune] Epoch 29/50 - Loss: 0.4913 - Val F1: 0.4118 - Val ROC-AUC: 0.7764 - Val PR-AUC: 0.3609
[Fine-tune] Epoch 30/50 - Loss: 0.4935 - Val F1: 0.3930 - Val ROC-AUC: 0.7736 - Val PR-AUC: 0.3644
[Fine-tune] Epoch 31/50 - Loss: 0.4878 - Val F1: 0.4044 - Val ROC-AUC: 0.7725 - Val PR-AUC: 0.3513
[Fine-tune] Epoch 32/50 - Loss: 0.4931 - Val F1: 0.4217 - Val ROC-AUC: 0.7767 - Val PR-AUC: 0.3401
[Fine-tune] Epoch 33/50 - Loss: 0.4857 - Val F1: 0.3823 - Val ROC-AUC: 0.7712 - Val PR-AUC: 0.3523
[Fine-tune] Epoch 34/50 - Loss: 0.4921 - Val F1: 0.4101 - Val ROC-AUC: 0.7723 - Val PR-AUC: 0.3366
[Fine-tune] Epoch 35/50 - Loss: 0.4816 - Val F1: 0.3826 - Val ROC-AUC: 0.7751 - Val PR-AUC: 0.3666
[Fine-tune] Epoch 36/50 - Loss: 0.4973 - Val F1: 0.3969 - Val ROC-AUC: 0.7699 - Val PR-AUC: 0.3530
[Fine-tune] Epoch 37/50 - Loss: 0.4841 - Val F1: 0.3930 - Val ROC-AUC: 0.7760 - Val PR-AUC: 0.3558
[Fine-tune] Epoch 38/50 - Loss: 0.4913 - Val F1: 0.4154 - Val ROC-AUC: 0.7715 - Val PR-AUC: 0.3526
[Fine-tune] Epoch 39/50 - Loss: 0.4873 - Val F1: 0.3817 - Val ROC-AUC: 0.7754 - Val PR-AUC: 0.3641
[Fine-tune] Epoch 40/50 - Loss: 0.4824 - Val F1: 0.4053 - Val ROC-AUC: 0.7762 - Val PR-AUC: 0.3678
[Fine-tune] Epoch 41/50 - Loss: 0.4948 - Val F1: 0.3873 - Val ROC-AUC: 0.7753 - Val PR-AUC: 0.3586
[Fine-tune] Epoch 42/50 - Loss: 0.4728 - Val F1: 0.3864 - Val ROC-AUC: 0.7772 - Val PR-AUC: 0.3584
[Fine-tune] Epoch 43/50 - Loss: 0.4837 - Val F1: 0.4044 - Val ROC-AUC: 0.7751 - Val PR-AUC: 0.3524
[Fine-tune] Epoch 44/50 - Loss: 0.4899 - Val F1: 0.4058 - Val ROC-AUC: 0.7779 - Val PR-AUC: 0.3655
[Fine-tune] Epoch 45/50 - Loss: 0.4886 - Val F1: 0.3989 - Val ROC-AUC: 0.7730 - Val PR-AUC: 0.3528
[Fine-tune] Epoch 46/50 - Loss: 0.4751 - Val F1: 0.4088 - Val ROC-AUC: 0.7765 - Val PR-AUC: 0.3578
[Fine-tune] Epoch 47/50 - Loss: 0.4830 - Val F1: 0.4066 - Val ROC-AUC: 0.7779 - Val PR-AUC: 0.3599
[Fine-tune] Epoch 48/50 - Loss: 0.4798 - Val F1: 0.4021 - Val ROC-AUC: 0.7785 - Val PR-AUC: 0.3653
[Fine-tune] Epoch 49/50 - Loss: 0.4898 - Val F1: 0.4045 - Val ROC-AUC: 0.7767 - Val PR-AUC: 0.3655
[Fine-tune] Epoch 50/50 - Loss: 0.4805 - Val F1: 0.4119 - Val ROC-AUC: 0.7795 - Val PR-AUC: 0.3462
Finetuning completed. Test F1: 0.4644, ROC-AUC: 0.8067, PR-AUC: 0.3926
[3.1/4] Target-only training on TOX21_ERb_BLA_Antagonist_viability using GCN...
=== Target-only training ===
[Target-only] Epoch 1/50 – Loss: 0.6429  Val F1: 0.3797  ROC-AUC: 0.7637  PR-AUC: 0.3068
[Target-only] Epoch 2/50 – Loss: 0.6097  Val F1: 0.3944  ROC-AUC: 0.7632  PR-AUC: 0.2813
[Target-only] Epoch 3/50 – Loss: 0.5998  Val F1: 0.3702  ROC-AUC: 0.7641  PR-AUC: 0.3212
[Target-only] Epoch 4/50 – Loss: 0.5956  Val F1: 0.3652  ROC-AUC: 0.7437  PR-AUC: 0.3092
[Target-only] Epoch 5/50 – Loss: 0.5886  Val F1: 0.3769  ROC-AUC: 0.7708  PR-AUC: 0.2990
[Target-only] Epoch 6/50 – Loss: 0.5792  Val F1: 0.3720  ROC-AUC: 0.7431  PR-AUC: 0.3253
[Target-only] Epoch 7/50 – Loss: 0.5797  Val F1: 0.3794  ROC-AUC: 0.7653  PR-AUC: 0.3307
[Target-only] Epoch 8/50 – Loss: 0.5705  Val F1: 0.3759  ROC-AUC: 0.7737  PR-AUC: 0.3302
[Target-only] Epoch 9/50 – Loss: 0.5656  Val F1: 0.3988  ROC-AUC: 0.7740  PR-AUC: 0.3362
[Target-only] Epoch 10/50 – Loss: 0.5560  Val F1: 0.3503  ROC-AUC: 0.7618  PR-AUC: 0.3166
[Target-only] Epoch 11/50 – Loss: 0.5543  Val F1: 0.4067  ROC-AUC: 0.7720  PR-AUC: 0.3260
[Target-only] Epoch 12/50 – Loss: 0.5537  Val F1: 0.3654  ROC-AUC: 0.7583  PR-AUC: 0.3296
[Target-only] Epoch 13/50 – Loss: 0.5476  Val F1: 0.3899  ROC-AUC: 0.7639  PR-AUC: 0.3297
[Target-only] Epoch 14/50 – Loss: 0.5450  Val F1: 0.3878  ROC-AUC: 0.7724  PR-AUC: 0.3205
[Target-only] Epoch 15/50 – Loss: 0.5443  Val F1: 0.3819  ROC-AUC: 0.7768  PR-AUC: 0.3482
[Target-only] Epoch 16/50 – Loss: 0.5421  Val F1: 0.4030  ROC-AUC: 0.7787  PR-AUC: 0.3431
[Target-only] Epoch 17/50 – Loss: 0.5367  Val F1: 0.3968  ROC-AUC: 0.7618  PR-AUC: 0.2993
[Target-only] Epoch 18/50 – Loss: 0.5399  Val F1: 0.4121  ROC-AUC: 0.7683  PR-AUC: 0.3379
[Target-only] Epoch 19/50 – Loss: 0.5392  Val F1: 0.3902  ROC-AUC: 0.7770  PR-AUC: 0.3438
[Target-only] Epoch 20/50 – Loss: 0.5348  Val F1: 0.3704  ROC-AUC: 0.7663  PR-AUC: 0.3439
[Target-only] Epoch 21/50 – Loss: 0.5251  Val F1: 0.4106  ROC-AUC: 0.7758  PR-AUC: 0.3427
[Target-only] Epoch 22/50 – Loss: 0.5148  Val F1: 0.3910  ROC-AUC: 0.7801  PR-AUC: 0.3509
[Target-only] Epoch 23/50 – Loss: 0.5188  Val F1: 0.3949  ROC-AUC: 0.7801  PR-AUC: 0.3479
[Target-only] Epoch 24/50 – Loss: 0.5133  Val F1: 0.4080  ROC-AUC: 0.7753  PR-AUC: 0.3282
[Target-only] Epoch 25/50 – Loss: 0.5136  Val F1: 0.4096  ROC-AUC: 0.7761  PR-AUC: 0.3421
[Target-only] Epoch 26/50 – Loss: 0.5196  Val F1: 0.3969  ROC-AUC: 0.7729  PR-AUC: 0.3450
[Target-only] Epoch 27/50 – Loss: 0.5190  Val F1: 0.3905  ROC-AUC: 0.7791  PR-AUC: 0.3595
[Target-only] Epoch 28/50 – Loss: 0.5220  Val F1: 0.4052  ROC-AUC: 0.7733  PR-AUC: 0.3459
[Target-only] Epoch 29/50 – Loss: 0.5109  Val F1: 0.3946  ROC-AUC: 0.7650  PR-AUC: 0.3178
[Target-only] Epoch 30/50 – Loss: 0.5179  Val F1: 0.3916  ROC-AUC: 0.7677  PR-AUC: 0.3270
[Target-only] Epoch 31/50 – Loss: 0.5045  Val F1: 0.4169  ROC-AUC: 0.7813  PR-AUC: 0.3523
[Target-only] Epoch 32/50 – Loss: 0.5021  Val F1: 0.4138  ROC-AUC: 0.7806  PR-AUC: 0.3513
[Target-only] Epoch 33/50 – Loss: 0.5164  Val F1: 0.4110  ROC-AUC: 0.7700  PR-AUC: 0.3436
[Target-only] Epoch 34/50 – Loss: 0.4989  Val F1: 0.4023  ROC-AUC: 0.7768  PR-AUC: 0.3506
[Target-only] Epoch 35/50 – Loss: 0.5010  Val F1: 0.4198  ROC-AUC: 0.7768  PR-AUC: 0.3563
[Target-only] Epoch 36/50 – Loss: 0.5007  Val F1: 0.4091  ROC-AUC: 0.7734  PR-AUC: 0.3442
[Target-only] Epoch 37/50 – Loss: 0.4957  Val F1: 0.4056  ROC-AUC: 0.7795  PR-AUC: 0.3511
[Target-only] Epoch 38/50 – Loss: 0.5084  Val F1: 0.3923  ROC-AUC: 0.7777  PR-AUC: 0.3434
[Target-only] Epoch 39/50 – Loss: 0.4972  Val F1: 0.4159  ROC-AUC: 0.7809  PR-AUC: 0.3548
[Target-only] Epoch 40/50 – Loss: 0.5144  Val F1: 0.4079  ROC-AUC: 0.7762  PR-AUC: 0.3505
[Target-only] Epoch 41/50 – Loss: 0.5000  Val F1: 0.4044  ROC-AUC: 0.7778  PR-AUC: 0.3546
[Target-only] Epoch 42/50 – Loss: 0.5065  Val F1: 0.4155  ROC-AUC: 0.7763  PR-AUC: 0.3554
[Target-only] Epoch 43/50 – Loss: 0.4954  Val F1: 0.4150  ROC-AUC: 0.7810  PR-AUC: 0.3515
[Target-only] Epoch 44/50 – Loss: 0.4970  Val F1: 0.4144  ROC-AUC: 0.7812  PR-AUC: 0.3601
[Target-only] Epoch 45/50 – Loss: 0.5038  Val F1: 0.3989  ROC-AUC: 0.7764  PR-AUC: 0.3469
[Target-only] Epoch 46/50 – Loss: 0.5042  Val F1: 0.4044  ROC-AUC: 0.7820  PR-AUC: 0.3619
[Target-only] Epoch 47/50 – Loss: 0.5012  Val F1: 0.4132  ROC-AUC: 0.7807  PR-AUC: 0.3599
[Target-only] Epoch 48/50 – Loss: 0.4907  Val F1: 0.4121  ROC-AUC: 0.7821  PR-AUC: 0.3660
[Target-only] Epoch 49/50 – Loss: 0.4940  Val F1: 0.3871  ROC-AUC: 0.7796  PR-AUC: 0.3610
[Target-only] Epoch 50/50 – Loss: 0.4854  Val F1: 0.4042  ROC-AUC: 0.7825  PR-AUC: 0.3617
=== Target-only TEST performance ===
Test F1: 0.4438, ROC-AUC: 0.8101, PR-AUC: 0.4083
[4/4] Embedding 시각화 중...
✅ Embeddings 저장 완료: embeddings_TOX21_ERb_BLA_Antagonist_ch1_TOX21_ERb_BLA_Antagonist_viability_GCN.png
✅ 실험 완료: TOX21_ERb_BLA_Antagonist_ch1 -> TOX21_ERb_BLA_Antagonist_viability [GCN]
