[11:19:46] Can't kekulize mol.  Unkekulized atoms: 1 2 3 4 5
[11:19:47] Explicit valence for atom # 0 Cl, 2, is greater than permitted
[11:19:48] Can't kekulize mol.  Unkekulized atoms: 3 4 5 6 7
[11:19:48] Can't kekulize mol.  Unkekulized atoms: 3 4 5 6 7
[11:19:49] WARNING: not removing hydrogen atom without neighbors
[11:19:51] Explicit valence for atom # 3 Si, 8, is greater than permitted
[11:19:51] Can't kekulize mol.  Unkekulized atoms: 1 2 3 4 5
[11:19:51] Can't kekulize mol.  Unkekulized atoms: 3 4 5 6 7
[11:19:51] Can't kekulize mol.  Unkekulized atoms: 1 2 3 4 5
[11:19:52] WARNING: not removing hydrogen atom without neighbors
[11:19:52] Can't kekulize mol.  Unkekulized atoms: 1 2 3 4 5
[11:19:52] Explicit valence for atom # 6 O, 3, is greater than permitted
[11:19:52] Explicit valence for atom # 3 Si, 8, is greater than permitted
[11:19:53] Explicit valence for atom # 0 Cl, 2, is greater than permitted
[11:21:05] Can't kekulize mol.  Unkekulized atoms: 1 2 3 4 5
[11:21:06] Explicit valence for atom # 0 Cl, 2, is greater than permitted
[11:21:06] Can't kekulize mol.  Unkekulized atoms: 3 4 5 6 7
[11:21:07] Can't kekulize mol.  Unkekulized atoms: 3 4 5 6 7
[11:21:07] WARNING: not removing hydrogen atom without neighbors
[11:21:09] Explicit valence for atom # 3 Si, 8, is greater than permitted
[11:21:10] Can't kekulize mol.  Unkekulized atoms: 1 2 3 4 5
[11:21:10] Can't kekulize mol.  Unkekulized atoms: 3 4 5 6 7
[11:21:10] Can't kekulize mol.  Unkekulized atoms: 1 2 3 4 5
[11:21:10] WARNING: not removing hydrogen atom without neighbors
[11:21:11] Can't kekulize mol.  Unkekulized atoms: 1 2 3 4 5
[11:21:11] Explicit valence for atom # 6 O, 3, is greater than permitted
[11:21:11] Explicit valence for atom # 3 Si, 8, is greater than permitted
[11:21:11] Explicit valence for atom # 0 Cl, 2, is greater than permitted
[11:22:19] Can't kekulize mol.  Unkekulized atoms: 1 2 3 4 5
[11:22:19] Explicit valence for atom # 0 Cl, 2, is greater than permitted
[11:22:20] Can't kekulize mol.  Unkekulized atoms: 3 4 5 6 7
[11:22:20] Can't kekulize mol.  Unkekulized atoms: 3 4 5 6 7
[11:22:21] WARNING: not removing hydrogen atom without neighbors
[11:22:23] Explicit valence for atom # 3 Si, 8, is greater than permitted
[11:22:23] Can't kekulize mol.  Unkekulized atoms: 1 2 3 4 5
[11:22:23] Can't kekulize mol.  Unkekulized atoms: 3 4 5 6 7
[11:22:24] Can't kekulize mol.  Unkekulized atoms: 1 2 3 4 5
[11:22:24] WARNING: not removing hydrogen atom without neighbors
[11:22:24] Can't kekulize mol.  Unkekulized atoms: 1 2 3 4 5
[11:22:24] Explicit valence for atom # 6 O, 3, is greater than permitted
[11:22:24] Explicit valence for atom # 3 Si, 8, is greater than permitted
[11:22:25] Explicit valence for atom # 0 Cl, 2, is greater than permitted
[11:23:35] Can't kekulize mol.  Unkekulized atoms: 1 2 3 4 5
[11:23:35] Explicit valence for atom # 0 Cl, 2, is greater than permitted
[11:23:36] Can't kekulize mol.  Unkekulized atoms: 3 4 5 6 7
[11:23:36] Can't kekulize mol.  Unkekulized atoms: 3 4 5 6 7
[11:23:37] WARNING: not removing hydrogen atom without neighbors
[11:23:39] Explicit valence for atom # 3 Si, 8, is greater than permitted
[11:23:39] Can't kekulize mol.  Unkekulized atoms: 1 2 3 4 5
[11:23:39] Can't kekulize mol.  Unkekulized atoms: 3 4 5 6 7
[11:23:40] Can't kekulize mol.  Unkekulized atoms: 1 2 3 4 5
[11:23:40] WARNING: not removing hydrogen atom without neighbors
[11:23:40] Can't kekulize mol.  Unkekulized atoms: 1 2 3 4 5
[11:23:40] Explicit valence for atom # 6 O, 3, is greater than permitted
[11:23:41] Explicit valence for atom # 3 Si, 8, is greater than permitted
[11:23:41] Explicit valence for atom # 0 Cl, 2, is greater than permitted
[11:23:41] Can't kekulize mol.  Unkekulized atoms: 1 2 3 4 5
[11:23:42] Explicit valence for atom # 0 Cl, 2, is greater than permitted
[11:23:43] Can't kekulize mol.  Unkekulized atoms: 3 4 5 6 7
[11:23:43] Can't kekulize mol.  Unkekulized atoms: 3 4 5 6 7
[11:23:44] WARNING: not removing hydrogen atom without neighbors
[11:23:45] Explicit valence for atom # 3 Si, 8, is greater than permitted
[11:23:46] Can't kekulize mol.  Unkekulized atoms: 1 2 3 4 5
[11:23:46] Can't kekulize mol.  Unkekulized atoms: 3 4 5 6 7
[11:23:46] Can't kekulize mol.  Unkekulized atoms: 1 2 3 4 5
[11:23:46] WARNING: not removing hydrogen atom without neighbors
[11:23:47] Can't kekulize mol.  Unkekulized atoms: 1 2 3 4 5
[11:23:47] Explicit valence for atom # 6 O, 3, is greater than permitted
[11:23:47] Explicit valence for atom # 3 Si, 8, is greater than permitted
[11:23:47] Explicit valence for atom # 0 Cl, 2, is greater than permitted
