[1/4] Excel → CSV 변환 중...
[2/4] Pretraining on TOX21_ERa_LUC_VM7_Agonist using GCN...
Epoch 1/50 - Loss: 0.6789 - Val F1: 0.2667 - Val ROC-AUC: 0.6355 - Val PR-AUC: 0.2282
Epoch 2/50 - Loss: 0.6543 - Val F1: 0.2741 - Val ROC-AUC: 0.6579 - Val PR-AUC: 0.2670
Epoch 3/50 - Loss: 0.6439 - Val F1: 0.2756 - Val ROC-AUC: 0.6714 - Val PR-AUC: 0.2605
Epoch 4/50 - Loss: 0.6388 - Val F1: 0.2744 - Val ROC-AUC: 0.6596 - Val PR-AUC: 0.2714
Epoch 5/50 - Loss: 0.6278 - Val F1: 0.2626 - Val ROC-AUC: 0.6717 - Val PR-AUC: 0.2769
Epoch 6/50 - Loss: 0.6310 - Val F1: 0.2702 - Val ROC-AUC: 0.6771 - Val PR-AUC: 0.2772
Epoch 7/50 - Loss: 0.6282 - Val F1: 0.2899 - Val ROC-AUC: 0.6843 - Val PR-AUC: 0.2412
Epoch 8/50 - Loss: 0.6245 - Val F1: 0.2577 - Val ROC-AUC: 0.6524 - Val PR-AUC: 0.2472
Epoch 9/50 - Loss: 0.6234 - Val F1: 0.2897 - Val ROC-AUC: 0.6835 - Val PR-AUC: 0.2795
Epoch 10/50 - Loss: 0.6218 - Val F1: 0.2795 - Val ROC-AUC: 0.6501 - Val PR-AUC: 0.2399
Epoch 11/50 - Loss: 0.5998 - Val F1: 0.2932 - Val ROC-AUC: 0.6669 - Val PR-AUC: 0.2802
Epoch 12/50 - Loss: 0.6013 - Val F1: 0.3239 - Val ROC-AUC: 0.6908 - Val PR-AUC: 0.2896
Epoch 13/50 - Loss: 0.5893 - Val F1: 0.3058 - Val ROC-AUC: 0.6758 - Val PR-AUC: 0.2701
Epoch 14/50 - Loss: 0.6029 - Val F1: 0.2697 - Val ROC-AUC: 0.6717 - Val PR-AUC: 0.2735
Epoch 15/50 - Loss: 0.5958 - Val F1: 0.3128 - Val ROC-AUC: 0.6918 - Val PR-AUC: 0.3095
Epoch 16/50 - Loss: 0.5950 - Val F1: 0.2933 - Val ROC-AUC: 0.6815 - Val PR-AUC: 0.2935
Epoch 17/50 - Loss: 0.5945 - Val F1: 0.2993 - Val ROC-AUC: 0.6859 - Val PR-AUC: 0.3179
Epoch 18/50 - Loss: 0.5839 - Val F1: 0.2898 - Val ROC-AUC: 0.6944 - Val PR-AUC: 0.2880
Epoch 19/50 - Loss: 0.5881 - Val F1: 0.3294 - Val ROC-AUC: 0.7129 - Val PR-AUC: 0.3052
Epoch 20/50 - Loss: 0.5811 - Val F1: 0.3118 - Val ROC-AUC: 0.6963 - Val PR-AUC: 0.3198
Epoch 21/50 - Loss: 0.5738 - Val F1: 0.2945 - Val ROC-AUC: 0.6863 - Val PR-AUC: 0.2917
Epoch 22/50 - Loss: 0.5742 - Val F1: 0.3169 - Val ROC-AUC: 0.7008 - Val PR-AUC: 0.3049
Epoch 23/50 - Loss: 0.5843 - Val F1: 0.2872 - Val ROC-AUC: 0.6827 - Val PR-AUC: 0.2970
Epoch 24/50 - Loss: 0.5716 - Val F1: 0.3229 - Val ROC-AUC: 0.6964 - Val PR-AUC: 0.2863
Epoch 25/50 - Loss: 0.5641 - Val F1: 0.3035 - Val ROC-AUC: 0.6911 - Val PR-AUC: 0.3165
Epoch 26/50 - Loss: 0.5637 - Val F1: 0.3017 - Val ROC-AUC: 0.6975 - Val PR-AUC: 0.3122
Epoch 27/50 - Loss: 0.5682 - Val F1: 0.3161 - Val ROC-AUC: 0.6876 - Val PR-AUC: 0.3103
Epoch 28/50 - Loss: 0.5731 - Val F1: 0.2955 - Val ROC-AUC: 0.6867 - Val PR-AUC: 0.3198
Epoch 29/50 - Loss: 0.5712 - Val F1: 0.3423 - Val ROC-AUC: 0.6930 - Val PR-AUC: 0.2954
Epoch 30/50 - Loss: 0.5659 - Val F1: 0.3090 - Val ROC-AUC: 0.6943 - Val PR-AUC: 0.3011
Epoch 31/50 - Loss: 0.5647 - Val F1: 0.3128 - Val ROC-AUC: 0.6939 - Val PR-AUC: 0.3062
Epoch 32/50 - Loss: 0.5621 - Val F1: 0.2988 - Val ROC-AUC: 0.6887 - Val PR-AUC: 0.3116
Epoch 33/50 - Loss: 0.5505 - Val F1: 0.3106 - Val ROC-AUC: 0.6909 - Val PR-AUC: 0.3131
Epoch 34/50 - Loss: 0.5629 - Val F1: 0.3148 - Val ROC-AUC: 0.7036 - Val PR-AUC: 0.3121
Epoch 35/50 - Loss: 0.5546 - Val F1: 0.2973 - Val ROC-AUC: 0.6962 - Val PR-AUC: 0.3191
Epoch 36/50 - Loss: 0.5554 - Val F1: 0.3133 - Val ROC-AUC: 0.6941 - Val PR-AUC: 0.2973
Epoch 37/50 - Loss: 0.5555 - Val F1: 0.2843 - Val ROC-AUC: 0.6880 - Val PR-AUC: 0.3158
Epoch 38/50 - Loss: 0.5559 - Val F1: 0.2980 - Val ROC-AUC: 0.6929 - Val PR-AUC: 0.3139
Epoch 39/50 - Loss: 0.5645 - Val F1: 0.3195 - Val ROC-AUC: 0.6996 - Val PR-AUC: 0.3152
Epoch 40/50 - Loss: 0.5528 - Val F1: 0.3090 - Val ROC-AUC: 0.6916 - Val PR-AUC: 0.3127
Epoch 41/50 - Loss: 0.5495 - Val F1: 0.3082 - Val ROC-AUC: 0.6919 - Val PR-AUC: 0.3130
Epoch 42/50 - Loss: 0.5496 - Val F1: 0.3077 - Val ROC-AUC: 0.7017 - Val PR-AUC: 0.3185
Epoch 43/50 - Loss: 0.5622 - Val F1: 0.3101 - Val ROC-AUC: 0.6861 - Val PR-AUC: 0.3110
Epoch 44/50 - Loss: 0.5522 - Val F1: 0.3106 - Val ROC-AUC: 0.6947 - Val PR-AUC: 0.2995
Epoch 45/50 - Loss: 0.5572 - Val F1: 0.3064 - Val ROC-AUC: 0.6861 - Val PR-AUC: 0.2981
Epoch 46/50 - Loss: 0.5574 - Val F1: 0.3000 - Val ROC-AUC: 0.6977 - Val PR-AUC: 0.3149
Epoch 47/50 - Loss: 0.5529 - Val F1: 0.3045 - Val ROC-AUC: 0.6883 - Val PR-AUC: 0.3167
Epoch 48/50 - Loss: 0.5519 - Val F1: 0.2967 - Val ROC-AUC: 0.6922 - Val PR-AUC: 0.3085
Epoch 49/50 - Loss: 0.5400 - Val F1: 0.2865 - Val ROC-AUC: 0.6967 - Val PR-AUC: 0.3087
Epoch 50/50 - Loss: 0.5554 - Val F1: 0.2897 - Val ROC-AUC: 0.6954 - Val PR-AUC: 0.3034
Pretraining completed. Test F1: 0.3467, ROC-AUC: 0.6932, PR-AUC: 0.4060
[3/4] Finetuning on TOX21_ERb_BLA_Antagonist_viability using GCN...
[Fine-tune] Epoch 1/50 - Loss: 0.5990 - Val F1: 0.3855 - Val ROC-AUC: 0.7740 - Val PR-AUC: 0.3384
[Fine-tune] Epoch 2/50 - Loss: 0.5729 - Val F1: 0.3781 - Val ROC-AUC: 0.7757 - Val PR-AUC: 0.3220
[Fine-tune] Epoch 3/50 - Loss: 0.5605 - Val F1: 0.4216 - Val ROC-AUC: 0.7859 - Val PR-AUC: 0.3413
[Fine-tune] Epoch 4/50 - Loss: 0.5559 - Val F1: 0.3780 - Val ROC-AUC: 0.7677 - Val PR-AUC: 0.3103
[Fine-tune] Epoch 5/50 - Loss: 0.5560 - Val F1: 0.3616 - Val ROC-AUC: 0.7552 - Val PR-AUC: 0.2921
[Fine-tune] Epoch 6/50 - Loss: 0.5505 - Val F1: 0.3642 - Val ROC-AUC: 0.7668 - Val PR-AUC: 0.3197
[Fine-tune] Epoch 7/50 - Loss: 0.5355 - Val F1: 0.4025 - Val ROC-AUC: 0.7765 - Val PR-AUC: 0.3378
[Fine-tune] Epoch 8/50 - Loss: 0.5342 - Val F1: 0.3830 - Val ROC-AUC: 0.7677 - Val PR-AUC: 0.3389
[Fine-tune] Epoch 9/50 - Loss: 0.5318 - Val F1: 0.3869 - Val ROC-AUC: 0.7780 - Val PR-AUC: 0.3413
[Fine-tune] Epoch 10/50 - Loss: 0.5329 - Val F1: 0.4127 - Val ROC-AUC: 0.7762 - Val PR-AUC: 0.3298
[Fine-tune] Epoch 11/50 - Loss: 0.5311 - Val F1: 0.4164 - Val ROC-AUC: 0.7846 - Val PR-AUC: 0.3304
[Fine-tune] Epoch 12/50 - Loss: 0.5208 - Val F1: 0.3900 - Val ROC-AUC: 0.7804 - Val PR-AUC: 0.3626
[Fine-tune] Epoch 13/50 - Loss: 0.5044 - Val F1: 0.3883 - Val ROC-AUC: 0.7812 - Val PR-AUC: 0.3522
[Fine-tune] Epoch 14/50 - Loss: 0.5226 - Val F1: 0.3759 - Val ROC-AUC: 0.7774 - Val PR-AUC: 0.3327
[Fine-tune] Epoch 15/50 - Loss: 0.5131 - Val F1: 0.4034 - Val ROC-AUC: 0.7817 - Val PR-AUC: 0.3593
[Fine-tune] Epoch 16/50 - Loss: 0.5149 - Val F1: 0.4161 - Val ROC-AUC: 0.7790 - Val PR-AUC: 0.3364
[Fine-tune] Epoch 17/50 - Loss: 0.5034 - Val F1: 0.4132 - Val ROC-AUC: 0.7757 - Val PR-AUC: 0.3296
[Fine-tune] Epoch 18/50 - Loss: 0.5018 - Val F1: 0.4251 - Val ROC-AUC: 0.7875 - Val PR-AUC: 0.3470
[Fine-tune] Epoch 19/50 - Loss: 0.4988 - Val F1: 0.3796 - Val ROC-AUC: 0.7694 - Val PR-AUC: 0.2989
[Fine-tune] Epoch 20/50 - Loss: 0.5074 - Val F1: 0.3969 - Val ROC-AUC: 0.7813 - Val PR-AUC: 0.3188
[Fine-tune] Epoch 21/50 - Loss: 0.4977 - Val F1: 0.3860 - Val ROC-AUC: 0.7788 - Val PR-AUC: 0.3455
[Fine-tune] Epoch 22/50 - Loss: 0.4928 - Val F1: 0.4132 - Val ROC-AUC: 0.7823 - Val PR-AUC: 0.3557
[Fine-tune] Epoch 23/50 - Loss: 0.4914 - Val F1: 0.3989 - Val ROC-AUC: 0.7828 - Val PR-AUC: 0.3520
[Fine-tune] Epoch 24/50 - Loss: 0.4947 - Val F1: 0.4177 - Val ROC-AUC: 0.7860 - Val PR-AUC: 0.3612
[Fine-tune] Epoch 25/50 - Loss: 0.4868 - Val F1: 0.4000 - Val ROC-AUC: 0.7784 - Val PR-AUC: 0.3426
[Fine-tune] Epoch 26/50 - Loss: 0.4928 - Val F1: 0.3990 - Val ROC-AUC: 0.7859 - Val PR-AUC: 0.3542
[Fine-tune] Epoch 27/50 - Loss: 0.4887 - Val F1: 0.4121 - Val ROC-AUC: 0.7813 - Val PR-AUC: 0.3381
[Fine-tune] Epoch 28/50 - Loss: 0.4817 - Val F1: 0.4147 - Val ROC-AUC: 0.7840 - Val PR-AUC: 0.3632
[Fine-tune] Epoch 29/50 - Loss: 0.4780 - Val F1: 0.4277 - Val ROC-AUC: 0.7818 - Val PR-AUC: 0.3428
[Fine-tune] Epoch 30/50 - Loss: 0.4761 - Val F1: 0.3913 - Val ROC-AUC: 0.7719 - Val PR-AUC: 0.3378
[Fine-tune] Epoch 31/50 - Loss: 0.4693 - Val F1: 0.3914 - Val ROC-AUC: 0.7836 - Val PR-AUC: 0.3603
[Fine-tune] Epoch 32/50 - Loss: 0.4882 - Val F1: 0.4011 - Val ROC-AUC: 0.7858 - Val PR-AUC: 0.3590
[Fine-tune] Epoch 33/50 - Loss: 0.4794 - Val F1: 0.4098 - Val ROC-AUC: 0.7871 - Val PR-AUC: 0.3594
[Fine-tune] Epoch 34/50 - Loss: 0.4854 - Val F1: 0.3956 - Val ROC-AUC: 0.7819 - Val PR-AUC: 0.3540
[Fine-tune] Epoch 35/50 - Loss: 0.4787 - Val F1: 0.4021 - Val ROC-AUC: 0.7814 - Val PR-AUC: 0.3565
[Fine-tune] Epoch 36/50 - Loss: 0.4825 - Val F1: 0.4000 - Val ROC-AUC: 0.7768 - Val PR-AUC: 0.3470
[Fine-tune] Epoch 37/50 - Loss: 0.4777 - Val F1: 0.4035 - Val ROC-AUC: 0.7812 - Val PR-AUC: 0.3429
[Fine-tune] Epoch 38/50 - Loss: 0.4709 - Val F1: 0.3842 - Val ROC-AUC: 0.7818 - Val PR-AUC: 0.3608
[Fine-tune] Epoch 39/50 - Loss: 0.4743 - Val F1: 0.4043 - Val ROC-AUC: 0.7861 - Val PR-AUC: 0.3624
[Fine-tune] Epoch 40/50 - Loss: 0.4775 - Val F1: 0.3944 - Val ROC-AUC: 0.7849 - Val PR-AUC: 0.3687
[Fine-tune] Epoch 41/50 - Loss: 0.4761 - Val F1: 0.4000 - Val ROC-AUC: 0.7804 - Val PR-AUC: 0.3590
[Fine-tune] Epoch 42/50 - Loss: 0.4760 - Val F1: 0.3967 - Val ROC-AUC: 0.7849 - Val PR-AUC: 0.3578
[Fine-tune] Epoch 43/50 - Loss: 0.4657 - Val F1: 0.4056 - Val ROC-AUC: 0.7846 - Val PR-AUC: 0.3564
[Fine-tune] Epoch 44/50 - Loss: 0.4675 - Val F1: 0.4011 - Val ROC-AUC: 0.7860 - Val PR-AUC: 0.3641
[Fine-tune] Epoch 45/50 - Loss: 0.4684 - Val F1: 0.3789 - Val ROC-AUC: 0.7817 - Val PR-AUC: 0.3472
[Fine-tune] Epoch 46/50 - Loss: 0.4678 - Val F1: 0.3911 - Val ROC-AUC: 0.7888 - Val PR-AUC: 0.3676
[Fine-tune] Epoch 47/50 - Loss: 0.4748 - Val F1: 0.3911 - Val ROC-AUC: 0.7788 - Val PR-AUC: 0.3540
[Fine-tune] Epoch 48/50 - Loss: 0.4767 - Val F1: 0.3883 - Val ROC-AUC: 0.7839 - Val PR-AUC: 0.3685
[Fine-tune] Epoch 49/50 - Loss: 0.4758 - Val F1: 0.4000 - Val ROC-AUC: 0.7804 - Val PR-AUC: 0.3548
[Fine-tune] Epoch 50/50 - Loss: 0.4722 - Val F1: 0.4055 - Val ROC-AUC: 0.7877 - Val PR-AUC: 0.3564
Finetuning completed. Test F1: 0.4557, ROC-AUC: 0.8129, PR-AUC: 0.4172
[3.1/4] Target-only training on TOX21_ERb_BLA_Antagonist_viability using GCN...
=== Target-only training ===
[Target-only] Epoch 1/50 – Loss: 0.6493  Val F1: 0.3799  ROC-AUC: 0.7603  PR-AUC: 0.2759
[Target-only] Epoch 2/50 – Loss: 0.6153  Val F1: 0.3774  ROC-AUC: 0.7441  PR-AUC: 0.2881
[Target-only] Epoch 3/50 – Loss: 0.6013  Val F1: 0.3706  ROC-AUC: 0.7448  PR-AUC: 0.2994
[Target-only] Epoch 4/50 – Loss: 0.5958  Val F1: 0.3650  ROC-AUC: 0.7261  PR-AUC: 0.2442
[Target-only] Epoch 5/50 – Loss: 0.5799  Val F1: 0.3881  ROC-AUC: 0.7769  PR-AUC: 0.3423
[Target-only] Epoch 6/50 – Loss: 0.5808  Val F1: 0.3686  ROC-AUC: 0.7505  PR-AUC: 0.3237
[Target-only] Epoch 7/50 – Loss: 0.5724  Val F1: 0.3862  ROC-AUC: 0.7564  PR-AUC: 0.3302
[Target-only] Epoch 8/50 – Loss: 0.5769  Val F1: 0.3913  ROC-AUC: 0.7629  PR-AUC: 0.3204
[Target-only] Epoch 9/50 – Loss: 0.5793  Val F1: 0.4000  ROC-AUC: 0.7548  PR-AUC: 0.3106
[Target-only] Epoch 10/50 – Loss: 0.5661  Val F1: 0.3858  ROC-AUC: 0.7434  PR-AUC: 0.3287
[Target-only] Epoch 11/50 – Loss: 0.5550  Val F1: 0.3839  ROC-AUC: 0.7567  PR-AUC: 0.3240
[Target-only] Epoch 12/50 – Loss: 0.5440  Val F1: 0.4089  ROC-AUC: 0.7760  PR-AUC: 0.3652
[Target-only] Epoch 13/50 – Loss: 0.5465  Val F1: 0.4198  ROC-AUC: 0.7825  PR-AUC: 0.3459
[Target-only] Epoch 14/50 – Loss: 0.5469  Val F1: 0.4171  ROC-AUC: 0.7781  PR-AUC: 0.3441
[Target-only] Epoch 15/50 – Loss: 0.5396  Val F1: 0.4138  ROC-AUC: 0.7693  PR-AUC: 0.3235
[Target-only] Epoch 16/50 – Loss: 0.5356  Val F1: 0.3625  ROC-AUC: 0.7652  PR-AUC: 0.3424
[Target-only] Epoch 17/50 – Loss: 0.5342  Val F1: 0.4105  ROC-AUC: 0.7821  PR-AUC: 0.3343
[Target-only] Epoch 18/50 – Loss: 0.5225  Val F1: 0.4096  ROC-AUC: 0.7760  PR-AUC: 0.3356
[Target-only] Epoch 19/50 – Loss: 0.5338  Val F1: 0.4121  ROC-AUC: 0.7698  PR-AUC: 0.3130
[Target-only] Epoch 20/50 – Loss: 0.5199  Val F1: 0.4000  ROC-AUC: 0.7721  PR-AUC: 0.3192
[Target-only] Epoch 21/50 – Loss: 0.5319  Val F1: 0.4060  ROC-AUC: 0.7670  PR-AUC: 0.3046
[Target-only] Epoch 22/50 – Loss: 0.5284  Val F1: 0.3949  ROC-AUC: 0.7723  PR-AUC: 0.3424
[Target-only] Epoch 23/50 – Loss: 0.5184  Val F1: 0.4179  ROC-AUC: 0.7762  PR-AUC: 0.3411
[Target-only] Epoch 24/50 – Loss: 0.5256  Val F1: 0.4000  ROC-AUC: 0.7727  PR-AUC: 0.3217
[Target-only] Epoch 25/50 – Loss: 0.5253  Val F1: 0.4202  ROC-AUC: 0.7795  PR-AUC: 0.3660
[Target-only] Epoch 26/50 – Loss: 0.5142  Val F1: 0.4097  ROC-AUC: 0.7727  PR-AUC: 0.3313
[Target-only] Epoch 27/50 – Loss: 0.5134  Val F1: 0.4010  ROC-AUC: 0.7779  PR-AUC: 0.3441
[Target-only] Epoch 28/50 – Loss: 0.5119  Val F1: 0.4188  ROC-AUC: 0.7730  PR-AUC: 0.3418
[Target-only] Epoch 29/50 – Loss: 0.5109  Val F1: 0.4062  ROC-AUC: 0.7711  PR-AUC: 0.3504
[Target-only] Epoch 30/50 – Loss: 0.5153  Val F1: 0.4246  ROC-AUC: 0.7694  PR-AUC: 0.3331
[Target-only] Epoch 31/50 – Loss: 0.5105  Val F1: 0.4033  ROC-AUC: 0.7766  PR-AUC: 0.3457
[Target-only] Epoch 32/50 – Loss: 0.5036  Val F1: 0.4022  ROC-AUC: 0.7683  PR-AUC: 0.3511
[Target-only] Epoch 33/50 – Loss: 0.5037  Val F1: 0.4148  ROC-AUC: 0.7761  PR-AUC: 0.3484
[Target-only] Epoch 34/50 – Loss: 0.4929  Val F1: 0.4065  ROC-AUC: 0.7803  PR-AUC: 0.3501
[Target-only] Epoch 35/50 – Loss: 0.5032  Val F1: 0.4110  ROC-AUC: 0.7797  PR-AUC: 0.3479
[Target-only] Epoch 36/50 – Loss: 0.5023  Val F1: 0.4282  ROC-AUC: 0.7831  PR-AUC: 0.3572
[Target-only] Epoch 37/50 – Loss: 0.4950  Val F1: 0.4263  ROC-AUC: 0.7801  PR-AUC: 0.3484
[Target-only] Epoch 38/50 – Loss: 0.5007  Val F1: 0.4105  ROC-AUC: 0.7735  PR-AUC: 0.3467
[Target-only] Epoch 39/50 – Loss: 0.4940  Val F1: 0.3967  ROC-AUC: 0.7697  PR-AUC: 0.3468
[Target-only] Epoch 40/50 – Loss: 0.5072  Val F1: 0.4083  ROC-AUC: 0.7733  PR-AUC: 0.3443
[Target-only] Epoch 41/50 – Loss: 0.4912  Val F1: 0.4053  ROC-AUC: 0.7726  PR-AUC: 0.3509
[Target-only] Epoch 42/50 – Loss: 0.4982  Val F1: 0.4032  ROC-AUC: 0.7695  PR-AUC: 0.3430
[Target-only] Epoch 43/50 – Loss: 0.4830  Val F1: 0.4066  ROC-AUC: 0.7736  PR-AUC: 0.3458
[Target-only] Epoch 44/50 – Loss: 0.4892  Val F1: 0.4065  ROC-AUC: 0.7736  PR-AUC: 0.3574
[Target-only] Epoch 45/50 – Loss: 0.4854  Val F1: 0.4098  ROC-AUC: 0.7731  PR-AUC: 0.3448
[Target-only] Epoch 46/50 – Loss: 0.4926  Val F1: 0.4053  ROC-AUC: 0.7692  PR-AUC: 0.3473
[Target-only] Epoch 47/50 – Loss: 0.4875  Val F1: 0.4174  ROC-AUC: 0.7741  PR-AUC: 0.3490
[Target-only] Epoch 48/50 – Loss: 0.4897  Val F1: 0.4183  ROC-AUC: 0.7777  PR-AUC: 0.3533
[Target-only] Epoch 49/50 – Loss: 0.4945  Val F1: 0.3919  ROC-AUC: 0.7713  PR-AUC: 0.3458
[Target-only] Epoch 50/50 – Loss: 0.4792  Val F1: 0.4171  ROC-AUC: 0.7808  PR-AUC: 0.3593
=== Target-only TEST performance ===
Test F1: 0.4315, ROC-AUC: 0.8060, PR-AUC: 0.4068
[4/4] Embedding 시각화 중...
✅ Embeddings 저장 완료: embeddings_TOX21_ERa_LUC_VM7_Agonist_TOX21_ERb_BLA_Antagonist_viability_GCN.png
✅ 실험 완료: TOX21_ERa_LUC_VM7_Agonist -> TOX21_ERb_BLA_Antagonist_viability [GCN]
