[1/4] Excel → CSV 변환 중...
[2/4] Pretraining on TOX21_ERa_LUC_VM7_Agonist using GCN...
Epoch 1/50 - Loss: 0.6755 - Val F1: 0.2558 - Val ROC-AUC: 0.6321 - Val PR-AUC: 0.2337
Epoch 2/50 - Loss: 0.6478 - Val F1: 0.2682 - Val ROC-AUC: 0.6676 - Val PR-AUC: 0.2900
Epoch 3/50 - Loss: 0.6466 - Val F1: 0.2657 - Val ROC-AUC: 0.6558 - Val PR-AUC: 0.2409
Epoch 4/50 - Loss: 0.6366 - Val F1: 0.3158 - Val ROC-AUC: 0.6581 - Val PR-AUC: 0.2857
Epoch 5/50 - Loss: 0.6315 - Val F1: 0.2587 - Val ROC-AUC: 0.6515 - Val PR-AUC: 0.2571
Epoch 6/50 - Loss: 0.6250 - Val F1: 0.3032 - Val ROC-AUC: 0.6597 - Val PR-AUC: 0.2816
Epoch 7/50 - Loss: 0.6319 - Val F1: 0.2669 - Val ROC-AUC: 0.6587 - Val PR-AUC: 0.2756
Epoch 8/50 - Loss: 0.6277 - Val F1: 0.3132 - Val ROC-AUC: 0.6747 - Val PR-AUC: 0.2539
Epoch 9/50 - Loss: 0.6229 - Val F1: 0.2649 - Val ROC-AUC: 0.6621 - Val PR-AUC: 0.2517
Epoch 10/50 - Loss: 0.6204 - Val F1: 0.3302 - Val ROC-AUC: 0.6860 - Val PR-AUC: 0.2700
Epoch 11/50 - Loss: 0.6118 - Val F1: 0.3182 - Val ROC-AUC: 0.6964 - Val PR-AUC: 0.3088
Epoch 12/50 - Loss: 0.5978 - Val F1: 0.2642 - Val ROC-AUC: 0.6725 - Val PR-AUC: 0.2767
Epoch 13/50 - Loss: 0.6079 - Val F1: 0.3072 - Val ROC-AUC: 0.6959 - Val PR-AUC: 0.2711
Epoch 14/50 - Loss: 0.5932 - Val F1: 0.3023 - Val ROC-AUC: 0.6901 - Val PR-AUC: 0.2741
Epoch 15/50 - Loss: 0.6009 - Val F1: 0.2953 - Val ROC-AUC: 0.7038 - Val PR-AUC: 0.2991
Epoch 16/50 - Loss: 0.5995 - Val F1: 0.2827 - Val ROC-AUC: 0.6634 - Val PR-AUC: 0.2899
Epoch 17/50 - Loss: 0.5904 - Val F1: 0.2715 - Val ROC-AUC: 0.6787 - Val PR-AUC: 0.2674
Epoch 18/50 - Loss: 0.5957 - Val F1: 0.2969 - Val ROC-AUC: 0.6898 - Val PR-AUC: 0.2899
Epoch 19/50 - Loss: 0.6016 - Val F1: 0.3054 - Val ROC-AUC: 0.6873 - Val PR-AUC: 0.2870
Epoch 20/50 - Loss: 0.5969 - Val F1: 0.3005 - Val ROC-AUC: 0.6986 - Val PR-AUC: 0.3213
Epoch 21/50 - Loss: 0.5823 - Val F1: 0.3287 - Val ROC-AUC: 0.6988 - Val PR-AUC: 0.2984
Epoch 22/50 - Loss: 0.5729 - Val F1: 0.3237 - Val ROC-AUC: 0.6935 - Val PR-AUC: 0.3044
Epoch 23/50 - Loss: 0.5708 - Val F1: 0.3148 - Val ROC-AUC: 0.6930 - Val PR-AUC: 0.3029
Epoch 24/50 - Loss: 0.5679 - Val F1: 0.3118 - Val ROC-AUC: 0.6946 - Val PR-AUC: 0.2967
Epoch 25/50 - Loss: 0.5776 - Val F1: 0.3032 - Val ROC-AUC: 0.6786 - Val PR-AUC: 0.2970
Epoch 26/50 - Loss: 0.5745 - Val F1: 0.3041 - Val ROC-AUC: 0.7006 - Val PR-AUC: 0.3151
Epoch 27/50 - Loss: 0.5652 - Val F1: 0.2818 - Val ROC-AUC: 0.6893 - Val PR-AUC: 0.3028
Epoch 28/50 - Loss: 0.5786 - Val F1: 0.3280 - Val ROC-AUC: 0.7138 - Val PR-AUC: 0.3247
Epoch 29/50 - Loss: 0.5726 - Val F1: 0.2981 - Val ROC-AUC: 0.6965 - Val PR-AUC: 0.2863
Epoch 30/50 - Loss: 0.5679 - Val F1: 0.3397 - Val ROC-AUC: 0.7050 - Val PR-AUC: 0.3341
Epoch 31/50 - Loss: 0.5609 - Val F1: 0.3029 - Val ROC-AUC: 0.6931 - Val PR-AUC: 0.2962
Epoch 32/50 - Loss: 0.5678 - Val F1: 0.3068 - Val ROC-AUC: 0.6959 - Val PR-AUC: 0.3203
Epoch 33/50 - Loss: 0.5706 - Val F1: 0.2990 - Val ROC-AUC: 0.7042 - Val PR-AUC: 0.3130
Epoch 34/50 - Loss: 0.5619 - Val F1: 0.3047 - Val ROC-AUC: 0.6960 - Val PR-AUC: 0.2979
Epoch 35/50 - Loss: 0.5567 - Val F1: 0.2946 - Val ROC-AUC: 0.6926 - Val PR-AUC: 0.2980
Epoch 36/50 - Loss: 0.5652 - Val F1: 0.2980 - Val ROC-AUC: 0.6908 - Val PR-AUC: 0.2995
Epoch 37/50 - Loss: 0.5624 - Val F1: 0.3228 - Val ROC-AUC: 0.7002 - Val PR-AUC: 0.3147
Epoch 38/50 - Loss: 0.5576 - Val F1: 0.3056 - Val ROC-AUC: 0.6838 - Val PR-AUC: 0.2990
Epoch 39/50 - Loss: 0.5630 - Val F1: 0.3019 - Val ROC-AUC: 0.6890 - Val PR-AUC: 0.3148
Epoch 40/50 - Loss: 0.5575 - Val F1: 0.3113 - Val ROC-AUC: 0.7030 - Val PR-AUC: 0.3195
Epoch 41/50 - Loss: 0.5567 - Val F1: 0.3248 - Val ROC-AUC: 0.7003 - Val PR-AUC: 0.3221
Epoch 42/50 - Loss: 0.5555 - Val F1: 0.3210 - Val ROC-AUC: 0.6993 - Val PR-AUC: 0.3186
Epoch 43/50 - Loss: 0.5553 - Val F1: 0.3176 - Val ROC-AUC: 0.6963 - Val PR-AUC: 0.3217
Epoch 44/50 - Loss: 0.5451 - Val F1: 0.3145 - Val ROC-AUC: 0.6960 - Val PR-AUC: 0.3202
Epoch 45/50 - Loss: 0.5538 - Val F1: 0.2881 - Val ROC-AUC: 0.6978 - Val PR-AUC: 0.3130
Epoch 46/50 - Loss: 0.5574 - Val F1: 0.3154 - Val ROC-AUC: 0.6956 - Val PR-AUC: 0.3051
Epoch 47/50 - Loss: 0.5391 - Val F1: 0.3151 - Val ROC-AUC: 0.6975 - Val PR-AUC: 0.3132
Epoch 48/50 - Loss: 0.5459 - Val F1: 0.2994 - Val ROC-AUC: 0.6998 - Val PR-AUC: 0.3091
Epoch 49/50 - Loss: 0.5614 - Val F1: 0.3093 - Val ROC-AUC: 0.6970 - Val PR-AUC: 0.3128
Epoch 50/50 - Loss: 0.5462 - Val F1: 0.3094 - Val ROC-AUC: 0.7054 - Val PR-AUC: 0.3184
Pretraining completed. Test F1: 0.3101, ROC-AUC: 0.6723, PR-AUC: 0.3915
[3/4] Finetuning on TOX21_ERa_BLA_Agonist_ch2 using GCN...
[Fine-tune] Epoch 1/50 - Loss: 0.5572 - Val F1: 0.2814 - Val ROC-AUC: 0.8338 - Val PR-AUC: 0.2737
[Fine-tune] Epoch 2/50 - Loss: 0.4851 - Val F1: 0.2128 - Val ROC-AUC: 0.8501 - Val PR-AUC: 0.2758
[Fine-tune] Epoch 3/50 - Loss: 0.4697 - Val F1: 0.2843 - Val ROC-AUC: 0.8476 - Val PR-AUC: 0.2808
[Fine-tune] Epoch 4/50 - Loss: 0.4566 - Val F1: 0.4103 - Val ROC-AUC: 0.8623 - Val PR-AUC: 0.3410
[Fine-tune] Epoch 5/50 - Loss: 0.4487 - Val F1: 0.2698 - Val ROC-AUC: 0.8673 - Val PR-AUC: 0.3550
[Fine-tune] Epoch 6/50 - Loss: 0.4546 - Val F1: 0.2983 - Val ROC-AUC: 0.8691 - Val PR-AUC: 0.3297
[Fine-tune] Epoch 7/50 - Loss: 0.4421 - Val F1: 0.2769 - Val ROC-AUC: 0.8436 - Val PR-AUC: 0.3781
[Fine-tune] Epoch 8/50 - Loss: 0.4227 - Val F1: 0.2872 - Val ROC-AUC: 0.8620 - Val PR-AUC: 0.3496
[Fine-tune] Epoch 9/50 - Loss: 0.4304 - Val F1: 0.2646 - Val ROC-AUC: 0.8512 - Val PR-AUC: 0.2913
[Fine-tune] Epoch 10/50 - Loss: 0.4113 - Val F1: 0.2897 - Val ROC-AUC: 0.8779 - Val PR-AUC: 0.3407
[Fine-tune] Epoch 11/50 - Loss: 0.3949 - Val F1: 0.3053 - Val ROC-AUC: 0.8725 - Val PR-AUC: 0.3863
[Fine-tune] Epoch 12/50 - Loss: 0.3873 - Val F1: 0.3051 - Val ROC-AUC: 0.8713 - Val PR-AUC: 0.2824
[Fine-tune] Epoch 13/50 - Loss: 0.3848 - Val F1: 0.2872 - Val ROC-AUC: 0.8774 - Val PR-AUC: 0.3680
[Fine-tune] Epoch 14/50 - Loss: 0.3774 - Val F1: 0.2889 - Val ROC-AUC: 0.8709 - Val PR-AUC: 0.3458
[Fine-tune] Epoch 15/50 - Loss: 0.3684 - Val F1: 0.3054 - Val ROC-AUC: 0.8777 - Val PR-AUC: 0.3811
[Fine-tune] Epoch 16/50 - Loss: 0.3794 - Val F1: 0.3015 - Val ROC-AUC: 0.8603 - Val PR-AUC: 0.3154
[Fine-tune] Epoch 17/50 - Loss: 0.3736 - Val F1: 0.2400 - Val ROC-AUC: 0.8738 - Val PR-AUC: 0.3408
[Fine-tune] Epoch 18/50 - Loss: 0.3486 - Val F1: 0.3085 - Val ROC-AUC: 0.8931 - Val PR-AUC: 0.3543
[Fine-tune] Epoch 19/50 - Loss: 0.3576 - Val F1: 0.3333 - Val ROC-AUC: 0.8890 - Val PR-AUC: 0.3831
[Fine-tune] Epoch 20/50 - Loss: 0.3532 - Val F1: 0.3006 - Val ROC-AUC: 0.8684 - Val PR-AUC: 0.3175
[Fine-tune] Epoch 21/50 - Loss: 0.3503 - Val F1: 0.3250 - Val ROC-AUC: 0.8845 - Val PR-AUC: 0.3446
[Fine-tune] Epoch 22/50 - Loss: 0.3362 - Val F1: 0.3030 - Val ROC-AUC: 0.8808 - Val PR-AUC: 0.3581
[Fine-tune] Epoch 23/50 - Loss: 0.3361 - Val F1: 0.3085 - Val ROC-AUC: 0.8834 - Val PR-AUC: 0.3634
[Fine-tune] Epoch 24/50 - Loss: 0.3387 - Val F1: 0.3230 - Val ROC-AUC: 0.8801 - Val PR-AUC: 0.3284
[Fine-tune] Epoch 25/50 - Loss: 0.3314 - Val F1: 0.3544 - Val ROC-AUC: 0.8921 - Val PR-AUC: 0.3558
[Fine-tune] Epoch 26/50 - Loss: 0.3286 - Val F1: 0.3109 - Val ROC-AUC: 0.8784 - Val PR-AUC: 0.3422
[Fine-tune] Epoch 27/50 - Loss: 0.3407 - Val F1: 0.3182 - Val ROC-AUC: 0.8913 - Val PR-AUC: 0.3626
[Fine-tune] Epoch 28/50 - Loss: 0.3371 - Val F1: 0.3488 - Val ROC-AUC: 0.8959 - Val PR-AUC: 0.3284
[Fine-tune] Epoch 29/50 - Loss: 0.3233 - Val F1: 0.3125 - Val ROC-AUC: 0.8839 - Val PR-AUC: 0.3503
[Fine-tune] Epoch 30/50 - Loss: 0.3215 - Val F1: 0.3333 - Val ROC-AUC: 0.8880 - Val PR-AUC: 0.3643
[Fine-tune] Epoch 31/50 - Loss: 0.3279 - Val F1: 0.3293 - Val ROC-AUC: 0.8817 - Val PR-AUC: 0.3592
[Fine-tune] Epoch 32/50 - Loss: 0.3128 - Val F1: 0.3060 - Val ROC-AUC: 0.8863 - Val PR-AUC: 0.3503
[Fine-tune] Epoch 33/50 - Loss: 0.3233 - Val F1: 0.3125 - Val ROC-AUC: 0.8731 - Val PR-AUC: 0.3204
[Fine-tune] Epoch 34/50 - Loss: 0.3057 - Val F1: 0.3659 - Val ROC-AUC: 0.8893 - Val PR-AUC: 0.3735
[Fine-tune] Epoch 35/50 - Loss: 0.3278 - Val F1: 0.3671 - Val ROC-AUC: 0.8866 - Val PR-AUC: 0.3462
[Fine-tune] Epoch 36/50 - Loss: 0.3195 - Val F1: 0.3086 - Val ROC-AUC: 0.8849 - Val PR-AUC: 0.3415
[Fine-tune] Epoch 37/50 - Loss: 0.3138 - Val F1: 0.3118 - Val ROC-AUC: 0.8862 - Val PR-AUC: 0.3478
[Fine-tune] Epoch 38/50 - Loss: 0.3100 - Val F1: 0.3412 - Val ROC-AUC: 0.8825 - Val PR-AUC: 0.3519
[Fine-tune] Epoch 39/50 - Loss: 0.2964 - Val F1: 0.3204 - Val ROC-AUC: 0.8864 - Val PR-AUC: 0.3551
[Fine-tune] Epoch 40/50 - Loss: 0.3110 - Val F1: 0.3313 - Val ROC-AUC: 0.8890 - Val PR-AUC: 0.3598
[Fine-tune] Epoch 41/50 - Loss: 0.3028 - Val F1: 0.3111 - Val ROC-AUC: 0.8888 - Val PR-AUC: 0.3552
[Fine-tune] Epoch 42/50 - Loss: 0.3051 - Val F1: 0.3439 - Val ROC-AUC: 0.8828 - Val PR-AUC: 0.3409
[Fine-tune] Epoch 43/50 - Loss: 0.2816 - Val F1: 0.3333 - Val ROC-AUC: 0.8875 - Val PR-AUC: 0.3562
[Fine-tune] Epoch 44/50 - Loss: 0.3014 - Val F1: 0.3051 - Val ROC-AUC: 0.8846 - Val PR-AUC: 0.3445
[Fine-tune] Epoch 45/50 - Loss: 0.3027 - Val F1: 0.3294 - Val ROC-AUC: 0.8847 - Val PR-AUC: 0.3631
[Fine-tune] Epoch 46/50 - Loss: 0.2982 - Val F1: 0.3462 - Val ROC-AUC: 0.8879 - Val PR-AUC: 0.3586
[Fine-tune] Epoch 47/50 - Loss: 0.3031 - Val F1: 0.3372 - Val ROC-AUC: 0.8832 - Val PR-AUC: 0.3528
[Fine-tune] Epoch 48/50 - Loss: 0.2955 - Val F1: 0.3375 - Val ROC-AUC: 0.8761 - Val PR-AUC: 0.3453
[Fine-tune] Epoch 49/50 - Loss: 0.2974 - Val F1: 0.3394 - Val ROC-AUC: 0.8820 - Val PR-AUC: 0.3293
[Fine-tune] Epoch 50/50 - Loss: 0.3057 - Val F1: 0.3396 - Val ROC-AUC: 0.8829 - Val PR-AUC: 0.3200
Finetuning completed. Test F1: 0.2901, ROC-AUC: 0.8053, PR-AUC: 0.2396
[3.1/4] Target-only training on TOX21_ERa_BLA_Agonist_ch2 using GCN...
=== Target-only training ===
[Target-only] Epoch 1/50 – Loss: 0.5680  Val F1: 0.2699  ROC-AUC: 0.7956  PR-AUC: 0.2783
[Target-only] Epoch 2/50 – Loss: 0.5195  Val F1: 0.2048  ROC-AUC: 0.8237  PR-AUC: 0.2821
[Target-only] Epoch 3/50 – Loss: 0.5108  Val F1: 0.1986  ROC-AUC: 0.8186  PR-AUC: 0.2914
[Target-only] Epoch 4/50 – Loss: 0.4978  Val F1: 0.2637  ROC-AUC: 0.8259  PR-AUC: 0.3117
[Target-only] Epoch 5/50 – Loss: 0.4807  Val F1: 0.2535  ROC-AUC: 0.8345  PR-AUC: 0.3177
[Target-only] Epoch 6/50 – Loss: 0.4900  Val F1: 0.1988  ROC-AUC: 0.8355  PR-AUC: 0.3446
[Target-only] Epoch 7/50 – Loss: 0.4664  Val F1: 0.2254  ROC-AUC: 0.8283  PR-AUC: 0.3309
[Target-only] Epoch 8/50 – Loss: 0.4692  Val F1: 0.3106  ROC-AUC: 0.8221  PR-AUC: 0.2746
[Target-only] Epoch 9/50 – Loss: 0.4482  Val F1: 0.2308  ROC-AUC: 0.8354  PR-AUC: 0.2677
[Target-only] Epoch 10/50 – Loss: 0.4572  Val F1: 0.2189  ROC-AUC: 0.8550  PR-AUC: 0.2903
[Target-only] Epoch 11/50 – Loss: 0.4273  Val F1: 0.2826  ROC-AUC: 0.8485  PR-AUC: 0.3225
[Target-only] Epoch 12/50 – Loss: 0.4328  Val F1: 0.2751  ROC-AUC: 0.8495  PR-AUC: 0.2865
[Target-only] Epoch 13/50 – Loss: 0.4194  Val F1: 0.3506  ROC-AUC: 0.8456  PR-AUC: 0.2857
[Target-only] Epoch 14/50 – Loss: 0.4220  Val F1: 0.2270  ROC-AUC: 0.8630  PR-AUC: 0.2858
[Target-only] Epoch 15/50 – Loss: 0.4101  Val F1: 0.3030  ROC-AUC: 0.8440  PR-AUC: 0.2676
[Target-only] Epoch 16/50 – Loss: 0.4116  Val F1: 0.2460  ROC-AUC: 0.8475  PR-AUC: 0.2643
[Target-only] Epoch 17/50 – Loss: 0.4158  Val F1: 0.2621  ROC-AUC: 0.8655  PR-AUC: 0.2697
[Target-only] Epoch 18/50 – Loss: 0.3957  Val F1: 0.2857  ROC-AUC: 0.8532  PR-AUC: 0.2948
[Target-only] Epoch 19/50 – Loss: 0.3945  Val F1: 0.2377  ROC-AUC: 0.8553  PR-AUC: 0.3268
[Target-only] Epoch 20/50 – Loss: 0.3966  Val F1: 0.3102  ROC-AUC: 0.8594  PR-AUC: 0.2941
[Target-only] Epoch 21/50 – Loss: 0.3707  Val F1: 0.3514  ROC-AUC: 0.8595  PR-AUC: 0.3437
[Target-only] Epoch 22/50 – Loss: 0.3792  Val F1: 0.2890  ROC-AUC: 0.8525  PR-AUC: 0.2790
[Target-only] Epoch 23/50 – Loss: 0.3682  Val F1: 0.2617  ROC-AUC: 0.8587  PR-AUC: 0.3107
[Target-only] Epoch 24/50 – Loss: 0.3659  Val F1: 0.2951  ROC-AUC: 0.8622  PR-AUC: 0.3246
[Target-only] Epoch 25/50 – Loss: 0.3664  Val F1: 0.2857  ROC-AUC: 0.8609  PR-AUC: 0.2830
[Target-only] Epoch 26/50 – Loss: 0.3600  Val F1: 0.2814  ROC-AUC: 0.8704  PR-AUC: 0.2862
[Target-only] Epoch 27/50 – Loss: 0.3698  Val F1: 0.2872  ROC-AUC: 0.8607  PR-AUC: 0.2854
[Target-only] Epoch 28/50 – Loss: 0.3704  Val F1: 0.2710  ROC-AUC: 0.8668  PR-AUC: 0.3017
[Target-only] Epoch 29/50 – Loss: 0.3603  Val F1: 0.3086  ROC-AUC: 0.8600  PR-AUC: 0.3157
[Target-only] Epoch 30/50 – Loss: 0.3558  Val F1: 0.3021  ROC-AUC: 0.8703  PR-AUC: 0.3262
[Target-only] Epoch 31/50 – Loss: 0.3645  Val F1: 0.2786  ROC-AUC: 0.8576  PR-AUC: 0.3004
[Target-only] Epoch 32/50 – Loss: 0.3379  Val F1: 0.3077  ROC-AUC: 0.8655  PR-AUC: 0.3050
[Target-only] Epoch 33/50 – Loss: 0.3504  Val F1: 0.3164  ROC-AUC: 0.8698  PR-AUC: 0.3153
[Target-only] Epoch 34/50 – Loss: 0.3430  Val F1: 0.3103  ROC-AUC: 0.8706  PR-AUC: 0.2877
[Target-only] Epoch 35/50 – Loss: 0.3411  Val F1: 0.3291  ROC-AUC: 0.8730  PR-AUC: 0.3280
[Target-only] Epoch 36/50 – Loss: 0.3401  Val F1: 0.3034  ROC-AUC: 0.8694  PR-AUC: 0.3279
[Target-only] Epoch 37/50 – Loss: 0.3417  Val F1: 0.2749  ROC-AUC: 0.8749  PR-AUC: 0.3373
[Target-only] Epoch 38/50 – Loss: 0.3324  Val F1: 0.2872  ROC-AUC: 0.8604  PR-AUC: 0.3283
[Target-only] Epoch 39/50 – Loss: 0.3365  Val F1: 0.3226  ROC-AUC: 0.8672  PR-AUC: 0.3044
[Target-only] Epoch 40/50 – Loss: 0.3404  Val F1: 0.2807  ROC-AUC: 0.8595  PR-AUC: 0.2925
[Target-only] Epoch 41/50 – Loss: 0.3353  Val F1: 0.3250  ROC-AUC: 0.8627  PR-AUC: 0.3265
[Target-only] Epoch 42/50 – Loss: 0.3333  Val F1: 0.3077  ROC-AUC: 0.8686  PR-AUC: 0.3177
[Target-only] Epoch 43/50 – Loss: 0.3417  Val F1: 0.3152  ROC-AUC: 0.8720  PR-AUC: 0.3292
[Target-only] Epoch 44/50 – Loss: 0.3322  Val F1: 0.3068  ROC-AUC: 0.8712  PR-AUC: 0.3352
[Target-only] Epoch 45/50 – Loss: 0.3355  Val F1: 0.3237  ROC-AUC: 0.8673  PR-AUC: 0.3196
[Target-only] Epoch 46/50 – Loss: 0.3412  Val F1: 0.3152  ROC-AUC: 0.8742  PR-AUC: 0.3269
[Target-only] Epoch 47/50 – Loss: 0.3363  Val F1: 0.3135  ROC-AUC: 0.8724  PR-AUC: 0.3033
[Target-only] Epoch 48/50 – Loss: 0.3330  Val F1: 0.2983  ROC-AUC: 0.8702  PR-AUC: 0.3220
[Target-only] Epoch 49/50 – Loss: 0.3419  Val F1: 0.2917  ROC-AUC: 0.8694  PR-AUC: 0.3351
[Target-only] Epoch 50/50 – Loss: 0.3317  Val F1: 0.3375  ROC-AUC: 0.8702  PR-AUC: 0.3086
=== Target-only TEST performance ===
Test F1: 0.2548, ROC-AUC: 0.7719, PR-AUC: 0.2865
[4/4] Embedding 시각화 중...
✅ Embeddings 저장 완료: embeddings_TOX21_ERa_LUC_VM7_Agonist_TOX21_ERa_BLA_Agonist_ch2_GCN.png
✅ 실험 완료: TOX21_ERa_LUC_VM7_Agonist -> TOX21_ERa_BLA_Agonist_ch2 [GCN]
