[1/4] Excel → CSV 변환 중...
[2/4] Pretraining on TOX21_ERb_BLA_Antagonist_ch1 using GCN...
Epoch 1/50 - Loss: 0.5753 - Val F1: 0.1030 - Val ROC-AUC: 0.7510 - Val PR-AUC: 0.1030
Epoch 2/50 - Loss: 0.4970 - Val F1: 0.0958 - Val ROC-AUC: 0.6860 - Val PR-AUC: 0.1036
Epoch 3/50 - Loss: 0.4820 - Val F1: 0.1198 - Val ROC-AUC: 0.6872 - Val PR-AUC: 0.0820
Epoch 4/50 - Loss: 0.4649 - Val F1: 0.1382 - Val ROC-AUC: 0.7323 - Val PR-AUC: 0.1038
Epoch 5/50 - Loss: 0.4509 - Val F1: 0.1613 - Val ROC-AUC: 0.7443 - Val PR-AUC: 0.0956
Epoch 6/50 - Loss: 0.4361 - Val F1: 0.1125 - Val ROC-AUC: 0.7016 - Val PR-AUC: 0.0833
Epoch 7/50 - Loss: 0.4518 - Val F1: 0.1280 - Val ROC-AUC: 0.6892 - Val PR-AUC: 0.0906
Epoch 8/50 - Loss: 0.4317 - Val F1: 0.1273 - Val ROC-AUC: 0.7383 - Val PR-AUC: 0.0994
Epoch 9/50 - Loss: 0.4162 - Val F1: 0.1242 - Val ROC-AUC: 0.6890 - Val PR-AUC: 0.0818
Epoch 10/50 - Loss: 0.4234 - Val F1: 0.1768 - Val ROC-AUC: 0.7427 - Val PR-AUC: 0.0814
Epoch 11/50 - Loss: 0.3875 - Val F1: 0.1722 - Val ROC-AUC: 0.7426 - Val PR-AUC: 0.1015
Epoch 12/50 - Loss: 0.3706 - Val F1: 0.1471 - Val ROC-AUC: 0.7317 - Val PR-AUC: 0.0790
Epoch 13/50 - Loss: 0.3666 - Val F1: 0.1400 - Val ROC-AUC: 0.7005 - Val PR-AUC: 0.0848
Epoch 14/50 - Loss: 0.3624 - Val F1: 0.1261 - Val ROC-AUC: 0.6940 - Val PR-AUC: 0.0824
Epoch 15/50 - Loss: 0.3736 - Val F1: 0.1472 - Val ROC-AUC: 0.6980 - Val PR-AUC: 0.0749
Epoch 16/50 - Loss: 0.3690 - Val F1: 0.1529 - Val ROC-AUC: 0.7154 - Val PR-AUC: 0.0871
Epoch 17/50 - Loss: 0.3645 - Val F1: 0.1387 - Val ROC-AUC: 0.7295 - Val PR-AUC: 0.0882
Epoch 18/50 - Loss: 0.3526 - Val F1: 0.1453 - Val ROC-AUC: 0.7122 - Val PR-AUC: 0.1046
Epoch 19/50 - Loss: 0.3395 - Val F1: 0.1600 - Val ROC-AUC: 0.7401 - Val PR-AUC: 0.0899
Epoch 20/50 - Loss: 0.3374 - Val F1: 0.1560 - Val ROC-AUC: 0.7099 - Val PR-AUC: 0.0784
Epoch 21/50 - Loss: 0.3457 - Val F1: 0.1615 - Val ROC-AUC: 0.7237 - Val PR-AUC: 0.1197
Epoch 22/50 - Loss: 0.3263 - Val F1: 0.1842 - Val ROC-AUC: 0.7335 - Val PR-AUC: 0.1068
Epoch 23/50 - Loss: 0.3293 - Val F1: 0.1818 - Val ROC-AUC: 0.7225 - Val PR-AUC: 0.0895
Epoch 24/50 - Loss: 0.3287 - Val F1: 0.1879 - Val ROC-AUC: 0.7242 - Val PR-AUC: 0.0918
Epoch 25/50 - Loss: 0.3161 - Val F1: 0.1529 - Val ROC-AUC: 0.7059 - Val PR-AUC: 0.0889
Epoch 26/50 - Loss: 0.3278 - Val F1: 0.1879 - Val ROC-AUC: 0.7377 - Val PR-AUC: 0.0962
Epoch 27/50 - Loss: 0.3252 - Val F1: 0.1714 - Val ROC-AUC: 0.7355 - Val PR-AUC: 0.0907
Epoch 28/50 - Loss: 0.3137 - Val F1: 0.1750 - Val ROC-AUC: 0.7268 - Val PR-AUC: 0.0815
Epoch 29/50 - Loss: 0.3112 - Val F1: 0.1611 - Val ROC-AUC: 0.7295 - Val PR-AUC: 0.0835
Epoch 30/50 - Loss: 0.3197 - Val F1: 0.1635 - Val ROC-AUC: 0.7373 - Val PR-AUC: 0.0955
Epoch 31/50 - Loss: 0.3068 - Val F1: 0.1781 - Val ROC-AUC: 0.7313 - Val PR-AUC: 0.0895
Epoch 32/50 - Loss: 0.3017 - Val F1: 0.1842 - Val ROC-AUC: 0.7358 - Val PR-AUC: 0.0964
Epoch 33/50 - Loss: 0.2997 - Val F1: 0.1739 - Val ROC-AUC: 0.7280 - Val PR-AUC: 0.0994
Epoch 34/50 - Loss: 0.2858 - Val F1: 0.1633 - Val ROC-AUC: 0.7186 - Val PR-AUC: 0.0823
Epoch 35/50 - Loss: 0.3007 - Val F1: 0.1974 - Val ROC-AUC: 0.7296 - Val PR-AUC: 0.0872
Epoch 36/50 - Loss: 0.2992 - Val F1: 0.1461 - Val ROC-AUC: 0.7220 - Val PR-AUC: 0.0876
Epoch 37/50 - Loss: 0.2888 - Val F1: 0.1795 - Val ROC-AUC: 0.7303 - Val PR-AUC: 0.0908
Epoch 38/50 - Loss: 0.2950 - Val F1: 0.1830 - Val ROC-AUC: 0.7371 - Val PR-AUC: 0.0969
Epoch 39/50 - Loss: 0.2994 - Val F1: 0.1678 - Val ROC-AUC: 0.7233 - Val PR-AUC: 0.0901
Epoch 40/50 - Loss: 0.2829 - Val F1: 0.1600 - Val ROC-AUC: 0.7310 - Val PR-AUC: 0.0863
Epoch 41/50 - Loss: 0.2772 - Val F1: 0.1722 - Val ROC-AUC: 0.7326 - Val PR-AUC: 0.0965
Epoch 42/50 - Loss: 0.2733 - Val F1: 0.1702 - Val ROC-AUC: 0.7308 - Val PR-AUC: 0.0943
Epoch 43/50 - Loss: 0.2862 - Val F1: 0.1690 - Val ROC-AUC: 0.7294 - Val PR-AUC: 0.0879
Epoch 44/50 - Loss: 0.2760 - Val F1: 0.1818 - Val ROC-AUC: 0.7335 - Val PR-AUC: 0.0882
Epoch 45/50 - Loss: 0.2759 - Val F1: 0.1707 - Val ROC-AUC: 0.7337 - Val PR-AUC: 0.0951
Epoch 46/50 - Loss: 0.2784 - Val F1: 0.1765 - Val ROC-AUC: 0.7295 - Val PR-AUC: 0.0956
Epoch 47/50 - Loss: 0.2702 - Val F1: 0.1615 - Val ROC-AUC: 0.7326 - Val PR-AUC: 0.0928
Epoch 48/50 - Loss: 0.2790 - Val F1: 0.1752 - Val ROC-AUC: 0.7224 - Val PR-AUC: 0.0932
Epoch 49/50 - Loss: 0.2756 - Val F1: 0.1728 - Val ROC-AUC: 0.7397 - Val PR-AUC: 0.0992
Epoch 50/50 - Loss: 0.2816 - Val F1: 0.1795 - Val ROC-AUC: 0.7402 - Val PR-AUC: 0.0994
Pretraining completed. Test F1: 0.1085, ROC-AUC: 0.6984, PR-AUC: 0.1251
[3/4] Finetuning on TOX21_ERa_BLA_Agonist_ch2 using GCN...
[Fine-tune] Epoch 1/50 - Loss: 0.5326 - Val F1: 0.1867 - Val ROC-AUC: 0.7929 - Val PR-AUC: 0.2543
[Fine-tune] Epoch 2/50 - Loss: 0.5111 - Val F1: 0.2311 - Val ROC-AUC: 0.8225 - Val PR-AUC: 0.3378
[Fine-tune] Epoch 3/50 - Loss: 0.4802 - Val F1: 0.2462 - Val ROC-AUC: 0.8152 - Val PR-AUC: 0.2694
[Fine-tune] Epoch 4/50 - Loss: 0.4773 - Val F1: 0.2366 - Val ROC-AUC: 0.8453 - Val PR-AUC: 0.2759
[Fine-tune] Epoch 5/50 - Loss: 0.4777 - Val F1: 0.2901 - Val ROC-AUC: 0.8099 - Val PR-AUC: 0.2844
[Fine-tune] Epoch 6/50 - Loss: 0.4578 - Val F1: 0.2348 - Val ROC-AUC: 0.8286 - Val PR-AUC: 0.2715
[Fine-tune] Epoch 7/50 - Loss: 0.4424 - Val F1: 0.2963 - Val ROC-AUC: 0.8373 - Val PR-AUC: 0.2789
[Fine-tune] Epoch 8/50 - Loss: 0.4434 - Val F1: 0.2564 - Val ROC-AUC: 0.8416 - Val PR-AUC: 0.2696
[Fine-tune] Epoch 9/50 - Loss: 0.4410 - Val F1: 0.2419 - Val ROC-AUC: 0.8317 - Val PR-AUC: 0.2726
[Fine-tune] Epoch 10/50 - Loss: 0.4390 - Val F1: 0.3051 - Val ROC-AUC: 0.8594 - Val PR-AUC: 0.3145
[Fine-tune] Epoch 11/50 - Loss: 0.4113 - Val F1: 0.2976 - Val ROC-AUC: 0.8534 - Val PR-AUC: 0.3092
[Fine-tune] Epoch 12/50 - Loss: 0.4008 - Val F1: 0.2874 - Val ROC-AUC: 0.8438 - Val PR-AUC: 0.3370
[Fine-tune] Epoch 13/50 - Loss: 0.3968 - Val F1: 0.2667 - Val ROC-AUC: 0.8625 - Val PR-AUC: 0.3033
[Fine-tune] Epoch 14/50 - Loss: 0.3890 - Val F1: 0.2411 - Val ROC-AUC: 0.8654 - Val PR-AUC: 0.2939
[Fine-tune] Epoch 15/50 - Loss: 0.3898 - Val F1: 0.2822 - Val ROC-AUC: 0.8510 - Val PR-AUC: 0.3084
[Fine-tune] Epoch 16/50 - Loss: 0.3803 - Val F1: 0.3256 - Val ROC-AUC: 0.8545 - Val PR-AUC: 0.3341
[Fine-tune] Epoch 17/50 - Loss: 0.3777 - Val F1: 0.2600 - Val ROC-AUC: 0.8507 - Val PR-AUC: 0.3250
[Fine-tune] Epoch 18/50 - Loss: 0.3677 - Val F1: 0.2749 - Val ROC-AUC: 0.8580 - Val PR-AUC: 0.3011
[Fine-tune] Epoch 19/50 - Loss: 0.3786 - Val F1: 0.2903 - Val ROC-AUC: 0.8574 - Val PR-AUC: 0.2935
[Fine-tune] Epoch 20/50 - Loss: 0.3786 - Val F1: 0.3037 - Val ROC-AUC: 0.8618 - Val PR-AUC: 0.3300
[Fine-tune] Epoch 21/50 - Loss: 0.3631 - Val F1: 0.3600 - Val ROC-AUC: 0.8672 - Val PR-AUC: 0.3178
[Fine-tune] Epoch 22/50 - Loss: 0.3505 - Val F1: 0.3067 - Val ROC-AUC: 0.8631 - Val PR-AUC: 0.3503
[Fine-tune] Epoch 23/50 - Loss: 0.3502 - Val F1: 0.3293 - Val ROC-AUC: 0.8726 - Val PR-AUC: 0.3294
[Fine-tune] Epoch 24/50 - Loss: 0.3497 - Val F1: 0.2899 - Val ROC-AUC: 0.8718 - Val PR-AUC: 0.2692
[Fine-tune] Epoch 25/50 - Loss: 0.3479 - Val F1: 0.3314 - Val ROC-AUC: 0.8738 - Val PR-AUC: 0.3422
[Fine-tune] Epoch 26/50 - Loss: 0.3583 - Val F1: 0.2909 - Val ROC-AUC: 0.8649 - Val PR-AUC: 0.3377
[Fine-tune] Epoch 27/50 - Loss: 0.3457 - Val F1: 0.3164 - Val ROC-AUC: 0.8646 - Val PR-AUC: 0.3401
[Fine-tune] Epoch 28/50 - Loss: 0.3303 - Val F1: 0.3006 - Val ROC-AUC: 0.8697 - Val PR-AUC: 0.3179
[Fine-tune] Epoch 29/50 - Loss: 0.3411 - Val F1: 0.2951 - Val ROC-AUC: 0.8696 - Val PR-AUC: 0.3300
[Fine-tune] Epoch 30/50 - Loss: 0.3360 - Val F1: 0.3069 - Val ROC-AUC: 0.8715 - Val PR-AUC: 0.2960
[Fine-tune] Epoch 31/50 - Loss: 0.3241 - Val F1: 0.3182 - Val ROC-AUC: 0.8672 - Val PR-AUC: 0.3398
[Fine-tune] Epoch 32/50 - Loss: 0.3432 - Val F1: 0.3567 - Val ROC-AUC: 0.8665 - Val PR-AUC: 0.3419
[Fine-tune] Epoch 33/50 - Loss: 0.3301 - Val F1: 0.3373 - Val ROC-AUC: 0.8696 - Val PR-AUC: 0.3233
[Fine-tune] Epoch 34/50 - Loss: 0.3255 - Val F1: 0.3415 - Val ROC-AUC: 0.8715 - Val PR-AUC: 0.3346
[Fine-tune] Epoch 35/50 - Loss: 0.3220 - Val F1: 0.3373 - Val ROC-AUC: 0.8672 - Val PR-AUC: 0.3359
[Fine-tune] Epoch 36/50 - Loss: 0.3210 - Val F1: 0.3355 - Val ROC-AUC: 0.8711 - Val PR-AUC: 0.3289
[Fine-tune] Epoch 37/50 - Loss: 0.3349 - Val F1: 0.3333 - Val ROC-AUC: 0.8646 - Val PR-AUC: 0.3296
[Fine-tune] Epoch 38/50 - Loss: 0.3242 - Val F1: 0.3354 - Val ROC-AUC: 0.8660 - Val PR-AUC: 0.3174
[Fine-tune] Epoch 39/50 - Loss: 0.3264 - Val F1: 0.3094 - Val ROC-AUC: 0.8671 - Val PR-AUC: 0.2966
[Fine-tune] Epoch 40/50 - Loss: 0.3138 - Val F1: 0.3373 - Val ROC-AUC: 0.8714 - Val PR-AUC: 0.3194
[Fine-tune] Epoch 41/50 - Loss: 0.3216 - Val F1: 0.3396 - Val ROC-AUC: 0.8710 - Val PR-AUC: 0.3138
[Fine-tune] Epoch 42/50 - Loss: 0.3118 - Val F1: 0.3011 - Val ROC-AUC: 0.8722 - Val PR-AUC: 0.3279
[Fine-tune] Epoch 43/50 - Loss: 0.3140 - Val F1: 0.3373 - Val ROC-AUC: 0.8704 - Val PR-AUC: 0.3338
[Fine-tune] Epoch 44/50 - Loss: 0.3074 - Val F1: 0.3313 - Val ROC-AUC: 0.8707 - Val PR-AUC: 0.3295
[Fine-tune] Epoch 45/50 - Loss: 0.3043 - Val F1: 0.3275 - Val ROC-AUC: 0.8689 - Val PR-AUC: 0.3222
[Fine-tune] Epoch 46/50 - Loss: 0.3035 - Val F1: 0.3394 - Val ROC-AUC: 0.8678 - Val PR-AUC: 0.3312
[Fine-tune] Epoch 47/50 - Loss: 0.3167 - Val F1: 0.3373 - Val ROC-AUC: 0.8715 - Val PR-AUC: 0.3297
[Fine-tune] Epoch 48/50 - Loss: 0.3212 - Val F1: 0.3373 - Val ROC-AUC: 0.8750 - Val PR-AUC: 0.3247
[Fine-tune] Epoch 49/50 - Loss: 0.3171 - Val F1: 0.3613 - Val ROC-AUC: 0.8779 - Val PR-AUC: 0.3399
[Fine-tune] Epoch 50/50 - Loss: 0.3156 - Val F1: 0.3567 - Val ROC-AUC: 0.8758 - Val PR-AUC: 0.3199
Finetuning completed. Test F1: 0.2527, ROC-AUC: 0.7918, PR-AUC: 0.2978
[3.1/4] Target-only training on TOX21_ERa_BLA_Agonist_ch2 using GCN...
=== Target-only training ===
[Target-only] Epoch 1/50 – Loss: 0.5679  Val F1: 0.1485  ROC-AUC: 0.7777  PR-AUC: 0.2177
[Target-only] Epoch 2/50 – Loss: 0.5242  Val F1: 0.2249  ROC-AUC: 0.8125  PR-AUC: 0.2920
[Target-only] Epoch 3/50 – Loss: 0.5058  Val F1: 0.1834  ROC-AUC: 0.8335  PR-AUC: 0.2987
[Target-only] Epoch 4/50 – Loss: 0.4940  Val F1: 0.2914  ROC-AUC: 0.8273  PR-AUC: 0.2963
[Target-only] Epoch 5/50 – Loss: 0.4883  Val F1: 0.1881  ROC-AUC: 0.8288  PR-AUC: 0.2553
[Target-only] Epoch 6/50 – Loss: 0.4833  Val F1: 0.2294  ROC-AUC: 0.8369  PR-AUC: 0.3591
[Target-only] Epoch 7/50 – Loss: 0.4594  Val F1: 0.2578  ROC-AUC: 0.8447  PR-AUC: 0.3101
[Target-only] Epoch 8/50 – Loss: 0.4694  Val F1: 0.2710  ROC-AUC: 0.8365  PR-AUC: 0.2532
[Target-only] Epoch 9/50 – Loss: 0.4628  Val F1: 0.2614  ROC-AUC: 0.8216  PR-AUC: 0.2803
[Target-only] Epoch 10/50 – Loss: 0.4508  Val F1: 0.3041  ROC-AUC: 0.8487  PR-AUC: 0.3185
[Target-only] Epoch 11/50 – Loss: 0.4379  Val F1: 0.2754  ROC-AUC: 0.8462  PR-AUC: 0.3448
[Target-only] Epoch 12/50 – Loss: 0.4314  Val F1: 0.2781  ROC-AUC: 0.8490  PR-AUC: 0.2842
[Target-only] Epoch 13/50 – Loss: 0.4153  Val F1: 0.2919  ROC-AUC: 0.8478  PR-AUC: 0.3044
[Target-only] Epoch 14/50 – Loss: 0.4223  Val F1: 0.3188  ROC-AUC: 0.8379  PR-AUC: 0.2941
[Target-only] Epoch 15/50 – Loss: 0.4064  Val F1: 0.2951  ROC-AUC: 0.8592  PR-AUC: 0.3128
[Target-only] Epoch 16/50 – Loss: 0.4147  Val F1: 0.2487  ROC-AUC: 0.8322  PR-AUC: 0.2502
[Target-only] Epoch 17/50 – Loss: 0.4041  Val F1: 0.3023  ROC-AUC: 0.8412  PR-AUC: 0.3136
[Target-only] Epoch 18/50 – Loss: 0.4094  Val F1: 0.3571  ROC-AUC: 0.8539  PR-AUC: 0.3381
[Target-only] Epoch 19/50 – Loss: 0.3924  Val F1: 0.2584  ROC-AUC: 0.8456  PR-AUC: 0.2889
[Target-only] Epoch 20/50 – Loss: 0.4041  Val F1: 0.2990  ROC-AUC: 0.8598  PR-AUC: 0.3652
[Target-only] Epoch 21/50 – Loss: 0.3891  Val F1: 0.3275  ROC-AUC: 0.8637  PR-AUC: 0.3224
[Target-only] Epoch 22/50 – Loss: 0.3752  Val F1: 0.2654  ROC-AUC: 0.8668  PR-AUC: 0.3184
[Target-only] Epoch 23/50 – Loss: 0.3775  Val F1: 0.3171  ROC-AUC: 0.8558  PR-AUC: 0.3129
[Target-only] Epoch 24/50 – Loss: 0.3791  Val F1: 0.2917  ROC-AUC: 0.8626  PR-AUC: 0.2827
[Target-only] Epoch 25/50 – Loss: 0.3858  Val F1: 0.2784  ROC-AUC: 0.8507  PR-AUC: 0.3128
[Target-only] Epoch 26/50 – Loss: 0.3565  Val F1: 0.2944  ROC-AUC: 0.8570  PR-AUC: 0.2998
[Target-only] Epoch 27/50 – Loss: 0.3775  Val F1: 0.2749  ROC-AUC: 0.8522  PR-AUC: 0.2883
[Target-only] Epoch 28/50 – Loss: 0.3619  Val F1: 0.3017  ROC-AUC: 0.8593  PR-AUC: 0.2759
[Target-only] Epoch 29/50 – Loss: 0.3797  Val F1: 0.2919  ROC-AUC: 0.8655  PR-AUC: 0.3158
[Target-only] Epoch 30/50 – Loss: 0.3584  Val F1: 0.2945  ROC-AUC: 0.8556  PR-AUC: 0.2861
[Target-only] Epoch 31/50 – Loss: 0.3679  Val F1: 0.3057  ROC-AUC: 0.8611  PR-AUC: 0.3264
[Target-only] Epoch 32/50 – Loss: 0.3494  Val F1: 0.3415  ROC-AUC: 0.8658  PR-AUC: 0.3137
[Target-only] Epoch 33/50 – Loss: 0.3414  Val F1: 0.2967  ROC-AUC: 0.8674  PR-AUC: 0.2997
[Target-only] Epoch 34/50 – Loss: 0.3530  Val F1: 0.3043  ROC-AUC: 0.8748  PR-AUC: 0.3216
[Target-only] Epoch 35/50 – Loss: 0.3518  Val F1: 0.3270  ROC-AUC: 0.8663  PR-AUC: 0.3341
[Target-only] Epoch 36/50 – Loss: 0.3406  Val F1: 0.3218  ROC-AUC: 0.8639  PR-AUC: 0.3348
[Target-only] Epoch 37/50 – Loss: 0.3449  Val F1: 0.3128  ROC-AUC: 0.8660  PR-AUC: 0.3251
[Target-only] Epoch 38/50 – Loss: 0.3376  Val F1: 0.3086  ROC-AUC: 0.8667  PR-AUC: 0.3212
[Target-only] Epoch 39/50 – Loss: 0.3549  Val F1: 0.3086  ROC-AUC: 0.8707  PR-AUC: 0.3008
[Target-only] Epoch 40/50 – Loss: 0.3482  Val F1: 0.3314  ROC-AUC: 0.8674  PR-AUC: 0.3160
[Target-only] Epoch 41/50 – Loss: 0.3421  Val F1: 0.3158  ROC-AUC: 0.8654  PR-AUC: 0.3028
[Target-only] Epoch 42/50 – Loss: 0.3441  Val F1: 0.2995  ROC-AUC: 0.8699  PR-AUC: 0.3236
[Target-only] Epoch 43/50 – Loss: 0.3286  Val F1: 0.3158  ROC-AUC: 0.8665  PR-AUC: 0.3303
[Target-only] Epoch 44/50 – Loss: 0.3350  Val F1: 0.3006  ROC-AUC: 0.8706  PR-AUC: 0.3242
[Target-only] Epoch 45/50 – Loss: 0.3222  Val F1: 0.3190  ROC-AUC: 0.8730  PR-AUC: 0.3184
[Target-only] Epoch 46/50 – Loss: 0.3494  Val F1: 0.3086  ROC-AUC: 0.8686  PR-AUC: 0.3202
[Target-only] Epoch 47/50 – Loss: 0.3270  Val F1: 0.3176  ROC-AUC: 0.8594  PR-AUC: 0.3300
[Target-only] Epoch 48/50 – Loss: 0.3378  Val F1: 0.3011  ROC-AUC: 0.8637  PR-AUC: 0.3108
[Target-only] Epoch 49/50 – Loss: 0.3264  Val F1: 0.2905  ROC-AUC: 0.8661  PR-AUC: 0.3025
[Target-only] Epoch 50/50 – Loss: 0.3320  Val F1: 0.3038  ROC-AUC: 0.8636  PR-AUC: 0.3004
=== Target-only TEST performance ===
Test F1: 0.2625, ROC-AUC: 0.7722, PR-AUC: 0.2686
[4/4] Embedding 시각화 중...
✅ Embeddings 저장 완료: embeddings_TOX21_ERb_BLA_Antagonist_ch1_TOX21_ERa_BLA_Agonist_ch2_GCN.png
✅ 실험 완료: TOX21_ERb_BLA_Antagonist_ch1 -> TOX21_ERa_BLA_Agonist_ch2 [GCN]
