[1/4] Excel → CSV 변환 중...
[2/4] Pretraining on TOX21_ERb_BLA_Antagonist_ch1 using GIN...
Epoch 1/50 - Loss: 0.5634 - Val F1: 0.1078 - Val ROC-AUC: 0.6912 - Val PR-AUC: 0.0947
Epoch 2/50 - Loss: 0.4902 - Val F1: 0.0923 - Val ROC-AUC: 0.7146 - Val PR-AUC: 0.0752
Epoch 3/50 - Loss: 0.4409 - Val F1: 0.1163 - Val ROC-AUC: 0.6616 - Val PR-AUC: 0.0683
Epoch 4/50 - Loss: 0.4120 - Val F1: 0.1513 - Val ROC-AUC: 0.7027 - Val PR-AUC: 0.0752
Epoch 5/50 - Loss: 0.3804 - Val F1: 0.1343 - Val ROC-AUC: 0.7319 - Val PR-AUC: 0.0936
Epoch 6/50 - Loss: 0.3616 - Val F1: 0.1500 - Val ROC-AUC: 0.7022 - Val PR-AUC: 0.0913
Epoch 7/50 - Loss: 0.3632 - Val F1: 0.1622 - Val ROC-AUC: 0.7088 - Val PR-AUC: 0.0880
Epoch 8/50 - Loss: 0.3236 - Val F1: 0.1262 - Val ROC-AUC: 0.7124 - Val PR-AUC: 0.0907
Epoch 9/50 - Loss: 0.3063 - Val F1: 0.1594 - Val ROC-AUC: 0.7301 - Val PR-AUC: 0.0983
Epoch 10/50 - Loss: 0.2915 - Val F1: 0.1688 - Val ROC-AUC: 0.7309 - Val PR-AUC: 0.1019
Epoch 11/50 - Loss: 0.2567 - Val F1: 0.1905 - Val ROC-AUC: 0.7068 - Val PR-AUC: 0.0810
Epoch 12/50 - Loss: 0.2331 - Val F1: 0.1613 - Val ROC-AUC: 0.7413 - Val PR-AUC: 0.1025
Epoch 13/50 - Loss: 0.2285 - Val F1: 0.1739 - Val ROC-AUC: 0.7238 - Val PR-AUC: 0.0914
Epoch 14/50 - Loss: 0.2206 - Val F1: 0.1404 - Val ROC-AUC: 0.7100 - Val PR-AUC: 0.0904
Epoch 15/50 - Loss: 0.2181 - Val F1: 0.1667 - Val ROC-AUC: 0.7255 - Val PR-AUC: 0.1241
Epoch 16/50 - Loss: 0.2081 - Val F1: 0.1307 - Val ROC-AUC: 0.7046 - Val PR-AUC: 0.1258
Epoch 17/50 - Loss: 0.2042 - Val F1: 0.1481 - Val ROC-AUC: 0.7209 - Val PR-AUC: 0.1007
Epoch 18/50 - Loss: 0.2057 - Val F1: 0.1802 - Val ROC-AUC: 0.7188 - Val PR-AUC: 0.1009
Epoch 19/50 - Loss: 0.2062 - Val F1: 0.1565 - Val ROC-AUC: 0.7147 - Val PR-AUC: 0.1228
Epoch 20/50 - Loss: 0.2075 - Val F1: 0.1296 - Val ROC-AUC: 0.7142 - Val PR-AUC: 0.0918
Epoch 21/50 - Loss: 0.1687 - Val F1: 0.1591 - Val ROC-AUC: 0.6968 - Val PR-AUC: 0.0950
Epoch 22/50 - Loss: 0.1559 - Val F1: 0.1395 - Val ROC-AUC: 0.7174 - Val PR-AUC: 0.1072
Epoch 23/50 - Loss: 0.1536 - Val F1: 0.1978 - Val ROC-AUC: 0.6918 - Val PR-AUC: 0.1034
Epoch 24/50 - Loss: 0.1515 - Val F1: 0.1758 - Val ROC-AUC: 0.7140 - Val PR-AUC: 0.0983
Epoch 25/50 - Loss: 0.1441 - Val F1: 0.1702 - Val ROC-AUC: 0.6993 - Val PR-AUC: 0.1032
Epoch 26/50 - Loss: 0.1474 - Val F1: 0.2222 - Val ROC-AUC: 0.6847 - Val PR-AUC: 0.0937
Epoch 27/50 - Loss: 0.1423 - Val F1: 0.1684 - Val ROC-AUC: 0.6864 - Val PR-AUC: 0.0993
Epoch 28/50 - Loss: 0.1331 - Val F1: 0.1778 - Val ROC-AUC: 0.7181 - Val PR-AUC: 0.1097
Epoch 29/50 - Loss: 0.1390 - Val F1: 0.2051 - Val ROC-AUC: 0.7161 - Val PR-AUC: 0.1152
Epoch 30/50 - Loss: 0.1251 - Val F1: 0.1556 - Val ROC-AUC: 0.7124 - Val PR-AUC: 0.1115
Epoch 31/50 - Loss: 0.1292 - Val F1: 0.2133 - Val ROC-AUC: 0.7007 - Val PR-AUC: 0.1040
Epoch 32/50 - Loss: 0.1172 - Val F1: 0.1975 - Val ROC-AUC: 0.7094 - Val PR-AUC: 0.1129
Epoch 33/50 - Loss: 0.1220 - Val F1: 0.2105 - Val ROC-AUC: 0.7150 - Val PR-AUC: 0.1166
Epoch 34/50 - Loss: 0.1099 - Val F1: 0.1818 - Val ROC-AUC: 0.7092 - Val PR-AUC: 0.1131
Epoch 35/50 - Loss: 0.1108 - Val F1: 0.2308 - Val ROC-AUC: 0.7208 - Val PR-AUC: 0.1332
Epoch 36/50 - Loss: 0.1095 - Val F1: 0.1972 - Val ROC-AUC: 0.7049 - Val PR-AUC: 0.1291
Epoch 37/50 - Loss: 0.1099 - Val F1: 0.2133 - Val ROC-AUC: 0.7199 - Val PR-AUC: 0.1343
Epoch 38/50 - Loss: 0.1129 - Val F1: 0.2000 - Val ROC-AUC: 0.7020 - Val PR-AUC: 0.1262
Epoch 39/50 - Loss: 0.1072 - Val F1: 0.2090 - Val ROC-AUC: 0.7061 - Val PR-AUC: 0.1152
Epoch 40/50 - Loss: 0.1006 - Val F1: 0.1739 - Val ROC-AUC: 0.6967 - Val PR-AUC: 0.1138
Epoch 41/50 - Loss: 0.0944 - Val F1: 0.1875 - Val ROC-AUC: 0.6981 - Val PR-AUC: 0.1151
Epoch 42/50 - Loss: 0.0897 - Val F1: 0.1846 - Val ROC-AUC: 0.7015 - Val PR-AUC: 0.1120
Epoch 43/50 - Loss: 0.0904 - Val F1: 0.2000 - Val ROC-AUC: 0.6969 - Val PR-AUC: 0.1123
Epoch 44/50 - Loss: 0.0843 - Val F1: 0.1739 - Val ROC-AUC: 0.6925 - Val PR-AUC: 0.1137
Epoch 45/50 - Loss: 0.0937 - Val F1: 0.1846 - Val ROC-AUC: 0.6975 - Val PR-AUC: 0.1241
Epoch 46/50 - Loss: 0.0901 - Val F1: 0.1875 - Val ROC-AUC: 0.7001 - Val PR-AUC: 0.1190
Epoch 47/50 - Loss: 0.0946 - Val F1: 0.1875 - Val ROC-AUC: 0.7038 - Val PR-AUC: 0.1158
Epoch 48/50 - Loss: 0.0866 - Val F1: 0.1846 - Val ROC-AUC: 0.6945 - Val PR-AUC: 0.1109
Epoch 49/50 - Loss: 0.0894 - Val F1: 0.1905 - Val ROC-AUC: 0.7041 - Val PR-AUC: 0.1190
Epoch 50/50 - Loss: 0.0891 - Val F1: 0.2034 - Val ROC-AUC: 0.7024 - Val PR-AUC: 0.1218
Pretraining completed. Test F1: 0.1075, ROC-AUC: 0.6922, PR-AUC: 0.1328
[3/4] Finetuning on TOX21_ERb_BLA_Antagonist_viability using GIN...
[Fine-tune] Epoch 1/50 - Loss: 0.6193 - Val F1: 0.4437 - Val ROC-AUC: 0.7906 - Val PR-AUC: 0.3762
[Fine-tune] Epoch 2/50 - Loss: 0.5291 - Val F1: 0.4083 - Val ROC-AUC: 0.7938 - Val PR-AUC: 0.3348
[Fine-tune] Epoch 3/50 - Loss: 0.5175 - Val F1: 0.3814 - Val ROC-AUC: 0.7921 - Val PR-AUC: 0.3725
[Fine-tune] Epoch 4/50 - Loss: 0.5110 - Val F1: 0.4040 - Val ROC-AUC: 0.8055 - Val PR-AUC: 0.3917
[Fine-tune] Epoch 5/50 - Loss: 0.4936 - Val F1: 0.4061 - Val ROC-AUC: 0.7825 - Val PR-AUC: 0.3470
[Fine-tune] Epoch 6/50 - Loss: 0.4782 - Val F1: 0.4013 - Val ROC-AUC: 0.7702 - Val PR-AUC: 0.3552
[Fine-tune] Epoch 7/50 - Loss: 0.4821 - Val F1: 0.3662 - Val ROC-AUC: 0.7625 - Val PR-AUC: 0.3574
[Fine-tune] Epoch 8/50 - Loss: 0.4503 - Val F1: 0.3898 - Val ROC-AUC: 0.7835 - Val PR-AUC: 0.3890
[Fine-tune] Epoch 9/50 - Loss: 0.4661 - Val F1: 0.3759 - Val ROC-AUC: 0.7958 - Val PR-AUC: 0.3839
[Fine-tune] Epoch 10/50 - Loss: 0.4603 - Val F1: 0.3887 - Val ROC-AUC: 0.7917 - Val PR-AUC: 0.3991
[Fine-tune] Epoch 11/50 - Loss: 0.4136 - Val F1: 0.3965 - Val ROC-AUC: 0.7878 - Val PR-AUC: 0.3673
[Fine-tune] Epoch 12/50 - Loss: 0.4062 - Val F1: 0.3942 - Val ROC-AUC: 0.7845 - Val PR-AUC: 0.3791
[Fine-tune] Epoch 13/50 - Loss: 0.3961 - Val F1: 0.4062 - Val ROC-AUC: 0.7912 - Val PR-AUC: 0.3831
[Fine-tune] Epoch 14/50 - Loss: 0.4033 - Val F1: 0.3902 - Val ROC-AUC: 0.7717 - Val PR-AUC: 0.3611
[Fine-tune] Epoch 15/50 - Loss: 0.4021 - Val F1: 0.3938 - Val ROC-AUC: 0.7752 - Val PR-AUC: 0.3583
[Fine-tune] Epoch 16/50 - Loss: 0.3820 - Val F1: 0.3972 - Val ROC-AUC: 0.7921 - Val PR-AUC: 0.3711
[Fine-tune] Epoch 17/50 - Loss: 0.3653 - Val F1: 0.3953 - Val ROC-AUC: 0.7743 - Val PR-AUC: 0.3636
[Fine-tune] Epoch 18/50 - Loss: 0.3773 - Val F1: 0.3912 - Val ROC-AUC: 0.7962 - Val PR-AUC: 0.3735
[Fine-tune] Epoch 19/50 - Loss: 0.3620 - Val F1: 0.4214 - Val ROC-AUC: 0.8078 - Val PR-AUC: 0.4174
[Fine-tune] Epoch 20/50 - Loss: 0.3600 - Val F1: 0.4043 - Val ROC-AUC: 0.7979 - Val PR-AUC: 0.3928
[Fine-tune] Epoch 21/50 - Loss: 0.3602 - Val F1: 0.4147 - Val ROC-AUC: 0.7906 - Val PR-AUC: 0.3949
[Fine-tune] Epoch 22/50 - Loss: 0.3400 - Val F1: 0.4173 - Val ROC-AUC: 0.7926 - Val PR-AUC: 0.4014
[Fine-tune] Epoch 23/50 - Loss: 0.3256 - Val F1: 0.3963 - Val ROC-AUC: 0.7908 - Val PR-AUC: 0.4272
[Fine-tune] Epoch 24/50 - Loss: 0.3185 - Val F1: 0.4073 - Val ROC-AUC: 0.7899 - Val PR-AUC: 0.3901
[Fine-tune] Epoch 25/50 - Loss: 0.3185 - Val F1: 0.3987 - Val ROC-AUC: 0.7911 - Val PR-AUC: 0.4107
[Fine-tune] Epoch 26/50 - Loss: 0.3122 - Val F1: 0.4268 - Val ROC-AUC: 0.7931 - Val PR-AUC: 0.4272
[Fine-tune] Epoch 27/50 - Loss: 0.3214 - Val F1: 0.4113 - Val ROC-AUC: 0.7914 - Val PR-AUC: 0.4029
[Fine-tune] Epoch 28/50 - Loss: 0.3034 - Val F1: 0.3961 - Val ROC-AUC: 0.7879 - Val PR-AUC: 0.4036
[Fine-tune] Epoch 29/50 - Loss: 0.3076 - Val F1: 0.4096 - Val ROC-AUC: 0.7917 - Val PR-AUC: 0.4235
[Fine-tune] Epoch 30/50 - Loss: 0.2997 - Val F1: 0.4051 - Val ROC-AUC: 0.7897 - Val PR-AUC: 0.4025
[Fine-tune] Epoch 31/50 - Loss: 0.2806 - Val F1: 0.4257 - Val ROC-AUC: 0.7924 - Val PR-AUC: 0.4097
[Fine-tune] Epoch 32/50 - Loss: 0.2855 - Val F1: 0.3974 - Val ROC-AUC: 0.7838 - Val PR-AUC: 0.3905
[Fine-tune] Epoch 33/50 - Loss: 0.2705 - Val F1: 0.4096 - Val ROC-AUC: 0.7865 - Val PR-AUC: 0.4055
[Fine-tune] Epoch 34/50 - Loss: 0.2702 - Val F1: 0.4247 - Val ROC-AUC: 0.7884 - Val PR-AUC: 0.4203
[Fine-tune] Epoch 35/50 - Loss: 0.2644 - Val F1: 0.3873 - Val ROC-AUC: 0.7887 - Val PR-AUC: 0.4057
[Fine-tune] Epoch 36/50 - Loss: 0.2635 - Val F1: 0.4181 - Val ROC-AUC: 0.7928 - Val PR-AUC: 0.4016
[Fine-tune] Epoch 37/50 - Loss: 0.2607 - Val F1: 0.4203 - Val ROC-AUC: 0.7935 - Val PR-AUC: 0.4116
[Fine-tune] Epoch 38/50 - Loss: 0.2671 - Val F1: 0.4211 - Val ROC-AUC: 0.7897 - Val PR-AUC: 0.4235
[Fine-tune] Epoch 39/50 - Loss: 0.2489 - Val F1: 0.4199 - Val ROC-AUC: 0.7973 - Val PR-AUC: 0.4168
[Fine-tune] Epoch 40/50 - Loss: 0.2546 - Val F1: 0.4224 - Val ROC-AUC: 0.7908 - Val PR-AUC: 0.3911
[Fine-tune] Epoch 41/50 - Loss: 0.2445 - Val F1: 0.4371 - Val ROC-AUC: 0.7916 - Val PR-AUC: 0.3924
[Fine-tune] Epoch 42/50 - Loss: 0.2613 - Val F1: 0.4221 - Val ROC-AUC: 0.7906 - Val PR-AUC: 0.3938
[Fine-tune] Epoch 43/50 - Loss: 0.2521 - Val F1: 0.4178 - Val ROC-AUC: 0.7894 - Val PR-AUC: 0.4072
[Fine-tune] Epoch 44/50 - Loss: 0.2490 - Val F1: 0.4306 - Val ROC-AUC: 0.7914 - Val PR-AUC: 0.4038
[Fine-tune] Epoch 45/50 - Loss: 0.2527 - Val F1: 0.4326 - Val ROC-AUC: 0.7853 - Val PR-AUC: 0.4001
[Fine-tune] Epoch 46/50 - Loss: 0.2498 - Val F1: 0.4056 - Val ROC-AUC: 0.7848 - Val PR-AUC: 0.4082
[Fine-tune] Epoch 47/50 - Loss: 0.2431 - Val F1: 0.4136 - Val ROC-AUC: 0.7879 - Val PR-AUC: 0.4050
[Fine-tune] Epoch 48/50 - Loss: 0.2413 - Val F1: 0.4120 - Val ROC-AUC: 0.7902 - Val PR-AUC: 0.4137
[Fine-tune] Epoch 49/50 - Loss: 0.2438 - Val F1: 0.4221 - Val ROC-AUC: 0.7927 - Val PR-AUC: 0.4264
[Fine-tune] Epoch 50/50 - Loss: 0.2373 - Val F1: 0.4152 - Val ROC-AUC: 0.7915 - Val PR-AUC: 0.4197
Finetuning completed. Test F1: 0.3918, ROC-AUC: 0.7911, PR-AUC: 0.4074
[3.1/4] Target-only training on TOX21_ERb_BLA_Antagonist_viability using GIN...
=== Target-only training ===
[Target-only] Epoch 1/50 – Loss: 0.6423  Val F1: 0.3412  ROC-AUC: 0.7496  PR-AUC: 0.3025
[Target-only] Epoch 2/50 – Loss: 0.6259  Val F1: 0.3681  ROC-AUC: 0.7414  PR-AUC: 0.2719
[Target-only] Epoch 3/50 – Loss: 0.5972  Val F1: 0.3910  ROC-AUC: 0.7576  PR-AUC: 0.3058
[Target-only] Epoch 4/50 – Loss: 0.5855  Val F1: 0.4022  ROC-AUC: 0.7732  PR-AUC: 0.3175
[Target-only] Epoch 5/50 – Loss: 0.5787  Val F1: 0.3415  ROC-AUC: 0.7593  PR-AUC: 0.3080
[Target-only] Epoch 6/50 – Loss: 0.5627  Val F1: 0.3605  ROC-AUC: 0.7546  PR-AUC: 0.2755
[Target-only] Epoch 7/50 – Loss: 0.5496  Val F1: 0.3636  ROC-AUC: 0.7400  PR-AUC: 0.3119
[Target-only] Epoch 8/50 – Loss: 0.5461  Val F1: 0.3882  ROC-AUC: 0.7607  PR-AUC: 0.2979
[Target-only] Epoch 9/50 – Loss: 0.5429  Val F1: 0.3985  ROC-AUC: 0.7506  PR-AUC: 0.3164
[Target-only] Epoch 10/50 – Loss: 0.5326  Val F1: 0.3771  ROC-AUC: 0.7643  PR-AUC: 0.3070
[Target-only] Epoch 11/50 – Loss: 0.5161  Val F1: 0.4156  ROC-AUC: 0.7599  PR-AUC: 0.3242
[Target-only] Epoch 12/50 – Loss: 0.5061  Val F1: 0.3787  ROC-AUC: 0.7666  PR-AUC: 0.3167
[Target-only] Epoch 13/50 – Loss: 0.4959  Val F1: 0.4000  ROC-AUC: 0.7721  PR-AUC: 0.3459
[Target-only] Epoch 14/50 – Loss: 0.4920  Val F1: 0.3769  ROC-AUC: 0.7724  PR-AUC: 0.3435
[Target-only] Epoch 15/50 – Loss: 0.4681  Val F1: 0.4174  ROC-AUC: 0.7759  PR-AUC: 0.3584
[Target-only] Epoch 16/50 – Loss: 0.4760  Val F1: 0.4242  ROC-AUC: 0.7823  PR-AUC: 0.3568
[Target-only] Epoch 17/50 – Loss: 0.4663  Val F1: 0.3843  ROC-AUC: 0.7772  PR-AUC: 0.3489
[Target-only] Epoch 18/50 – Loss: 0.4677  Val F1: 0.4133  ROC-AUC: 0.7703  PR-AUC: 0.3670
[Target-only] Epoch 19/50 – Loss: 0.4677  Val F1: 0.4014  ROC-AUC: 0.7772  PR-AUC: 0.3676
[Target-only] Epoch 20/50 – Loss: 0.4512  Val F1: 0.3626  ROC-AUC: 0.7528  PR-AUC: 0.3364
[Target-only] Epoch 21/50 – Loss: 0.4251  Val F1: 0.4192  ROC-AUC: 0.7890  PR-AUC: 0.3825
[Target-only] Epoch 22/50 – Loss: 0.4179  Val F1: 0.4197  ROC-AUC: 0.7876  PR-AUC: 0.3726
[Target-only] Epoch 23/50 – Loss: 0.4242  Val F1: 0.3944  ROC-AUC: 0.7800  PR-AUC: 0.3829
[Target-only] Epoch 24/50 – Loss: 0.4189  Val F1: 0.3988  ROC-AUC: 0.7782  PR-AUC: 0.3667
[Target-only] Epoch 25/50 – Loss: 0.4239  Val F1: 0.4244  ROC-AUC: 0.7768  PR-AUC: 0.3779
[Target-only] Epoch 26/50 – Loss: 0.4072  Val F1: 0.4036  ROC-AUC: 0.7774  PR-AUC: 0.3543
[Target-only] Epoch 27/50 – Loss: 0.4138  Val F1: 0.4182  ROC-AUC: 0.7782  PR-AUC: 0.3824
[Target-only] Epoch 28/50 – Loss: 0.4115  Val F1: 0.4062  ROC-AUC: 0.7806  PR-AUC: 0.3757
[Target-only] Epoch 29/50 – Loss: 0.3981  Val F1: 0.4036  ROC-AUC: 0.7768  PR-AUC: 0.3720
[Target-only] Epoch 30/50 – Loss: 0.3975  Val F1: 0.4104  ROC-AUC: 0.7803  PR-AUC: 0.3714
[Target-only] Epoch 31/50 – Loss: 0.3876  Val F1: 0.3841  ROC-AUC: 0.7804  PR-AUC: 0.3715
[Target-only] Epoch 32/50 – Loss: 0.3726  Val F1: 0.4104  ROC-AUC: 0.7818  PR-AUC: 0.3802
[Target-only] Epoch 33/50 – Loss: 0.3631  Val F1: 0.4076  ROC-AUC: 0.7882  PR-AUC: 0.3890
[Target-only] Epoch 34/50 – Loss: 0.3771  Val F1: 0.4052  ROC-AUC: 0.7843  PR-AUC: 0.4027
[Target-only] Epoch 35/50 – Loss: 0.3760  Val F1: 0.4118  ROC-AUC: 0.7827  PR-AUC: 0.3999
[Target-only] Epoch 36/50 – Loss: 0.3700  Val F1: 0.4062  ROC-AUC: 0.7871  PR-AUC: 0.3951
[Target-only] Epoch 37/50 – Loss: 0.3718  Val F1: 0.4091  ROC-AUC: 0.7849  PR-AUC: 0.3916
[Target-only] Epoch 38/50 – Loss: 0.3710  Val F1: 0.3938  ROC-AUC: 0.7855  PR-AUC: 0.3953
[Target-only] Epoch 39/50 – Loss: 0.3534  Val F1: 0.4198  ROC-AUC: 0.7903  PR-AUC: 0.3987
[Target-only] Epoch 40/50 – Loss: 0.3538  Val F1: 0.4169  ROC-AUC: 0.7817  PR-AUC: 0.3819
[Target-only] Epoch 41/50 – Loss: 0.3612  Val F1: 0.4036  ROC-AUC: 0.7869  PR-AUC: 0.3978
[Target-only] Epoch 42/50 – Loss: 0.3524  Val F1: 0.4104  ROC-AUC: 0.7832  PR-AUC: 0.3938
[Target-only] Epoch 43/50 – Loss: 0.3458  Val F1: 0.4310  ROC-AUC: 0.7868  PR-AUC: 0.4014
[Target-only] Epoch 44/50 – Loss: 0.3424  Val F1: 0.4242  ROC-AUC: 0.7840  PR-AUC: 0.3969
[Target-only] Epoch 45/50 – Loss: 0.3491  Val F1: 0.4272  ROC-AUC: 0.7962  PR-AUC: 0.4029
[Target-only] Epoch 46/50 – Loss: 0.3403  Val F1: 0.4088  ROC-AUC: 0.7907  PR-AUC: 0.4060
[Target-only] Epoch 47/50 – Loss: 0.3467  Val F1: 0.4262  ROC-AUC: 0.7819  PR-AUC: 0.3846
[Target-only] Epoch 48/50 – Loss: 0.3460  Val F1: 0.4228  ROC-AUC: 0.7856  PR-AUC: 0.3954
[Target-only] Epoch 49/50 – Loss: 0.3488  Val F1: 0.4153  ROC-AUC: 0.7861  PR-AUC: 0.4018
[Target-only] Epoch 50/50 – Loss: 0.3337  Val F1: 0.4145  ROC-AUC: 0.7896  PR-AUC: 0.4019
=== Target-only TEST performance ===
Test F1: 0.4564, ROC-AUC: 0.8137, PR-AUC: 0.4088
[4/4] Embedding 시각화 중...
✅ Embeddings 저장 완료: embeddings_TOX21_ERb_BLA_Antagonist_ch1_TOX21_ERb_BLA_Antagonist_viability_GIN.png
✅ 실험 완료: TOX21_ERb_BLA_Antagonist_ch1 -> TOX21_ERb_BLA_Antagonist_viability [GIN]
