[1/4] Excel → CSV 변환 중...
[2/4] Pretraining on TOX21_ERb_BLA_Antagonist_ch1 using GIN...
Epoch 1/50 - Loss: 0.5770 - Val F1: 0.0845 - Val ROC-AUC: 0.6431 - Val PR-AUC: 0.1040
Epoch 2/50 - Loss: 0.4869 - Val F1: 0.0952 - Val ROC-AUC: 0.6839 - Val PR-AUC: 0.0846
Epoch 3/50 - Loss: 0.4369 - Val F1: 0.1728 - Val ROC-AUC: 0.7804 - Val PR-AUC: 0.1017
Epoch 4/50 - Loss: 0.4046 - Val F1: 0.1368 - Val ROC-AUC: 0.7213 - Val PR-AUC: 0.0685
Epoch 5/50 - Loss: 0.3927 - Val F1: 0.1231 - Val ROC-AUC: 0.7421 - Val PR-AUC: 0.0821
Epoch 6/50 - Loss: 0.3630 - Val F1: 0.1416 - Val ROC-AUC: 0.7287 - Val PR-AUC: 0.0766
Epoch 7/50 - Loss: 0.3444 - Val F1: 0.1806 - Val ROC-AUC: 0.7494 - Val PR-AUC: 0.1199
Epoch 8/50 - Loss: 0.3265 - Val F1: 0.1692 - Val ROC-AUC: 0.7366 - Val PR-AUC: 0.0939
Epoch 9/50 - Loss: 0.3022 - Val F1: 0.1685 - Val ROC-AUC: 0.7432 - Val PR-AUC: 0.0865
Epoch 10/50 - Loss: 0.3033 - Val F1: 0.1343 - Val ROC-AUC: 0.6924 - Val PR-AUC: 0.0768
Epoch 11/50 - Loss: 0.2556 - Val F1: 0.1022 - Val ROC-AUC: 0.7159 - Val PR-AUC: 0.0735
Epoch 12/50 - Loss: 0.2586 - Val F1: 0.1045 - Val ROC-AUC: 0.6763 - Val PR-AUC: 0.0702
Epoch 13/50 - Loss: 0.2443 - Val F1: 0.1135 - Val ROC-AUC: 0.7207 - Val PR-AUC: 0.0887
Epoch 14/50 - Loss: 0.2361 - Val F1: 0.1333 - Val ROC-AUC: 0.7165 - Val PR-AUC: 0.0878
Epoch 15/50 - Loss: 0.2323 - Val F1: 0.1562 - Val ROC-AUC: 0.6911 - Val PR-AUC: 0.0847
Epoch 16/50 - Loss: 0.2090 - Val F1: 0.1818 - Val ROC-AUC: 0.7047 - Val PR-AUC: 0.0946
Epoch 17/50 - Loss: 0.2058 - Val F1: 0.1935 - Val ROC-AUC: 0.6986 - Val PR-AUC: 0.0800
Epoch 18/50 - Loss: 0.2025 - Val F1: 0.1695 - Val ROC-AUC: 0.6991 - Val PR-AUC: 0.0909
Epoch 19/50 - Loss: 0.1904 - Val F1: 0.1250 - Val ROC-AUC: 0.7031 - Val PR-AUC: 0.0811
Epoch 20/50 - Loss: 0.1993 - Val F1: 0.1304 - Val ROC-AUC: 0.6793 - Val PR-AUC: 0.0753
Epoch 21/50 - Loss: 0.1651 - Val F1: 0.1839 - Val ROC-AUC: 0.6957 - Val PR-AUC: 0.0870
Epoch 22/50 - Loss: 0.1678 - Val F1: 0.1684 - Val ROC-AUC: 0.7111 - Val PR-AUC: 0.1094
Epoch 23/50 - Loss: 0.1419 - Val F1: 0.1707 - Val ROC-AUC: 0.7071 - Val PR-AUC: 0.0920
Epoch 24/50 - Loss: 0.1556 - Val F1: 0.1553 - Val ROC-AUC: 0.7025 - Val PR-AUC: 0.0908
Epoch 25/50 - Loss: 0.1357 - Val F1: 0.1553 - Val ROC-AUC: 0.7086 - Val PR-AUC: 0.0938
Epoch 26/50 - Loss: 0.1385 - Val F1: 0.1474 - Val ROC-AUC: 0.7023 - Val PR-AUC: 0.0771
Epoch 27/50 - Loss: 0.1318 - Val F1: 0.1842 - Val ROC-AUC: 0.7037 - Val PR-AUC: 0.0956
Epoch 28/50 - Loss: 0.1322 - Val F1: 0.1951 - Val ROC-AUC: 0.7108 - Val PR-AUC: 0.1078
Epoch 29/50 - Loss: 0.1372 - Val F1: 0.1972 - Val ROC-AUC: 0.7137 - Val PR-AUC: 0.1032
Epoch 30/50 - Loss: 0.1239 - Val F1: 0.2051 - Val ROC-AUC: 0.7094 - Val PR-AUC: 0.1030
Epoch 31/50 - Loss: 0.1225 - Val F1: 0.1928 - Val ROC-AUC: 0.7111 - Val PR-AUC: 0.0995
Epoch 32/50 - Loss: 0.1130 - Val F1: 0.2059 - Val ROC-AUC: 0.6982 - Val PR-AUC: 0.1008
Epoch 33/50 - Loss: 0.1105 - Val F1: 0.1867 - Val ROC-AUC: 0.7005 - Val PR-AUC: 0.0949
Epoch 34/50 - Loss: 0.1098 - Val F1: 0.1972 - Val ROC-AUC: 0.7140 - Val PR-AUC: 0.1150
Epoch 35/50 - Loss: 0.1131 - Val F1: 0.1918 - Val ROC-AUC: 0.7132 - Val PR-AUC: 0.1039
Epoch 36/50 - Loss: 0.1135 - Val F1: 0.1918 - Val ROC-AUC: 0.7130 - Val PR-AUC: 0.1015
Epoch 37/50 - Loss: 0.1008 - Val F1: 0.1818 - Val ROC-AUC: 0.6959 - Val PR-AUC: 0.1127
Epoch 38/50 - Loss: 0.1004 - Val F1: 0.2000 - Val ROC-AUC: 0.6977 - Val PR-AUC: 0.1006
Epoch 39/50 - Loss: 0.1007 - Val F1: 0.1842 - Val ROC-AUC: 0.7045 - Val PR-AUC: 0.1117
Epoch 40/50 - Loss: 0.1050 - Val F1: 0.2188 - Val ROC-AUC: 0.7038 - Val PR-AUC: 0.1039
Epoch 41/50 - Loss: 0.0841 - Val F1: 0.2192 - Val ROC-AUC: 0.7097 - Val PR-AUC: 0.1105
Epoch 42/50 - Loss: 0.1063 - Val F1: 0.2414 - Val ROC-AUC: 0.7074 - Val PR-AUC: 0.1107
Epoch 43/50 - Loss: 0.1018 - Val F1: 0.1846 - Val ROC-AUC: 0.6996 - Val PR-AUC: 0.1073
Epoch 44/50 - Loss: 0.0945 - Val F1: 0.2029 - Val ROC-AUC: 0.7072 - Val PR-AUC: 0.1143
Epoch 45/50 - Loss: 0.0998 - Val F1: 0.1765 - Val ROC-AUC: 0.7058 - Val PR-AUC: 0.1062
Epoch 46/50 - Loss: 0.0895 - Val F1: 0.1892 - Val ROC-AUC: 0.6933 - Val PR-AUC: 0.1086
Epoch 47/50 - Loss: 0.0831 - Val F1: 0.2029 - Val ROC-AUC: 0.7033 - Val PR-AUC: 0.1140
Epoch 48/50 - Loss: 0.0931 - Val F1: 0.2121 - Val ROC-AUC: 0.6983 - Val PR-AUC: 0.1079
Epoch 49/50 - Loss: 0.0910 - Val F1: 0.2121 - Val ROC-AUC: 0.7013 - Val PR-AUC: 0.1150
Epoch 50/50 - Loss: 0.0906 - Val F1: 0.2059 - Val ROC-AUC: 0.7087 - Val PR-AUC: 0.1190
Pretraining completed. Test F1: 0.0909, ROC-AUC: 0.7145, PR-AUC: 0.1358
[3/4] Finetuning on TOX21_ERa_LUC_VM7_Agonist_10nM_ICI182780 using GIN...
[Fine-tune] Epoch 1/50 - Loss: 0.3124 - Val F1: 0.1915 - Val ROC-AUC: 0.8804 - Val PR-AUC: 0.3948
[Fine-tune] Epoch 2/50 - Loss: 0.1809 - Val F1: 0.2247 - Val ROC-AUC: 0.8532 - Val PR-AUC: 0.5022
[Fine-tune] Epoch 3/50 - Loss: 0.1397 - Val F1: 0.2812 - Val ROC-AUC: 0.8639 - Val PR-AUC: 0.4398
[Fine-tune] Epoch 4/50 - Loss: 0.1304 - Val F1: 0.2540 - Val ROC-AUC: 0.8026 - Val PR-AUC: 0.2097
[Fine-tune] Epoch 5/50 - Loss: 0.1242 - Val F1: 0.2188 - Val ROC-AUC: 0.8257 - Val PR-AUC: 0.3979
[Fine-tune] Epoch 6/50 - Loss: 0.1101 - Val F1: 0.2609 - Val ROC-AUC: 0.8337 - Val PR-AUC: 0.2555
[Fine-tune] Epoch 7/50 - Loss: 0.1061 - Val F1: 0.3019 - Val ROC-AUC: 0.8588 - Val PR-AUC: 0.3639
[Fine-tune] Epoch 8/50 - Loss: 0.1000 - Val F1: 0.2727 - Val ROC-AUC: 0.7562 - Val PR-AUC: 0.1757
[Fine-tune] Epoch 9/50 - Loss: 0.0744 - Val F1: 0.2917 - Val ROC-AUC: 0.8178 - Val PR-AUC: 0.3067
[Fine-tune] Epoch 10/50 - Loss: 0.0865 - Val F1: 0.3214 - Val ROC-AUC: 0.8086 - Val PR-AUC: 0.3033
[Fine-tune] Epoch 11/50 - Loss: 0.0671 - Val F1: 0.3256 - Val ROC-AUC: 0.8031 - Val PR-AUC: 0.3150
[Fine-tune] Epoch 12/50 - Loss: 0.0512 - Val F1: 0.3590 - Val ROC-AUC: 0.8023 - Val PR-AUC: 0.2889
[Fine-tune] Epoch 13/50 - Loss: 0.0622 - Val F1: 0.4242 - Val ROC-AUC: 0.8652 - Val PR-AUC: 0.3348
[Fine-tune] Epoch 14/50 - Loss: 0.0594 - Val F1: 0.3043 - Val ROC-AUC: 0.8041 - Val PR-AUC: 0.2798
[Fine-tune] Epoch 15/50 - Loss: 0.0579 - Val F1: 0.3500 - Val ROC-AUC: 0.8325 - Val PR-AUC: 0.2839
[Fine-tune] Epoch 16/50 - Loss: 0.0491 - Val F1: 0.3590 - Val ROC-AUC: 0.8321 - Val PR-AUC: 0.3084
[Fine-tune] Epoch 17/50 - Loss: 0.0492 - Val F1: 0.3784 - Val ROC-AUC: 0.8271 - Val PR-AUC: 0.3229
[Fine-tune] Epoch 18/50 - Loss: 0.0458 - Val F1: 0.2917 - Val ROC-AUC: 0.8418 - Val PR-AUC: 0.3799
[Fine-tune] Epoch 19/50 - Loss: 0.0551 - Val F1: 0.4000 - Val ROC-AUC: 0.8699 - Val PR-AUC: 0.4038
[Fine-tune] Epoch 20/50 - Loss: 0.0382 - Val F1: 0.3902 - Val ROC-AUC: 0.8648 - Val PR-AUC: 0.4244
[Fine-tune] Epoch 21/50 - Loss: 0.0343 - Val F1: 0.4242 - Val ROC-AUC: 0.8211 - Val PR-AUC: 0.3471
[Fine-tune] Epoch 22/50 - Loss: 0.0344 - Val F1: 0.4667 - Val ROC-AUC: 0.8257 - Val PR-AUC: 0.3220
[Fine-tune] Epoch 23/50 - Loss: 0.0305 - Val F1: 0.4242 - Val ROC-AUC: 0.8256 - Val PR-AUC: 0.3224
[Fine-tune] Epoch 24/50 - Loss: 0.0327 - Val F1: 0.4516 - Val ROC-AUC: 0.8420 - Val PR-AUC: 0.3199
[Fine-tune] Epoch 25/50 - Loss: 0.0261 - Val F1: 0.4000 - Val ROC-AUC: 0.8538 - Val PR-AUC: 0.3356
[Fine-tune] Epoch 26/50 - Loss: 0.0278 - Val F1: 0.4375 - Val ROC-AUC: 0.8311 - Val PR-AUC: 0.3196
[Fine-tune] Epoch 27/50 - Loss: 0.0333 - Val F1: 0.4242 - Val ROC-AUC: 0.8372 - Val PR-AUC: 0.3354
[Fine-tune] Epoch 28/50 - Loss: 0.0289 - Val F1: 0.4118 - Val ROC-AUC: 0.8257 - Val PR-AUC: 0.3358
[Fine-tune] Epoch 29/50 - Loss: 0.0204 - Val F1: 0.4375 - Val ROC-AUC: 0.8350 - Val PR-AUC: 0.3257
[Fine-tune] Epoch 30/50 - Loss: 0.0269 - Val F1: 0.4242 - Val ROC-AUC: 0.8500 - Val PR-AUC: 0.3498
[Fine-tune] Epoch 31/50 - Loss: 0.0220 - Val F1: 0.3889 - Val ROC-AUC: 0.8469 - Val PR-AUC: 0.3528
[Fine-tune] Epoch 32/50 - Loss: 0.0179 - Val F1: 0.4375 - Val ROC-AUC: 0.8591 - Val PR-AUC: 0.3567
[Fine-tune] Epoch 33/50 - Loss: 0.0167 - Val F1: 0.4375 - Val ROC-AUC: 0.8634 - Val PR-AUC: 0.3516
[Fine-tune] Epoch 34/50 - Loss: 0.0265 - Val F1: 0.4375 - Val ROC-AUC: 0.8405 - Val PR-AUC: 0.3475
[Fine-tune] Epoch 35/50 - Loss: 0.0233 - Val F1: 0.4667 - Val ROC-AUC: 0.8500 - Val PR-AUC: 0.3470
[Fine-tune] Epoch 36/50 - Loss: 0.0236 - Val F1: 0.4242 - Val ROC-AUC: 0.8471 - Val PR-AUC: 0.3625
[Fine-tune] Epoch 37/50 - Loss: 0.0182 - Val F1: 0.4516 - Val ROC-AUC: 0.8691 - Val PR-AUC: 0.3322
[Fine-tune] Epoch 38/50 - Loss: 0.0224 - Val F1: 0.4000 - Val ROC-AUC: 0.8422 - Val PR-AUC: 0.3116
[Fine-tune] Epoch 39/50 - Loss: 0.0222 - Val F1: 0.4375 - Val ROC-AUC: 0.8570 - Val PR-AUC: 0.3281
[Fine-tune] Epoch 40/50 - Loss: 0.0220 - Val F1: 0.4516 - Val ROC-AUC: 0.8547 - Val PR-AUC: 0.3388
[Fine-tune] Epoch 41/50 - Loss: 0.0203 - Val F1: 0.4375 - Val ROC-AUC: 0.8546 - Val PR-AUC: 0.3552
[Fine-tune] Epoch 42/50 - Loss: 0.0190 - Val F1: 0.4667 - Val ROC-AUC: 0.8758 - Val PR-AUC: 0.3707
[Fine-tune] Epoch 43/50 - Loss: 0.0201 - Val F1: 0.4242 - Val ROC-AUC: 0.8639 - Val PR-AUC: 0.3538
[Fine-tune] Epoch 44/50 - Loss: 0.0213 - Val F1: 0.4667 - Val ROC-AUC: 0.8525 - Val PR-AUC: 0.3397
[Fine-tune] Epoch 45/50 - Loss: 0.0184 - Val F1: 0.4375 - Val ROC-AUC: 0.8756 - Val PR-AUC: 0.3438
[Fine-tune] Epoch 46/50 - Loss: 0.0170 - Val F1: 0.4242 - Val ROC-AUC: 0.8856 - Val PR-AUC: 0.3947
[Fine-tune] Epoch 47/50 - Loss: 0.0216 - Val F1: 0.4667 - Val ROC-AUC: 0.8597 - Val PR-AUC: 0.3323
[Fine-tune] Epoch 48/50 - Loss: 0.0175 - Val F1: 0.4375 - Val ROC-AUC: 0.8632 - Val PR-AUC: 0.3371
[Fine-tune] Epoch 49/50 - Loss: 0.0180 - Val F1: 0.4516 - Val ROC-AUC: 0.8742 - Val PR-AUC: 0.3681
[Fine-tune] Epoch 50/50 - Loss: 0.0200 - Val F1: 0.4242 - Val ROC-AUC: 0.8533 - Val PR-AUC: 0.3435
Finetuning completed. Test F1: 0.3721, ROC-AUC: 0.8566, PR-AUC: 0.2061
[3.1/4] Target-only training on TOX21_ERa_LUC_VM7_Agonist_10nM_ICI182780 using GIN...
=== Target-only training ===
[Target-only] Epoch 1/50 – Loss: 0.3956  Val F1: 0.3243  ROC-AUC: 0.7759  PR-AUC: 0.1785
[Target-only] Epoch 2/50 – Loss: 0.3002  Val F1: 0.1856  ROC-AUC: 0.7669  PR-AUC: 0.1886
[Target-only] Epoch 3/50 – Loss: 0.2603  Val F1: 0.2169  ROC-AUC: 0.7981  PR-AUC: 0.3100
[Target-only] Epoch 4/50 – Loss: 0.2184  Val F1: 0.2093  ROC-AUC: 0.7819  PR-AUC: 0.2253
[Target-only] Epoch 5/50 – Loss: 0.1990  Val F1: 0.1786  ROC-AUC: 0.7937  PR-AUC: 0.2437
[Target-only] Epoch 6/50 – Loss: 0.1829  Val F1: 0.2727  ROC-AUC: 0.7782  PR-AUC: 0.2483
[Target-only] Epoch 7/50 – Loss: 0.1799  Val F1: 0.2162  ROC-AUC: 0.7712  PR-AUC: 0.2468
[Target-only] Epoch 8/50 – Loss: 0.1725  Val F1: 0.2051  ROC-AUC: 0.7698  PR-AUC: 0.2250
[Target-only] Epoch 9/50 – Loss: 0.1551  Val F1: 0.2462  ROC-AUC: 0.7727  PR-AUC: 0.2183
[Target-only] Epoch 10/50 – Loss: 0.1619  Val F1: 0.2353  ROC-AUC: 0.7467  PR-AUC: 0.2632
[Target-only] Epoch 11/50 – Loss: 0.1218  Val F1: 0.2759  ROC-AUC: 0.7863  PR-AUC: 0.2517
[Target-only] Epoch 12/50 – Loss: 0.1349  Val F1: 0.2581  ROC-AUC: 0.7675  PR-AUC: 0.2526
[Target-only] Epoch 13/50 – Loss: 0.1111  Val F1: 0.2759  ROC-AUC: 0.7811  PR-AUC: 0.2227
[Target-only] Epoch 14/50 – Loss: 0.0995  Val F1: 0.2857  ROC-AUC: 0.7566  PR-AUC: 0.2483
[Target-only] Epoch 15/50 – Loss: 0.1032  Val F1: 0.2553  ROC-AUC: 0.7362  PR-AUC: 0.1954
[Target-only] Epoch 16/50 – Loss: 0.0994  Val F1: 0.2000  ROC-AUC: 0.7859  PR-AUC: 0.1824
[Target-only] Epoch 17/50 – Loss: 0.0911  Val F1: 0.1935  ROC-AUC: 0.7779  PR-AUC: 0.1632
[Target-only] Epoch 18/50 – Loss: 0.0996  Val F1: 0.2449  ROC-AUC: 0.7796  PR-AUC: 0.2362
[Target-only] Epoch 19/50 – Loss: 0.0962  Val F1: 0.2917  ROC-AUC: 0.7852  PR-AUC: 0.2049
[Target-only] Epoch 20/50 – Loss: 0.0744  Val F1: 0.2174  ROC-AUC: 0.7912  PR-AUC: 0.1847
[Target-only] Epoch 21/50 – Loss: 0.0841  Val F1: 0.3111  ROC-AUC: 0.7805  PR-AUC: 0.2238
[Target-only] Epoch 22/50 – Loss: 0.0653  Val F1: 0.2553  ROC-AUC: 0.7864  PR-AUC: 0.2065
[Target-only] Epoch 23/50 – Loss: 0.0702  Val F1: 0.3182  ROC-AUC: 0.7760  PR-AUC: 0.1946
[Target-only] Epoch 24/50 – Loss: 0.0584  Val F1: 0.2927  ROC-AUC: 0.7605  PR-AUC: 0.1774
[Target-only] Epoch 25/50 – Loss: 0.0615  Val F1: 0.2326  ROC-AUC: 0.7639  PR-AUC: 0.1652
[Target-only] Epoch 26/50 – Loss: 0.0611  Val F1: 0.2609  ROC-AUC: 0.7574  PR-AUC: 0.1639
[Target-only] Epoch 27/50 – Loss: 0.0619  Val F1: 0.2791  ROC-AUC: 0.7690  PR-AUC: 0.1864
[Target-only] Epoch 28/50 – Loss: 0.0534  Val F1: 0.2553  ROC-AUC: 0.7620  PR-AUC: 0.1979
[Target-only] Epoch 29/50 – Loss: 0.0589  Val F1: 0.2326  ROC-AUC: 0.7529  PR-AUC: 0.2147
[Target-only] Epoch 30/50 – Loss: 0.0502  Val F1: 0.2564  ROC-AUC: 0.7477  PR-AUC: 0.1879
[Target-only] Epoch 31/50 – Loss: 0.0485  Val F1: 0.2564  ROC-AUC: 0.7528  PR-AUC: 0.1751
[Target-only] Epoch 32/50 – Loss: 0.0536  Val F1: 0.2381  ROC-AUC: 0.7549  PR-AUC: 0.1807
[Target-only] Epoch 33/50 – Loss: 0.0593  Val F1: 0.3077  ROC-AUC: 0.7750  PR-AUC: 0.2081
[Target-only] Epoch 34/50 – Loss: 0.0459  Val F1: 0.2564  ROC-AUC: 0.7790  PR-AUC: 0.1876
[Target-only] Epoch 35/50 – Loss: 0.0485  Val F1: 0.3000  ROC-AUC: 0.7779  PR-AUC: 0.1977
[Target-only] Epoch 36/50 – Loss: 0.0480  Val F1: 0.2778  ROC-AUC: 0.7708  PR-AUC: 0.1674
[Target-only] Epoch 37/50 – Loss: 0.0464  Val F1: 0.2632  ROC-AUC: 0.8045  PR-AUC: 0.2175
[Target-only] Epoch 38/50 – Loss: 0.0446  Val F1: 0.2941  ROC-AUC: 0.7759  PR-AUC: 0.1787
[Target-only] Epoch 39/50 – Loss: 0.0379  Val F1: 0.2703  ROC-AUC: 0.7989  PR-AUC: 0.2107
[Target-only] Epoch 40/50 – Loss: 0.0371  Val F1: 0.2857  ROC-AUC: 0.8022  PR-AUC: 0.2263
[Target-only] Epoch 41/50 – Loss: 0.0394  Val F1: 0.2857  ROC-AUC: 0.7883  PR-AUC: 0.2313
[Target-only] Epoch 42/50 – Loss: 0.0360  Val F1: 0.2778  ROC-AUC: 0.7750  PR-AUC: 0.1868
[Target-only] Epoch 43/50 – Loss: 0.0397  Val F1: 0.2857  ROC-AUC: 0.7925  PR-AUC: 0.2261
[Target-only] Epoch 44/50 – Loss: 0.0317  Val F1: 0.2857  ROC-AUC: 0.7893  PR-AUC: 0.1831
[Target-only] Epoch 45/50 – Loss: 0.0452  Val F1: 0.3030  ROC-AUC: 0.7886  PR-AUC: 0.2180
[Target-only] Epoch 46/50 – Loss: 0.0384  Val F1: 0.2857  ROC-AUC: 0.7739  PR-AUC: 0.2462
[Target-only] Epoch 47/50 – Loss: 0.0357  Val F1: 0.3030  ROC-AUC: 0.7739  PR-AUC: 0.1920
[Target-only] Epoch 48/50 – Loss: 0.0344  Val F1: 0.2857  ROC-AUC: 0.7821  PR-AUC: 0.1839
[Target-only] Epoch 49/50 – Loss: 0.0340  Val F1: 0.2941  ROC-AUC: 0.7752  PR-AUC: 0.1644
[Target-only] Epoch 50/50 – Loss: 0.0348  Val F1: 0.2941  ROC-AUC: 0.7728  PR-AUC: 0.1792
=== Target-only TEST performance ===
Test F1: 0.2222, ROC-AUC: 0.8216, PR-AUC: 0.1416
[4/4] Embedding 시각화 중...
✅ Embeddings 저장 완료: embeddings_TOX21_ERb_BLA_Antagonist_ch1_TOX21_ERa_LUC_VM7_Agonist_10nM_ICI182780_GIN.png
✅ 실험 완료: TOX21_ERb_BLA_Antagonist_ch1 -> TOX21_ERa_LUC_VM7_Agonist_10nM_ICI182780 [GIN]
