[23:12:49] Can't kekulize mol.  Unkekulized atoms: 1 2 3 4 5
[23:12:49] Explicit valence for atom # 0 Cl, 2, is greater than permitted
[23:12:50] Can't kekulize mol.  Unkekulized atoms: 3 4 5 6 7
[23:12:51] Can't kekulize mol.  Unkekulized atoms: 3 4 5 6 7
[23:12:51] WARNING: not removing hydrogen atom without neighbors
[23:12:53] Explicit valence for atom # 3 Si, 8, is greater than permitted
[23:12:53] Can't kekulize mol.  Unkekulized atoms: 1 2 3 4 5
[23:12:53] Can't kekulize mol.  Unkekulized atoms: 3 4 5 6 7
[23:12:54] Can't kekulize mol.  Unkekulized atoms: 1 2 3 4 5
[23:12:54] WARNING: not removing hydrogen atom without neighbors
[23:12:55] Can't kekulize mol.  Unkekulized atoms: 1 2 3 4 5
[23:12:55] Explicit valence for atom # 6 O, 3, is greater than permitted
[23:12:55] Explicit valence for atom # 3 Si, 8, is greater than permitted
[23:12:55] Explicit valence for atom # 0 Cl, 2, is greater than permitted
[23:13:54] Can't kekulize mol.  Unkekulized atoms: 1 2 3 4 5
[23:13:55] Explicit valence for atom # 0 Cl, 2, is greater than permitted
[23:13:55] Can't kekulize mol.  Unkekulized atoms: 3 4 5 6 7
[23:13:56] Can't kekulize mol.  Unkekulized atoms: 3 4 5 6 7
[23:13:58] Can't kekulize mol.  Unkekulized atoms: 1 2 3 4 5
[23:13:58] Can't kekulize mol.  Unkekulized atoms: 3 4 5 6 7
[23:13:59] Can't kekulize mol.  Unkekulized atoms: 1 2 3 4 5
[23:13:59] WARNING: not removing hydrogen atom without neighbors
[23:14:00] Can't kekulize mol.  Unkekulized atoms: 1 2 3 4 5
[23:14:00] Explicit valence for atom # 6 O, 3, is greater than permitted
[23:14:00] Explicit valence for atom # 3 Si, 8, is greater than permitted
[23:14:00] Explicit valence for atom # 0 Cl, 2, is greater than permitted
[23:15:00] Can't kekulize mol.  Unkekulized atoms: 1 2 3 4 5
[23:15:00] Explicit valence for atom # 0 Cl, 2, is greater than permitted
[23:15:01] Can't kekulize mol.  Unkekulized atoms: 3 4 5 6 7
[23:15:01] Can't kekulize mol.  Unkekulized atoms: 3 4 5 6 7
[23:15:04] Can't kekulize mol.  Unkekulized atoms: 1 2 3 4 5
[23:15:04] Can't kekulize mol.  Unkekulized atoms: 3 4 5 6 7
[23:15:04] Can't kekulize mol.  Unkekulized atoms: 1 2 3 4 5
[23:15:04] WARNING: not removing hydrogen atom without neighbors
[23:15:05] Can't kekulize mol.  Unkekulized atoms: 1 2 3 4 5
[23:15:05] Explicit valence for atom # 6 O, 3, is greater than permitted
[23:15:05] Explicit valence for atom # 3 Si, 8, is greater than permitted
[23:15:05] Explicit valence for atom # 0 Cl, 2, is greater than permitted
[23:16:05] Can't kekulize mol.  Unkekulized atoms: 1 2 3 4 5
[23:16:05] Explicit valence for atom # 0 Cl, 2, is greater than permitted
[23:16:06] Can't kekulize mol.  Unkekulized atoms: 3 4 5 6 7
[23:16:07] Can't kekulize mol.  Unkekulized atoms: 3 4 5 6 7
[23:16:09] Can't kekulize mol.  Unkekulized atoms: 1 2 3 4 5
[23:16:09] Can't kekulize mol.  Unkekulized atoms: 3 4 5 6 7
[23:16:10] Can't kekulize mol.  Unkekulized atoms: 1 2 3 4 5
[23:16:10] WARNING: not removing hydrogen atom without neighbors
[23:16:10] Can't kekulize mol.  Unkekulized atoms: 1 2 3 4 5
[23:16:10] Explicit valence for atom # 6 O, 3, is greater than permitted
[23:16:10] Explicit valence for atom # 3 Si, 8, is greater than permitted
[23:16:11] Explicit valence for atom # 0 Cl, 2, is greater than permitted
[23:16:11] Can't kekulize mol.  Unkekulized atoms: 1 2 3 4 5
[23:16:12] Explicit valence for atom # 0 Cl, 2, is greater than permitted
[23:16:12] Can't kekulize mol.  Unkekulized atoms: 3 4 5 6 7
[23:16:13] Can't kekulize mol.  Unkekulized atoms: 3 4 5 6 7
[23:16:15] Can't kekulize mol.  Unkekulized atoms: 1 2 3 4 5
[23:16:15] Can't kekulize mol.  Unkekulized atoms: 3 4 5 6 7
[23:16:16] Can't kekulize mol.  Unkekulized atoms: 1 2 3 4 5
[23:16:16] WARNING: not removing hydrogen atom without neighbors
[23:16:16] Can't kekulize mol.  Unkekulized atoms: 1 2 3 4 5
[23:16:16] Explicit valence for atom # 6 O, 3, is greater than permitted
[23:16:16] Explicit valence for atom # 3 Si, 8, is greater than permitted
[23:16:17] Explicit valence for atom # 0 Cl, 2, is greater than permitted
