[1/4] Excel → CSV 변환 중...
[2/4] Pretraining on TOX21_ERa_LUC_VM7_Antagonist_0.5nM_E2_viability using GIN...
Epoch 1/50 - Loss: 0.6239 - Val F1: 0.2026 - Val ROC-AUC: 0.6961 - Val PR-AUC: 0.1171
Epoch 2/50 - Loss: 0.5432 - Val F1: 0.2381 - Val ROC-AUC: 0.8181 - Val PR-AUC: 0.2614
Epoch 3/50 - Loss: 0.5006 - Val F1: 0.3388 - Val ROC-AUC: 0.8081 - Val PR-AUC: 0.2768
Epoch 4/50 - Loss: 0.4705 - Val F1: 0.3736 - Val ROC-AUC: 0.8203 - Val PR-AUC: 0.2954
Epoch 5/50 - Loss: 0.4600 - Val F1: 0.2968 - Val ROC-AUC: 0.8305 - Val PR-AUC: 0.2676
Epoch 6/50 - Loss: 0.4434 - Val F1: 0.2847 - Val ROC-AUC: 0.8230 - Val PR-AUC: 0.3109
Epoch 7/50 - Loss: 0.4334 - Val F1: 0.3448 - Val ROC-AUC: 0.8255 - Val PR-AUC: 0.3109
Epoch 8/50 - Loss: 0.4129 - Val F1: 0.3864 - Val ROC-AUC: 0.8379 - Val PR-AUC: 0.3357
Epoch 9/50 - Loss: 0.4102 - Val F1: 0.3297 - Val ROC-AUC: 0.8439 - Val PR-AUC: 0.3537
Epoch 10/50 - Loss: 0.4010 - Val F1: 0.3077 - Val ROC-AUC: 0.8257 - Val PR-AUC: 0.3303
Epoch 11/50 - Loss: 0.3681 - Val F1: 0.3402 - Val ROC-AUC: 0.8444 - Val PR-AUC: 0.3516
Epoch 12/50 - Loss: 0.3635 - Val F1: 0.3721 - Val ROC-AUC: 0.8427 - Val PR-AUC: 0.3343
Epoch 13/50 - Loss: 0.3534 - Val F1: 0.3333 - Val ROC-AUC: 0.8333 - Val PR-AUC: 0.2982
Epoch 14/50 - Loss: 0.3441 - Val F1: 0.3360 - Val ROC-AUC: 0.8363 - Val PR-AUC: 0.3280
Epoch 15/50 - Loss: 0.3326 - Val F1: 0.3333 - Val ROC-AUC: 0.8334 - Val PR-AUC: 0.3282
Epoch 16/50 - Loss: 0.3316 - Val F1: 0.3333 - Val ROC-AUC: 0.8429 - Val PR-AUC: 0.3544
Epoch 17/50 - Loss: 0.3234 - Val F1: 0.3380 - Val ROC-AUC: 0.8290 - Val PR-AUC: 0.3759
Epoch 18/50 - Loss: 0.3149 - Val F1: 0.3037 - Val ROC-AUC: 0.8373 - Val PR-AUC: 0.3521
Epoch 19/50 - Loss: 0.3154 - Val F1: 0.3306 - Val ROC-AUC: 0.8300 - Val PR-AUC: 0.3057
Epoch 20/50 - Loss: 0.3024 - Val F1: 0.3553 - Val ROC-AUC: 0.8284 - Val PR-AUC: 0.3431
Epoch 21/50 - Loss: 0.2741 - Val F1: 0.3495 - Val ROC-AUC: 0.8229 - Val PR-AUC: 0.3286
Epoch 22/50 - Loss: 0.2722 - Val F1: 0.3662 - Val ROC-AUC: 0.8408 - Val PR-AUC: 0.3480
Epoch 23/50 - Loss: 0.2674 - Val F1: 0.3545 - Val ROC-AUC: 0.8409 - Val PR-AUC: 0.3677
Epoch 24/50 - Loss: 0.2613 - Val F1: 0.3535 - Val ROC-AUC: 0.8312 - Val PR-AUC: 0.3312
Epoch 25/50 - Loss: 0.2629 - Val F1: 0.3981 - Val ROC-AUC: 0.8473 - Val PR-AUC: 0.3532
Epoch 26/50 - Loss: 0.2473 - Val F1: 0.3915 - Val ROC-AUC: 0.8465 - Val PR-AUC: 0.3610
Epoch 27/50 - Loss: 0.2552 - Val F1: 0.3671 - Val ROC-AUC: 0.8448 - Val PR-AUC: 0.3651
Epoch 28/50 - Loss: 0.2524 - Val F1: 0.3770 - Val ROC-AUC: 0.8400 - Val PR-AUC: 0.3572
Epoch 29/50 - Loss: 0.2411 - Val F1: 0.3959 - Val ROC-AUC: 0.8394 - Val PR-AUC: 0.3432
Epoch 30/50 - Loss: 0.2414 - Val F1: 0.3810 - Val ROC-AUC: 0.8383 - Val PR-AUC: 0.3504
Epoch 31/50 - Loss: 0.2354 - Val F1: 0.3697 - Val ROC-AUC: 0.8475 - Val PR-AUC: 0.3644
Epoch 32/50 - Loss: 0.2180 - Val F1: 0.3762 - Val ROC-AUC: 0.8445 - Val PR-AUC: 0.3369
Epoch 33/50 - Loss: 0.2234 - Val F1: 0.3697 - Val ROC-AUC: 0.8405 - Val PR-AUC: 0.3295
Epoch 34/50 - Loss: 0.2120 - Val F1: 0.3795 - Val ROC-AUC: 0.8437 - Val PR-AUC: 0.3450
Epoch 35/50 - Loss: 0.2108 - Val F1: 0.3757 - Val ROC-AUC: 0.8436 - Val PR-AUC: 0.3455
Epoch 36/50 - Loss: 0.2039 - Val F1: 0.3810 - Val ROC-AUC: 0.8463 - Val PR-AUC: 0.3712
Epoch 37/50 - Loss: 0.2020 - Val F1: 0.4022 - Val ROC-AUC: 0.8373 - Val PR-AUC: 0.3397
Epoch 38/50 - Loss: 0.2090 - Val F1: 0.3716 - Val ROC-AUC: 0.8414 - Val PR-AUC: 0.3728
Epoch 39/50 - Loss: 0.2020 - Val F1: 0.3865 - Val ROC-AUC: 0.8427 - Val PR-AUC: 0.3394
Epoch 40/50 - Loss: 0.2105 - Val F1: 0.3978 - Val ROC-AUC: 0.8408 - Val PR-AUC: 0.3480
Epoch 41/50 - Loss: 0.2020 - Val F1: 0.3825 - Val ROC-AUC: 0.8401 - Val PR-AUC: 0.3428
Epoch 42/50 - Loss: 0.1949 - Val F1: 0.4000 - Val ROC-AUC: 0.8426 - Val PR-AUC: 0.3639
Epoch 43/50 - Loss: 0.1981 - Val F1: 0.3814 - Val ROC-AUC: 0.8401 - Val PR-AUC: 0.3498
Epoch 44/50 - Loss: 0.1909 - Val F1: 0.3598 - Val ROC-AUC: 0.8392 - Val PR-AUC: 0.3633
Epoch 45/50 - Loss: 0.1957 - Val F1: 0.3958 - Val ROC-AUC: 0.8400 - Val PR-AUC: 0.3547
Epoch 46/50 - Loss: 0.1949 - Val F1: 0.3723 - Val ROC-AUC: 0.8383 - Val PR-AUC: 0.3351
Epoch 47/50 - Loss: 0.1851 - Val F1: 0.3908 - Val ROC-AUC: 0.8411 - Val PR-AUC: 0.3809
Epoch 48/50 - Loss: 0.1918 - Val F1: 0.3955 - Val ROC-AUC: 0.8391 - Val PR-AUC: 0.3651
Epoch 49/50 - Loss: 0.1970 - Val F1: 0.4000 - Val ROC-AUC: 0.8443 - Val PR-AUC: 0.3833
Epoch 50/50 - Loss: 0.1978 - Val F1: 0.3864 - Val ROC-AUC: 0.8399 - Val PR-AUC: 0.3858
Pretraining completed. Test F1: 0.4199, ROC-AUC: 0.8717, PR-AUC: 0.3640
[3/4] Finetuning on TOX21_ERa_LUC_VM7_Agonist_10nM_ICI182780 using GIN...
[Fine-tune] Epoch 1/50 - Loss: 0.3039 - Val F1: 0.2500 - Val ROC-AUC: 0.8301 - Val PR-AUC: 0.4297
[Fine-tune] Epoch 2/50 - Loss: 0.1776 - Val F1: 0.2286 - Val ROC-AUC: 0.8462 - Val PR-AUC: 0.3639
[Fine-tune] Epoch 3/50 - Loss: 0.1586 - Val F1: 0.1951 - Val ROC-AUC: 0.8231 - Val PR-AUC: 0.3379
[Fine-tune] Epoch 4/50 - Loss: 0.1401 - Val F1: 0.1600 - Val ROC-AUC: 0.7686 - Val PR-AUC: 0.2120
[Fine-tune] Epoch 5/50 - Loss: 0.1184 - Val F1: 0.2727 - Val ROC-AUC: 0.8090 - Val PR-AUC: 0.4815
[Fine-tune] Epoch 6/50 - Loss: 0.1146 - Val F1: 0.3273 - Val ROC-AUC: 0.8090 - Val PR-AUC: 0.4304
[Fine-tune] Epoch 7/50 - Loss: 0.1117 - Val F1: 0.3462 - Val ROC-AUC: 0.7892 - Val PR-AUC: 0.3330
[Fine-tune] Epoch 8/50 - Loss: 0.0876 - Val F1: 0.3673 - Val ROC-AUC: 0.8281 - Val PR-AUC: 0.4356
[Fine-tune] Epoch 9/50 - Loss: 0.0943 - Val F1: 0.3846 - Val ROC-AUC: 0.8252 - Val PR-AUC: 0.3498
[Fine-tune] Epoch 10/50 - Loss: 0.0965 - Val F1: 0.2593 - Val ROC-AUC: 0.7865 - Val PR-AUC: 0.2398
[Fine-tune] Epoch 11/50 - Loss: 0.0784 - Val F1: 0.3256 - Val ROC-AUC: 0.8297 - Val PR-AUC: 0.3748
[Fine-tune] Epoch 12/50 - Loss: 0.0555 - Val F1: 0.3500 - Val ROC-AUC: 0.8293 - Val PR-AUC: 0.4167
[Fine-tune] Epoch 13/50 - Loss: 0.0605 - Val F1: 0.2979 - Val ROC-AUC: 0.8538 - Val PR-AUC: 0.4325
[Fine-tune] Epoch 14/50 - Loss: 0.0523 - Val F1: 0.3111 - Val ROC-AUC: 0.8250 - Val PR-AUC: 0.3122
[Fine-tune] Epoch 15/50 - Loss: 0.0460 - Val F1: 0.3684 - Val ROC-AUC: 0.8219 - Val PR-AUC: 0.3095
[Fine-tune] Epoch 16/50 - Loss: 0.0621 - Val F1: 0.3684 - Val ROC-AUC: 0.8401 - Val PR-AUC: 0.3328
[Fine-tune] Epoch 17/50 - Loss: 0.0465 - Val F1: 0.3415 - Val ROC-AUC: 0.7848 - Val PR-AUC: 0.3185
[Fine-tune] Epoch 18/50 - Loss: 0.0497 - Val F1: 0.2927 - Val ROC-AUC: 0.7619 - Val PR-AUC: 0.2799
[Fine-tune] Epoch 19/50 - Loss: 0.0514 - Val F1: 0.3182 - Val ROC-AUC: 0.8125 - Val PR-AUC: 0.3287
[Fine-tune] Epoch 20/50 - Loss: 0.0521 - Val F1: 0.3750 - Val ROC-AUC: 0.8098 - Val PR-AUC: 0.3076
[Fine-tune] Epoch 21/50 - Loss: 0.0313 - Val F1: 0.3500 - Val ROC-AUC: 0.8060 - Val PR-AUC: 0.3084
[Fine-tune] Epoch 22/50 - Loss: 0.0354 - Val F1: 0.3636 - Val ROC-AUC: 0.8212 - Val PR-AUC: 0.3068
[Fine-tune] Epoch 23/50 - Loss: 0.0329 - Val F1: 0.3500 - Val ROC-AUC: 0.8197 - Val PR-AUC: 0.3027
[Fine-tune] Epoch 24/50 - Loss: 0.0273 - Val F1: 0.3684 - Val ROC-AUC: 0.8399 - Val PR-AUC: 0.3344
[Fine-tune] Epoch 25/50 - Loss: 0.0326 - Val F1: 0.4516 - Val ROC-AUC: 0.8535 - Val PR-AUC: 0.3233
[Fine-tune] Epoch 26/50 - Loss: 0.0268 - Val F1: 0.4000 - Val ROC-AUC: 0.8699 - Val PR-AUC: 0.3487
[Fine-tune] Epoch 27/50 - Loss: 0.0367 - Val F1: 0.4000 - Val ROC-AUC: 0.8441 - Val PR-AUC: 0.3254
[Fine-tune] Epoch 28/50 - Loss: 0.0358 - Val F1: 0.3784 - Val ROC-AUC: 0.8290 - Val PR-AUC: 0.3461
[Fine-tune] Epoch 29/50 - Loss: 0.0316 - Val F1: 0.3333 - Val ROC-AUC: 0.8294 - Val PR-AUC: 0.3029
[Fine-tune] Epoch 30/50 - Loss: 0.0289 - Val F1: 0.3750 - Val ROC-AUC: 0.8015 - Val PR-AUC: 0.2690
[Fine-tune] Epoch 31/50 - Loss: 0.0253 - Val F1: 0.3529 - Val ROC-AUC: 0.8323 - Val PR-AUC: 0.3287
[Fine-tune] Epoch 32/50 - Loss: 0.0296 - Val F1: 0.3750 - Val ROC-AUC: 0.8434 - Val PR-AUC: 0.3136
[Fine-tune] Epoch 33/50 - Loss: 0.0285 - Val F1: 0.3750 - Val ROC-AUC: 0.8296 - Val PR-AUC: 0.3058
[Fine-tune] Epoch 34/50 - Loss: 0.0228 - Val F1: 0.3529 - Val ROC-AUC: 0.8323 - Val PR-AUC: 0.3039
[Fine-tune] Epoch 35/50 - Loss: 0.0270 - Val F1: 0.3750 - Val ROC-AUC: 0.8658 - Val PR-AUC: 0.3217
[Fine-tune] Epoch 36/50 - Loss: 0.0196 - Val F1: 0.3333 - Val ROC-AUC: 0.8338 - Val PR-AUC: 0.2976
[Fine-tune] Epoch 37/50 - Loss: 0.0226 - Val F1: 0.3750 - Val ROC-AUC: 0.8368 - Val PR-AUC: 0.3124
[Fine-tune] Epoch 38/50 - Loss: 0.0270 - Val F1: 0.3889 - Val ROC-AUC: 0.8537 - Val PR-AUC: 0.3191
[Fine-tune] Epoch 39/50 - Loss: 0.0218 - Val F1: 0.3750 - Val ROC-AUC: 0.8202 - Val PR-AUC: 0.3074
[Fine-tune] Epoch 40/50 - Loss: 0.0185 - Val F1: 0.4138 - Val ROC-AUC: 0.8458 - Val PR-AUC: 0.3050
[Fine-tune] Epoch 41/50 - Loss: 0.0154 - Val F1: 0.3750 - Val ROC-AUC: 0.8259 - Val PR-AUC: 0.3008
[Fine-tune] Epoch 42/50 - Loss: 0.0192 - Val F1: 0.3636 - Val ROC-AUC: 0.8336 - Val PR-AUC: 0.3032
[Fine-tune] Epoch 43/50 - Loss: 0.0233 - Val F1: 0.3226 - Val ROC-AUC: 0.8297 - Val PR-AUC: 0.2947
[Fine-tune] Epoch 44/50 - Loss: 0.0197 - Val F1: 0.3750 - Val ROC-AUC: 0.8493 - Val PR-AUC: 0.3107
[Fine-tune] Epoch 45/50 - Loss: 0.0202 - Val F1: 0.4000 - Val ROC-AUC: 0.8561 - Val PR-AUC: 0.3168
[Fine-tune] Epoch 46/50 - Loss: 0.0192 - Val F1: 0.4242 - Val ROC-AUC: 0.8550 - Val PR-AUC: 0.3189
[Fine-tune] Epoch 47/50 - Loss: 0.0199 - Val F1: 0.4138 - Val ROC-AUC: 0.8484 - Val PR-AUC: 0.3201
[Fine-tune] Epoch 48/50 - Loss: 0.0147 - Val F1: 0.3429 - Val ROC-AUC: 0.8428 - Val PR-AUC: 0.3179
[Fine-tune] Epoch 49/50 - Loss: 0.0202 - Val F1: 0.3333 - Val ROC-AUC: 0.8249 - Val PR-AUC: 0.2949
[Fine-tune] Epoch 50/50 - Loss: 0.0181 - Val F1: 0.3871 - Val ROC-AUC: 0.8464 - Val PR-AUC: 0.3187
Finetuning completed. Test F1: 0.2979, ROC-AUC: 0.8533, PR-AUC: 0.1775
[3.1/4] Target-only training on TOX21_ERa_LUC_VM7_Agonist_10nM_ICI182780 using GIN...
=== Target-only training ===
[Target-only] Epoch 1/50 – Loss: 0.3825  Val F1: 0.1325  ROC-AUC: 0.7855  PR-AUC: 0.2804
[Target-only] Epoch 2/50 – Loss: 0.2751  Val F1: 0.2571  ROC-AUC: 0.7676  PR-AUC: 0.2399
[Target-only] Epoch 3/50 – Loss: 0.2500  Val F1: 0.1818  ROC-AUC: 0.8315  PR-AUC: 0.3124
[Target-only] Epoch 4/50 – Loss: 0.2213  Val F1: 0.2278  ROC-AUC: 0.7589  PR-AUC: 0.2682
[Target-only] Epoch 5/50 – Loss: 0.1909  Val F1: 0.2581  ROC-AUC: 0.7703  PR-AUC: 0.2660
[Target-only] Epoch 6/50 – Loss: 0.1911  Val F1: 0.2623  ROC-AUC: 0.7866  PR-AUC: 0.3039
[Target-only] Epoch 7/50 – Loss: 0.1835  Val F1: 0.2424  ROC-AUC: 0.7884  PR-AUC: 0.2547
[Target-only] Epoch 8/50 – Loss: 0.1668  Val F1: 0.2667  ROC-AUC: 0.7542  PR-AUC: 0.2482
[Target-only] Epoch 9/50 – Loss: 0.1581  Val F1: 0.2581  ROC-AUC: 0.7882  PR-AUC: 0.2586
[Target-only] Epoch 10/50 – Loss: 0.1340  Val F1: 0.2319  ROC-AUC: 0.7689  PR-AUC: 0.2936
[Target-only] Epoch 11/50 – Loss: 0.1338  Val F1: 0.2807  ROC-AUC: 0.7916  PR-AUC: 0.2628
[Target-only] Epoch 12/50 – Loss: 0.1145  Val F1: 0.2545  ROC-AUC: 0.7654  PR-AUC: 0.1866
[Target-only] Epoch 13/50 – Loss: 0.1019  Val F1: 0.2807  ROC-AUC: 0.8183  PR-AUC: 0.3244
[Target-only] Epoch 14/50 – Loss: 0.1066  Val F1: 0.3265  ROC-AUC: 0.8018  PR-AUC: 0.3273
[Target-only] Epoch 15/50 – Loss: 0.0966  Val F1: 0.2667  ROC-AUC: 0.7766  PR-AUC: 0.2809
[Target-only] Epoch 16/50 – Loss: 0.0987  Val F1: 0.2400  ROC-AUC: 0.8184  PR-AUC: 0.3016
[Target-only] Epoch 17/50 – Loss: 0.1027  Val F1: 0.2540  ROC-AUC: 0.7911  PR-AUC: 0.2047
[Target-only] Epoch 18/50 – Loss: 0.1109  Val F1: 0.2979  ROC-AUC: 0.7771  PR-AUC: 0.3135
[Target-only] Epoch 19/50 – Loss: 0.1046  Val F1: 0.3043  ROC-AUC: 0.7608  PR-AUC: 0.2360
[Target-only] Epoch 20/50 – Loss: 0.0772  Val F1: 0.2800  ROC-AUC: 0.7943  PR-AUC: 0.2158
[Target-only] Epoch 21/50 – Loss: 0.0725  Val F1: 0.2667  ROC-AUC: 0.7937  PR-AUC: 0.2223
[Target-only] Epoch 22/50 – Loss: 0.0696  Val F1: 0.2553  ROC-AUC: 0.7978  PR-AUC: 0.2399
[Target-only] Epoch 23/50 – Loss: 0.0575  Val F1: 0.2727  ROC-AUC: 0.7919  PR-AUC: 0.2782
[Target-only] Epoch 24/50 – Loss: 0.0569  Val F1: 0.2927  ROC-AUC: 0.8062  PR-AUC: 0.2405
[Target-only] Epoch 25/50 – Loss: 0.0632  Val F1: 0.2927  ROC-AUC: 0.7792  PR-AUC: 0.2713
[Target-only] Epoch 26/50 – Loss: 0.0618  Val F1: 0.3256  ROC-AUC: 0.7797  PR-AUC: 0.2516
[Target-only] Epoch 27/50 – Loss: 0.0593  Val F1: 0.2857  ROC-AUC: 0.7907  PR-AUC: 0.2772
[Target-only] Epoch 28/50 – Loss: 0.0522  Val F1: 0.2927  ROC-AUC: 0.7909  PR-AUC: 0.2514
[Target-only] Epoch 29/50 – Loss: 0.0572  Val F1: 0.2609  ROC-AUC: 0.7912  PR-AUC: 0.2573
[Target-only] Epoch 30/50 – Loss: 0.0550  Val F1: 0.2500  ROC-AUC: 0.7861  PR-AUC: 0.2086
[Target-only] Epoch 31/50 – Loss: 0.0540  Val F1: 0.3000  ROC-AUC: 0.7818  PR-AUC: 0.1938
[Target-only] Epoch 32/50 – Loss: 0.0457  Val F1: 0.2791  ROC-AUC: 0.7877  PR-AUC: 0.2503
[Target-only] Epoch 33/50 – Loss: 0.0476  Val F1: 0.2222  ROC-AUC: 0.7897  PR-AUC: 0.1925
[Target-only] Epoch 34/50 – Loss: 0.0502  Val F1: 0.2727  ROC-AUC: 0.8042  PR-AUC: 0.2564
[Target-only] Epoch 35/50 – Loss: 0.0389  Val F1: 0.2857  ROC-AUC: 0.8022  PR-AUC: 0.2281
[Target-only] Epoch 36/50 – Loss: 0.0403  Val F1: 0.3000  ROC-AUC: 0.8088  PR-AUC: 0.2451
[Target-only] Epoch 37/50 – Loss: 0.0456  Val F1: 0.2857  ROC-AUC: 0.8038  PR-AUC: 0.2219
[Target-only] Epoch 38/50 – Loss: 0.0385  Val F1: 0.2500  ROC-AUC: 0.7854  PR-AUC: 0.2348
[Target-only] Epoch 39/50 – Loss: 0.0385  Val F1: 0.1951  ROC-AUC: 0.7948  PR-AUC: 0.2218
[Target-only] Epoch 40/50 – Loss: 0.0444  Val F1: 0.2286  ROC-AUC: 0.7927  PR-AUC: 0.2363
[Target-only] Epoch 41/50 – Loss: 0.0377  Val F1: 0.2105  ROC-AUC: 0.7832  PR-AUC: 0.2285
[Target-only] Epoch 42/50 – Loss: 0.0394  Val F1: 0.2632  ROC-AUC: 0.7909  PR-AUC: 0.2739
[Target-only] Epoch 43/50 – Loss: 0.0365  Val F1: 0.2778  ROC-AUC: 0.7874  PR-AUC: 0.2377
[Target-only] Epoch 44/50 – Loss: 0.0391  Val F1: 0.2703  ROC-AUC: 0.7926  PR-AUC: 0.2793
[Target-only] Epoch 45/50 – Loss: 0.0397  Val F1: 0.3333  ROC-AUC: 0.7922  PR-AUC: 0.2487
[Target-only] Epoch 46/50 – Loss: 0.0385  Val F1: 0.3529  ROC-AUC: 0.7993  PR-AUC: 0.2401
[Target-only] Epoch 47/50 – Loss: 0.0379  Val F1: 0.3243  ROC-AUC: 0.8037  PR-AUC: 0.2646
[Target-only] Epoch 48/50 – Loss: 0.0306  Val F1: 0.2941  ROC-AUC: 0.7962  PR-AUC: 0.2382
[Target-only] Epoch 49/50 – Loss: 0.0375  Val F1: 0.2353  ROC-AUC: 0.7958  PR-AUC: 0.2576
[Target-only] Epoch 50/50 – Loss: 0.0344  Val F1: 0.3333  ROC-AUC: 0.8089  PR-AUC: 0.2824
=== Target-only TEST performance ===
Test F1: 0.2400, ROC-AUC: 0.8000, PR-AUC: 0.1387
[4/4] Embedding 시각화 중...
✅ Embeddings 저장 완료: embeddings_TOX21_ERa_LUC_VM7_Antagonist_0.5nM_E2_viability_TOX21_ERa_LUC_VM7_Agonist_10nM_ICI182780_GIN.png
✅ 실험 완료: TOX21_ERa_LUC_VM7_Antagonist_0.5nM_E2_viability -> TOX21_ERa_LUC_VM7_Agonist_10nM_ICI182780 [GIN]
