[1/4] Excel → CSV 변환 중...
[2/4] Pretraining on TOX21_ERa_LUC_VM7_Agonist using GIN...
Epoch 1/50 - Loss: 0.6762 - Val F1: 0.2400 - Val ROC-AUC: 0.6424 - Val PR-AUC: 0.2834
Epoch 2/50 - Loss: 0.6458 - Val F1: 0.2646 - Val ROC-AUC: 0.6639 - Val PR-AUC: 0.2746
Epoch 3/50 - Loss: 0.6347 - Val F1: 0.2718 - Val ROC-AUC: 0.6535 - Val PR-AUC: 0.2524
Epoch 4/50 - Loss: 0.6287 - Val F1: 0.2907 - Val ROC-AUC: 0.6368 - Val PR-AUC: 0.2560
Epoch 5/50 - Loss: 0.6319 - Val F1: 0.2588 - Val ROC-AUC: 0.6237 - Val PR-AUC: 0.2241
Epoch 6/50 - Loss: 0.6231 - Val F1: 0.2737 - Val ROC-AUC: 0.6316 - Val PR-AUC: 0.2370
Epoch 7/50 - Loss: 0.6151 - Val F1: 0.2680 - Val ROC-AUC: 0.6577 - Val PR-AUC: 0.2606
Epoch 8/50 - Loss: 0.6064 - Val F1: 0.3035 - Val ROC-AUC: 0.6751 - Val PR-AUC: 0.2694
Epoch 9/50 - Loss: 0.6051 - Val F1: 0.2808 - Val ROC-AUC: 0.6644 - Val PR-AUC: 0.2264
Epoch 10/50 - Loss: 0.5791 - Val F1: 0.3204 - Val ROC-AUC: 0.6856 - Val PR-AUC: 0.2908
Epoch 11/50 - Loss: 0.5679 - Val F1: 0.3082 - Val ROC-AUC: 0.6914 - Val PR-AUC: 0.2769
Epoch 12/50 - Loss: 0.5657 - Val F1: 0.2857 - Val ROC-AUC: 0.6708 - Val PR-AUC: 0.2878
Epoch 13/50 - Loss: 0.5643 - Val F1: 0.3140 - Val ROC-AUC: 0.6964 - Val PR-AUC: 0.3046
Epoch 14/50 - Loss: 0.5540 - Val F1: 0.3062 - Val ROC-AUC: 0.6801 - Val PR-AUC: 0.3073
Epoch 15/50 - Loss: 0.5433 - Val F1: 0.3293 - Val ROC-AUC: 0.6933 - Val PR-AUC: 0.2998
Epoch 16/50 - Loss: 0.5432 - Val F1: 0.3271 - Val ROC-AUC: 0.6785 - Val PR-AUC: 0.2932
Epoch 17/50 - Loss: 0.5435 - Val F1: 0.3213 - Val ROC-AUC: 0.6788 - Val PR-AUC: 0.2857
Epoch 18/50 - Loss: 0.5368 - Val F1: 0.3125 - Val ROC-AUC: 0.6870 - Val PR-AUC: 0.2669
Epoch 19/50 - Loss: 0.5350 - Val F1: 0.2915 - Val ROC-AUC: 0.6615 - Val PR-AUC: 0.2584
Epoch 20/50 - Loss: 0.5236 - Val F1: 0.3043 - Val ROC-AUC: 0.6886 - Val PR-AUC: 0.2993
Epoch 21/50 - Loss: 0.5085 - Val F1: 0.3361 - Val ROC-AUC: 0.6848 - Val PR-AUC: 0.2967
Epoch 22/50 - Loss: 0.4961 - Val F1: 0.3333 - Val ROC-AUC: 0.6938 - Val PR-AUC: 0.3088
Epoch 23/50 - Loss: 0.4967 - Val F1: 0.3072 - Val ROC-AUC: 0.6657 - Val PR-AUC: 0.2956
Epoch 24/50 - Loss: 0.4922 - Val F1: 0.3206 - Val ROC-AUC: 0.6888 - Val PR-AUC: 0.3263
Epoch 25/50 - Loss: 0.4720 - Val F1: 0.3323 - Val ROC-AUC: 0.6850 - Val PR-AUC: 0.2711
Epoch 26/50 - Loss: 0.4819 - Val F1: 0.3161 - Val ROC-AUC: 0.6904 - Val PR-AUC: 0.2988
Epoch 27/50 - Loss: 0.4793 - Val F1: 0.3343 - Val ROC-AUC: 0.6894 - Val PR-AUC: 0.2974
Epoch 28/50 - Loss: 0.4833 - Val F1: 0.3353 - Val ROC-AUC: 0.6811 - Val PR-AUC: 0.3129
Epoch 29/50 - Loss: 0.4583 - Val F1: 0.3537 - Val ROC-AUC: 0.6961 - Val PR-AUC: 0.2933
Epoch 30/50 - Loss: 0.4792 - Val F1: 0.3205 - Val ROC-AUC: 0.6775 - Val PR-AUC: 0.3022
Epoch 31/50 - Loss: 0.4571 - Val F1: 0.3421 - Val ROC-AUC: 0.6738 - Val PR-AUC: 0.2974
Epoch 32/50 - Loss: 0.4532 - Val F1: 0.3390 - Val ROC-AUC: 0.6907 - Val PR-AUC: 0.3084
Epoch 33/50 - Loss: 0.4417 - Val F1: 0.3667 - Val ROC-AUC: 0.6857 - Val PR-AUC: 0.3191
Epoch 34/50 - Loss: 0.4241 - Val F1: 0.3421 - Val ROC-AUC: 0.6786 - Val PR-AUC: 0.2953
Epoch 35/50 - Loss: 0.4352 - Val F1: 0.3365 - Val ROC-AUC: 0.6869 - Val PR-AUC: 0.3163
Epoch 36/50 - Loss: 0.4356 - Val F1: 0.3385 - Val ROC-AUC: 0.6840 - Val PR-AUC: 0.3037
Epoch 37/50 - Loss: 0.4292 - Val F1: 0.3517 - Val ROC-AUC: 0.6872 - Val PR-AUC: 0.3228
Epoch 38/50 - Loss: 0.4203 - Val F1: 0.3427 - Val ROC-AUC: 0.6894 - Val PR-AUC: 0.3009
Epoch 39/50 - Loss: 0.4158 - Val F1: 0.3518 - Val ROC-AUC: 0.7002 - Val PR-AUC: 0.3122
Epoch 40/50 - Loss: 0.4226 - Val F1: 0.3595 - Val ROC-AUC: 0.6957 - Val PR-AUC: 0.3075
Epoch 41/50 - Loss: 0.4230 - Val F1: 0.3688 - Val ROC-AUC: 0.6953 - Val PR-AUC: 0.3092
Epoch 42/50 - Loss: 0.4134 - Val F1: 0.3469 - Val ROC-AUC: 0.6899 - Val PR-AUC: 0.3090
Epoch 43/50 - Loss: 0.4124 - Val F1: 0.3624 - Val ROC-AUC: 0.6947 - Val PR-AUC: 0.3236
Epoch 44/50 - Loss: 0.4101 - Val F1: 0.3593 - Val ROC-AUC: 0.6893 - Val PR-AUC: 0.3255
Epoch 45/50 - Loss: 0.4120 - Val F1: 0.3537 - Val ROC-AUC: 0.6868 - Val PR-AUC: 0.3170
Epoch 46/50 - Loss: 0.4029 - Val F1: 0.3611 - Val ROC-AUC: 0.6915 - Val PR-AUC: 0.3347
Epoch 47/50 - Loss: 0.4049 - Val F1: 0.3562 - Val ROC-AUC: 0.6881 - Val PR-AUC: 0.3206
Epoch 48/50 - Loss: 0.3967 - Val F1: 0.3490 - Val ROC-AUC: 0.6887 - Val PR-AUC: 0.3175
Epoch 49/50 - Loss: 0.4030 - Val F1: 0.3492 - Val ROC-AUC: 0.6889 - Val PR-AUC: 0.3247
Epoch 50/50 - Loss: 0.4018 - Val F1: 0.3343 - Val ROC-AUC: 0.6878 - Val PR-AUC: 0.3078
Pretraining completed. Test F1: 0.3251, ROC-AUC: 0.6460, PR-AUC: 0.2856
[3/4] Finetuning on TOX21_ERa_LUC_VM7_Agonist_10nM_ICI182780 using GIN...
[Fine-tune] Epoch 1/50 - Loss: 0.3105 - Val F1: 0.2462 - Val ROC-AUC: 0.8392 - Val PR-AUC: 0.3385
[Fine-tune] Epoch 2/50 - Loss: 0.1939 - Val F1: 0.2903 - Val ROC-AUC: 0.8493 - Val PR-AUC: 0.3599
[Fine-tune] Epoch 3/50 - Loss: 0.1626 - Val F1: 0.3396 - Val ROC-AUC: 0.7977 - Val PR-AUC: 0.3700
[Fine-tune] Epoch 4/50 - Loss: 0.1206 - Val F1: 0.2254 - Val ROC-AUC: 0.8361 - Val PR-AUC: 0.3847
[Fine-tune] Epoch 5/50 - Loss: 0.1244 - Val F1: 0.3396 - Val ROC-AUC: 0.8367 - Val PR-AUC: 0.4135
[Fine-tune] Epoch 6/50 - Loss: 0.1181 - Val F1: 0.3214 - Val ROC-AUC: 0.7989 - Val PR-AUC: 0.4544
[Fine-tune] Epoch 7/50 - Loss: 0.1042 - Val F1: 0.3265 - Val ROC-AUC: 0.7885 - Val PR-AUC: 0.3922
[Fine-tune] Epoch 8/50 - Loss: 0.1101 - Val F1: 0.2051 - Val ROC-AUC: 0.8489 - Val PR-AUC: 0.3911
[Fine-tune] Epoch 9/50 - Loss: 0.1040 - Val F1: 0.2963 - Val ROC-AUC: 0.8011 - Val PR-AUC: 0.4222
[Fine-tune] Epoch 10/50 - Loss: 0.0791 - Val F1: 0.4186 - Val ROC-AUC: 0.7663 - Val PR-AUC: 0.3130
[Fine-tune] Epoch 11/50 - Loss: 0.0636 - Val F1: 0.3721 - Val ROC-AUC: 0.8294 - Val PR-AUC: 0.4208
[Fine-tune] Epoch 12/50 - Loss: 0.0635 - Val F1: 0.3333 - Val ROC-AUC: 0.8185 - Val PR-AUC: 0.3594
[Fine-tune] Epoch 13/50 - Loss: 0.0584 - Val F1: 0.2857 - Val ROC-AUC: 0.8041 - Val PR-AUC: 0.3564
[Fine-tune] Epoch 14/50 - Loss: 0.0520 - Val F1: 0.3590 - Val ROC-AUC: 0.7748 - Val PR-AUC: 0.3572
[Fine-tune] Epoch 15/50 - Loss: 0.0398 - Val F1: 0.3721 - Val ROC-AUC: 0.7967 - Val PR-AUC: 0.4225
[Fine-tune] Epoch 16/50 - Loss: 0.0530 - Val F1: 0.4000 - Val ROC-AUC: 0.8183 - Val PR-AUC: 0.4635
[Fine-tune] Epoch 17/50 - Loss: 0.0444 - Val F1: 0.3721 - Val ROC-AUC: 0.7854 - Val PR-AUC: 0.3417
[Fine-tune] Epoch 18/50 - Loss: 0.0507 - Val F1: 0.3556 - Val ROC-AUC: 0.7887 - Val PR-AUC: 0.3739
[Fine-tune] Epoch 19/50 - Loss: 0.0539 - Val F1: 0.3333 - Val ROC-AUC: 0.8089 - Val PR-AUC: 0.5206
[Fine-tune] Epoch 20/50 - Loss: 0.0441 - Val F1: 0.3902 - Val ROC-AUC: 0.8314 - Val PR-AUC: 0.4055
[Fine-tune] Epoch 21/50 - Loss: 0.0371 - Val F1: 0.3889 - Val ROC-AUC: 0.7843 - Val PR-AUC: 0.3868
[Fine-tune] Epoch 22/50 - Loss: 0.0317 - Val F1: 0.3684 - Val ROC-AUC: 0.7872 - Val PR-AUC: 0.3765
[Fine-tune] Epoch 23/50 - Loss: 0.0307 - Val F1: 0.4000 - Val ROC-AUC: 0.7911 - Val PR-AUC: 0.3956
[Fine-tune] Epoch 24/50 - Loss: 0.0314 - Val F1: 0.3784 - Val ROC-AUC: 0.7608 - Val PR-AUC: 0.3612
[Fine-tune] Epoch 25/50 - Loss: 0.0285 - Val F1: 0.3889 - Val ROC-AUC: 0.7800 - Val PR-AUC: 0.3470
[Fine-tune] Epoch 26/50 - Loss: 0.0243 - Val F1: 0.3684 - Val ROC-AUC: 0.7792 - Val PR-AUC: 0.3827
[Fine-tune] Epoch 27/50 - Loss: 0.0327 - Val F1: 0.4000 - Val ROC-AUC: 0.8037 - Val PR-AUC: 0.3833
[Fine-tune] Epoch 28/50 - Loss: 0.0228 - Val F1: 0.3333 - Val ROC-AUC: 0.7929 - Val PR-AUC: 0.3440
[Fine-tune] Epoch 29/50 - Loss: 0.0332 - Val F1: 0.4118 - Val ROC-AUC: 0.7951 - Val PR-AUC: 0.3558
[Fine-tune] Epoch 30/50 - Loss: 0.0265 - Val F1: 0.4000 - Val ROC-AUC: 0.8148 - Val PR-AUC: 0.3932
[Fine-tune] Epoch 31/50 - Loss: 0.0182 - Val F1: 0.3784 - Val ROC-AUC: 0.8115 - Val PR-AUC: 0.3718
[Fine-tune] Epoch 32/50 - Loss: 0.0207 - Val F1: 0.4118 - Val ROC-AUC: 0.8029 - Val PR-AUC: 0.4156
[Fine-tune] Epoch 33/50 - Loss: 0.0189 - Val F1: 0.4000 - Val ROC-AUC: 0.8155 - Val PR-AUC: 0.3693
[Fine-tune] Epoch 34/50 - Loss: 0.0213 - Val F1: 0.3429 - Val ROC-AUC: 0.8089 - Val PR-AUC: 0.3874
[Fine-tune] Epoch 35/50 - Loss: 0.0167 - Val F1: 0.4118 - Val ROC-AUC: 0.7924 - Val PR-AUC: 0.4009
[Fine-tune] Epoch 36/50 - Loss: 0.0206 - Val F1: 0.4118 - Val ROC-AUC: 0.8134 - Val PR-AUC: 0.4121
[Fine-tune] Epoch 37/50 - Loss: 0.0198 - Val F1: 0.3636 - Val ROC-AUC: 0.8003 - Val PR-AUC: 0.3359
[Fine-tune] Epoch 38/50 - Loss: 0.0157 - Val F1: 0.3871 - Val ROC-AUC: 0.8098 - Val PR-AUC: 0.4168
[Fine-tune] Epoch 39/50 - Loss: 0.0188 - Val F1: 0.3871 - Val ROC-AUC: 0.8169 - Val PR-AUC: 0.4143
[Fine-tune] Epoch 40/50 - Loss: 0.0251 - Val F1: 0.3636 - Val ROC-AUC: 0.7928 - Val PR-AUC: 0.3880
[Fine-tune] Epoch 41/50 - Loss: 0.0177 - Val F1: 0.3636 - Val ROC-AUC: 0.7947 - Val PR-AUC: 0.4077
[Fine-tune] Epoch 42/50 - Loss: 0.0162 - Val F1: 0.3750 - Val ROC-AUC: 0.7926 - Val PR-AUC: 0.3527
[Fine-tune] Epoch 43/50 - Loss: 0.0128 - Val F1: 0.3429 - Val ROC-AUC: 0.7916 - Val PR-AUC: 0.3314
[Fine-tune] Epoch 44/50 - Loss: 0.0164 - Val F1: 0.3750 - Val ROC-AUC: 0.8092 - Val PR-AUC: 0.3925
[Fine-tune] Epoch 45/50 - Loss: 0.0200 - Val F1: 0.3871 - Val ROC-AUC: 0.8098 - Val PR-AUC: 0.3938
[Fine-tune] Epoch 46/50 - Loss: 0.0235 - Val F1: 0.3636 - Val ROC-AUC: 0.7808 - Val PR-AUC: 0.3351
[Fine-tune] Epoch 47/50 - Loss: 0.0121 - Val F1: 0.3750 - Val ROC-AUC: 0.7858 - Val PR-AUC: 0.4121
[Fine-tune] Epoch 48/50 - Loss: 0.0140 - Val F1: 0.3871 - Val ROC-AUC: 0.7909 - Val PR-AUC: 0.4089
[Fine-tune] Epoch 49/50 - Loss: 0.0184 - Val F1: 0.3871 - Val ROC-AUC: 0.8060 - Val PR-AUC: 0.3880
[Fine-tune] Epoch 50/50 - Loss: 0.0143 - Val F1: 0.3871 - Val ROC-AUC: 0.8249 - Val PR-AUC: 0.4428
Finetuning completed. Test F1: 0.2609, ROC-AUC: 0.8164, PR-AUC: 0.1444
[3.1/4] Target-only training on TOX21_ERa_LUC_VM7_Agonist_10nM_ICI182780 using GIN...
=== Target-only training ===
[Target-only] Epoch 1/50 – Loss: 0.3897  Val F1: 0.1837  ROC-AUC: 0.8074  PR-AUC: 0.3119
[Target-only] Epoch 2/50 – Loss: 0.2919  Val F1: 0.2222  ROC-AUC: 0.7901  PR-AUC: 0.3477
[Target-only] Epoch 3/50 – Loss: 0.2431  Val F1: 0.2571  ROC-AUC: 0.7599  PR-AUC: 0.2302
[Target-only] Epoch 4/50 – Loss: 0.2193  Val F1: 0.1972  ROC-AUC: 0.7403  PR-AUC: 0.2377
[Target-only] Epoch 5/50 – Loss: 0.1944  Val F1: 0.2424  ROC-AUC: 0.7068  PR-AUC: 0.2791
[Target-only] Epoch 6/50 – Loss: 0.1821  Val F1: 0.3077  ROC-AUC: 0.7316  PR-AUC: 0.2201
[Target-only] Epoch 7/50 – Loss: 0.1588  Val F1: 0.2462  ROC-AUC: 0.8027  PR-AUC: 0.2315
[Target-only] Epoch 8/50 – Loss: 0.1738  Val F1: 0.2338  ROC-AUC: 0.7809  PR-AUC: 0.3043
[Target-only] Epoch 9/50 – Loss: 0.1539  Val F1: 0.1839  ROC-AUC: 0.7729  PR-AUC: 0.1965
[Target-only] Epoch 10/50 – Loss: 0.1350  Val F1: 0.2540  ROC-AUC: 0.7919  PR-AUC: 0.3597
[Target-only] Epoch 11/50 – Loss: 0.1130  Val F1: 0.3137  ROC-AUC: 0.7652  PR-AUC: 0.2437
[Target-only] Epoch 12/50 – Loss: 0.0962  Val F1: 0.2353  ROC-AUC: 0.7341  PR-AUC: 0.3006
[Target-only] Epoch 13/50 – Loss: 0.1109  Val F1: 0.2642  ROC-AUC: 0.7311  PR-AUC: 0.1942
[Target-only] Epoch 14/50 – Loss: 0.1025  Val F1: 0.3265  ROC-AUC: 0.7748  PR-AUC: 0.2767
[Target-only] Epoch 15/50 – Loss: 0.0781  Val F1: 0.3019  ROC-AUC: 0.7895  PR-AUC: 0.2303
[Target-only] Epoch 16/50 – Loss: 0.0910  Val F1: 0.2353  ROC-AUC: 0.7577  PR-AUC: 0.2303
[Target-only] Epoch 17/50 – Loss: 0.0927  Val F1: 0.3415  ROC-AUC: 0.7651  PR-AUC: 0.2611
[Target-only] Epoch 18/50 – Loss: 0.0875  Val F1: 0.2759  ROC-AUC: 0.8038  PR-AUC: 0.2531
[Target-only] Epoch 19/50 – Loss: 0.0749  Val F1: 0.2609  ROC-AUC: 0.7590  PR-AUC: 0.2047
[Target-only] Epoch 20/50 – Loss: 0.0741  Val F1: 0.2069  ROC-AUC: 0.7012  PR-AUC: 0.2254
[Target-only] Epoch 21/50 – Loss: 0.0680  Val F1: 0.2400  ROC-AUC: 0.7488  PR-AUC: 0.1997
[Target-only] Epoch 22/50 – Loss: 0.0651  Val F1: 0.2564  ROC-AUC: 0.7135  PR-AUC: 0.1949
[Target-only] Epoch 23/50 – Loss: 0.0538  Val F1: 0.2326  ROC-AUC: 0.7254  PR-AUC: 0.1965
[Target-only] Epoch 24/50 – Loss: 0.0565  Val F1: 0.2632  ROC-AUC: 0.7516  PR-AUC: 0.1750
[Target-only] Epoch 25/50 – Loss: 0.0622  Val F1: 0.2857  ROC-AUC: 0.7593  PR-AUC: 0.2258
[Target-only] Epoch 26/50 – Loss: 0.0548  Val F1: 0.2273  ROC-AUC: 0.7658  PR-AUC: 0.2293
[Target-only] Epoch 27/50 – Loss: 0.0486  Val F1: 0.2553  ROC-AUC: 0.7750  PR-AUC: 0.2460
[Target-only] Epoch 28/50 – Loss: 0.0480  Val F1: 0.2609  ROC-AUC: 0.7636  PR-AUC: 0.2679
[Target-only] Epoch 29/50 – Loss: 0.0459  Val F1: 0.2857  ROC-AUC: 0.7334  PR-AUC: 0.2034
[Target-only] Epoch 30/50 – Loss: 0.0546  Val F1: 0.1961  ROC-AUC: 0.7151  PR-AUC: 0.1893
[Target-only] Epoch 31/50 – Loss: 0.0463  Val F1: 0.2632  ROC-AUC: 0.7268  PR-AUC: 0.2275
[Target-only] Epoch 32/50 – Loss: 0.0450  Val F1: 0.2353  ROC-AUC: 0.7522  PR-AUC: 0.1867
[Target-only] Epoch 33/50 – Loss: 0.0320  Val F1: 0.2703  ROC-AUC: 0.7671  PR-AUC: 0.2340
[Target-only] Epoch 34/50 – Loss: 0.0320  Val F1: 0.2381  ROC-AUC: 0.7543  PR-AUC: 0.2170
[Target-only] Epoch 35/50 – Loss: 0.0388  Val F1: 0.2632  ROC-AUC: 0.7309  PR-AUC: 0.2029
[Target-only] Epoch 36/50 – Loss: 0.0550  Val F1: 0.3077  ROC-AUC: 0.7299  PR-AUC: 0.2632
[Target-only] Epoch 37/50 – Loss: 0.0444  Val F1: 0.2564  ROC-AUC: 0.7665  PR-AUC: 0.2406
[Target-only] Epoch 38/50 – Loss: 0.0355  Val F1: 0.3256  ROC-AUC: 0.7950  PR-AUC: 0.2911
[Target-only] Epoch 39/50 – Loss: 0.0390  Val F1: 0.2500  ROC-AUC: 0.7361  PR-AUC: 0.2919
[Target-only] Epoch 40/50 – Loss: 0.0346  Val F1: 0.3243  ROC-AUC: 0.7546  PR-AUC: 0.2630
[Target-only] Epoch 41/50 – Loss: 0.0321  Val F1: 0.3158  ROC-AUC: 0.7734  PR-AUC: 0.2708
[Target-only] Epoch 42/50 – Loss: 0.0380  Val F1: 0.3243  ROC-AUC: 0.7540  PR-AUC: 0.2364
[Target-only] Epoch 43/50 – Loss: 0.0352  Val F1: 0.3243  ROC-AUC: 0.7720  PR-AUC: 0.2368
[Target-only] Epoch 44/50 – Loss: 0.0293  Val F1: 0.3429  ROC-AUC: 0.7644  PR-AUC: 0.2355
[Target-only] Epoch 45/50 – Loss: 0.0318  Val F1: 0.3243  ROC-AUC: 0.7789  PR-AUC: 0.2590
[Target-only] Epoch 46/50 – Loss: 0.0282  Val F1: 0.3226  ROC-AUC: 0.7651  PR-AUC: 0.2231
[Target-only] Epoch 47/50 – Loss: 0.0295  Val F1: 0.3243  ROC-AUC: 0.7673  PR-AUC: 0.2641
[Target-only] Epoch 48/50 – Loss: 0.0270  Val F1: 0.3333  ROC-AUC: 0.7675  PR-AUC: 0.2402
[Target-only] Epoch 49/50 – Loss: 0.0275  Val F1: 0.3243  ROC-AUC: 0.7904  PR-AUC: 0.2480
[Target-only] Epoch 50/50 – Loss: 0.0330  Val F1: 0.2857  ROC-AUC: 0.7704  PR-AUC: 0.2308
=== Target-only TEST performance ===
Test F1: 0.2667, ROC-AUC: 0.7891, PR-AUC: 0.1252
[4/4] Embedding 시각화 중...
✅ Embeddings 저장 완료: embeddings_TOX21_ERa_LUC_VM7_Agonist_TOX21_ERa_LUC_VM7_Agonist_10nM_ICI182780_GIN.png
✅ 실험 완료: TOX21_ERa_LUC_VM7_Agonist -> TOX21_ERa_LUC_VM7_Agonist_10nM_ICI182780 [GIN]
