[1/4] Excel → CSV 변환 중...
[2/4] Pretraining on TOX21_ERa_LUC_VM7_Agonist using GIN...
Epoch 1/50 - Loss: 0.6744 - Val F1: 0.2678 - Val ROC-AUC: 0.6500 - Val PR-AUC: 0.2176
Epoch 2/50 - Loss: 0.6514 - Val F1: 0.2197 - Val ROC-AUC: 0.5863 - Val PR-AUC: 0.1658
Epoch 3/50 - Loss: 0.6513 - Val F1: 0.2814 - Val ROC-AUC: 0.6380 - Val PR-AUC: 0.2485
Epoch 4/50 - Loss: 0.6407 - Val F1: 0.2847 - Val ROC-AUC: 0.6757 - Val PR-AUC: 0.2142
Epoch 5/50 - Loss: 0.6269 - Val F1: 0.2833 - Val ROC-AUC: 0.6706 - Val PR-AUC: 0.2837
Epoch 6/50 - Loss: 0.6135 - Val F1: 0.2262 - Val ROC-AUC: 0.6590 - Val PR-AUC: 0.2384
Epoch 7/50 - Loss: 0.6141 - Val F1: 0.2911 - Val ROC-AUC: 0.6655 - Val PR-AUC: 0.2667
Epoch 8/50 - Loss: 0.6096 - Val F1: 0.3264 - Val ROC-AUC: 0.6795 - Val PR-AUC: 0.2882
Epoch 9/50 - Loss: 0.6101 - Val F1: 0.3143 - Val ROC-AUC: 0.7103 - Val PR-AUC: 0.3059
Epoch 10/50 - Loss: 0.5962 - Val F1: 0.2804 - Val ROC-AUC: 0.6695 - Val PR-AUC: 0.2607
Epoch 11/50 - Loss: 0.5764 - Val F1: 0.2898 - Val ROC-AUC: 0.6544 - Val PR-AUC: 0.2689
Epoch 12/50 - Loss: 0.5780 - Val F1: 0.2986 - Val ROC-AUC: 0.6729 - Val PR-AUC: 0.2860
Epoch 13/50 - Loss: 0.5655 - Val F1: 0.3016 - Val ROC-AUC: 0.6724 - Val PR-AUC: 0.2759
Epoch 14/50 - Loss: 0.5557 - Val F1: 0.3165 - Val ROC-AUC: 0.6796 - Val PR-AUC: 0.2950
Epoch 15/50 - Loss: 0.5655 - Val F1: 0.2866 - Val ROC-AUC: 0.6570 - Val PR-AUC: 0.2643
Epoch 16/50 - Loss: 0.5609 - Val F1: 0.2989 - Val ROC-AUC: 0.6668 - Val PR-AUC: 0.2975
Epoch 17/50 - Loss: 0.5604 - Val F1: 0.3037 - Val ROC-AUC: 0.6639 - Val PR-AUC: 0.2526
Epoch 18/50 - Loss: 0.5479 - Val F1: 0.2704 - Val ROC-AUC: 0.6436 - Val PR-AUC: 0.2502
Epoch 19/50 - Loss: 0.5335 - Val F1: 0.3211 - Val ROC-AUC: 0.6722 - Val PR-AUC: 0.2798
Epoch 20/50 - Loss: 0.5366 - Val F1: 0.2697 - Val ROC-AUC: 0.6495 - Val PR-AUC: 0.2626
Epoch 21/50 - Loss: 0.5167 - Val F1: 0.2938 - Val ROC-AUC: 0.6607 - Val PR-AUC: 0.2711
Epoch 22/50 - Loss: 0.5247 - Val F1: 0.2925 - Val ROC-AUC: 0.6628 - Val PR-AUC: 0.2414
Epoch 23/50 - Loss: 0.5076 - Val F1: 0.2936 - Val ROC-AUC: 0.6596 - Val PR-AUC: 0.2958
Epoch 24/50 - Loss: 0.5081 - Val F1: 0.3140 - Val ROC-AUC: 0.6727 - Val PR-AUC: 0.2902
Epoch 25/50 - Loss: 0.4882 - Val F1: 0.3071 - Val ROC-AUC: 0.6729 - Val PR-AUC: 0.2851
Epoch 26/50 - Loss: 0.4888 - Val F1: 0.3355 - Val ROC-AUC: 0.6860 - Val PR-AUC: 0.2938
Epoch 27/50 - Loss: 0.4810 - Val F1: 0.3180 - Val ROC-AUC: 0.6639 - Val PR-AUC: 0.3017
Epoch 28/50 - Loss: 0.4918 - Val F1: 0.3145 - Val ROC-AUC: 0.6761 - Val PR-AUC: 0.3056
Epoch 29/50 - Loss: 0.4808 - Val F1: 0.3300 - Val ROC-AUC: 0.6628 - Val PR-AUC: 0.2835
Epoch 30/50 - Loss: 0.4824 - Val F1: 0.3091 - Val ROC-AUC: 0.6647 - Val PR-AUC: 0.2924
Epoch 31/50 - Loss: 0.4588 - Val F1: 0.3006 - Val ROC-AUC: 0.6660 - Val PR-AUC: 0.3019
Epoch 32/50 - Loss: 0.4514 - Val F1: 0.3192 - Val ROC-AUC: 0.6828 - Val PR-AUC: 0.3100
Epoch 33/50 - Loss: 0.4583 - Val F1: 0.3018 - Val ROC-AUC: 0.6676 - Val PR-AUC: 0.2920
Epoch 34/50 - Loss: 0.4464 - Val F1: 0.3302 - Val ROC-AUC: 0.6835 - Val PR-AUC: 0.3211
Epoch 35/50 - Loss: 0.4432 - Val F1: 0.3364 - Val ROC-AUC: 0.6800 - Val PR-AUC: 0.3086
Epoch 36/50 - Loss: 0.4497 - Val F1: 0.3057 - Val ROC-AUC: 0.6735 - Val PR-AUC: 0.3169
Epoch 37/50 - Loss: 0.4342 - Val F1: 0.2907 - Val ROC-AUC: 0.6623 - Val PR-AUC: 0.2683
Epoch 38/50 - Loss: 0.4375 - Val F1: 0.3224 - Val ROC-AUC: 0.6683 - Val PR-AUC: 0.2842
Epoch 39/50 - Loss: 0.4382 - Val F1: 0.3333 - Val ROC-AUC: 0.6833 - Val PR-AUC: 0.3153
Epoch 40/50 - Loss: 0.4257 - Val F1: 0.3066 - Val ROC-AUC: 0.6713 - Val PR-AUC: 0.2710
Epoch 41/50 - Loss: 0.4206 - Val F1: 0.3268 - Val ROC-AUC: 0.6802 - Val PR-AUC: 0.2991
Epoch 42/50 - Loss: 0.4188 - Val F1: 0.3245 - Val ROC-AUC: 0.6840 - Val PR-AUC: 0.3056
Epoch 43/50 - Loss: 0.4145 - Val F1: 0.3322 - Val ROC-AUC: 0.6826 - Val PR-AUC: 0.2969
Epoch 44/50 - Loss: 0.4215 - Val F1: 0.3092 - Val ROC-AUC: 0.6832 - Val PR-AUC: 0.3002
Epoch 45/50 - Loss: 0.4170 - Val F1: 0.3113 - Val ROC-AUC: 0.6809 - Val PR-AUC: 0.3066
Epoch 46/50 - Loss: 0.4093 - Val F1: 0.3226 - Val ROC-AUC: 0.6834 - Val PR-AUC: 0.3084
Epoch 47/50 - Loss: 0.4142 - Val F1: 0.3131 - Val ROC-AUC: 0.6831 - Val PR-AUC: 0.3043
Epoch 48/50 - Loss: 0.4131 - Val F1: 0.3038 - Val ROC-AUC: 0.6762 - Val PR-AUC: 0.2931
Epoch 49/50 - Loss: 0.4137 - Val F1: 0.3203 - Val ROC-AUC: 0.6783 - Val PR-AUC: 0.3016
Epoch 50/50 - Loss: 0.3936 - Val F1: 0.3355 - Val ROC-AUC: 0.6778 - Val PR-AUC: 0.3021
Pretraining completed. Test F1: 0.3068, ROC-AUC: 0.6573, PR-AUC: 0.3266
[3/4] Finetuning on TOX21_ERa_LUC_VM7_Agonist_10nM_ICI182780 using GIN...
[Fine-tune] Epoch 1/50 - Loss: 0.3011 - Val F1: 0.2062 - Val ROC-AUC: 0.8726 - Val PR-AUC: 0.3922
[Fine-tune] Epoch 2/50 - Loss: 0.1845 - Val F1: 0.2903 - Val ROC-AUC: 0.8365 - Val PR-AUC: 0.2557
[Fine-tune] Epoch 3/50 - Loss: 0.1441 - Val F1: 0.2093 - Val ROC-AUC: 0.8981 - Val PR-AUC: 0.3866
[Fine-tune] Epoch 4/50 - Loss: 0.1549 - Val F1: 0.2857 - Val ROC-AUC: 0.8164 - Val PR-AUC: 0.4200
[Fine-tune] Epoch 5/50 - Loss: 0.1337 - Val F1: 0.2545 - Val ROC-AUC: 0.8114 - Val PR-AUC: 0.3180
[Fine-tune] Epoch 6/50 - Loss: 0.1181 - Val F1: 0.2857 - Val ROC-AUC: 0.8088 - Val PR-AUC: 0.3210
[Fine-tune] Epoch 7/50 - Loss: 0.0972 - Val F1: 0.2712 - Val ROC-AUC: 0.8106 - Val PR-AUC: 0.3808
[Fine-tune] Epoch 8/50 - Loss: 0.0944 - Val F1: 0.2857 - Val ROC-AUC: 0.8651 - Val PR-AUC: 0.4390
[Fine-tune] Epoch 9/50 - Loss: 0.0924 - Val F1: 0.3333 - Val ROC-AUC: 0.8410 - Val PR-AUC: 0.3035
[Fine-tune] Epoch 10/50 - Loss: 0.0917 - Val F1: 0.2727 - Val ROC-AUC: 0.8465 - Val PR-AUC: 0.3461
[Fine-tune] Epoch 11/50 - Loss: 0.0560 - Val F1: 0.3415 - Val ROC-AUC: 0.8381 - Val PR-AUC: 0.4021
[Fine-tune] Epoch 12/50 - Loss: 0.0594 - Val F1: 0.2449 - Val ROC-AUC: 0.8278 - Val PR-AUC: 0.3042
[Fine-tune] Epoch 13/50 - Loss: 0.0574 - Val F1: 0.2917 - Val ROC-AUC: 0.8538 - Val PR-AUC: 0.3463
[Fine-tune] Epoch 14/50 - Loss: 0.0532 - Val F1: 0.3158 - Val ROC-AUC: 0.8363 - Val PR-AUC: 0.3172
[Fine-tune] Epoch 15/50 - Loss: 0.0457 - Val F1: 0.3333 - Val ROC-AUC: 0.8353 - Val PR-AUC: 0.3414
[Fine-tune] Epoch 16/50 - Loss: 0.0462 - Val F1: 0.3636 - Val ROC-AUC: 0.8012 - Val PR-AUC: 0.2495
[Fine-tune] Epoch 17/50 - Loss: 0.0451 - Val F1: 0.3000 - Val ROC-AUC: 0.8319 - Val PR-AUC: 0.2910
[Fine-tune] Epoch 18/50 - Loss: 0.0570 - Val F1: 0.2857 - Val ROC-AUC: 0.8226 - Val PR-AUC: 0.3655
[Fine-tune] Epoch 19/50 - Loss: 0.0466 - Val F1: 0.2927 - Val ROC-AUC: 0.8455 - Val PR-AUC: 0.3496
[Fine-tune] Epoch 20/50 - Loss: 0.0383 - Val F1: 0.3077 - Val ROC-AUC: 0.8496 - Val PR-AUC: 0.3851
[Fine-tune] Epoch 21/50 - Loss: 0.0241 - Val F1: 0.3529 - Val ROC-AUC: 0.8502 - Val PR-AUC: 0.2951
[Fine-tune] Epoch 22/50 - Loss: 0.0375 - Val F1: 0.3243 - Val ROC-AUC: 0.8719 - Val PR-AUC: 0.2847
[Fine-tune] Epoch 23/50 - Loss: 0.0235 - Val F1: 0.3000 - Val ROC-AUC: 0.8717 - Val PR-AUC: 0.3117
[Fine-tune] Epoch 24/50 - Loss: 0.0251 - Val F1: 0.3333 - Val ROC-AUC: 0.8771 - Val PR-AUC: 0.3919
[Fine-tune] Epoch 25/50 - Loss: 0.0263 - Val F1: 0.3636 - Val ROC-AUC: 0.8734 - Val PR-AUC: 0.3135
[Fine-tune] Epoch 26/50 - Loss: 0.0337 - Val F1: 0.3784 - Val ROC-AUC: 0.8532 - Val PR-AUC: 0.2984
[Fine-tune] Epoch 27/50 - Loss: 0.0256 - Val F1: 0.4000 - Val ROC-AUC: 0.8668 - Val PR-AUC: 0.3384
[Fine-tune] Epoch 28/50 - Loss: 0.0265 - Val F1: 0.3871 - Val ROC-AUC: 0.8629 - Val PR-AUC: 0.3567
[Fine-tune] Epoch 29/50 - Loss: 0.0228 - Val F1: 0.3750 - Val ROC-AUC: 0.8724 - Val PR-AUC: 0.3138
[Fine-tune] Epoch 30/50 - Loss: 0.0328 - Val F1: 0.3000 - Val ROC-AUC: 0.8907 - Val PR-AUC: 0.3234
[Fine-tune] Epoch 31/50 - Loss: 0.0302 - Val F1: 0.3429 - Val ROC-AUC: 0.8899 - Val PR-AUC: 0.3325
[Fine-tune] Epoch 32/50 - Loss: 0.0219 - Val F1: 0.3429 - Val ROC-AUC: 0.8673 - Val PR-AUC: 0.3557
[Fine-tune] Epoch 33/50 - Loss: 0.0245 - Val F1: 0.4000 - Val ROC-AUC: 0.8891 - Val PR-AUC: 0.3582
[Fine-tune] Epoch 34/50 - Loss: 0.0244 - Val F1: 0.3429 - Val ROC-AUC: 0.8791 - Val PR-AUC: 0.3331
[Fine-tune] Epoch 35/50 - Loss: 0.0204 - Val F1: 0.4242 - Val ROC-AUC: 0.8825 - Val PR-AUC: 0.3666
[Fine-tune] Epoch 36/50 - Loss: 0.0241 - Val F1: 0.3750 - Val ROC-AUC: 0.8536 - Val PR-AUC: 0.3138
[Fine-tune] Epoch 37/50 - Loss: 0.0219 - Val F1: 0.3750 - Val ROC-AUC: 0.8949 - Val PR-AUC: 0.3359
[Fine-tune] Epoch 38/50 - Loss: 0.0194 - Val F1: 0.3429 - Val ROC-AUC: 0.8944 - Val PR-AUC: 0.3576
[Fine-tune] Epoch 39/50 - Loss: 0.0139 - Val F1: 0.3529 - Val ROC-AUC: 0.8713 - Val PR-AUC: 0.3222
[Fine-tune] Epoch 40/50 - Loss: 0.0195 - Val F1: 0.3750 - Val ROC-AUC: 0.8653 - Val PR-AUC: 0.3661
[Fine-tune] Epoch 41/50 - Loss: 0.0157 - Val F1: 0.3750 - Val ROC-AUC: 0.8668 - Val PR-AUC: 0.3358
[Fine-tune] Epoch 42/50 - Loss: 0.0162 - Val F1: 0.4000 - Val ROC-AUC: 0.8712 - Val PR-AUC: 0.3309
[Fine-tune] Epoch 43/50 - Loss: 0.0156 - Val F1: 0.4000 - Val ROC-AUC: 0.8799 - Val PR-AUC: 0.3312
[Fine-tune] Epoch 44/50 - Loss: 0.0174 - Val F1: 0.4000 - Val ROC-AUC: 0.8490 - Val PR-AUC: 0.3102
[Fine-tune] Epoch 45/50 - Loss: 0.0115 - Val F1: 0.4138 - Val ROC-AUC: 0.8630 - Val PR-AUC: 0.3076
[Fine-tune] Epoch 46/50 - Loss: 0.0183 - Val F1: 0.3871 - Val ROC-AUC: 0.8690 - Val PR-AUC: 0.3330
[Fine-tune] Epoch 47/50 - Loss: 0.0238 - Val F1: 0.4286 - Val ROC-AUC: 0.8835 - Val PR-AUC: 0.3350
[Fine-tune] Epoch 48/50 - Loss: 0.0161 - Val F1: 0.4286 - Val ROC-AUC: 0.8819 - Val PR-AUC: 0.3448
[Fine-tune] Epoch 49/50 - Loss: 0.0188 - Val F1: 0.4138 - Val ROC-AUC: 0.8853 - Val PR-AUC: 0.3312
[Fine-tune] Epoch 50/50 - Loss: 0.0177 - Val F1: 0.4000 - Val ROC-AUC: 0.8799 - Val PR-AUC: 0.3506
Finetuning completed. Test F1: 0.3243, ROC-AUC: 0.9079, PR-AUC: 0.1616
[3.1/4] Target-only training on TOX21_ERa_LUC_VM7_Agonist_10nM_ICI182780 using GIN...
=== Target-only training ===
[Target-only] Epoch 1/50 – Loss: 0.3912  Val F1: 0.1739  ROC-AUC: 0.8415  PR-AUC: 0.2293
[Target-only] Epoch 2/50 – Loss: 0.2787  Val F1: 0.2951  ROC-AUC: 0.7674  PR-AUC: 0.2519
[Target-only] Epoch 3/50 – Loss: 0.2383  Val F1: 0.1856  ROC-AUC: 0.7587  PR-AUC: 0.3004
[Target-only] Epoch 4/50 – Loss: 0.2371  Val F1: 0.2692  ROC-AUC: 0.7627  PR-AUC: 0.1815
[Target-only] Epoch 5/50 – Loss: 0.2085  Val F1: 0.1818  ROC-AUC: 0.7857  PR-AUC: 0.2202
[Target-only] Epoch 6/50 – Loss: 0.2036  Val F1: 0.1935  ROC-AUC: 0.8187  PR-AUC: 0.3156
[Target-only] Epoch 7/50 – Loss: 0.1619  Val F1: 0.2192  ROC-AUC: 0.8092  PR-AUC: 0.3279
[Target-only] Epoch 8/50 – Loss: 0.1635  Val F1: 0.3137  ROC-AUC: 0.8083  PR-AUC: 0.4035
[Target-only] Epoch 9/50 – Loss: 0.1593  Val F1: 0.2712  ROC-AUC: 0.7774  PR-AUC: 0.2457
[Target-only] Epoch 10/50 – Loss: 0.1271  Val F1: 0.2807  ROC-AUC: 0.7406  PR-AUC: 0.2540
[Target-only] Epoch 11/50 – Loss: 0.1244  Val F1: 0.2623  ROC-AUC: 0.7735  PR-AUC: 0.2692
[Target-only] Epoch 12/50 – Loss: 0.1206  Val F1: 0.2759  ROC-AUC: 0.7742  PR-AUC: 0.3359
[Target-only] Epoch 13/50 – Loss: 0.1008  Val F1: 0.2759  ROC-AUC: 0.7716  PR-AUC: 0.2493
[Target-only] Epoch 14/50 – Loss: 0.1050  Val F1: 0.2667  ROC-AUC: 0.7672  PR-AUC: 0.2810
[Target-only] Epoch 15/50 – Loss: 0.1042  Val F1: 0.2745  ROC-AUC: 0.7901  PR-AUC: 0.2782
[Target-only] Epoch 16/50 – Loss: 0.1064  Val F1: 0.2593  ROC-AUC: 0.7724  PR-AUC: 0.3951
[Target-only] Epoch 17/50 – Loss: 0.0927  Val F1: 0.2642  ROC-AUC: 0.7728  PR-AUC: 0.2867
[Target-only] Epoch 18/50 – Loss: 0.0857  Val F1: 0.3137  ROC-AUC: 0.8063  PR-AUC: 0.2600
[Target-only] Epoch 19/50 – Loss: 0.0829  Val F1: 0.2545  ROC-AUC: 0.7816  PR-AUC: 0.3359
[Target-only] Epoch 20/50 – Loss: 0.0889  Val F1: 0.2295  ROC-AUC: 0.8135  PR-AUC: 0.2375
[Target-only] Epoch 21/50 – Loss: 0.0799  Val F1: 0.3333  ROC-AUC: 0.7697  PR-AUC: 0.2970
[Target-only] Epoch 22/50 – Loss: 0.0745  Val F1: 0.2917  ROC-AUC: 0.7680  PR-AUC: 0.2741
[Target-only] Epoch 23/50 – Loss: 0.0758  Val F1: 0.3243  ROC-AUC: 0.7782  PR-AUC: 0.2383
[Target-only] Epoch 24/50 – Loss: 0.0597  Val F1: 0.2381  ROC-AUC: 0.7412  PR-AUC: 0.2373
[Target-only] Epoch 25/50 – Loss: 0.0577  Val F1: 0.2400  ROC-AUC: 0.7653  PR-AUC: 0.2236
[Target-only] Epoch 26/50 – Loss: 0.0585  Val F1: 0.3043  ROC-AUC: 0.7797  PR-AUC: 0.2681
[Target-only] Epoch 27/50 – Loss: 0.0541  Val F1: 0.3030  ROC-AUC: 0.7482  PR-AUC: 0.1708
[Target-only] Epoch 28/50 – Loss: 0.0530  Val F1: 0.2500  ROC-AUC: 0.7519  PR-AUC: 0.2082
[Target-only] Epoch 29/50 – Loss: 0.0637  Val F1: 0.2128  ROC-AUC: 0.7695  PR-AUC: 0.1923
[Target-only] Epoch 30/50 – Loss: 0.0491  Val F1: 0.2667  ROC-AUC: 0.7698  PR-AUC: 0.2065
[Target-only] Epoch 31/50 – Loss: 0.0524  Val F1: 0.2791  ROC-AUC: 0.7700  PR-AUC: 0.2201
[Target-only] Epoch 32/50 – Loss: 0.0446  Val F1: 0.2381  ROC-AUC: 0.7615  PR-AUC: 0.2313
[Target-only] Epoch 33/50 – Loss: 0.0404  Val F1: 0.2791  ROC-AUC: 0.7659  PR-AUC: 0.2063
[Target-only] Epoch 34/50 – Loss: 0.0368  Val F1: 0.2857  ROC-AUC: 0.7621  PR-AUC: 0.2439
[Target-only] Epoch 35/50 – Loss: 0.0402  Val F1: 0.2927  ROC-AUC: 0.7922  PR-AUC: 0.2583
[Target-only] Epoch 36/50 – Loss: 0.0423  Val F1: 0.3243  ROC-AUC: 0.7834  PR-AUC: 0.2635
[Target-only] Epoch 37/50 – Loss: 0.0353  Val F1: 0.2941  ROC-AUC: 0.7692  PR-AUC: 0.2334
[Target-only] Epoch 38/50 – Loss: 0.0430  Val F1: 0.2703  ROC-AUC: 0.7740  PR-AUC: 0.2279
[Target-only] Epoch 39/50 – Loss: 0.0418  Val F1: 0.3158  ROC-AUC: 0.7841  PR-AUC: 0.2604
[Target-only] Epoch 40/50 – Loss: 0.0467  Val F1: 0.2667  ROC-AUC: 0.7867  PR-AUC: 0.2372
[Target-only] Epoch 41/50 – Loss: 0.0366  Val F1: 0.2500  ROC-AUC: 0.7814  PR-AUC: 0.2339
[Target-only] Epoch 42/50 – Loss: 0.0379  Val F1: 0.2857  ROC-AUC: 0.7768  PR-AUC: 0.2380
[Target-only] Epoch 43/50 – Loss: 0.0378  Val F1: 0.2941  ROC-AUC: 0.7692  PR-AUC: 0.2101
[Target-only] Epoch 44/50 – Loss: 0.0361  Val F1: 0.3125  ROC-AUC: 0.7876  PR-AUC: 0.2393
[Target-only] Epoch 45/50 – Loss: 0.0329  Val F1: 0.2941  ROC-AUC: 0.7775  PR-AUC: 0.2311
[Target-only] Epoch 46/50 – Loss: 0.0368  Val F1: 0.3333  ROC-AUC: 0.7900  PR-AUC: 0.2469
[Target-only] Epoch 47/50 – Loss: 0.0298  Val F1: 0.2941  ROC-AUC: 0.7792  PR-AUC: 0.2481
[Target-only] Epoch 48/50 – Loss: 0.0308  Val F1: 0.3448  ROC-AUC: 0.7690  PR-AUC: 0.2163
[Target-only] Epoch 49/50 – Loss: 0.0320  Val F1: 0.3125  ROC-AUC: 0.7731  PR-AUC: 0.2069
[Target-only] Epoch 50/50 – Loss: 0.0327  Val F1: 0.2941  ROC-AUC: 0.7773  PR-AUC: 0.2344
=== Target-only TEST performance ===
Test F1: 0.2791, ROC-AUC: 0.7831, PR-AUC: 0.1585
[4/4] Embedding 시각화 중...
✅ Embeddings 저장 완료: embeddings_TOX21_ERa_LUC_VM7_Agonist_TOX21_ERa_LUC_VM7_Agonist_10nM_ICI182780_GIN.png
✅ 실험 완료: TOX21_ERa_LUC_VM7_Agonist -> TOX21_ERa_LUC_VM7_Agonist_10nM_ICI182780 [GIN]
