[1/4] Excel → CSV 변환 중...
[2/4] Pretraining on TOX21_ERa_BLA_Antagonist_ch1 using GIN...
Epoch 1/50 - Loss: 0.6045 - Val F1: 0.2038 - Val ROC-AUC: 0.7828 - Val PR-AUC: 0.1807
Epoch 2/50 - Loss: 0.5625 - Val F1: 0.2727 - Val ROC-AUC: 0.7637 - Val PR-AUC: 0.1626
Epoch 3/50 - Loss: 0.5524 - Val F1: 0.2408 - Val ROC-AUC: 0.8319 - Val PR-AUC: 0.2554
Epoch 4/50 - Loss: 0.5129 - Val F1: 0.2500 - Val ROC-AUC: 0.7845 - Val PR-AUC: 0.2746
Epoch 5/50 - Loss: 0.5066 - Val F1: 0.3383 - Val ROC-AUC: 0.8198 - Val PR-AUC: 0.2339
Epoch 6/50 - Loss: 0.4840 - Val F1: 0.1780 - Val ROC-AUC: 0.7325 - Val PR-AUC: 0.1409
Epoch 7/50 - Loss: 0.4627 - Val F1: 0.2730 - Val ROC-AUC: 0.8174 - Val PR-AUC: 0.2228
Epoch 8/50 - Loss: 0.4652 - Val F1: 0.2715 - Val ROC-AUC: 0.8324 - Val PR-AUC: 0.2327
Epoch 9/50 - Loss: 0.4438 - Val F1: 0.3182 - Val ROC-AUC: 0.8366 - Val PR-AUC: 0.2283
Epoch 10/50 - Loss: 0.4294 - Val F1: 0.3247 - Val ROC-AUC: 0.7936 - Val PR-AUC: 0.2169
Epoch 11/50 - Loss: 0.3994 - Val F1: 0.3100 - Val ROC-AUC: 0.8145 - Val PR-AUC: 0.1897
Epoch 12/50 - Loss: 0.3992 - Val F1: 0.3391 - Val ROC-AUC: 0.8398 - Val PR-AUC: 0.2164
Epoch 13/50 - Loss: 0.3843 - Val F1: 0.3109 - Val ROC-AUC: 0.8443 - Val PR-AUC: 0.2131
Epoch 14/50 - Loss: 0.3940 - Val F1: 0.2776 - Val ROC-AUC: 0.8176 - Val PR-AUC: 0.2132
Epoch 15/50 - Loss: 0.3709 - Val F1: 0.3221 - Val ROC-AUC: 0.8067 - Val PR-AUC: 0.1920
Epoch 16/50 - Loss: 0.3642 - Val F1: 0.2823 - Val ROC-AUC: 0.8263 - Val PR-AUC: 0.2086
Epoch 17/50 - Loss: 0.3617 - Val F1: 0.2986 - Val ROC-AUC: 0.8156 - Val PR-AUC: 0.2039
Epoch 18/50 - Loss: 0.3620 - Val F1: 0.2752 - Val ROC-AUC: 0.8078 - Val PR-AUC: 0.1938
Epoch 19/50 - Loss: 0.3412 - Val F1: 0.2814 - Val ROC-AUC: 0.8182 - Val PR-AUC: 0.2115
Epoch 20/50 - Loss: 0.3318 - Val F1: 0.2929 - Val ROC-AUC: 0.8236 - Val PR-AUC: 0.1978
Epoch 21/50 - Loss: 0.3092 - Val F1: 0.3063 - Val ROC-AUC: 0.8315 - Val PR-AUC: 0.2101
Epoch 22/50 - Loss: 0.3169 - Val F1: 0.3200 - Val ROC-AUC: 0.8286 - Val PR-AUC: 0.2149
Epoch 23/50 - Loss: 0.2975 - Val F1: 0.3212 - Val ROC-AUC: 0.8260 - Val PR-AUC: 0.2154
Epoch 24/50 - Loss: 0.2863 - Val F1: 0.3179 - Val ROC-AUC: 0.8330 - Val PR-AUC: 0.2205
Epoch 25/50 - Loss: 0.2862 - Val F1: 0.2947 - Val ROC-AUC: 0.8237 - Val PR-AUC: 0.2221
Epoch 26/50 - Loss: 0.2905 - Val F1: 0.3070 - Val ROC-AUC: 0.8254 - Val PR-AUC: 0.2240
Epoch 27/50 - Loss: 0.2877 - Val F1: 0.3116 - Val ROC-AUC: 0.8288 - Val PR-AUC: 0.2308
Epoch 28/50 - Loss: 0.2843 - Val F1: 0.2619 - Val ROC-AUC: 0.8117 - Val PR-AUC: 0.2184
Epoch 29/50 - Loss: 0.2705 - Val F1: 0.2328 - Val ROC-AUC: 0.8060 - Val PR-AUC: 0.2152
Epoch 30/50 - Loss: 0.2830 - Val F1: 0.2830 - Val ROC-AUC: 0.8191 - Val PR-AUC: 0.2060
Epoch 31/50 - Loss: 0.2608 - Val F1: 0.2551 - Val ROC-AUC: 0.8143 - Val PR-AUC: 0.2274
Epoch 32/50 - Loss: 0.2593 - Val F1: 0.2687 - Val ROC-AUC: 0.8202 - Val PR-AUC: 0.2195
Epoch 33/50 - Loss: 0.2425 - Val F1: 0.2762 - Val ROC-AUC: 0.8139 - Val PR-AUC: 0.2313
Epoch 34/50 - Loss: 0.2500 - Val F1: 0.2843 - Val ROC-AUC: 0.8209 - Val PR-AUC: 0.2176
Epoch 35/50 - Loss: 0.2445 - Val F1: 0.2769 - Val ROC-AUC: 0.8157 - Val PR-AUC: 0.2228
Epoch 36/50 - Loss: 0.2522 - Val F1: 0.2614 - Val ROC-AUC: 0.8060 - Val PR-AUC: 0.2096
Epoch 37/50 - Loss: 0.2507 - Val F1: 0.2981 - Val ROC-AUC: 0.8116 - Val PR-AUC: 0.2252
Epoch 38/50 - Loss: 0.2304 - Val F1: 0.2700 - Val ROC-AUC: 0.8141 - Val PR-AUC: 0.2279
Epoch 39/50 - Loss: 0.2462 - Val F1: 0.2826 - Val ROC-AUC: 0.8111 - Val PR-AUC: 0.2215
Epoch 40/50 - Loss: 0.2520 - Val F1: 0.2784 - Val ROC-AUC: 0.8145 - Val PR-AUC: 0.2174
Epoch 41/50 - Loss: 0.2302 - Val F1: 0.2469 - Val ROC-AUC: 0.8085 - Val PR-AUC: 0.2217
Epoch 42/50 - Loss: 0.2160 - Val F1: 0.2778 - Val ROC-AUC: 0.8095 - Val PR-AUC: 0.2218
Epoch 43/50 - Loss: 0.2205 - Val F1: 0.2484 - Val ROC-AUC: 0.8030 - Val PR-AUC: 0.2119
Epoch 44/50 - Loss: 0.2180 - Val F1: 0.2732 - Val ROC-AUC: 0.8149 - Val PR-AUC: 0.2146
Epoch 45/50 - Loss: 0.2258 - Val F1: 0.2825 - Val ROC-AUC: 0.8087 - Val PR-AUC: 0.2168
Epoch 46/50 - Loss: 0.2171 - Val F1: 0.2331 - Val ROC-AUC: 0.8092 - Val PR-AUC: 0.2217
Epoch 47/50 - Loss: 0.2066 - Val F1: 0.2514 - Val ROC-AUC: 0.8031 - Val PR-AUC: 0.2149
Epoch 48/50 - Loss: 0.2198 - Val F1: 0.2442 - Val ROC-AUC: 0.7961 - Val PR-AUC: 0.2023
Epoch 49/50 - Loss: 0.2076 - Val F1: 0.2722 - Val ROC-AUC: 0.8058 - Val PR-AUC: 0.2120
Epoch 50/50 - Loss: 0.1964 - Val F1: 0.2418 - Val ROC-AUC: 0.8058 - Val PR-AUC: 0.2186
Pretraining completed. Test F1: 0.2810, ROC-AUC: 0.7936, PR-AUC: 0.2306
[3/4] Finetuning on TOX21_ERb_BLA_Agonist_ch2 using GIN...
[Fine-tune] Epoch 1/50 - Loss: 0.4025 - Val F1: 0.1172 - Val ROC-AUC: 0.8606 - Val PR-AUC: 0.4846
[Fine-tune] Epoch 2/50 - Loss: 0.3042 - Val F1: 0.3056 - Val ROC-AUC: 0.8572 - Val PR-AUC: 0.5355
[Fine-tune] Epoch 3/50 - Loss: 0.2635 - Val F1: 0.2955 - Val ROC-AUC: 0.8560 - Val PR-AUC: 0.4114
[Fine-tune] Epoch 4/50 - Loss: 0.2453 - Val F1: 0.3095 - Val ROC-AUC: 0.8631 - Val PR-AUC: 0.5910
[Fine-tune] Epoch 5/50 - Loss: 0.2020 - Val F1: 0.3023 - Val ROC-AUC: 0.8496 - Val PR-AUC: 0.4901
[Fine-tune] Epoch 6/50 - Loss: 0.1873 - Val F1: 0.3235 - Val ROC-AUC: 0.8331 - Val PR-AUC: 0.3927
[Fine-tune] Epoch 7/50 - Loss: 0.1836 - Val F1: 0.2921 - Val ROC-AUC: 0.8361 - Val PR-AUC: 0.3554
[Fine-tune] Epoch 8/50 - Loss: 0.1697 - Val F1: 0.2051 - Val ROC-AUC: 0.8270 - Val PR-AUC: 0.2231
[Fine-tune] Epoch 9/50 - Loss: 0.1586 - Val F1: 0.2376 - Val ROC-AUC: 0.8248 - Val PR-AUC: 0.2910
[Fine-tune] Epoch 10/50 - Loss: 0.1503 - Val F1: 0.2750 - Val ROC-AUC: 0.8632 - Val PR-AUC: 0.2839
[Fine-tune] Epoch 11/50 - Loss: 0.1250 - Val F1: 0.3750 - Val ROC-AUC: 0.8682 - Val PR-AUC: 0.4034
[Fine-tune] Epoch 12/50 - Loss: 0.1175 - Val F1: 0.3467 - Val ROC-AUC: 0.8727 - Val PR-AUC: 0.4419
[Fine-tune] Epoch 13/50 - Loss: 0.1214 - Val F1: 0.2927 - Val ROC-AUC: 0.8386 - Val PR-AUC: 0.5318
[Fine-tune] Epoch 14/50 - Loss: 0.1127 - Val F1: 0.3810 - Val ROC-AUC: 0.8604 - Val PR-AUC: 0.5382
[Fine-tune] Epoch 15/50 - Loss: 0.1092 - Val F1: 0.4286 - Val ROC-AUC: 0.8616 - Val PR-AUC: 0.5364
[Fine-tune] Epoch 16/50 - Loss: 0.1064 - Val F1: 0.3582 - Val ROC-AUC: 0.8647 - Val PR-AUC: 0.4291
[Fine-tune] Epoch 17/50 - Loss: 0.1019 - Val F1: 0.2895 - Val ROC-AUC: 0.8648 - Val PR-AUC: 0.3617
[Fine-tune] Epoch 18/50 - Loss: 0.0928 - Val F1: 0.3380 - Val ROC-AUC: 0.8435 - Val PR-AUC: 0.4337
[Fine-tune] Epoch 19/50 - Loss: 0.1007 - Val F1: 0.4364 - Val ROC-AUC: 0.8539 - Val PR-AUC: 0.4800
[Fine-tune] Epoch 20/50 - Loss: 0.0823 - Val F1: 0.4151 - Val ROC-AUC: 0.8420 - Val PR-AUC: 0.4389
[Fine-tune] Epoch 21/50 - Loss: 0.0750 - Val F1: 0.3929 - Val ROC-AUC: 0.8240 - Val PR-AUC: 0.4211
[Fine-tune] Epoch 22/50 - Loss: 0.0731 - Val F1: 0.3729 - Val ROC-AUC: 0.8356 - Val PR-AUC: 0.4591
[Fine-tune] Epoch 23/50 - Loss: 0.0694 - Val F1: 0.4583 - Val ROC-AUC: 0.8405 - Val PR-AUC: 0.4851
[Fine-tune] Epoch 24/50 - Loss: 0.0681 - Val F1: 0.4583 - Val ROC-AUC: 0.8288 - Val PR-AUC: 0.5065
[Fine-tune] Epoch 25/50 - Loss: 0.0616 - Val F1: 0.4783 - Val ROC-AUC: 0.8419 - Val PR-AUC: 0.5180
[Fine-tune] Epoch 26/50 - Loss: 0.0721 - Val F1: 0.4681 - Val ROC-AUC: 0.8309 - Val PR-AUC: 0.4981
[Fine-tune] Epoch 27/50 - Loss: 0.0793 - Val F1: 0.4364 - Val ROC-AUC: 0.8488 - Val PR-AUC: 0.5033
[Fine-tune] Epoch 28/50 - Loss: 0.0681 - Val F1: 0.4400 - Val ROC-AUC: 0.8589 - Val PR-AUC: 0.4481
[Fine-tune] Epoch 29/50 - Loss: 0.0648 - Val F1: 0.4681 - Val ROC-AUC: 0.8604 - Val PR-AUC: 0.5652
[Fine-tune] Epoch 30/50 - Loss: 0.0588 - Val F1: 0.4151 - Val ROC-AUC: 0.8496 - Val PR-AUC: 0.4607
[Fine-tune] Epoch 31/50 - Loss: 0.0609 - Val F1: 0.4681 - Val ROC-AUC: 0.8446 - Val PR-AUC: 0.4846
[Fine-tune] Epoch 32/50 - Loss: 0.0521 - Val F1: 0.4583 - Val ROC-AUC: 0.8425 - Val PR-AUC: 0.5045
[Fine-tune] Epoch 33/50 - Loss: 0.0575 - Val F1: 0.4889 - Val ROC-AUC: 0.8441 - Val PR-AUC: 0.5185
[Fine-tune] Epoch 34/50 - Loss: 0.0519 - Val F1: 0.4681 - Val ROC-AUC: 0.8535 - Val PR-AUC: 0.5432
[Fine-tune] Epoch 35/50 - Loss: 0.0514 - Val F1: 0.4314 - Val ROC-AUC: 0.8532 - Val PR-AUC: 0.5418
[Fine-tune] Epoch 36/50 - Loss: 0.0487 - Val F1: 0.4681 - Val ROC-AUC: 0.8432 - Val PR-AUC: 0.5092
[Fine-tune] Epoch 37/50 - Loss: 0.0447 - Val F1: 0.4583 - Val ROC-AUC: 0.8400 - Val PR-AUC: 0.5304
[Fine-tune] Epoch 38/50 - Loss: 0.0462 - Val F1: 0.4490 - Val ROC-AUC: 0.8409 - Val PR-AUC: 0.5035
[Fine-tune] Epoch 39/50 - Loss: 0.0503 - Val F1: 0.4490 - Val ROC-AUC: 0.8402 - Val PR-AUC: 0.5152
[Fine-tune] Epoch 40/50 - Loss: 0.0541 - Val F1: 0.4681 - Val ROC-AUC: 0.8369 - Val PR-AUC: 0.5095
[Fine-tune] Epoch 41/50 - Loss: 0.0521 - Val F1: 0.4681 - Val ROC-AUC: 0.8433 - Val PR-AUC: 0.5196
[Fine-tune] Epoch 42/50 - Loss: 0.0504 - Val F1: 0.4889 - Val ROC-AUC: 0.8381 - Val PR-AUC: 0.5487
[Fine-tune] Epoch 43/50 - Loss: 0.0402 - Val F1: 0.4889 - Val ROC-AUC: 0.8466 - Val PR-AUC: 0.5852
[Fine-tune] Epoch 44/50 - Loss: 0.0412 - Val F1: 0.4681 - Val ROC-AUC: 0.8449 - Val PR-AUC: 0.5263
[Fine-tune] Epoch 45/50 - Loss: 0.0425 - Val F1: 0.4583 - Val ROC-AUC: 0.8359 - Val PR-AUC: 0.5455
[Fine-tune] Epoch 46/50 - Loss: 0.0468 - Val F1: 0.4400 - Val ROC-AUC: 0.8348 - Val PR-AUC: 0.5744
[Fine-tune] Epoch 47/50 - Loss: 0.0424 - Val F1: 0.4167 - Val ROC-AUC: 0.8365 - Val PR-AUC: 0.5498
[Fine-tune] Epoch 48/50 - Loss: 0.0436 - Val F1: 0.4583 - Val ROC-AUC: 0.8394 - Val PR-AUC: 0.5388
[Fine-tune] Epoch 49/50 - Loss: 0.0386 - Val F1: 0.4444 - Val ROC-AUC: 0.8360 - Val PR-AUC: 0.5480
[Fine-tune] Epoch 50/50 - Loss: 0.0479 - Val F1: 0.4583 - Val ROC-AUC: 0.8407 - Val PR-AUC: 0.5376
Finetuning completed. Test F1: 0.3462, ROC-AUC: 0.8573, PR-AUC: 0.4757
[3.1/4] Target-only training on TOX21_ERb_BLA_Agonist_ch2 using GIN...
=== Target-only training ===
[Target-only] Epoch 1/50 – Loss: 0.4548  Val F1: 0.2708  ROC-AUC: 0.8427  PR-AUC: 0.5293
[Target-only] Epoch 2/50 – Loss: 0.3620  Val F1: 0.2069  ROC-AUC: 0.8654  PR-AUC: 0.4868
[Target-only] Epoch 3/50 – Loss: 0.3054  Val F1: 0.3038  ROC-AUC: 0.8378  PR-AUC: 0.3908
[Target-only] Epoch 4/50 – Loss: 0.2973  Val F1: 0.2157  ROC-AUC: 0.8212  PR-AUC: 0.2950
[Target-only] Epoch 5/50 – Loss: 0.2576  Val F1: 0.2727  ROC-AUC: 0.8249  PR-AUC: 0.3444
[Target-only] Epoch 6/50 – Loss: 0.2661  Val F1: 0.2970  ROC-AUC: 0.8521  PR-AUC: 0.3876
[Target-only] Epoch 7/50 – Loss: 0.2298  Val F1: 0.2478  ROC-AUC: 0.8488  PR-AUC: 0.5184
[Target-only] Epoch 8/50 – Loss: 0.2211  Val F1: 0.2264  ROC-AUC: 0.8008  PR-AUC: 0.4024
[Target-only] Epoch 9/50 – Loss: 0.2023  Val F1: 0.2553  ROC-AUC: 0.8058  PR-AUC: 0.4781
[Target-only] Epoch 10/50 – Loss: 0.1725  Val F1: 0.2766  ROC-AUC: 0.8449  PR-AUC: 0.6057
[Target-only] Epoch 11/50 – Loss: 0.1527  Val F1: 0.3750  ROC-AUC: 0.8264  PR-AUC: 0.5494
[Target-only] Epoch 12/50 – Loss: 0.1398  Val F1: 0.2892  ROC-AUC: 0.8369  PR-AUC: 0.5175
[Target-only] Epoch 13/50 – Loss: 0.1375  Val F1: 0.2955  ROC-AUC: 0.8168  PR-AUC: 0.4504
[Target-only] Epoch 14/50 – Loss: 0.1323  Val F1: 0.3529  ROC-AUC: 0.8063  PR-AUC: 0.3691
[Target-only] Epoch 15/50 – Loss: 0.1423  Val F1: 0.4444  ROC-AUC: 0.8225  PR-AUC: 0.3936
[Target-only] Epoch 16/50 – Loss: 0.1200  Val F1: 0.3514  ROC-AUC: 0.8245  PR-AUC: 0.5566
[Target-only] Epoch 17/50 – Loss: 0.1040  Val F1: 0.2963  ROC-AUC: 0.8132  PR-AUC: 0.4680
[Target-only] Epoch 18/50 – Loss: 0.1139  Val F1: 0.3478  ROC-AUC: 0.8357  PR-AUC: 0.4786
[Target-only] Epoch 19/50 – Loss: 0.1082  Val F1: 0.3934  ROC-AUC: 0.8383  PR-AUC: 0.4601
[Target-only] Epoch 20/50 – Loss: 0.1227  Val F1: 0.2824  ROC-AUC: 0.8192  PR-AUC: 0.3570
[Target-only] Epoch 21/50 – Loss: 0.1030  Val F1: 0.3692  ROC-AUC: 0.8181  PR-AUC: 0.5566
[Target-only] Epoch 22/50 – Loss: 0.0891  Val F1: 0.4068  ROC-AUC: 0.8203  PR-AUC: 0.4889
[Target-only] Epoch 23/50 – Loss: 0.0848  Val F1: 0.4138  ROC-AUC: 0.8147  PR-AUC: 0.5268
[Target-only] Epoch 24/50 – Loss: 0.0791  Val F1: 0.3582  ROC-AUC: 0.8080  PR-AUC: 0.4847
[Target-only] Epoch 25/50 – Loss: 0.0866  Val F1: 0.3158  ROC-AUC: 0.8268  PR-AUC: 0.4803
[Target-only] Epoch 26/50 – Loss: 0.0922  Val F1: 0.4615  ROC-AUC: 0.8052  PR-AUC: 0.5328
[Target-only] Epoch 27/50 – Loss: 0.0776  Val F1: 0.3288  ROC-AUC: 0.8301  PR-AUC: 0.5465
[Target-only] Epoch 28/50 – Loss: 0.0680  Val F1: 0.3934  ROC-AUC: 0.8144  PR-AUC: 0.5158
[Target-only] Epoch 29/50 – Loss: 0.0716  Val F1: 0.4364  ROC-AUC: 0.8165  PR-AUC: 0.6239
[Target-only] Epoch 30/50 – Loss: 0.0811  Val F1: 0.5106  ROC-AUC: 0.8164  PR-AUC: 0.5915
[Target-only] Epoch 31/50 – Loss: 0.0692  Val F1: 0.4211  ROC-AUC: 0.8124  PR-AUC: 0.5848
[Target-only] Epoch 32/50 – Loss: 0.0687  Val F1: 0.5000  ROC-AUC: 0.8158  PR-AUC: 0.6043
[Target-only] Epoch 33/50 – Loss: 0.0757  Val F1: 0.3871  ROC-AUC: 0.8321  PR-AUC: 0.6059
[Target-only] Epoch 34/50 – Loss: 0.0557  Val F1: 0.4706  ROC-AUC: 0.8191  PR-AUC: 0.5830
[Target-only] Epoch 35/50 – Loss: 0.0662  Val F1: 0.4364  ROC-AUC: 0.8113  PR-AUC: 0.6173
[Target-only] Epoch 36/50 – Loss: 0.0589  Val F1: 0.4286  ROC-AUC: 0.8077  PR-AUC: 0.6104
[Target-only] Epoch 37/50 – Loss: 0.0549  Val F1: 0.4068  ROC-AUC: 0.8077  PR-AUC: 0.6162
[Target-only] Epoch 38/50 – Loss: 0.0690  Val F1: 0.4898  ROC-AUC: 0.8110  PR-AUC: 0.6092
[Target-only] Epoch 39/50 – Loss: 0.0540  Val F1: 0.4211  ROC-AUC: 0.8082  PR-AUC: 0.5867
[Target-only] Epoch 40/50 – Loss: 0.0573  Val F1: 0.4706  ROC-AUC: 0.8184  PR-AUC: 0.6098
[Target-only] Epoch 41/50 – Loss: 0.0580  Val F1: 0.4528  ROC-AUC: 0.8166  PR-AUC: 0.6068
[Target-only] Epoch 42/50 – Loss: 0.0613  Val F1: 0.4364  ROC-AUC: 0.8120  PR-AUC: 0.6117
[Target-only] Epoch 43/50 – Loss: 0.0500  Val F1: 0.4364  ROC-AUC: 0.8167  PR-AUC: 0.5945
[Target-only] Epoch 44/50 – Loss: 0.0499  Val F1: 0.5217  ROC-AUC: 0.8171  PR-AUC: 0.5913
[Target-only] Epoch 45/50 – Loss: 0.0606  Val F1: 0.5000  ROC-AUC: 0.8105  PR-AUC: 0.6208
[Target-only] Epoch 46/50 – Loss: 0.0526  Val F1: 0.4444  ROC-AUC: 0.8086  PR-AUC: 0.6173
[Target-only] Epoch 47/50 – Loss: 0.0520  Val F1: 0.4800  ROC-AUC: 0.8230  PR-AUC: 0.5636
[Target-only] Epoch 48/50 – Loss: 0.0463  Val F1: 0.5000  ROC-AUC: 0.8258  PR-AUC: 0.6024
[Target-only] Epoch 49/50 – Loss: 0.0426  Val F1: 0.5000  ROC-AUC: 0.8182  PR-AUC: 0.6114
[Target-only] Epoch 50/50 – Loss: 0.0384  Val F1: 0.4706  ROC-AUC: 0.8157  PR-AUC: 0.6103
=== Target-only TEST performance ===
Test F1: 0.3333, ROC-AUC: 0.8930, PR-AUC: 0.4521
[4/4] Embedding 시각화 중...
✅ Embeddings 저장 완료: embeddings_TOX21_ERa_BLA_Antagonist_ch1_TOX21_ERb_BLA_Agonist_ch2_GIN.png
✅ 실험 완료: TOX21_ERa_BLA_Antagonist_ch1 -> TOX21_ERb_BLA_Agonist_ch2 [GIN]
