[1/4] Excel → CSV 변환 중...
[2/4] Pretraining on TOX21_ERa_LUC_VM7_Antagonist_0.5nM_E2_viability using GIN...
Epoch 1/50 - Loss: 0.6191 - Val F1: 0.3133 - Val ROC-AUC: 0.7886 - Val PR-AUC: 0.1697
Epoch 2/50 - Loss: 0.5347 - Val F1: 0.2444 - Val ROC-AUC: 0.7717 - Val PR-AUC: 0.2166
Epoch 3/50 - Loss: 0.4859 - Val F1: 0.2108 - Val ROC-AUC: 0.8069 - Val PR-AUC: 0.2788
Epoch 4/50 - Loss: 0.4698 - Val F1: 0.2571 - Val ROC-AUC: 0.8092 - Val PR-AUC: 0.2735
Epoch 5/50 - Loss: 0.4617 - Val F1: 0.2894 - Val ROC-AUC: 0.8265 - Val PR-AUC: 0.3052
Epoch 6/50 - Loss: 0.4414 - Val F1: 0.2662 - Val ROC-AUC: 0.7991 - Val PR-AUC: 0.2116
Epoch 7/50 - Loss: 0.4187 - Val F1: 0.3024 - Val ROC-AUC: 0.8396 - Val PR-AUC: 0.2855
Epoch 8/50 - Loss: 0.4153 - Val F1: 0.3475 - Val ROC-AUC: 0.8491 - Val PR-AUC: 0.3224
Epoch 9/50 - Loss: 0.3955 - Val F1: 0.3154 - Val ROC-AUC: 0.8418 - Val PR-AUC: 0.3308
Epoch 10/50 - Loss: 0.4001 - Val F1: 0.3529 - Val ROC-AUC: 0.8346 - Val PR-AUC: 0.2863
Epoch 11/50 - Loss: 0.3693 - Val F1: 0.3026 - Val ROC-AUC: 0.8538 - Val PR-AUC: 0.3206
Epoch 12/50 - Loss: 0.3461 - Val F1: 0.3401 - Val ROC-AUC: 0.8548 - Val PR-AUC: 0.3508
Epoch 13/50 - Loss: 0.3574 - Val F1: 0.3496 - Val ROC-AUC: 0.8432 - Val PR-AUC: 0.3452
Epoch 14/50 - Loss: 0.3429 - Val F1: 0.3239 - Val ROC-AUC: 0.8533 - Val PR-AUC: 0.3561
Epoch 15/50 - Loss: 0.3380 - Val F1: 0.3667 - Val ROC-AUC: 0.8591 - Val PR-AUC: 0.3449
Epoch 16/50 - Loss: 0.3250 - Val F1: 0.3716 - Val ROC-AUC: 0.8435 - Val PR-AUC: 0.3180
Epoch 17/50 - Loss: 0.3121 - Val F1: 0.3385 - Val ROC-AUC: 0.8347 - Val PR-AUC: 0.3306
Epoch 18/50 - Loss: 0.3325 - Val F1: 0.3220 - Val ROC-AUC: 0.8130 - Val PR-AUC: 0.2691
Epoch 19/50 - Loss: 0.3073 - Val F1: 0.3203 - Val ROC-AUC: 0.8397 - Val PR-AUC: 0.3064
Epoch 20/50 - Loss: 0.3120 - Val F1: 0.3725 - Val ROC-AUC: 0.8377 - Val PR-AUC: 0.3195
Epoch 21/50 - Loss: 0.2680 - Val F1: 0.3714 - Val ROC-AUC: 0.8444 - Val PR-AUC: 0.3337
Epoch 22/50 - Loss: 0.2611 - Val F1: 0.3421 - Val ROC-AUC: 0.8307 - Val PR-AUC: 0.3008
Epoch 23/50 - Loss: 0.2798 - Val F1: 0.3507 - Val ROC-AUC: 0.8407 - Val PR-AUC: 0.3067
Epoch 24/50 - Loss: 0.2706 - Val F1: 0.3505 - Val ROC-AUC: 0.8136 - Val PR-AUC: 0.2857
Epoch 25/50 - Loss: 0.2700 - Val F1: 0.3592 - Val ROC-AUC: 0.8382 - Val PR-AUC: 0.3263
Epoch 26/50 - Loss: 0.2592 - Val F1: 0.3646 - Val ROC-AUC: 0.8252 - Val PR-AUC: 0.3274
Epoch 27/50 - Loss: 0.2489 - Val F1: 0.3507 - Val ROC-AUC: 0.8220 - Val PR-AUC: 0.3072
Epoch 28/50 - Loss: 0.2646 - Val F1: 0.3289 - Val ROC-AUC: 0.8349 - Val PR-AUC: 0.3290
Epoch 29/50 - Loss: 0.2419 - Val F1: 0.3834 - Val ROC-AUC: 0.8330 - Val PR-AUC: 0.3466
Epoch 30/50 - Loss: 0.2538 - Val F1: 0.3636 - Val ROC-AUC: 0.8279 - Val PR-AUC: 0.3099
Epoch 31/50 - Loss: 0.2399 - Val F1: 0.3636 - Val ROC-AUC: 0.8369 - Val PR-AUC: 0.3399
Epoch 32/50 - Loss: 0.2365 - Val F1: 0.3618 - Val ROC-AUC: 0.8253 - Val PR-AUC: 0.3158
Epoch 33/50 - Loss: 0.2222 - Val F1: 0.3689 - Val ROC-AUC: 0.8255 - Val PR-AUC: 0.3179
Epoch 34/50 - Loss: 0.2249 - Val F1: 0.3665 - Val ROC-AUC: 0.8333 - Val PR-AUC: 0.3269
Epoch 35/50 - Loss: 0.2345 - Val F1: 0.3495 - Val ROC-AUC: 0.8287 - Val PR-AUC: 0.3110
Epoch 36/50 - Loss: 0.2142 - Val F1: 0.3716 - Val ROC-AUC: 0.8281 - Val PR-AUC: 0.3064
Epoch 37/50 - Loss: 0.2230 - Val F1: 0.3607 - Val ROC-AUC: 0.8267 - Val PR-AUC: 0.3142
Epoch 38/50 - Loss: 0.2181 - Val F1: 0.3838 - Val ROC-AUC: 0.8274 - Val PR-AUC: 0.3186
Epoch 39/50 - Loss: 0.2181 - Val F1: 0.3529 - Val ROC-AUC: 0.8319 - Val PR-AUC: 0.3367
Epoch 40/50 - Loss: 0.2072 - Val F1: 0.3398 - Val ROC-AUC: 0.8224 - Val PR-AUC: 0.3111
Epoch 41/50 - Loss: 0.2057 - Val F1: 0.3448 - Val ROC-AUC: 0.8265 - Val PR-AUC: 0.3199
Epoch 42/50 - Loss: 0.1992 - Val F1: 0.3548 - Val ROC-AUC: 0.8251 - Val PR-AUC: 0.3097
Epoch 43/50 - Loss: 0.2019 - Val F1: 0.3878 - Val ROC-AUC: 0.8305 - Val PR-AUC: 0.3211
Epoch 44/50 - Loss: 0.2091 - Val F1: 0.3592 - Val ROC-AUC: 0.8251 - Val PR-AUC: 0.3145
Epoch 45/50 - Loss: 0.1881 - Val F1: 0.3434 - Val ROC-AUC: 0.8262 - Val PR-AUC: 0.3224
Epoch 46/50 - Loss: 0.1936 - Val F1: 0.3671 - Val ROC-AUC: 0.8245 - Val PR-AUC: 0.3107
Epoch 47/50 - Loss: 0.1872 - Val F1: 0.3529 - Val ROC-AUC: 0.8271 - Val PR-AUC: 0.3357
Epoch 48/50 - Loss: 0.1925 - Val F1: 0.3607 - Val ROC-AUC: 0.8261 - Val PR-AUC: 0.3267
Epoch 49/50 - Loss: 0.1962 - Val F1: 0.3560 - Val ROC-AUC: 0.8252 - Val PR-AUC: 0.3110
Epoch 50/50 - Loss: 0.1937 - Val F1: 0.3608 - Val ROC-AUC: 0.8217 - Val PR-AUC: 0.3088
Pretraining completed. Test F1: 0.4040, ROC-AUC: 0.8696, PR-AUC: 0.3847
[3/4] Finetuning on TOX21_ERb_BLA_Antagonist_viability using GIN...
[Fine-tune] Epoch 1/50 - Loss: 0.6154 - Val F1: 0.3774 - Val ROC-AUC: 0.7642 - Val PR-AUC: 0.3790
[Fine-tune] Epoch 2/50 - Loss: 0.5436 - Val F1: 0.3478 - Val ROC-AUC: 0.7679 - Val PR-AUC: 0.3311
[Fine-tune] Epoch 3/50 - Loss: 0.5270 - Val F1: 0.3881 - Val ROC-AUC: 0.7945 - Val PR-AUC: 0.4021
[Fine-tune] Epoch 4/50 - Loss: 0.5124 - Val F1: 0.3970 - Val ROC-AUC: 0.7843 - Val PR-AUC: 0.3614
[Fine-tune] Epoch 5/50 - Loss: 0.4974 - Val F1: 0.3842 - Val ROC-AUC: 0.7684 - Val PR-AUC: 0.3232
[Fine-tune] Epoch 6/50 - Loss: 0.4696 - Val F1: 0.3915 - Val ROC-AUC: 0.7777 - Val PR-AUC: 0.3327
[Fine-tune] Epoch 7/50 - Loss: 0.4861 - Val F1: 0.3525 - Val ROC-AUC: 0.7499 - Val PR-AUC: 0.3366
[Fine-tune] Epoch 8/50 - Loss: 0.4706 - Val F1: 0.4037 - Val ROC-AUC: 0.7770 - Val PR-AUC: 0.3660
[Fine-tune] Epoch 9/50 - Loss: 0.4569 - Val F1: 0.3862 - Val ROC-AUC: 0.7644 - Val PR-AUC: 0.3461
[Fine-tune] Epoch 10/50 - Loss: 0.4509 - Val F1: 0.4079 - Val ROC-AUC: 0.7921 - Val PR-AUC: 0.3901
[Fine-tune] Epoch 11/50 - Loss: 0.4301 - Val F1: 0.4340 - Val ROC-AUC: 0.8003 - Val PR-AUC: 0.4138
[Fine-tune] Epoch 12/50 - Loss: 0.4146 - Val F1: 0.4057 - Val ROC-AUC: 0.7877 - Val PR-AUC: 0.3921
[Fine-tune] Epoch 13/50 - Loss: 0.4049 - Val F1: 0.4257 - Val ROC-AUC: 0.7951 - Val PR-AUC: 0.4122
[Fine-tune] Epoch 14/50 - Loss: 0.4080 - Val F1: 0.4311 - Val ROC-AUC: 0.7807 - Val PR-AUC: 0.4129
[Fine-tune] Epoch 15/50 - Loss: 0.3999 - Val F1: 0.4181 - Val ROC-AUC: 0.7909 - Val PR-AUC: 0.3989
[Fine-tune] Epoch 16/50 - Loss: 0.3983 - Val F1: 0.3977 - Val ROC-AUC: 0.7723 - Val PR-AUC: 0.3972
[Fine-tune] Epoch 17/50 - Loss: 0.3840 - Val F1: 0.4305 - Val ROC-AUC: 0.7880 - Val PR-AUC: 0.3972
[Fine-tune] Epoch 18/50 - Loss: 0.3915 - Val F1: 0.4321 - Val ROC-AUC: 0.8025 - Val PR-AUC: 0.4362
[Fine-tune] Epoch 19/50 - Loss: 0.3841 - Val F1: 0.4062 - Val ROC-AUC: 0.7869 - Val PR-AUC: 0.4045
[Fine-tune] Epoch 20/50 - Loss: 0.3719 - Val F1: 0.4414 - Val ROC-AUC: 0.7933 - Val PR-AUC: 0.4012
[Fine-tune] Epoch 21/50 - Loss: 0.3534 - Val F1: 0.4131 - Val ROC-AUC: 0.7762 - Val PR-AUC: 0.3833
[Fine-tune] Epoch 22/50 - Loss: 0.3411 - Val F1: 0.4337 - Val ROC-AUC: 0.7881 - Val PR-AUC: 0.4071
[Fine-tune] Epoch 23/50 - Loss: 0.3296 - Val F1: 0.4129 - Val ROC-AUC: 0.7749 - Val PR-AUC: 0.3844
[Fine-tune] Epoch 24/50 - Loss: 0.3362 - Val F1: 0.4180 - Val ROC-AUC: 0.7815 - Val PR-AUC: 0.3935
[Fine-tune] Epoch 25/50 - Loss: 0.3241 - Val F1: 0.3988 - Val ROC-AUC: 0.7768 - Val PR-AUC: 0.3968
[Fine-tune] Epoch 26/50 - Loss: 0.3172 - Val F1: 0.4152 - Val ROC-AUC: 0.7983 - Val PR-AUC: 0.4067
[Fine-tune] Epoch 27/50 - Loss: 0.3219 - Val F1: 0.4116 - Val ROC-AUC: 0.7884 - Val PR-AUC: 0.4199
[Fine-tune] Epoch 28/50 - Loss: 0.3051 - Val F1: 0.4062 - Val ROC-AUC: 0.7936 - Val PR-AUC: 0.4047
[Fine-tune] Epoch 29/50 - Loss: 0.2998 - Val F1: 0.4164 - Val ROC-AUC: 0.7884 - Val PR-AUC: 0.3827
[Fine-tune] Epoch 30/50 - Loss: 0.3116 - Val F1: 0.4232 - Val ROC-AUC: 0.7897 - Val PR-AUC: 0.3883
[Fine-tune] Epoch 31/50 - Loss: 0.2923 - Val F1: 0.4423 - Val ROC-AUC: 0.7969 - Val PR-AUC: 0.4191
[Fine-tune] Epoch 32/50 - Loss: 0.2834 - Val F1: 0.4410 - Val ROC-AUC: 0.7987 - Val PR-AUC: 0.4330
[Fine-tune] Epoch 33/50 - Loss: 0.2891 - Val F1: 0.4214 - Val ROC-AUC: 0.7933 - Val PR-AUC: 0.4078
[Fine-tune] Epoch 34/50 - Loss: 0.2857 - Val F1: 0.4169 - Val ROC-AUC: 0.7860 - Val PR-AUC: 0.3965
[Fine-tune] Epoch 35/50 - Loss: 0.2815 - Val F1: 0.4408 - Val ROC-AUC: 0.7951 - Val PR-AUC: 0.4233
[Fine-tune] Epoch 36/50 - Loss: 0.2698 - Val F1: 0.4490 - Val ROC-AUC: 0.7937 - Val PR-AUC: 0.4051
[Fine-tune] Epoch 37/50 - Loss: 0.2824 - Val F1: 0.4365 - Val ROC-AUC: 0.7940 - Val PR-AUC: 0.4087
[Fine-tune] Epoch 38/50 - Loss: 0.2805 - Val F1: 0.4296 - Val ROC-AUC: 0.7936 - Val PR-AUC: 0.4120
[Fine-tune] Epoch 39/50 - Loss: 0.2778 - Val F1: 0.4482 - Val ROC-AUC: 0.7993 - Val PR-AUC: 0.4165
[Fine-tune] Epoch 40/50 - Loss: 0.2746 - Val F1: 0.4317 - Val ROC-AUC: 0.8026 - Val PR-AUC: 0.4081
[Fine-tune] Epoch 41/50 - Loss: 0.2887 - Val F1: 0.4304 - Val ROC-AUC: 0.8011 - Val PR-AUC: 0.4181
[Fine-tune] Epoch 42/50 - Loss: 0.2588 - Val F1: 0.4305 - Val ROC-AUC: 0.7998 - Val PR-AUC: 0.4060
[Fine-tune] Epoch 43/50 - Loss: 0.2692 - Val F1: 0.4300 - Val ROC-AUC: 0.7970 - Val PR-AUC: 0.4083
[Fine-tune] Epoch 44/50 - Loss: 0.2657 - Val F1: 0.4348 - Val ROC-AUC: 0.8032 - Val PR-AUC: 0.4155
[Fine-tune] Epoch 45/50 - Loss: 0.2658 - Val F1: 0.4399 - Val ROC-AUC: 0.8024 - Val PR-AUC: 0.3999
[Fine-tune] Epoch 46/50 - Loss: 0.2527 - Val F1: 0.4167 - Val ROC-AUC: 0.7969 - Val PR-AUC: 0.4155
[Fine-tune] Epoch 47/50 - Loss: 0.2594 - Val F1: 0.4422 - Val ROC-AUC: 0.8030 - Val PR-AUC: 0.4152
[Fine-tune] Epoch 48/50 - Loss: 0.2658 - Val F1: 0.4415 - Val ROC-AUC: 0.8002 - Val PR-AUC: 0.4046
[Fine-tune] Epoch 49/50 - Loss: 0.2543 - Val F1: 0.4330 - Val ROC-AUC: 0.7987 - Val PR-AUC: 0.4022
[Fine-tune] Epoch 50/50 - Loss: 0.2480 - Val F1: 0.4310 - Val ROC-AUC: 0.7985 - Val PR-AUC: 0.4050
Finetuning completed. Test F1: 0.4823, ROC-AUC: 0.8087, PR-AUC: 0.4377
[3.1/4] Target-only training on TOX21_ERb_BLA_Antagonist_viability using GIN...
=== Target-only training ===
[Target-only] Epoch 1/50 – Loss: 0.6541  Val F1: 0.3226  ROC-AUC: 0.7186  PR-AUC: 0.2499
[Target-only] Epoch 2/50 – Loss: 0.6194  Val F1: 0.4000  ROC-AUC: 0.7682  PR-AUC: 0.2915
[Target-only] Epoch 3/50 – Loss: 0.5981  Val F1: 0.3269  ROC-AUC: 0.7595  PR-AUC: 0.2788
[Target-only] Epoch 4/50 – Loss: 0.5825  Val F1: 0.3874  ROC-AUC: 0.7750  PR-AUC: 0.3418
[Target-only] Epoch 5/50 – Loss: 0.5752  Val F1: 0.3599  ROC-AUC: 0.7544  PR-AUC: 0.2866
[Target-only] Epoch 6/50 – Loss: 0.5644  Val F1: 0.3975  ROC-AUC: 0.7696  PR-AUC: 0.3248
[Target-only] Epoch 7/50 – Loss: 0.5453  Val F1: 0.3516  ROC-AUC: 0.7549  PR-AUC: 0.2975
[Target-only] Epoch 8/50 – Loss: 0.5502  Val F1: 0.3812  ROC-AUC: 0.7671  PR-AUC: 0.3092
[Target-only] Epoch 9/50 – Loss: 0.5304  Val F1: 0.3784  ROC-AUC: 0.7446  PR-AUC: 0.3350
[Target-only] Epoch 10/50 – Loss: 0.5341  Val F1: 0.3744  ROC-AUC: 0.7668  PR-AUC: 0.3208
[Target-only] Epoch 11/50 – Loss: 0.5084  Val F1: 0.3739  ROC-AUC: 0.7574  PR-AUC: 0.3218
[Target-only] Epoch 12/50 – Loss: 0.4980  Val F1: 0.3869  ROC-AUC: 0.7747  PR-AUC: 0.3592
[Target-only] Epoch 13/50 – Loss: 0.4868  Val F1: 0.3989  ROC-AUC: 0.7767  PR-AUC: 0.3588
[Target-only] Epoch 14/50 – Loss: 0.4870  Val F1: 0.3730  ROC-AUC: 0.7671  PR-AUC: 0.3392
[Target-only] Epoch 15/50 – Loss: 0.4818  Val F1: 0.3989  ROC-AUC: 0.7746  PR-AUC: 0.3566
[Target-only] Epoch 16/50 – Loss: 0.4696  Val F1: 0.4074  ROC-AUC: 0.7791  PR-AUC: 0.3711
[Target-only] Epoch 17/50 – Loss: 0.4793  Val F1: 0.3973  ROC-AUC: 0.7592  PR-AUC: 0.3184
[Target-only] Epoch 18/50 – Loss: 0.4599  Val F1: 0.4207  ROC-AUC: 0.7812  PR-AUC: 0.3507
[Target-only] Epoch 19/50 – Loss: 0.4672  Val F1: 0.3988  ROC-AUC: 0.7719  PR-AUC: 0.3561
[Target-only] Epoch 20/50 – Loss: 0.4559  Val F1: 0.3935  ROC-AUC: 0.7631  PR-AUC: 0.3495
[Target-only] Epoch 21/50 – Loss: 0.4387  Val F1: 0.4063  ROC-AUC: 0.7719  PR-AUC: 0.3474
[Target-only] Epoch 22/50 – Loss: 0.4428  Val F1: 0.4265  ROC-AUC: 0.7697  PR-AUC: 0.3519
[Target-only] Epoch 23/50 – Loss: 0.4213  Val F1: 0.4207  ROC-AUC: 0.7879  PR-AUC: 0.3529
[Target-only] Epoch 24/50 – Loss: 0.4160  Val F1: 0.4051  ROC-AUC: 0.7769  PR-AUC: 0.3475
[Target-only] Epoch 25/50 – Loss: 0.4243  Val F1: 0.4046  ROC-AUC: 0.7819  PR-AUC: 0.3369
[Target-only] Epoch 26/50 – Loss: 0.4115  Val F1: 0.4013  ROC-AUC: 0.7732  PR-AUC: 0.3317
[Target-only] Epoch 27/50 – Loss: 0.4172  Val F1: 0.4088  ROC-AUC: 0.7793  PR-AUC: 0.3545
[Target-only] Epoch 28/50 – Loss: 0.4055  Val F1: 0.3931  ROC-AUC: 0.7774  PR-AUC: 0.3520
[Target-only] Epoch 29/50 – Loss: 0.3966  Val F1: 0.4142  ROC-AUC: 0.7782  PR-AUC: 0.3356
[Target-only] Epoch 30/50 – Loss: 0.3930  Val F1: 0.4204  ROC-AUC: 0.7798  PR-AUC: 0.3593
[Target-only] Epoch 31/50 – Loss: 0.3830  Val F1: 0.4056  ROC-AUC: 0.7700  PR-AUC: 0.3288
[Target-only] Epoch 32/50 – Loss: 0.3801  Val F1: 0.3976  ROC-AUC: 0.7767  PR-AUC: 0.3391
[Target-only] Epoch 33/50 – Loss: 0.3737  Val F1: 0.4060  ROC-AUC: 0.7786  PR-AUC: 0.3404
[Target-only] Epoch 34/50 – Loss: 0.3752  Val F1: 0.4036  ROC-AUC: 0.7751  PR-AUC: 0.3451
[Target-only] Epoch 35/50 – Loss: 0.3596  Val F1: 0.4262  ROC-AUC: 0.7831  PR-AUC: 0.3485
[Target-only] Epoch 36/50 – Loss: 0.3636  Val F1: 0.4180  ROC-AUC: 0.7757  PR-AUC: 0.3424
[Target-only] Epoch 37/50 – Loss: 0.3774  Val F1: 0.4000  ROC-AUC: 0.7700  PR-AUC: 0.3389
[Target-only] Epoch 38/50 – Loss: 0.3487  Val F1: 0.4290  ROC-AUC: 0.7825  PR-AUC: 0.3569
[Target-only] Epoch 39/50 – Loss: 0.3569  Val F1: 0.4108  ROC-AUC: 0.7802  PR-AUC: 0.3537
[Target-only] Epoch 40/50 – Loss: 0.3560  Val F1: 0.4217  ROC-AUC: 0.7872  PR-AUC: 0.3495
[Target-only] Epoch 41/50 – Loss: 0.3596  Val F1: 0.4085  ROC-AUC: 0.7843  PR-AUC: 0.3536
[Target-only] Epoch 42/50 – Loss: 0.3546  Val F1: 0.4231  ROC-AUC: 0.7846  PR-AUC: 0.3586
[Target-only] Epoch 43/50 – Loss: 0.3399  Val F1: 0.4192  ROC-AUC: 0.7780  PR-AUC: 0.3404
[Target-only] Epoch 44/50 – Loss: 0.3357  Val F1: 0.4286  ROC-AUC: 0.7878  PR-AUC: 0.3571
[Target-only] Epoch 45/50 – Loss: 0.3355  Val F1: 0.4123  ROC-AUC: 0.7821  PR-AUC: 0.3533
[Target-only] Epoch 46/50 – Loss: 0.3472  Val F1: 0.4103  ROC-AUC: 0.7833  PR-AUC: 0.3497
[Target-only] Epoch 47/50 – Loss: 0.3542  Val F1: 0.4353  ROC-AUC: 0.7849  PR-AUC: 0.3500
[Target-only] Epoch 48/50 – Loss: 0.3290  Val F1: 0.4272  ROC-AUC: 0.7897  PR-AUC: 0.3690
[Target-only] Epoch 49/50 – Loss: 0.3360  Val F1: 0.4142  ROC-AUC: 0.7852  PR-AUC: 0.3634
[Target-only] Epoch 50/50 – Loss: 0.3561  Val F1: 0.4190  ROC-AUC: 0.7891  PR-AUC: 0.3607
=== Target-only TEST performance ===
Test F1: 0.4577, ROC-AUC: 0.8127, PR-AUC: 0.4311
[4/4] Embedding 시각화 중...
✅ Embeddings 저장 완료: embeddings_TOX21_ERa_LUC_VM7_Antagonist_0.5nM_E2_viability_TOX21_ERb_BLA_Antagonist_viability_GIN.png
✅ 실험 완료: TOX21_ERa_LUC_VM7_Antagonist_0.5nM_E2_viability -> TOX21_ERb_BLA_Antagonist_viability [GIN]
