[13:45:54] Can't kekulize mol.  Unkekulized atoms: 1 2 3 4 5
[13:45:54] Explicit valence for atom # 0 Cl, 2, is greater than permitted
[13:45:55] Can't kekulize mol.  Unkekulized atoms: 3 4 5 6 7
[13:45:56] Can't kekulize mol.  Unkekulized atoms: 3 4 5 6 7
[13:45:58] Can't kekulize mol.  Unkekulized atoms: 1 2 3 4 5
[13:45:58] Can't kekulize mol.  Unkekulized atoms: 3 4 5 6 7
[13:45:59] Can't kekulize mol.  Unkekulized atoms: 1 2 3 4 5
[13:45:59] WARNING: not removing hydrogen atom without neighbors
[13:45:59] Can't kekulize mol.  Unkekulized atoms: 1 2 3 4 5
[13:45:59] Explicit valence for atom # 6 O, 3, is greater than permitted
[13:45:59] Explicit valence for atom # 3 Si, 8, is greater than permitted
[13:46:00] Explicit valence for atom # 0 Cl, 2, is greater than permitted
[13:46:55] Can't kekulize mol.  Unkekulized atoms: 1 2 3 4 5
[13:46:56] Explicit valence for atom # 0 Cl, 2, is greater than permitted
[13:46:56] Can't kekulize mol.  Unkekulized atoms: 3 4 5 6 7
[13:46:57] Can't kekulize mol.  Unkekulized atoms: 3 4 5 6 7
[13:46:59] Can't kekulize mol.  Unkekulized atoms: 1 2 3 4 5
[13:46:59] Can't kekulize mol.  Unkekulized atoms: 3 4 5 6 7
[13:47:00] Can't kekulize mol.  Unkekulized atoms: 1 2 3 4 5
[13:47:00] WARNING: not removing hydrogen atom without neighbors
[13:47:00] Can't kekulize mol.  Unkekulized atoms: 1 2 3 4 5
[13:47:00] Explicit valence for atom # 6 O, 3, is greater than permitted
[13:47:00] Explicit valence for atom # 3 Si, 8, is greater than permitted
[13:47:01] Explicit valence for atom # 0 Cl, 2, is greater than permitted
[13:47:58] Can't kekulize mol.  Unkekulized atoms: 1 2 3 4 5
[13:47:59] Explicit valence for atom # 0 Cl, 2, is greater than permitted
[13:48:00] Can't kekulize mol.  Unkekulized atoms: 3 4 5 6 7
[13:48:00] Can't kekulize mol.  Unkekulized atoms: 3 4 5 6 7
[13:48:02] Can't kekulize mol.  Unkekulized atoms: 1 2 3 4 5
[13:48:02] Can't kekulize mol.  Unkekulized atoms: 3 4 5 6 7
[13:48:03] Can't kekulize mol.  Unkekulized atoms: 1 2 3 4 5
[13:48:03] WARNING: not removing hydrogen atom without neighbors
[13:48:04] Can't kekulize mol.  Unkekulized atoms: 1 2 3 4 5
[13:48:04] Explicit valence for atom # 6 O, 3, is greater than permitted
[13:48:04] Explicit valence for atom # 3 Si, 8, is greater than permitted
[13:48:04] Explicit valence for atom # 0 Cl, 2, is greater than permitted
[13:49:03] Can't kekulize mol.  Unkekulized atoms: 1 2 3 4 5
[13:49:03] Explicit valence for atom # 0 Cl, 2, is greater than permitted
[13:49:04] Can't kekulize mol.  Unkekulized atoms: 3 4 5 6 7
[13:49:04] Can't kekulize mol.  Unkekulized atoms: 3 4 5 6 7
[13:49:07] Can't kekulize mol.  Unkekulized atoms: 1 2 3 4 5
[13:49:07] Can't kekulize mol.  Unkekulized atoms: 3 4 5 6 7
[13:49:08] Can't kekulize mol.  Unkekulized atoms: 1 2 3 4 5
[13:49:08] WARNING: not removing hydrogen atom without neighbors
[13:49:08] Can't kekulize mol.  Unkekulized atoms: 1 2 3 4 5
[13:49:08] Explicit valence for atom # 6 O, 3, is greater than permitted
[13:49:08] Explicit valence for atom # 3 Si, 8, is greater than permitted
[13:49:08] Explicit valence for atom # 0 Cl, 2, is greater than permitted
[13:49:09] Can't kekulize mol.  Unkekulized atoms: 1 2 3 4 5
[13:49:09] Explicit valence for atom # 0 Cl, 2, is greater than permitted
[13:49:10] Can't kekulize mol.  Unkekulized atoms: 3 4 5 6 7
[13:49:10] Can't kekulize mol.  Unkekulized atoms: 3 4 5 6 7
[13:49:13] Can't kekulize mol.  Unkekulized atoms: 1 2 3 4 5
[13:49:13] Can't kekulize mol.  Unkekulized atoms: 3 4 5 6 7
[13:49:13] Can't kekulize mol.  Unkekulized atoms: 1 2 3 4 5
[13:49:13] WARNING: not removing hydrogen atom without neighbors
[13:49:14] Can't kekulize mol.  Unkekulized atoms: 1 2 3 4 5
[13:49:14] Explicit valence for atom # 6 O, 3, is greater than permitted
[13:49:14] Explicit valence for atom # 3 Si, 8, is greater than permitted
[13:49:14] Explicit valence for atom # 0 Cl, 2, is greater than permitted
