[1/4] Excel → CSV 변환 중...
[2/4] Pretraining on TOX21_ERa_LUC_VM7_Agonist using GIN...
Epoch 1/50 - Loss: 0.6745 - Val F1: 0.2838 - Val ROC-AUC: 0.6663 - Val PR-AUC: 0.2706
Epoch 2/50 - Loss: 0.6528 - Val F1: 0.2918 - Val ROC-AUC: 0.6619 - Val PR-AUC: 0.2660
Epoch 3/50 - Loss: 0.6421 - Val F1: 0.2793 - Val ROC-AUC: 0.6467 - Val PR-AUC: 0.2819
Epoch 4/50 - Loss: 0.6367 - Val F1: 0.2827 - Val ROC-AUC: 0.6522 - Val PR-AUC: 0.2279
Epoch 5/50 - Loss: 0.6303 - Val F1: 0.2805 - Val ROC-AUC: 0.6745 - Val PR-AUC: 0.2780
Epoch 6/50 - Loss: 0.6219 - Val F1: 0.2857 - Val ROC-AUC: 0.6836 - Val PR-AUC: 0.2608
Epoch 7/50 - Loss: 0.6095 - Val F1: 0.3195 - Val ROC-AUC: 0.6912 - Val PR-AUC: 0.2922
Epoch 8/50 - Loss: 0.6125 - Val F1: 0.3060 - Val ROC-AUC: 0.6788 - Val PR-AUC: 0.2810
Epoch 9/50 - Loss: 0.6044 - Val F1: 0.3102 - Val ROC-AUC: 0.6865 - Val PR-AUC: 0.2997
Epoch 10/50 - Loss: 0.5902 - Val F1: 0.3012 - Val ROC-AUC: 0.7058 - Val PR-AUC: 0.3111
Epoch 11/50 - Loss: 0.5729 - Val F1: 0.3191 - Val ROC-AUC: 0.6898 - Val PR-AUC: 0.2988
Epoch 12/50 - Loss: 0.5674 - Val F1: 0.3158 - Val ROC-AUC: 0.6948 - Val PR-AUC: 0.2854
Epoch 13/50 - Loss: 0.5636 - Val F1: 0.3182 - Val ROC-AUC: 0.6883 - Val PR-AUC: 0.2693
Epoch 14/50 - Loss: 0.5570 - Val F1: 0.3371 - Val ROC-AUC: 0.7125 - Val PR-AUC: 0.3198
Epoch 15/50 - Loss: 0.5574 - Val F1: 0.2957 - Val ROC-AUC: 0.6945 - Val PR-AUC: 0.2943
Epoch 16/50 - Loss: 0.5449 - Val F1: 0.3235 - Val ROC-AUC: 0.6822 - Val PR-AUC: 0.3011
Epoch 17/50 - Loss: 0.5459 - Val F1: 0.2961 - Val ROC-AUC: 0.6779 - Val PR-AUC: 0.3042
Epoch 18/50 - Loss: 0.5386 - Val F1: 0.3158 - Val ROC-AUC: 0.6870 - Val PR-AUC: 0.3210
Epoch 19/50 - Loss: 0.5457 - Val F1: 0.2877 - Val ROC-AUC: 0.6869 - Val PR-AUC: 0.3104
Epoch 20/50 - Loss: 0.5300 - Val F1: 0.3142 - Val ROC-AUC: 0.6878 - Val PR-AUC: 0.3132
Epoch 21/50 - Loss: 0.5114 - Val F1: 0.3021 - Val ROC-AUC: 0.6804 - Val PR-AUC: 0.3163
Epoch 22/50 - Loss: 0.4941 - Val F1: 0.3168 - Val ROC-AUC: 0.6673 - Val PR-AUC: 0.3119
Epoch 23/50 - Loss: 0.4915 - Val F1: 0.3087 - Val ROC-AUC: 0.6811 - Val PR-AUC: 0.3222
Epoch 24/50 - Loss: 0.4843 - Val F1: 0.3073 - Val ROC-AUC: 0.6724 - Val PR-AUC: 0.3231
Epoch 25/50 - Loss: 0.4912 - Val F1: 0.3091 - Val ROC-AUC: 0.6714 - Val PR-AUC: 0.3092
Epoch 26/50 - Loss: 0.4782 - Val F1: 0.3189 - Val ROC-AUC: 0.6751 - Val PR-AUC: 0.3108
Epoch 27/50 - Loss: 0.4741 - Val F1: 0.2866 - Val ROC-AUC: 0.6540 - Val PR-AUC: 0.2836
Epoch 28/50 - Loss: 0.4771 - Val F1: 0.3102 - Val ROC-AUC: 0.6782 - Val PR-AUC: 0.2908
Epoch 29/50 - Loss: 0.4683 - Val F1: 0.3293 - Val ROC-AUC: 0.6786 - Val PR-AUC: 0.3122
Epoch 30/50 - Loss: 0.4713 - Val F1: 0.3046 - Val ROC-AUC: 0.6647 - Val PR-AUC: 0.2953
Epoch 31/50 - Loss: 0.4441 - Val F1: 0.3148 - Val ROC-AUC: 0.6863 - Val PR-AUC: 0.2941
Epoch 32/50 - Loss: 0.4390 - Val F1: 0.3077 - Val ROC-AUC: 0.6808 - Val PR-AUC: 0.3096
Epoch 33/50 - Loss: 0.4433 - Val F1: 0.3313 - Val ROC-AUC: 0.6885 - Val PR-AUC: 0.3123
Epoch 34/50 - Loss: 0.4341 - Val F1: 0.3256 - Val ROC-AUC: 0.6810 - Val PR-AUC: 0.3076
Epoch 35/50 - Loss: 0.4288 - Val F1: 0.3389 - Val ROC-AUC: 0.6924 - Val PR-AUC: 0.3106
Epoch 36/50 - Loss: 0.4372 - Val F1: 0.3036 - Val ROC-AUC: 0.6828 - Val PR-AUC: 0.2995
Epoch 37/50 - Loss: 0.4397 - Val F1: 0.3366 - Val ROC-AUC: 0.6894 - Val PR-AUC: 0.3055
Epoch 38/50 - Loss: 0.4242 - Val F1: 0.3238 - Val ROC-AUC: 0.6846 - Val PR-AUC: 0.3068
Epoch 39/50 - Loss: 0.4361 - Val F1: 0.3386 - Val ROC-AUC: 0.6862 - Val PR-AUC: 0.3096
Epoch 40/50 - Loss: 0.4093 - Val F1: 0.3279 - Val ROC-AUC: 0.6812 - Val PR-AUC: 0.3060
Epoch 41/50 - Loss: 0.4160 - Val F1: 0.3200 - Val ROC-AUC: 0.6831 - Val PR-AUC: 0.2969
Epoch 42/50 - Loss: 0.4079 - Val F1: 0.3212 - Val ROC-AUC: 0.6855 - Val PR-AUC: 0.3005
Epoch 43/50 - Loss: 0.3993 - Val F1: 0.3289 - Val ROC-AUC: 0.6900 - Val PR-AUC: 0.3043
Epoch 44/50 - Loss: 0.3925 - Val F1: 0.3464 - Val ROC-AUC: 0.6933 - Val PR-AUC: 0.3117
Epoch 45/50 - Loss: 0.4037 - Val F1: 0.3323 - Val ROC-AUC: 0.6795 - Val PR-AUC: 0.2951
Epoch 46/50 - Loss: 0.4014 - Val F1: 0.3388 - Val ROC-AUC: 0.6875 - Val PR-AUC: 0.3036
Epoch 47/50 - Loss: 0.3882 - Val F1: 0.3403 - Val ROC-AUC: 0.6918 - Val PR-AUC: 0.3035
Epoch 48/50 - Loss: 0.4018 - Val F1: 0.3268 - Val ROC-AUC: 0.6807 - Val PR-AUC: 0.2951
Epoch 49/50 - Loss: 0.3874 - Val F1: 0.3401 - Val ROC-AUC: 0.6883 - Val PR-AUC: 0.3049
Epoch 50/50 - Loss: 0.3907 - Val F1: 0.3191 - Val ROC-AUC: 0.6810 - Val PR-AUC: 0.3042
Pretraining completed. Test F1: 0.2900, ROC-AUC: 0.6404, PR-AUC: 0.2901
[3/4] Finetuning on TOX21_ERb_BLA_Agonist_ch2 using GIN...
[Fine-tune] Epoch 1/50 - Loss: 0.3742 - Val F1: 0.1699 - Val ROC-AUC: 0.8500 - Val PR-AUC: 0.4612
[Fine-tune] Epoch 2/50 - Loss: 0.2572 - Val F1: 0.1573 - Val ROC-AUC: 0.8528 - Val PR-AUC: 0.3753
[Fine-tune] Epoch 3/50 - Loss: 0.2477 - Val F1: 0.2887 - Val ROC-AUC: 0.9004 - Val PR-AUC: 0.4806
[Fine-tune] Epoch 4/50 - Loss: 0.1998 - Val F1: 0.2824 - Val ROC-AUC: 0.8526 - Val PR-AUC: 0.4727
[Fine-tune] Epoch 5/50 - Loss: 0.1760 - Val F1: 0.3377 - Val ROC-AUC: 0.8764 - Val PR-AUC: 0.4680
[Fine-tune] Epoch 6/50 - Loss: 0.1605 - Val F1: 0.3023 - Val ROC-AUC: 0.8660 - Val PR-AUC: 0.4264
[Fine-tune] Epoch 7/50 - Loss: 0.1515 - Val F1: 0.2889 - Val ROC-AUC: 0.8871 - Val PR-AUC: 0.5630
[Fine-tune] Epoch 8/50 - Loss: 0.1478 - Val F1: 0.3210 - Val ROC-AUC: 0.8626 - Val PR-AUC: 0.5323
[Fine-tune] Epoch 9/50 - Loss: 0.1525 - Val F1: 0.3380 - Val ROC-AUC: 0.8584 - Val PR-AUC: 0.5528
[Fine-tune] Epoch 10/50 - Loss: 0.1351 - Val F1: 0.3889 - Val ROC-AUC: 0.8697 - Val PR-AUC: 0.5275
[Fine-tune] Epoch 11/50 - Loss: 0.1049 - Val F1: 0.4407 - Val ROC-AUC: 0.8789 - Val PR-AUC: 0.4842
[Fine-tune] Epoch 12/50 - Loss: 0.0907 - Val F1: 0.4138 - Val ROC-AUC: 0.8396 - Val PR-AUC: 0.5667
[Fine-tune] Epoch 13/50 - Loss: 0.0898 - Val F1: 0.3871 - Val ROC-AUC: 0.8566 - Val PR-AUC: 0.5681
[Fine-tune] Epoch 14/50 - Loss: 0.0918 - Val F1: 0.4364 - Val ROC-AUC: 0.8711 - Val PR-AUC: 0.5396
[Fine-tune] Epoch 15/50 - Loss: 0.0827 - Val F1: 0.4068 - Val ROC-AUC: 0.8524 - Val PR-AUC: 0.5293
[Fine-tune] Epoch 16/50 - Loss: 0.0705 - Val F1: 0.4068 - Val ROC-AUC: 0.8527 - Val PR-AUC: 0.5446
[Fine-tune] Epoch 17/50 - Loss: 0.0945 - Val F1: 0.4286 - Val ROC-AUC: 0.8337 - Val PR-AUC: 0.5235
[Fine-tune] Epoch 18/50 - Loss: 0.0695 - Val F1: 0.5000 - Val ROC-AUC: 0.8483 - Val PR-AUC: 0.5501
[Fine-tune] Epoch 19/50 - Loss: 0.0738 - Val F1: 0.4800 - Val ROC-AUC: 0.8242 - Val PR-AUC: 0.4572
[Fine-tune] Epoch 20/50 - Loss: 0.0718 - Val F1: 0.4138 - Val ROC-AUC: 0.8357 - Val PR-AUC: 0.5079
[Fine-tune] Epoch 21/50 - Loss: 0.0661 - Val F1: 0.4800 - Val ROC-AUC: 0.8375 - Val PR-AUC: 0.5299
[Fine-tune] Epoch 22/50 - Loss: 0.0695 - Val F1: 0.4898 - Val ROC-AUC: 0.8398 - Val PR-AUC: 0.5366
[Fine-tune] Epoch 23/50 - Loss: 0.0648 - Val F1: 0.5106 - Val ROC-AUC: 0.8381 - Val PR-AUC: 0.5155
[Fine-tune] Epoch 24/50 - Loss: 0.0533 - Val F1: 0.4800 - Val ROC-AUC: 0.8384 - Val PR-AUC: 0.5568
[Fine-tune] Epoch 25/50 - Loss: 0.0469 - Val F1: 0.4583 - Val ROC-AUC: 0.8304 - Val PR-AUC: 0.5373
[Fine-tune] Epoch 26/50 - Loss: 0.0562 - Val F1: 0.4706 - Val ROC-AUC: 0.8414 - Val PR-AUC: 0.5222
[Fine-tune] Epoch 27/50 - Loss: 0.0521 - Val F1: 0.4898 - Val ROC-AUC: 0.8379 - Val PR-AUC: 0.5488
[Fine-tune] Epoch 28/50 - Loss: 0.0565 - Val F1: 0.4898 - Val ROC-AUC: 0.8390 - Val PR-AUC: 0.5602
[Fine-tune] Epoch 29/50 - Loss: 0.0452 - Val F1: 0.4706 - Val ROC-AUC: 0.8544 - Val PR-AUC: 0.5328
[Fine-tune] Epoch 30/50 - Loss: 0.0500 - Val F1: 0.4681 - Val ROC-AUC: 0.8751 - Val PR-AUC: 0.5197
[Fine-tune] Epoch 31/50 - Loss: 0.0471 - Val F1: 0.5238 - Val ROC-AUC: 0.8637 - Val PR-AUC: 0.5533
[Fine-tune] Epoch 32/50 - Loss: 0.0406 - Val F1: 0.4583 - Val ROC-AUC: 0.8640 - Val PR-AUC: 0.5380
[Fine-tune] Epoch 33/50 - Loss: 0.0535 - Val F1: 0.5000 - Val ROC-AUC: 0.8716 - Val PR-AUC: 0.5484
[Fine-tune] Epoch 34/50 - Loss: 0.0398 - Val F1: 0.4583 - Val ROC-AUC: 0.8691 - Val PR-AUC: 0.5560
[Fine-tune] Epoch 35/50 - Loss: 0.0418 - Val F1: 0.4681 - Val ROC-AUC: 0.8560 - Val PR-AUC: 0.5488
[Fine-tune] Epoch 36/50 - Loss: 0.0318 - Val F1: 0.4889 - Val ROC-AUC: 0.8565 - Val PR-AUC: 0.4921
[Fine-tune] Epoch 37/50 - Loss: 0.0357 - Val F1: 0.5000 - Val ROC-AUC: 0.8494 - Val PR-AUC: 0.5399
[Fine-tune] Epoch 38/50 - Loss: 0.0384 - Val F1: 0.5000 - Val ROC-AUC: 0.8456 - Val PR-AUC: 0.5899
[Fine-tune] Epoch 39/50 - Loss: 0.0400 - Val F1: 0.4783 - Val ROC-AUC: 0.8407 - Val PR-AUC: 0.5691
[Fine-tune] Epoch 40/50 - Loss: 0.0296 - Val F1: 0.4783 - Val ROC-AUC: 0.8526 - Val PR-AUC: 0.5545
[Fine-tune] Epoch 41/50 - Loss: 0.0346 - Val F1: 0.4583 - Val ROC-AUC: 0.8459 - Val PR-AUC: 0.5588
[Fine-tune] Epoch 42/50 - Loss: 0.0371 - Val F1: 0.4889 - Val ROC-AUC: 0.8460 - Val PR-AUC: 0.5814
[Fine-tune] Epoch 43/50 - Loss: 0.0397 - Val F1: 0.4889 - Val ROC-AUC: 0.8453 - Val PR-AUC: 0.5563
[Fine-tune] Epoch 44/50 - Loss: 0.0378 - Val F1: 0.4783 - Val ROC-AUC: 0.8508 - Val PR-AUC: 0.5813
[Fine-tune] Epoch 45/50 - Loss: 0.0334 - Val F1: 0.4889 - Val ROC-AUC: 0.8482 - Val PR-AUC: 0.5497
[Fine-tune] Epoch 46/50 - Loss: 0.0404 - Val F1: 0.5000 - Val ROC-AUC: 0.8466 - Val PR-AUC: 0.5728
[Fine-tune] Epoch 47/50 - Loss: 0.0351 - Val F1: 0.4400 - Val ROC-AUC: 0.8363 - Val PR-AUC: 0.5775
[Fine-tune] Epoch 48/50 - Loss: 0.0388 - Val F1: 0.4783 - Val ROC-AUC: 0.8333 - Val PR-AUC: 0.5905
[Fine-tune] Epoch 49/50 - Loss: 0.0352 - Val F1: 0.4889 - Val ROC-AUC: 0.8314 - Val PR-AUC: 0.5919
[Fine-tune] Epoch 50/50 - Loss: 0.0362 - Val F1: 0.4783 - Val ROC-AUC: 0.8427 - Val PR-AUC: 0.5895
Finetuning completed. Test F1: 0.4444, ROC-AUC: 0.8910, PR-AUC: 0.4435
[3.1/4] Target-only training on TOX21_ERb_BLA_Agonist_ch2 using GIN...
=== Target-only training ===
[Target-only] Epoch 1/50 – Loss: 0.4438  Val F1: 0.1304  ROC-AUC: 0.8455  PR-AUC: 0.4529
[Target-only] Epoch 2/50 – Loss: 0.3730  Val F1: 0.2385  ROC-AUC: 0.8327  PR-AUC: 0.4346
[Target-only] Epoch 3/50 – Loss: 0.3294  Val F1: 0.3175  ROC-AUC: 0.8283  PR-AUC: 0.3665
[Target-only] Epoch 4/50 – Loss: 0.2780  Val F1: 0.2330  ROC-AUC: 0.8188  PR-AUC: 0.4965
[Target-only] Epoch 5/50 – Loss: 0.2528  Val F1: 0.2044  ROC-AUC: 0.8467  PR-AUC: 0.4991
[Target-only] Epoch 6/50 – Loss: 0.2403  Val F1: 0.2564  ROC-AUC: 0.8504  PR-AUC: 0.4331
[Target-only] Epoch 7/50 – Loss: 0.2388  Val F1: 0.3210  ROC-AUC: 0.8384  PR-AUC: 0.4400
[Target-only] Epoch 8/50 – Loss: 0.2146  Val F1: 0.3125  ROC-AUC: 0.8484  PR-AUC: 0.4785
[Target-only] Epoch 9/50 – Loss: 0.2014  Val F1: 0.3210  ROC-AUC: 0.7982  PR-AUC: 0.5095
[Target-only] Epoch 10/50 – Loss: 0.2030  Val F1: 0.3256  ROC-AUC: 0.8313  PR-AUC: 0.4018
[Target-only] Epoch 11/50 – Loss: 0.1564  Val F1: 0.3377  ROC-AUC: 0.8230  PR-AUC: 0.5632
[Target-only] Epoch 12/50 – Loss: 0.1415  Val F1: 0.3333  ROC-AUC: 0.8386  PR-AUC: 0.5986
[Target-only] Epoch 13/50 – Loss: 0.1387  Val F1: 0.3158  ROC-AUC: 0.8005  PR-AUC: 0.5593
[Target-only] Epoch 14/50 – Loss: 0.1305  Val F1: 0.3038  ROC-AUC: 0.8067  PR-AUC: 0.4926
[Target-only] Epoch 15/50 – Loss: 0.1398  Val F1: 0.3636  ROC-AUC: 0.7915  PR-AUC: 0.5524
[Target-only] Epoch 16/50 – Loss: 0.1088  Val F1: 0.3529  ROC-AUC: 0.8089  PR-AUC: 0.3446
[Target-only] Epoch 17/50 – Loss: 0.1167  Val F1: 0.3750  ROC-AUC: 0.8132  PR-AUC: 0.5543
[Target-only] Epoch 18/50 – Loss: 0.1238  Val F1: 0.4800  ROC-AUC: 0.8221  PR-AUC: 0.5480
[Target-only] Epoch 19/50 – Loss: 0.1361  Val F1: 0.4615  ROC-AUC: 0.7904  PR-AUC: 0.5138
[Target-only] Epoch 20/50 – Loss: 0.1157  Val F1: 0.4138  ROC-AUC: 0.8269  PR-AUC: 0.5879
[Target-only] Epoch 21/50 – Loss: 0.1003  Val F1: 0.4615  ROC-AUC: 0.7867  PR-AUC: 0.5388
[Target-only] Epoch 22/50 – Loss: 0.0864  Val F1: 0.4286  ROC-AUC: 0.8071  PR-AUC: 0.5890
[Target-only] Epoch 23/50 – Loss: 0.0954  Val F1: 0.4211  ROC-AUC: 0.8223  PR-AUC: 0.5995
[Target-only] Epoch 24/50 – Loss: 0.0913  Val F1: 0.3529  ROC-AUC: 0.8277  PR-AUC: 0.4412
[Target-only] Epoch 25/50 – Loss: 0.0891  Val F1: 0.4444  ROC-AUC: 0.7993  PR-AUC: 0.6006
[Target-only] Epoch 26/50 – Loss: 0.1023  Val F1: 0.4211  ROC-AUC: 0.8014  PR-AUC: 0.6280
[Target-only] Epoch 27/50 – Loss: 0.0871  Val F1: 0.4127  ROC-AUC: 0.8154  PR-AUC: 0.5379
[Target-only] Epoch 28/50 – Loss: 0.0857  Val F1: 0.4528  ROC-AUC: 0.8063  PR-AUC: 0.5805
[Target-only] Epoch 29/50 – Loss: 0.0764  Val F1: 0.4127  ROC-AUC: 0.8062  PR-AUC: 0.5099
[Target-only] Epoch 30/50 – Loss: 0.0784  Val F1: 0.4528  ROC-AUC: 0.8202  PR-AUC: 0.5490
[Target-only] Epoch 31/50 – Loss: 0.0661  Val F1: 0.4706  ROC-AUC: 0.8348  PR-AUC: 0.5914
[Target-only] Epoch 32/50 – Loss: 0.0671  Val F1: 0.4898  ROC-AUC: 0.8124  PR-AUC: 0.5220
[Target-only] Epoch 33/50 – Loss: 0.0637  Val F1: 0.4528  ROC-AUC: 0.8093  PR-AUC: 0.6143
[Target-only] Epoch 34/50 – Loss: 0.0633  Val F1: 0.4364  ROC-AUC: 0.8127  PR-AUC: 0.5937
[Target-only] Epoch 35/50 – Loss: 0.0627  Val F1: 0.5217  ROC-AUC: 0.8174  PR-AUC: 0.6682
[Target-only] Epoch 36/50 – Loss: 0.0662  Val F1: 0.4800  ROC-AUC: 0.8251  PR-AUC: 0.5521
[Target-only] Epoch 37/50 – Loss: 0.0634  Val F1: 0.4528  ROC-AUC: 0.8116  PR-AUC: 0.5686
[Target-only] Epoch 38/50 – Loss: 0.0707  Val F1: 0.4706  ROC-AUC: 0.8019  PR-AUC: 0.4957
[Target-only] Epoch 39/50 – Loss: 0.0669  Val F1: 0.5333  ROC-AUC: 0.8096  PR-AUC: 0.6329
[Target-only] Epoch 40/50 – Loss: 0.0729  Val F1: 0.4528  ROC-AUC: 0.8053  PR-AUC: 0.6574
[Target-only] Epoch 41/50 – Loss: 0.0645  Val F1: 0.4528  ROC-AUC: 0.8069  PR-AUC: 0.5721
[Target-only] Epoch 42/50 – Loss: 0.0551  Val F1: 0.4706  ROC-AUC: 0.8038  PR-AUC: 0.6444
[Target-only] Epoch 43/50 – Loss: 0.0559  Val F1: 0.4706  ROC-AUC: 0.8061  PR-AUC: 0.6422
[Target-only] Epoch 44/50 – Loss: 0.0615  Val F1: 0.4444  ROC-AUC: 0.8062  PR-AUC: 0.6808
[Target-only] Epoch 45/50 – Loss: 0.0556  Val F1: 0.4800  ROC-AUC: 0.7965  PR-AUC: 0.6537
[Target-only] Epoch 46/50 – Loss: 0.0544  Val F1: 0.5000  ROC-AUC: 0.8079  PR-AUC: 0.5839
[Target-only] Epoch 47/50 – Loss: 0.0547  Val F1: 0.4898  ROC-AUC: 0.8134  PR-AUC: 0.6042
[Target-only] Epoch 48/50 – Loss: 0.0613  Val F1: 0.4898  ROC-AUC: 0.8108  PR-AUC: 0.5848
[Target-only] Epoch 49/50 – Loss: 0.0563  Val F1: 0.4898  ROC-AUC: 0.8045  PR-AUC: 0.6117
[Target-only] Epoch 50/50 – Loss: 0.0552  Val F1: 0.4615  ROC-AUC: 0.8070  PR-AUC: 0.6415
=== Target-only TEST performance ===
Test F1: 0.3529, ROC-AUC: 0.8569, PR-AUC: 0.4806
[4/4] Embedding 시각화 중...
✅ Embeddings 저장 완료: embeddings_TOX21_ERa_LUC_VM7_Agonist_TOX21_ERb_BLA_Agonist_ch2_GIN.png
✅ 실험 완료: TOX21_ERa_LUC_VM7_Agonist -> TOX21_ERb_BLA_Agonist_ch2 [GIN]
