[13:45:52] Can't kekulize mol.  Unkekulized atoms: 1 2 3 4 5
[13:45:53] Explicit valence for atom # 0 Cl, 2, is greater than permitted
[13:45:53] Can't kekulize mol.  Unkekulized atoms: 3 4 5 6 7
[13:45:54] Can't kekulize mol.  Unkekulized atoms: 3 4 5 6 7
[13:45:54] WARNING: not removing hydrogen atom without neighbors
[13:45:56] Explicit valence for atom # 3 Si, 8, is greater than permitted
[13:45:57] Can't kekulize mol.  Unkekulized atoms: 1 2 3 4 5
[13:45:57] Can't kekulize mol.  Unkekulized atoms: 3 4 5 6 7
[13:45:57] Can't kekulize mol.  Unkekulized atoms: 1 2 3 4 5
[13:45:57] WARNING: not removing hydrogen atom without neighbors
[13:45:58] Can't kekulize mol.  Unkekulized atoms: 1 2 3 4 5
[13:45:58] Explicit valence for atom # 6 O, 3, is greater than permitted
[13:45:58] Explicit valence for atom # 3 Si, 8, is greater than permitted
[13:45:58] Explicit valence for atom # 0 Cl, 2, is greater than permitted
[13:46:56] Can't kekulize mol.  Unkekulized atoms: 1 2 3 4 5
[13:46:57] Explicit valence for atom # 0 Cl, 2, is greater than permitted
[13:46:57] Can't kekulize mol.  Unkekulized atoms: 3 4 5 6 7
[13:46:58] Can't kekulize mol.  Unkekulized atoms: 3 4 5 6 7
[13:47:00] Can't kekulize mol.  Unkekulized atoms: 1 2 3 4 5
[13:47:00] Can't kekulize mol.  Unkekulized atoms: 3 4 5 6 7
[13:47:01] Can't kekulize mol.  Unkekulized atoms: 1 2 3 4 5
[13:47:01] WARNING: not removing hydrogen atom without neighbors
[13:47:02] Can't kekulize mol.  Unkekulized atoms: 1 2 3 4 5
[13:47:02] Explicit valence for atom # 6 O, 3, is greater than permitted
[13:47:02] Explicit valence for atom # 3 Si, 8, is greater than permitted
[13:47:02] Explicit valence for atom # 0 Cl, 2, is greater than permitted
[13:47:58] Can't kekulize mol.  Unkekulized atoms: 1 2 3 4 5
[13:47:58] Explicit valence for atom # 0 Cl, 2, is greater than permitted
[13:47:59] Can't kekulize mol.  Unkekulized atoms: 3 4 5 6 7
[13:48:00] Can't kekulize mol.  Unkekulized atoms: 3 4 5 6 7
[13:48:02] Can't kekulize mol.  Unkekulized atoms: 1 2 3 4 5
[13:48:02] Can't kekulize mol.  Unkekulized atoms: 3 4 5 6 7
[13:48:02] Can't kekulize mol.  Unkekulized atoms: 1 2 3 4 5
[13:48:03] WARNING: not removing hydrogen atom without neighbors
[13:48:03] Can't kekulize mol.  Unkekulized atoms: 1 2 3 4 5
[13:48:03] Explicit valence for atom # 6 O, 3, is greater than permitted
[13:48:03] Explicit valence for atom # 3 Si, 8, is greater than permitted
[13:48:03] Explicit valence for atom # 0 Cl, 2, is greater than permitted
[13:49:01] Can't kekulize mol.  Unkekulized atoms: 1 2 3 4 5
[13:49:01] Explicit valence for atom # 0 Cl, 2, is greater than permitted
[13:49:02] Can't kekulize mol.  Unkekulized atoms: 3 4 5 6 7
[13:49:02] Can't kekulize mol.  Unkekulized atoms: 3 4 5 6 7
[13:49:05] Can't kekulize mol.  Unkekulized atoms: 1 2 3 4 5
[13:49:05] Can't kekulize mol.  Unkekulized atoms: 3 4 5 6 7
[13:49:05] Can't kekulize mol.  Unkekulized atoms: 1 2 3 4 5
[13:49:05] WARNING: not removing hydrogen atom without neighbors
[13:49:06] Can't kekulize mol.  Unkekulized atoms: 1 2 3 4 5
[13:49:06] Explicit valence for atom # 6 O, 3, is greater than permitted
[13:49:06] Explicit valence for atom # 3 Si, 8, is greater than permitted
[13:49:06] Explicit valence for atom # 0 Cl, 2, is greater than permitted
[13:49:07] Can't kekulize mol.  Unkekulized atoms: 1 2 3 4 5
[13:49:07] Explicit valence for atom # 0 Cl, 2, is greater than permitted
[13:49:08] Can't kekulize mol.  Unkekulized atoms: 3 4 5 6 7
[13:49:08] Can't kekulize mol.  Unkekulized atoms: 3 4 5 6 7
[13:49:10] Can't kekulize mol.  Unkekulized atoms: 1 2 3 4 5
[13:49:10] Can't kekulize mol.  Unkekulized atoms: 3 4 5 6 7
[13:49:11] Can't kekulize mol.  Unkekulized atoms: 1 2 3 4 5
[13:49:11] WARNING: not removing hydrogen atom without neighbors
[13:49:12] Can't kekulize mol.  Unkekulized atoms: 1 2 3 4 5
[13:49:12] Explicit valence for atom # 6 O, 3, is greater than permitted
[13:49:12] Explicit valence for atom # 3 Si, 8, is greater than permitted
[13:49:12] Explicit valence for atom # 0 Cl, 2, is greater than permitted
