[13:45:54] Can't kekulize mol.  Unkekulized atoms: 1 2 3 4 5
[13:45:54] Explicit valence for atom # 0 Cl, 2, is greater than permitted
[13:45:55] Can't kekulize mol.  Unkekulized atoms: 3 4 5 6 7
[13:45:56] Can't kekulize mol.  Unkekulized atoms: 3 4 5 6 7
[13:45:58] Can't kekulize mol.  Unkekulized atoms: 1 2 3 4 5
[13:45:58] Can't kekulize mol.  Unkekulized atoms: 3 4 5 6 7
[13:45:59] Can't kekulize mol.  Unkekulized atoms: 1 2 3 4 5
[13:45:59] WARNING: not removing hydrogen atom without neighbors
[13:45:59] Can't kekulize mol.  Unkekulized atoms: 1 2 3 4 5
[13:45:59] Explicit valence for atom # 6 O, 3, is greater than permitted
[13:45:59] Explicit valence for atom # 3 Si, 8, is greater than permitted
[13:46:00] Explicit valence for atom # 0 Cl, 2, is greater than permitted
[13:46:55] Can't kekulize mol.  Unkekulized atoms: 1 2 3 4 5
[13:46:56] Explicit valence for atom # 0 Cl, 2, is greater than permitted
[13:46:57] Can't kekulize mol.  Unkekulized atoms: 3 4 5 6 7
[13:46:57] Can't kekulize mol.  Unkekulized atoms: 3 4 5 6 7
[13:46:58] WARNING: not removing hydrogen atom without neighbors
[13:47:00] Explicit valence for atom # 3 Si, 8, is greater than permitted
[13:47:00] Can't kekulize mol.  Unkekulized atoms: 1 2 3 4 5
[13:47:00] Can't kekulize mol.  Unkekulized atoms: 3 4 5 6 7
[13:47:00] Can't kekulize mol.  Unkekulized atoms: 1 2 3 4 5
[13:47:01] WARNING: not removing hydrogen atom without neighbors
[13:47:01] Can't kekulize mol.  Unkekulized atoms: 1 2 3 4 5
[13:47:01] Explicit valence for atom # 6 O, 3, is greater than permitted
[13:47:01] Explicit valence for atom # 3 Si, 8, is greater than permitted
[13:47:02] Explicit valence for atom # 0 Cl, 2, is greater than permitted
[13:47:58] Can't kekulize mol.  Unkekulized atoms: 1 2 3 4 5
[13:47:59] Explicit valence for atom # 0 Cl, 2, is greater than permitted
[13:48:00] Can't kekulize mol.  Unkekulized atoms: 3 4 5 6 7
[13:48:00] Can't kekulize mol.  Unkekulized atoms: 3 4 5 6 7
[13:48:01] WARNING: not removing hydrogen atom without neighbors
[13:48:03] Explicit valence for atom # 3 Si, 8, is greater than permitted
[13:48:03] Can't kekulize mol.  Unkekulized atoms: 1 2 3 4 5
[13:48:03] Can't kekulize mol.  Unkekulized atoms: 3 4 5 6 7
[13:48:04] Can't kekulize mol.  Unkekulized atoms: 1 2 3 4 5
[13:48:04] WARNING: not removing hydrogen atom without neighbors
[13:48:04] Can't kekulize mol.  Unkekulized atoms: 1 2 3 4 5
[13:48:04] Explicit valence for atom # 6 O, 3, is greater than permitted
[13:48:04] Explicit valence for atom # 3 Si, 8, is greater than permitted
[13:48:05] Explicit valence for atom # 0 Cl, 2, is greater than permitted
[13:49:03] Can't kekulize mol.  Unkekulized atoms: 1 2 3 4 5
[13:49:04] Explicit valence for atom # 0 Cl, 2, is greater than permitted
[13:49:05] Can't kekulize mol.  Unkekulized atoms: 3 4 5 6 7
[13:49:05] Can't kekulize mol.  Unkekulized atoms: 3 4 5 6 7
[13:49:05] WARNING: not removing hydrogen atom without neighbors
[13:49:07] Explicit valence for atom # 3 Si, 8, is greater than permitted
[13:49:08] Can't kekulize mol.  Unkekulized atoms: 1 2 3 4 5
[13:49:08] Can't kekulize mol.  Unkekulized atoms: 3 4 5 6 7
[13:49:08] Can't kekulize mol.  Unkekulized atoms: 1 2 3 4 5
[13:49:08] WARNING: not removing hydrogen atom without neighbors
[13:49:09] Can't kekulize mol.  Unkekulized atoms: 1 2 3 4 5
[13:49:09] Explicit valence for atom # 6 O, 3, is greater than permitted
[13:49:09] Explicit valence for atom # 3 Si, 8, is greater than permitted
[13:49:09] Explicit valence for atom # 0 Cl, 2, is greater than permitted
[13:49:10] Can't kekulize mol.  Unkekulized atoms: 1 2 3 4 5
[13:49:10] Explicit valence for atom # 0 Cl, 2, is greater than permitted
[13:49:11] Can't kekulize mol.  Unkekulized atoms: 3 4 5 6 7
[13:49:12] Can't kekulize mol.  Unkekulized atoms: 3 4 5 6 7
[13:49:12] WARNING: not removing hydrogen atom without neighbors
[13:49:14] Explicit valence for atom # 3 Si, 8, is greater than permitted
[13:49:14] Can't kekulize mol.  Unkekulized atoms: 1 2 3 4 5
[13:49:14] Can't kekulize mol.  Unkekulized atoms: 3 4 5 6 7
[13:49:15] Can't kekulize mol.  Unkekulized atoms: 1 2 3 4 5
[13:49:15] WARNING: not removing hydrogen atom without neighbors
[13:49:16] Can't kekulize mol.  Unkekulized atoms: 1 2 3 4 5
[13:49:16] Explicit valence for atom # 6 O, 3, is greater than permitted
[13:49:16] Explicit valence for atom # 3 Si, 8, is greater than permitted
[13:49:16] Explicit valence for atom # 0 Cl, 2, is greater than permitted
