[1/4] Excel → CSV 변환 중...
[2/4] Pretraining on TOX21_ERb_BLA_Antagonist_ch1 using GIN...
Epoch 1/50 - Loss: 0.5755 - Val F1: 0.0784 - Val ROC-AUC: 0.6747 - Val PR-AUC: 0.1087
Epoch 2/50 - Loss: 0.4834 - Val F1: 0.1368 - Val ROC-AUC: 0.7209 - Val PR-AUC: 0.1036
Epoch 3/50 - Loss: 0.4269 - Val F1: 0.1269 - Val ROC-AUC: 0.7195 - Val PR-AUC: 0.1012
Epoch 4/50 - Loss: 0.4169 - Val F1: 0.1156 - Val ROC-AUC: 0.7289 - Val PR-AUC: 0.0907
Epoch 5/50 - Loss: 0.3922 - Val F1: 0.1500 - Val ROC-AUC: 0.7616 - Val PR-AUC: 0.0947
Epoch 6/50 - Loss: 0.3786 - Val F1: 0.1573 - Val ROC-AUC: 0.7346 - Val PR-AUC: 0.0957
Epoch 7/50 - Loss: 0.3400 - Val F1: 0.1566 - Val ROC-AUC: 0.7140 - Val PR-AUC: 0.0774
Epoch 8/50 - Loss: 0.3264 - Val F1: 0.1606 - Val ROC-AUC: 0.7418 - Val PR-AUC: 0.0892
Epoch 9/50 - Loss: 0.3270 - Val F1: 0.1525 - Val ROC-AUC: 0.7029 - Val PR-AUC: 0.0879
Epoch 10/50 - Loss: 0.2959 - Val F1: 0.1549 - Val ROC-AUC: 0.7448 - Val PR-AUC: 0.0749
Epoch 11/50 - Loss: 0.2747 - Val F1: 0.1613 - Val ROC-AUC: 0.7069 - Val PR-AUC: 0.0910
Epoch 12/50 - Loss: 0.2576 - Val F1: 0.1705 - Val ROC-AUC: 0.7217 - Val PR-AUC: 0.0992
Epoch 13/50 - Loss: 0.2283 - Val F1: 0.1692 - Val ROC-AUC: 0.7101 - Val PR-AUC: 0.0959
Epoch 14/50 - Loss: 0.2138 - Val F1: 0.1818 - Val ROC-AUC: 0.7377 - Val PR-AUC: 0.0925
Epoch 15/50 - Loss: 0.2170 - Val F1: 0.1346 - Val ROC-AUC: 0.6937 - Val PR-AUC: 0.0882
Epoch 16/50 - Loss: 0.2109 - Val F1: 0.1791 - Val ROC-AUC: 0.7111 - Val PR-AUC: 0.1048
Epoch 17/50 - Loss: 0.1967 - Val F1: 0.1364 - Val ROC-AUC: 0.7259 - Val PR-AUC: 0.0958
Epoch 18/50 - Loss: 0.2155 - Val F1: 0.1593 - Val ROC-AUC: 0.7242 - Val PR-AUC: 0.0887
Epoch 19/50 - Loss: 0.1961 - Val F1: 0.2037 - Val ROC-AUC: 0.7120 - Val PR-AUC: 0.1028
Epoch 20/50 - Loss: 0.1959 - Val F1: 0.1524 - Val ROC-AUC: 0.6778 - Val PR-AUC: 0.1007
Epoch 21/50 - Loss: 0.1725 - Val F1: 0.1978 - Val ROC-AUC: 0.7084 - Val PR-AUC: 0.1068
Epoch 22/50 - Loss: 0.1648 - Val F1: 0.1509 - Val ROC-AUC: 0.7134 - Val PR-AUC: 0.1264
Epoch 23/50 - Loss: 0.1522 - Val F1: 0.1860 - Val ROC-AUC: 0.6921 - Val PR-AUC: 0.1137
Epoch 24/50 - Loss: 0.1433 - Val F1: 0.1522 - Val ROC-AUC: 0.7057 - Val PR-AUC: 0.0970
Epoch 25/50 - Loss: 0.1466 - Val F1: 0.1839 - Val ROC-AUC: 0.6886 - Val PR-AUC: 0.1103
Epoch 26/50 - Loss: 0.1469 - Val F1: 0.1860 - Val ROC-AUC: 0.6822 - Val PR-AUC: 0.1275
Epoch 27/50 - Loss: 0.1508 - Val F1: 0.1772 - Val ROC-AUC: 0.6766 - Val PR-AUC: 0.0889
Epoch 28/50 - Loss: 0.1336 - Val F1: 0.1304 - Val ROC-AUC: 0.6851 - Val PR-AUC: 0.0973
Epoch 29/50 - Loss: 0.1328 - Val F1: 0.1558 - Val ROC-AUC: 0.6834 - Val PR-AUC: 0.0939
Epoch 30/50 - Loss: 0.1303 - Val F1: 0.2093 - Val ROC-AUC: 0.7065 - Val PR-AUC: 0.1225
Epoch 31/50 - Loss: 0.1197 - Val F1: 0.1481 - Val ROC-AUC: 0.7049 - Val PR-AUC: 0.0970
Epoch 32/50 - Loss: 0.1093 - Val F1: 0.1500 - Val ROC-AUC: 0.6962 - Val PR-AUC: 0.1020
Epoch 33/50 - Loss: 0.1071 - Val F1: 0.2051 - Val ROC-AUC: 0.6957 - Val PR-AUC: 0.1038
Epoch 34/50 - Loss: 0.1088 - Val F1: 0.2000 - Val ROC-AUC: 0.6987 - Val PR-AUC: 0.1058
Epoch 35/50 - Loss: 0.1115 - Val F1: 0.1644 - Val ROC-AUC: 0.6791 - Val PR-AUC: 0.1000
Epoch 36/50 - Loss: 0.0977 - Val F1: 0.2105 - Val ROC-AUC: 0.6977 - Val PR-AUC: 0.1119
Epoch 37/50 - Loss: 0.1044 - Val F1: 0.1714 - Val ROC-AUC: 0.7007 - Val PR-AUC: 0.1099
Epoch 38/50 - Loss: 0.1093 - Val F1: 0.1739 - Val ROC-AUC: 0.6983 - Val PR-AUC: 0.1051
Epoch 39/50 - Loss: 0.1065 - Val F1: 0.1846 - Val ROC-AUC: 0.7057 - Val PR-AUC: 0.1111
Epoch 40/50 - Loss: 0.1062 - Val F1: 0.1765 - Val ROC-AUC: 0.7081 - Val PR-AUC: 0.1129
Epoch 41/50 - Loss: 0.0875 - Val F1: 0.2188 - Val ROC-AUC: 0.7053 - Val PR-AUC: 0.1191
Epoch 42/50 - Loss: 0.0894 - Val F1: 0.2000 - Val ROC-AUC: 0.6972 - Val PR-AUC: 0.1076
Epoch 43/50 - Loss: 0.0882 - Val F1: 0.1818 - Val ROC-AUC: 0.7060 - Val PR-AUC: 0.1142
Epoch 44/50 - Loss: 0.0965 - Val F1: 0.1935 - Val ROC-AUC: 0.7067 - Val PR-AUC: 0.1045
Epoch 45/50 - Loss: 0.0967 - Val F1: 0.1765 - Val ROC-AUC: 0.6963 - Val PR-AUC: 0.1044
Epoch 46/50 - Loss: 0.0921 - Val F1: 0.1791 - Val ROC-AUC: 0.6935 - Val PR-AUC: 0.1368
Epoch 47/50 - Loss: 0.0826 - Val F1: 0.1818 - Val ROC-AUC: 0.6964 - Val PR-AUC: 0.1080
Epoch 48/50 - Loss: 0.0869 - Val F1: 0.1690 - Val ROC-AUC: 0.6969 - Val PR-AUC: 0.1085
Epoch 49/50 - Loss: 0.0936 - Val F1: 0.1905 - Val ROC-AUC: 0.7016 - Val PR-AUC: 0.1068
Epoch 50/50 - Loss: 0.0850 - Val F1: 0.1875 - Val ROC-AUC: 0.7008 - Val PR-AUC: 0.1113
Pretraining completed. Test F1: 0.1370, ROC-AUC: 0.7030, PR-AUC: 0.1376
[3/4] Finetuning on TOX21_ERb_BLA_Agonist_ch2 using GIN...
[Fine-tune] Epoch 1/50 - Loss: 0.3909 - Val F1: 0.3409 - Val ROC-AUC: 0.9012 - Val PR-AUC: 0.5944
[Fine-tune] Epoch 2/50 - Loss: 0.2576 - Val F1: 0.2857 - Val ROC-AUC: 0.8615 - Val PR-AUC: 0.3624
[Fine-tune] Epoch 3/50 - Loss: 0.2246 - Val F1: 0.2593 - Val ROC-AUC: 0.9022 - Val PR-AUC: 0.4388
[Fine-tune] Epoch 4/50 - Loss: 0.1904 - Val F1: 0.3667 - Val ROC-AUC: 0.8515 - Val PR-AUC: 0.4226
[Fine-tune] Epoch 5/50 - Loss: 0.1953 - Val F1: 0.3200 - Val ROC-AUC: 0.8683 - Val PR-AUC: 0.4553
[Fine-tune] Epoch 6/50 - Loss: 0.1641 - Val F1: 0.2889 - Val ROC-AUC: 0.8916 - Val PR-AUC: 0.4411
[Fine-tune] Epoch 7/50 - Loss: 0.1734 - Val F1: 0.3750 - Val ROC-AUC: 0.8337 - Val PR-AUC: 0.2584
[Fine-tune] Epoch 8/50 - Loss: 0.1549 - Val F1: 0.3377 - Val ROC-AUC: 0.8724 - Val PR-AUC: 0.4940
[Fine-tune] Epoch 9/50 - Loss: 0.1332 - Val F1: 0.2817 - Val ROC-AUC: 0.8203 - Val PR-AUC: 0.3527
[Fine-tune] Epoch 10/50 - Loss: 0.1211 - Val F1: 0.3934 - Val ROC-AUC: 0.8504 - Val PR-AUC: 0.5328
[Fine-tune] Epoch 11/50 - Loss: 0.0990 - Val F1: 0.4800 - Val ROC-AUC: 0.8538 - Val PR-AUC: 0.5565
[Fine-tune] Epoch 12/50 - Loss: 0.0891 - Val F1: 0.4138 - Val ROC-AUC: 0.8607 - Val PR-AUC: 0.5266
[Fine-tune] Epoch 13/50 - Loss: 0.0908 - Val F1: 0.4706 - Val ROC-AUC: 0.8547 - Val PR-AUC: 0.4691
[Fine-tune] Epoch 14/50 - Loss: 0.0875 - Val F1: 0.5000 - Val ROC-AUC: 0.8605 - Val PR-AUC: 0.5541
[Fine-tune] Epoch 15/50 - Loss: 0.0850 - Val F1: 0.5217 - Val ROC-AUC: 0.8676 - Val PR-AUC: 0.5107
[Fine-tune] Epoch 16/50 - Loss: 0.0712 - Val F1: 0.4615 - Val ROC-AUC: 0.8601 - Val PR-AUC: 0.5771
[Fine-tune] Epoch 17/50 - Loss: 0.0815 - Val F1: 0.4898 - Val ROC-AUC: 0.8441 - Val PR-AUC: 0.4928
[Fine-tune] Epoch 18/50 - Loss: 0.0850 - Val F1: 0.4286 - Val ROC-AUC: 0.8369 - Val PR-AUC: 0.5197
[Fine-tune] Epoch 19/50 - Loss: 0.0731 - Val F1: 0.5306 - Val ROC-AUC: 0.8733 - Val PR-AUC: 0.5351
[Fine-tune] Epoch 20/50 - Loss: 0.0841 - Val F1: 0.5000 - Val ROC-AUC: 0.8930 - Val PR-AUC: 0.5137
[Fine-tune] Epoch 21/50 - Loss: 0.0646 - Val F1: 0.5106 - Val ROC-AUC: 0.8620 - Val PR-AUC: 0.5250
[Fine-tune] Epoch 22/50 - Loss: 0.0591 - Val F1: 0.5116 - Val ROC-AUC: 0.8410 - Val PR-AUC: 0.4540
[Fine-tune] Epoch 23/50 - Loss: 0.0513 - Val F1: 0.4706 - Val ROC-AUC: 0.8619 - Val PR-AUC: 0.4819
[Fine-tune] Epoch 24/50 - Loss: 0.0501 - Val F1: 0.5116 - Val ROC-AUC: 0.8716 - Val PR-AUC: 0.4438
[Fine-tune] Epoch 25/50 - Loss: 0.0485 - Val F1: 0.5000 - Val ROC-AUC: 0.8575 - Val PR-AUC: 0.5437
[Fine-tune] Epoch 26/50 - Loss: 0.0538 - Val F1: 0.5000 - Val ROC-AUC: 0.8457 - Val PR-AUC: 0.5323
[Fine-tune] Epoch 27/50 - Loss: 0.0527 - Val F1: 0.5333 - Val ROC-AUC: 0.8640 - Val PR-AUC: 0.5033
[Fine-tune] Epoch 28/50 - Loss: 0.0542 - Val F1: 0.4800 - Val ROC-AUC: 0.8494 - Val PR-AUC: 0.4654
[Fine-tune] Epoch 29/50 - Loss: 0.0531 - Val F1: 0.5366 - Val ROC-AUC: 0.8502 - Val PR-AUC: 0.5285
[Fine-tune] Epoch 30/50 - Loss: 0.0574 - Val F1: 0.4889 - Val ROC-AUC: 0.8547 - Val PR-AUC: 0.5398
[Fine-tune] Epoch 31/50 - Loss: 0.0456 - Val F1: 0.4898 - Val ROC-AUC: 0.8480 - Val PR-AUC: 0.4824
[Fine-tune] Epoch 32/50 - Loss: 0.0529 - Val F1: 0.4681 - Val ROC-AUC: 0.8353 - Val PR-AUC: 0.4782
[Fine-tune] Epoch 33/50 - Loss: 0.0442 - Val F1: 0.4889 - Val ROC-AUC: 0.8422 - Val PR-AUC: 0.4936
[Fine-tune] Epoch 34/50 - Loss: 0.0419 - Val F1: 0.4545 - Val ROC-AUC: 0.8277 - Val PR-AUC: 0.5005
[Fine-tune] Epoch 35/50 - Loss: 0.0395 - Val F1: 0.4889 - Val ROC-AUC: 0.8305 - Val PR-AUC: 0.4897
[Fine-tune] Epoch 36/50 - Loss: 0.0414 - Val F1: 0.5106 - Val ROC-AUC: 0.8520 - Val PR-AUC: 0.5046
[Fine-tune] Epoch 37/50 - Loss: 0.0335 - Val F1: 0.4889 - Val ROC-AUC: 0.8408 - Val PR-AUC: 0.4840
[Fine-tune] Epoch 38/50 - Loss: 0.0339 - Val F1: 0.5455 - Val ROC-AUC: 0.8342 - Val PR-AUC: 0.4852
[Fine-tune] Epoch 39/50 - Loss: 0.0463 - Val F1: 0.5116 - Val ROC-AUC: 0.8336 - Val PR-AUC: 0.5254
[Fine-tune] Epoch 40/50 - Loss: 0.0351 - Val F1: 0.5000 - Val ROC-AUC: 0.8318 - Val PR-AUC: 0.5399
[Fine-tune] Epoch 41/50 - Loss: 0.0370 - Val F1: 0.4889 - Val ROC-AUC: 0.8329 - Val PR-AUC: 0.5354
[Fine-tune] Epoch 42/50 - Loss: 0.0369 - Val F1: 0.5238 - Val ROC-AUC: 0.8330 - Val PR-AUC: 0.4924
[Fine-tune] Epoch 43/50 - Loss: 0.0430 - Val F1: 0.5000 - Val ROC-AUC: 0.8321 - Val PR-AUC: 0.4942
[Fine-tune] Epoch 44/50 - Loss: 0.0298 - Val F1: 0.5217 - Val ROC-AUC: 0.8270 - Val PR-AUC: 0.5206
[Fine-tune] Epoch 45/50 - Loss: 0.0319 - Val F1: 0.4889 - Val ROC-AUC: 0.8312 - Val PR-AUC: 0.4966
[Fine-tune] Epoch 46/50 - Loss: 0.0346 - Val F1: 0.5238 - Val ROC-AUC: 0.8314 - Val PR-AUC: 0.5088
[Fine-tune] Epoch 47/50 - Loss: 0.0351 - Val F1: 0.5333 - Val ROC-AUC: 0.8369 - Val PR-AUC: 0.4957
[Fine-tune] Epoch 48/50 - Loss: 0.0335 - Val F1: 0.5333 - Val ROC-AUC: 0.8313 - Val PR-AUC: 0.5139
[Fine-tune] Epoch 49/50 - Loss: 0.0311 - Val F1: 0.5333 - Val ROC-AUC: 0.8342 - Val PR-AUC: 0.5293
[Fine-tune] Epoch 50/50 - Loss: 0.0358 - Val F1: 0.5455 - Val ROC-AUC: 0.8355 - Val PR-AUC: 0.5707
Finetuning completed. Test F1: 0.4167, ROC-AUC: 0.8875, PR-AUC: 0.4889
[3.1/4] Target-only training on TOX21_ERb_BLA_Agonist_ch2 using GIN...
=== Target-only training ===
[Target-only] Epoch 1/50 – Loss: 0.4599  Val F1: 0.2105  ROC-AUC: 0.8593  PR-AUC: 0.4064
[Target-only] Epoch 2/50 – Loss: 0.3745  Val F1: 0.3881  ROC-AUC: 0.8491  PR-AUC: 0.3733
[Target-only] Epoch 3/50 – Loss: 0.3222  Val F1: 0.4889  ROC-AUC: 0.8571  PR-AUC: 0.4078
[Target-only] Epoch 4/50 – Loss: 0.3067  Val F1: 0.2373  ROC-AUC: 0.8454  PR-AUC: 0.4877
[Target-only] Epoch 5/50 – Loss: 0.2641  Val F1: 0.2500  ROC-AUC: 0.8498  PR-AUC: 0.4365
[Target-only] Epoch 6/50 – Loss: 0.2496  Val F1: 0.2419  ROC-AUC: 0.8401  PR-AUC: 0.3639
[Target-only] Epoch 7/50 – Loss: 0.2246  Val F1: 0.2692  ROC-AUC: 0.8708  PR-AUC: 0.5144
[Target-only] Epoch 8/50 – Loss: 0.2072  Val F1: 0.2326  ROC-AUC: 0.8749  PR-AUC: 0.4058
[Target-only] Epoch 9/50 – Loss: 0.1877  Val F1: 0.2031  ROC-AUC: 0.8492  PR-AUC: 0.3741
[Target-only] Epoch 10/50 – Loss: 0.1957  Val F1: 0.3377  ROC-AUC: 0.8518  PR-AUC: 0.5261
[Target-only] Epoch 11/50 – Loss: 0.1624  Val F1: 0.3333  ROC-AUC: 0.8380  PR-AUC: 0.5256
[Target-only] Epoch 12/50 – Loss: 0.1351  Val F1: 0.2796  ROC-AUC: 0.8663  PR-AUC: 0.4606
[Target-only] Epoch 13/50 – Loss: 0.1341  Val F1: 0.2826  ROC-AUC: 0.8601  PR-AUC: 0.4314
[Target-only] Epoch 14/50 – Loss: 0.1327  Val F1: 0.3291  ROC-AUC: 0.8634  PR-AUC: 0.6343
[Target-only] Epoch 15/50 – Loss: 0.1292  Val F1: 0.3562  ROC-AUC: 0.8390  PR-AUC: 0.5330
[Target-only] Epoch 16/50 – Loss: 0.1338  Val F1: 0.2989  ROC-AUC: 0.8495  PR-AUC: 0.4527
[Target-only] Epoch 17/50 – Loss: 0.1143  Val F1: 0.2917  ROC-AUC: 0.8670  PR-AUC: 0.5321
[Target-only] Epoch 18/50 – Loss: 0.1233  Val F1: 0.4194  ROC-AUC: 0.8153  PR-AUC: 0.5123
[Target-only] Epoch 19/50 – Loss: 0.1146  Val F1: 0.3636  ROC-AUC: 0.8233  PR-AUC: 0.5782
[Target-only] Epoch 20/50 – Loss: 0.1183  Val F1: 0.2857  ROC-AUC: 0.8126  PR-AUC: 0.4698
[Target-only] Epoch 21/50 – Loss: 0.0968  Val F1: 0.4194  ROC-AUC: 0.8113  PR-AUC: 0.6061
[Target-only] Epoch 22/50 – Loss: 0.0854  Val F1: 0.4000  ROC-AUC: 0.8282  PR-AUC: 0.5473
[Target-only] Epoch 23/50 – Loss: 0.0858  Val F1: 0.3529  ROC-AUC: 0.8134  PR-AUC: 0.5494
[Target-only] Epoch 24/50 – Loss: 0.0877  Val F1: 0.3860  ROC-AUC: 0.8149  PR-AUC: 0.4647
[Target-only] Epoch 25/50 – Loss: 0.0832  Val F1: 0.3934  ROC-AUC: 0.8435  PR-AUC: 0.5369
[Target-only] Epoch 26/50 – Loss: 0.0848  Val F1: 0.4444  ROC-AUC: 0.8225  PR-AUC: 0.5178
[Target-only] Epoch 27/50 – Loss: 0.0813  Val F1: 0.4138  ROC-AUC: 0.8209  PR-AUC: 0.4448
[Target-only] Epoch 28/50 – Loss: 0.0771  Val F1: 0.3871  ROC-AUC: 0.8255  PR-AUC: 0.6042
[Target-only] Epoch 29/50 – Loss: 0.0796  Val F1: 0.4068  ROC-AUC: 0.8153  PR-AUC: 0.4959
[Target-only] Epoch 30/50 – Loss: 0.0876  Val F1: 0.3810  ROC-AUC: 0.8035  PR-AUC: 0.5012
[Target-only] Epoch 31/50 – Loss: 0.0648  Val F1: 0.4000  ROC-AUC: 0.8285  PR-AUC: 0.6100
[Target-only] Epoch 32/50 – Loss: 0.0722  Val F1: 0.4364  ROC-AUC: 0.8193  PR-AUC: 0.5016
[Target-only] Epoch 33/50 – Loss: 0.0717  Val F1: 0.4444  ROC-AUC: 0.8218  PR-AUC: 0.6110
[Target-only] Epoch 34/50 – Loss: 0.0610  Val F1: 0.4444  ROC-AUC: 0.8200  PR-AUC: 0.5613
[Target-only] Epoch 35/50 – Loss: 0.0562  Val F1: 0.4000  ROC-AUC: 0.8176  PR-AUC: 0.4945
[Target-only] Epoch 36/50 – Loss: 0.0587  Val F1: 0.4286  ROC-AUC: 0.8117  PR-AUC: 0.6136
[Target-only] Epoch 37/50 – Loss: 0.0554  Val F1: 0.4615  ROC-AUC: 0.8167  PR-AUC: 0.4782
[Target-only] Epoch 38/50 – Loss: 0.0633  Val F1: 0.4444  ROC-AUC: 0.8196  PR-AUC: 0.5387
[Target-only] Epoch 39/50 – Loss: 0.0635  Val F1: 0.4444  ROC-AUC: 0.8300  PR-AUC: 0.5207
[Target-only] Epoch 40/50 – Loss: 0.0584  Val F1: 0.4528  ROC-AUC: 0.8230  PR-AUC: 0.6037
[Target-only] Epoch 41/50 – Loss: 0.0515  Val F1: 0.4706  ROC-AUC: 0.8348  PR-AUC: 0.5901
[Target-only] Epoch 42/50 – Loss: 0.0526  Val F1: 0.4528  ROC-AUC: 0.8293  PR-AUC: 0.5729
[Target-only] Epoch 43/50 – Loss: 0.0585  Val F1: 0.5000  ROC-AUC: 0.8295  PR-AUC: 0.5469
[Target-only] Epoch 44/50 – Loss: 0.0573  Val F1: 0.4615  ROC-AUC: 0.8297  PR-AUC: 0.6000
[Target-only] Epoch 45/50 – Loss: 0.0565  Val F1: 0.5106  ROC-AUC: 0.8210  PR-AUC: 0.5897
[Target-only] Epoch 46/50 – Loss: 0.0531  Val F1: 0.4898  ROC-AUC: 0.8137  PR-AUC: 0.5935
[Target-only] Epoch 47/50 – Loss: 0.0583  Val F1: 0.4898  ROC-AUC: 0.8237  PR-AUC: 0.5955
[Target-only] Epoch 48/50 – Loss: 0.0468  Val F1: 0.5106  ROC-AUC: 0.8096  PR-AUC: 0.5728
[Target-only] Epoch 49/50 – Loss: 0.0504  Val F1: 0.4800  ROC-AUC: 0.8100  PR-AUC: 0.5570
[Target-only] Epoch 50/50 – Loss: 0.0602  Val F1: 0.4898  ROC-AUC: 0.8017  PR-AUC: 0.5129
=== Target-only TEST performance ===
Test F1: 0.3600, ROC-AUC: 0.8724, PR-AUC: 0.5003
[4/4] Embedding 시각화 중...
✅ Embeddings 저장 완료: embeddings_TOX21_ERb_BLA_Antagonist_ch1_TOX21_ERb_BLA_Agonist_ch2_GIN.png
✅ 실험 완료: TOX21_ERb_BLA_Antagonist_ch1 -> TOX21_ERb_BLA_Agonist_ch2 [GIN]
