[13:45:58] Can't kekulize mol.  Unkekulized atoms: 1 2 3 4 5
[13:45:58] Explicit valence for atom # 0 Cl, 2, is greater than permitted
[13:45:59] Can't kekulize mol.  Unkekulized atoms: 3 4 5 6 7
[13:46:00] Can't kekulize mol.  Unkekulized atoms: 3 4 5 6 7
[13:46:02] Can't kekulize mol.  Unkekulized atoms: 1 2 3 4 5
[13:46:02] Can't kekulize mol.  Unkekulized atoms: 3 4 5 6 7
[13:46:03] Can't kekulize mol.  Unkekulized atoms: 1 2 3 4 5
[13:46:03] WARNING: not removing hydrogen atom without neighbors
[13:46:03] Can't kekulize mol.  Unkekulized atoms: 1 2 3 4 5
[13:46:03] Explicit valence for atom # 6 O, 3, is greater than permitted
[13:46:03] Explicit valence for atom # 3 Si, 8, is greater than permitted
[13:46:04] Explicit valence for atom # 0 Cl, 2, is greater than permitted
[13:47:05] Can't kekulize mol.  Unkekulized atoms: 1 2 3 4 5
[13:47:05] Explicit valence for atom # 0 Cl, 2, is greater than permitted
[13:47:06] Can't kekulize mol.  Unkekulized atoms: 3 4 5 6 7
[13:47:07] Can't kekulize mol.  Unkekulized atoms: 3 4 5 6 7
[13:47:09] Can't kekulize mol.  Unkekulized atoms: 1 2 3 4 5
[13:47:09] Can't kekulize mol.  Unkekulized atoms: 3 4 5 6 7
[13:47:10] Can't kekulize mol.  Unkekulized atoms: 1 2 3 4 5
[13:47:10] WARNING: not removing hydrogen atom without neighbors
[13:47:10] Can't kekulize mol.  Unkekulized atoms: 1 2 3 4 5
[13:47:10] Explicit valence for atom # 6 O, 3, is greater than permitted
[13:47:10] Explicit valence for atom # 3 Si, 8, is greater than permitted
[13:47:11] Explicit valence for atom # 0 Cl, 2, is greater than permitted
[13:48:12] Can't kekulize mol.  Unkekulized atoms: 1 2 3 4 5
[13:48:12] Explicit valence for atom # 0 Cl, 2, is greater than permitted
[13:48:13] Can't kekulize mol.  Unkekulized atoms: 3 4 5 6 7
[13:48:14] Can't kekulize mol.  Unkekulized atoms: 3 4 5 6 7
[13:48:16] Can't kekulize mol.  Unkekulized atoms: 1 2 3 4 5
[13:48:16] Can't kekulize mol.  Unkekulized atoms: 3 4 5 6 7
[13:48:16] Can't kekulize mol.  Unkekulized atoms: 1 2 3 4 5
[13:48:17] WARNING: not removing hydrogen atom without neighbors
[13:48:17] Can't kekulize mol.  Unkekulized atoms: 1 2 3 4 5
[13:48:17] Explicit valence for atom # 6 O, 3, is greater than permitted
[13:48:17] Explicit valence for atom # 3 Si, 8, is greater than permitted
[13:48:17] Explicit valence for atom # 0 Cl, 2, is greater than permitted
[13:49:19] Can't kekulize mol.  Unkekulized atoms: 1 2 3 4 5
[13:49:19] Explicit valence for atom # 0 Cl, 2, is greater than permitted
[13:49:20] Can't kekulize mol.  Unkekulized atoms: 3 4 5 6 7
[13:49:20] Can't kekulize mol.  Unkekulized atoms: 3 4 5 6 7
[13:49:23] Can't kekulize mol.  Unkekulized atoms: 1 2 3 4 5
[13:49:23] Can't kekulize mol.  Unkekulized atoms: 3 4 5 6 7
[13:49:23] Can't kekulize mol.  Unkekulized atoms: 1 2 3 4 5
[13:49:23] WARNING: not removing hydrogen atom without neighbors
[13:49:24] Can't kekulize mol.  Unkekulized atoms: 1 2 3 4 5
[13:49:24] Explicit valence for atom # 6 O, 3, is greater than permitted
[13:49:24] Explicit valence for atom # 3 Si, 8, is greater than permitted
[13:49:24] Explicit valence for atom # 0 Cl, 2, is greater than permitted
[13:49:25] Can't kekulize mol.  Unkekulized atoms: 1 2 3 4 5
[13:49:25] Explicit valence for atom # 0 Cl, 2, is greater than permitted
[13:49:26] Can't kekulize mol.  Unkekulized atoms: 3 4 5 6 7
[13:49:26] Can't kekulize mol.  Unkekulized atoms: 3 4 5 6 7
[13:49:29] Can't kekulize mol.  Unkekulized atoms: 1 2 3 4 5
[13:49:29] Can't kekulize mol.  Unkekulized atoms: 3 4 5 6 7
[13:49:29] Can't kekulize mol.  Unkekulized atoms: 1 2 3 4 5
[13:49:29] WARNING: not removing hydrogen atom without neighbors
[13:49:30] Can't kekulize mol.  Unkekulized atoms: 1 2 3 4 5
[13:49:30] Explicit valence for atom # 6 O, 3, is greater than permitted
[13:49:30] Explicit valence for atom # 3 Si, 8, is greater than permitted
[13:49:30] Explicit valence for atom # 0 Cl, 2, is greater than permitted
