[1/4] Excel → CSV 변환 중...
[2/4] Pretraining on TOX21_ERb_BLA_Antagonist_ch1 using GIN...
Epoch 1/50 - Loss: 0.5691 - Val F1: 0.1042 - Val ROC-AUC: 0.6775 - Val PR-AUC: 0.0826
Epoch 2/50 - Loss: 0.4802 - Val F1: 0.1328 - Val ROC-AUC: 0.7557 - Val PR-AUC: 0.1493
Epoch 3/50 - Loss: 0.4363 - Val F1: 0.1714 - Val ROC-AUC: 0.7631 - Val PR-AUC: 0.1050
Epoch 4/50 - Loss: 0.4030 - Val F1: 0.1752 - Val ROC-AUC: 0.7247 - Val PR-AUC: 0.0971
Epoch 5/50 - Loss: 0.3901 - Val F1: 0.1468 - Val ROC-AUC: 0.7389 - Val PR-AUC: 0.1103
Epoch 6/50 - Loss: 0.3608 - Val F1: 0.1349 - Val ROC-AUC: 0.7320 - Val PR-AUC: 0.1156
Epoch 7/50 - Loss: 0.3390 - Val F1: 0.1413 - Val ROC-AUC: 0.7201 - Val PR-AUC: 0.0865
Epoch 8/50 - Loss: 0.3241 - Val F1: 0.1316 - Val ROC-AUC: 0.7006 - Val PR-AUC: 0.0812
Epoch 9/50 - Loss: 0.3258 - Val F1: 0.1832 - Val ROC-AUC: 0.7321 - Val PR-AUC: 0.0984
Epoch 10/50 - Loss: 0.2892 - Val F1: 0.1667 - Val ROC-AUC: 0.6824 - Val PR-AUC: 0.0804
Epoch 11/50 - Loss: 0.2593 - Val F1: 0.1616 - Val ROC-AUC: 0.7035 - Val PR-AUC: 0.0846
Epoch 12/50 - Loss: 0.2443 - Val F1: 0.1562 - Val ROC-AUC: 0.7312 - Val PR-AUC: 0.0937
Epoch 13/50 - Loss: 0.2114 - Val F1: 0.1667 - Val ROC-AUC: 0.7321 - Val PR-AUC: 0.0957
Epoch 14/50 - Loss: 0.2141 - Val F1: 0.1786 - Val ROC-AUC: 0.7024 - Val PR-AUC: 0.0848
Epoch 15/50 - Loss: 0.2174 - Val F1: 0.1818 - Val ROC-AUC: 0.7134 - Val PR-AUC: 0.0961
Epoch 16/50 - Loss: 0.1916 - Val F1: 0.1639 - Val ROC-AUC: 0.7126 - Val PR-AUC: 0.0905
Epoch 17/50 - Loss: 0.2043 - Val F1: 0.1221 - Val ROC-AUC: 0.6955 - Val PR-AUC: 0.0902
Epoch 18/50 - Loss: 0.2021 - Val F1: 0.1463 - Val ROC-AUC: 0.6911 - Val PR-AUC: 0.0824
Epoch 19/50 - Loss: 0.1736 - Val F1: 0.1556 - Val ROC-AUC: 0.6950 - Val PR-AUC: 0.0956
Epoch 20/50 - Loss: 0.1726 - Val F1: 0.1961 - Val ROC-AUC: 0.7095 - Val PR-AUC: 0.1004
Epoch 21/50 - Loss: 0.1646 - Val F1: 0.2157 - Val ROC-AUC: 0.7139 - Val PR-AUC: 0.1178
Epoch 22/50 - Loss: 0.1496 - Val F1: 0.1837 - Val ROC-AUC: 0.7115 - Val PR-AUC: 0.1065
Epoch 23/50 - Loss: 0.1564 - Val F1: 0.1915 - Val ROC-AUC: 0.7040 - Val PR-AUC: 0.1080
Epoch 24/50 - Loss: 0.1502 - Val F1: 0.2174 - Val ROC-AUC: 0.7032 - Val PR-AUC: 0.1068
Epoch 25/50 - Loss: 0.1288 - Val F1: 0.1647 - Val ROC-AUC: 0.7048 - Val PR-AUC: 0.0917
Epoch 26/50 - Loss: 0.1306 - Val F1: 0.1915 - Val ROC-AUC: 0.7003 - Val PR-AUC: 0.0961
Epoch 27/50 - Loss: 0.1486 - Val F1: 0.1408 - Val ROC-AUC: 0.6927 - Val PR-AUC: 0.0906
Epoch 28/50 - Loss: 0.1292 - Val F1: 0.1875 - Val ROC-AUC: 0.7353 - Val PR-AUC: 0.1047
Epoch 29/50 - Loss: 0.1358 - Val F1: 0.1667 - Val ROC-AUC: 0.7157 - Val PR-AUC: 0.1055
Epoch 30/50 - Loss: 0.1200 - Val F1: 0.1556 - Val ROC-AUC: 0.6952 - Val PR-AUC: 0.1108
Epoch 31/50 - Loss: 0.1144 - Val F1: 0.1918 - Val ROC-AUC: 0.6932 - Val PR-AUC: 0.1136
Epoch 32/50 - Loss: 0.1164 - Val F1: 0.1918 - Val ROC-AUC: 0.6977 - Val PR-AUC: 0.1150
Epoch 33/50 - Loss: 0.1070 - Val F1: 0.2069 - Val ROC-AUC: 0.7003 - Val PR-AUC: 0.1225
Epoch 34/50 - Loss: 0.1062 - Val F1: 0.1750 - Val ROC-AUC: 0.7015 - Val PR-AUC: 0.1072
Epoch 35/50 - Loss: 0.1179 - Val F1: 0.2078 - Val ROC-AUC: 0.7048 - Val PR-AUC: 0.1196
Epoch 36/50 - Loss: 0.1049 - Val F1: 0.2727 - Val ROC-AUC: 0.7100 - Val PR-AUC: 0.1270
Epoch 37/50 - Loss: 0.0962 - Val F1: 0.1975 - Val ROC-AUC: 0.7067 - Val PR-AUC: 0.1166
Epoch 38/50 - Loss: 0.1011 - Val F1: 0.2381 - Val ROC-AUC: 0.7184 - Val PR-AUC: 0.1175
Epoch 39/50 - Loss: 0.0989 - Val F1: 0.2338 - Val ROC-AUC: 0.7109 - Val PR-AUC: 0.1275
Epoch 40/50 - Loss: 0.0977 - Val F1: 0.2192 - Val ROC-AUC: 0.7083 - Val PR-AUC: 0.1172
Epoch 41/50 - Loss: 0.1037 - Val F1: 0.2353 - Val ROC-AUC: 0.7048 - Val PR-AUC: 0.1256
Epoch 42/50 - Loss: 0.0873 - Val F1: 0.2308 - Val ROC-AUC: 0.7062 - Val PR-AUC: 0.1195
Epoch 43/50 - Loss: 0.0963 - Val F1: 0.2353 - Val ROC-AUC: 0.7056 - Val PR-AUC: 0.1264
Epoch 44/50 - Loss: 0.0834 - Val F1: 0.2121 - Val ROC-AUC: 0.7034 - Val PR-AUC: 0.1143
Epoch 45/50 - Loss: 0.0862 - Val F1: 0.2090 - Val ROC-AUC: 0.7050 - Val PR-AUC: 0.1154
Epoch 46/50 - Loss: 0.0826 - Val F1: 0.2319 - Val ROC-AUC: 0.7148 - Val PR-AUC: 0.1230
Epoch 47/50 - Loss: 0.0783 - Val F1: 0.2254 - Val ROC-AUC: 0.7004 - Val PR-AUC: 0.1140
Epoch 48/50 - Loss: 0.0731 - Val F1: 0.2258 - Val ROC-AUC: 0.7077 - Val PR-AUC: 0.1163
Epoch 49/50 - Loss: 0.0810 - Val F1: 0.2319 - Val ROC-AUC: 0.6957 - Val PR-AUC: 0.1159
Epoch 50/50 - Loss: 0.0903 - Val F1: 0.2424 - Val ROC-AUC: 0.6977 - Val PR-AUC: 0.1110
Pretraining completed. Test F1: 0.0811, ROC-AUC: 0.6964, PR-AUC: 0.1475
[3/4] Finetuning on TOX21_ERa_LUC_VM7_Agonist_10nM_ICI182780 using GIN...
[Fine-tune] Epoch 1/50 - Loss: 0.2998 - Val F1: 0.2535 - Val ROC-AUC: 0.8823 - Val PR-AUC: 0.3342
[Fine-tune] Epoch 2/50 - Loss: 0.1916 - Val F1: 0.2857 - Val ROC-AUC: 0.8623 - Val PR-AUC: 0.3973
[Fine-tune] Epoch 3/50 - Loss: 0.1516 - Val F1: 0.2712 - Val ROC-AUC: 0.8414 - Val PR-AUC: 0.2710
[Fine-tune] Epoch 4/50 - Loss: 0.1391 - Val F1: 0.2545 - Val ROC-AUC: 0.8162 - Val PR-AUC: 0.3300
[Fine-tune] Epoch 5/50 - Loss: 0.1266 - Val F1: 0.3137 - Val ROC-AUC: 0.8420 - Val PR-AUC: 0.3489
[Fine-tune] Epoch 6/50 - Loss: 0.1120 - Val F1: 0.2162 - Val ROC-AUC: 0.8545 - Val PR-AUC: 0.4078
[Fine-tune] Epoch 7/50 - Loss: 0.1138 - Val F1: 0.3273 - Val ROC-AUC: 0.8919 - Val PR-AUC: 0.4050
[Fine-tune] Epoch 8/50 - Loss: 0.1060 - Val F1: 0.2333 - Val ROC-AUC: 0.8390 - Val PR-AUC: 0.3464
[Fine-tune] Epoch 9/50 - Loss: 0.0964 - Val F1: 0.3333 - Val ROC-AUC: 0.8242 - Val PR-AUC: 0.4276
[Fine-tune] Epoch 10/50 - Loss: 0.0941 - Val F1: 0.2143 - Val ROC-AUC: 0.8477 - Val PR-AUC: 0.3116
[Fine-tune] Epoch 11/50 - Loss: 0.0639 - Val F1: 0.2857 - Val ROC-AUC: 0.8585 - Val PR-AUC: 0.3395
[Fine-tune] Epoch 12/50 - Loss: 0.0612 - Val F1: 0.3750 - Val ROC-AUC: 0.8764 - Val PR-AUC: 0.3976
[Fine-tune] Epoch 13/50 - Loss: 0.0608 - Val F1: 0.3500 - Val ROC-AUC: 0.8460 - Val PR-AUC: 0.3374
[Fine-tune] Epoch 14/50 - Loss: 0.0644 - Val F1: 0.3000 - Val ROC-AUC: 0.8248 - Val PR-AUC: 0.2712
[Fine-tune] Epoch 15/50 - Loss: 0.0572 - Val F1: 0.2927 - Val ROC-AUC: 0.8440 - Val PR-AUC: 0.3572
[Fine-tune] Epoch 16/50 - Loss: 0.0472 - Val F1: 0.2727 - Val ROC-AUC: 0.8174 - Val PR-AUC: 0.2920
[Fine-tune] Epoch 17/50 - Loss: 0.0444 - Val F1: 0.3182 - Val ROC-AUC: 0.8691 - Val PR-AUC: 0.3923
[Fine-tune] Epoch 18/50 - Loss: 0.0543 - Val F1: 0.3478 - Val ROC-AUC: 0.8535 - Val PR-AUC: 0.3148
[Fine-tune] Epoch 19/50 - Loss: 0.0529 - Val F1: 0.3256 - Val ROC-AUC: 0.8496 - Val PR-AUC: 0.3171
[Fine-tune] Epoch 20/50 - Loss: 0.0439 - Val F1: 0.2927 - Val ROC-AUC: 0.8786 - Val PR-AUC: 0.3419
[Fine-tune] Epoch 21/50 - Loss: 0.0298 - Val F1: 0.3243 - Val ROC-AUC: 0.8636 - Val PR-AUC: 0.4082
[Fine-tune] Epoch 22/50 - Loss: 0.0272 - Val F1: 0.3333 - Val ROC-AUC: 0.8620 - Val PR-AUC: 0.2915
[Fine-tune] Epoch 23/50 - Loss: 0.0391 - Val F1: 0.4138 - Val ROC-AUC: 0.8381 - Val PR-AUC: 0.2955
[Fine-tune] Epoch 24/50 - Loss: 0.0299 - Val F1: 0.3243 - Val ROC-AUC: 0.8649 - Val PR-AUC: 0.3619
[Fine-tune] Epoch 25/50 - Loss: 0.0305 - Val F1: 0.3750 - Val ROC-AUC: 0.8595 - Val PR-AUC: 0.3404
[Fine-tune] Epoch 26/50 - Loss: 0.0304 - Val F1: 0.3415 - Val ROC-AUC: 0.8465 - Val PR-AUC: 0.3124
[Fine-tune] Epoch 27/50 - Loss: 0.0268 - Val F1: 0.3750 - Val ROC-AUC: 0.8444 - Val PR-AUC: 0.3812
[Fine-tune] Epoch 28/50 - Loss: 0.0292 - Val F1: 0.3750 - Val ROC-AUC: 0.8570 - Val PR-AUC: 0.2949
[Fine-tune] Epoch 29/50 - Loss: 0.0327 - Val F1: 0.3333 - Val ROC-AUC: 0.8573 - Val PR-AUC: 0.3274
[Fine-tune] Epoch 30/50 - Loss: 0.0344 - Val F1: 0.3750 - Val ROC-AUC: 0.8702 - Val PR-AUC: 0.3265
[Fine-tune] Epoch 31/50 - Loss: 0.0328 - Val F1: 0.3750 - Val ROC-AUC: 0.8738 - Val PR-AUC: 0.3510
[Fine-tune] Epoch 32/50 - Loss: 0.0357 - Val F1: 0.4444 - Val ROC-AUC: 0.8797 - Val PR-AUC: 0.3182
[Fine-tune] Epoch 33/50 - Loss: 0.0217 - Val F1: 0.3871 - Val ROC-AUC: 0.8834 - Val PR-AUC: 0.3163
[Fine-tune] Epoch 34/50 - Loss: 0.0248 - Val F1: 0.4444 - Val ROC-AUC: 0.8876 - Val PR-AUC: 0.3302
[Fine-tune] Epoch 35/50 - Loss: 0.0195 - Val F1: 0.4138 - Val ROC-AUC: 0.8930 - Val PR-AUC: 0.3265
[Fine-tune] Epoch 36/50 - Loss: 0.0236 - Val F1: 0.4444 - Val ROC-AUC: 0.8857 - Val PR-AUC: 0.3234
[Fine-tune] Epoch 37/50 - Loss: 0.0200 - Val F1: 0.4000 - Val ROC-AUC: 0.8629 - Val PR-AUC: 0.3147
[Fine-tune] Epoch 38/50 - Loss: 0.0284 - Val F1: 0.3871 - Val ROC-AUC: 0.8759 - Val PR-AUC: 0.3791
[Fine-tune] Epoch 39/50 - Loss: 0.0194 - Val F1: 0.4516 - Val ROC-AUC: 0.8958 - Val PR-AUC: 0.4169
[Fine-tune] Epoch 40/50 - Loss: 0.0243 - Val F1: 0.4516 - Val ROC-AUC: 0.8994 - Val PR-AUC: 0.3693
[Fine-tune] Epoch 41/50 - Loss: 0.0229 - Val F1: 0.4444 - Val ROC-AUC: 0.8861 - Val PR-AUC: 0.3493
[Fine-tune] Epoch 42/50 - Loss: 0.0208 - Val F1: 0.4667 - Val ROC-AUC: 0.8872 - Val PR-AUC: 0.3563
[Fine-tune] Epoch 43/50 - Loss: 0.0194 - Val F1: 0.5000 - Val ROC-AUC: 0.8847 - Val PR-AUC: 0.3767
[Fine-tune] Epoch 44/50 - Loss: 0.0203 - Val F1: 0.4286 - Val ROC-AUC: 0.8779 - Val PR-AUC: 0.3399
[Fine-tune] Epoch 45/50 - Loss: 0.0209 - Val F1: 0.4286 - Val ROC-AUC: 0.8717 - Val PR-AUC: 0.3412
[Fine-tune] Epoch 46/50 - Loss: 0.0147 - Val F1: 0.4516 - Val ROC-AUC: 0.8774 - Val PR-AUC: 0.3616
[Fine-tune] Epoch 47/50 - Loss: 0.0257 - Val F1: 0.4286 - Val ROC-AUC: 0.8800 - Val PR-AUC: 0.3596
[Fine-tune] Epoch 48/50 - Loss: 0.0149 - Val F1: 0.4138 - Val ROC-AUC: 0.8769 - Val PR-AUC: 0.3618
[Fine-tune] Epoch 49/50 - Loss: 0.0235 - Val F1: 0.4444 - Val ROC-AUC: 0.8823 - Val PR-AUC: 0.3618
[Fine-tune] Epoch 50/50 - Loss: 0.0158 - Val F1: 0.4286 - Val ROC-AUC: 0.8806 - Val PR-AUC: 0.3397
Finetuning completed. Test F1: 0.3158, ROC-AUC: 0.8715, PR-AUC: 0.1883
[3.1/4] Target-only training on TOX21_ERa_LUC_VM7_Agonist_10nM_ICI182780 using GIN...
=== Target-only training ===
[Target-only] Epoch 1/50 – Loss: 0.4047  Val F1: 0.2424  ROC-AUC: 0.9015  PR-AUC: 0.3583
[Target-only] Epoch 2/50 – Loss: 0.2927  Val F1: 0.2308  ROC-AUC: 0.7869  PR-AUC: 0.2736
[Target-only] Epoch 3/50 – Loss: 0.2523  Val F1: 0.2195  ROC-AUC: 0.8061  PR-AUC: 0.2225
[Target-only] Epoch 4/50 – Loss: 0.2273  Val F1: 0.2623  ROC-AUC: 0.7817  PR-AUC: 0.2298
[Target-only] Epoch 5/50 – Loss: 0.1972  Val F1: 0.1860  ROC-AUC: 0.7516  PR-AUC: 0.2275
[Target-only] Epoch 6/50 – Loss: 0.1898  Val F1: 0.3265  ROC-AUC: 0.7560  PR-AUC: 0.3523
[Target-only] Epoch 7/50 – Loss: 0.1717  Val F1: 0.1798  ROC-AUC: 0.7407  PR-AUC: 0.2921
[Target-only] Epoch 8/50 – Loss: 0.1678  Val F1: 0.3333  ROC-AUC: 0.7853  PR-AUC: 0.2940
[Target-only] Epoch 9/50 – Loss: 0.1346  Val F1: 0.2000  ROC-AUC: 0.7455  PR-AUC: 0.1911
[Target-only] Epoch 10/50 – Loss: 0.1727  Val F1: 0.2286  ROC-AUC: 0.7744  PR-AUC: 0.1851
[Target-only] Epoch 11/50 – Loss: 0.1070  Val F1: 0.2593  ROC-AUC: 0.7555  PR-AUC: 0.2011
[Target-only] Epoch 12/50 – Loss: 0.0965  Val F1: 0.2581  ROC-AUC: 0.7560  PR-AUC: 0.1935
[Target-only] Epoch 13/50 – Loss: 0.1048  Val F1: 0.2857  ROC-AUC: 0.7726  PR-AUC: 0.2703
[Target-only] Epoch 14/50 – Loss: 0.1018  Val F1: 0.3019  ROC-AUC: 0.7504  PR-AUC: 0.2579
[Target-only] Epoch 15/50 – Loss: 0.0958  Val F1: 0.2642  ROC-AUC: 0.7712  PR-AUC: 0.3191
[Target-only] Epoch 16/50 – Loss: 0.0912  Val F1: 0.2553  ROC-AUC: 0.7737  PR-AUC: 0.2010
[Target-only] Epoch 17/50 – Loss: 0.0883  Val F1: 0.2414  ROC-AUC: 0.7862  PR-AUC: 0.2353
[Target-only] Epoch 18/50 – Loss: 0.0806  Val F1: 0.1852  ROC-AUC: 0.7558  PR-AUC: 0.2042
[Target-only] Epoch 19/50 – Loss: 0.0822  Val F1: 0.2400  ROC-AUC: 0.8325  PR-AUC: 0.2275
[Target-only] Epoch 20/50 – Loss: 0.0802  Val F1: 0.2642  ROC-AUC: 0.8044  PR-AUC: 0.2973
[Target-only] Epoch 21/50 – Loss: 0.0705  Val F1: 0.2128  ROC-AUC: 0.7951  PR-AUC: 0.2000
[Target-only] Epoch 22/50 – Loss: 0.0669  Val F1: 0.3043  ROC-AUC: 0.7922  PR-AUC: 0.2443
[Target-only] Epoch 23/50 – Loss: 0.0624  Val F1: 0.2439  ROC-AUC: 0.7603  PR-AUC: 0.2069
[Target-only] Epoch 24/50 – Loss: 0.0609  Val F1: 0.2174  ROC-AUC: 0.7759  PR-AUC: 0.2165
[Target-only] Epoch 25/50 – Loss: 0.0579  Val F1: 0.2381  ROC-AUC: 0.7996  PR-AUC: 0.2549
[Target-only] Epoch 26/50 – Loss: 0.0637  Val F1: 0.2439  ROC-AUC: 0.8191  PR-AUC: 0.3034
[Target-only] Epoch 27/50 – Loss: 0.0566  Val F1: 0.2703  ROC-AUC: 0.7913  PR-AUC: 0.2565
[Target-only] Epoch 28/50 – Loss: 0.0599  Val F1: 0.2000  ROC-AUC: 0.8455  PR-AUC: 0.2562
[Target-only] Epoch 29/50 – Loss: 0.0546  Val F1: 0.2564  ROC-AUC: 0.8107  PR-AUC: 0.2526
[Target-only] Epoch 30/50 – Loss: 0.0501  Val F1: 0.2326  ROC-AUC: 0.8182  PR-AUC: 0.2424
[Target-only] Epoch 31/50 – Loss: 0.0501  Val F1: 0.2500  ROC-AUC: 0.7843  PR-AUC: 0.2295
[Target-only] Epoch 32/50 – Loss: 0.0483  Val F1: 0.2500  ROC-AUC: 0.8005  PR-AUC: 0.2747
[Target-only] Epoch 33/50 – Loss: 0.0368  Val F1: 0.2632  ROC-AUC: 0.7975  PR-AUC: 0.2742
[Target-only] Epoch 34/50 – Loss: 0.0440  Val F1: 0.3125  ROC-AUC: 0.7700  PR-AUC: 0.2241
[Target-only] Epoch 35/50 – Loss: 0.0394  Val F1: 0.2778  ROC-AUC: 0.7795  PR-AUC: 0.2454
[Target-only] Epoch 36/50 – Loss: 0.0455  Val F1: 0.2941  ROC-AUC: 0.7895  PR-AUC: 0.2592
[Target-only] Epoch 37/50 – Loss: 0.0478  Val F1: 0.2381  ROC-AUC: 0.7858  PR-AUC: 0.2660
[Target-only] Epoch 38/50 – Loss: 0.0418  Val F1: 0.2632  ROC-AUC: 0.7639  PR-AUC: 0.2705
[Target-only] Epoch 39/50 – Loss: 0.0402  Val F1: 0.3333  ROC-AUC: 0.7795  PR-AUC: 0.2147
[Target-only] Epoch 40/50 – Loss: 0.0349  Val F1: 0.2778  ROC-AUC: 0.8174  PR-AUC: 0.2699
[Target-only] Epoch 41/50 – Loss: 0.0448  Val F1: 0.3030  ROC-AUC: 0.7905  PR-AUC: 0.2220
[Target-only] Epoch 42/50 – Loss: 0.0376  Val F1: 0.2941  ROC-AUC: 0.7849  PR-AUC: 0.2714
[Target-only] Epoch 43/50 – Loss: 0.0385  Val F1: 0.3226  ROC-AUC: 0.7946  PR-AUC: 0.2738
[Target-only] Epoch 44/50 – Loss: 0.0256  Val F1: 0.3125  ROC-AUC: 0.8003  PR-AUC: 0.2726
[Target-only] Epoch 45/50 – Loss: 0.0322  Val F1: 0.3125  ROC-AUC: 0.7967  PR-AUC: 0.2765
[Target-only] Epoch 46/50 – Loss: 0.0276  Val F1: 0.2857  ROC-AUC: 0.8104  PR-AUC: 0.2772
[Target-only] Epoch 47/50 – Loss: 0.0400  Val F1: 0.3226  ROC-AUC: 0.7795  PR-AUC: 0.2583
[Target-only] Epoch 48/50 – Loss: 0.0281  Val F1: 0.3448  ROC-AUC: 0.8042  PR-AUC: 0.2431
[Target-only] Epoch 49/50 – Loss: 0.0331  Val F1: 0.3226  ROC-AUC: 0.8008  PR-AUC: 0.2529
[Target-only] Epoch 50/50 – Loss: 0.0332  Val F1: 0.2857  ROC-AUC: 0.8233  PR-AUC: 0.2701
=== Target-only TEST performance ===
Test F1: 0.2439, ROC-AUC: 0.8027, PR-AUC: 0.1412
[4/4] Embedding 시각화 중...
✅ Embeddings 저장 완료: embeddings_TOX21_ERb_BLA_Antagonist_ch1_TOX21_ERa_LUC_VM7_Agonist_10nM_ICI182780_GIN.png
✅ 실험 완료: TOX21_ERb_BLA_Antagonist_ch1 -> TOX21_ERa_LUC_VM7_Agonist_10nM_ICI182780 [GIN]
