[14:57:18] Can't kekulize mol.  Unkekulized atoms: 1 2 3 4 5
[14:57:18] Explicit valence for atom # 0 Cl, 2, is greater than permitted
[14:57:19] Can't kekulize mol.  Unkekulized atoms: 3 4 5 6 7
[14:57:19] Can't kekulize mol.  Unkekulized atoms: 3 4 5 6 7
[14:57:22] Can't kekulize mol.  Unkekulized atoms: 1 2 3 4 5
[14:57:22] Can't kekulize mol.  Unkekulized atoms: 3 4 5 6 7
[14:57:22] Can't kekulize mol.  Unkekulized atoms: 1 2 3 4 5
[14:57:22] WARNING: not removing hydrogen atom without neighbors
[14:57:23] Can't kekulize mol.  Unkekulized atoms: 1 2 3 4 5
[14:57:23] Explicit valence for atom # 6 O, 3, is greater than permitted
[14:57:23] Explicit valence for atom # 3 Si, 8, is greater than permitted
[14:57:23] Explicit valence for atom # 0 Cl, 2, is greater than permitted
[14:58:43] Can't kekulize mol.  Unkekulized atoms: 1 2 3 4 5
[14:58:44] Explicit valence for atom # 0 Cl, 2, is greater than permitted
[14:58:44] Can't kekulize mol.  Unkekulized atoms: 3 4 5 6 7
[14:58:45] Can't kekulize mol.  Unkekulized atoms: 3 4 5 6 7
[14:58:47] Can't kekulize mol.  Unkekulized atoms: 1 2 3 4 5
[14:58:47] Can't kekulize mol.  Unkekulized atoms: 3 4 5 6 7
[14:58:48] Can't kekulize mol.  Unkekulized atoms: 1 2 3 4 5
[14:58:48] WARNING: not removing hydrogen atom without neighbors
[14:58:48] Can't kekulize mol.  Unkekulized atoms: 1 2 3 4 5
[14:58:48] Explicit valence for atom # 6 O, 3, is greater than permitted
[14:58:48] Explicit valence for atom # 3 Si, 8, is greater than permitted
[14:58:49] Explicit valence for atom # 0 Cl, 2, is greater than permitted
[15:00:09] Can't kekulize mol.  Unkekulized atoms: 1 2 3 4 5
[15:00:09] Explicit valence for atom # 0 Cl, 2, is greater than permitted
[15:00:10] Can't kekulize mol.  Unkekulized atoms: 3 4 5 6 7
[15:00:10] Can't kekulize mol.  Unkekulized atoms: 3 4 5 6 7
[15:00:13] Can't kekulize mol.  Unkekulized atoms: 1 2 3 4 5
[15:00:13] Can't kekulize mol.  Unkekulized atoms: 3 4 5 6 7
[15:00:14] Can't kekulize mol.  Unkekulized atoms: 1 2 3 4 5
[15:00:14] WARNING: not removing hydrogen atom without neighbors
[15:00:14] Can't kekulize mol.  Unkekulized atoms: 1 2 3 4 5
[15:00:14] Explicit valence for atom # 6 O, 3, is greater than permitted
[15:00:14] Explicit valence for atom # 3 Si, 8, is greater than permitted
[15:00:14] Explicit valence for atom # 0 Cl, 2, is greater than permitted
[15:00:15] Can't kekulize mol.  Unkekulized atoms: 1 2 3 4 5
[15:00:15] Explicit valence for atom # 0 Cl, 2, is greater than permitted
[15:00:16] Can't kekulize mol.  Unkekulized atoms: 3 4 5 6 7
[15:00:17] Can't kekulize mol.  Unkekulized atoms: 3 4 5 6 7
[15:00:19] Can't kekulize mol.  Unkekulized atoms: 1 2 3 4 5
[15:00:19] Can't kekulize mol.  Unkekulized atoms: 3 4 5 6 7
[15:00:19] Can't kekulize mol.  Unkekulized atoms: 1 2 3 4 5
[15:00:20] WARNING: not removing hydrogen atom without neighbors
[15:00:20] Can't kekulize mol.  Unkekulized atoms: 1 2 3 4 5
[15:00:20] Explicit valence for atom # 6 O, 3, is greater than permitted
[15:00:20] Explicit valence for atom # 3 Si, 8, is greater than permitted
[15:00:21] Explicit valence for atom # 0 Cl, 2, is greater than permitted
