[2/4] Pretraining on TOX21_ERR_LUC_viability using GIN_GAT...
  * Pretrained model already exists at model_save/pretrained/gin_gat/Pretrained_TOX21_ERR_LUC_viability_gin_gat.pth, loading...
[3/4] Finetuning on NVS_NR_hER using GIN_GAT...
[Fine-tune] Epoch 1/50 - Loss: 0.6868 - Val F1: 0.4000 - Val ROC-AUC: 0.7467 - Val PR-AUC: 0.5608
[Fine-tune] Epoch 2/50 - Loss: 0.5289 - Val F1: 0.4348 - Val ROC-AUC: 0.7396 - Val PR-AUC: 0.5497
[Fine-tune] Epoch 3/50 - Loss: 0.4645 - Val F1: 0.4138 - Val ROC-AUC: 0.7719 - Val PR-AUC: 0.6137
[Fine-tune] Epoch 4/50 - Loss: 0.4326 - Val F1: 0.4783 - Val ROC-AUC: 0.7544 - Val PR-AUC: 0.5741
[Fine-tune] Epoch 5/50 - Loss: 0.3796 - Val F1: 0.4186 - Val ROC-AUC: 0.7292 - Val PR-AUC: 0.5487
[Fine-tune] Epoch 6/50 - Loss: 0.3850 - Val F1: 0.4186 - Val ROC-AUC: 0.7505 - Val PR-AUC: 0.5814
[Fine-tune] Epoch 7/50 - Loss: 0.3218 - Val F1: 0.4074 - Val ROC-AUC: 0.7473 - Val PR-AUC: 0.5436
[Fine-tune] Epoch 8/50 - Loss: 0.3043 - Val F1: 0.5000 - Val ROC-AUC: 0.7511 - Val PR-AUC: 0.5577
[Fine-tune] Epoch 9/50 - Loss: 0.3245 - Val F1: 0.4815 - Val ROC-AUC: 0.7681 - Val PR-AUC: 0.5844
[Fine-tune] Epoch 10/50 - Loss: 0.3078 - Val F1: 0.4762 - Val ROC-AUC: 0.7785 - Val PR-AUC: 0.5883
[Fine-tune] Epoch 11/50 - Loss: 0.2439 - Val F1: 0.4545 - Val ROC-AUC: 0.7560 - Val PR-AUC: 0.4951
[Fine-tune] Epoch 12/50 - Loss: 0.2055 - Val F1: 0.4490 - Val ROC-AUC: 0.7396 - Val PR-AUC: 0.4301
[Fine-tune] Epoch 13/50 - Loss: 0.2352 - Val F1: 0.3913 - Val ROC-AUC: 0.7407 - Val PR-AUC: 0.4953
[Fine-tune] Epoch 14/50 - Loss: 0.2260 - Val F1: 0.4545 - Val ROC-AUC: 0.7577 - Val PR-AUC: 0.4905
[Fine-tune] Epoch 15/50 - Loss: 0.2159 - Val F1: 0.4255 - Val ROC-AUC: 0.7308 - Val PR-AUC: 0.4107
[Fine-tune] Epoch 16/50 - Loss: 0.2023 - Val F1: 0.4314 - Val ROC-AUC: 0.7374 - Val PR-AUC: 0.4045
[Fine-tune] Epoch 17/50 - Loss: 0.2082 - Val F1: 0.4186 - Val ROC-AUC: 0.7549 - Val PR-AUC: 0.4640
[Fine-tune] Epoch 18/50 - Loss: 0.2080 - Val F1: 0.4583 - Val ROC-AUC: 0.7533 - Val PR-AUC: 0.4176
[Fine-tune] Epoch 19/50 - Loss: 0.1823 - Val F1: 0.4091 - Val ROC-AUC: 0.7352 - Val PR-AUC: 0.4483
[Fine-tune] Epoch 20/50 - Loss: 0.1596 - Val F1: 0.4681 - Val ROC-AUC: 0.7681 - Val PR-AUC: 0.4185
[Fine-tune] Epoch 21/50 - Loss: 0.1610 - Val F1: 0.4783 - Val ROC-AUC: 0.7664 - Val PR-AUC: 0.4381
[Fine-tune] Epoch 22/50 - Loss: 0.1520 - Val F1: 0.4681 - Val ROC-AUC: 0.7714 - Val PR-AUC: 0.4968
[Fine-tune] Epoch 23/50 - Loss: 0.1504 - Val F1: 0.4681 - Val ROC-AUC: 0.7736 - Val PR-AUC: 0.4832
[Fine-tune] Epoch 24/50 - Loss: 0.1311 - Val F1: 0.4490 - Val ROC-AUC: 0.7692 - Val PR-AUC: 0.4511
[Fine-tune] Epoch 25/50 - Loss: 0.1113 - Val F1: 0.4390 - Val ROC-AUC: 0.7769 - Val PR-AUC: 0.5013
[Fine-tune] Epoch 26/50 - Loss: 0.1500 - Val F1: 0.4444 - Val ROC-AUC: 0.7582 - Val PR-AUC: 0.4302
[Fine-tune] Epoch 27/50 - Loss: 0.1327 - Val F1: 0.4444 - Val ROC-AUC: 0.7637 - Val PR-AUC: 0.4368
[Fine-tune] Epoch 28/50 - Loss: 0.1217 - Val F1: 0.4444 - Val ROC-AUC: 0.7511 - Val PR-AUC: 0.4111
[Fine-tune] Epoch 29/50 - Loss: 0.1420 - Val F1: 0.4444 - Val ROC-AUC: 0.7626 - Val PR-AUC: 0.4310
[Fine-tune] Epoch 30/50 - Loss: 0.1775 - Val F1: 0.4255 - Val ROC-AUC: 0.7418 - Val PR-AUC: 0.3737
[Fine-tune] Epoch 31/50 - Loss: 0.1430 - Val F1: 0.4348 - Val ROC-AUC: 0.7418 - Val PR-AUC: 0.4017
[Fine-tune] Epoch 32/50 - Loss: 0.1105 - Val F1: 0.4444 - Val ROC-AUC: 0.7511 - Val PR-AUC: 0.4135
[Fine-tune] Epoch 33/50 - Loss: 0.1197 - Val F1: 0.4545 - Val ROC-AUC: 0.7675 - Val PR-AUC: 0.4503
[Fine-tune] Epoch 34/50 - Loss: 0.1217 - Val F1: 0.4583 - Val ROC-AUC: 0.7412 - Val PR-AUC: 0.4152
[Fine-tune] Epoch 35/50 - Loss: 0.1025 - Val F1: 0.4348 - Val ROC-AUC: 0.7670 - Val PR-AUC: 0.4563
[Fine-tune] Epoch 36/50 - Loss: 0.1405 - Val F1: 0.4681 - Val ROC-AUC: 0.7577 - Val PR-AUC: 0.4216
[Fine-tune] Epoch 37/50 - Loss: 0.1305 - Val F1: 0.4545 - Val ROC-AUC: 0.7604 - Val PR-AUC: 0.4530
[Fine-tune] Epoch 38/50 - Loss: 0.1219 - Val F1: 0.4783 - Val ROC-AUC: 0.7527 - Val PR-AUC: 0.4552
[Fine-tune] Epoch 39/50 - Loss: 0.1241 - Val F1: 0.4681 - Val ROC-AUC: 0.7445 - Val PR-AUC: 0.4337
[Fine-tune] Epoch 40/50 - Loss: 0.1426 - Val F1: 0.4444 - Val ROC-AUC: 0.7604 - Val PR-AUC: 0.4815
[Fine-tune] Epoch 41/50 - Loss: 0.0983 - Val F1: 0.4545 - Val ROC-AUC: 0.7648 - Val PR-AUC: 0.5027
[Fine-tune] Epoch 42/50 - Loss: 0.1037 - Val F1: 0.4545 - Val ROC-AUC: 0.7664 - Val PR-AUC: 0.4883
[Fine-tune] Epoch 43/50 - Loss: 0.1034 - Val F1: 0.4681 - Val ROC-AUC: 0.7511 - Val PR-AUC: 0.4640
[Fine-tune] Epoch 44/50 - Loss: 0.1165 - Val F1: 0.4681 - Val ROC-AUC: 0.7626 - Val PR-AUC: 0.4609
[Fine-tune] Epoch 45/50 - Loss: 0.0773 - Val F1: 0.4444 - Val ROC-AUC: 0.7626 - Val PR-AUC: 0.4590
[Fine-tune] Epoch 46/50 - Loss: 0.1032 - Val F1: 0.4651 - Val ROC-AUC: 0.7599 - Val PR-AUC: 0.4559
[Fine-tune] Epoch 47/50 - Loss: 0.1014 - Val F1: 0.4444 - Val ROC-AUC: 0.7566 - Val PR-AUC: 0.4505
[Fine-tune] Epoch 48/50 - Loss: 0.1130 - Val F1: 0.4545 - Val ROC-AUC: 0.7615 - Val PR-AUC: 0.4661
[Fine-tune] Epoch 49/50 - Loss: 0.0984 - Val F1: 0.4545 - Val ROC-AUC: 0.7571 - Val PR-AUC: 0.4330
[Fine-tune] Epoch 50/50 - Loss: 0.0911 - Val F1: 0.4444 - Val ROC-AUC: 0.7571 - Val PR-AUC: 0.4382
Finetuning completed. Test F1: 0.6111, ROC-AUC: 0.7238, PR-AUC: 0.5217
[3.1/4] Target-only training on NVS_NR_hER using GIN_GAT...
  * Target-only 모델 이미 존재: model_save/targetonly/gin_gat/TargetOnly_NVS_NR_hER_gin_gat.pth
  * Target-only 생략, 저장된 모델로 평가만 진행
=== Target-only TEST performance ===
Test F1: 0.5366, ROC-AUC: 0.6978, PR-AUC: 0.4489
✅ 실험 완료: TOX21_ERR_LUC_viability -> NVS_NR_hER [GIN_GAT]
