[2/4] Pretraining on TOX21_ERb_BLA_Agonist_viability using GIN_GAT...
  * Pretrained model already exists at model_save/pretrained/gin_gat/Pretrained_TOX21_ERb_BLA_Agonist_viability_gin_gat.pth, loading...
[3/4] Finetuning on NVS_NR_hER using GIN_GAT...
[Fine-tune] Epoch 1/50 - Loss: 0.7231 - Val F1: 0.3750 - Val ROC-AUC: 0.6530 - Val PR-AUC: 0.4119
[Fine-tune] Epoch 2/50 - Loss: 0.5296 - Val F1: 0.3824 - Val ROC-AUC: 0.7264 - Val PR-AUC: 0.4834
[Fine-tune] Epoch 3/50 - Loss: 0.4273 - Val F1: 0.3846 - Val ROC-AUC: 0.7538 - Val PR-AUC: 0.5968
[Fine-tune] Epoch 4/50 - Loss: 0.4058 - Val F1: 0.3704 - Val ROC-AUC: 0.7423 - Val PR-AUC: 0.5888
[Fine-tune] Epoch 5/50 - Loss: 0.3941 - Val F1: 0.4706 - Val ROC-AUC: 0.7697 - Val PR-AUC: 0.5931
[Fine-tune] Epoch 6/50 - Loss: 0.3803 - Val F1: 0.4091 - Val ROC-AUC: 0.7231 - Val PR-AUC: 0.5377
[Fine-tune] Epoch 7/50 - Loss: 0.3374 - Val F1: 0.3774 - Val ROC-AUC: 0.7072 - Val PR-AUC: 0.5304
[Fine-tune] Epoch 8/50 - Loss: 0.3199 - Val F1: 0.4762 - Val ROC-AUC: 0.7303 - Val PR-AUC: 0.5495
[Fine-tune] Epoch 9/50 - Loss: 0.3154 - Val F1: 0.3600 - Val ROC-AUC: 0.7078 - Val PR-AUC: 0.4384
[Fine-tune] Epoch 10/50 - Loss: 0.2766 - Val F1: 0.4186 - Val ROC-AUC: 0.7242 - Val PR-AUC: 0.4996
[Fine-tune] Epoch 11/50 - Loss: 0.2487 - Val F1: 0.4762 - Val ROC-AUC: 0.7368 - Val PR-AUC: 0.5313
[Fine-tune] Epoch 12/50 - Loss: 0.2252 - Val F1: 0.4651 - Val ROC-AUC: 0.7138 - Val PR-AUC: 0.4530
[Fine-tune] Epoch 13/50 - Loss: 0.2332 - Val F1: 0.3922 - Val ROC-AUC: 0.7133 - Val PR-AUC: 0.4950
[Fine-tune] Epoch 14/50 - Loss: 0.2169 - Val F1: 0.4091 - Val ROC-AUC: 0.7177 - Val PR-AUC: 0.4946
[Fine-tune] Epoch 15/50 - Loss: 0.2246 - Val F1: 0.4762 - Val ROC-AUC: 0.6957 - Val PR-AUC: 0.4564
[Fine-tune] Epoch 16/50 - Loss: 0.2036 - Val F1: 0.4390 - Val ROC-AUC: 0.7478 - Val PR-AUC: 0.5728
[Fine-tune] Epoch 17/50 - Loss: 0.2200 - Val F1: 0.4545 - Val ROC-AUC: 0.7253 - Val PR-AUC: 0.4801
[Fine-tune] Epoch 18/50 - Loss: 0.1918 - Val F1: 0.5000 - Val ROC-AUC: 0.7451 - Val PR-AUC: 0.4579
[Fine-tune] Epoch 19/50 - Loss: 0.2490 - Val F1: 0.4500 - Val ROC-AUC: 0.7111 - Val PR-AUC: 0.4194
[Fine-tune] Epoch 20/50 - Loss: 0.1889 - Val F1: 0.4286 - Val ROC-AUC: 0.6913 - Val PR-AUC: 0.4403
[Fine-tune] Epoch 21/50 - Loss: 0.1790 - Val F1: 0.4186 - Val ROC-AUC: 0.6765 - Val PR-AUC: 0.4081
[Fine-tune] Epoch 22/50 - Loss: 0.1631 - Val F1: 0.4390 - Val ROC-AUC: 0.7149 - Val PR-AUC: 0.4449
[Fine-tune] Epoch 23/50 - Loss: 0.1328 - Val F1: 0.4255 - Val ROC-AUC: 0.7039 - Val PR-AUC: 0.4949
[Fine-tune] Epoch 24/50 - Loss: 0.1735 - Val F1: 0.4500 - Val ROC-AUC: 0.7111 - Val PR-AUC: 0.4357
[Fine-tune] Epoch 25/50 - Loss: 0.1252 - Val F1: 0.4545 - Val ROC-AUC: 0.7407 - Val PR-AUC: 0.4629
[Fine-tune] Epoch 26/50 - Loss: 0.2064 - Val F1: 0.4500 - Val ROC-AUC: 0.7056 - Val PR-AUC: 0.4648
[Fine-tune] Epoch 27/50 - Loss: 0.1426 - Val F1: 0.4000 - Val ROC-AUC: 0.7100 - Val PR-AUC: 0.4296
[Fine-tune] Epoch 28/50 - Loss: 0.1500 - Val F1: 0.4091 - Val ROC-AUC: 0.7160 - Val PR-AUC: 0.4243
[Fine-tune] Epoch 29/50 - Loss: 0.1599 - Val F1: 0.4615 - Val ROC-AUC: 0.7083 - Val PR-AUC: 0.4481
[Fine-tune] Epoch 30/50 - Loss: 0.1223 - Val F1: 0.4286 - Val ROC-AUC: 0.7111 - Val PR-AUC: 0.4078
[Fine-tune] Epoch 31/50 - Loss: 0.1411 - Val F1: 0.4186 - Val ROC-AUC: 0.7029 - Val PR-AUC: 0.4346
[Fine-tune] Epoch 32/50 - Loss: 0.1349 - Val F1: 0.4500 - Val ROC-AUC: 0.6990 - Val PR-AUC: 0.4499
[Fine-tune] Epoch 33/50 - Loss: 0.1553 - Val F1: 0.4651 - Val ROC-AUC: 0.7182 - Val PR-AUC: 0.4352
[Fine-tune] Epoch 34/50 - Loss: 0.1444 - Val F1: 0.4186 - Val ROC-AUC: 0.7029 - Val PR-AUC: 0.4437
[Fine-tune] Epoch 35/50 - Loss: 0.1314 - Val F1: 0.4390 - Val ROC-AUC: 0.7182 - Val PR-AUC: 0.4653
[Fine-tune] Epoch 36/50 - Loss: 0.1187 - Val F1: 0.4762 - Val ROC-AUC: 0.7209 - Val PR-AUC: 0.4421
[Fine-tune] Epoch 37/50 - Loss: 0.1038 - Val F1: 0.4545 - Val ROC-AUC: 0.7138 - Val PR-AUC: 0.4429
[Fine-tune] Epoch 38/50 - Loss: 0.1492 - Val F1: 0.4651 - Val ROC-AUC: 0.7078 - Val PR-AUC: 0.4263
[Fine-tune] Epoch 39/50 - Loss: 0.1314 - Val F1: 0.4651 - Val ROC-AUC: 0.7138 - Val PR-AUC: 0.4260
[Fine-tune] Epoch 40/50 - Loss: 0.1328 - Val F1: 0.4651 - Val ROC-AUC: 0.7198 - Val PR-AUC: 0.4450
[Fine-tune] Epoch 41/50 - Loss: 0.0991 - Val F1: 0.4651 - Val ROC-AUC: 0.7198 - Val PR-AUC: 0.4278
[Fine-tune] Epoch 42/50 - Loss: 0.1306 - Val F1: 0.4651 - Val ROC-AUC: 0.7166 - Val PR-AUC: 0.4313
[Fine-tune] Epoch 43/50 - Loss: 0.1023 - Val F1: 0.4186 - Val ROC-AUC: 0.7045 - Val PR-AUC: 0.4150
[Fine-tune] Epoch 44/50 - Loss: 0.1012 - Val F1: 0.4762 - Val ROC-AUC: 0.7166 - Val PR-AUC: 0.4525
[Fine-tune] Epoch 45/50 - Loss: 0.1093 - Val F1: 0.4762 - Val ROC-AUC: 0.7182 - Val PR-AUC: 0.4623
[Fine-tune] Epoch 46/50 - Loss: 0.1375 - Val F1: 0.4762 - Val ROC-AUC: 0.7111 - Val PR-AUC: 0.4386
[Fine-tune] Epoch 47/50 - Loss: 0.1161 - Val F1: 0.4286 - Val ROC-AUC: 0.7056 - Val PR-AUC: 0.4296
[Fine-tune] Epoch 48/50 - Loss: 0.1062 - Val F1: 0.4762 - Val ROC-AUC: 0.7177 - Val PR-AUC: 0.4157
[Fine-tune] Epoch 49/50 - Loss: 0.0929 - Val F1: 0.4390 - Val ROC-AUC: 0.7242 - Val PR-AUC: 0.4289
[Fine-tune] Epoch 50/50 - Loss: 0.1146 - Val F1: 0.4762 - Val ROC-AUC: 0.7237 - Val PR-AUC: 0.4230
Finetuning completed. Test F1: 0.5000, ROC-AUC: 0.7075, PR-AUC: 0.4436
[3.1/4] Target-only training on NVS_NR_hER using GIN_GAT...
  * Target-only 모델 이미 존재: model_save/targetonly/gin_gat/TargetOnly_NVS_NR_hER_gin_gat.pth
  * Target-only 생략, 저장된 모델로 평가만 진행
=== Target-only TEST performance ===
Test F1: 0.5366, ROC-AUC: 0.6978, PR-AUC: 0.4489
✅ 실험 완료: TOX21_ERb_BLA_Agonist_viability -> NVS_NR_hER [GIN_GAT]
