[1/4] Excel → CSV 변환 중...
Saved pretrain CSV for TOX21_ERa_LUC_VM7_Agonist: data/sample/TOX21_ERa_LUC_VM7_Agonist.csv
Saved pretrain CSV for TOX21_ERb_BLA_Agonist_viability: data/sample/TOX21_ERb_BLA_Agonist_viability.csv
Saved pretrain CSV for TOX21_ERa_LUC_VM7_Agonist_10nM_ICI182780_viability: data/sample/TOX21_ERa_LUC_VM7_Agonist_10nM_ICI182780_viability.csv
Saved pretrain CSV for TOX21_ERR_LUC_viability: data/sample/TOX21_ERR_LUC_viability.csv
Saved finetune CSV for ATG_ERE_CIS: data/sample/ATG_ERE_CIS.csv
Saved finetune CSV for ATG_ERa_TRANS: data/sample/ATG_ERa_TRANS.csv
Saved finetune CSV for ACEA_ER_80hr: data/sample/ACEA_ER_80hr.csv
Saved finetune CSV for OT_ER_ERaERa_1440: data/sample/OT_ER_ERaERa_1440.csv
Saved finetune CSV for OT_ER_ERaERb_1440: data/sample/OT_ER_ERaERb_1440.csv
Saved finetune CSV for OT_ER_ERbERb_1440: data/sample/OT_ER_ERbERb_1440.csv
Saved finetune CSV for NVS_NR_hER: data/sample/NVS_NR_hER.csv
[2/4] Pretraining on TOX21_ERb_BLA_Agonist_viability using GIN...
  * Pretrained model already exists at model_save/pretrained/gin/Pretrained_TOX21_ERb_BLA_Agonist_viability_gin.pth, loading...
[3/4] Finetuning on OT_ER_ERaERa_1440 using GIN...
[Fine-tune] Epoch 1/50 - Loss: 0.5582 - Val F1: 0.2973 - Val ROC-AUC: 0.6764 - Val PR-AUC: 0.3393
[Fine-tune] Epoch 2/50 - Loss: 0.4032 - Val F1: 0.3636 - Val ROC-AUC: 0.6623 - Val PR-AUC: 0.3760
[Fine-tune] Epoch 3/50 - Loss: 0.3536 - Val F1: 0.2597 - Val ROC-AUC: 0.6280 - Val PR-AUC: 0.3333
[Fine-tune] Epoch 4/50 - Loss: 0.3605 - Val F1: 0.2593 - Val ROC-AUC: 0.6547 - Val PR-AUC: 0.3281
[Fine-tune] Epoch 5/50 - Loss: 0.3080 - Val F1: 0.3478 - Val ROC-AUC: 0.6799 - Val PR-AUC: 0.3340
[Fine-tune] Epoch 6/50 - Loss: 0.3071 - Val F1: 0.2222 - Val ROC-AUC: 0.6082 - Val PR-AUC: 0.2523
[Fine-tune] Epoch 7/50 - Loss: 0.2963 - Val F1: 0.3448 - Val ROC-AUC: 0.6669 - Val PR-AUC: 0.3507
[Fine-tune] Epoch 8/50 - Loss: 0.2970 - Val F1: 0.2192 - Val ROC-AUC: 0.5865 - Val PR-AUC: 0.2402
[Fine-tune] Epoch 9/50 - Loss: 0.2856 - Val F1: 0.3051 - Val ROC-AUC: 0.6139 - Val PR-AUC: 0.2140
[Fine-tune] Epoch 10/50 - Loss: 0.2567 - Val F1: 0.2692 - Val ROC-AUC: 0.6570 - Val PR-AUC: 0.2553
[Fine-tune] Epoch 11/50 - Loss: 0.2271 - Val F1: 0.2222 - Val ROC-AUC: 0.6311 - Val PR-AUC: 0.2733
[Fine-tune] Epoch 12/50 - Loss: 0.2532 - Val F1: 0.2553 - Val ROC-AUC: 0.6208 - Val PR-AUC: 0.3258
[Fine-tune] Epoch 13/50 - Loss: 0.2355 - Val F1: 0.1923 - Val ROC-AUC: 0.6178 - Val PR-AUC: 0.2817
[Fine-tune] Epoch 14/50 - Loss: 0.2246 - Val F1: 0.2222 - Val ROC-AUC: 0.6052 - Val PR-AUC: 0.2415
[Fine-tune] Epoch 15/50 - Loss: 0.2156 - Val F1: 0.2439 - Val ROC-AUC: 0.6406 - Val PR-AUC: 0.2757
[Fine-tune] Epoch 16/50 - Loss: 0.2152 - Val F1: 0.2917 - Val ROC-AUC: 0.6181 - Val PR-AUC: 0.2876
[Fine-tune] Epoch 17/50 - Loss: 0.1962 - Val F1: 0.2353 - Val ROC-AUC: 0.6025 - Val PR-AUC: 0.2097
[Fine-tune] Epoch 18/50 - Loss: 0.1980 - Val F1: 0.2174 - Val ROC-AUC: 0.5930 - Val PR-AUC: 0.2370
[Fine-tune] Epoch 19/50 - Loss: 0.1809 - Val F1: 0.2791 - Val ROC-AUC: 0.6349 - Val PR-AUC: 0.2597
[Fine-tune] Epoch 20/50 - Loss: 0.1857 - Val F1: 0.2326 - Val ROC-AUC: 0.6399 - Val PR-AUC: 0.2830
[Fine-tune] Epoch 21/50 - Loss: 0.1704 - Val F1: 0.2326 - Val ROC-AUC: 0.6250 - Val PR-AUC: 0.2698
[Fine-tune] Epoch 22/50 - Loss: 0.1604 - Val F1: 0.2632 - Val ROC-AUC: 0.6303 - Val PR-AUC: 0.2815
[Fine-tune] Epoch 23/50 - Loss: 0.1579 - Val F1: 0.2381 - Val ROC-AUC: 0.6098 - Val PR-AUC: 0.2540
[Fine-tune] Epoch 24/50 - Loss: 0.1549 - Val F1: 0.3077 - Val ROC-AUC: 0.6037 - Val PR-AUC: 0.2584
[Fine-tune] Epoch 25/50 - Loss: 0.1605 - Val F1: 0.3137 - Val ROC-AUC: 0.6338 - Val PR-AUC: 0.2715
[Fine-tune] Epoch 26/50 - Loss: 0.1363 - Val F1: 0.2326 - Val ROC-AUC: 0.6193 - Val PR-AUC: 0.2688
[Fine-tune] Epoch 27/50 - Loss: 0.1665 - Val F1: 0.2308 - Val ROC-AUC: 0.5964 - Val PR-AUC: 0.2545
[Fine-tune] Epoch 28/50 - Loss: 0.1457 - Val F1: 0.2564 - Val ROC-AUC: 0.5960 - Val PR-AUC: 0.2365
[Fine-tune] Epoch 29/50 - Loss: 0.1405 - Val F1: 0.2381 - Val ROC-AUC: 0.6109 - Val PR-AUC: 0.2701
[Fine-tune] Epoch 30/50 - Loss: 0.1218 - Val F1: 0.2273 - Val ROC-AUC: 0.6120 - Val PR-AUC: 0.2507
[Fine-tune] Epoch 31/50 - Loss: 0.1128 - Val F1: 0.2381 - Val ROC-AUC: 0.6330 - Val PR-AUC: 0.2695
[Fine-tune] Epoch 32/50 - Loss: 0.1352 - Val F1: 0.2439 - Val ROC-AUC: 0.6208 - Val PR-AUC: 0.2756
[Fine-tune] Epoch 33/50 - Loss: 0.1242 - Val F1: 0.2326 - Val ROC-AUC: 0.6117 - Val PR-AUC: 0.2666
[Fine-tune] Epoch 34/50 - Loss: 0.1436 - Val F1: 0.2632 - Val ROC-AUC: 0.6124 - Val PR-AUC: 0.2703
[Fine-tune] Epoch 35/50 - Loss: 0.1396 - Val F1: 0.2500 - Val ROC-AUC: 0.6254 - Val PR-AUC: 0.2950
[Fine-tune] Epoch 36/50 - Loss: 0.1231 - Val F1: 0.2439 - Val ROC-AUC: 0.6170 - Val PR-AUC: 0.3066
[Fine-tune] Epoch 37/50 - Loss: 0.1389 - Val F1: 0.2326 - Val ROC-AUC: 0.6269 - Val PR-AUC: 0.2933
[Fine-tune] Epoch 38/50 - Loss: 0.1171 - Val F1: 0.2400 - Val ROC-AUC: 0.6136 - Val PR-AUC: 0.2820
[Fine-tune] Epoch 39/50 - Loss: 0.1303 - Val F1: 0.2273 - Val ROC-AUC: 0.6105 - Val PR-AUC: 0.2589
[Fine-tune] Epoch 40/50 - Loss: 0.1365 - Val F1: 0.2778 - Val ROC-AUC: 0.6124 - Val PR-AUC: 0.2530
[Fine-tune] Epoch 41/50 - Loss: 0.1292 - Val F1: 0.2273 - Val ROC-AUC: 0.6075 - Val PR-AUC: 0.2684
[Fine-tune] Epoch 42/50 - Loss: 0.1343 - Val F1: 0.2632 - Val ROC-AUC: 0.6063 - Val PR-AUC: 0.2850
[Fine-tune] Epoch 43/50 - Loss: 0.1149 - Val F1: 0.2564 - Val ROC-AUC: 0.6029 - Val PR-AUC: 0.2590
[Fine-tune] Epoch 44/50 - Loss: 0.1081 - Val F1: 0.2381 - Val ROC-AUC: 0.6067 - Val PR-AUC: 0.2473
[Fine-tune] Epoch 45/50 - Loss: 0.1212 - Val F1: 0.2439 - Val ROC-AUC: 0.6090 - Val PR-AUC: 0.2747
[Fine-tune] Epoch 46/50 - Loss: 0.1205 - Val F1: 0.2273 - Val ROC-AUC: 0.6086 - Val PR-AUC: 0.2744
[Fine-tune] Epoch 47/50 - Loss: 0.1070 - Val F1: 0.2326 - Val ROC-AUC: 0.6151 - Val PR-AUC: 0.2568
[Fine-tune] Epoch 48/50 - Loss: 0.1037 - Val F1: 0.2439 - Val ROC-AUC: 0.6166 - Val PR-AUC: 0.2583
[Fine-tune] Epoch 49/50 - Loss: 0.1144 - Val F1: 0.2632 - Val ROC-AUC: 0.6139 - Val PR-AUC: 0.2716
[Fine-tune] Epoch 50/50 - Loss: 0.1077 - Val F1: 0.2564 - Val ROC-AUC: 0.6136 - Val PR-AUC: 0.2825
Finetuning completed. Test F1: 0.3333, ROC-AUC: 0.8162, PR-AUC: 0.2197
[3.1/4] Target-only training on OT_ER_ERaERa_1440 using GIN...
  * Target-only 모델 이미 존재: model_save/targetonly/gin/TargetOnly_OT_ER_ERaERa_1440_gin.pth
  * Target-only 생략, 저장된 모델로 평가만 진행
=== Target-only TEST performance ===
Test F1: 0.2807, ROC-AUC: 0.7855, PR-AUC: 0.2494
✅ 실험 완료: TOX21_ERb_BLA_Agonist_viability -> OT_ER_ERaERa_1440 [GIN]
