[2/4] Pretraining on TOX21_ERa_LUC_VM7_Agonist_10nM_ICI182780_viability using GIN_GAT...
  * Pretrained model already exists at model_save/pretrained/gin_gat/Pretrained_TOX21_ERa_LUC_VM7_Agonist_10nM_ICI182780_viability_gin_gat.pth, loading...
[3/4] Finetuning on ATG_ERa_TRANS using GIN_GAT...
[Fine-tune] Epoch 1/50 - Loss: 0.7495 - Val F1: 0.4215 - Val ROC-AUC: 0.7427 - Val PR-AUC: 0.4721
[Fine-tune] Epoch 2/50 - Loss: 0.5194 - Val F1: 0.4569 - Val ROC-AUC: 0.7481 - Val PR-AUC: 0.4756
[Fine-tune] Epoch 3/50 - Loss: 0.5050 - Val F1: 0.4937 - Val ROC-AUC: 0.7372 - Val PR-AUC: 0.4609
[Fine-tune] Epoch 4/50 - Loss: 0.4776 - Val F1: 0.4490 - Val ROC-AUC: 0.7337 - Val PR-AUC: 0.4407
[Fine-tune] Epoch 5/50 - Loss: 0.5012 - Val F1: 0.4352 - Val ROC-AUC: 0.7348 - Val PR-AUC: 0.4556
[Fine-tune] Epoch 6/50 - Loss: 0.4542 - Val F1: 0.4789 - Val ROC-AUC: 0.7524 - Val PR-AUC: 0.4797
[Fine-tune] Epoch 7/50 - Loss: 0.4294 - Val F1: 0.4706 - Val ROC-AUC: 0.7328 - Val PR-AUC: 0.4519
[Fine-tune] Epoch 8/50 - Loss: 0.4459 - Val F1: 0.5634 - Val ROC-AUC: 0.7486 - Val PR-AUC: 0.4830
[Fine-tune] Epoch 9/50 - Loss: 0.4453 - Val F1: 0.4674 - Val ROC-AUC: 0.7408 - Val PR-AUC: 0.4520
[Fine-tune] Epoch 10/50 - Loss: 0.4069 - Val F1: 0.4868 - Val ROC-AUC: 0.7469 - Val PR-AUC: 0.4969
[Fine-tune] Epoch 11/50 - Loss: 0.4042 - Val F1: 0.4819 - Val ROC-AUC: 0.7636 - Val PR-AUC: 0.5250
[Fine-tune] Epoch 12/50 - Loss: 0.3594 - Val F1: 0.5098 - Val ROC-AUC: 0.7553 - Val PR-AUC: 0.5090
[Fine-tune] Epoch 13/50 - Loss: 0.3520 - Val F1: 0.5036 - Val ROC-AUC: 0.7564 - Val PR-AUC: 0.5238
[Fine-tune] Epoch 14/50 - Loss: 0.3685 - Val F1: 0.4410 - Val ROC-AUC: 0.7090 - Val PR-AUC: 0.4885
[Fine-tune] Epoch 15/50 - Loss: 0.3396 - Val F1: 0.4746 - Val ROC-AUC: 0.7370 - Val PR-AUC: 0.4962
[Fine-tune] Epoch 16/50 - Loss: 0.3322 - Val F1: 0.5029 - Val ROC-AUC: 0.7456 - Val PR-AUC: 0.5329
[Fine-tune] Epoch 17/50 - Loss: 0.3423 - Val F1: 0.4819 - Val ROC-AUC: 0.7171 - Val PR-AUC: 0.4886
[Fine-tune] Epoch 18/50 - Loss: 0.3276 - Val F1: 0.4607 - Val ROC-AUC: 0.7011 - Val PR-AUC: 0.4444
[Fine-tune] Epoch 19/50 - Loss: 0.3216 - Val F1: 0.5067 - Val ROC-AUC: 0.7159 - Val PR-AUC: 0.5059
[Fine-tune] Epoch 20/50 - Loss: 0.3238 - Val F1: 0.4560 - Val ROC-AUC: 0.7171 - Val PR-AUC: 0.4864
[Fine-tune] Epoch 21/50 - Loss: 0.3006 - Val F1: 0.4805 - Val ROC-AUC: 0.7229 - Val PR-AUC: 0.4908
[Fine-tune] Epoch 22/50 - Loss: 0.2686 - Val F1: 0.4908 - Val ROC-AUC: 0.7294 - Val PR-AUC: 0.4867
[Fine-tune] Epoch 23/50 - Loss: 0.2768 - Val F1: 0.5175 - Val ROC-AUC: 0.7270 - Val PR-AUC: 0.4751
[Fine-tune] Epoch 24/50 - Loss: 0.2561 - Val F1: 0.5223 - Val ROC-AUC: 0.7265 - Val PR-AUC: 0.4767
[Fine-tune] Epoch 25/50 - Loss: 0.2810 - Val F1: 0.4744 - Val ROC-AUC: 0.6968 - Val PR-AUC: 0.4745
[Fine-tune] Epoch 26/50 - Loss: 0.2580 - Val F1: 0.4727 - Val ROC-AUC: 0.7060 - Val PR-AUC: 0.4453
[Fine-tune] Epoch 27/50 - Loss: 0.2606 - Val F1: 0.5098 - Val ROC-AUC: 0.7170 - Val PR-AUC: 0.4894
[Fine-tune] Epoch 28/50 - Loss: 0.2476 - Val F1: 0.4898 - Val ROC-AUC: 0.7088 - Val PR-AUC: 0.4368
[Fine-tune] Epoch 29/50 - Loss: 0.2504 - Val F1: 0.4727 - Val ROC-AUC: 0.6915 - Val PR-AUC: 0.4452
[Fine-tune] Epoch 30/50 - Loss: 0.2465 - Val F1: 0.5096 - Val ROC-AUC: 0.7012 - Val PR-AUC: 0.4709
[Fine-tune] Epoch 31/50 - Loss: 0.2219 - Val F1: 0.4551 - Val ROC-AUC: 0.6979 - Val PR-AUC: 0.4476
[Fine-tune] Epoch 32/50 - Loss: 0.2252 - Val F1: 0.5032 - Val ROC-AUC: 0.7160 - Val PR-AUC: 0.4593
[Fine-tune] Epoch 33/50 - Loss: 0.2360 - Val F1: 0.4780 - Val ROC-AUC: 0.7119 - Val PR-AUC: 0.4594
[Fine-tune] Epoch 34/50 - Loss: 0.2227 - Val F1: 0.5098 - Val ROC-AUC: 0.7130 - Val PR-AUC: 0.4879
[Fine-tune] Epoch 35/50 - Loss: 0.2125 - Val F1: 0.4966 - Val ROC-AUC: 0.7181 - Val PR-AUC: 0.4850
[Fine-tune] Epoch 36/50 - Loss: 0.2140 - Val F1: 0.4785 - Val ROC-AUC: 0.6985 - Val PR-AUC: 0.4540
[Fine-tune] Epoch 37/50 - Loss: 0.2078 - Val F1: 0.4596 - Val ROC-AUC: 0.7006 - Val PR-AUC: 0.4640
[Fine-tune] Epoch 38/50 - Loss: 0.2130 - Val F1: 0.4845 - Val ROC-AUC: 0.7099 - Val PR-AUC: 0.4812
[Fine-tune] Epoch 39/50 - Loss: 0.2048 - Val F1: 0.4713 - Val ROC-AUC: 0.6929 - Val PR-AUC: 0.4656
[Fine-tune] Epoch 40/50 - Loss: 0.1993 - Val F1: 0.4684 - Val ROC-AUC: 0.7002 - Val PR-AUC: 0.4738
[Fine-tune] Epoch 41/50 - Loss: 0.2287 - Val F1: 0.4832 - Val ROC-AUC: 0.6938 - Val PR-AUC: 0.4664
[Fine-tune] Epoch 42/50 - Loss: 0.2026 - Val F1: 0.4933 - Val ROC-AUC: 0.7031 - Val PR-AUC: 0.4701
[Fine-tune] Epoch 43/50 - Loss: 0.2022 - Val F1: 0.4768 - Val ROC-AUC: 0.6935 - Val PR-AUC: 0.4611
[Fine-tune] Epoch 44/50 - Loss: 0.1862 - Val F1: 0.4805 - Val ROC-AUC: 0.7011 - Val PR-AUC: 0.4700
[Fine-tune] Epoch 45/50 - Loss: 0.1935 - Val F1: 0.4861 - Val ROC-AUC: 0.6912 - Val PR-AUC: 0.4455
[Fine-tune] Epoch 46/50 - Loss: 0.1934 - Val F1: 0.4898 - Val ROC-AUC: 0.6969 - Val PR-AUC: 0.4539
[Fine-tune] Epoch 47/50 - Loss: 0.1829 - Val F1: 0.4861 - Val ROC-AUC: 0.6985 - Val PR-AUC: 0.4557
[Fine-tune] Epoch 48/50 - Loss: 0.1770 - Val F1: 0.4837 - Val ROC-AUC: 0.6992 - Val PR-AUC: 0.4622
[Fine-tune] Epoch 49/50 - Loss: 0.1905 - Val F1: 0.4966 - Val ROC-AUC: 0.6999 - Val PR-AUC: 0.4680
[Fine-tune] Epoch 50/50 - Loss: 0.1795 - Val F1: 0.4684 - Val ROC-AUC: 0.7006 - Val PR-AUC: 0.4701
Finetuning completed. Test F1: 0.4189, ROC-AUC: 0.7129, PR-AUC: 0.4166
[3.1/4] Target-only training on ATG_ERa_TRANS using GIN_GAT...
  * Target-only 모델 이미 존재: model_save/targetonly/gin_gat/TargetOnly_ATG_ERa_TRANS_gin_gat.pth
  * Target-only 생략, 저장된 모델로 평가만 진행
=== Target-only TEST performance ===
Test F1: 0.5153, ROC-AUC: 0.7288, PR-AUC: 0.4992
✅ 실험 완료: TOX21_ERa_LUC_VM7_Agonist_10nM_ICI182780_viability -> ATG_ERa_TRANS [GIN_GAT]
