[1/4] Excel → CSV 변환 중...
Saved pretrain CSV for TOX21_ERa_LUC_VM7_Agonist: data/sample/TOX21_ERa_LUC_VM7_Agonist.csv
Saved pretrain CSV for TOX21_ERb_BLA_Agonist_viability: data/sample/TOX21_ERb_BLA_Agonist_viability.csv
Saved pretrain CSV for TOX21_ERa_LUC_VM7_Agonist_10nM_ICI182780_viability: data/sample/TOX21_ERa_LUC_VM7_Agonist_10nM_ICI182780_viability.csv
Saved pretrain CSV for TOX21_ERR_LUC_viability: data/sample/TOX21_ERR_LUC_viability.csv
Saved finetune CSV for ATG_ERE_CIS: data/sample/ATG_ERE_CIS.csv
Saved finetune CSV for ATG_ERa_TRANS: data/sample/ATG_ERa_TRANS.csv
Saved finetune CSV for ACEA_ER_80hr: data/sample/ACEA_ER_80hr.csv
Saved finetune CSV for OT_ER_ERaERa_1440: data/sample/OT_ER_ERaERa_1440.csv
Saved finetune CSV for OT_ER_ERaERb_1440: data/sample/OT_ER_ERaERb_1440.csv
Saved finetune CSV for OT_ER_ERbERb_1440: data/sample/OT_ER_ERbERb_1440.csv
Saved finetune CSV for NVS_NR_hER: data/sample/NVS_NR_hER.csv
[2/4] Pretraining on TOX21_ERa_LUC_VM7_Agonist using GCN...
  * Pretrained model already exists at model_save/pretrained/gcn/Pretrained_TOX21_ERa_LUC_VM7_Agonist_gcn.pth, loading...
[3/4] Finetuning on OT_ER_ERaERa_1440 using GCN...
[Fine-tune] Epoch 1/50 - Loss: 0.5711 - Val F1: 0.2703 - Val ROC-AUC: 0.6909 - Val PR-AUC: 0.3706
[Fine-tune] Epoch 2/50 - Loss: 0.5052 - Val F1: 0.2564 - Val ROC-AUC: 0.6627 - Val PR-AUC: 0.3510
[Fine-tune] Epoch 3/50 - Loss: 0.4930 - Val F1: 0.2632 - Val ROC-AUC: 0.6905 - Val PR-AUC: 0.3751
[Fine-tune] Epoch 4/50 - Loss: 0.4872 - Val F1: 0.2800 - Val ROC-AUC: 0.6795 - Val PR-AUC: 0.3161
[Fine-tune] Epoch 5/50 - Loss: 0.4790 - Val F1: 0.2667 - Val ROC-AUC: 0.6307 - Val PR-AUC: 0.3193
[Fine-tune] Epoch 6/50 - Loss: 0.4519 - Val F1: 0.2909 - Val ROC-AUC: 0.6395 - Val PR-AUC: 0.2360
[Fine-tune] Epoch 7/50 - Loss: 0.4335 - Val F1: 0.3934 - Val ROC-AUC: 0.7195 - Val PR-AUC: 0.3790
[Fine-tune] Epoch 8/50 - Loss: 0.4258 - Val F1: 0.2651 - Val ROC-AUC: 0.6681 - Val PR-AUC: 0.3487
[Fine-tune] Epoch 9/50 - Loss: 0.4540 - Val F1: 0.2535 - Val ROC-AUC: 0.6505 - Val PR-AUC: 0.3226
[Fine-tune] Epoch 10/50 - Loss: 0.4443 - Val F1: 0.1975 - Val ROC-AUC: 0.6288 - Val PR-AUC: 0.2983
[Fine-tune] Epoch 11/50 - Loss: 0.4228 - Val F1: 0.2609 - Val ROC-AUC: 0.6349 - Val PR-AUC: 0.3087
[Fine-tune] Epoch 12/50 - Loss: 0.4028 - Val F1: 0.2286 - Val ROC-AUC: 0.6326 - Val PR-AUC: 0.3015
[Fine-tune] Epoch 13/50 - Loss: 0.4213 - Val F1: 0.2727 - Val ROC-AUC: 0.6616 - Val PR-AUC: 0.3132
[Fine-tune] Epoch 14/50 - Loss: 0.4234 - Val F1: 0.2687 - Val ROC-AUC: 0.6688 - Val PR-AUC: 0.3010
[Fine-tune] Epoch 15/50 - Loss: 0.4068 - Val F1: 0.2642 - Val ROC-AUC: 0.6303 - Val PR-AUC: 0.3125
[Fine-tune] Epoch 16/50 - Loss: 0.3796 - Val F1: 0.2609 - Val ROC-AUC: 0.6658 - Val PR-AUC: 0.3533
[Fine-tune] Epoch 17/50 - Loss: 0.3942 - Val F1: 0.2647 - Val ROC-AUC: 0.6616 - Val PR-AUC: 0.3022
[Fine-tune] Epoch 18/50 - Loss: 0.3823 - Val F1: 0.2466 - Val ROC-AUC: 0.6566 - Val PR-AUC: 0.3298
[Fine-tune] Epoch 19/50 - Loss: 0.3841 - Val F1: 0.2667 - Val ROC-AUC: 0.6528 - Val PR-AUC: 0.3075
[Fine-tune] Epoch 20/50 - Loss: 0.3853 - Val F1: 0.3000 - Val ROC-AUC: 0.6604 - Val PR-AUC: 0.2673
[Fine-tune] Epoch 21/50 - Loss: 0.3749 - Val F1: 0.2857 - Val ROC-AUC: 0.6601 - Val PR-AUC: 0.3002
[Fine-tune] Epoch 22/50 - Loss: 0.3620 - Val F1: 0.2941 - Val ROC-AUC: 0.6513 - Val PR-AUC: 0.3138
[Fine-tune] Epoch 23/50 - Loss: 0.3886 - Val F1: 0.2540 - Val ROC-AUC: 0.6620 - Val PR-AUC: 0.3274
[Fine-tune] Epoch 24/50 - Loss: 0.3549 - Val F1: 0.3051 - Val ROC-AUC: 0.6635 - Val PR-AUC: 0.3229
[Fine-tune] Epoch 25/50 - Loss: 0.3726 - Val F1: 0.2985 - Val ROC-AUC: 0.6593 - Val PR-AUC: 0.3386
[Fine-tune] Epoch 26/50 - Loss: 0.3695 - Val F1: 0.2667 - Val ROC-AUC: 0.6597 - Val PR-AUC: 0.3547
[Fine-tune] Epoch 27/50 - Loss: 0.4227 - Val F1: 0.2687 - Val ROC-AUC: 0.6623 - Val PR-AUC: 0.3125
[Fine-tune] Epoch 28/50 - Loss: 0.3558 - Val F1: 0.3125 - Val ROC-AUC: 0.6742 - Val PR-AUC: 0.3377
[Fine-tune] Epoch 29/50 - Loss: 0.3690 - Val F1: 0.2857 - Val ROC-AUC: 0.6623 - Val PR-AUC: 0.3219
[Fine-tune] Epoch 30/50 - Loss: 0.3623 - Val F1: 0.3226 - Val ROC-AUC: 0.6627 - Val PR-AUC: 0.3214
[Fine-tune] Epoch 31/50 - Loss: 0.3506 - Val F1: 0.3529 - Val ROC-AUC: 0.6612 - Val PR-AUC: 0.2985
[Fine-tune] Epoch 32/50 - Loss: 0.3371 - Val F1: 0.3051 - Val ROC-AUC: 0.6513 - Val PR-AUC: 0.3186
[Fine-tune] Epoch 33/50 - Loss: 0.3563 - Val F1: 0.3396 - Val ROC-AUC: 0.6502 - Val PR-AUC: 0.3096
[Fine-tune] Epoch 34/50 - Loss: 0.3541 - Val F1: 0.2740 - Val ROC-AUC: 0.6589 - Val PR-AUC: 0.3230
[Fine-tune] Epoch 35/50 - Loss: 0.3456 - Val F1: 0.3175 - Val ROC-AUC: 0.6688 - Val PR-AUC: 0.3079
[Fine-tune] Epoch 36/50 - Loss: 0.3644 - Val F1: 0.2769 - Val ROC-AUC: 0.6593 - Val PR-AUC: 0.3197
[Fine-tune] Epoch 37/50 - Loss: 0.3658 - Val F1: 0.2727 - Val ROC-AUC: 0.6441 - Val PR-AUC: 0.3075
[Fine-tune] Epoch 38/50 - Loss: 0.3612 - Val F1: 0.2609 - Val ROC-AUC: 0.6566 - Val PR-AUC: 0.3238
[Fine-tune] Epoch 39/50 - Loss: 0.3718 - Val F1: 0.2727 - Val ROC-AUC: 0.6380 - Val PR-AUC: 0.3029
[Fine-tune] Epoch 40/50 - Loss: 0.3434 - Val F1: 0.2727 - Val ROC-AUC: 0.6376 - Val PR-AUC: 0.2995
[Fine-tune] Epoch 41/50 - Loss: 0.3416 - Val F1: 0.2687 - Val ROC-AUC: 0.6437 - Val PR-AUC: 0.3045
[Fine-tune] Epoch 42/50 - Loss: 0.3312 - Val F1: 0.2712 - Val ROC-AUC: 0.6452 - Val PR-AUC: 0.2974
[Fine-tune] Epoch 43/50 - Loss: 0.3502 - Val F1: 0.2687 - Val ROC-AUC: 0.6505 - Val PR-AUC: 0.3070
[Fine-tune] Epoch 44/50 - Loss: 0.3416 - Val F1: 0.3051 - Val ROC-AUC: 0.6444 - Val PR-AUC: 0.3017
[Fine-tune] Epoch 45/50 - Loss: 0.3457 - Val F1: 0.2812 - Val ROC-AUC: 0.6406 - Val PR-AUC: 0.3069
[Fine-tune] Epoch 46/50 - Loss: 0.3613 - Val F1: 0.3051 - Val ROC-AUC: 0.6460 - Val PR-AUC: 0.3058
[Fine-tune] Epoch 47/50 - Loss: 0.3447 - Val F1: 0.3000 - Val ROC-AUC: 0.6441 - Val PR-AUC: 0.3029
[Fine-tune] Epoch 48/50 - Loss: 0.3529 - Val F1: 0.2535 - Val ROC-AUC: 0.6441 - Val PR-AUC: 0.3007
[Fine-tune] Epoch 49/50 - Loss: 0.3623 - Val F1: 0.2712 - Val ROC-AUC: 0.6433 - Val PR-AUC: 0.3051
[Fine-tune] Epoch 50/50 - Loss: 0.3441 - Val F1: 0.2769 - Val ROC-AUC: 0.6456 - Val PR-AUC: 0.3031
Finetuning completed. Test F1: 0.2373, ROC-AUC: 0.7697, PR-AUC: 0.2074
[3.1/4] Target-only training on OT_ER_ERaERa_1440 using GCN...
=== Target-only training ===
[Target-only] Epoch 1/50 – Loss: 0.6032  Val F1: 0.1641  ROC-AUC: 0.6475  PR-AUC: 0.2449
[Target-only] Epoch 2/50 – Loss: 0.5563  Val F1: 0.1923  ROC-AUC: 0.6433  PR-AUC: 0.3176
[Target-only] Epoch 3/50 – Loss: 0.5250  Val F1: 0.2041  ROC-AUC: 0.6673  PR-AUC: 0.3164
[Target-only] Epoch 4/50 – Loss: 0.4940  Val F1: 0.3099  ROC-AUC: 0.6810  PR-AUC: 0.3129
[Target-only] Epoch 5/50 – Loss: 0.4932  Val F1: 0.2632  ROC-AUC: 0.6715  PR-AUC: 0.2760
[Target-only] Epoch 6/50 – Loss: 0.4992  Val F1: 0.2564  ROC-AUC: 0.6639  PR-AUC: 0.3313
[Target-only] Epoch 7/50 – Loss: 0.4931  Val F1: 0.3226  ROC-AUC: 0.6662  PR-AUC: 0.3464
[Target-only] Epoch 8/50 – Loss: 0.4959  Val F1: 0.2326  ROC-AUC: 0.6555  PR-AUC: 0.2879
[Target-only] Epoch 9/50 – Loss: 0.4919  Val F1: 0.2933  ROC-AUC: 0.6845  PR-AUC: 0.3462
[Target-only] Epoch 10/50 – Loss: 0.4780  Val F1: 0.2093  ROC-AUC: 0.6471  PR-AUC: 0.3201
[Target-only] Epoch 11/50 – Loss: 0.4796  Val F1: 0.2558  ROC-AUC: 0.6570  PR-AUC: 0.2295
[Target-only] Epoch 12/50 – Loss: 0.4504  Val F1: 0.2619  ROC-AUC: 0.6707  PR-AUC: 0.3525
[Target-only] Epoch 13/50 – Loss: 0.4147  Val F1: 0.2687  ROC-AUC: 0.6658  PR-AUC: 0.2635
[Target-only] Epoch 14/50 – Loss: 0.4496  Val F1: 0.3125  ROC-AUC: 0.6822  PR-AUC: 0.3469
[Target-only] Epoch 15/50 – Loss: 0.4506  Val F1: 0.2466  ROC-AUC: 0.6494  PR-AUC: 0.3275
[Target-only] Epoch 16/50 – Loss: 0.4644  Val F1: 0.2740  ROC-AUC: 0.6547  PR-AUC: 0.3102
[Target-only] Epoch 17/50 – Loss: 0.4610  Val F1: 0.3226  ROC-AUC: 0.6833  PR-AUC: 0.3158
[Target-only] Epoch 18/50 – Loss: 0.4206  Val F1: 0.2759  ROC-AUC: 0.6402  PR-AUC: 0.3051
[Target-only] Epoch 19/50 – Loss: 0.4207  Val F1: 0.2973  ROC-AUC: 0.6780  PR-AUC: 0.3158
[Target-only] Epoch 20/50 – Loss: 0.4599  Val F1: 0.2571  ROC-AUC: 0.6593  PR-AUC: 0.2696
[Target-only] Epoch 21/50 – Loss: 0.4237  Val F1: 0.2667  ROC-AUC: 0.6585  PR-AUC: 0.2862
[Target-only] Epoch 22/50 – Loss: 0.4150  Val F1: 0.3226  ROC-AUC: 0.6734  PR-AUC: 0.3373
[Target-only] Epoch 23/50 – Loss: 0.4299  Val F1: 0.2812  ROC-AUC: 0.6696  PR-AUC: 0.3153
[Target-only] Epoch 24/50 – Loss: 0.4093  Val F1: 0.3103  ROC-AUC: 0.6780  PR-AUC: 0.3263
[Target-only] Epoch 25/50 – Loss: 0.4048  Val F1: 0.2817  ROC-AUC: 0.6791  PR-AUC: 0.3011
[Target-only] Epoch 26/50 – Loss: 0.3990  Val F1: 0.2817  ROC-AUC: 0.6593  PR-AUC: 0.3424
[Target-only] Epoch 27/50 – Loss: 0.3803  Val F1: 0.3051  ROC-AUC: 0.6757  PR-AUC: 0.2473
[Target-only] Epoch 28/50 – Loss: 0.4120  Val F1: 0.2857  ROC-AUC: 0.6677  PR-AUC: 0.3121
[Target-only] Epoch 29/50 – Loss: 0.3910  Val F1: 0.3000  ROC-AUC: 0.6521  PR-AUC: 0.3068
[Target-only] Epoch 30/50 – Loss: 0.3838  Val F1: 0.2857  ROC-AUC: 0.6772  PR-AUC: 0.2609
[Target-only] Epoch 31/50 – Loss: 0.3860  Val F1: 0.2740  ROC-AUC: 0.6593  PR-AUC: 0.3117
[Target-only] Epoch 32/50 – Loss: 0.3815  Val F1: 0.2769  ROC-AUC: 0.6665  PR-AUC: 0.3206
[Target-only] Epoch 33/50 – Loss: 0.3747  Val F1: 0.3014  ROC-AUC: 0.6761  PR-AUC: 0.3029
[Target-only] Epoch 34/50 – Loss: 0.3878  Val F1: 0.3143  ROC-AUC: 0.6749  PR-AUC: 0.3186
[Target-only] Epoch 35/50 – Loss: 0.3878  Val F1: 0.2857  ROC-AUC: 0.6658  PR-AUC: 0.3158
[Target-only] Epoch 36/50 – Loss: 0.3851  Val F1: 0.2941  ROC-AUC: 0.6608  PR-AUC: 0.3181
[Target-only] Epoch 37/50 – Loss: 0.3905  Val F1: 0.2687  ROC-AUC: 0.6570  PR-AUC: 0.3142
[Target-only] Epoch 38/50 – Loss: 0.3753  Val F1: 0.2466  ROC-AUC: 0.6513  PR-AUC: 0.3100
[Target-only] Epoch 39/50 – Loss: 0.3880  Val F1: 0.2727  ROC-AUC: 0.6665  PR-AUC: 0.3142
[Target-only] Epoch 40/50 – Loss: 0.4153  Val F1: 0.3000  ROC-AUC: 0.6597  PR-AUC: 0.3152
[Target-only] Epoch 41/50 – Loss: 0.3883  Val F1: 0.2857  ROC-AUC: 0.6612  PR-AUC: 0.3111
[Target-only] Epoch 42/50 – Loss: 0.3694  Val F1: 0.3188  ROC-AUC: 0.6818  PR-AUC: 0.3006
[Target-only] Epoch 43/50 – Loss: 0.3822  Val F1: 0.2985  ROC-AUC: 0.6677  PR-AUC: 0.3152
[Target-only] Epoch 44/50 – Loss: 0.3879  Val F1: 0.3143  ROC-AUC: 0.6639  PR-AUC: 0.3142
[Target-only] Epoch 45/50 – Loss: 0.3691  Val F1: 0.2769  ROC-AUC: 0.6654  PR-AUC: 0.3155
[Target-only] Epoch 46/50 – Loss: 0.4078  Val F1: 0.2817  ROC-AUC: 0.6528  PR-AUC: 0.2594
[Target-only] Epoch 47/50 – Loss: 0.3701  Val F1: 0.2985  ROC-AUC: 0.6601  PR-AUC: 0.2609
[Target-only] Epoch 48/50 – Loss: 0.3984  Val F1: 0.2812  ROC-AUC: 0.6646  PR-AUC: 0.3102
[Target-only] Epoch 49/50 – Loss: 0.3875  Val F1: 0.2597  ROC-AUC: 0.6536  PR-AUC: 0.3015
[Target-only] Epoch 50/50 – Loss: 0.3768  Val F1: 0.2632  ROC-AUC: 0.6623  PR-AUC: 0.3005
=== Target-only TEST performance ===
Test F1: 0.2712, ROC-AUC: 0.8267, PR-AUC: 0.2588
✅ 실험 완료: TOX21_ERa_LUC_VM7_Agonist -> OT_ER_ERaERa_1440 [GCN]
