[2/4] Pretraining on TOX21_ERR_LUC_viability using GCN_GAT...
  * Pretrained model already exists at model_save/pretrained/gcn_gat/Pretrained_TOX21_ERR_LUC_viability_gcn_gat.pth, loading...
[3/4] Finetuning on NVS_NR_hER using GCN_GAT...
[Fine-tune] Epoch 1/50 - Loss: 0.7348 - Val F1: 0.3380 - Val ROC-AUC: 0.7242 - Val PR-AUC: 0.3864
[Fine-tune] Epoch 2/50 - Loss: 0.5888 - Val F1: 0.3457 - Val ROC-AUC: 0.7341 - Val PR-AUC: 0.4825
[Fine-tune] Epoch 3/50 - Loss: 0.5326 - Val F1: 0.3667 - Val ROC-AUC: 0.7451 - Val PR-AUC: 0.5175
[Fine-tune] Epoch 4/50 - Loss: 0.4823 - Val F1: 0.4706 - Val ROC-AUC: 0.7703 - Val PR-AUC: 0.5896
[Fine-tune] Epoch 5/50 - Loss: 0.4555 - Val F1: 0.5116 - Val ROC-AUC: 0.7785 - Val PR-AUC: 0.6256
[Fine-tune] Epoch 6/50 - Loss: 0.4439 - Val F1: 0.3750 - Val ROC-AUC: 0.7780 - Val PR-AUC: 0.5555
[Fine-tune] Epoch 7/50 - Loss: 0.4555 - Val F1: 0.5366 - Val ROC-AUC: 0.7933 - Val PR-AUC: 0.5498
[Fine-tune] Epoch 8/50 - Loss: 0.4212 - Val F1: 0.4407 - Val ROC-AUC: 0.7758 - Val PR-AUC: 0.6204
[Fine-tune] Epoch 9/50 - Loss: 0.4192 - Val F1: 0.5000 - Val ROC-AUC: 0.7999 - Val PR-AUC: 0.6520
[Fine-tune] Epoch 10/50 - Loss: 0.4706 - Val F1: 0.5500 - Val ROC-AUC: 0.8059 - Val PR-AUC: 0.6481
[Fine-tune] Epoch 11/50 - Loss: 0.3829 - Val F1: 0.4615 - Val ROC-AUC: 0.8010 - Val PR-AUC: 0.6358
[Fine-tune] Epoch 12/50 - Loss: 0.3867 - Val F1: 0.4074 - Val ROC-AUC: 0.7703 - Val PR-AUC: 0.5917
[Fine-tune] Epoch 13/50 - Loss: 0.3640 - Val F1: 0.4400 - Val ROC-AUC: 0.7834 - Val PR-AUC: 0.6129
[Fine-tune] Epoch 14/50 - Loss: 0.3839 - Val F1: 0.4528 - Val ROC-AUC: 0.7681 - Val PR-AUC: 0.5512
[Fine-tune] Epoch 15/50 - Loss: 0.4173 - Val F1: 0.4000 - Val ROC-AUC: 0.7730 - Val PR-AUC: 0.5196
[Fine-tune] Epoch 16/50 - Loss: 0.3459 - Val F1: 0.4231 - Val ROC-AUC: 0.7730 - Val PR-AUC: 0.5107
[Fine-tune] Epoch 17/50 - Loss: 0.3779 - Val F1: 0.4500 - Val ROC-AUC: 0.7747 - Val PR-AUC: 0.5323
[Fine-tune] Epoch 18/50 - Loss: 0.3395 - Val F1: 0.4000 - Val ROC-AUC: 0.7736 - Val PR-AUC: 0.5758
[Fine-tune] Epoch 19/50 - Loss: 0.3609 - Val F1: 0.4314 - Val ROC-AUC: 0.7730 - Val PR-AUC: 0.5907
[Fine-tune] Epoch 20/50 - Loss: 0.3456 - Val F1: 0.4706 - Val ROC-AUC: 0.7834 - Val PR-AUC: 0.6169
[Fine-tune] Epoch 21/50 - Loss: 0.3295 - Val F1: 0.4681 - Val ROC-AUC: 0.7878 - Val PR-AUC: 0.6026
[Fine-tune] Epoch 22/50 - Loss: 0.3334 - Val F1: 0.4444 - Val ROC-AUC: 0.7736 - Val PR-AUC: 0.5849
[Fine-tune] Epoch 23/50 - Loss: 0.3181 - Val F1: 0.4314 - Val ROC-AUC: 0.7796 - Val PR-AUC: 0.5823
[Fine-tune] Epoch 24/50 - Loss: 0.3259 - Val F1: 0.4444 - Val ROC-AUC: 0.7834 - Val PR-AUC: 0.6083
[Fine-tune] Epoch 25/50 - Loss: 0.3281 - Val F1: 0.3704 - Val ROC-AUC: 0.7697 - Val PR-AUC: 0.5573
[Fine-tune] Epoch 26/50 - Loss: 0.3137 - Val F1: 0.4000 - Val ROC-AUC: 0.7560 - Val PR-AUC: 0.5015
[Fine-tune] Epoch 27/50 - Loss: 0.3174 - Val F1: 0.5000 - Val ROC-AUC: 0.7856 - Val PR-AUC: 0.5712
[Fine-tune] Epoch 28/50 - Loss: 0.3094 - Val F1: 0.5000 - Val ROC-AUC: 0.7917 - Val PR-AUC: 0.6129
[Fine-tune] Epoch 29/50 - Loss: 0.3406 - Val F1: 0.4348 - Val ROC-AUC: 0.7643 - Val PR-AUC: 0.5444
[Fine-tune] Epoch 30/50 - Loss: 0.3153 - Val F1: 0.4314 - Val ROC-AUC: 0.7681 - Val PR-AUC: 0.5205
[Fine-tune] Epoch 31/50 - Loss: 0.3380 - Val F1: 0.4000 - Val ROC-AUC: 0.7544 - Val PR-AUC: 0.5212
[Fine-tune] Epoch 32/50 - Loss: 0.2847 - Val F1: 0.4348 - Val ROC-AUC: 0.7730 - Val PR-AUC: 0.5704
[Fine-tune] Epoch 33/50 - Loss: 0.3166 - Val F1: 0.4364 - Val ROC-AUC: 0.7637 - Val PR-AUC: 0.5753
[Fine-tune] Epoch 34/50 - Loss: 0.3038 - Val F1: 0.4400 - Val ROC-AUC: 0.7654 - Val PR-AUC: 0.5836
[Fine-tune] Epoch 35/50 - Loss: 0.3005 - Val F1: 0.4348 - Val ROC-AUC: 0.7752 - Val PR-AUC: 0.5763
[Fine-tune] Epoch 36/50 - Loss: 0.2874 - Val F1: 0.4906 - Val ROC-AUC: 0.7971 - Val PR-AUC: 0.6205
[Fine-tune] Epoch 37/50 - Loss: 0.2888 - Val F1: 0.4231 - Val ROC-AUC: 0.7626 - Val PR-AUC: 0.5385
[Fine-tune] Epoch 38/50 - Loss: 0.2952 - Val F1: 0.4314 - Val ROC-AUC: 0.7692 - Val PR-AUC: 0.5515
[Fine-tune] Epoch 39/50 - Loss: 0.2978 - Val F1: 0.4444 - Val ROC-AUC: 0.7725 - Val PR-AUC: 0.5670
[Fine-tune] Epoch 40/50 - Loss: 0.3156 - Val F1: 0.3860 - Val ROC-AUC: 0.7555 - Val PR-AUC: 0.5016
[Fine-tune] Epoch 41/50 - Loss: 0.2704 - Val F1: 0.4255 - Val ROC-AUC: 0.7708 - Val PR-AUC: 0.5609
[Fine-tune] Epoch 42/50 - Loss: 0.2965 - Val F1: 0.4082 - Val ROC-AUC: 0.7632 - Val PR-AUC: 0.5656
[Fine-tune] Epoch 43/50 - Loss: 0.3071 - Val F1: 0.4167 - Val ROC-AUC: 0.7599 - Val PR-AUC: 0.5628
[Fine-tune] Epoch 44/50 - Loss: 0.2896 - Val F1: 0.4400 - Val ROC-AUC: 0.7599 - Val PR-AUC: 0.5479
[Fine-tune] Epoch 45/50 - Loss: 0.3035 - Val F1: 0.4255 - Val ROC-AUC: 0.7692 - Val PR-AUC: 0.5419
[Fine-tune] Epoch 46/50 - Loss: 0.2916 - Val F1: 0.4167 - Val ROC-AUC: 0.7807 - Val PR-AUC: 0.5654
[Fine-tune] Epoch 47/50 - Loss: 0.2812 - Val F1: 0.4082 - Val ROC-AUC: 0.7730 - Val PR-AUC: 0.5183
[Fine-tune] Epoch 48/50 - Loss: 0.3005 - Val F1: 0.4348 - Val ROC-AUC: 0.7791 - Val PR-AUC: 0.5252
[Fine-tune] Epoch 49/50 - Loss: 0.2824 - Val F1: 0.4255 - Val ROC-AUC: 0.7654 - Val PR-AUC: 0.5141
[Fine-tune] Epoch 50/50 - Loss: 0.2842 - Val F1: 0.4444 - Val ROC-AUC: 0.7599 - Val PR-AUC: 0.5254
Finetuning completed. Test F1: 0.5128, ROC-AUC: 0.6864, PR-AUC: 0.3991
[3.1/4] Target-only training on NVS_NR_hER using GCN_GAT...
  * Target-only 모델 이미 존재: model_save/targetonly/gcn_gat/TargetOnly_NVS_NR_hER_gcn_gat.pth
  * Target-only 생략, 저장된 모델로 평가만 진행
=== Target-only TEST performance ===
Test F1: 0.4878, ROC-AUC: 0.7374, PR-AUC: 0.4462
✅ 실험 완료: TOX21_ERR_LUC_viability -> NVS_NR_hER [GCN_GAT]
