[2/4] Pretraining on TOX21_ERR_LUC_viability using GCN...
  * Pretrained model already exists at model_save/pretrained/gcn/Pretrained_TOX21_ERR_LUC_viability_gcn.pth, loading...
[3/4] Finetuning on ATG_ERa_TRANS using GCN...
[Fine-tune] Epoch 1/50 - Loss: 0.6337 - Val F1: 0.4601 - Val ROC-AUC: 0.7434 - Val PR-AUC: 0.4328
[Fine-tune] Epoch 2/50 - Loss: 0.5749 - Val F1: 0.4578 - Val ROC-AUC: 0.7220 - Val PR-AUC: 0.4098
[Fine-tune] Epoch 3/50 - Loss: 0.5640 - Val F1: 0.4646 - Val ROC-AUC: 0.7283 - Val PR-AUC: 0.4131
[Fine-tune] Epoch 4/50 - Loss: 0.5350 - Val F1: 0.4238 - Val ROC-AUC: 0.7383 - Val PR-AUC: 0.4098
[Fine-tune] Epoch 5/50 - Loss: 0.5373 - Val F1: 0.4928 - Val ROC-AUC: 0.7592 - Val PR-AUC: 0.4752
[Fine-tune] Epoch 6/50 - Loss: 0.5250 - Val F1: 0.4912 - Val ROC-AUC: 0.7401 - Val PR-AUC: 0.4557
[Fine-tune] Epoch 7/50 - Loss: 0.5357 - Val F1: 0.4386 - Val ROC-AUC: 0.7144 - Val PR-AUC: 0.4017
[Fine-tune] Epoch 8/50 - Loss: 0.5304 - Val F1: 0.4914 - Val ROC-AUC: 0.7287 - Val PR-AUC: 0.4228
[Fine-tune] Epoch 9/50 - Loss: 0.5042 - Val F1: 0.5281 - Val ROC-AUC: 0.7488 - Val PR-AUC: 0.4468
[Fine-tune] Epoch 10/50 - Loss: 0.4965 - Val F1: 0.5085 - Val ROC-AUC: 0.7477 - Val PR-AUC: 0.4626
[Fine-tune] Epoch 11/50 - Loss: 0.5029 - Val F1: 0.5111 - Val ROC-AUC: 0.7386 - Val PR-AUC: 0.4572
[Fine-tune] Epoch 12/50 - Loss: 0.5107 - Val F1: 0.4706 - Val ROC-AUC: 0.7244 - Val PR-AUC: 0.4209
[Fine-tune] Epoch 13/50 - Loss: 0.5094 - Val F1: 0.4817 - Val ROC-AUC: 0.7406 - Val PR-AUC: 0.4753
[Fine-tune] Epoch 14/50 - Loss: 0.4870 - Val F1: 0.4873 - Val ROC-AUC: 0.7418 - Val PR-AUC: 0.4805
[Fine-tune] Epoch 15/50 - Loss: 0.4912 - Val F1: 0.4762 - Val ROC-AUC: 0.7467 - Val PR-AUC: 0.4794
[Fine-tune] Epoch 16/50 - Loss: 0.5020 - Val F1: 0.5104 - Val ROC-AUC: 0.7506 - Val PR-AUC: 0.4803
[Fine-tune] Epoch 17/50 - Loss: 0.4840 - Val F1: 0.4878 - Val ROC-AUC: 0.7219 - Val PR-AUC: 0.4402
[Fine-tune] Epoch 18/50 - Loss: 0.4926 - Val F1: 0.4848 - Val ROC-AUC: 0.7477 - Val PR-AUC: 0.4743
[Fine-tune] Epoch 19/50 - Loss: 0.4928 - Val F1: 0.4848 - Val ROC-AUC: 0.7286 - Val PR-AUC: 0.4512
[Fine-tune] Epoch 20/50 - Loss: 0.4757 - Val F1: 0.4653 - Val ROC-AUC: 0.7321 - Val PR-AUC: 0.4514
[Fine-tune] Epoch 21/50 - Loss: 0.4740 - Val F1: 0.4916 - Val ROC-AUC: 0.7484 - Val PR-AUC: 0.4886
[Fine-tune] Epoch 22/50 - Loss: 0.4966 - Val F1: 0.4824 - Val ROC-AUC: 0.7422 - Val PR-AUC: 0.4748
[Fine-tune] Epoch 23/50 - Loss: 0.4787 - Val F1: 0.4845 - Val ROC-AUC: 0.7379 - Val PR-AUC: 0.4620
[Fine-tune] Epoch 24/50 - Loss: 0.4792 - Val F1: 0.5294 - Val ROC-AUC: 0.7378 - Val PR-AUC: 0.4790
[Fine-tune] Epoch 25/50 - Loss: 0.5042 - Val F1: 0.4824 - Val ROC-AUC: 0.7409 - Val PR-AUC: 0.4736
[Fine-tune] Epoch 26/50 - Loss: 0.4749 - Val F1: 0.4828 - Val ROC-AUC: 0.7475 - Val PR-AUC: 0.4730
[Fine-tune] Epoch 27/50 - Loss: 0.4713 - Val F1: 0.4941 - Val ROC-AUC: 0.7352 - Val PR-AUC: 0.4695
[Fine-tune] Epoch 28/50 - Loss: 0.4873 - Val F1: 0.5275 - Val ROC-AUC: 0.7476 - Val PR-AUC: 0.4847
[Fine-tune] Epoch 29/50 - Loss: 0.4865 - Val F1: 0.4800 - Val ROC-AUC: 0.7396 - Val PR-AUC: 0.4564
[Fine-tune] Epoch 30/50 - Loss: 0.4575 - Val F1: 0.4948 - Val ROC-AUC: 0.7478 - Val PR-AUC: 0.4681
[Fine-tune] Epoch 31/50 - Loss: 0.4707 - Val F1: 0.5104 - Val ROC-AUC: 0.7509 - Val PR-AUC: 0.4709
[Fine-tune] Epoch 32/50 - Loss: 0.4606 - Val F1: 0.5054 - Val ROC-AUC: 0.7496 - Val PR-AUC: 0.4803
[Fine-tune] Epoch 33/50 - Loss: 0.4638 - Val F1: 0.5000 - Val ROC-AUC: 0.7496 - Val PR-AUC: 0.4791
[Fine-tune] Epoch 34/50 - Loss: 0.4641 - Val F1: 0.4950 - Val ROC-AUC: 0.7429 - Val PR-AUC: 0.4654
[Fine-tune] Epoch 35/50 - Loss: 0.4768 - Val F1: 0.4821 - Val ROC-AUC: 0.7418 - Val PR-AUC: 0.4648
[Fine-tune] Epoch 36/50 - Loss: 0.4666 - Val F1: 0.5104 - Val ROC-AUC: 0.7433 - Val PR-AUC: 0.4695
[Fine-tune] Epoch 37/50 - Loss: 0.4656 - Val F1: 0.5137 - Val ROC-AUC: 0.7422 - Val PR-AUC: 0.4662
[Fine-tune] Epoch 38/50 - Loss: 0.4732 - Val F1: 0.4800 - Val ROC-AUC: 0.7430 - Val PR-AUC: 0.4715
[Fine-tune] Epoch 39/50 - Loss: 0.4768 - Val F1: 0.4821 - Val ROC-AUC: 0.7403 - Val PR-AUC: 0.4661
[Fine-tune] Epoch 40/50 - Loss: 0.4586 - Val F1: 0.5053 - Val ROC-AUC: 0.7491 - Val PR-AUC: 0.4943
[Fine-tune] Epoch 41/50 - Loss: 0.4608 - Val F1: 0.4851 - Val ROC-AUC: 0.7484 - Val PR-AUC: 0.4813
[Fine-tune] Epoch 42/50 - Loss: 0.4599 - Val F1: 0.4800 - Val ROC-AUC: 0.7481 - Val PR-AUC: 0.4808
[Fine-tune] Epoch 43/50 - Loss: 0.4681 - Val F1: 0.4821 - Val ROC-AUC: 0.7509 - Val PR-AUC: 0.4877
[Fine-tune] Epoch 44/50 - Loss: 0.4617 - Val F1: 0.4950 - Val ROC-AUC: 0.7477 - Val PR-AUC: 0.4774
[Fine-tune] Epoch 45/50 - Loss: 0.4580 - Val F1: 0.4873 - Val ROC-AUC: 0.7457 - Val PR-AUC: 0.4714
[Fine-tune] Epoch 46/50 - Loss: 0.4887 - Val F1: 0.4870 - Val ROC-AUC: 0.7439 - Val PR-AUC: 0.4763
[Fine-tune] Epoch 47/50 - Loss: 0.4400 - Val F1: 0.4926 - Val ROC-AUC: 0.7498 - Val PR-AUC: 0.4848
[Fine-tune] Epoch 48/50 - Loss: 0.4666 - Val F1: 0.5025 - Val ROC-AUC: 0.7483 - Val PR-AUC: 0.4822
[Fine-tune] Epoch 49/50 - Loss: 0.4839 - Val F1: 0.4718 - Val ROC-AUC: 0.7452 - Val PR-AUC: 0.4745
[Fine-tune] Epoch 50/50 - Loss: 0.4711 - Val F1: 0.4923 - Val ROC-AUC: 0.7425 - Val PR-AUC: 0.4642
Finetuning completed. Test F1: 0.4783, ROC-AUC: 0.7309, PR-AUC: 0.4360
[3.1/4] Target-only training on ATG_ERa_TRANS using GCN...
  * Target-only 모델 이미 존재: model_save/targetonly/gcn/TargetOnly_ATG_ERa_TRANS_gcn.pth
  * Target-only 생략, 저장된 모델로 평가만 진행
=== Target-only TEST performance ===
Test F1: 0.4574, ROC-AUC: 0.7279, PR-AUC: 0.4253
✅ 실험 완료: TOX21_ERR_LUC_viability -> ATG_ERa_TRANS [GCN]
