[1/4] Excel → CSV 변환 중...
Saved pretrain CSV for TOX21_ERa_LUC_VM7_Agonist: data/sample/TOX21_ERa_LUC_VM7_Agonist.csv
Saved pretrain CSV for TOX21_ERb_BLA_Agonist_viability: data/sample/TOX21_ERb_BLA_Agonist_viability.csv
Saved pretrain CSV for TOX21_ERa_LUC_VM7_Agonist_10nM_ICI182780_viability: data/sample/TOX21_ERa_LUC_VM7_Agonist_10nM_ICI182780_viability.csv
Saved pretrain CSV for TOX21_ERR_LUC_viability: data/sample/TOX21_ERR_LUC_viability.csv
Saved finetune CSV for ATG_ERE_CIS: data/sample/ATG_ERE_CIS.csv
Saved finetune CSV for ATG_ERa_TRANS: data/sample/ATG_ERa_TRANS.csv
Saved finetune CSV for ACEA_ER_80hr: data/sample/ACEA_ER_80hr.csv
Saved finetune CSV for OT_ER_ERaERa_1440: data/sample/OT_ER_ERaERa_1440.csv
Saved finetune CSV for OT_ER_ERaERb_1440: data/sample/OT_ER_ERaERb_1440.csv
Saved finetune CSV for OT_ER_ERbERb_1440: data/sample/OT_ER_ERbERb_1440.csv
Saved finetune CSV for NVS_NR_hER: data/sample/NVS_NR_hER.csv
[2/4] Pretraining on TOX21_ERb_BLA_Agonist_viability using GIN...
  * Pretrained model already exists at model_save/pretrained/gin/Pretrained_TOX21_ERb_BLA_Agonist_viability_gin.pth, loading...
[3/4] Finetuning on OT_ER_ERaERb_1440 using GIN...
[Fine-tune] Epoch 1/50 - Loss: 0.6339 - Val F1: 0.3818 - Val ROC-AUC: 0.7347 - Val PR-AUC: 0.3540
[Fine-tune] Epoch 2/50 - Loss: 0.5367 - Val F1: 0.3800 - Val ROC-AUC: 0.7164 - Val PR-AUC: 0.4274
[Fine-tune] Epoch 3/50 - Loss: 0.4614 - Val F1: 0.3902 - Val ROC-AUC: 0.7166 - Val PR-AUC: 0.4430
[Fine-tune] Epoch 4/50 - Loss: 0.4566 - Val F1: 0.4314 - Val ROC-AUC: 0.7035 - Val PR-AUC: 0.4130
[Fine-tune] Epoch 5/50 - Loss: 0.4570 - Val F1: 0.4225 - Val ROC-AUC: 0.6988 - Val PR-AUC: 0.4090
[Fine-tune] Epoch 6/50 - Loss: 0.4477 - Val F1: 0.3810 - Val ROC-AUC: 0.7042 - Val PR-AUC: 0.4651
[Fine-tune] Epoch 7/50 - Loss: 0.4361 - Val F1: 0.3902 - Val ROC-AUC: 0.7225 - Val PR-AUC: 0.4578
[Fine-tune] Epoch 8/50 - Loss: 0.4089 - Val F1: 0.4225 - Val ROC-AUC: 0.7314 - Val PR-AUC: 0.4677
[Fine-tune] Epoch 9/50 - Loss: 0.3925 - Val F1: 0.4396 - Val ROC-AUC: 0.7453 - Val PR-AUC: 0.4832
[Fine-tune] Epoch 10/50 - Loss: 0.4024 - Val F1: 0.4324 - Val ROC-AUC: 0.7284 - Val PR-AUC: 0.4743
[Fine-tune] Epoch 11/50 - Loss: 0.3776 - Val F1: 0.4474 - Val ROC-AUC: 0.7293 - Val PR-AUC: 0.4482
[Fine-tune] Epoch 12/50 - Loss: 0.3513 - Val F1: 0.4839 - Val ROC-AUC: 0.7279 - Val PR-AUC: 0.4557
[Fine-tune] Epoch 13/50 - Loss: 0.3222 - Val F1: 0.4103 - Val ROC-AUC: 0.7392 - Val PR-AUC: 0.4910
[Fine-tune] Epoch 14/50 - Loss: 0.3572 - Val F1: 0.4474 - Val ROC-AUC: 0.7420 - Val PR-AUC: 0.4197
[Fine-tune] Epoch 15/50 - Loss: 0.3344 - Val F1: 0.4198 - Val ROC-AUC: 0.7225 - Val PR-AUC: 0.4427
[Fine-tune] Epoch 16/50 - Loss: 0.3209 - Val F1: 0.4179 - Val ROC-AUC: 0.7061 - Val PR-AUC: 0.4530
[Fine-tune] Epoch 17/50 - Loss: 0.3188 - Val F1: 0.4533 - Val ROC-AUC: 0.7220 - Val PR-AUC: 0.4576
[Fine-tune] Epoch 18/50 - Loss: 0.3078 - Val F1: 0.5152 - Val ROC-AUC: 0.7474 - Val PR-AUC: 0.4803
[Fine-tune] Epoch 19/50 - Loss: 0.2978 - Val F1: 0.4688 - Val ROC-AUC: 0.7256 - Val PR-AUC: 0.5163
[Fine-tune] Epoch 20/50 - Loss: 0.2815 - Val F1: 0.4545 - Val ROC-AUC: 0.7077 - Val PR-AUC: 0.4649
[Fine-tune] Epoch 21/50 - Loss: 0.2707 - Val F1: 0.4308 - Val ROC-AUC: 0.7190 - Val PR-AUC: 0.4551
[Fine-tune] Epoch 22/50 - Loss: 0.2774 - Val F1: 0.4444 - Val ROC-AUC: 0.7190 - Val PR-AUC: 0.4704
[Fine-tune] Epoch 23/50 - Loss: 0.2391 - Val F1: 0.4688 - Val ROC-AUC: 0.7220 - Val PR-AUC: 0.4751
[Fine-tune] Epoch 24/50 - Loss: 0.2481 - Val F1: 0.4776 - Val ROC-AUC: 0.7270 - Val PR-AUC: 0.4726
[Fine-tune] Epoch 25/50 - Loss: 0.2774 - Val F1: 0.3934 - Val ROC-AUC: 0.7030 - Val PR-AUC: 0.4412
[Fine-tune] Epoch 26/50 - Loss: 0.2449 - Val F1: 0.4545 - Val ROC-AUC: 0.7244 - Val PR-AUC: 0.4748
[Fine-tune] Epoch 27/50 - Loss: 0.2449 - Val F1: 0.4571 - Val ROC-AUC: 0.7183 - Val PR-AUC: 0.4575
[Fine-tune] Epoch 28/50 - Loss: 0.2166 - Val F1: 0.4638 - Val ROC-AUC: 0.7223 - Val PR-AUC: 0.4771
[Fine-tune] Epoch 29/50 - Loss: 0.2336 - Val F1: 0.5000 - Val ROC-AUC: 0.7303 - Val PR-AUC: 0.4775
[Fine-tune] Epoch 30/50 - Loss: 0.2423 - Val F1: 0.4412 - Val ROC-AUC: 0.7195 - Val PR-AUC: 0.4502
[Fine-tune] Epoch 31/50 - Loss: 0.2342 - Val F1: 0.4118 - Val ROC-AUC: 0.7176 - Val PR-AUC: 0.4601
[Fine-tune] Epoch 32/50 - Loss: 0.2058 - Val F1: 0.4412 - Val ROC-AUC: 0.7164 - Val PR-AUC: 0.4628
[Fine-tune] Epoch 33/50 - Loss: 0.2348 - Val F1: 0.4242 - Val ROC-AUC: 0.7159 - Val PR-AUC: 0.4503
[Fine-tune] Epoch 34/50 - Loss: 0.2235 - Val F1: 0.4375 - Val ROC-AUC: 0.7211 - Val PR-AUC: 0.4480
[Fine-tune] Epoch 35/50 - Loss: 0.2530 - Val F1: 0.4333 - Val ROC-AUC: 0.7169 - Val PR-AUC: 0.4510
[Fine-tune] Epoch 36/50 - Loss: 0.2166 - Val F1: 0.4000 - Val ROC-AUC: 0.7253 - Val PR-AUC: 0.4628
[Fine-tune] Epoch 37/50 - Loss: 0.2165 - Val F1: 0.4179 - Val ROC-AUC: 0.7178 - Val PR-AUC: 0.4568
[Fine-tune] Epoch 38/50 - Loss: 0.2105 - Val F1: 0.4444 - Val ROC-AUC: 0.7206 - Val PR-AUC: 0.4636
[Fine-tune] Epoch 39/50 - Loss: 0.2228 - Val F1: 0.4242 - Val ROC-AUC: 0.7274 - Val PR-AUC: 0.4701
[Fine-tune] Epoch 40/50 - Loss: 0.2126 - Val F1: 0.4058 - Val ROC-AUC: 0.7239 - Val PR-AUC: 0.4738
[Fine-tune] Epoch 41/50 - Loss: 0.2038 - Val F1: 0.4412 - Val ROC-AUC: 0.7227 - Val PR-AUC: 0.4649
[Fine-tune] Epoch 42/50 - Loss: 0.2342 - Val F1: 0.3750 - Val ROC-AUC: 0.7188 - Val PR-AUC: 0.4611
[Fine-tune] Epoch 43/50 - Loss: 0.2025 - Val F1: 0.4179 - Val ROC-AUC: 0.7256 - Val PR-AUC: 0.4588
[Fine-tune] Epoch 44/50 - Loss: 0.1789 - Val F1: 0.4062 - Val ROC-AUC: 0.7296 - Val PR-AUC: 0.4696
[Fine-tune] Epoch 45/50 - Loss: 0.1935 - Val F1: 0.3939 - Val ROC-AUC: 0.7204 - Val PR-AUC: 0.4563
[Fine-tune] Epoch 46/50 - Loss: 0.1936 - Val F1: 0.4127 - Val ROC-AUC: 0.7225 - Val PR-AUC: 0.4570
[Fine-tune] Epoch 47/50 - Loss: 0.1805 - Val F1: 0.4179 - Val ROC-AUC: 0.7216 - Val PR-AUC: 0.4566
[Fine-tune] Epoch 48/50 - Loss: 0.2103 - Val F1: 0.4615 - Val ROC-AUC: 0.7298 - Val PR-AUC: 0.4466
[Fine-tune] Epoch 49/50 - Loss: 0.1662 - Val F1: 0.4375 - Val ROC-AUC: 0.7260 - Val PR-AUC: 0.4594
[Fine-tune] Epoch 50/50 - Loss: 0.1922 - Val F1: 0.4590 - Val ROC-AUC: 0.7281 - Val PR-AUC: 0.4633
Finetuning completed. Test F1: 0.5000, ROC-AUC: 0.8192, PR-AUC: 0.4470
[3.1/4] Target-only training on OT_ER_ERaERb_1440 using GIN...
  * Target-only 모델 이미 존재: model_save/targetonly/gin/TargetOnly_OT_ER_ERaERb_1440_gin.pth
  * Target-only 생략, 저장된 모델로 평가만 진행
=== Target-only TEST performance ===
Test F1: 0.5079, ROC-AUC: 0.8107, PR-AUC: 0.4387
✅ 실험 완료: TOX21_ERb_BLA_Agonist_viability -> OT_ER_ERaERb_1440 [GIN]
