[1/4] Excel → CSV 변환 중...
Saved pretrain CSV for TOX21_ERa_LUC_VM7_Agonist: data/sample/TOX21_ERa_LUC_VM7_Agonist.csv
Saved pretrain CSV for TOX21_ERb_BLA_Agonist_viability: data/sample/TOX21_ERb_BLA_Agonist_viability.csv
Saved pretrain CSV for TOX21_ERa_LUC_VM7_Agonist_10nM_ICI182780_viability: data/sample/TOX21_ERa_LUC_VM7_Agonist_10nM_ICI182780_viability.csv
Saved pretrain CSV for TOX21_ERR_LUC_viability: data/sample/TOX21_ERR_LUC_viability.csv
Saved finetune CSV for ATG_ERE_CIS: data/sample/ATG_ERE_CIS.csv
Saved finetune CSV for ATG_ERa_TRANS: data/sample/ATG_ERa_TRANS.csv
Saved finetune CSV for ACEA_ER_80hr: data/sample/ACEA_ER_80hr.csv
Saved finetune CSV for OT_ER_ERaERa_1440: data/sample/OT_ER_ERaERa_1440.csv
Saved finetune CSV for OT_ER_ERaERb_1440: data/sample/OT_ER_ERaERb_1440.csv
Saved finetune CSV for OT_ER_ERbERb_1440: data/sample/OT_ER_ERbERb_1440.csv
Saved finetune CSV for NVS_NR_hER: data/sample/NVS_NR_hER.csv
[2/4] Pretraining on TOX21_ERb_BLA_Agonist_viability using GCN...
  * Pretrained model already exists at model_save/pretrained/gcn/Pretrained_TOX21_ERb_BLA_Agonist_viability_gcn.pth, loading...
[3/4] Finetuning on OT_ER_ERbERb_1440 using GCN...
[Fine-tune] Epoch 1/50 - Loss: 0.6397 - Val F1: 0.2810 - Val ROC-AUC: 0.7092 - Val PR-AUC: 0.3357
[Fine-tune] Epoch 2/50 - Loss: 0.5647 - Val F1: 0.3824 - Val ROC-AUC: 0.7065 - Val PR-AUC: 0.3894
[Fine-tune] Epoch 3/50 - Loss: 0.5511 - Val F1: 0.3562 - Val ROC-AUC: 0.7031 - Val PR-AUC: 0.3965
[Fine-tune] Epoch 4/50 - Loss: 0.5162 - Val F1: 0.3143 - Val ROC-AUC: 0.6699 - Val PR-AUC: 0.3734
[Fine-tune] Epoch 5/50 - Loss: 0.5149 - Val F1: 0.3438 - Val ROC-AUC: 0.6799 - Val PR-AUC: 0.4307
[Fine-tune] Epoch 6/50 - Loss: 0.4981 - Val F1: 0.3333 - Val ROC-AUC: 0.6896 - Val PR-AUC: 0.4282
[Fine-tune] Epoch 7/50 - Loss: 0.4971 - Val F1: 0.2857 - Val ROC-AUC: 0.6558 - Val PR-AUC: 0.4105
[Fine-tune] Epoch 8/50 - Loss: 0.5130 - Val F1: 0.2642 - Val ROC-AUC: 0.6741 - Val PR-AUC: 0.4183
[Fine-tune] Epoch 9/50 - Loss: 0.4944 - Val F1: 0.2826 - Val ROC-AUC: 0.6804 - Val PR-AUC: 0.4216
[Fine-tune] Epoch 10/50 - Loss: 0.5164 - Val F1: 0.3125 - Val ROC-AUC: 0.6743 - Val PR-AUC: 0.4308
[Fine-tune] Epoch 11/50 - Loss: 0.4742 - Val F1: 0.3235 - Val ROC-AUC: 0.6705 - Val PR-AUC: 0.4321
[Fine-tune] Epoch 12/50 - Loss: 0.4738 - Val F1: 0.2857 - Val ROC-AUC: 0.6865 - Val PR-AUC: 0.4294
[Fine-tune] Epoch 13/50 - Loss: 0.4823 - Val F1: 0.3385 - Val ROC-AUC: 0.6879 - Val PR-AUC: 0.4143
[Fine-tune] Epoch 14/50 - Loss: 0.4607 - Val F1: 0.2474 - Val ROC-AUC: 0.6641 - Val PR-AUC: 0.4170
[Fine-tune] Epoch 15/50 - Loss: 0.4643 - Val F1: 0.3396 - Val ROC-AUC: 0.6635 - Val PR-AUC: 0.3632
[Fine-tune] Epoch 16/50 - Loss: 0.4487 - Val F1: 0.3607 - Val ROC-AUC: 0.6840 - Val PR-AUC: 0.3787
[Fine-tune] Epoch 17/50 - Loss: 0.4573 - Val F1: 0.3056 - Val ROC-AUC: 0.6765 - Val PR-AUC: 0.4124
[Fine-tune] Epoch 18/50 - Loss: 0.4557 - Val F1: 0.2933 - Val ROC-AUC: 0.6633 - Val PR-AUC: 0.4154
[Fine-tune] Epoch 19/50 - Loss: 0.4585 - Val F1: 0.3023 - Val ROC-AUC: 0.6779 - Val PR-AUC: 0.3746
[Fine-tune] Epoch 20/50 - Loss: 0.4585 - Val F1: 0.3235 - Val ROC-AUC: 0.6923 - Val PR-AUC: 0.4273
[Fine-tune] Epoch 21/50 - Loss: 0.4354 - Val F1: 0.2933 - Val ROC-AUC: 0.6729 - Val PR-AUC: 0.3929
[Fine-tune] Epoch 22/50 - Loss: 0.4395 - Val F1: 0.3421 - Val ROC-AUC: 0.6832 - Val PR-AUC: 0.4194
[Fine-tune] Epoch 23/50 - Loss: 0.4528 - Val F1: 0.2821 - Val ROC-AUC: 0.6785 - Val PR-AUC: 0.4432
[Fine-tune] Epoch 24/50 - Loss: 0.4453 - Val F1: 0.3125 - Val ROC-AUC: 0.6790 - Val PR-AUC: 0.3758
[Fine-tune] Epoch 25/50 - Loss: 0.4281 - Val F1: 0.2857 - Val ROC-AUC: 0.6926 - Val PR-AUC: 0.4382
[Fine-tune] Epoch 26/50 - Loss: 0.4568 - Val F1: 0.2973 - Val ROC-AUC: 0.6893 - Val PR-AUC: 0.4353
[Fine-tune] Epoch 27/50 - Loss: 0.4140 - Val F1: 0.3188 - Val ROC-AUC: 0.6948 - Val PR-AUC: 0.4256
[Fine-tune] Epoch 28/50 - Loss: 0.4191 - Val F1: 0.3235 - Val ROC-AUC: 0.7095 - Val PR-AUC: 0.4572
[Fine-tune] Epoch 29/50 - Loss: 0.4452 - Val F1: 0.3243 - Val ROC-AUC: 0.7120 - Val PR-AUC: 0.4364
[Fine-tune] Epoch 30/50 - Loss: 0.4388 - Val F1: 0.3590 - Val ROC-AUC: 0.7084 - Val PR-AUC: 0.4642
[Fine-tune] Epoch 31/50 - Loss: 0.4208 - Val F1: 0.3333 - Val ROC-AUC: 0.7037 - Val PR-AUC: 0.4746
[Fine-tune] Epoch 32/50 - Loss: 0.4286 - Val F1: 0.3284 - Val ROC-AUC: 0.6959 - Val PR-AUC: 0.4509
[Fine-tune] Epoch 33/50 - Loss: 0.4299 - Val F1: 0.3611 - Val ROC-AUC: 0.6901 - Val PR-AUC: 0.4360
[Fine-tune] Epoch 34/50 - Loss: 0.4438 - Val F1: 0.3467 - Val ROC-AUC: 0.6962 - Val PR-AUC: 0.4422
[Fine-tune] Epoch 35/50 - Loss: 0.4385 - Val F1: 0.3333 - Val ROC-AUC: 0.7089 - Val PR-AUC: 0.4562
[Fine-tune] Epoch 36/50 - Loss: 0.4383 - Val F1: 0.3143 - Val ROC-AUC: 0.7070 - Val PR-AUC: 0.4444
[Fine-tune] Epoch 37/50 - Loss: 0.4260 - Val F1: 0.3099 - Val ROC-AUC: 0.7103 - Val PR-AUC: 0.4460
[Fine-tune] Epoch 38/50 - Loss: 0.4254 - Val F1: 0.3377 - Val ROC-AUC: 0.7053 - Val PR-AUC: 0.4422
[Fine-tune] Epoch 39/50 - Loss: 0.4242 - Val F1: 0.3077 - Val ROC-AUC: 0.7004 - Val PR-AUC: 0.4342
[Fine-tune] Epoch 40/50 - Loss: 0.4231 - Val F1: 0.3030 - Val ROC-AUC: 0.6945 - Val PR-AUC: 0.4247
[Fine-tune] Epoch 41/50 - Loss: 0.4283 - Val F1: 0.3235 - Val ROC-AUC: 0.6984 - Val PR-AUC: 0.4264
[Fine-tune] Epoch 42/50 - Loss: 0.4272 - Val F1: 0.3188 - Val ROC-AUC: 0.7042 - Val PR-AUC: 0.4365
[Fine-tune] Epoch 43/50 - Loss: 0.4273 - Val F1: 0.3235 - Val ROC-AUC: 0.7048 - Val PR-AUC: 0.4425
[Fine-tune] Epoch 44/50 - Loss: 0.4325 - Val F1: 0.3171 - Val ROC-AUC: 0.7037 - Val PR-AUC: 0.4349
[Fine-tune] Epoch 45/50 - Loss: 0.4299 - Val F1: 0.3377 - Val ROC-AUC: 0.7040 - Val PR-AUC: 0.4274
[Fine-tune] Epoch 46/50 - Loss: 0.4113 - Val F1: 0.3143 - Val ROC-AUC: 0.7051 - Val PR-AUC: 0.4352
[Fine-tune] Epoch 47/50 - Loss: 0.4293 - Val F1: 0.3188 - Val ROC-AUC: 0.7001 - Val PR-AUC: 0.4349
[Fine-tune] Epoch 48/50 - Loss: 0.4368 - Val F1: 0.3099 - Val ROC-AUC: 0.7051 - Val PR-AUC: 0.4269
[Fine-tune] Epoch 49/50 - Loss: 0.4265 - Val F1: 0.3333 - Val ROC-AUC: 0.7029 - Val PR-AUC: 0.4352
[Fine-tune] Epoch 50/50 - Loss: 0.4317 - Val F1: 0.3099 - Val ROC-AUC: 0.7048 - Val PR-AUC: 0.4539
Finetuning completed. Test F1: 0.3333, ROC-AUC: 0.6444, PR-AUC: 0.3196
[3.1/4] Target-only training on OT_ER_ERbERb_1440 using GCN...
  * Target-only 모델 이미 존재: model_save/targetonly/gcn/TargetOnly_OT_ER_ERbERb_1440_gcn.pth
  * Target-only 생략, 저장된 모델로 평가만 진행
=== Target-only TEST performance ===
Test F1: 0.3099, ROC-AUC: 0.6876, PR-AUC: 0.3548
✅ 실험 완료: TOX21_ERb_BLA_Agonist_viability -> OT_ER_ERbERb_1440 [GCN]
