[1/4] Excel → CSV 변환 중...
Saved pretrain CSV for TOX21_ERa_LUC_VM7_Agonist: data/sample/TOX21_ERa_LUC_VM7_Agonist.csv
Saved pretrain CSV for TOX21_ERb_BLA_Agonist_viability: data/sample/TOX21_ERb_BLA_Agonist_viability.csv
Saved pretrain CSV for TOX21_ERa_LUC_VM7_Agonist_10nM_ICI182780_viability: data/sample/TOX21_ERa_LUC_VM7_Agonist_10nM_ICI182780_viability.csv
Saved pretrain CSV for TOX21_ERR_LUC_viability: data/sample/TOX21_ERR_LUC_viability.csv
Saved finetune CSV for ATG_ERE_CIS: data/sample/ATG_ERE_CIS.csv
Saved finetune CSV for ATG_ERa_TRANS: data/sample/ATG_ERa_TRANS.csv
Saved finetune CSV for ACEA_ER_80hr: data/sample/ACEA_ER_80hr.csv
Saved finetune CSV for OT_ER_ERaERa_1440: data/sample/OT_ER_ERaERa_1440.csv
Saved finetune CSV for OT_ER_ERaERb_1440: data/sample/OT_ER_ERaERb_1440.csv
Saved finetune CSV for OT_ER_ERbERb_1440: data/sample/OT_ER_ERbERb_1440.csv
Saved finetune CSV for NVS_NR_hER: data/sample/NVS_NR_hER.csv
[2/4] Pretraining on TOX21_ERa_LUC_VM7_Agonist using GIN_GCN...
  * Pretrained model already exists at model_save/pretrained/gin_gcn/Pretrained_TOX21_ERa_LUC_VM7_Agonist_gin_gcn.pth, loading...
[3/4] Finetuning on OT_ER_ERbERb_1440 using GIN_GCN...
  * 파인튜닝된 모델 이미 존재: model_save/gin_gcn/TOX21_ERa_LUC_VM7_Agonist&&OT_ER_ERbERb_1440_gin_gcn.pth
  * Finetune 생략, 저장된 모델로 평가만 진행
=== Fine-tuned TEST performance ===
Test F1: 0.3607, ROC-AUC: 0.7178, PR-AUC: 0.3286
[3.1/4] Target-only training on OT_ER_ERbERb_1440 using GIN_GCN...
=== Target-only training ===
[Target-only] Epoch 1/50 – Loss: 0.6208  Val F1: 0.2708  ROC-AUC: 0.6469  PR-AUC: 0.3226
[Target-only] Epoch 2/50 – Loss: 0.5441  Val F1: 0.2500  ROC-AUC: 0.6328  PR-AUC: 0.3899
[Target-only] Epoch 3/50 – Loss: 0.5541  Val F1: 0.3333  ROC-AUC: 0.6480  PR-AUC: 0.3555
[Target-only] Epoch 4/50 – Loss: 0.5349  Val F1: 0.2195  ROC-AUC: 0.6040  PR-AUC: 0.3207
[Target-only] Epoch 5/50 – Loss: 0.5272  Val F1: 0.2833  ROC-AUC: 0.6976  PR-AUC: 0.3537
[Target-only] Epoch 6/50 – Loss: 0.5459  Val F1: 0.3333  ROC-AUC: 0.6638  PR-AUC: 0.3578
[Target-only] Epoch 7/50 – Loss: 0.4874  Val F1: 0.3250  ROC-AUC: 0.7034  PR-AUC: 0.4117
[Target-only] Epoch 8/50 – Loss: 0.4915  Val F1: 0.3200  ROC-AUC: 0.7200  PR-AUC: 0.4373
[Target-only] Epoch 9/50 – Loss: 0.4800  Val F1: 0.3023  ROC-AUC: 0.7081  PR-AUC: 0.3648
[Target-only] Epoch 10/50 – Loss: 0.4738  Val F1: 0.3509  ROC-AUC: 0.6633  PR-AUC: 0.4259
[Target-only] Epoch 11/50 – Loss: 0.4612  Val F1: 0.3077  ROC-AUC: 0.6660  PR-AUC: 0.4364
[Target-only] Epoch 12/50 – Loss: 0.4192  Val F1: 0.3256  ROC-AUC: 0.6998  PR-AUC: 0.3829
[Target-only] Epoch 13/50 – Loss: 0.4271  Val F1: 0.3467  ROC-AUC: 0.6837  PR-AUC: 0.3978
[Target-only] Epoch 14/50 – Loss: 0.4223  Val F1: 0.3611  ROC-AUC: 0.6824  PR-AUC: 0.3368
[Target-only] Epoch 15/50 – Loss: 0.4055  Val F1: 0.2857  ROC-AUC: 0.6693  PR-AUC: 0.3517
[Target-only] Epoch 16/50 – Loss: 0.3908  Val F1: 0.3333  ROC-AUC: 0.7015  PR-AUC: 0.4199
[Target-only] Epoch 17/50 – Loss: 0.4058  Val F1: 0.3421  ROC-AUC: 0.6945  PR-AUC: 0.5151
[Target-only] Epoch 18/50 – Loss: 0.3803  Val F1: 0.2903  ROC-AUC: 0.6945  PR-AUC: 0.3427
[Target-only] Epoch 19/50 – Loss: 0.3837  Val F1: 0.3596  ROC-AUC: 0.7389  PR-AUC: 0.4167
[Target-only] Epoch 20/50 – Loss: 0.3842  Val F1: 0.3171  ROC-AUC: 0.7037  PR-AUC: 0.3613
[Target-only] Epoch 21/50 – Loss: 0.3439  Val F1: 0.3380  ROC-AUC: 0.6610  PR-AUC: 0.4044
[Target-only] Epoch 22/50 – Loss: 0.3253  Val F1: 0.3548  ROC-AUC: 0.6915  PR-AUC: 0.3912
[Target-only] Epoch 23/50 – Loss: 0.3383  Val F1: 0.3529  ROC-AUC: 0.7059  PR-AUC: 0.4007
[Target-only] Epoch 24/50 – Loss: 0.3195  Val F1: 0.3636  ROC-AUC: 0.7308  PR-AUC: 0.4278
[Target-only] Epoch 25/50 – Loss: 0.3006  Val F1: 0.3548  ROC-AUC: 0.6904  PR-AUC: 0.4111
[Target-only] Epoch 26/50 – Loss: 0.3060  Val F1: 0.3478  ROC-AUC: 0.6993  PR-AUC: 0.3627
[Target-only] Epoch 27/50 – Loss: 0.3204  Val F1: 0.3467  ROC-AUC: 0.6926  PR-AUC: 0.3998
[Target-only] Epoch 28/50 – Loss: 0.2858  Val F1: 0.3929  ROC-AUC: 0.6896  PR-AUC: 0.4234
[Target-only] Epoch 29/50 – Loss: 0.2856  Val F1: 0.3529  ROC-AUC: 0.7134  PR-AUC: 0.3340
[Target-only] Epoch 30/50 – Loss: 0.2663  Val F1: 0.3768  ROC-AUC: 0.7358  PR-AUC: 0.3928
[Target-only] Epoch 31/50 – Loss: 0.2673  Val F1: 0.3590  ROC-AUC: 0.7347  PR-AUC: 0.4489
[Target-only] Epoch 32/50 – Loss: 0.2501  Val F1: 0.3333  ROC-AUC: 0.6993  PR-AUC: 0.4386
[Target-only] Epoch 33/50 – Loss: 0.2423  Val F1: 0.4000  ROC-AUC: 0.6965  PR-AUC: 0.4327
[Target-only] Epoch 34/50 – Loss: 0.2593  Val F1: 0.3478  ROC-AUC: 0.6998  PR-AUC: 0.4268
[Target-only] Epoch 35/50 – Loss: 0.2252  Val F1: 0.4286  ROC-AUC: 0.7026  PR-AUC: 0.3973
[Target-only] Epoch 36/50 – Loss: 0.2268  Val F1: 0.3871  ROC-AUC: 0.6995  PR-AUC: 0.4183
[Target-only] Epoch 37/50 – Loss: 0.2070  Val F1: 0.3934  ROC-AUC: 0.7120  PR-AUC: 0.4247
[Target-only] Epoch 38/50 – Loss: 0.1928  Val F1: 0.3562  ROC-AUC: 0.7137  PR-AUC: 0.4653
[Target-only] Epoch 39/50 – Loss: 0.2225  Val F1: 0.3939  ROC-AUC: 0.7087  PR-AUC: 0.4513
[Target-only] Epoch 40/50 – Loss: 0.2080  Val F1: 0.3810  ROC-AUC: 0.7062  PR-AUC: 0.4046
[Target-only] Epoch 41/50 – Loss: 0.1936  Val F1: 0.3934  ROC-AUC: 0.7073  PR-AUC: 0.4542
[Target-only] Epoch 42/50 – Loss: 0.2016  Val F1: 0.3934  ROC-AUC: 0.6990  PR-AUC: 0.4460
[Target-only] Epoch 43/50 – Loss: 0.1794  Val F1: 0.3871  ROC-AUC: 0.6979  PR-AUC: 0.4377
[Target-only] Epoch 44/50 – Loss: 0.1848  Val F1: 0.4286  ROC-AUC: 0.7089  PR-AUC: 0.4626
[Target-only] Epoch 45/50 – Loss: 0.2018  Val F1: 0.3934  ROC-AUC: 0.7012  PR-AUC: 0.4166
[Target-only] Epoch 46/50 – Loss: 0.2012  Val F1: 0.4068  ROC-AUC: 0.7056  PR-AUC: 0.3941
[Target-only] Epoch 47/50 – Loss: 0.1830  Val F1: 0.4286  ROC-AUC: 0.7123  PR-AUC: 0.4612
[Target-only] Epoch 48/50 – Loss: 0.1873  Val F1: 0.4068  ROC-AUC: 0.7233  PR-AUC: 0.3910
[Target-only] Epoch 49/50 – Loss: 0.1962  Val F1: 0.4286  ROC-AUC: 0.6993  PR-AUC: 0.4251
[Target-only] Epoch 50/50 – Loss: 0.1535  Val F1: 0.3750  ROC-AUC: 0.7026  PR-AUC: 0.4425
=== Target-only TEST performance ===
Test F1: 0.3396, ROC-AUC: 0.7134, PR-AUC: 0.3187
✅ 실험 완료: TOX21_ERa_LUC_VM7_Agonist -> OT_ER_ERbERb_1440 [GIN_GCN]
