[1/4] Excel → CSV 변환 중...
Saved pretrain CSV for TOX21_ERa_LUC_VM7_Agonist: data/sample/TOX21_ERa_LUC_VM7_Agonist.csv
Saved pretrain CSV for TOX21_ERb_BLA_Agonist_viability: data/sample/TOX21_ERb_BLA_Agonist_viability.csv
Saved pretrain CSV for TOX21_ERa_LUC_VM7_Agonist_10nM_ICI182780_viability: data/sample/TOX21_ERa_LUC_VM7_Agonist_10nM_ICI182780_viability.csv
Saved pretrain CSV for TOX21_ERR_LUC_viability: data/sample/TOX21_ERR_LUC_viability.csv
Saved finetune CSV for ATG_ERE_CIS: data/sample/ATG_ERE_CIS.csv
Saved finetune CSV for ATG_ERa_TRANS: data/sample/ATG_ERa_TRANS.csv
Saved finetune CSV for ACEA_ER_80hr: data/sample/ACEA_ER_80hr.csv
Saved finetune CSV for OT_ER_ERaERa_1440: data/sample/OT_ER_ERaERa_1440.csv
Saved finetune CSV for OT_ER_ERaERb_1440: data/sample/OT_ER_ERaERb_1440.csv
Saved finetune CSV for OT_ER_ERbERb_1440: data/sample/OT_ER_ERbERb_1440.csv
Saved finetune CSV for NVS_NR_hER: data/sample/NVS_NR_hER.csv
[2/4] Pretraining on TOX21_ERb_BLA_Agonist_viability using GAT...
  * Pretrained model already exists at model_save/pretrained/gat/Pretrained_TOX21_ERb_BLA_Agonist_viability_gat.pth, loading...
[3/4] Finetuning on ACEA_ER_80hr using GAT...
[Fine-tune] Epoch 1/50 - Loss: 0.6825 - Val F1: 0.2328 - Val ROC-AUC: 0.7213 - Val PR-AUC: 0.2436
[Fine-tune] Epoch 2/50 - Loss: 0.6829 - Val F1: 0.2378 - Val ROC-AUC: 0.7168 - Val PR-AUC: 0.2870
[Fine-tune] Epoch 3/50 - Loss: 0.6615 - Val F1: 0.2442 - Val ROC-AUC: 0.7260 - Val PR-AUC: 0.3059
[Fine-tune] Epoch 4/50 - Loss: 0.6620 - Val F1: 0.2835 - Val ROC-AUC: 0.7148 - Val PR-AUC: 0.2834
[Fine-tune] Epoch 5/50 - Loss: 0.6556 - Val F1: 0.2815 - Val ROC-AUC: 0.7405 - Val PR-AUC: 0.3183
[Fine-tune] Epoch 6/50 - Loss: 0.6486 - Val F1: 0.2300 - Val ROC-AUC: 0.7342 - Val PR-AUC: 0.3380
[Fine-tune] Epoch 7/50 - Loss: 0.6512 - Val F1: 0.2517 - Val ROC-AUC: 0.7343 - Val PR-AUC: 0.3425
[Fine-tune] Epoch 8/50 - Loss: 0.6472 - Val F1: 0.2375 - Val ROC-AUC: 0.7203 - Val PR-AUC: 0.3439
[Fine-tune] Epoch 9/50 - Loss: 0.6514 - Val F1: 0.2353 - Val ROC-AUC: 0.6775 - Val PR-AUC: 0.3116
[Fine-tune] Epoch 10/50 - Loss: 0.6458 - Val F1: 0.2593 - Val ROC-AUC: 0.7461 - Val PR-AUC: 0.3436
[Fine-tune] Epoch 11/50 - Loss: 0.6496 - Val F1: 0.2969 - Val ROC-AUC: 0.7207 - Val PR-AUC: 0.3009
[Fine-tune] Epoch 12/50 - Loss: 0.6395 - Val F1: 0.2879 - Val ROC-AUC: 0.7328 - Val PR-AUC: 0.3202
[Fine-tune] Epoch 13/50 - Loss: 0.6240 - Val F1: 0.2410 - Val ROC-AUC: 0.7163 - Val PR-AUC: 0.3150
[Fine-tune] Epoch 14/50 - Loss: 0.6380 - Val F1: 0.2375 - Val ROC-AUC: 0.7167 - Val PR-AUC: 0.3318
[Fine-tune] Epoch 15/50 - Loss: 0.6362 - Val F1: 0.2464 - Val ROC-AUC: 0.7150 - Val PR-AUC: 0.3165
[Fine-tune] Epoch 16/50 - Loss: 0.6381 - Val F1: 0.2367 - Val ROC-AUC: 0.7080 - Val PR-AUC: 0.3518
[Fine-tune] Epoch 17/50 - Loss: 0.6285 - Val F1: 0.2590 - Val ROC-AUC: 0.7268 - Val PR-AUC: 0.3364
[Fine-tune] Epoch 18/50 - Loss: 0.6316 - Val F1: 0.2576 - Val ROC-AUC: 0.6804 - Val PR-AUC: 0.3182
[Fine-tune] Epoch 19/50 - Loss: 0.6237 - Val F1: 0.2500 - Val ROC-AUC: 0.6763 - Val PR-AUC: 0.3133
[Fine-tune] Epoch 20/50 - Loss: 0.6315 - Val F1: 0.2293 - Val ROC-AUC: 0.6919 - Val PR-AUC: 0.3269
[Fine-tune] Epoch 21/50 - Loss: 0.6226 - Val F1: 0.2375 - Val ROC-AUC: 0.7118 - Val PR-AUC: 0.3212
[Fine-tune] Epoch 22/50 - Loss: 0.6302 - Val F1: 0.2500 - Val ROC-AUC: 0.7022 - Val PR-AUC: 0.3414
[Fine-tune] Epoch 23/50 - Loss: 0.6157 - Val F1: 0.2632 - Val ROC-AUC: 0.7229 - Val PR-AUC: 0.3400
[Fine-tune] Epoch 24/50 - Loss: 0.6297 - Val F1: 0.2416 - Val ROC-AUC: 0.7042 - Val PR-AUC: 0.3350
[Fine-tune] Epoch 25/50 - Loss: 0.6248 - Val F1: 0.2174 - Val ROC-AUC: 0.7263 - Val PR-AUC: 0.3376
[Fine-tune] Epoch 26/50 - Loss: 0.6167 - Val F1: 0.2384 - Val ROC-AUC: 0.7043 - Val PR-AUC: 0.3465
[Fine-tune] Epoch 27/50 - Loss: 0.6248 - Val F1: 0.2338 - Val ROC-AUC: 0.7021 - Val PR-AUC: 0.3409
[Fine-tune] Epoch 28/50 - Loss: 0.6235 - Val F1: 0.2368 - Val ROC-AUC: 0.7205 - Val PR-AUC: 0.3299
[Fine-tune] Epoch 29/50 - Loss: 0.6254 - Val F1: 0.2312 - Val ROC-AUC: 0.7136 - Val PR-AUC: 0.3406
[Fine-tune] Epoch 30/50 - Loss: 0.6293 - Val F1: 0.2405 - Val ROC-AUC: 0.7233 - Val PR-AUC: 0.3517
[Fine-tune] Epoch 31/50 - Loss: 0.6146 - Val F1: 0.2264 - Val ROC-AUC: 0.7065 - Val PR-AUC: 0.3366
[Fine-tune] Epoch 32/50 - Loss: 0.6242 - Val F1: 0.2384 - Val ROC-AUC: 0.7111 - Val PR-AUC: 0.3602
[Fine-tune] Epoch 33/50 - Loss: 0.6128 - Val F1: 0.2278 - Val ROC-AUC: 0.7216 - Val PR-AUC: 0.3611
[Fine-tune] Epoch 34/50 - Loss: 0.6250 - Val F1: 0.2317 - Val ROC-AUC: 0.7276 - Val PR-AUC: 0.3617
[Fine-tune] Epoch 35/50 - Loss: 0.6219 - Val F1: 0.2353 - Val ROC-AUC: 0.7194 - Val PR-AUC: 0.3651
[Fine-tune] Epoch 36/50 - Loss: 0.6210 - Val F1: 0.2346 - Val ROC-AUC: 0.7161 - Val PR-AUC: 0.3712
[Fine-tune] Epoch 37/50 - Loss: 0.6187 - Val F1: 0.2353 - Val ROC-AUC: 0.7018 - Val PR-AUC: 0.3668
[Fine-tune] Epoch 38/50 - Loss: 0.6201 - Val F1: 0.2346 - Val ROC-AUC: 0.7186 - Val PR-AUC: 0.3758
[Fine-tune] Epoch 39/50 - Loss: 0.6198 - Val F1: 0.2303 - Val ROC-AUC: 0.7229 - Val PR-AUC: 0.3672
[Fine-tune] Epoch 40/50 - Loss: 0.6142 - Val F1: 0.2346 - Val ROC-AUC: 0.7183 - Val PR-AUC: 0.3581
[Fine-tune] Epoch 41/50 - Loss: 0.6127 - Val F1: 0.2360 - Val ROC-AUC: 0.7175 - Val PR-AUC: 0.3621
[Fine-tune] Epoch 42/50 - Loss: 0.6150 - Val F1: 0.2500 - Val ROC-AUC: 0.7124 - Val PR-AUC: 0.3605
[Fine-tune] Epoch 43/50 - Loss: 0.6073 - Val F1: 0.2432 - Val ROC-AUC: 0.7090 - Val PR-AUC: 0.3568
[Fine-tune] Epoch 44/50 - Loss: 0.6137 - Val F1: 0.2346 - Val ROC-AUC: 0.7092 - Val PR-AUC: 0.3690
[Fine-tune] Epoch 45/50 - Loss: 0.6005 - Val F1: 0.2346 - Val ROC-AUC: 0.7167 - Val PR-AUC: 0.3603
[Fine-tune] Epoch 46/50 - Loss: 0.6235 - Val F1: 0.2484 - Val ROC-AUC: 0.7114 - Val PR-AUC: 0.3524
[Fine-tune] Epoch 47/50 - Loss: 0.6217 - Val F1: 0.2390 - Val ROC-AUC: 0.7151 - Val PR-AUC: 0.3536
[Fine-tune] Epoch 48/50 - Loss: 0.6155 - Val F1: 0.2452 - Val ROC-AUC: 0.7142 - Val PR-AUC: 0.3535
[Fine-tune] Epoch 49/50 - Loss: 0.6116 - Val F1: 0.2585 - Val ROC-AUC: 0.7126 - Val PR-AUC: 0.3512
[Fine-tune] Epoch 50/50 - Loss: 0.6322 - Val F1: 0.2621 - Val ROC-AUC: 0.7222 - Val PR-AUC: 0.3680
Finetuning completed. Test F1: 0.2545, ROC-AUC: 0.6547, PR-AUC: 0.1945
[3.1/4] Target-only training on ACEA_ER_80hr using GAT...
  * Target-only 모델 이미 존재: model_save/targetonly/gat/TargetOnly_ACEA_ER_80hr_gat.pth
  * Target-only 생략, 저장된 모델로 평가만 진행
=== Target-only TEST performance ===
Test F1: 0.2571, ROC-AUC: 0.6558, PR-AUC: 0.1787
✅ 실험 완료: TOX21_ERb_BLA_Agonist_viability -> ACEA_ER_80hr [GAT]
