[2/4] Pretraining on TOX21_ERb_BLA_Agonist_viability using GIN_GAT...
  * Pretrained model already exists at model_save/pretrained/gin_gat/Pretrained_TOX21_ERb_BLA_Agonist_viability_gin_gat.pth, loading...
[3/4] Finetuning on OT_ER_ERbERb_1440 using GIN_GAT...
[Fine-tune] Epoch 1/50 - Loss: 0.6610 - Val F1: 0.3385 - Val ROC-AUC: 0.6846 - Val PR-AUC: 0.4304
[Fine-tune] Epoch 2/50 - Loss: 0.4913 - Val F1: 0.4364 - Val ROC-AUC: 0.7089 - Val PR-AUC: 0.4712
[Fine-tune] Epoch 3/50 - Loss: 0.4461 - Val F1: 0.4255 - Val ROC-AUC: 0.7206 - Val PR-AUC: 0.4975
[Fine-tune] Epoch 4/50 - Loss: 0.3970 - Val F1: 0.3448 - Val ROC-AUC: 0.7269 - Val PR-AUC: 0.4756
[Fine-tune] Epoch 5/50 - Loss: 0.3893 - Val F1: 0.3117 - Val ROC-AUC: 0.7256 - Val PR-AUC: 0.5243
[Fine-tune] Epoch 6/50 - Loss: 0.3755 - Val F1: 0.3188 - Val ROC-AUC: 0.7281 - Val PR-AUC: 0.4971
[Fine-tune] Epoch 7/50 - Loss: 0.3429 - Val F1: 0.3860 - Val ROC-AUC: 0.7106 - Val PR-AUC: 0.5066
[Fine-tune] Epoch 8/50 - Loss: 0.3287 - Val F1: 0.3896 - Val ROC-AUC: 0.7422 - Val PR-AUC: 0.3997
[Fine-tune] Epoch 9/50 - Loss: 0.3411 - Val F1: 0.4255 - Val ROC-AUC: 0.7217 - Val PR-AUC: 0.4841
[Fine-tune] Epoch 10/50 - Loss: 0.2935 - Val F1: 0.3729 - Val ROC-AUC: 0.7173 - Val PR-AUC: 0.4709
[Fine-tune] Epoch 11/50 - Loss: 0.2721 - Val F1: 0.4231 - Val ROC-AUC: 0.7569 - Val PR-AUC: 0.5413
[Fine-tune] Epoch 12/50 - Loss: 0.2572 - Val F1: 0.4615 - Val ROC-AUC: 0.7710 - Val PR-AUC: 0.4842
[Fine-tune] Epoch 13/50 - Loss: 0.2207 - Val F1: 0.3714 - Val ROC-AUC: 0.7635 - Val PR-AUC: 0.4406
[Fine-tune] Epoch 14/50 - Loss: 0.2203 - Val F1: 0.3636 - Val ROC-AUC: 0.7660 - Val PR-AUC: 0.4514
[Fine-tune] Epoch 15/50 - Loss: 0.2229 - Val F1: 0.4364 - Val ROC-AUC: 0.7516 - Val PR-AUC: 0.4929
[Fine-tune] Epoch 16/50 - Loss: 0.2038 - Val F1: 0.4561 - Val ROC-AUC: 0.7832 - Val PR-AUC: 0.4613
[Fine-tune] Epoch 17/50 - Loss: 0.1952 - Val F1: 0.3929 - Val ROC-AUC: 0.7311 - Val PR-AUC: 0.4256
[Fine-tune] Epoch 18/50 - Loss: 0.2062 - Val F1: 0.4444 - Val ROC-AUC: 0.7652 - Val PR-AUC: 0.4732
[Fine-tune] Epoch 19/50 - Loss: 0.2143 - Val F1: 0.3860 - Val ROC-AUC: 0.7618 - Val PR-AUC: 0.3951
[Fine-tune] Epoch 20/50 - Loss: 0.1990 - Val F1: 0.4706 - Val ROC-AUC: 0.7632 - Val PR-AUC: 0.4778
[Fine-tune] Epoch 21/50 - Loss: 0.1533 - Val F1: 0.4211 - Val ROC-AUC: 0.7718 - Val PR-AUC: 0.5047
[Fine-tune] Epoch 22/50 - Loss: 0.1936 - Val F1: 0.4074 - Val ROC-AUC: 0.7665 - Val PR-AUC: 0.5118
[Fine-tune] Epoch 23/50 - Loss: 0.1524 - Val F1: 0.4151 - Val ROC-AUC: 0.7596 - Val PR-AUC: 0.5039
[Fine-tune] Epoch 24/50 - Loss: 0.1563 - Val F1: 0.4314 - Val ROC-AUC: 0.7641 - Val PR-AUC: 0.5041
[Fine-tune] Epoch 25/50 - Loss: 0.1465 - Val F1: 0.4444 - Val ROC-AUC: 0.7563 - Val PR-AUC: 0.4556
[Fine-tune] Epoch 26/50 - Loss: 0.1556 - Val F1: 0.4211 - Val ROC-AUC: 0.7665 - Val PR-AUC: 0.5148
[Fine-tune] Epoch 27/50 - Loss: 0.1401 - Val F1: 0.4255 - Val ROC-AUC: 0.7627 - Val PR-AUC: 0.4898
[Fine-tune] Epoch 28/50 - Loss: 0.1465 - Val F1: 0.3929 - Val ROC-AUC: 0.7438 - Val PR-AUC: 0.4563
[Fine-tune] Epoch 29/50 - Loss: 0.1336 - Val F1: 0.4400 - Val ROC-AUC: 0.7699 - Val PR-AUC: 0.5059
[Fine-tune] Epoch 30/50 - Loss: 0.1122 - Val F1: 0.4583 - Val ROC-AUC: 0.7566 - Val PR-AUC: 0.4678
[Fine-tune] Epoch 31/50 - Loss: 0.1404 - Val F1: 0.4400 - Val ROC-AUC: 0.7607 - Val PR-AUC: 0.5043
[Fine-tune] Epoch 32/50 - Loss: 0.1086 - Val F1: 0.4211 - Val ROC-AUC: 0.7632 - Val PR-AUC: 0.4949
[Fine-tune] Epoch 33/50 - Loss: 0.1232 - Val F1: 0.4167 - Val ROC-AUC: 0.7663 - Val PR-AUC: 0.4961
[Fine-tune] Epoch 34/50 - Loss: 0.1136 - Val F1: 0.4681 - Val ROC-AUC: 0.7660 - Val PR-AUC: 0.4937
[Fine-tune] Epoch 35/50 - Loss: 0.1169 - Val F1: 0.4545 - Val ROC-AUC: 0.7715 - Val PR-AUC: 0.4946
[Fine-tune] Epoch 36/50 - Loss: 0.1097 - Val F1: 0.4490 - Val ROC-AUC: 0.7688 - Val PR-AUC: 0.5070
[Fine-tune] Epoch 37/50 - Loss: 0.1292 - Val F1: 0.4651 - Val ROC-AUC: 0.7668 - Val PR-AUC: 0.5043
[Fine-tune] Epoch 38/50 - Loss: 0.0976 - Val F1: 0.4681 - Val ROC-AUC: 0.7685 - Val PR-AUC: 0.5051
[Fine-tune] Epoch 39/50 - Loss: 0.1185 - Val F1: 0.4314 - Val ROC-AUC: 0.7688 - Val PR-AUC: 0.4978
[Fine-tune] Epoch 40/50 - Loss: 0.1051 - Val F1: 0.4167 - Val ROC-AUC: 0.7677 - Val PR-AUC: 0.4960
[Fine-tune] Epoch 41/50 - Loss: 0.0976 - Val F1: 0.4167 - Val ROC-AUC: 0.7677 - Val PR-AUC: 0.4979
[Fine-tune] Epoch 42/50 - Loss: 0.0933 - Val F1: 0.4167 - Val ROC-AUC: 0.7624 - Val PR-AUC: 0.4967
[Fine-tune] Epoch 43/50 - Loss: 0.1070 - Val F1: 0.4490 - Val ROC-AUC: 0.7627 - Val PR-AUC: 0.4972
[Fine-tune] Epoch 44/50 - Loss: 0.0897 - Val F1: 0.4490 - Val ROC-AUC: 0.7574 - Val PR-AUC: 0.4974
[Fine-tune] Epoch 45/50 - Loss: 0.0949 - Val F1: 0.4082 - Val ROC-AUC: 0.7660 - Val PR-AUC: 0.4969
[Fine-tune] Epoch 46/50 - Loss: 0.0990 - Val F1: 0.4314 - Val ROC-AUC: 0.7690 - Val PR-AUC: 0.4998
[Fine-tune] Epoch 47/50 - Loss: 0.1140 - Val F1: 0.4545 - Val ROC-AUC: 0.7724 - Val PR-AUC: 0.5020
[Fine-tune] Epoch 48/50 - Loss: 0.1081 - Val F1: 0.4490 - Val ROC-AUC: 0.7574 - Val PR-AUC: 0.4993
[Fine-tune] Epoch 49/50 - Loss: 0.0994 - Val F1: 0.4583 - Val ROC-AUC: 0.7541 - Val PR-AUC: 0.4984
[Fine-tune] Epoch 50/50 - Loss: 0.0868 - Val F1: 0.4400 - Val ROC-AUC: 0.7596 - Val PR-AUC: 0.5010
Finetuning completed. Test F1: 0.3333, ROC-AUC: 0.6646, PR-AUC: 0.3316
[3.1/4] Target-only training on OT_ER_ERbERb_1440 using GIN_GAT...
  * Target-only 모델 이미 존재: model_save/targetonly/gin_gat/TargetOnly_OT_ER_ERbERb_1440_gin_gat.pth
  * Target-only 생략, 저장된 모델로 평가만 진행
=== Target-only TEST performance ===
Test F1: 0.4000, ROC-AUC: 0.6763, PR-AUC: 0.2740
✅ 실험 완료: TOX21_ERb_BLA_Agonist_viability -> OT_ER_ERbERb_1440 [GIN_GAT]
