[1/4] Excel → CSV 변환 중...
Saved pretrain CSV for TOX21_ERa_LUC_VM7_Agonist: data/sample/TOX21_ERa_LUC_VM7_Agonist.csv
Saved pretrain CSV for TOX21_ERb_BLA_Agonist_viability: data/sample/TOX21_ERb_BLA_Agonist_viability.csv
Saved pretrain CSV for TOX21_ERa_LUC_VM7_Agonist_10nM_ICI182780_viability: data/sample/TOX21_ERa_LUC_VM7_Agonist_10nM_ICI182780_viability.csv
Saved pretrain CSV for TOX21_ERR_LUC_viability: data/sample/TOX21_ERR_LUC_viability.csv
Saved finetune CSV for ATG_ERE_CIS: data/sample/ATG_ERE_CIS.csv
Saved finetune CSV for ATG_ERa_TRANS: data/sample/ATG_ERa_TRANS.csv
Saved finetune CSV for ACEA_ER_80hr: data/sample/ACEA_ER_80hr.csv
Saved finetune CSV for OT_ER_ERaERa_1440: data/sample/OT_ER_ERaERa_1440.csv
Saved finetune CSV for OT_ER_ERaERb_1440: data/sample/OT_ER_ERaERb_1440.csv
Saved finetune CSV for OT_ER_ERbERb_1440: data/sample/OT_ER_ERbERb_1440.csv
Saved finetune CSV for NVS_NR_hER: data/sample/NVS_NR_hER.csv
[2/4] Pretraining on TOX21_ERa_LUC_VM7_Agonist using GCN_GAT...
  * Pretrained model already exists at model_save/pretrained/gcn_gat/Pretrained_TOX21_ERa_LUC_VM7_Agonist_gcn_gat.pth, loading...
[3/4] Finetuning on OT_ER_ERaERa_1440 using GCN_GAT...
[Fine-tune] Epoch 1/50 - Loss: 0.5518 - Val F1: 0.2716 - Val ROC-AUC: 0.7024 - Val PR-AUC: 0.3370
[Fine-tune] Epoch 2/50 - Loss: 0.4768 - Val F1: 0.2400 - Val ROC-AUC: 0.6669 - Val PR-AUC: 0.2834
[Fine-tune] Epoch 3/50 - Loss: 0.4458 - Val F1: 0.2791 - Val ROC-AUC: 0.6803 - Val PR-AUC: 0.3161
[Fine-tune] Epoch 4/50 - Loss: 0.4458 - Val F1: 0.3137 - Val ROC-AUC: 0.6921 - Val PR-AUC: 0.3777
[Fine-tune] Epoch 5/50 - Loss: 0.4233 - Val F1: 0.2963 - Val ROC-AUC: 0.6505 - Val PR-AUC: 0.2275
[Fine-tune] Epoch 6/50 - Loss: 0.4033 - Val F1: 0.2456 - Val ROC-AUC: 0.6448 - Val PR-AUC: 0.3213
[Fine-tune] Epoch 7/50 - Loss: 0.4031 - Val F1: 0.2857 - Val ROC-AUC: 0.6814 - Val PR-AUC: 0.2807
[Fine-tune] Epoch 8/50 - Loss: 0.4084 - Val F1: 0.3214 - Val ROC-AUC: 0.6799 - Val PR-AUC: 0.3351
[Fine-tune] Epoch 9/50 - Loss: 0.3544 - Val F1: 0.2449 - Val ROC-AUC: 0.6688 - Val PR-AUC: 0.3155
[Fine-tune] Epoch 10/50 - Loss: 0.3830 - Val F1: 0.2857 - Val ROC-AUC: 0.6456 - Val PR-AUC: 0.2135
[Fine-tune] Epoch 11/50 - Loss: 0.3471 - Val F1: 0.2727 - Val ROC-AUC: 0.6406 - Val PR-AUC: 0.3024
[Fine-tune] Epoch 12/50 - Loss: 0.3190 - Val F1: 0.2609 - Val ROC-AUC: 0.6486 - Val PR-AUC: 0.2483
[Fine-tune] Epoch 13/50 - Loss: 0.3420 - Val F1: 0.2500 - Val ROC-AUC: 0.6593 - Val PR-AUC: 0.3388
[Fine-tune] Epoch 14/50 - Loss: 0.3319 - Val F1: 0.2899 - Val ROC-AUC: 0.6444 - Val PR-AUC: 0.3134
[Fine-tune] Epoch 15/50 - Loss: 0.3316 - Val F1: 0.2642 - Val ROC-AUC: 0.6018 - Val PR-AUC: 0.2665
[Fine-tune] Epoch 16/50 - Loss: 0.3157 - Val F1: 0.2903 - Val ROC-AUC: 0.6528 - Val PR-AUC: 0.2538
[Fine-tune] Epoch 17/50 - Loss: 0.3195 - Val F1: 0.3636 - Val ROC-AUC: 0.6745 - Val PR-AUC: 0.3096
[Fine-tune] Epoch 18/50 - Loss: 0.3305 - Val F1: 0.2466 - Val ROC-AUC: 0.6494 - Val PR-AUC: 0.2844
[Fine-tune] Epoch 19/50 - Loss: 0.3284 - Val F1: 0.2258 - Val ROC-AUC: 0.5945 - Val PR-AUC: 0.2075
[Fine-tune] Epoch 20/50 - Loss: 0.3278 - Val F1: 0.2222 - Val ROC-AUC: 0.5995 - Val PR-AUC: 0.2258
[Fine-tune] Epoch 21/50 - Loss: 0.2959 - Val F1: 0.2857 - Val ROC-AUC: 0.6159 - Val PR-AUC: 0.2643
[Fine-tune] Epoch 22/50 - Loss: 0.2895 - Val F1: 0.3103 - Val ROC-AUC: 0.6330 - Val PR-AUC: 0.2287
[Fine-tune] Epoch 23/50 - Loss: 0.2838 - Val F1: 0.2642 - Val ROC-AUC: 0.6303 - Val PR-AUC: 0.2862
[Fine-tune] Epoch 24/50 - Loss: 0.2751 - Val F1: 0.2449 - Val ROC-AUC: 0.5991 - Val PR-AUC: 0.2827
[Fine-tune] Epoch 25/50 - Loss: 0.2746 - Val F1: 0.3478 - Val ROC-AUC: 0.6406 - Val PR-AUC: 0.3001
[Fine-tune] Epoch 26/50 - Loss: 0.3015 - Val F1: 0.2979 - Val ROC-AUC: 0.6433 - Val PR-AUC: 0.2530
[Fine-tune] Epoch 27/50 - Loss: 0.2861 - Val F1: 0.3111 - Val ROC-AUC: 0.6399 - Val PR-AUC: 0.2997
[Fine-tune] Epoch 28/50 - Loss: 0.2925 - Val F1: 0.2128 - Val ROC-AUC: 0.5991 - Val PR-AUC: 0.2850
[Fine-tune] Epoch 29/50 - Loss: 0.2743 - Val F1: 0.2500 - Val ROC-AUC: 0.5907 - Val PR-AUC: 0.2785
[Fine-tune] Epoch 30/50 - Loss: 0.2772 - Val F1: 0.2807 - Val ROC-AUC: 0.6223 - Val PR-AUC: 0.2865
[Fine-tune] Epoch 31/50 - Loss: 0.2704 - Val F1: 0.3137 - Val ROC-AUC: 0.6341 - Val PR-AUC: 0.2708
[Fine-tune] Epoch 32/50 - Loss: 0.2923 - Val F1: 0.2500 - Val ROC-AUC: 0.6231 - Val PR-AUC: 0.2673
[Fine-tune] Epoch 33/50 - Loss: 0.2782 - Val F1: 0.2727 - Val ROC-AUC: 0.6239 - Val PR-AUC: 0.2718
[Fine-tune] Epoch 34/50 - Loss: 0.2594 - Val F1: 0.2414 - Val ROC-AUC: 0.6139 - Val PR-AUC: 0.2800
[Fine-tune] Epoch 35/50 - Loss: 0.2421 - Val F1: 0.2609 - Val ROC-AUC: 0.6208 - Val PR-AUC: 0.2791
[Fine-tune] Epoch 36/50 - Loss: 0.2354 - Val F1: 0.3265 - Val ROC-AUC: 0.6414 - Val PR-AUC: 0.2910
[Fine-tune] Epoch 37/50 - Loss: 0.2635 - Val F1: 0.2222 - Val ROC-AUC: 0.6120 - Val PR-AUC: 0.2797
[Fine-tune] Epoch 38/50 - Loss: 0.2520 - Val F1: 0.2264 - Val ROC-AUC: 0.6101 - Val PR-AUC: 0.2856
[Fine-tune] Epoch 39/50 - Loss: 0.2745 - Val F1: 0.2692 - Val ROC-AUC: 0.6223 - Val PR-AUC: 0.2910
[Fine-tune] Epoch 40/50 - Loss: 0.2622 - Val F1: 0.2963 - Val ROC-AUC: 0.6235 - Val PR-AUC: 0.2834
[Fine-tune] Epoch 41/50 - Loss: 0.2436 - Val F1: 0.2951 - Val ROC-AUC: 0.6212 - Val PR-AUC: 0.2864
[Fine-tune] Epoch 42/50 - Loss: 0.2687 - Val F1: 0.2692 - Val ROC-AUC: 0.6120 - Val PR-AUC: 0.2864
[Fine-tune] Epoch 43/50 - Loss: 0.2629 - Val F1: 0.3019 - Val ROC-AUC: 0.6326 - Val PR-AUC: 0.2948
[Fine-tune] Epoch 44/50 - Loss: 0.2453 - Val F1: 0.3137 - Val ROC-AUC: 0.6261 - Val PR-AUC: 0.2873
[Fine-tune] Epoch 45/50 - Loss: 0.2278 - Val F1: 0.2963 - Val ROC-AUC: 0.6292 - Val PR-AUC: 0.2669
[Fine-tune] Epoch 46/50 - Loss: 0.2465 - Val F1: 0.3137 - Val ROC-AUC: 0.6216 - Val PR-AUC: 0.2619
[Fine-tune] Epoch 47/50 - Loss: 0.2350 - Val F1: 0.2353 - Val ROC-AUC: 0.6185 - Val PR-AUC: 0.2692
[Fine-tune] Epoch 48/50 - Loss: 0.2417 - Val F1: 0.2222 - Val ROC-AUC: 0.6136 - Val PR-AUC: 0.2890
[Fine-tune] Epoch 49/50 - Loss: 0.2804 - Val F1: 0.2449 - Val ROC-AUC: 0.6189 - Val PR-AUC: 0.2703
[Fine-tune] Epoch 50/50 - Loss: 0.2477 - Val F1: 0.2553 - Val ROC-AUC: 0.6132 - Val PR-AUC: 0.2932
Finetuning completed. Test F1: 0.3214, ROC-AUC: 0.7774, PR-AUC: 0.2172
[3.1/4] Target-only training on OT_ER_ERaERa_1440 using GCN_GAT...
=== Target-only training ===
[Target-only] Epoch 1/50 – Loss: 0.6143  Val F1: 0.1733  ROC-AUC: 0.6932  PR-AUC: 0.2901
[Target-only] Epoch 2/50 – Loss: 0.5607  Val F1: 0.2095  ROC-AUC: 0.6753  PR-AUC: 0.3387
[Target-only] Epoch 3/50 – Loss: 0.5239  Val F1: 0.2778  ROC-AUC: 0.6749  PR-AUC: 0.3676
[Target-only] Epoch 4/50 – Loss: 0.4880  Val F1: 0.3182  ROC-AUC: 0.6486  PR-AUC: 0.3261
[Target-only] Epoch 5/50 – Loss: 0.4882  Val F1: 0.3273  ROC-AUC: 0.6665  PR-AUC: 0.3473
[Target-only] Epoch 6/50 – Loss: 0.4671  Val F1: 0.2500  ROC-AUC: 0.6250  PR-AUC: 0.2453
[Target-only] Epoch 7/50 – Loss: 0.4597  Val F1: 0.3380  ROC-AUC: 0.7005  PR-AUC: 0.3346
[Target-only] Epoch 8/50 – Loss: 0.4534  Val F1: 0.2687  ROC-AUC: 0.6730  PR-AUC: 0.3685
[Target-only] Epoch 9/50 – Loss: 0.4603  Val F1: 0.2299  ROC-AUC: 0.6578  PR-AUC: 0.3195
[Target-only] Epoch 10/50 – Loss: 0.4367  Val F1: 0.2545  ROC-AUC: 0.6597  PR-AUC: 0.2520
[Target-only] Epoch 11/50 – Loss: 0.3981  Val F1: 0.3158  ROC-AUC: 0.6883  PR-AUC: 0.2789
[Target-only] Epoch 12/50 – Loss: 0.3962  Val F1: 0.2857  ROC-AUC: 0.6540  PR-AUC: 0.3294
[Target-only] Epoch 13/50 – Loss: 0.4038  Val F1: 0.3529  ROC-AUC: 0.7016  PR-AUC: 0.2912
[Target-only] Epoch 14/50 – Loss: 0.3889  Val F1: 0.2462  ROC-AUC: 0.6551  PR-AUC: 0.3282
[Target-only] Epoch 15/50 – Loss: 0.3929  Val F1: 0.3051  ROC-AUC: 0.6749  PR-AUC: 0.2542
[Target-only] Epoch 16/50 – Loss: 0.3934  Val F1: 0.2619  ROC-AUC: 0.6749  PR-AUC: 0.2731
[Target-only] Epoch 17/50 – Loss: 0.3725  Val F1: 0.2759  ROC-AUC: 0.6399  PR-AUC: 0.2890
[Target-only] Epoch 18/50 – Loss: 0.3789  Val F1: 0.2857  ROC-AUC: 0.6536  PR-AUC: 0.3153
[Target-only] Epoch 19/50 – Loss: 0.3892  Val F1: 0.3333  ROC-AUC: 0.6643  PR-AUC: 0.2708
[Target-only] Epoch 20/50 – Loss: 0.3529  Val F1: 0.2769  ROC-AUC: 0.6330  PR-AUC: 0.2474
[Target-only] Epoch 21/50 – Loss: 0.3498  Val F1: 0.2712  ROC-AUC: 0.6250  PR-AUC: 0.2700
[Target-only] Epoch 22/50 – Loss: 0.3329  Val F1: 0.3125  ROC-AUC: 0.6330  PR-AUC: 0.2922
[Target-only] Epoch 23/50 – Loss: 0.3487  Val F1: 0.2857  ROC-AUC: 0.6425  PR-AUC: 0.2264
[Target-only] Epoch 24/50 – Loss: 0.3317  Val F1: 0.2581  ROC-AUC: 0.6551  PR-AUC: 0.3090
[Target-only] Epoch 25/50 – Loss: 0.3334  Val F1: 0.3273  ROC-AUC: 0.6456  PR-AUC: 0.3034
[Target-only] Epoch 26/50 – Loss: 0.3299  Val F1: 0.2800  ROC-AUC: 0.6254  PR-AUC: 0.2320
[Target-only] Epoch 27/50 – Loss: 0.3049  Val F1: 0.3214  ROC-AUC: 0.6521  PR-AUC: 0.2720
[Target-only] Epoch 28/50 – Loss: 0.3307  Val F1: 0.2857  ROC-AUC: 0.6330  PR-AUC: 0.2326
[Target-only] Epoch 29/50 – Loss: 0.3144  Val F1: 0.2667  ROC-AUC: 0.6303  PR-AUC: 0.2310
[Target-only] Epoch 30/50 – Loss: 0.3173  Val F1: 0.3404  ROC-AUC: 0.6139  PR-AUC: 0.2129
[Target-only] Epoch 31/50 – Loss: 0.3270  Val F1: 0.2540  ROC-AUC: 0.6402  PR-AUC: 0.2518
[Target-only] Epoch 32/50 – Loss: 0.3078  Val F1: 0.2545  ROC-AUC: 0.6090  PR-AUC: 0.2190
[Target-only] Epoch 33/50 – Loss: 0.2814  Val F1: 0.2800  ROC-AUC: 0.6086  PR-AUC: 0.2159
[Target-only] Epoch 34/50 – Loss: 0.3004  Val F1: 0.2692  ROC-AUC: 0.6296  PR-AUC: 0.2686
[Target-only] Epoch 35/50 – Loss: 0.2978  Val F1: 0.2553  ROC-AUC: 0.6258  PR-AUC: 0.2426
[Target-only] Epoch 36/50 – Loss: 0.3201  Val F1: 0.3158  ROC-AUC: 0.6330  PR-AUC: 0.2191
[Target-only] Epoch 37/50 – Loss: 0.3003  Val F1: 0.2642  ROC-AUC: 0.6178  PR-AUC: 0.2367
[Target-only] Epoch 38/50 – Loss: 0.2759  Val F1: 0.2642  ROC-AUC: 0.6307  PR-AUC: 0.2395
[Target-only] Epoch 39/50 – Loss: 0.2868  Val F1: 0.2500  ROC-AUC: 0.6242  PR-AUC: 0.2803
[Target-only] Epoch 40/50 – Loss: 0.2838  Val F1: 0.2414  ROC-AUC: 0.6094  PR-AUC: 0.2233
[Target-only] Epoch 41/50 – Loss: 0.2673  Val F1: 0.2857  ROC-AUC: 0.6284  PR-AUC: 0.2282
[Target-only] Epoch 42/50 – Loss: 0.2721  Val F1: 0.2745  ROC-AUC: 0.6326  PR-AUC: 0.2345
[Target-only] Epoch 43/50 – Loss: 0.2613  Val F1: 0.2727  ROC-AUC: 0.6242  PR-AUC: 0.2339
[Target-only] Epoch 44/50 – Loss: 0.2642  Val F1: 0.2545  ROC-AUC: 0.6098  PR-AUC: 0.2275
[Target-only] Epoch 45/50 – Loss: 0.2967  Val F1: 0.2593  ROC-AUC: 0.6212  PR-AUC: 0.2346
[Target-only] Epoch 46/50 – Loss: 0.2654  Val F1: 0.2800  ROC-AUC: 0.6254  PR-AUC: 0.2624
[Target-only] Epoch 47/50 – Loss: 0.2836  Val F1: 0.2353  ROC-AUC: 0.6159  PR-AUC: 0.2301
[Target-only] Epoch 48/50 – Loss: 0.2603  Val F1: 0.2581  ROC-AUC: 0.6098  PR-AUC: 0.2499
[Target-only] Epoch 49/50 – Loss: 0.2658  Val F1: 0.2642  ROC-AUC: 0.6204  PR-AUC: 0.2257
[Target-only] Epoch 50/50 – Loss: 0.2568  Val F1: 0.3214  ROC-AUC: 0.6402  PR-AUC: 0.2724
=== Target-only TEST performance ===
Test F1: 0.2667, ROC-AUC: 0.7826, PR-AUC: 0.2594
✅ 실험 완료: TOX21_ERa_LUC_VM7_Agonist -> OT_ER_ERaERa_1440 [GCN_GAT]
