[2/4] Pretraining on TOX21_ERa_LUC_VM7_Agonist_10nM_ICI182780_viability using GIN_GAT...
  * Pretrained model already exists at model_save/pretrained/gin_gat/Pretrained_TOX21_ERa_LUC_VM7_Agonist_10nM_ICI182780_viability_gin_gat.pth, loading...
[3/4] Finetuning on NVS_NR_hER using GIN_GAT...
[Fine-tune] Epoch 1/50 - Loss: 1.0170 - Val F1: 0.4000 - Val ROC-AUC: 0.7166 - Val PR-AUC: 0.4642
[Fine-tune] Epoch 2/50 - Loss: 0.4981 - Val F1: 0.4444 - Val ROC-AUC: 0.7747 - Val PR-AUC: 0.6066
[Fine-tune] Epoch 3/50 - Loss: 0.4037 - Val F1: 0.4074 - Val ROC-AUC: 0.7549 - Val PR-AUC: 0.5510
[Fine-tune] Epoch 4/50 - Loss: 0.3925 - Val F1: 0.4583 - Val ROC-AUC: 0.7823 - Val PR-AUC: 0.5894
[Fine-tune] Epoch 5/50 - Loss: 0.3346 - Val F1: 0.4500 - Val ROC-AUC: 0.7429 - Val PR-AUC: 0.5036
[Fine-tune] Epoch 6/50 - Loss: 0.3061 - Val F1: 0.3929 - Val ROC-AUC: 0.7571 - Val PR-AUC: 0.4739
[Fine-tune] Epoch 7/50 - Loss: 0.2991 - Val F1: 0.4444 - Val ROC-AUC: 0.7971 - Val PR-AUC: 0.5177
[Fine-tune] Epoch 8/50 - Loss: 0.2857 - Val F1: 0.5128 - Val ROC-AUC: 0.7812 - Val PR-AUC: 0.5852
[Fine-tune] Epoch 9/50 - Loss: 0.3263 - Val F1: 0.4762 - Val ROC-AUC: 0.7544 - Val PR-AUC: 0.4942
[Fine-tune] Epoch 10/50 - Loss: 0.2817 - Val F1: 0.5263 - Val ROC-AUC: 0.7626 - Val PR-AUC: 0.5679
[Fine-tune] Epoch 11/50 - Loss: 0.2336 - Val F1: 0.4878 - Val ROC-AUC: 0.7319 - Val PR-AUC: 0.4738
[Fine-tune] Epoch 12/50 - Loss: 0.1883 - Val F1: 0.5238 - Val ROC-AUC: 0.7604 - Val PR-AUC: 0.5172
[Fine-tune] Epoch 13/50 - Loss: 0.2162 - Val F1: 0.4889 - Val ROC-AUC: 0.7270 - Val PR-AUC: 0.4869
[Fine-tune] Epoch 14/50 - Loss: 0.2037 - Val F1: 0.4865 - Val ROC-AUC: 0.7429 - Val PR-AUC: 0.4819
[Fine-tune] Epoch 15/50 - Loss: 0.1881 - Val F1: 0.5238 - Val ROC-AUC: 0.7577 - Val PR-AUC: 0.4685
[Fine-tune] Epoch 16/50 - Loss: 0.2130 - Val F1: 0.4500 - Val ROC-AUC: 0.7330 - Val PR-AUC: 0.5067
[Fine-tune] Epoch 17/50 - Loss: 0.1544 - Val F1: 0.4545 - Val ROC-AUC: 0.7440 - Val PR-AUC: 0.4451
[Fine-tune] Epoch 18/50 - Loss: 0.1673 - Val F1: 0.4762 - Val ROC-AUC: 0.7434 - Val PR-AUC: 0.5360
[Fine-tune] Epoch 19/50 - Loss: 0.1781 - Val F1: 0.4762 - Val ROC-AUC: 0.7533 - Val PR-AUC: 0.5102
[Fine-tune] Epoch 20/50 - Loss: 0.1436 - Val F1: 0.4762 - Val ROC-AUC: 0.7336 - Val PR-AUC: 0.5039
[Fine-tune] Epoch 21/50 - Loss: 0.1731 - Val F1: 0.4651 - Val ROC-AUC: 0.7434 - Val PR-AUC: 0.4938
[Fine-tune] Epoch 22/50 - Loss: 0.1558 - Val F1: 0.4651 - Val ROC-AUC: 0.7292 - Val PR-AUC: 0.4863
[Fine-tune] Epoch 23/50 - Loss: 0.1420 - Val F1: 0.4651 - Val ROC-AUC: 0.7336 - Val PR-AUC: 0.4960
[Fine-tune] Epoch 24/50 - Loss: 0.1829 - Val F1: 0.5000 - Val ROC-AUC: 0.7177 - Val PR-AUC: 0.4375
[Fine-tune] Epoch 25/50 - Loss: 0.1320 - Val F1: 0.5000 - Val ROC-AUC: 0.7231 - Val PR-AUC: 0.4698
[Fine-tune] Epoch 26/50 - Loss: 0.1463 - Val F1: 0.5000 - Val ROC-AUC: 0.7166 - Val PR-AUC: 0.4311
[Fine-tune] Epoch 27/50 - Loss: 0.1328 - Val F1: 0.4762 - Val ROC-AUC: 0.7226 - Val PR-AUC: 0.4852
[Fine-tune] Epoch 28/50 - Loss: 0.1298 - Val F1: 0.4762 - Val ROC-AUC: 0.7138 - Val PR-AUC: 0.4211
[Fine-tune] Epoch 29/50 - Loss: 0.1334 - Val F1: 0.4889 - Val ROC-AUC: 0.7188 - Val PR-AUC: 0.4687
[Fine-tune] Epoch 30/50 - Loss: 0.1259 - Val F1: 0.5000 - Val ROC-AUC: 0.7105 - Val PR-AUC: 0.4659
[Fine-tune] Epoch 31/50 - Loss: 0.1166 - Val F1: 0.4878 - Val ROC-AUC: 0.7171 - Val PR-AUC: 0.4786
[Fine-tune] Epoch 32/50 - Loss: 0.1116 - Val F1: 0.4889 - Val ROC-AUC: 0.7116 - Val PR-AUC: 0.4671
[Fine-tune] Epoch 33/50 - Loss: 0.1064 - Val F1: 0.5128 - Val ROC-AUC: 0.7226 - Val PR-AUC: 0.4908
[Fine-tune] Epoch 34/50 - Loss: 0.1229 - Val F1: 0.5000 - Val ROC-AUC: 0.7198 - Val PR-AUC: 0.4935
[Fine-tune] Epoch 35/50 - Loss: 0.1056 - Val F1: 0.4186 - Val ROC-AUC: 0.7094 - Val PR-AUC: 0.4593
[Fine-tune] Epoch 36/50 - Loss: 0.0995 - Val F1: 0.5000 - Val ROC-AUC: 0.7204 - Val PR-AUC: 0.4509
[Fine-tune] Epoch 37/50 - Loss: 0.1005 - Val F1: 0.4762 - Val ROC-AUC: 0.7231 - Val PR-AUC: 0.4748
[Fine-tune] Epoch 38/50 - Loss: 0.1098 - Val F1: 0.4545 - Val ROC-AUC: 0.7166 - Val PR-AUC: 0.4607
[Fine-tune] Epoch 39/50 - Loss: 0.1271 - Val F1: 0.4545 - Val ROC-AUC: 0.7094 - Val PR-AUC: 0.4480
[Fine-tune] Epoch 40/50 - Loss: 0.1250 - Val F1: 0.4762 - Val ROC-AUC: 0.7155 - Val PR-AUC: 0.4180
[Fine-tune] Epoch 41/50 - Loss: 0.1338 - Val F1: 0.4762 - Val ROC-AUC: 0.7242 - Val PR-AUC: 0.4502
[Fine-tune] Epoch 42/50 - Loss: 0.1112 - Val F1: 0.5128 - Val ROC-AUC: 0.7264 - Val PR-AUC: 0.4537
[Fine-tune] Epoch 43/50 - Loss: 0.1134 - Val F1: 0.4651 - Val ROC-AUC: 0.7231 - Val PR-AUC: 0.4478
[Fine-tune] Epoch 44/50 - Loss: 0.0952 - Val F1: 0.5263 - Val ROC-AUC: 0.7292 - Val PR-AUC: 0.4633
[Fine-tune] Epoch 45/50 - Loss: 0.1208 - Val F1: 0.5000 - Val ROC-AUC: 0.7292 - Val PR-AUC: 0.4693
[Fine-tune] Epoch 46/50 - Loss: 0.1015 - Val F1: 0.5128 - Val ROC-AUC: 0.7226 - Val PR-AUC: 0.4821
[Fine-tune] Epoch 47/50 - Loss: 0.0990 - Val F1: 0.4878 - Val ROC-AUC: 0.7281 - Val PR-AUC: 0.4675
[Fine-tune] Epoch 48/50 - Loss: 0.0846 - Val F1: 0.4762 - Val ROC-AUC: 0.7330 - Val PR-AUC: 0.4645
[Fine-tune] Epoch 49/50 - Loss: 0.1057 - Val F1: 0.4878 - Val ROC-AUC: 0.7198 - Val PR-AUC: 0.4601
[Fine-tune] Epoch 50/50 - Loss: 0.1082 - Val F1: 0.5000 - Val ROC-AUC: 0.7155 - Val PR-AUC: 0.4635
Finetuning completed. Test F1: 0.5000, ROC-AUC: 0.7591, PR-AUC: 0.4576
[3.1/4] Target-only training on NVS_NR_hER using GIN_GAT...
  * Target-only 모델 이미 존재: model_save/targetonly/gin_gat/TargetOnly_NVS_NR_hER_gin_gat.pth
  * Target-only 생략, 저장된 모델로 평가만 진행
=== Target-only TEST performance ===
Test F1: 0.5366, ROC-AUC: 0.6978, PR-AUC: 0.4489
✅ 실험 완료: TOX21_ERa_LUC_VM7_Agonist_10nM_ICI182780_viability -> NVS_NR_hER [GIN_GAT]
