[2/4] Pretraining on TOX21_ERR_LUC_viability using GIN_GAT...
  * Pretrained model already exists at model_save/pretrained/gin_gat/Pretrained_TOX21_ERR_LUC_viability_gin_gat.pth, loading...
[3/4] Finetuning on OT_ER_ERaERa_1440 using GIN_GAT...
[Fine-tune] Epoch 1/50 - Loss: 0.6177 - Val F1: 0.2188 - Val ROC-AUC: 0.6521 - Val PR-AUC: 0.3180
[Fine-tune] Epoch 2/50 - Loss: 0.3857 - Val F1: 0.3000 - Val ROC-AUC: 0.6315 - Val PR-AUC: 0.2292
[Fine-tune] Epoch 3/50 - Loss: 0.3060 - Val F1: 0.2917 - Val ROC-AUC: 0.6033 - Val PR-AUC: 0.2124
[Fine-tune] Epoch 4/50 - Loss: 0.3330 - Val F1: 0.2000 - Val ROC-AUC: 0.5987 - Val PR-AUC: 0.1944
[Fine-tune] Epoch 5/50 - Loss: 0.3057 - Val F1: 0.2182 - Val ROC-AUC: 0.6082 - Val PR-AUC: 0.1956
[Fine-tune] Epoch 6/50 - Loss: 0.2837 - Val F1: 0.1923 - Val ROC-AUC: 0.5774 - Val PR-AUC: 0.1884
[Fine-tune] Epoch 7/50 - Loss: 0.2762 - Val F1: 0.1860 - Val ROC-AUC: 0.6044 - Val PR-AUC: 0.1657
[Fine-tune] Epoch 8/50 - Loss: 0.2582 - Val F1: 0.2128 - Val ROC-AUC: 0.5675 - Val PR-AUC: 0.1807
[Fine-tune] Epoch 9/50 - Loss: 0.2081 - Val F1: 0.2564 - Val ROC-AUC: 0.5911 - Val PR-AUC: 0.2042
[Fine-tune] Epoch 10/50 - Loss: 0.2217 - Val F1: 0.3111 - Val ROC-AUC: 0.6311 - Val PR-AUC: 0.1949
[Fine-tune] Epoch 11/50 - Loss: 0.2275 - Val F1: 0.2222 - Val ROC-AUC: 0.6056 - Val PR-AUC: 0.2482
[Fine-tune] Epoch 12/50 - Loss: 0.1874 - Val F1: 0.2439 - Val ROC-AUC: 0.5705 - Val PR-AUC: 0.1916
[Fine-tune] Epoch 13/50 - Loss: 0.1970 - Val F1: 0.2051 - Val ROC-AUC: 0.5709 - Val PR-AUC: 0.1802
[Fine-tune] Epoch 14/50 - Loss: 0.1786 - Val F1: 0.2051 - Val ROC-AUC: 0.5835 - Val PR-AUC: 0.2196
[Fine-tune] Epoch 15/50 - Loss: 0.1626 - Val F1: 0.2500 - Val ROC-AUC: 0.5873 - Val PR-AUC: 0.2200
[Fine-tune] Epoch 16/50 - Loss: 0.1428 - Val F1: 0.2105 - Val ROC-AUC: 0.6139 - Val PR-AUC: 0.2153
[Fine-tune] Epoch 17/50 - Loss: 0.1347 - Val F1: 0.2439 - Val ROC-AUC: 0.5800 - Val PR-AUC: 0.1882
[Fine-tune] Epoch 18/50 - Loss: 0.1319 - Val F1: 0.2128 - Val ROC-AUC: 0.6231 - Val PR-AUC: 0.2280
[Fine-tune] Epoch 19/50 - Loss: 0.1185 - Val F1: 0.2439 - Val ROC-AUC: 0.6258 - Val PR-AUC: 0.2156
[Fine-tune] Epoch 20/50 - Loss: 0.1413 - Val F1: 0.2500 - Val ROC-AUC: 0.6353 - Val PR-AUC: 0.2423
[Fine-tune] Epoch 21/50 - Loss: 0.1072 - Val F1: 0.2439 - Val ROC-AUC: 0.6037 - Val PR-AUC: 0.2193
[Fine-tune] Epoch 22/50 - Loss: 0.0961 - Val F1: 0.2326 - Val ROC-AUC: 0.6002 - Val PR-AUC: 0.2171
[Fine-tune] Epoch 23/50 - Loss: 0.1186 - Val F1: 0.2000 - Val ROC-AUC: 0.5968 - Val PR-AUC: 0.2320
[Fine-tune] Epoch 24/50 - Loss: 0.1172 - Val F1: 0.2500 - Val ROC-AUC: 0.6033 - Val PR-AUC: 0.2132
[Fine-tune] Epoch 25/50 - Loss: 0.0943 - Val F1: 0.2162 - Val ROC-AUC: 0.6052 - Val PR-AUC: 0.1936
[Fine-tune] Epoch 26/50 - Loss: 0.1008 - Val F1: 0.2286 - Val ROC-AUC: 0.6128 - Val PR-AUC: 0.2229
[Fine-tune] Epoch 27/50 - Loss: 0.1065 - Val F1: 0.2105 - Val ROC-AUC: 0.6063 - Val PR-AUC: 0.2344
[Fine-tune] Epoch 28/50 - Loss: 0.1030 - Val F1: 0.2703 - Val ROC-AUC: 0.6056 - Val PR-AUC: 0.2220
[Fine-tune] Epoch 29/50 - Loss: 0.0845 - Val F1: 0.2927 - Val ROC-AUC: 0.5736 - Val PR-AUC: 0.2172
[Fine-tune] Epoch 30/50 - Loss: 0.0934 - Val F1: 0.2381 - Val ROC-AUC: 0.5655 - Val PR-AUC: 0.2008
[Fine-tune] Epoch 31/50 - Loss: 0.0841 - Val F1: 0.2353 - Val ROC-AUC: 0.5785 - Val PR-AUC: 0.2111
[Fine-tune] Epoch 32/50 - Loss: 0.0769 - Val F1: 0.2051 - Val ROC-AUC: 0.5968 - Val PR-AUC: 0.2193
[Fine-tune] Epoch 33/50 - Loss: 0.0851 - Val F1: 0.2051 - Val ROC-AUC: 0.5827 - Val PR-AUC: 0.2215
[Fine-tune] Epoch 34/50 - Loss: 0.0898 - Val F1: 0.2222 - Val ROC-AUC: 0.5995 - Val PR-AUC: 0.2299
[Fine-tune] Epoch 35/50 - Loss: 0.0623 - Val F1: 0.2500 - Val ROC-AUC: 0.5957 - Val PR-AUC: 0.2188
[Fine-tune] Epoch 36/50 - Loss: 0.0730 - Val F1: 0.2105 - Val ROC-AUC: 0.5804 - Val PR-AUC: 0.2119
[Fine-tune] Epoch 37/50 - Loss: 0.0835 - Val F1: 0.2632 - Val ROC-AUC: 0.6120 - Val PR-AUC: 0.2204
[Fine-tune] Epoch 38/50 - Loss: 0.0674 - Val F1: 0.2222 - Val ROC-AUC: 0.5922 - Val PR-AUC: 0.2171
[Fine-tune] Epoch 39/50 - Loss: 0.0864 - Val F1: 0.2105 - Val ROC-AUC: 0.6029 - Val PR-AUC: 0.2370
[Fine-tune] Epoch 40/50 - Loss: 0.0788 - Val F1: 0.2162 - Val ROC-AUC: 0.6025 - Val PR-AUC: 0.2550
[Fine-tune] Epoch 41/50 - Loss: 0.0744 - Val F1: 0.2162 - Val ROC-AUC: 0.5979 - Val PR-AUC: 0.2293
[Fine-tune] Epoch 42/50 - Loss: 0.0700 - Val F1: 0.2222 - Val ROC-AUC: 0.5983 - Val PR-AUC: 0.2260
[Fine-tune] Epoch 43/50 - Loss: 0.0563 - Val F1: 0.2222 - Val ROC-AUC: 0.6090 - Val PR-AUC: 0.2280
[Fine-tune] Epoch 44/50 - Loss: 0.0653 - Val F1: 0.2000 - Val ROC-AUC: 0.5865 - Val PR-AUC: 0.2132
[Fine-tune] Epoch 45/50 - Loss: 0.0774 - Val F1: 0.2222 - Val ROC-AUC: 0.5987 - Val PR-AUC: 0.2166
[Fine-tune] Epoch 46/50 - Loss: 0.0506 - Val F1: 0.2162 - Val ROC-AUC: 0.6037 - Val PR-AUC: 0.2276
[Fine-tune] Epoch 47/50 - Loss: 0.0505 - Val F1: 0.2162 - Val ROC-AUC: 0.6018 - Val PR-AUC: 0.2260
[Fine-tune] Epoch 48/50 - Loss: 0.0535 - Val F1: 0.2000 - Val ROC-AUC: 0.6002 - Val PR-AUC: 0.2255
[Fine-tune] Epoch 49/50 - Loss: 0.0691 - Val F1: 0.2162 - Val ROC-AUC: 0.5976 - Val PR-AUC: 0.2107
[Fine-tune] Epoch 50/50 - Loss: 0.0730 - Val F1: 0.2353 - Val ROC-AUC: 0.6067 - Val PR-AUC: 0.2322
Finetuning completed. Test F1: 0.3333, ROC-AUC: 0.7745, PR-AUC: 0.2010
[3.1/4] Target-only training on OT_ER_ERaERa_1440 using GIN_GAT...
  * Target-only 모델 이미 존재: model_save/targetonly/gin_gat/TargetOnly_OT_ER_ERaERa_1440_gin_gat.pth
  * Target-only 생략, 저장된 모델로 평가만 진행
=== Target-only TEST performance ===
Test F1: 0.2456, ROC-AUC: 0.8020, PR-AUC: 0.3289
✅ 실험 완료: TOX21_ERR_LUC_viability -> OT_ER_ERaERa_1440 [GIN_GAT]
