[1/4] Excel → CSV 변환 중...
Saved pretrain CSV for TOX21_ERa_LUC_VM7_Agonist: data/sample/TOX21_ERa_LUC_VM7_Agonist.csv
Saved pretrain CSV for TOX21_ERb_BLA_Agonist_viability: data/sample/TOX21_ERb_BLA_Agonist_viability.csv
Saved pretrain CSV for TOX21_ERa_LUC_VM7_Agonist_10nM_ICI182780_viability: data/sample/TOX21_ERa_LUC_VM7_Agonist_10nM_ICI182780_viability.csv
Saved pretrain CSV for TOX21_ERR_LUC_viability: data/sample/TOX21_ERR_LUC_viability.csv
Saved finetune CSV for ATG_ERE_CIS: data/sample/ATG_ERE_CIS.csv
Saved finetune CSV for ATG_ERa_TRANS: data/sample/ATG_ERa_TRANS.csv
Saved finetune CSV for ACEA_ER_80hr: data/sample/ACEA_ER_80hr.csv
Saved finetune CSV for OT_ER_ERaERa_1440: data/sample/OT_ER_ERaERa_1440.csv
Saved finetune CSV for OT_ER_ERaERb_1440: data/sample/OT_ER_ERaERb_1440.csv
Saved finetune CSV for OT_ER_ERbERb_1440: data/sample/OT_ER_ERbERb_1440.csv
Saved finetune CSV for NVS_NR_hER: data/sample/NVS_NR_hER.csv
[2/4] Pretraining on TOX21_ERb_BLA_Agonist_viability using GCN_GAT...
  * Pretrained model already exists at model_save/pretrained/gcn_gat/Pretrained_TOX21_ERb_BLA_Agonist_viability_gcn_gat.pth, loading...
[3/4] Finetuning on ACEA_ER_80hr using GCN_GAT...
[Fine-tune] Epoch 1/50 - Loss: 0.7100 - Val F1: 0.2346 - Val ROC-AUC: 0.6713 - Val PR-AUC: 0.1967
[Fine-tune] Epoch 2/50 - Loss: 0.6135 - Val F1: 0.2519 - Val ROC-AUC: 0.6867 - Val PR-AUC: 0.2521
[Fine-tune] Epoch 3/50 - Loss: 0.5845 - Val F1: 0.2290 - Val ROC-AUC: 0.6607 - Val PR-AUC: 0.2257
[Fine-tune] Epoch 4/50 - Loss: 0.5688 - Val F1: 0.2687 - Val ROC-AUC: 0.6691 - Val PR-AUC: 0.2464
[Fine-tune] Epoch 5/50 - Loss: 0.5836 - Val F1: 0.2880 - Val ROC-AUC: 0.6810 - Val PR-AUC: 0.2722
[Fine-tune] Epoch 6/50 - Loss: 0.5382 - Val F1: 0.2393 - Val ROC-AUC: 0.6473 - Val PR-AUC: 0.2041
[Fine-tune] Epoch 7/50 - Loss: 0.5425 - Val F1: 0.2435 - Val ROC-AUC: 0.6558 - Val PR-AUC: 0.2785
[Fine-tune] Epoch 8/50 - Loss: 0.5282 - Val F1: 0.2521 - Val ROC-AUC: 0.6707 - Val PR-AUC: 0.2379
[Fine-tune] Epoch 9/50 - Loss: 0.5325 - Val F1: 0.2689 - Val ROC-AUC: 0.6722 - Val PR-AUC: 0.2312
[Fine-tune] Epoch 10/50 - Loss: 0.5124 - Val F1: 0.2645 - Val ROC-AUC: 0.6910 - Val PR-AUC: 0.3150
[Fine-tune] Epoch 11/50 - Loss: 0.4863 - Val F1: 0.2429 - Val ROC-AUC: 0.6656 - Val PR-AUC: 0.2412
[Fine-tune] Epoch 12/50 - Loss: 0.4949 - Val F1: 0.2595 - Val ROC-AUC: 0.6751 - Val PR-AUC: 0.2629
[Fine-tune] Epoch 13/50 - Loss: 0.4986 - Val F1: 0.2381 - Val ROC-AUC: 0.6659 - Val PR-AUC: 0.2450
[Fine-tune] Epoch 14/50 - Loss: 0.4890 - Val F1: 0.2957 - Val ROC-AUC: 0.6958 - Val PR-AUC: 0.3094
[Fine-tune] Epoch 15/50 - Loss: 0.4761 - Val F1: 0.2609 - Val ROC-AUC: 0.6389 - Val PR-AUC: 0.2348
[Fine-tune] Epoch 16/50 - Loss: 0.4713 - Val F1: 0.2553 - Val ROC-AUC: 0.6385 - Val PR-AUC: 0.2154
[Fine-tune] Epoch 17/50 - Loss: 0.4771 - Val F1: 0.2656 - Val ROC-AUC: 0.7002 - Val PR-AUC: 0.3209
[Fine-tune] Epoch 18/50 - Loss: 0.4678 - Val F1: 0.2586 - Val ROC-AUC: 0.6696 - Val PR-AUC: 0.3456
[Fine-tune] Epoch 19/50 - Loss: 0.4699 - Val F1: 0.2881 - Val ROC-AUC: 0.6931 - Val PR-AUC: 0.2917
[Fine-tune] Epoch 20/50 - Loss: 0.4639 - Val F1: 0.2595 - Val ROC-AUC: 0.6969 - Val PR-AUC: 0.3768
[Fine-tune] Epoch 21/50 - Loss: 0.4350 - Val F1: 0.2766 - Val ROC-AUC: 0.6905 - Val PR-AUC: 0.3326
[Fine-tune] Epoch 22/50 - Loss: 0.4401 - Val F1: 0.2833 - Val ROC-AUC: 0.6983 - Val PR-AUC: 0.2862
[Fine-tune] Epoch 23/50 - Loss: 0.4361 - Val F1: 0.3284 - Val ROC-AUC: 0.7019 - Val PR-AUC: 0.3589
[Fine-tune] Epoch 24/50 - Loss: 0.4495 - Val F1: 0.2970 - Val ROC-AUC: 0.6954 - Val PR-AUC: 0.3338
[Fine-tune] Epoch 25/50 - Loss: 0.4292 - Val F1: 0.3256 - Val ROC-AUC: 0.7016 - Val PR-AUC: 0.3712
[Fine-tune] Epoch 26/50 - Loss: 0.4136 - Val F1: 0.3061 - Val ROC-AUC: 0.6958 - Val PR-AUC: 0.3157
[Fine-tune] Epoch 27/50 - Loss: 0.4222 - Val F1: 0.3077 - Val ROC-AUC: 0.7036 - Val PR-AUC: 0.3500
[Fine-tune] Epoch 28/50 - Loss: 0.4435 - Val F1: 0.2836 - Val ROC-AUC: 0.7108 - Val PR-AUC: 0.3402
[Fine-tune] Epoch 29/50 - Loss: 0.4177 - Val F1: 0.2887 - Val ROC-AUC: 0.6967 - Val PR-AUC: 0.2787
[Fine-tune] Epoch 30/50 - Loss: 0.4173 - Val F1: 0.2832 - Val ROC-AUC: 0.7177 - Val PR-AUC: 0.3161
[Fine-tune] Epoch 31/50 - Loss: 0.4159 - Val F1: 0.2906 - Val ROC-AUC: 0.7130 - Val PR-AUC: 0.3482
[Fine-tune] Epoch 32/50 - Loss: 0.4248 - Val F1: 0.2830 - Val ROC-AUC: 0.7053 - Val PR-AUC: 0.3678
[Fine-tune] Epoch 33/50 - Loss: 0.4132 - Val F1: 0.2796 - Val ROC-AUC: 0.7073 - Val PR-AUC: 0.3356
[Fine-tune] Epoch 34/50 - Loss: 0.4018 - Val F1: 0.2857 - Val ROC-AUC: 0.7118 - Val PR-AUC: 0.3501
[Fine-tune] Epoch 35/50 - Loss: 0.4131 - Val F1: 0.2991 - Val ROC-AUC: 0.7070 - Val PR-AUC: 0.3535
[Fine-tune] Epoch 36/50 - Loss: 0.4272 - Val F1: 0.3191 - Val ROC-AUC: 0.7114 - Val PR-AUC: 0.3089
[Fine-tune] Epoch 37/50 - Loss: 0.4035 - Val F1: 0.3178 - Val ROC-AUC: 0.7245 - Val PR-AUC: 0.3604
[Fine-tune] Epoch 38/50 - Loss: 0.4102 - Val F1: 0.2885 - Val ROC-AUC: 0.7183 - Val PR-AUC: 0.3557
[Fine-tune] Epoch 39/50 - Loss: 0.4171 - Val F1: 0.3043 - Val ROC-AUC: 0.6952 - Val PR-AUC: 0.3252
[Fine-tune] Epoch 40/50 - Loss: 0.4074 - Val F1: 0.3208 - Val ROC-AUC: 0.7119 - Val PR-AUC: 0.3856
[Fine-tune] Epoch 41/50 - Loss: 0.3965 - Val F1: 0.3542 - Val ROC-AUC: 0.7263 - Val PR-AUC: 0.3991
[Fine-tune] Epoch 42/50 - Loss: 0.3899 - Val F1: 0.3148 - Val ROC-AUC: 0.7164 - Val PR-AUC: 0.3830
[Fine-tune] Epoch 43/50 - Loss: 0.4010 - Val F1: 0.2766 - Val ROC-AUC: 0.7032 - Val PR-AUC: 0.3632
[Fine-tune] Epoch 44/50 - Loss: 0.3919 - Val F1: 0.3077 - Val ROC-AUC: 0.7134 - Val PR-AUC: 0.3619
[Fine-tune] Epoch 45/50 - Loss: 0.3912 - Val F1: 0.2941 - Val ROC-AUC: 0.7068 - Val PR-AUC: 0.3587
[Fine-tune] Epoch 46/50 - Loss: 0.3983 - Val F1: 0.2766 - Val ROC-AUC: 0.7085 - Val PR-AUC: 0.3562
[Fine-tune] Epoch 47/50 - Loss: 0.4037 - Val F1: 0.2574 - Val ROC-AUC: 0.7054 - Val PR-AUC: 0.3469
[Fine-tune] Epoch 48/50 - Loss: 0.3851 - Val F1: 0.2653 - Val ROC-AUC: 0.7021 - Val PR-AUC: 0.3461
[Fine-tune] Epoch 49/50 - Loss: 0.3885 - Val F1: 0.3158 - Val ROC-AUC: 0.7076 - Val PR-AUC: 0.3708
[Fine-tune] Epoch 50/50 - Loss: 0.4062 - Val F1: 0.3111 - Val ROC-AUC: 0.7212 - Val PR-AUC: 0.3832
Finetuning completed. Test F1: 0.2989, ROC-AUC: 0.7011, PR-AUC: 0.2630
[3.1/4] Target-only training on ACEA_ER_80hr using GCN_GAT...
  * Target-only 모델 이미 존재: model_save/targetonly/gcn_gat/TargetOnly_ACEA_ER_80hr_gcn_gat.pth
  * Target-only 생략, 저장된 모델로 평가만 진행
=== Target-only TEST performance ===
Test F1: 0.3146, ROC-AUC: 0.7197, PR-AUC: 0.2705
✅ 실험 완료: TOX21_ERb_BLA_Agonist_viability -> ACEA_ER_80hr [GCN_GAT]
