[1/4] Excel → CSV 변환 중...
Saved pretrain CSV for TOX21_ERa_LUC_VM7_Agonist: data/sample/TOX21_ERa_LUC_VM7_Agonist.csv
Saved pretrain CSV for TOX21_ERb_BLA_Agonist_viability: data/sample/TOX21_ERb_BLA_Agonist_viability.csv
Saved pretrain CSV for TOX21_ERa_LUC_VM7_Agonist_10nM_ICI182780_viability: data/sample/TOX21_ERa_LUC_VM7_Agonist_10nM_ICI182780_viability.csv
Saved pretrain CSV for TOX21_ERR_LUC_viability: data/sample/TOX21_ERR_LUC_viability.csv
Saved finetune CSV for ATG_ERE_CIS: data/sample/ATG_ERE_CIS.csv
Saved finetune CSV for ATG_ERa_TRANS: data/sample/ATG_ERa_TRANS.csv
Saved finetune CSV for ACEA_ER_80hr: data/sample/ACEA_ER_80hr.csv
Saved finetune CSV for OT_ER_ERaERa_1440: data/sample/OT_ER_ERaERa_1440.csv
Saved finetune CSV for OT_ER_ERaERb_1440: data/sample/OT_ER_ERaERb_1440.csv
Saved finetune CSV for OT_ER_ERbERb_1440: data/sample/OT_ER_ERbERb_1440.csv
Saved finetune CSV for NVS_NR_hER: data/sample/NVS_NR_hER.csv
[2/4] Pretraining on TOX21_ERa_LUC_VM7_Agonist using GIN...
  * Pretrained model already exists at model_save/pretrained/gin/Pretrained_TOX21_ERa_LUC_VM7_Agonist_gin.pth, loading...
[3/4] Finetuning on OT_ER_ERbERb_1440 using GIN...
[Fine-tune] Epoch 1/50 - Loss: 0.5829 - Val F1: 0.3056 - Val ROC-AUC: 0.6813 - Val PR-AUC: 0.3748
[Fine-tune] Epoch 2/50 - Loss: 0.4916 - Val F1: 0.4314 - Val ROC-AUC: 0.7051 - Val PR-AUC: 0.4005
[Fine-tune] Epoch 3/50 - Loss: 0.4377 - Val F1: 0.3143 - Val ROC-AUC: 0.7330 - Val PR-AUC: 0.3656
[Fine-tune] Epoch 4/50 - Loss: 0.4259 - Val F1: 0.3030 - Val ROC-AUC: 0.6724 - Val PR-AUC: 0.4083
[Fine-tune] Epoch 5/50 - Loss: 0.3734 - Val F1: 0.3846 - Val ROC-AUC: 0.7209 - Val PR-AUC: 0.4500
[Fine-tune] Epoch 6/50 - Loss: 0.4168 - Val F1: 0.3218 - Val ROC-AUC: 0.7555 - Val PR-AUC: 0.4493
[Fine-tune] Epoch 7/50 - Loss: 0.3773 - Val F1: 0.3611 - Val ROC-AUC: 0.7128 - Val PR-AUC: 0.4344
[Fine-tune] Epoch 8/50 - Loss: 0.3568 - Val F1: 0.3467 - Val ROC-AUC: 0.7314 - Val PR-AUC: 0.4938
[Fine-tune] Epoch 9/50 - Loss: 0.3434 - Val F1: 0.3548 - Val ROC-AUC: 0.7239 - Val PR-AUC: 0.4636
[Fine-tune] Epoch 10/50 - Loss: 0.3273 - Val F1: 0.3636 - Val ROC-AUC: 0.7233 - Val PR-AUC: 0.4394
[Fine-tune] Epoch 11/50 - Loss: 0.3096 - Val F1: 0.4194 - Val ROC-AUC: 0.7353 - Val PR-AUC: 0.4806
[Fine-tune] Epoch 12/50 - Loss: 0.2849 - Val F1: 0.4138 - Val ROC-AUC: 0.7137 - Val PR-AUC: 0.4672
[Fine-tune] Epoch 13/50 - Loss: 0.2757 - Val F1: 0.4828 - Val ROC-AUC: 0.7538 - Val PR-AUC: 0.4445
[Fine-tune] Epoch 14/50 - Loss: 0.2833 - Val F1: 0.4444 - Val ROC-AUC: 0.7364 - Val PR-AUC: 0.4557
[Fine-tune] Epoch 15/50 - Loss: 0.2651 - Val F1: 0.4561 - Val ROC-AUC: 0.7461 - Val PR-AUC: 0.5157
[Fine-tune] Epoch 16/50 - Loss: 0.2609 - Val F1: 0.3934 - Val ROC-AUC: 0.7189 - Val PR-AUC: 0.4446
[Fine-tune] Epoch 17/50 - Loss: 0.2487 - Val F1: 0.3714 - Val ROC-AUC: 0.7272 - Val PR-AUC: 0.4548
[Fine-tune] Epoch 18/50 - Loss: 0.2234 - Val F1: 0.3729 - Val ROC-AUC: 0.7305 - Val PR-AUC: 0.4451
[Fine-tune] Epoch 19/50 - Loss: 0.2371 - Val F1: 0.3860 - Val ROC-AUC: 0.7078 - Val PR-AUC: 0.3930
[Fine-tune] Epoch 20/50 - Loss: 0.2485 - Val F1: 0.4231 - Val ROC-AUC: 0.7076 - Val PR-AUC: 0.4119
[Fine-tune] Epoch 21/50 - Loss: 0.2649 - Val F1: 0.3810 - Val ROC-AUC: 0.7231 - Val PR-AUC: 0.4084
[Fine-tune] Epoch 22/50 - Loss: 0.2293 - Val F1: 0.4906 - Val ROC-AUC: 0.7433 - Val PR-AUC: 0.4299
[Fine-tune] Epoch 23/50 - Loss: 0.2273 - Val F1: 0.3934 - Val ROC-AUC: 0.7433 - Val PR-AUC: 0.4544
[Fine-tune] Epoch 24/50 - Loss: 0.2269 - Val F1: 0.4407 - Val ROC-AUC: 0.7433 - Val PR-AUC: 0.3953
[Fine-tune] Epoch 25/50 - Loss: 0.2110 - Val F1: 0.4211 - Val ROC-AUC: 0.7422 - Val PR-AUC: 0.4351
[Fine-tune] Epoch 26/50 - Loss: 0.1883 - Val F1: 0.4211 - Val ROC-AUC: 0.7408 - Val PR-AUC: 0.4284
[Fine-tune] Epoch 27/50 - Loss: 0.1798 - Val F1: 0.4231 - Val ROC-AUC: 0.7344 - Val PR-AUC: 0.4499
[Fine-tune] Epoch 28/50 - Loss: 0.1906 - Val F1: 0.3729 - Val ROC-AUC: 0.7167 - Val PR-AUC: 0.3965
[Fine-tune] Epoch 29/50 - Loss: 0.1890 - Val F1: 0.4000 - Val ROC-AUC: 0.7200 - Val PR-AUC: 0.4170
[Fine-tune] Epoch 30/50 - Loss: 0.1721 - Val F1: 0.3793 - Val ROC-AUC: 0.7134 - Val PR-AUC: 0.4527
[Fine-tune] Epoch 31/50 - Loss: 0.1881 - Val F1: 0.3860 - Val ROC-AUC: 0.7333 - Val PR-AUC: 0.4291
[Fine-tune] Epoch 32/50 - Loss: 0.1762 - Val F1: 0.4074 - Val ROC-AUC: 0.7286 - Val PR-AUC: 0.4181
[Fine-tune] Epoch 33/50 - Loss: 0.1672 - Val F1: 0.3793 - Val ROC-AUC: 0.7308 - Val PR-AUC: 0.4066
[Fine-tune] Epoch 34/50 - Loss: 0.1834 - Val F1: 0.4151 - Val ROC-AUC: 0.7242 - Val PR-AUC: 0.4380
[Fine-tune] Epoch 35/50 - Loss: 0.1887 - Val F1: 0.3793 - Val ROC-AUC: 0.7275 - Val PR-AUC: 0.4285
[Fine-tune] Epoch 36/50 - Loss: 0.1682 - Val F1: 0.4000 - Val ROC-AUC: 0.7159 - Val PR-AUC: 0.4262
[Fine-tune] Epoch 37/50 - Loss: 0.1939 - Val F1: 0.4000 - Val ROC-AUC: 0.7214 - Val PR-AUC: 0.4470
[Fine-tune] Epoch 38/50 - Loss: 0.1741 - Val F1: 0.3860 - Val ROC-AUC: 0.7159 - Val PR-AUC: 0.4360
[Fine-tune] Epoch 39/50 - Loss: 0.1692 - Val F1: 0.4151 - Val ROC-AUC: 0.7150 - Val PR-AUC: 0.4289
[Fine-tune] Epoch 40/50 - Loss: 0.1607 - Val F1: 0.4151 - Val ROC-AUC: 0.7040 - Val PR-AUC: 0.4148
[Fine-tune] Epoch 41/50 - Loss: 0.1628 - Val F1: 0.4074 - Val ROC-AUC: 0.7073 - Val PR-AUC: 0.4043
[Fine-tune] Epoch 42/50 - Loss: 0.1551 - Val F1: 0.4314 - Val ROC-AUC: 0.7142 - Val PR-AUC: 0.4006
[Fine-tune] Epoch 43/50 - Loss: 0.1612 - Val F1: 0.4151 - Val ROC-AUC: 0.7026 - Val PR-AUC: 0.4155
[Fine-tune] Epoch 44/50 - Loss: 0.1597 - Val F1: 0.3929 - Val ROC-AUC: 0.7125 - Val PR-AUC: 0.3970
[Fine-tune] Epoch 45/50 - Loss: 0.1613 - Val F1: 0.4000 - Val ROC-AUC: 0.7189 - Val PR-AUC: 0.4338
[Fine-tune] Epoch 46/50 - Loss: 0.1510 - Val F1: 0.4231 - Val ROC-AUC: 0.7192 - Val PR-AUC: 0.4337
[Fine-tune] Epoch 47/50 - Loss: 0.1720 - Val F1: 0.4000 - Val ROC-AUC: 0.7233 - Val PR-AUC: 0.4162
[Fine-tune] Epoch 48/50 - Loss: 0.1507 - Val F1: 0.3929 - Val ROC-AUC: 0.7178 - Val PR-AUC: 0.4016
[Fine-tune] Epoch 49/50 - Loss: 0.1440 - Val F1: 0.4074 - Val ROC-AUC: 0.7220 - Val PR-AUC: 0.4054
[Fine-tune] Epoch 50/50 - Loss: 0.1573 - Val F1: 0.4151 - Val ROC-AUC: 0.7184 - Val PR-AUC: 0.4104
Finetuning completed. Test F1: 0.3729, ROC-AUC: 0.6835, PR-AUC: 0.3586
[3.1/4] Target-only training on OT_ER_ERbERb_1440 using GIN...
=== Target-only training ===
[Target-only] Epoch 1/50 – Loss: 0.6293  Val F1: 0.2314  ROC-AUC: 0.6325  PR-AUC: 0.2662
[Target-only] Epoch 2/50 – Loss: 0.5632  Val F1: 0.3291  ROC-AUC: 0.6480  PR-AUC: 0.4008
[Target-only] Epoch 3/50 – Loss: 0.5667  Val F1: 0.3429  ROC-AUC: 0.6336  PR-AUC: 0.3938
[Target-only] Epoch 4/50 – Loss: 0.5281  Val F1: 0.3438  ROC-AUC: 0.6447  PR-AUC: 0.3540
[Target-only] Epoch 5/50 – Loss: 0.5338  Val F1: 0.3182  ROC-AUC: 0.6403  PR-AUC: 0.3190
[Target-only] Epoch 6/50 – Loss: 0.5034  Val F1: 0.3478  ROC-AUC: 0.6663  PR-AUC: 0.4035
[Target-only] Epoch 7/50 – Loss: 0.4815  Val F1: 0.3488  ROC-AUC: 0.6973  PR-AUC: 0.4463
[Target-only] Epoch 8/50 – Loss: 0.4915  Val F1: 0.3171  ROC-AUC: 0.6710  PR-AUC: 0.3314
[Target-only] Epoch 9/50 – Loss: 0.4816  Val F1: 0.2973  ROC-AUC: 0.7103  PR-AUC: 0.4299
[Target-only] Epoch 10/50 – Loss: 0.4509  Val F1: 0.3377  ROC-AUC: 0.6957  PR-AUC: 0.4209
[Target-only] Epoch 11/50 – Loss: 0.4459  Val F1: 0.2632  ROC-AUC: 0.6757  PR-AUC: 0.4066
[Target-only] Epoch 12/50 – Loss: 0.4256  Val F1: 0.3171  ROC-AUC: 0.6959  PR-AUC: 0.4269
[Target-only] Epoch 13/50 – Loss: 0.4293  Val F1: 0.3714  ROC-AUC: 0.7206  PR-AUC: 0.4754
[Target-only] Epoch 14/50 – Loss: 0.4037  Val F1: 0.3457  ROC-AUC: 0.7189  PR-AUC: 0.4388
[Target-only] Epoch 15/50 – Loss: 0.4274  Val F1: 0.2821  ROC-AUC: 0.6965  PR-AUC: 0.4394
[Target-only] Epoch 16/50 – Loss: 0.4148  Val F1: 0.3797  ROC-AUC: 0.7416  PR-AUC: 0.4530
[Target-only] Epoch 17/50 – Loss: 0.4156  Val F1: 0.3438  ROC-AUC: 0.6921  PR-AUC: 0.4409
[Target-only] Epoch 18/50 – Loss: 0.3895  Val F1: 0.2791  ROC-AUC: 0.6909  PR-AUC: 0.4453
[Target-only] Epoch 19/50 – Loss: 0.3977  Val F1: 0.3200  ROC-AUC: 0.6968  PR-AUC: 0.4249
[Target-only] Epoch 20/50 – Loss: 0.3827  Val F1: 0.3729  ROC-AUC: 0.7056  PR-AUC: 0.4500
[Target-only] Epoch 21/50 – Loss: 0.3502  Val F1: 0.3288  ROC-AUC: 0.7366  PR-AUC: 0.5007
[Target-only] Epoch 22/50 – Loss: 0.3525  Val F1: 0.3492  ROC-AUC: 0.7297  PR-AUC: 0.4707
[Target-only] Epoch 23/50 – Loss: 0.3409  Val F1: 0.3171  ROC-AUC: 0.7294  PR-AUC: 0.4694
[Target-only] Epoch 24/50 – Loss: 0.3575  Val F1: 0.3288  ROC-AUC: 0.6968  PR-AUC: 0.4747
[Target-only] Epoch 25/50 – Loss: 0.3127  Val F1: 0.3284  ROC-AUC: 0.7170  PR-AUC: 0.4518
[Target-only] Epoch 26/50 – Loss: 0.3146  Val F1: 0.3333  ROC-AUC: 0.7131  PR-AUC: 0.4821
[Target-only] Epoch 27/50 – Loss: 0.3179  Val F1: 0.3492  ROC-AUC: 0.6959  PR-AUC: 0.4539
[Target-only] Epoch 28/50 – Loss: 0.3200  Val F1: 0.3692  ROC-AUC: 0.7322  PR-AUC: 0.4979
[Target-only] Epoch 29/50 – Loss: 0.3435  Val F1: 0.3692  ROC-AUC: 0.7012  PR-AUC: 0.4216
[Target-only] Epoch 30/50 – Loss: 0.3066  Val F1: 0.3529  ROC-AUC: 0.7150  PR-AUC: 0.4915
[Target-only] Epoch 31/50 – Loss: 0.2872  Val F1: 0.3438  ROC-AUC: 0.7081  PR-AUC: 0.4536
[Target-only] Epoch 32/50 – Loss: 0.2744  Val F1: 0.3117  ROC-AUC: 0.7159  PR-AUC: 0.4768
[Target-only] Epoch 33/50 – Loss: 0.2783  Val F1: 0.3492  ROC-AUC: 0.7192  PR-AUC: 0.4393
[Target-only] Epoch 34/50 – Loss: 0.2754  Val F1: 0.3768  ROC-AUC: 0.7256  PR-AUC: 0.4817
[Target-only] Epoch 35/50 – Loss: 0.2750  Val F1: 0.3692  ROC-AUC: 0.7247  PR-AUC: 0.4635
[Target-only] Epoch 36/50 – Loss: 0.2839  Val F1: 0.3636  ROC-AUC: 0.7081  PR-AUC: 0.5047
[Target-only] Epoch 37/50 – Loss: 0.2694  Val F1: 0.3438  ROC-AUC: 0.7123  PR-AUC: 0.4693
[Target-only] Epoch 38/50 – Loss: 0.2799  Val F1: 0.3478  ROC-AUC: 0.7029  PR-AUC: 0.4881
[Target-only] Epoch 39/50 – Loss: 0.2852  Val F1: 0.3667  ROC-AUC: 0.7189  PR-AUC: 0.4580
[Target-only] Epoch 40/50 – Loss: 0.3020  Val F1: 0.3636  ROC-AUC: 0.7117  PR-AUC: 0.4216
[Target-only] Epoch 41/50 – Loss: 0.2526  Val F1: 0.3582  ROC-AUC: 0.7206  PR-AUC: 0.4795
[Target-only] Epoch 42/50 – Loss: 0.2737  Val F1: 0.3729  ROC-AUC: 0.7051  PR-AUC: 0.4591
[Target-only] Epoch 43/50 – Loss: 0.2505  Val F1: 0.3729  ROC-AUC: 0.7040  PR-AUC: 0.4413
[Target-only] Epoch 44/50 – Loss: 0.2539  Val F1: 0.3385  ROC-AUC: 0.6965  PR-AUC: 0.4807
[Target-only] Epoch 45/50 – Loss: 0.2368  Val F1: 0.3492  ROC-AUC: 0.7186  PR-AUC: 0.4744
[Target-only] Epoch 46/50 – Loss: 0.2117  Val F1: 0.3548  ROC-AUC: 0.7117  PR-AUC: 0.4735
[Target-only] Epoch 47/50 – Loss: 0.2318  Val F1: 0.3934  ROC-AUC: 0.7081  PR-AUC: 0.4747
[Target-only] Epoch 48/50 – Loss: 0.2584  Val F1: 0.3934  ROC-AUC: 0.7170  PR-AUC: 0.4698
[Target-only] Epoch 49/50 – Loss: 0.2496  Val F1: 0.3607  ROC-AUC: 0.7095  PR-AUC: 0.4785
[Target-only] Epoch 50/50 – Loss: 0.2310  Val F1: 0.3692  ROC-AUC: 0.7120  PR-AUC: 0.4705
=== Target-only TEST performance ===
Test F1: 0.4000, ROC-AUC: 0.6824, PR-AUC: 0.2929
✅ 실험 완료: TOX21_ERa_LUC_VM7_Agonist -> OT_ER_ERbERb_1440 [GIN]
