[2/4] Pretraining on TOX21_ERa_LUC_VM7_Agonist_10nM_ICI182780_viability using GCN_GAT...
  * Pretrained model already exists at model_save/pretrained/gcn_gat/Pretrained_TOX21_ERa_LUC_VM7_Agonist_10nM_ICI182780_viability_gcn_gat.pth, loading...
[3/4] Finetuning on OT_ER_ERaERa_1440 using GCN_GAT...
[Fine-tune] Epoch 1/50 - Loss: 0.6321 - Val F1: 0.2273 - Val ROC-AUC: 0.6521 - Val PR-AUC: 0.2745
[Fine-tune] Epoch 2/50 - Loss: 0.5235 - Val F1: 0.2553 - Val ROC-AUC: 0.5861 - Val PR-AUC: 0.2129
[Fine-tune] Epoch 3/50 - Loss: 0.4609 - Val F1: 0.3077 - Val ROC-AUC: 0.5838 - Val PR-AUC: 0.1992
[Fine-tune] Epoch 4/50 - Loss: 0.4257 - Val F1: 0.2857 - Val ROC-AUC: 0.6623 - Val PR-AUC: 0.2885
[Fine-tune] Epoch 5/50 - Loss: 0.4283 - Val F1: 0.3636 - Val ROC-AUC: 0.6574 - Val PR-AUC: 0.3102
[Fine-tune] Epoch 6/50 - Loss: 0.4194 - Val F1: 0.2368 - Val ROC-AUC: 0.6406 - Val PR-AUC: 0.3393
[Fine-tune] Epoch 7/50 - Loss: 0.3833 - Val F1: 0.2143 - Val ROC-AUC: 0.6136 - Val PR-AUC: 0.2557
[Fine-tune] Epoch 8/50 - Loss: 0.3964 - Val F1: 0.2449 - Val ROC-AUC: 0.6071 - Val PR-AUC: 0.2316
[Fine-tune] Epoch 9/50 - Loss: 0.3669 - Val F1: 0.2769 - Val ROC-AUC: 0.6490 - Val PR-AUC: 0.2178
[Fine-tune] Epoch 10/50 - Loss: 0.3723 - Val F1: 0.2500 - Val ROC-AUC: 0.6166 - Val PR-AUC: 0.2763
[Fine-tune] Epoch 11/50 - Loss: 0.3735 - Val F1: 0.2857 - Val ROC-AUC: 0.6303 - Val PR-AUC: 0.2453
[Fine-tune] Epoch 12/50 - Loss: 0.3177 - Val F1: 0.2338 - Val ROC-AUC: 0.6075 - Val PR-AUC: 0.2442
[Fine-tune] Epoch 13/50 - Loss: 0.3531 - Val F1: 0.2917 - Val ROC-AUC: 0.6498 - Val PR-AUC: 0.2451
[Fine-tune] Epoch 14/50 - Loss: 0.3280 - Val F1: 0.3077 - Val ROC-AUC: 0.6277 - Val PR-AUC: 0.3142
[Fine-tune] Epoch 15/50 - Loss: 0.3186 - Val F1: 0.3137 - Val ROC-AUC: 0.6383 - Val PR-AUC: 0.2538
[Fine-tune] Epoch 16/50 - Loss: 0.3118 - Val F1: 0.2927 - Val ROC-AUC: 0.6193 - Val PR-AUC: 0.2364
[Fine-tune] Epoch 17/50 - Loss: 0.3313 - Val F1: 0.2857 - Val ROC-AUC: 0.6204 - Val PR-AUC: 0.2437
[Fine-tune] Epoch 18/50 - Loss: 0.2959 - Val F1: 0.2899 - Val ROC-AUC: 0.6216 - Val PR-AUC: 0.2334
[Fine-tune] Epoch 19/50 - Loss: 0.3157 - Val F1: 0.2857 - Val ROC-AUC: 0.6109 - Val PR-AUC: 0.3034
[Fine-tune] Epoch 20/50 - Loss: 0.3297 - Val F1: 0.2338 - Val ROC-AUC: 0.6044 - Val PR-AUC: 0.2338
[Fine-tune] Epoch 21/50 - Loss: 0.2949 - Val F1: 0.2500 - Val ROC-AUC: 0.5926 - Val PR-AUC: 0.2886
[Fine-tune] Epoch 22/50 - Loss: 0.2908 - Val F1: 0.3200 - Val ROC-AUC: 0.6162 - Val PR-AUC: 0.2378
[Fine-tune] Epoch 23/50 - Loss: 0.2857 - Val F1: 0.3556 - Val ROC-AUC: 0.6124 - Val PR-AUC: 0.2875
[Fine-tune] Epoch 24/50 - Loss: 0.2906 - Val F1: 0.2857 - Val ROC-AUC: 0.6052 - Val PR-AUC: 0.2899
[Fine-tune] Epoch 25/50 - Loss: 0.2879 - Val F1: 0.2963 - Val ROC-AUC: 0.6151 - Val PR-AUC: 0.2892
[Fine-tune] Epoch 26/50 - Loss: 0.2735 - Val F1: 0.2857 - Val ROC-AUC: 0.6227 - Val PR-AUC: 0.2733
[Fine-tune] Epoch 27/50 - Loss: 0.2775 - Val F1: 0.2857 - Val ROC-AUC: 0.6113 - Val PR-AUC: 0.2781
[Fine-tune] Epoch 28/50 - Loss: 0.2912 - Val F1: 0.2553 - Val ROC-AUC: 0.5983 - Val PR-AUC: 0.2360
[Fine-tune] Epoch 29/50 - Loss: 0.2644 - Val F1: 0.2857 - Val ROC-AUC: 0.6231 - Val PR-AUC: 0.2441
[Fine-tune] Epoch 30/50 - Loss: 0.2609 - Val F1: 0.2564 - Val ROC-AUC: 0.6037 - Val PR-AUC: 0.2443
[Fine-tune] Epoch 31/50 - Loss: 0.2709 - Val F1: 0.2623 - Val ROC-AUC: 0.6151 - Val PR-AUC: 0.2750
[Fine-tune] Epoch 32/50 - Loss: 0.2673 - Val F1: 0.2857 - Val ROC-AUC: 0.5880 - Val PR-AUC: 0.2581
[Fine-tune] Epoch 33/50 - Loss: 0.2553 - Val F1: 0.2745 - Val ROC-AUC: 0.5877 - Val PR-AUC: 0.2565
[Fine-tune] Epoch 34/50 - Loss: 0.2609 - Val F1: 0.2381 - Val ROC-AUC: 0.6166 - Val PR-AUC: 0.2693
[Fine-tune] Epoch 35/50 - Loss: 0.2813 - Val F1: 0.2456 - Val ROC-AUC: 0.5915 - Val PR-AUC: 0.2754
[Fine-tune] Epoch 36/50 - Loss: 0.2691 - Val F1: 0.3137 - Val ROC-AUC: 0.6120 - Val PR-AUC: 0.2649
[Fine-tune] Epoch 37/50 - Loss: 0.2474 - Val F1: 0.3019 - Val ROC-AUC: 0.6040 - Val PR-AUC: 0.2668
[Fine-tune] Epoch 38/50 - Loss: 0.2449 - Val F1: 0.2857 - Val ROC-AUC: 0.6056 - Val PR-AUC: 0.2274
[Fine-tune] Epoch 39/50 - Loss: 0.2515 - Val F1: 0.2800 - Val ROC-AUC: 0.5957 - Val PR-AUC: 0.2723
[Fine-tune] Epoch 40/50 - Loss: 0.2535 - Val F1: 0.2917 - Val ROC-AUC: 0.6094 - Val PR-AUC: 0.2656
[Fine-tune] Epoch 41/50 - Loss: 0.2599 - Val F1: 0.3529 - Val ROC-AUC: 0.6082 - Val PR-AUC: 0.2372
[Fine-tune] Epoch 42/50 - Loss: 0.2578 - Val F1: 0.3396 - Val ROC-AUC: 0.6044 - Val PR-AUC: 0.2708
[Fine-tune] Epoch 43/50 - Loss: 0.2541 - Val F1: 0.3265 - Val ROC-AUC: 0.6105 - Val PR-AUC: 0.2677
[Fine-tune] Epoch 44/50 - Loss: 0.2631 - Val F1: 0.2791 - Val ROC-AUC: 0.5957 - Val PR-AUC: 0.2622
[Fine-tune] Epoch 45/50 - Loss: 0.2536 - Val F1: 0.2692 - Val ROC-AUC: 0.6037 - Val PR-AUC: 0.2671
[Fine-tune] Epoch 46/50 - Loss: 0.2328 - Val F1: 0.3214 - Val ROC-AUC: 0.6086 - Val PR-AUC: 0.2336
[Fine-tune] Epoch 47/50 - Loss: 0.2417 - Val F1: 0.3137 - Val ROC-AUC: 0.6063 - Val PR-AUC: 0.2329
[Fine-tune] Epoch 48/50 - Loss: 0.2565 - Val F1: 0.2273 - Val ROC-AUC: 0.5991 - Val PR-AUC: 0.2341
[Fine-tune] Epoch 49/50 - Loss: 0.2288 - Val F1: 0.3462 - Val ROC-AUC: 0.6082 - Val PR-AUC: 0.2411
[Fine-tune] Epoch 50/50 - Loss: 0.2532 - Val F1: 0.2667 - Val ROC-AUC: 0.6006 - Val PR-AUC: 0.2347
Finetuning completed. Test F1: 0.3019, ROC-AUC: 0.7899, PR-AUC: 0.2343
[3.1/4] Target-only training on OT_ER_ERaERa_1440 using GCN_GAT...
  * Target-only 모델 이미 존재: model_save/targetonly/gcn_gat/TargetOnly_OT_ER_ERaERa_1440_gcn_gat.pth
  * Target-only 생략, 저장된 모델로 평가만 진행
=== Target-only TEST performance ===
Test F1: 0.2667, ROC-AUC: 0.7826, PR-AUC: 0.2594
✅ 실험 완료: TOX21_ERa_LUC_VM7_Agonist_10nM_ICI182780_viability -> OT_ER_ERaERa_1440 [GCN_GAT]
