[2/4] Pretraining on TOX21_ERa_LUC_VM7_Agonist_10nM_ICI182780_viability using GCN...
  * Pretrained model already exists at model_save/pretrained/gcn/Pretrained_TOX21_ERa_LUC_VM7_Agonist_10nM_ICI182780_viability_gcn.pth, loading...
[3/4] Finetuning on OT_ER_ERaERb_1440 using GCN...
[Fine-tune] Epoch 1/50 - Loss: 0.6801 - Val F1: 0.3077 - Val ROC-AUC: 0.6539 - Val PR-AUC: 0.3346
[Fine-tune] Epoch 2/50 - Loss: 0.5565 - Val F1: 0.3582 - Val ROC-AUC: 0.6652 - Val PR-AUC: 0.3321
[Fine-tune] Epoch 3/50 - Loss: 0.5561 - Val F1: 0.3529 - Val ROC-AUC: 0.6649 - Val PR-AUC: 0.3394
[Fine-tune] Epoch 4/50 - Loss: 0.5271 - Val F1: 0.3509 - Val ROC-AUC: 0.6743 - Val PR-AUC: 0.3418
[Fine-tune] Epoch 5/50 - Loss: 0.5211 - Val F1: 0.3889 - Val ROC-AUC: 0.6765 - Val PR-AUC: 0.3673
[Fine-tune] Epoch 6/50 - Loss: 0.5127 - Val F1: 0.2623 - Val ROC-AUC: 0.6645 - Val PR-AUC: 0.3275
[Fine-tune] Epoch 7/50 - Loss: 0.5221 - Val F1: 0.3429 - Val ROC-AUC: 0.6880 - Val PR-AUC: 0.3748
[Fine-tune] Epoch 8/50 - Loss: 0.5099 - Val F1: 0.3864 - Val ROC-AUC: 0.7094 - Val PR-AUC: 0.3688
[Fine-tune] Epoch 9/50 - Loss: 0.5344 - Val F1: 0.2933 - Val ROC-AUC: 0.6844 - Val PR-AUC: 0.3314
[Fine-tune] Epoch 10/50 - Loss: 0.5185 - Val F1: 0.3441 - Val ROC-AUC: 0.7054 - Val PR-AUC: 0.3652
[Fine-tune] Epoch 11/50 - Loss: 0.4981 - Val F1: 0.3478 - Val ROC-AUC: 0.7021 - Val PR-AUC: 0.3620
[Fine-tune] Epoch 12/50 - Loss: 0.4830 - Val F1: 0.4103 - Val ROC-AUC: 0.7077 - Val PR-AUC: 0.3576
[Fine-tune] Epoch 13/50 - Loss: 0.4969 - Val F1: 0.3820 - Val ROC-AUC: 0.6938 - Val PR-AUC: 0.3678
[Fine-tune] Epoch 14/50 - Loss: 0.4775 - Val F1: 0.3956 - Val ROC-AUC: 0.6894 - Val PR-AUC: 0.3609
[Fine-tune] Epoch 15/50 - Loss: 0.5001 - Val F1: 0.3171 - Val ROC-AUC: 0.6882 - Val PR-AUC: 0.3433
[Fine-tune] Epoch 16/50 - Loss: 0.5007 - Val F1: 0.3544 - Val ROC-AUC: 0.7176 - Val PR-AUC: 0.3873
[Fine-tune] Epoch 17/50 - Loss: 0.4662 - Val F1: 0.3514 - Val ROC-AUC: 0.6976 - Val PR-AUC: 0.3641
[Fine-tune] Epoch 18/50 - Loss: 0.4604 - Val F1: 0.3797 - Val ROC-AUC: 0.7018 - Val PR-AUC: 0.3523
[Fine-tune] Epoch 19/50 - Loss: 0.4760 - Val F1: 0.3721 - Val ROC-AUC: 0.7129 - Val PR-AUC: 0.3969
[Fine-tune] Epoch 20/50 - Loss: 0.4520 - Val F1: 0.3810 - Val ROC-AUC: 0.7350 - Val PR-AUC: 0.3950
[Fine-tune] Epoch 21/50 - Loss: 0.4790 - Val F1: 0.4051 - Val ROC-AUC: 0.7260 - Val PR-AUC: 0.3673
[Fine-tune] Epoch 22/50 - Loss: 0.4615 - Val F1: 0.4096 - Val ROC-AUC: 0.7326 - Val PR-AUC: 0.3840
[Fine-tune] Epoch 23/50 - Loss: 0.4824 - Val F1: 0.3457 - Val ROC-AUC: 0.7171 - Val PR-AUC: 0.3730
[Fine-tune] Epoch 24/50 - Loss: 0.4751 - Val F1: 0.3797 - Val ROC-AUC: 0.7242 - Val PR-AUC: 0.3953
[Fine-tune] Epoch 25/50 - Loss: 0.4690 - Val F1: 0.3846 - Val ROC-AUC: 0.7230 - Val PR-AUC: 0.3749
[Fine-tune] Epoch 26/50 - Loss: 0.4873 - Val F1: 0.3409 - Val ROC-AUC: 0.7157 - Val PR-AUC: 0.3700
[Fine-tune] Epoch 27/50 - Loss: 0.4799 - Val F1: 0.3571 - Val ROC-AUC: 0.7199 - Val PR-AUC: 0.3896
[Fine-tune] Epoch 28/50 - Loss: 0.4766 - Val F1: 0.3333 - Val ROC-AUC: 0.7133 - Val PR-AUC: 0.3662
[Fine-tune] Epoch 29/50 - Loss: 0.4572 - Val F1: 0.3415 - Val ROC-AUC: 0.7110 - Val PR-AUC: 0.3872
[Fine-tune] Epoch 30/50 - Loss: 0.4440 - Val F1: 0.3659 - Val ROC-AUC: 0.7138 - Val PR-AUC: 0.3952
[Fine-tune] Epoch 31/50 - Loss: 0.4656 - Val F1: 0.3377 - Val ROC-AUC: 0.7101 - Val PR-AUC: 0.3832
[Fine-tune] Epoch 32/50 - Loss: 0.4833 - Val F1: 0.3721 - Val ROC-AUC: 0.7103 - Val PR-AUC: 0.3887
[Fine-tune] Epoch 33/50 - Loss: 0.4480 - Val F1: 0.3571 - Val ROC-AUC: 0.7143 - Val PR-AUC: 0.3888
[Fine-tune] Epoch 34/50 - Loss: 0.4702 - Val F1: 0.3855 - Val ROC-AUC: 0.7126 - Val PR-AUC: 0.3827
[Fine-tune] Epoch 35/50 - Loss: 0.4601 - Val F1: 0.3377 - Val ROC-AUC: 0.7096 - Val PR-AUC: 0.3756
[Fine-tune] Epoch 36/50 - Loss: 0.4709 - Val F1: 0.3696 - Val ROC-AUC: 0.7176 - Val PR-AUC: 0.3870
[Fine-tune] Epoch 37/50 - Loss: 0.4879 - Val F1: 0.3529 - Val ROC-AUC: 0.7126 - Val PR-AUC: 0.3861
[Fine-tune] Epoch 38/50 - Loss: 0.4493 - Val F1: 0.3415 - Val ROC-AUC: 0.7157 - Val PR-AUC: 0.3829
[Fine-tune] Epoch 39/50 - Loss: 0.4571 - Val F1: 0.3750 - Val ROC-AUC: 0.7211 - Val PR-AUC: 0.3806
[Fine-tune] Epoch 40/50 - Loss: 0.4650 - Val F1: 0.3571 - Val ROC-AUC: 0.7227 - Val PR-AUC: 0.3820
[Fine-tune] Epoch 41/50 - Loss: 0.4597 - Val F1: 0.3590 - Val ROC-AUC: 0.7183 - Val PR-AUC: 0.3792
[Fine-tune] Epoch 42/50 - Loss: 0.4968 - Val F1: 0.3684 - Val ROC-AUC: 0.7192 - Val PR-AUC: 0.3746
[Fine-tune] Epoch 43/50 - Loss: 0.4610 - Val F1: 0.3500 - Val ROC-AUC: 0.7195 - Val PR-AUC: 0.3828
[Fine-tune] Epoch 44/50 - Loss: 0.4489 - Val F1: 0.3415 - Val ROC-AUC: 0.7180 - Val PR-AUC: 0.3825
[Fine-tune] Epoch 45/50 - Loss: 0.4540 - Val F1: 0.3371 - Val ROC-AUC: 0.7115 - Val PR-AUC: 0.3856
[Fine-tune] Epoch 46/50 - Loss: 0.4659 - Val F1: 0.3571 - Val ROC-AUC: 0.7124 - Val PR-AUC: 0.3804
[Fine-tune] Epoch 47/50 - Loss: 0.4555 - Val F1: 0.3721 - Val ROC-AUC: 0.7152 - Val PR-AUC: 0.3868
[Fine-tune] Epoch 48/50 - Loss: 0.4302 - Val F1: 0.3765 - Val ROC-AUC: 0.7159 - Val PR-AUC: 0.3911
[Fine-tune] Epoch 49/50 - Loss: 0.4636 - Val F1: 0.3820 - Val ROC-AUC: 0.7112 - Val PR-AUC: 0.3778
[Fine-tune] Epoch 50/50 - Loss: 0.4394 - Val F1: 0.3902 - Val ROC-AUC: 0.7145 - Val PR-AUC: 0.3783
Finetuning completed. Test F1: 0.4938, ROC-AUC: 0.8049, PR-AUC: 0.4528
[3.1/4] Target-only training on OT_ER_ERaERb_1440 using GCN...
  * Target-only 모델 이미 존재: model_save/targetonly/gcn/TargetOnly_OT_ER_ERaERb_1440_gcn.pth
  * Target-only 생략, 저장된 모델로 평가만 진행
=== Target-only TEST performance ===
Test F1: 0.5063, ROC-AUC: 0.8143, PR-AUC: 0.4343
✅ 실험 완료: TOX21_ERa_LUC_VM7_Agonist_10nM_ICI182780_viability -> OT_ER_ERaERb_1440 [GCN]
