[2/4] Pretraining on TOX21_ERb_BLA_Agonist_viability using GIN_GAT...
  * Pretrained model already exists at model_save/pretrained/gin_gat/Pretrained_TOX21_ERb_BLA_Agonist_viability_gin_gat.pth, loading...
[3/4] Finetuning on OT_ER_ERaERa_1440 using GIN_GAT...
[Fine-tune] Epoch 1/50 - Loss: 0.5783 - Val F1: 0.2619 - Val ROC-AUC: 0.7279 - Val PR-AUC: 0.3154
[Fine-tune] Epoch 2/50 - Loss: 0.4256 - Val F1: 0.2400 - Val ROC-AUC: 0.6867 - Val PR-AUC: 0.3609
[Fine-tune] Epoch 3/50 - Loss: 0.3563 - Val F1: 0.2466 - Val ROC-AUC: 0.6730 - Val PR-AUC: 0.2625
[Fine-tune] Epoch 4/50 - Loss: 0.3210 - Val F1: 0.2927 - Val ROC-AUC: 0.6665 - Val PR-AUC: 0.3229
[Fine-tune] Epoch 5/50 - Loss: 0.2918 - Val F1: 0.2800 - Val ROC-AUC: 0.6635 - Val PR-AUC: 0.2453
[Fine-tune] Epoch 6/50 - Loss: 0.3109 - Val F1: 0.2712 - Val ROC-AUC: 0.6307 - Val PR-AUC: 0.2296
[Fine-tune] Epoch 7/50 - Loss: 0.2905 - Val F1: 0.2909 - Val ROC-AUC: 0.6117 - Val PR-AUC: 0.3056
[Fine-tune] Epoch 8/50 - Loss: 0.2359 - Val F1: 0.2609 - Val ROC-AUC: 0.6418 - Val PR-AUC: 0.2484
[Fine-tune] Epoch 9/50 - Loss: 0.2721 - Val F1: 0.2222 - Val ROC-AUC: 0.6094 - Val PR-AUC: 0.3057
[Fine-tune] Epoch 10/50 - Loss: 0.2607 - Val F1: 0.2414 - Val ROC-AUC: 0.6383 - Val PR-AUC: 0.3164
[Fine-tune] Epoch 11/50 - Loss: 0.2062 - Val F1: 0.2500 - Val ROC-AUC: 0.6353 - Val PR-AUC: 0.3097
[Fine-tune] Epoch 12/50 - Loss: 0.1646 - Val F1: 0.2500 - Val ROC-AUC: 0.6231 - Val PR-AUC: 0.2955
[Fine-tune] Epoch 13/50 - Loss: 0.1783 - Val F1: 0.2222 - Val ROC-AUC: 0.5911 - Val PR-AUC: 0.2730
[Fine-tune] Epoch 14/50 - Loss: 0.1767 - Val F1: 0.2667 - Val ROC-AUC: 0.6071 - Val PR-AUC: 0.3232
[Fine-tune] Epoch 15/50 - Loss: 0.1653 - Val F1: 0.2083 - Val ROC-AUC: 0.5732 - Val PR-AUC: 0.3178
[Fine-tune] Epoch 16/50 - Loss: 0.1695 - Val F1: 0.2439 - Val ROC-AUC: 0.6185 - Val PR-AUC: 0.2982
[Fine-tune] Epoch 17/50 - Loss: 0.1677 - Val F1: 0.2381 - Val ROC-AUC: 0.6063 - Val PR-AUC: 0.3205
[Fine-tune] Epoch 18/50 - Loss: 0.1481 - Val F1: 0.2439 - Val ROC-AUC: 0.6273 - Val PR-AUC: 0.3347
[Fine-tune] Epoch 19/50 - Loss: 0.1478 - Val F1: 0.2273 - Val ROC-AUC: 0.6155 - Val PR-AUC: 0.2841
[Fine-tune] Epoch 20/50 - Loss: 0.1674 - Val F1: 0.2381 - Val ROC-AUC: 0.6002 - Val PR-AUC: 0.2840
[Fine-tune] Epoch 21/50 - Loss: 0.1437 - Val F1: 0.2222 - Val ROC-AUC: 0.6029 - Val PR-AUC: 0.2804
[Fine-tune] Epoch 22/50 - Loss: 0.1244 - Val F1: 0.2439 - Val ROC-AUC: 0.6059 - Val PR-AUC: 0.3131
[Fine-tune] Epoch 23/50 - Loss: 0.1292 - Val F1: 0.2381 - Val ROC-AUC: 0.6437 - Val PR-AUC: 0.3256
[Fine-tune] Epoch 24/50 - Loss: 0.1193 - Val F1: 0.2273 - Val ROC-AUC: 0.6063 - Val PR-AUC: 0.2934
[Fine-tune] Epoch 25/50 - Loss: 0.1234 - Val F1: 0.2381 - Val ROC-AUC: 0.6147 - Val PR-AUC: 0.3232
[Fine-tune] Epoch 26/50 - Loss: 0.1164 - Val F1: 0.2326 - Val ROC-AUC: 0.5857 - Val PR-AUC: 0.3028
[Fine-tune] Epoch 27/50 - Loss: 0.1006 - Val F1: 0.2222 - Val ROC-AUC: 0.5998 - Val PR-AUC: 0.3074
[Fine-tune] Epoch 28/50 - Loss: 0.1293 - Val F1: 0.2500 - Val ROC-AUC: 0.6166 - Val PR-AUC: 0.2939
[Fine-tune] Epoch 29/50 - Loss: 0.1068 - Val F1: 0.2128 - Val ROC-AUC: 0.6010 - Val PR-AUC: 0.2865
[Fine-tune] Epoch 30/50 - Loss: 0.1166 - Val F1: 0.2273 - Val ROC-AUC: 0.5987 - Val PR-AUC: 0.2904
[Fine-tune] Epoch 31/50 - Loss: 0.0890 - Val F1: 0.2564 - Val ROC-AUC: 0.6162 - Val PR-AUC: 0.2983
[Fine-tune] Epoch 32/50 - Loss: 0.0956 - Val F1: 0.2381 - Val ROC-AUC: 0.6174 - Val PR-AUC: 0.2902
[Fine-tune] Epoch 33/50 - Loss: 0.0982 - Val F1: 0.2381 - Val ROC-AUC: 0.5850 - Val PR-AUC: 0.2648
[Fine-tune] Epoch 34/50 - Loss: 0.1012 - Val F1: 0.2500 - Val ROC-AUC: 0.5781 - Val PR-AUC: 0.2628
[Fine-tune] Epoch 35/50 - Loss: 0.0897 - Val F1: 0.2564 - Val ROC-AUC: 0.6044 - Val PR-AUC: 0.2870
[Fine-tune] Epoch 36/50 - Loss: 0.1118 - Val F1: 0.2500 - Val ROC-AUC: 0.5861 - Val PR-AUC: 0.3080
[Fine-tune] Epoch 37/50 - Loss: 0.1068 - Val F1: 0.2632 - Val ROC-AUC: 0.5777 - Val PR-AUC: 0.2574
[Fine-tune] Epoch 38/50 - Loss: 0.0970 - Val F1: 0.2632 - Val ROC-AUC: 0.5716 - Val PR-AUC: 0.2779
[Fine-tune] Epoch 39/50 - Loss: 0.0843 - Val F1: 0.2083 - Val ROC-AUC: 0.5850 - Val PR-AUC: 0.2763
[Fine-tune] Epoch 40/50 - Loss: 0.0896 - Val F1: 0.2500 - Val ROC-AUC: 0.5884 - Val PR-AUC: 0.2702
[Fine-tune] Epoch 41/50 - Loss: 0.0974 - Val F1: 0.2439 - Val ROC-AUC: 0.5755 - Val PR-AUC: 0.2666
[Fine-tune] Epoch 42/50 - Loss: 0.0836 - Val F1: 0.2564 - Val ROC-AUC: 0.5724 - Val PR-AUC: 0.2660
[Fine-tune] Epoch 43/50 - Loss: 0.0971 - Val F1: 0.2222 - Val ROC-AUC: 0.5896 - Val PR-AUC: 0.2885
[Fine-tune] Epoch 44/50 - Loss: 0.0937 - Val F1: 0.2632 - Val ROC-AUC: 0.5819 - Val PR-AUC: 0.2862
[Fine-tune] Epoch 45/50 - Loss: 0.0953 - Val F1: 0.2439 - Val ROC-AUC: 0.5918 - Val PR-AUC: 0.2936
[Fine-tune] Epoch 46/50 - Loss: 0.0713 - Val F1: 0.2500 - Val ROC-AUC: 0.5781 - Val PR-AUC: 0.2921
[Fine-tune] Epoch 47/50 - Loss: 0.0935 - Val F1: 0.2632 - Val ROC-AUC: 0.5572 - Val PR-AUC: 0.2800
[Fine-tune] Epoch 48/50 - Loss: 0.0906 - Val F1: 0.2500 - Val ROC-AUC: 0.5819 - Val PR-AUC: 0.2794
[Fine-tune] Epoch 49/50 - Loss: 0.0806 - Val F1: 0.2439 - Val ROC-AUC: 0.5838 - Val PR-AUC: 0.2705
[Fine-tune] Epoch 50/50 - Loss: 0.0862 - Val F1: 0.2632 - Val ROC-AUC: 0.5804 - Val PR-AUC: 0.2656
Finetuning completed. Test F1: 0.3404, ROC-AUC: 0.8675, PR-AUC: 0.4510
[3.1/4] Target-only training on OT_ER_ERaERa_1440 using GIN_GAT...
  * Target-only 모델 이미 존재: model_save/targetonly/gin_gat/TargetOnly_OT_ER_ERaERa_1440_gin_gat.pth
  * Target-only 생략, 저장된 모델로 평가만 진행
=== Target-only TEST performance ===
Test F1: 0.2456, ROC-AUC: 0.8020, PR-AUC: 0.3289
✅ 실험 완료: TOX21_ERb_BLA_Agonist_viability -> OT_ER_ERaERa_1440 [GIN_GAT]
