[1/4] Excel → CSV 변환 중...
Saved pretrain CSV for TOX21_ERa_LUC_VM7_Agonist: data/sample/TOX21_ERa_LUC_VM7_Agonist.csv
Saved pretrain CSV for TOX21_ERb_BLA_Agonist_viability: data/sample/TOX21_ERb_BLA_Agonist_viability.csv
Saved pretrain CSV for TOX21_ERa_LUC_VM7_Agonist_10nM_ICI182780_viability: data/sample/TOX21_ERa_LUC_VM7_Agonist_10nM_ICI182780_viability.csv
Saved pretrain CSV for TOX21_ERR_LUC_viability: data/sample/TOX21_ERR_LUC_viability.csv
Saved finetune CSV for ATG_ERE_CIS: data/sample/ATG_ERE_CIS.csv
Saved finetune CSV for ATG_ERa_TRANS: data/sample/ATG_ERa_TRANS.csv
Saved finetune CSV for ACEA_ER_80hr: data/sample/ACEA_ER_80hr.csv
Saved finetune CSV for OT_ER_ERaERa_1440: data/sample/OT_ER_ERaERa_1440.csv
Saved finetune CSV for OT_ER_ERaERb_1440: data/sample/OT_ER_ERaERb_1440.csv
Saved finetune CSV for OT_ER_ERbERb_1440: data/sample/OT_ER_ERbERb_1440.csv
Saved finetune CSV for NVS_NR_hER: data/sample/NVS_NR_hER.csv
[2/4] Pretraining on TOX21_ERb_BLA_Agonist_viability using GCN...
  * Pretrained model already exists at model_save/pretrained/gcn/Pretrained_TOX21_ERb_BLA_Agonist_viability_gcn.pth, loading...
[3/4] Finetuning on OT_ER_ERaERb_1440 using GCN...
[Fine-tune] Epoch 1/50 - Loss: 0.6653 - Val F1: 0.3855 - Val ROC-AUC: 0.6854 - Val PR-AUC: 0.3927
[Fine-tune] Epoch 2/50 - Loss: 0.5636 - Val F1: 0.3596 - Val ROC-AUC: 0.7079 - Val PR-AUC: 0.4156
[Fine-tune] Epoch 3/50 - Loss: 0.5669 - Val F1: 0.3810 - Val ROC-AUC: 0.6957 - Val PR-AUC: 0.3792
[Fine-tune] Epoch 4/50 - Loss: 0.5204 - Val F1: 0.3721 - Val ROC-AUC: 0.7002 - Val PR-AUC: 0.4223
[Fine-tune] Epoch 5/50 - Loss: 0.5464 - Val F1: 0.3810 - Val ROC-AUC: 0.7105 - Val PR-AUC: 0.4335
[Fine-tune] Epoch 6/50 - Loss: 0.5223 - Val F1: 0.4706 - Val ROC-AUC: 0.7265 - Val PR-AUC: 0.4148
[Fine-tune] Epoch 7/50 - Loss: 0.5060 - Val F1: 0.3678 - Val ROC-AUC: 0.7166 - Val PR-AUC: 0.4357
[Fine-tune] Epoch 8/50 - Loss: 0.5247 - Val F1: 0.4048 - Val ROC-AUC: 0.7047 - Val PR-AUC: 0.4051
[Fine-tune] Epoch 9/50 - Loss: 0.5321 - Val F1: 0.3939 - Val ROC-AUC: 0.6852 - Val PR-AUC: 0.3693
[Fine-tune] Epoch 10/50 - Loss: 0.5201 - Val F1: 0.3600 - Val ROC-AUC: 0.7070 - Val PR-AUC: 0.4263
[Fine-tune] Epoch 11/50 - Loss: 0.4970 - Val F1: 0.4211 - Val ROC-AUC: 0.7343 - Val PR-AUC: 0.4188
[Fine-tune] Epoch 12/50 - Loss: 0.5012 - Val F1: 0.4384 - Val ROC-AUC: 0.7197 - Val PR-AUC: 0.4012
[Fine-tune] Epoch 13/50 - Loss: 0.4858 - Val F1: 0.4225 - Val ROC-AUC: 0.7166 - Val PR-AUC: 0.3814
[Fine-tune] Epoch 14/50 - Loss: 0.4940 - Val F1: 0.3768 - Val ROC-AUC: 0.7000 - Val PR-AUC: 0.3905
[Fine-tune] Epoch 15/50 - Loss: 0.4826 - Val F1: 0.4507 - Val ROC-AUC: 0.7216 - Val PR-AUC: 0.4121
[Fine-tune] Epoch 16/50 - Loss: 0.4824 - Val F1: 0.3797 - Val ROC-AUC: 0.7047 - Val PR-AUC: 0.4205
[Fine-tune] Epoch 17/50 - Loss: 0.4581 - Val F1: 0.4250 - Val ROC-AUC: 0.6953 - Val PR-AUC: 0.4100
[Fine-tune] Epoch 18/50 - Loss: 0.4862 - Val F1: 0.4167 - Val ROC-AUC: 0.7206 - Val PR-AUC: 0.4297
[Fine-tune] Epoch 19/50 - Loss: 0.4744 - Val F1: 0.3556 - Val ROC-AUC: 0.7159 - Val PR-AUC: 0.4020
[Fine-tune] Epoch 20/50 - Loss: 0.4855 - Val F1: 0.3659 - Val ROC-AUC: 0.6894 - Val PR-AUC: 0.3771
[Fine-tune] Epoch 21/50 - Loss: 0.4798 - Val F1: 0.3636 - Val ROC-AUC: 0.7018 - Val PR-AUC: 0.3831
[Fine-tune] Epoch 22/50 - Loss: 0.4654 - Val F1: 0.4054 - Val ROC-AUC: 0.7086 - Val PR-AUC: 0.3983
[Fine-tune] Epoch 23/50 - Loss: 0.4783 - Val F1: 0.3820 - Val ROC-AUC: 0.7188 - Val PR-AUC: 0.4102
[Fine-tune] Epoch 24/50 - Loss: 0.5009 - Val F1: 0.4000 - Val ROC-AUC: 0.7227 - Val PR-AUC: 0.4083
[Fine-tune] Epoch 25/50 - Loss: 0.4742 - Val F1: 0.3947 - Val ROC-AUC: 0.7157 - Val PR-AUC: 0.4157
[Fine-tune] Epoch 26/50 - Loss: 0.4739 - Val F1: 0.3765 - Val ROC-AUC: 0.7063 - Val PR-AUC: 0.3998
[Fine-tune] Epoch 27/50 - Loss: 0.4738 - Val F1: 0.3765 - Val ROC-AUC: 0.7129 - Val PR-AUC: 0.4140
[Fine-tune] Epoch 28/50 - Loss: 0.4797 - Val F1: 0.3908 - Val ROC-AUC: 0.7072 - Val PR-AUC: 0.3919
[Fine-tune] Epoch 29/50 - Loss: 0.4945 - Val F1: 0.3855 - Val ROC-AUC: 0.6971 - Val PR-AUC: 0.3763
[Fine-tune] Epoch 30/50 - Loss: 0.4748 - Val F1: 0.3571 - Val ROC-AUC: 0.7032 - Val PR-AUC: 0.3977
[Fine-tune] Epoch 31/50 - Loss: 0.4959 - Val F1: 0.3678 - Val ROC-AUC: 0.7039 - Val PR-AUC: 0.3928
[Fine-tune] Epoch 32/50 - Loss: 0.4719 - Val F1: 0.3896 - Val ROC-AUC: 0.7075 - Val PR-AUC: 0.3904
[Fine-tune] Epoch 33/50 - Loss: 0.4678 - Val F1: 0.3659 - Val ROC-AUC: 0.7098 - Val PR-AUC: 0.4013
[Fine-tune] Epoch 34/50 - Loss: 0.4846 - Val F1: 0.3778 - Val ROC-AUC: 0.7195 - Val PR-AUC: 0.4123
[Fine-tune] Epoch 35/50 - Loss: 0.4598 - Val F1: 0.4048 - Val ROC-AUC: 0.7096 - Val PR-AUC: 0.3957
[Fine-tune] Epoch 36/50 - Loss: 0.4553 - Val F1: 0.3571 - Val ROC-AUC: 0.7166 - Val PR-AUC: 0.4090
[Fine-tune] Epoch 37/50 - Loss: 0.4641 - Val F1: 0.3721 - Val ROC-AUC: 0.7159 - Val PR-AUC: 0.4074
[Fine-tune] Epoch 38/50 - Loss: 0.4666 - Val F1: 0.4000 - Val ROC-AUC: 0.7155 - Val PR-AUC: 0.4084
[Fine-tune] Epoch 39/50 - Loss: 0.4756 - Val F1: 0.3947 - Val ROC-AUC: 0.7115 - Val PR-AUC: 0.4071
[Fine-tune] Epoch 40/50 - Loss: 0.4542 - Val F1: 0.3721 - Val ROC-AUC: 0.7131 - Val PR-AUC: 0.4237
[Fine-tune] Epoch 41/50 - Loss: 0.4498 - Val F1: 0.3721 - Val ROC-AUC: 0.7133 - Val PR-AUC: 0.4255
[Fine-tune] Epoch 42/50 - Loss: 0.4574 - Val F1: 0.3902 - Val ROC-AUC: 0.7131 - Val PR-AUC: 0.4247
[Fine-tune] Epoch 43/50 - Loss: 0.4526 - Val F1: 0.4000 - Val ROC-AUC: 0.7197 - Val PR-AUC: 0.4286
[Fine-tune] Epoch 44/50 - Loss: 0.4475 - Val F1: 0.3896 - Val ROC-AUC: 0.7155 - Val PR-AUC: 0.4284
[Fine-tune] Epoch 45/50 - Loss: 0.4463 - Val F1: 0.3896 - Val ROC-AUC: 0.7171 - Val PR-AUC: 0.4206
[Fine-tune] Epoch 46/50 - Loss: 0.4557 - Val F1: 0.4000 - Val ROC-AUC: 0.7188 - Val PR-AUC: 0.4141
[Fine-tune] Epoch 47/50 - Loss: 0.4720 - Val F1: 0.3797 - Val ROC-AUC: 0.7148 - Val PR-AUC: 0.4165
[Fine-tune] Epoch 48/50 - Loss: 0.4702 - Val F1: 0.3488 - Val ROC-AUC: 0.7115 - Val PR-AUC: 0.4088
[Fine-tune] Epoch 49/50 - Loss: 0.4380 - Val F1: 0.3659 - Val ROC-AUC: 0.7171 - Val PR-AUC: 0.4166
[Fine-tune] Epoch 50/50 - Loss: 0.4660 - Val F1: 0.3659 - Val ROC-AUC: 0.7148 - Val PR-AUC: 0.4093
Finetuning completed. Test F1: 0.5429, ROC-AUC: 0.8315, PR-AUC: 0.4777
[3.1/4] Target-only training on OT_ER_ERaERb_1440 using GCN...
  * Target-only 모델 이미 존재: model_save/targetonly/gcn/TargetOnly_OT_ER_ERaERb_1440_gcn.pth
  * Target-only 생략, 저장된 모델로 평가만 진행
=== Target-only TEST performance ===
Test F1: 0.5063, ROC-AUC: 0.8143, PR-AUC: 0.4343
✅ 실험 완료: TOX21_ERb_BLA_Agonist_viability -> OT_ER_ERaERb_1440 [GCN]
