[1/4] Excel → CSV 변환 중...
Saved pretrain CSV for TOX21_ERa_LUC_VM7_Agonist: data/sample/TOX21_ERa_LUC_VM7_Agonist.csv
Saved pretrain CSV for TOX21_ERb_BLA_Agonist_viability: data/sample/TOX21_ERb_BLA_Agonist_viability.csv
Saved pretrain CSV for TOX21_ERa_LUC_VM7_Agonist_10nM_ICI182780_viability: data/sample/TOX21_ERa_LUC_VM7_Agonist_10nM_ICI182780_viability.csv
Saved pretrain CSV for TOX21_ERR_LUC_viability: data/sample/TOX21_ERR_LUC_viability.csv
Saved finetune CSV for ATG_ERE_CIS: data/sample/ATG_ERE_CIS.csv
Saved finetune CSV for ATG_ERa_TRANS: data/sample/ATG_ERa_TRANS.csv
Saved finetune CSV for ACEA_ER_80hr: data/sample/ACEA_ER_80hr.csv
Saved finetune CSV for OT_ER_ERaERa_1440: data/sample/OT_ER_ERaERa_1440.csv
Saved finetune CSV for OT_ER_ERaERb_1440: data/sample/OT_ER_ERaERb_1440.csv
Saved finetune CSV for OT_ER_ERbERb_1440: data/sample/OT_ER_ERbERb_1440.csv
Saved finetune CSV for NVS_NR_hER: data/sample/NVS_NR_hER.csv
[2/4] Pretraining on TOX21_ERa_LUC_VM7_Agonist using GIN_GCN...
Epoch 1/50 - Loss: 0.6716 - Val F1: 0.2594 - Val ROC-AUC: 0.6445 - Val PR-AUC: 0.2626
Epoch 2/50 - Loss: 0.6489 - Val F1: 0.2637 - Val ROC-AUC: 0.6566 - Val PR-AUC: 0.2532
Epoch 3/50 - Loss: 0.6323 - Val F1: 0.2614 - Val ROC-AUC: 0.6638 - Val PR-AUC: 0.2742
Epoch 4/50 - Loss: 0.6252 - Val F1: 0.2747 - Val ROC-AUC: 0.6521 - Val PR-AUC: 0.2431
Epoch 5/50 - Loss: 0.6231 - Val F1: 0.2857 - Val ROC-AUC: 0.6800 - Val PR-AUC: 0.2740
Epoch 6/50 - Loss: 0.6105 - Val F1: 0.2738 - Val ROC-AUC: 0.6479 - Val PR-AUC: 0.2566
Epoch 7/50 - Loss: 0.6132 - Val F1: 0.3256 - Val ROC-AUC: 0.6940 - Val PR-AUC: 0.2795
Epoch 8/50 - Loss: 0.5981 - Val F1: 0.3058 - Val ROC-AUC: 0.7025 - Val PR-AUC: 0.2873
Epoch 9/50 - Loss: 0.6017 - Val F1: 0.2857 - Val ROC-AUC: 0.6611 - Val PR-AUC: 0.2546
Epoch 10/50 - Loss: 0.5851 - Val F1: 0.3077 - Val ROC-AUC: 0.6454 - Val PR-AUC: 0.2526
Epoch 11/50 - Loss: 0.5636 - Val F1: 0.2986 - Val ROC-AUC: 0.6759 - Val PR-AUC: 0.2914
Epoch 12/50 - Loss: 0.5550 - Val F1: 0.2794 - Val ROC-AUC: 0.6526 - Val PR-AUC: 0.2381
Epoch 13/50 - Loss: 0.5600 - Val F1: 0.2736 - Val ROC-AUC: 0.6833 - Val PR-AUC: 0.2923
Epoch 14/50 - Loss: 0.5563 - Val F1: 0.2927 - Val ROC-AUC: 0.6761 - Val PR-AUC: 0.3000
Epoch 15/50 - Loss: 0.5578 - Val F1: 0.3072 - Val ROC-AUC: 0.7022 - Val PR-AUC: 0.2967
Epoch 16/50 - Loss: 0.5471 - Val F1: 0.3111 - Val ROC-AUC: 0.6905 - Val PR-AUC: 0.2910
Epoch 17/50 - Loss: 0.5327 - Val F1: 0.2772 - Val ROC-AUC: 0.6826 - Val PR-AUC: 0.2892
Epoch 18/50 - Loss: 0.5361 - Val F1: 0.3018 - Val ROC-AUC: 0.6713 - Val PR-AUC: 0.2721
Epoch 19/50 - Loss: 0.5310 - Val F1: 0.2569 - Val ROC-AUC: 0.6473 - Val PR-AUC: 0.2607
Epoch 20/50 - Loss: 0.5285 - Val F1: 0.2963 - Val ROC-AUC: 0.6894 - Val PR-AUC: 0.2938
Epoch 21/50 - Loss: 0.5004 - Val F1: 0.2649 - Val ROC-AUC: 0.6656 - Val PR-AUC: 0.2580
Epoch 22/50 - Loss: 0.4941 - Val F1: 0.3246 - Val ROC-AUC: 0.6906 - Val PR-AUC: 0.3038
Epoch 23/50 - Loss: 0.4963 - Val F1: 0.3222 - Val ROC-AUC: 0.6921 - Val PR-AUC: 0.3022
Epoch 24/50 - Loss: 0.4950 - Val F1: 0.3182 - Val ROC-AUC: 0.6963 - Val PR-AUC: 0.3096
Epoch 25/50 - Loss: 0.4733 - Val F1: 0.3183 - Val ROC-AUC: 0.6857 - Val PR-AUC: 0.2962
Epoch 26/50 - Loss: 0.4725 - Val F1: 0.3121 - Val ROC-AUC: 0.6987 - Val PR-AUC: 0.3066
Epoch 27/50 - Loss: 0.4732 - Val F1: 0.3009 - Val ROC-AUC: 0.6713 - Val PR-AUC: 0.2809
Epoch 28/50 - Loss: 0.4803 - Val F1: 0.3117 - Val ROC-AUC: 0.6775 - Val PR-AUC: 0.2744
Epoch 29/50 - Loss: 0.4524 - Val F1: 0.3065 - Val ROC-AUC: 0.6764 - Val PR-AUC: 0.2822
Epoch 30/50 - Loss: 0.4544 - Val F1: 0.3154 - Val ROC-AUC: 0.6858 - Val PR-AUC: 0.3243
Epoch 31/50 - Loss: 0.4430 - Val F1: 0.3226 - Val ROC-AUC: 0.6898 - Val PR-AUC: 0.3097
Epoch 32/50 - Loss: 0.4309 - Val F1: 0.3086 - Val ROC-AUC: 0.6854 - Val PR-AUC: 0.3091
Epoch 33/50 - Loss: 0.4329 - Val F1: 0.3333 - Val ROC-AUC: 0.6927 - Val PR-AUC: 0.3136
Epoch 34/50 - Loss: 0.4167 - Val F1: 0.3193 - Val ROC-AUC: 0.6987 - Val PR-AUC: 0.2997
Epoch 35/50 - Loss: 0.4118 - Val F1: 0.3140 - Val ROC-AUC: 0.6808 - Val PR-AUC: 0.3132
Epoch 36/50 - Loss: 0.4121 - Val F1: 0.3484 - Val ROC-AUC: 0.6953 - Val PR-AUC: 0.3042
Epoch 37/50 - Loss: 0.4062 - Val F1: 0.3133 - Val ROC-AUC: 0.6900 - Val PR-AUC: 0.2884
Epoch 38/50 - Loss: 0.4017 - Val F1: 0.3267 - Val ROC-AUC: 0.6967 - Val PR-AUC: 0.2883
Epoch 39/50 - Loss: 0.4049 - Val F1: 0.3045 - Val ROC-AUC: 0.6822 - Val PR-AUC: 0.2761
Epoch 40/50 - Loss: 0.4120 - Val F1: 0.2867 - Val ROC-AUC: 0.6759 - Val PR-AUC: 0.2781
Epoch 41/50 - Loss: 0.3843 - Val F1: 0.3234 - Val ROC-AUC: 0.6865 - Val PR-AUC: 0.3024
Epoch 42/50 - Loss: 0.3830 - Val F1: 0.3252 - Val ROC-AUC: 0.6930 - Val PR-AUC: 0.2800
Epoch 43/50 - Loss: 0.3758 - Val F1: 0.3564 - Val ROC-AUC: 0.6974 - Val PR-AUC: 0.3116
Epoch 44/50 - Loss: 0.3778 - Val F1: 0.3087 - Val ROC-AUC: 0.6855 - Val PR-AUC: 0.2758
Epoch 45/50 - Loss: 0.3756 - Val F1: 0.3418 - Val ROC-AUC: 0.6947 - Val PR-AUC: 0.2936
Epoch 46/50 - Loss: 0.3765 - Val F1: 0.3205 - Val ROC-AUC: 0.6866 - Val PR-AUC: 0.2783
Epoch 47/50 - Loss: 0.3726 - Val F1: 0.3230 - Val ROC-AUC: 0.6879 - Val PR-AUC: 0.2865
Epoch 48/50 - Loss: 0.3679 - Val F1: 0.3172 - Val ROC-AUC: 0.6895 - Val PR-AUC: 0.2841
Epoch 49/50 - Loss: 0.3711 - Val F1: 0.3179 - Val ROC-AUC: 0.6835 - Val PR-AUC: 0.2583
Epoch 50/50 - Loss: 0.3686 - Val F1: 0.3144 - Val ROC-AUC: 0.6895 - Val PR-AUC: 0.2914
Pretraining completed. Test F1: 0.3251, ROC-AUC: 0.6500, PR-AUC: 0.3198
[3/4] Finetuning on ACEA_ER_80hr using GIN_GCN...
[Fine-tune] Epoch 1/50 - Loss: 0.6421 - Val F1: 0.2639 - Val ROC-AUC: 0.7036 - Val PR-AUC: 0.3290
[Fine-tune] Epoch 2/50 - Loss: 0.5325 - Val F1: 0.2637 - Val ROC-AUC: 0.7551 - Val PR-AUC: 0.4175
[Fine-tune] Epoch 3/50 - Loss: 0.4883 - Val F1: 0.2373 - Val ROC-AUC: 0.7219 - Val PR-AUC: 0.4128
[Fine-tune] Epoch 4/50 - Loss: 0.4843 - Val F1: 0.2764 - Val ROC-AUC: 0.6937 - Val PR-AUC: 0.3313
[Fine-tune] Epoch 5/50 - Loss: 0.4618 - Val F1: 0.2740 - Val ROC-AUC: 0.7003 - Val PR-AUC: 0.2849
[Fine-tune] Epoch 6/50 - Loss: 0.4644 - Val F1: 0.3265 - Val ROC-AUC: 0.7186 - Val PR-AUC: 0.4355
[Fine-tune] Epoch 7/50 - Loss: 0.4149 - Val F1: 0.2416 - Val ROC-AUC: 0.6845 - Val PR-AUC: 0.3190
[Fine-tune] Epoch 8/50 - Loss: 0.4023 - Val F1: 0.2783 - Val ROC-AUC: 0.7180 - Val PR-AUC: 0.3611
[Fine-tune] Epoch 9/50 - Loss: 0.4211 - Val F1: 0.2857 - Val ROC-AUC: 0.7375 - Val PR-AUC: 0.4598
[Fine-tune] Epoch 10/50 - Loss: 0.3886 - Val F1: 0.2707 - Val ROC-AUC: 0.7268 - Val PR-AUC: 0.4330
[Fine-tune] Epoch 11/50 - Loss: 0.3537 - Val F1: 0.3214 - Val ROC-AUC: 0.7517 - Val PR-AUC: 0.4149
[Fine-tune] Epoch 12/50 - Loss: 0.3417 - Val F1: 0.3226 - Val ROC-AUC: 0.7146 - Val PR-AUC: 0.4567
[Fine-tune] Epoch 13/50 - Loss: 0.3095 - Val F1: 0.2692 - Val ROC-AUC: 0.6931 - Val PR-AUC: 0.3356
[Fine-tune] Epoch 14/50 - Loss: 0.2791 - Val F1: 0.2936 - Val ROC-AUC: 0.7306 - Val PR-AUC: 0.3576
[Fine-tune] Epoch 15/50 - Loss: 0.3021 - Val F1: 0.3117 - Val ROC-AUC: 0.6865 - Val PR-AUC: 0.3226
[Fine-tune] Epoch 16/50 - Loss: 0.3121 - Val F1: 0.3061 - Val ROC-AUC: 0.7011 - Val PR-AUC: 0.3545
[Fine-tune] Epoch 17/50 - Loss: 0.2988 - Val F1: 0.2752 - Val ROC-AUC: 0.7152 - Val PR-AUC: 0.3517
[Fine-tune] Epoch 18/50 - Loss: 0.2904 - Val F1: 0.2832 - Val ROC-AUC: 0.7135 - Val PR-AUC: 0.3134
[Fine-tune] Epoch 19/50 - Loss: 0.2592 - Val F1: 0.2772 - Val ROC-AUC: 0.7031 - Val PR-AUC: 0.3836
[Fine-tune] Epoch 20/50 - Loss: 0.2774 - Val F1: 0.3125 - Val ROC-AUC: 0.7162 - Val PR-AUC: 0.2745
[Fine-tune] Epoch 21/50 - Loss: 0.2377 - Val F1: 0.3529 - Val ROC-AUC: 0.7227 - Val PR-AUC: 0.3111
[Fine-tune] Epoch 22/50 - Loss: 0.2428 - Val F1: 0.3269 - Val ROC-AUC: 0.7200 - Val PR-AUC: 0.3276
[Fine-tune] Epoch 23/50 - Loss: 0.2185 - Val F1: 0.2800 - Val ROC-AUC: 0.7189 - Val PR-AUC: 0.3320
[Fine-tune] Epoch 24/50 - Loss: 0.2204 - Val F1: 0.3158 - Val ROC-AUC: 0.7192 - Val PR-AUC: 0.2980
[Fine-tune] Epoch 25/50 - Loss: 0.2192 - Val F1: 0.3261 - Val ROC-AUC: 0.7178 - Val PR-AUC: 0.3396
[Fine-tune] Epoch 26/50 - Loss: 0.2002 - Val F1: 0.3614 - Val ROC-AUC: 0.7265 - Val PR-AUC: 0.3603
[Fine-tune] Epoch 27/50 - Loss: 0.2276 - Val F1: 0.3250 - Val ROC-AUC: 0.7177 - Val PR-AUC: 0.3806
[Fine-tune] Epoch 28/50 - Loss: 0.2036 - Val F1: 0.3797 - Val ROC-AUC: 0.7300 - Val PR-AUC: 0.3502
[Fine-tune] Epoch 29/50 - Loss: 0.2028 - Val F1: 0.4051 - Val ROC-AUC: 0.7247 - Val PR-AUC: 0.3009
[Fine-tune] Epoch 30/50 - Loss: 0.1958 - Val F1: 0.3614 - Val ROC-AUC: 0.7282 - Val PR-AUC: 0.2832
[Fine-tune] Epoch 31/50 - Loss: 0.1996 - Val F1: 0.3415 - Val ROC-AUC: 0.7221 - Val PR-AUC: 0.3131
[Fine-tune] Epoch 32/50 - Loss: 0.1938 - Val F1: 0.3659 - Val ROC-AUC: 0.7299 - Val PR-AUC: 0.2925
[Fine-tune] Epoch 33/50 - Loss: 0.1977 - Val F1: 0.3846 - Val ROC-AUC: 0.7279 - Val PR-AUC: 0.3278
[Fine-tune] Epoch 34/50 - Loss: 0.1753 - Val F1: 0.3457 - Val ROC-AUC: 0.7293 - Val PR-AUC: 0.3155
[Fine-tune] Epoch 35/50 - Loss: 0.1696 - Val F1: 0.3846 - Val ROC-AUC: 0.7304 - Val PR-AUC: 0.2811
[Fine-tune] Epoch 36/50 - Loss: 0.1884 - Val F1: 0.3636 - Val ROC-AUC: 0.7355 - Val PR-AUC: 0.2910
[Fine-tune] Epoch 37/50 - Loss: 0.1791 - Val F1: 0.3614 - Val ROC-AUC: 0.7296 - Val PR-AUC: 0.3262
[Fine-tune] Epoch 38/50 - Loss: 0.1610 - Val F1: 0.3448 - Val ROC-AUC: 0.7318 - Val PR-AUC: 0.2884
[Fine-tune] Epoch 39/50 - Loss: 0.1676 - Val F1: 0.3371 - Val ROC-AUC: 0.7236 - Val PR-AUC: 0.2596
[Fine-tune] Epoch 40/50 - Loss: 0.1647 - Val F1: 0.3659 - Val ROC-AUC: 0.7323 - Val PR-AUC: 0.3041
[Fine-tune] Epoch 41/50 - Loss: 0.1717 - Val F1: 0.3614 - Val ROC-AUC: 0.7315 - Val PR-AUC: 0.2990
[Fine-tune] Epoch 42/50 - Loss: 0.1707 - Val F1: 0.3514 - Val ROC-AUC: 0.7214 - Val PR-AUC: 0.2821
[Fine-tune] Epoch 43/50 - Loss: 0.1719 - Val F1: 0.3733 - Val ROC-AUC: 0.7201 - Val PR-AUC: 0.2615
[Fine-tune] Epoch 44/50 - Loss: 0.1689 - Val F1: 0.3614 - Val ROC-AUC: 0.7246 - Val PR-AUC: 0.2868
[Fine-tune] Epoch 45/50 - Loss: 0.1789 - Val F1: 0.3448 - Val ROC-AUC: 0.7272 - Val PR-AUC: 0.3371
[Fine-tune] Epoch 46/50 - Loss: 0.1651 - Val F1: 0.3614 - Val ROC-AUC: 0.7422 - Val PR-AUC: 0.3240
[Fine-tune] Epoch 47/50 - Loss: 0.1590 - Val F1: 0.3947 - Val ROC-AUC: 0.7365 - Val PR-AUC: 0.2933
[Fine-tune] Epoch 48/50 - Loss: 0.1545 - Val F1: 0.3947 - Val ROC-AUC: 0.7387 - Val PR-AUC: 0.2854
[Fine-tune] Epoch 49/50 - Loss: 0.1823 - Val F1: 0.3590 - Val ROC-AUC: 0.7360 - Val PR-AUC: 0.2979
[Fine-tune] Epoch 50/50 - Loss: 0.1680 - Val F1: 0.3768 - Val ROC-AUC: 0.7310 - Val PR-AUC: 0.2978
Finetuning completed. Test F1: 0.3095, ROC-AUC: 0.7309, PR-AUC: 0.3381
[3.1/4] Target-only training on ACEA_ER_80hr using GIN_GCN...
=== Target-only training ===
[Target-only] Epoch 1/50 – Loss: 0.6666  Val F1: 0.1910  ROC-AUC: 0.6302  PR-AUC: 0.1952
[Target-only] Epoch 2/50 – Loss: 0.6240  Val F1: 0.2099  ROC-AUC: 0.6702  PR-AUC: 0.2767
[Target-only] Epoch 3/50 – Loss: 0.6035  Val F1: 0.1943  ROC-AUC: 0.6537  PR-AUC: 0.2773
[Target-only] Epoch 4/50 – Loss: 0.6117  Val F1: 0.2435  ROC-AUC: 0.6338  PR-AUC: 0.2635
[Target-only] Epoch 5/50 – Loss: 0.5831  Val F1: 0.2478  ROC-AUC: 0.6244  PR-AUC: 0.1899
[Target-only] Epoch 6/50 – Loss: 0.5917  Val F1: 0.2093  ROC-AUC: 0.6810  PR-AUC: 0.3115
[Target-only] Epoch 7/50 – Loss: 0.5640  Val F1: 0.2093  ROC-AUC: 0.6845  PR-AUC: 0.3572
[Target-only] Epoch 8/50 – Loss: 0.5309  Val F1: 0.1720  ROC-AUC: 0.5890  PR-AUC: 0.1680
[Target-only] Epoch 9/50 – Loss: 0.5491  Val F1: 0.1988  ROC-AUC: 0.6551  PR-AUC: 0.2295
[Target-only] Epoch 10/50 – Loss: 0.5248  Val F1: 0.3232  ROC-AUC: 0.6927  PR-AUC: 0.3624
[Target-only] Epoch 11/50 – Loss: 0.4764  Val F1: 0.3200  ROC-AUC: 0.6993  PR-AUC: 0.3944
[Target-only] Epoch 12/50 – Loss: 0.4675  Val F1: 0.2449  ROC-AUC: 0.7037  PR-AUC: 0.4035
[Target-only] Epoch 13/50 – Loss: 0.4830  Val F1: 0.3529  ROC-AUC: 0.7020  PR-AUC: 0.3989
[Target-only] Epoch 14/50 – Loss: 0.4639  Val F1: 0.2388  ROC-AUC: 0.6916  PR-AUC: 0.3754
[Target-only] Epoch 15/50 – Loss: 0.4540  Val F1: 0.2676  ROC-AUC: 0.7064  PR-AUC: 0.3615
[Target-only] Epoch 16/50 – Loss: 0.4561  Val F1: 0.3030  ROC-AUC: 0.7125  PR-AUC: 0.3989
[Target-only] Epoch 17/50 – Loss: 0.4187  Val F1: 0.3016  ROC-AUC: 0.7150  PR-AUC: 0.3812
[Target-only] Epoch 18/50 – Loss: 0.4363  Val F1: 0.2947  ROC-AUC: 0.6860  PR-AUC: 0.3368
[Target-only] Epoch 19/50 – Loss: 0.4239  Val F1: 0.2645  ROC-AUC: 0.6736  PR-AUC: 0.3562
[Target-only] Epoch 20/50 – Loss: 0.3909  Val F1: 0.2742  ROC-AUC: 0.7082  PR-AUC: 0.4158
[Target-only] Epoch 21/50 – Loss: 0.3888  Val F1: 0.2970  ROC-AUC: 0.7147  PR-AUC: 0.3925
[Target-only] Epoch 22/50 – Loss: 0.3748  Val F1: 0.2642  ROC-AUC: 0.6840  PR-AUC: 0.3918
[Target-only] Epoch 23/50 – Loss: 0.3551  Val F1: 0.2766  ROC-AUC: 0.6817  PR-AUC: 0.3605
[Target-only] Epoch 24/50 – Loss: 0.3365  Val F1: 0.2833  ROC-AUC: 0.7200  PR-AUC: 0.3938
[Target-only] Epoch 25/50 – Loss: 0.3303  Val F1: 0.2520  ROC-AUC: 0.6994  PR-AUC: 0.3687
[Target-only] Epoch 26/50 – Loss: 0.3474  Val F1: 0.3063  ROC-AUC: 0.6912  PR-AUC: 0.4014
[Target-only] Epoch 27/50 – Loss: 0.3409  Val F1: 0.3448  ROC-AUC: 0.7043  PR-AUC: 0.3929
[Target-only] Epoch 28/50 – Loss: 0.3347  Val F1: 0.3218  ROC-AUC: 0.7103  PR-AUC: 0.3970
[Target-only] Epoch 29/50 – Loss: 0.3085  Val F1: 0.3333  ROC-AUC: 0.7179  PR-AUC: 0.4035
[Target-only] Epoch 30/50 – Loss: 0.3106  Val F1: 0.2913  ROC-AUC: 0.7210  PR-AUC: 0.4090
[Target-only] Epoch 31/50 – Loss: 0.2875  Val F1: 0.3158  ROC-AUC: 0.7002  PR-AUC: 0.3366
[Target-only] Epoch 32/50 – Loss: 0.2821  Val F1: 0.3299  ROC-AUC: 0.7075  PR-AUC: 0.3867
[Target-only] Epoch 33/50 – Loss: 0.2771  Val F1: 0.3409  ROC-AUC: 0.7074  PR-AUC: 0.3807
[Target-only] Epoch 34/50 – Loss: 0.2801  Val F1: 0.3023  ROC-AUC: 0.7048  PR-AUC: 0.3716
[Target-only] Epoch 35/50 – Loss: 0.3017  Val F1: 0.2963  ROC-AUC: 0.7040  PR-AUC: 0.3744
[Target-only] Epoch 36/50 – Loss: 0.2748  Val F1: 0.2588  ROC-AUC: 0.6931  PR-AUC: 0.3629
[Target-only] Epoch 37/50 – Loss: 0.2428  Val F1: 0.3441  ROC-AUC: 0.7131  PR-AUC: 0.3739
[Target-only] Epoch 38/50 – Loss: 0.2649  Val F1: 0.3488  ROC-AUC: 0.7120  PR-AUC: 0.4111
[Target-only] Epoch 39/50 – Loss: 0.2541  Val F1: 0.2800  ROC-AUC: 0.7032  PR-AUC: 0.3329
[Target-only] Epoch 40/50 – Loss: 0.2427  Val F1: 0.3171  ROC-AUC: 0.6927  PR-AUC: 0.3380
[Target-only] Epoch 41/50 – Loss: 0.2524  Val F1: 0.3000  ROC-AUC: 0.6978  PR-AUC: 0.3742
[Target-only] Epoch 42/50 – Loss: 0.2467  Val F1: 0.3133  ROC-AUC: 0.7060  PR-AUC: 0.3533
[Target-only] Epoch 43/50 – Loss: 0.2288  Val F1: 0.2759  ROC-AUC: 0.6921  PR-AUC: 0.3352
[Target-only] Epoch 44/50 – Loss: 0.2264  Val F1: 0.3250  ROC-AUC: 0.7133  PR-AUC: 0.3581
[Target-only] Epoch 45/50 – Loss: 0.2325  Val F1: 0.3288  ROC-AUC: 0.7104  PR-AUC: 0.4043
[Target-only] Epoch 46/50 – Loss: 0.2161  Val F1: 0.3368  ROC-AUC: 0.7173  PR-AUC: 0.3908
[Target-only] Epoch 47/50 – Loss: 0.2169  Val F1: 0.3448  ROC-AUC: 0.7112  PR-AUC: 0.3703
[Target-only] Epoch 48/50 – Loss: 0.2252  Val F1: 0.3590  ROC-AUC: 0.7192  PR-AUC: 0.4045
[Target-only] Epoch 49/50 – Loss: 0.2196  Val F1: 0.3093  ROC-AUC: 0.7051  PR-AUC: 0.3811
[Target-only] Epoch 50/50 – Loss: 0.2189  Val F1: 0.3409  ROC-AUC: 0.7223  PR-AUC: 0.3819
=== Target-only TEST performance ===
Test F1: 0.2892, ROC-AUC: 0.6837, PR-AUC: 0.1937
✅ 실험 완료: TOX21_ERa_LUC_VM7_Agonist -> ACEA_ER_80hr [GIN_GCN]
