[1/4] Excel → CSV 변환 중...
Saved pretrain CSV for TOX21_ERa_LUC_VM7_Agonist: data/sample/TOX21_ERa_LUC_VM7_Agonist.csv
Saved pretrain CSV for TOX21_ERb_BLA_Agonist_viability: data/sample/TOX21_ERb_BLA_Agonist_viability.csv
Saved pretrain CSV for TOX21_ERa_LUC_VM7_Agonist_10nM_ICI182780_viability: data/sample/TOX21_ERa_LUC_VM7_Agonist_10nM_ICI182780_viability.csv
Saved pretrain CSV for TOX21_ERR_LUC_viability: data/sample/TOX21_ERR_LUC_viability.csv
Saved finetune CSV for ATG_ERE_CIS: data/sample/ATG_ERE_CIS.csv
Saved finetune CSV for ATG_ERa_TRANS: data/sample/ATG_ERa_TRANS.csv
Saved finetune CSV for ACEA_ER_80hr: data/sample/ACEA_ER_80hr.csv
Saved finetune CSV for OT_ER_ERaERa_1440: data/sample/OT_ER_ERaERa_1440.csv
Saved finetune CSV for OT_ER_ERaERb_1440: data/sample/OT_ER_ERaERb_1440.csv
Saved finetune CSV for OT_ER_ERbERb_1440: data/sample/OT_ER_ERbERb_1440.csv
Saved finetune CSV for NVS_NR_hER: data/sample/NVS_NR_hER.csv
[2/4] Pretraining on TOX21_ERb_BLA_Agonist_viability using GIN_GCN...
Epoch 1/50 - Loss: 0.6312 - Val F1: 0.3560 - Val ROC-AUC: 0.7024 - Val PR-AUC: 0.3007
Epoch 2/50 - Loss: 0.5896 - Val F1: 0.3529 - Val ROC-AUC: 0.7190 - Val PR-AUC: 0.2951
Epoch 3/50 - Loss: 0.5661 - Val F1: 0.3498 - Val ROC-AUC: 0.7101 - Val PR-AUC: 0.2806
Epoch 4/50 - Loss: 0.5494 - Val F1: 0.3909 - Val ROC-AUC: 0.7361 - Val PR-AUC: 0.2633
Epoch 5/50 - Loss: 0.5396 - Val F1: 0.3452 - Val ROC-AUC: 0.7187 - Val PR-AUC: 0.2951
Epoch 6/50 - Loss: 0.5443 - Val F1: 0.3844 - Val ROC-AUC: 0.7546 - Val PR-AUC: 0.3398
Epoch 7/50 - Loss: 0.5325 - Val F1: 0.3636 - Val ROC-AUC: 0.7424 - Val PR-AUC: 0.3158
Epoch 8/50 - Loss: 0.5105 - Val F1: 0.3767 - Val ROC-AUC: 0.7651 - Val PR-AUC: 0.3572
Epoch 9/50 - Loss: 0.5218 - Val F1: 0.3687 - Val ROC-AUC: 0.7358 - Val PR-AUC: 0.2838
Epoch 10/50 - Loss: 0.5071 - Val F1: 0.4062 - Val ROC-AUC: 0.7566 - Val PR-AUC: 0.3008
Epoch 11/50 - Loss: 0.4874 - Val F1: 0.4123 - Val ROC-AUC: 0.7753 - Val PR-AUC: 0.3407
Epoch 12/50 - Loss: 0.4805 - Val F1: 0.4052 - Val ROC-AUC: 0.7813 - Val PR-AUC: 0.3479
Epoch 13/50 - Loss: 0.4655 - Val F1: 0.4179 - Val ROC-AUC: 0.7566 - Val PR-AUC: 0.3293
Epoch 14/50 - Loss: 0.4740 - Val F1: 0.4057 - Val ROC-AUC: 0.7686 - Val PR-AUC: 0.3288
Epoch 15/50 - Loss: 0.4634 - Val F1: 0.4151 - Val ROC-AUC: 0.7848 - Val PR-AUC: 0.3600
Epoch 16/50 - Loss: 0.4482 - Val F1: 0.4129 - Val ROC-AUC: 0.7777 - Val PR-AUC: 0.3554
Epoch 17/50 - Loss: 0.4594 - Val F1: 0.4198 - Val ROC-AUC: 0.7837 - Val PR-AUC: 0.3620
Epoch 18/50 - Loss: 0.4497 - Val F1: 0.4063 - Val ROC-AUC: 0.7683 - Val PR-AUC: 0.3121
Epoch 19/50 - Loss: 0.4448 - Val F1: 0.4329 - Val ROC-AUC: 0.7767 - Val PR-AUC: 0.3504
Epoch 20/50 - Loss: 0.4309 - Val F1: 0.4054 - Val ROC-AUC: 0.7921 - Val PR-AUC: 0.3625
Epoch 21/50 - Loss: 0.4132 - Val F1: 0.4038 - Val ROC-AUC: 0.7804 - Val PR-AUC: 0.3737
Epoch 22/50 - Loss: 0.4137 - Val F1: 0.4142 - Val ROC-AUC: 0.7868 - Val PR-AUC: 0.3720
Epoch 23/50 - Loss: 0.4065 - Val F1: 0.4189 - Val ROC-AUC: 0.7868 - Val PR-AUC: 0.3598
Epoch 24/50 - Loss: 0.4107 - Val F1: 0.3988 - Val ROC-AUC: 0.7885 - Val PR-AUC: 0.3762
Epoch 25/50 - Loss: 0.4025 - Val F1: 0.4317 - Val ROC-AUC: 0.7898 - Val PR-AUC: 0.3835
Epoch 26/50 - Loss: 0.3907 - Val F1: 0.3907 - Val ROC-AUC: 0.7900 - Val PR-AUC: 0.3759
Epoch 27/50 - Loss: 0.3877 - Val F1: 0.4190 - Val ROC-AUC: 0.7978 - Val PR-AUC: 0.3818
Epoch 28/50 - Loss: 0.3846 - Val F1: 0.4144 - Val ROC-AUC: 0.7994 - Val PR-AUC: 0.3793
Epoch 29/50 - Loss: 0.3852 - Val F1: 0.4437 - Val ROC-AUC: 0.7974 - Val PR-AUC: 0.3845
Epoch 30/50 - Loss: 0.3851 - Val F1: 0.4265 - Val ROC-AUC: 0.7884 - Val PR-AUC: 0.3697
Epoch 31/50 - Loss: 0.3649 - Val F1: 0.4387 - Val ROC-AUC: 0.7999 - Val PR-AUC: 0.3852
Epoch 32/50 - Loss: 0.3495 - Val F1: 0.4221 - Val ROC-AUC: 0.7922 - Val PR-AUC: 0.3752
Epoch 33/50 - Loss: 0.3610 - Val F1: 0.4267 - Val ROC-AUC: 0.7972 - Val PR-AUC: 0.4015
Epoch 34/50 - Loss: 0.3512 - Val F1: 0.4286 - Val ROC-AUC: 0.7947 - Val PR-AUC: 0.3800
Epoch 35/50 - Loss: 0.3601 - Val F1: 0.4259 - Val ROC-AUC: 0.7977 - Val PR-AUC: 0.4076
Epoch 36/50 - Loss: 0.3494 - Val F1: 0.4345 - Val ROC-AUC: 0.7976 - Val PR-AUC: 0.3960
Epoch 37/50 - Loss: 0.3397 - Val F1: 0.4224 - Val ROC-AUC: 0.7954 - Val PR-AUC: 0.3939
Epoch 38/50 - Loss: 0.3408 - Val F1: 0.4071 - Val ROC-AUC: 0.7873 - Val PR-AUC: 0.3682
Epoch 39/50 - Loss: 0.3518 - Val F1: 0.4255 - Val ROC-AUC: 0.7905 - Val PR-AUC: 0.3711
Epoch 40/50 - Loss: 0.3467 - Val F1: 0.4384 - Val ROC-AUC: 0.7957 - Val PR-AUC: 0.3959
Epoch 41/50 - Loss: 0.3241 - Val F1: 0.4142 - Val ROC-AUC: 0.7972 - Val PR-AUC: 0.3917
Epoch 42/50 - Loss: 0.3299 - Val F1: 0.4142 - Val ROC-AUC: 0.7948 - Val PR-AUC: 0.3949
Epoch 43/50 - Loss: 0.3135 - Val F1: 0.4238 - Val ROC-AUC: 0.7937 - Val PR-AUC: 0.3876
Epoch 44/50 - Loss: 0.3219 - Val F1: 0.4266 - Val ROC-AUC: 0.7971 - Val PR-AUC: 0.3888
Epoch 45/50 - Loss: 0.3171 - Val F1: 0.4348 - Val ROC-AUC: 0.7976 - Val PR-AUC: 0.4049
Epoch 46/50 - Loss: 0.3124 - Val F1: 0.4437 - Val ROC-AUC: 0.7973 - Val PR-AUC: 0.4023
Epoch 47/50 - Loss: 0.3122 - Val F1: 0.4396 - Val ROC-AUC: 0.7942 - Val PR-AUC: 0.4047
Epoch 48/50 - Loss: 0.3097 - Val F1: 0.4460 - Val ROC-AUC: 0.7960 - Val PR-AUC: 0.3922
Epoch 49/50 - Loss: 0.3114 - Val F1: 0.4388 - Val ROC-AUC: 0.7987 - Val PR-AUC: 0.4048
Epoch 50/50 - Loss: 0.3214 - Val F1: 0.4345 - Val ROC-AUC: 0.8052 - Val PR-AUC: 0.4142
Pretraining completed. Test F1: 0.3771, ROC-AUC: 0.7195, PR-AUC: 0.3036
[3/4] Finetuning on OT_ER_ERaERa_1440 using GIN_GCN...
[Fine-tune] Epoch 1/50 - Loss: 0.6594 - Val F1: 0.2597 - Val ROC-AUC: 0.6509 - Val PR-AUC: 0.2899
[Fine-tune] Epoch 2/50 - Loss: 0.3715 - Val F1: 0.2254 - Val ROC-AUC: 0.6486 - Val PR-AUC: 0.2890
[Fine-tune] Epoch 3/50 - Loss: 0.3111 - Val F1: 0.3103 - Val ROC-AUC: 0.6879 - Val PR-AUC: 0.3023
[Fine-tune] Epoch 4/50 - Loss: 0.2891 - Val F1: 0.3043 - Val ROC-AUC: 0.6787 - Val PR-AUC: 0.3051
[Fine-tune] Epoch 5/50 - Loss: 0.2882 - Val F1: 0.3273 - Val ROC-AUC: 0.6650 - Val PR-AUC: 0.3115
[Fine-tune] Epoch 6/50 - Loss: 0.2694 - Val F1: 0.3030 - Val ROC-AUC: 0.6879 - Val PR-AUC: 0.2903
[Fine-tune] Epoch 7/50 - Loss: 0.2668 - Val F1: 0.2951 - Val ROC-AUC: 0.6803 - Val PR-AUC: 0.3020
[Fine-tune] Epoch 8/50 - Loss: 0.2450 - Val F1: 0.2083 - Val ROC-AUC: 0.6498 - Val PR-AUC: 0.2554
[Fine-tune] Epoch 9/50 - Loss: 0.2463 - Val F1: 0.2800 - Val ROC-AUC: 0.6410 - Val PR-AUC: 0.3242
[Fine-tune] Epoch 10/50 - Loss: 0.2356 - Val F1: 0.3137 - Val ROC-AUC: 0.6151 - Val PR-AUC: 0.3004
[Fine-tune] Epoch 11/50 - Loss: 0.2308 - Val F1: 0.3478 - Val ROC-AUC: 0.6361 - Val PR-AUC: 0.2437
[Fine-tune] Epoch 12/50 - Loss: 0.1737 - Val F1: 0.2667 - Val ROC-AUC: 0.6113 - Val PR-AUC: 0.2396
[Fine-tune] Epoch 13/50 - Loss: 0.1599 - Val F1: 0.2273 - Val ROC-AUC: 0.6284 - Val PR-AUC: 0.2775
[Fine-tune] Epoch 14/50 - Loss: 0.1674 - Val F1: 0.2553 - Val ROC-AUC: 0.6330 - Val PR-AUC: 0.2954
[Fine-tune] Epoch 15/50 - Loss: 0.1392 - Val F1: 0.2778 - Val ROC-AUC: 0.5938 - Val PR-AUC: 0.2390
[Fine-tune] Epoch 16/50 - Loss: 0.1375 - Val F1: 0.3182 - Val ROC-AUC: 0.6212 - Val PR-AUC: 0.3123
[Fine-tune] Epoch 17/50 - Loss: 0.1651 - Val F1: 0.2632 - Val ROC-AUC: 0.5926 - Val PR-AUC: 0.2368
[Fine-tune] Epoch 18/50 - Loss: 0.1405 - Val F1: 0.2927 - Val ROC-AUC: 0.6098 - Val PR-AUC: 0.2049
[Fine-tune] Epoch 19/50 - Loss: 0.1369 - Val F1: 0.2778 - Val ROC-AUC: 0.6124 - Val PR-AUC: 0.2675
[Fine-tune] Epoch 20/50 - Loss: 0.1504 - Val F1: 0.3500 - Val ROC-AUC: 0.5918 - Val PR-AUC: 0.2203
[Fine-tune] Epoch 21/50 - Loss: 0.1006 - Val F1: 0.3077 - Val ROC-AUC: 0.6075 - Val PR-AUC: 0.2802
[Fine-tune] Epoch 22/50 - Loss: 0.1151 - Val F1: 0.3077 - Val ROC-AUC: 0.6200 - Val PR-AUC: 0.2563
[Fine-tune] Epoch 23/50 - Loss: 0.1190 - Val F1: 0.2778 - Val ROC-AUC: 0.6029 - Val PR-AUC: 0.2520
[Fine-tune] Epoch 24/50 - Loss: 0.1010 - Val F1: 0.2857 - Val ROC-AUC: 0.6056 - Val PR-AUC: 0.2545
[Fine-tune] Epoch 25/50 - Loss: 0.1204 - Val F1: 0.2632 - Val ROC-AUC: 0.6014 - Val PR-AUC: 0.2560
[Fine-tune] Epoch 26/50 - Loss: 0.1228 - Val F1: 0.2857 - Val ROC-AUC: 0.5831 - Val PR-AUC: 0.2351
[Fine-tune] Epoch 27/50 - Loss: 0.0885 - Val F1: 0.2500 - Val ROC-AUC: 0.6059 - Val PR-AUC: 0.2405
[Fine-tune] Epoch 28/50 - Loss: 0.0979 - Val F1: 0.3077 - Val ROC-AUC: 0.6071 - Val PR-AUC: 0.2392
[Fine-tune] Epoch 29/50 - Loss: 0.0851 - Val F1: 0.2381 - Val ROC-AUC: 0.5633 - Val PR-AUC: 0.2197
[Fine-tune] Epoch 30/50 - Loss: 0.0900 - Val F1: 0.2500 - Val ROC-AUC: 0.5941 - Val PR-AUC: 0.2323
[Fine-tune] Epoch 31/50 - Loss: 0.0965 - Val F1: 0.2632 - Val ROC-AUC: 0.5896 - Val PR-AUC: 0.2280
[Fine-tune] Epoch 32/50 - Loss: 0.0926 - Val F1: 0.2632 - Val ROC-AUC: 0.6071 - Val PR-AUC: 0.2284
[Fine-tune] Epoch 33/50 - Loss: 0.0900 - Val F1: 0.2778 - Val ROC-AUC: 0.5850 - Val PR-AUC: 0.2304
[Fine-tune] Epoch 34/50 - Loss: 0.0775 - Val F1: 0.2222 - Val ROC-AUC: 0.5732 - Val PR-AUC: 0.2210
[Fine-tune] Epoch 35/50 - Loss: 0.0835 - Val F1: 0.3030 - Val ROC-AUC: 0.6056 - Val PR-AUC: 0.2370
[Fine-tune] Epoch 36/50 - Loss: 0.0741 - Val F1: 0.2353 - Val ROC-AUC: 0.5838 - Val PR-AUC: 0.2298
[Fine-tune] Epoch 37/50 - Loss: 0.0698 - Val F1: 0.3333 - Val ROC-AUC: 0.6101 - Val PR-AUC: 0.2415
[Fine-tune] Epoch 38/50 - Loss: 0.0726 - Val F1: 0.2778 - Val ROC-AUC: 0.6170 - Val PR-AUC: 0.2460
[Fine-tune] Epoch 39/50 - Loss: 0.0826 - Val F1: 0.3077 - Val ROC-AUC: 0.5983 - Val PR-AUC: 0.2333
[Fine-tune] Epoch 40/50 - Loss: 0.0843 - Val F1: 0.2857 - Val ROC-AUC: 0.6025 - Val PR-AUC: 0.2493
[Fine-tune] Epoch 41/50 - Loss: 0.0843 - Val F1: 0.2941 - Val ROC-AUC: 0.5983 - Val PR-AUC: 0.2399
[Fine-tune] Epoch 42/50 - Loss: 0.0598 - Val F1: 0.2778 - Val ROC-AUC: 0.5915 - Val PR-AUC: 0.2580
[Fine-tune] Epoch 43/50 - Loss: 0.0717 - Val F1: 0.2581 - Val ROC-AUC: 0.5979 - Val PR-AUC: 0.2391
[Fine-tune] Epoch 44/50 - Loss: 0.0745 - Val F1: 0.2857 - Val ROC-AUC: 0.6071 - Val PR-AUC: 0.2405
[Fine-tune] Epoch 45/50 - Loss: 0.0679 - Val F1: 0.3077 - Val ROC-AUC: 0.5968 - Val PR-AUC: 0.2324
[Fine-tune] Epoch 46/50 - Loss: 0.0777 - Val F1: 0.3243 - Val ROC-AUC: 0.5808 - Val PR-AUC: 0.2287
[Fine-tune] Epoch 47/50 - Loss: 0.0653 - Val F1: 0.2941 - Val ROC-AUC: 0.5892 - Val PR-AUC: 0.2300
[Fine-tune] Epoch 48/50 - Loss: 0.0649 - Val F1: 0.2778 - Val ROC-AUC: 0.5850 - Val PR-AUC: 0.2257
[Fine-tune] Epoch 49/50 - Loss: 0.0766 - Val F1: 0.2353 - Val ROC-AUC: 0.5827 - Val PR-AUC: 0.2252
[Fine-tune] Epoch 50/50 - Loss: 0.0789 - Val F1: 0.2500 - Val ROC-AUC: 0.6006 - Val PR-AUC: 0.2338
Finetuning completed. Test F1: 0.3721, ROC-AUC: 0.8388, PR-AUC: 0.3020
[3.1/4] Target-only training on OT_ER_ERaERa_1440 using GIN_GCN...
=== Target-only training ===
[Target-only] Epoch 1/50 – Loss: 0.6088  Val F1: 0.1547  ROC-AUC: 0.6711  PR-AUC: 0.2434
[Target-only] Epoch 2/50 – Loss: 0.5125  Val F1: 0.2326  ROC-AUC: 0.6536  PR-AUC: 0.3431
[Target-only] Epoch 3/50 – Loss: 0.4773  Val F1: 0.2917  ROC-AUC: 0.6639  PR-AUC: 0.3605
[Target-only] Epoch 4/50 – Loss: 0.4691  Val F1: 0.2020  ROC-AUC: 0.6570  PR-AUC: 0.3332
[Target-only] Epoch 5/50 – Loss: 0.4492  Val F1: 0.1724  ROC-AUC: 0.6124  PR-AUC: 0.2422
[Target-only] Epoch 6/50 – Loss: 0.4489  Val F1: 0.2609  ROC-AUC: 0.6566  PR-AUC: 0.3606
[Target-only] Epoch 7/50 – Loss: 0.4062  Val F1: 0.2353  ROC-AUC: 0.6593  PR-AUC: 0.3598
[Target-only] Epoch 8/50 – Loss: 0.4225  Val F1: 0.2647  ROC-AUC: 0.6643  PR-AUC: 0.2656
[Target-only] Epoch 9/50 – Loss: 0.4015  Val F1: 0.2623  ROC-AUC: 0.6402  PR-AUC: 0.3020
[Target-only] Epoch 10/50 – Loss: 0.3845  Val F1: 0.2069  ROC-AUC: 0.5659  PR-AUC: 0.1691
[Target-only] Epoch 11/50 – Loss: 0.3307  Val F1: 0.2941  ROC-AUC: 0.6250  PR-AUC: 0.2179
[Target-only] Epoch 12/50 – Loss: 0.3252  Val F1: 0.2703  ROC-AUC: 0.6204  PR-AUC: 0.2117
[Target-only] Epoch 13/50 – Loss: 0.3325  Val F1: 0.2647  ROC-AUC: 0.6277  PR-AUC: 0.2479
[Target-only] Epoch 14/50 – Loss: 0.2807  Val F1: 0.3099  ROC-AUC: 0.6582  PR-AUC: 0.3144
[Target-only] Epoch 15/50 – Loss: 0.2789  Val F1: 0.2687  ROC-AUC: 0.6254  PR-AUC: 0.3355
[Target-only] Epoch 16/50 – Loss: 0.2863  Val F1: 0.2593  ROC-AUC: 0.6223  PR-AUC: 0.3315
[Target-only] Epoch 17/50 – Loss: 0.2637  Val F1: 0.3175  ROC-AUC: 0.6090  PR-AUC: 0.2204
[Target-only] Epoch 18/50 – Loss: 0.2728  Val F1: 0.2745  ROC-AUC: 0.5941  PR-AUC: 0.2016
[Target-only] Epoch 19/50 – Loss: 0.2712  Val F1: 0.2333  ROC-AUC: 0.5907  PR-AUC: 0.1951
[Target-only] Epoch 20/50 – Loss: 0.2448  Val F1: 0.2740  ROC-AUC: 0.6162  PR-AUC: 0.2082
[Target-only] Epoch 21/50 – Loss: 0.1865  Val F1: 0.2182  ROC-AUC: 0.5922  PR-AUC: 0.1982
[Target-only] Epoch 22/50 – Loss: 0.2191  Val F1: 0.2326  ROC-AUC: 0.5846  PR-AUC: 0.2207
[Target-only] Epoch 23/50 – Loss: 0.1924  Val F1: 0.3103  ROC-AUC: 0.6216  PR-AUC: 0.2200
[Target-only] Epoch 24/50 – Loss: 0.2135  Val F1: 0.2917  ROC-AUC: 0.6174  PR-AUC: 0.2619
[Target-only] Epoch 25/50 – Loss: 0.2138  Val F1: 0.2667  ROC-AUC: 0.6216  PR-AUC: 0.2596
[Target-only] Epoch 26/50 – Loss: 0.1883  Val F1: 0.2041  ROC-AUC: 0.5640  PR-AUC: 0.2062
[Target-only] Epoch 27/50 – Loss: 0.1818  Val F1: 0.2703  ROC-AUC: 0.5930  PR-AUC: 0.2399
[Target-only] Epoch 28/50 – Loss: 0.1943  Val F1: 0.3000  ROC-AUC: 0.6128  PR-AUC: 0.2382
[Target-only] Epoch 29/50 – Loss: 0.1765  Val F1: 0.3043  ROC-AUC: 0.6185  PR-AUC: 0.2513
[Target-only] Epoch 30/50 – Loss: 0.1643  Val F1: 0.2449  ROC-AUC: 0.6052  PR-AUC: 0.1990
[Target-only] Epoch 31/50 – Loss: 0.1784  Val F1: 0.3077  ROC-AUC: 0.6090  PR-AUC: 0.2533
[Target-only] Epoch 32/50 – Loss: 0.1565  Val F1: 0.2326  ROC-AUC: 0.5709  PR-AUC: 0.2181
[Target-only] Epoch 33/50 – Loss: 0.1646  Val F1: 0.2128  ROC-AUC: 0.6098  PR-AUC: 0.2518
[Target-only] Epoch 34/50 – Loss: 0.1380  Val F1: 0.2105  ROC-AUC: 0.5614  PR-AUC: 0.1999
[Target-only] Epoch 35/50 – Loss: 0.1435  Val F1: 0.2667  ROC-AUC: 0.6109  PR-AUC: 0.2445
[Target-only] Epoch 36/50 – Loss: 0.1379  Val F1: 0.2326  ROC-AUC: 0.5846  PR-AUC: 0.1781
[Target-only] Epoch 37/50 – Loss: 0.1433  Val F1: 0.2273  ROC-AUC: 0.5934  PR-AUC: 0.2420
[Target-only] Epoch 38/50 – Loss: 0.1511  Val F1: 0.2162  ROC-AUC: 0.5743  PR-AUC: 0.2024
[Target-only] Epoch 39/50 – Loss: 0.1706  Val F1: 0.2326  ROC-AUC: 0.5838  PR-AUC: 0.2210
[Target-only] Epoch 40/50 – Loss: 0.1414  Val F1: 0.2500  ROC-AUC: 0.6002  PR-AUC: 0.2363
[Target-only] Epoch 41/50 – Loss: 0.1372  Val F1: 0.2439  ROC-AUC: 0.5888  PR-AUC: 0.2291
[Target-only] Epoch 42/50 – Loss: 0.1393  Val F1: 0.2500  ROC-AUC: 0.5857  PR-AUC: 0.2269
[Target-only] Epoch 43/50 – Loss: 0.1221  Val F1: 0.2439  ROC-AUC: 0.5758  PR-AUC: 0.2098
[Target-only] Epoch 44/50 – Loss: 0.1371  Val F1: 0.2381  ROC-AUC: 0.5899  PR-AUC: 0.2208
[Target-only] Epoch 45/50 – Loss: 0.1305  Val F1: 0.2500  ROC-AUC: 0.5808  PR-AUC: 0.2130
[Target-only] Epoch 46/50 – Loss: 0.1147  Val F1: 0.2381  ROC-AUC: 0.5796  PR-AUC: 0.2096
[Target-only] Epoch 47/50 – Loss: 0.1343  Val F1: 0.2326  ROC-AUC: 0.5678  PR-AUC: 0.2090
[Target-only] Epoch 48/50 – Loss: 0.1050  Val F1: 0.2564  ROC-AUC: 0.5880  PR-AUC: 0.2331
[Target-only] Epoch 49/50 – Loss: 0.1368  Val F1: 0.2439  ROC-AUC: 0.5873  PR-AUC: 0.2233
[Target-only] Epoch 50/50 – Loss: 0.1275  Val F1: 0.2500  ROC-AUC: 0.5831  PR-AUC: 0.2076
=== Target-only TEST performance ===
Test F1: 0.2319, ROC-AUC: 0.7778, PR-AUC: 0.2761
✅ 실험 완료: TOX21_ERb_BLA_Agonist_viability -> OT_ER_ERaERa_1440 [GIN_GCN]
