[1/4] Excel → CSV 변환 중...
Saved pretrain CSV for TOX21_ERa_LUC_VM7_Agonist: data/sample/TOX21_ERa_LUC_VM7_Agonist.csv
Saved pretrain CSV for TOX21_ERb_BLA_Agonist_viability: data/sample/TOX21_ERb_BLA_Agonist_viability.csv
Saved pretrain CSV for TOX21_ERa_LUC_VM7_Agonist_10nM_ICI182780_viability: data/sample/TOX21_ERa_LUC_VM7_Agonist_10nM_ICI182780_viability.csv
Saved pretrain CSV for TOX21_ERR_LUC_viability: data/sample/TOX21_ERR_LUC_viability.csv
Saved finetune CSV for ATG_ERE_CIS: data/sample/ATG_ERE_CIS.csv
Saved finetune CSV for ATG_ERa_TRANS: data/sample/ATG_ERa_TRANS.csv
Saved finetune CSV for ACEA_ER_80hr: data/sample/ACEA_ER_80hr.csv
Saved finetune CSV for OT_ER_ERaERa_1440: data/sample/OT_ER_ERaERa_1440.csv
Saved finetune CSV for OT_ER_ERaERb_1440: data/sample/OT_ER_ERaERb_1440.csv
Saved finetune CSV for OT_ER_ERbERb_1440: data/sample/OT_ER_ERbERb_1440.csv
Saved finetune CSV for NVS_NR_hER: data/sample/NVS_NR_hER.csv
[2/4] Pretraining on TOX21_ERa_LUC_VM7_Agonist using GIN_GCN...
Epoch 1/50 - Loss: 0.6686 - Val F1: 0.2657 - Val ROC-AUC: 0.6198 - Val PR-AUC: 0.2185
Epoch 2/50 - Loss: 0.6491 - Val F1: 0.2595 - Val ROC-AUC: 0.6621 - Val PR-AUC: 0.2864
Epoch 3/50 - Loss: 0.6349 - Val F1: 0.2637 - Val ROC-AUC: 0.6361 - Val PR-AUC: 0.2601
Epoch 4/50 - Loss: 0.6360 - Val F1: 0.2756 - Val ROC-AUC: 0.6345 - Val PR-AUC: 0.2312
Epoch 5/50 - Loss: 0.6259 - Val F1: 0.2700 - Val ROC-AUC: 0.6636 - Val PR-AUC: 0.2824
Epoch 6/50 - Loss: 0.6200 - Val F1: 0.2798 - Val ROC-AUC: 0.6810 - Val PR-AUC: 0.2755
Epoch 7/50 - Loss: 0.5915 - Val F1: 0.2926 - Val ROC-AUC: 0.6649 - Val PR-AUC: 0.2989
Epoch 8/50 - Loss: 0.6034 - Val F1: 0.2797 - Val ROC-AUC: 0.6670 - Val PR-AUC: 0.2598
Epoch 9/50 - Loss: 0.5930 - Val F1: 0.2995 - Val ROC-AUC: 0.6954 - Val PR-AUC: 0.2864
Epoch 10/50 - Loss: 0.5889 - Val F1: 0.2846 - Val ROC-AUC: 0.6715 - Val PR-AUC: 0.2840
Epoch 11/50 - Loss: 0.5693 - Val F1: 0.2831 - Val ROC-AUC: 0.6674 - Val PR-AUC: 0.2865
Epoch 12/50 - Loss: 0.5646 - Val F1: 0.3097 - Val ROC-AUC: 0.6645 - Val PR-AUC: 0.3042
Epoch 13/50 - Loss: 0.5527 - Val F1: 0.2848 - Val ROC-AUC: 0.6694 - Val PR-AUC: 0.2901
Epoch 14/50 - Loss: 0.5463 - Val F1: 0.3235 - Val ROC-AUC: 0.7094 - Val PR-AUC: 0.3114
Epoch 15/50 - Loss: 0.5479 - Val F1: 0.2661 - Val ROC-AUC: 0.6689 - Val PR-AUC: 0.2884
Epoch 16/50 - Loss: 0.5355 - Val F1: 0.2594 - Val ROC-AUC: 0.6642 - Val PR-AUC: 0.2932
Epoch 17/50 - Loss: 0.5446 - Val F1: 0.3180 - Val ROC-AUC: 0.6808 - Val PR-AUC: 0.3293
Epoch 18/50 - Loss: 0.5276 - Val F1: 0.2820 - Val ROC-AUC: 0.6826 - Val PR-AUC: 0.2683
Epoch 19/50 - Loss: 0.5267 - Val F1: 0.3168 - Val ROC-AUC: 0.6824 - Val PR-AUC: 0.2790
Epoch 20/50 - Loss: 0.5274 - Val F1: 0.3429 - Val ROC-AUC: 0.6973 - Val PR-AUC: 0.3310
Epoch 21/50 - Loss: 0.5003 - Val F1: 0.3333 - Val ROC-AUC: 0.7061 - Val PR-AUC: 0.3494
Epoch 22/50 - Loss: 0.4913 - Val F1: 0.3129 - Val ROC-AUC: 0.6844 - Val PR-AUC: 0.3372
Epoch 23/50 - Loss: 0.4882 - Val F1: 0.3478 - Val ROC-AUC: 0.6945 - Val PR-AUC: 0.3112
Epoch 24/50 - Loss: 0.5017 - Val F1: 0.3249 - Val ROC-AUC: 0.6979 - Val PR-AUC: 0.3470
Epoch 25/50 - Loss: 0.4790 - Val F1: 0.3450 - Val ROC-AUC: 0.6923 - Val PR-AUC: 0.3535
Epoch 26/50 - Loss: 0.4739 - Val F1: 0.3576 - Val ROC-AUC: 0.7105 - Val PR-AUC: 0.3487
Epoch 27/50 - Loss: 0.4640 - Val F1: 0.3303 - Val ROC-AUC: 0.7055 - Val PR-AUC: 0.3531
Epoch 28/50 - Loss: 0.4604 - Val F1: 0.3406 - Val ROC-AUC: 0.6856 - Val PR-AUC: 0.3262
Epoch 29/50 - Loss: 0.4553 - Val F1: 0.3210 - Val ROC-AUC: 0.6923 - Val PR-AUC: 0.3351
Epoch 30/50 - Loss: 0.4522 - Val F1: 0.3519 - Val ROC-AUC: 0.7008 - Val PR-AUC: 0.3697
Epoch 31/50 - Loss: 0.4420 - Val F1: 0.3481 - Val ROC-AUC: 0.6922 - Val PR-AUC: 0.3383
Epoch 32/50 - Loss: 0.4252 - Val F1: 0.3772 - Val ROC-AUC: 0.7004 - Val PR-AUC: 0.3573
Epoch 33/50 - Loss: 0.4221 - Val F1: 0.3544 - Val ROC-AUC: 0.6984 - Val PR-AUC: 0.3583
Epoch 34/50 - Loss: 0.4141 - Val F1: 0.3526 - Val ROC-AUC: 0.6939 - Val PR-AUC: 0.3462
Epoch 35/50 - Loss: 0.4208 - Val F1: 0.3211 - Val ROC-AUC: 0.6932 - Val PR-AUC: 0.3362
Epoch 36/50 - Loss: 0.4120 - Val F1: 0.3457 - Val ROC-AUC: 0.6935 - Val PR-AUC: 0.3340
Epoch 37/50 - Loss: 0.4075 - Val F1: 0.3270 - Val ROC-AUC: 0.6992 - Val PR-AUC: 0.3354
Epoch 38/50 - Loss: 0.4086 - Val F1: 0.3522 - Val ROC-AUC: 0.7020 - Val PR-AUC: 0.3453
Epoch 39/50 - Loss: 0.3970 - Val F1: 0.3514 - Val ROC-AUC: 0.7115 - Val PR-AUC: 0.3417
Epoch 40/50 - Loss: 0.3922 - Val F1: 0.3630 - Val ROC-AUC: 0.7051 - Val PR-AUC: 0.3256
Epoch 41/50 - Loss: 0.3910 - Val F1: 0.3636 - Val ROC-AUC: 0.7029 - Val PR-AUC: 0.3258
Epoch 42/50 - Loss: 0.3891 - Val F1: 0.3625 - Val ROC-AUC: 0.7046 - Val PR-AUC: 0.3506
Epoch 43/50 - Loss: 0.3870 - Val F1: 0.3503 - Val ROC-AUC: 0.7017 - Val PR-AUC: 0.3280
Epoch 44/50 - Loss: 0.3745 - Val F1: 0.3843 - Val ROC-AUC: 0.7015 - Val PR-AUC: 0.3544
Epoch 45/50 - Loss: 0.3719 - Val F1: 0.3694 - Val ROC-AUC: 0.6995 - Val PR-AUC: 0.3359
Epoch 46/50 - Loss: 0.3707 - Val F1: 0.3750 - Val ROC-AUC: 0.7057 - Val PR-AUC: 0.3438
Epoch 47/50 - Loss: 0.3799 - Val F1: 0.3776 - Val ROC-AUC: 0.7018 - Val PR-AUC: 0.3365
Epoch 48/50 - Loss: 0.3700 - Val F1: 0.3699 - Val ROC-AUC: 0.7049 - Val PR-AUC: 0.3504
Epoch 49/50 - Loss: 0.3667 - Val F1: 0.3534 - Val ROC-AUC: 0.6965 - Val PR-AUC: 0.3392
Epoch 50/50 - Loss: 0.3750 - Val F1: 0.3746 - Val ROC-AUC: 0.7178 - Val PR-AUC: 0.3587
Pretraining completed. Test F1: 0.3007, ROC-AUC: 0.6607, PR-AUC: 0.2974
[3/4] Finetuning on NVS_NR_hER using GIN_GCN...
[Fine-tune] Epoch 1/50 - Loss: 0.5905 - Val F1: 0.4583 - Val ROC-AUC: 0.8026 - Val PR-AUC: 0.5824
[Fine-tune] Epoch 2/50 - Loss: 0.4481 - Val F1: 0.4828 - Val ROC-AUC: 0.8109 - Val PR-AUC: 0.5805
[Fine-tune] Epoch 3/50 - Loss: 0.3959 - Val F1: 0.5000 - Val ROC-AUC: 0.8339 - Val PR-AUC: 0.6326
[Fine-tune] Epoch 4/50 - Loss: 0.3700 - Val F1: 0.5000 - Val ROC-AUC: 0.8169 - Val PR-AUC: 0.5269
[Fine-tune] Epoch 5/50 - Loss: 0.3313 - Val F1: 0.4918 - Val ROC-AUC: 0.8465 - Val PR-AUC: 0.6428
[Fine-tune] Epoch 6/50 - Loss: 0.3043 - Val F1: 0.4324 - Val ROC-AUC: 0.7823 - Val PR-AUC: 0.5644
[Fine-tune] Epoch 7/50 - Loss: 0.3018 - Val F1: 0.5490 - Val ROC-AUC: 0.8279 - Val PR-AUC: 0.5299
[Fine-tune] Epoch 8/50 - Loss: 0.3241 - Val F1: 0.5417 - Val ROC-AUC: 0.8240 - Val PR-AUC: 0.6402
[Fine-tune] Epoch 9/50 - Loss: 0.3003 - Val F1: 0.5000 - Val ROC-AUC: 0.8054 - Val PR-AUC: 0.5884
[Fine-tune] Epoch 10/50 - Loss: 0.2878 - Val F1: 0.4762 - Val ROC-AUC: 0.7977 - Val PR-AUC: 0.6059
[Fine-tune] Epoch 11/50 - Loss: 0.2716 - Val F1: 0.5000 - Val ROC-AUC: 0.7840 - Val PR-AUC: 0.5402
[Fine-tune] Epoch 12/50 - Loss: 0.2182 - Val F1: 0.4444 - Val ROC-AUC: 0.7538 - Val PR-AUC: 0.4784
[Fine-tune] Epoch 13/50 - Loss: 0.2305 - Val F1: 0.4706 - Val ROC-AUC: 0.7988 - Val PR-AUC: 0.5647
[Fine-tune] Epoch 14/50 - Loss: 0.2166 - Val F1: 0.5106 - Val ROC-AUC: 0.7911 - Val PR-AUC: 0.4923
[Fine-tune] Epoch 15/50 - Loss: 0.2264 - Val F1: 0.5217 - Val ROC-AUC: 0.7736 - Val PR-AUC: 0.5547
[Fine-tune] Epoch 16/50 - Loss: 0.1830 - Val F1: 0.4878 - Val ROC-AUC: 0.7511 - Val PR-AUC: 0.5555
[Fine-tune] Epoch 17/50 - Loss: 0.1688 - Val F1: 0.4615 - Val ROC-AUC: 0.7495 - Val PR-AUC: 0.5332
[Fine-tune] Epoch 18/50 - Loss: 0.2030 - Val F1: 0.4151 - Val ROC-AUC: 0.7763 - Val PR-AUC: 0.5746
[Fine-tune] Epoch 19/50 - Loss: 0.1743 - Val F1: 0.5366 - Val ROC-AUC: 0.7911 - Val PR-AUC: 0.5560
[Fine-tune] Epoch 20/50 - Loss: 0.1638 - Val F1: 0.5116 - Val ROC-AUC: 0.7791 - Val PR-AUC: 0.5388
[Fine-tune] Epoch 21/50 - Loss: 0.1643 - Val F1: 0.5000 - Val ROC-AUC: 0.7769 - Val PR-AUC: 0.5784
[Fine-tune] Epoch 22/50 - Loss: 0.1463 - Val F1: 0.4651 - Val ROC-AUC: 0.7610 - Val PR-AUC: 0.4695
[Fine-tune] Epoch 23/50 - Loss: 0.1523 - Val F1: 0.4762 - Val ROC-AUC: 0.7785 - Val PR-AUC: 0.5721
[Fine-tune] Epoch 24/50 - Loss: 0.1339 - Val F1: 0.4545 - Val ROC-AUC: 0.7840 - Val PR-AUC: 0.5764
[Fine-tune] Epoch 25/50 - Loss: 0.1628 - Val F1: 0.4800 - Val ROC-AUC: 0.7686 - Val PR-AUC: 0.5570
[Fine-tune] Epoch 26/50 - Loss: 0.1391 - Val F1: 0.4545 - Val ROC-AUC: 0.7895 - Val PR-AUC: 0.5883
[Fine-tune] Epoch 27/50 - Loss: 0.1366 - Val F1: 0.5238 - Val ROC-AUC: 0.7889 - Val PR-AUC: 0.5593
[Fine-tune] Epoch 28/50 - Loss: 0.1288 - Val F1: 0.4783 - Val ROC-AUC: 0.7604 - Val PR-AUC: 0.5060
[Fine-tune] Epoch 29/50 - Loss: 0.1470 - Val F1: 0.4783 - Val ROC-AUC: 0.7697 - Val PR-AUC: 0.4892
[Fine-tune] Epoch 30/50 - Loss: 0.1369 - Val F1: 0.5116 - Val ROC-AUC: 0.7791 - Val PR-AUC: 0.5368
[Fine-tune] Epoch 31/50 - Loss: 0.1147 - Val F1: 0.4651 - Val ROC-AUC: 0.7741 - Val PR-AUC: 0.5627
[Fine-tune] Epoch 32/50 - Loss: 0.1036 - Val F1: 0.4286 - Val ROC-AUC: 0.7741 - Val PR-AUC: 0.5570
[Fine-tune] Epoch 33/50 - Loss: 0.1300 - Val F1: 0.4545 - Val ROC-AUC: 0.7714 - Val PR-AUC: 0.5540
[Fine-tune] Epoch 34/50 - Loss: 0.1266 - Val F1: 0.4500 - Val ROC-AUC: 0.7500 - Val PR-AUC: 0.4761
[Fine-tune] Epoch 35/50 - Loss: 0.1374 - Val F1: 0.4444 - Val ROC-AUC: 0.7643 - Val PR-AUC: 0.5213
[Fine-tune] Epoch 36/50 - Loss: 0.1112 - Val F1: 0.4545 - Val ROC-AUC: 0.7736 - Val PR-AUC: 0.5497
[Fine-tune] Epoch 37/50 - Loss: 0.1194 - Val F1: 0.4651 - Val ROC-AUC: 0.7747 - Val PR-AUC: 0.5452
[Fine-tune] Epoch 38/50 - Loss: 0.1607 - Val F1: 0.4762 - Val ROC-AUC: 0.7560 - Val PR-AUC: 0.4998
[Fine-tune] Epoch 39/50 - Loss: 0.1529 - Val F1: 0.4889 - Val ROC-AUC: 0.7637 - Val PR-AUC: 0.5398
[Fine-tune] Epoch 40/50 - Loss: 0.1472 - Val F1: 0.5116 - Val ROC-AUC: 0.7752 - Val PR-AUC: 0.5562
[Fine-tune] Epoch 41/50 - Loss: 0.1153 - Val F1: 0.5116 - Val ROC-AUC: 0.7692 - Val PR-AUC: 0.5377
[Fine-tune] Epoch 42/50 - Loss: 0.1192 - Val F1: 0.4500 - Val ROC-AUC: 0.7730 - Val PR-AUC: 0.5511
[Fine-tune] Epoch 43/50 - Loss: 0.1105 - Val F1: 0.4186 - Val ROC-AUC: 0.7719 - Val PR-AUC: 0.5598
[Fine-tune] Epoch 44/50 - Loss: 0.1206 - Val F1: 0.4651 - Val ROC-AUC: 0.7643 - Val PR-AUC: 0.5437
[Fine-tune] Epoch 45/50 - Loss: 0.1056 - Val F1: 0.4545 - Val ROC-AUC: 0.7664 - Val PR-AUC: 0.5519
[Fine-tune] Epoch 46/50 - Loss: 0.1103 - Val F1: 0.4444 - Val ROC-AUC: 0.7659 - Val PR-AUC: 0.5552
[Fine-tune] Epoch 47/50 - Loss: 0.1442 - Val F1: 0.4762 - Val ROC-AUC: 0.7659 - Val PR-AUC: 0.5561
[Fine-tune] Epoch 48/50 - Loss: 0.1093 - Val F1: 0.5000 - Val ROC-AUC: 0.7599 - Val PR-AUC: 0.4862
[Fine-tune] Epoch 49/50 - Loss: 0.1108 - Val F1: 0.4889 - Val ROC-AUC: 0.7654 - Val PR-AUC: 0.5384
[Fine-tune] Epoch 50/50 - Loss: 0.0980 - Val F1: 0.4545 - Val ROC-AUC: 0.7637 - Val PR-AUC: 0.5426
Finetuning completed. Test F1: 0.5306, ROC-AUC: 0.8530, PR-AUC: 0.6399
[3.1/4] Target-only training on NVS_NR_hER using GIN_GCN...
=== Target-only training ===
[Target-only] Epoch 1/50 – Loss: 0.6140  Val F1: 0.2923  ROC-AUC: 0.7357  PR-AUC: 0.4056
[Target-only] Epoch 2/50 – Loss: 0.5601  Val F1: 0.3103  ROC-AUC: 0.7209  PR-AUC: 0.5171
[Target-only] Epoch 3/50 – Loss: 0.5189  Val F1: 0.4068  ROC-AUC: 0.7599  PR-AUC: 0.6210
[Target-only] Epoch 4/50 – Loss: 0.5107  Val F1: 0.4262  ROC-AUC: 0.8015  PR-AUC: 0.5349
[Target-only] Epoch 5/50 – Loss: 0.5376  Val F1: 0.5625  ROC-AUC: 0.7928  PR-AUC: 0.6294
[Target-only] Epoch 6/50 – Loss: 0.4743  Val F1: 0.4364  ROC-AUC: 0.7593  PR-AUC: 0.5672
[Target-only] Epoch 7/50 – Loss: 0.4902  Val F1: 0.4444  ROC-AUC: 0.8229  PR-AUC: 0.6439
[Target-only] Epoch 8/50 – Loss: 0.4189  Val F1: 0.3944  ROC-AUC: 0.7681  PR-AUC: 0.6228
[Target-only] Epoch 9/50 – Loss: 0.4351  Val F1: 0.4082  ROC-AUC: 0.7582  PR-AUC: 0.6065
[Target-only] Epoch 10/50 – Loss: 0.4262  Val F1: 0.4615  ROC-AUC: 0.7823  PR-AUC: 0.4945
[Target-only] Epoch 11/50 – Loss: 0.3978  Val F1: 0.3913  ROC-AUC: 0.7440  PR-AUC: 0.5957
[Target-only] Epoch 12/50 – Loss: 0.3515  Val F1: 0.3922  ROC-AUC: 0.7582  PR-AUC: 0.5120
[Target-only] Epoch 13/50 – Loss: 0.4140  Val F1: 0.3913  ROC-AUC: 0.7319  PR-AUC: 0.4829
[Target-only] Epoch 14/50 – Loss: 0.3889  Val F1: 0.3929  ROC-AUC: 0.7379  PR-AUC: 0.4712
[Target-only] Epoch 15/50 – Loss: 0.3692  Val F1: 0.4000  ROC-AUC: 0.7533  PR-AUC: 0.5839
[Target-only] Epoch 16/50 – Loss: 0.3292  Val F1: 0.4255  ROC-AUC: 0.7654  PR-AUC: 0.6014
[Target-only] Epoch 17/50 – Loss: 0.3607  Val F1: 0.4727  ROC-AUC: 0.7851  PR-AUC: 0.5944
[Target-only] Epoch 18/50 – Loss: 0.3181  Val F1: 0.4151  ROC-AUC: 0.7462  PR-AUC: 0.5643
[Target-only] Epoch 19/50 – Loss: 0.3450  Val F1: 0.4000  ROC-AUC: 0.6930  PR-AUC: 0.5169
[Target-only] Epoch 20/50 – Loss: 0.3151  Val F1: 0.4231  ROC-AUC: 0.7061  PR-AUC: 0.4668
[Target-only] Epoch 21/50 – Loss: 0.2962  Val F1: 0.4286  ROC-AUC: 0.7314  PR-AUC: 0.4953
[Target-only] Epoch 22/50 – Loss: 0.2946  Val F1: 0.4583  ROC-AUC: 0.7374  PR-AUC: 0.4813
[Target-only] Epoch 23/50 – Loss: 0.2826  Val F1: 0.4091  ROC-AUC: 0.7352  PR-AUC: 0.4658
[Target-only] Epoch 24/50 – Loss: 0.2853  Val F1: 0.5000  ROC-AUC: 0.7072  PR-AUC: 0.4382
[Target-only] Epoch 25/50 – Loss: 0.2799  Val F1: 0.4500  ROC-AUC: 0.7654  PR-AUC: 0.5857
[Target-only] Epoch 26/50 – Loss: 0.2662  Val F1: 0.3922  ROC-AUC: 0.7166  PR-AUC: 0.4291
[Target-only] Epoch 27/50 – Loss: 0.2283  Val F1: 0.4390  ROC-AUC: 0.7648  PR-AUC: 0.5306
[Target-only] Epoch 28/50 – Loss: 0.2046  Val F1: 0.4444  ROC-AUC: 0.7473  PR-AUC: 0.4334
[Target-only] Epoch 29/50 – Loss: 0.2388  Val F1: 0.4286  ROC-AUC: 0.7484  PR-AUC: 0.4691
[Target-only] Epoch 30/50 – Loss: 0.2327  Val F1: 0.4444  ROC-AUC: 0.7363  PR-AUC: 0.4569
[Target-only] Epoch 31/50 – Loss: 0.2463  Val F1: 0.4091  ROC-AUC: 0.7473  PR-AUC: 0.4504
[Target-only] Epoch 32/50 – Loss: 0.2015  Val F1: 0.4762  ROC-AUC: 0.7560  PR-AUC: 0.5160
[Target-only] Epoch 33/50 – Loss: 0.2195  Val F1: 0.3922  ROC-AUC: 0.7462  PR-AUC: 0.4819
[Target-only] Epoch 34/50 – Loss: 0.1831  Val F1: 0.4444  ROC-AUC: 0.7429  PR-AUC: 0.4335
[Target-only] Epoch 35/50 – Loss: 0.1995  Val F1: 0.4286  ROC-AUC: 0.7456  PR-AUC: 0.4689
[Target-only] Epoch 36/50 – Loss: 0.1774  Val F1: 0.4865  ROC-AUC: 0.7610  PR-AUC: 0.4482
[Target-only] Epoch 37/50 – Loss: 0.2254  Val F1: 0.4762  ROC-AUC: 0.7237  PR-AUC: 0.4307
[Target-only] Epoch 38/50 – Loss: 0.1657  Val F1: 0.4444  ROC-AUC: 0.7495  PR-AUC: 0.5167
[Target-only] Epoch 39/50 – Loss: 0.1701  Val F1: 0.5000  ROC-AUC: 0.7659  PR-AUC: 0.4737
[Target-only] Epoch 40/50 – Loss: 0.1900  Val F1: 0.4444  ROC-AUC: 0.7374  PR-AUC: 0.4493
[Target-only] Epoch 41/50 – Loss: 0.1877  Val F1: 0.4681  ROC-AUC: 0.7155  PR-AUC: 0.4194
[Target-only] Epoch 42/50 – Loss: 0.1738  Val F1: 0.4762  ROC-AUC: 0.7396  PR-AUC: 0.4772
[Target-only] Epoch 43/50 – Loss: 0.1704  Val F1: 0.4348  ROC-AUC: 0.7484  PR-AUC: 0.4885
[Target-only] Epoch 44/50 – Loss: 0.1529  Val F1: 0.4651  ROC-AUC: 0.7308  PR-AUC: 0.4520
[Target-only] Epoch 45/50 – Loss: 0.1587  Val F1: 0.4186  ROC-AUC: 0.7385  PR-AUC: 0.4554
[Target-only] Epoch 46/50 – Loss: 0.1777  Val F1: 0.4286  ROC-AUC: 0.7286  PR-AUC: 0.4678
[Target-only] Epoch 47/50 – Loss: 0.1698  Val F1: 0.4737  ROC-AUC: 0.7325  PR-AUC: 0.4455
[Target-only] Epoch 48/50 – Loss: 0.2191  Val F1: 0.4091  ROC-AUC: 0.7127  PR-AUC: 0.4449
[Target-only] Epoch 49/50 – Loss: 0.2054  Val F1: 0.4444  ROC-AUC: 0.7527  PR-AUC: 0.4992
[Target-only] Epoch 50/50 – Loss: 0.1857  Val F1: 0.4889  ROC-AUC: 0.7533  PR-AUC: 0.4563
=== Target-only TEST performance ===
Test F1: 0.5161, ROC-AUC: 0.7564, PR-AUC: 0.5457
✅ 실험 완료: TOX21_ERa_LUC_VM7_Agonist -> NVS_NR_hER [GIN_GCN]
