[1/4] Excel → CSV 변환 중...
Saved pretrain CSV for TOX21_ERa_LUC_VM7_Agonist: data/sample/TOX21_ERa_LUC_VM7_Agonist.csv
Saved pretrain CSV for TOX21_ERb_BLA_Agonist_viability: data/sample/TOX21_ERb_BLA_Agonist_viability.csv
Saved pretrain CSV for TOX21_ERa_LUC_VM7_Agonist_10nM_ICI182780_viability: data/sample/TOX21_ERa_LUC_VM7_Agonist_10nM_ICI182780_viability.csv
Saved pretrain CSV for TOX21_ERR_LUC_viability: data/sample/TOX21_ERR_LUC_viability.csv
Saved finetune CSV for ATG_ERE_CIS: data/sample/ATG_ERE_CIS.csv
Saved finetune CSV for ATG_ERa_TRANS: data/sample/ATG_ERa_TRANS.csv
Saved finetune CSV for ACEA_ER_80hr: data/sample/ACEA_ER_80hr.csv
Saved finetune CSV for OT_ER_ERaERa_1440: data/sample/OT_ER_ERaERa_1440.csv
Saved finetune CSV for OT_ER_ERaERb_1440: data/sample/OT_ER_ERaERb_1440.csv
Saved finetune CSV for OT_ER_ERbERb_1440: data/sample/OT_ER_ERbERb_1440.csv
Saved finetune CSV for NVS_NR_hER: data/sample/NVS_NR_hER.csv
[2/4] Pretraining on TOX21_ERa_LUC_VM7_Agonist using GIN_GCN...
Epoch 1/50 - Loss: 0.6603 - Val F1: 0.2574 - Val ROC-AUC: 0.6426 - Val PR-AUC: 0.2438
Epoch 2/50 - Loss: 0.6485 - Val F1: 0.2824 - Val ROC-AUC: 0.6627 - Val PR-AUC: 0.2335
Epoch 3/50 - Loss: 0.6394 - Val F1: 0.2887 - Val ROC-AUC: 0.6682 - Val PR-AUC: 0.2370
Epoch 4/50 - Loss: 0.6239 - Val F1: 0.2402 - Val ROC-AUC: 0.6145 - Val PR-AUC: 0.2093
Epoch 5/50 - Loss: 0.6231 - Val F1: 0.2963 - Val ROC-AUC: 0.6655 - Val PR-AUC: 0.2306
Epoch 6/50 - Loss: 0.6066 - Val F1: 0.2581 - Val ROC-AUC: 0.6564 - Val PR-AUC: 0.2656
Epoch 7/50 - Loss: 0.6023 - Val F1: 0.2795 - Val ROC-AUC: 0.6780 - Val PR-AUC: 0.3011
Epoch 8/50 - Loss: 0.6033 - Val F1: 0.2670 - Val ROC-AUC: 0.6580 - Val PR-AUC: 0.2727
Epoch 9/50 - Loss: 0.6041 - Val F1: 0.3051 - Val ROC-AUC: 0.6763 - Val PR-AUC: 0.2710
Epoch 10/50 - Loss: 0.5897 - Val F1: 0.2819 - Val ROC-AUC: 0.6592 - Val PR-AUC: 0.2522
Epoch 11/50 - Loss: 0.5665 - Val F1: 0.2709 - Val ROC-AUC: 0.6576 - Val PR-AUC: 0.2658
Epoch 12/50 - Loss: 0.5564 - Val F1: 0.3167 - Val ROC-AUC: 0.6993 - Val PR-AUC: 0.3175
Epoch 13/50 - Loss: 0.5648 - Val F1: 0.2755 - Val ROC-AUC: 0.6752 - Val PR-AUC: 0.3016
Epoch 14/50 - Loss: 0.5633 - Val F1: 0.3088 - Val ROC-AUC: 0.6829 - Val PR-AUC: 0.3095
Epoch 15/50 - Loss: 0.5573 - Val F1: 0.3000 - Val ROC-AUC: 0.6882 - Val PR-AUC: 0.2985
Epoch 16/50 - Loss: 0.5492 - Val F1: 0.2950 - Val ROC-AUC: 0.6633 - Val PR-AUC: 0.3308
Epoch 17/50 - Loss: 0.5392 - Val F1: 0.2791 - Val ROC-AUC: 0.6715 - Val PR-AUC: 0.2775
Epoch 18/50 - Loss: 0.5338 - Val F1: 0.2778 - Val ROC-AUC: 0.6687 - Val PR-AUC: 0.2942
Epoch 19/50 - Loss: 0.5368 - Val F1: 0.2938 - Val ROC-AUC: 0.6749 - Val PR-AUC: 0.3193
Epoch 20/50 - Loss: 0.5197 - Val F1: 0.3014 - Val ROC-AUC: 0.6730 - Val PR-AUC: 0.2691
Epoch 21/50 - Loss: 0.5080 - Val F1: 0.3176 - Val ROC-AUC: 0.6743 - Val PR-AUC: 0.3256
Epoch 22/50 - Loss: 0.4989 - Val F1: 0.2857 - Val ROC-AUC: 0.6638 - Val PR-AUC: 0.2978
Epoch 23/50 - Loss: 0.4906 - Val F1: 0.3290 - Val ROC-AUC: 0.6791 - Val PR-AUC: 0.3309
Epoch 24/50 - Loss: 0.4830 - Val F1: 0.3365 - Val ROC-AUC: 0.6740 - Val PR-AUC: 0.3134
Epoch 25/50 - Loss: 0.4724 - Val F1: 0.2715 - Val ROC-AUC: 0.6444 - Val PR-AUC: 0.2977
Epoch 26/50 - Loss: 0.4748 - Val F1: 0.3256 - Val ROC-AUC: 0.6765 - Val PR-AUC: 0.3074
Epoch 27/50 - Loss: 0.4655 - Val F1: 0.3385 - Val ROC-AUC: 0.6772 - Val PR-AUC: 0.3192
Epoch 28/50 - Loss: 0.4505 - Val F1: 0.3111 - Val ROC-AUC: 0.6771 - Val PR-AUC: 0.3129
Epoch 29/50 - Loss: 0.4620 - Val F1: 0.2830 - Val ROC-AUC: 0.6602 - Val PR-AUC: 0.3389
Epoch 30/50 - Loss: 0.4354 - Val F1: 0.3154 - Val ROC-AUC: 0.6777 - Val PR-AUC: 0.3321
Epoch 31/50 - Loss: 0.4279 - Val F1: 0.3210 - Val ROC-AUC: 0.6736 - Val PR-AUC: 0.3075
Epoch 32/50 - Loss: 0.4213 - Val F1: 0.2973 - Val ROC-AUC: 0.6585 - Val PR-AUC: 0.2935
Epoch 33/50 - Loss: 0.4136 - Val F1: 0.3381 - Val ROC-AUC: 0.6785 - Val PR-AUC: 0.3376
Epoch 34/50 - Loss: 0.4126 - Val F1: 0.3285 - Val ROC-AUC: 0.6661 - Val PR-AUC: 0.2930
Epoch 35/50 - Loss: 0.4003 - Val F1: 0.3503 - Val ROC-AUC: 0.6870 - Val PR-AUC: 0.3182
Epoch 36/50 - Loss: 0.4094 - Val F1: 0.3189 - Val ROC-AUC: 0.6876 - Val PR-AUC: 0.3301
Epoch 37/50 - Loss: 0.3913 - Val F1: 0.3106 - Val ROC-AUC: 0.6707 - Val PR-AUC: 0.3193
Epoch 38/50 - Loss: 0.3833 - Val F1: 0.3367 - Val ROC-AUC: 0.6779 - Val PR-AUC: 0.2948
Epoch 39/50 - Loss: 0.3968 - Val F1: 0.3588 - Val ROC-AUC: 0.6831 - Val PR-AUC: 0.3299
Epoch 40/50 - Loss: 0.3868 - Val F1: 0.3127 - Val ROC-AUC: 0.6758 - Val PR-AUC: 0.2976
Epoch 41/50 - Loss: 0.3789 - Val F1: 0.3401 - Val ROC-AUC: 0.6738 - Val PR-AUC: 0.3026
Epoch 42/50 - Loss: 0.3741 - Val F1: 0.3366 - Val ROC-AUC: 0.6872 - Val PR-AUC: 0.3324
Epoch 43/50 - Loss: 0.3611 - Val F1: 0.3278 - Val ROC-AUC: 0.6831 - Val PR-AUC: 0.3345
Epoch 44/50 - Loss: 0.3710 - Val F1: 0.3333 - Val ROC-AUC: 0.6871 - Val PR-AUC: 0.3319
Epoch 45/50 - Loss: 0.3520 - Val F1: 0.3551 - Val ROC-AUC: 0.6872 - Val PR-AUC: 0.3241
Epoch 46/50 - Loss: 0.3601 - Val F1: 0.3496 - Val ROC-AUC: 0.6793 - Val PR-AUC: 0.3256
Epoch 47/50 - Loss: 0.3452 - Val F1: 0.3220 - Val ROC-AUC: 0.6780 - Val PR-AUC: 0.3075
Epoch 48/50 - Loss: 0.3604 - Val F1: 0.3333 - Val ROC-AUC: 0.6891 - Val PR-AUC: 0.3346
Epoch 49/50 - Loss: 0.3493 - Val F1: 0.3245 - Val ROC-AUC: 0.6855 - Val PR-AUC: 0.3064
Epoch 50/50 - Loss: 0.3360 - Val F1: 0.3463 - Val ROC-AUC: 0.6832 - Val PR-AUC: 0.3288
Pretraining completed. Test F1: 0.3131, ROC-AUC: 0.6562, PR-AUC: 0.2973
[3/4] Finetuning on ATG_ERa_TRANS using GIN_GCN...
[Fine-tune] Epoch 1/50 - Loss: 0.5787 - Val F1: 0.5149 - Val ROC-AUC: 0.7761 - Val PR-AUC: 0.5221
[Fine-tune] Epoch 2/50 - Loss: 0.5224 - Val F1: 0.4793 - Val ROC-AUC: 0.7645 - Val PR-AUC: 0.5300
[Fine-tune] Epoch 3/50 - Loss: 0.4921 - Val F1: 0.5290 - Val ROC-AUC: 0.7452 - Val PR-AUC: 0.5264
[Fine-tune] Epoch 4/50 - Loss: 0.4792 - Val F1: 0.4545 - Val ROC-AUC: 0.7250 - Val PR-AUC: 0.4759
[Fine-tune] Epoch 5/50 - Loss: 0.4764 - Val F1: 0.5434 - Val ROC-AUC: 0.7778 - Val PR-AUC: 0.5445
[Fine-tune] Epoch 6/50 - Loss: 0.4420 - Val F1: 0.5667 - Val ROC-AUC: 0.7743 - Val PR-AUC: 0.5390
[Fine-tune] Epoch 7/50 - Loss: 0.4224 - Val F1: 0.5517 - Val ROC-AUC: 0.7628 - Val PR-AUC: 0.5176
[Fine-tune] Epoch 8/50 - Loss: 0.4327 - Val F1: 0.5444 - Val ROC-AUC: 0.7525 - Val PR-AUC: 0.5138
[Fine-tune] Epoch 9/50 - Loss: 0.4450 - Val F1: 0.5222 - Val ROC-AUC: 0.7489 - Val PR-AUC: 0.4822
[Fine-tune] Epoch 10/50 - Loss: 0.4145 - Val F1: 0.5319 - Val ROC-AUC: 0.7695 - Val PR-AUC: 0.5417
[Fine-tune] Epoch 11/50 - Loss: 0.3990 - Val F1: 0.5078 - Val ROC-AUC: 0.7358 - Val PR-AUC: 0.4893
[Fine-tune] Epoch 12/50 - Loss: 0.3843 - Val F1: 0.5132 - Val ROC-AUC: 0.7294 - Val PR-AUC: 0.5149
[Fine-tune] Epoch 13/50 - Loss: 0.3634 - Val F1: 0.4810 - Val ROC-AUC: 0.7086 - Val PR-AUC: 0.4689
[Fine-tune] Epoch 14/50 - Loss: 0.3623 - Val F1: 0.4393 - Val ROC-AUC: 0.7250 - Val PR-AUC: 0.4823
[Fine-tune] Epoch 15/50 - Loss: 0.3384 - Val F1: 0.4901 - Val ROC-AUC: 0.7293 - Val PR-AUC: 0.4929
[Fine-tune] Epoch 16/50 - Loss: 0.3686 - Val F1: 0.4912 - Val ROC-AUC: 0.7226 - Val PR-AUC: 0.4921
[Fine-tune] Epoch 17/50 - Loss: 0.3494 - Val F1: 0.4828 - Val ROC-AUC: 0.7221 - Val PR-AUC: 0.5016
[Fine-tune] Epoch 18/50 - Loss: 0.3268 - Val F1: 0.4837 - Val ROC-AUC: 0.6972 - Val PR-AUC: 0.4874
[Fine-tune] Epoch 19/50 - Loss: 0.3222 - Val F1: 0.4767 - Val ROC-AUC: 0.7066 - Val PR-AUC: 0.5015
[Fine-tune] Epoch 20/50 - Loss: 0.3281 - Val F1: 0.5031 - Val ROC-AUC: 0.7333 - Val PR-AUC: 0.4857
[Fine-tune] Epoch 21/50 - Loss: 0.3114 - Val F1: 0.5244 - Val ROC-AUC: 0.7310 - Val PR-AUC: 0.4670
[Fine-tune] Epoch 22/50 - Loss: 0.3076 - Val F1: 0.4937 - Val ROC-AUC: 0.7079 - Val PR-AUC: 0.4772
[Fine-tune] Epoch 23/50 - Loss: 0.2870 - Val F1: 0.4606 - Val ROC-AUC: 0.7136 - Val PR-AUC: 0.4881
[Fine-tune] Epoch 24/50 - Loss: 0.2776 - Val F1: 0.4908 - Val ROC-AUC: 0.7202 - Val PR-AUC: 0.5142
[Fine-tune] Epoch 25/50 - Loss: 0.2980 - Val F1: 0.4848 - Val ROC-AUC: 0.6903 - Val PR-AUC: 0.4415
[Fine-tune] Epoch 26/50 - Loss: 0.2775 - Val F1: 0.4940 - Val ROC-AUC: 0.7216 - Val PR-AUC: 0.4579
[Fine-tune] Epoch 27/50 - Loss: 0.2667 - Val F1: 0.4785 - Val ROC-AUC: 0.7139 - Val PR-AUC: 0.4874
[Fine-tune] Epoch 28/50 - Loss: 0.2774 - Val F1: 0.4643 - Val ROC-AUC: 0.7088 - Val PR-AUC: 0.4666
[Fine-tune] Epoch 29/50 - Loss: 0.2859 - Val F1: 0.4815 - Val ROC-AUC: 0.7142 - Val PR-AUC: 0.4720
[Fine-tune] Epoch 30/50 - Loss: 0.2759 - Val F1: 0.4645 - Val ROC-AUC: 0.6916 - Val PR-AUC: 0.4851
[Fine-tune] Epoch 31/50 - Loss: 0.2670 - Val F1: 0.4903 - Val ROC-AUC: 0.7095 - Val PR-AUC: 0.4857
[Fine-tune] Epoch 32/50 - Loss: 0.2623 - Val F1: 0.4684 - Val ROC-AUC: 0.7041 - Val PR-AUC: 0.4738
[Fine-tune] Epoch 33/50 - Loss: 0.2649 - Val F1: 0.5032 - Val ROC-AUC: 0.7023 - Val PR-AUC: 0.4700
[Fine-tune] Epoch 34/50 - Loss: 0.2604 - Val F1: 0.4643 - Val ROC-AUC: 0.7019 - Val PR-AUC: 0.4610
[Fine-tune] Epoch 35/50 - Loss: 0.2508 - Val F1: 0.4774 - Val ROC-AUC: 0.7067 - Val PR-AUC: 0.4808
[Fine-tune] Epoch 36/50 - Loss: 0.2503 - Val F1: 0.5000 - Val ROC-AUC: 0.7024 - Val PR-AUC: 0.4718
[Fine-tune] Epoch 37/50 - Loss: 0.2380 - Val F1: 0.4756 - Val ROC-AUC: 0.7032 - Val PR-AUC: 0.4847
[Fine-tune] Epoch 38/50 - Loss: 0.2511 - Val F1: 0.4837 - Val ROC-AUC: 0.6970 - Val PR-AUC: 0.4671
[Fine-tune] Epoch 39/50 - Loss: 0.2302 - Val F1: 0.4663 - Val ROC-AUC: 0.7039 - Val PR-AUC: 0.4760
[Fine-tune] Epoch 40/50 - Loss: 0.2364 - Val F1: 0.4615 - Val ROC-AUC: 0.6982 - Val PR-AUC: 0.4640
[Fine-tune] Epoch 41/50 - Loss: 0.2302 - Val F1: 0.4805 - Val ROC-AUC: 0.6962 - Val PR-AUC: 0.4563
[Fine-tune] Epoch 42/50 - Loss: 0.2243 - Val F1: 0.4568 - Val ROC-AUC: 0.6910 - Val PR-AUC: 0.4594
[Fine-tune] Epoch 43/50 - Loss: 0.2065 - Val F1: 0.4684 - Val ROC-AUC: 0.7014 - Val PR-AUC: 0.4619
[Fine-tune] Epoch 44/50 - Loss: 0.2215 - Val F1: 0.4810 - Val ROC-AUC: 0.6933 - Val PR-AUC: 0.4544
[Fine-tune] Epoch 45/50 - Loss: 0.2278 - Val F1: 0.4744 - Val ROC-AUC: 0.7011 - Val PR-AUC: 0.4639
[Fine-tune] Epoch 46/50 - Loss: 0.2297 - Val F1: 0.4654 - Val ROC-AUC: 0.6964 - Val PR-AUC: 0.4574
[Fine-tune] Epoch 47/50 - Loss: 0.2172 - Val F1: 0.4805 - Val ROC-AUC: 0.7016 - Val PR-AUC: 0.4618
[Fine-tune] Epoch 48/50 - Loss: 0.2151 - Val F1: 0.4744 - Val ROC-AUC: 0.6938 - Val PR-AUC: 0.4642
[Fine-tune] Epoch 49/50 - Loss: 0.2129 - Val F1: 0.4615 - Val ROC-AUC: 0.6939 - Val PR-AUC: 0.4515
[Fine-tune] Epoch 50/50 - Loss: 0.2265 - Val F1: 0.4720 - Val ROC-AUC: 0.6962 - Val PR-AUC: 0.4535
Finetuning completed. Test F1: 0.4681, ROC-AUC: 0.7422, PR-AUC: 0.4528
[3.1/4] Target-only training on ATG_ERa_TRANS using GIN_GCN...
=== Target-only training ===
[Target-only] Epoch 1/50 – Loss: 0.6070  Val F1: 0.4952  ROC-AUC: 0.7558  PR-AUC: 0.4854
[Target-only] Epoch 2/50 – Loss: 0.5616  Val F1: 0.4800  ROC-AUC: 0.7352  PR-AUC: 0.4285
[Target-only] Epoch 3/50 – Loss: 0.5615  Val F1: 0.5251  ROC-AUC: 0.7654  PR-AUC: 0.5090
[Target-only] Epoch 4/50 – Loss: 0.5299  Val F1: 0.4541  ROC-AUC: 0.7269  PR-AUC: 0.4190
[Target-only] Epoch 5/50 – Loss: 0.5221  Val F1: 0.4653  ROC-AUC: 0.7359  PR-AUC: 0.4350
[Target-only] Epoch 6/50 – Loss: 0.5281  Val F1: 0.5325  ROC-AUC: 0.7515  PR-AUC: 0.5125
[Target-only] Epoch 7/50 – Loss: 0.4976  Val F1: 0.5605  ROC-AUC: 0.7519  PR-AUC: 0.4872
[Target-only] Epoch 8/50 – Loss: 0.5089  Val F1: 0.5052  ROC-AUC: 0.7542  PR-AUC: 0.5069
[Target-only] Epoch 9/50 – Loss: 0.5037  Val F1: 0.5098  ROC-AUC: 0.7462  PR-AUC: 0.4755
[Target-only] Epoch 10/50 – Loss: 0.5068  Val F1: 0.5341  ROC-AUC: 0.7470  PR-AUC: 0.5006
[Target-only] Epoch 11/50 – Loss: 0.4877  Val F1: 0.4854  ROC-AUC: 0.7420  PR-AUC: 0.4707
[Target-only] Epoch 12/50 – Loss: 0.4612  Val F1: 0.5207  ROC-AUC: 0.7542  PR-AUC: 0.4912
[Target-only] Epoch 13/50 – Loss: 0.4652  Val F1: 0.5060  ROC-AUC: 0.7383  PR-AUC: 0.4534
[Target-only] Epoch 14/50 – Loss: 0.4732  Val F1: 0.4663  ROC-AUC: 0.7237  PR-AUC: 0.4704
[Target-only] Epoch 15/50 – Loss: 0.4553  Val F1: 0.5227  ROC-AUC: 0.7390  PR-AUC: 0.4847
[Target-only] Epoch 16/50 – Loss: 0.4473  Val F1: 0.4722  ROC-AUC: 0.7463  PR-AUC: 0.4932
[Target-only] Epoch 17/50 – Loss: 0.4526  Val F1: 0.5025  ROC-AUC: 0.7559  PR-AUC: 0.5074
[Target-only] Epoch 18/50 – Loss: 0.4176  Val F1: 0.4925  ROC-AUC: 0.7300  PR-AUC: 0.4762
[Target-only] Epoch 19/50 – Loss: 0.4217  Val F1: 0.5119  ROC-AUC: 0.7439  PR-AUC: 0.4691
[Target-only] Epoch 20/50 – Loss: 0.4087  Val F1: 0.4933  ROC-AUC: 0.7190  PR-AUC: 0.4636
[Target-only] Epoch 21/50 – Loss: 0.3928  Val F1: 0.5062  ROC-AUC: 0.7383  PR-AUC: 0.4892
[Target-only] Epoch 22/50 – Loss: 0.3675  Val F1: 0.5509  ROC-AUC: 0.7383  PR-AUC: 0.4874
[Target-only] Epoch 23/50 – Loss: 0.3761  Val F1: 0.4693  ROC-AUC: 0.7180  PR-AUC: 0.4617
[Target-only] Epoch 24/50 – Loss: 0.3512  Val F1: 0.4920  ROC-AUC: 0.7391  PR-AUC: 0.4844
[Target-only] Epoch 25/50 – Loss: 0.3726  Val F1: 0.4757  ROC-AUC: 0.7337  PR-AUC: 0.4970
[Target-only] Epoch 26/50 – Loss: 0.3643  Val F1: 0.4862  ROC-AUC: 0.7258  PR-AUC: 0.5004
[Target-only] Epoch 27/50 – Loss: 0.3598  Val F1: 0.4746  ROC-AUC: 0.7366  PR-AUC: 0.5022
[Target-only] Epoch 28/50 – Loss: 0.3724  Val F1: 0.4699  ROC-AUC: 0.7183  PR-AUC: 0.4878
[Target-only] Epoch 29/50 – Loss: 0.3461  Val F1: 0.4727  ROC-AUC: 0.7143  PR-AUC: 0.4493
[Target-only] Epoch 30/50 – Loss: 0.3370  Val F1: 0.5190  ROC-AUC: 0.7283  PR-AUC: 0.4899
[Target-only] Epoch 31/50 – Loss: 0.3196  Val F1: 0.4762  ROC-AUC: 0.7145  PR-AUC: 0.4532
[Target-only] Epoch 32/50 – Loss: 0.3326  Val F1: 0.4535  ROC-AUC: 0.6993  PR-AUC: 0.4553
[Target-only] Epoch 33/50 – Loss: 0.3113  Val F1: 0.4828  ROC-AUC: 0.7068  PR-AUC: 0.4636
[Target-only] Epoch 34/50 – Loss: 0.3193  Val F1: 0.4565  ROC-AUC: 0.7009  PR-AUC: 0.4760
[Target-only] Epoch 35/50 – Loss: 0.3054  Val F1: 0.4845  ROC-AUC: 0.7130  PR-AUC: 0.4737
[Target-only] Epoch 36/50 – Loss: 0.3109  Val F1: 0.4971  ROC-AUC: 0.7140  PR-AUC: 0.4648
[Target-only] Epoch 37/50 – Loss: 0.2835  Val F1: 0.4578  ROC-AUC: 0.6908  PR-AUC: 0.4696
[Target-only] Epoch 38/50 – Loss: 0.2960  Val F1: 0.4727  ROC-AUC: 0.7087  PR-AUC: 0.4740
[Target-only] Epoch 39/50 – Loss: 0.2936  Val F1: 0.4795  ROC-AUC: 0.7005  PR-AUC: 0.4560
[Target-only] Epoch 40/50 – Loss: 0.2648  Val F1: 0.5000  ROC-AUC: 0.7224  PR-AUC: 0.4840
[Target-only] Epoch 41/50 – Loss: 0.2744  Val F1: 0.4750  ROC-AUC: 0.7111  PR-AUC: 0.4808
[Target-only] Epoch 42/50 – Loss: 0.2781  Val F1: 0.4848  ROC-AUC: 0.7074  PR-AUC: 0.4822
[Target-only] Epoch 43/50 – Loss: 0.2848  Val F1: 0.4636  ROC-AUC: 0.7079  PR-AUC: 0.4954
[Target-only] Epoch 44/50 – Loss: 0.2804  Val F1: 0.4734  ROC-AUC: 0.7056  PR-AUC: 0.4994
[Target-only] Epoch 45/50 – Loss: 0.2860  Val F1: 0.4908  ROC-AUC: 0.7140  PR-AUC: 0.5090
[Target-only] Epoch 46/50 – Loss: 0.2783  Val F1: 0.4944  ROC-AUC: 0.7177  PR-AUC: 0.5070
[Target-only] Epoch 47/50 – Loss: 0.2816  Val F1: 0.4935  ROC-AUC: 0.7128  PR-AUC: 0.4910
[Target-only] Epoch 48/50 – Loss: 0.2747  Val F1: 0.4910  ROC-AUC: 0.7151  PR-AUC: 0.4978
[Target-only] Epoch 49/50 – Loss: 0.2551  Val F1: 0.5000  ROC-AUC: 0.7094  PR-AUC: 0.4884
[Target-only] Epoch 50/50 – Loss: 0.2745  Val F1: 0.4906  ROC-AUC: 0.7102  PR-AUC: 0.4942
=== Target-only TEST performance ===
Test F1: 0.4586, ROC-AUC: 0.7331, PR-AUC: 0.4372
✅ 실험 완료: TOX21_ERa_LUC_VM7_Agonist -> ATG_ERa_TRANS [GIN_GCN]
