[1/4] Excel → CSV 변환 중...
Saved pretrain CSV for TOX21_ERa_LUC_VM7_Agonist: data/sample/TOX21_ERa_LUC_VM7_Agonist.csv
Saved pretrain CSV for TOX21_ERb_BLA_Agonist_viability: data/sample/TOX21_ERb_BLA_Agonist_viability.csv
Saved pretrain CSV for TOX21_ERa_LUC_VM7_Agonist_10nM_ICI182780_viability: data/sample/TOX21_ERa_LUC_VM7_Agonist_10nM_ICI182780_viability.csv
Saved pretrain CSV for TOX21_ERR_LUC_viability: data/sample/TOX21_ERR_LUC_viability.csv
Saved finetune CSV for ATG_ERE_CIS: data/sample/ATG_ERE_CIS.csv
Saved finetune CSV for ATG_ERa_TRANS: data/sample/ATG_ERa_TRANS.csv
Saved finetune CSV for ACEA_ER_80hr: data/sample/ACEA_ER_80hr.csv
Saved finetune CSV for OT_ER_ERaERa_1440: data/sample/OT_ER_ERaERa_1440.csv
Saved finetune CSV for OT_ER_ERaERb_1440: data/sample/OT_ER_ERaERb_1440.csv
Saved finetune CSV for OT_ER_ERbERb_1440: data/sample/OT_ER_ERbERb_1440.csv
Saved finetune CSV for NVS_NR_hER: data/sample/NVS_NR_hER.csv
[2/4] Pretraining on TOX21_ERR_LUC_viability using GIN_GCN...
Epoch 1/50 - Loss: 0.5966 - Val F1: 0.3254 - Val ROC-AUC: 0.6836 - Val PR-AUC: 0.2140
Epoch 2/50 - Loss: 0.5434 - Val F1: 0.2742 - Val ROC-AUC: 0.6758 - Val PR-AUC: 0.2158
Epoch 3/50 - Loss: 0.5162 - Val F1: 0.3444 - Val ROC-AUC: 0.7348 - Val PR-AUC: 0.2829
Epoch 4/50 - Loss: 0.5024 - Val F1: 0.3469 - Val ROC-AUC: 0.7068 - Val PR-AUC: 0.2355
Epoch 5/50 - Loss: 0.4967 - Val F1: 0.3462 - Val ROC-AUC: 0.7234 - Val PR-AUC: 0.2871
Epoch 6/50 - Loss: 0.4993 - Val F1: 0.3933 - Val ROC-AUC: 0.7507 - Val PR-AUC: 0.3044
Epoch 7/50 - Loss: 0.4780 - Val F1: 0.3668 - Val ROC-AUC: 0.7433 - Val PR-AUC: 0.2926
Epoch 8/50 - Loss: 0.4642 - Val F1: 0.3686 - Val ROC-AUC: 0.7313 - Val PR-AUC: 0.2827
Epoch 9/50 - Loss: 0.4701 - Val F1: 0.3422 - Val ROC-AUC: 0.7378 - Val PR-AUC: 0.2890
Epoch 10/50 - Loss: 0.4478 - Val F1: 0.4026 - Val ROC-AUC: 0.7664 - Val PR-AUC: 0.3119
Epoch 11/50 - Loss: 0.4346 - Val F1: 0.3873 - Val ROC-AUC: 0.7639 - Val PR-AUC: 0.3340
Epoch 12/50 - Loss: 0.4244 - Val F1: 0.3929 - Val ROC-AUC: 0.7609 - Val PR-AUC: 0.3258
Epoch 13/50 - Loss: 0.4243 - Val F1: 0.4057 - Val ROC-AUC: 0.7642 - Val PR-AUC: 0.3154
Epoch 14/50 - Loss: 0.4139 - Val F1: 0.4039 - Val ROC-AUC: 0.7637 - Val PR-AUC: 0.2962
Epoch 15/50 - Loss: 0.4109 - Val F1: 0.4188 - Val ROC-AUC: 0.7719 - Val PR-AUC: 0.3365
Epoch 16/50 - Loss: 0.3955 - Val F1: 0.4125 - Val ROC-AUC: 0.7571 - Val PR-AUC: 0.2962
Epoch 17/50 - Loss: 0.4080 - Val F1: 0.4127 - Val ROC-AUC: 0.7765 - Val PR-AUC: 0.3202
Epoch 18/50 - Loss: 0.3947 - Val F1: 0.3907 - Val ROC-AUC: 0.7607 - Val PR-AUC: 0.3077
Epoch 19/50 - Loss: 0.3844 - Val F1: 0.4013 - Val ROC-AUC: 0.7548 - Val PR-AUC: 0.3029
Epoch 20/50 - Loss: 0.3889 - Val F1: 0.4164 - Val ROC-AUC: 0.7778 - Val PR-AUC: 0.3490
Epoch 21/50 - Loss: 0.3519 - Val F1: 0.4286 - Val ROC-AUC: 0.7739 - Val PR-AUC: 0.3538
Epoch 22/50 - Loss: 0.3550 - Val F1: 0.4185 - Val ROC-AUC: 0.7757 - Val PR-AUC: 0.3285
Epoch 23/50 - Loss: 0.3456 - Val F1: 0.4186 - Val ROC-AUC: 0.7802 - Val PR-AUC: 0.3518
Epoch 24/50 - Loss: 0.3458 - Val F1: 0.4381 - Val ROC-AUC: 0.7802 - Val PR-AUC: 0.3468
Epoch 25/50 - Loss: 0.3304 - Val F1: 0.4491 - Val ROC-AUC: 0.7823 - Val PR-AUC: 0.3384
Epoch 26/50 - Loss: 0.3389 - Val F1: 0.4192 - Val ROC-AUC: 0.7698 - Val PR-AUC: 0.3140
Epoch 27/50 - Loss: 0.3296 - Val F1: 0.4074 - Val ROC-AUC: 0.7791 - Val PR-AUC: 0.3326
Epoch 28/50 - Loss: 0.3418 - Val F1: 0.4244 - Val ROC-AUC: 0.7733 - Val PR-AUC: 0.3286
Epoch 29/50 - Loss: 0.3295 - Val F1: 0.4430 - Val ROC-AUC: 0.7824 - Val PR-AUC: 0.3310
Epoch 30/50 - Loss: 0.3213 - Val F1: 0.4343 - Val ROC-AUC: 0.7692 - Val PR-AUC: 0.3335
Epoch 31/50 - Loss: 0.3118 - Val F1: 0.4437 - Val ROC-AUC: 0.7817 - Val PR-AUC: 0.3531
Epoch 32/50 - Loss: 0.2960 - Val F1: 0.4300 - Val ROC-AUC: 0.7813 - Val PR-AUC: 0.3486
Epoch 33/50 - Loss: 0.2920 - Val F1: 0.4333 - Val ROC-AUC: 0.7674 - Val PR-AUC: 0.3369
Epoch 34/50 - Loss: 0.2903 - Val F1: 0.4460 - Val ROC-AUC: 0.7767 - Val PR-AUC: 0.3332
Epoch 35/50 - Loss: 0.2980 - Val F1: 0.4272 - Val ROC-AUC: 0.7747 - Val PR-AUC: 0.3430
Epoch 36/50 - Loss: 0.3048 - Val F1: 0.4128 - Val ROC-AUC: 0.7731 - Val PR-AUC: 0.3375
Epoch 37/50 - Loss: 0.2831 - Val F1: 0.4186 - Val ROC-AUC: 0.7624 - Val PR-AUC: 0.3298
Epoch 38/50 - Loss: 0.2853 - Val F1: 0.4138 - Val ROC-AUC: 0.7666 - Val PR-AUC: 0.3323
Epoch 39/50 - Loss: 0.2872 - Val F1: 0.4366 - Val ROC-AUC: 0.7676 - Val PR-AUC: 0.3381
Epoch 40/50 - Loss: 0.2883 - Val F1: 0.4214 - Val ROC-AUC: 0.7739 - Val PR-AUC: 0.3515
Epoch 41/50 - Loss: 0.2616 - Val F1: 0.4482 - Val ROC-AUC: 0.7807 - Val PR-AUC: 0.3517
Epoch 42/50 - Loss: 0.2684 - Val F1: 0.4321 - Val ROC-AUC: 0.7766 - Val PR-AUC: 0.3448
Epoch 43/50 - Loss: 0.2600 - Val F1: 0.4483 - Val ROC-AUC: 0.7788 - Val PR-AUC: 0.3532
Epoch 44/50 - Loss: 0.2460 - Val F1: 0.4539 - Val ROC-AUC: 0.7724 - Val PR-AUC: 0.3464
Epoch 45/50 - Loss: 0.2619 - Val F1: 0.4674 - Val ROC-AUC: 0.7782 - Val PR-AUC: 0.3485
Epoch 46/50 - Loss: 0.2609 - Val F1: 0.4380 - Val ROC-AUC: 0.7720 - Val PR-AUC: 0.3409
Epoch 47/50 - Loss: 0.2655 - Val F1: 0.4452 - Val ROC-AUC: 0.7745 - Val PR-AUC: 0.3490
Epoch 48/50 - Loss: 0.2510 - Val F1: 0.4362 - Val ROC-AUC: 0.7729 - Val PR-AUC: 0.3442
Epoch 49/50 - Loss: 0.2418 - Val F1: 0.4476 - Val ROC-AUC: 0.7799 - Val PR-AUC: 0.3585
Epoch 50/50 - Loss: 0.2637 - Val F1: 0.4385 - Val ROC-AUC: 0.7749 - Val PR-AUC: 0.3410
Pretraining completed. Test F1: 0.4723, ROC-AUC: 0.8268, PR-AUC: 0.4157
[3/4] Finetuning on NVS_NR_hER using GIN_GCN...
[Fine-tune] Epoch 1/50 - Loss: 0.7765 - Val F1: 0.3438 - Val ROC-AUC: 0.6661 - Val PR-AUC: 0.3710
[Fine-tune] Epoch 2/50 - Loss: 0.4875 - Val F1: 0.4898 - Val ROC-AUC: 0.7928 - Val PR-AUC: 0.5574
[Fine-tune] Epoch 3/50 - Loss: 0.4553 - Val F1: 0.5532 - Val ROC-AUC: 0.8076 - Val PR-AUC: 0.5950
[Fine-tune] Epoch 4/50 - Loss: 0.3998 - Val F1: 0.4231 - Val ROC-AUC: 0.7730 - Val PR-AUC: 0.5741
[Fine-tune] Epoch 5/50 - Loss: 0.3693 - Val F1: 0.5641 - Val ROC-AUC: 0.7944 - Val PR-AUC: 0.6030
[Fine-tune] Epoch 6/50 - Loss: 0.3616 - Val F1: 0.4643 - Val ROC-AUC: 0.7363 - Val PR-AUC: 0.4511
[Fine-tune] Epoch 7/50 - Loss: 0.3344 - Val F1: 0.4545 - Val ROC-AUC: 0.7851 - Val PR-AUC: 0.5842
[Fine-tune] Epoch 8/50 - Loss: 0.2756 - Val F1: 0.5000 - Val ROC-AUC: 0.7917 - Val PR-AUC: 0.5899
[Fine-tune] Epoch 9/50 - Loss: 0.3057 - Val F1: 0.4651 - Val ROC-AUC: 0.7982 - Val PR-AUC: 0.5981
[Fine-tune] Epoch 10/50 - Loss: 0.3172 - Val F1: 0.4314 - Val ROC-AUC: 0.7725 - Val PR-AUC: 0.4965
[Fine-tune] Epoch 11/50 - Loss: 0.2850 - Val F1: 0.5000 - Val ROC-AUC: 0.7752 - Val PR-AUC: 0.5210
[Fine-tune] Epoch 12/50 - Loss: 0.2242 - Val F1: 0.4255 - Val ROC-AUC: 0.7626 - Val PR-AUC: 0.4582
[Fine-tune] Epoch 13/50 - Loss: 0.2088 - Val F1: 0.4082 - Val ROC-AUC: 0.7763 - Val PR-AUC: 0.5015
[Fine-tune] Epoch 14/50 - Loss: 0.2093 - Val F1: 0.4255 - Val ROC-AUC: 0.7752 - Val PR-AUC: 0.4774
[Fine-tune] Epoch 15/50 - Loss: 0.2015 - Val F1: 0.4444 - Val ROC-AUC: 0.7873 - Val PR-AUC: 0.4994
[Fine-tune] Epoch 16/50 - Loss: 0.2471 - Val F1: 0.5000 - Val ROC-AUC: 0.7632 - Val PR-AUC: 0.3843
[Fine-tune] Epoch 17/50 - Loss: 0.2022 - Val F1: 0.4783 - Val ROC-AUC: 0.7719 - Val PR-AUC: 0.4521
[Fine-tune] Epoch 18/50 - Loss: 0.2125 - Val F1: 0.5116 - Val ROC-AUC: 0.7961 - Val PR-AUC: 0.4938
[Fine-tune] Epoch 19/50 - Loss: 0.1749 - Val F1: 0.4231 - Val ROC-AUC: 0.7725 - Val PR-AUC: 0.4943
[Fine-tune] Epoch 20/50 - Loss: 0.2064 - Val F1: 0.4762 - Val ROC-AUC: 0.7812 - Val PR-AUC: 0.4902
[Fine-tune] Epoch 21/50 - Loss: 0.1898 - Val F1: 0.5238 - Val ROC-AUC: 0.7774 - Val PR-AUC: 0.4802
[Fine-tune] Epoch 22/50 - Loss: 0.1902 - Val F1: 0.5000 - Val ROC-AUC: 0.7571 - Val PR-AUC: 0.4392
[Fine-tune] Epoch 23/50 - Loss: 0.1956 - Val F1: 0.5366 - Val ROC-AUC: 0.7928 - Val PR-AUC: 0.5294
[Fine-tune] Epoch 24/50 - Loss: 0.1773 - Val F1: 0.4889 - Val ROC-AUC: 0.7774 - Val PR-AUC: 0.4444
[Fine-tune] Epoch 25/50 - Loss: 0.1661 - Val F1: 0.4651 - Val ROC-AUC: 0.7769 - Val PR-AUC: 0.5078
[Fine-tune] Epoch 26/50 - Loss: 0.1826 - Val F1: 0.4762 - Val ROC-AUC: 0.7928 - Val PR-AUC: 0.5122
[Fine-tune] Epoch 27/50 - Loss: 0.1728 - Val F1: 0.5000 - Val ROC-AUC: 0.7758 - Val PR-AUC: 0.4586
[Fine-tune] Epoch 28/50 - Loss: 0.1638 - Val F1: 0.5000 - Val ROC-AUC: 0.7736 - Val PR-AUC: 0.4523
[Fine-tune] Epoch 29/50 - Loss: 0.1746 - Val F1: 0.5000 - Val ROC-AUC: 0.7708 - Val PR-AUC: 0.4700
[Fine-tune] Epoch 30/50 - Loss: 0.1714 - Val F1: 0.4681 - Val ROC-AUC: 0.7675 - Val PR-AUC: 0.4391
[Fine-tune] Epoch 31/50 - Loss: 0.1113 - Val F1: 0.5455 - Val ROC-AUC: 0.7654 - Val PR-AUC: 0.4701
[Fine-tune] Epoch 32/50 - Loss: 0.1731 - Val F1: 0.5106 - Val ROC-AUC: 0.7654 - Val PR-AUC: 0.4653
[Fine-tune] Epoch 33/50 - Loss: 0.1040 - Val F1: 0.5238 - Val ROC-AUC: 0.7719 - Val PR-AUC: 0.4834
[Fine-tune] Epoch 34/50 - Loss: 0.1375 - Val F1: 0.4878 - Val ROC-AUC: 0.7697 - Val PR-AUC: 0.4639
[Fine-tune] Epoch 35/50 - Loss: 0.1230 - Val F1: 0.4878 - Val ROC-AUC: 0.7802 - Val PR-AUC: 0.4766
[Fine-tune] Epoch 36/50 - Loss: 0.1214 - Val F1: 0.5116 - Val ROC-AUC: 0.7785 - Val PR-AUC: 0.4929
[Fine-tune] Epoch 37/50 - Loss: 0.1436 - Val F1: 0.4545 - Val ROC-AUC: 0.7670 - Val PR-AUC: 0.4473
[Fine-tune] Epoch 38/50 - Loss: 0.1188 - Val F1: 0.4762 - Val ROC-AUC: 0.7730 - Val PR-AUC: 0.4495
[Fine-tune] Epoch 39/50 - Loss: 0.1117 - Val F1: 0.4878 - Val ROC-AUC: 0.7812 - Val PR-AUC: 0.4396
[Fine-tune] Epoch 40/50 - Loss: 0.1159 - Val F1: 0.4878 - Val ROC-AUC: 0.7714 - Val PR-AUC: 0.4420
[Fine-tune] Epoch 41/50 - Loss: 0.1603 - Val F1: 0.4762 - Val ROC-AUC: 0.7692 - Val PR-AUC: 0.4444
[Fine-tune] Epoch 42/50 - Loss: 0.1181 - Val F1: 0.4878 - Val ROC-AUC: 0.7796 - Val PR-AUC: 0.4511
[Fine-tune] Epoch 43/50 - Loss: 0.1047 - Val F1: 0.4878 - Val ROC-AUC: 0.7725 - Val PR-AUC: 0.4812
[Fine-tune] Epoch 44/50 - Loss: 0.1176 - Val F1: 0.5238 - Val ROC-AUC: 0.7703 - Val PR-AUC: 0.4495
[Fine-tune] Epoch 45/50 - Loss: 0.1150 - Val F1: 0.4878 - Val ROC-AUC: 0.7664 - Val PR-AUC: 0.4482
[Fine-tune] Epoch 46/50 - Loss: 0.1425 - Val F1: 0.5116 - Val ROC-AUC: 0.7604 - Val PR-AUC: 0.4485
[Fine-tune] Epoch 47/50 - Loss: 0.1034 - Val F1: 0.5116 - Val ROC-AUC: 0.7670 - Val PR-AUC: 0.4389
[Fine-tune] Epoch 48/50 - Loss: 0.1139 - Val F1: 0.5238 - Val ROC-AUC: 0.7571 - Val PR-AUC: 0.4371
[Fine-tune] Epoch 49/50 - Loss: 0.1193 - Val F1: 0.4878 - Val ROC-AUC: 0.7758 - Val PR-AUC: 0.4758
[Fine-tune] Epoch 50/50 - Loss: 0.1058 - Val F1: 0.4878 - Val ROC-AUC: 0.7758 - Val PR-AUC: 0.4868
Finetuning completed. Test F1: 0.4375, ROC-AUC: 0.8215, PR-AUC: 0.4943
[3.1/4] Target-only training on NVS_NR_hER using GIN_GCN...
=== Target-only training ===
[Target-only] Epoch 1/50 – Loss: 0.5929  Val F1: 0.2769  ROC-AUC: 0.7078  PR-AUC: 0.4486
[Target-only] Epoch 2/50 – Loss: 0.5416  Val F1: 0.3789  ROC-AUC: 0.8169  PR-AUC: 0.5989
[Target-only] Epoch 3/50 – Loss: 0.5365  Val F1: 0.3596  ROC-AUC: 0.7385  PR-AUC: 0.5235
[Target-only] Epoch 4/50 – Loss: 0.5342  Val F1: 0.5652  ROC-AUC: 0.8257  PR-AUC: 0.6267
[Target-only] Epoch 5/50 – Loss: 0.5354  Val F1: 0.4651  ROC-AUC: 0.7292  PR-AUC: 0.4933
[Target-only] Epoch 6/50 – Loss: 0.4955  Val F1: 0.5000  ROC-AUC: 0.7982  PR-AUC: 0.6011
[Target-only] Epoch 7/50 – Loss: 0.4820  Val F1: 0.3750  ROC-AUC: 0.7708  PR-AUC: 0.5224
[Target-only] Epoch 8/50 – Loss: 0.4673  Val F1: 0.3784  ROC-AUC: 0.7681  PR-AUC: 0.5668
[Target-only] Epoch 9/50 – Loss: 0.4241  Val F1: 0.4706  ROC-AUC: 0.8092  PR-AUC: 0.5666
[Target-only] Epoch 10/50 – Loss: 0.3901  Val F1: 0.4000  ROC-AUC: 0.7785  PR-AUC: 0.5813
[Target-only] Epoch 11/50 – Loss: 0.4150  Val F1: 0.4348  ROC-AUC: 0.7418  PR-AUC: 0.5719
[Target-only] Epoch 12/50 – Loss: 0.3770  Val F1: 0.4348  ROC-AUC: 0.7401  PR-AUC: 0.5919
[Target-only] Epoch 13/50 – Loss: 0.3565  Val F1: 0.3750  ROC-AUC: 0.7456  PR-AUC: 0.4957
[Target-only] Epoch 14/50 – Loss: 0.3549  Val F1: 0.4091  ROC-AUC: 0.7555  PR-AUC: 0.5867
[Target-only] Epoch 15/50 – Loss: 0.3552  Val F1: 0.3939  ROC-AUC: 0.7637  PR-AUC: 0.5578
[Target-only] Epoch 16/50 – Loss: 0.3280  Val F1: 0.4783  ROC-AUC: 0.7736  PR-AUC: 0.5595
[Target-only] Epoch 17/50 – Loss: 0.3407  Val F1: 0.5000  ROC-AUC: 0.7862  PR-AUC: 0.5792
[Target-only] Epoch 18/50 – Loss: 0.3331  Val F1: 0.4091  ROC-AUC: 0.7549  PR-AUC: 0.5931
[Target-only] Epoch 19/50 – Loss: 0.2760  Val F1: 0.4444  ROC-AUC: 0.7560  PR-AUC: 0.5899
[Target-only] Epoch 20/50 – Loss: 0.3101  Val F1: 0.4333  ROC-AUC: 0.7681  PR-AUC: 0.5700
[Target-only] Epoch 21/50 – Loss: 0.2711  Val F1: 0.4074  ROC-AUC: 0.7730  PR-AUC: 0.6050
[Target-only] Epoch 22/50 – Loss: 0.2543  Val F1: 0.4737  ROC-AUC: 0.7758  PR-AUC: 0.5790
[Target-only] Epoch 23/50 – Loss: 0.2588  Val F1: 0.5116  ROC-AUC: 0.7725  PR-AUC: 0.5240
[Target-only] Epoch 24/50 – Loss: 0.2348  Val F1: 0.4490  ROC-AUC: 0.7593  PR-AUC: 0.5750
[Target-only] Epoch 25/50 – Loss: 0.2386  Val F1: 0.5106  ROC-AUC: 0.7725  PR-AUC: 0.5969
[Target-only] Epoch 26/50 – Loss: 0.2298  Val F1: 0.4000  ROC-AUC: 0.7511  PR-AUC: 0.4206
[Target-only] Epoch 27/50 – Loss: 0.2236  Val F1: 0.3830  ROC-AUC: 0.7484  PR-AUC: 0.5509
[Target-only] Epoch 28/50 – Loss: 0.2515  Val F1: 0.5116  ROC-AUC: 0.7708  PR-AUC: 0.5730
[Target-only] Epoch 29/50 – Loss: 0.2136  Val F1: 0.4651  ROC-AUC: 0.7670  PR-AUC: 0.5624
[Target-only] Epoch 30/50 – Loss: 0.2028  Val F1: 0.4737  ROC-AUC: 0.7785  PR-AUC: 0.6129
[Target-only] Epoch 31/50 – Loss: 0.2261  Val F1: 0.4490  ROC-AUC: 0.7588  PR-AUC: 0.5126
[Target-only] Epoch 32/50 – Loss: 0.2077  Val F1: 0.4681  ROC-AUC: 0.7823  PR-AUC: 0.5769
[Target-only] Epoch 33/50 – Loss: 0.2085  Val F1: 0.4444  ROC-AUC: 0.7692  PR-AUC: 0.5597
[Target-only] Epoch 34/50 – Loss: 0.1987  Val F1: 0.4444  ROC-AUC: 0.7637  PR-AUC: 0.5635
[Target-only] Epoch 35/50 – Loss: 0.1515  Val F1: 0.5116  ROC-AUC: 0.7867  PR-AUC: 0.5970
[Target-only] Epoch 36/50 – Loss: 0.1766  Val F1: 0.4865  ROC-AUC: 0.7928  PR-AUC: 0.5813
[Target-only] Epoch 37/50 – Loss: 0.1851  Val F1: 0.5000  ROC-AUC: 0.7747  PR-AUC: 0.5108
[Target-only] Epoch 38/50 – Loss: 0.1878  Val F1: 0.4706  ROC-AUC: 0.7621  PR-AUC: 0.5107
[Target-only] Epoch 39/50 – Loss: 0.1670  Val F1: 0.5000  ROC-AUC: 0.7917  PR-AUC: 0.5474
[Target-only] Epoch 40/50 – Loss: 0.1509  Val F1: 0.4255  ROC-AUC: 0.7758  PR-AUC: 0.5619
[Target-only] Epoch 41/50 – Loss: 0.1613  Val F1: 0.4783  ROC-AUC: 0.7867  PR-AUC: 0.5592
[Target-only] Epoch 42/50 – Loss: 0.1580  Val F1: 0.4681  ROC-AUC: 0.7873  PR-AUC: 0.5574
[Target-only] Epoch 43/50 – Loss: 0.1559  Val F1: 0.4783  ROC-AUC: 0.7791  PR-AUC: 0.5500
[Target-only] Epoch 44/50 – Loss: 0.1382  Val F1: 0.5000  ROC-AUC: 0.7703  PR-AUC: 0.5693
[Target-only] Epoch 45/50 – Loss: 0.1663  Val F1: 0.5106  ROC-AUC: 0.7796  PR-AUC: 0.5632
[Target-only] Epoch 46/50 – Loss: 0.1734  Val F1: 0.4889  ROC-AUC: 0.7692  PR-AUC: 0.5072
[Target-only] Epoch 47/50 – Loss: 0.1595  Val F1: 0.4878  ROC-AUC: 0.7763  PR-AUC: 0.5477
[Target-only] Epoch 48/50 – Loss: 0.1577  Val F1: 0.4348  ROC-AUC: 0.7571  PR-AUC: 0.5045
[Target-only] Epoch 49/50 – Loss: 0.1276  Val F1: 0.4651  ROC-AUC: 0.7719  PR-AUC: 0.4981
[Target-only] Epoch 50/50 – Loss: 0.1551  Val F1: 0.4348  ROC-AUC: 0.7648  PR-AUC: 0.5000
=== Target-only TEST performance ===
Test F1: 0.4800, ROC-AUC: 0.7699, PR-AUC: 0.4660
✅ 실험 완료: TOX21_ERR_LUC_viability -> NVS_NR_hER [GIN_GCN]
