[1/4] Excel → CSV 변환 중...
Saved pretrain CSV for TOX21_ERa_LUC_VM7_Agonist: data/sample/TOX21_ERa_LUC_VM7_Agonist.csv
Saved pretrain CSV for TOX21_ERb_BLA_Agonist_viability: data/sample/TOX21_ERb_BLA_Agonist_viability.csv
Saved pretrain CSV for TOX21_ERa_LUC_VM7_Agonist_10nM_ICI182780_viability: data/sample/TOX21_ERa_LUC_VM7_Agonist_10nM_ICI182780_viability.csv
Saved pretrain CSV for TOX21_ERR_LUC_viability: data/sample/TOX21_ERR_LUC_viability.csv
Saved finetune CSV for ATG_ERE_CIS: data/sample/ATG_ERE_CIS.csv
Saved finetune CSV for ATG_ERa_TRANS: data/sample/ATG_ERa_TRANS.csv
Saved finetune CSV for ACEA_ER_80hr: data/sample/ACEA_ER_80hr.csv
Saved finetune CSV for OT_ER_ERaERa_1440: data/sample/OT_ER_ERaERa_1440.csv
Saved finetune CSV for OT_ER_ERaERb_1440: data/sample/OT_ER_ERaERb_1440.csv
Saved finetune CSV for OT_ER_ERbERb_1440: data/sample/OT_ER_ERbERb_1440.csv
Saved finetune CSV for NVS_NR_hER: data/sample/NVS_NR_hER.csv
[2/4] Pretraining on TOX21_ERa_LUC_VM7_Agonist_10nM_ICI182780_viability using GIN_GCN...
Epoch 1/50 - Loss: 0.5770 - Val F1: 0.2407 - Val ROC-AUC: 0.7492 - Val PR-AUC: 0.2567
Epoch 2/50 - Loss: 0.5065 - Val F1: 0.2629 - Val ROC-AUC: 0.7847 - Val PR-AUC: 0.3117
Epoch 3/50 - Loss: 0.4693 - Val F1: 0.3285 - Val ROC-AUC: 0.7662 - Val PR-AUC: 0.2654
Epoch 4/50 - Loss: 0.4474 - Val F1: 0.3946 - Val ROC-AUC: 0.8051 - Val PR-AUC: 0.3442
Epoch 5/50 - Loss: 0.4550 - Val F1: 0.3288 - Val ROC-AUC: 0.7582 - Val PR-AUC: 0.3065
Epoch 6/50 - Loss: 0.4266 - Val F1: 0.3682 - Val ROC-AUC: 0.7910 - Val PR-AUC: 0.3324
Epoch 7/50 - Loss: 0.4096 - Val F1: 0.3308 - Val ROC-AUC: 0.7786 - Val PR-AUC: 0.3124
Epoch 8/50 - Loss: 0.4016 - Val F1: 0.3566 - Val ROC-AUC: 0.8153 - Val PR-AUC: 0.3195
Epoch 9/50 - Loss: 0.3751 - Val F1: 0.3725 - Val ROC-AUC: 0.7857 - Val PR-AUC: 0.3248
Epoch 10/50 - Loss: 0.3902 - Val F1: 0.3399 - Val ROC-AUC: 0.7933 - Val PR-AUC: 0.3092
Epoch 11/50 - Loss: 0.3611 - Val F1: 0.3695 - Val ROC-AUC: 0.8216 - Val PR-AUC: 0.3590
Epoch 12/50 - Loss: 0.3391 - Val F1: 0.3429 - Val ROC-AUC: 0.7989 - Val PR-AUC: 0.3600
Epoch 13/50 - Loss: 0.3316 - Val F1: 0.3623 - Val ROC-AUC: 0.8114 - Val PR-AUC: 0.3471
Epoch 14/50 - Loss: 0.3370 - Val F1: 0.3333 - Val ROC-AUC: 0.7876 - Val PR-AUC: 0.3546
Epoch 15/50 - Loss: 0.3144 - Val F1: 0.3732 - Val ROC-AUC: 0.8109 - Val PR-AUC: 0.3676
Epoch 16/50 - Loss: 0.3217 - Val F1: 0.3909 - Val ROC-AUC: 0.8019 - Val PR-AUC: 0.3419
Epoch 17/50 - Loss: 0.3093 - Val F1: 0.3822 - Val ROC-AUC: 0.8027 - Val PR-AUC: 0.3479
Epoch 18/50 - Loss: 0.3033 - Val F1: 0.3850 - Val ROC-AUC: 0.8147 - Val PR-AUC: 0.3875
Epoch 19/50 - Loss: 0.3069 - Val F1: 0.3575 - Val ROC-AUC: 0.7971 - Val PR-AUC: 0.3347
Epoch 20/50 - Loss: 0.2997 - Val F1: 0.3590 - Val ROC-AUC: 0.7863 - Val PR-AUC: 0.3740
Epoch 21/50 - Loss: 0.2795 - Val F1: 0.3791 - Val ROC-AUC: 0.8081 - Val PR-AUC: 0.3852
Epoch 22/50 - Loss: 0.2643 - Val F1: 0.4121 - Val ROC-AUC: 0.8251 - Val PR-AUC: 0.3909
Epoch 23/50 - Loss: 0.2571 - Val F1: 0.4000 - Val ROC-AUC: 0.8249 - Val PR-AUC: 0.4213
Epoch 24/50 - Loss: 0.2568 - Val F1: 0.4141 - Val ROC-AUC: 0.8367 - Val PR-AUC: 0.4226
Epoch 25/50 - Loss: 0.2436 - Val F1: 0.3915 - Val ROC-AUC: 0.8213 - Val PR-AUC: 0.4127
Epoch 26/50 - Loss: 0.2512 - Val F1: 0.4335 - Val ROC-AUC: 0.8336 - Val PR-AUC: 0.4102
Epoch 27/50 - Loss: 0.2478 - Val F1: 0.3981 - Val ROC-AUC: 0.8171 - Val PR-AUC: 0.3585
Epoch 28/50 - Loss: 0.2500 - Val F1: 0.3850 - Val ROC-AUC: 0.8324 - Val PR-AUC: 0.4089
Epoch 29/50 - Loss: 0.2220 - Val F1: 0.3911 - Val ROC-AUC: 0.8279 - Val PR-AUC: 0.4166
Epoch 30/50 - Loss: 0.2238 - Val F1: 0.4078 - Val ROC-AUC: 0.8394 - Val PR-AUC: 0.4403
Epoch 31/50 - Loss: 0.2073 - Val F1: 0.4179 - Val ROC-AUC: 0.8345 - Val PR-AUC: 0.4295
Epoch 32/50 - Loss: 0.2139 - Val F1: 0.3810 - Val ROC-AUC: 0.8269 - Val PR-AUC: 0.4247
Epoch 33/50 - Loss: 0.2065 - Val F1: 0.4279 - Val ROC-AUC: 0.8291 - Val PR-AUC: 0.4268
Epoch 34/50 - Loss: 0.2274 - Val F1: 0.4038 - Val ROC-AUC: 0.8297 - Val PR-AUC: 0.4236
Epoch 35/50 - Loss: 0.1969 - Val F1: 0.4059 - Val ROC-AUC: 0.8233 - Val PR-AUC: 0.3943
Epoch 36/50 - Loss: 0.2093 - Val F1: 0.4000 - Val ROC-AUC: 0.8246 - Val PR-AUC: 0.4114
Epoch 37/50 - Loss: 0.2023 - Val F1: 0.4422 - Val ROC-AUC: 0.8316 - Val PR-AUC: 0.4201
Epoch 38/50 - Loss: 0.1955 - Val F1: 0.4335 - Val ROC-AUC: 0.8269 - Val PR-AUC: 0.4293
Epoch 39/50 - Loss: 0.2045 - Val F1: 0.4103 - Val ROC-AUC: 0.8249 - Val PR-AUC: 0.4095
Epoch 40/50 - Loss: 0.1905 - Val F1: 0.4155 - Val ROC-AUC: 0.8308 - Val PR-AUC: 0.4422
Epoch 41/50 - Loss: 0.1838 - Val F1: 0.4162 - Val ROC-AUC: 0.8336 - Val PR-AUC: 0.4413
Epoch 42/50 - Loss: 0.1770 - Val F1: 0.4221 - Val ROC-AUC: 0.8341 - Val PR-AUC: 0.4385
Epoch 43/50 - Loss: 0.1854 - Val F1: 0.4322 - Val ROC-AUC: 0.8310 - Val PR-AUC: 0.4151
Epoch 44/50 - Loss: 0.1879 - Val F1: 0.4301 - Val ROC-AUC: 0.8321 - Val PR-AUC: 0.4368
Epoch 45/50 - Loss: 0.1778 - Val F1: 0.4335 - Val ROC-AUC: 0.8301 - Val PR-AUC: 0.4346
Epoch 46/50 - Loss: 0.1675 - Val F1: 0.4242 - Val ROC-AUC: 0.8293 - Val PR-AUC: 0.4158
Epoch 47/50 - Loss: 0.1703 - Val F1: 0.4058 - Val ROC-AUC: 0.8370 - Val PR-AUC: 0.4439
Epoch 48/50 - Loss: 0.1702 - Val F1: 0.4084 - Val ROC-AUC: 0.8291 - Val PR-AUC: 0.4304
Epoch 49/50 - Loss: 0.1676 - Val F1: 0.4308 - Val ROC-AUC: 0.8309 - Val PR-AUC: 0.4445
Epoch 50/50 - Loss: 0.1721 - Val F1: 0.3941 - Val ROC-AUC: 0.8332 - Val PR-AUC: 0.4282
Pretraining completed. Test F1: 0.4098, ROC-AUC: 0.8260, PR-AUC: 0.3990
[3/4] Finetuning on NVS_NR_hER using GIN_GCN...
[Fine-tune] Epoch 1/50 - Loss: 0.8823 - Val F1: 0.3929 - Val ROC-AUC: 0.7440 - Val PR-AUC: 0.4885
[Fine-tune] Epoch 2/50 - Loss: 0.5316 - Val F1: 0.4082 - Val ROC-AUC: 0.7330 - Val PR-AUC: 0.4746
[Fine-tune] Epoch 3/50 - Loss: 0.4706 - Val F1: 0.5306 - Val ROC-AUC: 0.7659 - Val PR-AUC: 0.5341
[Fine-tune] Epoch 4/50 - Loss: 0.4167 - Val F1: 0.5581 - Val ROC-AUC: 0.7807 - Val PR-AUC: 0.6068
[Fine-tune] Epoch 5/50 - Loss: 0.3921 - Val F1: 0.5185 - Val ROC-AUC: 0.8032 - Val PR-AUC: 0.6251
[Fine-tune] Epoch 6/50 - Loss: 0.3550 - Val F1: 0.4737 - Val ROC-AUC: 0.7780 - Val PR-AUC: 0.5344
[Fine-tune] Epoch 7/50 - Loss: 0.3541 - Val F1: 0.4091 - Val ROC-AUC: 0.7505 - Val PR-AUC: 0.5463
[Fine-tune] Epoch 8/50 - Loss: 0.3374 - Val F1: 0.4186 - Val ROC-AUC: 0.7670 - Val PR-AUC: 0.4751
[Fine-tune] Epoch 9/50 - Loss: 0.3759 - Val F1: 0.5641 - Val ROC-AUC: 0.7637 - Val PR-AUC: 0.5154
[Fine-tune] Epoch 10/50 - Loss: 0.3364 - Val F1: 0.4000 - Val ROC-AUC: 0.6957 - Val PR-AUC: 0.4807
[Fine-tune] Epoch 11/50 - Loss: 0.2931 - Val F1: 0.4783 - Val ROC-AUC: 0.7253 - Val PR-AUC: 0.5373
[Fine-tune] Epoch 12/50 - Loss: 0.2781 - Val F1: 0.4348 - Val ROC-AUC: 0.7237 - Val PR-AUC: 0.5141
[Fine-tune] Epoch 13/50 - Loss: 0.2576 - Val F1: 0.4783 - Val ROC-AUC: 0.7149 - Val PR-AUC: 0.5218
[Fine-tune] Epoch 14/50 - Loss: 0.2215 - Val F1: 0.4348 - Val ROC-AUC: 0.7412 - Val PR-AUC: 0.5167
[Fine-tune] Epoch 15/50 - Loss: 0.2092 - Val F1: 0.4783 - Val ROC-AUC: 0.7812 - Val PR-AUC: 0.5680
[Fine-tune] Epoch 16/50 - Loss: 0.2279 - Val F1: 0.5106 - Val ROC-AUC: 0.7648 - Val PR-AUC: 0.5264
[Fine-tune] Epoch 17/50 - Loss: 0.2106 - Val F1: 0.4390 - Val ROC-AUC: 0.7253 - Val PR-AUC: 0.4709
[Fine-tune] Epoch 18/50 - Loss: 0.2416 - Val F1: 0.4000 - Val ROC-AUC: 0.7325 - Val PR-AUC: 0.4814
[Fine-tune] Epoch 19/50 - Loss: 0.1970 - Val F1: 0.4615 - Val ROC-AUC: 0.7670 - Val PR-AUC: 0.5441
[Fine-tune] Epoch 20/50 - Loss: 0.2111 - Val F1: 0.5238 - Val ROC-AUC: 0.7385 - Val PR-AUC: 0.5501
[Fine-tune] Epoch 21/50 - Loss: 0.1886 - Val F1: 0.4091 - Val ROC-AUC: 0.7418 - Val PR-AUC: 0.5141
[Fine-tune] Epoch 22/50 - Loss: 0.2153 - Val F1: 0.4390 - Val ROC-AUC: 0.7171 - Val PR-AUC: 0.4822
[Fine-tune] Epoch 23/50 - Loss: 0.1763 - Val F1: 0.4500 - Val ROC-AUC: 0.7456 - Val PR-AUC: 0.4954
[Fine-tune] Epoch 24/50 - Loss: 0.1413 - Val F1: 0.4762 - Val ROC-AUC: 0.7314 - Val PR-AUC: 0.5432
[Fine-tune] Epoch 25/50 - Loss: 0.1531 - Val F1: 0.4878 - Val ROC-AUC: 0.7549 - Val PR-AUC: 0.5314
[Fine-tune] Epoch 26/50 - Loss: 0.1718 - Val F1: 0.4889 - Val ROC-AUC: 0.7495 - Val PR-AUC: 0.4916
[Fine-tune] Epoch 27/50 - Loss: 0.1433 - Val F1: 0.4783 - Val ROC-AUC: 0.7692 - Val PR-AUC: 0.4890
[Fine-tune] Epoch 28/50 - Loss: 0.1373 - Val F1: 0.4615 - Val ROC-AUC: 0.7500 - Val PR-AUC: 0.5018
[Fine-tune] Epoch 29/50 - Loss: 0.1676 - Val F1: 0.4889 - Val ROC-AUC: 0.7385 - Val PR-AUC: 0.5016
[Fine-tune] Epoch 30/50 - Loss: 0.1535 - Val F1: 0.4186 - Val ROC-AUC: 0.7379 - Val PR-AUC: 0.4785
[Fine-tune] Epoch 31/50 - Loss: 0.1355 - Val F1: 0.4545 - Val ROC-AUC: 0.7555 - Val PR-AUC: 0.4936
[Fine-tune] Epoch 32/50 - Loss: 0.1431 - Val F1: 0.4651 - Val ROC-AUC: 0.7566 - Val PR-AUC: 0.5147
[Fine-tune] Epoch 33/50 - Loss: 0.1121 - Val F1: 0.4651 - Val ROC-AUC: 0.7610 - Val PR-AUC: 0.5132
[Fine-tune] Epoch 34/50 - Loss: 0.1345 - Val F1: 0.4651 - Val ROC-AUC: 0.7473 - Val PR-AUC: 0.4756
[Fine-tune] Epoch 35/50 - Loss: 0.1284 - Val F1: 0.4651 - Val ROC-AUC: 0.7434 - Val PR-AUC: 0.4729
[Fine-tune] Epoch 36/50 - Loss: 0.1191 - Val F1: 0.5000 - Val ROC-AUC: 0.7462 - Val PR-AUC: 0.4909
[Fine-tune] Epoch 37/50 - Loss: 0.1064 - Val F1: 0.5366 - Val ROC-AUC: 0.7484 - Val PR-AUC: 0.5365
[Fine-tune] Epoch 38/50 - Loss: 0.1398 - Val F1: 0.5128 - Val ROC-AUC: 0.7511 - Val PR-AUC: 0.4836
[Fine-tune] Epoch 39/50 - Loss: 0.1337 - Val F1: 0.5000 - Val ROC-AUC: 0.7516 - Val PR-AUC: 0.4809
[Fine-tune] Epoch 40/50 - Loss: 0.1536 - Val F1: 0.4783 - Val ROC-AUC: 0.7429 - Val PR-AUC: 0.4557
[Fine-tune] Epoch 41/50 - Loss: 0.0987 - Val F1: 0.4889 - Val ROC-AUC: 0.7527 - Val PR-AUC: 0.4768
[Fine-tune] Epoch 42/50 - Loss: 0.1187 - Val F1: 0.4500 - Val ROC-AUC: 0.7549 - Val PR-AUC: 0.5002
[Fine-tune] Epoch 43/50 - Loss: 0.1111 - Val F1: 0.4390 - Val ROC-AUC: 0.7445 - Val PR-AUC: 0.4800
[Fine-tune] Epoch 44/50 - Loss: 0.1117 - Val F1: 0.4878 - Val ROC-AUC: 0.7516 - Val PR-AUC: 0.5065
[Fine-tune] Epoch 45/50 - Loss: 0.1209 - Val F1: 0.4651 - Val ROC-AUC: 0.7467 - Val PR-AUC: 0.4699
[Fine-tune] Epoch 46/50 - Loss: 0.1187 - Val F1: 0.4762 - Val ROC-AUC: 0.7495 - Val PR-AUC: 0.4752
[Fine-tune] Epoch 47/50 - Loss: 0.1247 - Val F1: 0.4762 - Val ROC-AUC: 0.7495 - Val PR-AUC: 0.4615
[Fine-tune] Epoch 48/50 - Loss: 0.1188 - Val F1: 0.4186 - Val ROC-AUC: 0.7473 - Val PR-AUC: 0.4689
[Fine-tune] Epoch 49/50 - Loss: 0.0995 - Val F1: 0.4186 - Val ROC-AUC: 0.7462 - Val PR-AUC: 0.4634
[Fine-tune] Epoch 50/50 - Loss: 0.0981 - Val F1: 0.4500 - Val ROC-AUC: 0.7462 - Val PR-AUC: 0.4761
Finetuning completed. Test F1: 0.5500, ROC-AUC: 0.7287, PR-AUC: 0.4994
[3.1/4] Target-only training on NVS_NR_hER using GIN_GCN...
=== Target-only training ===
[Target-only] Epoch 1/50 – Loss: 0.6295  Val F1: 0.2836  ROC-AUC: 0.6617  PR-AUC: 0.4498
[Target-only] Epoch 2/50 – Loss: 0.5869  Val F1: 0.2903  ROC-AUC: 0.7577  PR-AUC: 0.5895
[Target-only] Epoch 3/50 – Loss: 0.5702  Val F1: 0.5333  ROC-AUC: 0.7933  PR-AUC: 0.6502
[Target-only] Epoch 4/50 – Loss: 0.5315  Val F1: 0.3438  ROC-AUC: 0.7122  PR-AUC: 0.5442
[Target-only] Epoch 5/50 – Loss: 0.4984  Val F1: 0.3548  ROC-AUC: 0.7379  PR-AUC: 0.5695
[Target-only] Epoch 6/50 – Loss: 0.4402  Val F1: 0.3133  ROC-AUC: 0.7045  PR-AUC: 0.5008
[Target-only] Epoch 7/50 – Loss: 0.4749  Val F1: 0.4783  ROC-AUC: 0.7703  PR-AUC: 0.6186
[Target-only] Epoch 8/50 – Loss: 0.4676  Val F1: 0.4068  ROC-AUC: 0.7741  PR-AUC: 0.5419
[Target-only] Epoch 9/50 – Loss: 0.4370  Val F1: 0.4348  ROC-AUC: 0.7297  PR-AUC: 0.5599
[Target-only] Epoch 10/50 – Loss: 0.4017  Val F1: 0.5405  ROC-AUC: 0.7336  PR-AUC: 0.4935
[Target-only] Epoch 11/50 – Loss: 0.3825  Val F1: 0.4000  ROC-AUC: 0.7484  PR-AUC: 0.6012
[Target-only] Epoch 12/50 – Loss: 0.3416  Val F1: 0.4286  ROC-AUC: 0.7736  PR-AUC: 0.5833
[Target-only] Epoch 13/50 – Loss: 0.3658  Val F1: 0.3922  ROC-AUC: 0.6990  PR-AUC: 0.4689
[Target-only] Epoch 14/50 – Loss: 0.3516  Val F1: 0.3922  ROC-AUC: 0.7319  PR-AUC: 0.5040
[Target-only] Epoch 15/50 – Loss: 0.3570  Val F1: 0.4286  ROC-AUC: 0.7516  PR-AUC: 0.5699
[Target-only] Epoch 16/50 – Loss: 0.3469  Val F1: 0.4255  ROC-AUC: 0.7686  PR-AUC: 0.5496
[Target-only] Epoch 17/50 – Loss: 0.3439  Val F1: 0.4762  ROC-AUC: 0.7336  PR-AUC: 0.5351
[Target-only] Epoch 18/50 – Loss: 0.3160  Val F1: 0.4000  ROC-AUC: 0.7346  PR-AUC: 0.4542
[Target-only] Epoch 19/50 – Loss: 0.2891  Val F1: 0.4082  ROC-AUC: 0.7346  PR-AUC: 0.4446
[Target-only] Epoch 20/50 – Loss: 0.2898  Val F1: 0.4286  ROC-AUC: 0.7692  PR-AUC: 0.5713
[Target-only] Epoch 21/50 – Loss: 0.2935  Val F1: 0.3704  ROC-AUC: 0.7209  PR-AUC: 0.4520
[Target-only] Epoch 22/50 – Loss: 0.2758  Val F1: 0.4314  ROC-AUC: 0.7516  PR-AUC: 0.5339
[Target-only] Epoch 23/50 – Loss: 0.2478  Val F1: 0.4074  ROC-AUC: 0.7560  PR-AUC: 0.5207
[Target-only] Epoch 24/50 – Loss: 0.2425  Val F1: 0.3750  ROC-AUC: 0.7522  PR-AUC: 0.4278
[Target-only] Epoch 25/50 – Loss: 0.2580  Val F1: 0.4138  ROC-AUC: 0.7368  PR-AUC: 0.4322
[Target-only] Epoch 26/50 – Loss: 0.2399  Val F1: 0.4561  ROC-AUC: 0.7412  PR-AUC: 0.4225
[Target-only] Epoch 27/50 – Loss: 0.2418  Val F1: 0.3913  ROC-AUC: 0.7560  PR-AUC: 0.4291
[Target-only] Epoch 28/50 – Loss: 0.2332  Val F1: 0.4000  ROC-AUC: 0.7604  PR-AUC: 0.4772
[Target-only] Epoch 29/50 – Loss: 0.2380  Val F1: 0.3774  ROC-AUC: 0.6985  PR-AUC: 0.3945
[Target-only] Epoch 30/50 – Loss: 0.2283  Val F1: 0.3390  ROC-AUC: 0.7001  PR-AUC: 0.3813
[Target-only] Epoch 31/50 – Loss: 0.2328  Val F1: 0.4082  ROC-AUC: 0.7385  PR-AUC: 0.4888
[Target-only] Epoch 32/50 – Loss: 0.2029  Val F1: 0.3913  ROC-AUC: 0.7478  PR-AUC: 0.4413
[Target-only] Epoch 33/50 – Loss: 0.2111  Val F1: 0.4167  ROC-AUC: 0.7177  PR-AUC: 0.4330
[Target-only] Epoch 34/50 – Loss: 0.2197  Val F1: 0.4091  ROC-AUC: 0.7555  PR-AUC: 0.5442
[Target-only] Epoch 35/50 – Loss: 0.2211  Val F1: 0.3922  ROC-AUC: 0.7089  PR-AUC: 0.4417
[Target-only] Epoch 36/50 – Loss: 0.2131  Val F1: 0.4186  ROC-AUC: 0.7270  PR-AUC: 0.4598
[Target-only] Epoch 37/50 – Loss: 0.1995  Val F1: 0.3830  ROC-AUC: 0.7385  PR-AUC: 0.4412
[Target-only] Epoch 38/50 – Loss: 0.2013  Val F1: 0.4167  ROC-AUC: 0.7226  PR-AUC: 0.4720
[Target-only] Epoch 39/50 – Loss: 0.1988  Val F1: 0.4348  ROC-AUC: 0.7462  PR-AUC: 0.4626
[Target-only] Epoch 40/50 – Loss: 0.1850  Val F1: 0.4082  ROC-AUC: 0.7330  PR-AUC: 0.4568
[Target-only] Epoch 41/50 – Loss: 0.1608  Val F1: 0.4255  ROC-AUC: 0.7368  PR-AUC: 0.4426
[Target-only] Epoch 42/50 – Loss: 0.1716  Val F1: 0.3830  ROC-AUC: 0.7286  PR-AUC: 0.4332
[Target-only] Epoch 43/50 – Loss: 0.1678  Val F1: 0.4000  ROC-AUC: 0.7292  PR-AUC: 0.4284
[Target-only] Epoch 44/50 – Loss: 0.1990  Val F1: 0.3913  ROC-AUC: 0.7363  PR-AUC: 0.4697
[Target-only] Epoch 45/50 – Loss: 0.1634  Val F1: 0.4091  ROC-AUC: 0.7281  PR-AUC: 0.4731
[Target-only] Epoch 46/50 – Loss: 0.1767  Val F1: 0.4000  ROC-AUC: 0.7177  PR-AUC: 0.4365
[Target-only] Epoch 47/50 – Loss: 0.1762  Val F1: 0.4167  ROC-AUC: 0.7078  PR-AUC: 0.4509
[Target-only] Epoch 48/50 – Loss: 0.1702  Val F1: 0.4255  ROC-AUC: 0.7363  PR-AUC: 0.4455
[Target-only] Epoch 49/50 – Loss: 0.1692  Val F1: 0.3913  ROC-AUC: 0.7434  PR-AUC: 0.4520
[Target-only] Epoch 50/50 – Loss: 0.1661  Val F1: 0.3913  ROC-AUC: 0.7418  PR-AUC: 0.4588
=== Target-only TEST performance ===
Test F1: 0.5161, ROC-AUC: 0.7379, PR-AUC: 0.4742
✅ 실험 완료: TOX21_ERa_LUC_VM7_Agonist_10nM_ICI182780_viability -> NVS_NR_hER [GIN_GCN]
