[1/4] Excel → CSV 변환 중...
Saved pretrain CSV for TOX21_ERa_LUC_VM7_Agonist: data/sample/TOX21_ERa_LUC_VM7_Agonist.csv
Saved pretrain CSV for TOX21_ERb_BLA_Agonist_viability: data/sample/TOX21_ERb_BLA_Agonist_viability.csv
Saved pretrain CSV for TOX21_ERa_LUC_VM7_Agonist_10nM_ICI182780_viability: data/sample/TOX21_ERa_LUC_VM7_Agonist_10nM_ICI182780_viability.csv
Saved pretrain CSV for TOX21_ERR_LUC_viability: data/sample/TOX21_ERR_LUC_viability.csv
Saved finetune CSV for ATG_ERE_CIS: data/sample/ATG_ERE_CIS.csv
Saved finetune CSV for ATG_ERa_TRANS: data/sample/ATG_ERa_TRANS.csv
Saved finetune CSV for ACEA_ER_80hr: data/sample/ACEA_ER_80hr.csv
Saved finetune CSV for OT_ER_ERaERa_1440: data/sample/OT_ER_ERaERa_1440.csv
Saved finetune CSV for OT_ER_ERaERb_1440: data/sample/OT_ER_ERaERb_1440.csv
Saved finetune CSV for OT_ER_ERbERb_1440: data/sample/OT_ER_ERbERb_1440.csv
Saved finetune CSV for NVS_NR_hER: data/sample/NVS_NR_hER.csv
[2/4] Pretraining on TOX21_ERR_LUC_viability using GIN_GCN...
Epoch 1/50 - Loss: 0.5983 - Val F1: 0.3172 - Val ROC-AUC: 0.6909 - Val PR-AUC: 0.2380
Epoch 2/50 - Loss: 0.5559 - Val F1: 0.3231 - Val ROC-AUC: 0.7051 - Val PR-AUC: 0.2557
Epoch 3/50 - Loss: 0.5331 - Val F1: 0.3289 - Val ROC-AUC: 0.7235 - Val PR-AUC: 0.2909
Epoch 4/50 - Loss: 0.5255 - Val F1: 0.3702 - Val ROC-AUC: 0.7279 - Val PR-AUC: 0.2565
Epoch 5/50 - Loss: 0.5070 - Val F1: 0.3542 - Val ROC-AUC: 0.7254 - Val PR-AUC: 0.2680
Epoch 6/50 - Loss: 0.4917 - Val F1: 0.3953 - Val ROC-AUC: 0.7363 - Val PR-AUC: 0.3050
Epoch 7/50 - Loss: 0.4850 - Val F1: 0.3524 - Val ROC-AUC: 0.7479 - Val PR-AUC: 0.3268
Epoch 8/50 - Loss: 0.4721 - Val F1: 0.4041 - Val ROC-AUC: 0.7464 - Val PR-AUC: 0.2953
Epoch 9/50 - Loss: 0.4692 - Val F1: 0.4317 - Val ROC-AUC: 0.7553 - Val PR-AUC: 0.3464
Epoch 10/50 - Loss: 0.4587 - Val F1: 0.3818 - Val ROC-AUC: 0.7491 - Val PR-AUC: 0.3165
Epoch 11/50 - Loss: 0.4337 - Val F1: 0.3618 - Val ROC-AUC: 0.7438 - Val PR-AUC: 0.3167
Epoch 12/50 - Loss: 0.4331 - Val F1: 0.3939 - Val ROC-AUC: 0.7541 - Val PR-AUC: 0.2988
Epoch 13/50 - Loss: 0.4190 - Val F1: 0.4101 - Val ROC-AUC: 0.7555 - Val PR-AUC: 0.3482
Epoch 14/50 - Loss: 0.3925 - Val F1: 0.3986 - Val ROC-AUC: 0.7482 - Val PR-AUC: 0.3467
Epoch 15/50 - Loss: 0.3888 - Val F1: 0.4048 - Val ROC-AUC: 0.7593 - Val PR-AUC: 0.3382
Epoch 16/50 - Loss: 0.4024 - Val F1: 0.4248 - Val ROC-AUC: 0.7630 - Val PR-AUC: 0.3268
Epoch 17/50 - Loss: 0.3857 - Val F1: 0.4133 - Val ROC-AUC: 0.7647 - Val PR-AUC: 0.3642
Epoch 18/50 - Loss: 0.3740 - Val F1: 0.4604 - Val ROC-AUC: 0.7889 - Val PR-AUC: 0.3738
Epoch 19/50 - Loss: 0.3777 - Val F1: 0.4295 - Val ROC-AUC: 0.7792 - Val PR-AUC: 0.3606
Epoch 20/50 - Loss: 0.3556 - Val F1: 0.4290 - Val ROC-AUC: 0.7708 - Val PR-AUC: 0.3667
Epoch 21/50 - Loss: 0.3441 - Val F1: 0.4621 - Val ROC-AUC: 0.7786 - Val PR-AUC: 0.3564
Epoch 22/50 - Loss: 0.3355 - Val F1: 0.4203 - Val ROC-AUC: 0.7677 - Val PR-AUC: 0.3482
Epoch 23/50 - Loss: 0.3094 - Val F1: 0.4262 - Val ROC-AUC: 0.7746 - Val PR-AUC: 0.3689
Epoch 24/50 - Loss: 0.3245 - Val F1: 0.4362 - Val ROC-AUC: 0.7684 - Val PR-AUC: 0.3601
Epoch 25/50 - Loss: 0.3104 - Val F1: 0.4251 - Val ROC-AUC: 0.7841 - Val PR-AUC: 0.3745
Epoch 26/50 - Loss: 0.3053 - Val F1: 0.4505 - Val ROC-AUC: 0.7783 - Val PR-AUC: 0.3645
Epoch 27/50 - Loss: 0.3056 - Val F1: 0.4505 - Val ROC-AUC: 0.7756 - Val PR-AUC: 0.3921
Epoch 28/50 - Loss: 0.3029 - Val F1: 0.4908 - Val ROC-AUC: 0.7874 - Val PR-AUC: 0.4278
Epoch 29/50 - Loss: 0.3098 - Val F1: 0.4510 - Val ROC-AUC: 0.7829 - Val PR-AUC: 0.4038
Epoch 30/50 - Loss: 0.3090 - Val F1: 0.4698 - Val ROC-AUC: 0.7790 - Val PR-AUC: 0.3858
Epoch 31/50 - Loss: 0.2965 - Val F1: 0.4521 - Val ROC-AUC: 0.7737 - Val PR-AUC: 0.3797
Epoch 32/50 - Loss: 0.2873 - Val F1: 0.4723 - Val ROC-AUC: 0.7785 - Val PR-AUC: 0.3849
Epoch 33/50 - Loss: 0.2772 - Val F1: 0.4605 - Val ROC-AUC: 0.7820 - Val PR-AUC: 0.3749
Epoch 34/50 - Loss: 0.2663 - Val F1: 0.4610 - Val ROC-AUC: 0.7796 - Val PR-AUC: 0.3871
Epoch 35/50 - Loss: 0.2562 - Val F1: 0.4742 - Val ROC-AUC: 0.7859 - Val PR-AUC: 0.4261
Epoch 36/50 - Loss: 0.2655 - Val F1: 0.4604 - Val ROC-AUC: 0.7786 - Val PR-AUC: 0.3989
Epoch 37/50 - Loss: 0.2607 - Val F1: 0.4659 - Val ROC-AUC: 0.7797 - Val PR-AUC: 0.4047
Epoch 38/50 - Loss: 0.2650 - Val F1: 0.4505 - Val ROC-AUC: 0.7794 - Val PR-AUC: 0.3762
Epoch 39/50 - Loss: 0.2613 - Val F1: 0.4467 - Val ROC-AUC: 0.7713 - Val PR-AUC: 0.3596
Epoch 40/50 - Loss: 0.2605 - Val F1: 0.4595 - Val ROC-AUC: 0.7784 - Val PR-AUC: 0.3839
Epoch 41/50 - Loss: 0.2445 - Val F1: 0.4690 - Val ROC-AUC: 0.7826 - Val PR-AUC: 0.3821
Epoch 42/50 - Loss: 0.2454 - Val F1: 0.4741 - Val ROC-AUC: 0.7828 - Val PR-AUC: 0.3891
Epoch 43/50 - Loss: 0.2378 - Val F1: 0.4658 - Val ROC-AUC: 0.7843 - Val PR-AUC: 0.3993
Epoch 44/50 - Loss: 0.2345 - Val F1: 0.4835 - Val ROC-AUC: 0.7907 - Val PR-AUC: 0.3992
Epoch 45/50 - Loss: 0.2322 - Val F1: 0.4722 - Val ROC-AUC: 0.7886 - Val PR-AUC: 0.4046
Epoch 46/50 - Loss: 0.2361 - Val F1: 0.4723 - Val ROC-AUC: 0.7865 - Val PR-AUC: 0.4079
Epoch 47/50 - Loss: 0.2309 - Val F1: 0.4571 - Val ROC-AUC: 0.7843 - Val PR-AUC: 0.3992
Epoch 48/50 - Loss: 0.2236 - Val F1: 0.4681 - Val ROC-AUC: 0.7863 - Val PR-AUC: 0.4040
Epoch 49/50 - Loss: 0.2272 - Val F1: 0.4769 - Val ROC-AUC: 0.7868 - Val PR-AUC: 0.4019
Epoch 50/50 - Loss: 0.2206 - Val F1: 0.4577 - Val ROC-AUC: 0.7857 - Val PR-AUC: 0.4013
Pretraining completed. Test F1: 0.4759, ROC-AUC: 0.8304, PR-AUC: 0.4404
[3/4] Finetuning on ATG_ERa_TRANS using GIN_GCN...
[Fine-tune] Epoch 1/50 - Loss: 0.6133 - Val F1: 0.4395 - Val ROC-AUC: 0.7163 - Val PR-AUC: 0.4187
[Fine-tune] Epoch 2/50 - Loss: 0.5176 - Val F1: 0.4837 - Val ROC-AUC: 0.7543 - Val PR-AUC: 0.4294
[Fine-tune] Epoch 3/50 - Loss: 0.5055 - Val F1: 0.4351 - Val ROC-AUC: 0.7358 - Val PR-AUC: 0.4086
[Fine-tune] Epoch 4/50 - Loss: 0.4944 - Val F1: 0.4953 - Val ROC-AUC: 0.7361 - Val PR-AUC: 0.4462
[Fine-tune] Epoch 5/50 - Loss: 0.4670 - Val F1: 0.4737 - Val ROC-AUC: 0.7394 - Val PR-AUC: 0.4577
[Fine-tune] Epoch 6/50 - Loss: 0.4438 - Val F1: 0.4774 - Val ROC-AUC: 0.7083 - Val PR-AUC: 0.4334
[Fine-tune] Epoch 7/50 - Loss: 0.4637 - Val F1: 0.4641 - Val ROC-AUC: 0.7464 - Val PR-AUC: 0.4696
[Fine-tune] Epoch 8/50 - Loss: 0.4594 - Val F1: 0.5057 - Val ROC-AUC: 0.7480 - Val PR-AUC: 0.4777
[Fine-tune] Epoch 9/50 - Loss: 0.4507 - Val F1: 0.5198 - Val ROC-AUC: 0.7443 - Val PR-AUC: 0.4970
[Fine-tune] Epoch 10/50 - Loss: 0.4415 - Val F1: 0.4526 - Val ROC-AUC: 0.7105 - Val PR-AUC: 0.4583
[Fine-tune] Epoch 11/50 - Loss: 0.4150 - Val F1: 0.4943 - Val ROC-AUC: 0.7268 - Val PR-AUC: 0.4663
[Fine-tune] Epoch 12/50 - Loss: 0.3793 - Val F1: 0.5357 - Val ROC-AUC: 0.7367 - Val PR-AUC: 0.5068
[Fine-tune] Epoch 13/50 - Loss: 0.3886 - Val F1: 0.4737 - Val ROC-AUC: 0.7044 - Val PR-AUC: 0.4134
[Fine-tune] Epoch 14/50 - Loss: 0.3844 - Val F1: 0.4444 - Val ROC-AUC: 0.6935 - Val PR-AUC: 0.4060
[Fine-tune] Epoch 15/50 - Loss: 0.3592 - Val F1: 0.5030 - Val ROC-AUC: 0.7199 - Val PR-AUC: 0.4687
[Fine-tune] Epoch 16/50 - Loss: 0.3677 - Val F1: 0.4624 - Val ROC-AUC: 0.6977 - Val PR-AUC: 0.4185
[Fine-tune] Epoch 17/50 - Loss: 0.3557 - Val F1: 0.4330 - Val ROC-AUC: 0.7034 - Val PR-AUC: 0.4341
[Fine-tune] Epoch 18/50 - Loss: 0.3397 - Val F1: 0.5000 - Val ROC-AUC: 0.6751 - Val PR-AUC: 0.4226
[Fine-tune] Epoch 19/50 - Loss: 0.3524 - Val F1: 0.5091 - Val ROC-AUC: 0.7215 - Val PR-AUC: 0.4572
[Fine-tune] Epoch 20/50 - Loss: 0.3409 - Val F1: 0.4795 - Val ROC-AUC: 0.7322 - Val PR-AUC: 0.4700
[Fine-tune] Epoch 21/50 - Loss: 0.3076 - Val F1: 0.5316 - Val ROC-AUC: 0.7130 - Val PR-AUC: 0.4613
[Fine-tune] Epoch 22/50 - Loss: 0.2852 - Val F1: 0.4795 - Val ROC-AUC: 0.7039 - Val PR-AUC: 0.4522
[Fine-tune] Epoch 23/50 - Loss: 0.3033 - Val F1: 0.5250 - Val ROC-AUC: 0.7185 - Val PR-AUC: 0.4806
[Fine-tune] Epoch 24/50 - Loss: 0.2736 - Val F1: 0.4746 - Val ROC-AUC: 0.7033 - Val PR-AUC: 0.4543
[Fine-tune] Epoch 25/50 - Loss: 0.2755 - Val F1: 0.4720 - Val ROC-AUC: 0.6910 - Val PR-AUC: 0.4270
[Fine-tune] Epoch 26/50 - Loss: 0.2991 - Val F1: 0.4941 - Val ROC-AUC: 0.7006 - Val PR-AUC: 0.4512
[Fine-tune] Epoch 27/50 - Loss: 0.2861 - Val F1: 0.4469 - Val ROC-AUC: 0.6778 - Val PR-AUC: 0.4179
[Fine-tune] Epoch 28/50 - Loss: 0.2697 - Val F1: 0.4968 - Val ROC-AUC: 0.6966 - Val PR-AUC: 0.4502
[Fine-tune] Epoch 29/50 - Loss: 0.2633 - Val F1: 0.4969 - Val ROC-AUC: 0.7063 - Val PR-AUC: 0.4556
[Fine-tune] Epoch 30/50 - Loss: 0.2693 - Val F1: 0.4153 - Val ROC-AUC: 0.6734 - Val PR-AUC: 0.3992
[Fine-tune] Epoch 31/50 - Loss: 0.2489 - Val F1: 0.5125 - Val ROC-AUC: 0.6983 - Val PR-AUC: 0.4604
[Fine-tune] Epoch 32/50 - Loss: 0.2472 - Val F1: 0.5062 - Val ROC-AUC: 0.6831 - Val PR-AUC: 0.4376
[Fine-tune] Epoch 33/50 - Loss: 0.2494 - Val F1: 0.4815 - Val ROC-AUC: 0.6877 - Val PR-AUC: 0.4434
[Fine-tune] Epoch 34/50 - Loss: 0.2294 - Val F1: 0.4852 - Val ROC-AUC: 0.6878 - Val PR-AUC: 0.4498
[Fine-tune] Epoch 35/50 - Loss: 0.2529 - Val F1: 0.4969 - Val ROC-AUC: 0.6892 - Val PR-AUC: 0.4227
[Fine-tune] Epoch 36/50 - Loss: 0.2363 - Val F1: 0.4937 - Val ROC-AUC: 0.6844 - Val PR-AUC: 0.4401
[Fine-tune] Epoch 37/50 - Loss: 0.2419 - Val F1: 0.4785 - Val ROC-AUC: 0.6815 - Val PR-AUC: 0.4538
[Fine-tune] Epoch 38/50 - Loss: 0.2379 - Val F1: 0.4795 - Val ROC-AUC: 0.6732 - Val PR-AUC: 0.4094
[Fine-tune] Epoch 39/50 - Loss: 0.2510 - Val F1: 0.4706 - Val ROC-AUC: 0.6893 - Val PR-AUC: 0.4276
[Fine-tune] Epoch 40/50 - Loss: 0.2274 - Val F1: 0.4819 - Val ROC-AUC: 0.6912 - Val PR-AUC: 0.4652
[Fine-tune] Epoch 41/50 - Loss: 0.2154 - Val F1: 0.4819 - Val ROC-AUC: 0.6809 - Val PR-AUC: 0.4273
[Fine-tune] Epoch 42/50 - Loss: 0.2062 - Val F1: 0.4780 - Val ROC-AUC: 0.6719 - Val PR-AUC: 0.4184
[Fine-tune] Epoch 43/50 - Loss: 0.2092 - Val F1: 0.5000 - Val ROC-AUC: 0.6854 - Val PR-AUC: 0.4361
[Fine-tune] Epoch 44/50 - Loss: 0.2338 - Val F1: 0.5170 - Val ROC-AUC: 0.6790 - Val PR-AUC: 0.4407
[Fine-tune] Epoch 45/50 - Loss: 0.2112 - Val F1: 0.4872 - Val ROC-AUC: 0.6765 - Val PR-AUC: 0.4306
[Fine-tune] Epoch 46/50 - Loss: 0.2225 - Val F1: 0.4675 - Val ROC-AUC: 0.6739 - Val PR-AUC: 0.4330
[Fine-tune] Epoch 47/50 - Loss: 0.2198 - Val F1: 0.4805 - Val ROC-AUC: 0.6842 - Val PR-AUC: 0.4194
[Fine-tune] Epoch 48/50 - Loss: 0.2009 - Val F1: 0.4720 - Val ROC-AUC: 0.6716 - Val PR-AUC: 0.4225
[Fine-tune] Epoch 49/50 - Loss: 0.1940 - Val F1: 0.4785 - Val ROC-AUC: 0.6761 - Val PR-AUC: 0.4186
[Fine-tune] Epoch 50/50 - Loss: 0.2026 - Val F1: 0.4805 - Val ROC-AUC: 0.6768 - Val PR-AUC: 0.4229
Finetuning completed. Test F1: 0.4855, ROC-AUC: 0.7504, PR-AUC: 0.4938
[3.1/4] Target-only training on ATG_ERa_TRANS using GIN_GCN...
=== Target-only training ===
[Target-only] Epoch 1/50 – Loss: 0.5921  Val F1: 0.4732  ROC-AUC: 0.7444  PR-AUC: 0.4238
[Target-only] Epoch 2/50 – Loss: 0.5509  Val F1: 0.4242  ROC-AUC: 0.7215  PR-AUC: 0.4177
[Target-only] Epoch 3/50 – Loss: 0.5461  Val F1: 0.4292  ROC-AUC: 0.7130  PR-AUC: 0.3768
[Target-only] Epoch 4/50 – Loss: 0.5459  Val F1: 0.4393  ROC-AUC: 0.6969  PR-AUC: 0.3623
[Target-only] Epoch 5/50 – Loss: 0.5310  Val F1: 0.4926  ROC-AUC: 0.7407  PR-AUC: 0.4776
[Target-only] Epoch 6/50 – Loss: 0.5371  Val F1: 0.5111  ROC-AUC: 0.7302  PR-AUC: 0.4412
[Target-only] Epoch 7/50 – Loss: 0.5078  Val F1: 0.5000  ROC-AUC: 0.7307  PR-AUC: 0.4801
[Target-only] Epoch 8/50 – Loss: 0.5290  Val F1: 0.5333  ROC-AUC: 0.7634  PR-AUC: 0.5227
[Target-only] Epoch 9/50 – Loss: 0.5001  Val F1: 0.5055  ROC-AUC: 0.7152  PR-AUC: 0.4279
[Target-only] Epoch 10/50 – Loss: 0.4791  Val F1: 0.4405  ROC-AUC: 0.7031  PR-AUC: 0.4106
[Target-only] Epoch 11/50 – Loss: 0.4754  Val F1: 0.4916  ROC-AUC: 0.7171  PR-AUC: 0.4114
[Target-only] Epoch 12/50 – Loss: 0.4599  Val F1: 0.4796  ROC-AUC: 0.7334  PR-AUC: 0.4460
[Target-only] Epoch 13/50 – Loss: 0.4640  Val F1: 0.4912  ROC-AUC: 0.7269  PR-AUC: 0.4706
[Target-only] Epoch 14/50 – Loss: 0.4633  Val F1: 0.4356  ROC-AUC: 0.7298  PR-AUC: 0.4281
[Target-only] Epoch 15/50 – Loss: 0.4406  Val F1: 0.5052  ROC-AUC: 0.7261  PR-AUC: 0.4747
[Target-only] Epoch 16/50 – Loss: 0.4515  Val F1: 0.5000  ROC-AUC: 0.7384  PR-AUC: 0.4640
[Target-only] Epoch 17/50 – Loss: 0.4283  Val F1: 0.4894  ROC-AUC: 0.7423  PR-AUC: 0.4727
[Target-only] Epoch 18/50 – Loss: 0.4117  Val F1: 0.4750  ROC-AUC: 0.7062  PR-AUC: 0.4352
[Target-only] Epoch 19/50 – Loss: 0.4439  Val F1: 0.4667  ROC-AUC: 0.7432  PR-AUC: 0.4917
[Target-only] Epoch 20/50 – Loss: 0.4389  Val F1: 0.4835  ROC-AUC: 0.7370  PR-AUC: 0.4607
[Target-only] Epoch 21/50 – Loss: 0.4005  Val F1: 0.4663  ROC-AUC: 0.7249  PR-AUC: 0.4566
[Target-only] Epoch 22/50 – Loss: 0.3960  Val F1: 0.4873  ROC-AUC: 0.7250  PR-AUC: 0.4433
[Target-only] Epoch 23/50 – Loss: 0.3939  Val F1: 0.5100  ROC-AUC: 0.7323  PR-AUC: 0.4688
[Target-only] Epoch 24/50 – Loss: 0.3840  Val F1: 0.4949  ROC-AUC: 0.7291  PR-AUC: 0.4572
[Target-only] Epoch 25/50 – Loss: 0.3904  Val F1: 0.4681  ROC-AUC: 0.7202  PR-AUC: 0.4487
[Target-only] Epoch 26/50 – Loss: 0.3522  Val F1: 0.4667  ROC-AUC: 0.7208  PR-AUC: 0.4475
[Target-only] Epoch 27/50 – Loss: 0.3613  Val F1: 0.4530  ROC-AUC: 0.7158  PR-AUC: 0.4750
[Target-only] Epoch 28/50 – Loss: 0.3623  Val F1: 0.4686  ROC-AUC: 0.7112  PR-AUC: 0.4384
[Target-only] Epoch 29/50 – Loss: 0.3601  Val F1: 0.4509  ROC-AUC: 0.6909  PR-AUC: 0.4058
[Target-only] Epoch 30/50 – Loss: 0.3431  Val F1: 0.5087  ROC-AUC: 0.7133  PR-AUC: 0.4532
[Target-only] Epoch 31/50 – Loss: 0.3462  Val F1: 0.4727  ROC-AUC: 0.7106  PR-AUC: 0.4381
[Target-only] Epoch 32/50 – Loss: 0.3509  Val F1: 0.4503  ROC-AUC: 0.6862  PR-AUC: 0.4122
[Target-only] Epoch 33/50 – Loss: 0.3286  Val F1: 0.4725  ROC-AUC: 0.7005  PR-AUC: 0.4526
[Target-only] Epoch 34/50 – Loss: 0.3041  Val F1: 0.4862  ROC-AUC: 0.7106  PR-AUC: 0.4390
[Target-only] Epoch 35/50 – Loss: 0.3167  Val F1: 0.4663  ROC-AUC: 0.7015  PR-AUC: 0.4301
[Target-only] Epoch 36/50 – Loss: 0.3074  Val F1: 0.4946  ROC-AUC: 0.7208  PR-AUC: 0.4566
[Target-only] Epoch 37/50 – Loss: 0.3125  Val F1: 0.4309  ROC-AUC: 0.6747  PR-AUC: 0.4020
[Target-only] Epoch 38/50 – Loss: 0.2775  Val F1: 0.4211  ROC-AUC: 0.6788  PR-AUC: 0.4186
[Target-only] Epoch 39/50 – Loss: 0.3089  Val F1: 0.5153  ROC-AUC: 0.7236  PR-AUC: 0.4635
[Target-only] Epoch 40/50 – Loss: 0.2973  Val F1: 0.4581  ROC-AUC: 0.6943  PR-AUC: 0.4409
[Target-only] Epoch 41/50 – Loss: 0.2709  Val F1: 0.4719  ROC-AUC: 0.7058  PR-AUC: 0.4661
[Target-only] Epoch 42/50 – Loss: 0.2741  Val F1: 0.4706  ROC-AUC: 0.6971  PR-AUC: 0.4483
[Target-only] Epoch 43/50 – Loss: 0.2820  Val F1: 0.4625  ROC-AUC: 0.6893  PR-AUC: 0.4280
[Target-only] Epoch 44/50 – Loss: 0.2715  Val F1: 0.4633  ROC-AUC: 0.6901  PR-AUC: 0.4364
[Target-only] Epoch 45/50 – Loss: 0.2784  Val F1: 0.4458  ROC-AUC: 0.6698  PR-AUC: 0.3973
[Target-only] Epoch 46/50 – Loss: 0.2681  Val F1: 0.4634  ROC-AUC: 0.6864  PR-AUC: 0.4184
[Target-only] Epoch 47/50 – Loss: 0.2840  Val F1: 0.4663  ROC-AUC: 0.6911  PR-AUC: 0.4260
[Target-only] Epoch 48/50 – Loss: 0.2795  Val F1: 0.4458  ROC-AUC: 0.6884  PR-AUC: 0.4094
[Target-only] Epoch 49/50 – Loss: 0.2811  Val F1: 0.4588  ROC-AUC: 0.6964  PR-AUC: 0.4290
[Target-only] Epoch 50/50 – Loss: 0.2580  Val F1: 0.4571  ROC-AUC: 0.6907  PR-AUC: 0.4289
=== Target-only TEST performance ===
Test F1: 0.5060, ROC-AUC: 0.7453, PR-AUC: 0.4756
✅ 실험 완료: TOX21_ERR_LUC_viability -> ATG_ERa_TRANS [GIN_GCN]
