[1/4] Excel → CSV 변환 중...
Saved pretrain CSV for TOX21_ERa_LUC_VM7_Agonist: data/sample/TOX21_ERa_LUC_VM7_Agonist.csv
Saved pretrain CSV for TOX21_ERb_BLA_Agonist_viability: data/sample/TOX21_ERb_BLA_Agonist_viability.csv
Saved pretrain CSV for TOX21_ERa_LUC_VM7_Agonist_10nM_ICI182780_viability: data/sample/TOX21_ERa_LUC_VM7_Agonist_10nM_ICI182780_viability.csv
Saved pretrain CSV for TOX21_ERR_LUC_viability: data/sample/TOX21_ERR_LUC_viability.csv
Saved finetune CSV for ATG_ERE_CIS: data/sample/ATG_ERE_CIS.csv
Saved finetune CSV for ATG_ERa_TRANS: data/sample/ATG_ERa_TRANS.csv
Saved finetune CSV for ACEA_ER_80hr: data/sample/ACEA_ER_80hr.csv
Saved finetune CSV for OT_ER_ERaERa_1440: data/sample/OT_ER_ERaERa_1440.csv
Saved finetune CSV for OT_ER_ERaERb_1440: data/sample/OT_ER_ERaERb_1440.csv
Saved finetune CSV for OT_ER_ERbERb_1440: data/sample/OT_ER_ERbERb_1440.csv
Saved finetune CSV for NVS_NR_hER: data/sample/NVS_NR_hER.csv
[2/4] Pretraining on TOX21_ERa_LUC_VM7_Agonist using GIN_GCN...
Epoch 1/50 - Loss: 0.6675 - Val F1: 0.2372 - Val ROC-AUC: 0.6163 - Val PR-AUC: 0.2767
Epoch 2/50 - Loss: 0.6489 - Val F1: 0.2442 - Val ROC-AUC: 0.6280 - Val PR-AUC: 0.2400
Epoch 3/50 - Loss: 0.6352 - Val F1: 0.2797 - Val ROC-AUC: 0.6651 - Val PR-AUC: 0.2600
Epoch 4/50 - Loss: 0.6249 - Val F1: 0.2648 - Val ROC-AUC: 0.6390 - Val PR-AUC: 0.2490
Epoch 5/50 - Loss: 0.6080 - Val F1: 0.2765 - Val ROC-AUC: 0.6473 - Val PR-AUC: 0.2707
Epoch 6/50 - Loss: 0.6114 - Val F1: 0.2951 - Val ROC-AUC: 0.6664 - Val PR-AUC: 0.2728
Epoch 7/50 - Loss: 0.5999 - Val F1: 0.2826 - Val ROC-AUC: 0.6545 - Val PR-AUC: 0.2620
Epoch 8/50 - Loss: 0.6009 - Val F1: 0.2593 - Val ROC-AUC: 0.6606 - Val PR-AUC: 0.2692
Epoch 9/50 - Loss: 0.5995 - Val F1: 0.2981 - Val ROC-AUC: 0.6804 - Val PR-AUC: 0.2851
Epoch 10/50 - Loss: 0.5922 - Val F1: 0.2946 - Val ROC-AUC: 0.6685 - Val PR-AUC: 0.2516
Epoch 11/50 - Loss: 0.5648 - Val F1: 0.3239 - Val ROC-AUC: 0.6957 - Val PR-AUC: 0.3066
Epoch 12/50 - Loss: 0.5620 - Val F1: 0.2783 - Val ROC-AUC: 0.6586 - Val PR-AUC: 0.2975
Epoch 13/50 - Loss: 0.5651 - Val F1: 0.2785 - Val ROC-AUC: 0.6639 - Val PR-AUC: 0.3172
Epoch 14/50 - Loss: 0.5635 - Val F1: 0.2843 - Val ROC-AUC: 0.6829 - Val PR-AUC: 0.3095
Epoch 15/50 - Loss: 0.5435 - Val F1: 0.2974 - Val ROC-AUC: 0.6806 - Val PR-AUC: 0.3169
Epoch 16/50 - Loss: 0.5363 - Val F1: 0.2636 - Val ROC-AUC: 0.6587 - Val PR-AUC: 0.3197
Epoch 17/50 - Loss: 0.5373 - Val F1: 0.3158 - Val ROC-AUC: 0.6859 - Val PR-AUC: 0.3231
Epoch 18/50 - Loss: 0.5356 - Val F1: 0.2900 - Val ROC-AUC: 0.6816 - Val PR-AUC: 0.3154
Epoch 19/50 - Loss: 0.5186 - Val F1: 0.3000 - Val ROC-AUC: 0.6772 - Val PR-AUC: 0.2648
Epoch 20/50 - Loss: 0.5146 - Val F1: 0.2880 - Val ROC-AUC: 0.6719 - Val PR-AUC: 0.3111
Epoch 21/50 - Loss: 0.4942 - Val F1: 0.2934 - Val ROC-AUC: 0.6680 - Val PR-AUC: 0.3206
Epoch 22/50 - Loss: 0.4968 - Val F1: 0.3221 - Val ROC-AUC: 0.6669 - Val PR-AUC: 0.3287
Epoch 23/50 - Loss: 0.4911 - Val F1: 0.3406 - Val ROC-AUC: 0.6565 - Val PR-AUC: 0.3074
Epoch 24/50 - Loss: 0.4826 - Val F1: 0.2925 - Val ROC-AUC: 0.6563 - Val PR-AUC: 0.2955
Epoch 25/50 - Loss: 0.4745 - Val F1: 0.2955 - Val ROC-AUC: 0.6612 - Val PR-AUC: 0.3144
Epoch 26/50 - Loss: 0.4684 - Val F1: 0.3175 - Val ROC-AUC: 0.6663 - Val PR-AUC: 0.3143
Epoch 27/50 - Loss: 0.4617 - Val F1: 0.2983 - Val ROC-AUC: 0.6559 - Val PR-AUC: 0.2971
Epoch 28/50 - Loss: 0.4599 - Val F1: 0.2835 - Val ROC-AUC: 0.6645 - Val PR-AUC: 0.2975
Epoch 29/50 - Loss: 0.4479 - Val F1: 0.3180 - Val ROC-AUC: 0.6594 - Val PR-AUC: 0.3082
Epoch 30/50 - Loss: 0.4505 - Val F1: 0.3077 - Val ROC-AUC: 0.6676 - Val PR-AUC: 0.3114
Epoch 31/50 - Loss: 0.4422 - Val F1: 0.3241 - Val ROC-AUC: 0.6753 - Val PR-AUC: 0.3129
Epoch 32/50 - Loss: 0.4201 - Val F1: 0.3190 - Val ROC-AUC: 0.6773 - Val PR-AUC: 0.3160
Epoch 33/50 - Loss: 0.4169 - Val F1: 0.3333 - Val ROC-AUC: 0.6697 - Val PR-AUC: 0.3177
Epoch 34/50 - Loss: 0.4016 - Val F1: 0.3130 - Val ROC-AUC: 0.6798 - Val PR-AUC: 0.3039
Epoch 35/50 - Loss: 0.4203 - Val F1: 0.3146 - Val ROC-AUC: 0.6693 - Val PR-AUC: 0.3111
Epoch 36/50 - Loss: 0.4156 - Val F1: 0.3003 - Val ROC-AUC: 0.6715 - Val PR-AUC: 0.3101
Epoch 37/50 - Loss: 0.3954 - Val F1: 0.3212 - Val ROC-AUC: 0.6704 - Val PR-AUC: 0.3188
Epoch 38/50 - Loss: 0.4042 - Val F1: 0.3125 - Val ROC-AUC: 0.6776 - Val PR-AUC: 0.3194
Epoch 39/50 - Loss: 0.4037 - Val F1: 0.3008 - Val ROC-AUC: 0.6720 - Val PR-AUC: 0.3093
Epoch 40/50 - Loss: 0.3862 - Val F1: 0.2990 - Val ROC-AUC: 0.6599 - Val PR-AUC: 0.3014
Epoch 41/50 - Loss: 0.3762 - Val F1: 0.3117 - Val ROC-AUC: 0.6734 - Val PR-AUC: 0.3145
Epoch 42/50 - Loss: 0.3665 - Val F1: 0.3072 - Val ROC-AUC: 0.6802 - Val PR-AUC: 0.3271
Epoch 43/50 - Loss: 0.3717 - Val F1: 0.3158 - Val ROC-AUC: 0.6741 - Val PR-AUC: 0.3112
Epoch 44/50 - Loss: 0.3655 - Val F1: 0.3042 - Val ROC-AUC: 0.6748 - Val PR-AUC: 0.3080
Epoch 45/50 - Loss: 0.3616 - Val F1: 0.3066 - Val ROC-AUC: 0.6761 - Val PR-AUC: 0.3050
Epoch 46/50 - Loss: 0.3695 - Val F1: 0.3183 - Val ROC-AUC: 0.6702 - Val PR-AUC: 0.3163
Epoch 47/50 - Loss: 0.3658 - Val F1: 0.3121 - Val ROC-AUC: 0.6695 - Val PR-AUC: 0.3097
Epoch 48/50 - Loss: 0.3528 - Val F1: 0.3119 - Val ROC-AUC: 0.6830 - Val PR-AUC: 0.3098
Epoch 49/50 - Loss: 0.3455 - Val F1: 0.3018 - Val ROC-AUC: 0.6751 - Val PR-AUC: 0.3066
Epoch 50/50 - Loss: 0.3498 - Val F1: 0.2961 - Val ROC-AUC: 0.6751 - Val PR-AUC: 0.2973
Pretraining completed. Test F1: 0.3289, ROC-AUC: 0.6723, PR-AUC: 0.3491
[3/4] Finetuning on OT_ER_ERaERa_1440 using GIN_GCN...
[Fine-tune] Epoch 1/50 - Loss: 0.5510 - Val F1: 0.3051 - Val ROC-AUC: 0.7058 - Val PR-AUC: 0.3456
[Fine-tune] Epoch 2/50 - Loss: 0.4274 - Val F1: 0.2258 - Val ROC-AUC: 0.6185 - Val PR-AUC: 0.2078
[Fine-tune] Epoch 3/50 - Loss: 0.3716 - Val F1: 0.3019 - Val ROC-AUC: 0.6353 - Val PR-AUC: 0.3157
[Fine-tune] Epoch 4/50 - Loss: 0.3435 - Val F1: 0.2571 - Val ROC-AUC: 0.6437 - Val PR-AUC: 0.2737
[Fine-tune] Epoch 5/50 - Loss: 0.3084 - Val F1: 0.2410 - Val ROC-AUC: 0.6307 - Val PR-AUC: 0.3125
[Fine-tune] Epoch 6/50 - Loss: 0.3561 - Val F1: 0.3077 - Val ROC-AUC: 0.6623 - Val PR-AUC: 0.3170
[Fine-tune] Epoch 7/50 - Loss: 0.3228 - Val F1: 0.2687 - Val ROC-AUC: 0.6292 - Val PR-AUC: 0.2932
[Fine-tune] Epoch 8/50 - Loss: 0.3118 - Val F1: 0.3256 - Val ROC-AUC: 0.5610 - Val PR-AUC: 0.2622
[Fine-tune] Epoch 9/50 - Loss: 0.2542 - Val F1: 0.2414 - Val ROC-AUC: 0.6155 - Val PR-AUC: 0.2689
[Fine-tune] Epoch 10/50 - Loss: 0.2169 - Val F1: 0.2456 - Val ROC-AUC: 0.5911 - Val PR-AUC: 0.3100
[Fine-tune] Epoch 11/50 - Loss: 0.2533 - Val F1: 0.3158 - Val ROC-AUC: 0.5633 - Val PR-AUC: 0.2046
[Fine-tune] Epoch 12/50 - Loss: 0.1897 - Val F1: 0.2545 - Val ROC-AUC: 0.5682 - Val PR-AUC: 0.2456
[Fine-tune] Epoch 13/50 - Loss: 0.1832 - Val F1: 0.3030 - Val ROC-AUC: 0.5995 - Val PR-AUC: 0.2585
[Fine-tune] Epoch 14/50 - Loss: 0.1909 - Val F1: 0.2791 - Val ROC-AUC: 0.5831 - Val PR-AUC: 0.2618
[Fine-tune] Epoch 15/50 - Loss: 0.1889 - Val F1: 0.3000 - Val ROC-AUC: 0.5716 - Val PR-AUC: 0.2163
[Fine-tune] Epoch 16/50 - Loss: 0.1799 - Val F1: 0.2727 - Val ROC-AUC: 0.5892 - Val PR-AUC: 0.2722
[Fine-tune] Epoch 17/50 - Loss: 0.1897 - Val F1: 0.2745 - Val ROC-AUC: 0.5636 - Val PR-AUC: 0.2365
[Fine-tune] Epoch 18/50 - Loss: 0.1732 - Val F1: 0.2703 - Val ROC-AUC: 0.5640 - Val PR-AUC: 0.2020
[Fine-tune] Epoch 19/50 - Loss: 0.1750 - Val F1: 0.2439 - Val ROC-AUC: 0.5526 - Val PR-AUC: 0.2347
[Fine-tune] Epoch 20/50 - Loss: 0.1601 - Val F1: 0.2500 - Val ROC-AUC: 0.5598 - Val PR-AUC: 0.1997
[Fine-tune] Epoch 21/50 - Loss: 0.1322 - Val F1: 0.2857 - Val ROC-AUC: 0.5377 - Val PR-AUC: 0.2134
[Fine-tune] Epoch 22/50 - Loss: 0.1165 - Val F1: 0.2353 - Val ROC-AUC: 0.5514 - Val PR-AUC: 0.1807
[Fine-tune] Epoch 23/50 - Loss: 0.1120 - Val F1: 0.2703 - Val ROC-AUC: 0.5728 - Val PR-AUC: 0.2212
[Fine-tune] Epoch 24/50 - Loss: 0.1178 - Val F1: 0.2703 - Val ROC-AUC: 0.5625 - Val PR-AUC: 0.2233
[Fine-tune] Epoch 25/50 - Loss: 0.1008 - Val F1: 0.2703 - Val ROC-AUC: 0.5636 - Val PR-AUC: 0.2281
[Fine-tune] Epoch 26/50 - Loss: 0.1237 - Val F1: 0.2778 - Val ROC-AUC: 0.5450 - Val PR-AUC: 0.2183
[Fine-tune] Epoch 27/50 - Loss: 0.1107 - Val F1: 0.2353 - Val ROC-AUC: 0.5419 - Val PR-AUC: 0.1835
[Fine-tune] Epoch 28/50 - Loss: 0.1431 - Val F1: 0.2703 - Val ROC-AUC: 0.5659 - Val PR-AUC: 0.2206
[Fine-tune] Epoch 29/50 - Loss: 0.1170 - Val F1: 0.2222 - Val ROC-AUC: 0.5549 - Val PR-AUC: 0.2107
[Fine-tune] Epoch 30/50 - Loss: 0.1063 - Val F1: 0.2424 - Val ROC-AUC: 0.5617 - Val PR-AUC: 0.2157
[Fine-tune] Epoch 31/50 - Loss: 0.0988 - Val F1: 0.2778 - Val ROC-AUC: 0.5560 - Val PR-AUC: 0.2044
[Fine-tune] Epoch 32/50 - Loss: 0.1020 - Val F1: 0.2286 - Val ROC-AUC: 0.5537 - Val PR-AUC: 0.2006
[Fine-tune] Epoch 33/50 - Loss: 0.0966 - Val F1: 0.2703 - Val ROC-AUC: 0.5465 - Val PR-AUC: 0.2043
[Fine-tune] Epoch 34/50 - Loss: 0.1010 - Val F1: 0.2778 - Val ROC-AUC: 0.5583 - Val PR-AUC: 0.2115
[Fine-tune] Epoch 35/50 - Loss: 0.0954 - Val F1: 0.2703 - Val ROC-AUC: 0.5431 - Val PR-AUC: 0.2066
[Fine-tune] Epoch 36/50 - Loss: 0.0927 - Val F1: 0.2564 - Val ROC-AUC: 0.5713 - Val PR-AUC: 0.2283
[Fine-tune] Epoch 37/50 - Loss: 0.1102 - Val F1: 0.2857 - Val ROC-AUC: 0.5545 - Val PR-AUC: 0.2093
[Fine-tune] Epoch 38/50 - Loss: 0.0862 - Val F1: 0.2632 - Val ROC-AUC: 0.5454 - Val PR-AUC: 0.2065
[Fine-tune] Epoch 39/50 - Loss: 0.0877 - Val F1: 0.2353 - Val ROC-AUC: 0.5514 - Val PR-AUC: 0.2028
[Fine-tune] Epoch 40/50 - Loss: 0.0882 - Val F1: 0.2778 - Val ROC-AUC: 0.5663 - Val PR-AUC: 0.2057
[Fine-tune] Epoch 41/50 - Loss: 0.0856 - Val F1: 0.2703 - Val ROC-AUC: 0.5488 - Val PR-AUC: 0.1997
[Fine-tune] Epoch 42/50 - Loss: 0.0798 - Val F1: 0.2857 - Val ROC-AUC: 0.5541 - Val PR-AUC: 0.2109
[Fine-tune] Epoch 43/50 - Loss: 0.0629 - Val F1: 0.2222 - Val ROC-AUC: 0.5404 - Val PR-AUC: 0.1969
[Fine-tune] Epoch 44/50 - Loss: 0.0884 - Val F1: 0.2222 - Val ROC-AUC: 0.5431 - Val PR-AUC: 0.2033
[Fine-tune] Epoch 45/50 - Loss: 0.0702 - Val F1: 0.2632 - Val ROC-AUC: 0.5534 - Val PR-AUC: 0.2117
[Fine-tune] Epoch 46/50 - Loss: 0.0778 - Val F1: 0.2778 - Val ROC-AUC: 0.5427 - Val PR-AUC: 0.2055
[Fine-tune] Epoch 47/50 - Loss: 0.0759 - Val F1: 0.2632 - Val ROC-AUC: 0.5457 - Val PR-AUC: 0.2080
[Fine-tune] Epoch 48/50 - Loss: 0.0924 - Val F1: 0.2632 - Val ROC-AUC: 0.5495 - Val PR-AUC: 0.2080
[Fine-tune] Epoch 49/50 - Loss: 0.0824 - Val F1: 0.2778 - Val ROC-AUC: 0.5442 - Val PR-AUC: 0.2150
[Fine-tune] Epoch 50/50 - Loss: 0.0860 - Val F1: 0.2778 - Val ROC-AUC: 0.5495 - Val PR-AUC: 0.2144
Finetuning completed. Test F1: 0.3721, ROC-AUC: 0.8218, PR-AUC: 0.2486
[3.1/4] Target-only training on OT_ER_ERaERa_1440 using GIN_GCN...
=== Target-only training ===
[Target-only] Epoch 1/50 – Loss: 0.6172  Val F1: 0.1739  ROC-AUC: 0.5240  PR-AUC: 0.1816
[Target-only] Epoch 2/50 – Loss: 0.5415  Val F1: 0.2619  ROC-AUC: 0.6749  PR-AUC: 0.2688
[Target-only] Epoch 3/50 – Loss: 0.5485  Val F1: 0.2609  ROC-AUC: 0.6334  PR-AUC: 0.3409
[Target-only] Epoch 4/50 – Loss: 0.4754  Val F1: 0.2353  ROC-AUC: 0.6418  PR-AUC: 0.2594
[Target-only] Epoch 5/50 – Loss: 0.4627  Val F1: 0.2716  ROC-AUC: 0.6723  PR-AUC: 0.3369
[Target-only] Epoch 6/50 – Loss: 0.4463  Val F1: 0.2340  ROC-AUC: 0.6955  PR-AUC: 0.3416
[Target-only] Epoch 7/50 – Loss: 0.4208  Val F1: 0.2545  ROC-AUC: 0.6280  PR-AUC: 0.3243
[Target-only] Epoch 8/50 – Loss: 0.4069  Val F1: 0.2095  ROC-AUC: 0.6711  PR-AUC: 0.3784
[Target-only] Epoch 9/50 – Loss: 0.3998  Val F1: 0.3030  ROC-AUC: 0.6730  PR-AUC: 0.2459
[Target-only] Epoch 10/50 – Loss: 0.3780  Val F1: 0.3636  ROC-AUC: 0.6562  PR-AUC: 0.2937
[Target-only] Epoch 11/50 – Loss: 0.3560  Val F1: 0.3077  ROC-AUC: 0.6563  PR-AUC: 0.2536
[Target-only] Epoch 12/50 – Loss: 0.3338  Val F1: 0.3600  ROC-AUC: 0.6627  PR-AUC: 0.2578
[Target-only] Epoch 13/50 – Loss: 0.3467  Val F1: 0.3333  ROC-AUC: 0.6669  PR-AUC: 0.2551
[Target-only] Epoch 14/50 – Loss: 0.3162  Val F1: 0.2143  ROC-AUC: 0.5949  PR-AUC: 0.2223
[Target-only] Epoch 15/50 – Loss: 0.3167  Val F1: 0.3673  ROC-AUC: 0.6608  PR-AUC: 0.2711
[Target-only] Epoch 16/50 – Loss: 0.3072  Val F1: 0.2500  ROC-AUC: 0.6151  PR-AUC: 0.2328
[Target-only] Epoch 17/50 – Loss: 0.3307  Val F1: 0.2593  ROC-AUC: 0.6052  PR-AUC: 0.2656
[Target-only] Epoch 18/50 – Loss: 0.2986  Val F1: 0.2727  ROC-AUC: 0.6513  PR-AUC: 0.3342
[Target-only] Epoch 19/50 – Loss: 0.2798  Val F1: 0.3200  ROC-AUC: 0.6456  PR-AUC: 0.2832
[Target-only] Epoch 20/50 – Loss: 0.2578  Val F1: 0.2623  ROC-AUC: 0.6380  PR-AUC: 0.2891
[Target-only] Epoch 21/50 – Loss: 0.2825  Val F1: 0.3019  ROC-AUC: 0.6372  PR-AUC: 0.3184
[Target-only] Epoch 22/50 – Loss: 0.2642  Val F1: 0.3273  ROC-AUC: 0.6406  PR-AUC: 0.2712
[Target-only] Epoch 23/50 – Loss: 0.2181  Val F1: 0.2917  ROC-AUC: 0.6159  PR-AUC: 0.2996
[Target-only] Epoch 24/50 – Loss: 0.2163  Val F1: 0.3333  ROC-AUC: 0.6231  PR-AUC: 0.3082
[Target-only] Epoch 25/50 – Loss: 0.2144  Val F1: 0.2927  ROC-AUC: 0.6021  PR-AUC: 0.2518
[Target-only] Epoch 26/50 – Loss: 0.2053  Val F1: 0.2632  ROC-AUC: 0.5736  PR-AUC: 0.2831
[Target-only] Epoch 27/50 – Loss: 0.2147  Val F1: 0.2703  ROC-AUC: 0.5789  PR-AUC: 0.2225
[Target-only] Epoch 28/50 – Loss: 0.2177  Val F1: 0.2143  ROC-AUC: 0.5652  PR-AUC: 0.2125
[Target-only] Epoch 29/50 – Loss: 0.2147  Val F1: 0.3182  ROC-AUC: 0.6265  PR-AUC: 0.3106
[Target-only] Epoch 30/50 – Loss: 0.2136  Val F1: 0.2927  ROC-AUC: 0.5957  PR-AUC: 0.2179
[Target-only] Epoch 31/50 – Loss: 0.1811  Val F1: 0.2727  ROC-AUC: 0.6117  PR-AUC: 0.2573
[Target-only] Epoch 32/50 – Loss: 0.1727  Val F1: 0.2381  ROC-AUC: 0.6040  PR-AUC: 0.2606
[Target-only] Epoch 33/50 – Loss: 0.1774  Val F1: 0.2162  ROC-AUC: 0.6098  PR-AUC: 0.2535
[Target-only] Epoch 34/50 – Loss: 0.1971  Val F1: 0.3404  ROC-AUC: 0.6170  PR-AUC: 0.2917
[Target-only] Epoch 35/50 – Loss: 0.1729  Val F1: 0.2105  ROC-AUC: 0.5728  PR-AUC: 0.2184
[Target-only] Epoch 36/50 – Loss: 0.1566  Val F1: 0.2703  ROC-AUC: 0.5880  PR-AUC: 0.2532
[Target-only] Epoch 37/50 – Loss: 0.1414  Val F1: 0.3333  ROC-AUC: 0.6139  PR-AUC: 0.2955
[Target-only] Epoch 38/50 – Loss: 0.1766  Val F1: 0.2500  ROC-AUC: 0.5857  PR-AUC: 0.2169
[Target-only] Epoch 39/50 – Loss: 0.1625  Val F1: 0.2632  ROC-AUC: 0.6029  PR-AUC: 0.2553
[Target-only] Epoch 40/50 – Loss: 0.1664  Val F1: 0.2222  ROC-AUC: 0.6002  PR-AUC: 0.2541
[Target-only] Epoch 41/50 – Loss: 0.1538  Val F1: 0.3000  ROC-AUC: 0.6120  PR-AUC: 0.2925
[Target-only] Epoch 42/50 – Loss: 0.1552  Val F1: 0.2553  ROC-AUC: 0.5998  PR-AUC: 0.2203
[Target-only] Epoch 43/50 – Loss: 0.1342  Val F1: 0.3111  ROC-AUC: 0.6037  PR-AUC: 0.2705
[Target-only] Epoch 44/50 – Loss: 0.1498  Val F1: 0.2979  ROC-AUC: 0.6220  PR-AUC: 0.2804
[Target-only] Epoch 45/50 – Loss: 0.1533  Val F1: 0.3784  ROC-AUC: 0.6143  PR-AUC: 0.2755
[Target-only] Epoch 46/50 – Loss: 0.1348  Val F1: 0.3415  ROC-AUC: 0.6185  PR-AUC: 0.2794
[Target-only] Epoch 47/50 – Loss: 0.1431  Val F1: 0.2857  ROC-AUC: 0.5938  PR-AUC: 0.2521
[Target-only] Epoch 48/50 – Loss: 0.1284  Val F1: 0.2632  ROC-AUC: 0.5877  PR-AUC: 0.2339
[Target-only] Epoch 49/50 – Loss: 0.1450  Val F1: 0.2105  ROC-AUC: 0.5949  PR-AUC: 0.2391
[Target-only] Epoch 50/50 – Loss: 0.1347  Val F1: 0.3256  ROC-AUC: 0.6200  PR-AUC: 0.2618
=== Target-only TEST performance ===
Test F1: 0.3111, ROC-AUC: 0.8190, PR-AUC: 0.2488
✅ 실험 완료: TOX21_ERa_LUC_VM7_Agonist -> OT_ER_ERaERa_1440 [GIN_GCN]
