[1/4] Excel → CSV 변환 중...
Saved pretrain CSV for TOX21_ERa_LUC_VM7_Agonist: data/sample/TOX21_ERa_LUC_VM7_Agonist.csv
Saved pretrain CSV for TOX21_ERb_BLA_Agonist_viability: data/sample/TOX21_ERb_BLA_Agonist_viability.csv
Saved pretrain CSV for TOX21_ERa_LUC_VM7_Agonist_10nM_ICI182780_viability: data/sample/TOX21_ERa_LUC_VM7_Agonist_10nM_ICI182780_viability.csv
Saved pretrain CSV for TOX21_ERR_LUC_viability: data/sample/TOX21_ERR_LUC_viability.csv
Saved finetune CSV for ATG_ERE_CIS: data/sample/ATG_ERE_CIS.csv
Saved finetune CSV for ATG_ERa_TRANS: data/sample/ATG_ERa_TRANS.csv
Saved finetune CSV for ACEA_ER_80hr: data/sample/ACEA_ER_80hr.csv
Saved finetune CSV for OT_ER_ERaERa_1440: data/sample/OT_ER_ERaERa_1440.csv
Saved finetune CSV for OT_ER_ERaERb_1440: data/sample/OT_ER_ERaERb_1440.csv
Saved finetune CSV for OT_ER_ERbERb_1440: data/sample/OT_ER_ERbERb_1440.csv
Saved finetune CSV for NVS_NR_hER: data/sample/NVS_NR_hER.csv
[2/4] Pretraining on TOX21_ERa_LUC_VM7_Agonist_10nM_ICI182780_viability using GIN_GCN...
Epoch 1/50 - Loss: 0.5699 - Val F1: 0.2953 - Val ROC-AUC: 0.7894 - Val PR-AUC: 0.3686
Epoch 2/50 - Loss: 0.5055 - Val F1: 0.3045 - Val ROC-AUC: 0.7820 - Val PR-AUC: 0.2775
Epoch 3/50 - Loss: 0.4763 - Val F1: 0.3574 - Val ROC-AUC: 0.8086 - Val PR-AUC: 0.3560
Epoch 4/50 - Loss: 0.4643 - Val F1: 0.3596 - Val ROC-AUC: 0.8210 - Val PR-AUC: 0.3400
Epoch 5/50 - Loss: 0.4455 - Val F1: 0.3653 - Val ROC-AUC: 0.7921 - Val PR-AUC: 0.3222
Epoch 6/50 - Loss: 0.4260 - Val F1: 0.3569 - Val ROC-AUC: 0.8359 - Val PR-AUC: 0.4017
Epoch 7/50 - Loss: 0.4184 - Val F1: 0.3607 - Val ROC-AUC: 0.8007 - Val PR-AUC: 0.3296
Epoch 8/50 - Loss: 0.3937 - Val F1: 0.3486 - Val ROC-AUC: 0.7756 - Val PR-AUC: 0.3327
Epoch 9/50 - Loss: 0.3954 - Val F1: 0.3846 - Val ROC-AUC: 0.7907 - Val PR-AUC: 0.3237
Epoch 10/50 - Loss: 0.3933 - Val F1: 0.3296 - Val ROC-AUC: 0.7976 - Val PR-AUC: 0.3294
Epoch 11/50 - Loss: 0.3525 - Val F1: 0.3215 - Val ROC-AUC: 0.7955 - Val PR-AUC: 0.3454
Epoch 12/50 - Loss: 0.3455 - Val F1: 0.3945 - Val ROC-AUC: 0.8163 - Val PR-AUC: 0.3605
Epoch 13/50 - Loss: 0.3395 - Val F1: 0.4182 - Val ROC-AUC: 0.8384 - Val PR-AUC: 0.4024
Epoch 14/50 - Loss: 0.3243 - Val F1: 0.3588 - Val ROC-AUC: 0.8199 - Val PR-AUC: 0.3764
Epoch 15/50 - Loss: 0.3163 - Val F1: 0.3636 - Val ROC-AUC: 0.8035 - Val PR-AUC: 0.3722
Epoch 16/50 - Loss: 0.3280 - Val F1: 0.3933 - Val ROC-AUC: 0.8230 - Val PR-AUC: 0.4113
Epoch 17/50 - Loss: 0.3037 - Val F1: 0.3936 - Val ROC-AUC: 0.8067 - Val PR-AUC: 0.3682
Epoch 18/50 - Loss: 0.3035 - Val F1: 0.3653 - Val ROC-AUC: 0.8249 - Val PR-AUC: 0.4291
Epoch 19/50 - Loss: 0.2783 - Val F1: 0.3881 - Val ROC-AUC: 0.8047 - Val PR-AUC: 0.3653
Epoch 20/50 - Loss: 0.2877 - Val F1: 0.3677 - Val ROC-AUC: 0.8031 - Val PR-AUC: 0.4142
Epoch 21/50 - Loss: 0.2628 - Val F1: 0.4236 - Val ROC-AUC: 0.8185 - Val PR-AUC: 0.4275
Epoch 22/50 - Loss: 0.2388 - Val F1: 0.3846 - Val ROC-AUC: 0.8113 - Val PR-AUC: 0.4469
Epoch 23/50 - Loss: 0.2513 - Val F1: 0.4135 - Val ROC-AUC: 0.8238 - Val PR-AUC: 0.4681
Epoch 24/50 - Loss: 0.2432 - Val F1: 0.3620 - Val ROC-AUC: 0.8093 - Val PR-AUC: 0.4781
Epoch 25/50 - Loss: 0.2394 - Val F1: 0.3878 - Val ROC-AUC: 0.8163 - Val PR-AUC: 0.4191
Epoch 26/50 - Loss: 0.2222 - Val F1: 0.4678 - Val ROC-AUC: 0.8261 - Val PR-AUC: 0.4930
Epoch 27/50 - Loss: 0.2090 - Val F1: 0.4038 - Val ROC-AUC: 0.8283 - Val PR-AUC: 0.4829
Epoch 28/50 - Loss: 0.2109 - Val F1: 0.4410 - Val ROC-AUC: 0.8269 - Val PR-AUC: 0.4469
Epoch 29/50 - Loss: 0.2117 - Val F1: 0.4082 - Val ROC-AUC: 0.8137 - Val PR-AUC: 0.4326
Epoch 30/50 - Loss: 0.2063 - Val F1: 0.3810 - Val ROC-AUC: 0.8170 - Val PR-AUC: 0.4470
Epoch 31/50 - Loss: 0.2015 - Val F1: 0.4000 - Val ROC-AUC: 0.8215 - Val PR-AUC: 0.4660
Epoch 32/50 - Loss: 0.1797 - Val F1: 0.4221 - Val ROC-AUC: 0.8239 - Val PR-AUC: 0.4436
Epoch 33/50 - Loss: 0.1815 - Val F1: 0.4432 - Val ROC-AUC: 0.8299 - Val PR-AUC: 0.4561
Epoch 34/50 - Loss: 0.1815 - Val F1: 0.4362 - Val ROC-AUC: 0.8226 - Val PR-AUC: 0.4474
Epoch 35/50 - Loss: 0.1771 - Val F1: 0.4421 - Val ROC-AUC: 0.8324 - Val PR-AUC: 0.4617
Epoch 36/50 - Loss: 0.1786 - Val F1: 0.4000 - Val ROC-AUC: 0.8279 - Val PR-AUC: 0.4448
Epoch 37/50 - Loss: 0.1830 - Val F1: 0.4255 - Val ROC-AUC: 0.8264 - Val PR-AUC: 0.4638
Epoch 38/50 - Loss: 0.1834 - Val F1: 0.4249 - Val ROC-AUC: 0.8251 - Val PR-AUC: 0.4598
Epoch 39/50 - Loss: 0.1660 - Val F1: 0.4103 - Val ROC-AUC: 0.8309 - Val PR-AUC: 0.4585
Epoch 40/50 - Loss: 0.1602 - Val F1: 0.4242 - Val ROC-AUC: 0.8275 - Val PR-AUC: 0.4750
Epoch 41/50 - Loss: 0.1617 - Val F1: 0.4171 - Val ROC-AUC: 0.8311 - Val PR-AUC: 0.4772
Epoch 42/50 - Loss: 0.1449 - Val F1: 0.4388 - Val ROC-AUC: 0.8317 - Val PR-AUC: 0.4784
Epoch 43/50 - Loss: 0.1451 - Val F1: 0.4492 - Val ROC-AUC: 0.8319 - Val PR-AUC: 0.4562
Epoch 44/50 - Loss: 0.1576 - Val F1: 0.4255 - Val ROC-AUC: 0.8273 - Val PR-AUC: 0.4500
Epoch 45/50 - Loss: 0.1390 - Val F1: 0.4398 - Val ROC-AUC: 0.8332 - Val PR-AUC: 0.4667
Epoch 46/50 - Loss: 0.1565 - Val F1: 0.4421 - Val ROC-AUC: 0.8294 - Val PR-AUC: 0.4613
Epoch 47/50 - Loss: 0.1612 - Val F1: 0.4599 - Val ROC-AUC: 0.8345 - Val PR-AUC: 0.4524
Epoch 48/50 - Loss: 0.1431 - Val F1: 0.4421 - Val ROC-AUC: 0.8319 - Val PR-AUC: 0.4421
Epoch 49/50 - Loss: 0.1475 - Val F1: 0.4264 - Val ROC-AUC: 0.8325 - Val PR-AUC: 0.4642
Epoch 50/50 - Loss: 0.1421 - Val F1: 0.4536 - Val ROC-AUC: 0.8281 - Val PR-AUC: 0.4501
Pretraining completed. Test F1: 0.4941, ROC-AUC: 0.8318, PR-AUC: 0.4960
[3/4] Finetuning on ATG_ERE_CIS using GIN_GCN...
[Fine-tune] Epoch 1/50 - Loss: 0.7178 - Val F1: 0.4380 - Val ROC-AUC: 0.7074 - Val PR-AUC: 0.4830
[Fine-tune] Epoch 2/50 - Loss: 0.5903 - Val F1: 0.4444 - Val ROC-AUC: 0.6792 - Val PR-AUC: 0.4067
[Fine-tune] Epoch 3/50 - Loss: 0.5607 - Val F1: 0.4364 - Val ROC-AUC: 0.7059 - Val PR-AUC: 0.4898
[Fine-tune] Epoch 4/50 - Loss: 0.5594 - Val F1: 0.4192 - Val ROC-AUC: 0.7108 - Val PR-AUC: 0.4729
[Fine-tune] Epoch 5/50 - Loss: 0.5457 - Val F1: 0.4223 - Val ROC-AUC: 0.7179 - Val PR-AUC: 0.5044
[Fine-tune] Epoch 6/50 - Loss: 0.5415 - Val F1: 0.4974 - Val ROC-AUC: 0.7083 - Val PR-AUC: 0.4731
[Fine-tune] Epoch 7/50 - Loss: 0.5369 - Val F1: 0.4831 - Val ROC-AUC: 0.7097 - Val PR-AUC: 0.4361
[Fine-tune] Epoch 8/50 - Loss: 0.5152 - Val F1: 0.4699 - Val ROC-AUC: 0.6932 - Val PR-AUC: 0.4957
[Fine-tune] Epoch 9/50 - Loss: 0.5165 - Val F1: 0.4722 - Val ROC-AUC: 0.7169 - Val PR-AUC: 0.4256
[Fine-tune] Epoch 10/50 - Loss: 0.4980 - Val F1: 0.4597 - Val ROC-AUC: 0.7106 - Val PR-AUC: 0.4482
[Fine-tune] Epoch 11/50 - Loss: 0.4627 - Val F1: 0.4532 - Val ROC-AUC: 0.7154 - Val PR-AUC: 0.4970
[Fine-tune] Epoch 12/50 - Loss: 0.4691 - Val F1: 0.4351 - Val ROC-AUC: 0.7163 - Val PR-AUC: 0.4508
[Fine-tune] Epoch 13/50 - Loss: 0.4457 - Val F1: 0.4417 - Val ROC-AUC: 0.7074 - Val PR-AUC: 0.4196
[Fine-tune] Epoch 14/50 - Loss: 0.4416 - Val F1: 0.4766 - Val ROC-AUC: 0.7291 - Val PR-AUC: 0.4321
[Fine-tune] Epoch 15/50 - Loss: 0.4482 - Val F1: 0.4685 - Val ROC-AUC: 0.7156 - Val PR-AUC: 0.4546
[Fine-tune] Epoch 16/50 - Loss: 0.4153 - Val F1: 0.5067 - Val ROC-AUC: 0.7383 - Val PR-AUC: 0.4608
[Fine-tune] Epoch 17/50 - Loss: 0.4327 - Val F1: 0.4958 - Val ROC-AUC: 0.7486 - Val PR-AUC: 0.5190
[Fine-tune] Epoch 18/50 - Loss: 0.4142 - Val F1: 0.4507 - Val ROC-AUC: 0.7221 - Val PR-AUC: 0.4969
[Fine-tune] Epoch 19/50 - Loss: 0.4093 - Val F1: 0.4516 - Val ROC-AUC: 0.7035 - Val PR-AUC: 0.4774
[Fine-tune] Epoch 20/50 - Loss: 0.3912 - Val F1: 0.4688 - Val ROC-AUC: 0.7166 - Val PR-AUC: 0.4388
[Fine-tune] Epoch 21/50 - Loss: 0.3967 - Val F1: 0.4145 - Val ROC-AUC: 0.6857 - Val PR-AUC: 0.4250
[Fine-tune] Epoch 22/50 - Loss: 0.3920 - Val F1: 0.4545 - Val ROC-AUC: 0.7136 - Val PR-AUC: 0.4502
[Fine-tune] Epoch 23/50 - Loss: 0.3626 - Val F1: 0.4493 - Val ROC-AUC: 0.7113 - Val PR-AUC: 0.4350
[Fine-tune] Epoch 24/50 - Loss: 0.3563 - Val F1: 0.4200 - Val ROC-AUC: 0.6921 - Val PR-AUC: 0.4407
[Fine-tune] Epoch 25/50 - Loss: 0.3571 - Val F1: 0.4468 - Val ROC-AUC: 0.6881 - Val PR-AUC: 0.3983
[Fine-tune] Epoch 26/50 - Loss: 0.3635 - Val F1: 0.4249 - Val ROC-AUC: 0.6893 - Val PR-AUC: 0.4058
[Fine-tune] Epoch 27/50 - Loss: 0.3463 - Val F1: 0.4045 - Val ROC-AUC: 0.6967 - Val PR-AUC: 0.4490
[Fine-tune] Epoch 28/50 - Loss: 0.3356 - Val F1: 0.4615 - Val ROC-AUC: 0.7143 - Val PR-AUC: 0.4512
[Fine-tune] Epoch 29/50 - Loss: 0.3362 - Val F1: 0.4455 - Val ROC-AUC: 0.7215 - Val PR-AUC: 0.4541
[Fine-tune] Epoch 30/50 - Loss: 0.3290 - Val F1: 0.4649 - Val ROC-AUC: 0.7027 - Val PR-AUC: 0.4333
[Fine-tune] Epoch 31/50 - Loss: 0.3057 - Val F1: 0.4306 - Val ROC-AUC: 0.6917 - Val PR-AUC: 0.4115
[Fine-tune] Epoch 32/50 - Loss: 0.3099 - Val F1: 0.4545 - Val ROC-AUC: 0.7043 - Val PR-AUC: 0.4341
[Fine-tune] Epoch 33/50 - Loss: 0.3111 - Val F1: 0.4577 - Val ROC-AUC: 0.7139 - Val PR-AUC: 0.4465
[Fine-tune] Epoch 34/50 - Loss: 0.3018 - Val F1: 0.4615 - Val ROC-AUC: 0.7032 - Val PR-AUC: 0.4240
[Fine-tune] Epoch 35/50 - Loss: 0.2921 - Val F1: 0.4688 - Val ROC-AUC: 0.7067 - Val PR-AUC: 0.4377
[Fine-tune] Epoch 36/50 - Loss: 0.2922 - Val F1: 0.4398 - Val ROC-AUC: 0.6912 - Val PR-AUC: 0.4011
[Fine-tune] Epoch 37/50 - Loss: 0.3178 - Val F1: 0.4550 - Val ROC-AUC: 0.7063 - Val PR-AUC: 0.4253
[Fine-tune] Epoch 38/50 - Loss: 0.2991 - Val F1: 0.4308 - Val ROC-AUC: 0.7054 - Val PR-AUC: 0.4395
[Fine-tune] Epoch 39/50 - Loss: 0.2927 - Val F1: 0.4420 - Val ROC-AUC: 0.6919 - Val PR-AUC: 0.4360
[Fine-tune] Epoch 40/50 - Loss: 0.2885 - Val F1: 0.4663 - Val ROC-AUC: 0.6932 - Val PR-AUC: 0.4498
[Fine-tune] Epoch 41/50 - Loss: 0.2747 - Val F1: 0.4599 - Val ROC-AUC: 0.6919 - Val PR-AUC: 0.4389
[Fine-tune] Epoch 42/50 - Loss: 0.2748 - Val F1: 0.4599 - Val ROC-AUC: 0.7030 - Val PR-AUC: 0.4442
[Fine-tune] Epoch 43/50 - Loss: 0.2835 - Val F1: 0.4699 - Val ROC-AUC: 0.6919 - Val PR-AUC: 0.4331
[Fine-tune] Epoch 44/50 - Loss: 0.2626 - Val F1: 0.4646 - Val ROC-AUC: 0.7000 - Val PR-AUC: 0.4422
[Fine-tune] Epoch 45/50 - Loss: 0.2656 - Val F1: 0.4242 - Val ROC-AUC: 0.6847 - Val PR-AUC: 0.3943
[Fine-tune] Epoch 46/50 - Loss: 0.2786 - Val F1: 0.4747 - Val ROC-AUC: 0.7016 - Val PR-AUC: 0.4311
[Fine-tune] Epoch 47/50 - Loss: 0.2801 - Val F1: 0.4468 - Val ROC-AUC: 0.6949 - Val PR-AUC: 0.4179
[Fine-tune] Epoch 48/50 - Loss: 0.2662 - Val F1: 0.4737 - Val ROC-AUC: 0.6935 - Val PR-AUC: 0.4275
[Fine-tune] Epoch 49/50 - Loss: 0.2795 - Val F1: 0.4422 - Val ROC-AUC: 0.6955 - Val PR-AUC: 0.4220
[Fine-tune] Epoch 50/50 - Loss: 0.2744 - Val F1: 0.4639 - Val ROC-AUC: 0.6995 - Val PR-AUC: 0.4518
Finetuning completed. Test F1: 0.4907, ROC-AUC: 0.7401, PR-AUC: 0.4960
[3.1/4] Target-only training on ATG_ERE_CIS using GIN_GCN...
=== Target-only training ===
[Target-only] Epoch 1/50 – Loss: 0.6317  Val F1: 0.4075  ROC-AUC: 0.6854  PR-AUC: 0.3837
[Target-only] Epoch 2/50 – Loss: 0.6018  Val F1: 0.4000  ROC-AUC: 0.6825  PR-AUC: 0.3865
[Target-only] Epoch 3/50 – Loss: 0.6039  Val F1: 0.4094  ROC-AUC: 0.6691  PR-AUC: 0.3668
[Target-only] Epoch 4/50 – Loss: 0.5890  Val F1: 0.4937  ROC-AUC: 0.6930  PR-AUC: 0.4604
[Target-only] Epoch 5/50 – Loss: 0.5849  Val F1: 0.4234  ROC-AUC: 0.7032  PR-AUC: 0.4526
[Target-only] Epoch 6/50 – Loss: 0.5909  Val F1: 0.4269  ROC-AUC: 0.7010  PR-AUC: 0.4490
[Target-only] Epoch 7/50 – Loss: 0.5590  Val F1: 0.4556  ROC-AUC: 0.7280  PR-AUC: 0.5003
[Target-only] Epoch 8/50 – Loss: 0.5586  Val F1: 0.4380  ROC-AUC: 0.7250  PR-AUC: 0.4673
[Target-only] Epoch 9/50 – Loss: 0.5549  Val F1: 0.4578  ROC-AUC: 0.7045  PR-AUC: 0.4003
[Target-only] Epoch 10/50 – Loss: 0.5487  Val F1: 0.4667  ROC-AUC: 0.7052  PR-AUC: 0.4228
[Target-only] Epoch 11/50 – Loss: 0.5339  Val F1: 0.4595  ROC-AUC: 0.7166  PR-AUC: 0.4618
[Target-only] Epoch 12/50 – Loss: 0.5163  Val F1: 0.4607  ROC-AUC: 0.7150  PR-AUC: 0.4345
[Target-only] Epoch 13/50 – Loss: 0.5178  Val F1: 0.4742  ROC-AUC: 0.7301  PR-AUC: 0.5059
[Target-only] Epoch 14/50 – Loss: 0.5130  Val F1: 0.4306  ROC-AUC: 0.6985  PR-AUC: 0.3948
[Target-only] Epoch 15/50 – Loss: 0.5075  Val F1: 0.4294  ROC-AUC: 0.7101  PR-AUC: 0.4559
[Target-only] Epoch 16/50 – Loss: 0.5238  Val F1: 0.4464  ROC-AUC: 0.7320  PR-AUC: 0.4936
[Target-only] Epoch 17/50 – Loss: 0.4835  Val F1: 0.4677  ROC-AUC: 0.7238  PR-AUC: 0.5173
[Target-only] Epoch 18/50 – Loss: 0.4891  Val F1: 0.4483  ROC-AUC: 0.7291  PR-AUC: 0.4728
[Target-only] Epoch 19/50 – Loss: 0.5148  Val F1: 0.4623  ROC-AUC: 0.7048  PR-AUC: 0.4812
[Target-only] Epoch 20/50 – Loss: 0.4995  Val F1: 0.4336  ROC-AUC: 0.6997  PR-AUC: 0.4486
[Target-only] Epoch 21/50 – Loss: 0.4726  Val F1: 0.4486  ROC-AUC: 0.7011  PR-AUC: 0.4936
[Target-only] Epoch 22/50 – Loss: 0.4647  Val F1: 0.4412  ROC-AUC: 0.6991  PR-AUC: 0.4794
[Target-only] Epoch 23/50 – Loss: 0.4775  Val F1: 0.4498  ROC-AUC: 0.7253  PR-AUC: 0.4770
[Target-only] Epoch 24/50 – Loss: 0.4474  Val F1: 0.4638  ROC-AUC: 0.7279  PR-AUC: 0.5145
[Target-only] Epoch 25/50 – Loss: 0.4639  Val F1: 0.4498  ROC-AUC: 0.7150  PR-AUC: 0.4754
[Target-only] Epoch 26/50 – Loss: 0.4589  Val F1: 0.4579  ROC-AUC: 0.7013  PR-AUC: 0.4474
[Target-only] Epoch 27/50 – Loss: 0.4512  Val F1: 0.4920  ROC-AUC: 0.7191  PR-AUC: 0.4949
[Target-only] Epoch 28/50 – Loss: 0.4464  Val F1: 0.4135  ROC-AUC: 0.7025  PR-AUC: 0.4637
[Target-only] Epoch 29/50 – Loss: 0.4451  Val F1: 0.4757  ROC-AUC: 0.7178  PR-AUC: 0.4759
[Target-only] Epoch 30/50 – Loss: 0.4140  Val F1: 0.5000  ROC-AUC: 0.7267  PR-AUC: 0.5021
[Target-only] Epoch 31/50 – Loss: 0.4390  Val F1: 0.4510  ROC-AUC: 0.7141  PR-AUC: 0.5007
[Target-only] Epoch 32/50 – Loss: 0.3999  Val F1: 0.4400  ROC-AUC: 0.7119  PR-AUC: 0.4910
[Target-only] Epoch 33/50 – Loss: 0.3994  Val F1: 0.4352  ROC-AUC: 0.6991  PR-AUC: 0.4666
[Target-only] Epoch 34/50 – Loss: 0.3852  Val F1: 0.4670  ROC-AUC: 0.7184  PR-AUC: 0.5167
[Target-only] Epoch 35/50 – Loss: 0.3962  Val F1: 0.4500  ROC-AUC: 0.6951  PR-AUC: 0.4495
[Target-only] Epoch 36/50 – Loss: 0.3937  Val F1: 0.4623  ROC-AUC: 0.7103  PR-AUC: 0.4858
[Target-only] Epoch 37/50 – Loss: 0.3881  Val F1: 0.4528  ROC-AUC: 0.7044  PR-AUC: 0.4623
[Target-only] Epoch 38/50 – Loss: 0.3800  Val F1: 0.4319  ROC-AUC: 0.6960  PR-AUC: 0.4662
[Target-only] Epoch 39/50 – Loss: 0.3938  Val F1: 0.4519  ROC-AUC: 0.6993  PR-AUC: 0.4717
[Target-only] Epoch 40/50 – Loss: 0.3847  Val F1: 0.4545  ROC-AUC: 0.7081  PR-AUC: 0.4758
[Target-only] Epoch 41/50 – Loss: 0.3695  Val F1: 0.4488  ROC-AUC: 0.7200  PR-AUC: 0.5010
[Target-only] Epoch 42/50 – Loss: 0.3644  Val F1: 0.4236  ROC-AUC: 0.7076  PR-AUC: 0.4864
[Target-only] Epoch 43/50 – Loss: 0.3842  Val F1: 0.4265  ROC-AUC: 0.7022  PR-AUC: 0.4659
[Target-only] Epoch 44/50 – Loss: 0.3786  Val F1: 0.4343  ROC-AUC: 0.7016  PR-AUC: 0.4834
[Target-only] Epoch 45/50 – Loss: 0.3556  Val F1: 0.4554  ROC-AUC: 0.7049  PR-AUC: 0.4787
[Target-only] Epoch 46/50 – Loss: 0.3486  Val F1: 0.4444  ROC-AUC: 0.6921  PR-AUC: 0.4609
[Target-only] Epoch 47/50 – Loss: 0.3480  Val F1: 0.4335  ROC-AUC: 0.6984  PR-AUC: 0.4730
[Target-only] Epoch 48/50 – Loss: 0.3611  Val F1: 0.4410  ROC-AUC: 0.6957  PR-AUC: 0.4533
[Target-only] Epoch 49/50 – Loss: 0.3568  Val F1: 0.4378  ROC-AUC: 0.6982  PR-AUC: 0.4674
[Target-only] Epoch 50/50 – Loss: 0.3396  Val F1: 0.4348  ROC-AUC: 0.6987  PR-AUC: 0.4694
=== Target-only TEST performance ===
Test F1: 0.4694, ROC-AUC: 0.7330, PR-AUC: 0.5161
✅ 실험 완료: TOX21_ERa_LUC_VM7_Agonist_10nM_ICI182780_viability -> ATG_ERE_CIS [GIN_GCN]
