[1/4] Excel → CSV 변환 중...
Saved pretrain CSV for TOX21_ERa_LUC_VM7_Agonist: data/sample/TOX21_ERa_LUC_VM7_Agonist.csv
Saved pretrain CSV for TOX21_ERb_BLA_Agonist_viability: data/sample/TOX21_ERb_BLA_Agonist_viability.csv
Saved pretrain CSV for TOX21_ERa_LUC_VM7_Agonist_10nM_ICI182780_viability: data/sample/TOX21_ERa_LUC_VM7_Agonist_10nM_ICI182780_viability.csv
Saved pretrain CSV for TOX21_ERR_LUC_viability: data/sample/TOX21_ERR_LUC_viability.csv
Saved finetune CSV for ATG_ERE_CIS: data/sample/ATG_ERE_CIS.csv
Saved finetune CSV for ATG_ERa_TRANS: data/sample/ATG_ERa_TRANS.csv
Saved finetune CSV for ACEA_ER_80hr: data/sample/ACEA_ER_80hr.csv
Saved finetune CSV for OT_ER_ERaERa_1440: data/sample/OT_ER_ERaERa_1440.csv
Saved finetune CSV for OT_ER_ERaERb_1440: data/sample/OT_ER_ERaERb_1440.csv
Saved finetune CSV for OT_ER_ERbERb_1440: data/sample/OT_ER_ERbERb_1440.csv
Saved finetune CSV for NVS_NR_hER: data/sample/NVS_NR_hER.csv
[2/4] Pretraining on TOX21_ERa_LUC_VM7_Agonist_10nM_ICI182780_viability using GIN_GCN...
Epoch 1/50 - Loss: 0.5755 - Val F1: 0.3045 - Val ROC-AUC: 0.7512 - Val PR-AUC: 0.2159
Epoch 2/50 - Loss: 0.5042 - Val F1: 0.2759 - Val ROC-AUC: 0.7141 - Val PR-AUC: 0.2686
Epoch 3/50 - Loss: 0.4923 - Val F1: 0.3154 - Val ROC-AUC: 0.7794 - Val PR-AUC: 0.3210
Epoch 4/50 - Loss: 0.4691 - Val F1: 0.3185 - Val ROC-AUC: 0.7870 - Val PR-AUC: 0.2690
Epoch 5/50 - Loss: 0.4468 - Val F1: 0.3286 - Val ROC-AUC: 0.7924 - Val PR-AUC: 0.2805
Epoch 6/50 - Loss: 0.4224 - Val F1: 0.3568 - Val ROC-AUC: 0.7803 - Val PR-AUC: 0.3302
Epoch 7/50 - Loss: 0.4181 - Val F1: 0.3687 - Val ROC-AUC: 0.7919 - Val PR-AUC: 0.3288
Epoch 8/50 - Loss: 0.4053 - Val F1: 0.3287 - Val ROC-AUC: 0.7868 - Val PR-AUC: 0.3275
Epoch 9/50 - Loss: 0.3782 - Val F1: 0.3618 - Val ROC-AUC: 0.8059 - Val PR-AUC: 0.3698
Epoch 10/50 - Loss: 0.3813 - Val F1: 0.3191 - Val ROC-AUC: 0.8148 - Val PR-AUC: 0.3617
Epoch 11/50 - Loss: 0.3564 - Val F1: 0.3271 - Val ROC-AUC: 0.8096 - Val PR-AUC: 0.3731
Epoch 12/50 - Loss: 0.3343 - Val F1: 0.3750 - Val ROC-AUC: 0.8240 - Val PR-AUC: 0.3876
Epoch 13/50 - Loss: 0.3187 - Val F1: 0.3598 - Val ROC-AUC: 0.8151 - Val PR-AUC: 0.3529
Epoch 14/50 - Loss: 0.3174 - Val F1: 0.3694 - Val ROC-AUC: 0.8199 - Val PR-AUC: 0.3444
Epoch 15/50 - Loss: 0.3253 - Val F1: 0.3861 - Val ROC-AUC: 0.8043 - Val PR-AUC: 0.3775
Epoch 16/50 - Loss: 0.3253 - Val F1: 0.3673 - Val ROC-AUC: 0.7865 - Val PR-AUC: 0.3198
Epoch 17/50 - Loss: 0.3098 - Val F1: 0.3628 - Val ROC-AUC: 0.8017 - Val PR-AUC: 0.3587
Epoch 18/50 - Loss: 0.3008 - Val F1: 0.3842 - Val ROC-AUC: 0.8124 - Val PR-AUC: 0.3999
Epoch 19/50 - Loss: 0.2995 - Val F1: 0.4225 - Val ROC-AUC: 0.8347 - Val PR-AUC: 0.4024
Epoch 20/50 - Loss: 0.2892 - Val F1: 0.3948 - Val ROC-AUC: 0.8154 - Val PR-AUC: 0.3790
Epoch 21/50 - Loss: 0.2651 - Val F1: 0.3902 - Val ROC-AUC: 0.8183 - Val PR-AUC: 0.3868
Epoch 22/50 - Loss: 0.2694 - Val F1: 0.3925 - Val ROC-AUC: 0.8144 - Val PR-AUC: 0.3950
Epoch 23/50 - Loss: 0.2478 - Val F1: 0.3755 - Val ROC-AUC: 0.8138 - Val PR-AUC: 0.3923
Epoch 24/50 - Loss: 0.2426 - Val F1: 0.3613 - Val ROC-AUC: 0.8133 - Val PR-AUC: 0.3906
Epoch 25/50 - Loss: 0.2413 - Val F1: 0.4205 - Val ROC-AUC: 0.8172 - Val PR-AUC: 0.4256
Epoch 26/50 - Loss: 0.2357 - Val F1: 0.3962 - Val ROC-AUC: 0.8119 - Val PR-AUC: 0.4372
Epoch 27/50 - Loss: 0.2206 - Val F1: 0.4286 - Val ROC-AUC: 0.8214 - Val PR-AUC: 0.4196
Epoch 28/50 - Loss: 0.2336 - Val F1: 0.4127 - Val ROC-AUC: 0.8120 - Val PR-AUC: 0.3993
Epoch 29/50 - Loss: 0.2137 - Val F1: 0.4017 - Val ROC-AUC: 0.8138 - Val PR-AUC: 0.4256
Epoch 30/50 - Loss: 0.2411 - Val F1: 0.3955 - Val ROC-AUC: 0.8003 - Val PR-AUC: 0.4034
Epoch 31/50 - Loss: 0.2074 - Val F1: 0.3874 - Val ROC-AUC: 0.8100 - Val PR-AUC: 0.4009
Epoch 32/50 - Loss: 0.2041 - Val F1: 0.4231 - Val ROC-AUC: 0.8189 - Val PR-AUC: 0.4369
Epoch 33/50 - Loss: 0.1854 - Val F1: 0.4278 - Val ROC-AUC: 0.8189 - Val PR-AUC: 0.4343
Epoch 34/50 - Loss: 0.1954 - Val F1: 0.4308 - Val ROC-AUC: 0.8170 - Val PR-AUC: 0.4306
Epoch 35/50 - Loss: 0.1869 - Val F1: 0.4190 - Val ROC-AUC: 0.8163 - Val PR-AUC: 0.4335
Epoch 36/50 - Loss: 0.1889 - Val F1: 0.4242 - Val ROC-AUC: 0.8187 - Val PR-AUC: 0.4349
Epoch 37/50 - Loss: 0.1822 - Val F1: 0.3980 - Val ROC-AUC: 0.8104 - Val PR-AUC: 0.3965
Epoch 38/50 - Loss: 0.1821 - Val F1: 0.4581 - Val ROC-AUC: 0.8182 - Val PR-AUC: 0.4284
Epoch 39/50 - Loss: 0.1901 - Val F1: 0.3913 - Val ROC-AUC: 0.8095 - Val PR-AUC: 0.4024
Epoch 40/50 - Loss: 0.1756 - Val F1: 0.4149 - Val ROC-AUC: 0.8201 - Val PR-AUC: 0.4019
Epoch 41/50 - Loss: 0.1689 - Val F1: 0.4221 - Val ROC-AUC: 0.8115 - Val PR-AUC: 0.4268
Epoch 42/50 - Loss: 0.1594 - Val F1: 0.4670 - Val ROC-AUC: 0.8256 - Val PR-AUC: 0.4409
Epoch 43/50 - Loss: 0.1646 - Val F1: 0.4324 - Val ROC-AUC: 0.8151 - Val PR-AUC: 0.4315
Epoch 44/50 - Loss: 0.1754 - Val F1: 0.4000 - Val ROC-AUC: 0.8099 - Val PR-AUC: 0.4289
Epoch 45/50 - Loss: 0.1603 - Val F1: 0.4103 - Val ROC-AUC: 0.8143 - Val PR-AUC: 0.4354
Epoch 46/50 - Loss: 0.1689 - Val F1: 0.4176 - Val ROC-AUC: 0.8186 - Val PR-AUC: 0.4319
Epoch 47/50 - Loss: 0.1558 - Val F1: 0.4045 - Val ROC-AUC: 0.8178 - Val PR-AUC: 0.4275
Epoch 48/50 - Loss: 0.1526 - Val F1: 0.4372 - Val ROC-AUC: 0.8205 - Val PR-AUC: 0.4449
Epoch 49/50 - Loss: 0.1545 - Val F1: 0.4385 - Val ROC-AUC: 0.8150 - Val PR-AUC: 0.4361
Epoch 50/50 - Loss: 0.1627 - Val F1: 0.4624 - Val ROC-AUC: 0.8179 - Val PR-AUC: 0.4464
Pretraining completed. Test F1: 0.4286, ROC-AUC: 0.8173, PR-AUC: 0.4558
[3/4] Finetuning on OT_ER_ERaERb_1440 using GIN_GCN...
[Fine-tune] Epoch 1/50 - Loss: 0.6865 - Val F1: 0.3371 - Val ROC-AUC: 0.6917 - Val PR-AUC: 0.3923
[Fine-tune] Epoch 2/50 - Loss: 0.5423 - Val F1: 0.5079 - Val ROC-AUC: 0.7451 - Val PR-AUC: 0.4496
[Fine-tune] Epoch 3/50 - Loss: 0.4684 - Val F1: 0.4533 - Val ROC-AUC: 0.7467 - Val PR-AUC: 0.4285
[Fine-tune] Epoch 4/50 - Loss: 0.4938 - Val F1: 0.4800 - Val ROC-AUC: 0.7507 - Val PR-AUC: 0.3884
[Fine-tune] Epoch 5/50 - Loss: 0.4447 - Val F1: 0.4474 - Val ROC-AUC: 0.7408 - Val PR-AUC: 0.4277
[Fine-tune] Epoch 6/50 - Loss: 0.4364 - Val F1: 0.4638 - Val ROC-AUC: 0.7434 - Val PR-AUC: 0.4297
[Fine-tune] Epoch 7/50 - Loss: 0.4336 - Val F1: 0.3438 - Val ROC-AUC: 0.7082 - Val PR-AUC: 0.3585
[Fine-tune] Epoch 8/50 - Loss: 0.4222 - Val F1: 0.4595 - Val ROC-AUC: 0.7397 - Val PR-AUC: 0.4357
[Fine-tune] Epoch 9/50 - Loss: 0.4372 - Val F1: 0.3881 - Val ROC-AUC: 0.7286 - Val PR-AUC: 0.3952
[Fine-tune] Epoch 10/50 - Loss: 0.3941 - Val F1: 0.4533 - Val ROC-AUC: 0.7394 - Val PR-AUC: 0.3930
[Fine-tune] Epoch 11/50 - Loss: 0.3622 - Val F1: 0.4667 - Val ROC-AUC: 0.7514 - Val PR-AUC: 0.4562
[Fine-tune] Epoch 12/50 - Loss: 0.3362 - Val F1: 0.4615 - Val ROC-AUC: 0.7310 - Val PR-AUC: 0.4178
[Fine-tune] Epoch 13/50 - Loss: 0.3019 - Val F1: 0.4444 - Val ROC-AUC: 0.7580 - Val PR-AUC: 0.4632
[Fine-tune] Epoch 14/50 - Loss: 0.3038 - Val F1: 0.3871 - Val ROC-AUC: 0.7361 - Val PR-AUC: 0.4470
[Fine-tune] Epoch 15/50 - Loss: 0.2815 - Val F1: 0.3889 - Val ROC-AUC: 0.7065 - Val PR-AUC: 0.3902
[Fine-tune] Epoch 16/50 - Loss: 0.3280 - Val F1: 0.4225 - Val ROC-AUC: 0.7265 - Val PR-AUC: 0.4292
[Fine-tune] Epoch 17/50 - Loss: 0.3166 - Val F1: 0.4762 - Val ROC-AUC: 0.7587 - Val PR-AUC: 0.4206
[Fine-tune] Epoch 18/50 - Loss: 0.2659 - Val F1: 0.4314 - Val ROC-AUC: 0.7387 - Val PR-AUC: 0.4131
[Fine-tune] Epoch 19/50 - Loss: 0.2555 - Val F1: 0.4746 - Val ROC-AUC: 0.7512 - Val PR-AUC: 0.4466
[Fine-tune] Epoch 20/50 - Loss: 0.2687 - Val F1: 0.4643 - Val ROC-AUC: 0.7390 - Val PR-AUC: 0.4485
[Fine-tune] Epoch 21/50 - Loss: 0.2373 - Val F1: 0.4828 - Val ROC-AUC: 0.7479 - Val PR-AUC: 0.4519
[Fine-tune] Epoch 22/50 - Loss: 0.2127 - Val F1: 0.4561 - Val ROC-AUC: 0.7441 - Val PR-AUC: 0.4518
[Fine-tune] Epoch 23/50 - Loss: 0.2157 - Val F1: 0.5172 - Val ROC-AUC: 0.7336 - Val PR-AUC: 0.4335
[Fine-tune] Epoch 24/50 - Loss: 0.1983 - Val F1: 0.4643 - Val ROC-AUC: 0.7493 - Val PR-AUC: 0.4505
[Fine-tune] Epoch 25/50 - Loss: 0.1973 - Val F1: 0.4262 - Val ROC-AUC: 0.7347 - Val PR-AUC: 0.4710
[Fine-tune] Epoch 26/50 - Loss: 0.1955 - Val F1: 0.4762 - Val ROC-AUC: 0.7361 - Val PR-AUC: 0.4584
[Fine-tune] Epoch 27/50 - Loss: 0.1822 - Val F1: 0.4483 - Val ROC-AUC: 0.7289 - Val PR-AUC: 0.4280
[Fine-tune] Epoch 28/50 - Loss: 0.1987 - Val F1: 0.4483 - Val ROC-AUC: 0.7173 - Val PR-AUC: 0.4438
[Fine-tune] Epoch 29/50 - Loss: 0.1929 - Val F1: 0.5000 - Val ROC-AUC: 0.7199 - Val PR-AUC: 0.4336
[Fine-tune] Epoch 30/50 - Loss: 0.1661 - Val F1: 0.5000 - Val ROC-AUC: 0.7364 - Val PR-AUC: 0.4424
[Fine-tune] Epoch 31/50 - Loss: 0.1834 - Val F1: 0.4815 - Val ROC-AUC: 0.7486 - Val PR-AUC: 0.4655
[Fine-tune] Epoch 32/50 - Loss: 0.1917 - Val F1: 0.4528 - Val ROC-AUC: 0.7331 - Val PR-AUC: 0.4373
[Fine-tune] Epoch 33/50 - Loss: 0.1613 - Val F1: 0.4444 - Val ROC-AUC: 0.7380 - Val PR-AUC: 0.4585
[Fine-tune] Epoch 34/50 - Loss: 0.1748 - Val F1: 0.4364 - Val ROC-AUC: 0.7378 - Val PR-AUC: 0.4654
[Fine-tune] Epoch 35/50 - Loss: 0.1552 - Val F1: 0.4561 - Val ROC-AUC: 0.7387 - Val PR-AUC: 0.4506
[Fine-tune] Epoch 36/50 - Loss: 0.1439 - Val F1: 0.4407 - Val ROC-AUC: 0.7411 - Val PR-AUC: 0.4635
[Fine-tune] Epoch 37/50 - Loss: 0.1513 - Val F1: 0.4746 - Val ROC-AUC: 0.7472 - Val PR-AUC: 0.4982
[Fine-tune] Epoch 38/50 - Loss: 0.1623 - Val F1: 0.4912 - Val ROC-AUC: 0.7364 - Val PR-AUC: 0.4755
[Fine-tune] Epoch 39/50 - Loss: 0.1115 - Val F1: 0.5185 - Val ROC-AUC: 0.7549 - Val PR-AUC: 0.4628
[Fine-tune] Epoch 40/50 - Loss: 0.1461 - Val F1: 0.5283 - Val ROC-AUC: 0.7385 - Val PR-AUC: 0.4845
[Fine-tune] Epoch 41/50 - Loss: 0.1398 - Val F1: 0.4912 - Val ROC-AUC: 0.7458 - Val PR-AUC: 0.4746
[Fine-tune] Epoch 42/50 - Loss: 0.1452 - Val F1: 0.5357 - Val ROC-AUC: 0.7486 - Val PR-AUC: 0.4657
[Fine-tune] Epoch 43/50 - Loss: 0.1383 - Val F1: 0.4906 - Val ROC-AUC: 0.7383 - Val PR-AUC: 0.4813
[Fine-tune] Epoch 44/50 - Loss: 0.1259 - Val F1: 0.5556 - Val ROC-AUC: 0.7479 - Val PR-AUC: 0.4704
[Fine-tune] Epoch 45/50 - Loss: 0.1495 - Val F1: 0.5556 - Val ROC-AUC: 0.7448 - Val PR-AUC: 0.5009
[Fine-tune] Epoch 46/50 - Loss: 0.1138 - Val F1: 0.5091 - Val ROC-AUC: 0.7500 - Val PR-AUC: 0.4716
[Fine-tune] Epoch 47/50 - Loss: 0.1437 - Val F1: 0.5000 - Val ROC-AUC: 0.7477 - Val PR-AUC: 0.5045
[Fine-tune] Epoch 48/50 - Loss: 0.1321 - Val F1: 0.4643 - Val ROC-AUC: 0.7498 - Val PR-AUC: 0.4879
[Fine-tune] Epoch 49/50 - Loss: 0.1220 - Val F1: 0.5185 - Val ROC-AUC: 0.7439 - Val PR-AUC: 0.4694
[Fine-tune] Epoch 50/50 - Loss: 0.1115 - Val F1: 0.5283 - Val ROC-AUC: 0.7531 - Val PR-AUC: 0.4837
Finetuning completed. Test F1: 0.5075, ROC-AUC: 0.8151, PR-AUC: 0.4412
[3.1/4] Target-only training on OT_ER_ERaERb_1440 using GIN_GCN...
=== Target-only training ===
[Target-only] Epoch 1/50 – Loss: 0.6166  Val F1: 0.1961  ROC-AUC: 0.6642  PR-AUC: 0.2961
[Target-only] Epoch 2/50 – Loss: 0.5867  Val F1: 0.3043  ROC-AUC: 0.6797  PR-AUC: 0.3618
[Target-only] Epoch 3/50 – Loss: 0.5513  Val F1: 0.3220  ROC-AUC: 0.6826  PR-AUC: 0.4067
[Target-only] Epoch 4/50 – Loss: 0.5585  Val F1: 0.4051  ROC-AUC: 0.7037  PR-AUC: 0.3778
[Target-only] Epoch 5/50 – Loss: 0.5352  Val F1: 0.3596  ROC-AUC: 0.6920  PR-AUC: 0.3970
[Target-only] Epoch 6/50 – Loss: 0.5207  Val F1: 0.3556  ROC-AUC: 0.6680  PR-AUC: 0.3631
[Target-only] Epoch 7/50 – Loss: 0.5212  Val F1: 0.3846  ROC-AUC: 0.6866  PR-AUC: 0.3613
[Target-only] Epoch 8/50 – Loss: 0.5078  Val F1: 0.4000  ROC-AUC: 0.6915  PR-AUC: 0.3830
[Target-only] Epoch 9/50 – Loss: 0.4965  Val F1: 0.4086  ROC-AUC: 0.7230  PR-AUC: 0.3981
[Target-only] Epoch 10/50 – Loss: 0.4768  Val F1: 0.3684  ROC-AUC: 0.7131  PR-AUC: 0.3784
[Target-only] Epoch 11/50 – Loss: 0.4819  Val F1: 0.4595  ROC-AUC: 0.7303  PR-AUC: 0.4138
[Target-only] Epoch 12/50 – Loss: 0.4779  Val F1: 0.3095  ROC-AUC: 0.6816  PR-AUC: 0.2966
[Target-only] Epoch 13/50 – Loss: 0.4385  Val F1: 0.4337  ROC-AUC: 0.7345  PR-AUC: 0.3964
[Target-only] Epoch 14/50 – Loss: 0.4161  Val F1: 0.3404  ROC-AUC: 0.7051  PR-AUC: 0.4000
[Target-only] Epoch 15/50 – Loss: 0.4363  Val F1: 0.3765  ROC-AUC: 0.7192  PR-AUC: 0.4183
[Target-only] Epoch 16/50 – Loss: 0.4211  Val F1: 0.3947  ROC-AUC: 0.7197  PR-AUC: 0.4004
[Target-only] Epoch 17/50 – Loss: 0.4305  Val F1: 0.3951  ROC-AUC: 0.7512  PR-AUC: 0.4320
[Target-only] Epoch 18/50 – Loss: 0.4190  Val F1: 0.4000  ROC-AUC: 0.7227  PR-AUC: 0.3990
[Target-only] Epoch 19/50 – Loss: 0.4116  Val F1: 0.4068  ROC-AUC: 0.6628  PR-AUC: 0.3748
[Target-only] Epoch 20/50 – Loss: 0.3833  Val F1: 0.4776  ROC-AUC: 0.7328  PR-AUC: 0.4390
[Target-only] Epoch 21/50 – Loss: 0.3837  Val F1: 0.4058  ROC-AUC: 0.7216  PR-AUC: 0.4146
[Target-only] Epoch 22/50 – Loss: 0.3651  Val F1: 0.4058  ROC-AUC: 0.7272  PR-AUC: 0.4347
[Target-only] Epoch 23/50 – Loss: 0.3679  Val F1: 0.4375  ROC-AUC: 0.7112  PR-AUC: 0.3848
[Target-only] Epoch 24/50 – Loss: 0.3613  Val F1: 0.3810  ROC-AUC: 0.7079  PR-AUC: 0.3873
[Target-only] Epoch 25/50 – Loss: 0.3459  Val F1: 0.3529  ROC-AUC: 0.7136  PR-AUC: 0.3792
[Target-only] Epoch 26/50 – Loss: 0.3225  Val F1: 0.4571  ROC-AUC: 0.7387  PR-AUC: 0.4385
[Target-only] Epoch 27/50 – Loss: 0.3695  Val F1: 0.4062  ROC-AUC: 0.7171  PR-AUC: 0.4141
[Target-only] Epoch 28/50 – Loss: 0.3229  Val F1: 0.4211  ROC-AUC: 0.7145  PR-AUC: 0.4113
[Target-only] Epoch 29/50 – Loss: 0.3155  Val F1: 0.4638  ROC-AUC: 0.7338  PR-AUC: 0.4378
[Target-only] Epoch 30/50 – Loss: 0.3328  Val F1: 0.3934  ROC-AUC: 0.7237  PR-AUC: 0.4204
[Target-only] Epoch 31/50 – Loss: 0.2890  Val F1: 0.3939  ROC-AUC: 0.7277  PR-AUC: 0.4176
[Target-only] Epoch 32/50 – Loss: 0.2840  Val F1: 0.4262  ROC-AUC: 0.7265  PR-AUC: 0.4230
[Target-only] Epoch 33/50 – Loss: 0.2624  Val F1: 0.4348  ROC-AUC: 0.7375  PR-AUC: 0.4250
[Target-only] Epoch 34/50 – Loss: 0.2806  Val F1: 0.4478  ROC-AUC: 0.7293  PR-AUC: 0.4320
[Target-only] Epoch 35/50 – Loss: 0.2890  Val F1: 0.4242  ROC-AUC: 0.7213  PR-AUC: 0.4327
[Target-only] Epoch 36/50 – Loss: 0.2844  Val F1: 0.3284  ROC-AUC: 0.7284  PR-AUC: 0.4239
[Target-only] Epoch 37/50 – Loss: 0.2820  Val F1: 0.4590  ROC-AUC: 0.7340  PR-AUC: 0.4340
[Target-only] Epoch 38/50 – Loss: 0.2730  Val F1: 0.4444  ROC-AUC: 0.7375  PR-AUC: 0.4494
[Target-only] Epoch 39/50 – Loss: 0.2906  Val F1: 0.4516  ROC-AUC: 0.7368  PR-AUC: 0.4345
[Target-only] Epoch 40/50 – Loss: 0.2424  Val F1: 0.4179  ROC-AUC: 0.7408  PR-AUC: 0.4552
[Target-only] Epoch 41/50 – Loss: 0.2349  Val F1: 0.4444  ROC-AUC: 0.7211  PR-AUC: 0.4370
[Target-only] Epoch 42/50 – Loss: 0.2399  Val F1: 0.4746  ROC-AUC: 0.7291  PR-AUC: 0.4589
[Target-only] Epoch 43/50 – Loss: 0.2604  Val F1: 0.4127  ROC-AUC: 0.7279  PR-AUC: 0.4324
[Target-only] Epoch 44/50 – Loss: 0.2418  Val F1: 0.4333  ROC-AUC: 0.7291  PR-AUC: 0.4360
[Target-only] Epoch 45/50 – Loss: 0.2385  Val F1: 0.4444  ROC-AUC: 0.7366  PR-AUC: 0.4548
[Target-only] Epoch 46/50 – Loss: 0.2139  Val F1: 0.4308  ROC-AUC: 0.7225  PR-AUC: 0.4526
[Target-only] Epoch 47/50 – Loss: 0.2372  Val F1: 0.4000  ROC-AUC: 0.7216  PR-AUC: 0.4584
[Target-only] Epoch 48/50 – Loss: 0.2303  Val F1: 0.4118  ROC-AUC: 0.7312  PR-AUC: 0.4626
[Target-only] Epoch 49/50 – Loss: 0.2573  Val F1: 0.4058  ROC-AUC: 0.7373  PR-AUC: 0.4772
[Target-only] Epoch 50/50 – Loss: 0.2000  Val F1: 0.4375  ROC-AUC: 0.7324  PR-AUC: 0.4638
=== Target-only TEST performance ===
Test F1: 0.5075, ROC-AUC: 0.8180, PR-AUC: 0.3838
✅ 실험 완료: TOX21_ERa_LUC_VM7_Agonist_10nM_ICI182780_viability -> OT_ER_ERaERb_1440 [GIN_GCN]
