[1/4] Excel → CSV 변환 중...
Saved pretrain CSV for TOX21_ERa_BLA_Antagonist_ratio: data/sample/TOX21_ERa_BLA_Antagonist_ratio.csv
Saved pretrain CSV for TOX21_ERa_LUC_VM7_Agonist: data/sample/TOX21_ERa_LUC_VM7_Agonist.csv
Saved pretrain CSV for TOX21_ERa_BLA_Antagonist_viability: data/sample/TOX21_ERa_BLA_Antagonist_viability.csv
Saved pretrain CSV for TOX21_ERa_LUC_VM7_Antagonist_0.5nM_E2: data/sample/TOX21_ERa_LUC_VM7_Antagonist_0.5nM_E2.csv
Saved pretrain CSV for TOX21_ERa_BLA_Antagonist_ch2: data/sample/TOX21_ERa_BLA_Antagonist_ch2.csv
Saved pretrain CSV for TOX21_ERa_BLA_Antagonist_ch1: data/sample/TOX21_ERa_BLA_Antagonist_ch1.csv
Saved pretrain CSV for TOX21_ERa_LUC_VM7_Antagonist_0.5nM_E2_viability: data/sample/TOX21_ERa_LUC_VM7_Antagonist_0.5nM_E2_viability.csv
Saved pretrain CSV for TOX21_ERa_BLA_Agonist_ch2: data/sample/TOX21_ERa_BLA_Agonist_ch2.csv
Saved pretrain CSV for TOX21_ERa_BLA_Agonist_ch1: data/sample/TOX21_ERa_BLA_Agonist_ch1.csv
Saved pretrain CSV for TOX21_ERa_BLA_Agonist_ratio: data/sample/TOX21_ERa_BLA_Agonist_ratio.csv
Saved pretrain CSV for TOX21_ERb_BLA_Antagonist_ch1: data/sample/TOX21_ERb_BLA_Antagonist_ch1.csv
Saved pretrain CSV for TOX21_ERb_BLA_Antagonist_ch2: data/sample/TOX21_ERb_BLA_Antagonist_ch2.csv
Saved pretrain CSV for TOX21_ERb_BLA_Agonist_viability: data/sample/TOX21_ERb_BLA_Agonist_viability.csv
Saved pretrain CSV for TOX21_ERb_BLA_Agonist_ratio: data/sample/TOX21_ERb_BLA_Agonist_ratio.csv
Saved pretrain CSV for TOX21_ERb_BLA_Agonist_ch2: data/sample/TOX21_ERb_BLA_Agonist_ch2.csv
Saved pretrain CSV for TOX21_ERb_BLA_Agonist_ch1: data/sample/TOX21_ERb_BLA_Agonist_ch1.csv
Saved pretrain CSV for TOX21_ERR_LUC_Agonist: data/sample/TOX21_ERR_LUC_Agonist.csv
Saved pretrain CSV for TOX21_ERa_LUC_VM7_Agonist_10nM_ICI182780_viability: data/sample/TOX21_ERa_LUC_VM7_Agonist_10nM_ICI182780_viability.csv
Saved pretrain CSV for TOX21_ERa_LUC_VM7_Antagonist_0.1nM_E2: data/sample/TOX21_ERa_LUC_VM7_Antagonist_0.1nM_E2.csv
Saved pretrain CSV for TOX21_ERb_BLA_Antagonist_ratio: data/sample/TOX21_ERb_BLA_Antagonist_ratio.csv
Saved pretrain CSV for TOX21_ERa_LUC_VM7_Agonist_10nM_ICI182780: data/sample/TOX21_ERa_LUC_VM7_Agonist_10nM_ICI182780.csv
Saved pretrain CSV for TOX21_ERR_LUC_viability: data/sample/TOX21_ERR_LUC_viability.csv
Saved pretrain CSV for TOX21_ERR_LUC_Antagonist: data/sample/TOX21_ERR_LUC_Antagonist.csv
Saved pretrain CSV for TOX21_ERa_LUC_VM7_Antagonist_0.1nM_E2_viability: data/sample/TOX21_ERa_LUC_VM7_Antagonist_0.1nM_E2_viability.csv
Saved pretrain CSV for TOX21_ERb_BLA_Antagonist_viability: data/sample/TOX21_ERb_BLA_Antagonist_viability.csv
Saved finetune CSV for TOX21_ERa_BLA_Antagonist_ratio: data/sample/TOX21_ERa_BLA_Antagonist_ratio.csv
Saved finetune CSV for TOX21_ERa_LUC_VM7_Agonist: data/sample/TOX21_ERa_LUC_VM7_Agonist.csv
Saved finetune CSV for TOX21_ERa_BLA_Antagonist_viability: data/sample/TOX21_ERa_BLA_Antagonist_viability.csv
Saved finetune CSV for TOX21_ERa_LUC_VM7_Antagonist_0.5nM_E2: data/sample/TOX21_ERa_LUC_VM7_Antagonist_0.5nM_E2.csv
Saved finetune CSV for TOX21_ERa_BLA_Antagonist_ch2: data/sample/TOX21_ERa_BLA_Antagonist_ch2.csv
Saved finetune CSV for TOX21_ERa_BLA_Antagonist_ch1: data/sample/TOX21_ERa_BLA_Antagonist_ch1.csv
Saved finetune CSV for TOX21_ERa_LUC_VM7_Antagonist_0.5nM_E2_viability: data/sample/TOX21_ERa_LUC_VM7_Antagonist_0.5nM_E2_viability.csv
Saved finetune CSV for TOX21_ERa_BLA_Agonist_ch2: data/sample/TOX21_ERa_BLA_Agonist_ch2.csv
Saved finetune CSV for TOX21_ERa_BLA_Agonist_ch1: data/sample/TOX21_ERa_BLA_Agonist_ch1.csv
Saved finetune CSV for TOX21_ERa_BLA_Agonist_ratio: data/sample/TOX21_ERa_BLA_Agonist_ratio.csv
Saved finetune CSV for TOX21_ERb_BLA_Antagonist_ch1: data/sample/TOX21_ERb_BLA_Antagonist_ch1.csv
Saved finetune CSV for TOX21_ERb_BLA_Antagonist_ch2: data/sample/TOX21_ERb_BLA_Antagonist_ch2.csv
Saved finetune CSV for TOX21_ERb_BLA_Agonist_viability: data/sample/TOX21_ERb_BLA_Agonist_viability.csv
Saved finetune CSV for TOX21_ERb_BLA_Agonist_ratio: data/sample/TOX21_ERb_BLA_Agonist_ratio.csv
Saved finetune CSV for TOX21_ERb_BLA_Agonist_ch2: data/sample/TOX21_ERb_BLA_Agonist_ch2.csv
Saved finetune CSV for TOX21_ERb_BLA_Agonist_ch1: data/sample/TOX21_ERb_BLA_Agonist_ch1.csv
Saved finetune CSV for TOX21_ERR_LUC_Agonist: data/sample/TOX21_ERR_LUC_Agonist.csv
Saved finetune CSV for TOX21_ERa_LUC_VM7_Agonist_10nM_ICI182780_viability: data/sample/TOX21_ERa_LUC_VM7_Agonist_10nM_ICI182780_viability.csv
Saved finetune CSV for TOX21_ERa_LUC_VM7_Antagonist_0.1nM_E2: data/sample/TOX21_ERa_LUC_VM7_Antagonist_0.1nM_E2.csv
Saved finetune CSV for TOX21_ERb_BLA_Antagonist_ratio: data/sample/TOX21_ERb_BLA_Antagonist_ratio.csv
Saved finetune CSV for TOX21_ERa_LUC_VM7_Agonist_10nM_ICI182780: data/sample/TOX21_ERa_LUC_VM7_Agonist_10nM_ICI182780.csv
Saved finetune CSV for TOX21_ERR_LUC_viability: data/sample/TOX21_ERR_LUC_viability.csv
Saved finetune CSV for TOX21_ERR_LUC_Antagonist: data/sample/TOX21_ERR_LUC_Antagonist.csv
Saved finetune CSV for TOX21_ERa_LUC_VM7_Antagonist_0.1nM_E2_viability: data/sample/TOX21_ERa_LUC_VM7_Antagonist_0.1nM_E2_viability.csv
Saved finetune CSV for TOX21_ERb_BLA_Antagonist_viability: data/sample/TOX21_ERb_BLA_Antagonist_viability.csv
[2/4] Pretraining on TOX21_ERa_BLA_Antagonist_ratio using GIN_GCN...
Epoch 1/100 - Loss: 0.6267 - Val F1: 0.3053 - Val ROC-AUC: 0.7061 - Val PR-AUC: 0.2401
Epoch 2/100 - Loss: 0.5911 - Val F1: 0.3366 - Val ROC-AUC: 0.7494 - Val PR-AUC: 0.2739
Epoch 3/100 - Loss: 0.5733 - Val F1: 0.3547 - Val ROC-AUC: 0.7390 - Val PR-AUC: 0.2741
Epoch 4/100 - Loss: 0.5605 - Val F1: 0.3355 - Val ROC-AUC: 0.7472 - Val PR-AUC: 0.3002
Epoch 5/100 - Loss: 0.5526 - Val F1: 0.3833 - Val ROC-AUC: 0.7667 - Val PR-AUC: 0.2897
Epoch 6/100 - Loss: 0.5365 - Val F1: 0.3360 - Val ROC-AUC: 0.7396 - Val PR-AUC: 0.2698
Epoch 7/100 - Loss: 0.5239 - Val F1: 0.3969 - Val ROC-AUC: 0.7683 - Val PR-AUC: 0.3010
Epoch 8/100 - Loss: 0.5157 - Val F1: 0.4087 - Val ROC-AUC: 0.7824 - Val PR-AUC: 0.3386
Epoch 9/100 - Loss: 0.5095 - Val F1: 0.3863 - Val ROC-AUC: 0.7717 - Val PR-AUC: 0.3162
Epoch 10/100 - Loss: 0.4956 - Val F1: 0.3750 - Val ROC-AUC: 0.7734 - Val PR-AUC: 0.2704
Epoch 11/100 - Loss: 0.4706 - Val F1: 0.4029 - Val ROC-AUC: 0.7935 - Val PR-AUC: 0.3167
Epoch 12/100 - Loss: 0.4639 - Val F1: 0.4129 - Val ROC-AUC: 0.8082 - Val PR-AUC: 0.3418
Epoch 13/100 - Loss: 0.4603 - Val F1: 0.3977 - Val ROC-AUC: 0.7892 - Val PR-AUC: 0.3360
Epoch 14/100 - Loss: 0.4466 - Val F1: 0.3947 - Val ROC-AUC: 0.7864 - Val PR-AUC: 0.3253
Epoch 15/100 - Loss: 0.4462 - Val F1: 0.4244 - Val ROC-AUC: 0.8046 - Val PR-AUC: 0.3696
Epoch 16/100 - Loss: 0.4533 - Val F1: 0.3880 - Val ROC-AUC: 0.7974 - Val PR-AUC: 0.3374
Epoch 17/100 - Loss: 0.4503 - Val F1: 0.4130 - Val ROC-AUC: 0.7964 - Val PR-AUC: 0.3193
Epoch 18/100 - Loss: 0.4244 - Val F1: 0.4136 - Val ROC-AUC: 0.8085 - Val PR-AUC: 0.3633
Epoch 19/100 - Loss: 0.4287 - Val F1: 0.4027 - Val ROC-AUC: 0.8028 - Val PR-AUC: 0.3373
Epoch 20/100 - Loss: 0.4240 - Val F1: 0.3932 - Val ROC-AUC: 0.8029 - Val PR-AUC: 0.3347
Epoch 21/100 - Loss: 0.4120 - Val F1: 0.4070 - Val ROC-AUC: 0.8100 - Val PR-AUC: 0.3769
Epoch 22/100 - Loss: 0.3981 - Val F1: 0.4198 - Val ROC-AUC: 0.8117 - Val PR-AUC: 0.3831
Epoch 23/100 - Loss: 0.3919 - Val F1: 0.3939 - Val ROC-AUC: 0.8151 - Val PR-AUC: 0.3567
Epoch 24/100 - Loss: 0.3750 - Val F1: 0.4249 - Val ROC-AUC: 0.8116 - Val PR-AUC: 0.3796
Epoch 25/100 - Loss: 0.3791 - Val F1: 0.4239 - Val ROC-AUC: 0.8149 - Val PR-AUC: 0.3832
Epoch 26/100 - Loss: 0.3831 - Val F1: 0.4134 - Val ROC-AUC: 0.8068 - Val PR-AUC: 0.3526
Epoch 27/100 - Loss: 0.3711 - Val F1: 0.4270 - Val ROC-AUC: 0.8166 - Val PR-AUC: 0.3797
Epoch 28/100 - Loss: 0.3709 - Val F1: 0.4510 - Val ROC-AUC: 0.8286 - Val PR-AUC: 0.3906
Epoch 29/100 - Loss: 0.3701 - Val F1: 0.4343 - Val ROC-AUC: 0.8201 - Val PR-AUC: 0.3562
Epoch 30/100 - Loss: 0.3769 - Val F1: 0.4104 - Val ROC-AUC: 0.8087 - Val PR-AUC: 0.3603
Epoch 31/100 - Loss: 0.3656 - Val F1: 0.4444 - Val ROC-AUC: 0.8163 - Val PR-AUC: 0.3777
Epoch 32/100 - Loss: 0.3485 - Val F1: 0.4088 - Val ROC-AUC: 0.8236 - Val PR-AUC: 0.3791
Epoch 33/100 - Loss: 0.3330 - Val F1: 0.4214 - Val ROC-AUC: 0.8132 - Val PR-AUC: 0.3710
Epoch 34/100 - Loss: 0.3424 - Val F1: 0.4217 - Val ROC-AUC: 0.8176 - Val PR-AUC: 0.3794
Epoch 35/100 - Loss: 0.3412 - Val F1: 0.4237 - Val ROC-AUC: 0.8202 - Val PR-AUC: 0.3709
Epoch 36/100 - Loss: 0.3331 - Val F1: 0.4167 - Val ROC-AUC: 0.8148 - Val PR-AUC: 0.3600
Epoch 37/100 - Loss: 0.3412 - Val F1: 0.4286 - Val ROC-AUC: 0.8195 - Val PR-AUC: 0.3964
Epoch 38/100 - Loss: 0.3260 - Val F1: 0.4417 - Val ROC-AUC: 0.8218 - Val PR-AUC: 0.3810
Epoch 39/100 - Loss: 0.3283 - Val F1: 0.4095 - Val ROC-AUC: 0.8145 - Val PR-AUC: 0.3787
Epoch 40/100 - Loss: 0.3200 - Val F1: 0.4324 - Val ROC-AUC: 0.8170 - Val PR-AUC: 0.3631
Epoch 41/100 - Loss: 0.3185 - Val F1: 0.4459 - Val ROC-AUC: 0.8224 - Val PR-AUC: 0.3841
Epoch 42/100 - Loss: 0.3170 - Val F1: 0.4377 - Val ROC-AUC: 0.8122 - Val PR-AUC: 0.3602
Epoch 43/100 - Loss: 0.3048 - Val F1: 0.4235 - Val ROC-AUC: 0.8078 - Val PR-AUC: 0.3504
Epoch 44/100 - Loss: 0.3075 - Val F1: 0.4106 - Val ROC-AUC: 0.8168 - Val PR-AUC: 0.3677
Epoch 45/100 - Loss: 0.3062 - Val F1: 0.4317 - Val ROC-AUC: 0.8178 - Val PR-AUC: 0.3682
Epoch 46/100 - Loss: 0.3142 - Val F1: 0.4401 - Val ROC-AUC: 0.8148 - Val PR-AUC: 0.3680
Epoch 47/100 - Loss: 0.3036 - Val F1: 0.4214 - Val ROC-AUC: 0.8104 - Val PR-AUC: 0.3589
Epoch 48/100 - Loss: 0.3122 - Val F1: 0.4404 - Val ROC-AUC: 0.8167 - Val PR-AUC: 0.3703
Epoch 49/100 - Loss: 0.2967 - Val F1: 0.4386 - Val ROC-AUC: 0.8209 - Val PR-AUC: 0.3749
Epoch 50/100 - Loss: 0.2921 - Val F1: 0.4308 - Val ROC-AUC: 0.8221 - Val PR-AUC: 0.3747
Epoch 51/100 - Loss: 0.2871 - Val F1: 0.4128 - Val ROC-AUC: 0.8215 - Val PR-AUC: 0.3760
Epoch 52/100 - Loss: 0.2971 - Val F1: 0.4437 - Val ROC-AUC: 0.8186 - Val PR-AUC: 0.3773
Epoch 53/100 - Loss: 0.2935 - Val F1: 0.4506 - Val ROC-AUC: 0.8191 - Val PR-AUC: 0.3769
Epoch 54/100 - Loss: 0.2874 - Val F1: 0.4416 - Val ROC-AUC: 0.8212 - Val PR-AUC: 0.3756
Epoch 55/100 - Loss: 0.2886 - Val F1: 0.4458 - Val ROC-AUC: 0.8215 - Val PR-AUC: 0.3775
Epoch 56/100 - Loss: 0.2945 - Val F1: 0.4350 - Val ROC-AUC: 0.8205 - Val PR-AUC: 0.3757
Epoch 57/100 - Loss: 0.3021 - Val F1: 0.4320 - Val ROC-AUC: 0.8208 - Val PR-AUC: 0.3717
Epoch 58/100 - Loss: 0.2811 - Val F1: 0.4356 - Val ROC-AUC: 0.8149 - Val PR-AUC: 0.3680
Epoch 59/100 - Loss: 0.2815 - Val F1: 0.4424 - Val ROC-AUC: 0.8212 - Val PR-AUC: 0.3767
Epoch 60/100 - Loss: 0.2839 - Val F1: 0.4244 - Val ROC-AUC: 0.8156 - Val PR-AUC: 0.3631
Epoch 61/100 - Loss: 0.2829 - Val F1: 0.4390 - Val ROC-AUC: 0.8192 - Val PR-AUC: 0.3711
Epoch 62/100 - Loss: 0.2887 - Val F1: 0.4506 - Val ROC-AUC: 0.8193 - Val PR-AUC: 0.3669
Epoch 63/100 - Loss: 0.2901 - Val F1: 0.4458 - Val ROC-AUC: 0.8190 - Val PR-AUC: 0.3692
Epoch 64/100 - Loss: 0.2723 - Val F1: 0.4366 - Val ROC-AUC: 0.8189 - Val PR-AUC: 0.3724
Epoch 65/100 - Loss: 0.2865 - Val F1: 0.4410 - Val ROC-AUC: 0.8186 - Val PR-AUC: 0.3727
Epoch 66/100 - Loss: 0.2747 - Val F1: 0.4498 - Val ROC-AUC: 0.8178 - Val PR-AUC: 0.3681
Epoch 67/100 - Loss: 0.2754 - Val F1: 0.4411 - Val ROC-AUC: 0.8173 - Val PR-AUC: 0.3695
Epoch 68/100 - Loss: 0.2874 - Val F1: 0.4488 - Val ROC-AUC: 0.8150 - Val PR-AUC: 0.3671
Epoch 69/100 - Loss: 0.2578 - Val F1: 0.4492 - Val ROC-AUC: 0.8178 - Val PR-AUC: 0.3675
Epoch 70/100 - Loss: 0.2685 - Val F1: 0.4398 - Val ROC-AUC: 0.8181 - Val PR-AUC: 0.3706
Epoch 71/100 - Loss: 0.2893 - Val F1: 0.4444 - Val ROC-AUC: 0.8138 - Val PR-AUC: 0.3649
Epoch 72/100 - Loss: 0.2830 - Val F1: 0.4311 - Val ROC-AUC: 0.8167 - Val PR-AUC: 0.3669
Epoch 73/100 - Loss: 0.2822 - Val F1: 0.4373 - Val ROC-AUC: 0.8168 - Val PR-AUC: 0.3690
Epoch 74/100 - Loss: 0.2834 - Val F1: 0.4307 - Val ROC-AUC: 0.8179 - Val PR-AUC: 0.3696
Epoch 75/100 - Loss: 0.2803 - Val F1: 0.4383 - Val ROC-AUC: 0.8153 - Val PR-AUC: 0.3644
Epoch 76/100 - Loss: 0.2874 - Val F1: 0.4536 - Val ROC-AUC: 0.8147 - Val PR-AUC: 0.3670
Epoch 77/100 - Loss: 0.2751 - Val F1: 0.4356 - Val ROC-AUC: 0.8160 - Val PR-AUC: 0.3632
Epoch 78/100 - Loss: 0.2672 - Val F1: 0.4356 - Val ROC-AUC: 0.8168 - Val PR-AUC: 0.3692
Epoch 79/100 - Loss: 0.2745 - Val F1: 0.4438 - Val ROC-AUC: 0.8149 - Val PR-AUC: 0.3662
Epoch 80/100 - Loss: 0.2693 - Val F1: 0.4458 - Val ROC-AUC: 0.8141 - Val PR-AUC: 0.3651
Epoch 81/100 - Loss: 0.2793 - Val F1: 0.4383 - Val ROC-AUC: 0.8148 - Val PR-AUC: 0.3637
Epoch 82/100 - Loss: 0.2729 - Val F1: 0.4472 - Val ROC-AUC: 0.8153 - Val PR-AUC: 0.3665
Epoch 83/100 - Loss: 0.2744 - Val F1: 0.4424 - Val ROC-AUC: 0.8122 - Val PR-AUC: 0.3606
Epoch 84/100 - Loss: 0.2686 - Val F1: 0.4353 - Val ROC-AUC: 0.8130 - Val PR-AUC: 0.3622
Epoch 85/100 - Loss: 0.2661 - Val F1: 0.4497 - Val ROC-AUC: 0.8144 - Val PR-AUC: 0.3642
Epoch 86/100 - Loss: 0.2748 - Val F1: 0.4430 - Val ROC-AUC: 0.8136 - Val PR-AUC: 0.3623
Epoch 87/100 - Loss: 0.2712 - Val F1: 0.4459 - Val ROC-AUC: 0.8150 - Val PR-AUC: 0.3682
Epoch 88/100 - Loss: 0.2793 - Val F1: 0.4560 - Val ROC-AUC: 0.8153 - Val PR-AUC: 0.3694
Epoch 89/100 - Loss: 0.2650 - Val F1: 0.4343 - Val ROC-AUC: 0.8150 - Val PR-AUC: 0.3662
Epoch 90/100 - Loss: 0.2743 - Val F1: 0.4324 - Val ROC-AUC: 0.8168 - Val PR-AUC: 0.3684
Epoch 91/100 - Loss: 0.2837 - Val F1: 0.4510 - Val ROC-AUC: 0.8177 - Val PR-AUC: 0.3722
Epoch 92/100 - Loss: 0.2714 - Val F1: 0.4290 - Val ROC-AUC: 0.8168 - Val PR-AUC: 0.3693
Epoch 93/100 - Loss: 0.2687 - Val F1: 0.4398 - Val ROC-AUC: 0.8184 - Val PR-AUC: 0.3725
Epoch 94/100 - Loss: 0.2702 - Val F1: 0.4371 - Val ROC-AUC: 0.8173 - Val PR-AUC: 0.3742
Epoch 95/100 - Loss: 0.2749 - Val F1: 0.4361 - Val ROC-AUC: 0.8173 - Val PR-AUC: 0.3696
Epoch 96/100 - Loss: 0.2708 - Val F1: 0.4545 - Val ROC-AUC: 0.8169 - Val PR-AUC: 0.3680
Epoch 97/100 - Loss: 0.2717 - Val F1: 0.4302 - Val ROC-AUC: 0.8194 - Val PR-AUC: 0.3707
Epoch 98/100 - Loss: 0.2660 - Val F1: 0.4416 - Val ROC-AUC: 0.8162 - Val PR-AUC: 0.3673
Epoch 99/100 - Loss: 0.2658 - Val F1: 0.4320 - Val ROC-AUC: 0.8169 - Val PR-AUC: 0.3671
Epoch 100/100 - Loss: 0.2702 - Val F1: 0.4403 - Val ROC-AUC: 0.8169 - Val PR-AUC: 0.3696
Pretraining completed. Test F1: 0.4460, ROC-AUC: 0.7928, PR-AUC: 0.3943
[3/4] Finetuning on TOX21_ERa_LUC_VM7_Antagonist_0.5nM_E2 using GIN_GCN...
[Fine-tune] Epoch 1/50 - Loss: 0.5069 - Val F1: 0.4026 - Val ROC-AUC: 0.8311 - Val PR-AUC: 0.3574
[Fine-tune] Epoch 2/50 - Loss: 0.4447 - Val F1: 0.3561 - Val ROC-AUC: 0.7974 - Val PR-AUC: 0.3685
[Fine-tune] Epoch 3/50 - Loss: 0.4145 - Val F1: 0.3533 - Val ROC-AUC: 0.7976 - Val PR-AUC: 0.2971
[Fine-tune] Epoch 4/50 - Loss: 0.4049 - Val F1: 0.3617 - Val ROC-AUC: 0.8144 - Val PR-AUC: 0.3614
[Fine-tune] Epoch 5/50 - Loss: 0.3885 - Val F1: 0.3625 - Val ROC-AUC: 0.7938 - Val PR-AUC: 0.3228
[Fine-tune] Epoch 6/50 - Loss: 0.3930 - Val F1: 0.3399 - Val ROC-AUC: 0.7724 - Val PR-AUC: 0.2778
[Fine-tune] Epoch 7/50 - Loss: 0.3705 - Val F1: 0.3813 - Val ROC-AUC: 0.8011 - Val PR-AUC: 0.3257
[Fine-tune] Epoch 8/50 - Loss: 0.3514 - Val F1: 0.4067 - Val ROC-AUC: 0.8189 - Val PR-AUC: 0.3547
[Fine-tune] Epoch 9/50 - Loss: 0.3487 - Val F1: 0.3819 - Val ROC-AUC: 0.8117 - Val PR-AUC: 0.3108
[Fine-tune] Epoch 10/50 - Loss: 0.3525 - Val F1: 0.3542 - Val ROC-AUC: 0.8007 - Val PR-AUC: 0.2625
[Fine-tune] Epoch 11/50 - Loss: 0.3139 - Val F1: 0.4157 - Val ROC-AUC: 0.8205 - Val PR-AUC: 0.3510
[Fine-tune] Epoch 12/50 - Loss: 0.2863 - Val F1: 0.3943 - Val ROC-AUC: 0.8197 - Val PR-AUC: 0.3730
[Fine-tune] Epoch 13/50 - Loss: 0.2792 - Val F1: 0.3893 - Val ROC-AUC: 0.8155 - Val PR-AUC: 0.3242
[Fine-tune] Epoch 14/50 - Loss: 0.2634 - Val F1: 0.4170 - Val ROC-AUC: 0.8309 - Val PR-AUC: 0.3540
[Fine-tune] Epoch 15/50 - Loss: 0.2613 - Val F1: 0.3926 - Val ROC-AUC: 0.8333 - Val PR-AUC: 0.3711
[Fine-tune] Epoch 16/50 - Loss: 0.2608 - Val F1: 0.3966 - Val ROC-AUC: 0.8126 - Val PR-AUC: 0.3012
[Fine-tune] Epoch 17/50 - Loss: 0.2392 - Val F1: 0.3934 - Val ROC-AUC: 0.8156 - Val PR-AUC: 0.3102
[Fine-tune] Epoch 18/50 - Loss: 0.2405 - Val F1: 0.3920 - Val ROC-AUC: 0.8245 - Val PR-AUC: 0.3698
[Fine-tune] Epoch 19/50 - Loss: 0.2408 - Val F1: 0.3984 - Val ROC-AUC: 0.8292 - Val PR-AUC: 0.3211
[Fine-tune] Epoch 20/50 - Loss: 0.2381 - Val F1: 0.4115 - Val ROC-AUC: 0.8346 - Val PR-AUC: 0.3555
[Fine-tune] Epoch 21/50 - Loss: 0.2107 - Val F1: 0.4065 - Val ROC-AUC: 0.8287 - Val PR-AUC: 0.3664
[Fine-tune] Epoch 22/50 - Loss: 0.1993 - Val F1: 0.4054 - Val ROC-AUC: 0.8293 - Val PR-AUC: 0.3960
[Fine-tune] Epoch 23/50 - Loss: 0.1945 - Val F1: 0.4120 - Val ROC-AUC: 0.8245 - Val PR-AUC: 0.3821
[Fine-tune] Epoch 24/50 - Loss: 0.1868 - Val F1: 0.3902 - Val ROC-AUC: 0.8184 - Val PR-AUC: 0.3692
[Fine-tune] Epoch 25/50 - Loss: 0.1885 - Val F1: 0.4000 - Val ROC-AUC: 0.8237 - Val PR-AUC: 0.3415
[Fine-tune] Epoch 26/50 - Loss: 0.1752 - Val F1: 0.4000 - Val ROC-AUC: 0.8234 - Val PR-AUC: 0.3248
[Fine-tune] Epoch 27/50 - Loss: 0.1739 - Val F1: 0.4018 - Val ROC-AUC: 0.8276 - Val PR-AUC: 0.3677
[Fine-tune] Epoch 28/50 - Loss: 0.1696 - Val F1: 0.4058 - Val ROC-AUC: 0.8269 - Val PR-AUC: 0.3555
[Fine-tune] Epoch 29/50 - Loss: 0.1764 - Val F1: 0.4069 - Val ROC-AUC: 0.8190 - Val PR-AUC: 0.3569
[Fine-tune] Epoch 30/50 - Loss: 0.1579 - Val F1: 0.3982 - Val ROC-AUC: 0.8289 - Val PR-AUC: 0.3325
[Fine-tune] Epoch 31/50 - Loss: 0.1508 - Val F1: 0.4019 - Val ROC-AUC: 0.8236 - Val PR-AUC: 0.3302
[Fine-tune] Epoch 32/50 - Loss: 0.1421 - Val F1: 0.4057 - Val ROC-AUC: 0.8247 - Val PR-AUC: 0.3473
[Fine-tune] Epoch 33/50 - Loss: 0.1444 - Val F1: 0.4038 - Val ROC-AUC: 0.8172 - Val PR-AUC: 0.3623
[Fine-tune] Epoch 34/50 - Loss: 0.1337 - Val F1: 0.4257 - Val ROC-AUC: 0.8273 - Val PR-AUC: 0.3732
[Fine-tune] Epoch 35/50 - Loss: 0.1386 - Val F1: 0.4251 - Val ROC-AUC: 0.8199 - Val PR-AUC: 0.3649
[Fine-tune] Epoch 36/50 - Loss: 0.1422 - Val F1: 0.4000 - Val ROC-AUC: 0.8169 - Val PR-AUC: 0.3629
[Fine-tune] Epoch 37/50 - Loss: 0.1380 - Val F1: 0.4093 - Val ROC-AUC: 0.8205 - Val PR-AUC: 0.3523
[Fine-tune] Epoch 38/50 - Loss: 0.1296 - Val F1: 0.4039 - Val ROC-AUC: 0.8235 - Val PR-AUC: 0.3756
[Fine-tune] Epoch 39/50 - Loss: 0.1261 - Val F1: 0.4082 - Val ROC-AUC: 0.8252 - Val PR-AUC: 0.3832
[Fine-tune] Epoch 40/50 - Loss: 0.1205 - Val F1: 0.3980 - Val ROC-AUC: 0.8292 - Val PR-AUC: 0.3727
[Fine-tune] Epoch 41/50 - Loss: 0.1354 - Val F1: 0.4171 - Val ROC-AUC: 0.8214 - Val PR-AUC: 0.3737
[Fine-tune] Epoch 42/50 - Loss: 0.1222 - Val F1: 0.4145 - Val ROC-AUC: 0.8181 - Val PR-AUC: 0.3751
[Fine-tune] Epoch 43/50 - Loss: 0.1123 - Val F1: 0.4292 - Val ROC-AUC: 0.8240 - Val PR-AUC: 0.3615
[Fine-tune] Epoch 44/50 - Loss: 0.1264 - Val F1: 0.4225 - Val ROC-AUC: 0.8275 - Val PR-AUC: 0.3791
[Fine-tune] Epoch 45/50 - Loss: 0.1107 - Val F1: 0.4141 - Val ROC-AUC: 0.8282 - Val PR-AUC: 0.3629
[Fine-tune] Epoch 46/50 - Loss: 0.1171 - Val F1: 0.4422 - Val ROC-AUC: 0.8308 - Val PR-AUC: 0.3878
[Fine-tune] Epoch 47/50 - Loss: 0.1208 - Val F1: 0.4343 - Val ROC-AUC: 0.8288 - Val PR-AUC: 0.3845
[Fine-tune] Epoch 48/50 - Loss: 0.1068 - Val F1: 0.4211 - Val ROC-AUC: 0.8245 - Val PR-AUC: 0.3819
[Fine-tune] Epoch 49/50 - Loss: 0.1195 - Val F1: 0.3979 - Val ROC-AUC: 0.8169 - Val PR-AUC: 0.3635
[Fine-tune] Epoch 50/50 - Loss: 0.1177 - Val F1: 0.3958 - Val ROC-AUC: 0.8095 - Val PR-AUC: 0.3689
Finetuning completed. Test F1: 0.4327, ROC-AUC: 0.8134, PR-AUC: 0.3717
[3.1/4] Target-only training on TOX21_ERa_LUC_VM7_Antagonist_0.5nM_E2 using GIN_GCN...
=== Target-only training ===
[Target-only] Epoch 1/50 – Loss: 0.6113  Val F1: 0.3073  ROC-AUC: 0.7243  PR-AUC: 0.1881
[Target-only] Epoch 2/50 – Loss: 0.5530  Val F1: 0.3111  ROC-AUC: 0.7467  PR-AUC: 0.2098
[Target-only] Epoch 3/50 – Loss: 0.5521  Val F1: 0.3460  ROC-AUC: 0.7787  PR-AUC: 0.2260
[Target-only] Epoch 4/50 – Loss: 0.5226  Val F1: 0.2978  ROC-AUC: 0.7916  PR-AUC: 0.2521
[Target-only] Epoch 5/50 – Loss: 0.5179  Val F1: 0.3643  ROC-AUC: 0.7887  PR-AUC: 0.2977
[Target-only] Epoch 6/50 – Loss: 0.5022  Val F1: 0.3394  ROC-AUC: 0.7941  PR-AUC: 0.3111
[Target-only] Epoch 7/50 – Loss: 0.4766  Val F1: 0.3471  ROC-AUC: 0.7942  PR-AUC: 0.3042
[Target-only] Epoch 8/50 – Loss: 0.4780  Val F1: 0.3529  ROC-AUC: 0.7871  PR-AUC: 0.2737
[Target-only] Epoch 9/50 – Loss: 0.4619  Val F1: 0.3605  ROC-AUC: 0.7958  PR-AUC: 0.3157
[Target-only] Epoch 10/50 – Loss: 0.4654  Val F1: 0.3504  ROC-AUC: 0.7926  PR-AUC: 0.2908
[Target-only] Epoch 11/50 – Loss: 0.4202  Val F1: 0.3553  ROC-AUC: 0.8039  PR-AUC: 0.3325
[Target-only] Epoch 12/50 – Loss: 0.4271  Val F1: 0.3565  ROC-AUC: 0.8054  PR-AUC: 0.3064
[Target-only] Epoch 13/50 – Loss: 0.4011  Val F1: 0.3419  ROC-AUC: 0.7899  PR-AUC: 0.3128
[Target-only] Epoch 14/50 – Loss: 0.4053  Val F1: 0.3831  ROC-AUC: 0.7886  PR-AUC: 0.2714
[Target-only] Epoch 15/50 – Loss: 0.3983  Val F1: 0.3701  ROC-AUC: 0.7992  PR-AUC: 0.3281
[Target-only] Epoch 16/50 – Loss: 0.3945  Val F1: 0.3185  ROC-AUC: 0.7909  PR-AUC: 0.3082
[Target-only] Epoch 17/50 – Loss: 0.3790  Val F1: 0.3843  ROC-AUC: 0.7965  PR-AUC: 0.3354
[Target-only] Epoch 18/50 – Loss: 0.3817  Val F1: 0.3766  ROC-AUC: 0.7967  PR-AUC: 0.3182
[Target-only] Epoch 19/50 – Loss: 0.3716  Val F1: 0.3483  ROC-AUC: 0.8026  PR-AUC: 0.3407
[Target-only] Epoch 20/50 – Loss: 0.3630  Val F1: 0.3538  ROC-AUC: 0.7986  PR-AUC: 0.3118
[Target-only] Epoch 21/50 – Loss: 0.3474  Val F1: 0.4062  ROC-AUC: 0.8067  PR-AUC: 0.3310
[Target-only] Epoch 22/50 – Loss: 0.3142  Val F1: 0.3857  ROC-AUC: 0.8012  PR-AUC: 0.3425
[Target-only] Epoch 23/50 – Loss: 0.3202  Val F1: 0.3985  ROC-AUC: 0.8042  PR-AUC: 0.3454
[Target-only] Epoch 24/50 – Loss: 0.3316  Val F1: 0.4086  ROC-AUC: 0.8096  PR-AUC: 0.3429
[Target-only] Epoch 25/50 – Loss: 0.3206  Val F1: 0.4202  ROC-AUC: 0.8033  PR-AUC: 0.3606
[Target-only] Epoch 26/50 – Loss: 0.3116  Val F1: 0.3833  ROC-AUC: 0.8044  PR-AUC: 0.3612
[Target-only] Epoch 27/50 – Loss: 0.3002  Val F1: 0.4039  ROC-AUC: 0.8116  PR-AUC: 0.3701
[Target-only] Epoch 28/50 – Loss: 0.3076  Val F1: 0.4000  ROC-AUC: 0.8132  PR-AUC: 0.3612
[Target-only] Epoch 29/50 – Loss: 0.2986  Val F1: 0.4177  ROC-AUC: 0.8123  PR-AUC: 0.3807
[Target-only] Epoch 30/50 – Loss: 0.2920  Val F1: 0.4046  ROC-AUC: 0.8091  PR-AUC: 0.3774
[Target-only] Epoch 31/50 – Loss: 0.2852  Val F1: 0.4066  ROC-AUC: 0.8094  PR-AUC: 0.3671
[Target-only] Epoch 32/50 – Loss: 0.2635  Val F1: 0.4206  ROC-AUC: 0.8187  PR-AUC: 0.3851
[Target-only] Epoch 33/50 – Loss: 0.2733  Val F1: 0.4324  ROC-AUC: 0.8136  PR-AUC: 0.3392
[Target-only] Epoch 34/50 – Loss: 0.2702  Val F1: 0.4237  ROC-AUC: 0.8128  PR-AUC: 0.3474
[Target-only] Epoch 35/50 – Loss: 0.2681  Val F1: 0.4091  ROC-AUC: 0.8105  PR-AUC: 0.3440
[Target-only] Epoch 36/50 – Loss: 0.2491  Val F1: 0.3939  ROC-AUC: 0.8044  PR-AUC: 0.3459
[Target-only] Epoch 37/50 – Loss: 0.2564  Val F1: 0.4122  ROC-AUC: 0.8073  PR-AUC: 0.3389
[Target-only] Epoch 38/50 – Loss: 0.2431  Val F1: 0.4094  ROC-AUC: 0.8000  PR-AUC: 0.3234
[Target-only] Epoch 39/50 – Loss: 0.2527  Val F1: 0.4017  ROC-AUC: 0.8011  PR-AUC: 0.3508
[Target-only] Epoch 40/50 – Loss: 0.2389  Val F1: 0.4257  ROC-AUC: 0.8126  PR-AUC: 0.3598
[Target-only] Epoch 41/50 – Loss: 0.2275  Val F1: 0.4198  ROC-AUC: 0.8082  PR-AUC: 0.3469
[Target-only] Epoch 42/50 – Loss: 0.2369  Val F1: 0.4262  ROC-AUC: 0.8096  PR-AUC: 0.3641
[Target-only] Epoch 43/50 – Loss: 0.2311  Val F1: 0.4211  ROC-AUC: 0.8161  PR-AUC: 0.3708
[Target-only] Epoch 44/50 – Loss: 0.2323  Val F1: 0.4069  ROC-AUC: 0.8111  PR-AUC: 0.3670
[Target-only] Epoch 45/50 – Loss: 0.2335  Val F1: 0.3915  ROC-AUC: 0.8071  PR-AUC: 0.3345
[Target-only] Epoch 46/50 – Loss: 0.2200  Val F1: 0.4240  ROC-AUC: 0.8106  PR-AUC: 0.3580
[Target-only] Epoch 47/50 – Loss: 0.2187  Val F1: 0.4125  ROC-AUC: 0.8126  PR-AUC: 0.3728
[Target-only] Epoch 48/50 – Loss: 0.2109  Val F1: 0.4048  ROC-AUC: 0.8087  PR-AUC: 0.3487
[Target-only] Epoch 49/50 – Loss: 0.2293  Val F1: 0.3952  ROC-AUC: 0.8101  PR-AUC: 0.3774
[Target-only] Epoch 50/50 – Loss: 0.2184  Val F1: 0.4016  ROC-AUC: 0.8095  PR-AUC: 0.3565
=== Target-only TEST performance ===
Test F1: 0.3664, ROC-AUC: 0.7853, PR-AUC: 0.3003
✅ 실험 완료: TOX21_ERa_BLA_Antagonist_ratio -> TOX21_ERa_LUC_VM7_Antagonist_0.5nM_E2 [GIN_GCN]
