[10:55:15] Can't kekulize mol.  Unkekulized atoms: 1 2 3 4 5
[10:55:16] Explicit valence for atom # 0 Cl, 2, is greater than permitted
[10:55:17] Can't kekulize mol.  Unkekulized atoms: 3 4 5 6 7
[10:55:17] Can't kekulize mol.  Unkekulized atoms: 3 4 5 6 7
[10:55:18] WARNING: not removing hydrogen atom without neighbors
[10:55:19] Explicit valence for atom # 3 Si, 8, is greater than permitted
[10:55:20] Can't kekulize mol.  Unkekulized atoms: 1 2 3 4 5
[10:55:20] Can't kekulize mol.  Unkekulized atoms: 3 4 5 6 7
[10:55:20] Can't kekulize mol.  Unkekulized atoms: 1 2 3 4 5
[10:55:20] WARNING: not removing hydrogen atom without neighbors
[10:55:21] Can't kekulize mol.  Unkekulized atoms: 1 2 3 4 5
[10:55:21] Explicit valence for atom # 6 O, 3, is greater than permitted
[10:55:21] Explicit valence for atom # 3 Si, 8, is greater than permitted
[10:55:21] Explicit valence for atom # 0 Cl, 2, is greater than permitted
[10:57:51] Can't kekulize mol.  Unkekulized atoms: 1 2 3 4 5
[10:57:51] Explicit valence for atom # 0 Cl, 2, is greater than permitted
[10:57:52] Can't kekulize mol.  Unkekulized atoms: 3 4 5 6 7
[10:57:53] Can't kekulize mol.  Unkekulized atoms: 3 4 5 6 7
[10:57:53] WARNING: not removing hydrogen atom without neighbors
[10:57:55] Explicit valence for atom # 3 Si, 8, is greater than permitted
[10:57:55] Can't kekulize mol.  Unkekulized atoms: 1 2 3 4 5
[10:57:55] Can't kekulize mol.  Unkekulized atoms: 3 4 5 6 7
[10:57:56] Can't kekulize mol.  Unkekulized atoms: 1 2 3 4 5
[10:57:56] WARNING: not removing hydrogen atom without neighbors
[10:57:57] Can't kekulize mol.  Unkekulized atoms: 1 2 3 4 5
[10:57:57] Explicit valence for atom # 6 O, 3, is greater than permitted
[10:57:57] Explicit valence for atom # 3 Si, 8, is greater than permitted
[10:57:57] Explicit valence for atom # 0 Cl, 2, is greater than permitted
[10:59:14] Can't kekulize mol.  Unkekulized atoms: 1 2 3 4 5
[10:59:15] Explicit valence for atom # 0 Cl, 2, is greater than permitted
[10:59:16] Can't kekulize mol.  Unkekulized atoms: 3 4 5 6 7
[10:59:16] Can't kekulize mol.  Unkekulized atoms: 3 4 5 6 7
[10:59:16] WARNING: not removing hydrogen atom without neighbors
[10:59:18] Explicit valence for atom # 3 Si, 8, is greater than permitted
[10:59:19] Can't kekulize mol.  Unkekulized atoms: 1 2 3 4 5
[10:59:19] Can't kekulize mol.  Unkekulized atoms: 3 4 5 6 7
[10:59:19] Can't kekulize mol.  Unkekulized atoms: 1 2 3 4 5
[10:59:19] WARNING: not removing hydrogen atom without neighbors
[10:59:20] Can't kekulize mol.  Unkekulized atoms: 1 2 3 4 5
[10:59:20] Explicit valence for atom # 6 O, 3, is greater than permitted
[10:59:20] Explicit valence for atom # 3 Si, 8, is greater than permitted
[10:59:20] Explicit valence for atom # 0 Cl, 2, is greater than permitted
