[1/4] Excel → CSV 변환 중...
Saved pretrain CSV for TOX21_ERa_BLA_Antagonist_ratio: data/sample/TOX21_ERa_BLA_Antagonist_ratio.csv
Saved pretrain CSV for TOX21_ERa_LUC_VM7_Agonist: data/sample/TOX21_ERa_LUC_VM7_Agonist.csv
Saved pretrain CSV for TOX21_ERa_BLA_Antagonist_viability: data/sample/TOX21_ERa_BLA_Antagonist_viability.csv
Saved pretrain CSV for TOX21_ERa_LUC_VM7_Antagonist_0.5nM_E2: data/sample/TOX21_ERa_LUC_VM7_Antagonist_0.5nM_E2.csv
Saved pretrain CSV for TOX21_ERa_BLA_Antagonist_ch2: data/sample/TOX21_ERa_BLA_Antagonist_ch2.csv
Saved pretrain CSV for TOX21_ERa_BLA_Antagonist_ch1: data/sample/TOX21_ERa_BLA_Antagonist_ch1.csv
Saved pretrain CSV for TOX21_ERa_LUC_VM7_Antagonist_0.5nM_E2_viability: data/sample/TOX21_ERa_LUC_VM7_Antagonist_0.5nM_E2_viability.csv
Saved pretrain CSV for TOX21_ERa_BLA_Agonist_ch2: data/sample/TOX21_ERa_BLA_Agonist_ch2.csv
Saved pretrain CSV for TOX21_ERa_BLA_Agonist_ch1: data/sample/TOX21_ERa_BLA_Agonist_ch1.csv
Saved pretrain CSV for TOX21_ERa_BLA_Agonist_ratio: data/sample/TOX21_ERa_BLA_Agonist_ratio.csv
Saved pretrain CSV for TOX21_ERb_BLA_Antagonist_ch1: data/sample/TOX21_ERb_BLA_Antagonist_ch1.csv
Saved pretrain CSV for TOX21_ERb_BLA_Antagonist_ch2: data/sample/TOX21_ERb_BLA_Antagonist_ch2.csv
Saved pretrain CSV for TOX21_ERb_BLA_Agonist_viability: data/sample/TOX21_ERb_BLA_Agonist_viability.csv
Saved pretrain CSV for TOX21_ERb_BLA_Agonist_ratio: data/sample/TOX21_ERb_BLA_Agonist_ratio.csv
Saved pretrain CSV for TOX21_ERb_BLA_Agonist_ch2: data/sample/TOX21_ERb_BLA_Agonist_ch2.csv
Saved pretrain CSV for TOX21_ERb_BLA_Agonist_ch1: data/sample/TOX21_ERb_BLA_Agonist_ch1.csv
Saved pretrain CSV for TOX21_ERR_LUC_Agonist: data/sample/TOX21_ERR_LUC_Agonist.csv
Saved pretrain CSV for TOX21_ERa_LUC_VM7_Agonist_10nM_ICI182780_viability: data/sample/TOX21_ERa_LUC_VM7_Agonist_10nM_ICI182780_viability.csv
Saved pretrain CSV for TOX21_ERa_LUC_VM7_Antagonist_0.1nM_E2: data/sample/TOX21_ERa_LUC_VM7_Antagonist_0.1nM_E2.csv
Saved pretrain CSV for TOX21_ERb_BLA_Antagonist_ratio: data/sample/TOX21_ERb_BLA_Antagonist_ratio.csv
Saved pretrain CSV for TOX21_ERa_LUC_VM7_Agonist_10nM_ICI182780: data/sample/TOX21_ERa_LUC_VM7_Agonist_10nM_ICI182780.csv
Saved pretrain CSV for TOX21_ERR_LUC_viability: data/sample/TOX21_ERR_LUC_viability.csv
Saved pretrain CSV for TOX21_ERR_LUC_Antagonist: data/sample/TOX21_ERR_LUC_Antagonist.csv
Saved pretrain CSV for TOX21_ERa_LUC_VM7_Antagonist_0.1nM_E2_viability: data/sample/TOX21_ERa_LUC_VM7_Antagonist_0.1nM_E2_viability.csv
Saved pretrain CSV for TOX21_ERb_BLA_Antagonist_viability: data/sample/TOX21_ERb_BLA_Antagonist_viability.csv
Saved finetune CSV for TOX21_ERa_BLA_Antagonist_ratio: data/sample/TOX21_ERa_BLA_Antagonist_ratio.csv
Saved finetune CSV for TOX21_ERa_LUC_VM7_Agonist: data/sample/TOX21_ERa_LUC_VM7_Agonist.csv
Saved finetune CSV for TOX21_ERa_BLA_Antagonist_viability: data/sample/TOX21_ERa_BLA_Antagonist_viability.csv
Saved finetune CSV for TOX21_ERa_LUC_VM7_Antagonist_0.5nM_E2: data/sample/TOX21_ERa_LUC_VM7_Antagonist_0.5nM_E2.csv
Saved finetune CSV for TOX21_ERa_BLA_Antagonist_ch2: data/sample/TOX21_ERa_BLA_Antagonist_ch2.csv
Saved finetune CSV for TOX21_ERa_BLA_Antagonist_ch1: data/sample/TOX21_ERa_BLA_Antagonist_ch1.csv
Saved finetune CSV for TOX21_ERa_LUC_VM7_Antagonist_0.5nM_E2_viability: data/sample/TOX21_ERa_LUC_VM7_Antagonist_0.5nM_E2_viability.csv
Saved finetune CSV for TOX21_ERa_BLA_Agonist_ch2: data/sample/TOX21_ERa_BLA_Agonist_ch2.csv
Saved finetune CSV for TOX21_ERa_BLA_Agonist_ch1: data/sample/TOX21_ERa_BLA_Agonist_ch1.csv
Saved finetune CSV for TOX21_ERa_BLA_Agonist_ratio: data/sample/TOX21_ERa_BLA_Agonist_ratio.csv
Saved finetune CSV for TOX21_ERb_BLA_Antagonist_ch1: data/sample/TOX21_ERb_BLA_Antagonist_ch1.csv
Saved finetune CSV for TOX21_ERb_BLA_Antagonist_ch2: data/sample/TOX21_ERb_BLA_Antagonist_ch2.csv
Saved finetune CSV for TOX21_ERb_BLA_Agonist_viability: data/sample/TOX21_ERb_BLA_Agonist_viability.csv
Saved finetune CSV for TOX21_ERb_BLA_Agonist_ratio: data/sample/TOX21_ERb_BLA_Agonist_ratio.csv
Saved finetune CSV for TOX21_ERb_BLA_Agonist_ch2: data/sample/TOX21_ERb_BLA_Agonist_ch2.csv
Saved finetune CSV for TOX21_ERb_BLA_Agonist_ch1: data/sample/TOX21_ERb_BLA_Agonist_ch1.csv
Saved finetune CSV for TOX21_ERR_LUC_Agonist: data/sample/TOX21_ERR_LUC_Agonist.csv
Saved finetune CSV for TOX21_ERa_LUC_VM7_Agonist_10nM_ICI182780_viability: data/sample/TOX21_ERa_LUC_VM7_Agonist_10nM_ICI182780_viability.csv
Saved finetune CSV for TOX21_ERa_LUC_VM7_Antagonist_0.1nM_E2: data/sample/TOX21_ERa_LUC_VM7_Antagonist_0.1nM_E2.csv
Saved finetune CSV for TOX21_ERb_BLA_Antagonist_ratio: data/sample/TOX21_ERb_BLA_Antagonist_ratio.csv
Saved finetune CSV for TOX21_ERa_LUC_VM7_Agonist_10nM_ICI182780: data/sample/TOX21_ERa_LUC_VM7_Agonist_10nM_ICI182780.csv
Saved finetune CSV for TOX21_ERR_LUC_viability: data/sample/TOX21_ERR_LUC_viability.csv
Saved finetune CSV for TOX21_ERR_LUC_Antagonist: data/sample/TOX21_ERR_LUC_Antagonist.csv
Saved finetune CSV for TOX21_ERa_LUC_VM7_Antagonist_0.1nM_E2_viability: data/sample/TOX21_ERa_LUC_VM7_Antagonist_0.1nM_E2_viability.csv
Saved finetune CSV for TOX21_ERb_BLA_Antagonist_viability: data/sample/TOX21_ERb_BLA_Antagonist_viability.csv
[2/4] Pretraining on TOX21_ERa_BLA_Antagonist_ratio using GIN_GCN...
Epoch 1/100 - Loss: 0.6469 - Val F1: 0.3069 - Val ROC-AUC: 0.7039 - Val PR-AUC: 0.2299
Epoch 2/100 - Loss: 0.5941 - Val F1: 0.3472 - Val ROC-AUC: 0.7353 - Val PR-AUC: 0.2683
Epoch 3/100 - Loss: 0.5774 - Val F1: 0.3215 - Val ROC-AUC: 0.7568 - Val PR-AUC: 0.2881
Epoch 4/100 - Loss: 0.5597 - Val F1: 0.3710 - Val ROC-AUC: 0.7565 - Val PR-AUC: 0.2848
Epoch 5/100 - Loss: 0.5334 - Val F1: 0.3954 - Val ROC-AUC: 0.7680 - Val PR-AUC: 0.2886
Epoch 6/100 - Loss: 0.5377 - Val F1: 0.3731 - Val ROC-AUC: 0.7707 - Val PR-AUC: 0.2940
Epoch 7/100 - Loss: 0.5248 - Val F1: 0.4073 - Val ROC-AUC: 0.7903 - Val PR-AUC: 0.3212
Epoch 8/100 - Loss: 0.5164 - Val F1: 0.3591 - Val ROC-AUC: 0.7635 - Val PR-AUC: 0.2765
Epoch 9/100 - Loss: 0.5127 - Val F1: 0.3591 - Val ROC-AUC: 0.7746 - Val PR-AUC: 0.2719
Epoch 10/100 - Loss: 0.5033 - Val F1: 0.4251 - Val ROC-AUC: 0.7960 - Val PR-AUC: 0.3253
Epoch 11/100 - Loss: 0.4850 - Val F1: 0.3796 - Val ROC-AUC: 0.7982 - Val PR-AUC: 0.3369
Epoch 12/100 - Loss: 0.4639 - Val F1: 0.3814 - Val ROC-AUC: 0.7949 - Val PR-AUC: 0.3249
Epoch 13/100 - Loss: 0.4608 - Val F1: 0.3914 - Val ROC-AUC: 0.8001 - Val PR-AUC: 0.3187
Epoch 14/100 - Loss: 0.4551 - Val F1: 0.4171 - Val ROC-AUC: 0.8106 - Val PR-AUC: 0.3419
Epoch 15/100 - Loss: 0.4591 - Val F1: 0.4353 - Val ROC-AUC: 0.8109 - Val PR-AUC: 0.3443
Epoch 16/100 - Loss: 0.4449 - Val F1: 0.4268 - Val ROC-AUC: 0.8040 - Val PR-AUC: 0.3217
Epoch 17/100 - Loss: 0.4521 - Val F1: 0.4620 - Val ROC-AUC: 0.8105 - Val PR-AUC: 0.3342
Epoch 18/100 - Loss: 0.4310 - Val F1: 0.4315 - Val ROC-AUC: 0.8109 - Val PR-AUC: 0.3487
Epoch 19/100 - Loss: 0.4287 - Val F1: 0.4259 - Val ROC-AUC: 0.8083 - Val PR-AUC: 0.3183
Epoch 20/100 - Loss: 0.4296 - Val F1: 0.4075 - Val ROC-AUC: 0.8136 - Val PR-AUC: 0.3381
Epoch 21/100 - Loss: 0.4076 - Val F1: 0.4324 - Val ROC-AUC: 0.8091 - Val PR-AUC: 0.3278
Epoch 22/100 - Loss: 0.4060 - Val F1: 0.4368 - Val ROC-AUC: 0.8154 - Val PR-AUC: 0.3451
Epoch 23/100 - Loss: 0.4052 - Val F1: 0.4079 - Val ROC-AUC: 0.8232 - Val PR-AUC: 0.3559
Epoch 24/100 - Loss: 0.4025 - Val F1: 0.4431 - Val ROC-AUC: 0.8184 - Val PR-AUC: 0.3428
Epoch 25/100 - Loss: 0.3752 - Val F1: 0.4257 - Val ROC-AUC: 0.8206 - Val PR-AUC: 0.3516
Epoch 26/100 - Loss: 0.3916 - Val F1: 0.4041 - Val ROC-AUC: 0.8178 - Val PR-AUC: 0.3432
Epoch 27/100 - Loss: 0.3666 - Val F1: 0.4444 - Val ROC-AUC: 0.8115 - Val PR-AUC: 0.3299
Epoch 28/100 - Loss: 0.3852 - Val F1: 0.4237 - Val ROC-AUC: 0.8124 - Val PR-AUC: 0.3335
Epoch 29/100 - Loss: 0.3713 - Val F1: 0.4270 - Val ROC-AUC: 0.8193 - Val PR-AUC: 0.3553
Epoch 30/100 - Loss: 0.3704 - Val F1: 0.4407 - Val ROC-AUC: 0.8179 - Val PR-AUC: 0.3484
Epoch 31/100 - Loss: 0.3481 - Val F1: 0.4478 - Val ROC-AUC: 0.8204 - Val PR-AUC: 0.3700
Epoch 32/100 - Loss: 0.3625 - Val F1: 0.4597 - Val ROC-AUC: 0.8231 - Val PR-AUC: 0.3523
Epoch 33/100 - Loss: 0.3407 - Val F1: 0.4228 - Val ROC-AUC: 0.8244 - Val PR-AUC: 0.3549
Epoch 34/100 - Loss: 0.3497 - Val F1: 0.4520 - Val ROC-AUC: 0.8298 - Val PR-AUC: 0.3578
Epoch 35/100 - Loss: 0.3429 - Val F1: 0.4451 - Val ROC-AUC: 0.8179 - Val PR-AUC: 0.3475
Epoch 36/100 - Loss: 0.3509 - Val F1: 0.4510 - Val ROC-AUC: 0.8278 - Val PR-AUC: 0.3656
Epoch 37/100 - Loss: 0.3359 - Val F1: 0.4464 - Val ROC-AUC: 0.8220 - Val PR-AUC: 0.3602
Epoch 38/100 - Loss: 0.3486 - Val F1: 0.4451 - Val ROC-AUC: 0.8088 - Val PR-AUC: 0.3458
Epoch 39/100 - Loss: 0.3273 - Val F1: 0.4629 - Val ROC-AUC: 0.8154 - Val PR-AUC: 0.3474
Epoch 40/100 - Loss: 0.3368 - Val F1: 0.4500 - Val ROC-AUC: 0.8164 - Val PR-AUC: 0.3479
Epoch 41/100 - Loss: 0.3166 - Val F1: 0.4478 - Val ROC-AUC: 0.8187 - Val PR-AUC: 0.3535
Epoch 42/100 - Loss: 0.3042 - Val F1: 0.4644 - Val ROC-AUC: 0.8212 - Val PR-AUC: 0.3475
Epoch 43/100 - Loss: 0.3098 - Val F1: 0.4650 - Val ROC-AUC: 0.8172 - Val PR-AUC: 0.3480
Epoch 44/100 - Loss: 0.3131 - Val F1: 0.4625 - Val ROC-AUC: 0.8234 - Val PR-AUC: 0.3553
Epoch 45/100 - Loss: 0.3119 - Val F1: 0.4554 - Val ROC-AUC: 0.8159 - Val PR-AUC: 0.3449
Epoch 46/100 - Loss: 0.3082 - Val F1: 0.4592 - Val ROC-AUC: 0.8209 - Val PR-AUC: 0.3468
Epoch 47/100 - Loss: 0.3079 - Val F1: 0.4648 - Val ROC-AUC: 0.8160 - Val PR-AUC: 0.3461
Epoch 48/100 - Loss: 0.3019 - Val F1: 0.4592 - Val ROC-AUC: 0.8174 - Val PR-AUC: 0.3391
Epoch 49/100 - Loss: 0.3065 - Val F1: 0.4630 - Val ROC-AUC: 0.8169 - Val PR-AUC: 0.3469
Epoch 50/100 - Loss: 0.2884 - Val F1: 0.4562 - Val ROC-AUC: 0.8163 - Val PR-AUC: 0.3436
Epoch 51/100 - Loss: 0.2978 - Val F1: 0.4742 - Val ROC-AUC: 0.8168 - Val PR-AUC: 0.3459
Epoch 52/100 - Loss: 0.2966 - Val F1: 0.4756 - Val ROC-AUC: 0.8192 - Val PR-AUC: 0.3533
Epoch 53/100 - Loss: 0.2995 - Val F1: 0.4702 - Val ROC-AUC: 0.8206 - Val PR-AUC: 0.3524
Epoch 54/100 - Loss: 0.3038 - Val F1: 0.4706 - Val ROC-AUC: 0.8158 - Val PR-AUC: 0.3463
Epoch 55/100 - Loss: 0.2856 - Val F1: 0.4580 - Val ROC-AUC: 0.8161 - Val PR-AUC: 0.3471
Epoch 56/100 - Loss: 0.2960 - Val F1: 0.4728 - Val ROC-AUC: 0.8155 - Val PR-AUC: 0.3453
Epoch 57/100 - Loss: 0.2814 - Val F1: 0.4610 - Val ROC-AUC: 0.8120 - Val PR-AUC: 0.3427
Epoch 58/100 - Loss: 0.2924 - Val F1: 0.4681 - Val ROC-AUC: 0.8165 - Val PR-AUC: 0.3452
Epoch 59/100 - Loss: 0.2920 - Val F1: 0.4620 - Val ROC-AUC: 0.8153 - Val PR-AUC: 0.3432
Epoch 60/100 - Loss: 0.2811 - Val F1: 0.4635 - Val ROC-AUC: 0.8176 - Val PR-AUC: 0.3468
Epoch 61/100 - Loss: 0.2893 - Val F1: 0.4556 - Val ROC-AUC: 0.8182 - Val PR-AUC: 0.3489
Epoch 62/100 - Loss: 0.2904 - Val F1: 0.4677 - Val ROC-AUC: 0.8211 - Val PR-AUC: 0.3529
Epoch 63/100 - Loss: 0.2792 - Val F1: 0.4725 - Val ROC-AUC: 0.8178 - Val PR-AUC: 0.3459
Epoch 64/100 - Loss: 0.2793 - Val F1: 0.4635 - Val ROC-AUC: 0.8172 - Val PR-AUC: 0.3465
Epoch 65/100 - Loss: 0.2898 - Val F1: 0.4867 - Val ROC-AUC: 0.8180 - Val PR-AUC: 0.3492
Epoch 66/100 - Loss: 0.2901 - Val F1: 0.4593 - Val ROC-AUC: 0.8185 - Val PR-AUC: 0.3440
Epoch 67/100 - Loss: 0.2862 - Val F1: 0.4759 - Val ROC-AUC: 0.8174 - Val PR-AUC: 0.3478
Epoch 68/100 - Loss: 0.2818 - Val F1: 0.4710 - Val ROC-AUC: 0.8176 - Val PR-AUC: 0.3472
Epoch 69/100 - Loss: 0.2820 - Val F1: 0.4746 - Val ROC-AUC: 0.8160 - Val PR-AUC: 0.3461
Epoch 70/100 - Loss: 0.2840 - Val F1: 0.4494 - Val ROC-AUC: 0.8157 - Val PR-AUC: 0.3432
Epoch 71/100 - Loss: 0.2963 - Val F1: 0.4790 - Val ROC-AUC: 0.8164 - Val PR-AUC: 0.3456
Epoch 72/100 - Loss: 0.2925 - Val F1: 0.4747 - Val ROC-AUC: 0.8171 - Val PR-AUC: 0.3462
Epoch 73/100 - Loss: 0.2814 - Val F1: 0.4787 - Val ROC-AUC: 0.8170 - Val PR-AUC: 0.3476
Epoch 74/100 - Loss: 0.2799 - Val F1: 0.4752 - Val ROC-AUC: 0.8160 - Val PR-AUC: 0.3440
Epoch 75/100 - Loss: 0.2822 - Val F1: 0.4737 - Val ROC-AUC: 0.8172 - Val PR-AUC: 0.3471
Epoch 76/100 - Loss: 0.2889 - Val F1: 0.4738 - Val ROC-AUC: 0.8163 - Val PR-AUC: 0.3443
Epoch 77/100 - Loss: 0.2713 - Val F1: 0.4706 - Val ROC-AUC: 0.8151 - Val PR-AUC: 0.3459
Epoch 78/100 - Loss: 0.2959 - Val F1: 0.4595 - Val ROC-AUC: 0.8165 - Val PR-AUC: 0.3446
Epoch 79/100 - Loss: 0.2811 - Val F1: 0.4685 - Val ROC-AUC: 0.8180 - Val PR-AUC: 0.3451
Epoch 80/100 - Loss: 0.2739 - Val F1: 0.4695 - Val ROC-AUC: 0.8162 - Val PR-AUC: 0.3441
Epoch 81/100 - Loss: 0.2696 - Val F1: 0.4702 - Val ROC-AUC: 0.8156 - Val PR-AUC: 0.3433
Epoch 82/100 - Loss: 0.2725 - Val F1: 0.4728 - Val ROC-AUC: 0.8152 - Val PR-AUC: 0.3421
Epoch 83/100 - Loss: 0.2745 - Val F1: 0.4737 - Val ROC-AUC: 0.8162 - Val PR-AUC: 0.3459
Epoch 84/100 - Loss: 0.2739 - Val F1: 0.4695 - Val ROC-AUC: 0.8161 - Val PR-AUC: 0.3461
Epoch 85/100 - Loss: 0.2718 - Val F1: 0.4735 - Val ROC-AUC: 0.8178 - Val PR-AUC: 0.3464
Epoch 86/100 - Loss: 0.2827 - Val F1: 0.4784 - Val ROC-AUC: 0.8171 - Val PR-AUC: 0.3465
Epoch 87/100 - Loss: 0.2683 - Val F1: 0.4852 - Val ROC-AUC: 0.8173 - Val PR-AUC: 0.3479
Epoch 88/100 - Loss: 0.2717 - Val F1: 0.4654 - Val ROC-AUC: 0.8170 - Val PR-AUC: 0.3455
Epoch 89/100 - Loss: 0.2784 - Val F1: 0.4675 - Val ROC-AUC: 0.8168 - Val PR-AUC: 0.3452
Epoch 90/100 - Loss: 0.2757 - Val F1: 0.4814 - Val ROC-AUC: 0.8184 - Val PR-AUC: 0.3475
Epoch 91/100 - Loss: 0.2836 - Val F1: 0.4728 - Val ROC-AUC: 0.8174 - Val PR-AUC: 0.3453
Epoch 92/100 - Loss: 0.2836 - Val F1: 0.4661 - Val ROC-AUC: 0.8168 - Val PR-AUC: 0.3439
Epoch 93/100 - Loss: 0.2665 - Val F1: 0.4744 - Val ROC-AUC: 0.8179 - Val PR-AUC: 0.3468
Epoch 94/100 - Loss: 0.2715 - Val F1: 0.4774 - Val ROC-AUC: 0.8183 - Val PR-AUC: 0.3462
Epoch 95/100 - Loss: 0.2712 - Val F1: 0.4691 - Val ROC-AUC: 0.8175 - Val PR-AUC: 0.3452
Epoch 96/100 - Loss: 0.2674 - Val F1: 0.4785 - Val ROC-AUC: 0.8176 - Val PR-AUC: 0.3464
Epoch 97/100 - Loss: 0.2711 - Val F1: 0.4606 - Val ROC-AUC: 0.8198 - Val PR-AUC: 0.3494
Epoch 98/100 - Loss: 0.2680 - Val F1: 0.4661 - Val ROC-AUC: 0.8200 - Val PR-AUC: 0.3497
Epoch 99/100 - Loss: 0.2862 - Val F1: 0.4658 - Val ROC-AUC: 0.8170 - Val PR-AUC: 0.3450
Epoch 100/100 - Loss: 0.2712 - Val F1: 0.4645 - Val ROC-AUC: 0.8168 - Val PR-AUC: 0.3457
Pretraining completed. Test F1: 0.4261, ROC-AUC: 0.7883, PR-AUC: 0.3852
[3/4] Finetuning on TOX21_ERR_LUC_viability using GIN_GCN...
[Fine-tune] Epoch 1/50 - Loss: 0.4951 - Val F1: 0.3765 - Val ROC-AUC: 0.7709 - Val PR-AUC: 0.3773
[Fine-tune] Epoch 2/50 - Loss: 0.4658 - Val F1: 0.4348 - Val ROC-AUC: 0.7847 - Val PR-AUC: 0.3573
[Fine-tune] Epoch 3/50 - Loss: 0.4505 - Val F1: 0.3540 - Val ROC-AUC: 0.7712 - Val PR-AUC: 0.3584
[Fine-tune] Epoch 4/50 - Loss: 0.4316 - Val F1: 0.3897 - Val ROC-AUC: 0.7867 - Val PR-AUC: 0.3528
[Fine-tune] Epoch 5/50 - Loss: 0.4383 - Val F1: 0.3962 - Val ROC-AUC: 0.7805 - Val PR-AUC: 0.3811
[Fine-tune] Epoch 6/50 - Loss: 0.4212 - Val F1: 0.3925 - Val ROC-AUC: 0.7729 - Val PR-AUC: 0.3591
[Fine-tune] Epoch 7/50 - Loss: 0.4244 - Val F1: 0.4157 - Val ROC-AUC: 0.7908 - Val PR-AUC: 0.3758
[Fine-tune] Epoch 8/50 - Loss: 0.4086 - Val F1: 0.4158 - Val ROC-AUC: 0.7822 - Val PR-AUC: 0.3547
[Fine-tune] Epoch 9/50 - Loss: 0.3890 - Val F1: 0.4118 - Val ROC-AUC: 0.7849 - Val PR-AUC: 0.3798
[Fine-tune] Epoch 10/50 - Loss: 0.3903 - Val F1: 0.4425 - Val ROC-AUC: 0.7907 - Val PR-AUC: 0.3615
[Fine-tune] Epoch 11/50 - Loss: 0.3584 - Val F1: 0.4676 - Val ROC-AUC: 0.7981 - Val PR-AUC: 0.3906
[Fine-tune] Epoch 12/50 - Loss: 0.3505 - Val F1: 0.4451 - Val ROC-AUC: 0.7984 - Val PR-AUC: 0.4176
[Fine-tune] Epoch 13/50 - Loss: 0.3302 - Val F1: 0.4348 - Val ROC-AUC: 0.7958 - Val PR-AUC: 0.3980
[Fine-tune] Epoch 14/50 - Loss: 0.3404 - Val F1: 0.4380 - Val ROC-AUC: 0.7893 - Val PR-AUC: 0.3776
[Fine-tune] Epoch 15/50 - Loss: 0.3244 - Val F1: 0.4397 - Val ROC-AUC: 0.7904 - Val PR-AUC: 0.3895
[Fine-tune] Epoch 16/50 - Loss: 0.3233 - Val F1: 0.4452 - Val ROC-AUC: 0.7982 - Val PR-AUC: 0.4331
[Fine-tune] Epoch 17/50 - Loss: 0.3290 - Val F1: 0.4671 - Val ROC-AUC: 0.8054 - Val PR-AUC: 0.4428
[Fine-tune] Epoch 18/50 - Loss: 0.3073 - Val F1: 0.4476 - Val ROC-AUC: 0.8039 - Val PR-AUC: 0.3996
[Fine-tune] Epoch 19/50 - Loss: 0.3139 - Val F1: 0.4593 - Val ROC-AUC: 0.7959 - Val PR-AUC: 0.4123
[Fine-tune] Epoch 20/50 - Loss: 0.3090 - Val F1: 0.4290 - Val ROC-AUC: 0.8027 - Val PR-AUC: 0.4233
[Fine-tune] Epoch 21/50 - Loss: 0.2915 - Val F1: 0.4530 - Val ROC-AUC: 0.8097 - Val PR-AUC: 0.4102
[Fine-tune] Epoch 22/50 - Loss: 0.2795 - Val F1: 0.4755 - Val ROC-AUC: 0.8071 - Val PR-AUC: 0.4134
[Fine-tune] Epoch 23/50 - Loss: 0.2680 - Val F1: 0.4694 - Val ROC-AUC: 0.8057 - Val PR-AUC: 0.4231
[Fine-tune] Epoch 24/50 - Loss: 0.2606 - Val F1: 0.4106 - Val ROC-AUC: 0.7988 - Val PR-AUC: 0.4065
[Fine-tune] Epoch 25/50 - Loss: 0.2609 - Val F1: 0.4397 - Val ROC-AUC: 0.7969 - Val PR-AUC: 0.4023
[Fine-tune] Epoch 26/50 - Loss: 0.2423 - Val F1: 0.4276 - Val ROC-AUC: 0.7996 - Val PR-AUC: 0.4247
[Fine-tune] Epoch 27/50 - Loss: 0.2595 - Val F1: 0.4234 - Val ROC-AUC: 0.7930 - Val PR-AUC: 0.3908
[Fine-tune] Epoch 28/50 - Loss: 0.2484 - Val F1: 0.4133 - Val ROC-AUC: 0.7975 - Val PR-AUC: 0.4051
[Fine-tune] Epoch 29/50 - Loss: 0.2528 - Val F1: 0.4251 - Val ROC-AUC: 0.8007 - Val PR-AUC: 0.4114
[Fine-tune] Epoch 30/50 - Loss: 0.2461 - Val F1: 0.4653 - Val ROC-AUC: 0.8040 - Val PR-AUC: 0.4244
[Fine-tune] Epoch 31/50 - Loss: 0.2348 - Val F1: 0.4591 - Val ROC-AUC: 0.8034 - Val PR-AUC: 0.4063
[Fine-tune] Epoch 32/50 - Loss: 0.2288 - Val F1: 0.4564 - Val ROC-AUC: 0.8057 - Val PR-AUC: 0.4265
[Fine-tune] Epoch 33/50 - Loss: 0.2251 - Val F1: 0.4504 - Val ROC-AUC: 0.8072 - Val PR-AUC: 0.4146
[Fine-tune] Epoch 34/50 - Loss: 0.2116 - Val F1: 0.4571 - Val ROC-AUC: 0.7996 - Val PR-AUC: 0.4104
[Fine-tune] Epoch 35/50 - Loss: 0.2166 - Val F1: 0.4526 - Val ROC-AUC: 0.8053 - Val PR-AUC: 0.4144
[Fine-tune] Epoch 36/50 - Loss: 0.2187 - Val F1: 0.4435 - Val ROC-AUC: 0.7957 - Val PR-AUC: 0.3808
[Fine-tune] Epoch 37/50 - Loss: 0.2239 - Val F1: 0.4310 - Val ROC-AUC: 0.7966 - Val PR-AUC: 0.4075
[Fine-tune] Epoch 38/50 - Loss: 0.2039 - Val F1: 0.4419 - Val ROC-AUC: 0.7952 - Val PR-AUC: 0.3970
[Fine-tune] Epoch 39/50 - Loss: 0.2045 - Val F1: 0.4585 - Val ROC-AUC: 0.8022 - Val PR-AUC: 0.4215
[Fine-tune] Epoch 40/50 - Loss: 0.2103 - Val F1: 0.4784 - Val ROC-AUC: 0.8022 - Val PR-AUC: 0.4080
[Fine-tune] Epoch 41/50 - Loss: 0.2169 - Val F1: 0.4545 - Val ROC-AUC: 0.7992 - Val PR-AUC: 0.4185
[Fine-tune] Epoch 42/50 - Loss: 0.2015 - Val F1: 0.4632 - Val ROC-AUC: 0.8021 - Val PR-AUC: 0.4275
[Fine-tune] Epoch 43/50 - Loss: 0.2116 - Val F1: 0.4526 - Val ROC-AUC: 0.8044 - Val PR-AUC: 0.4171
[Fine-tune] Epoch 44/50 - Loss: 0.2028 - Val F1: 0.4552 - Val ROC-AUC: 0.8001 - Val PR-AUC: 0.4082
[Fine-tune] Epoch 45/50 - Loss: 0.1956 - Val F1: 0.4494 - Val ROC-AUC: 0.7985 - Val PR-AUC: 0.4100
[Fine-tune] Epoch 46/50 - Loss: 0.1991 - Val F1: 0.4478 - Val ROC-AUC: 0.7994 - Val PR-AUC: 0.4214
[Fine-tune] Epoch 47/50 - Loss: 0.1835 - Val F1: 0.4656 - Val ROC-AUC: 0.7995 - Val PR-AUC: 0.4123
[Fine-tune] Epoch 48/50 - Loss: 0.1902 - Val F1: 0.4610 - Val ROC-AUC: 0.8020 - Val PR-AUC: 0.4215
[Fine-tune] Epoch 49/50 - Loss: 0.1894 - Val F1: 0.4640 - Val ROC-AUC: 0.8008 - Val PR-AUC: 0.4150
[Fine-tune] Epoch 50/50 - Loss: 0.1978 - Val F1: 0.4312 - Val ROC-AUC: 0.7982 - Val PR-AUC: 0.4063
Finetuning completed. Test F1: 0.4655, ROC-AUC: 0.8199, PR-AUC: 0.4243
[3.1/4] Target-only training on TOX21_ERR_LUC_viability using GIN_GCN...
=== Target-only training ===
[Target-only] Epoch 1/50 – Loss: 0.6047  Val F1: 0.3175  ROC-AUC: 0.7029  PR-AUC: 0.2296
[Target-only] Epoch 2/50 – Loss: 0.5508  Val F1: 0.3405  ROC-AUC: 0.7181  PR-AUC: 0.2709
[Target-only] Epoch 3/50 – Loss: 0.5167  Val F1: 0.3521  ROC-AUC: 0.7203  PR-AUC: 0.2683
[Target-only] Epoch 4/50 – Loss: 0.5111  Val F1: 0.3474  ROC-AUC: 0.7269  PR-AUC: 0.2988
[Target-only] Epoch 5/50 – Loss: 0.4931  Val F1: 0.3734  ROC-AUC: 0.7360  PR-AUC: 0.3114
[Target-only] Epoch 6/50 – Loss: 0.5019  Val F1: 0.3745  ROC-AUC: 0.7381  PR-AUC: 0.2866
[Target-only] Epoch 7/50 – Loss: 0.4805  Val F1: 0.4024  ROC-AUC: 0.7586  PR-AUC: 0.3305
[Target-only] Epoch 8/50 – Loss: 0.4786  Val F1: 0.3737  ROC-AUC: 0.7500  PR-AUC: 0.3109
[Target-only] Epoch 9/50 – Loss: 0.4546  Val F1: 0.4027  ROC-AUC: 0.7567  PR-AUC: 0.3354
[Target-only] Epoch 10/50 – Loss: 0.4529  Val F1: 0.4045  ROC-AUC: 0.7484  PR-AUC: 0.3146
[Target-only] Epoch 11/50 – Loss: 0.4322  Val F1: 0.4096  ROC-AUC: 0.7839  PR-AUC: 0.3661
[Target-only] Epoch 12/50 – Loss: 0.4115  Val F1: 0.3725  ROC-AUC: 0.7667  PR-AUC: 0.3436
[Target-only] Epoch 13/50 – Loss: 0.4060  Val F1: 0.4195  ROC-AUC: 0.7782  PR-AUC: 0.3677
[Target-only] Epoch 14/50 – Loss: 0.3890  Val F1: 0.4276  ROC-AUC: 0.7818  PR-AUC: 0.3796
[Target-only] Epoch 15/50 – Loss: 0.4025  Val F1: 0.4382  ROC-AUC: 0.7735  PR-AUC: 0.4024
[Target-only] Epoch 16/50 – Loss: 0.3835  Val F1: 0.4290  ROC-AUC: 0.7789  PR-AUC: 0.4059
[Target-only] Epoch 17/50 – Loss: 0.3828  Val F1: 0.4234  ROC-AUC: 0.7671  PR-AUC: 0.3579
[Target-only] Epoch 18/50 – Loss: 0.3648  Val F1: 0.4522  ROC-AUC: 0.7866  PR-AUC: 0.3818
[Target-only] Epoch 19/50 – Loss: 0.3570  Val F1: 0.4176  ROC-AUC: 0.7697  PR-AUC: 0.3660
[Target-only] Epoch 20/50 – Loss: 0.3615  Val F1: 0.3926  ROC-AUC: 0.7682  PR-AUC: 0.3797
[Target-only] Epoch 21/50 – Loss: 0.3480  Val F1: 0.4299  ROC-AUC: 0.7829  PR-AUC: 0.4081
[Target-only] Epoch 22/50 – Loss: 0.3325  Val F1: 0.4317  ROC-AUC: 0.7917  PR-AUC: 0.3987
[Target-only] Epoch 23/50 – Loss: 0.3314  Val F1: 0.4307  ROC-AUC: 0.7854  PR-AUC: 0.3898
[Target-only] Epoch 24/50 – Loss: 0.3204  Val F1: 0.4295  ROC-AUC: 0.7757  PR-AUC: 0.3866
[Target-only] Epoch 25/50 – Loss: 0.3081  Val F1: 0.4486  ROC-AUC: 0.7841  PR-AUC: 0.4245
[Target-only] Epoch 26/50 – Loss: 0.3125  Val F1: 0.4436  ROC-AUC: 0.7771  PR-AUC: 0.3952
[Target-only] Epoch 27/50 – Loss: 0.3117  Val F1: 0.4326  ROC-AUC: 0.7854  PR-AUC: 0.3896
[Target-only] Epoch 28/50 – Loss: 0.2914  Val F1: 0.4926  ROC-AUC: 0.7865  PR-AUC: 0.4089
[Target-only] Epoch 29/50 – Loss: 0.2931  Val F1: 0.3987  ROC-AUC: 0.7763  PR-AUC: 0.4023
[Target-only] Epoch 30/50 – Loss: 0.2985  Val F1: 0.4841  ROC-AUC: 0.7917  PR-AUC: 0.4223
[Target-only] Epoch 31/50 – Loss: 0.2831  Val F1: 0.4452  ROC-AUC: 0.7969  PR-AUC: 0.4152
[Target-only] Epoch 32/50 – Loss: 0.2747  Val F1: 0.4460  ROC-AUC: 0.7871  PR-AUC: 0.4191
[Target-only] Epoch 33/50 – Loss: 0.2822  Val F1: 0.4559  ROC-AUC: 0.7922  PR-AUC: 0.4181
[Target-only] Epoch 34/50 – Loss: 0.2686  Val F1: 0.4579  ROC-AUC: 0.7848  PR-AUC: 0.3895
[Target-only] Epoch 35/50 – Loss: 0.2775  Val F1: 0.4662  ROC-AUC: 0.7887  PR-AUC: 0.4015
[Target-only] Epoch 36/50 – Loss: 0.2605  Val F1: 0.4535  ROC-AUC: 0.7898  PR-AUC: 0.4001
[Target-only] Epoch 37/50 – Loss: 0.2518  Val F1: 0.4560  ROC-AUC: 0.7876  PR-AUC: 0.4058
[Target-only] Epoch 38/50 – Loss: 0.2637  Val F1: 0.4727  ROC-AUC: 0.7897  PR-AUC: 0.4066
[Target-only] Epoch 39/50 – Loss: 0.2488  Val F1: 0.4481  ROC-AUC: 0.7879  PR-AUC: 0.3973
[Target-only] Epoch 40/50 – Loss: 0.2465  Val F1: 0.4571  ROC-AUC: 0.7859  PR-AUC: 0.4005
[Target-only] Epoch 41/50 – Loss: 0.2439  Val F1: 0.4742  ROC-AUC: 0.7907  PR-AUC: 0.4042
[Target-only] Epoch 42/50 – Loss: 0.2404  Val F1: 0.4726  ROC-AUC: 0.7886  PR-AUC: 0.4084
[Target-only] Epoch 43/50 – Loss: 0.2429  Val F1: 0.4593  ROC-AUC: 0.7882  PR-AUC: 0.3951
[Target-only] Epoch 44/50 – Loss: 0.2456  Val F1: 0.4573  ROC-AUC: 0.7875  PR-AUC: 0.3946
[Target-only] Epoch 45/50 – Loss: 0.2386  Val F1: 0.4664  ROC-AUC: 0.7873  PR-AUC: 0.4044
[Target-only] Epoch 46/50 – Loss: 0.2431  Val F1: 0.4388  ROC-AUC: 0.7867  PR-AUC: 0.3923
[Target-only] Epoch 47/50 – Loss: 0.2311  Val F1: 0.4615  ROC-AUC: 0.7899  PR-AUC: 0.3942
[Target-only] Epoch 48/50 – Loss: 0.2252  Val F1: 0.4693  ROC-AUC: 0.7881  PR-AUC: 0.3904
[Target-only] Epoch 49/50 – Loss: 0.2276  Val F1: 0.4599  ROC-AUC: 0.7887  PR-AUC: 0.3890
[Target-only] Epoch 50/50 – Loss: 0.2188  Val F1: 0.4643  ROC-AUC: 0.7925  PR-AUC: 0.4073
=== Target-only TEST performance ===
Test F1: 0.4658, ROC-AUC: 0.8217, PR-AUC: 0.4361
✅ 실험 완료: TOX21_ERa_BLA_Antagonist_ratio -> TOX21_ERR_LUC_viability [GIN_GCN]
