[1/4] Excel → CSV 변환 중...
Saved pretrain CSV for TOX21_ERa_BLA_Antagonist_ratio: data/sample/TOX21_ERa_BLA_Antagonist_ratio.csv
Saved pretrain CSV for TOX21_ERa_LUC_VM7_Agonist: data/sample/TOX21_ERa_LUC_VM7_Agonist.csv
Saved pretrain CSV for TOX21_ERa_BLA_Antagonist_viability: data/sample/TOX21_ERa_BLA_Antagonist_viability.csv
Saved pretrain CSV for TOX21_ERa_LUC_VM7_Antagonist_0.5nM_E2: data/sample/TOX21_ERa_LUC_VM7_Antagonist_0.5nM_E2.csv
Saved pretrain CSV for TOX21_ERa_BLA_Antagonist_ch2: data/sample/TOX21_ERa_BLA_Antagonist_ch2.csv
Saved pretrain CSV for TOX21_ERa_BLA_Antagonist_ch1: data/sample/TOX21_ERa_BLA_Antagonist_ch1.csv
Saved pretrain CSV for TOX21_ERa_LUC_VM7_Antagonist_0.5nM_E2_viability: data/sample/TOX21_ERa_LUC_VM7_Antagonist_0.5nM_E2_viability.csv
Saved pretrain CSV for TOX21_ERa_BLA_Agonist_ch2: data/sample/TOX21_ERa_BLA_Agonist_ch2.csv
Saved pretrain CSV for TOX21_ERa_BLA_Agonist_ch1: data/sample/TOX21_ERa_BLA_Agonist_ch1.csv
Saved pretrain CSV for TOX21_ERa_BLA_Agonist_ratio: data/sample/TOX21_ERa_BLA_Agonist_ratio.csv
Saved pretrain CSV for TOX21_ERb_BLA_Antagonist_ch1: data/sample/TOX21_ERb_BLA_Antagonist_ch1.csv
Saved pretrain CSV for TOX21_ERb_BLA_Antagonist_ch2: data/sample/TOX21_ERb_BLA_Antagonist_ch2.csv
Saved pretrain CSV for TOX21_ERb_BLA_Agonist_viability: data/sample/TOX21_ERb_BLA_Agonist_viability.csv
Saved pretrain CSV for TOX21_ERb_BLA_Agonist_ratio: data/sample/TOX21_ERb_BLA_Agonist_ratio.csv
Saved pretrain CSV for TOX21_ERb_BLA_Agonist_ch2: data/sample/TOX21_ERb_BLA_Agonist_ch2.csv
Saved pretrain CSV for TOX21_ERb_BLA_Agonist_ch1: data/sample/TOX21_ERb_BLA_Agonist_ch1.csv
Saved pretrain CSV for TOX21_ERR_LUC_Agonist: data/sample/TOX21_ERR_LUC_Agonist.csv
Saved pretrain CSV for TOX21_ERa_LUC_VM7_Agonist_10nM_ICI182780_viability: data/sample/TOX21_ERa_LUC_VM7_Agonist_10nM_ICI182780_viability.csv
Saved pretrain CSV for TOX21_ERa_LUC_VM7_Antagonist_0.1nM_E2: data/sample/TOX21_ERa_LUC_VM7_Antagonist_0.1nM_E2.csv
Saved pretrain CSV for TOX21_ERb_BLA_Antagonist_ratio: data/sample/TOX21_ERb_BLA_Antagonist_ratio.csv
Saved pretrain CSV for TOX21_ERa_LUC_VM7_Agonist_10nM_ICI182780: data/sample/TOX21_ERa_LUC_VM7_Agonist_10nM_ICI182780.csv
Saved pretrain CSV for TOX21_ERR_LUC_viability: data/sample/TOX21_ERR_LUC_viability.csv
Saved pretrain CSV for TOX21_ERR_LUC_Antagonist: data/sample/TOX21_ERR_LUC_Antagonist.csv
Saved pretrain CSV for TOX21_ERa_LUC_VM7_Antagonist_0.1nM_E2_viability: data/sample/TOX21_ERa_LUC_VM7_Antagonist_0.1nM_E2_viability.csv
Saved pretrain CSV for TOX21_ERb_BLA_Antagonist_viability: data/sample/TOX21_ERb_BLA_Antagonist_viability.csv
Saved finetune CSV for TOX21_ERa_BLA_Antagonist_ratio: data/sample/TOX21_ERa_BLA_Antagonist_ratio.csv
Saved finetune CSV for TOX21_ERa_LUC_VM7_Agonist: data/sample/TOX21_ERa_LUC_VM7_Agonist.csv
Saved finetune CSV for TOX21_ERa_BLA_Antagonist_viability: data/sample/TOX21_ERa_BLA_Antagonist_viability.csv
Saved finetune CSV for TOX21_ERa_LUC_VM7_Antagonist_0.5nM_E2: data/sample/TOX21_ERa_LUC_VM7_Antagonist_0.5nM_E2.csv
Saved finetune CSV for TOX21_ERa_BLA_Antagonist_ch2: data/sample/TOX21_ERa_BLA_Antagonist_ch2.csv
Saved finetune CSV for TOX21_ERa_BLA_Antagonist_ch1: data/sample/TOX21_ERa_BLA_Antagonist_ch1.csv
Saved finetune CSV for TOX21_ERa_LUC_VM7_Antagonist_0.5nM_E2_viability: data/sample/TOX21_ERa_LUC_VM7_Antagonist_0.5nM_E2_viability.csv
Saved finetune CSV for TOX21_ERa_BLA_Agonist_ch2: data/sample/TOX21_ERa_BLA_Agonist_ch2.csv
Saved finetune CSV for TOX21_ERa_BLA_Agonist_ch1: data/sample/TOX21_ERa_BLA_Agonist_ch1.csv
Saved finetune CSV for TOX21_ERa_BLA_Agonist_ratio: data/sample/TOX21_ERa_BLA_Agonist_ratio.csv
Saved finetune CSV for TOX21_ERb_BLA_Antagonist_ch1: data/sample/TOX21_ERb_BLA_Antagonist_ch1.csv
Saved finetune CSV for TOX21_ERb_BLA_Antagonist_ch2: data/sample/TOX21_ERb_BLA_Antagonist_ch2.csv
Saved finetune CSV for TOX21_ERb_BLA_Agonist_viability: data/sample/TOX21_ERb_BLA_Agonist_viability.csv
Saved finetune CSV for TOX21_ERb_BLA_Agonist_ratio: data/sample/TOX21_ERb_BLA_Agonist_ratio.csv
Saved finetune CSV for TOX21_ERb_BLA_Agonist_ch2: data/sample/TOX21_ERb_BLA_Agonist_ch2.csv
Saved finetune CSV for TOX21_ERb_BLA_Agonist_ch1: data/sample/TOX21_ERb_BLA_Agonist_ch1.csv
Saved finetune CSV for TOX21_ERR_LUC_Agonist: data/sample/TOX21_ERR_LUC_Agonist.csv
Saved finetune CSV for TOX21_ERa_LUC_VM7_Agonist_10nM_ICI182780_viability: data/sample/TOX21_ERa_LUC_VM7_Agonist_10nM_ICI182780_viability.csv
Saved finetune CSV for TOX21_ERa_LUC_VM7_Antagonist_0.1nM_E2: data/sample/TOX21_ERa_LUC_VM7_Antagonist_0.1nM_E2.csv
Saved finetune CSV for TOX21_ERb_BLA_Antagonist_ratio: data/sample/TOX21_ERb_BLA_Antagonist_ratio.csv
Saved finetune CSV for TOX21_ERa_LUC_VM7_Agonist_10nM_ICI182780: data/sample/TOX21_ERa_LUC_VM7_Agonist_10nM_ICI182780.csv
Saved finetune CSV for TOX21_ERR_LUC_viability: data/sample/TOX21_ERR_LUC_viability.csv
Saved finetune CSV for TOX21_ERR_LUC_Antagonist: data/sample/TOX21_ERR_LUC_Antagonist.csv
Saved finetune CSV for TOX21_ERa_LUC_VM7_Antagonist_0.1nM_E2_viability: data/sample/TOX21_ERa_LUC_VM7_Antagonist_0.1nM_E2_viability.csv
Saved finetune CSV for TOX21_ERb_BLA_Antagonist_viability: data/sample/TOX21_ERb_BLA_Antagonist_viability.csv
[2/4] Pretraining on TOX21_ERa_LUC_VM7_Agonist using GIN_GCN...
Epoch 1/100 - Loss: 0.6731 - Val F1: 0.2775 - Val ROC-AUC: 0.6458 - Val PR-AUC: 0.2258
Epoch 2/100 - Loss: 0.6453 - Val F1: 0.2677 - Val ROC-AUC: 0.6605 - Val PR-AUC: 0.2754
Epoch 3/100 - Loss: 0.6284 - Val F1: 0.2629 - Val ROC-AUC: 0.6332 - Val PR-AUC: 0.2541
Epoch 4/100 - Loss: 0.6300 - Val F1: 0.2893 - Val ROC-AUC: 0.6692 - Val PR-AUC: 0.3019
Epoch 5/100 - Loss: 0.6154 - Val F1: 0.3333 - Val ROC-AUC: 0.6568 - Val PR-AUC: 0.2913
Epoch 6/100 - Loss: 0.6120 - Val F1: 0.2778 - Val ROC-AUC: 0.6247 - Val PR-AUC: 0.2882
Epoch 7/100 - Loss: 0.6084 - Val F1: 0.3011 - Val ROC-AUC: 0.6618 - Val PR-AUC: 0.2819
Epoch 8/100 - Loss: 0.5907 - Val F1: 0.3298 - Val ROC-AUC: 0.6699 - Val PR-AUC: 0.2881
Epoch 9/100 - Loss: 0.6016 - Val F1: 0.2899 - Val ROC-AUC: 0.6646 - Val PR-AUC: 0.3011
Epoch 10/100 - Loss: 0.5897 - Val F1: 0.2878 - Val ROC-AUC: 0.6444 - Val PR-AUC: 0.2712
Epoch 11/100 - Loss: 0.5788 - Val F1: 0.2978 - Val ROC-AUC: 0.6712 - Val PR-AUC: 0.3109
Epoch 12/100 - Loss: 0.5771 - Val F1: 0.3104 - Val ROC-AUC: 0.6865 - Val PR-AUC: 0.3100
Epoch 13/100 - Loss: 0.5543 - Val F1: 0.2848 - Val ROC-AUC: 0.6873 - Val PR-AUC: 0.3003
Epoch 14/100 - Loss: 0.5574 - Val F1: 0.2745 - Val ROC-AUC: 0.6681 - Val PR-AUC: 0.2893
Epoch 15/100 - Loss: 0.5436 - Val F1: 0.2792 - Val ROC-AUC: 0.6692 - Val PR-AUC: 0.2667
Epoch 16/100 - Loss: 0.5418 - Val F1: 0.3164 - Val ROC-AUC: 0.6806 - Val PR-AUC: 0.2920
Epoch 17/100 - Loss: 0.5382 - Val F1: 0.3275 - Val ROC-AUC: 0.6747 - Val PR-AUC: 0.2896
Epoch 18/100 - Loss: 0.5274 - Val F1: 0.2924 - Val ROC-AUC: 0.6847 - Val PR-AUC: 0.3146
Epoch 19/100 - Loss: 0.5263 - Val F1: 0.3040 - Val ROC-AUC: 0.6865 - Val PR-AUC: 0.2977
Epoch 20/100 - Loss: 0.5268 - Val F1: 0.2794 - Val ROC-AUC: 0.6737 - Val PR-AUC: 0.2797
Epoch 21/100 - Loss: 0.5163 - Val F1: 0.2913 - Val ROC-AUC: 0.6686 - Val PR-AUC: 0.3096
Epoch 22/100 - Loss: 0.4925 - Val F1: 0.3091 - Val ROC-AUC: 0.6734 - Val PR-AUC: 0.3222
Epoch 23/100 - Loss: 0.4889 - Val F1: 0.2674 - Val ROC-AUC: 0.6614 - Val PR-AUC: 0.2962
Epoch 24/100 - Loss: 0.4884 - Val F1: 0.2894 - Val ROC-AUC: 0.6777 - Val PR-AUC: 0.3090
Epoch 25/100 - Loss: 0.4753 - Val F1: 0.2906 - Val ROC-AUC: 0.6881 - Val PR-AUC: 0.3212
Epoch 26/100 - Loss: 0.4860 - Val F1: 0.2795 - Val ROC-AUC: 0.6690 - Val PR-AUC: 0.2739
Epoch 27/100 - Loss: 0.4607 - Val F1: 0.3067 - Val ROC-AUC: 0.6768 - Val PR-AUC: 0.2769
Epoch 28/100 - Loss: 0.4589 - Val F1: 0.3005 - Val ROC-AUC: 0.6647 - Val PR-AUC: 0.2645
Epoch 29/100 - Loss: 0.4532 - Val F1: 0.3366 - Val ROC-AUC: 0.6831 - Val PR-AUC: 0.2993
Epoch 30/100 - Loss: 0.4519 - Val F1: 0.3230 - Val ROC-AUC: 0.6743 - Val PR-AUC: 0.3012
Epoch 31/100 - Loss: 0.4432 - Val F1: 0.3003 - Val ROC-AUC: 0.6803 - Val PR-AUC: 0.2979
Epoch 32/100 - Loss: 0.4288 - Val F1: 0.3052 - Val ROC-AUC: 0.6683 - Val PR-AUC: 0.2890
Epoch 33/100 - Loss: 0.4251 - Val F1: 0.3041 - Val ROC-AUC: 0.6798 - Val PR-AUC: 0.2826
Epoch 34/100 - Loss: 0.4251 - Val F1: 0.3189 - Val ROC-AUC: 0.6841 - Val PR-AUC: 0.3050
Epoch 35/100 - Loss: 0.4230 - Val F1: 0.3140 - Val ROC-AUC: 0.6820 - Val PR-AUC: 0.3107
Epoch 36/100 - Loss: 0.4216 - Val F1: 0.3220 - Val ROC-AUC: 0.6865 - Val PR-AUC: 0.3123
Epoch 37/100 - Loss: 0.4177 - Val F1: 0.3214 - Val ROC-AUC: 0.6824 - Val PR-AUC: 0.3032
Epoch 38/100 - Loss: 0.4103 - Val F1: 0.3203 - Val ROC-AUC: 0.6833 - Val PR-AUC: 0.2937
Epoch 39/100 - Loss: 0.4028 - Val F1: 0.2837 - Val ROC-AUC: 0.6820 - Val PR-AUC: 0.2920
Epoch 40/100 - Loss: 0.4113 - Val F1: 0.3158 - Val ROC-AUC: 0.6943 - Val PR-AUC: 0.3102
Epoch 41/100 - Loss: 0.3966 - Val F1: 0.3228 - Val ROC-AUC: 0.6902 - Val PR-AUC: 0.2938
Epoch 42/100 - Loss: 0.3897 - Val F1: 0.3345 - Val ROC-AUC: 0.6928 - Val PR-AUC: 0.3117
Epoch 43/100 - Loss: 0.3836 - Val F1: 0.3250 - Val ROC-AUC: 0.6886 - Val PR-AUC: 0.2959
Epoch 44/100 - Loss: 0.3871 - Val F1: 0.3172 - Val ROC-AUC: 0.6858 - Val PR-AUC: 0.2781
Epoch 45/100 - Loss: 0.3753 - Val F1: 0.3243 - Val ROC-AUC: 0.6889 - Val PR-AUC: 0.2893
Epoch 46/100 - Loss: 0.3652 - Val F1: 0.3187 - Val ROC-AUC: 0.6886 - Val PR-AUC: 0.3020
Epoch 47/100 - Loss: 0.3837 - Val F1: 0.3143 - Val ROC-AUC: 0.6867 - Val PR-AUC: 0.2999
Epoch 48/100 - Loss: 0.3899 - Val F1: 0.3395 - Val ROC-AUC: 0.6936 - Val PR-AUC: 0.3028
Epoch 49/100 - Loss: 0.3622 - Val F1: 0.3217 - Val ROC-AUC: 0.6841 - Val PR-AUC: 0.2784
Epoch 50/100 - Loss: 0.3559 - Val F1: 0.3180 - Val ROC-AUC: 0.6893 - Val PR-AUC: 0.2937
Epoch 51/100 - Loss: 0.3602 - Val F1: 0.3259 - Val ROC-AUC: 0.6885 - Val PR-AUC: 0.2961
Epoch 52/100 - Loss: 0.3551 - Val F1: 0.3345 - Val ROC-AUC: 0.6955 - Val PR-AUC: 0.2974
Epoch 53/100 - Loss: 0.3595 - Val F1: 0.3439 - Val ROC-AUC: 0.6927 - Val PR-AUC: 0.2923
Epoch 54/100 - Loss: 0.3524 - Val F1: 0.3333 - Val ROC-AUC: 0.6983 - Val PR-AUC: 0.3009
Epoch 55/100 - Loss: 0.3533 - Val F1: 0.3209 - Val ROC-AUC: 0.6894 - Val PR-AUC: 0.2971
Epoch 56/100 - Loss: 0.3548 - Val F1: 0.3403 - Val ROC-AUC: 0.6941 - Val PR-AUC: 0.3049
Epoch 57/100 - Loss: 0.3539 - Val F1: 0.3394 - Val ROC-AUC: 0.6905 - Val PR-AUC: 0.2958
Epoch 58/100 - Loss: 0.3542 - Val F1: 0.3191 - Val ROC-AUC: 0.6912 - Val PR-AUC: 0.3043
Epoch 59/100 - Loss: 0.3495 - Val F1: 0.3154 - Val ROC-AUC: 0.6906 - Val PR-AUC: 0.3062
Epoch 60/100 - Loss: 0.3498 - Val F1: 0.3072 - Val ROC-AUC: 0.6933 - Val PR-AUC: 0.3069
Epoch 61/100 - Loss: 0.3481 - Val F1: 0.3150 - Val ROC-AUC: 0.6958 - Val PR-AUC: 0.3043
Epoch 62/100 - Loss: 0.3491 - Val F1: 0.3379 - Val ROC-AUC: 0.6973 - Val PR-AUC: 0.3101
Epoch 63/100 - Loss: 0.3363 - Val F1: 0.3125 - Val ROC-AUC: 0.6926 - Val PR-AUC: 0.2932
Epoch 64/100 - Loss: 0.3426 - Val F1: 0.3256 - Val ROC-AUC: 0.6953 - Val PR-AUC: 0.2939
Epoch 65/100 - Loss: 0.3516 - Val F1: 0.3088 - Val ROC-AUC: 0.6931 - Val PR-AUC: 0.2904
Epoch 66/100 - Loss: 0.3514 - Val F1: 0.3092 - Val ROC-AUC: 0.6957 - Val PR-AUC: 0.2885
Epoch 67/100 - Loss: 0.3409 - Val F1: 0.3154 - Val ROC-AUC: 0.6978 - Val PR-AUC: 0.2978
Epoch 68/100 - Loss: 0.3547 - Val F1: 0.3194 - Val ROC-AUC: 0.6972 - Val PR-AUC: 0.3071
Epoch 69/100 - Loss: 0.3411 - Val F1: 0.3200 - Val ROC-AUC: 0.6938 - Val PR-AUC: 0.2974
Epoch 70/100 - Loss: 0.3355 - Val F1: 0.3368 - Val ROC-AUC: 0.6928 - Val PR-AUC: 0.3067
Epoch 71/100 - Loss: 0.3384 - Val F1: 0.3425 - Val ROC-AUC: 0.6954 - Val PR-AUC: 0.3061
Epoch 72/100 - Loss: 0.3337 - Val F1: 0.3287 - Val ROC-AUC: 0.6935 - Val PR-AUC: 0.3083
Epoch 73/100 - Loss: 0.3314 - Val F1: 0.3286 - Val ROC-AUC: 0.6962 - Val PR-AUC: 0.2936
Epoch 74/100 - Loss: 0.3287 - Val F1: 0.3484 - Val ROC-AUC: 0.6970 - Val PR-AUC: 0.3030
Epoch 75/100 - Loss: 0.3394 - Val F1: 0.3162 - Val ROC-AUC: 0.6955 - Val PR-AUC: 0.3065
Epoch 76/100 - Loss: 0.3472 - Val F1: 0.3427 - Val ROC-AUC: 0.6935 - Val PR-AUC: 0.2949
Epoch 77/100 - Loss: 0.3250 - Val F1: 0.3427 - Val ROC-AUC: 0.6968 - Val PR-AUC: 0.3063
Epoch 78/100 - Loss: 0.3325 - Val F1: 0.3333 - Val ROC-AUC: 0.6936 - Val PR-AUC: 0.2924
Epoch 79/100 - Loss: 0.3370 - Val F1: 0.3497 - Val ROC-AUC: 0.7019 - Val PR-AUC: 0.3022
Epoch 80/100 - Loss: 0.3393 - Val F1: 0.3278 - Val ROC-AUC: 0.6957 - Val PR-AUC: 0.2949
Epoch 81/100 - Loss: 0.3403 - Val F1: 0.3333 - Val ROC-AUC: 0.6977 - Val PR-AUC: 0.3055
Epoch 82/100 - Loss: 0.3385 - Val F1: 0.3285 - Val ROC-AUC: 0.6964 - Val PR-AUC: 0.3043
Epoch 83/100 - Loss: 0.3283 - Val F1: 0.3297 - Val ROC-AUC: 0.6984 - Val PR-AUC: 0.2990
Epoch 84/100 - Loss: 0.3239 - Val F1: 0.3355 - Val ROC-AUC: 0.6961 - Val PR-AUC: 0.3079
Epoch 85/100 - Loss: 0.3384 - Val F1: 0.3299 - Val ROC-AUC: 0.6958 - Val PR-AUC: 0.2994
Epoch 86/100 - Loss: 0.3448 - Val F1: 0.3333 - Val ROC-AUC: 0.6985 - Val PR-AUC: 0.3050
Epoch 87/100 - Loss: 0.3398 - Val F1: 0.3356 - Val ROC-AUC: 0.6945 - Val PR-AUC: 0.2986
Epoch 88/100 - Loss: 0.3332 - Val F1: 0.3267 - Val ROC-AUC: 0.6992 - Val PR-AUC: 0.3116
Epoch 89/100 - Loss: 0.3195 - Val F1: 0.3388 - Val ROC-AUC: 0.6972 - Val PR-AUC: 0.3086
Epoch 90/100 - Loss: 0.3181 - Val F1: 0.3367 - Val ROC-AUC: 0.6972 - Val PR-AUC: 0.2958
Epoch 91/100 - Loss: 0.3264 - Val F1: 0.3322 - Val ROC-AUC: 0.6988 - Val PR-AUC: 0.3018
Epoch 92/100 - Loss: 0.3231 - Val F1: 0.3322 - Val ROC-AUC: 0.6964 - Val PR-AUC: 0.3006
Epoch 93/100 - Loss: 0.3174 - Val F1: 0.3368 - Val ROC-AUC: 0.6974 - Val PR-AUC: 0.3038
Epoch 94/100 - Loss: 0.3237 - Val F1: 0.3298 - Val ROC-AUC: 0.6997 - Val PR-AUC: 0.3036
Epoch 95/100 - Loss: 0.3329 - Val F1: 0.3410 - Val ROC-AUC: 0.6972 - Val PR-AUC: 0.3016
Epoch 96/100 - Loss: 0.3279 - Val F1: 0.3291 - Val ROC-AUC: 0.6979 - Val PR-AUC: 0.3103
Epoch 97/100 - Loss: 0.3340 - Val F1: 0.3395 - Val ROC-AUC: 0.6951 - Val PR-AUC: 0.3033
Epoch 98/100 - Loss: 0.3252 - Val F1: 0.3354 - Val ROC-AUC: 0.6981 - Val PR-AUC: 0.2987
Epoch 99/100 - Loss: 0.3359 - Val F1: 0.3333 - Val ROC-AUC: 0.6970 - Val PR-AUC: 0.2950
Epoch 100/100 - Loss: 0.3329 - Val F1: 0.3251 - Val ROC-AUC: 0.6950 - Val PR-AUC: 0.2989
Pretraining completed. Test F1: 0.3322, ROC-AUC: 0.6560, PR-AUC: 0.2798
[3/4] Finetuning on TOX21_ERa_BLA_Antagonist_ch2 using GIN_GCN...
[Fine-tune] Epoch 1/50 - Loss: 0.6010 - Val F1: 0.1832 - Val ROC-AUC: 0.7281 - Val PR-AUC: 0.1271
[Fine-tune] Epoch 2/50 - Loss: 0.4633 - Val F1: 0.2451 - Val ROC-AUC: 0.7919 - Val PR-AUC: 0.2327
[Fine-tune] Epoch 3/50 - Loss: 0.4376 - Val F1: 0.2727 - Val ROC-AUC: 0.7743 - Val PR-AUC: 0.1862
[Fine-tune] Epoch 4/50 - Loss: 0.4077 - Val F1: 0.2667 - Val ROC-AUC: 0.7811 - Val PR-AUC: 0.1845
[Fine-tune] Epoch 5/50 - Loss: 0.3712 - Val F1: 0.2886 - Val ROC-AUC: 0.7919 - Val PR-AUC: 0.2416
[Fine-tune] Epoch 6/50 - Loss: 0.3653 - Val F1: 0.2809 - Val ROC-AUC: 0.7903 - Val PR-AUC: 0.1964
[Fine-tune] Epoch 7/50 - Loss: 0.3416 - Val F1: 0.3200 - Val ROC-AUC: 0.7951 - Val PR-AUC: 0.2114
[Fine-tune] Epoch 8/50 - Loss: 0.3429 - Val F1: 0.2674 - Val ROC-AUC: 0.7865 - Val PR-AUC: 0.1757
[Fine-tune] Epoch 9/50 - Loss: 0.2968 - Val F1: 0.3209 - Val ROC-AUC: 0.8114 - Val PR-AUC: 0.2313
[Fine-tune] Epoch 10/50 - Loss: 0.2953 - Val F1: 0.2967 - Val ROC-AUC: 0.8092 - Val PR-AUC: 0.2459
[Fine-tune] Epoch 11/50 - Loss: 0.2538 - Val F1: 0.3200 - Val ROC-AUC: 0.8124 - Val PR-AUC: 0.2925
[Fine-tune] Epoch 12/50 - Loss: 0.2295 - Val F1: 0.3514 - Val ROC-AUC: 0.8063 - Val PR-AUC: 0.2669
[Fine-tune] Epoch 13/50 - Loss: 0.2212 - Val F1: 0.3314 - Val ROC-AUC: 0.7939 - Val PR-AUC: 0.2543
[Fine-tune] Epoch 14/50 - Loss: 0.2211 - Val F1: 0.2953 - Val ROC-AUC: 0.7966 - Val PR-AUC: 0.2615
[Fine-tune] Epoch 15/50 - Loss: 0.2121 - Val F1: 0.3103 - Val ROC-AUC: 0.8092 - Val PR-AUC: 0.2608
[Fine-tune] Epoch 16/50 - Loss: 0.2036 - Val F1: 0.3275 - Val ROC-AUC: 0.8252 - Val PR-AUC: 0.3195
[Fine-tune] Epoch 17/50 - Loss: 0.1940 - Val F1: 0.2890 - Val ROC-AUC: 0.8030 - Val PR-AUC: 0.2557
[Fine-tune] Epoch 18/50 - Loss: 0.1860 - Val F1: 0.3412 - Val ROC-AUC: 0.8162 - Val PR-AUC: 0.2661
[Fine-tune] Epoch 19/50 - Loss: 0.1708 - Val F1: 0.3432 - Val ROC-AUC: 0.8215 - Val PR-AUC: 0.2970
[Fine-tune] Epoch 20/50 - Loss: 0.1639 - Val F1: 0.3200 - Val ROC-AUC: 0.7946 - Val PR-AUC: 0.2414
[Fine-tune] Epoch 21/50 - Loss: 0.1448 - Val F1: 0.3378 - Val ROC-AUC: 0.8271 - Val PR-AUC: 0.2761
[Fine-tune] Epoch 22/50 - Loss: 0.1444 - Val F1: 0.3378 - Val ROC-AUC: 0.8154 - Val PR-AUC: 0.2549
[Fine-tune] Epoch 23/50 - Loss: 0.1369 - Val F1: 0.3662 - Val ROC-AUC: 0.8182 - Val PR-AUC: 0.2441
[Fine-tune] Epoch 24/50 - Loss: 0.1331 - Val F1: 0.3217 - Val ROC-AUC: 0.8122 - Val PR-AUC: 0.2632
[Fine-tune] Epoch 25/50 - Loss: 0.1239 - Val F1: 0.3457 - Val ROC-AUC: 0.8236 - Val PR-AUC: 0.2871
[Fine-tune] Epoch 26/50 - Loss: 0.1275 - Val F1: 0.3333 - Val ROC-AUC: 0.8143 - Val PR-AUC: 0.2876
[Fine-tune] Epoch 27/50 - Loss: 0.1331 - Val F1: 0.2937 - Val ROC-AUC: 0.7903 - Val PR-AUC: 0.2541
[Fine-tune] Epoch 28/50 - Loss: 0.1236 - Val F1: 0.3546 - Val ROC-AUC: 0.8158 - Val PR-AUC: 0.3270
[Fine-tune] Epoch 29/50 - Loss: 0.1192 - Val F1: 0.3650 - Val ROC-AUC: 0.8281 - Val PR-AUC: 0.3375
[Fine-tune] Epoch 30/50 - Loss: 0.1166 - Val F1: 0.3472 - Val ROC-AUC: 0.8117 - Val PR-AUC: 0.2920
[Fine-tune] Epoch 31/50 - Loss: 0.1044 - Val F1: 0.3286 - Val ROC-AUC: 0.8200 - Val PR-AUC: 0.2891
[Fine-tune] Epoch 32/50 - Loss: 0.1025 - Val F1: 0.3662 - Val ROC-AUC: 0.8222 - Val PR-AUC: 0.2962
[Fine-tune] Epoch 33/50 - Loss: 0.1034 - Val F1: 0.3609 - Val ROC-AUC: 0.8159 - Val PR-AUC: 0.3064
[Fine-tune] Epoch 34/50 - Loss: 0.0916 - Val F1: 0.3594 - Val ROC-AUC: 0.8139 - Val PR-AUC: 0.3082
[Fine-tune] Epoch 35/50 - Loss: 0.0940 - Val F1: 0.3459 - Val ROC-AUC: 0.8168 - Val PR-AUC: 0.2793
[Fine-tune] Epoch 36/50 - Loss: 0.0951 - Val F1: 0.3664 - Val ROC-AUC: 0.8208 - Val PR-AUC: 0.2993
[Fine-tune] Epoch 37/50 - Loss: 0.0945 - Val F1: 0.3676 - Val ROC-AUC: 0.8202 - Val PR-AUC: 0.3348
[Fine-tune] Epoch 38/50 - Loss: 0.0871 - Val F1: 0.3939 - Val ROC-AUC: 0.8199 - Val PR-AUC: 0.3110
[Fine-tune] Epoch 39/50 - Loss: 0.0888 - Val F1: 0.3380 - Val ROC-AUC: 0.8290 - Val PR-AUC: 0.2980
[Fine-tune] Epoch 40/50 - Loss: 0.0793 - Val F1: 0.4286 - Val ROC-AUC: 0.8281 - Val PR-AUC: 0.3209
[Fine-tune] Epoch 41/50 - Loss: 0.0851 - Val F1: 0.4262 - Val ROC-AUC: 0.8326 - Val PR-AUC: 0.3321
[Fine-tune] Epoch 42/50 - Loss: 0.0752 - Val F1: 0.3731 - Val ROC-AUC: 0.8279 - Val PR-AUC: 0.3165
[Fine-tune] Epoch 43/50 - Loss: 0.0807 - Val F1: 0.3860 - Val ROC-AUC: 0.8242 - Val PR-AUC: 0.2943
[Fine-tune] Epoch 44/50 - Loss: 0.0780 - Val F1: 0.3802 - Val ROC-AUC: 0.8231 - Val PR-AUC: 0.3078
[Fine-tune] Epoch 45/50 - Loss: 0.0829 - Val F1: 0.3902 - Val ROC-AUC: 0.8239 - Val PR-AUC: 0.3142
[Fine-tune] Epoch 46/50 - Loss: 0.0909 - Val F1: 0.3910 - Val ROC-AUC: 0.8254 - Val PR-AUC: 0.3363
[Fine-tune] Epoch 47/50 - Loss: 0.0792 - Val F1: 0.3796 - Val ROC-AUC: 0.8220 - Val PR-AUC: 0.3282
[Fine-tune] Epoch 48/50 - Loss: 0.0736 - Val F1: 0.3968 - Val ROC-AUC: 0.8259 - Val PR-AUC: 0.3173
[Fine-tune] Epoch 49/50 - Loss: 0.0772 - Val F1: 0.3651 - Val ROC-AUC: 0.8250 - Val PR-AUC: 0.3157
[Fine-tune] Epoch 50/50 - Loss: 0.0716 - Val F1: 0.3780 - Val ROC-AUC: 0.8162 - Val PR-AUC: 0.2919
Finetuning completed. Test F1: 0.3252, ROC-AUC: 0.7778, PR-AUC: 0.2461
[3.1/4] Target-only training on TOX21_ERa_BLA_Antagonist_ch2 using GIN_GCN...
=== Target-only training ===
[Target-only] Epoch 1/50 – Loss: 0.6174  Val F1: 0.1981  ROC-AUC: 0.6719  PR-AUC: 0.1289
[Target-only] Epoch 2/50 – Loss: 0.5341  Val F1: 0.1881  ROC-AUC: 0.7161  PR-AUC: 0.1645
[Target-only] Epoch 3/50 – Loss: 0.5106  Val F1: 0.2667  ROC-AUC: 0.7525  PR-AUC: 0.1903
[Target-only] Epoch 4/50 – Loss: 0.4791  Val F1: 0.1964  ROC-AUC: 0.7411  PR-AUC: 0.1974
[Target-only] Epoch 5/50 – Loss: 0.4633  Val F1: 0.2435  ROC-AUC: 0.7780  PR-AUC: 0.2264
[Target-only] Epoch 6/50 – Loss: 0.4457  Val F1: 0.2486  ROC-AUC: 0.7703  PR-AUC: 0.1759
[Target-only] Epoch 7/50 – Loss: 0.4330  Val F1: 0.2349  ROC-AUC: 0.7817  PR-AUC: 0.2260
[Target-only] Epoch 8/50 – Loss: 0.4121  Val F1: 0.2771  ROC-AUC: 0.8109  PR-AUC: 0.2459
[Target-only] Epoch 9/50 – Loss: 0.4033  Val F1: 0.2723  ROC-AUC: 0.7881  PR-AUC: 0.2085
[Target-only] Epoch 10/50 – Loss: 0.4034  Val F1: 0.2915  ROC-AUC: 0.8098  PR-AUC: 0.1920
[Target-only] Epoch 11/50 – Loss: 0.3471  Val F1: 0.3300  ROC-AUC: 0.8179  PR-AUC: 0.2394
[Target-only] Epoch 12/50 – Loss: 0.3268  Val F1: 0.2857  ROC-AUC: 0.8063  PR-AUC: 0.2609
[Target-only] Epoch 13/50 – Loss: 0.3308  Val F1: 0.3488  ROC-AUC: 0.8096  PR-AUC: 0.2577
[Target-only] Epoch 14/50 – Loss: 0.3005  Val F1: 0.3275  ROC-AUC: 0.8172  PR-AUC: 0.2530
[Target-only] Epoch 15/50 – Loss: 0.3135  Val F1: 0.3057  ROC-AUC: 0.8297  PR-AUC: 0.2639
[Target-only] Epoch 16/50 – Loss: 0.2993  Val F1: 0.3100  ROC-AUC: 0.8231  PR-AUC: 0.2438
[Target-only] Epoch 17/50 – Loss: 0.2829  Val F1: 0.3453  ROC-AUC: 0.8226  PR-AUC: 0.2794
[Target-only] Epoch 18/50 – Loss: 0.2770  Val F1: 0.3590  ROC-AUC: 0.8259  PR-AUC: 0.2456
[Target-only] Epoch 19/50 – Loss: 0.2710  Val F1: 0.3122  ROC-AUC: 0.8255  PR-AUC: 0.2553
[Target-only] Epoch 20/50 – Loss: 0.2537  Val F1: 0.3010  ROC-AUC: 0.8132  PR-AUC: 0.2856
[Target-only] Epoch 21/50 – Loss: 0.2333  Val F1: 0.3262  ROC-AUC: 0.8195  PR-AUC: 0.2613
[Target-only] Epoch 22/50 – Loss: 0.2148  Val F1: 0.3222  ROC-AUC: 0.8220  PR-AUC: 0.2599
[Target-only] Epoch 23/50 – Loss: 0.2247  Val F1: 0.3613  ROC-AUC: 0.8204  PR-AUC: 0.2739
[Target-only] Epoch 24/50 – Loss: 0.2090  Val F1: 0.3237  ROC-AUC: 0.8193  PR-AUC: 0.3075
[Target-only] Epoch 25/50 – Loss: 0.1991  Val F1: 0.3521  ROC-AUC: 0.8166  PR-AUC: 0.2687
[Target-only] Epoch 26/50 – Loss: 0.1944  Val F1: 0.3558  ROC-AUC: 0.8408  PR-AUC: 0.2848
[Target-only] Epoch 27/50 – Loss: 0.2098  Val F1: 0.3521  ROC-AUC: 0.8178  PR-AUC: 0.2453
[Target-only] Epoch 28/50 – Loss: 0.1838  Val F1: 0.3289  ROC-AUC: 0.8059  PR-AUC: 0.2304
[Target-only] Epoch 29/50 – Loss: 0.1847  Val F1: 0.3681  ROC-AUC: 0.8329  PR-AUC: 0.2666
[Target-only] Epoch 30/50 – Loss: 0.1704  Val F1: 0.3504  ROC-AUC: 0.8215  PR-AUC: 0.2739
[Target-only] Epoch 31/50 – Loss: 0.1552  Val F1: 0.3537  ROC-AUC: 0.8246  PR-AUC: 0.2617
[Target-only] Epoch 32/50 – Loss: 0.1604  Val F1: 0.3453  ROC-AUC: 0.8151  PR-AUC: 0.2498
[Target-only] Epoch 33/50 – Loss: 0.1464  Val F1: 0.3514  ROC-AUC: 0.8268  PR-AUC: 0.2645
[Target-only] Epoch 34/50 – Loss: 0.1563  Val F1: 0.3562  ROC-AUC: 0.8264  PR-AUC: 0.2641
[Target-only] Epoch 35/50 – Loss: 0.1420  Val F1: 0.3776  ROC-AUC: 0.8313  PR-AUC: 0.2804
[Target-only] Epoch 36/50 – Loss: 0.1464  Val F1: 0.3714  ROC-AUC: 0.8277  PR-AUC: 0.2729
[Target-only] Epoch 37/50 – Loss: 0.1405  Val F1: 0.3425  ROC-AUC: 0.8221  PR-AUC: 0.2730
[Target-only] Epoch 38/50 – Loss: 0.1389  Val F1: 0.3357  ROC-AUC: 0.8222  PR-AUC: 0.2691
[Target-only] Epoch 39/50 – Loss: 0.1271  Val F1: 0.3382  ROC-AUC: 0.8204  PR-AUC: 0.2288
[Target-only] Epoch 40/50 – Loss: 0.1393  Val F1: 0.3537  ROC-AUC: 0.8229  PR-AUC: 0.2704
[Target-only] Epoch 41/50 – Loss: 0.1319  Val F1: 0.3688  ROC-AUC: 0.8245  PR-AUC: 0.2861
[Target-only] Epoch 42/50 – Loss: 0.1281  Val F1: 0.3357  ROC-AUC: 0.8155  PR-AUC: 0.2719
[Target-only] Epoch 43/50 – Loss: 0.1207  Val F1: 0.3521  ROC-AUC: 0.8231  PR-AUC: 0.2718
[Target-only] Epoch 44/50 – Loss: 0.1162  Val F1: 0.3741  ROC-AUC: 0.8214  PR-AUC: 0.2750
[Target-only] Epoch 45/50 – Loss: 0.1178  Val F1: 0.3741  ROC-AUC: 0.8216  PR-AUC: 0.2888
[Target-only] Epoch 46/50 – Loss: 0.1260  Val F1: 0.3611  ROC-AUC: 0.8239  PR-AUC: 0.2849
[Target-only] Epoch 47/50 – Loss: 0.1216  Val F1: 0.3623  ROC-AUC: 0.8187  PR-AUC: 0.2783
[Target-only] Epoch 48/50 – Loss: 0.1167  Val F1: 0.3796  ROC-AUC: 0.8205  PR-AUC: 0.2766
[Target-only] Epoch 49/50 – Loss: 0.1085  Val F1: 0.3623  ROC-AUC: 0.8165  PR-AUC: 0.2681
[Target-only] Epoch 50/50 – Loss: 0.1109  Val F1: 0.3857  ROC-AUC: 0.8260  PR-AUC: 0.2941
=== Target-only TEST performance ===
Test F1: 0.3358, ROC-AUC: 0.7975, PR-AUC: 0.2653
✅ 실험 완료: TOX21_ERa_LUC_VM7_Agonist -> TOX21_ERa_BLA_Antagonist_ch2 [GIN_GCN]
