[1/4] Excel → CSV 변환 중...
Saved pretrain CSV for TOX21_ERa_BLA_Antagonist_ratio: data/sample/TOX21_ERa_BLA_Antagonist_ratio.csv
Saved pretrain CSV for TOX21_ERa_LUC_VM7_Agonist: data/sample/TOX21_ERa_LUC_VM7_Agonist.csv
Saved pretrain CSV for TOX21_ERa_BLA_Antagonist_viability: data/sample/TOX21_ERa_BLA_Antagonist_viability.csv
Saved pretrain CSV for TOX21_ERa_LUC_VM7_Antagonist_0.5nM_E2: data/sample/TOX21_ERa_LUC_VM7_Antagonist_0.5nM_E2.csv
Saved pretrain CSV for TOX21_ERa_BLA_Antagonist_ch2: data/sample/TOX21_ERa_BLA_Antagonist_ch2.csv
Saved pretrain CSV for TOX21_ERa_BLA_Antagonist_ch1: data/sample/TOX21_ERa_BLA_Antagonist_ch1.csv
Saved pretrain CSV for TOX21_ERa_LUC_VM7_Antagonist_0.5nM_E2_viability: data/sample/TOX21_ERa_LUC_VM7_Antagonist_0.5nM_E2_viability.csv
Saved pretrain CSV for TOX21_ERa_BLA_Agonist_ch2: data/sample/TOX21_ERa_BLA_Agonist_ch2.csv
Saved pretrain CSV for TOX21_ERa_BLA_Agonist_ch1: data/sample/TOX21_ERa_BLA_Agonist_ch1.csv
Saved pretrain CSV for TOX21_ERa_BLA_Agonist_ratio: data/sample/TOX21_ERa_BLA_Agonist_ratio.csv
Saved pretrain CSV for TOX21_ERb_BLA_Antagonist_ch1: data/sample/TOX21_ERb_BLA_Antagonist_ch1.csv
Saved pretrain CSV for TOX21_ERb_BLA_Antagonist_ch2: data/sample/TOX21_ERb_BLA_Antagonist_ch2.csv
Saved pretrain CSV for TOX21_ERb_BLA_Agonist_viability: data/sample/TOX21_ERb_BLA_Agonist_viability.csv
Saved pretrain CSV for TOX21_ERb_BLA_Agonist_ratio: data/sample/TOX21_ERb_BLA_Agonist_ratio.csv
Saved pretrain CSV for TOX21_ERb_BLA_Agonist_ch2: data/sample/TOX21_ERb_BLA_Agonist_ch2.csv
Saved pretrain CSV for TOX21_ERb_BLA_Agonist_ch1: data/sample/TOX21_ERb_BLA_Agonist_ch1.csv
Saved pretrain CSV for TOX21_ERR_LUC_Agonist: data/sample/TOX21_ERR_LUC_Agonist.csv
Saved pretrain CSV for TOX21_ERa_LUC_VM7_Agonist_10nM_ICI182780_viability: data/sample/TOX21_ERa_LUC_VM7_Agonist_10nM_ICI182780_viability.csv
Saved pretrain CSV for TOX21_ERa_LUC_VM7_Antagonist_0.1nM_E2: data/sample/TOX21_ERa_LUC_VM7_Antagonist_0.1nM_E2.csv
Saved pretrain CSV for TOX21_ERb_BLA_Antagonist_ratio: data/sample/TOX21_ERb_BLA_Antagonist_ratio.csv
Saved pretrain CSV for TOX21_ERa_LUC_VM7_Agonist_10nM_ICI182780: data/sample/TOX21_ERa_LUC_VM7_Agonist_10nM_ICI182780.csv
Saved pretrain CSV for TOX21_ERR_LUC_viability: data/sample/TOX21_ERR_LUC_viability.csv
Saved pretrain CSV for TOX21_ERR_LUC_Antagonist: data/sample/TOX21_ERR_LUC_Antagonist.csv
Saved pretrain CSV for TOX21_ERa_LUC_VM7_Antagonist_0.1nM_E2_viability: data/sample/TOX21_ERa_LUC_VM7_Antagonist_0.1nM_E2_viability.csv
Saved pretrain CSV for TOX21_ERb_BLA_Antagonist_viability: data/sample/TOX21_ERb_BLA_Antagonist_viability.csv
Saved finetune CSV for TOX21_ERa_BLA_Antagonist_ratio: data/sample/TOX21_ERa_BLA_Antagonist_ratio.csv
Saved finetune CSV for TOX21_ERa_LUC_VM7_Agonist: data/sample/TOX21_ERa_LUC_VM7_Agonist.csv
Saved finetune CSV for TOX21_ERa_BLA_Antagonist_viability: data/sample/TOX21_ERa_BLA_Antagonist_viability.csv
Saved finetune CSV for TOX21_ERa_LUC_VM7_Antagonist_0.5nM_E2: data/sample/TOX21_ERa_LUC_VM7_Antagonist_0.5nM_E2.csv
Saved finetune CSV for TOX21_ERa_BLA_Antagonist_ch2: data/sample/TOX21_ERa_BLA_Antagonist_ch2.csv
Saved finetune CSV for TOX21_ERa_BLA_Antagonist_ch1: data/sample/TOX21_ERa_BLA_Antagonist_ch1.csv
Saved finetune CSV for TOX21_ERa_LUC_VM7_Antagonist_0.5nM_E2_viability: data/sample/TOX21_ERa_LUC_VM7_Antagonist_0.5nM_E2_viability.csv
Saved finetune CSV for TOX21_ERa_BLA_Agonist_ch2: data/sample/TOX21_ERa_BLA_Agonist_ch2.csv
Saved finetune CSV for TOX21_ERa_BLA_Agonist_ch1: data/sample/TOX21_ERa_BLA_Agonist_ch1.csv
Saved finetune CSV for TOX21_ERa_BLA_Agonist_ratio: data/sample/TOX21_ERa_BLA_Agonist_ratio.csv
Saved finetune CSV for TOX21_ERb_BLA_Antagonist_ch1: data/sample/TOX21_ERb_BLA_Antagonist_ch1.csv
Saved finetune CSV for TOX21_ERb_BLA_Antagonist_ch2: data/sample/TOX21_ERb_BLA_Antagonist_ch2.csv
Saved finetune CSV for TOX21_ERb_BLA_Agonist_viability: data/sample/TOX21_ERb_BLA_Agonist_viability.csv
Saved finetune CSV for TOX21_ERb_BLA_Agonist_ratio: data/sample/TOX21_ERb_BLA_Agonist_ratio.csv
Saved finetune CSV for TOX21_ERb_BLA_Agonist_ch2: data/sample/TOX21_ERb_BLA_Agonist_ch2.csv
Saved finetune CSV for TOX21_ERb_BLA_Agonist_ch1: data/sample/TOX21_ERb_BLA_Agonist_ch1.csv
Saved finetune CSV for TOX21_ERR_LUC_Agonist: data/sample/TOX21_ERR_LUC_Agonist.csv
Saved finetune CSV for TOX21_ERa_LUC_VM7_Agonist_10nM_ICI182780_viability: data/sample/TOX21_ERa_LUC_VM7_Agonist_10nM_ICI182780_viability.csv
Saved finetune CSV for TOX21_ERa_LUC_VM7_Antagonist_0.1nM_E2: data/sample/TOX21_ERa_LUC_VM7_Antagonist_0.1nM_E2.csv
Saved finetune CSV for TOX21_ERb_BLA_Antagonist_ratio: data/sample/TOX21_ERb_BLA_Antagonist_ratio.csv
Saved finetune CSV for TOX21_ERa_LUC_VM7_Agonist_10nM_ICI182780: data/sample/TOX21_ERa_LUC_VM7_Agonist_10nM_ICI182780.csv
Saved finetune CSV for TOX21_ERR_LUC_viability: data/sample/TOX21_ERR_LUC_viability.csv
Saved finetune CSV for TOX21_ERR_LUC_Antagonist: data/sample/TOX21_ERR_LUC_Antagonist.csv
Saved finetune CSV for TOX21_ERa_LUC_VM7_Antagonist_0.1nM_E2_viability: data/sample/TOX21_ERa_LUC_VM7_Antagonist_0.1nM_E2_viability.csv
Saved finetune CSV for TOX21_ERb_BLA_Antagonist_viability: data/sample/TOX21_ERb_BLA_Antagonist_viability.csv
[2/4] Pretraining on TOX21_ERa_LUC_VM7_Agonist using GIN_GCN...
Epoch 1/100 - Loss: 0.6681 - Val F1: 0.2398 - Val ROC-AUC: 0.6142 - Val PR-AUC: 0.2025
Epoch 2/100 - Loss: 0.6445 - Val F1: 0.3012 - Val ROC-AUC: 0.6609 - Val PR-AUC: 0.2482
Epoch 3/100 - Loss: 0.6300 - Val F1: 0.2584 - Val ROC-AUC: 0.6693 - Val PR-AUC: 0.2626
Epoch 4/100 - Loss: 0.6294 - Val F1: 0.2625 - Val ROC-AUC: 0.6485 - Val PR-AUC: 0.2845
Epoch 5/100 - Loss: 0.6123 - Val F1: 0.3162 - Val ROC-AUC: 0.6893 - Val PR-AUC: 0.2603
Epoch 6/100 - Loss: 0.6175 - Val F1: 0.2732 - Val ROC-AUC: 0.6582 - Val PR-AUC: 0.2266
Epoch 7/100 - Loss: 0.6058 - Val F1: 0.3025 - Val ROC-AUC: 0.6731 - Val PR-AUC: 0.2873
Epoch 8/100 - Loss: 0.6079 - Val F1: 0.2776 - Val ROC-AUC: 0.6916 - Val PR-AUC: 0.3026
Epoch 9/100 - Loss: 0.5911 - Val F1: 0.3009 - Val ROC-AUC: 0.6743 - Val PR-AUC: 0.3033
Epoch 10/100 - Loss: 0.5933 - Val F1: 0.3148 - Val ROC-AUC: 0.6607 - Val PR-AUC: 0.2580
Epoch 11/100 - Loss: 0.5656 - Val F1: 0.3077 - Val ROC-AUC: 0.6734 - Val PR-AUC: 0.2635
Epoch 12/100 - Loss: 0.5615 - Val F1: 0.3129 - Val ROC-AUC: 0.6718 - Val PR-AUC: 0.2902
Epoch 13/100 - Loss: 0.5594 - Val F1: 0.2857 - Val ROC-AUC: 0.6793 - Val PR-AUC: 0.2881
Epoch 14/100 - Loss: 0.5398 - Val F1: 0.3131 - Val ROC-AUC: 0.6788 - Val PR-AUC: 0.3181
Epoch 15/100 - Loss: 0.5500 - Val F1: 0.3057 - Val ROC-AUC: 0.6807 - Val PR-AUC: 0.3101
Epoch 16/100 - Loss: 0.5414 - Val F1: 0.2850 - Val ROC-AUC: 0.6740 - Val PR-AUC: 0.2882
Epoch 17/100 - Loss: 0.5351 - Val F1: 0.3019 - Val ROC-AUC: 0.6802 - Val PR-AUC: 0.3183
Epoch 18/100 - Loss: 0.5215 - Val F1: 0.3217 - Val ROC-AUC: 0.7013 - Val PR-AUC: 0.3078
Epoch 19/100 - Loss: 0.5282 - Val F1: 0.2857 - Val ROC-AUC: 0.6543 - Val PR-AUC: 0.2599
Epoch 20/100 - Loss: 0.5139 - Val F1: 0.3441 - Val ROC-AUC: 0.7006 - Val PR-AUC: 0.3297
Epoch 21/100 - Loss: 0.4982 - Val F1: 0.3018 - Val ROC-AUC: 0.6836 - Val PR-AUC: 0.3017
Epoch 22/100 - Loss: 0.4934 - Val F1: 0.2768 - Val ROC-AUC: 0.6750 - Val PR-AUC: 0.3019
Epoch 23/100 - Loss: 0.4909 - Val F1: 0.3282 - Val ROC-AUC: 0.6957 - Val PR-AUC: 0.3172
Epoch 24/100 - Loss: 0.4847 - Val F1: 0.3418 - Val ROC-AUC: 0.7055 - Val PR-AUC: 0.3121
Epoch 25/100 - Loss: 0.4632 - Val F1: 0.3142 - Val ROC-AUC: 0.6923 - Val PR-AUC: 0.2856
Epoch 26/100 - Loss: 0.4727 - Val F1: 0.3025 - Val ROC-AUC: 0.6864 - Val PR-AUC: 0.3025
Epoch 27/100 - Loss: 0.4633 - Val F1: 0.3333 - Val ROC-AUC: 0.7023 - Val PR-AUC: 0.3123
Epoch 28/100 - Loss: 0.4495 - Val F1: 0.3395 - Val ROC-AUC: 0.6945 - Val PR-AUC: 0.3022
Epoch 29/100 - Loss: 0.4660 - Val F1: 0.3510 - Val ROC-AUC: 0.7099 - Val PR-AUC: 0.3079
Epoch 30/100 - Loss: 0.4550 - Val F1: 0.3141 - Val ROC-AUC: 0.6924 - Val PR-AUC: 0.3077
Epoch 31/100 - Loss: 0.4315 - Val F1: 0.2771 - Val ROC-AUC: 0.6839 - Val PR-AUC: 0.2796
Epoch 32/100 - Loss: 0.4345 - Val F1: 0.3232 - Val ROC-AUC: 0.6931 - Val PR-AUC: 0.3053
Epoch 33/100 - Loss: 0.4224 - Val F1: 0.3357 - Val ROC-AUC: 0.6883 - Val PR-AUC: 0.3335
Epoch 34/100 - Loss: 0.4328 - Val F1: 0.3288 - Val ROC-AUC: 0.6847 - Val PR-AUC: 0.3028
Epoch 35/100 - Loss: 0.4192 - Val F1: 0.3039 - Val ROC-AUC: 0.6851 - Val PR-AUC: 0.2898
Epoch 36/100 - Loss: 0.4173 - Val F1: 0.3345 - Val ROC-AUC: 0.6933 - Val PR-AUC: 0.3015
Epoch 37/100 - Loss: 0.4123 - Val F1: 0.3168 - Val ROC-AUC: 0.6940 - Val PR-AUC: 0.3201
Epoch 38/100 - Loss: 0.4098 - Val F1: 0.3333 - Val ROC-AUC: 0.7109 - Val PR-AUC: 0.3170
Epoch 39/100 - Loss: 0.4041 - Val F1: 0.3182 - Val ROC-AUC: 0.6893 - Val PR-AUC: 0.2978
Epoch 40/100 - Loss: 0.3971 - Val F1: 0.3390 - Val ROC-AUC: 0.6980 - Val PR-AUC: 0.3119
Epoch 41/100 - Loss: 0.4044 - Val F1: 0.3484 - Val ROC-AUC: 0.6962 - Val PR-AUC: 0.2990
Epoch 42/100 - Loss: 0.3932 - Val F1: 0.3425 - Val ROC-AUC: 0.6969 - Val PR-AUC: 0.3060
Epoch 43/100 - Loss: 0.3921 - Val F1: 0.3391 - Val ROC-AUC: 0.6906 - Val PR-AUC: 0.3034
Epoch 44/100 - Loss: 0.3887 - Val F1: 0.3459 - Val ROC-AUC: 0.7018 - Val PR-AUC: 0.3185
Epoch 45/100 - Loss: 0.3872 - Val F1: 0.3401 - Val ROC-AUC: 0.6900 - Val PR-AUC: 0.2974
Epoch 46/100 - Loss: 0.3849 - Val F1: 0.3345 - Val ROC-AUC: 0.6931 - Val PR-AUC: 0.2992
Epoch 47/100 - Loss: 0.3770 - Val F1: 0.3358 - Val ROC-AUC: 0.6895 - Val PR-AUC: 0.3365
Epoch 48/100 - Loss: 0.3690 - Val F1: 0.3505 - Val ROC-AUC: 0.6863 - Val PR-AUC: 0.2996
Epoch 49/100 - Loss: 0.3787 - Val F1: 0.3377 - Val ROC-AUC: 0.6995 - Val PR-AUC: 0.3217
Epoch 50/100 - Loss: 0.3752 - Val F1: 0.3472 - Val ROC-AUC: 0.6830 - Val PR-AUC: 0.2919
Epoch 51/100 - Loss: 0.3636 - Val F1: 0.3370 - Val ROC-AUC: 0.6839 - Val PR-AUC: 0.3034
Epoch 52/100 - Loss: 0.3790 - Val F1: 0.3256 - Val ROC-AUC: 0.6870 - Val PR-AUC: 0.3100
Epoch 53/100 - Loss: 0.3608 - Val F1: 0.3228 - Val ROC-AUC: 0.6888 - Val PR-AUC: 0.3168
Epoch 54/100 - Loss: 0.3643 - Val F1: 0.3322 - Val ROC-AUC: 0.6874 - Val PR-AUC: 0.3133
Epoch 55/100 - Loss: 0.3769 - Val F1: 0.3436 - Val ROC-AUC: 0.6807 - Val PR-AUC: 0.3101
Epoch 56/100 - Loss: 0.3597 - Val F1: 0.3407 - Val ROC-AUC: 0.6933 - Val PR-AUC: 0.3096
Epoch 57/100 - Loss: 0.3640 - Val F1: 0.3299 - Val ROC-AUC: 0.6903 - Val PR-AUC: 0.2976
Epoch 58/100 - Loss: 0.3617 - Val F1: 0.3247 - Val ROC-AUC: 0.6920 - Val PR-AUC: 0.3056
Epoch 59/100 - Loss: 0.3609 - Val F1: 0.3280 - Val ROC-AUC: 0.6875 - Val PR-AUC: 0.2922
Epoch 60/100 - Loss: 0.3581 - Val F1: 0.3509 - Val ROC-AUC: 0.6910 - Val PR-AUC: 0.3008
Epoch 61/100 - Loss: 0.3451 - Val F1: 0.3380 - Val ROC-AUC: 0.6902 - Val PR-AUC: 0.3049
Epoch 62/100 - Loss: 0.3652 - Val F1: 0.3396 - Val ROC-AUC: 0.6905 - Val PR-AUC: 0.3062
Epoch 63/100 - Loss: 0.3513 - Val F1: 0.3415 - Val ROC-AUC: 0.6909 - Val PR-AUC: 0.3173
Epoch 64/100 - Loss: 0.3509 - Val F1: 0.3413 - Val ROC-AUC: 0.6941 - Val PR-AUC: 0.3175
Epoch 65/100 - Loss: 0.3530 - Val F1: 0.3505 - Val ROC-AUC: 0.6911 - Val PR-AUC: 0.3118
Epoch 66/100 - Loss: 0.3420 - Val F1: 0.3529 - Val ROC-AUC: 0.6945 - Val PR-AUC: 0.3132
Epoch 67/100 - Loss: 0.3460 - Val F1: 0.3278 - Val ROC-AUC: 0.6896 - Val PR-AUC: 0.3026
Epoch 68/100 - Loss: 0.3576 - Val F1: 0.3436 - Val ROC-AUC: 0.6869 - Val PR-AUC: 0.3085
Epoch 69/100 - Loss: 0.3510 - Val F1: 0.3460 - Val ROC-AUC: 0.6860 - Val PR-AUC: 0.2886
Epoch 70/100 - Loss: 0.3415 - Val F1: 0.3287 - Val ROC-AUC: 0.6927 - Val PR-AUC: 0.3153
Epoch 71/100 - Loss: 0.3458 - Val F1: 0.3300 - Val ROC-AUC: 0.6888 - Val PR-AUC: 0.3140
Epoch 72/100 - Loss: 0.3474 - Val F1: 0.3403 - Val ROC-AUC: 0.6908 - Val PR-AUC: 0.3037
Epoch 73/100 - Loss: 0.3505 - Val F1: 0.3368 - Val ROC-AUC: 0.6876 - Val PR-AUC: 0.2981
Epoch 74/100 - Loss: 0.3369 - Val F1: 0.3394 - Val ROC-AUC: 0.6925 - Val PR-AUC: 0.3096
Epoch 75/100 - Loss: 0.3520 - Val F1: 0.3371 - Val ROC-AUC: 0.6890 - Val PR-AUC: 0.3080
Epoch 76/100 - Loss: 0.3451 - Val F1: 0.3416 - Val ROC-AUC: 0.6905 - Val PR-AUC: 0.3001
Epoch 77/100 - Loss: 0.3401 - Val F1: 0.3488 - Val ROC-AUC: 0.6894 - Val PR-AUC: 0.3019
Epoch 78/100 - Loss: 0.3473 - Val F1: 0.3312 - Val ROC-AUC: 0.6868 - Val PR-AUC: 0.3110
Epoch 79/100 - Loss: 0.3470 - Val F1: 0.3321 - Val ROC-AUC: 0.6876 - Val PR-AUC: 0.3000
Epoch 80/100 - Loss: 0.3464 - Val F1: 0.3200 - Val ROC-AUC: 0.6876 - Val PR-AUC: 0.3031
Epoch 81/100 - Loss: 0.3441 - Val F1: 0.3525 - Val ROC-AUC: 0.6878 - Val PR-AUC: 0.3024
Epoch 82/100 - Loss: 0.3312 - Val F1: 0.3368 - Val ROC-AUC: 0.6879 - Val PR-AUC: 0.2985
Epoch 83/100 - Loss: 0.3478 - Val F1: 0.3416 - Val ROC-AUC: 0.6884 - Val PR-AUC: 0.2964
Epoch 84/100 - Loss: 0.3492 - Val F1: 0.3367 - Val ROC-AUC: 0.6895 - Val PR-AUC: 0.3024
Epoch 85/100 - Loss: 0.3371 - Val F1: 0.3322 - Val ROC-AUC: 0.6913 - Val PR-AUC: 0.3086
Epoch 86/100 - Loss: 0.3555 - Val F1: 0.3345 - Val ROC-AUC: 0.6890 - Val PR-AUC: 0.2996
Epoch 87/100 - Loss: 0.3362 - Val F1: 0.3378 - Val ROC-AUC: 0.6899 - Val PR-AUC: 0.3068
Epoch 88/100 - Loss: 0.3421 - Val F1: 0.3497 - Val ROC-AUC: 0.6913 - Val PR-AUC: 0.3040
Epoch 89/100 - Loss: 0.3412 - Val F1: 0.3322 - Val ROC-AUC: 0.6909 - Val PR-AUC: 0.3000
Epoch 90/100 - Loss: 0.3430 - Val F1: 0.3391 - Val ROC-AUC: 0.6932 - Val PR-AUC: 0.3086
Epoch 91/100 - Loss: 0.3441 - Val F1: 0.3356 - Val ROC-AUC: 0.6892 - Val PR-AUC: 0.2998
Epoch 92/100 - Loss: 0.3415 - Val F1: 0.3443 - Val ROC-AUC: 0.6873 - Val PR-AUC: 0.3006
Epoch 93/100 - Loss: 0.3443 - Val F1: 0.3481 - Val ROC-AUC: 0.6912 - Val PR-AUC: 0.3064
Epoch 94/100 - Loss: 0.3355 - Val F1: 0.3504 - Val ROC-AUC: 0.6894 - Val PR-AUC: 0.2987
Epoch 95/100 - Loss: 0.3498 - Val F1: 0.3300 - Val ROC-AUC: 0.6919 - Val PR-AUC: 0.3029
Epoch 96/100 - Loss: 0.3388 - Val F1: 0.3504 - Val ROC-AUC: 0.6881 - Val PR-AUC: 0.2995
Epoch 97/100 - Loss: 0.3395 - Val F1: 0.3415 - Val ROC-AUC: 0.6903 - Val PR-AUC: 0.3079
Epoch 98/100 - Loss: 0.3320 - Val F1: 0.3416 - Val ROC-AUC: 0.6876 - Val PR-AUC: 0.2977
Epoch 99/100 - Loss: 0.3280 - Val F1: 0.3564 - Val ROC-AUC: 0.6868 - Val PR-AUC: 0.2959
Epoch 100/100 - Loss: 0.3483 - Val F1: 0.3416 - Val ROC-AUC: 0.6884 - Val PR-AUC: 0.2980
Pretraining completed. Test F1: 0.3264, ROC-AUC: 0.6488, PR-AUC: 0.2655
[3/4] Finetuning on TOX21_ERa_LUC_VM7_Antagonist_0.5nM_E2 using GIN_GCN...
[Fine-tune] Epoch 1/50 - Loss: 0.6191 - Val F1: 0.3100 - Val ROC-AUC: 0.7606 - Val PR-AUC: 0.2341
[Fine-tune] Epoch 2/50 - Loss: 0.5166 - Val F1: 0.2838 - Val ROC-AUC: 0.7560 - Val PR-AUC: 0.2468
[Fine-tune] Epoch 3/50 - Loss: 0.4896 - Val F1: 0.3209 - Val ROC-AUC: 0.7669 - Val PR-AUC: 0.2743
[Fine-tune] Epoch 4/50 - Loss: 0.4705 - Val F1: 0.3072 - Val ROC-AUC: 0.7570 - Val PR-AUC: 0.2482
[Fine-tune] Epoch 5/50 - Loss: 0.4506 - Val F1: 0.3155 - Val ROC-AUC: 0.7625 - Val PR-AUC: 0.2737
[Fine-tune] Epoch 6/50 - Loss: 0.4432 - Val F1: 0.3346 - Val ROC-AUC: 0.7618 - Val PR-AUC: 0.2532
[Fine-tune] Epoch 7/50 - Loss: 0.4281 - Val F1: 0.3596 - Val ROC-AUC: 0.7906 - Val PR-AUC: 0.2663
[Fine-tune] Epoch 8/50 - Loss: 0.4145 - Val F1: 0.3397 - Val ROC-AUC: 0.7796 - Val PR-AUC: 0.2452
[Fine-tune] Epoch 9/50 - Loss: 0.3927 - Val F1: 0.3243 - Val ROC-AUC: 0.7724 - Val PR-AUC: 0.2713
[Fine-tune] Epoch 10/50 - Loss: 0.3942 - Val F1: 0.3643 - Val ROC-AUC: 0.7830 - Val PR-AUC: 0.2676
[Fine-tune] Epoch 11/50 - Loss: 0.3479 - Val F1: 0.3838 - Val ROC-AUC: 0.7988 - Val PR-AUC: 0.2987
[Fine-tune] Epoch 12/50 - Loss: 0.3313 - Val F1: 0.3562 - Val ROC-AUC: 0.7953 - Val PR-AUC: 0.2857
[Fine-tune] Epoch 13/50 - Loss: 0.3188 - Val F1: 0.3346 - Val ROC-AUC: 0.7800 - Val PR-AUC: 0.2611
[Fine-tune] Epoch 14/50 - Loss: 0.3126 - Val F1: 0.3557 - Val ROC-AUC: 0.7825 - Val PR-AUC: 0.2740
[Fine-tune] Epoch 15/50 - Loss: 0.3042 - Val F1: 0.3684 - Val ROC-AUC: 0.7887 - Val PR-AUC: 0.2917
[Fine-tune] Epoch 16/50 - Loss: 0.2840 - Val F1: 0.3599 - Val ROC-AUC: 0.7962 - Val PR-AUC: 0.3098
[Fine-tune] Epoch 17/50 - Loss: 0.2874 - Val F1: 0.3544 - Val ROC-AUC: 0.8028 - Val PR-AUC: 0.2828
[Fine-tune] Epoch 18/50 - Loss: 0.2936 - Val F1: 0.3460 - Val ROC-AUC: 0.7903 - Val PR-AUC: 0.2879
[Fine-tune] Epoch 19/50 - Loss: 0.2676 - Val F1: 0.3937 - Val ROC-AUC: 0.8165 - Val PR-AUC: 0.3114
[Fine-tune] Epoch 20/50 - Loss: 0.2527 - Val F1: 0.3652 - Val ROC-AUC: 0.7732 - Val PR-AUC: 0.2880
[Fine-tune] Epoch 21/50 - Loss: 0.2466 - Val F1: 0.3855 - Val ROC-AUC: 0.8020 - Val PR-AUC: 0.3119
[Fine-tune] Epoch 22/50 - Loss: 0.2220 - Val F1: 0.3968 - Val ROC-AUC: 0.8053 - Val PR-AUC: 0.2859
[Fine-tune] Epoch 23/50 - Loss: 0.2132 - Val F1: 0.3814 - Val ROC-AUC: 0.7968 - Val PR-AUC: 0.3217
[Fine-tune] Epoch 24/50 - Loss: 0.2045 - Val F1: 0.3721 - Val ROC-AUC: 0.8041 - Val PR-AUC: 0.3169
[Fine-tune] Epoch 25/50 - Loss: 0.2048 - Val F1: 0.3644 - Val ROC-AUC: 0.8021 - Val PR-AUC: 0.2909
[Fine-tune] Epoch 26/50 - Loss: 0.1916 - Val F1: 0.4021 - Val ROC-AUC: 0.7990 - Val PR-AUC: 0.3227
[Fine-tune] Epoch 27/50 - Loss: 0.1986 - Val F1: 0.3934 - Val ROC-AUC: 0.8101 - Val PR-AUC: 0.2973
[Fine-tune] Epoch 28/50 - Loss: 0.1911 - Val F1: 0.3946 - Val ROC-AUC: 0.8094 - Val PR-AUC: 0.3229
[Fine-tune] Epoch 29/50 - Loss: 0.1905 - Val F1: 0.4082 - Val ROC-AUC: 0.8177 - Val PR-AUC: 0.3560
[Fine-tune] Epoch 30/50 - Loss: 0.1854 - Val F1: 0.3692 - Val ROC-AUC: 0.7995 - Val PR-AUC: 0.3008
[Fine-tune] Epoch 31/50 - Loss: 0.1621 - Val F1: 0.3772 - Val ROC-AUC: 0.8042 - Val PR-AUC: 0.3558
[Fine-tune] Epoch 32/50 - Loss: 0.1551 - Val F1: 0.4000 - Val ROC-AUC: 0.8076 - Val PR-AUC: 0.3293
[Fine-tune] Epoch 33/50 - Loss: 0.1481 - Val F1: 0.4257 - Val ROC-AUC: 0.8099 - Val PR-AUC: 0.3470
[Fine-tune] Epoch 34/50 - Loss: 0.1489 - Val F1: 0.4074 - Val ROC-AUC: 0.8077 - Val PR-AUC: 0.3394
[Fine-tune] Epoch 35/50 - Loss: 0.1536 - Val F1: 0.4053 - Val ROC-AUC: 0.8140 - Val PR-AUC: 0.3406
[Fine-tune] Epoch 36/50 - Loss: 0.1491 - Val F1: 0.4115 - Val ROC-AUC: 0.8137 - Val PR-AUC: 0.3362
[Fine-tune] Epoch 37/50 - Loss: 0.1429 - Val F1: 0.4211 - Val ROC-AUC: 0.8137 - Val PR-AUC: 0.3427
[Fine-tune] Epoch 38/50 - Loss: 0.1512 - Val F1: 0.4018 - Val ROC-AUC: 0.8110 - Val PR-AUC: 0.3579
[Fine-tune] Epoch 39/50 - Loss: 0.1396 - Val F1: 0.3755 - Val ROC-AUC: 0.7999 - Val PR-AUC: 0.3338
[Fine-tune] Epoch 40/50 - Loss: 0.1373 - Val F1: 0.3853 - Val ROC-AUC: 0.8096 - Val PR-AUC: 0.3633
[Fine-tune] Epoch 41/50 - Loss: 0.1296 - Val F1: 0.4433 - Val ROC-AUC: 0.8059 - Val PR-AUC: 0.3380
[Fine-tune] Epoch 42/50 - Loss: 0.1416 - Val F1: 0.4112 - Val ROC-AUC: 0.8151 - Val PR-AUC: 0.3674
[Fine-tune] Epoch 43/50 - Loss: 0.1321 - Val F1: 0.4300 - Val ROC-AUC: 0.8078 - Val PR-AUC: 0.3538
[Fine-tune] Epoch 44/50 - Loss: 0.1244 - Val F1: 0.4390 - Val ROC-AUC: 0.8148 - Val PR-AUC: 0.3524
[Fine-tune] Epoch 45/50 - Loss: 0.1094 - Val F1: 0.4236 - Val ROC-AUC: 0.8141 - Val PR-AUC: 0.3477
[Fine-tune] Epoch 46/50 - Loss: 0.1122 - Val F1: 0.4216 - Val ROC-AUC: 0.8103 - Val PR-AUC: 0.3529
[Fine-tune] Epoch 47/50 - Loss: 0.1240 - Val F1: 0.4138 - Val ROC-AUC: 0.8038 - Val PR-AUC: 0.3353
[Fine-tune] Epoch 48/50 - Loss: 0.1284 - Val F1: 0.4236 - Val ROC-AUC: 0.8117 - Val PR-AUC: 0.3454
[Fine-tune] Epoch 49/50 - Loss: 0.1236 - Val F1: 0.4332 - Val ROC-AUC: 0.8180 - Val PR-AUC: 0.3399
[Fine-tune] Epoch 50/50 - Loss: 0.1101 - Val F1: 0.4381 - Val ROC-AUC: 0.8097 - Val PR-AUC: 0.3496
Finetuning completed. Test F1: 0.4330, ROC-AUC: 0.7895, PR-AUC: 0.3412
[3.1/4] Target-only training on TOX21_ERa_LUC_VM7_Antagonist_0.5nM_E2 using GIN_GCN...
=== Target-only training ===
[Target-only] Epoch 1/50 – Loss: 0.6145  Val F1: 0.2697  ROC-AUC: 0.7394  PR-AUC: 0.2092
[Target-only] Epoch 2/50 – Loss: 0.5624  Val F1: 0.2626  ROC-AUC: 0.7339  PR-AUC: 0.2124
[Target-only] Epoch 3/50 – Loss: 0.5311  Val F1: 0.3163  ROC-AUC: 0.7658  PR-AUC: 0.2264
[Target-only] Epoch 4/50 – Loss: 0.5151  Val F1: 0.3093  ROC-AUC: 0.7780  PR-AUC: 0.2482
[Target-only] Epoch 5/50 – Loss: 0.5067  Val F1: 0.3113  ROC-AUC: 0.7723  PR-AUC: 0.2606
[Target-only] Epoch 6/50 – Loss: 0.4984  Val F1: 0.3403  ROC-AUC: 0.7995  PR-AUC: 0.2965
[Target-only] Epoch 7/50 – Loss: 0.4854  Val F1: 0.3343  ROC-AUC: 0.7869  PR-AUC: 0.2859
[Target-only] Epoch 8/50 – Loss: 0.4728  Val F1: 0.3349  ROC-AUC: 0.8046  PR-AUC: 0.3018
[Target-only] Epoch 9/50 – Loss: 0.4607  Val F1: 0.3010  ROC-AUC: 0.7635  PR-AUC: 0.2516
[Target-only] Epoch 10/50 – Loss: 0.4613  Val F1: 0.3494  ROC-AUC: 0.8168  PR-AUC: 0.3148
[Target-only] Epoch 11/50 – Loss: 0.4292  Val F1: 0.3595  ROC-AUC: 0.8034  PR-AUC: 0.3389
[Target-only] Epoch 12/50 – Loss: 0.3998  Val F1: 0.3363  ROC-AUC: 0.8055  PR-AUC: 0.3362
[Target-only] Epoch 13/50 – Loss: 0.4070  Val F1: 0.3810  ROC-AUC: 0.8121  PR-AUC: 0.3157
[Target-only] Epoch 14/50 – Loss: 0.3855  Val F1: 0.3803  ROC-AUC: 0.8063  PR-AUC: 0.3476
[Target-only] Epoch 15/50 – Loss: 0.3816  Val F1: 0.3652  ROC-AUC: 0.8177  PR-AUC: 0.3595
[Target-only] Epoch 16/50 – Loss: 0.3840  Val F1: 0.3617  ROC-AUC: 0.8073  PR-AUC: 0.3234
[Target-only] Epoch 17/50 – Loss: 0.3754  Val F1: 0.3683  ROC-AUC: 0.8050  PR-AUC: 0.3308
[Target-only] Epoch 18/50 – Loss: 0.3633  Val F1: 0.3373  ROC-AUC: 0.7875  PR-AUC: 0.3210
[Target-only] Epoch 19/50 – Loss: 0.3662  Val F1: 0.3988  ROC-AUC: 0.8209  PR-AUC: 0.3644
[Target-only] Epoch 20/50 – Loss: 0.3407  Val F1: 0.3969  ROC-AUC: 0.8133  PR-AUC: 0.3618
[Target-only] Epoch 21/50 – Loss: 0.3424  Val F1: 0.3714  ROC-AUC: 0.8218  PR-AUC: 0.3568
[Target-only] Epoch 22/50 – Loss: 0.3139  Val F1: 0.4056  ROC-AUC: 0.8182  PR-AUC: 0.3451
[Target-only] Epoch 23/50 – Loss: 0.3000  Val F1: 0.3652  ROC-AUC: 0.8194  PR-AUC: 0.3062
[Target-only] Epoch 24/50 – Loss: 0.3067  Val F1: 0.4062  ROC-AUC: 0.8321  PR-AUC: 0.3518
[Target-only] Epoch 25/50 – Loss: 0.2975  Val F1: 0.3831  ROC-AUC: 0.8121  PR-AUC: 0.3019
[Target-only] Epoch 26/50 – Loss: 0.3052  Val F1: 0.4298  ROC-AUC: 0.8221  PR-AUC: 0.3205
[Target-only] Epoch 27/50 – Loss: 0.2864  Val F1: 0.4106  ROC-AUC: 0.8081  PR-AUC: 0.3250
[Target-only] Epoch 28/50 – Loss: 0.2876  Val F1: 0.3833  ROC-AUC: 0.8135  PR-AUC: 0.3275
[Target-only] Epoch 29/50 – Loss: 0.2817  Val F1: 0.4060  ROC-AUC: 0.8158  PR-AUC: 0.3472
[Target-only] Epoch 30/50 – Loss: 0.2746  Val F1: 0.3816  ROC-AUC: 0.8114  PR-AUC: 0.3292
[Target-only] Epoch 31/50 – Loss: 0.2595  Val F1: 0.4089  ROC-AUC: 0.8218  PR-AUC: 0.3364
[Target-only] Epoch 32/50 – Loss: 0.2532  Val F1: 0.3923  ROC-AUC: 0.8128  PR-AUC: 0.3291
[Target-only] Epoch 33/50 – Loss: 0.2441  Val F1: 0.4029  ROC-AUC: 0.8200  PR-AUC: 0.3338
[Target-only] Epoch 34/50 – Loss: 0.2357  Val F1: 0.3969  ROC-AUC: 0.8213  PR-AUC: 0.3273
[Target-only] Epoch 35/50 – Loss: 0.2385  Val F1: 0.4015  ROC-AUC: 0.8146  PR-AUC: 0.3311
[Target-only] Epoch 36/50 – Loss: 0.2467  Val F1: 0.3764  ROC-AUC: 0.8143  PR-AUC: 0.3142
[Target-only] Epoch 37/50 – Loss: 0.2391  Val F1: 0.3884  ROC-AUC: 0.8140  PR-AUC: 0.3218
[Target-only] Epoch 38/50 – Loss: 0.2243  Val F1: 0.3889  ROC-AUC: 0.8094  PR-AUC: 0.3063
[Target-only] Epoch 39/50 – Loss: 0.2236  Val F1: 0.4098  ROC-AUC: 0.8142  PR-AUC: 0.3142
[Target-only] Epoch 40/50 – Loss: 0.2354  Val F1: 0.4274  ROC-AUC: 0.8156  PR-AUC: 0.3108
[Target-only] Epoch 41/50 – Loss: 0.2147  Val F1: 0.4000  ROC-AUC: 0.8231  PR-AUC: 0.3338
[Target-only] Epoch 42/50 – Loss: 0.2230  Val F1: 0.4032  ROC-AUC: 0.8140  PR-AUC: 0.3231
[Target-only] Epoch 43/50 – Loss: 0.2089  Val F1: 0.4130  ROC-AUC: 0.8143  PR-AUC: 0.3258
[Target-only] Epoch 44/50 – Loss: 0.1998  Val F1: 0.4083  ROC-AUC: 0.8160  PR-AUC: 0.3307
[Target-only] Epoch 45/50 – Loss: 0.2156  Val F1: 0.4065  ROC-AUC: 0.8119  PR-AUC: 0.2999
[Target-only] Epoch 46/50 – Loss: 0.2023  Val F1: 0.3983  ROC-AUC: 0.8077  PR-AUC: 0.2923
[Target-only] Epoch 47/50 – Loss: 0.2186  Val F1: 0.4016  ROC-AUC: 0.8121  PR-AUC: 0.3109
[Target-only] Epoch 48/50 – Loss: 0.2166  Val F1: 0.4080  ROC-AUC: 0.8114  PR-AUC: 0.3093
[Target-only] Epoch 49/50 – Loss: 0.2061  Val F1: 0.4128  ROC-AUC: 0.8152  PR-AUC: 0.3106
[Target-only] Epoch 50/50 – Loss: 0.1981  Val F1: 0.4083  ROC-AUC: 0.8156  PR-AUC: 0.3231
=== Target-only TEST performance ===
Test F1: 0.3659, ROC-AUC: 0.7913, PR-AUC: 0.3248
✅ 실험 완료: TOX21_ERa_LUC_VM7_Agonist -> TOX21_ERa_LUC_VM7_Antagonist_0.5nM_E2 [GIN_GCN]
