[1/4] Excel → CSV 변환 중...
Saved pretrain CSV for TOX21_ERa_BLA_Antagonist_ratio: data/sample/TOX21_ERa_BLA_Antagonist_ratio.csv
Saved pretrain CSV for TOX21_ERa_LUC_VM7_Agonist: data/sample/TOX21_ERa_LUC_VM7_Agonist.csv
Saved pretrain CSV for TOX21_ERa_BLA_Antagonist_viability: data/sample/TOX21_ERa_BLA_Antagonist_viability.csv
Saved pretrain CSV for TOX21_ERa_LUC_VM7_Antagonist_0.5nM_E2: data/sample/TOX21_ERa_LUC_VM7_Antagonist_0.5nM_E2.csv
Saved pretrain CSV for TOX21_ERa_BLA_Antagonist_ch2: data/sample/TOX21_ERa_BLA_Antagonist_ch2.csv
Saved pretrain CSV for TOX21_ERa_BLA_Antagonist_ch1: data/sample/TOX21_ERa_BLA_Antagonist_ch1.csv
Saved pretrain CSV for TOX21_ERa_LUC_VM7_Antagonist_0.5nM_E2_viability: data/sample/TOX21_ERa_LUC_VM7_Antagonist_0.5nM_E2_viability.csv
Saved pretrain CSV for TOX21_ERa_BLA_Agonist_ch2: data/sample/TOX21_ERa_BLA_Agonist_ch2.csv
Saved pretrain CSV for TOX21_ERa_BLA_Agonist_ch1: data/sample/TOX21_ERa_BLA_Agonist_ch1.csv
Saved pretrain CSV for TOX21_ERa_BLA_Agonist_ratio: data/sample/TOX21_ERa_BLA_Agonist_ratio.csv
Saved pretrain CSV for TOX21_ERb_BLA_Antagonist_ch1: data/sample/TOX21_ERb_BLA_Antagonist_ch1.csv
Saved pretrain CSV for TOX21_ERb_BLA_Antagonist_ch2: data/sample/TOX21_ERb_BLA_Antagonist_ch2.csv
Saved pretrain CSV for TOX21_ERb_BLA_Agonist_viability: data/sample/TOX21_ERb_BLA_Agonist_viability.csv
Saved pretrain CSV for TOX21_ERb_BLA_Agonist_ratio: data/sample/TOX21_ERb_BLA_Agonist_ratio.csv
Saved pretrain CSV for TOX21_ERb_BLA_Agonist_ch2: data/sample/TOX21_ERb_BLA_Agonist_ch2.csv
Saved pretrain CSV for TOX21_ERb_BLA_Agonist_ch1: data/sample/TOX21_ERb_BLA_Agonist_ch1.csv
Saved pretrain CSV for TOX21_ERR_LUC_Agonist: data/sample/TOX21_ERR_LUC_Agonist.csv
Saved pretrain CSV for TOX21_ERa_LUC_VM7_Agonist_10nM_ICI182780_viability: data/sample/TOX21_ERa_LUC_VM7_Agonist_10nM_ICI182780_viability.csv
Saved pretrain CSV for TOX21_ERa_LUC_VM7_Antagonist_0.1nM_E2: data/sample/TOX21_ERa_LUC_VM7_Antagonist_0.1nM_E2.csv
Saved pretrain CSV for TOX21_ERb_BLA_Antagonist_ratio: data/sample/TOX21_ERb_BLA_Antagonist_ratio.csv
Saved pretrain CSV for TOX21_ERa_LUC_VM7_Agonist_10nM_ICI182780: data/sample/TOX21_ERa_LUC_VM7_Agonist_10nM_ICI182780.csv
Saved pretrain CSV for TOX21_ERR_LUC_viability: data/sample/TOX21_ERR_LUC_viability.csv
Saved pretrain CSV for TOX21_ERR_LUC_Antagonist: data/sample/TOX21_ERR_LUC_Antagonist.csv
Saved pretrain CSV for TOX21_ERa_LUC_VM7_Antagonist_0.1nM_E2_viability: data/sample/TOX21_ERa_LUC_VM7_Antagonist_0.1nM_E2_viability.csv
Saved pretrain CSV for TOX21_ERb_BLA_Antagonist_viability: data/sample/TOX21_ERb_BLA_Antagonist_viability.csv
Saved finetune CSV for TOX21_ERa_BLA_Antagonist_ratio: data/sample/TOX21_ERa_BLA_Antagonist_ratio.csv
Saved finetune CSV for TOX21_ERa_LUC_VM7_Agonist: data/sample/TOX21_ERa_LUC_VM7_Agonist.csv
Saved finetune CSV for TOX21_ERa_BLA_Antagonist_viability: data/sample/TOX21_ERa_BLA_Antagonist_viability.csv
Saved finetune CSV for TOX21_ERa_LUC_VM7_Antagonist_0.5nM_E2: data/sample/TOX21_ERa_LUC_VM7_Antagonist_0.5nM_E2.csv
Saved finetune CSV for TOX21_ERa_BLA_Antagonist_ch2: data/sample/TOX21_ERa_BLA_Antagonist_ch2.csv
Saved finetune CSV for TOX21_ERa_BLA_Antagonist_ch1: data/sample/TOX21_ERa_BLA_Antagonist_ch1.csv
Saved finetune CSV for TOX21_ERa_LUC_VM7_Antagonist_0.5nM_E2_viability: data/sample/TOX21_ERa_LUC_VM7_Antagonist_0.5nM_E2_viability.csv
Saved finetune CSV for TOX21_ERa_BLA_Agonist_ch2: data/sample/TOX21_ERa_BLA_Agonist_ch2.csv
Saved finetune CSV for TOX21_ERa_BLA_Agonist_ch1: data/sample/TOX21_ERa_BLA_Agonist_ch1.csv
Saved finetune CSV for TOX21_ERa_BLA_Agonist_ratio: data/sample/TOX21_ERa_BLA_Agonist_ratio.csv
Saved finetune CSV for TOX21_ERb_BLA_Antagonist_ch1: data/sample/TOX21_ERb_BLA_Antagonist_ch1.csv
Saved finetune CSV for TOX21_ERb_BLA_Antagonist_ch2: data/sample/TOX21_ERb_BLA_Antagonist_ch2.csv
Saved finetune CSV for TOX21_ERb_BLA_Agonist_viability: data/sample/TOX21_ERb_BLA_Agonist_viability.csv
Saved finetune CSV for TOX21_ERb_BLA_Agonist_ratio: data/sample/TOX21_ERb_BLA_Agonist_ratio.csv
Saved finetune CSV for TOX21_ERb_BLA_Agonist_ch2: data/sample/TOX21_ERb_BLA_Agonist_ch2.csv
Saved finetune CSV for TOX21_ERb_BLA_Agonist_ch1: data/sample/TOX21_ERb_BLA_Agonist_ch1.csv
Saved finetune CSV for TOX21_ERR_LUC_Agonist: data/sample/TOX21_ERR_LUC_Agonist.csv
Saved finetune CSV for TOX21_ERa_LUC_VM7_Agonist_10nM_ICI182780_viability: data/sample/TOX21_ERa_LUC_VM7_Agonist_10nM_ICI182780_viability.csv
Saved finetune CSV for TOX21_ERa_LUC_VM7_Antagonist_0.1nM_E2: data/sample/TOX21_ERa_LUC_VM7_Antagonist_0.1nM_E2.csv
Saved finetune CSV for TOX21_ERb_BLA_Antagonist_ratio: data/sample/TOX21_ERb_BLA_Antagonist_ratio.csv
Saved finetune CSV for TOX21_ERa_LUC_VM7_Agonist_10nM_ICI182780: data/sample/TOX21_ERa_LUC_VM7_Agonist_10nM_ICI182780.csv
Saved finetune CSV for TOX21_ERR_LUC_viability: data/sample/TOX21_ERR_LUC_viability.csv
Saved finetune CSV for TOX21_ERR_LUC_Antagonist: data/sample/TOX21_ERR_LUC_Antagonist.csv
Saved finetune CSV for TOX21_ERa_LUC_VM7_Antagonist_0.1nM_E2_viability: data/sample/TOX21_ERa_LUC_VM7_Antagonist_0.1nM_E2_viability.csv
Saved finetune CSV for TOX21_ERb_BLA_Antagonist_viability: data/sample/TOX21_ERb_BLA_Antagonist_viability.csv
[2/4] Pretraining on TOX21_ERa_BLA_Antagonist_viability using GIN_GCN...
Epoch 1/100 - Loss: 0.5722 - Val F1: 0.1551 - Val ROC-AUC: 0.7360 - Val PR-AUC: 0.1101
Epoch 2/100 - Loss: 0.5093 - Val F1: 0.1486 - Val ROC-AUC: 0.7450 - Val PR-AUC: 0.1007
Epoch 3/100 - Loss: 0.4663 - Val F1: 0.1102 - Val ROC-AUC: 0.7632 - Val PR-AUC: 0.1025
Epoch 4/100 - Loss: 0.4403 - Val F1: 0.1856 - Val ROC-AUC: 0.7875 - Val PR-AUC: 0.1328
Epoch 5/100 - Loss: 0.4090 - Val F1: 0.2237 - Val ROC-AUC: 0.7854 - Val PR-AUC: 0.1277
Epoch 6/100 - Loss: 0.3703 - Val F1: 0.1743 - Val ROC-AUC: 0.7937 - Val PR-AUC: 0.1224
Epoch 7/100 - Loss: 0.3434 - Val F1: 0.2065 - Val ROC-AUC: 0.8195 - Val PR-AUC: 0.1471
Epoch 8/100 - Loss: 0.3449 - Val F1: 0.1579 - Val ROC-AUC: 0.8111 - Val PR-AUC: 0.1592
Epoch 9/100 - Loss: 0.3244 - Val F1: 0.1697 - Val ROC-AUC: 0.7941 - Val PR-AUC: 0.1934
Epoch 10/100 - Loss: 0.3211 - Val F1: 0.1699 - Val ROC-AUC: 0.8251 - Val PR-AUC: 0.1425
Epoch 11/100 - Loss: 0.2612 - Val F1: 0.2195 - Val ROC-AUC: 0.7969 - Val PR-AUC: 0.1712
Epoch 12/100 - Loss: 0.2599 - Val F1: 0.2000 - Val ROC-AUC: 0.8101 - Val PR-AUC: 0.1729
Epoch 13/100 - Loss: 0.2470 - Val F1: 0.2143 - Val ROC-AUC: 0.7843 - Val PR-AUC: 0.1600
Epoch 14/100 - Loss: 0.2261 - Val F1: 0.1565 - Val ROC-AUC: 0.7365 - Val PR-AUC: 0.1302
Epoch 15/100 - Loss: 0.2253 - Val F1: 0.1778 - Val ROC-AUC: 0.7667 - Val PR-AUC: 0.1572
Epoch 16/100 - Loss: 0.2143 - Val F1: 0.1538 - Val ROC-AUC: 0.7778 - Val PR-AUC: 0.1617
Epoch 17/100 - Loss: 0.2002 - Val F1: 0.1739 - Val ROC-AUC: 0.7532 - Val PR-AUC: 0.1363
Epoch 18/100 - Loss: 0.2013 - Val F1: 0.2105 - Val ROC-AUC: 0.7768 - Val PR-AUC: 0.1523
Epoch 19/100 - Loss: 0.2073 - Val F1: 0.1417 - Val ROC-AUC: 0.7499 - Val PR-AUC: 0.1522
Epoch 20/100 - Loss: 0.1937 - Val F1: 0.1707 - Val ROC-AUC: 0.7447 - Val PR-AUC: 0.1936
Epoch 21/100 - Loss: 0.1778 - Val F1: 0.2000 - Val ROC-AUC: 0.7521 - Val PR-AUC: 0.1548
Epoch 22/100 - Loss: 0.1592 - Val F1: 0.1495 - Val ROC-AUC: 0.7468 - Val PR-AUC: 0.1513
Epoch 23/100 - Loss: 0.1517 - Val F1: 0.2222 - Val ROC-AUC: 0.7757 - Val PR-AUC: 0.1438
Epoch 24/100 - Loss: 0.1535 - Val F1: 0.1538 - Val ROC-AUC: 0.7372 - Val PR-AUC: 0.1213
Epoch 25/100 - Loss: 0.1642 - Val F1: 0.1837 - Val ROC-AUC: 0.7470 - Val PR-AUC: 0.1696
Epoch 26/100 - Loss: 0.1470 - Val F1: 0.1800 - Val ROC-AUC: 0.7619 - Val PR-AUC: 0.1434
Epoch 27/100 - Loss: 0.1366 - Val F1: 0.2430 - Val ROC-AUC: 0.7694 - Val PR-AUC: 0.1821
Epoch 28/100 - Loss: 0.1396 - Val F1: 0.2000 - Val ROC-AUC: 0.7542 - Val PR-AUC: 0.1543
Epoch 29/100 - Loss: 0.1210 - Val F1: 0.2353 - Val ROC-AUC: 0.7504 - Val PR-AUC: 0.1480
Epoch 30/100 - Loss: 0.1380 - Val F1: 0.1961 - Val ROC-AUC: 0.7636 - Val PR-AUC: 0.1664
Epoch 31/100 - Loss: 0.1242 - Val F1: 0.1739 - Val ROC-AUC: 0.7550 - Val PR-AUC: 0.1686
Epoch 32/100 - Loss: 0.1183 - Val F1: 0.2022 - Val ROC-AUC: 0.7686 - Val PR-AUC: 0.1624
Epoch 33/100 - Loss: 0.1160 - Val F1: 0.1860 - Val ROC-AUC: 0.7445 - Val PR-AUC: 0.1615
Epoch 34/100 - Loss: 0.1079 - Val F1: 0.1978 - Val ROC-AUC: 0.7572 - Val PR-AUC: 0.1779
Epoch 35/100 - Loss: 0.1071 - Val F1: 0.2410 - Val ROC-AUC: 0.7493 - Val PR-AUC: 0.1689
Epoch 36/100 - Loss: 0.1097 - Val F1: 0.2192 - Val ROC-AUC: 0.7315 - Val PR-AUC: 0.1636
Epoch 37/100 - Loss: 0.1081 - Val F1: 0.2000 - Val ROC-AUC: 0.7322 - Val PR-AUC: 0.1875
Epoch 38/100 - Loss: 0.0986 - Val F1: 0.1895 - Val ROC-AUC: 0.7589 - Val PR-AUC: 0.1587
Epoch 39/100 - Loss: 0.1065 - Val F1: 0.2000 - Val ROC-AUC: 0.7539 - Val PR-AUC: 0.1560
Epoch 40/100 - Loss: 0.1035 - Val F1: 0.2250 - Val ROC-AUC: 0.7483 - Val PR-AUC: 0.1695
Epoch 41/100 - Loss: 0.0933 - Val F1: 0.2326 - Val ROC-AUC: 0.7400 - Val PR-AUC: 0.1828
Epoch 42/100 - Loss: 0.0946 - Val F1: 0.2022 - Val ROC-AUC: 0.7585 - Val PR-AUC: 0.1746
Epoch 43/100 - Loss: 0.0996 - Val F1: 0.2222 - Val ROC-AUC: 0.7443 - Val PR-AUC: 0.1676
Epoch 44/100 - Loss: 0.1065 - Val F1: 0.2410 - Val ROC-AUC: 0.7506 - Val PR-AUC: 0.1526
Epoch 45/100 - Loss: 0.0905 - Val F1: 0.2051 - Val ROC-AUC: 0.7463 - Val PR-AUC: 0.1518
Epoch 46/100 - Loss: 0.0856 - Val F1: 0.2105 - Val ROC-AUC: 0.7329 - Val PR-AUC: 0.1412
Epoch 47/100 - Loss: 0.0875 - Val F1: 0.2192 - Val ROC-AUC: 0.7372 - Val PR-AUC: 0.1556
Epoch 48/100 - Loss: 0.0911 - Val F1: 0.2439 - Val ROC-AUC: 0.7471 - Val PR-AUC: 0.1614
Epoch 49/100 - Loss: 0.0759 - Val F1: 0.2169 - Val ROC-AUC: 0.7351 - Val PR-AUC: 0.1580
Epoch 50/100 - Loss: 0.0900 - Val F1: 0.2316 - Val ROC-AUC: 0.7622 - Val PR-AUC: 0.1521
Epoch 51/100 - Loss: 0.0821 - Val F1: 0.2564 - Val ROC-AUC: 0.7354 - Val PR-AUC: 0.1455
Epoch 52/100 - Loss: 0.0790 - Val F1: 0.2637 - Val ROC-AUC: 0.7566 - Val PR-AUC: 0.1707
Epoch 53/100 - Loss: 0.0774 - Val F1: 0.2500 - Val ROC-AUC: 0.7447 - Val PR-AUC: 0.1531
Epoch 54/100 - Loss: 0.0885 - Val F1: 0.2045 - Val ROC-AUC: 0.7359 - Val PR-AUC: 0.1602
Epoch 55/100 - Loss: 0.0856 - Val F1: 0.2466 - Val ROC-AUC: 0.7433 - Val PR-AUC: 0.1550
Epoch 56/100 - Loss: 0.0784 - Val F1: 0.2466 - Val ROC-AUC: 0.7588 - Val PR-AUC: 0.1627
Epoch 57/100 - Loss: 0.0762 - Val F1: 0.2195 - Val ROC-AUC: 0.7536 - Val PR-AUC: 0.1470
Epoch 58/100 - Loss: 0.0771 - Val F1: 0.2500 - Val ROC-AUC: 0.7384 - Val PR-AUC: 0.1544
Epoch 59/100 - Loss: 0.0800 - Val F1: 0.2353 - Val ROC-AUC: 0.7467 - Val PR-AUC: 0.1548
Epoch 60/100 - Loss: 0.0736 - Val F1: 0.2619 - Val ROC-AUC: 0.7670 - Val PR-AUC: 0.1923
Epoch 61/100 - Loss: 0.0711 - Val F1: 0.2308 - Val ROC-AUC: 0.7500 - Val PR-AUC: 0.1564
Epoch 62/100 - Loss: 0.0768 - Val F1: 0.2286 - Val ROC-AUC: 0.7362 - Val PR-AUC: 0.1436
Epoch 63/100 - Loss: 0.0832 - Val F1: 0.2500 - Val ROC-AUC: 0.7561 - Val PR-AUC: 0.1537
Epoch 64/100 - Loss: 0.0736 - Val F1: 0.2308 - Val ROC-AUC: 0.7598 - Val PR-AUC: 0.1721
Epoch 65/100 - Loss: 0.0680 - Val F1: 0.2432 - Val ROC-AUC: 0.7529 - Val PR-AUC: 0.1607
Epoch 66/100 - Loss: 0.0705 - Val F1: 0.2466 - Val ROC-AUC: 0.7585 - Val PR-AUC: 0.1616
Epoch 67/100 - Loss: 0.0690 - Val F1: 0.2278 - Val ROC-AUC: 0.7615 - Val PR-AUC: 0.1693
Epoch 68/100 - Loss: 0.0760 - Val F1: 0.2532 - Val ROC-AUC: 0.7642 - Val PR-AUC: 0.1679
Epoch 69/100 - Loss: 0.0736 - Val F1: 0.2500 - Val ROC-AUC: 0.7553 - Val PR-AUC: 0.1634
Epoch 70/100 - Loss: 0.0742 - Val F1: 0.2609 - Val ROC-AUC: 0.7603 - Val PR-AUC: 0.1698
Epoch 71/100 - Loss: 0.0720 - Val F1: 0.2250 - Val ROC-AUC: 0.7661 - Val PR-AUC: 0.1724
Epoch 72/100 - Loss: 0.0845 - Val F1: 0.2703 - Val ROC-AUC: 0.7645 - Val PR-AUC: 0.1691
Epoch 73/100 - Loss: 0.0770 - Val F1: 0.2432 - Val ROC-AUC: 0.7659 - Val PR-AUC: 0.1682
Epoch 74/100 - Loss: 0.0743 - Val F1: 0.2368 - Val ROC-AUC: 0.7659 - Val PR-AUC: 0.1681
Epoch 75/100 - Loss: 0.0730 - Val F1: 0.2500 - Val ROC-AUC: 0.7621 - Val PR-AUC: 0.1751
Epoch 76/100 - Loss: 0.0740 - Val F1: 0.2222 - Val ROC-AUC: 0.7632 - Val PR-AUC: 0.1716
Epoch 77/100 - Loss: 0.0748 - Val F1: 0.2571 - Val ROC-AUC: 0.7587 - Val PR-AUC: 0.1634
Epoch 78/100 - Loss: 0.0733 - Val F1: 0.2667 - Val ROC-AUC: 0.7501 - Val PR-AUC: 0.1573
Epoch 79/100 - Loss: 0.0787 - Val F1: 0.2609 - Val ROC-AUC: 0.7563 - Val PR-AUC: 0.1686
Epoch 80/100 - Loss: 0.0687 - Val F1: 0.2338 - Val ROC-AUC: 0.7599 - Val PR-AUC: 0.1667
Epoch 81/100 - Loss: 0.0787 - Val F1: 0.2466 - Val ROC-AUC: 0.7658 - Val PR-AUC: 0.1716
Epoch 82/100 - Loss: 0.0736 - Val F1: 0.2432 - Val ROC-AUC: 0.7575 - Val PR-AUC: 0.1614
Epoch 83/100 - Loss: 0.0647 - Val F1: 0.2469 - Val ROC-AUC: 0.7572 - Val PR-AUC: 0.1606
Epoch 84/100 - Loss: 0.0725 - Val F1: 0.2432 - Val ROC-AUC: 0.7580 - Val PR-AUC: 0.1638
Epoch 85/100 - Loss: 0.0672 - Val F1: 0.2432 - Val ROC-AUC: 0.7574 - Val PR-AUC: 0.1654
Epoch 86/100 - Loss: 0.0655 - Val F1: 0.2535 - Val ROC-AUC: 0.7490 - Val PR-AUC: 0.1580
Epoch 87/100 - Loss: 0.0608 - Val F1: 0.2400 - Val ROC-AUC: 0.7588 - Val PR-AUC: 0.1587
Epoch 88/100 - Loss: 0.0732 - Val F1: 0.2500 - Val ROC-AUC: 0.7541 - Val PR-AUC: 0.1660
Epoch 89/100 - Loss: 0.0723 - Val F1: 0.2632 - Val ROC-AUC: 0.7660 - Val PR-AUC: 0.1722
Epoch 90/100 - Loss: 0.0699 - Val F1: 0.2195 - Val ROC-AUC: 0.7666 - Val PR-AUC: 0.1708
Epoch 91/100 - Loss: 0.0674 - Val F1: 0.2703 - Val ROC-AUC: 0.7558 - Val PR-AUC: 0.1579
Epoch 92/100 - Loss: 0.0779 - Val F1: 0.2439 - Val ROC-AUC: 0.7568 - Val PR-AUC: 0.1638
Epoch 93/100 - Loss: 0.0761 - Val F1: 0.2667 - Val ROC-AUC: 0.7582 - Val PR-AUC: 0.1620
Epoch 94/100 - Loss: 0.0763 - Val F1: 0.2381 - Val ROC-AUC: 0.7653 - Val PR-AUC: 0.1686
Epoch 95/100 - Loss: 0.0759 - Val F1: 0.2500 - Val ROC-AUC: 0.7629 - Val PR-AUC: 0.1710
Epoch 96/100 - Loss: 0.0733 - Val F1: 0.2368 - Val ROC-AUC: 0.7629 - Val PR-AUC: 0.1610
Epoch 97/100 - Loss: 0.0692 - Val F1: 0.2571 - Val ROC-AUC: 0.7553 - Val PR-AUC: 0.1585
Epoch 98/100 - Loss: 0.0668 - Val F1: 0.2750 - Val ROC-AUC: 0.7674 - Val PR-AUC: 0.1773
Epoch 99/100 - Loss: 0.0691 - Val F1: 0.2532 - Val ROC-AUC: 0.7629 - Val PR-AUC: 0.1645
Epoch 100/100 - Loss: 0.0682 - Val F1: 0.2535 - Val ROC-AUC: 0.7590 - Val PR-AUC: 0.1606
Pretraining completed. Test F1: 0.3333, ROC-AUC: 0.8041, PR-AUC: 0.3148
[3/4] Finetuning on TOX21_ERa_BLA_Agonist_ch2 using GIN_GCN...
[Fine-tune] Epoch 1/50 - Loss: 0.5713 - Val F1: 0.3275 - Val ROC-AUC: 0.8571 - Val PR-AUC: 0.2624
[Fine-tune] Epoch 2/50 - Loss: 0.4001 - Val F1: 0.2575 - Val ROC-AUC: 0.8655 - Val PR-AUC: 0.2882
[Fine-tune] Epoch 3/50 - Loss: 0.3744 - Val F1: 0.2326 - Val ROC-AUC: 0.8462 - Val PR-AUC: 0.2200
[Fine-tune] Epoch 4/50 - Loss: 0.3651 - Val F1: 0.3750 - Val ROC-AUC: 0.8780 - Val PR-AUC: 0.3195
[Fine-tune] Epoch 5/50 - Loss: 0.3268 - Val F1: 0.2818 - Val ROC-AUC: 0.8578 - Val PR-AUC: 0.3684
[Fine-tune] Epoch 6/50 - Loss: 0.2911 - Val F1: 0.2938 - Val ROC-AUC: 0.8326 - Val PR-AUC: 0.3591
[Fine-tune] Epoch 7/50 - Loss: 0.2864 - Val F1: 0.3205 - Val ROC-AUC: 0.8436 - Val PR-AUC: 0.2854
[Fine-tune] Epoch 8/50 - Loss: 0.2755 - Val F1: 0.2614 - Val ROC-AUC: 0.8340 - Val PR-AUC: 0.2240
[Fine-tune] Epoch 9/50 - Loss: 0.2492 - Val F1: 0.2500 - Val ROC-AUC: 0.8452 - Val PR-AUC: 0.2868
[Fine-tune] Epoch 10/50 - Loss: 0.2531 - Val F1: 0.3529 - Val ROC-AUC: 0.8555 - Val PR-AUC: 0.3086
[Fine-tune] Epoch 11/50 - Loss: 0.2083 - Val F1: 0.3551 - Val ROC-AUC: 0.8594 - Val PR-AUC: 0.3297
[Fine-tune] Epoch 12/50 - Loss: 0.1847 - Val F1: 0.2979 - Val ROC-AUC: 0.8377 - Val PR-AUC: 0.2793
[Fine-tune] Epoch 13/50 - Loss: 0.1927 - Val F1: 0.3108 - Val ROC-AUC: 0.8314 - Val PR-AUC: 0.3506
[Fine-tune] Epoch 14/50 - Loss: 0.1876 - Val F1: 0.3511 - Val ROC-AUC: 0.8244 - Val PR-AUC: 0.3169
[Fine-tune] Epoch 15/50 - Loss: 0.1716 - Val F1: 0.3385 - Val ROC-AUC: 0.8357 - Val PR-AUC: 0.3153
[Fine-tune] Epoch 16/50 - Loss: 0.1694 - Val F1: 0.3939 - Val ROC-AUC: 0.8638 - Val PR-AUC: 0.3449
[Fine-tune] Epoch 17/50 - Loss: 0.1611 - Val F1: 0.3968 - Val ROC-AUC: 0.8466 - Val PR-AUC: 0.3675
[Fine-tune] Epoch 18/50 - Loss: 0.1571 - Val F1: 0.3590 - Val ROC-AUC: 0.8321 - Val PR-AUC: 0.3842
[Fine-tune] Epoch 19/50 - Loss: 0.1385 - Val F1: 0.3471 - Val ROC-AUC: 0.8270 - Val PR-AUC: 0.3489
[Fine-tune] Epoch 20/50 - Loss: 0.1580 - Val F1: 0.3111 - Val ROC-AUC: 0.8195 - Val PR-AUC: 0.3138
[Fine-tune] Epoch 21/50 - Loss: 0.1271 - Val F1: 0.3077 - Val ROC-AUC: 0.8232 - Val PR-AUC: 0.2849
[Fine-tune] Epoch 22/50 - Loss: 0.1072 - Val F1: 0.3363 - Val ROC-AUC: 0.8341 - Val PR-AUC: 0.3316
[Fine-tune] Epoch 23/50 - Loss: 0.1091 - Val F1: 0.3509 - Val ROC-AUC: 0.8260 - Val PR-AUC: 0.3650
[Fine-tune] Epoch 24/50 - Loss: 0.1049 - Val F1: 0.3333 - Val ROC-AUC: 0.8292 - Val PR-AUC: 0.3312
[Fine-tune] Epoch 25/50 - Loss: 0.1051 - Val F1: 0.3717 - Val ROC-AUC: 0.8265 - Val PR-AUC: 0.3634
[Fine-tune] Epoch 26/50 - Loss: 0.1090 - Val F1: 0.3366 - Val ROC-AUC: 0.8325 - Val PR-AUC: 0.3548
[Fine-tune] Epoch 27/50 - Loss: 0.0944 - Val F1: 0.3333 - Val ROC-AUC: 0.8330 - Val PR-AUC: 0.3874
[Fine-tune] Epoch 28/50 - Loss: 0.1030 - Val F1: 0.3269 - Val ROC-AUC: 0.8322 - Val PR-AUC: 0.3317
[Fine-tune] Epoch 29/50 - Loss: 0.0985 - Val F1: 0.3400 - Val ROC-AUC: 0.8177 - Val PR-AUC: 0.3579
[Fine-tune] Epoch 30/50 - Loss: 0.0903 - Val F1: 0.3883 - Val ROC-AUC: 0.8436 - Val PR-AUC: 0.3981
[Fine-tune] Epoch 31/50 - Loss: 0.0885 - Val F1: 0.3462 - Val ROC-AUC: 0.8314 - Val PR-AUC: 0.3510
[Fine-tune] Epoch 32/50 - Loss: 0.0874 - Val F1: 0.3495 - Val ROC-AUC: 0.8297 - Val PR-AUC: 0.3558
[Fine-tune] Epoch 33/50 - Loss: 0.0873 - Val F1: 0.3918 - Val ROC-AUC: 0.8249 - Val PR-AUC: 0.3774
[Fine-tune] Epoch 34/50 - Loss: 0.0736 - Val F1: 0.3636 - Val ROC-AUC: 0.8150 - Val PR-AUC: 0.3511
[Fine-tune] Epoch 35/50 - Loss: 0.0692 - Val F1: 0.3918 - Val ROC-AUC: 0.8251 - Val PR-AUC: 0.3510
[Fine-tune] Epoch 36/50 - Loss: 0.0806 - Val F1: 0.3617 - Val ROC-AUC: 0.8201 - Val PR-AUC: 0.3361
[Fine-tune] Epoch 37/50 - Loss: 0.0811 - Val F1: 0.3619 - Val ROC-AUC: 0.8207 - Val PR-AUC: 0.3718
[Fine-tune] Epoch 38/50 - Loss: 0.0790 - Val F1: 0.3265 - Val ROC-AUC: 0.8004 - Val PR-AUC: 0.3214
[Fine-tune] Epoch 39/50 - Loss: 0.0805 - Val F1: 0.3750 - Val ROC-AUC: 0.8135 - Val PR-AUC: 0.3421
[Fine-tune] Epoch 40/50 - Loss: 0.0756 - Val F1: 0.3519 - Val ROC-AUC: 0.8137 - Val PR-AUC: 0.3456
[Fine-tune] Epoch 41/50 - Loss: 0.0758 - Val F1: 0.3469 - Val ROC-AUC: 0.8053 - Val PR-AUC: 0.3270
[Fine-tune] Epoch 42/50 - Loss: 0.0763 - Val F1: 0.3838 - Val ROC-AUC: 0.8096 - Val PR-AUC: 0.3276
[Fine-tune] Epoch 43/50 - Loss: 0.0672 - Val F1: 0.3762 - Val ROC-AUC: 0.8143 - Val PR-AUC: 0.3530
[Fine-tune] Epoch 44/50 - Loss: 0.0715 - Val F1: 0.3564 - Val ROC-AUC: 0.8103 - Val PR-AUC: 0.3490
[Fine-tune] Epoch 45/50 - Loss: 0.0736 - Val F1: 0.3636 - Val ROC-AUC: 0.8097 - Val PR-AUC: 0.3587
[Fine-tune] Epoch 46/50 - Loss: 0.0661 - Val F1: 0.3762 - Val ROC-AUC: 0.8054 - Val PR-AUC: 0.3738
[Fine-tune] Epoch 47/50 - Loss: 0.0571 - Val F1: 0.3656 - Val ROC-AUC: 0.8130 - Val PR-AUC: 0.3647
[Fine-tune] Epoch 48/50 - Loss: 0.0706 - Val F1: 0.3871 - Val ROC-AUC: 0.8104 - Val PR-AUC: 0.3751
[Fine-tune] Epoch 49/50 - Loss: 0.0636 - Val F1: 0.3505 - Val ROC-AUC: 0.8131 - Val PR-AUC: 0.3585
[Fine-tune] Epoch 50/50 - Loss: 0.0583 - Val F1: 0.3636 - Val ROC-AUC: 0.8144 - Val PR-AUC: 0.3608
Finetuning completed. Test F1: 0.2515, ROC-AUC: 0.7660, PR-AUC: 0.2500
[3.1/4] Target-only training on TOX21_ERa_BLA_Agonist_ch2 using GIN_GCN...
=== Target-only training ===
[Target-only] Epoch 1/50 – Loss: 0.5639  Val F1: 0.1992  ROC-AUC: 0.7828  PR-AUC: 0.2672
[Target-only] Epoch 2/50 – Loss: 0.5028  Val F1: 0.2257  ROC-AUC: 0.8280  PR-AUC: 0.2715
[Target-only] Epoch 3/50 – Loss: 0.4778  Val F1: 0.2430  ROC-AUC: 0.8231  PR-AUC: 0.2989
[Target-only] Epoch 4/50 – Loss: 0.4633  Val F1: 0.2475  ROC-AUC: 0.8136  PR-AUC: 0.2981
[Target-only] Epoch 5/50 – Loss: 0.4413  Val F1: 0.2462  ROC-AUC: 0.8296  PR-AUC: 0.3016
[Target-only] Epoch 6/50 – Loss: 0.4175  Val F1: 0.3312  ROC-AUC: 0.8265  PR-AUC: 0.3123
[Target-only] Epoch 7/50 – Loss: 0.3927  Val F1: 0.2821  ROC-AUC: 0.8349  PR-AUC: 0.3369
[Target-only] Epoch 8/50 – Loss: 0.3739  Val F1: 0.2674  ROC-AUC: 0.8109  PR-AUC: 0.2038
[Target-only] Epoch 9/50 – Loss: 0.3655  Val F1: 0.2198  ROC-AUC: 0.8480  PR-AUC: 0.2991
[Target-only] Epoch 10/50 – Loss: 0.3492  Val F1: 0.3306  ROC-AUC: 0.8106  PR-AUC: 0.2526
[Target-only] Epoch 11/50 – Loss: 0.3088  Val F1: 0.3000  ROC-AUC: 0.8212  PR-AUC: 0.3556
[Target-only] Epoch 12/50 – Loss: 0.2833  Val F1: 0.2822  ROC-AUC: 0.8292  PR-AUC: 0.4390
[Target-only] Epoch 13/50 – Loss: 0.2694  Val F1: 0.3465  ROC-AUC: 0.8163  PR-AUC: 0.4330
[Target-only] Epoch 14/50 – Loss: 0.2723  Val F1: 0.3697  ROC-AUC: 0.8005  PR-AUC: 0.3627
[Target-only] Epoch 15/50 – Loss: 0.2552  Val F1: 0.3117  ROC-AUC: 0.8199  PR-AUC: 0.3146
[Target-only] Epoch 16/50 – Loss: 0.2469  Val F1: 0.2568  ROC-AUC: 0.7992  PR-AUC: 0.3057
[Target-only] Epoch 17/50 – Loss: 0.2257  Val F1: 0.2953  ROC-AUC: 0.8260  PR-AUC: 0.3247
[Target-only] Epoch 18/50 – Loss: 0.2159  Val F1: 0.3034  ROC-AUC: 0.8452  PR-AUC: 0.3900
[Target-only] Epoch 19/50 – Loss: 0.2188  Val F1: 0.2993  ROC-AUC: 0.8401  PR-AUC: 0.4031
[Target-only] Epoch 20/50 – Loss: 0.1937  Val F1: 0.3256  ROC-AUC: 0.8073  PR-AUC: 0.3813
[Target-only] Epoch 21/50 – Loss: 0.1834  Val F1: 0.2812  ROC-AUC: 0.8258  PR-AUC: 0.3226
[Target-only] Epoch 22/50 – Loss: 0.1750  Val F1: 0.3115  ROC-AUC: 0.8203  PR-AUC: 0.3753
[Target-only] Epoch 23/50 – Loss: 0.1582  Val F1: 0.2769  ROC-AUC: 0.8015  PR-AUC: 0.3294
[Target-only] Epoch 24/50 – Loss: 0.1553  Val F1: 0.3359  ROC-AUC: 0.8148  PR-AUC: 0.3300
[Target-only] Epoch 25/50 – Loss: 0.1432  Val F1: 0.3551  ROC-AUC: 0.8348  PR-AUC: 0.3537
[Target-only] Epoch 26/50 – Loss: 0.1562  Val F1: 0.3220  ROC-AUC: 0.8428  PR-AUC: 0.3424
[Target-only] Epoch 27/50 – Loss: 0.1439  Val F1: 0.4000  ROC-AUC: 0.8226  PR-AUC: 0.3527
[Target-only] Epoch 28/50 – Loss: 0.1418  Val F1: 0.3364  ROC-AUC: 0.8347  PR-AUC: 0.3565
[Target-only] Epoch 29/50 – Loss: 0.1357  Val F1: 0.3486  ROC-AUC: 0.8125  PR-AUC: 0.3437
[Target-only] Epoch 30/50 – Loss: 0.1388  Val F1: 0.3492  ROC-AUC: 0.8163  PR-AUC: 0.3426
[Target-only] Epoch 31/50 – Loss: 0.1136  Val F1: 0.2931  ROC-AUC: 0.8389  PR-AUC: 0.3469
[Target-only] Epoch 32/50 – Loss: 0.1120  Val F1: 0.3883  ROC-AUC: 0.8364  PR-AUC: 0.3947
[Target-only] Epoch 33/50 – Loss: 0.1180  Val F1: 0.3434  ROC-AUC: 0.8298  PR-AUC: 0.3475
[Target-only] Epoch 34/50 – Loss: 0.1186  Val F1: 0.3148  ROC-AUC: 0.8220  PR-AUC: 0.2991
[Target-only] Epoch 35/50 – Loss: 0.1018  Val F1: 0.3299  ROC-AUC: 0.8165  PR-AUC: 0.3492
[Target-only] Epoch 36/50 – Loss: 0.1099  Val F1: 0.3423  ROC-AUC: 0.8293  PR-AUC: 0.3763
[Target-only] Epoch 37/50 – Loss: 0.1031  Val F1: 0.3238  ROC-AUC: 0.8160  PR-AUC: 0.3288
[Target-only] Epoch 38/50 – Loss: 0.1004  Val F1: 0.3186  ROC-AUC: 0.8314  PR-AUC: 0.3215
[Target-only] Epoch 39/50 – Loss: 0.1084  Val F1: 0.3333  ROC-AUC: 0.8119  PR-AUC: 0.3289
[Target-only] Epoch 40/50 – Loss: 0.1091  Val F1: 0.3600  ROC-AUC: 0.8222  PR-AUC: 0.3322
[Target-only] Epoch 41/50 – Loss: 0.0923  Val F1: 0.3519  ROC-AUC: 0.8208  PR-AUC: 0.3380
[Target-only] Epoch 42/50 – Loss: 0.0873  Val F1: 0.3366  ROC-AUC: 0.8226  PR-AUC: 0.3307
[Target-only] Epoch 43/50 – Loss: 0.0827  Val F1: 0.3429  ROC-AUC: 0.8249  PR-AUC: 0.3372
[Target-only] Epoch 44/50 – Loss: 0.0910  Val F1: 0.3301  ROC-AUC: 0.8202  PR-AUC: 0.3224
[Target-only] Epoch 45/50 – Loss: 0.0845  Val F1: 0.3600  ROC-AUC: 0.8228  PR-AUC: 0.3620
[Target-only] Epoch 46/50 – Loss: 0.0927  Val F1: 0.3333  ROC-AUC: 0.8174  PR-AUC: 0.3391
[Target-only] Epoch 47/50 – Loss: 0.1070  Val F1: 0.3478  ROC-AUC: 0.8154  PR-AUC: 0.3242
[Target-only] Epoch 48/50 – Loss: 0.0904  Val F1: 0.3789  ROC-AUC: 0.8245  PR-AUC: 0.3395
[Target-only] Epoch 49/50 – Loss: 0.0869  Val F1: 0.3711  ROC-AUC: 0.8321  PR-AUC: 0.3467
[Target-only] Epoch 50/50 – Loss: 0.0911  Val F1: 0.3429  ROC-AUC: 0.8232  PR-AUC: 0.3401
=== Target-only TEST performance ===
Test F1: 0.2969, ROC-AUC: 0.7857, PR-AUC: 0.2279
✅ 실험 완료: TOX21_ERa_BLA_Antagonist_viability -> TOX21_ERa_BLA_Agonist_ch2 [GIN_GCN]
