[1/4] Excel → CSV 변환 중...
Saved pretrain CSV for TOX21_ERa_BLA_Antagonist_ratio: data/sample/TOX21_ERa_BLA_Antagonist_ratio.csv
Saved pretrain CSV for TOX21_ERa_LUC_VM7_Agonist: data/sample/TOX21_ERa_LUC_VM7_Agonist.csv
Saved pretrain CSV for TOX21_ERa_BLA_Antagonist_viability: data/sample/TOX21_ERa_BLA_Antagonist_viability.csv
Saved pretrain CSV for TOX21_ERa_LUC_VM7_Antagonist_0.5nM_E2: data/sample/TOX21_ERa_LUC_VM7_Antagonist_0.5nM_E2.csv
Saved pretrain CSV for TOX21_ERa_BLA_Antagonist_ch2: data/sample/TOX21_ERa_BLA_Antagonist_ch2.csv
Saved pretrain CSV for TOX21_ERa_BLA_Antagonist_ch1: data/sample/TOX21_ERa_BLA_Antagonist_ch1.csv
Saved pretrain CSV for TOX21_ERa_LUC_VM7_Antagonist_0.5nM_E2_viability: data/sample/TOX21_ERa_LUC_VM7_Antagonist_0.5nM_E2_viability.csv
Saved pretrain CSV for TOX21_ERa_BLA_Agonist_ch2: data/sample/TOX21_ERa_BLA_Agonist_ch2.csv
Saved pretrain CSV for TOX21_ERa_BLA_Agonist_ch1: data/sample/TOX21_ERa_BLA_Agonist_ch1.csv
Saved pretrain CSV for TOX21_ERa_BLA_Agonist_ratio: data/sample/TOX21_ERa_BLA_Agonist_ratio.csv
Saved pretrain CSV for TOX21_ERb_BLA_Antagonist_ch1: data/sample/TOX21_ERb_BLA_Antagonist_ch1.csv
Saved pretrain CSV for TOX21_ERb_BLA_Antagonist_ch2: data/sample/TOX21_ERb_BLA_Antagonist_ch2.csv
Saved pretrain CSV for TOX21_ERb_BLA_Agonist_viability: data/sample/TOX21_ERb_BLA_Agonist_viability.csv
Saved pretrain CSV for TOX21_ERb_BLA_Agonist_ratio: data/sample/TOX21_ERb_BLA_Agonist_ratio.csv
Saved pretrain CSV for TOX21_ERb_BLA_Agonist_ch2: data/sample/TOX21_ERb_BLA_Agonist_ch2.csv
Saved pretrain CSV for TOX21_ERb_BLA_Agonist_ch1: data/sample/TOX21_ERb_BLA_Agonist_ch1.csv
Saved pretrain CSV for TOX21_ERR_LUC_Agonist: data/sample/TOX21_ERR_LUC_Agonist.csv
Saved pretrain CSV for TOX21_ERa_LUC_VM7_Agonist_10nM_ICI182780_viability: data/sample/TOX21_ERa_LUC_VM7_Agonist_10nM_ICI182780_viability.csv
Saved pretrain CSV for TOX21_ERa_LUC_VM7_Antagonist_0.1nM_E2: data/sample/TOX21_ERa_LUC_VM7_Antagonist_0.1nM_E2.csv
Saved pretrain CSV for TOX21_ERb_BLA_Antagonist_ratio: data/sample/TOX21_ERb_BLA_Antagonist_ratio.csv
Saved pretrain CSV for TOX21_ERa_LUC_VM7_Agonist_10nM_ICI182780: data/sample/TOX21_ERa_LUC_VM7_Agonist_10nM_ICI182780.csv
Saved pretrain CSV for TOX21_ERR_LUC_viability: data/sample/TOX21_ERR_LUC_viability.csv
Saved pretrain CSV for TOX21_ERR_LUC_Antagonist: data/sample/TOX21_ERR_LUC_Antagonist.csv
Saved pretrain CSV for TOX21_ERa_LUC_VM7_Antagonist_0.1nM_E2_viability: data/sample/TOX21_ERa_LUC_VM7_Antagonist_0.1nM_E2_viability.csv
Saved pretrain CSV for TOX21_ERb_BLA_Antagonist_viability: data/sample/TOX21_ERb_BLA_Antagonist_viability.csv
Saved finetune CSV for TOX21_ERa_BLA_Antagonist_ratio: data/sample/TOX21_ERa_BLA_Antagonist_ratio.csv
Saved finetune CSV for TOX21_ERa_LUC_VM7_Agonist: data/sample/TOX21_ERa_LUC_VM7_Agonist.csv
Saved finetune CSV for TOX21_ERa_BLA_Antagonist_viability: data/sample/TOX21_ERa_BLA_Antagonist_viability.csv
Saved finetune CSV for TOX21_ERa_LUC_VM7_Antagonist_0.5nM_E2: data/sample/TOX21_ERa_LUC_VM7_Antagonist_0.5nM_E2.csv
Saved finetune CSV for TOX21_ERa_BLA_Antagonist_ch2: data/sample/TOX21_ERa_BLA_Antagonist_ch2.csv
Saved finetune CSV for TOX21_ERa_BLA_Antagonist_ch1: data/sample/TOX21_ERa_BLA_Antagonist_ch1.csv
Saved finetune CSV for TOX21_ERa_LUC_VM7_Antagonist_0.5nM_E2_viability: data/sample/TOX21_ERa_LUC_VM7_Antagonist_0.5nM_E2_viability.csv
Saved finetune CSV for TOX21_ERa_BLA_Agonist_ch2: data/sample/TOX21_ERa_BLA_Agonist_ch2.csv
Saved finetune CSV for TOX21_ERa_BLA_Agonist_ch1: data/sample/TOX21_ERa_BLA_Agonist_ch1.csv
Saved finetune CSV for TOX21_ERa_BLA_Agonist_ratio: data/sample/TOX21_ERa_BLA_Agonist_ratio.csv
Saved finetune CSV for TOX21_ERb_BLA_Antagonist_ch1: data/sample/TOX21_ERb_BLA_Antagonist_ch1.csv
Saved finetune CSV for TOX21_ERb_BLA_Antagonist_ch2: data/sample/TOX21_ERb_BLA_Antagonist_ch2.csv
Saved finetune CSV for TOX21_ERb_BLA_Agonist_viability: data/sample/TOX21_ERb_BLA_Agonist_viability.csv
Saved finetune CSV for TOX21_ERb_BLA_Agonist_ratio: data/sample/TOX21_ERb_BLA_Agonist_ratio.csv
Saved finetune CSV for TOX21_ERb_BLA_Agonist_ch2: data/sample/TOX21_ERb_BLA_Agonist_ch2.csv
Saved finetune CSV for TOX21_ERb_BLA_Agonist_ch1: data/sample/TOX21_ERb_BLA_Agonist_ch1.csv
Saved finetune CSV for TOX21_ERR_LUC_Agonist: data/sample/TOX21_ERR_LUC_Agonist.csv
Saved finetune CSV for TOX21_ERa_LUC_VM7_Agonist_10nM_ICI182780_viability: data/sample/TOX21_ERa_LUC_VM7_Agonist_10nM_ICI182780_viability.csv
Saved finetune CSV for TOX21_ERa_LUC_VM7_Antagonist_0.1nM_E2: data/sample/TOX21_ERa_LUC_VM7_Antagonist_0.1nM_E2.csv
Saved finetune CSV for TOX21_ERb_BLA_Antagonist_ratio: data/sample/TOX21_ERb_BLA_Antagonist_ratio.csv
Saved finetune CSV for TOX21_ERa_LUC_VM7_Agonist_10nM_ICI182780: data/sample/TOX21_ERa_LUC_VM7_Agonist_10nM_ICI182780.csv
Saved finetune CSV for TOX21_ERR_LUC_viability: data/sample/TOX21_ERR_LUC_viability.csv
Saved finetune CSV for TOX21_ERR_LUC_Antagonist: data/sample/TOX21_ERR_LUC_Antagonist.csv
Saved finetune CSV for TOX21_ERa_LUC_VM7_Antagonist_0.1nM_E2_viability: data/sample/TOX21_ERa_LUC_VM7_Antagonist_0.1nM_E2_viability.csv
Saved finetune CSV for TOX21_ERb_BLA_Antagonist_viability: data/sample/TOX21_ERb_BLA_Antagonist_viability.csv
[2/4] Pretraining on TOX21_ERa_BLA_Antagonist_ratio using GIN_GCN...
Epoch 1/100 - Loss: 0.6234 - Val F1: 0.3188 - Val ROC-AUC: 0.7198 - Val PR-AUC: 0.2382
Epoch 2/100 - Loss: 0.5914 - Val F1: 0.3178 - Val ROC-AUC: 0.7439 - Val PR-AUC: 0.2651
Epoch 3/100 - Loss: 0.5739 - Val F1: 0.3190 - Val ROC-AUC: 0.7524 - Val PR-AUC: 0.2900
Epoch 4/100 - Loss: 0.5506 - Val F1: 0.3786 - Val ROC-AUC: 0.7812 - Val PR-AUC: 0.3110
Epoch 5/100 - Loss: 0.5439 - Val F1: 0.3554 - Val ROC-AUC: 0.7507 - Val PR-AUC: 0.2923
Epoch 6/100 - Loss: 0.5236 - Val F1: 0.3510 - Val ROC-AUC: 0.7742 - Val PR-AUC: 0.3041
Epoch 7/100 - Loss: 0.5315 - Val F1: 0.3823 - Val ROC-AUC: 0.7718 - Val PR-AUC: 0.3120
Epoch 8/100 - Loss: 0.5052 - Val F1: 0.3476 - Val ROC-AUC: 0.7633 - Val PR-AUC: 0.2770
Epoch 9/100 - Loss: 0.5168 - Val F1: 0.3716 - Val ROC-AUC: 0.7706 - Val PR-AUC: 0.3007
Epoch 10/100 - Loss: 0.5051 - Val F1: 0.3860 - Val ROC-AUC: 0.7787 - Val PR-AUC: 0.2953
Epoch 11/100 - Loss: 0.4747 - Val F1: 0.4010 - Val ROC-AUC: 0.7963 - Val PR-AUC: 0.3135
Epoch 12/100 - Loss: 0.4835 - Val F1: 0.4033 - Val ROC-AUC: 0.7921 - Val PR-AUC: 0.3087
Epoch 13/100 - Loss: 0.4581 - Val F1: 0.4067 - Val ROC-AUC: 0.7966 - Val PR-AUC: 0.3344
Epoch 14/100 - Loss: 0.4730 - Val F1: 0.3887 - Val ROC-AUC: 0.8040 - Val PR-AUC: 0.3574
Epoch 15/100 - Loss: 0.4602 - Val F1: 0.4211 - Val ROC-AUC: 0.7977 - Val PR-AUC: 0.3519
Epoch 16/100 - Loss: 0.4501 - Val F1: 0.3971 - Val ROC-AUC: 0.8105 - Val PR-AUC: 0.3815
Epoch 17/100 - Loss: 0.4544 - Val F1: 0.4381 - Val ROC-AUC: 0.7963 - Val PR-AUC: 0.3438
Epoch 18/100 - Loss: 0.4431 - Val F1: 0.4172 - Val ROC-AUC: 0.8044 - Val PR-AUC: 0.3583
Epoch 19/100 - Loss: 0.4331 - Val F1: 0.3979 - Val ROC-AUC: 0.8066 - Val PR-AUC: 0.3314
Epoch 20/100 - Loss: 0.4236 - Val F1: 0.4116 - Val ROC-AUC: 0.8056 - Val PR-AUC: 0.3612
Epoch 21/100 - Loss: 0.4284 - Val F1: 0.4058 - Val ROC-AUC: 0.8142 - Val PR-AUC: 0.3669
Epoch 22/100 - Loss: 0.3952 - Val F1: 0.4422 - Val ROC-AUC: 0.8172 - Val PR-AUC: 0.3713
Epoch 23/100 - Loss: 0.4012 - Val F1: 0.4101 - Val ROC-AUC: 0.8092 - Val PR-AUC: 0.3771
Epoch 24/100 - Loss: 0.3956 - Val F1: 0.4196 - Val ROC-AUC: 0.8134 - Val PR-AUC: 0.3619
Epoch 25/100 - Loss: 0.3917 - Val F1: 0.4242 - Val ROC-AUC: 0.8189 - Val PR-AUC: 0.3788
Epoch 26/100 - Loss: 0.4038 - Val F1: 0.4228 - Val ROC-AUC: 0.8125 - Val PR-AUC: 0.3474
Epoch 27/100 - Loss: 0.3878 - Val F1: 0.4425 - Val ROC-AUC: 0.8254 - Val PR-AUC: 0.3853
Epoch 28/100 - Loss: 0.3777 - Val F1: 0.4246 - Val ROC-AUC: 0.8232 - Val PR-AUC: 0.3737
Epoch 29/100 - Loss: 0.3787 - Val F1: 0.4444 - Val ROC-AUC: 0.8306 - Val PR-AUC: 0.3924
Epoch 30/100 - Loss: 0.3849 - Val F1: 0.3757 - Val ROC-AUC: 0.7956 - Val PR-AUC: 0.3495
Epoch 31/100 - Loss: 0.3606 - Val F1: 0.4207 - Val ROC-AUC: 0.8237 - Val PR-AUC: 0.3862
Epoch 32/100 - Loss: 0.3520 - Val F1: 0.4253 - Val ROC-AUC: 0.8300 - Val PR-AUC: 0.3835
Epoch 33/100 - Loss: 0.3540 - Val F1: 0.4232 - Val ROC-AUC: 0.8180 - Val PR-AUC: 0.3859
Epoch 34/100 - Loss: 0.3475 - Val F1: 0.4162 - Val ROC-AUC: 0.8231 - Val PR-AUC: 0.3803
Epoch 35/100 - Loss: 0.3404 - Val F1: 0.4248 - Val ROC-AUC: 0.8267 - Val PR-AUC: 0.3910
Epoch 36/100 - Loss: 0.3508 - Val F1: 0.4224 - Val ROC-AUC: 0.8234 - Val PR-AUC: 0.3838
Epoch 37/100 - Loss: 0.3420 - Val F1: 0.4217 - Val ROC-AUC: 0.8274 - Val PR-AUC: 0.3781
Epoch 38/100 - Loss: 0.3382 - Val F1: 0.4167 - Val ROC-AUC: 0.8198 - Val PR-AUC: 0.3631
Epoch 39/100 - Loss: 0.3259 - Val F1: 0.4327 - Val ROC-AUC: 0.8299 - Val PR-AUC: 0.3841
Epoch 40/100 - Loss: 0.3357 - Val F1: 0.4472 - Val ROC-AUC: 0.8296 - Val PR-AUC: 0.3878
Epoch 41/100 - Loss: 0.3279 - Val F1: 0.4286 - Val ROC-AUC: 0.8219 - Val PR-AUC: 0.3705
Epoch 42/100 - Loss: 0.3093 - Val F1: 0.4144 - Val ROC-AUC: 0.8231 - Val PR-AUC: 0.3710
Epoch 43/100 - Loss: 0.3106 - Val F1: 0.4138 - Val ROC-AUC: 0.8209 - Val PR-AUC: 0.3766
Epoch 44/100 - Loss: 0.3068 - Val F1: 0.4328 - Val ROC-AUC: 0.8269 - Val PR-AUC: 0.3815
Epoch 45/100 - Loss: 0.3088 - Val F1: 0.4194 - Val ROC-AUC: 0.8183 - Val PR-AUC: 0.3729
Epoch 46/100 - Loss: 0.3031 - Val F1: 0.4153 - Val ROC-AUC: 0.8177 - Val PR-AUC: 0.3617
Epoch 47/100 - Loss: 0.3075 - Val F1: 0.4371 - Val ROC-AUC: 0.8194 - Val PR-AUC: 0.3714
Epoch 48/100 - Loss: 0.3085 - Val F1: 0.4235 - Val ROC-AUC: 0.8202 - Val PR-AUC: 0.3657
Epoch 49/100 - Loss: 0.3088 - Val F1: 0.4192 - Val ROC-AUC: 0.8201 - Val PR-AUC: 0.3695
Epoch 50/100 - Loss: 0.3052 - Val F1: 0.4272 - Val ROC-AUC: 0.8132 - Val PR-AUC: 0.3587
Epoch 51/100 - Loss: 0.2990 - Val F1: 0.4146 - Val ROC-AUC: 0.8192 - Val PR-AUC: 0.3654
Epoch 52/100 - Loss: 0.2962 - Val F1: 0.4416 - Val ROC-AUC: 0.8208 - Val PR-AUC: 0.3669
Epoch 53/100 - Loss: 0.2993 - Val F1: 0.4400 - Val ROC-AUC: 0.8212 - Val PR-AUC: 0.3654
Epoch 54/100 - Loss: 0.2926 - Val F1: 0.4161 - Val ROC-AUC: 0.8158 - Val PR-AUC: 0.3608
Epoch 55/100 - Loss: 0.2881 - Val F1: 0.4351 - Val ROC-AUC: 0.8225 - Val PR-AUC: 0.3659
Epoch 56/100 - Loss: 0.3052 - Val F1: 0.4351 - Val ROC-AUC: 0.8147 - Val PR-AUC: 0.3557
Epoch 57/100 - Loss: 0.2906 - Val F1: 0.4183 - Val ROC-AUC: 0.8154 - Val PR-AUC: 0.3597
Epoch 58/100 - Loss: 0.2964 - Val F1: 0.4314 - Val ROC-AUC: 0.8126 - Val PR-AUC: 0.3561
Epoch 59/100 - Loss: 0.3031 - Val F1: 0.4233 - Val ROC-AUC: 0.8217 - Val PR-AUC: 0.3594
Epoch 60/100 - Loss: 0.2986 - Val F1: 0.4263 - Val ROC-AUC: 0.8174 - Val PR-AUC: 0.3588
Epoch 61/100 - Loss: 0.2918 - Val F1: 0.4194 - Val ROC-AUC: 0.8192 - Val PR-AUC: 0.3572
Epoch 62/100 - Loss: 0.2848 - Val F1: 0.4235 - Val ROC-AUC: 0.8141 - Val PR-AUC: 0.3550
Epoch 63/100 - Loss: 0.2793 - Val F1: 0.4342 - Val ROC-AUC: 0.8169 - Val PR-AUC: 0.3550
Epoch 64/100 - Loss: 0.2821 - Val F1: 0.4231 - Val ROC-AUC: 0.8218 - Val PR-AUC: 0.3630
Epoch 65/100 - Loss: 0.2928 - Val F1: 0.4345 - Val ROC-AUC: 0.8215 - Val PR-AUC: 0.3636
Epoch 66/100 - Loss: 0.2837 - Val F1: 0.4437 - Val ROC-AUC: 0.8213 - Val PR-AUC: 0.3614
Epoch 67/100 - Loss: 0.2855 - Val F1: 0.4356 - Val ROC-AUC: 0.8195 - Val PR-AUC: 0.3574
Epoch 68/100 - Loss: 0.2856 - Val F1: 0.4247 - Val ROC-AUC: 0.8185 - Val PR-AUC: 0.3584
Epoch 69/100 - Loss: 0.2823 - Val F1: 0.4479 - Val ROC-AUC: 0.8245 - Val PR-AUC: 0.3640
Epoch 70/100 - Loss: 0.2661 - Val F1: 0.4437 - Val ROC-AUC: 0.8234 - Val PR-AUC: 0.3674
Epoch 71/100 - Loss: 0.2914 - Val F1: 0.4423 - Val ROC-AUC: 0.8211 - Val PR-AUC: 0.3624
Epoch 72/100 - Loss: 0.2803 - Val F1: 0.4333 - Val ROC-AUC: 0.8203 - Val PR-AUC: 0.3628
Epoch 73/100 - Loss: 0.2717 - Val F1: 0.4342 - Val ROC-AUC: 0.8209 - Val PR-AUC: 0.3620
Epoch 74/100 - Loss: 0.2756 - Val F1: 0.4268 - Val ROC-AUC: 0.8242 - Val PR-AUC: 0.3669
Epoch 75/100 - Loss: 0.2826 - Val F1: 0.4174 - Val ROC-AUC: 0.8203 - Val PR-AUC: 0.3598
Epoch 76/100 - Loss: 0.2802 - Val F1: 0.4422 - Val ROC-AUC: 0.8233 - Val PR-AUC: 0.3620
Epoch 77/100 - Loss: 0.2699 - Val F1: 0.4299 - Val ROC-AUC: 0.8224 - Val PR-AUC: 0.3651
Epoch 78/100 - Loss: 0.2772 - Val F1: 0.4311 - Val ROC-AUC: 0.8190 - Val PR-AUC: 0.3635
Epoch 79/100 - Loss: 0.2789 - Val F1: 0.4220 - Val ROC-AUC: 0.8224 - Val PR-AUC: 0.3656
Epoch 80/100 - Loss: 0.2709 - Val F1: 0.4231 - Val ROC-AUC: 0.8196 - Val PR-AUC: 0.3592
Epoch 81/100 - Loss: 0.2835 - Val F1: 0.4161 - Val ROC-AUC: 0.8199 - Val PR-AUC: 0.3583
Epoch 82/100 - Loss: 0.2705 - Val F1: 0.4224 - Val ROC-AUC: 0.8175 - Val PR-AUC: 0.3565
Epoch 83/100 - Loss: 0.2763 - Val F1: 0.4360 - Val ROC-AUC: 0.8195 - Val PR-AUC: 0.3578
Epoch 84/100 - Loss: 0.2713 - Val F1: 0.4276 - Val ROC-AUC: 0.8203 - Val PR-AUC: 0.3583
Epoch 85/100 - Loss: 0.2682 - Val F1: 0.4263 - Val ROC-AUC: 0.8206 - Val PR-AUC: 0.3590
Epoch 86/100 - Loss: 0.2755 - Val F1: 0.4321 - Val ROC-AUC: 0.8204 - Val PR-AUC: 0.3600
Epoch 87/100 - Loss: 0.2808 - Val F1: 0.4268 - Val ROC-AUC: 0.8197 - Val PR-AUC: 0.3566
Epoch 88/100 - Loss: 0.2785 - Val F1: 0.4221 - Val ROC-AUC: 0.8214 - Val PR-AUC: 0.3601
Epoch 89/100 - Loss: 0.2780 - Val F1: 0.4114 - Val ROC-AUC: 0.8214 - Val PR-AUC: 0.3571
Epoch 90/100 - Loss: 0.2759 - Val F1: 0.4258 - Val ROC-AUC: 0.8193 - Val PR-AUC: 0.3564
Epoch 91/100 - Loss: 0.2733 - Val F1: 0.4314 - Val ROC-AUC: 0.8209 - Val PR-AUC: 0.3635
Epoch 92/100 - Loss: 0.2650 - Val F1: 0.4262 - Val ROC-AUC: 0.8170 - Val PR-AUC: 0.3543
Epoch 93/100 - Loss: 0.2769 - Val F1: 0.4323 - Val ROC-AUC: 0.8204 - Val PR-AUC: 0.3568
Epoch 94/100 - Loss: 0.2752 - Val F1: 0.4377 - Val ROC-AUC: 0.8217 - Val PR-AUC: 0.3600
Epoch 95/100 - Loss: 0.2696 - Val F1: 0.4422 - Val ROC-AUC: 0.8222 - Val PR-AUC: 0.3575
Epoch 96/100 - Loss: 0.2791 - Val F1: 0.4228 - Val ROC-AUC: 0.8173 - Val PR-AUC: 0.3586
Epoch 97/100 - Loss: 0.2770 - Val F1: 0.4255 - Val ROC-AUC: 0.8215 - Val PR-AUC: 0.3586
Epoch 98/100 - Loss: 0.2759 - Val F1: 0.4238 - Val ROC-AUC: 0.8194 - Val PR-AUC: 0.3568
Epoch 99/100 - Loss: 0.2707 - Val F1: 0.4286 - Val ROC-AUC: 0.8196 - Val PR-AUC: 0.3573
Epoch 100/100 - Loss: 0.2638 - Val F1: 0.4211 - Val ROC-AUC: 0.8214 - Val PR-AUC: 0.3599
Pretraining completed. Test F1: 0.4512, ROC-AUC: 0.7983, PR-AUC: 0.3749
[3/4] Finetuning on TOX21_ERa_LUC_VM7_Agonist_10nM_ICI182780 using GIN_GCN...
[Fine-tune] Epoch 1/50 - Loss: 0.2982 - Val F1: 0.1748 - Val ROC-AUC: 0.8487 - Val PR-AUC: 0.3233
[Fine-tune] Epoch 2/50 - Loss: 0.1949 - Val F1: 0.2712 - Val ROC-AUC: 0.7699 - Val PR-AUC: 0.3142
[Fine-tune] Epoch 3/50 - Loss: 0.1551 - Val F1: 0.2222 - Val ROC-AUC: 0.7740 - Val PR-AUC: 0.2829
[Fine-tune] Epoch 4/50 - Loss: 0.1403 - Val F1: 0.2105 - Val ROC-AUC: 0.8219 - Val PR-AUC: 0.2511
[Fine-tune] Epoch 5/50 - Loss: 0.1315 - Val F1: 0.2623 - Val ROC-AUC: 0.8403 - Val PR-AUC: 0.4138
[Fine-tune] Epoch 6/50 - Loss: 0.1165 - Val F1: 0.2333 - Val ROC-AUC: 0.7692 - Val PR-AUC: 0.3216
[Fine-tune] Epoch 7/50 - Loss: 0.1079 - Val F1: 0.2414 - Val ROC-AUC: 0.7795 - Val PR-AUC: 0.4082
[Fine-tune] Epoch 8/50 - Loss: 0.0879 - Val F1: 0.2759 - Val ROC-AUC: 0.8051 - Val PR-AUC: 0.3812
[Fine-tune] Epoch 9/50 - Loss: 0.1058 - Val F1: 0.2593 - Val ROC-AUC: 0.7807 - Val PR-AUC: 0.3554
[Fine-tune] Epoch 10/50 - Loss: 0.0895 - Val F1: 0.2642 - Val ROC-AUC: 0.7736 - Val PR-AUC: 0.4148
[Fine-tune] Epoch 11/50 - Loss: 0.0653 - Val F1: 0.3182 - Val ROC-AUC: 0.7450 - Val PR-AUC: 0.3291
[Fine-tune] Epoch 12/50 - Loss: 0.0589 - Val F1: 0.2692 - Val ROC-AUC: 0.7825 - Val PR-AUC: 0.4000
[Fine-tune] Epoch 13/50 - Loss: 0.0673 - Val F1: 0.2593 - Val ROC-AUC: 0.7587 - Val PR-AUC: 0.3822
[Fine-tune] Epoch 14/50 - Loss: 0.0583 - Val F1: 0.3182 - Val ROC-AUC: 0.7723 - Val PR-AUC: 0.4165
[Fine-tune] Epoch 15/50 - Loss: 0.0434 - Val F1: 0.3043 - Val ROC-AUC: 0.7614 - Val PR-AUC: 0.3059
[Fine-tune] Epoch 16/50 - Loss: 0.0637 - Val F1: 0.3043 - Val ROC-AUC: 0.7492 - Val PR-AUC: 0.4169
[Fine-tune] Epoch 17/50 - Loss: 0.0471 - Val F1: 0.3182 - Val ROC-AUC: 0.7638 - Val PR-AUC: 0.3513
[Fine-tune] Epoch 18/50 - Loss: 0.0555 - Val F1: 0.3000 - Val ROC-AUC: 0.7649 - Val PR-AUC: 0.3377
[Fine-tune] Epoch 19/50 - Loss: 0.0501 - Val F1: 0.3429 - Val ROC-AUC: 0.7903 - Val PR-AUC: 0.3541
[Fine-tune] Epoch 20/50 - Loss: 0.0416 - Val F1: 0.4000 - Val ROC-AUC: 0.8037 - Val PR-AUC: 0.3711
[Fine-tune] Epoch 21/50 - Loss: 0.0326 - Val F1: 0.3750 - Val ROC-AUC: 0.7926 - Val PR-AUC: 0.3654
[Fine-tune] Epoch 22/50 - Loss: 0.0289 - Val F1: 0.3684 - Val ROC-AUC: 0.7808 - Val PR-AUC: 0.3817
[Fine-tune] Epoch 23/50 - Loss: 0.0305 - Val F1: 0.3750 - Val ROC-AUC: 0.7963 - Val PR-AUC: 0.3730
[Fine-tune] Epoch 24/50 - Loss: 0.0245 - Val F1: 0.3429 - Val ROC-AUC: 0.7942 - Val PR-AUC: 0.3535
[Fine-tune] Epoch 25/50 - Loss: 0.0294 - Val F1: 0.3529 - Val ROC-AUC: 0.7638 - Val PR-AUC: 0.3330
[Fine-tune] Epoch 26/50 - Loss: 0.0349 - Val F1: 0.3636 - Val ROC-AUC: 0.7800 - Val PR-AUC: 0.3802
[Fine-tune] Epoch 27/50 - Loss: 0.0349 - Val F1: 0.3590 - Val ROC-AUC: 0.7769 - Val PR-AUC: 0.3890
[Fine-tune] Epoch 28/50 - Loss: 0.0278 - Val F1: 0.3684 - Val ROC-AUC: 0.8001 - Val PR-AUC: 0.3970
[Fine-tune] Epoch 29/50 - Loss: 0.0180 - Val F1: 0.2857 - Val ROC-AUC: 0.8023 - Val PR-AUC: 0.3639
[Fine-tune] Epoch 30/50 - Loss: 0.0256 - Val F1: 0.3636 - Val ROC-AUC: 0.7966 - Val PR-AUC: 0.4252
[Fine-tune] Epoch 31/50 - Loss: 0.0228 - Val F1: 0.4000 - Val ROC-AUC: 0.7970 - Val PR-AUC: 0.3916
[Fine-tune] Epoch 32/50 - Loss: 0.0210 - Val F1: 0.4000 - Val ROC-AUC: 0.8055 - Val PR-AUC: 0.4134
[Fine-tune] Epoch 33/50 - Loss: 0.0152 - Val F1: 0.4375 - Val ROC-AUC: 0.8068 - Val PR-AUC: 0.4068
[Fine-tune] Epoch 34/50 - Loss: 0.0250 - Val F1: 0.3243 - Val ROC-AUC: 0.8027 - Val PR-AUC: 0.4002
[Fine-tune] Epoch 35/50 - Loss: 0.0221 - Val F1: 0.3871 - Val ROC-AUC: 0.8021 - Val PR-AUC: 0.4165
[Fine-tune] Epoch 36/50 - Loss: 0.0153 - Val F1: 0.3636 - Val ROC-AUC: 0.7983 - Val PR-AUC: 0.3986
[Fine-tune] Epoch 37/50 - Loss: 0.0242 - Val F1: 0.3226 - Val ROC-AUC: 0.8094 - Val PR-AUC: 0.3873
[Fine-tune] Epoch 38/50 - Loss: 0.0270 - Val F1: 0.4000 - Val ROC-AUC: 0.8002 - Val PR-AUC: 0.3557
[Fine-tune] Epoch 39/50 - Loss: 0.0214 - Val F1: 0.3571 - Val ROC-AUC: 0.8040 - Val PR-AUC: 0.3949
[Fine-tune] Epoch 40/50 - Loss: 0.0202 - Val F1: 0.3871 - Val ROC-AUC: 0.8158 - Val PR-AUC: 0.4061
[Fine-tune] Epoch 41/50 - Loss: 0.0202 - Val F1: 0.3871 - Val ROC-AUC: 0.8070 - Val PR-AUC: 0.4140
[Fine-tune] Epoch 42/50 - Loss: 0.0146 - Val F1: 0.3529 - Val ROC-AUC: 0.8098 - Val PR-AUC: 0.4192
[Fine-tune] Epoch 43/50 - Loss: 0.0133 - Val F1: 0.3871 - Val ROC-AUC: 0.8003 - Val PR-AUC: 0.4044
[Fine-tune] Epoch 44/50 - Loss: 0.0161 - Val F1: 0.3750 - Val ROC-AUC: 0.7998 - Val PR-AUC: 0.4082
[Fine-tune] Epoch 45/50 - Loss: 0.0134 - Val F1: 0.3636 - Val ROC-AUC: 0.8183 - Val PR-AUC: 0.4110
[Fine-tune] Epoch 46/50 - Loss: 0.0206 - Val F1: 0.3636 - Val ROC-AUC: 0.8117 - Val PR-AUC: 0.3804
[Fine-tune] Epoch 47/50 - Loss: 0.0147 - Val F1: 0.3333 - Val ROC-AUC: 0.8165 - Val PR-AUC: 0.3886
[Fine-tune] Epoch 48/50 - Loss: 0.0171 - Val F1: 0.3636 - Val ROC-AUC: 0.8119 - Val PR-AUC: 0.3938
[Fine-tune] Epoch 49/50 - Loss: 0.0143 - Val F1: 0.3333 - Val ROC-AUC: 0.8100 - Val PR-AUC: 0.3873
[Fine-tune] Epoch 50/50 - Loss: 0.0206 - Val F1: 0.3750 - Val ROC-AUC: 0.8244 - Val PR-AUC: 0.4265
Finetuning completed. Test F1: 0.3684, ROC-AUC: 0.9067, PR-AUC: 0.2395
[3.1/4] Target-only training on TOX21_ERa_LUC_VM7_Agonist_10nM_ICI182780 using GIN_GCN...
=== Target-only training ===
[Target-only] Epoch 1/50 – Loss: 0.3696  Val F1: 0.2778  ROC-AUC: 0.8378  PR-AUC: 0.3469
[Target-only] Epoch 2/50 – Loss: 0.2790  Val F1: 0.1562  ROC-AUC: 0.8542  PR-AUC: 0.3653
[Target-only] Epoch 3/50 – Loss: 0.2395  Val F1: 0.2647  ROC-AUC: 0.8379  PR-AUC: 0.3067
[Target-only] Epoch 4/50 – Loss: 0.1959  Val F1: 0.2045  ROC-AUC: 0.8377  PR-AUC: 0.4035
[Target-only] Epoch 5/50 – Loss: 0.1802  Val F1: 0.2308  ROC-AUC: 0.8349  PR-AUC: 0.2597
[Target-only] Epoch 6/50 – Loss: 0.1821  Val F1: 0.2118  ROC-AUC: 0.8013  PR-AUC: 0.3705
[Target-only] Epoch 7/50 – Loss: 0.1610  Val F1: 0.2727  ROC-AUC: 0.7929  PR-AUC: 0.4648
[Target-only] Epoch 8/50 – Loss: 0.1329  Val F1: 0.3000  ROC-AUC: 0.8436  PR-AUC: 0.2781
[Target-only] Epoch 9/50 – Loss: 0.1159  Val F1: 0.3137  ROC-AUC: 0.7721  PR-AUC: 0.4041
[Target-only] Epoch 10/50 – Loss: 0.1266  Val F1: 0.2769  ROC-AUC: 0.8374  PR-AUC: 0.3548
[Target-only] Epoch 11/50 – Loss: 0.1027  Val F1: 0.3077  ROC-AUC: 0.8301  PR-AUC: 0.3376
[Target-only] Epoch 12/50 – Loss: 0.0960  Val F1: 0.2667  ROC-AUC: 0.8131  PR-AUC: 0.3696
[Target-only] Epoch 13/50 – Loss: 0.0799  Val F1: 0.2903  ROC-AUC: 0.7775  PR-AUC: 0.2938
[Target-only] Epoch 14/50 – Loss: 0.0866  Val F1: 0.3137  ROC-AUC: 0.8261  PR-AUC: 0.3922
[Target-only] Epoch 15/50 – Loss: 0.0739  Val F1: 0.3019  ROC-AUC: 0.8343  PR-AUC: 0.2593
[Target-only] Epoch 16/50 – Loss: 0.0715  Val F1: 0.3137  ROC-AUC: 0.8144  PR-AUC: 0.3429
[Target-only] Epoch 17/50 – Loss: 0.0750  Val F1: 0.2917  ROC-AUC: 0.7991  PR-AUC: 0.2651
[Target-only] Epoch 18/50 – Loss: 0.0637  Val F1: 0.3500  ROC-AUC: 0.7589  PR-AUC: 0.3671
[Target-only] Epoch 19/50 – Loss: 0.0600  Val F1: 0.3333  ROC-AUC: 0.7602  PR-AUC: 0.2487
[Target-only] Epoch 20/50 – Loss: 0.0563  Val F1: 0.2745  ROC-AUC: 0.7763  PR-AUC: 0.2593
[Target-only] Epoch 21/50 – Loss: 0.0581  Val F1: 0.3500  ROC-AUC: 0.7846  PR-AUC: 0.2423
[Target-only] Epoch 22/50 – Loss: 0.0514  Val F1: 0.3500  ROC-AUC: 0.8054  PR-AUC: 0.2832
[Target-only] Epoch 23/50 – Loss: 0.0406  Val F1: 0.2800  ROC-AUC: 0.7954  PR-AUC: 0.2332
[Target-only] Epoch 24/50 – Loss: 0.0515  Val F1: 0.2857  ROC-AUC: 0.7955  PR-AUC: 0.2899
[Target-only] Epoch 25/50 – Loss: 0.0435  Val F1: 0.3500  ROC-AUC: 0.8129  PR-AUC: 0.3490
[Target-only] Epoch 26/50 – Loss: 0.0495  Val F1: 0.2800  ROC-AUC: 0.8287  PR-AUC: 0.3916
[Target-only] Epoch 27/50 – Loss: 0.0476  Val F1: 0.2979  ROC-AUC: 0.8184  PR-AUC: 0.3918
[Target-only] Epoch 28/50 – Loss: 0.0372  Val F1: 0.3784  ROC-AUC: 0.8105  PR-AUC: 0.2351
[Target-only] Epoch 29/50 – Loss: 0.0384  Val F1: 0.3243  ROC-AUC: 0.7833  PR-AUC: 0.2071
[Target-only] Epoch 30/50 – Loss: 0.0318  Val F1: 0.3684  ROC-AUC: 0.8121  PR-AUC: 0.2569
[Target-only] Epoch 31/50 – Loss: 0.0378  Val F1: 0.3784  ROC-AUC: 0.8066  PR-AUC: 0.2459
[Target-only] Epoch 32/50 – Loss: 0.0309  Val F1: 0.2857  ROC-AUC: 0.7959  PR-AUC: 0.2369
[Target-only] Epoch 33/50 – Loss: 0.0335  Val F1: 0.3415  ROC-AUC: 0.8044  PR-AUC: 0.3141
[Target-only] Epoch 34/50 – Loss: 0.0339  Val F1: 0.3077  ROC-AUC: 0.7809  PR-AUC: 0.2375
[Target-only] Epoch 35/50 – Loss: 0.0314  Val F1: 0.3889  ROC-AUC: 0.8032  PR-AUC: 0.3015
[Target-only] Epoch 36/50 – Loss: 0.0267  Val F1: 0.3077  ROC-AUC: 0.8040  PR-AUC: 0.3077
[Target-only] Epoch 37/50 – Loss: 0.0291  Val F1: 0.3243  ROC-AUC: 0.8216  PR-AUC: 0.2326
[Target-only] Epoch 38/50 – Loss: 0.0295  Val F1: 0.3889  ROC-AUC: 0.8086  PR-AUC: 0.2918
[Target-only] Epoch 39/50 – Loss: 0.0277  Val F1: 0.4242  ROC-AUC: 0.8107  PR-AUC: 0.3060
[Target-only] Epoch 40/50 – Loss: 0.0296  Val F1: 0.2564  ROC-AUC: 0.8046  PR-AUC: 0.2570
[Target-only] Epoch 41/50 – Loss: 0.0244  Val F1: 0.3030  ROC-AUC: 0.8010  PR-AUC: 0.2708
[Target-only] Epoch 42/50 – Loss: 0.0213  Val F1: 0.3750  ROC-AUC: 0.8005  PR-AUC: 0.2810
[Target-only] Epoch 43/50 – Loss: 0.0235  Val F1: 0.3684  ROC-AUC: 0.8215  PR-AUC: 0.3040
[Target-only] Epoch 44/50 – Loss: 0.0278  Val F1: 0.3750  ROC-AUC: 0.8196  PR-AUC: 0.2242
[Target-only] Epoch 45/50 – Loss: 0.0253  Val F1: 0.3333  ROC-AUC: 0.8100  PR-AUC: 0.3051
[Target-only] Epoch 46/50 – Loss: 0.0232  Val F1: 0.3448  ROC-AUC: 0.8075  PR-AUC: 0.2647
[Target-only] Epoch 47/50 – Loss: 0.0259  Val F1: 0.3333  ROC-AUC: 0.7946  PR-AUC: 0.2391
[Target-only] Epoch 48/50 – Loss: 0.0223  Val F1: 0.3226  ROC-AUC: 0.8191  PR-AUC: 0.2612
[Target-only] Epoch 49/50 – Loss: 0.0238  Val F1: 0.4000  ROC-AUC: 0.8056  PR-AUC: 0.3031
[Target-only] Epoch 50/50 – Loss: 0.0214  Val F1: 0.3750  ROC-AUC: 0.8109  PR-AUC: 0.3009
=== Target-only TEST performance ===
Test F1: 0.2791, ROC-AUC: 0.8723, PR-AUC: 0.1796
✅ 실험 완료: TOX21_ERa_BLA_Antagonist_ratio -> TOX21_ERa_LUC_VM7_Agonist_10nM_ICI182780 [GIN_GCN]
