[11:01:53] Can't kekulize mol.  Unkekulized atoms: 1 2 3 4 5
[11:01:54] Explicit valence for atom # 0 Cl, 2, is greater than permitted
[11:01:54] Can't kekulize mol.  Unkekulized atoms: 3 4 5 6 7
[11:01:55] Can't kekulize mol.  Unkekulized atoms: 3 4 5 6 7
[11:01:55] WARNING: not removing hydrogen atom without neighbors
[11:01:57] Explicit valence for atom # 3 Si, 8, is greater than permitted
[11:01:58] Can't kekulize mol.  Unkekulized atoms: 1 2 3 4 5
[11:01:58] Can't kekulize mol.  Unkekulized atoms: 3 4 5 6 7
[11:01:58] Can't kekulize mol.  Unkekulized atoms: 1 2 3 4 5
[11:01:58] WARNING: not removing hydrogen atom without neighbors
[11:01:59] Can't kekulize mol.  Unkekulized atoms: 1 2 3 4 5
[11:01:59] Explicit valence for atom # 6 O, 3, is greater than permitted
[11:01:59] Explicit valence for atom # 3 Si, 8, is greater than permitted
[11:01:59] Explicit valence for atom # 0 Cl, 2, is greater than permitted
[11:04:28] Can't kekulize mol.  Unkekulized atoms: 1 2 3 4 5
[11:04:28] Explicit valence for atom # 0 Cl, 2, is greater than permitted
[11:04:29] Can't kekulize mol.  Unkekulized atoms: 3 4 5 6 7
[11:04:30] Can't kekulize mol.  Unkekulized atoms: 3 4 5 6 7
[11:04:32] Can't kekulize mol.  Unkekulized atoms: 1 2 3 4 5
[11:04:32] Can't kekulize mol.  Unkekulized atoms: 3 4 5 6 7
[11:04:32] Can't kekulize mol.  Unkekulized atoms: 1 2 3 4 5
[11:04:33] WARNING: not removing hydrogen atom without neighbors
[11:04:33] Can't kekulize mol.  Unkekulized atoms: 1 2 3 4 5
[11:04:33] Explicit valence for atom # 6 O, 3, is greater than permitted
[11:04:33] Explicit valence for atom # 3 Si, 8, is greater than permitted
[11:04:33] Explicit valence for atom # 0 Cl, 2, is greater than permitted
[11:05:48] Can't kekulize mol.  Unkekulized atoms: 1 2 3 4 5
[11:05:48] Explicit valence for atom # 0 Cl, 2, is greater than permitted
[11:05:49] Can't kekulize mol.  Unkekulized atoms: 3 4 5 6 7
[11:05:50] Can't kekulize mol.  Unkekulized atoms: 3 4 5 6 7
[11:05:52] Can't kekulize mol.  Unkekulized atoms: 1 2 3 4 5
[11:05:52] Can't kekulize mol.  Unkekulized atoms: 3 4 5 6 7
[11:05:53] Can't kekulize mol.  Unkekulized atoms: 1 2 3 4 5
[11:05:53] WARNING: not removing hydrogen atom without neighbors
[11:05:53] Can't kekulize mol.  Unkekulized atoms: 1 2 3 4 5
[11:05:53] Explicit valence for atom # 6 O, 3, is greater than permitted
[11:05:53] Explicit valence for atom # 3 Si, 8, is greater than permitted
[11:05:53] Explicit valence for atom # 0 Cl, 2, is greater than permitted
