[1/4] Excel → CSV 변환 중...
Saved pretrain CSV for TOX21_ERa_BLA_Antagonist_ratio: data/sample/TOX21_ERa_BLA_Antagonist_ratio.csv
Saved pretrain CSV for TOX21_ERa_LUC_VM7_Agonist: data/sample/TOX21_ERa_LUC_VM7_Agonist.csv
Saved pretrain CSV for TOX21_ERa_BLA_Antagonist_viability: data/sample/TOX21_ERa_BLA_Antagonist_viability.csv
Saved pretrain CSV for TOX21_ERa_LUC_VM7_Antagonist_0.5nM_E2: data/sample/TOX21_ERa_LUC_VM7_Antagonist_0.5nM_E2.csv
Saved pretrain CSV for TOX21_ERa_BLA_Antagonist_ch2: data/sample/TOX21_ERa_BLA_Antagonist_ch2.csv
Saved pretrain CSV for TOX21_ERa_BLA_Antagonist_ch1: data/sample/TOX21_ERa_BLA_Antagonist_ch1.csv
Saved pretrain CSV for TOX21_ERa_LUC_VM7_Antagonist_0.5nM_E2_viability: data/sample/TOX21_ERa_LUC_VM7_Antagonist_0.5nM_E2_viability.csv
Saved pretrain CSV for TOX21_ERa_BLA_Agonist_ch2: data/sample/TOX21_ERa_BLA_Agonist_ch2.csv
Saved pretrain CSV for TOX21_ERa_BLA_Agonist_ch1: data/sample/TOX21_ERa_BLA_Agonist_ch1.csv
Saved pretrain CSV for TOX21_ERa_BLA_Agonist_ratio: data/sample/TOX21_ERa_BLA_Agonist_ratio.csv
Saved pretrain CSV for TOX21_ERb_BLA_Antagonist_ch1: data/sample/TOX21_ERb_BLA_Antagonist_ch1.csv
Saved pretrain CSV for TOX21_ERb_BLA_Antagonist_ch2: data/sample/TOX21_ERb_BLA_Antagonist_ch2.csv
Saved pretrain CSV for TOX21_ERb_BLA_Agonist_viability: data/sample/TOX21_ERb_BLA_Agonist_viability.csv
Saved pretrain CSV for TOX21_ERb_BLA_Agonist_ratio: data/sample/TOX21_ERb_BLA_Agonist_ratio.csv
Saved pretrain CSV for TOX21_ERb_BLA_Agonist_ch2: data/sample/TOX21_ERb_BLA_Agonist_ch2.csv
Saved pretrain CSV for TOX21_ERb_BLA_Agonist_ch1: data/sample/TOX21_ERb_BLA_Agonist_ch1.csv
Saved pretrain CSV for TOX21_ERR_LUC_Agonist: data/sample/TOX21_ERR_LUC_Agonist.csv
Saved pretrain CSV for TOX21_ERa_LUC_VM7_Agonist_10nM_ICI182780_viability: data/sample/TOX21_ERa_LUC_VM7_Agonist_10nM_ICI182780_viability.csv
Saved pretrain CSV for TOX21_ERa_LUC_VM7_Antagonist_0.1nM_E2: data/sample/TOX21_ERa_LUC_VM7_Antagonist_0.1nM_E2.csv
Saved pretrain CSV for TOX21_ERb_BLA_Antagonist_ratio: data/sample/TOX21_ERb_BLA_Antagonist_ratio.csv
Saved pretrain CSV for TOX21_ERa_LUC_VM7_Agonist_10nM_ICI182780: data/sample/TOX21_ERa_LUC_VM7_Agonist_10nM_ICI182780.csv
Saved pretrain CSV for TOX21_ERR_LUC_viability: data/sample/TOX21_ERR_LUC_viability.csv
Saved pretrain CSV for TOX21_ERR_LUC_Antagonist: data/sample/TOX21_ERR_LUC_Antagonist.csv
Saved pretrain CSV for TOX21_ERa_LUC_VM7_Antagonist_0.1nM_E2_viability: data/sample/TOX21_ERa_LUC_VM7_Antagonist_0.1nM_E2_viability.csv
Saved pretrain CSV for TOX21_ERb_BLA_Antagonist_viability: data/sample/TOX21_ERb_BLA_Antagonist_viability.csv
Saved finetune CSV for TOX21_ERa_BLA_Antagonist_ratio: data/sample/TOX21_ERa_BLA_Antagonist_ratio.csv
Saved finetune CSV for TOX21_ERa_LUC_VM7_Agonist: data/sample/TOX21_ERa_LUC_VM7_Agonist.csv
Saved finetune CSV for TOX21_ERa_BLA_Antagonist_viability: data/sample/TOX21_ERa_BLA_Antagonist_viability.csv
Saved finetune CSV for TOX21_ERa_LUC_VM7_Antagonist_0.5nM_E2: data/sample/TOX21_ERa_LUC_VM7_Antagonist_0.5nM_E2.csv
Saved finetune CSV for TOX21_ERa_BLA_Antagonist_ch2: data/sample/TOX21_ERa_BLA_Antagonist_ch2.csv
Saved finetune CSV for TOX21_ERa_BLA_Antagonist_ch1: data/sample/TOX21_ERa_BLA_Antagonist_ch1.csv
Saved finetune CSV for TOX21_ERa_LUC_VM7_Antagonist_0.5nM_E2_viability: data/sample/TOX21_ERa_LUC_VM7_Antagonist_0.5nM_E2_viability.csv
Saved finetune CSV for TOX21_ERa_BLA_Agonist_ch2: data/sample/TOX21_ERa_BLA_Agonist_ch2.csv
Saved finetune CSV for TOX21_ERa_BLA_Agonist_ch1: data/sample/TOX21_ERa_BLA_Agonist_ch1.csv
Saved finetune CSV for TOX21_ERa_BLA_Agonist_ratio: data/sample/TOX21_ERa_BLA_Agonist_ratio.csv
Saved finetune CSV for TOX21_ERb_BLA_Antagonist_ch1: data/sample/TOX21_ERb_BLA_Antagonist_ch1.csv
Saved finetune CSV for TOX21_ERb_BLA_Antagonist_ch2: data/sample/TOX21_ERb_BLA_Antagonist_ch2.csv
Saved finetune CSV for TOX21_ERb_BLA_Agonist_viability: data/sample/TOX21_ERb_BLA_Agonist_viability.csv
Saved finetune CSV for TOX21_ERb_BLA_Agonist_ratio: data/sample/TOX21_ERb_BLA_Agonist_ratio.csv
Saved finetune CSV for TOX21_ERb_BLA_Agonist_ch2: data/sample/TOX21_ERb_BLA_Agonist_ch2.csv
Saved finetune CSV for TOX21_ERb_BLA_Agonist_ch1: data/sample/TOX21_ERb_BLA_Agonist_ch1.csv
Saved finetune CSV for TOX21_ERR_LUC_Agonist: data/sample/TOX21_ERR_LUC_Agonist.csv
Saved finetune CSV for TOX21_ERa_LUC_VM7_Agonist_10nM_ICI182780_viability: data/sample/TOX21_ERa_LUC_VM7_Agonist_10nM_ICI182780_viability.csv
Saved finetune CSV for TOX21_ERa_LUC_VM7_Antagonist_0.1nM_E2: data/sample/TOX21_ERa_LUC_VM7_Antagonist_0.1nM_E2.csv
Saved finetune CSV for TOX21_ERb_BLA_Antagonist_ratio: data/sample/TOX21_ERb_BLA_Antagonist_ratio.csv
Saved finetune CSV for TOX21_ERa_LUC_VM7_Agonist_10nM_ICI182780: data/sample/TOX21_ERa_LUC_VM7_Agonist_10nM_ICI182780.csv
Saved finetune CSV for TOX21_ERR_LUC_viability: data/sample/TOX21_ERR_LUC_viability.csv
Saved finetune CSV for TOX21_ERR_LUC_Antagonist: data/sample/TOX21_ERR_LUC_Antagonist.csv
Saved finetune CSV for TOX21_ERa_LUC_VM7_Antagonist_0.1nM_E2_viability: data/sample/TOX21_ERa_LUC_VM7_Antagonist_0.1nM_E2_viability.csv
Saved finetune CSV for TOX21_ERb_BLA_Antagonist_viability: data/sample/TOX21_ERb_BLA_Antagonist_viability.csv
[2/4] Pretraining on TOX21_ERa_BLA_Antagonist_viability using GIN_GCN...
Epoch 1/100 - Loss: 0.5610 - Val F1: 0.1155 - Val ROC-AUC: 0.7339 - Val PR-AUC: 0.1012
Epoch 2/100 - Loss: 0.4916 - Val F1: 0.1266 - Val ROC-AUC: 0.7683 - Val PR-AUC: 0.1268
Epoch 3/100 - Loss: 0.4498 - Val F1: 0.1477 - Val ROC-AUC: 0.7533 - Val PR-AUC: 0.0997
Epoch 4/100 - Loss: 0.4315 - Val F1: 0.1504 - Val ROC-AUC: 0.7335 - Val PR-AUC: 0.1179
Epoch 5/100 - Loss: 0.3984 - Val F1: 0.1692 - Val ROC-AUC: 0.7178 - Val PR-AUC: 0.1625
Epoch 6/100 - Loss: 0.3558 - Val F1: 0.1833 - Val ROC-AUC: 0.7609 - Val PR-AUC: 0.1624
Epoch 7/100 - Loss: 0.3222 - Val F1: 0.1849 - Val ROC-AUC: 0.8098 - Val PR-AUC: 0.1239
Epoch 8/100 - Loss: 0.3335 - Val F1: 0.1829 - Val ROC-AUC: 0.7730 - Val PR-AUC: 0.1329
Epoch 9/100 - Loss: 0.3086 - Val F1: 0.1576 - Val ROC-AUC: 0.7747 - Val PR-AUC: 0.1431
Epoch 10/100 - Loss: 0.2947 - Val F1: 0.1786 - Val ROC-AUC: 0.7580 - Val PR-AUC: 0.0998
Epoch 11/100 - Loss: 0.2510 - Val F1: 0.1611 - Val ROC-AUC: 0.7705 - Val PR-AUC: 0.1562
Epoch 12/100 - Loss: 0.2358 - Val F1: 0.1618 - Val ROC-AUC: 0.7609 - Val PR-AUC: 0.1503
Epoch 13/100 - Loss: 0.2266 - Val F1: 0.1642 - Val ROC-AUC: 0.7654 - Val PR-AUC: 0.1705
Epoch 14/100 - Loss: 0.2011 - Val F1: 0.1439 - Val ROC-AUC: 0.7585 - Val PR-AUC: 0.1443
Epoch 15/100 - Loss: 0.2204 - Val F1: 0.1898 - Val ROC-AUC: 0.7769 - Val PR-AUC: 0.1846
Epoch 16/100 - Loss: 0.2076 - Val F1: 0.1636 - Val ROC-AUC: 0.7537 - Val PR-AUC: 0.1634
Epoch 17/100 - Loss: 0.1986 - Val F1: 0.1594 - Val ROC-AUC: 0.7476 - Val PR-AUC: 0.1402
Epoch 18/100 - Loss: 0.1952 - Val F1: 0.2034 - Val ROC-AUC: 0.7306 - Val PR-AUC: 0.1355
Epoch 19/100 - Loss: 0.1874 - Val F1: 0.1630 - Val ROC-AUC: 0.7634 - Val PR-AUC: 0.1489
Epoch 20/100 - Loss: 0.1798 - Val F1: 0.1692 - Val ROC-AUC: 0.7389 - Val PR-AUC: 0.1810
Epoch 21/100 - Loss: 0.1631 - Val F1: 0.1569 - Val ROC-AUC: 0.7611 - Val PR-AUC: 0.1881
Epoch 22/100 - Loss: 0.1572 - Val F1: 0.1802 - Val ROC-AUC: 0.7545 - Val PR-AUC: 0.1774
Epoch 23/100 - Loss: 0.1394 - Val F1: 0.1913 - Val ROC-AUC: 0.7518 - Val PR-AUC: 0.1606
Epoch 24/100 - Loss: 0.1424 - Val F1: 0.2136 - Val ROC-AUC: 0.7495 - Val PR-AUC: 0.1909
Epoch 25/100 - Loss: 0.1309 - Val F1: 0.1961 - Val ROC-AUC: 0.7523 - Val PR-AUC: 0.1883
Epoch 26/100 - Loss: 0.1379 - Val F1: 0.2222 - Val ROC-AUC: 0.7474 - Val PR-AUC: 0.1805
Epoch 27/100 - Loss: 0.1359 - Val F1: 0.1887 - Val ROC-AUC: 0.7518 - Val PR-AUC: 0.1570
Epoch 28/100 - Loss: 0.1462 - Val F1: 0.1613 - Val ROC-AUC: 0.7416 - Val PR-AUC: 0.1872
Epoch 29/100 - Loss: 0.1279 - Val F1: 0.2264 - Val ROC-AUC: 0.7529 - Val PR-AUC: 0.1954
Epoch 30/100 - Loss: 0.1242 - Val F1: 0.1961 - Val ROC-AUC: 0.7497 - Val PR-AUC: 0.1447
Epoch 31/100 - Loss: 0.1154 - Val F1: 0.1980 - Val ROC-AUC: 0.7439 - Val PR-AUC: 0.1682
Epoch 32/100 - Loss: 0.1057 - Val F1: 0.1649 - Val ROC-AUC: 0.7264 - Val PR-AUC: 0.1611
Epoch 33/100 - Loss: 0.1050 - Val F1: 0.1961 - Val ROC-AUC: 0.7348 - Val PR-AUC: 0.1835
Epoch 34/100 - Loss: 0.1053 - Val F1: 0.1569 - Val ROC-AUC: 0.7406 - Val PR-AUC: 0.1688
Epoch 35/100 - Loss: 0.1082 - Val F1: 0.1667 - Val ROC-AUC: 0.7376 - Val PR-AUC: 0.1490
Epoch 36/100 - Loss: 0.0972 - Val F1: 0.1880 - Val ROC-AUC: 0.7368 - Val PR-AUC: 0.1379
Epoch 37/100 - Loss: 0.1028 - Val F1: 0.1778 - Val ROC-AUC: 0.7385 - Val PR-AUC: 0.1538
Epoch 38/100 - Loss: 0.0955 - Val F1: 0.2118 - Val ROC-AUC: 0.7342 - Val PR-AUC: 0.1608
Epoch 39/100 - Loss: 0.1019 - Val F1: 0.1957 - Val ROC-AUC: 0.7392 - Val PR-AUC: 0.1830
Epoch 40/100 - Loss: 0.0892 - Val F1: 0.1720 - Val ROC-AUC: 0.7397 - Val PR-AUC: 0.1625
Epoch 41/100 - Loss: 0.0898 - Val F1: 0.1928 - Val ROC-AUC: 0.7305 - Val PR-AUC: 0.1672
Epoch 42/100 - Loss: 0.0823 - Val F1: 0.1860 - Val ROC-AUC: 0.7375 - Val PR-AUC: 0.1496
Epoch 43/100 - Loss: 0.0842 - Val F1: 0.2045 - Val ROC-AUC: 0.7418 - Val PR-AUC: 0.1801
Epoch 44/100 - Loss: 0.0868 - Val F1: 0.1860 - Val ROC-AUC: 0.7345 - Val PR-AUC: 0.1818
Epoch 45/100 - Loss: 0.0845 - Val F1: 0.1739 - Val ROC-AUC: 0.7295 - Val PR-AUC: 0.1828
Epoch 46/100 - Loss: 0.0780 - Val F1: 0.1975 - Val ROC-AUC: 0.7378 - Val PR-AUC: 0.1586
Epoch 47/100 - Loss: 0.0806 - Val F1: 0.2222 - Val ROC-AUC: 0.7360 - Val PR-AUC: 0.1430
Epoch 48/100 - Loss: 0.0800 - Val F1: 0.1837 - Val ROC-AUC: 0.7423 - Val PR-AUC: 0.1632
Epoch 49/100 - Loss: 0.0882 - Val F1: 0.2143 - Val ROC-AUC: 0.7391 - Val PR-AUC: 0.1653
Epoch 50/100 - Loss: 0.0775 - Val F1: 0.1935 - Val ROC-AUC: 0.7354 - Val PR-AUC: 0.1597
Epoch 51/100 - Loss: 0.0906 - Val F1: 0.2353 - Val ROC-AUC: 0.7316 - Val PR-AUC: 0.1581
Epoch 52/100 - Loss: 0.0749 - Val F1: 0.2105 - Val ROC-AUC: 0.7367 - Val PR-AUC: 0.1492
Epoch 53/100 - Loss: 0.0807 - Val F1: 0.2000 - Val ROC-AUC: 0.7283 - Val PR-AUC: 0.1446
Epoch 54/100 - Loss: 0.0688 - Val F1: 0.1978 - Val ROC-AUC: 0.7315 - Val PR-AUC: 0.1491
Epoch 55/100 - Loss: 0.0821 - Val F1: 0.2093 - Val ROC-AUC: 0.7299 - Val PR-AUC: 0.1655
Epoch 56/100 - Loss: 0.0699 - Val F1: 0.2045 - Val ROC-AUC: 0.7241 - Val PR-AUC: 0.1445
Epoch 57/100 - Loss: 0.0760 - Val F1: 0.2025 - Val ROC-AUC: 0.7270 - Val PR-AUC: 0.1457
Epoch 58/100 - Loss: 0.0740 - Val F1: 0.1839 - Val ROC-AUC: 0.7320 - Val PR-AUC: 0.1491
Epoch 59/100 - Loss: 0.0689 - Val F1: 0.1975 - Val ROC-AUC: 0.7258 - Val PR-AUC: 0.1545
Epoch 60/100 - Loss: 0.0732 - Val F1: 0.1951 - Val ROC-AUC: 0.7296 - Val PR-AUC: 0.1574
Epoch 61/100 - Loss: 0.0686 - Val F1: 0.2105 - Val ROC-AUC: 0.7278 - Val PR-AUC: 0.1648
Epoch 62/100 - Loss: 0.0667 - Val F1: 0.2000 - Val ROC-AUC: 0.7286 - Val PR-AUC: 0.1538
Epoch 63/100 - Loss: 0.0675 - Val F1: 0.1928 - Val ROC-AUC: 0.7289 - Val PR-AUC: 0.1506
Epoch 64/100 - Loss: 0.0631 - Val F1: 0.1882 - Val ROC-AUC: 0.7287 - Val PR-AUC: 0.1479
Epoch 65/100 - Loss: 0.0682 - Val F1: 0.2069 - Val ROC-AUC: 0.7289 - Val PR-AUC: 0.1426
Epoch 66/100 - Loss: 0.0643 - Val F1: 0.1839 - Val ROC-AUC: 0.7283 - Val PR-AUC: 0.1439
Epoch 67/100 - Loss: 0.0635 - Val F1: 0.1798 - Val ROC-AUC: 0.7283 - Val PR-AUC: 0.1487
Epoch 68/100 - Loss: 0.0675 - Val F1: 0.1928 - Val ROC-AUC: 0.7281 - Val PR-AUC: 0.1593
Epoch 69/100 - Loss: 0.0658 - Val F1: 0.1928 - Val ROC-AUC: 0.7283 - Val PR-AUC: 0.1459
Epoch 70/100 - Loss: 0.0702 - Val F1: 0.1860 - Val ROC-AUC: 0.7299 - Val PR-AUC: 0.1465
Epoch 71/100 - Loss: 0.0631 - Val F1: 0.1882 - Val ROC-AUC: 0.7310 - Val PR-AUC: 0.1488
Epoch 72/100 - Loss: 0.0618 - Val F1: 0.1935 - Val ROC-AUC: 0.7278 - Val PR-AUC: 0.1523
Epoch 73/100 - Loss: 0.0757 - Val F1: 0.1882 - Val ROC-AUC: 0.7295 - Val PR-AUC: 0.1454
Epoch 74/100 - Loss: 0.0573 - Val F1: 0.2000 - Val ROC-AUC: 0.7280 - Val PR-AUC: 0.1448
Epoch 75/100 - Loss: 0.0627 - Val F1: 0.1905 - Val ROC-AUC: 0.7276 - Val PR-AUC: 0.1443
Epoch 76/100 - Loss: 0.0617 - Val F1: 0.2000 - Val ROC-AUC: 0.7317 - Val PR-AUC: 0.1567
Epoch 77/100 - Loss: 0.0656 - Val F1: 0.2025 - Val ROC-AUC: 0.7290 - Val PR-AUC: 0.1494
Epoch 78/100 - Loss: 0.0614 - Val F1: 0.1957 - Val ROC-AUC: 0.7316 - Val PR-AUC: 0.1510
Epoch 79/100 - Loss: 0.0692 - Val F1: 0.2045 - Val ROC-AUC: 0.7246 - Val PR-AUC: 0.1465
Epoch 80/100 - Loss: 0.0621 - Val F1: 0.1975 - Val ROC-AUC: 0.7261 - Val PR-AUC: 0.1364
Epoch 81/100 - Loss: 0.0634 - Val F1: 0.1957 - Val ROC-AUC: 0.7317 - Val PR-AUC: 0.1505
Epoch 82/100 - Loss: 0.0687 - Val F1: 0.1905 - Val ROC-AUC: 0.7263 - Val PR-AUC: 0.1435
Epoch 83/100 - Loss: 0.0562 - Val F1: 0.1935 - Val ROC-AUC: 0.7288 - Val PR-AUC: 0.1423
Epoch 84/100 - Loss: 0.0610 - Val F1: 0.2045 - Val ROC-AUC: 0.7273 - Val PR-AUC: 0.1511
Epoch 85/100 - Loss: 0.0637 - Val F1: 0.1975 - Val ROC-AUC: 0.7280 - Val PR-AUC: 0.1505
Epoch 86/100 - Loss: 0.0578 - Val F1: 0.1975 - Val ROC-AUC: 0.7285 - Val PR-AUC: 0.1514
Epoch 87/100 - Loss: 0.0592 - Val F1: 0.1928 - Val ROC-AUC: 0.7286 - Val PR-AUC: 0.1493
Epoch 88/100 - Loss: 0.0644 - Val F1: 0.1928 - Val ROC-AUC: 0.7299 - Val PR-AUC: 0.1488
Epoch 89/100 - Loss: 0.0594 - Val F1: 0.1975 - Val ROC-AUC: 0.7268 - Val PR-AUC: 0.1479
Epoch 90/100 - Loss: 0.0611 - Val F1: 0.2069 - Val ROC-AUC: 0.7274 - Val PR-AUC: 0.1539
Epoch 91/100 - Loss: 0.0663 - Val F1: 0.1905 - Val ROC-AUC: 0.7290 - Val PR-AUC: 0.1498
Epoch 92/100 - Loss: 0.0595 - Val F1: 0.2000 - Val ROC-AUC: 0.7262 - Val PR-AUC: 0.1427
Epoch 93/100 - Loss: 0.0578 - Val F1: 0.2093 - Val ROC-AUC: 0.7276 - Val PR-AUC: 0.1470
Epoch 94/100 - Loss: 0.0601 - Val F1: 0.1928 - Val ROC-AUC: 0.7284 - Val PR-AUC: 0.1484
Epoch 95/100 - Loss: 0.0588 - Val F1: 0.1882 - Val ROC-AUC: 0.7296 - Val PR-AUC: 0.1490
Epoch 96/100 - Loss: 0.0628 - Val F1: 0.1928 - Val ROC-AUC: 0.7267 - Val PR-AUC: 0.1493
Epoch 97/100 - Loss: 0.0612 - Val F1: 0.1905 - Val ROC-AUC: 0.7288 - Val PR-AUC: 0.1552
Epoch 98/100 - Loss: 0.0626 - Val F1: 0.1975 - Val ROC-AUC: 0.7270 - Val PR-AUC: 0.1490
Epoch 99/100 - Loss: 0.0598 - Val F1: 0.1928 - Val ROC-AUC: 0.7310 - Val PR-AUC: 0.1499
Epoch 100/100 - Loss: 0.0625 - Val F1: 0.1975 - Val ROC-AUC: 0.7270 - Val PR-AUC: 0.1427
Pretraining completed. Test F1: 0.3226, ROC-AUC: 0.7893, PR-AUC: 0.2540
[3/4] Finetuning on TOX21_ERa_BLA_Antagonist_ch2 using GIN_GCN...
[Fine-tune] Epoch 1/50 - Loss: 0.5437 - Val F1: 0.2323 - Val ROC-AUC: 0.8250 - Val PR-AUC: 0.3023
[Fine-tune] Epoch 2/50 - Loss: 0.4095 - Val F1: 0.3192 - Val ROC-AUC: 0.8263 - Val PR-AUC: 0.2902
[Fine-tune] Epoch 3/50 - Loss: 0.3793 - Val F1: 0.3147 - Val ROC-AUC: 0.8267 - Val PR-AUC: 0.3048
[Fine-tune] Epoch 4/50 - Loss: 0.3666 - Val F1: 0.3282 - Val ROC-AUC: 0.8361 - Val PR-AUC: 0.3245
[Fine-tune] Epoch 5/50 - Loss: 0.3412 - Val F1: 0.3333 - Val ROC-AUC: 0.8247 - Val PR-AUC: 0.2869
[Fine-tune] Epoch 6/50 - Loss: 0.3136 - Val F1: 0.3011 - Val ROC-AUC: 0.8222 - Val PR-AUC: 0.2851
[Fine-tune] Epoch 7/50 - Loss: 0.3080 - Val F1: 0.3218 - Val ROC-AUC: 0.8175 - Val PR-AUC: 0.3077
[Fine-tune] Epoch 8/50 - Loss: 0.2934 - Val F1: 0.3333 - Val ROC-AUC: 0.8202 - Val PR-AUC: 0.3416
[Fine-tune] Epoch 9/50 - Loss: 0.2758 - Val F1: 0.3034 - Val ROC-AUC: 0.8000 - Val PR-AUC: 0.2678
[Fine-tune] Epoch 10/50 - Loss: 0.2790 - Val F1: 0.2796 - Val ROC-AUC: 0.8174 - Val PR-AUC: 0.2993
[Fine-tune] Epoch 11/50 - Loss: 0.2170 - Val F1: 0.3444 - Val ROC-AUC: 0.8231 - Val PR-AUC: 0.3137
[Fine-tune] Epoch 12/50 - Loss: 0.1986 - Val F1: 0.3195 - Val ROC-AUC: 0.8126 - Val PR-AUC: 0.2863
[Fine-tune] Epoch 13/50 - Loss: 0.1991 - Val F1: 0.3310 - Val ROC-AUC: 0.7993 - Val PR-AUC: 0.2928
[Fine-tune] Epoch 14/50 - Loss: 0.1890 - Val F1: 0.3354 - Val ROC-AUC: 0.8158 - Val PR-AUC: 0.2855
[Fine-tune] Epoch 15/50 - Loss: 0.2056 - Val F1: 0.3355 - Val ROC-AUC: 0.8124 - Val PR-AUC: 0.2685
[Fine-tune] Epoch 16/50 - Loss: 0.1815 - Val F1: 0.3803 - Val ROC-AUC: 0.8182 - Val PR-AUC: 0.3014
[Fine-tune] Epoch 17/50 - Loss: 0.1760 - Val F1: 0.3152 - Val ROC-AUC: 0.8161 - Val PR-AUC: 0.2779
[Fine-tune] Epoch 18/50 - Loss: 0.1670 - Val F1: 0.3521 - Val ROC-AUC: 0.8067 - Val PR-AUC: 0.2818
[Fine-tune] Epoch 19/50 - Loss: 0.1816 - Val F1: 0.3485 - Val ROC-AUC: 0.8137 - Val PR-AUC: 0.2862
[Fine-tune] Epoch 20/50 - Loss: 0.1606 - Val F1: 0.3179 - Val ROC-AUC: 0.8088 - Val PR-AUC: 0.2954
[Fine-tune] Epoch 21/50 - Loss: 0.1353 - Val F1: 0.3478 - Val ROC-AUC: 0.8098 - Val PR-AUC: 0.2848
[Fine-tune] Epoch 22/50 - Loss: 0.1388 - Val F1: 0.3239 - Val ROC-AUC: 0.8187 - Val PR-AUC: 0.3029
[Fine-tune] Epoch 23/50 - Loss: 0.1207 - Val F1: 0.3667 - Val ROC-AUC: 0.8144 - Val PR-AUC: 0.2868
[Fine-tune] Epoch 24/50 - Loss: 0.1133 - Val F1: 0.3577 - Val ROC-AUC: 0.8186 - Val PR-AUC: 0.2963
[Fine-tune] Epoch 25/50 - Loss: 0.1328 - Val F1: 0.3664 - Val ROC-AUC: 0.8126 - Val PR-AUC: 0.2910
[Fine-tune] Epoch 26/50 - Loss: 0.1109 - Val F1: 0.3759 - Val ROC-AUC: 0.8293 - Val PR-AUC: 0.2971
[Fine-tune] Epoch 27/50 - Loss: 0.1040 - Val F1: 0.3537 - Val ROC-AUC: 0.8165 - Val PR-AUC: 0.3019
[Fine-tune] Epoch 28/50 - Loss: 0.1200 - Val F1: 0.4098 - Val ROC-AUC: 0.8162 - Val PR-AUC: 0.2960
[Fine-tune] Epoch 29/50 - Loss: 0.1171 - Val F1: 0.3586 - Val ROC-AUC: 0.8257 - Val PR-AUC: 0.2949
[Fine-tune] Epoch 30/50 - Loss: 0.1130 - Val F1: 0.3973 - Val ROC-AUC: 0.8260 - Val PR-AUC: 0.2965
[Fine-tune] Epoch 31/50 - Loss: 0.0943 - Val F1: 0.3876 - Val ROC-AUC: 0.8220 - Val PR-AUC: 0.3111
[Fine-tune] Epoch 32/50 - Loss: 0.0898 - Val F1: 0.3721 - Val ROC-AUC: 0.8239 - Val PR-AUC: 0.3255
[Fine-tune] Epoch 33/50 - Loss: 0.0914 - Val F1: 0.3810 - Val ROC-AUC: 0.8254 - Val PR-AUC: 0.3108
[Fine-tune] Epoch 34/50 - Loss: 0.0926 - Val F1: 0.3902 - Val ROC-AUC: 0.8267 - Val PR-AUC: 0.2909
[Fine-tune] Epoch 35/50 - Loss: 0.0911 - Val F1: 0.4167 - Val ROC-AUC: 0.8169 - Val PR-AUC: 0.2680
[Fine-tune] Epoch 36/50 - Loss: 0.0845 - Val F1: 0.4094 - Val ROC-AUC: 0.8272 - Val PR-AUC: 0.3030
[Fine-tune] Epoch 37/50 - Loss: 0.0875 - Val F1: 0.4252 - Val ROC-AUC: 0.8178 - Val PR-AUC: 0.2946
[Fine-tune] Epoch 38/50 - Loss: 0.0831 - Val F1: 0.4031 - Val ROC-AUC: 0.8293 - Val PR-AUC: 0.3095
[Fine-tune] Epoch 39/50 - Loss: 0.0802 - Val F1: 0.3932 - Val ROC-AUC: 0.8195 - Val PR-AUC: 0.3032
[Fine-tune] Epoch 40/50 - Loss: 0.0812 - Val F1: 0.4237 - Val ROC-AUC: 0.8242 - Val PR-AUC: 0.2966
[Fine-tune] Epoch 41/50 - Loss: 0.0736 - Val F1: 0.4274 - Val ROC-AUC: 0.8234 - Val PR-AUC: 0.3119
[Fine-tune] Epoch 42/50 - Loss: 0.0670 - Val F1: 0.3826 - Val ROC-AUC: 0.8197 - Val PR-AUC: 0.2982
[Fine-tune] Epoch 43/50 - Loss: 0.0715 - Val F1: 0.3871 - Val ROC-AUC: 0.8179 - Val PR-AUC: 0.3006
[Fine-tune] Epoch 44/50 - Loss: 0.0714 - Val F1: 0.3932 - Val ROC-AUC: 0.8241 - Val PR-AUC: 0.3102
[Fine-tune] Epoch 45/50 - Loss: 0.0644 - Val F1: 0.3810 - Val ROC-AUC: 0.8195 - Val PR-AUC: 0.3058
[Fine-tune] Epoch 46/50 - Loss: 0.0656 - Val F1: 0.4286 - Val ROC-AUC: 0.8236 - Val PR-AUC: 0.3088
[Fine-tune] Epoch 47/50 - Loss: 0.0707 - Val F1: 0.4248 - Val ROC-AUC: 0.8182 - Val PR-AUC: 0.3013
[Fine-tune] Epoch 48/50 - Loss: 0.0736 - Val F1: 0.4444 - Val ROC-AUC: 0.8255 - Val PR-AUC: 0.3159
[Fine-tune] Epoch 49/50 - Loss: 0.0719 - Val F1: 0.4167 - Val ROC-AUC: 0.8244 - Val PR-AUC: 0.2990
[Fine-tune] Epoch 50/50 - Loss: 0.0642 - Val F1: 0.3770 - Val ROC-AUC: 0.8208 - Val PR-AUC: 0.2905
Finetuning completed. Test F1: 0.3175, ROC-AUC: 0.8033, PR-AUC: 0.2909
[3.1/4] Target-only training on TOX21_ERa_BLA_Antagonist_ch2 using GIN_GCN...
=== Target-only training ===
[Target-only] Epoch 1/50 – Loss: 0.6092  Val F1: 0.1757  ROC-AUC: 0.6884  PR-AUC: 0.1270
[Target-only] Epoch 2/50 – Loss: 0.5515  Val F1: 0.1985  ROC-AUC: 0.6737  PR-AUC: 0.1436
[Target-only] Epoch 3/50 – Loss: 0.5107  Val F1: 0.2213  ROC-AUC: 0.7182  PR-AUC: 0.1573
[Target-only] Epoch 4/50 – Loss: 0.4860  Val F1: 0.1546  ROC-AUC: 0.7214  PR-AUC: 0.1616
[Target-only] Epoch 5/50 – Loss: 0.4755  Val F1: 0.2538  ROC-AUC: 0.7542  PR-AUC: 0.1811
[Target-only] Epoch 6/50 – Loss: 0.4624  Val F1: 0.2491  ROC-AUC: 0.7688  PR-AUC: 0.2087
[Target-only] Epoch 7/50 – Loss: 0.4631  Val F1: 0.2802  ROC-AUC: 0.7756  PR-AUC: 0.2086
[Target-only] Epoch 8/50 – Loss: 0.4320  Val F1: 0.2723  ROC-AUC: 0.7752  PR-AUC: 0.1964
[Target-only] Epoch 9/50 – Loss: 0.4083  Val F1: 0.2396  ROC-AUC: 0.7482  PR-AUC: 0.1856
[Target-only] Epoch 10/50 – Loss: 0.4023  Val F1: 0.2302  ROC-AUC: 0.7769  PR-AUC: 0.2125
[Target-only] Epoch 11/50 – Loss: 0.3611  Val F1: 0.2756  ROC-AUC: 0.8050  PR-AUC: 0.2665
[Target-only] Epoch 12/50 – Loss: 0.3585  Val F1: 0.2869  ROC-AUC: 0.8117  PR-AUC: 0.2754
[Target-only] Epoch 13/50 – Loss: 0.3340  Val F1: 0.2769  ROC-AUC: 0.8083  PR-AUC: 0.2202
[Target-only] Epoch 14/50 – Loss: 0.3395  Val F1: 0.3125  ROC-AUC: 0.8184  PR-AUC: 0.2548
[Target-only] Epoch 15/50 – Loss: 0.3220  Val F1: 0.3429  ROC-AUC: 0.8136  PR-AUC: 0.2886
[Target-only] Epoch 16/50 – Loss: 0.3011  Val F1: 0.2795  ROC-AUC: 0.8054  PR-AUC: 0.2134
[Target-only] Epoch 17/50 – Loss: 0.2980  Val F1: 0.2888  ROC-AUC: 0.7958  PR-AUC: 0.2436
[Target-only] Epoch 18/50 – Loss: 0.2937  Val F1: 0.3010  ROC-AUC: 0.8038  PR-AUC: 0.2261
[Target-only] Epoch 19/50 – Loss: 0.2846  Val F1: 0.3121  ROC-AUC: 0.8170  PR-AUC: 0.2709
[Target-only] Epoch 20/50 – Loss: 0.2713  Val F1: 0.3005  ROC-AUC: 0.8061  PR-AUC: 0.2428
[Target-only] Epoch 21/50 – Loss: 0.2426  Val F1: 0.3061  ROC-AUC: 0.8093  PR-AUC: 0.2448
[Target-only] Epoch 22/50 – Loss: 0.2445  Val F1: 0.3200  ROC-AUC: 0.8137  PR-AUC: 0.2300
[Target-only] Epoch 23/50 – Loss: 0.2312  Val F1: 0.3377  ROC-AUC: 0.8105  PR-AUC: 0.2605
[Target-only] Epoch 24/50 – Loss: 0.2346  Val F1: 0.3085  ROC-AUC: 0.8192  PR-AUC: 0.2493
[Target-only] Epoch 25/50 – Loss: 0.2323  Val F1: 0.3313  ROC-AUC: 0.8146  PR-AUC: 0.2430
[Target-only] Epoch 26/50 – Loss: 0.2100  Val F1: 0.3500  ROC-AUC: 0.8190  PR-AUC: 0.2808
[Target-only] Epoch 27/50 – Loss: 0.2123  Val F1: 0.3121  ROC-AUC: 0.8126  PR-AUC: 0.2568
[Target-only] Epoch 28/50 – Loss: 0.1957  Val F1: 0.3421  ROC-AUC: 0.8032  PR-AUC: 0.2105
[Target-only] Epoch 29/50 – Loss: 0.1929  Val F1: 0.3038  ROC-AUC: 0.8111  PR-AUC: 0.2778
[Target-only] Epoch 30/50 – Loss: 0.2003  Val F1: 0.3472  ROC-AUC: 0.7933  PR-AUC: 0.2369
[Target-only] Epoch 31/50 – Loss: 0.1663  Val F1: 0.3226  ROC-AUC: 0.8048  PR-AUC: 0.2502
[Target-only] Epoch 32/50 – Loss: 0.1752  Val F1: 0.3649  ROC-AUC: 0.8102  PR-AUC: 0.2526
[Target-only] Epoch 33/50 – Loss: 0.1824  Val F1: 0.3289  ROC-AUC: 0.8134  PR-AUC: 0.2363
[Target-only] Epoch 34/50 – Loss: 0.1809  Val F1: 0.3311  ROC-AUC: 0.8059  PR-AUC: 0.2465
[Target-only] Epoch 35/50 – Loss: 0.1738  Val F1: 0.3636  ROC-AUC: 0.8127  PR-AUC: 0.2674
[Target-only] Epoch 36/50 – Loss: 0.1634  Val F1: 0.3247  ROC-AUC: 0.8133  PR-AUC: 0.2472
[Target-only] Epoch 37/50 – Loss: 0.1684  Val F1: 0.3504  ROC-AUC: 0.8044  PR-AUC: 0.2831
[Target-only] Epoch 38/50 – Loss: 0.1645  Val F1: 0.3394  ROC-AUC: 0.8110  PR-AUC: 0.2419
[Target-only] Epoch 39/50 – Loss: 0.1520  Val F1: 0.3796  ROC-AUC: 0.8093  PR-AUC: 0.2548
[Target-only] Epoch 40/50 – Loss: 0.1590  Val F1: 0.3600  ROC-AUC: 0.8104  PR-AUC: 0.2685
[Target-only] Epoch 41/50 – Loss: 0.1493  Val F1: 0.3239  ROC-AUC: 0.8128  PR-AUC: 0.2675
[Target-only] Epoch 42/50 – Loss: 0.1415  Val F1: 0.3401  ROC-AUC: 0.8086  PR-AUC: 0.2452
[Target-only] Epoch 43/50 – Loss: 0.1509  Val F1: 0.3796  ROC-AUC: 0.8120  PR-AUC: 0.2536
[Target-only] Epoch 44/50 – Loss: 0.1535  Val F1: 0.3692  ROC-AUC: 0.8096  PR-AUC: 0.2717
[Target-only] Epoch 45/50 – Loss: 0.1356  Val F1: 0.3609  ROC-AUC: 0.8121  PR-AUC: 0.2684
[Target-only] Epoch 46/50 – Loss: 0.1375  Val F1: 0.3597  ROC-AUC: 0.8123  PR-AUC: 0.2600
[Target-only] Epoch 47/50 – Loss: 0.1362  Val F1: 0.3439  ROC-AUC: 0.8130  PR-AUC: 0.2638
[Target-only] Epoch 48/50 – Loss: 0.1442  Val F1: 0.3759  ROC-AUC: 0.8089  PR-AUC: 0.2703
[Target-only] Epoch 49/50 – Loss: 0.1391  Val F1: 0.3688  ROC-AUC: 0.8161  PR-AUC: 0.2897
[Target-only] Epoch 50/50 – Loss: 0.1306  Val F1: 0.3478  ROC-AUC: 0.8148  PR-AUC: 0.2679
=== Target-only TEST performance ===
Test F1: 0.2714, ROC-AUC: 0.7841, PR-AUC: 0.2215
✅ 실험 완료: TOX21_ERa_BLA_Antagonist_viability -> TOX21_ERa_BLA_Antagonist_ch2 [GIN_GCN]
