[1/4] Excel → CSV 변환 중...
Saved pretrain CSV for TOX21_ERa_BLA_Antagonist_ratio: data/sample/TOX21_ERa_BLA_Antagonist_ratio.csv
Saved pretrain CSV for TOX21_ERa_LUC_VM7_Agonist: data/sample/TOX21_ERa_LUC_VM7_Agonist.csv
Saved pretrain CSV for TOX21_ERa_BLA_Antagonist_viability: data/sample/TOX21_ERa_BLA_Antagonist_viability.csv
Saved pretrain CSV for TOX21_ERa_LUC_VM7_Antagonist_0.5nM_E2: data/sample/TOX21_ERa_LUC_VM7_Antagonist_0.5nM_E2.csv
Saved pretrain CSV for TOX21_ERa_BLA_Antagonist_ch2: data/sample/TOX21_ERa_BLA_Antagonist_ch2.csv
Saved pretrain CSV for TOX21_ERa_BLA_Antagonist_ch1: data/sample/TOX21_ERa_BLA_Antagonist_ch1.csv
Saved pretrain CSV for TOX21_ERa_LUC_VM7_Antagonist_0.5nM_E2_viability: data/sample/TOX21_ERa_LUC_VM7_Antagonist_0.5nM_E2_viability.csv
Saved pretrain CSV for TOX21_ERa_BLA_Agonist_ch2: data/sample/TOX21_ERa_BLA_Agonist_ch2.csv
Saved pretrain CSV for TOX21_ERa_BLA_Agonist_ch1: data/sample/TOX21_ERa_BLA_Agonist_ch1.csv
Saved pretrain CSV for TOX21_ERa_BLA_Agonist_ratio: data/sample/TOX21_ERa_BLA_Agonist_ratio.csv
Saved pretrain CSV for TOX21_ERb_BLA_Antagonist_ch1: data/sample/TOX21_ERb_BLA_Antagonist_ch1.csv
Saved pretrain CSV for TOX21_ERb_BLA_Antagonist_ch2: data/sample/TOX21_ERb_BLA_Antagonist_ch2.csv
Saved pretrain CSV for TOX21_ERb_BLA_Agonist_viability: data/sample/TOX21_ERb_BLA_Agonist_viability.csv
Saved pretrain CSV for TOX21_ERb_BLA_Agonist_ratio: data/sample/TOX21_ERb_BLA_Agonist_ratio.csv
Saved pretrain CSV for TOX21_ERb_BLA_Agonist_ch2: data/sample/TOX21_ERb_BLA_Agonist_ch2.csv
Saved pretrain CSV for TOX21_ERb_BLA_Agonist_ch1: data/sample/TOX21_ERb_BLA_Agonist_ch1.csv
Saved pretrain CSV for TOX21_ERR_LUC_Agonist: data/sample/TOX21_ERR_LUC_Agonist.csv
Saved pretrain CSV for TOX21_ERa_LUC_VM7_Agonist_10nM_ICI182780_viability: data/sample/TOX21_ERa_LUC_VM7_Agonist_10nM_ICI182780_viability.csv
Saved pretrain CSV for TOX21_ERa_LUC_VM7_Antagonist_0.1nM_E2: data/sample/TOX21_ERa_LUC_VM7_Antagonist_0.1nM_E2.csv
Saved pretrain CSV for TOX21_ERb_BLA_Antagonist_ratio: data/sample/TOX21_ERb_BLA_Antagonist_ratio.csv
Saved pretrain CSV for TOX21_ERa_LUC_VM7_Agonist_10nM_ICI182780: data/sample/TOX21_ERa_LUC_VM7_Agonist_10nM_ICI182780.csv
Saved pretrain CSV for TOX21_ERR_LUC_viability: data/sample/TOX21_ERR_LUC_viability.csv
Saved pretrain CSV for TOX21_ERR_LUC_Antagonist: data/sample/TOX21_ERR_LUC_Antagonist.csv
Saved pretrain CSV for TOX21_ERa_LUC_VM7_Antagonist_0.1nM_E2_viability: data/sample/TOX21_ERa_LUC_VM7_Antagonist_0.1nM_E2_viability.csv
Saved pretrain CSV for TOX21_ERb_BLA_Antagonist_viability: data/sample/TOX21_ERb_BLA_Antagonist_viability.csv
Saved finetune CSV for TOX21_ERa_BLA_Antagonist_ratio: data/sample/TOX21_ERa_BLA_Antagonist_ratio.csv
Saved finetune CSV for TOX21_ERa_LUC_VM7_Agonist: data/sample/TOX21_ERa_LUC_VM7_Agonist.csv
Saved finetune CSV for TOX21_ERa_BLA_Antagonist_viability: data/sample/TOX21_ERa_BLA_Antagonist_viability.csv
Saved finetune CSV for TOX21_ERa_LUC_VM7_Antagonist_0.5nM_E2: data/sample/TOX21_ERa_LUC_VM7_Antagonist_0.5nM_E2.csv
Saved finetune CSV for TOX21_ERa_BLA_Antagonist_ch2: data/sample/TOX21_ERa_BLA_Antagonist_ch2.csv
Saved finetune CSV for TOX21_ERa_BLA_Antagonist_ch1: data/sample/TOX21_ERa_BLA_Antagonist_ch1.csv
Saved finetune CSV for TOX21_ERa_LUC_VM7_Antagonist_0.5nM_E2_viability: data/sample/TOX21_ERa_LUC_VM7_Antagonist_0.5nM_E2_viability.csv
Saved finetune CSV for TOX21_ERa_BLA_Agonist_ch2: data/sample/TOX21_ERa_BLA_Agonist_ch2.csv
Saved finetune CSV for TOX21_ERa_BLA_Agonist_ch1: data/sample/TOX21_ERa_BLA_Agonist_ch1.csv
Saved finetune CSV for TOX21_ERa_BLA_Agonist_ratio: data/sample/TOX21_ERa_BLA_Agonist_ratio.csv
Saved finetune CSV for TOX21_ERb_BLA_Antagonist_ch1: data/sample/TOX21_ERb_BLA_Antagonist_ch1.csv
Saved finetune CSV for TOX21_ERb_BLA_Antagonist_ch2: data/sample/TOX21_ERb_BLA_Antagonist_ch2.csv
Saved finetune CSV for TOX21_ERb_BLA_Agonist_viability: data/sample/TOX21_ERb_BLA_Agonist_viability.csv
Saved finetune CSV for TOX21_ERb_BLA_Agonist_ratio: data/sample/TOX21_ERb_BLA_Agonist_ratio.csv
Saved finetune CSV for TOX21_ERb_BLA_Agonist_ch2: data/sample/TOX21_ERb_BLA_Agonist_ch2.csv
Saved finetune CSV for TOX21_ERb_BLA_Agonist_ch1: data/sample/TOX21_ERb_BLA_Agonist_ch1.csv
Saved finetune CSV for TOX21_ERR_LUC_Agonist: data/sample/TOX21_ERR_LUC_Agonist.csv
Saved finetune CSV for TOX21_ERa_LUC_VM7_Agonist_10nM_ICI182780_viability: data/sample/TOX21_ERa_LUC_VM7_Agonist_10nM_ICI182780_viability.csv
Saved finetune CSV for TOX21_ERa_LUC_VM7_Antagonist_0.1nM_E2: data/sample/TOX21_ERa_LUC_VM7_Antagonist_0.1nM_E2.csv
Saved finetune CSV for TOX21_ERb_BLA_Antagonist_ratio: data/sample/TOX21_ERb_BLA_Antagonist_ratio.csv
Saved finetune CSV for TOX21_ERa_LUC_VM7_Agonist_10nM_ICI182780: data/sample/TOX21_ERa_LUC_VM7_Agonist_10nM_ICI182780.csv
Saved finetune CSV for TOX21_ERR_LUC_viability: data/sample/TOX21_ERR_LUC_viability.csv
Saved finetune CSV for TOX21_ERR_LUC_Antagonist: data/sample/TOX21_ERR_LUC_Antagonist.csv
Saved finetune CSV for TOX21_ERa_LUC_VM7_Antagonist_0.1nM_E2_viability: data/sample/TOX21_ERa_LUC_VM7_Antagonist_0.1nM_E2_viability.csv
Saved finetune CSV for TOX21_ERb_BLA_Antagonist_viability: data/sample/TOX21_ERb_BLA_Antagonist_viability.csv
[2/4] Pretraining on TOX21_ERa_BLA_Antagonist_viability using GIN_GCN...
Epoch 1/100 - Loss: 0.5761 - Val F1: 0.1733 - Val ROC-AUC: 0.7576 - Val PR-AUC: 0.0964
Epoch 2/100 - Loss: 0.5009 - Val F1: 0.1553 - Val ROC-AUC: 0.7667 - Val PR-AUC: 0.1059
Epoch 3/100 - Loss: 0.4541 - Val F1: 0.1457 - Val ROC-AUC: 0.7431 - Val PR-AUC: 0.1782
Epoch 4/100 - Loss: 0.4327 - Val F1: 0.1711 - Val ROC-AUC: 0.7704 - Val PR-AUC: 0.1360
Epoch 5/100 - Loss: 0.3999 - Val F1: 0.1261 - Val ROC-AUC: 0.7848 - Val PR-AUC: 0.1275
Epoch 6/100 - Loss: 0.3782 - Val F1: 0.2018 - Val ROC-AUC: 0.7895 - Val PR-AUC: 0.1623
Epoch 7/100 - Loss: 0.3480 - Val F1: 0.1250 - Val ROC-AUC: 0.7119 - Val PR-AUC: 0.1141
Epoch 8/100 - Loss: 0.3355 - Val F1: 0.1667 - Val ROC-AUC: 0.7780 - Val PR-AUC: 0.1142
Epoch 9/100 - Loss: 0.3173 - Val F1: 0.1711 - Val ROC-AUC: 0.7816 - Val PR-AUC: 0.1740
Epoch 10/100 - Loss: 0.3203 - Val F1: 0.1959 - Val ROC-AUC: 0.7882 - Val PR-AUC: 0.1282
Epoch 11/100 - Loss: 0.2788 - Val F1: 0.2138 - Val ROC-AUC: 0.7845 - Val PR-AUC: 0.1375
Epoch 12/100 - Loss: 0.2637 - Val F1: 0.2188 - Val ROC-AUC: 0.7668 - Val PR-AUC: 0.1530
Epoch 13/100 - Loss: 0.2465 - Val F1: 0.2123 - Val ROC-AUC: 0.7829 - Val PR-AUC: 0.1674
Epoch 14/100 - Loss: 0.2363 - Val F1: 0.1849 - Val ROC-AUC: 0.7553 - Val PR-AUC: 0.1740
Epoch 15/100 - Loss: 0.2253 - Val F1: 0.1571 - Val ROC-AUC: 0.7637 - Val PR-AUC: 0.2002
Epoch 16/100 - Loss: 0.2130 - Val F1: 0.1778 - Val ROC-AUC: 0.7447 - Val PR-AUC: 0.1498
Epoch 17/100 - Loss: 0.2203 - Val F1: 0.1527 - Val ROC-AUC: 0.7659 - Val PR-AUC: 0.1919
Epoch 18/100 - Loss: 0.2158 - Val F1: 0.1875 - Val ROC-AUC: 0.7526 - Val PR-AUC: 0.1430
Epoch 19/100 - Loss: 0.2109 - Val F1: 0.1765 - Val ROC-AUC: 0.7474 - Val PR-AUC: 0.1495
Epoch 20/100 - Loss: 0.1935 - Val F1: 0.1353 - Val ROC-AUC: 0.7155 - Val PR-AUC: 0.1748
Epoch 21/100 - Loss: 0.1711 - Val F1: 0.1731 - Val ROC-AUC: 0.7338 - Val PR-AUC: 0.1662
Epoch 22/100 - Loss: 0.1682 - Val F1: 0.1607 - Val ROC-AUC: 0.7298 - Val PR-AUC: 0.1385
Epoch 23/100 - Loss: 0.1613 - Val F1: 0.2000 - Val ROC-AUC: 0.6974 - Val PR-AUC: 0.1962
Epoch 24/100 - Loss: 0.1625 - Val F1: 0.1705 - Val ROC-AUC: 0.7293 - Val PR-AUC: 0.1411
Epoch 25/100 - Loss: 0.1515 - Val F1: 0.2128 - Val ROC-AUC: 0.7148 - Val PR-AUC: 0.2242
Epoch 26/100 - Loss: 0.1463 - Val F1: 0.1791 - Val ROC-AUC: 0.7507 - Val PR-AUC: 0.1437
Epoch 27/100 - Loss: 0.1477 - Val F1: 0.1935 - Val ROC-AUC: 0.7438 - Val PR-AUC: 0.1753
Epoch 28/100 - Loss: 0.1365 - Val F1: 0.1565 - Val ROC-AUC: 0.7225 - Val PR-AUC: 0.1788
Epoch 29/100 - Loss: 0.1299 - Val F1: 0.2069 - Val ROC-AUC: 0.7157 - Val PR-AUC: 0.1766
Epoch 30/100 - Loss: 0.1340 - Val F1: 0.2000 - Val ROC-AUC: 0.7486 - Val PR-AUC: 0.2112
Epoch 31/100 - Loss: 0.1136 - Val F1: 0.1649 - Val ROC-AUC: 0.7274 - Val PR-AUC: 0.2147
Epoch 32/100 - Loss: 0.1198 - Val F1: 0.1856 - Val ROC-AUC: 0.7242 - Val PR-AUC: 0.1676
Epoch 33/100 - Loss: 0.1209 - Val F1: 0.2000 - Val ROC-AUC: 0.7253 - Val PR-AUC: 0.1744
Epoch 34/100 - Loss: 0.1076 - Val F1: 0.1869 - Val ROC-AUC: 0.7299 - Val PR-AUC: 0.1712
Epoch 35/100 - Loss: 0.1193 - Val F1: 0.2151 - Val ROC-AUC: 0.7339 - Val PR-AUC: 0.1748
Epoch 36/100 - Loss: 0.1020 - Val F1: 0.1667 - Val ROC-AUC: 0.7326 - Val PR-AUC: 0.1661
Epoch 37/100 - Loss: 0.1050 - Val F1: 0.1869 - Val ROC-AUC: 0.7205 - Val PR-AUC: 0.1988
Epoch 38/100 - Loss: 0.1159 - Val F1: 0.1905 - Val ROC-AUC: 0.7231 - Val PR-AUC: 0.1672
Epoch 39/100 - Loss: 0.0996 - Val F1: 0.1818 - Val ROC-AUC: 0.7089 - Val PR-AUC: 0.1698
Epoch 40/100 - Loss: 0.0981 - Val F1: 0.1798 - Val ROC-AUC: 0.7227 - Val PR-AUC: 0.1857
Epoch 41/100 - Loss: 0.0982 - Val F1: 0.1975 - Val ROC-AUC: 0.7157 - Val PR-AUC: 0.1863
Epoch 42/100 - Loss: 0.0968 - Val F1: 0.1739 - Val ROC-AUC: 0.7186 - Val PR-AUC: 0.1805
Epoch 43/100 - Loss: 0.0874 - Val F1: 0.2200 - Val ROC-AUC: 0.7229 - Val PR-AUC: 0.2083
Epoch 44/100 - Loss: 0.0888 - Val F1: 0.1818 - Val ROC-AUC: 0.7102 - Val PR-AUC: 0.1769
Epoch 45/100 - Loss: 0.0914 - Val F1: 0.1798 - Val ROC-AUC: 0.7172 - Val PR-AUC: 0.1776
Epoch 46/100 - Loss: 0.1025 - Val F1: 0.2078 - Val ROC-AUC: 0.6984 - Val PR-AUC: 0.1684
Epoch 47/100 - Loss: 0.0948 - Val F1: 0.2022 - Val ROC-AUC: 0.7202 - Val PR-AUC: 0.2034
Epoch 48/100 - Loss: 0.0844 - Val F1: 0.2051 - Val ROC-AUC: 0.7211 - Val PR-AUC: 0.1865
Epoch 49/100 - Loss: 0.0860 - Val F1: 0.2133 - Val ROC-AUC: 0.7224 - Val PR-AUC: 0.1738
Epoch 50/100 - Loss: 0.0829 - Val F1: 0.1928 - Val ROC-AUC: 0.7177 - Val PR-AUC: 0.1966
