[11:08:16] Can't kekulize mol.  Unkekulized atoms: 1 2 3 4 5
[11:08:17] Explicit valence for atom # 0 Cl, 2, is greater than permitted
[11:08:18] Can't kekulize mol.  Unkekulized atoms: 3 4 5 6 7
[11:08:18] Can't kekulize mol.  Unkekulized atoms: 3 4 5 6 7
[11:08:19] WARNING: not removing hydrogen atom without neighbors
[11:08:20] Explicit valence for atom # 3 Si, 8, is greater than permitted
[11:08:21] Can't kekulize mol.  Unkekulized atoms: 1 2 3 4 5
[11:08:21] Can't kekulize mol.  Unkekulized atoms: 3 4 5 6 7
[11:08:21] Can't kekulize mol.  Unkekulized atoms: 1 2 3 4 5
[11:08:21] WARNING: not removing hydrogen atom without neighbors
[11:08:22] Can't kekulize mol.  Unkekulized atoms: 1 2 3 4 5
[11:08:22] Explicit valence for atom # 6 O, 3, is greater than permitted
[11:08:22] Explicit valence for atom # 3 Si, 8, is greater than permitted
[11:08:22] Explicit valence for atom # 0 Cl, 2, is greater than permitted
[11:10:53] Can't kekulize mol.  Unkekulized atoms: 1 2 3 4 5
[11:10:53] Explicit valence for atom # 0 Cl, 2, is greater than permitted
[11:10:54] Can't kekulize mol.  Unkekulized atoms: 3 4 5 6 7
[11:10:54] Can't kekulize mol.  Unkekulized atoms: 3 4 5 6 7
[11:10:57] Can't kekulize mol.  Unkekulized atoms: 1 2 3 4 5
[11:10:57] Can't kekulize mol.  Unkekulized atoms: 3 4 5 6 7
[11:10:57] Can't kekulize mol.  Unkekulized atoms: 1 2 3 4 5
[11:10:58] WARNING: not removing hydrogen atom without neighbors
[11:10:58] Can't kekulize mol.  Unkekulized atoms: 1 2 3 4 5
[11:10:58] Explicit valence for atom # 6 O, 3, is greater than permitted
[11:10:58] Explicit valence for atom # 3 Si, 8, is greater than permitted
[11:10:58] Explicit valence for atom # 0 Cl, 2, is greater than permitted
[11:12:14] Can't kekulize mol.  Unkekulized atoms: 1 2 3 4 5
[11:12:14] Explicit valence for atom # 0 Cl, 2, is greater than permitted
[11:12:15] Can't kekulize mol.  Unkekulized atoms: 3 4 5 6 7
[11:12:16] Can't kekulize mol.  Unkekulized atoms: 3 4 5 6 7
[11:12:18] Can't kekulize mol.  Unkekulized atoms: 1 2 3 4 5
[11:12:18] Can't kekulize mol.  Unkekulized atoms: 3 4 5 6 7
[11:12:18] Can't kekulize mol.  Unkekulized atoms: 1 2 3 4 5
[11:12:18] WARNING: not removing hydrogen atom without neighbors
[11:12:19] Can't kekulize mol.  Unkekulized atoms: 1 2 3 4 5
[11:12:19] Explicit valence for atom # 6 O, 3, is greater than permitted
[11:12:19] Explicit valence for atom # 3 Si, 8, is greater than permitted
[11:12:19] Explicit valence for atom # 0 Cl, 2, is greater than permitted
