[1/4] Excel → CSV 변환 중...
Saved pretrain CSV for TOX21_ERa_BLA_Antagonist_ratio: data/sample/TOX21_ERa_BLA_Antagonist_ratio.csv
Saved pretrain CSV for TOX21_ERa_LUC_VM7_Agonist: data/sample/TOX21_ERa_LUC_VM7_Agonist.csv
Saved pretrain CSV for TOX21_ERa_BLA_Antagonist_viability: data/sample/TOX21_ERa_BLA_Antagonist_viability.csv
Saved pretrain CSV for TOX21_ERa_LUC_VM7_Antagonist_0.5nM_E2: data/sample/TOX21_ERa_LUC_VM7_Antagonist_0.5nM_E2.csv
Saved pretrain CSV for TOX21_ERa_BLA_Antagonist_ch2: data/sample/TOX21_ERa_BLA_Antagonist_ch2.csv
Saved pretrain CSV for TOX21_ERa_BLA_Antagonist_ch1: data/sample/TOX21_ERa_BLA_Antagonist_ch1.csv
Saved pretrain CSV for TOX21_ERa_LUC_VM7_Antagonist_0.5nM_E2_viability: data/sample/TOX21_ERa_LUC_VM7_Antagonist_0.5nM_E2_viability.csv
Saved pretrain CSV for TOX21_ERa_BLA_Agonist_ch2: data/sample/TOX21_ERa_BLA_Agonist_ch2.csv
Saved pretrain CSV for TOX21_ERa_BLA_Agonist_ch1: data/sample/TOX21_ERa_BLA_Agonist_ch1.csv
Saved pretrain CSV for TOX21_ERa_BLA_Agonist_ratio: data/sample/TOX21_ERa_BLA_Agonist_ratio.csv
Saved pretrain CSV for TOX21_ERb_BLA_Antagonist_ch1: data/sample/TOX21_ERb_BLA_Antagonist_ch1.csv
Saved pretrain CSV for TOX21_ERb_BLA_Antagonist_ch2: data/sample/TOX21_ERb_BLA_Antagonist_ch2.csv
Saved pretrain CSV for TOX21_ERb_BLA_Agonist_viability: data/sample/TOX21_ERb_BLA_Agonist_viability.csv
Saved pretrain CSV for TOX21_ERb_BLA_Agonist_ratio: data/sample/TOX21_ERb_BLA_Agonist_ratio.csv
Saved pretrain CSV for TOX21_ERb_BLA_Agonist_ch2: data/sample/TOX21_ERb_BLA_Agonist_ch2.csv
Saved pretrain CSV for TOX21_ERb_BLA_Agonist_ch1: data/sample/TOX21_ERb_BLA_Agonist_ch1.csv
Saved pretrain CSV for TOX21_ERR_LUC_Agonist: data/sample/TOX21_ERR_LUC_Agonist.csv
Saved pretrain CSV for TOX21_ERa_LUC_VM7_Agonist_10nM_ICI182780_viability: data/sample/TOX21_ERa_LUC_VM7_Agonist_10nM_ICI182780_viability.csv
Saved pretrain CSV for TOX21_ERa_LUC_VM7_Antagonist_0.1nM_E2: data/sample/TOX21_ERa_LUC_VM7_Antagonist_0.1nM_E2.csv
Saved pretrain CSV for TOX21_ERb_BLA_Antagonist_ratio: data/sample/TOX21_ERb_BLA_Antagonist_ratio.csv
Saved pretrain CSV for TOX21_ERa_LUC_VM7_Agonist_10nM_ICI182780: data/sample/TOX21_ERa_LUC_VM7_Agonist_10nM_ICI182780.csv
Saved pretrain CSV for TOX21_ERR_LUC_viability: data/sample/TOX21_ERR_LUC_viability.csv
Saved pretrain CSV for TOX21_ERR_LUC_Antagonist: data/sample/TOX21_ERR_LUC_Antagonist.csv
Saved pretrain CSV for TOX21_ERa_LUC_VM7_Antagonist_0.1nM_E2_viability: data/sample/TOX21_ERa_LUC_VM7_Antagonist_0.1nM_E2_viability.csv
Saved pretrain CSV for TOX21_ERb_BLA_Antagonist_viability: data/sample/TOX21_ERb_BLA_Antagonist_viability.csv
Saved finetune CSV for TOX21_ERa_BLA_Antagonist_ratio: data/sample/TOX21_ERa_BLA_Antagonist_ratio.csv
Saved finetune CSV for TOX21_ERa_LUC_VM7_Agonist: data/sample/TOX21_ERa_LUC_VM7_Agonist.csv
Saved finetune CSV for TOX21_ERa_BLA_Antagonist_viability: data/sample/TOX21_ERa_BLA_Antagonist_viability.csv
Saved finetune CSV for TOX21_ERa_LUC_VM7_Antagonist_0.5nM_E2: data/sample/TOX21_ERa_LUC_VM7_Antagonist_0.5nM_E2.csv
Saved finetune CSV for TOX21_ERa_BLA_Antagonist_ch2: data/sample/TOX21_ERa_BLA_Antagonist_ch2.csv
Saved finetune CSV for TOX21_ERa_BLA_Antagonist_ch1: data/sample/TOX21_ERa_BLA_Antagonist_ch1.csv
Saved finetune CSV for TOX21_ERa_LUC_VM7_Antagonist_0.5nM_E2_viability: data/sample/TOX21_ERa_LUC_VM7_Antagonist_0.5nM_E2_viability.csv
Saved finetune CSV for TOX21_ERa_BLA_Agonist_ch2: data/sample/TOX21_ERa_BLA_Agonist_ch2.csv
Saved finetune CSV for TOX21_ERa_BLA_Agonist_ch1: data/sample/TOX21_ERa_BLA_Agonist_ch1.csv
Saved finetune CSV for TOX21_ERa_BLA_Agonist_ratio: data/sample/TOX21_ERa_BLA_Agonist_ratio.csv
Saved finetune CSV for TOX21_ERb_BLA_Antagonist_ch1: data/sample/TOX21_ERb_BLA_Antagonist_ch1.csv
Saved finetune CSV for TOX21_ERb_BLA_Antagonist_ch2: data/sample/TOX21_ERb_BLA_Antagonist_ch2.csv
Saved finetune CSV for TOX21_ERb_BLA_Agonist_viability: data/sample/TOX21_ERb_BLA_Agonist_viability.csv
Saved finetune CSV for TOX21_ERb_BLA_Agonist_ratio: data/sample/TOX21_ERb_BLA_Agonist_ratio.csv
Saved finetune CSV for TOX21_ERb_BLA_Agonist_ch2: data/sample/TOX21_ERb_BLA_Agonist_ch2.csv
Saved finetune CSV for TOX21_ERb_BLA_Agonist_ch1: data/sample/TOX21_ERb_BLA_Agonist_ch1.csv
Saved finetune CSV for TOX21_ERR_LUC_Agonist: data/sample/TOX21_ERR_LUC_Agonist.csv
Saved finetune CSV for TOX21_ERa_LUC_VM7_Agonist_10nM_ICI182780_viability: data/sample/TOX21_ERa_LUC_VM7_Agonist_10nM_ICI182780_viability.csv
Saved finetune CSV for TOX21_ERa_LUC_VM7_Antagonist_0.1nM_E2: data/sample/TOX21_ERa_LUC_VM7_Antagonist_0.1nM_E2.csv
Saved finetune CSV for TOX21_ERb_BLA_Antagonist_ratio: data/sample/TOX21_ERb_BLA_Antagonist_ratio.csv
Saved finetune CSV for TOX21_ERa_LUC_VM7_Agonist_10nM_ICI182780: data/sample/TOX21_ERa_LUC_VM7_Agonist_10nM_ICI182780.csv
Saved finetune CSV for TOX21_ERR_LUC_viability: data/sample/TOX21_ERR_LUC_viability.csv
Saved finetune CSV for TOX21_ERR_LUC_Antagonist: data/sample/TOX21_ERR_LUC_Antagonist.csv
Saved finetune CSV for TOX21_ERa_LUC_VM7_Antagonist_0.1nM_E2_viability: data/sample/TOX21_ERa_LUC_VM7_Antagonist_0.1nM_E2_viability.csv
Saved finetune CSV for TOX21_ERb_BLA_Antagonist_viability: data/sample/TOX21_ERb_BLA_Antagonist_viability.csv
[2/4] Pretraining on TOX21_ERa_BLA_Antagonist_viability using GIN_GCN...
Epoch 1/100 - Loss: 0.5780 - Val F1: 0.1307 - Val ROC-AUC: 0.7267 - Val PR-AUC: 0.1172
Epoch 2/100 - Loss: 0.4999 - Val F1: 0.1486 - Val ROC-AUC: 0.7716 - Val PR-AUC: 0.1520
Epoch 3/100 - Loss: 0.4618 - Val F1: 0.1481 - Val ROC-AUC: 0.7357 - Val PR-AUC: 0.1336
Epoch 4/100 - Loss: 0.4297 - Val F1: 0.1635 - Val ROC-AUC: 0.7380 - Val PR-AUC: 0.1785
Epoch 5/100 - Loss: 0.4006 - Val F1: 0.1970 - Val ROC-AUC: 0.7739 - Val PR-AUC: 0.1597
Epoch 6/100 - Loss: 0.3650 - Val F1: 0.1585 - Val ROC-AUC: 0.7967 - Val PR-AUC: 0.1327
Epoch 7/100 - Loss: 0.3639 - Val F1: 0.1585 - Val ROC-AUC: 0.7733 - Val PR-AUC: 0.1403
Epoch 8/100 - Loss: 0.3270 - Val F1: 0.2045 - Val ROC-AUC: 0.7941 - Val PR-AUC: 0.2010
Epoch 9/100 - Loss: 0.3222 - Val F1: 0.1749 - Val ROC-AUC: 0.7963 - Val PR-AUC: 0.1369
Epoch 10/100 - Loss: 0.3092 - Val F1: 0.1806 - Val ROC-AUC: 0.7793 - Val PR-AUC: 0.2233
Epoch 11/100 - Loss: 0.2787 - Val F1: 0.1931 - Val ROC-AUC: 0.7673 - Val PR-AUC: 0.1634
Epoch 12/100 - Loss: 0.2463 - Val F1: 0.1977 - Val ROC-AUC: 0.7943 - Val PR-AUC: 0.2121
Epoch 13/100 - Loss: 0.2469 - Val F1: 0.1863 - Val ROC-AUC: 0.7811 - Val PR-AUC: 0.1590
Epoch 14/100 - Loss: 0.2314 - Val F1: 0.2113 - Val ROC-AUC: 0.7686 - Val PR-AUC: 0.1644
Epoch 15/100 - Loss: 0.2319 - Val F1: 0.2034 - Val ROC-AUC: 0.7654 - Val PR-AUC: 0.1565
Epoch 16/100 - Loss: 0.2217 - Val F1: 0.1939 - Val ROC-AUC: 0.7724 - Val PR-AUC: 0.1737
Epoch 17/100 - Loss: 0.2276 - Val F1: 0.1719 - Val ROC-AUC: 0.7727 - Val PR-AUC: 0.1451
Epoch 18/100 - Loss: 0.1995 - Val F1: 0.2192 - Val ROC-AUC: 0.7679 - Val PR-AUC: 0.1383
Epoch 19/100 - Loss: 0.2036 - Val F1: 0.1679 - Val ROC-AUC: 0.7559 - Val PR-AUC: 0.1444
Epoch 20/100 - Loss: 0.1963 - Val F1: 0.2222 - Val ROC-AUC: 0.7754 - Val PR-AUC: 0.1640
Epoch 21/100 - Loss: 0.1787 - Val F1: 0.1760 - Val ROC-AUC: 0.7464 - Val PR-AUC: 0.1510
Epoch 22/100 - Loss: 0.1537 - Val F1: 0.1630 - Val ROC-AUC: 0.7525 - Val PR-AUC: 0.1401
Epoch 23/100 - Loss: 0.1672 - Val F1: 0.1864 - Val ROC-AUC: 0.7392 - Val PR-AUC: 0.1424
Epoch 24/100 - Loss: 0.1618 - Val F1: 0.1626 - Val ROC-AUC: 0.7553 - Val PR-AUC: 0.2185
Epoch 25/100 - Loss: 0.1587 - Val F1: 0.1955 - Val ROC-AUC: 0.7524 - Val PR-AUC: 0.1421
Epoch 26/100 - Loss: 0.1683 - Val F1: 0.2162 - Val ROC-AUC: 0.7565 - Val PR-AUC: 0.1798
Epoch 27/100 - Loss: 0.1477 - Val F1: 0.2308 - Val ROC-AUC: 0.7615 - Val PR-AUC: 0.1641
Epoch 28/100 - Loss: 0.1447 - Val F1: 0.1760 - Val ROC-AUC: 0.7330 - Val PR-AUC: 0.1508
Epoch 29/100 - Loss: 0.1527 - Val F1: 0.2171 - Val ROC-AUC: 0.7495 - Val PR-AUC: 0.1448
Epoch 30/100 - Loss: 0.1372 - Val F1: 0.1739 - Val ROC-AUC: 0.7292 - Val PR-AUC: 0.1620
Epoch 31/100 - Loss: 0.1230 - Val F1: 0.2075 - Val ROC-AUC: 0.7375 - Val PR-AUC: 0.1392
Epoch 32/100 - Loss: 0.1250 - Val F1: 0.2020 - Val ROC-AUC: 0.7350 - Val PR-AUC: 0.1463
Epoch 33/100 - Loss: 0.1101 - Val F1: 0.1897 - Val ROC-AUC: 0.7351 - Val PR-AUC: 0.1429
Epoch 34/100 - Loss: 0.1127 - Val F1: 0.2105 - Val ROC-AUC: 0.7329 - Val PR-AUC: 0.1497
Epoch 35/100 - Loss: 0.1206 - Val F1: 0.1835 - Val ROC-AUC: 0.7229 - Val PR-AUC: 0.1595
Epoch 36/100 - Loss: 0.1163 - Val F1: 0.2022 - Val ROC-AUC: 0.7350 - Val PR-AUC: 0.1419
Epoch 37/100 - Loss: 0.1190 - Val F1: 0.2000 - Val ROC-AUC: 0.7297 - Val PR-AUC: 0.1593
Epoch 38/100 - Loss: 0.1183 - Val F1: 0.2222 - Val ROC-AUC: 0.7301 - Val PR-AUC: 0.1939
Epoch 39/100 - Loss: 0.1043 - Val F1: 0.1869 - Val ROC-AUC: 0.7306 - Val PR-AUC: 0.1534
Epoch 40/100 - Loss: 0.1013 - Val F1: 0.2115 - Val ROC-AUC: 0.7319 - Val PR-AUC: 0.1596
Epoch 41/100 - Loss: 0.1033 - Val F1: 0.2243 - Val ROC-AUC: 0.7304 - Val PR-AUC: 0.1508
Epoch 42/100 - Loss: 0.1043 - Val F1: 0.2115 - Val ROC-AUC: 0.7249 - Val PR-AUC: 0.1544
Epoch 43/100 - Loss: 0.1087 - Val F1: 0.2202 - Val ROC-AUC: 0.7337 - Val PR-AUC: 0.1513
Epoch 44/100 - Loss: 0.0939 - Val F1: 0.2069 - Val ROC-AUC: 0.7273 - Val PR-AUC: 0.1583
Epoch 45/100 - Loss: 0.0999 - Val F1: 0.1978 - Val ROC-AUC: 0.7357 - Val PR-AUC: 0.1462
Epoch 46/100 - Loss: 0.0964 - Val F1: 0.2198 - Val ROC-AUC: 0.7260 - Val PR-AUC: 0.1514
Epoch 47/100 - Loss: 0.0971 - Val F1: 0.2136 - Val ROC-AUC: 0.7414 - Val PR-AUC: 0.1437
Epoch 48/100 - Loss: 0.0850 - Val F1: 0.2045 - Val ROC-AUC: 0.7292 - Val PR-AUC: 0.1382
Epoch 49/100 - Loss: 0.0938 - Val F1: 0.1684 - Val ROC-AUC: 0.7211 - Val PR-AUC: 0.1423
Epoch 50/100 - Loss: 0.0910 - Val F1: 0.2022 - Val ROC-AUC: 0.7230 - Val PR-AUC: 0.1715
Epoch 51/100 - Loss: 0.0931 - Val F1: 0.2469 - Val ROC-AUC: 0.7292 - Val PR-AUC: 0.1943
Epoch 52/100 - Loss: 0.0843 - Val F1: 0.2041 - Val ROC-AUC: 0.7264 - Val PR-AUC: 0.1424
Epoch 53/100 - Loss: 0.0864 - Val F1: 0.2151 - Val ROC-AUC: 0.7309 - Val PR-AUC: 0.1536
