[11:28:13] Can't kekulize mol.  Unkekulized atoms: 1 2 3 4 5
[11:28:14] Explicit valence for atom # 0 Cl, 2, is greater than permitted
[11:28:15] Can't kekulize mol.  Unkekulized atoms: 3 4 5 6 7
[11:28:15] Can't kekulize mol.  Unkekulized atoms: 3 4 5 6 7
[11:28:16] WARNING: not removing hydrogen atom without neighbors
[11:28:17] Explicit valence for atom # 3 Si, 8, is greater than permitted
[11:28:18] Can't kekulize mol.  Unkekulized atoms: 1 2 3 4 5
[11:28:18] Can't kekulize mol.  Unkekulized atoms: 3 4 5 6 7
[11:28:18] Can't kekulize mol.  Unkekulized atoms: 1 2 3 4 5
[11:28:18] WARNING: not removing hydrogen atom without neighbors
[11:28:19] Can't kekulize mol.  Unkekulized atoms: 1 2 3 4 5
[11:28:19] Explicit valence for atom # 6 O, 3, is greater than permitted
[11:28:19] Explicit valence for atom # 3 Si, 8, is greater than permitted
[11:28:19] Explicit valence for atom # 0 Cl, 2, is greater than permitted
[11:30:49] Can't kekulize mol.  Unkekulized atoms: 1 2 3 4 5
[11:30:50] Explicit valence for atom # 0 Cl, 2, is greater than permitted
[11:30:51] Can't kekulize mol.  Unkekulized atoms: 3 4 5 6 7
[11:30:51] Can't kekulize mol.  Unkekulized atoms: 3 4 5 6 7
[11:30:51] WARNING: not removing hydrogen atom without neighbors
[11:30:53] Explicit valence for atom # 3 Si, 8, is greater than permitted
[11:30:54] Can't kekulize mol.  Unkekulized atoms: 1 2 3 4 5
[11:30:54] Can't kekulize mol.  Unkekulized atoms: 3 4 5 6 7
[11:30:54] Can't kekulize mol.  Unkekulized atoms: 1 2 3 4 5
[11:30:54] WARNING: not removing hydrogen atom without neighbors
[11:30:55] Can't kekulize mol.  Unkekulized atoms: 1 2 3 4 5
[11:30:55] Explicit valence for atom # 6 O, 3, is greater than permitted
[11:30:55] Explicit valence for atom # 3 Si, 8, is greater than permitted
[11:30:55] Explicit valence for atom # 0 Cl, 2, is greater than permitted
[11:32:14] Can't kekulize mol.  Unkekulized atoms: 1 2 3 4 5
[11:32:15] Explicit valence for atom # 0 Cl, 2, is greater than permitted
[11:32:15] Can't kekulize mol.  Unkekulized atoms: 3 4 5 6 7
[11:32:16] Can't kekulize mol.  Unkekulized atoms: 3 4 5 6 7
[11:32:16] WARNING: not removing hydrogen atom without neighbors
[11:32:18] Explicit valence for atom # 3 Si, 8, is greater than permitted
[11:32:18] Can't kekulize mol.  Unkekulized atoms: 1 2 3 4 5
[11:32:18] Can't kekulize mol.  Unkekulized atoms: 3 4 5 6 7
[11:32:19] Can't kekulize mol.  Unkekulized atoms: 1 2 3 4 5
[11:32:19] WARNING: not removing hydrogen atom without neighbors
[11:32:20] Can't kekulize mol.  Unkekulized atoms: 1 2 3 4 5
[11:32:20] Explicit valence for atom # 6 O, 3, is greater than permitted
[11:32:20] Explicit valence for atom # 3 Si, 8, is greater than permitted
[11:32:20] Explicit valence for atom # 0 Cl, 2, is greater than permitted
