[1/4] Excel → CSV 변환 중...
Saved pretrain CSV for TOX21_ERa_BLA_Antagonist_ratio: data/sample/TOX21_ERa_BLA_Antagonist_ratio.csv
Saved pretrain CSV for TOX21_ERa_LUC_VM7_Agonist: data/sample/TOX21_ERa_LUC_VM7_Agonist.csv
Saved pretrain CSV for TOX21_ERa_BLA_Antagonist_viability: data/sample/TOX21_ERa_BLA_Antagonist_viability.csv
Saved pretrain CSV for TOX21_ERa_LUC_VM7_Antagonist_0.5nM_E2: data/sample/TOX21_ERa_LUC_VM7_Antagonist_0.5nM_E2.csv
Saved pretrain CSV for TOX21_ERa_BLA_Antagonist_ch2: data/sample/TOX21_ERa_BLA_Antagonist_ch2.csv
Saved pretrain CSV for TOX21_ERa_BLA_Antagonist_ch1: data/sample/TOX21_ERa_BLA_Antagonist_ch1.csv
Saved pretrain CSV for TOX21_ERa_LUC_VM7_Antagonist_0.5nM_E2_viability: data/sample/TOX21_ERa_LUC_VM7_Antagonist_0.5nM_E2_viability.csv
Saved pretrain CSV for TOX21_ERa_BLA_Agonist_ch2: data/sample/TOX21_ERa_BLA_Agonist_ch2.csv
Saved pretrain CSV for TOX21_ERa_BLA_Agonist_ch1: data/sample/TOX21_ERa_BLA_Agonist_ch1.csv
Saved pretrain CSV for TOX21_ERa_BLA_Agonist_ratio: data/sample/TOX21_ERa_BLA_Agonist_ratio.csv
Saved pretrain CSV for TOX21_ERb_BLA_Antagonist_ch1: data/sample/TOX21_ERb_BLA_Antagonist_ch1.csv
Saved pretrain CSV for TOX21_ERb_BLA_Antagonist_ch2: data/sample/TOX21_ERb_BLA_Antagonist_ch2.csv
Saved pretrain CSV for TOX21_ERb_BLA_Agonist_viability: data/sample/TOX21_ERb_BLA_Agonist_viability.csv
Saved pretrain CSV for TOX21_ERb_BLA_Agonist_ratio: data/sample/TOX21_ERb_BLA_Agonist_ratio.csv
Saved pretrain CSV for TOX21_ERb_BLA_Agonist_ch2: data/sample/TOX21_ERb_BLA_Agonist_ch2.csv
Saved pretrain CSV for TOX21_ERb_BLA_Agonist_ch1: data/sample/TOX21_ERb_BLA_Agonist_ch1.csv
Saved pretrain CSV for TOX21_ERR_LUC_Agonist: data/sample/TOX21_ERR_LUC_Agonist.csv
Saved pretrain CSV for TOX21_ERa_LUC_VM7_Agonist_10nM_ICI182780_viability: data/sample/TOX21_ERa_LUC_VM7_Agonist_10nM_ICI182780_viability.csv
Saved pretrain CSV for TOX21_ERa_LUC_VM7_Antagonist_0.1nM_E2: data/sample/TOX21_ERa_LUC_VM7_Antagonist_0.1nM_E2.csv
Saved pretrain CSV for TOX21_ERb_BLA_Antagonist_ratio: data/sample/TOX21_ERb_BLA_Antagonist_ratio.csv
Saved pretrain CSV for TOX21_ERa_LUC_VM7_Agonist_10nM_ICI182780: data/sample/TOX21_ERa_LUC_VM7_Agonist_10nM_ICI182780.csv
Saved pretrain CSV for TOX21_ERR_LUC_viability: data/sample/TOX21_ERR_LUC_viability.csv
Saved pretrain CSV for TOX21_ERR_LUC_Antagonist: data/sample/TOX21_ERR_LUC_Antagonist.csv
Saved pretrain CSV for TOX21_ERa_LUC_VM7_Antagonist_0.1nM_E2_viability: data/sample/TOX21_ERa_LUC_VM7_Antagonist_0.1nM_E2_viability.csv
Saved pretrain CSV for TOX21_ERb_BLA_Antagonist_viability: data/sample/TOX21_ERb_BLA_Antagonist_viability.csv
Saved finetune CSV for TOX21_ERa_BLA_Antagonist_ratio: data/sample/TOX21_ERa_BLA_Antagonist_ratio.csv
Saved finetune CSV for TOX21_ERa_LUC_VM7_Agonist: data/sample/TOX21_ERa_LUC_VM7_Agonist.csv
Saved finetune CSV for TOX21_ERa_BLA_Antagonist_viability: data/sample/TOX21_ERa_BLA_Antagonist_viability.csv
Saved finetune CSV for TOX21_ERa_LUC_VM7_Antagonist_0.5nM_E2: data/sample/TOX21_ERa_LUC_VM7_Antagonist_0.5nM_E2.csv
Saved finetune CSV for TOX21_ERa_BLA_Antagonist_ch2: data/sample/TOX21_ERa_BLA_Antagonist_ch2.csv
Saved finetune CSV for TOX21_ERa_BLA_Antagonist_ch1: data/sample/TOX21_ERa_BLA_Antagonist_ch1.csv
Saved finetune CSV for TOX21_ERa_LUC_VM7_Antagonist_0.5nM_E2_viability: data/sample/TOX21_ERa_LUC_VM7_Antagonist_0.5nM_E2_viability.csv
Saved finetune CSV for TOX21_ERa_BLA_Agonist_ch2: data/sample/TOX21_ERa_BLA_Agonist_ch2.csv
Saved finetune CSV for TOX21_ERa_BLA_Agonist_ch1: data/sample/TOX21_ERa_BLA_Agonist_ch1.csv
Saved finetune CSV for TOX21_ERa_BLA_Agonist_ratio: data/sample/TOX21_ERa_BLA_Agonist_ratio.csv
Saved finetune CSV for TOX21_ERb_BLA_Antagonist_ch1: data/sample/TOX21_ERb_BLA_Antagonist_ch1.csv
Saved finetune CSV for TOX21_ERb_BLA_Antagonist_ch2: data/sample/TOX21_ERb_BLA_Antagonist_ch2.csv
Saved finetune CSV for TOX21_ERb_BLA_Agonist_viability: data/sample/TOX21_ERb_BLA_Agonist_viability.csv
Saved finetune CSV for TOX21_ERb_BLA_Agonist_ratio: data/sample/TOX21_ERb_BLA_Agonist_ratio.csv
Saved finetune CSV for TOX21_ERb_BLA_Agonist_ch2: data/sample/TOX21_ERb_BLA_Agonist_ch2.csv
Saved finetune CSV for TOX21_ERb_BLA_Agonist_ch1: data/sample/TOX21_ERb_BLA_Agonist_ch1.csv
Saved finetune CSV for TOX21_ERR_LUC_Agonist: data/sample/TOX21_ERR_LUC_Agonist.csv
Saved finetune CSV for TOX21_ERa_LUC_VM7_Agonist_10nM_ICI182780_viability: data/sample/TOX21_ERa_LUC_VM7_Agonist_10nM_ICI182780_viability.csv
Saved finetune CSV for TOX21_ERa_LUC_VM7_Antagonist_0.1nM_E2: data/sample/TOX21_ERa_LUC_VM7_Antagonist_0.1nM_E2.csv
Saved finetune CSV for TOX21_ERb_BLA_Antagonist_ratio: data/sample/TOX21_ERb_BLA_Antagonist_ratio.csv
Saved finetune CSV for TOX21_ERa_LUC_VM7_Agonist_10nM_ICI182780: data/sample/TOX21_ERa_LUC_VM7_Agonist_10nM_ICI182780.csv
Saved finetune CSV for TOX21_ERR_LUC_viability: data/sample/TOX21_ERR_LUC_viability.csv
Saved finetune CSV for TOX21_ERR_LUC_Antagonist: data/sample/TOX21_ERR_LUC_Antagonist.csv
Saved finetune CSV for TOX21_ERa_LUC_VM7_Antagonist_0.1nM_E2_viability: data/sample/TOX21_ERa_LUC_VM7_Antagonist_0.1nM_E2_viability.csv
Saved finetune CSV for TOX21_ERb_BLA_Antagonist_viability: data/sample/TOX21_ERb_BLA_Antagonist_viability.csv
[2/4] Pretraining on TOX21_ERa_LUC_VM7_Agonist using GIN_GCN...
Epoch 1/100 - Loss: 0.6676 - Val F1: 0.2949 - Val ROC-AUC: 0.6643 - Val PR-AUC: 0.2785
Epoch 2/100 - Loss: 0.6317 - Val F1: 0.2574 - Val ROC-AUC: 0.6587 - Val PR-AUC: 0.2398
Epoch 3/100 - Loss: 0.6400 - Val F1: 0.2768 - Val ROC-AUC: 0.6607 - Val PR-AUC: 0.2302
Epoch 4/100 - Loss: 0.6260 - Val F1: 0.2998 - Val ROC-AUC: 0.6785 - Val PR-AUC: 0.2576
Epoch 5/100 - Loss: 0.6171 - Val F1: 0.2355 - Val ROC-AUC: 0.6395 - Val PR-AUC: 0.2985
Epoch 6/100 - Loss: 0.6102 - Val F1: 0.2740 - Val ROC-AUC: 0.6572 - Val PR-AUC: 0.2801
Epoch 7/100 - Loss: 0.5996 - Val F1: 0.3072 - Val ROC-AUC: 0.6430 - Val PR-AUC: 0.2519
Epoch 8/100 - Loss: 0.6098 - Val F1: 0.3041 - Val ROC-AUC: 0.6753 - Val PR-AUC: 0.2862
Epoch 9/100 - Loss: 0.5937 - Val F1: 0.2754 - Val ROC-AUC: 0.6699 - Val PR-AUC: 0.2760
Epoch 10/100 - Loss: 0.5865 - Val F1: 0.3070 - Val ROC-AUC: 0.6565 - Val PR-AUC: 0.2829
Epoch 11/100 - Loss: 0.5704 - Val F1: 0.3279 - Val ROC-AUC: 0.7107 - Val PR-AUC: 0.3176
Epoch 12/100 - Loss: 0.5638 - Val F1: 0.3164 - Val ROC-AUC: 0.6831 - Val PR-AUC: 0.2933
Epoch 13/100 - Loss: 0.5543 - Val F1: 0.2991 - Val ROC-AUC: 0.6703 - Val PR-AUC: 0.3026
Epoch 14/100 - Loss: 0.5474 - Val F1: 0.2830 - Val ROC-AUC: 0.6586 - Val PR-AUC: 0.3015
Epoch 15/100 - Loss: 0.5457 - Val F1: 0.3083 - Val ROC-AUC: 0.6630 - Val PR-AUC: 0.2839
Epoch 16/100 - Loss: 0.5409 - Val F1: 0.3041 - Val ROC-AUC: 0.6849 - Val PR-AUC: 0.3088
Epoch 17/100 - Loss: 0.5384 - Val F1: 0.2866 - Val ROC-AUC: 0.6533 - Val PR-AUC: 0.2847
Epoch 18/100 - Loss: 0.5318 - Val F1: 0.2633 - Val ROC-AUC: 0.6545 - Val PR-AUC: 0.3013
Epoch 19/100 - Loss: 0.5289 - Val F1: 0.2904 - Val ROC-AUC: 0.6480 - Val PR-AUC: 0.2922
Epoch 20/100 - Loss: 0.5152 - Val F1: 0.2724 - Val ROC-AUC: 0.6446 - Val PR-AUC: 0.2688
Epoch 21/100 - Loss: 0.4998 - Val F1: 0.2792 - Val ROC-AUC: 0.6528 - Val PR-AUC: 0.3222
Epoch 22/100 - Loss: 0.4930 - Val F1: 0.3249 - Val ROC-AUC: 0.6705 - Val PR-AUC: 0.2926
Epoch 23/100 - Loss: 0.4777 - Val F1: 0.2548 - Val ROC-AUC: 0.6520 - Val PR-AUC: 0.2819
Epoch 24/100 - Loss: 0.4870 - Val F1: 0.3213 - Val ROC-AUC: 0.6605 - Val PR-AUC: 0.2994
Epoch 25/100 - Loss: 0.4730 - Val F1: 0.3014 - Val ROC-AUC: 0.6525 - Val PR-AUC: 0.2774
Epoch 26/100 - Loss: 0.4576 - Val F1: 0.3245 - Val ROC-AUC: 0.6642 - Val PR-AUC: 0.3116
Epoch 27/100 - Loss: 0.4641 - Val F1: 0.2943 - Val ROC-AUC: 0.6578 - Val PR-AUC: 0.2893
Epoch 28/100 - Loss: 0.4510 - Val F1: 0.3185 - Val ROC-AUC: 0.6676 - Val PR-AUC: 0.2944
Epoch 29/100 - Loss: 0.4529 - Val F1: 0.2952 - Val ROC-AUC: 0.6641 - Val PR-AUC: 0.3052
Epoch 30/100 - Loss: 0.4423 - Val F1: 0.3048 - Val ROC-AUC: 0.6599 - Val PR-AUC: 0.2956
Epoch 31/100 - Loss: 0.4381 - Val F1: 0.3127 - Val ROC-AUC: 0.6738 - Val PR-AUC: 0.2885
Epoch 32/100 - Loss: 0.4274 - Val F1: 0.3296 - Val ROC-AUC: 0.6793 - Val PR-AUC: 0.2685
Epoch 33/100 - Loss: 0.4226 - Val F1: 0.2971 - Val ROC-AUC: 0.6662 - Val PR-AUC: 0.2739
Epoch 34/100 - Loss: 0.4076 - Val F1: 0.3220 - Val ROC-AUC: 0.6793 - Val PR-AUC: 0.3047
Epoch 35/100 - Loss: 0.4192 - Val F1: 0.3230 - Val ROC-AUC: 0.6814 - Val PR-AUC: 0.2884
Epoch 36/100 - Loss: 0.4075 - Val F1: 0.3593 - Val ROC-AUC: 0.6770 - Val PR-AUC: 0.3026
Epoch 37/100 - Loss: 0.4184 - Val F1: 0.3675 - Val ROC-AUC: 0.6774 - Val PR-AUC: 0.2941
Epoch 38/100 - Loss: 0.4011 - Val F1: 0.3458 - Val ROC-AUC: 0.6641 - Val PR-AUC: 0.2729
Epoch 39/100 - Loss: 0.3883 - Val F1: 0.3194 - Val ROC-AUC: 0.6618 - Val PR-AUC: 0.2799
Epoch 40/100 - Loss: 0.3925 - Val F1: 0.2948 - Val ROC-AUC: 0.6580 - Val PR-AUC: 0.2608
Epoch 41/100 - Loss: 0.3835 - Val F1: 0.2986 - Val ROC-AUC: 0.6665 - Val PR-AUC: 0.2587
Epoch 42/100 - Loss: 0.3886 - Val F1: 0.3129 - Val ROC-AUC: 0.6719 - Val PR-AUC: 0.2807
Epoch 43/100 - Loss: 0.3707 - Val F1: 0.3381 - Val ROC-AUC: 0.6777 - Val PR-AUC: 0.2839
Epoch 44/100 - Loss: 0.3848 - Val F1: 0.3322 - Val ROC-AUC: 0.6841 - Val PR-AUC: 0.2868
Epoch 45/100 - Loss: 0.3676 - Val F1: 0.3253 - Val ROC-AUC: 0.6724 - Val PR-AUC: 0.2840
Epoch 46/100 - Loss: 0.3712 - Val F1: 0.3230 - Val ROC-AUC: 0.6823 - Val PR-AUC: 0.2848
Epoch 47/100 - Loss: 0.3685 - Val F1: 0.3232 - Val ROC-AUC: 0.6723 - Val PR-AUC: 0.2845
Epoch 48/100 - Loss: 0.3606 - Val F1: 0.3147 - Val ROC-AUC: 0.6776 - Val PR-AUC: 0.2863
Epoch 49/100 - Loss: 0.3664 - Val F1: 0.3247 - Val ROC-AUC: 0.6779 - Val PR-AUC: 0.2871
Epoch 50/100 - Loss: 0.3592 - Val F1: 0.3404 - Val ROC-AUC: 0.6854 - Val PR-AUC: 0.2986
Epoch 51/100 - Loss: 0.3600 - Val F1: 0.3322 - Val ROC-AUC: 0.6803 - Val PR-AUC: 0.2879
Epoch 52/100 - Loss: 0.3501 - Val F1: 0.3311 - Val ROC-AUC: 0.6838 - Val PR-AUC: 0.2876
Epoch 53/100 - Loss: 0.3451 - Val F1: 0.3357 - Val ROC-AUC: 0.6830 - Val PR-AUC: 0.2884
Epoch 54/100 - Loss: 0.3460 - Val F1: 0.3333 - Val ROC-AUC: 0.6757 - Val PR-AUC: 0.2782
Epoch 55/100 - Loss: 0.3428 - Val F1: 0.3382 - Val ROC-AUC: 0.6741 - Val PR-AUC: 0.2860
Epoch 56/100 - Loss: 0.3431 - Val F1: 0.3287 - Val ROC-AUC: 0.6847 - Val PR-AUC: 0.2868
Epoch 57/100 - Loss: 0.3322 - Val F1: 0.3368 - Val ROC-AUC: 0.6789 - Val PR-AUC: 0.2798
Epoch 58/100 - Loss: 0.3393 - Val F1: 0.3413 - Val ROC-AUC: 0.6708 - Val PR-AUC: 0.2751
Epoch 59/100 - Loss: 0.3475 - Val F1: 0.3333 - Val ROC-AUC: 0.6780 - Val PR-AUC: 0.2832
Epoch 60/100 - Loss: 0.3384 - Val F1: 0.3299 - Val ROC-AUC: 0.6707 - Val PR-AUC: 0.2750
Epoch 61/100 - Loss: 0.3257 - Val F1: 0.3321 - Val ROC-AUC: 0.6753 - Val PR-AUC: 0.2819
Epoch 62/100 - Loss: 0.3247 - Val F1: 0.3299 - Val ROC-AUC: 0.6776 - Val PR-AUC: 0.2870
Epoch 63/100 - Loss: 0.3299 - Val F1: 0.3398 - Val ROC-AUC: 0.6745 - Val PR-AUC: 0.2860
Epoch 64/100 - Loss: 0.3383 - Val F1: 0.3297 - Val ROC-AUC: 0.6749 - Val PR-AUC: 0.2783
Epoch 65/100 - Loss: 0.3412 - Val F1: 0.3310 - Val ROC-AUC: 0.6721 - Val PR-AUC: 0.2780
Epoch 66/100 - Loss: 0.3311 - Val F1: 0.3219 - Val ROC-AUC: 0.6763 - Val PR-AUC: 0.2838
Epoch 67/100 - Loss: 0.3211 - Val F1: 0.3369 - Val ROC-AUC: 0.6687 - Val PR-AUC: 0.2739
Epoch 68/100 - Loss: 0.3397 - Val F1: 0.3333 - Val ROC-AUC: 0.6762 - Val PR-AUC: 0.2776
Epoch 69/100 - Loss: 0.3277 - Val F1: 0.3520 - Val ROC-AUC: 0.6751 - Val PR-AUC: 0.2830
Epoch 70/100 - Loss: 0.3305 - Val F1: 0.3172 - Val ROC-AUC: 0.6726 - Val PR-AUC: 0.2822
Epoch 71/100 - Loss: 0.3171 - Val F1: 0.3333 - Val ROC-AUC: 0.6751 - Val PR-AUC: 0.2851
Epoch 72/100 - Loss: 0.3203 - Val F1: 0.3346 - Val ROC-AUC: 0.6711 - Val PR-AUC: 0.2743
Epoch 73/100 - Loss: 0.3219 - Val F1: 0.3226 - Val ROC-AUC: 0.6720 - Val PR-AUC: 0.2775
Epoch 74/100 - Loss: 0.3229 - Val F1: 0.3226 - Val ROC-AUC: 0.6681 - Val PR-AUC: 0.2742
Epoch 75/100 - Loss: 0.3226 - Val F1: 0.3407 - Val ROC-AUC: 0.6720 - Val PR-AUC: 0.2771
Epoch 76/100 - Loss: 0.3105 - Val F1: 0.3251 - Val ROC-AUC: 0.6767 - Val PR-AUC: 0.2805
Epoch 77/100 - Loss: 0.3247 - Val F1: 0.3205 - Val ROC-AUC: 0.6753 - Val PR-AUC: 0.2818
Epoch 78/100 - Loss: 0.3155 - Val F1: 0.3310 - Val ROC-AUC: 0.6729 - Val PR-AUC: 0.2769
Epoch 79/100 - Loss: 0.3256 - Val F1: 0.3498 - Val ROC-AUC: 0.6716 - Val PR-AUC: 0.2828
Epoch 80/100 - Loss: 0.3296 - Val F1: 0.3287 - Val ROC-AUC: 0.6768 - Val PR-AUC: 0.2806
Epoch 81/100 - Loss: 0.3259 - Val F1: 0.3274 - Val ROC-AUC: 0.6748 - Val PR-AUC: 0.2780
Epoch 82/100 - Loss: 0.3214 - Val F1: 0.3273 - Val ROC-AUC: 0.6723 - Val PR-AUC: 0.2777
Epoch 83/100 - Loss: 0.3301 - Val F1: 0.3259 - Val ROC-AUC: 0.6765 - Val PR-AUC: 0.2781
Epoch 84/100 - Loss: 0.3272 - Val F1: 0.3398 - Val ROC-AUC: 0.6744 - Val PR-AUC: 0.2800
Epoch 85/100 - Loss: 0.3164 - Val F1: 0.3321 - Val ROC-AUC: 0.6712 - Val PR-AUC: 0.2710
Epoch 86/100 - Loss: 0.3240 - Val F1: 0.3237 - Val ROC-AUC: 0.6726 - Val PR-AUC: 0.2780
Epoch 87/100 - Loss: 0.3204 - Val F1: 0.3321 - Val ROC-AUC: 0.6715 - Val PR-AUC: 0.2795
Epoch 88/100 - Loss: 0.3148 - Val F1: 0.3395 - Val ROC-AUC: 0.6751 - Val PR-AUC: 0.2821
Epoch 89/100 - Loss: 0.3192 - Val F1: 0.3462 - Val ROC-AUC: 0.6767 - Val PR-AUC: 0.2825
Epoch 90/100 - Loss: 0.3279 - Val F1: 0.3186 - Val ROC-AUC: 0.6753 - Val PR-AUC: 0.2802
Epoch 91/100 - Loss: 0.3085 - Val F1: 0.3383 - Val ROC-AUC: 0.6700 - Val PR-AUC: 0.2771
Epoch 92/100 - Loss: 0.3185 - Val F1: 0.3465 - Val ROC-AUC: 0.6749 - Val PR-AUC: 0.2816
Epoch 93/100 - Loss: 0.3210 - Val F1: 0.3418 - Val ROC-AUC: 0.6780 - Val PR-AUC: 0.2826
Epoch 94/100 - Loss: 0.3223 - Val F1: 0.3321 - Val ROC-AUC: 0.6731 - Val PR-AUC: 0.2808
Epoch 95/100 - Loss: 0.3220 - Val F1: 0.3371 - Val ROC-AUC: 0.6709 - Val PR-AUC: 0.2739
Epoch 96/100 - Loss: 0.3225 - Val F1: 0.3333 - Val ROC-AUC: 0.6728 - Val PR-AUC: 0.2787
Epoch 97/100 - Loss: 0.3164 - Val F1: 0.3398 - Val ROC-AUC: 0.6712 - Val PR-AUC: 0.2740
Epoch 98/100 - Loss: 0.3167 - Val F1: 0.3261 - Val ROC-AUC: 0.6749 - Val PR-AUC: 0.2801
Epoch 99/100 - Loss: 0.3012 - Val F1: 0.3346 - Val ROC-AUC: 0.6763 - Val PR-AUC: 0.2818
Epoch 100/100 - Loss: 0.3336 - Val F1: 0.3296 - Val ROC-AUC: 0.6728 - Val PR-AUC: 0.2777
Pretraining completed. Test F1: 0.3087, ROC-AUC: 0.6631, PR-AUC: 0.3174
[3/4] Finetuning on TOX21_ERb_BLA_Agonist_ch2 using GIN_GCN...
[Fine-tune] Epoch 1/50 - Loss: 0.3669 - Val F1: 0.2414 - Val ROC-AUC: 0.8546 - Val PR-AUC: 0.6315
[Fine-tune] Epoch 2/50 - Loss: 0.2513 - Val F1: 0.2609 - Val ROC-AUC: 0.8140 - Val PR-AUC: 0.4306
[Fine-tune] Epoch 3/50 - Loss: 0.2354 - Val F1: 0.3171 - Val ROC-AUC: 0.8248 - Val PR-AUC: 0.5522
[Fine-tune] Epoch 4/50 - Loss: 0.1900 - Val F1: 0.3590 - Val ROC-AUC: 0.8637 - Val PR-AUC: 0.5492
[Fine-tune] Epoch 5/50 - Loss: 0.1741 - Val F1: 0.2632 - Val ROC-AUC: 0.8550 - Val PR-AUC: 0.3524
[Fine-tune] Epoch 6/50 - Loss: 0.1713 - Val F1: 0.3607 - Val ROC-AUC: 0.8436 - Val PR-AUC: 0.4673
[Fine-tune] Epoch 7/50 - Loss: 0.1436 - Val F1: 0.4000 - Val ROC-AUC: 0.8413 - Val PR-AUC: 0.4139
[Fine-tune] Epoch 8/50 - Loss: 0.1417 - Val F1: 0.3836 - Val ROC-AUC: 0.8355 - Val PR-AUC: 0.4393
[Fine-tune] Epoch 9/50 - Loss: 0.1116 - Val F1: 0.4262 - Val ROC-AUC: 0.8448 - Val PR-AUC: 0.4815
[Fine-tune] Epoch 10/50 - Loss: 0.1314 - Val F1: 0.4151 - Val ROC-AUC: 0.8387 - Val PR-AUC: 0.3517
[Fine-tune] Epoch 11/50 - Loss: 0.0878 - Val F1: 0.4231 - Val ROC-AUC: 0.8318 - Val PR-AUC: 0.4269
[Fine-tune] Epoch 12/50 - Loss: 0.0685 - Val F1: 0.4583 - Val ROC-AUC: 0.8148 - Val PR-AUC: 0.4407
[Fine-tune] Epoch 13/50 - Loss: 0.0852 - Val F1: 0.3860 - Val ROC-AUC: 0.8384 - Val PR-AUC: 0.5249
[Fine-tune] Epoch 14/50 - Loss: 0.0718 - Val F1: 0.4308 - Val ROC-AUC: 0.8459 - Val PR-AUC: 0.5127
[Fine-tune] Epoch 15/50 - Loss: 0.0802 - Val F1: 0.4314 - Val ROC-AUC: 0.8317 - Val PR-AUC: 0.4620
[Fine-tune] Epoch 16/50 - Loss: 0.0653 - Val F1: 0.4231 - Val ROC-AUC: 0.8212 - Val PR-AUC: 0.4341
[Fine-tune] Epoch 17/50 - Loss: 0.0674 - Val F1: 0.4151 - Val ROC-AUC: 0.8272 - Val PR-AUC: 0.5436
[Fine-tune] Epoch 18/50 - Loss: 0.0701 - Val F1: 0.4490 - Val ROC-AUC: 0.8211 - Val PR-AUC: 0.5239
[Fine-tune] Epoch 19/50 - Loss: 0.0676 - Val F1: 0.4561 - Val ROC-AUC: 0.8303 - Val PR-AUC: 0.4541
[Fine-tune] Epoch 20/50 - Loss: 0.0679 - Val F1: 0.4400 - Val ROC-AUC: 0.8203 - Val PR-AUC: 0.4840
[Fine-tune] Epoch 21/50 - Loss: 0.0487 - Val F1: 0.4314 - Val ROC-AUC: 0.8315 - Val PR-AUC: 0.5404
[Fine-tune] Epoch 22/50 - Loss: 0.0518 - Val F1: 0.5000 - Val ROC-AUC: 0.8274 - Val PR-AUC: 0.5040
[Fine-tune] Epoch 23/50 - Loss: 0.0469 - Val F1: 0.4898 - Val ROC-AUC: 0.8103 - Val PR-AUC: 0.4952
[Fine-tune] Epoch 24/50 - Loss: 0.0438 - Val F1: 0.4314 - Val ROC-AUC: 0.8159 - Val PR-AUC: 0.4699
[Fine-tune] Epoch 25/50 - Loss: 0.0438 - Val F1: 0.4583 - Val ROC-AUC: 0.8314 - Val PR-AUC: 0.4914
[Fine-tune] Epoch 26/50 - Loss: 0.0454 - Val F1: 0.4898 - Val ROC-AUC: 0.8077 - Val PR-AUC: 0.5931
[Fine-tune] Epoch 27/50 - Loss: 0.0460 - Val F1: 0.5333 - Val ROC-AUC: 0.8116 - Val PR-AUC: 0.5655
[Fine-tune] Epoch 28/50 - Loss: 0.0389 - Val F1: 0.5217 - Val ROC-AUC: 0.8279 - Val PR-AUC: 0.5437
[Fine-tune] Epoch 29/50 - Loss: 0.0383 - Val F1: 0.5333 - Val ROC-AUC: 0.8275 - Val PR-AUC: 0.5343
[Fine-tune] Epoch 30/50 - Loss: 0.0341 - Val F1: 0.5116 - Val ROC-AUC: 0.8194 - Val PR-AUC: 0.5009
[Fine-tune] Epoch 31/50 - Loss: 0.0249 - Val F1: 0.5333 - Val ROC-AUC: 0.8266 - Val PR-AUC: 0.5217
[Fine-tune] Epoch 32/50 - Loss: 0.0329 - Val F1: 0.4800 - Val ROC-AUC: 0.8299 - Val PR-AUC: 0.5438
[Fine-tune] Epoch 33/50 - Loss: 0.0280 - Val F1: 0.4800 - Val ROC-AUC: 0.8296 - Val PR-AUC: 0.5101
[Fine-tune] Epoch 34/50 - Loss: 0.0314 - Val F1: 0.5000 - Val ROC-AUC: 0.8369 - Val PR-AUC: 0.5361
[Fine-tune] Epoch 35/50 - Loss: 0.0261 - Val F1: 0.5455 - Val ROC-AUC: 0.8247 - Val PR-AUC: 0.5635
[Fine-tune] Epoch 36/50 - Loss: 0.0317 - Val F1: 0.5455 - Val ROC-AUC: 0.8320 - Val PR-AUC: 0.5358
[Fine-tune] Epoch 37/50 - Loss: 0.0278 - Val F1: 0.5581 - Val ROC-AUC: 0.8378 - Val PR-AUC: 0.5466
[Fine-tune] Epoch 38/50 - Loss: 0.0309 - Val F1: 0.5217 - Val ROC-AUC: 0.8019 - Val PR-AUC: 0.5446
[Fine-tune] Epoch 39/50 - Loss: 0.0319 - Val F1: 0.4444 - Val ROC-AUC: 0.8261 - Val PR-AUC: 0.5145
[Fine-tune] Epoch 40/50 - Loss: 0.0279 - Val F1: 0.5217 - Val ROC-AUC: 0.8234 - Val PR-AUC: 0.5762
[Fine-tune] Epoch 41/50 - Loss: 0.0226 - Val F1: 0.5217 - Val ROC-AUC: 0.8237 - Val PR-AUC: 0.5838
[Fine-tune] Epoch 42/50 - Loss: 0.0233 - Val F1: 0.4898 - Val ROC-AUC: 0.8220 - Val PR-AUC: 0.6072
[Fine-tune] Epoch 43/50 - Loss: 0.0251 - Val F1: 0.5581 - Val ROC-AUC: 0.8351 - Val PR-AUC: 0.5743
[Fine-tune] Epoch 44/50 - Loss: 0.0204 - Val F1: 0.5238 - Val ROC-AUC: 0.8295 - Val PR-AUC: 0.5753
[Fine-tune] Epoch 45/50 - Loss: 0.0258 - Val F1: 0.5238 - Val ROC-AUC: 0.8418 - Val PR-AUC: 0.5420
[Fine-tune] Epoch 46/50 - Loss: 0.0240 - Val F1: 0.4889 - Val ROC-AUC: 0.8297 - Val PR-AUC: 0.5555
[Fine-tune] Epoch 47/50 - Loss: 0.0274 - Val F1: 0.5581 - Val ROC-AUC: 0.8318 - Val PR-AUC: 0.5685
[Fine-tune] Epoch 48/50 - Loss: 0.0323 - Val F1: 0.5106 - Val ROC-AUC: 0.8286 - Val PR-AUC: 0.5717
[Fine-tune] Epoch 49/50 - Loss: 0.0185 - Val F1: 0.5217 - Val ROC-AUC: 0.8251 - Val PR-AUC: 0.5734
[Fine-tune] Epoch 50/50 - Loss: 0.0237 - Val F1: 0.5116 - Val ROC-AUC: 0.8468 - Val PR-AUC: 0.5291
Finetuning completed. Test F1: 0.4186, ROC-AUC: 0.8865, PR-AUC: 0.4867
[3.1/4] Target-only training on TOX21_ERb_BLA_Agonist_ch2 using GIN_GCN...
=== Target-only training ===
[Target-only] Epoch 1/50 – Loss: 0.4215  Val F1: 0.1357  ROC-AUC: 0.8830  PR-AUC: 0.5535
[Target-only] Epoch 2/50 – Loss: 0.3465  Val F1: 0.1299  ROC-AUC: 0.8508  PR-AUC: 0.4876
[Target-only] Epoch 3/50 – Loss: 0.3014  Val F1: 0.2759  ROC-AUC: 0.8488  PR-AUC: 0.4108
[Target-only] Epoch 4/50 – Loss: 0.2845  Val F1: 0.2703  ROC-AUC: 0.8726  PR-AUC: 0.4395
[Target-only] Epoch 5/50 – Loss: 0.2578  Val F1: 0.2526  ROC-AUC: 0.8350  PR-AUC: 0.4133
[Target-only] Epoch 6/50 – Loss: 0.2388  Val F1: 0.3038  ROC-AUC: 0.8451  PR-AUC: 0.4874
[Target-only] Epoch 7/50 – Loss: 0.2341  Val F1: 0.2435  ROC-AUC: 0.8542  PR-AUC: 0.6340
[Target-only] Epoch 8/50 – Loss: 0.2033  Val F1: 0.3590  ROC-AUC: 0.8465  PR-AUC: 0.5075
[Target-only] Epoch 9/50 – Loss: 0.2021  Val F1: 0.2892  ROC-AUC: 0.8465  PR-AUC: 0.5529
[Target-only] Epoch 10/50 – Loss: 0.1718  Val F1: 0.3421  ROC-AUC: 0.8616  PR-AUC: 0.4800
[Target-only] Epoch 11/50 – Loss: 0.1455  Val F1: 0.4333  ROC-AUC: 0.8643  PR-AUC: 0.6033
[Target-only] Epoch 12/50 – Loss: 0.1418  Val F1: 0.3529  ROC-AUC: 0.8584  PR-AUC: 0.5513
[Target-only] Epoch 13/50 – Loss: 0.1324  Val F1: 0.2500  ROC-AUC: 0.8321  PR-AUC: 0.4151
[Target-only] Epoch 14/50 – Loss: 0.1280  Val F1: 0.3429  ROC-AUC: 0.8490  PR-AUC: 0.5764
[Target-only] Epoch 15/50 – Loss: 0.1322  Val F1: 0.3478  ROC-AUC: 0.8658  PR-AUC: 0.5487
[Target-only] Epoch 16/50 – Loss: 0.1236  Val F1: 0.2581  ROC-AUC: 0.8741  PR-AUC: 0.5365
[Target-only] Epoch 17/50 – Loss: 0.1148  Val F1: 0.5000  ROC-AUC: 0.8574  PR-AUC: 0.5483
[Target-only] Epoch 18/50 – Loss: 0.1059  Val F1: 0.3768  ROC-AUC: 0.8706  PR-AUC: 0.5098
[Target-only] Epoch 19/50 – Loss: 0.1079  Val F1: 0.3871  ROC-AUC: 0.8650  PR-AUC: 0.5855
[Target-only] Epoch 20/50 – Loss: 0.0920  Val F1: 0.4194  ROC-AUC: 0.8495  PR-AUC: 0.4669
[Target-only] Epoch 21/50 – Loss: 0.0900  Val F1: 0.4000  ROC-AUC: 0.8533  PR-AUC: 0.5919
[Target-only] Epoch 22/50 – Loss: 0.0742  Val F1: 0.4706  ROC-AUC: 0.8334  PR-AUC: 0.5520
[Target-only] Epoch 23/50 – Loss: 0.0671  Val F1: 0.4364  ROC-AUC: 0.8604  PR-AUC: 0.5209
[Target-only] Epoch 24/50 – Loss: 0.0687  Val F1: 0.4068  ROC-AUC: 0.8512  PR-AUC: 0.5034
[Target-only] Epoch 25/50 – Loss: 0.0823  Val F1: 0.4138  ROC-AUC: 0.8504  PR-AUC: 0.4186
[Target-only] Epoch 26/50 – Loss: 0.0754  Val F1: 0.4262  ROC-AUC: 0.8212  PR-AUC: 0.5785
[Target-only] Epoch 27/50 – Loss: 0.0721  Val F1: 0.5106  ROC-AUC: 0.8196  PR-AUC: 0.5371
[Target-only] Epoch 28/50 – Loss: 0.0702  Val F1: 0.4444  ROC-AUC: 0.8222  PR-AUC: 0.6116
[Target-only] Epoch 29/50 – Loss: 0.0644  Val F1: 0.4706  ROC-AUC: 0.8215  PR-AUC: 0.4486
[Target-only] Epoch 30/50 – Loss: 0.0570  Val F1: 0.4615  ROC-AUC: 0.8570  PR-AUC: 0.5132
[Target-only] Epoch 31/50 – Loss: 0.0586  Val F1: 0.5106  ROC-AUC: 0.8134  PR-AUC: 0.4498
[Target-only] Epoch 32/50 – Loss: 0.0633  Val F1: 0.4898  ROC-AUC: 0.8366  PR-AUC: 0.5556
[Target-only] Epoch 33/50 – Loss: 0.0571  Val F1: 0.5217  ROC-AUC: 0.8446  PR-AUC: 0.5218
[Target-only] Epoch 34/50 – Loss: 0.0492  Val F1: 0.4583  ROC-AUC: 0.8546  PR-AUC: 0.5559
[Target-only] Epoch 35/50 – Loss: 0.0450  Val F1: 0.4800  ROC-AUC: 0.8340  PR-AUC: 0.5331
[Target-only] Epoch 36/50 – Loss: 0.0593  Val F1: 0.4898  ROC-AUC: 0.8293  PR-AUC: 0.5275
[Target-only] Epoch 37/50 – Loss: 0.0450  Val F1: 0.4706  ROC-AUC: 0.7991  PR-AUC: 0.5504
[Target-only] Epoch 38/50 – Loss: 0.0465  Val F1: 0.5217  ROC-AUC: 0.8111  PR-AUC: 0.5286
[Target-only] Epoch 39/50 – Loss: 0.0522  Val F1: 0.5106  ROC-AUC: 0.8259  PR-AUC: 0.5374
[Target-only] Epoch 40/50 – Loss: 0.0507  Val F1: 0.4706  ROC-AUC: 0.8234  PR-AUC: 0.5083
[Target-only] Epoch 41/50 – Loss: 0.0435  Val F1: 0.4615  ROC-AUC: 0.8194  PR-AUC: 0.5454
[Target-only] Epoch 42/50 – Loss: 0.0383  Val F1: 0.4898  ROC-AUC: 0.8137  PR-AUC: 0.5184
[Target-only] Epoch 43/50 – Loss: 0.0411  Val F1: 0.4444  ROC-AUC: 0.8226  PR-AUC: 0.4828
[Target-only] Epoch 44/50 – Loss: 0.0351  Val F1: 0.5000  ROC-AUC: 0.8264  PR-AUC: 0.5116
[Target-only] Epoch 45/50 – Loss: 0.0400  Val F1: 0.5106  ROC-AUC: 0.8215  PR-AUC: 0.5253
[Target-only] Epoch 46/50 – Loss: 0.0387  Val F1: 0.5000  ROC-AUC: 0.8240  PR-AUC: 0.5463
[Target-only] Epoch 47/50 – Loss: 0.0370  Val F1: 0.4528  ROC-AUC: 0.8148  PR-AUC: 0.5234
[Target-only] Epoch 48/50 – Loss: 0.0425  Val F1: 0.5000  ROC-AUC: 0.8197  PR-AUC: 0.5220
[Target-only] Epoch 49/50 – Loss: 0.0416  Val F1: 0.4898  ROC-AUC: 0.8261  PR-AUC: 0.5372
[Target-only] Epoch 50/50 – Loss: 0.0360  Val F1: 0.5000  ROC-AUC: 0.8283  PR-AUC: 0.5110
=== Target-only TEST performance ===
Test F1: 0.3636, ROC-AUC: 0.8741, PR-AUC: 0.5439
✅ 실험 완료: TOX21_ERa_LUC_VM7_Agonist -> TOX21_ERb_BLA_Agonist_ch2 [GIN_GCN]
