[11:21:38] Can't kekulize mol.  Unkekulized atoms: 1 2 3 4 5
[11:21:39] Explicit valence for atom # 0 Cl, 2, is greater than permitted
[11:21:39] Can't kekulize mol.  Unkekulized atoms: 3 4 5 6 7
[11:21:40] Can't kekulize mol.  Unkekulized atoms: 3 4 5 6 7
[11:21:40] WARNING: not removing hydrogen atom without neighbors
[11:21:42] Explicit valence for atom # 3 Si, 8, is greater than permitted
[11:21:42] Can't kekulize mol.  Unkekulized atoms: 1 2 3 4 5
[11:21:42] Can't kekulize mol.  Unkekulized atoms: 3 4 5 6 7
[11:21:43] Can't kekulize mol.  Unkekulized atoms: 1 2 3 4 5
[11:21:43] WARNING: not removing hydrogen atom without neighbors
[11:21:44] Can't kekulize mol.  Unkekulized atoms: 1 2 3 4 5
[11:21:44] Explicit valence for atom # 6 O, 3, is greater than permitted
[11:21:44] Explicit valence for atom # 3 Si, 8, is greater than permitted
[11:21:44] Explicit valence for atom # 0 Cl, 2, is greater than permitted
[11:24:13] Can't kekulize mol.  Unkekulized atoms: 1 2 3 4 5
[11:24:14] Explicit valence for atom # 0 Cl, 2, is greater than permitted
[11:24:14] Can't kekulize mol.  Unkekulized atoms: 3 4 5 6 7
[11:24:15] Can't kekulize mol.  Unkekulized atoms: 3 4 5 6 7
[11:24:17] Can't kekulize mol.  Unkekulized atoms: 1 2 3 4 5
[11:24:17] Can't kekulize mol.  Unkekulized atoms: 3 4 5 6 7
[11:24:18] Can't kekulize mol.  Unkekulized atoms: 1 2 3 4 5
[11:24:18] WARNING: not removing hydrogen atom without neighbors
[11:24:18] Can't kekulize mol.  Unkekulized atoms: 1 2 3 4 5
[11:24:18] Explicit valence for atom # 6 O, 3, is greater than permitted
[11:24:18] Explicit valence for atom # 3 Si, 8, is greater than permitted
[11:24:19] Explicit valence for atom # 0 Cl, 2, is greater than permitted
[11:25:35] Can't kekulize mol.  Unkekulized atoms: 1 2 3 4 5
[11:25:35] Explicit valence for atom # 0 Cl, 2, is greater than permitted
[11:25:36] Can't kekulize mol.  Unkekulized atoms: 3 4 5 6 7
[11:25:36] Can't kekulize mol.  Unkekulized atoms: 3 4 5 6 7
[11:25:39] Can't kekulize mol.  Unkekulized atoms: 1 2 3 4 5
[11:25:39] Can't kekulize mol.  Unkekulized atoms: 3 4 5 6 7
[11:25:39] Can't kekulize mol.  Unkekulized atoms: 1 2 3 4 5
[11:25:39] WARNING: not removing hydrogen atom without neighbors
[11:25:40] Can't kekulize mol.  Unkekulized atoms: 1 2 3 4 5
[11:25:40] Explicit valence for atom # 6 O, 3, is greater than permitted
[11:25:40] Explicit valence for atom # 3 Si, 8, is greater than permitted
[11:25:40] Explicit valence for atom # 0 Cl, 2, is greater than permitted
