[1/4] Excel → CSV 변환 중...
Saved pretrain CSV for TOX21_ERa_BLA_Antagonist_ratio: data/sample/TOX21_ERa_BLA_Antagonist_ratio.csv
Saved pretrain CSV for TOX21_ERa_LUC_VM7_Agonist: data/sample/TOX21_ERa_LUC_VM7_Agonist.csv
Saved pretrain CSV for TOX21_ERa_BLA_Antagonist_viability: data/sample/TOX21_ERa_BLA_Antagonist_viability.csv
Saved pretrain CSV for TOX21_ERa_LUC_VM7_Antagonist_0.5nM_E2: data/sample/TOX21_ERa_LUC_VM7_Antagonist_0.5nM_E2.csv
Saved pretrain CSV for TOX21_ERa_BLA_Antagonist_ch2: data/sample/TOX21_ERa_BLA_Antagonist_ch2.csv
Saved pretrain CSV for TOX21_ERa_BLA_Antagonist_ch1: data/sample/TOX21_ERa_BLA_Antagonist_ch1.csv
Saved pretrain CSV for TOX21_ERa_LUC_VM7_Antagonist_0.5nM_E2_viability: data/sample/TOX21_ERa_LUC_VM7_Antagonist_0.5nM_E2_viability.csv
Saved pretrain CSV for TOX21_ERa_BLA_Agonist_ch2: data/sample/TOX21_ERa_BLA_Agonist_ch2.csv
Saved pretrain CSV for TOX21_ERa_BLA_Agonist_ch1: data/sample/TOX21_ERa_BLA_Agonist_ch1.csv
Saved pretrain CSV for TOX21_ERa_BLA_Agonist_ratio: data/sample/TOX21_ERa_BLA_Agonist_ratio.csv
Saved pretrain CSV for TOX21_ERb_BLA_Antagonist_ch1: data/sample/TOX21_ERb_BLA_Antagonist_ch1.csv
Saved pretrain CSV for TOX21_ERb_BLA_Antagonist_ch2: data/sample/TOX21_ERb_BLA_Antagonist_ch2.csv
Saved pretrain CSV for TOX21_ERb_BLA_Agonist_viability: data/sample/TOX21_ERb_BLA_Agonist_viability.csv
Saved pretrain CSV for TOX21_ERb_BLA_Agonist_ratio: data/sample/TOX21_ERb_BLA_Agonist_ratio.csv
Saved pretrain CSV for TOX21_ERb_BLA_Agonist_ch2: data/sample/TOX21_ERb_BLA_Agonist_ch2.csv
Saved pretrain CSV for TOX21_ERb_BLA_Agonist_ch1: data/sample/TOX21_ERb_BLA_Agonist_ch1.csv
Saved pretrain CSV for TOX21_ERR_LUC_Agonist: data/sample/TOX21_ERR_LUC_Agonist.csv
Saved pretrain CSV for TOX21_ERa_LUC_VM7_Agonist_10nM_ICI182780_viability: data/sample/TOX21_ERa_LUC_VM7_Agonist_10nM_ICI182780_viability.csv
Saved pretrain CSV for TOX21_ERa_LUC_VM7_Antagonist_0.1nM_E2: data/sample/TOX21_ERa_LUC_VM7_Antagonist_0.1nM_E2.csv
Saved pretrain CSV for TOX21_ERb_BLA_Antagonist_ratio: data/sample/TOX21_ERb_BLA_Antagonist_ratio.csv
Saved pretrain CSV for TOX21_ERa_LUC_VM7_Agonist_10nM_ICI182780: data/sample/TOX21_ERa_LUC_VM7_Agonist_10nM_ICI182780.csv
Saved pretrain CSV for TOX21_ERR_LUC_viability: data/sample/TOX21_ERR_LUC_viability.csv
Saved pretrain CSV for TOX21_ERR_LUC_Antagonist: data/sample/TOX21_ERR_LUC_Antagonist.csv
Saved pretrain CSV for TOX21_ERa_LUC_VM7_Antagonist_0.1nM_E2_viability: data/sample/TOX21_ERa_LUC_VM7_Antagonist_0.1nM_E2_viability.csv
Saved pretrain CSV for TOX21_ERb_BLA_Antagonist_viability: data/sample/TOX21_ERb_BLA_Antagonist_viability.csv
Saved finetune CSV for TOX21_ERa_BLA_Antagonist_ratio: data/sample/TOX21_ERa_BLA_Antagonist_ratio.csv
Saved finetune CSV for TOX21_ERa_LUC_VM7_Agonist: data/sample/TOX21_ERa_LUC_VM7_Agonist.csv
Saved finetune CSV for TOX21_ERa_BLA_Antagonist_viability: data/sample/TOX21_ERa_BLA_Antagonist_viability.csv
Saved finetune CSV for TOX21_ERa_LUC_VM7_Antagonist_0.5nM_E2: data/sample/TOX21_ERa_LUC_VM7_Antagonist_0.5nM_E2.csv
Saved finetune CSV for TOX21_ERa_BLA_Antagonist_ch2: data/sample/TOX21_ERa_BLA_Antagonist_ch2.csv
Saved finetune CSV for TOX21_ERa_BLA_Antagonist_ch1: data/sample/TOX21_ERa_BLA_Antagonist_ch1.csv
Saved finetune CSV for TOX21_ERa_LUC_VM7_Antagonist_0.5nM_E2_viability: data/sample/TOX21_ERa_LUC_VM7_Antagonist_0.5nM_E2_viability.csv
Saved finetune CSV for TOX21_ERa_BLA_Agonist_ch2: data/sample/TOX21_ERa_BLA_Agonist_ch2.csv
Saved finetune CSV for TOX21_ERa_BLA_Agonist_ch1: data/sample/TOX21_ERa_BLA_Agonist_ch1.csv
Saved finetune CSV for TOX21_ERa_BLA_Agonist_ratio: data/sample/TOX21_ERa_BLA_Agonist_ratio.csv
Saved finetune CSV for TOX21_ERb_BLA_Antagonist_ch1: data/sample/TOX21_ERb_BLA_Antagonist_ch1.csv
Saved finetune CSV for TOX21_ERb_BLA_Antagonist_ch2: data/sample/TOX21_ERb_BLA_Antagonist_ch2.csv
Saved finetune CSV for TOX21_ERb_BLA_Agonist_viability: data/sample/TOX21_ERb_BLA_Agonist_viability.csv
Saved finetune CSV for TOX21_ERb_BLA_Agonist_ratio: data/sample/TOX21_ERb_BLA_Agonist_ratio.csv
Saved finetune CSV for TOX21_ERb_BLA_Agonist_ch2: data/sample/TOX21_ERb_BLA_Agonist_ch2.csv
Saved finetune CSV for TOX21_ERb_BLA_Agonist_ch1: data/sample/TOX21_ERb_BLA_Agonist_ch1.csv
Saved finetune CSV for TOX21_ERR_LUC_Agonist: data/sample/TOX21_ERR_LUC_Agonist.csv
Saved finetune CSV for TOX21_ERa_LUC_VM7_Agonist_10nM_ICI182780_viability: data/sample/TOX21_ERa_LUC_VM7_Agonist_10nM_ICI182780_viability.csv
Saved finetune CSV for TOX21_ERa_LUC_VM7_Antagonist_0.1nM_E2: data/sample/TOX21_ERa_LUC_VM7_Antagonist_0.1nM_E2.csv
Saved finetune CSV for TOX21_ERb_BLA_Antagonist_ratio: data/sample/TOX21_ERb_BLA_Antagonist_ratio.csv
Saved finetune CSV for TOX21_ERa_LUC_VM7_Agonist_10nM_ICI182780: data/sample/TOX21_ERa_LUC_VM7_Agonist_10nM_ICI182780.csv
Saved finetune CSV for TOX21_ERR_LUC_viability: data/sample/TOX21_ERR_LUC_viability.csv
Saved finetune CSV for TOX21_ERR_LUC_Antagonist: data/sample/TOX21_ERR_LUC_Antagonist.csv
Saved finetune CSV for TOX21_ERa_LUC_VM7_Antagonist_0.1nM_E2_viability: data/sample/TOX21_ERa_LUC_VM7_Antagonist_0.1nM_E2_viability.csv
Saved finetune CSV for TOX21_ERb_BLA_Antagonist_viability: data/sample/TOX21_ERb_BLA_Antagonist_viability.csv
[2/4] Pretraining on TOX21_ERa_BLA_Antagonist_ratio using GIN_GCN...
Epoch 1/100 - Loss: 0.6278 - Val F1: 0.2943 - Val ROC-AUC: 0.7062 - Val PR-AUC: 0.2321
Epoch 2/100 - Loss: 0.5906 - Val F1: 0.3372 - Val ROC-AUC: 0.7098 - Val PR-AUC: 0.2285
Epoch 3/100 - Loss: 0.5640 - Val F1: 0.3719 - Val ROC-AUC: 0.7353 - Val PR-AUC: 0.2518
Epoch 4/100 - Loss: 0.5535 - Val F1: 0.3346 - Val ROC-AUC: 0.7477 - Val PR-AUC: 0.2656
Epoch 5/100 - Loss: 0.5471 - Val F1: 0.3718 - Val ROC-AUC: 0.7611 - Val PR-AUC: 0.2970
Epoch 6/100 - Loss: 0.5258 - Val F1: 0.3553 - Val ROC-AUC: 0.7518 - Val PR-AUC: 0.2680
Epoch 7/100 - Loss: 0.5377 - Val F1: 0.3729 - Val ROC-AUC: 0.7595 - Val PR-AUC: 0.2775
Epoch 8/100 - Loss: 0.5237 - Val F1: 0.3692 - Val ROC-AUC: 0.7919 - Val PR-AUC: 0.3265
Epoch 9/100 - Loss: 0.5104 - Val F1: 0.3613 - Val ROC-AUC: 0.7633 - Val PR-AUC: 0.2749
Epoch 10/100 - Loss: 0.5031 - Val F1: 0.3673 - Val ROC-AUC: 0.7632 - Val PR-AUC: 0.3039
Epoch 11/100 - Loss: 0.4783 - Val F1: 0.4240 - Val ROC-AUC: 0.7891 - Val PR-AUC: 0.3045
Epoch 12/100 - Loss: 0.4725 - Val F1: 0.4034 - Val ROC-AUC: 0.8037 - Val PR-AUC: 0.3327
Epoch 13/100 - Loss: 0.4720 - Val F1: 0.4063 - Val ROC-AUC: 0.7904 - Val PR-AUC: 0.3088
Epoch 14/100 - Loss: 0.4548 - Val F1: 0.3937 - Val ROC-AUC: 0.7958 - Val PR-AUC: 0.3075
Epoch 15/100 - Loss: 0.4448 - Val F1: 0.3956 - Val ROC-AUC: 0.7925 - Val PR-AUC: 0.3286
Epoch 16/100 - Loss: 0.4600 - Val F1: 0.4000 - Val ROC-AUC: 0.7943 - Val PR-AUC: 0.3256
Epoch 17/100 - Loss: 0.4425 - Val F1: 0.3794 - Val ROC-AUC: 0.7744 - Val PR-AUC: 0.3159
Epoch 18/100 - Loss: 0.4406 - Val F1: 0.3859 - Val ROC-AUC: 0.7881 - Val PR-AUC: 0.3121
Epoch 19/100 - Loss: 0.4376 - Val F1: 0.3990 - Val ROC-AUC: 0.7924 - Val PR-AUC: 0.3450
Epoch 20/100 - Loss: 0.4386 - Val F1: 0.3935 - Val ROC-AUC: 0.7905 - Val PR-AUC: 0.3098
Epoch 21/100 - Loss: 0.4248 - Val F1: 0.4223 - Val ROC-AUC: 0.8080 - Val PR-AUC: 0.3329
Epoch 22/100 - Loss: 0.3934 - Val F1: 0.4114 - Val ROC-AUC: 0.7988 - Val PR-AUC: 0.3258
Epoch 23/100 - Loss: 0.3976 - Val F1: 0.4317 - Val ROC-AUC: 0.7911 - Val PR-AUC: 0.3252
Epoch 24/100 - Loss: 0.4021 - Val F1: 0.4155 - Val ROC-AUC: 0.8146 - Val PR-AUC: 0.3345
Epoch 25/100 - Loss: 0.3962 - Val F1: 0.4169 - Val ROC-AUC: 0.8025 - Val PR-AUC: 0.3236
Epoch 26/100 - Loss: 0.3771 - Val F1: 0.4144 - Val ROC-AUC: 0.8074 - Val PR-AUC: 0.3358
Epoch 27/100 - Loss: 0.3840 - Val F1: 0.4162 - Val ROC-AUC: 0.8101 - Val PR-AUC: 0.3386
Epoch 28/100 - Loss: 0.3757 - Val F1: 0.4103 - Val ROC-AUC: 0.8074 - Val PR-AUC: 0.3206
Epoch 29/100 - Loss: 0.3838 - Val F1: 0.4000 - Val ROC-AUC: 0.8073 - Val PR-AUC: 0.3398
Epoch 30/100 - Loss: 0.3744 - Val F1: 0.4424 - Val ROC-AUC: 0.8144 - Val PR-AUC: 0.3458
Epoch 31/100 - Loss: 0.3446 - Val F1: 0.4176 - Val ROC-AUC: 0.8084 - Val PR-AUC: 0.3343
Epoch 32/100 - Loss: 0.3397 - Val F1: 0.4110 - Val ROC-AUC: 0.8049 - Val PR-AUC: 0.3348
Epoch 33/100 - Loss: 0.3592 - Val F1: 0.3990 - Val ROC-AUC: 0.8193 - Val PR-AUC: 0.3686
Epoch 34/100 - Loss: 0.3370 - Val F1: 0.4396 - Val ROC-AUC: 0.8130 - Val PR-AUC: 0.3496
Epoch 35/100 - Loss: 0.3461 - Val F1: 0.4237 - Val ROC-AUC: 0.8100 - Val PR-AUC: 0.3480
Epoch 36/100 - Loss: 0.3271 - Val F1: 0.4330 - Val ROC-AUC: 0.8031 - Val PR-AUC: 0.3454
Epoch 37/100 - Loss: 0.3195 - Val F1: 0.4274 - Val ROC-AUC: 0.8179 - Val PR-AUC: 0.3546
Epoch 38/100 - Loss: 0.3384 - Val F1: 0.4295 - Val ROC-AUC: 0.8017 - Val PR-AUC: 0.3257
Epoch 39/100 - Loss: 0.3231 - Val F1: 0.4383 - Val ROC-AUC: 0.8084 - Val PR-AUC: 0.3383
Epoch 40/100 - Loss: 0.3423 - Val F1: 0.4078 - Val ROC-AUC: 0.8085 - Val PR-AUC: 0.3455
Epoch 41/100 - Loss: 0.3268 - Val F1: 0.4204 - Val ROC-AUC: 0.8149 - Val PR-AUC: 0.3474
Epoch 42/100 - Loss: 0.3117 - Val F1: 0.4304 - Val ROC-AUC: 0.8169 - Val PR-AUC: 0.3534
Epoch 43/100 - Loss: 0.3094 - Val F1: 0.4286 - Val ROC-AUC: 0.8175 - Val PR-AUC: 0.3528
Epoch 44/100 - Loss: 0.3161 - Val F1: 0.4548 - Val ROC-AUC: 0.8141 - Val PR-AUC: 0.3651
Epoch 45/100 - Loss: 0.3167 - Val F1: 0.4437 - Val ROC-AUC: 0.8134 - Val PR-AUC: 0.3562
Epoch 46/100 - Loss: 0.3123 - Val F1: 0.4134 - Val ROC-AUC: 0.8058 - Val PR-AUC: 0.3379
Epoch 47/100 - Loss: 0.2945 - Val F1: 0.4330 - Val ROC-AUC: 0.8138 - Val PR-AUC: 0.3538
Epoch 48/100 - Loss: 0.3211 - Val F1: 0.4369 - Val ROC-AUC: 0.8146 - Val PR-AUC: 0.3518
Epoch 49/100 - Loss: 0.3083 - Val F1: 0.4123 - Val ROC-AUC: 0.8107 - Val PR-AUC: 0.3395
Epoch 50/100 - Loss: 0.3032 - Val F1: 0.4183 - Val ROC-AUC: 0.8096 - Val PR-AUC: 0.3480
Epoch 51/100 - Loss: 0.2919 - Val F1: 0.4377 - Val ROC-AUC: 0.8150 - Val PR-AUC: 0.3538
Epoch 52/100 - Loss: 0.3026 - Val F1: 0.4404 - Val ROC-AUC: 0.8188 - Val PR-AUC: 0.3593
Epoch 53/100 - Loss: 0.2904 - Val F1: 0.4416 - Val ROC-AUC: 0.8129 - Val PR-AUC: 0.3481
Epoch 54/100 - Loss: 0.2906 - Val F1: 0.4459 - Val ROC-AUC: 0.8132 - Val PR-AUC: 0.3545
Epoch 55/100 - Loss: 0.2922 - Val F1: 0.4334 - Val ROC-AUC: 0.8171 - Val PR-AUC: 0.3600
Epoch 56/100 - Loss: 0.2988 - Val F1: 0.4451 - Val ROC-AUC: 0.8144 - Val PR-AUC: 0.3560
Epoch 57/100 - Loss: 0.2795 - Val F1: 0.4430 - Val ROC-AUC: 0.8093 - Val PR-AUC: 0.3516
Epoch 58/100 - Loss: 0.2790 - Val F1: 0.4595 - Val ROC-AUC: 0.8123 - Val PR-AUC: 0.3514
Epoch 59/100 - Loss: 0.2911 - Val F1: 0.4409 - Val ROC-AUC: 0.8169 - Val PR-AUC: 0.3622
Epoch 60/100 - Loss: 0.2895 - Val F1: 0.4319 - Val ROC-AUC: 0.8133 - Val PR-AUC: 0.3555
Epoch 61/100 - Loss: 0.2802 - Val F1: 0.4393 - Val ROC-AUC: 0.8123 - Val PR-AUC: 0.3583
Epoch 62/100 - Loss: 0.2757 - Val F1: 0.4430 - Val ROC-AUC: 0.8161 - Val PR-AUC: 0.3569
Epoch 63/100 - Loss: 0.2701 - Val F1: 0.4430 - Val ROC-AUC: 0.8141 - Val PR-AUC: 0.3553
Epoch 64/100 - Loss: 0.2720 - Val F1: 0.4437 - Val ROC-AUC: 0.8152 - Val PR-AUC: 0.3573
Epoch 65/100 - Loss: 0.2857 - Val F1: 0.4345 - Val ROC-AUC: 0.8140 - Val PR-AUC: 0.3595
Epoch 66/100 - Loss: 0.2877 - Val F1: 0.4437 - Val ROC-AUC: 0.8143 - Val PR-AUC: 0.3627
Epoch 67/100 - Loss: 0.2807 - Val F1: 0.4416 - Val ROC-AUC: 0.8128 - Val PR-AUC: 0.3618
Epoch 68/100 - Loss: 0.2755 - Val F1: 0.4645 - Val ROC-AUC: 0.8177 - Val PR-AUC: 0.3643
Epoch 69/100 - Loss: 0.2743 - Val F1: 0.4424 - Val ROC-AUC: 0.8152 - Val PR-AUC: 0.3571
Epoch 70/100 - Loss: 0.2709 - Val F1: 0.4560 - Val ROC-AUC: 0.8150 - Val PR-AUC: 0.3582
Epoch 71/100 - Loss: 0.2712 - Val F1: 0.4471 - Val ROC-AUC: 0.8163 - Val PR-AUC: 0.3567
Epoch 72/100 - Loss: 0.2744 - Val F1: 0.4531 - Val ROC-AUC: 0.8149 - Val PR-AUC: 0.3603
Epoch 73/100 - Loss: 0.2875 - Val F1: 0.4474 - Val ROC-AUC: 0.8148 - Val PR-AUC: 0.3564
Epoch 74/100 - Loss: 0.2843 - Val F1: 0.4375 - Val ROC-AUC: 0.8130 - Val PR-AUC: 0.3551
Epoch 75/100 - Loss: 0.2841 - Val F1: 0.4405 - Val ROC-AUC: 0.8148 - Val PR-AUC: 0.3567
Epoch 76/100 - Loss: 0.2724 - Val F1: 0.4528 - Val ROC-AUC: 0.8128 - Val PR-AUC: 0.3542
Epoch 77/100 - Loss: 0.2716 - Val F1: 0.4566 - Val ROC-AUC: 0.8141 - Val PR-AUC: 0.3547
Epoch 78/100 - Loss: 0.2745 - Val F1: 0.4510 - Val ROC-AUC: 0.8124 - Val PR-AUC: 0.3543
Epoch 79/100 - Loss: 0.2847 - Val F1: 0.4351 - Val ROC-AUC: 0.8127 - Val PR-AUC: 0.3532
Epoch 80/100 - Loss: 0.2740 - Val F1: 0.4410 - Val ROC-AUC: 0.8146 - Val PR-AUC: 0.3542
Epoch 81/100 - Loss: 0.2682 - Val F1: 0.4389 - Val ROC-AUC: 0.8127 - Val PR-AUC: 0.3534
Epoch 82/100 - Loss: 0.2683 - Val F1: 0.4465 - Val ROC-AUC: 0.8127 - Val PR-AUC: 0.3504
Epoch 83/100 - Loss: 0.2710 - Val F1: 0.4407 - Val ROC-AUC: 0.8113 - Val PR-AUC: 0.3522
Epoch 84/100 - Loss: 0.2732 - Val F1: 0.4444 - Val ROC-AUC: 0.8111 - Val PR-AUC: 0.3486
Epoch 85/100 - Loss: 0.2802 - Val F1: 0.4369 - Val ROC-AUC: 0.8096 - Val PR-AUC: 0.3497
Epoch 86/100 - Loss: 0.2677 - Val F1: 0.4508 - Val ROC-AUC: 0.8131 - Val PR-AUC: 0.3530
Epoch 87/100 - Loss: 0.2844 - Val F1: 0.4387 - Val ROC-AUC: 0.8125 - Val PR-AUC: 0.3530
Epoch 88/100 - Loss: 0.2657 - Val F1: 0.4452 - Val ROC-AUC: 0.8126 - Val PR-AUC: 0.3528
Epoch 89/100 - Loss: 0.2746 - Val F1: 0.4431 - Val ROC-AUC: 0.8156 - Val PR-AUC: 0.3555
Epoch 90/100 - Loss: 0.2650 - Val F1: 0.4422 - Val ROC-AUC: 0.8100 - Val PR-AUC: 0.3510
Epoch 91/100 - Loss: 0.2691 - Val F1: 0.4635 - Val ROC-AUC: 0.8136 - Val PR-AUC: 0.3551
Epoch 92/100 - Loss: 0.2793 - Val F1: 0.4481 - Val ROC-AUC: 0.8134 - Val PR-AUC: 0.3551
Epoch 93/100 - Loss: 0.2870 - Val F1: 0.4554 - Val ROC-AUC: 0.8130 - Val PR-AUC: 0.3546
Epoch 94/100 - Loss: 0.2763 - Val F1: 0.4392 - Val ROC-AUC: 0.8131 - Val PR-AUC: 0.3553
Epoch 95/100 - Loss: 0.2735 - Val F1: 0.4575 - Val ROC-AUC: 0.8138 - Val PR-AUC: 0.3570
Epoch 96/100 - Loss: 0.2745 - Val F1: 0.4481 - Val ROC-AUC: 0.8127 - Val PR-AUC: 0.3537
Epoch 97/100 - Loss: 0.2720 - Val F1: 0.4542 - Val ROC-AUC: 0.8123 - Val PR-AUC: 0.3544
Epoch 98/100 - Loss: 0.2746 - Val F1: 0.4459 - Val ROC-AUC: 0.8138 - Val PR-AUC: 0.3546
Epoch 99/100 - Loss: 0.2729 - Val F1: 0.4518 - Val ROC-AUC: 0.8125 - Val PR-AUC: 0.3543
Epoch 100/100 - Loss: 0.2757 - Val F1: 0.4630 - Val ROC-AUC: 0.8133 - Val PR-AUC: 0.3542
Pretraining completed. Test F1: 0.4181, ROC-AUC: 0.7845, PR-AUC: 0.3732
[3/4] Finetuning on TOX21_ERa_LUC_VM7_Agonist_10nM_ICI182780_viability using GIN_GCN...
[Fine-tune] Epoch 1/50 - Loss: 0.4572 - Val F1: 0.3887 - Val ROC-AUC: 0.8336 - Val PR-AUC: 0.3498
[Fine-tune] Epoch 2/50 - Loss: 0.3937 - Val F1: 0.3981 - Val ROC-AUC: 0.8296 - Val PR-AUC: 0.3478
[Fine-tune] Epoch 3/50 - Loss: 0.3749 - Val F1: 0.4155 - Val ROC-AUC: 0.8471 - Val PR-AUC: 0.4068
[Fine-tune] Epoch 4/50 - Loss: 0.3625 - Val F1: 0.3662 - Val ROC-AUC: 0.8252 - Val PR-AUC: 0.3914
[Fine-tune] Epoch 5/50 - Loss: 0.3364 - Val F1: 0.3934 - Val ROC-AUC: 0.8500 - Val PR-AUC: 0.4064
[Fine-tune] Epoch 6/50 - Loss: 0.3306 - Val F1: 0.4038 - Val ROC-AUC: 0.8166 - Val PR-AUC: 0.3710
[Fine-tune] Epoch 7/50 - Loss: 0.3183 - Val F1: 0.3838 - Val ROC-AUC: 0.8440 - Val PR-AUC: 0.4000
[Fine-tune] Epoch 8/50 - Loss: 0.3082 - Val F1: 0.4083 - Val ROC-AUC: 0.8686 - Val PR-AUC: 0.4641
[Fine-tune] Epoch 9/50 - Loss: 0.3198 - Val F1: 0.3828 - Val ROC-AUC: 0.8434 - Val PR-AUC: 0.4081
[Fine-tune] Epoch 10/50 - Loss: 0.2908 - Val F1: 0.3962 - Val ROC-AUC: 0.8136 - Val PR-AUC: 0.3955
[Fine-tune] Epoch 11/50 - Loss: 0.2558 - Val F1: 0.4186 - Val ROC-AUC: 0.8298 - Val PR-AUC: 0.4757
[Fine-tune] Epoch 12/50 - Loss: 0.2514 - Val F1: 0.4560 - Val ROC-AUC: 0.8126 - Val PR-AUC: 0.4065
[Fine-tune] Epoch 13/50 - Loss: 0.2367 - Val F1: 0.4333 - Val ROC-AUC: 0.8146 - Val PR-AUC: 0.4252
[Fine-tune] Epoch 14/50 - Loss: 0.2340 - Val F1: 0.4167 - Val ROC-AUC: 0.8330 - Val PR-AUC: 0.4250
[Fine-tune] Epoch 15/50 - Loss: 0.2137 - Val F1: 0.4388 - Val ROC-AUC: 0.8501 - Val PR-AUC: 0.4663
[Fine-tune] Epoch 16/50 - Loss: 0.2179 - Val F1: 0.4455 - Val ROC-AUC: 0.8365 - Val PR-AUC: 0.4361
[Fine-tune] Epoch 17/50 - Loss: 0.2061 - Val F1: 0.4393 - Val ROC-AUC: 0.8235 - Val PR-AUC: 0.4041
[Fine-tune] Epoch 18/50 - Loss: 0.2184 - Val F1: 0.4118 - Val ROC-AUC: 0.8191 - Val PR-AUC: 0.4161
[Fine-tune] Epoch 19/50 - Loss: 0.1972 - Val F1: 0.4279 - Val ROC-AUC: 0.8220 - Val PR-AUC: 0.4794
[Fine-tune] Epoch 20/50 - Loss: 0.2006 - Val F1: 0.4693 - Val ROC-AUC: 0.8132 - Val PR-AUC: 0.4251
[Fine-tune] Epoch 21/50 - Loss: 0.1762 - Val F1: 0.4653 - Val ROC-AUC: 0.8236 - Val PR-AUC: 0.4853
[Fine-tune] Epoch 22/50 - Loss: 0.1531 - Val F1: 0.4456 - Val ROC-AUC: 0.8133 - Val PR-AUC: 0.4614
[Fine-tune] Epoch 23/50 - Loss: 0.1651 - Val F1: 0.4530 - Val ROC-AUC: 0.8161 - Val PR-AUC: 0.4639
[Fine-tune] Epoch 24/50 - Loss: 0.1378 - Val F1: 0.4821 - Val ROC-AUC: 0.8210 - Val PR-AUC: 0.4534
[Fine-tune] Epoch 25/50 - Loss: 0.1517 - Val F1: 0.4746 - Val ROC-AUC: 0.8190 - Val PR-AUC: 0.4963
[Fine-tune] Epoch 26/50 - Loss: 0.1335 - Val F1: 0.4598 - Val ROC-AUC: 0.8138 - Val PR-AUC: 0.4827
[Fine-tune] Epoch 27/50 - Loss: 0.1415 - Val F1: 0.4912 - Val ROC-AUC: 0.8219 - Val PR-AUC: 0.5037
[Fine-tune] Epoch 28/50 - Loss: 0.1412 - Val F1: 0.4699 - Val ROC-AUC: 0.8173 - Val PR-AUC: 0.5144
[Fine-tune] Epoch 29/50 - Loss: 0.1451 - Val F1: 0.4757 - Val ROC-AUC: 0.8178 - Val PR-AUC: 0.5113
[Fine-tune] Epoch 30/50 - Loss: 0.1357 - Val F1: 0.4737 - Val ROC-AUC: 0.8165 - Val PR-AUC: 0.4999
[Fine-tune] Epoch 31/50 - Loss: 0.1286 - Val F1: 0.4578 - Val ROC-AUC: 0.8145 - Val PR-AUC: 0.4648
[Fine-tune] Epoch 32/50 - Loss: 0.1232 - Val F1: 0.4804 - Val ROC-AUC: 0.8155 - Val PR-AUC: 0.4703
[Fine-tune] Epoch 33/50 - Loss: 0.1022 - Val F1: 0.4795 - Val ROC-AUC: 0.8204 - Val PR-AUC: 0.5007
[Fine-tune] Epoch 34/50 - Loss: 0.1100 - Val F1: 0.4671 - Val ROC-AUC: 0.8178 - Val PR-AUC: 0.4837
[Fine-tune] Epoch 35/50 - Loss: 0.1197 - Val F1: 0.4972 - Val ROC-AUC: 0.8204 - Val PR-AUC: 0.5227
[Fine-tune] Epoch 36/50 - Loss: 0.1137 - Val F1: 0.4727 - Val ROC-AUC: 0.8165 - Val PR-AUC: 0.4840
[Fine-tune] Epoch 37/50 - Loss: 0.1085 - Val F1: 0.4740 - Val ROC-AUC: 0.8131 - Val PR-AUC: 0.4599
[Fine-tune] Epoch 38/50 - Loss: 0.1050 - Val F1: 0.5030 - Val ROC-AUC: 0.8187 - Val PR-AUC: 0.4968
[Fine-tune] Epoch 39/50 - Loss: 0.0971 - Val F1: 0.4773 - Val ROC-AUC: 0.8167 - Val PR-AUC: 0.4925
[Fine-tune] Epoch 40/50 - Loss: 0.0934 - Val F1: 0.4875 - Val ROC-AUC: 0.8189 - Val PR-AUC: 0.4983
[Fine-tune] Epoch 41/50 - Loss: 0.0901 - Val F1: 0.4881 - Val ROC-AUC: 0.8143 - Val PR-AUC: 0.4804
[Fine-tune] Epoch 42/50 - Loss: 0.0952 - Val F1: 0.4663 - Val ROC-AUC: 0.8167 - Val PR-AUC: 0.4793
[Fine-tune] Epoch 43/50 - Loss: 0.0915 - Val F1: 0.4914 - Val ROC-AUC: 0.8177 - Val PR-AUC: 0.4971
[Fine-tune] Epoch 44/50 - Loss: 0.0960 - Val F1: 0.5063 - Val ROC-AUC: 0.8217 - Val PR-AUC: 0.4961
[Fine-tune] Epoch 45/50 - Loss: 0.0903 - Val F1: 0.4938 - Val ROC-AUC: 0.8144 - Val PR-AUC: 0.4886
[Fine-tune] Epoch 46/50 - Loss: 0.0949 - Val F1: 0.4881 - Val ROC-AUC: 0.8121 - Val PR-AUC: 0.4824
[Fine-tune] Epoch 47/50 - Loss: 0.0929 - Val F1: 0.4938 - Val ROC-AUC: 0.8091 - Val PR-AUC: 0.4817
[Fine-tune] Epoch 48/50 - Loss: 0.0898 - Val F1: 0.4667 - Val ROC-AUC: 0.8151 - Val PR-AUC: 0.4861
[Fine-tune] Epoch 49/50 - Loss: 0.0903 - Val F1: 0.4699 - Val ROC-AUC: 0.8117 - Val PR-AUC: 0.4764
[Fine-tune] Epoch 50/50 - Loss: 0.0862 - Val F1: 0.5000 - Val ROC-AUC: 0.8094 - Val PR-AUC: 0.4712
Finetuning completed. Test F1: 0.4471, ROC-AUC: 0.8148, PR-AUC: 0.4546
[3.1/4] Target-only training on TOX21_ERa_LUC_VM7_Agonist_10nM_ICI182780_viability using GIN_GCN...
=== Target-only training ===
[Target-only] Epoch 1/50 – Loss: 0.5751  Val F1: 0.2723  ROC-AUC: 0.7878  PR-AUC: 0.2925
[Target-only] Epoch 2/50 – Loss: 0.4956  Val F1: 0.3488  ROC-AUC: 0.7678  PR-AUC: 0.3003
[Target-only] Epoch 3/50 – Loss: 0.4640  Val F1: 0.4061  ROC-AUC: 0.8101  PR-AUC: 0.3428
[Target-only] Epoch 4/50 – Loss: 0.4586  Val F1: 0.3390  ROC-AUC: 0.7806  PR-AUC: 0.2955
[Target-only] Epoch 5/50 – Loss: 0.4270  Val F1: 0.3053  ROC-AUC: 0.8019  PR-AUC: 0.3234
[Target-only] Epoch 6/50 – Loss: 0.4189  Val F1: 0.3171  ROC-AUC: 0.8112  PR-AUC: 0.3343
[Target-only] Epoch 7/50 – Loss: 0.4105  Val F1: 0.3127  ROC-AUC: 0.7818  PR-AUC: 0.2857
[Target-only] Epoch 8/50 – Loss: 0.4024  Val F1: 0.3175  ROC-AUC: 0.7962  PR-AUC: 0.3249
[Target-only] Epoch 9/50 – Loss: 0.3972  Val F1: 0.3750  ROC-AUC: 0.8216  PR-AUC: 0.3664
[Target-only] Epoch 10/50 – Loss: 0.3812  Val F1: 0.3799  ROC-AUC: 0.8300  PR-AUC: 0.3819
[Target-only] Epoch 11/50 – Loss: 0.3579  Val F1: 0.4087  ROC-AUC: 0.8303  PR-AUC: 0.3795
[Target-only] Epoch 12/50 – Loss: 0.3492  Val F1: 0.4245  ROC-AUC: 0.8287  PR-AUC: 0.3579
[Target-only] Epoch 13/50 – Loss: 0.3366  Val F1: 0.3789  ROC-AUC: 0.8232  PR-AUC: 0.3417
[Target-only] Epoch 14/50 – Loss: 0.3376  Val F1: 0.3846  ROC-AUC: 0.8125  PR-AUC: 0.3271
[Target-only] Epoch 15/50 – Loss: 0.3249  Val F1: 0.4286  ROC-AUC: 0.8248  PR-AUC: 0.3936
[Target-only] Epoch 16/50 – Loss: 0.3085  Val F1: 0.3915  ROC-AUC: 0.8170  PR-AUC: 0.3665
[Target-only] Epoch 17/50 – Loss: 0.3045  Val F1: 0.4098  ROC-AUC: 0.8206  PR-AUC: 0.3639
[Target-only] Epoch 18/50 – Loss: 0.2946  Val F1: 0.4072  ROC-AUC: 0.8259  PR-AUC: 0.3974
[Target-only] Epoch 19/50 – Loss: 0.3036  Val F1: 0.4115  ROC-AUC: 0.8206  PR-AUC: 0.3870
[Target-only] Epoch 20/50 – Loss: 0.2892  Val F1: 0.3483  ROC-AUC: 0.7964  PR-AUC: 0.3181
[Target-only] Epoch 21/50 – Loss: 0.2681  Val F1: 0.4084  ROC-AUC: 0.8241  PR-AUC: 0.3773
[Target-only] Epoch 22/50 – Loss: 0.2683  Val F1: 0.4422  ROC-AUC: 0.8334  PR-AUC: 0.4185
[Target-only] Epoch 23/50 – Loss: 0.2572  Val F1: 0.4149  ROC-AUC: 0.8187  PR-AUC: 0.3944
[Target-only] Epoch 24/50 – Loss: 0.2497  Val F1: 0.3732  ROC-AUC: 0.8025  PR-AUC: 0.3753
[Target-only] Epoch 25/50 – Loss: 0.2466  Val F1: 0.4390  ROC-AUC: 0.8191  PR-AUC: 0.3764
[Target-only] Epoch 26/50 – Loss: 0.2515  Val F1: 0.4490  ROC-AUC: 0.8239  PR-AUC: 0.4199
[Target-only] Epoch 27/50 – Loss: 0.2339  Val F1: 0.4286  ROC-AUC: 0.8237  PR-AUC: 0.3951
[Target-only] Epoch 28/50 – Loss: 0.2586  Val F1: 0.4478  ROC-AUC: 0.8173  PR-AUC: 0.3875
[Target-only] Epoch 29/50 – Loss: 0.2465  Val F1: 0.3913  ROC-AUC: 0.8107  PR-AUC: 0.3622
[Target-only] Epoch 30/50 – Loss: 0.2301  Val F1: 0.4058  ROC-AUC: 0.8213  PR-AUC: 0.4058
[Target-only] Epoch 31/50 – Loss: 0.2016  Val F1: 0.4410  ROC-AUC: 0.8221  PR-AUC: 0.4038
[Target-only] Epoch 32/50 – Loss: 0.2127  Val F1: 0.4421  ROC-AUC: 0.8231  PR-AUC: 0.4151
[Target-only] Epoch 33/50 – Loss: 0.1965  Val F1: 0.4264  ROC-AUC: 0.8276  PR-AUC: 0.4110
[Target-only] Epoch 34/50 – Loss: 0.2040  Val F1: 0.4382  ROC-AUC: 0.8220  PR-AUC: 0.3961
[Target-only] Epoch 35/50 – Loss: 0.1925  Val F1: 0.3960  ROC-AUC: 0.8219  PR-AUC: 0.4216
[Target-only] Epoch 36/50 – Loss: 0.1982  Val F1: 0.4481  ROC-AUC: 0.8351  PR-AUC: 0.4094
[Target-only] Epoch 37/50 – Loss: 0.1953  Val F1: 0.4227  ROC-AUC: 0.8182  PR-AUC: 0.4065
[Target-only] Epoch 38/50 – Loss: 0.1876  Val F1: 0.4286  ROC-AUC: 0.8281  PR-AUC: 0.4315
[Target-only] Epoch 39/50 – Loss: 0.1803  Val F1: 0.4398  ROC-AUC: 0.8382  PR-AUC: 0.4350
[Target-only] Epoch 40/50 – Loss: 0.1860  Val F1: 0.4293  ROC-AUC: 0.8242  PR-AUC: 0.3977
[Target-only] Epoch 41/50 – Loss: 0.1808  Val F1: 0.4352  ROC-AUC: 0.8222  PR-AUC: 0.4204
[Target-only] Epoch 42/50 – Loss: 0.1739  Val F1: 0.4362  ROC-AUC: 0.8231  PR-AUC: 0.4146
[Target-only] Epoch 43/50 – Loss: 0.1656  Val F1: 0.4469  ROC-AUC: 0.8297  PR-AUC: 0.4186
[Target-only] Epoch 44/50 – Loss: 0.1599  Val F1: 0.4433  ROC-AUC: 0.8301  PR-AUC: 0.4356
[Target-only] Epoch 45/50 – Loss: 0.1759  Val F1: 0.4492  ROC-AUC: 0.8220  PR-AUC: 0.4139
[Target-only] Epoch 46/50 – Loss: 0.1628  Val F1: 0.4339  ROC-AUC: 0.8307  PR-AUC: 0.4204
[Target-only] Epoch 47/50 – Loss: 0.1745  Val F1: 0.4516  ROC-AUC: 0.8300  PR-AUC: 0.4291
[Target-only] Epoch 48/50 – Loss: 0.1646  Val F1: 0.4432  ROC-AUC: 0.8264  PR-AUC: 0.4011
[Target-only] Epoch 49/50 – Loss: 0.1709  Val F1: 0.4368  ROC-AUC: 0.8239  PR-AUC: 0.4177
[Target-only] Epoch 50/50 – Loss: 0.1567  Val F1: 0.4505  ROC-AUC: 0.8250  PR-AUC: 0.4039
=== Target-only TEST performance ===
Test F1: 0.4082, ROC-AUC: 0.8396, PR-AUC: 0.4281
✅ 실험 완료: TOX21_ERa_BLA_Antagonist_ratio -> TOX21_ERa_LUC_VM7_Agonist_10nM_ICI182780_viability [GIN_GCN]
