[1/4] Excel → CSV 변환 중...
Saved pretrain CSV for TOX21_ERa_BLA_Antagonist_ratio: data/sample/TOX21_ERa_BLA_Antagonist_ratio.csv
Saved pretrain CSV for TOX21_ERa_LUC_VM7_Agonist: data/sample/TOX21_ERa_LUC_VM7_Agonist.csv
Saved pretrain CSV for TOX21_ERa_BLA_Antagonist_viability: data/sample/TOX21_ERa_BLA_Antagonist_viability.csv
Saved pretrain CSV for TOX21_ERa_LUC_VM7_Antagonist_0.5nM_E2: data/sample/TOX21_ERa_LUC_VM7_Antagonist_0.5nM_E2.csv
Saved pretrain CSV for TOX21_ERa_BLA_Antagonist_ch2: data/sample/TOX21_ERa_BLA_Antagonist_ch2.csv
Saved pretrain CSV for TOX21_ERa_BLA_Antagonist_ch1: data/sample/TOX21_ERa_BLA_Antagonist_ch1.csv
Saved pretrain CSV for TOX21_ERa_LUC_VM7_Antagonist_0.5nM_E2_viability: data/sample/TOX21_ERa_LUC_VM7_Antagonist_0.5nM_E2_viability.csv
Saved pretrain CSV for TOX21_ERa_BLA_Agonist_ch2: data/sample/TOX21_ERa_BLA_Agonist_ch2.csv
Saved pretrain CSV for TOX21_ERa_BLA_Agonist_ch1: data/sample/TOX21_ERa_BLA_Agonist_ch1.csv
Saved pretrain CSV for TOX21_ERa_BLA_Agonist_ratio: data/sample/TOX21_ERa_BLA_Agonist_ratio.csv
Saved pretrain CSV for TOX21_ERb_BLA_Antagonist_ch1: data/sample/TOX21_ERb_BLA_Antagonist_ch1.csv
Saved pretrain CSV for TOX21_ERb_BLA_Antagonist_ch2: data/sample/TOX21_ERb_BLA_Antagonist_ch2.csv
Saved pretrain CSV for TOX21_ERb_BLA_Agonist_viability: data/sample/TOX21_ERb_BLA_Agonist_viability.csv
Saved pretrain CSV for TOX21_ERb_BLA_Agonist_ratio: data/sample/TOX21_ERb_BLA_Agonist_ratio.csv
Saved pretrain CSV for TOX21_ERb_BLA_Agonist_ch2: data/sample/TOX21_ERb_BLA_Agonist_ch2.csv
Saved pretrain CSV for TOX21_ERb_BLA_Agonist_ch1: data/sample/TOX21_ERb_BLA_Agonist_ch1.csv
Saved pretrain CSV for TOX21_ERR_LUC_Agonist: data/sample/TOX21_ERR_LUC_Agonist.csv
Saved pretrain CSV for TOX21_ERa_LUC_VM7_Agonist_10nM_ICI182780_viability: data/sample/TOX21_ERa_LUC_VM7_Agonist_10nM_ICI182780_viability.csv
Saved pretrain CSV for TOX21_ERa_LUC_VM7_Antagonist_0.1nM_E2: data/sample/TOX21_ERa_LUC_VM7_Antagonist_0.1nM_E2.csv
Saved pretrain CSV for TOX21_ERb_BLA_Antagonist_ratio: data/sample/TOX21_ERb_BLA_Antagonist_ratio.csv
Saved pretrain CSV for TOX21_ERa_LUC_VM7_Agonist_10nM_ICI182780: data/sample/TOX21_ERa_LUC_VM7_Agonist_10nM_ICI182780.csv
Saved pretrain CSV for TOX21_ERR_LUC_viability: data/sample/TOX21_ERR_LUC_viability.csv
Saved pretrain CSV for TOX21_ERR_LUC_Antagonist: data/sample/TOX21_ERR_LUC_Antagonist.csv
Saved pretrain CSV for TOX21_ERa_LUC_VM7_Antagonist_0.1nM_E2_viability: data/sample/TOX21_ERa_LUC_VM7_Antagonist_0.1nM_E2_viability.csv
Saved pretrain CSV for TOX21_ERb_BLA_Antagonist_viability: data/sample/TOX21_ERb_BLA_Antagonist_viability.csv
Saved finetune CSV for TOX21_ERa_BLA_Antagonist_ratio: data/sample/TOX21_ERa_BLA_Antagonist_ratio.csv
Saved finetune CSV for TOX21_ERa_LUC_VM7_Agonist: data/sample/TOX21_ERa_LUC_VM7_Agonist.csv
Saved finetune CSV for TOX21_ERa_BLA_Antagonist_viability: data/sample/TOX21_ERa_BLA_Antagonist_viability.csv
Saved finetune CSV for TOX21_ERa_LUC_VM7_Antagonist_0.5nM_E2: data/sample/TOX21_ERa_LUC_VM7_Antagonist_0.5nM_E2.csv
Saved finetune CSV for TOX21_ERa_BLA_Antagonist_ch2: data/sample/TOX21_ERa_BLA_Antagonist_ch2.csv
Saved finetune CSV for TOX21_ERa_BLA_Antagonist_ch1: data/sample/TOX21_ERa_BLA_Antagonist_ch1.csv
Saved finetune CSV for TOX21_ERa_LUC_VM7_Antagonist_0.5nM_E2_viability: data/sample/TOX21_ERa_LUC_VM7_Antagonist_0.5nM_E2_viability.csv
Saved finetune CSV for TOX21_ERa_BLA_Agonist_ch2: data/sample/TOX21_ERa_BLA_Agonist_ch2.csv
Saved finetune CSV for TOX21_ERa_BLA_Agonist_ch1: data/sample/TOX21_ERa_BLA_Agonist_ch1.csv
Saved finetune CSV for TOX21_ERa_BLA_Agonist_ratio: data/sample/TOX21_ERa_BLA_Agonist_ratio.csv
Saved finetune CSV for TOX21_ERb_BLA_Antagonist_ch1: data/sample/TOX21_ERb_BLA_Antagonist_ch1.csv
Saved finetune CSV for TOX21_ERb_BLA_Antagonist_ch2: data/sample/TOX21_ERb_BLA_Antagonist_ch2.csv
Saved finetune CSV for TOX21_ERb_BLA_Agonist_viability: data/sample/TOX21_ERb_BLA_Agonist_viability.csv
Saved finetune CSV for TOX21_ERb_BLA_Agonist_ratio: data/sample/TOX21_ERb_BLA_Agonist_ratio.csv
Saved finetune CSV for TOX21_ERb_BLA_Agonist_ch2: data/sample/TOX21_ERb_BLA_Agonist_ch2.csv
Saved finetune CSV for TOX21_ERb_BLA_Agonist_ch1: data/sample/TOX21_ERb_BLA_Agonist_ch1.csv
Saved finetune CSV for TOX21_ERR_LUC_Agonist: data/sample/TOX21_ERR_LUC_Agonist.csv
Saved finetune CSV for TOX21_ERa_LUC_VM7_Agonist_10nM_ICI182780_viability: data/sample/TOX21_ERa_LUC_VM7_Agonist_10nM_ICI182780_viability.csv
Saved finetune CSV for TOX21_ERa_LUC_VM7_Antagonist_0.1nM_E2: data/sample/TOX21_ERa_LUC_VM7_Antagonist_0.1nM_E2.csv
Saved finetune CSV for TOX21_ERb_BLA_Antagonist_ratio: data/sample/TOX21_ERb_BLA_Antagonist_ratio.csv
Saved finetune CSV for TOX21_ERa_LUC_VM7_Agonist_10nM_ICI182780: data/sample/TOX21_ERa_LUC_VM7_Agonist_10nM_ICI182780.csv
Saved finetune CSV for TOX21_ERR_LUC_viability: data/sample/TOX21_ERR_LUC_viability.csv
Saved finetune CSV for TOX21_ERR_LUC_Antagonist: data/sample/TOX21_ERR_LUC_Antagonist.csv
Saved finetune CSV for TOX21_ERa_LUC_VM7_Antagonist_0.1nM_E2_viability: data/sample/TOX21_ERa_LUC_VM7_Antagonist_0.1nM_E2_viability.csv
Saved finetune CSV for TOX21_ERb_BLA_Antagonist_viability: data/sample/TOX21_ERb_BLA_Antagonist_viability.csv
[2/4] Pretraining on TOX21_ERa_LUC_VM7_Agonist using GIN_GCN...
Epoch 1/100 - Loss: 0.6676 - Val F1: 0.2817 - Val ROC-AUC: 0.6302 - Val PR-AUC: 0.2615
Epoch 2/100 - Loss: 0.6427 - Val F1: 0.2793 - Val ROC-AUC: 0.6485 - Val PR-AUC: 0.2483
Epoch 3/100 - Loss: 0.6355 - Val F1: 0.2946 - Val ROC-AUC: 0.6455 - Val PR-AUC: 0.2653
Epoch 4/100 - Loss: 0.6204 - Val F1: 0.2898 - Val ROC-AUC: 0.6545 - Val PR-AUC: 0.2534
Epoch 5/100 - Loss: 0.6125 - Val F1: 0.2691 - Val ROC-AUC: 0.6750 - Val PR-AUC: 0.2855
Epoch 6/100 - Loss: 0.6081 - Val F1: 0.2735 - Val ROC-AUC: 0.6389 - Val PR-AUC: 0.2921
Epoch 7/100 - Loss: 0.6070 - Val F1: 0.2916 - Val ROC-AUC: 0.6753 - Val PR-AUC: 0.2900
Epoch 8/100 - Loss: 0.5991 - Val F1: 0.2969 - Val ROC-AUC: 0.6734 - Val PR-AUC: 0.2273
Epoch 9/100 - Loss: 0.5892 - Val F1: 0.3013 - Val ROC-AUC: 0.6720 - Val PR-AUC: 0.2461
Epoch 10/100 - Loss: 0.5912 - Val F1: 0.2838 - Val ROC-AUC: 0.6753 - Val PR-AUC: 0.3159
Epoch 11/100 - Loss: 0.5826 - Val F1: 0.3108 - Val ROC-AUC: 0.6910 - Val PR-AUC: 0.3139
Epoch 12/100 - Loss: 0.5676 - Val F1: 0.2992 - Val ROC-AUC: 0.6734 - Val PR-AUC: 0.3206
Epoch 13/100 - Loss: 0.5610 - Val F1: 0.2895 - Val ROC-AUC: 0.6683 - Val PR-AUC: 0.2726
Epoch 14/100 - Loss: 0.5644 - Val F1: 0.3000 - Val ROC-AUC: 0.6809 - Val PR-AUC: 0.3227
Epoch 15/100 - Loss: 0.5618 - Val F1: 0.3030 - Val ROC-AUC: 0.6849 - Val PR-AUC: 0.2866
Epoch 16/100 - Loss: 0.5467 - Val F1: 0.2984 - Val ROC-AUC: 0.6875 - Val PR-AUC: 0.3113
Epoch 17/100 - Loss: 0.5353 - Val F1: 0.2500 - Val ROC-AUC: 0.6467 - Val PR-AUC: 0.3065
Epoch 18/100 - Loss: 0.5486 - Val F1: 0.2908 - Val ROC-AUC: 0.6607 - Val PR-AUC: 0.3046
Epoch 19/100 - Loss: 0.5310 - Val F1: 0.3102 - Val ROC-AUC: 0.6768 - Val PR-AUC: 0.3168
Epoch 20/100 - Loss: 0.5225 - Val F1: 0.2872 - Val ROC-AUC: 0.6794 - Val PR-AUC: 0.3122
Epoch 21/100 - Loss: 0.5096 - Val F1: 0.3113 - Val ROC-AUC: 0.6881 - Val PR-AUC: 0.3354
Epoch 22/100 - Loss: 0.5138 - Val F1: 0.2989 - Val ROC-AUC: 0.6719 - Val PR-AUC: 0.3340
Epoch 23/100 - Loss: 0.5022 - Val F1: 0.3032 - Val ROC-AUC: 0.6749 - Val PR-AUC: 0.3335
Epoch 24/100 - Loss: 0.4824 - Val F1: 0.2969 - Val ROC-AUC: 0.6705 - Val PR-AUC: 0.3363
Epoch 25/100 - Loss: 0.4959 - Val F1: 0.3019 - Val ROC-AUC: 0.6727 - Val PR-AUC: 0.3321
Epoch 26/100 - Loss: 0.4816 - Val F1: 0.3064 - Val ROC-AUC: 0.6795 - Val PR-AUC: 0.3068
Epoch 27/100 - Loss: 0.4680 - Val F1: 0.3162 - Val ROC-AUC: 0.6770 - Val PR-AUC: 0.3088
Epoch 28/100 - Loss: 0.4618 - Val F1: 0.2930 - Val ROC-AUC: 0.6683 - Val PR-AUC: 0.3163
Epoch 29/100 - Loss: 0.4661 - Val F1: 0.2829 - Val ROC-AUC: 0.6640 - Val PR-AUC: 0.2608
Epoch 30/100 - Loss: 0.4537 - Val F1: 0.2768 - Val ROC-AUC: 0.6546 - Val PR-AUC: 0.2847
Epoch 31/100 - Loss: 0.4531 - Val F1: 0.2997 - Val ROC-AUC: 0.6634 - Val PR-AUC: 0.3015
Epoch 32/100 - Loss: 0.4347 - Val F1: 0.2997 - Val ROC-AUC: 0.6621 - Val PR-AUC: 0.2918
Epoch 33/100 - Loss: 0.4394 - Val F1: 0.2866 - Val ROC-AUC: 0.6682 - Val PR-AUC: 0.3011
Epoch 34/100 - Loss: 0.4293 - Val F1: 0.3015 - Val ROC-AUC: 0.6599 - Val PR-AUC: 0.3000
Epoch 35/100 - Loss: 0.4282 - Val F1: 0.3006 - Val ROC-AUC: 0.6778 - Val PR-AUC: 0.3099
Epoch 36/100 - Loss: 0.4239 - Val F1: 0.2839 - Val ROC-AUC: 0.6598 - Val PR-AUC: 0.3151
Epoch 37/100 - Loss: 0.4092 - Val F1: 0.2943 - Val ROC-AUC: 0.6561 - Val PR-AUC: 0.2966
Epoch 38/100 - Loss: 0.4113 - Val F1: 0.2778 - Val ROC-AUC: 0.6601 - Val PR-AUC: 0.2959
Epoch 39/100 - Loss: 0.4034 - Val F1: 0.2792 - Val ROC-AUC: 0.6527 - Val PR-AUC: 0.2925
Epoch 40/100 - Loss: 0.3972 - Val F1: 0.3046 - Val ROC-AUC: 0.6593 - Val PR-AUC: 0.2832
Epoch 41/100 - Loss: 0.3982 - Val F1: 0.2930 - Val ROC-AUC: 0.6596 - Val PR-AUC: 0.2834
Epoch 42/100 - Loss: 0.3906 - Val F1: 0.2902 - Val ROC-AUC: 0.6673 - Val PR-AUC: 0.3125
Epoch 43/100 - Loss: 0.3894 - Val F1: 0.3162 - Val ROC-AUC: 0.6628 - Val PR-AUC: 0.3069
Epoch 44/100 - Loss: 0.3842 - Val F1: 0.3050 - Val ROC-AUC: 0.6633 - Val PR-AUC: 0.3002
Epoch 45/100 - Loss: 0.3806 - Val F1: 0.2929 - Val ROC-AUC: 0.6657 - Val PR-AUC: 0.3033
Epoch 46/100 - Loss: 0.3763 - Val F1: 0.3077 - Val ROC-AUC: 0.6662 - Val PR-AUC: 0.3049
Epoch 47/100 - Loss: 0.3837 - Val F1: 0.3008 - Val ROC-AUC: 0.6570 - Val PR-AUC: 0.2924
Epoch 48/100 - Loss: 0.3711 - Val F1: 0.2984 - Val ROC-AUC: 0.6593 - Val PR-AUC: 0.2976
Epoch 49/100 - Loss: 0.3688 - Val F1: 0.3026 - Val ROC-AUC: 0.6636 - Val PR-AUC: 0.3157
Epoch 50/100 - Loss: 0.3717 - Val F1: 0.2877 - Val ROC-AUC: 0.6612 - Val PR-AUC: 0.3191
Epoch 51/100 - Loss: 0.3603 - Val F1: 0.2947 - Val ROC-AUC: 0.6628 - Val PR-AUC: 0.3170
Epoch 52/100 - Loss: 0.3577 - Val F1: 0.3151 - Val ROC-AUC: 0.6656 - Val PR-AUC: 0.3100
Epoch 53/100 - Loss: 0.3670 - Val F1: 0.3206 - Val ROC-AUC: 0.6643 - Val PR-AUC: 0.3161
Epoch 54/100 - Loss: 0.3588 - Val F1: 0.3143 - Val ROC-AUC: 0.6629 - Val PR-AUC: 0.3037
Epoch 55/100 - Loss: 0.3604 - Val F1: 0.2955 - Val ROC-AUC: 0.6695 - Val PR-AUC: 0.3043
Epoch 56/100 - Loss: 0.3607 - Val F1: 0.2897 - Val ROC-AUC: 0.6651 - Val PR-AUC: 0.3031
Epoch 57/100 - Loss: 0.3510 - Val F1: 0.3127 - Val ROC-AUC: 0.6685 - Val PR-AUC: 0.3120
Epoch 58/100 - Loss: 0.3507 - Val F1: 0.3066 - Val ROC-AUC: 0.6603 - Val PR-AUC: 0.2977
Epoch 59/100 - Loss: 0.3582 - Val F1: 0.3030 - Val ROC-AUC: 0.6638 - Val PR-AUC: 0.3116
Epoch 60/100 - Loss: 0.3435 - Val F1: 0.3231 - Val ROC-AUC: 0.6633 - Val PR-AUC: 0.3136
Epoch 61/100 - Loss: 0.3497 - Val F1: 0.3045 - Val ROC-AUC: 0.6655 - Val PR-AUC: 0.3202
Epoch 62/100 - Loss: 0.3488 - Val F1: 0.3060 - Val ROC-AUC: 0.6690 - Val PR-AUC: 0.3232
Epoch 63/100 - Loss: 0.3463 - Val F1: 0.3065 - Val ROC-AUC: 0.6654 - Val PR-AUC: 0.3050
Epoch 64/100 - Loss: 0.3419 - Val F1: 0.3147 - Val ROC-AUC: 0.6626 - Val PR-AUC: 0.3018
Epoch 65/100 - Loss: 0.3510 - Val F1: 0.2982 - Val ROC-AUC: 0.6606 - Val PR-AUC: 0.2936
Epoch 66/100 - Loss: 0.3493 - Val F1: 0.3019 - Val ROC-AUC: 0.6618 - Val PR-AUC: 0.2961
Epoch 67/100 - Loss: 0.3387 - Val F1: 0.3243 - Val ROC-AUC: 0.6654 - Val PR-AUC: 0.3108
Epoch 68/100 - Loss: 0.3387 - Val F1: 0.3134 - Val ROC-AUC: 0.6668 - Val PR-AUC: 0.3057
Epoch 69/100 - Loss: 0.3513 - Val F1: 0.3047 - Val ROC-AUC: 0.6625 - Val PR-AUC: 0.2964
Epoch 70/100 - Loss: 0.3299 - Val F1: 0.3162 - Val ROC-AUC: 0.6609 - Val PR-AUC: 0.2938
Epoch 71/100 - Loss: 0.3438 - Val F1: 0.3007 - Val ROC-AUC: 0.6638 - Val PR-AUC: 0.3026
Epoch 72/100 - Loss: 0.3449 - Val F1: 0.3083 - Val ROC-AUC: 0.6678 - Val PR-AUC: 0.3114
Epoch 73/100 - Loss: 0.3386 - Val F1: 0.3262 - Val ROC-AUC: 0.6648 - Val PR-AUC: 0.3129
Epoch 74/100 - Loss: 0.3308 - Val F1: 0.3125 - Val ROC-AUC: 0.6639 - Val PR-AUC: 0.3103
Epoch 75/100 - Loss: 0.3328 - Val F1: 0.3150 - Val ROC-AUC: 0.6658 - Val PR-AUC: 0.3024
Epoch 76/100 - Loss: 0.3363 - Val F1: 0.3019 - Val ROC-AUC: 0.6639 - Val PR-AUC: 0.3073
Epoch 77/100 - Loss: 0.3445 - Val F1: 0.3206 - Val ROC-AUC: 0.6666 - Val PR-AUC: 0.3022
Epoch 78/100 - Loss: 0.3392 - Val F1: 0.3245 - Val ROC-AUC: 0.6653 - Val PR-AUC: 0.3070
Epoch 79/100 - Loss: 0.3386 - Val F1: 0.3221 - Val ROC-AUC: 0.6657 - Val PR-AUC: 0.3115
Epoch 80/100 - Loss: 0.3394 - Val F1: 0.3082 - Val ROC-AUC: 0.6651 - Val PR-AUC: 0.3115
Epoch 81/100 - Loss: 0.3368 - Val F1: 0.3180 - Val ROC-AUC: 0.6650 - Val PR-AUC: 0.3052
Epoch 82/100 - Loss: 0.3248 - Val F1: 0.3071 - Val ROC-AUC: 0.6630 - Val PR-AUC: 0.3038
Epoch 83/100 - Loss: 0.3250 - Val F1: 0.3105 - Val ROC-AUC: 0.6654 - Val PR-AUC: 0.3038
Epoch 84/100 - Loss: 0.3346 - Val F1: 0.3158 - Val ROC-AUC: 0.6673 - Val PR-AUC: 0.3145
Epoch 85/100 - Loss: 0.3351 - Val F1: 0.3218 - Val ROC-AUC: 0.6664 - Val PR-AUC: 0.3076
Epoch 86/100 - Loss: 0.3393 - Val F1: 0.3083 - Val ROC-AUC: 0.6685 - Val PR-AUC: 0.3125
Epoch 87/100 - Loss: 0.3258 - Val F1: 0.3142 - Val ROC-AUC: 0.6656 - Val PR-AUC: 0.3079
Epoch 88/100 - Loss: 0.3339 - Val F1: 0.3130 - Val ROC-AUC: 0.6655 - Val PR-AUC: 0.3011
Epoch 89/100 - Loss: 0.3333 - Val F1: 0.2993 - Val ROC-AUC: 0.6674 - Val PR-AUC: 0.3073
Epoch 90/100 - Loss: 0.3272 - Val F1: 0.3077 - Val ROC-AUC: 0.6691 - Val PR-AUC: 0.3164
Epoch 91/100 - Loss: 0.3369 - Val F1: 0.3123 - Val ROC-AUC: 0.6679 - Val PR-AUC: 0.3136
Epoch 92/100 - Loss: 0.3304 - Val F1: 0.2979 - Val ROC-AUC: 0.6652 - Val PR-AUC: 0.3099
Epoch 93/100 - Loss: 0.3320 - Val F1: 0.3000 - Val ROC-AUC: 0.6631 - Val PR-AUC: 0.3019
Epoch 94/100 - Loss: 0.3387 - Val F1: 0.3071 - Val ROC-AUC: 0.6649 - Val PR-AUC: 0.3069
Epoch 95/100 - Loss: 0.3442 - Val F1: 0.3194 - Val ROC-AUC: 0.6660 - Val PR-AUC: 0.3066
Epoch 96/100 - Loss: 0.3326 - Val F1: 0.3134 - Val ROC-AUC: 0.6664 - Val PR-AUC: 0.3093
Epoch 97/100 - Loss: 0.3364 - Val F1: 0.3139 - Val ROC-AUC: 0.6676 - Val PR-AUC: 0.3159
Epoch 98/100 - Loss: 0.3258 - Val F1: 0.3132 - Val ROC-AUC: 0.6668 - Val PR-AUC: 0.3089
Epoch 99/100 - Loss: 0.3389 - Val F1: 0.3055 - Val ROC-AUC: 0.6653 - Val PR-AUC: 0.3060
Epoch 100/100 - Loss: 0.3367 - Val F1: 0.3023 - Val ROC-AUC: 0.6623 - Val PR-AUC: 0.2996
Pretraining completed. Test F1: 0.2972, ROC-AUC: 0.6441, PR-AUC: 0.2749
[3/4] Finetuning on TOX21_ERa_BLA_Agonist_ch1 using GIN_GCN...
[Fine-tune] Epoch 1/50 - Loss: 0.5833 - Val F1: 0.2261 - Val ROC-AUC: 0.8133 - Val PR-AUC: 0.3482
[Fine-tune] Epoch 2/50 - Loss: 0.4772 - Val F1: 0.1954 - Val ROC-AUC: 0.7607 - Val PR-AUC: 0.2154
[Fine-tune] Epoch 3/50 - Loss: 0.4432 - Val F1: 0.2175 - Val ROC-AUC: 0.8290 - Val PR-AUC: 0.3385
[Fine-tune] Epoch 4/50 - Loss: 0.4244 - Val F1: 0.2455 - Val ROC-AUC: 0.7891 - Val PR-AUC: 0.2449
[Fine-tune] Epoch 5/50 - Loss: 0.4074 - Val F1: 0.3000 - Val ROC-AUC: 0.8143 - Val PR-AUC: 0.2795
[Fine-tune] Epoch 6/50 - Loss: 0.3742 - Val F1: 0.2319 - Val ROC-AUC: 0.8014 - Val PR-AUC: 0.3131
[Fine-tune] Epoch 7/50 - Loss: 0.3726 - Val F1: 0.2447 - Val ROC-AUC: 0.7940 - Val PR-AUC: 0.3272
[Fine-tune] Epoch 8/50 - Loss: 0.3228 - Val F1: 0.2530 - Val ROC-AUC: 0.7726 - Val PR-AUC: 0.2773
[Fine-tune] Epoch 9/50 - Loss: 0.3153 - Val F1: 0.2838 - Val ROC-AUC: 0.8043 - Val PR-AUC: 0.3039
[Fine-tune] Epoch 10/50 - Loss: 0.3195 - Val F1: 0.2442 - Val ROC-AUC: 0.7759 - Val PR-AUC: 0.2811
[Fine-tune] Epoch 11/50 - Loss: 0.2642 - Val F1: 0.2469 - Val ROC-AUC: 0.7423 - Val PR-AUC: 0.2948
[Fine-tune] Epoch 12/50 - Loss: 0.2373 - Val F1: 0.3008 - Val ROC-AUC: 0.7703 - Val PR-AUC: 0.3010
[Fine-tune] Epoch 13/50 - Loss: 0.2397 - Val F1: 0.2909 - Val ROC-AUC: 0.7727 - Val PR-AUC: 0.3056
[Fine-tune] Epoch 14/50 - Loss: 0.2469 - Val F1: 0.3252 - Val ROC-AUC: 0.7683 - Val PR-AUC: 0.2443
[Fine-tune] Epoch 15/50 - Loss: 0.2234 - Val F1: 0.3034 - Val ROC-AUC: 0.7788 - Val PR-AUC: 0.2961
[Fine-tune] Epoch 16/50 - Loss: 0.2237 - Val F1: 0.2716 - Val ROC-AUC: 0.7578 - Val PR-AUC: 0.3025
[Fine-tune] Epoch 17/50 - Loss: 0.2117 - Val F1: 0.3425 - Val ROC-AUC: 0.7801 - Val PR-AUC: 0.3078
[Fine-tune] Epoch 18/50 - Loss: 0.2016 - Val F1: 0.3361 - Val ROC-AUC: 0.7656 - Val PR-AUC: 0.2677
[Fine-tune] Epoch 19/50 - Loss: 0.1935 - Val F1: 0.3281 - Val ROC-AUC: 0.7619 - Val PR-AUC: 0.2445
[Fine-tune] Epoch 20/50 - Loss: 0.1940 - Val F1: 0.3577 - Val ROC-AUC: 0.7701 - Val PR-AUC: 0.3031
[Fine-tune] Epoch 21/50 - Loss: 0.1567 - Val F1: 0.3419 - Val ROC-AUC: 0.7581 - Val PR-AUC: 0.2951
[Fine-tune] Epoch 22/50 - Loss: 0.1639 - Val F1: 0.2975 - Val ROC-AUC: 0.7636 - Val PR-AUC: 0.2974
[Fine-tune] Epoch 23/50 - Loss: 0.1610 - Val F1: 0.3231 - Val ROC-AUC: 0.7851 - Val PR-AUC: 0.3297
[Fine-tune] Epoch 24/50 - Loss: 0.1473 - Val F1: 0.3478 - Val ROC-AUC: 0.7798 - Val PR-AUC: 0.3095
[Fine-tune] Epoch 25/50 - Loss: 0.1264 - Val F1: 0.3243 - Val ROC-AUC: 0.7682 - Val PR-AUC: 0.2983
[Fine-tune] Epoch 26/50 - Loss: 0.1420 - Val F1: 0.3248 - Val ROC-AUC: 0.7743 - Val PR-AUC: 0.2949
[Fine-tune] Epoch 27/50 - Loss: 0.1325 - Val F1: 0.3509 - Val ROC-AUC: 0.7798 - Val PR-AUC: 0.3190
[Fine-tune] Epoch 28/50 - Loss: 0.1413 - Val F1: 0.3540 - Val ROC-AUC: 0.7782 - Val PR-AUC: 0.2652
[Fine-tune] Epoch 29/50 - Loss: 0.1416 - Val F1: 0.3540 - Val ROC-AUC: 0.7831 - Val PR-AUC: 0.2764
[Fine-tune] Epoch 30/50 - Loss: 0.1247 - Val F1: 0.3333 - Val ROC-AUC: 0.7881 - Val PR-AUC: 0.2625
[Fine-tune] Epoch 31/50 - Loss: 0.1226 - Val F1: 0.3232 - Val ROC-AUC: 0.7821 - Val PR-AUC: 0.2428
[Fine-tune] Epoch 32/50 - Loss: 0.1161 - Val F1: 0.3273 - Val ROC-AUC: 0.7776 - Val PR-AUC: 0.2942
[Fine-tune] Epoch 33/50 - Loss: 0.1147 - Val F1: 0.3689 - Val ROC-AUC: 0.7839 - Val PR-AUC: 0.2831
[Fine-tune] Epoch 34/50 - Loss: 0.1072 - Val F1: 0.3486 - Val ROC-AUC: 0.7836 - Val PR-AUC: 0.3066
[Fine-tune] Epoch 35/50 - Loss: 0.1170 - Val F1: 0.3303 - Val ROC-AUC: 0.7876 - Val PR-AUC: 0.2938
[Fine-tune] Epoch 36/50 - Loss: 0.1088 - Val F1: 0.3529 - Val ROC-AUC: 0.7899 - Val PR-AUC: 0.2860
[Fine-tune] Epoch 37/50 - Loss: 0.0983 - Val F1: 0.3429 - Val ROC-AUC: 0.7861 - Val PR-AUC: 0.2919
[Fine-tune] Epoch 38/50 - Loss: 0.1006 - Val F1: 0.3186 - Val ROC-AUC: 0.7753 - Val PR-AUC: 0.2572
[Fine-tune] Epoch 39/50 - Loss: 0.0865 - Val F1: 0.3186 - Val ROC-AUC: 0.7880 - Val PR-AUC: 0.2766
[Fine-tune] Epoch 40/50 - Loss: 0.1106 - Val F1: 0.3333 - Val ROC-AUC: 0.7874 - Val PR-AUC: 0.2753
[Fine-tune] Epoch 41/50 - Loss: 0.0939 - Val F1: 0.3119 - Val ROC-AUC: 0.7828 - Val PR-AUC: 0.2664
[Fine-tune] Epoch 42/50 - Loss: 0.0891 - Val F1: 0.3301 - Val ROC-AUC: 0.7801 - Val PR-AUC: 0.2624
[Fine-tune] Epoch 43/50 - Loss: 0.0981 - Val F1: 0.3273 - Val ROC-AUC: 0.7887 - Val PR-AUC: 0.2625
[Fine-tune] Epoch 44/50 - Loss: 0.0898 - Val F1: 0.3304 - Val ROC-AUC: 0.7891 - Val PR-AUC: 0.2591
[Fine-tune] Epoch 45/50 - Loss: 0.0923 - Val F1: 0.3273 - Val ROC-AUC: 0.7918 - Val PR-AUC: 0.2732
[Fine-tune] Epoch 46/50 - Loss: 0.0949 - Val F1: 0.3303 - Val ROC-AUC: 0.7887 - Val PR-AUC: 0.2620
[Fine-tune] Epoch 47/50 - Loss: 0.0903 - Val F1: 0.3509 - Val ROC-AUC: 0.7858 - Val PR-AUC: 0.2532
[Fine-tune] Epoch 48/50 - Loss: 0.0903 - Val F1: 0.3396 - Val ROC-AUC: 0.7858 - Val PR-AUC: 0.2355
[Fine-tune] Epoch 49/50 - Loss: 0.0899 - Val F1: 0.3243 - Val ROC-AUC: 0.7869 - Val PR-AUC: 0.2412
[Fine-tune] Epoch 50/50 - Loss: 0.0886 - Val F1: 0.3551 - Val ROC-AUC: 0.7884 - Val PR-AUC: 0.2624
Finetuning completed. Test F1: 0.3333, ROC-AUC: 0.7990, PR-AUC: 0.2482
[3.1/4] Target-only training on TOX21_ERa_BLA_Agonist_ch1 using GIN_GCN...
=== Target-only training ===
[Target-only] Epoch 1/50 – Loss: 0.5919  Val F1: 0.1745  ROC-AUC: 0.7790  PR-AUC: 0.2875
[Target-only] Epoch 2/50 – Loss: 0.5402  Val F1: 0.2047  ROC-AUC: 0.7752  PR-AUC: 0.2657
[Target-only] Epoch 3/50 – Loss: 0.5029  Val F1: 0.2029  ROC-AUC: 0.7717  PR-AUC: 0.1607
[Target-only] Epoch 4/50 – Loss: 0.4662  Val F1: 0.1877  ROC-AUC: 0.7769  PR-AUC: 0.3241
[Target-only] Epoch 5/50 – Loss: 0.4552  Val F1: 0.2556  ROC-AUC: 0.7882  PR-AUC: 0.2019
[Target-only] Epoch 6/50 – Loss: 0.4315  Val F1: 0.2304  ROC-AUC: 0.7620  PR-AUC: 0.2234
[Target-only] Epoch 7/50 – Loss: 0.4067  Val F1: 0.2388  ROC-AUC: 0.7695  PR-AUC: 0.2713
[Target-only] Epoch 8/50 – Loss: 0.3969  Val F1: 0.2000  ROC-AUC: 0.7152  PR-AUC: 0.1202
[Target-only] Epoch 9/50 – Loss: 0.3807  Val F1: 0.2690  ROC-AUC: 0.7672  PR-AUC: 0.2781
[Target-only] Epoch 10/50 – Loss: 0.3748  Val F1: 0.2437  ROC-AUC: 0.7676  PR-AUC: 0.3094
[Target-only] Epoch 11/50 – Loss: 0.3075  Val F1: 0.2914  ROC-AUC: 0.7498  PR-AUC: 0.2777
[Target-only] Epoch 12/50 – Loss: 0.3028  Val F1: 0.2371  ROC-AUC: 0.7380  PR-AUC: 0.3198
[Target-only] Epoch 13/50 – Loss: 0.3026  Val F1: 0.3008  ROC-AUC: 0.7469  PR-AUC: 0.2781
[Target-only] Epoch 14/50 – Loss: 0.2860  Val F1: 0.2561  ROC-AUC: 0.7533  PR-AUC: 0.2552
[Target-only] Epoch 15/50 – Loss: 0.2798  Val F1: 0.2609  ROC-AUC: 0.7365  PR-AUC: 0.2859
[Target-only] Epoch 16/50 – Loss: 0.2678  Val F1: 0.2405  ROC-AUC: 0.7315  PR-AUC: 0.2982
[Target-only] Epoch 17/50 – Loss: 0.2712  Val F1: 0.2532  ROC-AUC: 0.7533  PR-AUC: 0.2548
[Target-only] Epoch 18/50 – Loss: 0.2491  Val F1: 0.2439  ROC-AUC: 0.7631  PR-AUC: 0.2614
[Target-only] Epoch 19/50 – Loss: 0.2366  Val F1: 0.3182  ROC-AUC: 0.7705  PR-AUC: 0.3956
[Target-only] Epoch 20/50 – Loss: 0.2417  Val F1: 0.2532  ROC-AUC: 0.7665  PR-AUC: 0.2705
[Target-only] Epoch 21/50 – Loss: 0.2134  Val F1: 0.2406  ROC-AUC: 0.7701  PR-AUC: 0.3084
[Target-only] Epoch 22/50 – Loss: 0.1981  Val F1: 0.2857  ROC-AUC: 0.7617  PR-AUC: 0.3418
[Target-only] Epoch 23/50 – Loss: 0.1969  Val F1: 0.2769  ROC-AUC: 0.7678  PR-AUC: 0.2980
[Target-only] Epoch 24/50 – Loss: 0.1976  Val F1: 0.2537  ROC-AUC: 0.7798  PR-AUC: 0.2853
[Target-only] Epoch 25/50 – Loss: 0.1845  Val F1: 0.2714  ROC-AUC: 0.7720  PR-AUC: 0.2881
[Target-only] Epoch 26/50 – Loss: 0.1861  Val F1: 0.2742  ROC-AUC: 0.7607  PR-AUC: 0.2823
[Target-only] Epoch 27/50 – Loss: 0.1640  Val F1: 0.2443  ROC-AUC: 0.7665  PR-AUC: 0.2568
[Target-only] Epoch 28/50 – Loss: 0.1639  Val F1: 0.2687  ROC-AUC: 0.7671  PR-AUC: 0.3174
[Target-only] Epoch 29/50 – Loss: 0.1741  Val F1: 0.3048  ROC-AUC: 0.7747  PR-AUC: 0.3344
[Target-only] Epoch 30/50 – Loss: 0.1729  Val F1: 0.2687  ROC-AUC: 0.7753  PR-AUC: 0.3038
[Target-only] Epoch 31/50 – Loss: 0.1476  Val F1: 0.2810  ROC-AUC: 0.7826  PR-AUC: 0.2981
[Target-only] Epoch 32/50 – Loss: 0.1370  Val F1: 0.3107  ROC-AUC: 0.7743  PR-AUC: 0.3347
[Target-only] Epoch 33/50 – Loss: 0.1413  Val F1: 0.2970  ROC-AUC: 0.7704  PR-AUC: 0.3239
[Target-only] Epoch 34/50 – Loss: 0.1346  Val F1: 0.2927  ROC-AUC: 0.7778  PR-AUC: 0.3165
[Target-only] Epoch 35/50 – Loss: 0.1411  Val F1: 0.3137  ROC-AUC: 0.7691  PR-AUC: 0.2466
[Target-only] Epoch 36/50 – Loss: 0.1311  Val F1: 0.2982  ROC-AUC: 0.7738  PR-AUC: 0.3104
[Target-only] Epoch 37/50 – Loss: 0.1166  Val F1: 0.2903  ROC-AUC: 0.7771  PR-AUC: 0.3041
[Target-only] Epoch 38/50 – Loss: 0.1216  Val F1: 0.2982  ROC-AUC: 0.7837  PR-AUC: 0.3283
[Target-only] Epoch 39/50 – Loss: 0.1318  Val F1: 0.2982  ROC-AUC: 0.7758  PR-AUC: 0.2980
[Target-only] Epoch 40/50 – Loss: 0.1283  Val F1: 0.2712  ROC-AUC: 0.7775  PR-AUC: 0.2727
[Target-only] Epoch 41/50 – Loss: 0.1258  Val F1: 0.3167  ROC-AUC: 0.7755  PR-AUC: 0.3109
[Target-only] Epoch 42/50 – Loss: 0.1165  Val F1: 0.3564  ROC-AUC: 0.7788  PR-AUC: 0.2798
[Target-only] Epoch 43/50 – Loss: 0.1099  Val F1: 0.3393  ROC-AUC: 0.7738  PR-AUC: 0.3129
[Target-only] Epoch 44/50 – Loss: 0.1032  Val F1: 0.3363  ROC-AUC: 0.7786  PR-AUC: 0.3107
[Target-only] Epoch 45/50 – Loss: 0.1084  Val F1: 0.3243  ROC-AUC: 0.7783  PR-AUC: 0.2870
[Target-only] Epoch 46/50 – Loss: 0.1002  Val F1: 0.3363  ROC-AUC: 0.7776  PR-AUC: 0.3280
[Target-only] Epoch 47/50 – Loss: 0.1089  Val F1: 0.3364  ROC-AUC: 0.7812  PR-AUC: 0.3079
[Target-only] Epoch 48/50 – Loss: 0.1055  Val F1: 0.3333  ROC-AUC: 0.7765  PR-AUC: 0.3155
[Target-only] Epoch 49/50 – Loss: 0.0937  Val F1: 0.3303  ROC-AUC: 0.7855  PR-AUC: 0.3178
[Target-only] Epoch 50/50 – Loss: 0.1003  Val F1: 0.3333  ROC-AUC: 0.7743  PR-AUC: 0.2976
=== Target-only TEST performance ===
Test F1: 0.3571, ROC-AUC: 0.7959, PR-AUC: 0.2920
✅ 실험 완료: TOX21_ERa_LUC_VM7_Agonist -> TOX21_ERa_BLA_Agonist_ch1 [GIN_GCN]
