[11:21:51] Can't kekulize mol.  Unkekulized atoms: 1 2 3 4 5
[11:21:51] Explicit valence for atom # 0 Cl, 2, is greater than permitted
[11:21:52] Can't kekulize mol.  Unkekulized atoms: 3 4 5 6 7
[11:21:53] Can't kekulize mol.  Unkekulized atoms: 3 4 5 6 7
[11:21:53] WARNING: not removing hydrogen atom without neighbors
[11:21:55] Explicit valence for atom # 3 Si, 8, is greater than permitted
[11:21:55] Can't kekulize mol.  Unkekulized atoms: 1 2 3 4 5
[11:21:55] Can't kekulize mol.  Unkekulized atoms: 3 4 5 6 7
[11:21:56] Can't kekulize mol.  Unkekulized atoms: 1 2 3 4 5
[11:21:56] WARNING: not removing hydrogen atom without neighbors
[11:21:57] Can't kekulize mol.  Unkekulized atoms: 1 2 3 4 5
[11:21:57] Explicit valence for atom # 6 O, 3, is greater than permitted
[11:21:57] Explicit valence for atom # 3 Si, 8, is greater than permitted
[11:21:57] Explicit valence for atom # 0 Cl, 2, is greater than permitted
[11:24:25] Can't kekulize mol.  Unkekulized atoms: 1 2 3 4 5
[11:24:26] Explicit valence for atom # 0 Cl, 2, is greater than permitted
[11:24:26] Can't kekulize mol.  Unkekulized atoms: 3 4 5 6 7
[11:24:27] Can't kekulize mol.  Unkekulized atoms: 3 4 5 6 7
[11:24:29] Can't kekulize mol.  Unkekulized atoms: 1 2 3 4 5
[11:24:29] Can't kekulize mol.  Unkekulized atoms: 3 4 5 6 7
[11:24:30] Can't kekulize mol.  Unkekulized atoms: 1 2 3 4 5
[11:24:30] WARNING: not removing hydrogen atom without neighbors
[11:24:30] Can't kekulize mol.  Unkekulized atoms: 1 2 3 4 5
[11:24:30] Explicit valence for atom # 6 O, 3, is greater than permitted
[11:24:30] Explicit valence for atom # 3 Si, 8, is greater than permitted
[11:24:31] Explicit valence for atom # 0 Cl, 2, is greater than permitted
[11:25:46] Can't kekulize mol.  Unkekulized atoms: 1 2 3 4 5
[11:25:46] Explicit valence for atom # 0 Cl, 2, is greater than permitted
[11:25:47] Can't kekulize mol.  Unkekulized atoms: 3 4 5 6 7
[11:25:47] Can't kekulize mol.  Unkekulized atoms: 3 4 5 6 7
[11:25:50] Can't kekulize mol.  Unkekulized atoms: 1 2 3 4 5
[11:25:50] Can't kekulize mol.  Unkekulized atoms: 3 4 5 6 7
[11:25:50] Can't kekulize mol.  Unkekulized atoms: 1 2 3 4 5
[11:25:50] WARNING: not removing hydrogen atom without neighbors
[11:25:51] Can't kekulize mol.  Unkekulized atoms: 1 2 3 4 5
[11:25:51] Explicit valence for atom # 6 O, 3, is greater than permitted
[11:25:51] Explicit valence for atom # 3 Si, 8, is greater than permitted
[11:25:51] Explicit valence for atom # 0 Cl, 2, is greater than permitted
