[11:28:12] Can't kekulize mol.  Unkekulized atoms: 1 2 3 4 5
[11:28:13] Explicit valence for atom # 0 Cl, 2, is greater than permitted
[11:28:14] Can't kekulize mol.  Unkekulized atoms: 3 4 5 6 7
[11:28:14] Can't kekulize mol.  Unkekulized atoms: 3 4 5 6 7
[11:28:15] WARNING: not removing hydrogen atom without neighbors
[11:28:16] Explicit valence for atom # 3 Si, 8, is greater than permitted
[11:28:17] Can't kekulize mol.  Unkekulized atoms: 1 2 3 4 5
[11:28:17] Can't kekulize mol.  Unkekulized atoms: 3 4 5 6 7
[11:28:17] Can't kekulize mol.  Unkekulized atoms: 1 2 3 4 5
[11:28:18] WARNING: not removing hydrogen atom without neighbors
[11:28:18] Can't kekulize mol.  Unkekulized atoms: 1 2 3 4 5
[11:28:18] Explicit valence for atom # 6 O, 3, is greater than permitted
[11:28:18] Explicit valence for atom # 3 Si, 8, is greater than permitted
[11:28:18] Explicit valence for atom # 0 Cl, 2, is greater than permitted
[11:30:47] Can't kekulize mol.  Unkekulized atoms: 1 2 3 4 5
[11:30:48] Explicit valence for atom # 0 Cl, 2, is greater than permitted
[11:30:48] Can't kekulize mol.  Unkekulized atoms: 3 4 5 6 7
[11:30:49] Can't kekulize mol.  Unkekulized atoms: 3 4 5 6 7
[11:30:49] WARNING: not removing hydrogen atom without neighbors
[11:30:51] Explicit valence for atom # 3 Si, 8, is greater than permitted
[11:30:52] Can't kekulize mol.  Unkekulized atoms: 1 2 3 4 5
[11:30:52] Can't kekulize mol.  Unkekulized atoms: 3 4 5 6 7
[11:30:52] Can't kekulize mol.  Unkekulized atoms: 1 2 3 4 5
[11:30:52] WARNING: not removing hydrogen atom without neighbors
[11:30:53] Can't kekulize mol.  Unkekulized atoms: 1 2 3 4 5
[11:30:53] Explicit valence for atom # 6 O, 3, is greater than permitted
[11:30:53] Explicit valence for atom # 3 Si, 8, is greater than permitted
[11:30:53] Explicit valence for atom # 0 Cl, 2, is greater than permitted
[11:32:11] Can't kekulize mol.  Unkekulized atoms: 1 2 3 4 5
[11:32:12] Explicit valence for atom # 0 Cl, 2, is greater than permitted
[11:32:13] Can't kekulize mol.  Unkekulized atoms: 3 4 5 6 7
[11:32:13] Can't kekulize mol.  Unkekulized atoms: 3 4 5 6 7
[11:32:14] WARNING: not removing hydrogen atom without neighbors
[11:32:16] Explicit valence for atom # 3 Si, 8, is greater than permitted
[11:32:16] Can't kekulize mol.  Unkekulized atoms: 1 2 3 4 5
[11:32:16] Can't kekulize mol.  Unkekulized atoms: 3 4 5 6 7
[11:32:17] Can't kekulize mol.  Unkekulized atoms: 1 2 3 4 5
[11:32:17] WARNING: not removing hydrogen atom without neighbors
[11:32:17] Can't kekulize mol.  Unkekulized atoms: 1 2 3 4 5
[11:32:17] Explicit valence for atom # 6 O, 3, is greater than permitted
[11:32:17] Explicit valence for atom # 3 Si, 8, is greater than permitted
[11:32:18] Explicit valence for atom # 0 Cl, 2, is greater than permitted
