[1/4] Excel → CSV 변환 중...
Saved pretrain CSV for TOX21_ERa_BLA_Antagonist_ratio: data/sample/TOX21_ERa_BLA_Antagonist_ratio.csv
Saved pretrain CSV for TOX21_ERa_LUC_VM7_Agonist: data/sample/TOX21_ERa_LUC_VM7_Agonist.csv
Saved pretrain CSV for TOX21_ERa_BLA_Antagonist_viability: data/sample/TOX21_ERa_BLA_Antagonist_viability.csv
Saved pretrain CSV for TOX21_ERa_LUC_VM7_Antagonist_0.5nM_E2: data/sample/TOX21_ERa_LUC_VM7_Antagonist_0.5nM_E2.csv
Saved pretrain CSV for TOX21_ERa_BLA_Antagonist_ch2: data/sample/TOX21_ERa_BLA_Antagonist_ch2.csv
Saved pretrain CSV for TOX21_ERa_BLA_Antagonist_ch1: data/sample/TOX21_ERa_BLA_Antagonist_ch1.csv
Saved pretrain CSV for TOX21_ERa_LUC_VM7_Antagonist_0.5nM_E2_viability: data/sample/TOX21_ERa_LUC_VM7_Antagonist_0.5nM_E2_viability.csv
Saved pretrain CSV for TOX21_ERa_BLA_Agonist_ch2: data/sample/TOX21_ERa_BLA_Agonist_ch2.csv
Saved pretrain CSV for TOX21_ERa_BLA_Agonist_ch1: data/sample/TOX21_ERa_BLA_Agonist_ch1.csv
Saved pretrain CSV for TOX21_ERa_BLA_Agonist_ratio: data/sample/TOX21_ERa_BLA_Agonist_ratio.csv
Saved pretrain CSV for TOX21_ERb_BLA_Antagonist_ch1: data/sample/TOX21_ERb_BLA_Antagonist_ch1.csv
Saved pretrain CSV for TOX21_ERb_BLA_Antagonist_ch2: data/sample/TOX21_ERb_BLA_Antagonist_ch2.csv
Saved pretrain CSV for TOX21_ERb_BLA_Agonist_viability: data/sample/TOX21_ERb_BLA_Agonist_viability.csv
Saved pretrain CSV for TOX21_ERb_BLA_Agonist_ratio: data/sample/TOX21_ERb_BLA_Agonist_ratio.csv
Saved pretrain CSV for TOX21_ERb_BLA_Agonist_ch2: data/sample/TOX21_ERb_BLA_Agonist_ch2.csv
Saved pretrain CSV for TOX21_ERb_BLA_Agonist_ch1: data/sample/TOX21_ERb_BLA_Agonist_ch1.csv
Saved pretrain CSV for TOX21_ERR_LUC_Agonist: data/sample/TOX21_ERR_LUC_Agonist.csv
Saved pretrain CSV for TOX21_ERa_LUC_VM7_Agonist_10nM_ICI182780_viability: data/sample/TOX21_ERa_LUC_VM7_Agonist_10nM_ICI182780_viability.csv
Saved pretrain CSV for TOX21_ERa_LUC_VM7_Antagonist_0.1nM_E2: data/sample/TOX21_ERa_LUC_VM7_Antagonist_0.1nM_E2.csv
Saved pretrain CSV for TOX21_ERb_BLA_Antagonist_ratio: data/sample/TOX21_ERb_BLA_Antagonist_ratio.csv
Saved pretrain CSV for TOX21_ERa_LUC_VM7_Agonist_10nM_ICI182780: data/sample/TOX21_ERa_LUC_VM7_Agonist_10nM_ICI182780.csv
Saved pretrain CSV for TOX21_ERR_LUC_viability: data/sample/TOX21_ERR_LUC_viability.csv
Saved pretrain CSV for TOX21_ERR_LUC_Antagonist: data/sample/TOX21_ERR_LUC_Antagonist.csv
Saved pretrain CSV for TOX21_ERa_LUC_VM7_Antagonist_0.1nM_E2_viability: data/sample/TOX21_ERa_LUC_VM7_Antagonist_0.1nM_E2_viability.csv
Saved pretrain CSV for TOX21_ERb_BLA_Antagonist_viability: data/sample/TOX21_ERb_BLA_Antagonist_viability.csv
Saved finetune CSV for TOX21_ERa_BLA_Antagonist_ratio: data/sample/TOX21_ERa_BLA_Antagonist_ratio.csv
Saved finetune CSV for TOX21_ERa_LUC_VM7_Agonist: data/sample/TOX21_ERa_LUC_VM7_Agonist.csv
Saved finetune CSV for TOX21_ERa_BLA_Antagonist_viability: data/sample/TOX21_ERa_BLA_Antagonist_viability.csv
Saved finetune CSV for TOX21_ERa_LUC_VM7_Antagonist_0.5nM_E2: data/sample/TOX21_ERa_LUC_VM7_Antagonist_0.5nM_E2.csv
Saved finetune CSV for TOX21_ERa_BLA_Antagonist_ch2: data/sample/TOX21_ERa_BLA_Antagonist_ch2.csv
Saved finetune CSV for TOX21_ERa_BLA_Antagonist_ch1: data/sample/TOX21_ERa_BLA_Antagonist_ch1.csv
Saved finetune CSV for TOX21_ERa_LUC_VM7_Antagonist_0.5nM_E2_viability: data/sample/TOX21_ERa_LUC_VM7_Antagonist_0.5nM_E2_viability.csv
Saved finetune CSV for TOX21_ERa_BLA_Agonist_ch2: data/sample/TOX21_ERa_BLA_Agonist_ch2.csv
Saved finetune CSV for TOX21_ERa_BLA_Agonist_ch1: data/sample/TOX21_ERa_BLA_Agonist_ch1.csv
Saved finetune CSV for TOX21_ERa_BLA_Agonist_ratio: data/sample/TOX21_ERa_BLA_Agonist_ratio.csv
Saved finetune CSV for TOX21_ERb_BLA_Antagonist_ch1: data/sample/TOX21_ERb_BLA_Antagonist_ch1.csv
Saved finetune CSV for TOX21_ERb_BLA_Antagonist_ch2: data/sample/TOX21_ERb_BLA_Antagonist_ch2.csv
Saved finetune CSV for TOX21_ERb_BLA_Agonist_viability: data/sample/TOX21_ERb_BLA_Agonist_viability.csv
Saved finetune CSV for TOX21_ERb_BLA_Agonist_ratio: data/sample/TOX21_ERb_BLA_Agonist_ratio.csv
Saved finetune CSV for TOX21_ERb_BLA_Agonist_ch2: data/sample/TOX21_ERb_BLA_Agonist_ch2.csv
Saved finetune CSV for TOX21_ERb_BLA_Agonist_ch1: data/sample/TOX21_ERb_BLA_Agonist_ch1.csv
Saved finetune CSV for TOX21_ERR_LUC_Agonist: data/sample/TOX21_ERR_LUC_Agonist.csv
Saved finetune CSV for TOX21_ERa_LUC_VM7_Agonist_10nM_ICI182780_viability: data/sample/TOX21_ERa_LUC_VM7_Agonist_10nM_ICI182780_viability.csv
Saved finetune CSV for TOX21_ERa_LUC_VM7_Antagonist_0.1nM_E2: data/sample/TOX21_ERa_LUC_VM7_Antagonist_0.1nM_E2.csv
Saved finetune CSV for TOX21_ERb_BLA_Antagonist_ratio: data/sample/TOX21_ERb_BLA_Antagonist_ratio.csv
Saved finetune CSV for TOX21_ERa_LUC_VM7_Agonist_10nM_ICI182780: data/sample/TOX21_ERa_LUC_VM7_Agonist_10nM_ICI182780.csv
Saved finetune CSV for TOX21_ERR_LUC_viability: data/sample/TOX21_ERR_LUC_viability.csv
Saved finetune CSV for TOX21_ERR_LUC_Antagonist: data/sample/TOX21_ERR_LUC_Antagonist.csv
Saved finetune CSV for TOX21_ERa_LUC_VM7_Antagonist_0.1nM_E2_viability: data/sample/TOX21_ERa_LUC_VM7_Antagonist_0.1nM_E2_viability.csv
Saved finetune CSV for TOX21_ERb_BLA_Antagonist_viability: data/sample/TOX21_ERb_BLA_Antagonist_viability.csv
[2/4] Pretraining on TOX21_ERa_BLA_Antagonist_viability using GIN_GCN...
Epoch 1/100 - Loss: 0.5755 - Val F1: 0.1722 - Val ROC-AUC: 0.7368 - Val PR-AUC: 0.1151
Epoch 2/100 - Loss: 0.4854 - Val F1: 0.1757 - Val ROC-AUC: 0.7339 - Val PR-AUC: 0.1010
Epoch 3/100 - Loss: 0.4505 - Val F1: 0.1659 - Val ROC-AUC: 0.7692 - Val PR-AUC: 0.1156
Epoch 4/100 - Loss: 0.4164 - Val F1: 0.1553 - Val ROC-AUC: 0.7877 - Val PR-AUC: 0.1407
Epoch 5/100 - Loss: 0.3931 - Val F1: 0.2037 - Val ROC-AUC: 0.7701 - Val PR-AUC: 0.1515
Epoch 6/100 - Loss: 0.3799 - Val F1: 0.1832 - Val ROC-AUC: 0.7764 - Val PR-AUC: 0.1323
Epoch 7/100 - Loss: 0.3532 - Val F1: 0.2010 - Val ROC-AUC: 0.7840 - Val PR-AUC: 0.1372
Epoch 8/100 - Loss: 0.3279 - Val F1: 0.1659 - Val ROC-AUC: 0.7638 - Val PR-AUC: 0.2012
Epoch 9/100 - Loss: 0.3214 - Val F1: 0.2020 - Val ROC-AUC: 0.7787 - Val PR-AUC: 0.1658
Epoch 10/100 - Loss: 0.3087 - Val F1: 0.1844 - Val ROC-AUC: 0.7543 - Val PR-AUC: 0.1200
Epoch 11/100 - Loss: 0.2664 - Val F1: 0.2188 - Val ROC-AUC: 0.7774 - Val PR-AUC: 0.1391
Epoch 12/100 - Loss: 0.2468 - Val F1: 0.1884 - Val ROC-AUC: 0.7792 - Val PR-AUC: 0.1527
Epoch 13/100 - Loss: 0.2490 - Val F1: 0.1538 - Val ROC-AUC: 0.7737 - Val PR-AUC: 0.1839
Epoch 14/100 - Loss: 0.2149 - Val F1: 0.1507 - Val ROC-AUC: 0.7509 - Val PR-AUC: 0.1323
Epoch 15/100 - Loss: 0.2198 - Val F1: 0.1550 - Val ROC-AUC: 0.7749 - Val PR-AUC: 0.1870
Epoch 16/100 - Loss: 0.2181 - Val F1: 0.1261 - Val ROC-AUC: 0.7776 - Val PR-AUC: 0.1334
Epoch 17/100 - Loss: 0.2142 - Val F1: 0.1733 - Val ROC-AUC: 0.7628 - Val PR-AUC: 0.1353
Epoch 18/100 - Loss: 0.1989 - Val F1: 0.1618 - Val ROC-AUC: 0.7538 - Val PR-AUC: 0.1184
Epoch 19/100 - Loss: 0.1913 - Val F1: 0.1679 - Val ROC-AUC: 0.7628 - Val PR-AUC: 0.1484
Epoch 20/100 - Loss: 0.1962 - Val F1: 0.1964 - Val ROC-AUC: 0.7670 - Val PR-AUC: 0.1462
Epoch 21/100 - Loss: 0.1725 - Val F1: 0.1626 - Val ROC-AUC: 0.7569 - Val PR-AUC: 0.1632
Epoch 22/100 - Loss: 0.1576 - Val F1: 0.1705 - Val ROC-AUC: 0.7531 - Val PR-AUC: 0.1512
Epoch 23/100 - Loss: 0.1475 - Val F1: 0.1849 - Val ROC-AUC: 0.7688 - Val PR-AUC: 0.1649
Epoch 24/100 - Loss: 0.1506 - Val F1: 0.1983 - Val ROC-AUC: 0.7593 - Val PR-AUC: 0.1494
Epoch 25/100 - Loss: 0.1535 - Val F1: 0.1913 - Val ROC-AUC: 0.7405 - Val PR-AUC: 0.1665
Epoch 26/100 - Loss: 0.1473 - Val F1: 0.2020 - Val ROC-AUC: 0.7607 - Val PR-AUC: 0.1856
Epoch 27/100 - Loss: 0.1282 - Val F1: 0.2000 - Val ROC-AUC: 0.7441 - Val PR-AUC: 0.1741
Epoch 28/100 - Loss: 0.1367 - Val F1: 0.2136 - Val ROC-AUC: 0.7495 - Val PR-AUC: 0.1809
Epoch 29/100 - Loss: 0.1317 - Val F1: 0.1803 - Val ROC-AUC: 0.7664 - Val PR-AUC: 0.1963
Epoch 30/100 - Loss: 0.1260 - Val F1: 0.2018 - Val ROC-AUC: 0.7568 - Val PR-AUC: 0.1705
Epoch 31/100 - Loss: 0.1161 - Val F1: 0.2000 - Val ROC-AUC: 0.7544 - Val PR-AUC: 0.1713
Epoch 32/100 - Loss: 0.1085 - Val F1: 0.1702 - Val ROC-AUC: 0.7471 - Val PR-AUC: 0.1850
Epoch 33/100 - Loss: 0.1231 - Val F1: 0.1905 - Val ROC-AUC: 0.7476 - Val PR-AUC: 0.1828
Epoch 34/100 - Loss: 0.1111 - Val F1: 0.1856 - Val ROC-AUC: 0.7421 - Val PR-AUC: 0.1477
Epoch 35/100 - Loss: 0.1173 - Val F1: 0.1758 - Val ROC-AUC: 0.7485 - Val PR-AUC: 0.1782
Epoch 36/100 - Loss: 0.1065 - Val F1: 0.2472 - Val ROC-AUC: 0.7404 - Val PR-AUC: 0.1748
Epoch 37/100 - Loss: 0.1159 - Val F1: 0.1975 - Val ROC-AUC: 0.7361 - Val PR-AUC: 0.1724
Epoch 38/100 - Loss: 0.1089 - Val F1: 0.1978 - Val ROC-AUC: 0.7611 - Val PR-AUC: 0.1730
Epoch 39/100 - Loss: 0.1012 - Val F1: 0.2308 - Val ROC-AUC: 0.7520 - Val PR-AUC: 0.1865
Epoch 40/100 - Loss: 0.0931 - Val F1: 0.1975 - Val ROC-AUC: 0.7554 - Val PR-AUC: 0.1984
Epoch 41/100 - Loss: 0.0994 - Val F1: 0.1978 - Val ROC-AUC: 0.7591 - Val PR-AUC: 0.1762
Epoch 42/100 - Loss: 0.0955 - Val F1: 0.2045 - Val ROC-AUC: 0.7598 - Val PR-AUC: 0.1876
Epoch 43/100 - Loss: 0.0936 - Val F1: 0.2195 - Val ROC-AUC: 0.7514 - Val PR-AUC: 0.1822
Epoch 44/100 - Loss: 0.0902 - Val F1: 0.2162 - Val ROC-AUC: 0.7520 - Val PR-AUC: 0.1962
Epoch 45/100 - Loss: 0.0827 - Val F1: 0.1739 - Val ROC-AUC: 0.7561 - Val PR-AUC: 0.1842
Epoch 46/100 - Loss: 0.0790 - Val F1: 0.1975 - Val ROC-AUC: 0.7507 - Val PR-AUC: 0.1833
Epoch 47/100 - Loss: 0.0873 - Val F1: 0.1928 - Val ROC-AUC: 0.7557 - Val PR-AUC: 0.1808
Epoch 48/100 - Loss: 0.0740 - Val F1: 0.1978 - Val ROC-AUC: 0.7695 - Val PR-AUC: 0.1702
Epoch 49/100 - Loss: 0.0861 - Val F1: 0.2025 - Val ROC-AUC: 0.7497 - Val PR-AUC: 0.1669
Epoch 50/100 - Loss: 0.0771 - Val F1: 0.1818 - Val ROC-AUC: 0.7533 - Val PR-AUC: 0.1586
Epoch 51/100 - Loss: 0.0737 - Val F1: 0.2319 - Val ROC-AUC: 0.7513 - Val PR-AUC: 0.1703
Epoch 52/100 - Loss: 0.0851 - Val F1: 0.2051 - Val ROC-AUC: 0.7616 - Val PR-AUC: 0.1619
Epoch 53/100 - Loss: 0.0717 - Val F1: 0.1928 - Val ROC-AUC: 0.7714 - Val PR-AUC: 0.1561
Epoch 54/100 - Loss: 0.0708 - Val F1: 0.2319 - Val ROC-AUC: 0.7573 - Val PR-AUC: 0.1547
Epoch 55/100 - Loss: 0.0712 - Val F1: 0.2000 - Val ROC-AUC: 0.7590 - Val PR-AUC: 0.1610
Epoch 56/100 - Loss: 0.0773 - Val F1: 0.2000 - Val ROC-AUC: 0.7599 - Val PR-AUC: 0.1568
Epoch 57/100 - Loss: 0.0760 - Val F1: 0.2133 - Val ROC-AUC: 0.7509 - Val PR-AUC: 0.1760
Epoch 58/100 - Loss: 0.0676 - Val F1: 0.2162 - Val ROC-AUC: 0.7571 - Val PR-AUC: 0.1813
