[11:08:21] Can't kekulize mol.  Unkekulized atoms: 1 2 3 4 5
[11:08:21] Explicit valence for atom # 0 Cl, 2, is greater than permitted
[11:08:22] Can't kekulize mol.  Unkekulized atoms: 3 4 5 6 7
[11:08:22] Can't kekulize mol.  Unkekulized atoms: 3 4 5 6 7
[11:08:23] WARNING: not removing hydrogen atom without neighbors
[11:08:25] Explicit valence for atom # 3 Si, 8, is greater than permitted
[11:08:25] Can't kekulize mol.  Unkekulized atoms: 1 2 3 4 5
[11:08:25] Can't kekulize mol.  Unkekulized atoms: 3 4 5 6 7
[11:08:26] Can't kekulize mol.  Unkekulized atoms: 1 2 3 4 5
[11:08:26] WARNING: not removing hydrogen atom without neighbors
[11:08:26] Can't kekulize mol.  Unkekulized atoms: 1 2 3 4 5
[11:08:26] Explicit valence for atom # 6 O, 3, is greater than permitted
[11:08:26] Explicit valence for atom # 3 Si, 8, is greater than permitted
[11:08:27] Explicit valence for atom # 0 Cl, 2, is greater than permitted
[11:10:56] Can't kekulize mol.  Unkekulized atoms: 1 2 3 4 5
[11:10:57] Explicit valence for atom # 0 Cl, 2, is greater than permitted
[11:10:58] Can't kekulize mol.  Unkekulized atoms: 3 4 5 6 7
[11:10:58] Can't kekulize mol.  Unkekulized atoms: 3 4 5 6 7
[11:11:00] Can't kekulize mol.  Unkekulized atoms: 1 2 3 4 5
[11:11:00] Can't kekulize mol.  Unkekulized atoms: 3 4 5 6 7
[11:11:01] Can't kekulize mol.  Unkekulized atoms: 1 2 3 4 5
[11:11:01] WARNING: not removing hydrogen atom without neighbors
[11:11:01] Can't kekulize mol.  Unkekulized atoms: 1 2 3 4 5
[11:11:01] Explicit valence for atom # 6 O, 3, is greater than permitted
[11:11:02] Explicit valence for atom # 3 Si, 8, is greater than permitted
[11:11:02] Explicit valence for atom # 0 Cl, 2, is greater than permitted
[11:12:17] Can't kekulize mol.  Unkekulized atoms: 1 2 3 4 5
[11:12:18] Explicit valence for atom # 0 Cl, 2, is greater than permitted
[11:12:19] Can't kekulize mol.  Unkekulized atoms: 3 4 5 6 7
[11:12:19] Can't kekulize mol.  Unkekulized atoms: 3 4 5 6 7
[11:12:21] Can't kekulize mol.  Unkekulized atoms: 1 2 3 4 5
[11:12:21] Can't kekulize mol.  Unkekulized atoms: 3 4 5 6 7
[11:12:22] Can't kekulize mol.  Unkekulized atoms: 1 2 3 4 5
[11:12:22] WARNING: not removing hydrogen atom without neighbors
[11:12:23] Can't kekulize mol.  Unkekulized atoms: 1 2 3 4 5
[11:12:23] Explicit valence for atom # 6 O, 3, is greater than permitted
[11:12:23] Explicit valence for atom # 3 Si, 8, is greater than permitted
[11:12:23] Explicit valence for atom # 0 Cl, 2, is greater than permitted
