[1/4] Excel → CSV 변환 중...
Saved pretrain CSV for TOX21_ERa_BLA_Antagonist_ratio: data/sample/TOX21_ERa_BLA_Antagonist_ratio.csv
Saved pretrain CSV for TOX21_ERa_LUC_VM7_Agonist: data/sample/TOX21_ERa_LUC_VM7_Agonist.csv
Saved pretrain CSV for TOX21_ERa_BLA_Antagonist_viability: data/sample/TOX21_ERa_BLA_Antagonist_viability.csv
Saved pretrain CSV for TOX21_ERa_LUC_VM7_Antagonist_0.5nM_E2: data/sample/TOX21_ERa_LUC_VM7_Antagonist_0.5nM_E2.csv
Saved pretrain CSV for TOX21_ERa_BLA_Antagonist_ch2: data/sample/TOX21_ERa_BLA_Antagonist_ch2.csv
Saved pretrain CSV for TOX21_ERa_BLA_Antagonist_ch1: data/sample/TOX21_ERa_BLA_Antagonist_ch1.csv
Saved pretrain CSV for TOX21_ERa_LUC_VM7_Antagonist_0.5nM_E2_viability: data/sample/TOX21_ERa_LUC_VM7_Antagonist_0.5nM_E2_viability.csv
Saved pretrain CSV for TOX21_ERa_BLA_Agonist_ch2: data/sample/TOX21_ERa_BLA_Agonist_ch2.csv
Saved pretrain CSV for TOX21_ERa_BLA_Agonist_ch1: data/sample/TOX21_ERa_BLA_Agonist_ch1.csv
Saved pretrain CSV for TOX21_ERa_BLA_Agonist_ratio: data/sample/TOX21_ERa_BLA_Agonist_ratio.csv
Saved pretrain CSV for TOX21_ERb_BLA_Antagonist_ch1: data/sample/TOX21_ERb_BLA_Antagonist_ch1.csv
Saved pretrain CSV for TOX21_ERb_BLA_Antagonist_ch2: data/sample/TOX21_ERb_BLA_Antagonist_ch2.csv
Saved pretrain CSV for TOX21_ERb_BLA_Agonist_viability: data/sample/TOX21_ERb_BLA_Agonist_viability.csv
Saved pretrain CSV for TOX21_ERb_BLA_Agonist_ratio: data/sample/TOX21_ERb_BLA_Agonist_ratio.csv
Saved pretrain CSV for TOX21_ERb_BLA_Agonist_ch2: data/sample/TOX21_ERb_BLA_Agonist_ch2.csv
Saved pretrain CSV for TOX21_ERb_BLA_Agonist_ch1: data/sample/TOX21_ERb_BLA_Agonist_ch1.csv
Saved pretrain CSV for TOX21_ERR_LUC_Agonist: data/sample/TOX21_ERR_LUC_Agonist.csv
Saved pretrain CSV for TOX21_ERa_LUC_VM7_Agonist_10nM_ICI182780_viability: data/sample/TOX21_ERa_LUC_VM7_Agonist_10nM_ICI182780_viability.csv
Saved pretrain CSV for TOX21_ERa_LUC_VM7_Antagonist_0.1nM_E2: data/sample/TOX21_ERa_LUC_VM7_Antagonist_0.1nM_E2.csv
Saved pretrain CSV for TOX21_ERb_BLA_Antagonist_ratio: data/sample/TOX21_ERb_BLA_Antagonist_ratio.csv
Saved pretrain CSV for TOX21_ERa_LUC_VM7_Agonist_10nM_ICI182780: data/sample/TOX21_ERa_LUC_VM7_Agonist_10nM_ICI182780.csv
Saved pretrain CSV for TOX21_ERR_LUC_viability: data/sample/TOX21_ERR_LUC_viability.csv
Saved pretrain CSV for TOX21_ERR_LUC_Antagonist: data/sample/TOX21_ERR_LUC_Antagonist.csv
Saved pretrain CSV for TOX21_ERa_LUC_VM7_Antagonist_0.1nM_E2_viability: data/sample/TOX21_ERa_LUC_VM7_Antagonist_0.1nM_E2_viability.csv
Saved pretrain CSV for TOX21_ERb_BLA_Antagonist_viability: data/sample/TOX21_ERb_BLA_Antagonist_viability.csv
Saved finetune CSV for TOX21_ERa_BLA_Antagonist_ratio: data/sample/TOX21_ERa_BLA_Antagonist_ratio.csv
Saved finetune CSV for TOX21_ERa_LUC_VM7_Agonist: data/sample/TOX21_ERa_LUC_VM7_Agonist.csv
Saved finetune CSV for TOX21_ERa_BLA_Antagonist_viability: data/sample/TOX21_ERa_BLA_Antagonist_viability.csv
Saved finetune CSV for TOX21_ERa_LUC_VM7_Antagonist_0.5nM_E2: data/sample/TOX21_ERa_LUC_VM7_Antagonist_0.5nM_E2.csv
Saved finetune CSV for TOX21_ERa_BLA_Antagonist_ch2: data/sample/TOX21_ERa_BLA_Antagonist_ch2.csv
Saved finetune CSV for TOX21_ERa_BLA_Antagonist_ch1: data/sample/TOX21_ERa_BLA_Antagonist_ch1.csv
Saved finetune CSV for TOX21_ERa_LUC_VM7_Antagonist_0.5nM_E2_viability: data/sample/TOX21_ERa_LUC_VM7_Antagonist_0.5nM_E2_viability.csv
Saved finetune CSV for TOX21_ERa_BLA_Agonist_ch2: data/sample/TOX21_ERa_BLA_Agonist_ch2.csv
Saved finetune CSV for TOX21_ERa_BLA_Agonist_ch1: data/sample/TOX21_ERa_BLA_Agonist_ch1.csv
Saved finetune CSV for TOX21_ERa_BLA_Agonist_ratio: data/sample/TOX21_ERa_BLA_Agonist_ratio.csv
Saved finetune CSV for TOX21_ERb_BLA_Antagonist_ch1: data/sample/TOX21_ERb_BLA_Antagonist_ch1.csv
Saved finetune CSV for TOX21_ERb_BLA_Antagonist_ch2: data/sample/TOX21_ERb_BLA_Antagonist_ch2.csv
Saved finetune CSV for TOX21_ERb_BLA_Agonist_viability: data/sample/TOX21_ERb_BLA_Agonist_viability.csv
Saved finetune CSV for TOX21_ERb_BLA_Agonist_ratio: data/sample/TOX21_ERb_BLA_Agonist_ratio.csv
Saved finetune CSV for TOX21_ERb_BLA_Agonist_ch2: data/sample/TOX21_ERb_BLA_Agonist_ch2.csv
Saved finetune CSV for TOX21_ERb_BLA_Agonist_ch1: data/sample/TOX21_ERb_BLA_Agonist_ch1.csv
Saved finetune CSV for TOX21_ERR_LUC_Agonist: data/sample/TOX21_ERR_LUC_Agonist.csv
Saved finetune CSV for TOX21_ERa_LUC_VM7_Agonist_10nM_ICI182780_viability: data/sample/TOX21_ERa_LUC_VM7_Agonist_10nM_ICI182780_viability.csv
Saved finetune CSV for TOX21_ERa_LUC_VM7_Antagonist_0.1nM_E2: data/sample/TOX21_ERa_LUC_VM7_Antagonist_0.1nM_E2.csv
Saved finetune CSV for TOX21_ERb_BLA_Antagonist_ratio: data/sample/TOX21_ERb_BLA_Antagonist_ratio.csv
Saved finetune CSV for TOX21_ERa_LUC_VM7_Agonist_10nM_ICI182780: data/sample/TOX21_ERa_LUC_VM7_Agonist_10nM_ICI182780.csv
Saved finetune CSV for TOX21_ERR_LUC_viability: data/sample/TOX21_ERR_LUC_viability.csv
Saved finetune CSV for TOX21_ERR_LUC_Antagonist: data/sample/TOX21_ERR_LUC_Antagonist.csv
Saved finetune CSV for TOX21_ERa_LUC_VM7_Antagonist_0.1nM_E2_viability: data/sample/TOX21_ERa_LUC_VM7_Antagonist_0.1nM_E2_viability.csv
Saved finetune CSV for TOX21_ERb_BLA_Antagonist_viability: data/sample/TOX21_ERb_BLA_Antagonist_viability.csv
[2/4] Pretraining on TOX21_ERa_BLA_Antagonist_ratio using GIN_GCN...
Epoch 1/100 - Loss: 0.6277 - Val F1: 0.3518 - Val ROC-AUC: 0.7127 - Val PR-AUC: 0.2275
Epoch 2/100 - Loss: 0.5930 - Val F1: 0.3294 - Val ROC-AUC: 0.7308 - Val PR-AUC: 0.2379
Epoch 3/100 - Loss: 0.5534 - Val F1: 0.3700 - Val ROC-AUC: 0.7535 - Val PR-AUC: 0.2802
Epoch 4/100 - Loss: 0.5520 - Val F1: 0.3196 - Val ROC-AUC: 0.7755 - Val PR-AUC: 0.3117
Epoch 5/100 - Loss: 0.5496 - Val F1: 0.3705 - Val ROC-AUC: 0.7603 - Val PR-AUC: 0.2766
Epoch 6/100 - Loss: 0.5385 - Val F1: 0.3628 - Val ROC-AUC: 0.7714 - Val PR-AUC: 0.2774
Epoch 7/100 - Loss: 0.5117 - Val F1: 0.3988 - Val ROC-AUC: 0.7633 - Val PR-AUC: 0.2916
Epoch 8/100 - Loss: 0.5141 - Val F1: 0.3965 - Val ROC-AUC: 0.7783 - Val PR-AUC: 0.2979
Epoch 9/100 - Loss: 0.5116 - Val F1: 0.3791 - Val ROC-AUC: 0.7785 - Val PR-AUC: 0.3019
Epoch 10/100 - Loss: 0.4963 - Val F1: 0.3514 - Val ROC-AUC: 0.7752 - Val PR-AUC: 0.3101
Epoch 11/100 - Loss: 0.4713 - Val F1: 0.3966 - Val ROC-AUC: 0.7999 - Val PR-AUC: 0.3288
Epoch 12/100 - Loss: 0.4719 - Val F1: 0.3902 - Val ROC-AUC: 0.8016 - Val PR-AUC: 0.3224
Epoch 13/100 - Loss: 0.4623 - Val F1: 0.4000 - Val ROC-AUC: 0.8082 - Val PR-AUC: 0.3223
Epoch 14/100 - Loss: 0.4504 - Val F1: 0.4000 - Val ROC-AUC: 0.7943 - Val PR-AUC: 0.3072
Epoch 15/100 - Loss: 0.4497 - Val F1: 0.3968 - Val ROC-AUC: 0.8043 - Val PR-AUC: 0.3260
Epoch 16/100 - Loss: 0.4389 - Val F1: 0.4286 - Val ROC-AUC: 0.8126 - Val PR-AUC: 0.3490
Epoch 17/100 - Loss: 0.4409 - Val F1: 0.3990 - Val ROC-AUC: 0.8046 - Val PR-AUC: 0.3290
Epoch 18/100 - Loss: 0.4373 - Val F1: 0.4179 - Val ROC-AUC: 0.8133 - Val PR-AUC: 0.3493
Epoch 19/100 - Loss: 0.4329 - Val F1: 0.4254 - Val ROC-AUC: 0.8052 - Val PR-AUC: 0.3523
Epoch 20/100 - Loss: 0.4371 - Val F1: 0.3988 - Val ROC-AUC: 0.7998 - Val PR-AUC: 0.3287
Epoch 21/100 - Loss: 0.4170 - Val F1: 0.4185 - Val ROC-AUC: 0.8077 - Val PR-AUC: 0.3497
Epoch 22/100 - Loss: 0.4021 - Val F1: 0.4032 - Val ROC-AUC: 0.8086 - Val PR-AUC: 0.3258
Epoch 23/100 - Loss: 0.4085 - Val F1: 0.4444 - Val ROC-AUC: 0.8189 - Val PR-AUC: 0.3583
Epoch 24/100 - Loss: 0.4097 - Val F1: 0.4281 - Val ROC-AUC: 0.8168 - Val PR-AUC: 0.3507
Epoch 25/100 - Loss: 0.3991 - Val F1: 0.4309 - Val ROC-AUC: 0.8093 - Val PR-AUC: 0.3459
Epoch 26/100 - Loss: 0.3982 - Val F1: 0.4084 - Val ROC-AUC: 0.8139 - Val PR-AUC: 0.3544
Epoch 27/100 - Loss: 0.3967 - Val F1: 0.4229 - Val ROC-AUC: 0.8126 - Val PR-AUC: 0.3564
Epoch 28/100 - Loss: 0.3861 - Val F1: 0.4235 - Val ROC-AUC: 0.8135 - Val PR-AUC: 0.3524
Epoch 29/100 - Loss: 0.3835 - Val F1: 0.4171 - Val ROC-AUC: 0.8247 - Val PR-AUC: 0.3605
Epoch 30/100 - Loss: 0.3740 - Val F1: 0.4444 - Val ROC-AUC: 0.8252 - Val PR-AUC: 0.3792
Epoch 31/100 - Loss: 0.3569 - Val F1: 0.4302 - Val ROC-AUC: 0.8288 - Val PR-AUC: 0.3768
Epoch 32/100 - Loss: 0.3526 - Val F1: 0.4332 - Val ROC-AUC: 0.8223 - Val PR-AUC: 0.3681
Epoch 33/100 - Loss: 0.3616 - Val F1: 0.4294 - Val ROC-AUC: 0.8161 - Val PR-AUC: 0.3549
Epoch 34/100 - Loss: 0.3548 - Val F1: 0.4564 - Val ROC-AUC: 0.8246 - Val PR-AUC: 0.3600
Epoch 35/100 - Loss: 0.3394 - Val F1: 0.4274 - Val ROC-AUC: 0.8226 - Val PR-AUC: 0.3561
Epoch 36/100 - Loss: 0.3493 - Val F1: 0.4392 - Val ROC-AUC: 0.8253 - Val PR-AUC: 0.3670
Epoch 37/100 - Loss: 0.3500 - Val F1: 0.4537 - Val ROC-AUC: 0.8195 - Val PR-AUC: 0.3768
Epoch 38/100 - Loss: 0.3429 - Val F1: 0.4464 - Val ROC-AUC: 0.8326 - Val PR-AUC: 0.3645
Epoch 39/100 - Loss: 0.3411 - Val F1: 0.4571 - Val ROC-AUC: 0.8231 - Val PR-AUC: 0.3700
Epoch 40/100 - Loss: 0.3438 - Val F1: 0.4207 - Val ROC-AUC: 0.8201 - Val PR-AUC: 0.3510
Epoch 41/100 - Loss: 0.3386 - Val F1: 0.4595 - Val ROC-AUC: 0.8206 - Val PR-AUC: 0.3577
Epoch 42/100 - Loss: 0.3244 - Val F1: 0.4581 - Val ROC-AUC: 0.8223 - Val PR-AUC: 0.3686
Epoch 43/100 - Loss: 0.3152 - Val F1: 0.4244 - Val ROC-AUC: 0.8210 - Val PR-AUC: 0.3549
Epoch 44/100 - Loss: 0.3226 - Val F1: 0.4334 - Val ROC-AUC: 0.8205 - Val PR-AUC: 0.3633
Epoch 45/100 - Loss: 0.3210 - Val F1: 0.4486 - Val ROC-AUC: 0.8255 - Val PR-AUC: 0.3733
Epoch 46/100 - Loss: 0.3138 - Val F1: 0.4679 - Val ROC-AUC: 0.8241 - Val PR-AUC: 0.3762
Epoch 47/100 - Loss: 0.3003 - Val F1: 0.4399 - Val ROC-AUC: 0.8264 - Val PR-AUC: 0.3774
Epoch 48/100 - Loss: 0.3058 - Val F1: 0.4430 - Val ROC-AUC: 0.8216 - Val PR-AUC: 0.3614
Epoch 49/100 - Loss: 0.3121 - Val F1: 0.4430 - Val ROC-AUC: 0.8216 - Val PR-AUC: 0.3739
Epoch 50/100 - Loss: 0.2983 - Val F1: 0.4487 - Val ROC-AUC: 0.8238 - Val PR-AUC: 0.3734
Epoch 51/100 - Loss: 0.3109 - Val F1: 0.4409 - Val ROC-AUC: 0.8216 - Val PR-AUC: 0.3660
Epoch 52/100 - Loss: 0.2966 - Val F1: 0.4444 - Val ROC-AUC: 0.8234 - Val PR-AUC: 0.3772
Epoch 53/100 - Loss: 0.2923 - Val F1: 0.4592 - Val ROC-AUC: 0.8242 - Val PR-AUC: 0.3655
Epoch 54/100 - Loss: 0.3031 - Val F1: 0.4479 - Val ROC-AUC: 0.8200 - Val PR-AUC: 0.3591
Epoch 55/100 - Loss: 0.2999 - Val F1: 0.4373 - Val ROC-AUC: 0.8230 - Val PR-AUC: 0.3701
Epoch 56/100 - Loss: 0.3092 - Val F1: 0.4479 - Val ROC-AUC: 0.8221 - Val PR-AUC: 0.3675
Epoch 57/100 - Loss: 0.3013 - Val F1: 0.4500 - Val ROC-AUC: 0.8214 - Val PR-AUC: 0.3700
Epoch 58/100 - Loss: 0.2873 - Val F1: 0.4409 - Val ROC-AUC: 0.8200 - Val PR-AUC: 0.3662
Epoch 59/100 - Loss: 0.2890 - Val F1: 0.4389 - Val ROC-AUC: 0.8213 - Val PR-AUC: 0.3718
Epoch 60/100 - Loss: 0.2840 - Val F1: 0.4518 - Val ROC-AUC: 0.8257 - Val PR-AUC: 0.3777
Epoch 61/100 - Loss: 0.2911 - Val F1: 0.4367 - Val ROC-AUC: 0.8208 - Val PR-AUC: 0.3696
Epoch 62/100 - Loss: 0.2794 - Val F1: 0.4498 - Val ROC-AUC: 0.8239 - Val PR-AUC: 0.3702
Epoch 63/100 - Loss: 0.2967 - Val F1: 0.4451 - Val ROC-AUC: 0.8223 - Val PR-AUC: 0.3688
Epoch 64/100 - Loss: 0.2946 - Val F1: 0.4384 - Val ROC-AUC: 0.8241 - Val PR-AUC: 0.3789
Epoch 65/100 - Loss: 0.2872 - Val F1: 0.4482 - Val ROC-AUC: 0.8229 - Val PR-AUC: 0.3703
Epoch 66/100 - Loss: 0.2851 - Val F1: 0.4531 - Val ROC-AUC: 0.8216 - Val PR-AUC: 0.3713
Epoch 67/100 - Loss: 0.2972 - Val F1: 0.4476 - Val ROC-AUC: 0.8237 - Val PR-AUC: 0.3708
Epoch 68/100 - Loss: 0.2832 - Val F1: 0.4389 - Val ROC-AUC: 0.8224 - Val PR-AUC: 0.3694
Epoch 69/100 - Loss: 0.2793 - Val F1: 0.4518 - Val ROC-AUC: 0.8217 - Val PR-AUC: 0.3703
Epoch 70/100 - Loss: 0.2821 - Val F1: 0.4359 - Val ROC-AUC: 0.8248 - Val PR-AUC: 0.3678
Epoch 71/100 - Loss: 0.2843 - Val F1: 0.4500 - Val ROC-AUC: 0.8239 - Val PR-AUC: 0.3716
Epoch 72/100 - Loss: 0.2798 - Val F1: 0.4516 - Val ROC-AUC: 0.8233 - Val PR-AUC: 0.3722
Epoch 73/100 - Loss: 0.2859 - Val F1: 0.4585 - Val ROC-AUC: 0.8262 - Val PR-AUC: 0.3770
Epoch 74/100 - Loss: 0.2731 - Val F1: 0.4479 - Val ROC-AUC: 0.8254 - Val PR-AUC: 0.3719
Epoch 75/100 - Loss: 0.2782 - Val F1: 0.4516 - Val ROC-AUC: 0.8205 - Val PR-AUC: 0.3686
Epoch 76/100 - Loss: 0.2727 - Val F1: 0.4502 - Val ROC-AUC: 0.8241 - Val PR-AUC: 0.3728
Epoch 77/100 - Loss: 0.2862 - Val F1: 0.4444 - Val ROC-AUC: 0.8237 - Val PR-AUC: 0.3743
Epoch 78/100 - Loss: 0.2799 - Val F1: 0.4589 - Val ROC-AUC: 0.8244 - Val PR-AUC: 0.3702
Epoch 79/100 - Loss: 0.2848 - Val F1: 0.4451 - Val ROC-AUC: 0.8236 - Val PR-AUC: 0.3691
Epoch 80/100 - Loss: 0.2789 - Val F1: 0.4459 - Val ROC-AUC: 0.8221 - Val PR-AUC: 0.3676
Epoch 81/100 - Loss: 0.2849 - Val F1: 0.4409 - Val ROC-AUC: 0.8229 - Val PR-AUC: 0.3662
Epoch 82/100 - Loss: 0.2712 - Val F1: 0.4452 - Val ROC-AUC: 0.8243 - Val PR-AUC: 0.3726
Epoch 83/100 - Loss: 0.2766 - Val F1: 0.4479 - Val ROC-AUC: 0.8239 - Val PR-AUC: 0.3663
Epoch 84/100 - Loss: 0.2874 - Val F1: 0.4536 - Val ROC-AUC: 0.8237 - Val PR-AUC: 0.3727
Epoch 85/100 - Loss: 0.2752 - Val F1: 0.4474 - Val ROC-AUC: 0.8238 - Val PR-AUC: 0.3716
Epoch 86/100 - Loss: 0.2770 - Val F1: 0.4516 - Val ROC-AUC: 0.8212 - Val PR-AUC: 0.3632
Epoch 87/100 - Loss: 0.2731 - Val F1: 0.4437 - Val ROC-AUC: 0.8240 - Val PR-AUC: 0.3651
Epoch 88/100 - Loss: 0.2834 - Val F1: 0.4533 - Val ROC-AUC: 0.8233 - Val PR-AUC: 0.3707
Epoch 89/100 - Loss: 0.2767 - Val F1: 0.4416 - Val ROC-AUC: 0.8231 - Val PR-AUC: 0.3724
Epoch 90/100 - Loss: 0.2817 - Val F1: 0.4277 - Val ROC-AUC: 0.8178 - Val PR-AUC: 0.3630
Epoch 91/100 - Loss: 0.2782 - Val F1: 0.4361 - Val ROC-AUC: 0.8200 - Val PR-AUC: 0.3605
Epoch 92/100 - Loss: 0.2816 - Val F1: 0.4495 - Val ROC-AUC: 0.8215 - Val PR-AUC: 0.3702
Epoch 93/100 - Loss: 0.2746 - Val F1: 0.4403 - Val ROC-AUC: 0.8228 - Val PR-AUC: 0.3662
Epoch 94/100 - Loss: 0.2757 - Val F1: 0.4479 - Val ROC-AUC: 0.8225 - Val PR-AUC: 0.3677
Epoch 95/100 - Loss: 0.2652 - Val F1: 0.4459 - Val ROC-AUC: 0.8213 - Val PR-AUC: 0.3669
Epoch 96/100 - Loss: 0.2806 - Val F1: 0.4385 - Val ROC-AUC: 0.8213 - Val PR-AUC: 0.3684
Epoch 97/100 - Loss: 0.2874 - Val F1: 0.4452 - Val ROC-AUC: 0.8218 - Val PR-AUC: 0.3691
Epoch 98/100 - Loss: 0.2850 - Val F1: 0.4381 - Val ROC-AUC: 0.8236 - Val PR-AUC: 0.3696
Epoch 99/100 - Loss: 0.2788 - Val F1: 0.4356 - Val ROC-AUC: 0.8223 - Val PR-AUC: 0.3664
Epoch 100/100 - Loss: 0.2789 - Val F1: 0.4444 - Val ROC-AUC: 0.8215 - Val PR-AUC: 0.3624
Pretraining completed. Test F1: 0.4094, ROC-AUC: 0.8004, PR-AUC: 0.3877
[3/4] Finetuning on TOX21_ERa_BLA_Agonist_ch2 using GIN_GCN...
[Fine-tune] Epoch 1/50 - Loss: 0.5167 - Val F1: 0.2921 - Val ROC-AUC: 0.8595 - Val PR-AUC: 0.3061
[Fine-tune] Epoch 2/50 - Loss: 0.4394 - Val F1: 0.2759 - Val ROC-AUC: 0.8395 - Val PR-AUC: 0.3057
[Fine-tune] Epoch 3/50 - Loss: 0.3892 - Val F1: 0.2741 - Val ROC-AUC: 0.8600 - Val PR-AUC: 0.3646
[Fine-tune] Epoch 4/50 - Loss: 0.3758 - Val F1: 0.3472 - Val ROC-AUC: 0.8671 - Val PR-AUC: 0.3049
[Fine-tune] Epoch 5/50 - Loss: 0.3479 - Val F1: 0.2544 - Val ROC-AUC: 0.8627 - Val PR-AUC: 0.3635
[Fine-tune] Epoch 6/50 - Loss: 0.3266 - Val F1: 0.3273 - Val ROC-AUC: 0.8778 - Val PR-AUC: 0.3355
[Fine-tune] Epoch 7/50 - Loss: 0.3028 - Val F1: 0.4096 - Val ROC-AUC: 0.8704 - Val PR-AUC: 0.3195
[Fine-tune] Epoch 8/50 - Loss: 0.2932 - Val F1: 0.3566 - Val ROC-AUC: 0.8715 - Val PR-AUC: 0.3856
[Fine-tune] Epoch 9/50 - Loss: 0.2767 - Val F1: 0.2979 - Val ROC-AUC: 0.8873 - Val PR-AUC: 0.3736
[Fine-tune] Epoch 10/50 - Loss: 0.2550 - Val F1: 0.2905 - Val ROC-AUC: 0.8588 - Val PR-AUC: 0.3084
[Fine-tune] Epoch 11/50 - Loss: 0.2180 - Val F1: 0.3721 - Val ROC-AUC: 0.8739 - Val PR-AUC: 0.3816
[Fine-tune] Epoch 12/50 - Loss: 0.1916 - Val F1: 0.3529 - Val ROC-AUC: 0.8713 - Val PR-AUC: 0.3120
[Fine-tune] Epoch 13/50 - Loss: 0.1971 - Val F1: 0.3759 - Val ROC-AUC: 0.8545 - Val PR-AUC: 0.3180
[Fine-tune] Epoch 14/50 - Loss: 0.1731 - Val F1: 0.3247 - Val ROC-AUC: 0.8651 - Val PR-AUC: 0.3922
[Fine-tune] Epoch 15/50 - Loss: 0.1796 - Val F1: 0.3556 - Val ROC-AUC: 0.8685 - Val PR-AUC: 0.3284
[Fine-tune] Epoch 16/50 - Loss: 0.1540 - Val F1: 0.3212 - Val ROC-AUC: 0.8391 - Val PR-AUC: 0.2840
[Fine-tune] Epoch 17/50 - Loss: 0.1593 - Val F1: 0.3186 - Val ROC-AUC: 0.8246 - Val PR-AUC: 0.2759
[Fine-tune] Epoch 18/50 - Loss: 0.1579 - Val F1: 0.3967 - Val ROC-AUC: 0.8620 - Val PR-AUC: 0.3566
[Fine-tune] Epoch 19/50 - Loss: 0.1467 - Val F1: 0.3585 - Val ROC-AUC: 0.8515 - Val PR-AUC: 0.3250
[Fine-tune] Epoch 20/50 - Loss: 0.1460 - Val F1: 0.3577 - Val ROC-AUC: 0.8412 - Val PR-AUC: 0.2971
[Fine-tune] Epoch 21/50 - Loss: 0.1280 - Val F1: 0.3519 - Val ROC-AUC: 0.8575 - Val PR-AUC: 0.3404
[Fine-tune] Epoch 22/50 - Loss: 0.1148 - Val F1: 0.3774 - Val ROC-AUC: 0.8462 - Val PR-AUC: 0.3257
[Fine-tune] Epoch 23/50 - Loss: 0.1144 - Val F1: 0.3604 - Val ROC-AUC: 0.8390 - Val PR-AUC: 0.3065
[Fine-tune] Epoch 24/50 - Loss: 0.1064 - Val F1: 0.3889 - Val ROC-AUC: 0.8469 - Val PR-AUC: 0.3142
[Fine-tune] Epoch 25/50 - Loss: 0.1097 - Val F1: 0.3486 - Val ROC-AUC: 0.8447 - Val PR-AUC: 0.3265
[Fine-tune] Epoch 26/50 - Loss: 0.1091 - Val F1: 0.4037 - Val ROC-AUC: 0.8479 - Val PR-AUC: 0.3469
[Fine-tune] Epoch 27/50 - Loss: 0.1041 - Val F1: 0.3664 - Val ROC-AUC: 0.8486 - Val PR-AUC: 0.3396
[Fine-tune] Epoch 28/50 - Loss: 0.0916 - Val F1: 0.3333 - Val ROC-AUC: 0.8348 - Val PR-AUC: 0.3192
[Fine-tune] Epoch 29/50 - Loss: 0.1060 - Val F1: 0.3604 - Val ROC-AUC: 0.8381 - Val PR-AUC: 0.3528
[Fine-tune] Epoch 30/50 - Loss: 0.1006 - Val F1: 0.4038 - Val ROC-AUC: 0.8394 - Val PR-AUC: 0.3009
[Fine-tune] Epoch 31/50 - Loss: 0.0939 - Val F1: 0.3590 - Val ROC-AUC: 0.8491 - Val PR-AUC: 0.3439
[Fine-tune] Epoch 32/50 - Loss: 0.0851 - Val F1: 0.3448 - Val ROC-AUC: 0.8431 - Val PR-AUC: 0.3153
[Fine-tune] Epoch 33/50 - Loss: 0.0925 - Val F1: 0.3363 - Val ROC-AUC: 0.8438 - Val PR-AUC: 0.3195
[Fine-tune] Epoch 34/50 - Loss: 0.0874 - Val F1: 0.3571 - Val ROC-AUC: 0.8458 - Val PR-AUC: 0.3204
[Fine-tune] Epoch 35/50 - Loss: 0.0804 - Val F1: 0.3600 - Val ROC-AUC: 0.8369 - Val PR-AUC: 0.3088
[Fine-tune] Epoch 36/50 - Loss: 0.0806 - Val F1: 0.3200 - Val ROC-AUC: 0.8288 - Val PR-AUC: 0.3069
[Fine-tune] Epoch 37/50 - Loss: 0.0814 - Val F1: 0.3063 - Val ROC-AUC: 0.8336 - Val PR-AUC: 0.2878
[Fine-tune] Epoch 38/50 - Loss: 0.0796 - Val F1: 0.3208 - Val ROC-AUC: 0.8311 - Val PR-AUC: 0.3022
[Fine-tune] Epoch 39/50 - Loss: 0.0885 - Val F1: 0.3178 - Val ROC-AUC: 0.8286 - Val PR-AUC: 0.3031
[Fine-tune] Epoch 40/50 - Loss: 0.0799 - Val F1: 0.3063 - Val ROC-AUC: 0.8210 - Val PR-AUC: 0.2938
[Fine-tune] Epoch 41/50 - Loss: 0.0710 - Val F1: 0.3469 - Val ROC-AUC: 0.8262 - Val PR-AUC: 0.3104
[Fine-tune] Epoch 42/50 - Loss: 0.0717 - Val F1: 0.3600 - Val ROC-AUC: 0.8341 - Val PR-AUC: 0.3262
[Fine-tune] Epoch 43/50 - Loss: 0.0690 - Val F1: 0.3200 - Val ROC-AUC: 0.8205 - Val PR-AUC: 0.3140
[Fine-tune] Epoch 44/50 - Loss: 0.0699 - Val F1: 0.3434 - Val ROC-AUC: 0.8354 - Val PR-AUC: 0.3143
[Fine-tune] Epoch 45/50 - Loss: 0.0747 - Val F1: 0.3434 - Val ROC-AUC: 0.8260 - Val PR-AUC: 0.3121
[Fine-tune] Epoch 46/50 - Loss: 0.0699 - Val F1: 0.3238 - Val ROC-AUC: 0.8251 - Val PR-AUC: 0.3206
[Fine-tune] Epoch 47/50 - Loss: 0.0693 - Val F1: 0.3200 - Val ROC-AUC: 0.8249 - Val PR-AUC: 0.2937
[Fine-tune] Epoch 48/50 - Loss: 0.0697 - Val F1: 0.3148 - Val ROC-AUC: 0.8278 - Val PR-AUC: 0.3145
[Fine-tune] Epoch 49/50 - Loss: 0.0706 - Val F1: 0.3429 - Val ROC-AUC: 0.8260 - Val PR-AUC: 0.3160
[Fine-tune] Epoch 50/50 - Loss: 0.0662 - Val F1: 0.3178 - Val ROC-AUC: 0.8323 - Val PR-AUC: 0.3078
Finetuning completed. Test F1: 0.2857, ROC-AUC: 0.7853, PR-AUC: 0.2215
[3.1/4] Target-only training on TOX21_ERa_BLA_Agonist_ch2 using GIN_GCN...
=== Target-only training ===
[Target-only] Epoch 1/50 – Loss: 0.5476  Val F1: 0.1908  ROC-AUC: 0.8053  PR-AUC: 0.2722
[Target-only] Epoch 2/50 – Loss: 0.5217  Val F1: 0.1905  ROC-AUC: 0.8094  PR-AUC: 0.3035
[Target-only] Epoch 3/50 – Loss: 0.4653  Val F1: 0.1847  ROC-AUC: 0.7899  PR-AUC: 0.2074
[Target-only] Epoch 4/50 – Loss: 0.4598  Val F1: 0.2842  ROC-AUC: 0.8219  PR-AUC: 0.3062
[Target-only] Epoch 5/50 – Loss: 0.4170  Val F1: 0.3158  ROC-AUC: 0.8468  PR-AUC: 0.3416
[Target-only] Epoch 6/50 – Loss: 0.4124  Val F1: 0.2533  ROC-AUC: 0.8517  PR-AUC: 0.3448
[Target-only] Epoch 7/50 – Loss: 0.3863  Val F1: 0.2459  ROC-AUC: 0.8489  PR-AUC: 0.3178
[Target-only] Epoch 8/50 – Loss: 0.3638  Val F1: 0.2887  ROC-AUC: 0.8695  PR-AUC: 0.3607
[Target-only] Epoch 9/50 – Loss: 0.3636  Val F1: 0.3276  ROC-AUC: 0.8091  PR-AUC: 0.3070
[Target-only] Epoch 10/50 – Loss: 0.3398  Val F1: 0.3418  ROC-AUC: 0.8404  PR-AUC: 0.3225
[Target-only] Epoch 11/50 – Loss: 0.2916  Val F1: 0.2857  ROC-AUC: 0.8286  PR-AUC: 0.3613
[Target-only] Epoch 12/50 – Loss: 0.2846  Val F1: 0.2660  ROC-AUC: 0.8468  PR-AUC: 0.4072
[Target-only] Epoch 13/50 – Loss: 0.2712  Val F1: 0.2919  ROC-AUC: 0.8482  PR-AUC: 0.2982
[Target-only] Epoch 14/50 – Loss: 0.2533  Val F1: 0.2987  ROC-AUC: 0.8305  PR-AUC: 0.3097
[Target-only] Epoch 15/50 – Loss: 0.2392  Val F1: 0.2781  ROC-AUC: 0.8492  PR-AUC: 0.3936
[Target-only] Epoch 16/50 – Loss: 0.2382  Val F1: 0.2938  ROC-AUC: 0.8542  PR-AUC: 0.3594
[Target-only] Epoch 17/50 – Loss: 0.2327  Val F1: 0.3966  ROC-AUC: 0.8413  PR-AUC: 0.3621
[Target-only] Epoch 18/50 – Loss: 0.2226  Val F1: 0.3309  ROC-AUC: 0.8287  PR-AUC: 0.3681
[Target-only] Epoch 19/50 – Loss: 0.2138  Val F1: 0.3448  ROC-AUC: 0.8297  PR-AUC: 0.3107
[Target-only] Epoch 20/50 – Loss: 0.2143  Val F1: 0.3067  ROC-AUC: 0.8334  PR-AUC: 0.3174
[Target-only] Epoch 21/50 – Loss: 0.1816  Val F1: 0.3667  ROC-AUC: 0.8309  PR-AUC: 0.3243
[Target-only] Epoch 22/50 – Loss: 0.1649  Val F1: 0.3212  ROC-AUC: 0.8335  PR-AUC: 0.3489
[Target-only] Epoch 23/50 – Loss: 0.1666  Val F1: 0.3438  ROC-AUC: 0.8454  PR-AUC: 0.3689
[Target-only] Epoch 24/50 – Loss: 0.1453  Val F1: 0.3443  ROC-AUC: 0.8457  PR-AUC: 0.3341
[Target-only] Epoch 25/50 – Loss: 0.1657  Val F1: 0.3425  ROC-AUC: 0.8460  PR-AUC: 0.3503
[Target-only] Epoch 26/50 – Loss: 0.1475  Val F1: 0.3226  ROC-AUC: 0.8198  PR-AUC: 0.3378
[Target-only] Epoch 27/50 – Loss: 0.1549  Val F1: 0.3182  ROC-AUC: 0.8387  PR-AUC: 0.3693
[Target-only] Epoch 28/50 – Loss: 0.1515  Val F1: 0.3387  ROC-AUC: 0.8461  PR-AUC: 0.3367
[Target-only] Epoch 29/50 – Loss: 0.1427  Val F1: 0.3148  ROC-AUC: 0.8162  PR-AUC: 0.3329
[Target-only] Epoch 30/50 – Loss: 0.1405  Val F1: 0.3604  ROC-AUC: 0.8491  PR-AUC: 0.3636
[Target-only] Epoch 31/50 – Loss: 0.1238  Val F1: 0.3448  ROC-AUC: 0.8336  PR-AUC: 0.3585
[Target-only] Epoch 32/50 – Loss: 0.1201  Val F1: 0.3175  ROC-AUC: 0.8248  PR-AUC: 0.3498
[Target-only] Epoch 33/50 – Loss: 0.1111  Val F1: 0.3774  ROC-AUC: 0.8245  PR-AUC: 0.3524
[Target-only] Epoch 34/50 – Loss: 0.1176  Val F1: 0.3654  ROC-AUC: 0.8207  PR-AUC: 0.3176
[Target-only] Epoch 35/50 – Loss: 0.1169  Val F1: 0.3469  ROC-AUC: 0.8225  PR-AUC: 0.3258
[Target-only] Epoch 36/50 – Loss: 0.1111  Val F1: 0.3396  ROC-AUC: 0.8258  PR-AUC: 0.3244
[Target-only] Epoch 37/50 – Loss: 0.1019  Val F1: 0.3423  ROC-AUC: 0.8302  PR-AUC: 0.3123
[Target-only] Epoch 38/50 – Loss: 0.1131  Val F1: 0.3396  ROC-AUC: 0.8302  PR-AUC: 0.3272
[Target-only] Epoch 39/50 – Loss: 0.0948  Val F1: 0.3529  ROC-AUC: 0.8397  PR-AUC: 0.3349
[Target-only] Epoch 40/50 – Loss: 0.1045  Val F1: 0.3252  ROC-AUC: 0.8390  PR-AUC: 0.3394
[Target-only] Epoch 41/50 – Loss: 0.1033  Val F1: 0.3670  ROC-AUC: 0.8428  PR-AUC: 0.3353
[Target-only] Epoch 42/50 – Loss: 0.0836  Val F1: 0.3469  ROC-AUC: 0.8254  PR-AUC: 0.3125
[Target-only] Epoch 43/50 – Loss: 0.0953  Val F1: 0.3673  ROC-AUC: 0.8268  PR-AUC: 0.3193
[Target-only] Epoch 44/50 – Loss: 0.0951  Val F1: 0.3600  ROC-AUC: 0.8265  PR-AUC: 0.3176
[Target-only] Epoch 45/50 – Loss: 0.0945  Val F1: 0.3462  ROC-AUC: 0.8281  PR-AUC: 0.2992
[Target-only] Epoch 46/50 – Loss: 0.0894  Val F1: 0.3711  ROC-AUC: 0.8309  PR-AUC: 0.3334
[Target-only] Epoch 47/50 – Loss: 0.0888  Val F1: 0.3519  ROC-AUC: 0.8243  PR-AUC: 0.3066
[Target-only] Epoch 48/50 – Loss: 0.0898  Val F1: 0.3711  ROC-AUC: 0.8301  PR-AUC: 0.3170
[Target-only] Epoch 49/50 – Loss: 0.0855  Val F1: 0.3762  ROC-AUC: 0.8288  PR-AUC: 0.3136
[Target-only] Epoch 50/50 – Loss: 0.0858  Val F1: 0.3738  ROC-AUC: 0.8266  PR-AUC: 0.3163
=== Target-only TEST performance ===
Test F1: 0.2710, ROC-AUC: 0.7792, PR-AUC: 0.2551
✅ 실험 완료: TOX21_ERa_BLA_Antagonist_ratio -> TOX21_ERa_BLA_Agonist_ch2 [GIN_GCN]
