[10:55:06] Can't kekulize mol.  Unkekulized atoms: 1 2 3 4 5
[10:55:07] Explicit valence for atom # 0 Cl, 2, is greater than permitted
[10:55:07] Can't kekulize mol.  Unkekulized atoms: 3 4 5 6 7
[10:55:08] Can't kekulize mol.  Unkekulized atoms: 3 4 5 6 7
[10:55:08] WARNING: not removing hydrogen atom without neighbors
[10:55:10] Explicit valence for atom # 3 Si, 8, is greater than permitted
[10:55:11] Can't kekulize mol.  Unkekulized atoms: 1 2 3 4 5
[10:55:11] Can't kekulize mol.  Unkekulized atoms: 3 4 5 6 7
[10:55:11] Can't kekulize mol.  Unkekulized atoms: 1 2 3 4 5
[10:55:11] WARNING: not removing hydrogen atom without neighbors
[10:55:12] Can't kekulize mol.  Unkekulized atoms: 1 2 3 4 5
[10:55:12] Explicit valence for atom # 6 O, 3, is greater than permitted
[10:55:12] Explicit valence for atom # 3 Si, 8, is greater than permitted
[10:55:12] Explicit valence for atom # 0 Cl, 2, is greater than permitted
[10:57:42] Can't kekulize mol.  Unkekulized atoms: 1 2 3 4 5
[10:57:42] Explicit valence for atom # 0 Cl, 2, is greater than permitted
[10:57:43] Can't kekulize mol.  Unkekulized atoms: 3 4 5 6 7
[10:57:44] Can't kekulize mol.  Unkekulized atoms: 3 4 5 6 7
[10:57:44] WARNING: not removing hydrogen atom without neighbors
[10:57:46] Explicit valence for atom # 3 Si, 8, is greater than permitted
[10:57:46] Can't kekulize mol.  Unkekulized atoms: 1 2 3 4 5
[10:57:46] Can't kekulize mol.  Unkekulized atoms: 3 4 5 6 7
[10:57:47] Can't kekulize mol.  Unkekulized atoms: 1 2 3 4 5
[10:57:47] WARNING: not removing hydrogen atom without neighbors
[10:57:47] Can't kekulize mol.  Unkekulized atoms: 1 2 3 4 5
[10:57:48] Explicit valence for atom # 6 O, 3, is greater than permitted
[10:57:48] Explicit valence for atom # 3 Si, 8, is greater than permitted
[10:57:48] Explicit valence for atom # 0 Cl, 2, is greater than permitted
[10:59:06] Can't kekulize mol.  Unkekulized atoms: 1 2 3 4 5
[10:59:06] Explicit valence for atom # 0 Cl, 2, is greater than permitted
[10:59:07] Can't kekulize mol.  Unkekulized atoms: 3 4 5 6 7
[10:59:08] Can't kekulize mol.  Unkekulized atoms: 3 4 5 6 7
[10:59:08] WARNING: not removing hydrogen atom without neighbors
[10:59:10] Explicit valence for atom # 3 Si, 8, is greater than permitted
[10:59:10] Can't kekulize mol.  Unkekulized atoms: 1 2 3 4 5
[10:59:10] Can't kekulize mol.  Unkekulized atoms: 3 4 5 6 7
[10:59:11] Can't kekulize mol.  Unkekulized atoms: 1 2 3 4 5
[10:59:11] WARNING: not removing hydrogen atom without neighbors
[10:59:11] Can't kekulize mol.  Unkekulized atoms: 1 2 3 4 5
[10:59:11] Explicit valence for atom # 6 O, 3, is greater than permitted
[10:59:12] Explicit valence for atom # 3 Si, 8, is greater than permitted
[10:59:12] Explicit valence for atom # 0 Cl, 2, is greater than permitted
