[11:01:44] Can't kekulize mol.  Unkekulized atoms: 1 2 3 4 5
[11:01:44] Explicit valence for atom # 0 Cl, 2, is greater than permitted
[11:01:45] Can't kekulize mol.  Unkekulized atoms: 3 4 5 6 7
[11:01:46] Can't kekulize mol.  Unkekulized atoms: 3 4 5 6 7
[11:01:46] WARNING: not removing hydrogen atom without neighbors
[11:01:48] Explicit valence for atom # 3 Si, 8, is greater than permitted
[11:01:48] Can't kekulize mol.  Unkekulized atoms: 1 2 3 4 5
[11:01:48] Can't kekulize mol.  Unkekulized atoms: 3 4 5 6 7
[11:01:49] Can't kekulize mol.  Unkekulized atoms: 1 2 3 4 5
[11:01:49] WARNING: not removing hydrogen atom without neighbors
[11:01:49] Can't kekulize mol.  Unkekulized atoms: 1 2 3 4 5
[11:01:50] Explicit valence for atom # 6 O, 3, is greater than permitted
[11:01:50] Explicit valence for atom # 3 Si, 8, is greater than permitted
[11:01:50] Explicit valence for atom # 0 Cl, 2, is greater than permitted
[11:04:20] Can't kekulize mol.  Unkekulized atoms: 1 2 3 4 5
[11:04:20] Explicit valence for atom # 0 Cl, 2, is greater than permitted
[11:04:21] Can't kekulize mol.  Unkekulized atoms: 3 4 5 6 7
[11:04:21] Can't kekulize mol.  Unkekulized atoms: 3 4 5 6 7
[11:04:24] Can't kekulize mol.  Unkekulized atoms: 1 2 3 4 5
[11:04:24] Can't kekulize mol.  Unkekulized atoms: 3 4 5 6 7
[11:04:24] Can't kekulize mol.  Unkekulized atoms: 1 2 3 4 5
[11:04:24] WARNING: not removing hydrogen atom without neighbors
[11:04:25] Can't kekulize mol.  Unkekulized atoms: 1 2 3 4 5
[11:04:25] Explicit valence for atom # 6 O, 3, is greater than permitted
[11:04:25] Explicit valence for atom # 3 Si, 8, is greater than permitted
[11:04:25] Explicit valence for atom # 0 Cl, 2, is greater than permitted
[11:05:42] Can't kekulize mol.  Unkekulized atoms: 1 2 3 4 5
[11:05:42] Explicit valence for atom # 0 Cl, 2, is greater than permitted
[11:05:43] Can't kekulize mol.  Unkekulized atoms: 3 4 5 6 7
[11:05:43] Can't kekulize mol.  Unkekulized atoms: 3 4 5 6 7
[11:05:46] Can't kekulize mol.  Unkekulized atoms: 1 2 3 4 5
[11:05:46] Can't kekulize mol.  Unkekulized atoms: 3 4 5 6 7
[11:05:46] Can't kekulize mol.  Unkekulized atoms: 1 2 3 4 5
[11:05:46] WARNING: not removing hydrogen atom without neighbors
[11:05:47] Can't kekulize mol.  Unkekulized atoms: 1 2 3 4 5
[11:05:47] Explicit valence for atom # 6 O, 3, is greater than permitted
[11:05:47] Explicit valence for atom # 3 Si, 8, is greater than permitted
[11:05:47] Explicit valence for atom # 0 Cl, 2, is greater than permitted
