[1/4] Excel → CSV 변환 중...
Saved pretrain CSV for TOX21_ERa_BLA_Antagonist_ratio: data/sample/TOX21_ERa_BLA_Antagonist_ratio.csv
Saved pretrain CSV for TOX21_ERa_LUC_VM7_Agonist: data/sample/TOX21_ERa_LUC_VM7_Agonist.csv
Saved pretrain CSV for TOX21_ERa_BLA_Antagonist_viability: data/sample/TOX21_ERa_BLA_Antagonist_viability.csv
Saved pretrain CSV for TOX21_ERa_LUC_VM7_Antagonist_0.5nM_E2: data/sample/TOX21_ERa_LUC_VM7_Antagonist_0.5nM_E2.csv
Saved pretrain CSV for TOX21_ERa_BLA_Antagonist_ch2: data/sample/TOX21_ERa_BLA_Antagonist_ch2.csv
Saved pretrain CSV for TOX21_ERa_BLA_Antagonist_ch1: data/sample/TOX21_ERa_BLA_Antagonist_ch1.csv
Saved pretrain CSV for TOX21_ERa_LUC_VM7_Antagonist_0.5nM_E2_viability: data/sample/TOX21_ERa_LUC_VM7_Antagonist_0.5nM_E2_viability.csv
Saved pretrain CSV for TOX21_ERa_BLA_Agonist_ch2: data/sample/TOX21_ERa_BLA_Agonist_ch2.csv
Saved pretrain CSV for TOX21_ERa_BLA_Agonist_ch1: data/sample/TOX21_ERa_BLA_Agonist_ch1.csv
Saved pretrain CSV for TOX21_ERa_BLA_Agonist_ratio: data/sample/TOX21_ERa_BLA_Agonist_ratio.csv
Saved pretrain CSV for TOX21_ERb_BLA_Antagonist_ch1: data/sample/TOX21_ERb_BLA_Antagonist_ch1.csv
Saved pretrain CSV for TOX21_ERb_BLA_Antagonist_ch2: data/sample/TOX21_ERb_BLA_Antagonist_ch2.csv
Saved pretrain CSV for TOX21_ERb_BLA_Agonist_viability: data/sample/TOX21_ERb_BLA_Agonist_viability.csv
Saved pretrain CSV for TOX21_ERb_BLA_Agonist_ratio: data/sample/TOX21_ERb_BLA_Agonist_ratio.csv
Saved pretrain CSV for TOX21_ERb_BLA_Agonist_ch2: data/sample/TOX21_ERb_BLA_Agonist_ch2.csv
Saved pretrain CSV for TOX21_ERb_BLA_Agonist_ch1: data/sample/TOX21_ERb_BLA_Agonist_ch1.csv
Saved pretrain CSV for TOX21_ERR_LUC_Agonist: data/sample/TOX21_ERR_LUC_Agonist.csv
Saved pretrain CSV for TOX21_ERa_LUC_VM7_Agonist_10nM_ICI182780_viability: data/sample/TOX21_ERa_LUC_VM7_Agonist_10nM_ICI182780_viability.csv
Saved pretrain CSV for TOX21_ERa_LUC_VM7_Antagonist_0.1nM_E2: data/sample/TOX21_ERa_LUC_VM7_Antagonist_0.1nM_E2.csv
Saved pretrain CSV for TOX21_ERb_BLA_Antagonist_ratio: data/sample/TOX21_ERb_BLA_Antagonist_ratio.csv
Saved pretrain CSV for TOX21_ERa_LUC_VM7_Agonist_10nM_ICI182780: data/sample/TOX21_ERa_LUC_VM7_Agonist_10nM_ICI182780.csv
Saved pretrain CSV for TOX21_ERR_LUC_viability: data/sample/TOX21_ERR_LUC_viability.csv
Saved pretrain CSV for TOX21_ERR_LUC_Antagonist: data/sample/TOX21_ERR_LUC_Antagonist.csv
Saved pretrain CSV for TOX21_ERa_LUC_VM7_Antagonist_0.1nM_E2_viability: data/sample/TOX21_ERa_LUC_VM7_Antagonist_0.1nM_E2_viability.csv
Saved pretrain CSV for TOX21_ERb_BLA_Antagonist_viability: data/sample/TOX21_ERb_BLA_Antagonist_viability.csv
Saved finetune CSV for TOX21_ERa_BLA_Antagonist_ratio: data/sample/TOX21_ERa_BLA_Antagonist_ratio.csv
Saved finetune CSV for TOX21_ERa_LUC_VM7_Agonist: data/sample/TOX21_ERa_LUC_VM7_Agonist.csv
Saved finetune CSV for TOX21_ERa_BLA_Antagonist_viability: data/sample/TOX21_ERa_BLA_Antagonist_viability.csv
Saved finetune CSV for TOX21_ERa_LUC_VM7_Antagonist_0.5nM_E2: data/sample/TOX21_ERa_LUC_VM7_Antagonist_0.5nM_E2.csv
Saved finetune CSV for TOX21_ERa_BLA_Antagonist_ch2: data/sample/TOX21_ERa_BLA_Antagonist_ch2.csv
Saved finetune CSV for TOX21_ERa_BLA_Antagonist_ch1: data/sample/TOX21_ERa_BLA_Antagonist_ch1.csv
Saved finetune CSV for TOX21_ERa_LUC_VM7_Antagonist_0.5nM_E2_viability: data/sample/TOX21_ERa_LUC_VM7_Antagonist_0.5nM_E2_viability.csv
Saved finetune CSV for TOX21_ERa_BLA_Agonist_ch2: data/sample/TOX21_ERa_BLA_Agonist_ch2.csv
Saved finetune CSV for TOX21_ERa_BLA_Agonist_ch1: data/sample/TOX21_ERa_BLA_Agonist_ch1.csv
Saved finetune CSV for TOX21_ERa_BLA_Agonist_ratio: data/sample/TOX21_ERa_BLA_Agonist_ratio.csv
Saved finetune CSV for TOX21_ERb_BLA_Antagonist_ch1: data/sample/TOX21_ERb_BLA_Antagonist_ch1.csv
Saved finetune CSV for TOX21_ERb_BLA_Antagonist_ch2: data/sample/TOX21_ERb_BLA_Antagonist_ch2.csv
Saved finetune CSV for TOX21_ERb_BLA_Agonist_viability: data/sample/TOX21_ERb_BLA_Agonist_viability.csv
Saved finetune CSV for TOX21_ERb_BLA_Agonist_ratio: data/sample/TOX21_ERb_BLA_Agonist_ratio.csv
Saved finetune CSV for TOX21_ERb_BLA_Agonist_ch2: data/sample/TOX21_ERb_BLA_Agonist_ch2.csv
Saved finetune CSV for TOX21_ERb_BLA_Agonist_ch1: data/sample/TOX21_ERb_BLA_Agonist_ch1.csv
Saved finetune CSV for TOX21_ERR_LUC_Agonist: data/sample/TOX21_ERR_LUC_Agonist.csv
Saved finetune CSV for TOX21_ERa_LUC_VM7_Agonist_10nM_ICI182780_viability: data/sample/TOX21_ERa_LUC_VM7_Agonist_10nM_ICI182780_viability.csv
Saved finetune CSV for TOX21_ERa_LUC_VM7_Antagonist_0.1nM_E2: data/sample/TOX21_ERa_LUC_VM7_Antagonist_0.1nM_E2.csv
Saved finetune CSV for TOX21_ERb_BLA_Antagonist_ratio: data/sample/TOX21_ERb_BLA_Antagonist_ratio.csv
Saved finetune CSV for TOX21_ERa_LUC_VM7_Agonist_10nM_ICI182780: data/sample/TOX21_ERa_LUC_VM7_Agonist_10nM_ICI182780.csv
Saved finetune CSV for TOX21_ERR_LUC_viability: data/sample/TOX21_ERR_LUC_viability.csv
Saved finetune CSV for TOX21_ERR_LUC_Antagonist: data/sample/TOX21_ERR_LUC_Antagonist.csv
Saved finetune CSV for TOX21_ERa_LUC_VM7_Antagonist_0.1nM_E2_viability: data/sample/TOX21_ERa_LUC_VM7_Antagonist_0.1nM_E2_viability.csv
Saved finetune CSV for TOX21_ERb_BLA_Antagonist_viability: data/sample/TOX21_ERb_BLA_Antagonist_viability.csv
[2/4] Pretraining on TOX21_ERa_BLA_Antagonist_viability using GIN_GCN...
Epoch 1/100 - Loss: 0.5777 - Val F1: 0.1250 - Val ROC-AUC: 0.7116 - Val PR-AUC: 0.0941
Epoch 2/100 - Loss: 0.4984 - Val F1: 0.1280 - Val ROC-AUC: 0.7592 - Val PR-AUC: 0.1317
Epoch 3/100 - Loss: 0.4543 - Val F1: 0.1218 - Val ROC-AUC: 0.7756 - Val PR-AUC: 0.1991
Epoch 4/100 - Loss: 0.4293 - Val F1: 0.1760 - Val ROC-AUC: 0.7641 - Val PR-AUC: 0.1600
Epoch 5/100 - Loss: 0.3955 - Val F1: 0.1624 - Val ROC-AUC: 0.7502 - Val PR-AUC: 0.1506
Epoch 6/100 - Loss: 0.3731 - Val F1: 0.1604 - Val ROC-AUC: 0.7750 - Val PR-AUC: 0.1851
Epoch 7/100 - Loss: 0.3510 - Val F1: 0.1660 - Val ROC-AUC: 0.7535 - Val PR-AUC: 0.1514
Epoch 8/100 - Loss: 0.3243 - Val F1: 0.1702 - Val ROC-AUC: 0.7489 - Val PR-AUC: 0.1273
Epoch 9/100 - Loss: 0.3209 - Val F1: 0.1739 - Val ROC-AUC: 0.7421 - Val PR-AUC: 0.1188
Epoch 10/100 - Loss: 0.3030 - Val F1: 0.2011 - Val ROC-AUC: 0.7669 - Val PR-AUC: 0.1401
Epoch 11/100 - Loss: 0.2638 - Val F1: 0.1745 - Val ROC-AUC: 0.7622 - Val PR-AUC: 0.1809
Epoch 12/100 - Loss: 0.2545 - Val F1: 0.1757 - Val ROC-AUC: 0.7695 - Val PR-AUC: 0.1519
Epoch 13/100 - Loss: 0.2354 - Val F1: 0.1928 - Val ROC-AUC: 0.7591 - Val PR-AUC: 0.1633
Epoch 14/100 - Loss: 0.2422 - Val F1: 0.1829 - Val ROC-AUC: 0.7677 - Val PR-AUC: 0.1472
Epoch 15/100 - Loss: 0.2288 - Val F1: 0.2185 - Val ROC-AUC: 0.7820 - Val PR-AUC: 0.1705
Epoch 16/100 - Loss: 0.2055 - Val F1: 0.1890 - Val ROC-AUC: 0.7437 - Val PR-AUC: 0.1557
Epoch 17/100 - Loss: 0.2191 - Val F1: 0.1667 - Val ROC-AUC: 0.7296 - Val PR-AUC: 0.1482
Epoch 18/100 - Loss: 0.2030 - Val F1: 0.2131 - Val ROC-AUC: 0.7559 - Val PR-AUC: 0.1404
Epoch 19/100 - Loss: 0.2004 - Val F1: 0.2157 - Val ROC-AUC: 0.7398 - Val PR-AUC: 0.1827
Epoch 20/100 - Loss: 0.1857 - Val F1: 0.1800 - Val ROC-AUC: 0.7358 - Val PR-AUC: 0.1337
Epoch 21/100 - Loss: 0.1627 - Val F1: 0.1754 - Val ROC-AUC: 0.7431 - Val PR-AUC: 0.1290
Epoch 22/100 - Loss: 0.1740 - Val F1: 0.2185 - Val ROC-AUC: 0.7335 - Val PR-AUC: 0.1970
Epoch 23/100 - Loss: 0.1702 - Val F1: 0.1760 - Val ROC-AUC: 0.7422 - Val PR-AUC: 0.1568
Epoch 24/100 - Loss: 0.1483 - Val F1: 0.1942 - Val ROC-AUC: 0.7485 - Val PR-AUC: 0.1553
Epoch 25/100 - Loss: 0.1417 - Val F1: 0.2476 - Val ROC-AUC: 0.7559 - Val PR-AUC: 0.1720
Epoch 26/100 - Loss: 0.1381 - Val F1: 0.2124 - Val ROC-AUC: 0.7665 - Val PR-AUC: 0.1740
Epoch 27/100 - Loss: 0.1457 - Val F1: 0.1774 - Val ROC-AUC: 0.7332 - Val PR-AUC: 0.1340
Epoch 28/100 - Loss: 0.1255 - Val F1: 0.1980 - Val ROC-AUC: 0.7515 - Val PR-AUC: 0.1952
Epoch 29/100 - Loss: 0.1388 - Val F1: 0.1739 - Val ROC-AUC: 0.7292 - Val PR-AUC: 0.1620
Epoch 30/100 - Loss: 0.1387 - Val F1: 0.1915 - Val ROC-AUC: 0.7516 - Val PR-AUC: 0.1307
Epoch 31/100 - Loss: 0.1210 - Val F1: 0.1935 - Val ROC-AUC: 0.7622 - Val PR-AUC: 0.1926
Epoch 32/100 - Loss: 0.1129 - Val F1: 0.2478 - Val ROC-AUC: 0.7765 - Val PR-AUC: 0.1648
Epoch 33/100 - Loss: 0.1078 - Val F1: 0.2149 - Val ROC-AUC: 0.7720 - Val PR-AUC: 0.1540
Epoch 34/100 - Loss: 0.1163 - Val F1: 0.2400 - Val ROC-AUC: 0.7531 - Val PR-AUC: 0.1569
Epoch 35/100 - Loss: 0.1008 - Val F1: 0.2385 - Val ROC-AUC: 0.7546 - Val PR-AUC: 0.1702
Epoch 36/100 - Loss: 0.1030 - Val F1: 0.2247 - Val ROC-AUC: 0.7565 - Val PR-AUC: 0.1711
Epoch 37/100 - Loss: 0.1001 - Val F1: 0.2136 - Val ROC-AUC: 0.7446 - Val PR-AUC: 0.1577
Epoch 38/100 - Loss: 0.1027 - Val F1: 0.2456 - Val ROC-AUC: 0.7671 - Val PR-AUC: 0.1692
Epoch 39/100 - Loss: 0.0925 - Val F1: 0.2292 - Val ROC-AUC: 0.7486 - Val PR-AUC: 0.1517
Epoch 40/100 - Loss: 0.0882 - Val F1: 0.2588 - Val ROC-AUC: 0.7561 - Val PR-AUC: 0.1792
Epoch 41/100 - Loss: 0.0945 - Val F1: 0.2500 - Val ROC-AUC: 0.7658 - Val PR-AUC: 0.1687
Epoch 42/100 - Loss: 0.0856 - Val F1: 0.2078 - Val ROC-AUC: 0.7561 - Val PR-AUC: 0.1778
Epoch 43/100 - Loss: 0.0875 - Val F1: 0.2474 - Val ROC-AUC: 0.7602 - Val PR-AUC: 0.1644
Epoch 44/100 - Loss: 0.0855 - Val F1: 0.2174 - Val ROC-AUC: 0.7540 - Val PR-AUC: 0.1643
Epoch 45/100 - Loss: 0.0851 - Val F1: 0.2472 - Val ROC-AUC: 0.7502 - Val PR-AUC: 0.1731
Epoch 46/100 - Loss: 0.0801 - Val F1: 0.2609 - Val ROC-AUC: 0.7514 - Val PR-AUC: 0.1591
Epoch 47/100 - Loss: 0.0849 - Val F1: 0.2857 - Val ROC-AUC: 0.7601 - Val PR-AUC: 0.1664
Epoch 48/100 - Loss: 0.0895 - Val F1: 0.2529 - Val ROC-AUC: 0.7627 - Val PR-AUC: 0.1604
Epoch 49/100 - Loss: 0.0729 - Val F1: 0.2391 - Val ROC-AUC: 0.7612 - Val PR-AUC: 0.1605
Epoch 50/100 - Loss: 0.0803 - Val F1: 0.2667 - Val ROC-AUC: 0.7533 - Val PR-AUC: 0.1715
