[11:02:04] Can't kekulize mol.  Unkekulized atoms: 1 2 3 4 5
[11:02:05] Explicit valence for atom # 0 Cl, 2, is greater than permitted
[11:02:06] Can't kekulize mol.  Unkekulized atoms: 3 4 5 6 7
[11:02:06] Can't kekulize mol.  Unkekulized atoms: 3 4 5 6 7
[11:02:07] WARNING: not removing hydrogen atom without neighbors
[11:02:08] Explicit valence for atom # 3 Si, 8, is greater than permitted
[11:02:09] Can't kekulize mol.  Unkekulized atoms: 1 2 3 4 5
[11:02:09] Can't kekulize mol.  Unkekulized atoms: 3 4 5 6 7
[11:02:09] Can't kekulize mol.  Unkekulized atoms: 1 2 3 4 5
[11:02:09] WARNING: not removing hydrogen atom without neighbors
[11:02:10] Can't kekulize mol.  Unkekulized atoms: 1 2 3 4 5
[11:02:10] Explicit valence for atom # 6 O, 3, is greater than permitted
[11:02:10] Explicit valence for atom # 3 Si, 8, is greater than permitted
[11:02:10] Explicit valence for atom # 0 Cl, 2, is greater than permitted
[11:04:37] Can't kekulize mol.  Unkekulized atoms: 1 2 3 4 5
[11:04:37] Explicit valence for atom # 0 Cl, 2, is greater than permitted
[11:04:38] Can't kekulize mol.  Unkekulized atoms: 3 4 5 6 7
[11:04:39] Can't kekulize mol.  Unkekulized atoms: 3 4 5 6 7
[11:04:41] Can't kekulize mol.  Unkekulized atoms: 1 2 3 4 5
[11:04:41] Can't kekulize mol.  Unkekulized atoms: 3 4 5 6 7
[11:04:42] Can't kekulize mol.  Unkekulized atoms: 1 2 3 4 5
[11:04:42] WARNING: not removing hydrogen atom without neighbors
[11:04:42] Can't kekulize mol.  Unkekulized atoms: 1 2 3 4 5
[11:04:42] Explicit valence for atom # 6 O, 3, is greater than permitted
[11:04:42] Explicit valence for atom # 3 Si, 8, is greater than permitted
[11:04:42] Explicit valence for atom # 0 Cl, 2, is greater than permitted
[11:05:57] Can't kekulize mol.  Unkekulized atoms: 1 2 3 4 5
[11:05:58] Explicit valence for atom # 0 Cl, 2, is greater than permitted
[11:05:59] Can't kekulize mol.  Unkekulized atoms: 3 4 5 6 7
[11:05:59] Can't kekulize mol.  Unkekulized atoms: 3 4 5 6 7
[11:06:01] Can't kekulize mol.  Unkekulized atoms: 1 2 3 4 5
[11:06:01] Can't kekulize mol.  Unkekulized atoms: 3 4 5 6 7
[11:06:02] Can't kekulize mol.  Unkekulized atoms: 1 2 3 4 5
[11:06:02] WARNING: not removing hydrogen atom without neighbors
[11:06:02] Can't kekulize mol.  Unkekulized atoms: 1 2 3 4 5
[11:06:03] Explicit valence for atom # 6 O, 3, is greater than permitted
[11:06:03] Explicit valence for atom # 3 Si, 8, is greater than permitted
[11:06:03] Explicit valence for atom # 0 Cl, 2, is greater than permitted
