[1/4] Excel → CSV 변환 중...
Saved pretrain CSV for TOX21_ERa_BLA_Antagonist_ratio: data/sample/TOX21_ERa_BLA_Antagonist_ratio.csv
Saved pretrain CSV for TOX21_ERa_LUC_VM7_Agonist: data/sample/TOX21_ERa_LUC_VM7_Agonist.csv
Saved pretrain CSV for TOX21_ERa_BLA_Antagonist_viability: data/sample/TOX21_ERa_BLA_Antagonist_viability.csv
Saved pretrain CSV for TOX21_ERa_LUC_VM7_Antagonist_0.5nM_E2: data/sample/TOX21_ERa_LUC_VM7_Antagonist_0.5nM_E2.csv
Saved pretrain CSV for TOX21_ERa_BLA_Antagonist_ch2: data/sample/TOX21_ERa_BLA_Antagonist_ch2.csv
Saved pretrain CSV for TOX21_ERa_BLA_Antagonist_ch1: data/sample/TOX21_ERa_BLA_Antagonist_ch1.csv
Saved pretrain CSV for TOX21_ERa_LUC_VM7_Antagonist_0.5nM_E2_viability: data/sample/TOX21_ERa_LUC_VM7_Antagonist_0.5nM_E2_viability.csv
Saved pretrain CSV for TOX21_ERa_BLA_Agonist_ch2: data/sample/TOX21_ERa_BLA_Agonist_ch2.csv
Saved pretrain CSV for TOX21_ERa_BLA_Agonist_ch1: data/sample/TOX21_ERa_BLA_Agonist_ch1.csv
Saved pretrain CSV for TOX21_ERa_BLA_Agonist_ratio: data/sample/TOX21_ERa_BLA_Agonist_ratio.csv
Saved pretrain CSV for TOX21_ERb_BLA_Antagonist_ch1: data/sample/TOX21_ERb_BLA_Antagonist_ch1.csv
Saved pretrain CSV for TOX21_ERb_BLA_Antagonist_ch2: data/sample/TOX21_ERb_BLA_Antagonist_ch2.csv
Saved pretrain CSV for TOX21_ERb_BLA_Agonist_viability: data/sample/TOX21_ERb_BLA_Agonist_viability.csv
Saved pretrain CSV for TOX21_ERb_BLA_Agonist_ratio: data/sample/TOX21_ERb_BLA_Agonist_ratio.csv
Saved pretrain CSV for TOX21_ERb_BLA_Agonist_ch2: data/sample/TOX21_ERb_BLA_Agonist_ch2.csv
Saved pretrain CSV for TOX21_ERb_BLA_Agonist_ch1: data/sample/TOX21_ERb_BLA_Agonist_ch1.csv
Saved pretrain CSV for TOX21_ERR_LUC_Agonist: data/sample/TOX21_ERR_LUC_Agonist.csv
Saved pretrain CSV for TOX21_ERa_LUC_VM7_Agonist_10nM_ICI182780_viability: data/sample/TOX21_ERa_LUC_VM7_Agonist_10nM_ICI182780_viability.csv
Saved pretrain CSV for TOX21_ERa_LUC_VM7_Antagonist_0.1nM_E2: data/sample/TOX21_ERa_LUC_VM7_Antagonist_0.1nM_E2.csv
Saved pretrain CSV for TOX21_ERb_BLA_Antagonist_ratio: data/sample/TOX21_ERb_BLA_Antagonist_ratio.csv
Saved pretrain CSV for TOX21_ERa_LUC_VM7_Agonist_10nM_ICI182780: data/sample/TOX21_ERa_LUC_VM7_Agonist_10nM_ICI182780.csv
Saved pretrain CSV for TOX21_ERR_LUC_viability: data/sample/TOX21_ERR_LUC_viability.csv
Saved pretrain CSV for TOX21_ERR_LUC_Antagonist: data/sample/TOX21_ERR_LUC_Antagonist.csv
Saved pretrain CSV for TOX21_ERa_LUC_VM7_Antagonist_0.1nM_E2_viability: data/sample/TOX21_ERa_LUC_VM7_Antagonist_0.1nM_E2_viability.csv
Saved pretrain CSV for TOX21_ERb_BLA_Antagonist_viability: data/sample/TOX21_ERb_BLA_Antagonist_viability.csv
Saved finetune CSV for TOX21_ERa_BLA_Antagonist_ratio: data/sample/TOX21_ERa_BLA_Antagonist_ratio.csv
Saved finetune CSV for TOX21_ERa_LUC_VM7_Agonist: data/sample/TOX21_ERa_LUC_VM7_Agonist.csv
Saved finetune CSV for TOX21_ERa_BLA_Antagonist_viability: data/sample/TOX21_ERa_BLA_Antagonist_viability.csv
Saved finetune CSV for TOX21_ERa_LUC_VM7_Antagonist_0.5nM_E2: data/sample/TOX21_ERa_LUC_VM7_Antagonist_0.5nM_E2.csv
Saved finetune CSV for TOX21_ERa_BLA_Antagonist_ch2: data/sample/TOX21_ERa_BLA_Antagonist_ch2.csv
Saved finetune CSV for TOX21_ERa_BLA_Antagonist_ch1: data/sample/TOX21_ERa_BLA_Antagonist_ch1.csv
Saved finetune CSV for TOX21_ERa_LUC_VM7_Antagonist_0.5nM_E2_viability: data/sample/TOX21_ERa_LUC_VM7_Antagonist_0.5nM_E2_viability.csv
Saved finetune CSV for TOX21_ERa_BLA_Agonist_ch2: data/sample/TOX21_ERa_BLA_Agonist_ch2.csv
Saved finetune CSV for TOX21_ERa_BLA_Agonist_ch1: data/sample/TOX21_ERa_BLA_Agonist_ch1.csv
Saved finetune CSV for TOX21_ERa_BLA_Agonist_ratio: data/sample/TOX21_ERa_BLA_Agonist_ratio.csv
Saved finetune CSV for TOX21_ERb_BLA_Antagonist_ch1: data/sample/TOX21_ERb_BLA_Antagonist_ch1.csv
Saved finetune CSV for TOX21_ERb_BLA_Antagonist_ch2: data/sample/TOX21_ERb_BLA_Antagonist_ch2.csv
Saved finetune CSV for TOX21_ERb_BLA_Agonist_viability: data/sample/TOX21_ERb_BLA_Agonist_viability.csv
Saved finetune CSV for TOX21_ERb_BLA_Agonist_ratio: data/sample/TOX21_ERb_BLA_Agonist_ratio.csv
Saved finetune CSV for TOX21_ERb_BLA_Agonist_ch2: data/sample/TOX21_ERb_BLA_Agonist_ch2.csv
Saved finetune CSV for TOX21_ERb_BLA_Agonist_ch1: data/sample/TOX21_ERb_BLA_Agonist_ch1.csv
Saved finetune CSV for TOX21_ERR_LUC_Agonist: data/sample/TOX21_ERR_LUC_Agonist.csv
Saved finetune CSV for TOX21_ERa_LUC_VM7_Agonist_10nM_ICI182780_viability: data/sample/TOX21_ERa_LUC_VM7_Agonist_10nM_ICI182780_viability.csv
Saved finetune CSV for TOX21_ERa_LUC_VM7_Antagonist_0.1nM_E2: data/sample/TOX21_ERa_LUC_VM7_Antagonist_0.1nM_E2.csv
Saved finetune CSV for TOX21_ERb_BLA_Antagonist_ratio: data/sample/TOX21_ERb_BLA_Antagonist_ratio.csv
Saved finetune CSV for TOX21_ERa_LUC_VM7_Agonist_10nM_ICI182780: data/sample/TOX21_ERa_LUC_VM7_Agonist_10nM_ICI182780.csv
Saved finetune CSV for TOX21_ERR_LUC_viability: data/sample/TOX21_ERR_LUC_viability.csv
Saved finetune CSV for TOX21_ERR_LUC_Antagonist: data/sample/TOX21_ERR_LUC_Antagonist.csv
Saved finetune CSV for TOX21_ERa_LUC_VM7_Antagonist_0.1nM_E2_viability: data/sample/TOX21_ERa_LUC_VM7_Antagonist_0.1nM_E2_viability.csv
Saved finetune CSV for TOX21_ERb_BLA_Antagonist_viability: data/sample/TOX21_ERb_BLA_Antagonist_viability.csv
[2/4] Pretraining on TOX21_ERa_LUC_VM7_Agonist using GIN_GCN...
Epoch 1/100 - Loss: 0.6759 - Val F1: 0.2642 - Val ROC-AUC: 0.6478 - Val PR-AUC: 0.2232
Epoch 2/100 - Loss: 0.6411 - Val F1: 0.2920 - Val ROC-AUC: 0.6652 - Val PR-AUC: 0.2425
Epoch 3/100 - Loss: 0.6357 - Val F1: 0.3012 - Val ROC-AUC: 0.6489 - Val PR-AUC: 0.2634
Epoch 4/100 - Loss: 0.6144 - Val F1: 0.3119 - Val ROC-AUC: 0.6743 - Val PR-AUC: 0.2717
Epoch 5/100 - Loss: 0.6083 - Val F1: 0.2763 - Val ROC-AUC: 0.6641 - Val PR-AUC: 0.2298
Epoch 6/100 - Loss: 0.6147 - Val F1: 0.2579 - Val ROC-AUC: 0.6764 - Val PR-AUC: 0.2461
Epoch 7/100 - Loss: 0.6086 - Val F1: 0.2916 - Val ROC-AUC: 0.6838 - Val PR-AUC: 0.2617
Epoch 8/100 - Loss: 0.5928 - Val F1: 0.2727 - Val ROC-AUC: 0.6833 - Val PR-AUC: 0.2446
Epoch 9/100 - Loss: 0.5843 - Val F1: 0.2876 - Val ROC-AUC: 0.6866 - Val PR-AUC: 0.2638
Epoch 10/100 - Loss: 0.5878 - Val F1: 0.3014 - Val ROC-AUC: 0.6833 - Val PR-AUC: 0.2832
Epoch 11/100 - Loss: 0.5654 - Val F1: 0.3179 - Val ROC-AUC: 0.6823 - Val PR-AUC: 0.2693
Epoch 12/100 - Loss: 0.5594 - Val F1: 0.3102 - Val ROC-AUC: 0.6971 - Val PR-AUC: 0.3339
Epoch 13/100 - Loss: 0.5568 - Val F1: 0.3285 - Val ROC-AUC: 0.6891 - Val PR-AUC: 0.2933
Epoch 14/100 - Loss: 0.5566 - Val F1: 0.3123 - Val ROC-AUC: 0.6773 - Val PR-AUC: 0.3073
Epoch 15/100 - Loss: 0.5469 - Val F1: 0.3082 - Val ROC-AUC: 0.6887 - Val PR-AUC: 0.3108
Epoch 16/100 - Loss: 0.5406 - Val F1: 0.3089 - Val ROC-AUC: 0.6755 - Val PR-AUC: 0.2664
Epoch 17/100 - Loss: 0.5449 - Val F1: 0.3013 - Val ROC-AUC: 0.6683 - Val PR-AUC: 0.2695
Epoch 18/100 - Loss: 0.5319 - Val F1: 0.2877 - Val ROC-AUC: 0.6694 - Val PR-AUC: 0.2850
Epoch 19/100 - Loss: 0.5199 - Val F1: 0.2799 - Val ROC-AUC: 0.6645 - Val PR-AUC: 0.2854
Epoch 20/100 - Loss: 0.5145 - Val F1: 0.3046 - Val ROC-AUC: 0.6724 - Val PR-AUC: 0.2837
Epoch 21/100 - Loss: 0.5084 - Val F1: 0.3009 - Val ROC-AUC: 0.6702 - Val PR-AUC: 0.2998
Epoch 22/100 - Loss: 0.4851 - Val F1: 0.2865 - Val ROC-AUC: 0.6689 - Val PR-AUC: 0.2723
Epoch 23/100 - Loss: 0.4839 - Val F1: 0.2968 - Val ROC-AUC: 0.6777 - Val PR-AUC: 0.2806
Epoch 24/100 - Loss: 0.4917 - Val F1: 0.3086 - Val ROC-AUC: 0.6847 - Val PR-AUC: 0.3071
Epoch 25/100 - Loss: 0.4755 - Val F1: 0.3114 - Val ROC-AUC: 0.6714 - Val PR-AUC: 0.3113
Epoch 26/100 - Loss: 0.4736 - Val F1: 0.3205 - Val ROC-AUC: 0.6942 - Val PR-AUC: 0.3231
Epoch 27/100 - Loss: 0.4675 - Val F1: 0.3165 - Val ROC-AUC: 0.6841 - Val PR-AUC: 0.3167
Epoch 28/100 - Loss: 0.4601 - Val F1: 0.3123 - Val ROC-AUC: 0.6853 - Val PR-AUC: 0.3003
Epoch 29/100 - Loss: 0.4490 - Val F1: 0.2979 - Val ROC-AUC: 0.6911 - Val PR-AUC: 0.2941
Epoch 30/100 - Loss: 0.4558 - Val F1: 0.3246 - Val ROC-AUC: 0.7012 - Val PR-AUC: 0.3024
Epoch 31/100 - Loss: 0.4317 - Val F1: 0.3236 - Val ROC-AUC: 0.7058 - Val PR-AUC: 0.3009
Epoch 32/100 - Loss: 0.4470 - Val F1: 0.3219 - Val ROC-AUC: 0.6933 - Val PR-AUC: 0.3117
Epoch 33/100 - Loss: 0.4420 - Val F1: 0.2933 - Val ROC-AUC: 0.6828 - Val PR-AUC: 0.2903
Epoch 34/100 - Loss: 0.4191 - Val F1: 0.3066 - Val ROC-AUC: 0.6780 - Val PR-AUC: 0.2720
Epoch 35/100 - Loss: 0.4106 - Val F1: 0.3365 - Val ROC-AUC: 0.7064 - Val PR-AUC: 0.2968
Epoch 36/100 - Loss: 0.4116 - Val F1: 0.3147 - Val ROC-AUC: 0.6867 - Val PR-AUC: 0.2822
Epoch 37/100 - Loss: 0.4047 - Val F1: 0.2956 - Val ROC-AUC: 0.6836 - Val PR-AUC: 0.2887
Epoch 38/100 - Loss: 0.3992 - Val F1: 0.3365 - Val ROC-AUC: 0.6843 - Val PR-AUC: 0.2707
Epoch 39/100 - Loss: 0.4068 - Val F1: 0.3636 - Val ROC-AUC: 0.7176 - Val PR-AUC: 0.3171
Epoch 40/100 - Loss: 0.4016 - Val F1: 0.3492 - Val ROC-AUC: 0.7096 - Val PR-AUC: 0.3119
Epoch 41/100 - Loss: 0.3861 - Val F1: 0.3119 - Val ROC-AUC: 0.7019 - Val PR-AUC: 0.2912
Epoch 42/100 - Loss: 0.3777 - Val F1: 0.3323 - Val ROC-AUC: 0.7023 - Val PR-AUC: 0.3003
Epoch 43/100 - Loss: 0.3752 - Val F1: 0.3288 - Val ROC-AUC: 0.7010 - Val PR-AUC: 0.3017
Epoch 44/100 - Loss: 0.3815 - Val F1: 0.3344 - Val ROC-AUC: 0.7005 - Val PR-AUC: 0.2979
Epoch 45/100 - Loss: 0.3808 - Val F1: 0.3324 - Val ROC-AUC: 0.7036 - Val PR-AUC: 0.3114
Epoch 46/100 - Loss: 0.3721 - Val F1: 0.3245 - Val ROC-AUC: 0.6987 - Val PR-AUC: 0.3033
Epoch 47/100 - Loss: 0.3860 - Val F1: 0.3247 - Val ROC-AUC: 0.6943 - Val PR-AUC: 0.2981
Epoch 48/100 - Loss: 0.3723 - Val F1: 0.3551 - Val ROC-AUC: 0.7083 - Val PR-AUC: 0.2970
Epoch 49/100 - Loss: 0.3764 - Val F1: 0.3497 - Val ROC-AUC: 0.7139 - Val PR-AUC: 0.2960
Epoch 50/100 - Loss: 0.3709 - Val F1: 0.3458 - Val ROC-AUC: 0.7098 - Val PR-AUC: 0.3076
Epoch 51/100 - Loss: 0.3562 - Val F1: 0.3442 - Val ROC-AUC: 0.7109 - Val PR-AUC: 0.2976
Epoch 52/100 - Loss: 0.3717 - Val F1: 0.3226 - Val ROC-AUC: 0.7062 - Val PR-AUC: 0.3052
Epoch 53/100 - Loss: 0.3578 - Val F1: 0.3379 - Val ROC-AUC: 0.7073 - Val PR-AUC: 0.3018
Epoch 54/100 - Loss: 0.3536 - Val F1: 0.3295 - Val ROC-AUC: 0.7056 - Val PR-AUC: 0.2930
Epoch 55/100 - Loss: 0.3485 - Val F1: 0.3424 - Val ROC-AUC: 0.7101 - Val PR-AUC: 0.3053
Epoch 56/100 - Loss: 0.3646 - Val F1: 0.3408 - Val ROC-AUC: 0.7068 - Val PR-AUC: 0.3125
Epoch 57/100 - Loss: 0.3510 - Val F1: 0.3300 - Val ROC-AUC: 0.7079 - Val PR-AUC: 0.2951
Epoch 58/100 - Loss: 0.3529 - Val F1: 0.3249 - Val ROC-AUC: 0.7062 - Val PR-AUC: 0.3122
Epoch 59/100 - Loss: 0.3421 - Val F1: 0.3300 - Val ROC-AUC: 0.7027 - Val PR-AUC: 0.3040
Epoch 60/100 - Loss: 0.3619 - Val F1: 0.3333 - Val ROC-AUC: 0.6997 - Val PR-AUC: 0.2973
Epoch 61/100 - Loss: 0.3515 - Val F1: 0.3083 - Val ROC-AUC: 0.6983 - Val PR-AUC: 0.2844
Epoch 62/100 - Loss: 0.3480 - Val F1: 0.3297 - Val ROC-AUC: 0.7063 - Val PR-AUC: 0.2995
Epoch 63/100 - Loss: 0.3425 - Val F1: 0.3460 - Val ROC-AUC: 0.7027 - Val PR-AUC: 0.3035
Epoch 64/100 - Loss: 0.3483 - Val F1: 0.3413 - Val ROC-AUC: 0.7024 - Val PR-AUC: 0.3042
Epoch 65/100 - Loss: 0.3425 - Val F1: 0.3367 - Val ROC-AUC: 0.6978 - Val PR-AUC: 0.2946
Epoch 66/100 - Loss: 0.3495 - Val F1: 0.3333 - Val ROC-AUC: 0.7056 - Val PR-AUC: 0.3027
Epoch 67/100 - Loss: 0.3390 - Val F1: 0.3522 - Val ROC-AUC: 0.7058 - Val PR-AUC: 0.2987
Epoch 68/100 - Loss: 0.3371 - Val F1: 0.3429 - Val ROC-AUC: 0.7060 - Val PR-AUC: 0.3009
Epoch 69/100 - Loss: 0.3456 - Val F1: 0.3356 - Val ROC-AUC: 0.7013 - Val PR-AUC: 0.2960
Epoch 70/100 - Loss: 0.3507 - Val F1: 0.3298 - Val ROC-AUC: 0.7007 - Val PR-AUC: 0.2849
Epoch 71/100 - Loss: 0.3438 - Val F1: 0.3297 - Val ROC-AUC: 0.7025 - Val PR-AUC: 0.2958
Epoch 72/100 - Loss: 0.3386 - Val F1: 0.3431 - Val ROC-AUC: 0.7039 - Val PR-AUC: 0.2839
Epoch 73/100 - Loss: 0.3439 - Val F1: 0.3288 - Val ROC-AUC: 0.7044 - Val PR-AUC: 0.2921
Epoch 74/100 - Loss: 0.3412 - Val F1: 0.3345 - Val ROC-AUC: 0.7028 - Val PR-AUC: 0.3015
Epoch 75/100 - Loss: 0.3363 - Val F1: 0.3413 - Val ROC-AUC: 0.7079 - Val PR-AUC: 0.3006
Epoch 76/100 - Loss: 0.3358 - Val F1: 0.3322 - Val ROC-AUC: 0.7037 - Val PR-AUC: 0.3046
Epoch 77/100 - Loss: 0.3383 - Val F1: 0.3368 - Val ROC-AUC: 0.7054 - Val PR-AUC: 0.3123
Epoch 78/100 - Loss: 0.3276 - Val F1: 0.3333 - Val ROC-AUC: 0.7058 - Val PR-AUC: 0.2947
Epoch 79/100 - Loss: 0.3261 - Val F1: 0.3391 - Val ROC-AUC: 0.7045 - Val PR-AUC: 0.3026
Epoch 80/100 - Loss: 0.3444 - Val F1: 0.3333 - Val ROC-AUC: 0.7011 - Val PR-AUC: 0.3023
Epoch 81/100 - Loss: 0.3340 - Val F1: 0.3439 - Val ROC-AUC: 0.7025 - Val PR-AUC: 0.2916
Epoch 82/100 - Loss: 0.3330 - Val F1: 0.3333 - Val ROC-AUC: 0.7064 - Val PR-AUC: 0.3040
Epoch 83/100 - Loss: 0.3343 - Val F1: 0.3345 - Val ROC-AUC: 0.7037 - Val PR-AUC: 0.3008
Epoch 84/100 - Loss: 0.3286 - Val F1: 0.3521 - Val ROC-AUC: 0.7039 - Val PR-AUC: 0.2905
Epoch 85/100 - Loss: 0.3404 - Val F1: 0.3275 - Val ROC-AUC: 0.7052 - Val PR-AUC: 0.3063
Epoch 86/100 - Loss: 0.3438 - Val F1: 0.3418 - Val ROC-AUC: 0.7046 - Val PR-AUC: 0.3007
Epoch 87/100 - Loss: 0.3355 - Val F1: 0.3369 - Val ROC-AUC: 0.7012 - Val PR-AUC: 0.2871
Epoch 88/100 - Loss: 0.3263 - Val F1: 0.3481 - Val ROC-AUC: 0.7065 - Val PR-AUC: 0.2914
Epoch 89/100 - Loss: 0.3357 - Val F1: 0.3434 - Val ROC-AUC: 0.7032 - Val PR-AUC: 0.2938
Epoch 90/100 - Loss: 0.3351 - Val F1: 0.3439 - Val ROC-AUC: 0.7058 - Val PR-AUC: 0.3058
Epoch 91/100 - Loss: 0.3265 - Val F1: 0.3562 - Val ROC-AUC: 0.7047 - Val PR-AUC: 0.3006
Epoch 92/100 - Loss: 0.3300 - Val F1: 0.3415 - Val ROC-AUC: 0.7074 - Val PR-AUC: 0.3030
Epoch 93/100 - Loss: 0.3278 - Val F1: 0.3415 - Val ROC-AUC: 0.7053 - Val PR-AUC: 0.2971
Epoch 94/100 - Loss: 0.3377 - Val F1: 0.3333 - Val ROC-AUC: 0.7054 - Val PR-AUC: 0.3033
Epoch 95/100 - Loss: 0.3319 - Val F1: 0.3357 - Val ROC-AUC: 0.7063 - Val PR-AUC: 0.3032
Epoch 96/100 - Loss: 0.3246 - Val F1: 0.3451 - Val ROC-AUC: 0.7066 - Val PR-AUC: 0.2982
Epoch 97/100 - Loss: 0.3243 - Val F1: 0.3369 - Val ROC-AUC: 0.7054 - Val PR-AUC: 0.3032
Epoch 98/100 - Loss: 0.3324 - Val F1: 0.3297 - Val ROC-AUC: 0.7027 - Val PR-AUC: 0.3034
Epoch 99/100 - Loss: 0.3280 - Val F1: 0.3406 - Val ROC-AUC: 0.7024 - Val PR-AUC: 0.3014
Epoch 100/100 - Loss: 0.3268 - Val F1: 0.3369 - Val ROC-AUC: 0.7047 - Val PR-AUC: 0.2981
Pretraining completed. Test F1: 0.3183, ROC-AUC: 0.6590, PR-AUC: 0.3404
[3/4] Finetuning on TOX21_ERa_LUC_VM7_Antagonist_0.5nM_E2_viability using GIN_GCN...
[Fine-tune] Epoch 1/50 - Loss: 0.5806 - Val F1: 0.2618 - Val ROC-AUC: 0.8213 - Val PR-AUC: 0.2824
[Fine-tune] Epoch 2/50 - Loss: 0.4469 - Val F1: 0.2746 - Val ROC-AUC: 0.8137 - Val PR-AUC: 0.2906
[Fine-tune] Epoch 3/50 - Loss: 0.4277 - Val F1: 0.3514 - Val ROC-AUC: 0.8496 - Val PR-AUC: 0.3498
[Fine-tune] Epoch 4/50 - Loss: 0.3958 - Val F1: 0.2857 - Val ROC-AUC: 0.8011 - Val PR-AUC: 0.2708
[Fine-tune] Epoch 5/50 - Loss: 0.3802 - Val F1: 0.3012 - Val ROC-AUC: 0.8348 - Val PR-AUC: 0.3072
[Fine-tune] Epoch 6/50 - Loss: 0.3661 - Val F1: 0.2996 - Val ROC-AUC: 0.7950 - Val PR-AUC: 0.2912
[Fine-tune] Epoch 7/50 - Loss: 0.3635 - Val F1: 0.3108 - Val ROC-AUC: 0.8357 - Val PR-AUC: 0.3474
[Fine-tune] Epoch 8/50 - Loss: 0.3462 - Val F1: 0.3109 - Val ROC-AUC: 0.8158 - Val PR-AUC: 0.2732
[Fine-tune] Epoch 9/50 - Loss: 0.3178 - Val F1: 0.3058 - Val ROC-AUC: 0.8137 - Val PR-AUC: 0.2878
[Fine-tune] Epoch 10/50 - Loss: 0.3192 - Val F1: 0.3285 - Val ROC-AUC: 0.8227 - Val PR-AUC: 0.3133
[Fine-tune] Epoch 11/50 - Loss: 0.2865 - Val F1: 0.3455 - Val ROC-AUC: 0.8507 - Val PR-AUC: 0.3834
[Fine-tune] Epoch 12/50 - Loss: 0.2585 - Val F1: 0.3420 - Val ROC-AUC: 0.8291 - Val PR-AUC: 0.3316
[Fine-tune] Epoch 13/50 - Loss: 0.2529 - Val F1: 0.3229 - Val ROC-AUC: 0.8128 - Val PR-AUC: 0.2894
[Fine-tune] Epoch 14/50 - Loss: 0.2413 - Val F1: 0.3184 - Val ROC-AUC: 0.8123 - Val PR-AUC: 0.3221
[Fine-tune] Epoch 15/50 - Loss: 0.2299 - Val F1: 0.3687 - Val ROC-AUC: 0.8118 - Val PR-AUC: 0.3148
[Fine-tune] Epoch 16/50 - Loss: 0.2200 - Val F1: 0.3455 - Val ROC-AUC: 0.8308 - Val PR-AUC: 0.3273
[Fine-tune] Epoch 17/50 - Loss: 0.2264 - Val F1: 0.3083 - Val ROC-AUC: 0.8209 - Val PR-AUC: 0.2772
[Fine-tune] Epoch 18/50 - Loss: 0.2139 - Val F1: 0.3684 - Val ROC-AUC: 0.8275 - Val PR-AUC: 0.3197
[Fine-tune] Epoch 19/50 - Loss: 0.2103 - Val F1: 0.3385 - Val ROC-AUC: 0.8291 - Val PR-AUC: 0.3335
[Fine-tune] Epoch 20/50 - Loss: 0.2025 - Val F1: 0.3645 - Val ROC-AUC: 0.8316 - Val PR-AUC: 0.3289
[Fine-tune] Epoch 21/50 - Loss: 0.1713 - Val F1: 0.3731 - Val ROC-AUC: 0.8427 - Val PR-AUC: 0.3657
[Fine-tune] Epoch 22/50 - Loss: 0.1656 - Val F1: 0.3736 - Val ROC-AUC: 0.8255 - Val PR-AUC: 0.3278
[Fine-tune] Epoch 23/50 - Loss: 0.1610 - Val F1: 0.3765 - Val ROC-AUC: 0.8341 - Val PR-AUC: 0.3443
[Fine-tune] Epoch 24/50 - Loss: 0.1528 - Val F1: 0.3860 - Val ROC-AUC: 0.8301 - Val PR-AUC: 0.3588
[Fine-tune] Epoch 25/50 - Loss: 0.1595 - Val F1: 0.3333 - Val ROC-AUC: 0.8218 - Val PR-AUC: 0.3241
[Fine-tune] Epoch 26/50 - Loss: 0.1421 - Val F1: 0.3820 - Val ROC-AUC: 0.8252 - Val PR-AUC: 0.3613
[Fine-tune] Epoch 27/50 - Loss: 0.1410 - Val F1: 0.3743 - Val ROC-AUC: 0.8177 - Val PR-AUC: 0.3352
[Fine-tune] Epoch 28/50 - Loss: 0.1371 - Val F1: 0.3736 - Val ROC-AUC: 0.8044 - Val PR-AUC: 0.3354
[Fine-tune] Epoch 29/50 - Loss: 0.1422 - Val F1: 0.4000 - Val ROC-AUC: 0.8020 - Val PR-AUC: 0.3463
[Fine-tune] Epoch 30/50 - Loss: 0.1341 - Val F1: 0.3665 - Val ROC-AUC: 0.8008 - Val PR-AUC: 0.3489
[Fine-tune] Epoch 31/50 - Loss: 0.1178 - Val F1: 0.3799 - Val ROC-AUC: 0.8174 - Val PR-AUC: 0.3492
[Fine-tune] Epoch 32/50 - Loss: 0.1236 - Val F1: 0.3647 - Val ROC-AUC: 0.8007 - Val PR-AUC: 0.3240
[Fine-tune] Epoch 33/50 - Loss: 0.1083 - Val F1: 0.3899 - Val ROC-AUC: 0.8053 - Val PR-AUC: 0.3514
[Fine-tune] Epoch 34/50 - Loss: 0.1166 - Val F1: 0.3899 - Val ROC-AUC: 0.7998 - Val PR-AUC: 0.3350
[Fine-tune] Epoch 35/50 - Loss: 0.1098 - Val F1: 0.3771 - Val ROC-AUC: 0.8036 - Val PR-AUC: 0.3588
[Fine-tune] Epoch 36/50 - Loss: 0.1055 - Val F1: 0.3757 - Val ROC-AUC: 0.8109 - Val PR-AUC: 0.3462
[Fine-tune] Epoch 37/50 - Loss: 0.0977 - Val F1: 0.3605 - Val ROC-AUC: 0.8070 - Val PR-AUC: 0.3330
[Fine-tune] Epoch 38/50 - Loss: 0.1080 - Val F1: 0.3879 - Val ROC-AUC: 0.7984 - Val PR-AUC: 0.3416
[Fine-tune] Epoch 39/50 - Loss: 0.1044 - Val F1: 0.4106 - Val ROC-AUC: 0.8077 - Val PR-AUC: 0.3480
[Fine-tune] Epoch 40/50 - Loss: 0.0946 - Val F1: 0.3926 - Val ROC-AUC: 0.8134 - Val PR-AUC: 0.3500
[Fine-tune] Epoch 41/50 - Loss: 0.0865 - Val F1: 0.3860 - Val ROC-AUC: 0.8131 - Val PR-AUC: 0.3497
[Fine-tune] Epoch 42/50 - Loss: 0.0920 - Val F1: 0.3780 - Val ROC-AUC: 0.8132 - Val PR-AUC: 0.3579
[Fine-tune] Epoch 43/50 - Loss: 0.0870 - Val F1: 0.3659 - Val ROC-AUC: 0.8089 - Val PR-AUC: 0.3454
[Fine-tune] Epoch 44/50 - Loss: 0.0906 - Val F1: 0.3974 - Val ROC-AUC: 0.8016 - Val PR-AUC: 0.3473
[Fine-tune] Epoch 45/50 - Loss: 0.0874 - Val F1: 0.3765 - Val ROC-AUC: 0.7944 - Val PR-AUC: 0.3349
[Fine-tune] Epoch 46/50 - Loss: 0.0892 - Val F1: 0.3669 - Val ROC-AUC: 0.8019 - Val PR-AUC: 0.3497
[Fine-tune] Epoch 47/50 - Loss: 0.0851 - Val F1: 0.3810 - Val ROC-AUC: 0.7954 - Val PR-AUC: 0.3346
[Fine-tune] Epoch 48/50 - Loss: 0.0854 - Val F1: 0.4156 - Val ROC-AUC: 0.7913 - Val PR-AUC: 0.3317
[Fine-tune] Epoch 49/50 - Loss: 0.0879 - Val F1: 0.3924 - Val ROC-AUC: 0.7957 - Val PR-AUC: 0.3399
[Fine-tune] Epoch 50/50 - Loss: 0.0801 - Val F1: 0.4025 - Val ROC-AUC: 0.7932 - Val PR-AUC: 0.3325
Finetuning completed. Test F1: 0.4110, ROC-AUC: 0.8610, PR-AUC: 0.4117
[3.1/4] Target-only training on TOX21_ERa_LUC_VM7_Antagonist_0.5nM_E2_viability using GIN_GCN...
=== Target-only training ===
[Target-only] Epoch 1/50 – Loss: 0.6031  Val F1: 0.2804  ROC-AUC: 0.7605  PR-AUC: 0.2085
[Target-only] Epoch 2/50 – Loss: 0.5238  Val F1: 0.2818  ROC-AUC: 0.8117  PR-AUC: 0.2365
[Target-only] Epoch 3/50 – Loss: 0.4797  Val F1: 0.2411  ROC-AUC: 0.8122  PR-AUC: 0.2791
[Target-only] Epoch 4/50 – Loss: 0.4655  Val F1: 0.3404  ROC-AUC: 0.8366  PR-AUC: 0.2511
[Target-only] Epoch 5/50 – Loss: 0.4424  Val F1: 0.3052  ROC-AUC: 0.8424  PR-AUC: 0.3174
[Target-only] Epoch 6/50 – Loss: 0.4291  Val F1: 0.3368  ROC-AUC: 0.8422  PR-AUC: 0.3533
[Target-only] Epoch 7/50 – Loss: 0.4094  Val F1: 0.3492  ROC-AUC: 0.8476  PR-AUC: 0.3125
[Target-only] Epoch 8/50 – Loss: 0.3975  Val F1: 0.3676  ROC-AUC: 0.8458  PR-AUC: 0.3069
[Target-only] Epoch 9/50 – Loss: 0.3903  Val F1: 0.3582  ROC-AUC: 0.8394  PR-AUC: 0.2734
[Target-only] Epoch 10/50 – Loss: 0.3877  Val F1: 0.2996  ROC-AUC: 0.8128  PR-AUC: 0.2406
[Target-only] Epoch 11/50 – Loss: 0.3525  Val F1: 0.3286  ROC-AUC: 0.8396  PR-AUC: 0.2994
[Target-only] Epoch 12/50 – Loss: 0.3342  Val F1: 0.3289  ROC-AUC: 0.8356  PR-AUC: 0.2877
[Target-only] Epoch 13/50 – Loss: 0.3298  Val F1: 0.3350  ROC-AUC: 0.8506  PR-AUC: 0.2957
[Target-only] Epoch 14/50 – Loss: 0.3208  Val F1: 0.3349  ROC-AUC: 0.8331  PR-AUC: 0.2756
[Target-only] Epoch 15/50 – Loss: 0.3212  Val F1: 0.3210  ROC-AUC: 0.8412  PR-AUC: 0.2822
[Target-only] Epoch 16/50 – Loss: 0.3107  Val F1: 0.3529  ROC-AUC: 0.8257  PR-AUC: 0.2785
[Target-only] Epoch 17/50 – Loss: 0.2775  Val F1: 0.3524  ROC-AUC: 0.8250  PR-AUC: 0.2825
[Target-only] Epoch 18/50 – Loss: 0.2898  Val F1: 0.3298  ROC-AUC: 0.8364  PR-AUC: 0.2770
[Target-only] Epoch 19/50 – Loss: 0.2928  Val F1: 0.3319  ROC-AUC: 0.8292  PR-AUC: 0.3055
[Target-only] Epoch 20/50 – Loss: 0.2840  Val F1: 0.3148  ROC-AUC: 0.8207  PR-AUC: 0.2971
[Target-only] Epoch 21/50 – Loss: 0.2670  Val F1: 0.3271  ROC-AUC: 0.8200  PR-AUC: 0.2778
[Target-only] Epoch 22/50 – Loss: 0.2433  Val F1: 0.3491  ROC-AUC: 0.8372  PR-AUC: 0.3276
[Target-only] Epoch 23/50 – Loss: 0.2328  Val F1: 0.3445  ROC-AUC: 0.8194  PR-AUC: 0.2695
[Target-only] Epoch 24/50 – Loss: 0.2350  Val F1: 0.3438  ROC-AUC: 0.8252  PR-AUC: 0.2927
[Target-only] Epoch 25/50 – Loss: 0.2330  Val F1: 0.3667  ROC-AUC: 0.8365  PR-AUC: 0.3132
[Target-only] Epoch 26/50 – Loss: 0.2194  Val F1: 0.3009  ROC-AUC: 0.8153  PR-AUC: 0.2782
[Target-only] Epoch 27/50 – Loss: 0.2173  Val F1: 0.3350  ROC-AUC: 0.8223  PR-AUC: 0.3149
[Target-only] Epoch 28/50 – Loss: 0.2264  Val F1: 0.3153  ROC-AUC: 0.8279  PR-AUC: 0.2953
[Target-only] Epoch 29/50 – Loss: 0.2168  Val F1: 0.3478  ROC-AUC: 0.8238  PR-AUC: 0.2955
[Target-only] Epoch 30/50 – Loss: 0.2057  Val F1: 0.3743  ROC-AUC: 0.8222  PR-AUC: 0.2890
[Target-only] Epoch 31/50 – Loss: 0.1954  Val F1: 0.3778  ROC-AUC: 0.8330  PR-AUC: 0.3030
[Target-only] Epoch 32/50 – Loss: 0.1877  Val F1: 0.3608  ROC-AUC: 0.8290  PR-AUC: 0.2966
[Target-only] Epoch 33/50 – Loss: 0.1864  Val F1: 0.3736  ROC-AUC: 0.8277  PR-AUC: 0.3090
[Target-only] Epoch 34/50 – Loss: 0.1794  Val F1: 0.3704  ROC-AUC: 0.8262  PR-AUC: 0.3151
[Target-only] Epoch 35/50 – Loss: 0.1693  Val F1: 0.3626  ROC-AUC: 0.8210  PR-AUC: 0.3132
[Target-only] Epoch 36/50 – Loss: 0.1726  Val F1: 0.3976  ROC-AUC: 0.8298  PR-AUC: 0.3209
[Target-only] Epoch 37/50 – Loss: 0.1714  Val F1: 0.3713  ROC-AUC: 0.8255  PR-AUC: 0.3095
[Target-only] Epoch 38/50 – Loss: 0.1706  Val F1: 0.3626  ROC-AUC: 0.8350  PR-AUC: 0.3139
[Target-only] Epoch 39/50 – Loss: 0.1698  Val F1: 0.3978  ROC-AUC: 0.8392  PR-AUC: 0.3416
[Target-only] Epoch 40/50 – Loss: 0.1612  Val F1: 0.3771  ROC-AUC: 0.8318  PR-AUC: 0.3289
[Target-only] Epoch 41/50 – Loss: 0.1680  Val F1: 0.4024  ROC-AUC: 0.8386  PR-AUC: 0.3240
[Target-only] Epoch 42/50 – Loss: 0.1493  Val F1: 0.3750  ROC-AUC: 0.8305  PR-AUC: 0.3122
[Target-only] Epoch 43/50 – Loss: 0.1443  Val F1: 0.3729  ROC-AUC: 0.8351  PR-AUC: 0.3234
[Target-only] Epoch 44/50 – Loss: 0.1503  Val F1: 0.3607  ROC-AUC: 0.8323  PR-AUC: 0.3351
[Target-only] Epoch 45/50 – Loss: 0.1437  Val F1: 0.3952  ROC-AUC: 0.8352  PR-AUC: 0.3196
[Target-only] Epoch 46/50 – Loss: 0.1444  Val F1: 0.3911  ROC-AUC: 0.8343  PR-AUC: 0.3210
[Target-only] Epoch 47/50 – Loss: 0.1393  Val F1: 0.3750  ROC-AUC: 0.8388  PR-AUC: 0.3285
[Target-only] Epoch 48/50 – Loss: 0.1380  Val F1: 0.4046  ROC-AUC: 0.8405  PR-AUC: 0.3349
[Target-only] Epoch 49/50 – Loss: 0.1533  Val F1: 0.3626  ROC-AUC: 0.8337  PR-AUC: 0.3358
[Target-only] Epoch 50/50 – Loss: 0.1377  Val F1: 0.3933  ROC-AUC: 0.8311  PR-AUC: 0.3159
=== Target-only TEST performance ===
Test F1: 0.4157, ROC-AUC: 0.8716, PR-AUC: 0.3624
✅ 실험 완료: TOX21_ERa_LUC_VM7_Agonist -> TOX21_ERa_LUC_VM7_Antagonist_0.5nM_E2_viability [GIN_GCN]
