[1/4] Excel → CSV 변환 중...
Saved pretrain CSV for TOX21_ERa_BLA_Antagonist_ratio: data/sample/TOX21_ERa_BLA_Antagonist_ratio.csv
Saved pretrain CSV for TOX21_ERa_LUC_VM7_Agonist: data/sample/TOX21_ERa_LUC_VM7_Agonist.csv
Saved pretrain CSV for TOX21_ERa_BLA_Antagonist_viability: data/sample/TOX21_ERa_BLA_Antagonist_viability.csv
Saved pretrain CSV for TOX21_ERa_LUC_VM7_Antagonist_0.5nM_E2: data/sample/TOX21_ERa_LUC_VM7_Antagonist_0.5nM_E2.csv
Saved pretrain CSV for TOX21_ERa_BLA_Antagonist_ch2: data/sample/TOX21_ERa_BLA_Antagonist_ch2.csv
Saved pretrain CSV for TOX21_ERa_BLA_Antagonist_ch1: data/sample/TOX21_ERa_BLA_Antagonist_ch1.csv
Saved pretrain CSV for TOX21_ERa_LUC_VM7_Antagonist_0.5nM_E2_viability: data/sample/TOX21_ERa_LUC_VM7_Antagonist_0.5nM_E2_viability.csv
Saved pretrain CSV for TOX21_ERa_BLA_Agonist_ch2: data/sample/TOX21_ERa_BLA_Agonist_ch2.csv
Saved pretrain CSV for TOX21_ERa_BLA_Agonist_ch1: data/sample/TOX21_ERa_BLA_Agonist_ch1.csv
Saved pretrain CSV for TOX21_ERa_BLA_Agonist_ratio: data/sample/TOX21_ERa_BLA_Agonist_ratio.csv
Saved pretrain CSV for TOX21_ERb_BLA_Antagonist_ch1: data/sample/TOX21_ERb_BLA_Antagonist_ch1.csv
Saved pretrain CSV for TOX21_ERb_BLA_Antagonist_ch2: data/sample/TOX21_ERb_BLA_Antagonist_ch2.csv
Saved pretrain CSV for TOX21_ERb_BLA_Agonist_viability: data/sample/TOX21_ERb_BLA_Agonist_viability.csv
Saved pretrain CSV for TOX21_ERb_BLA_Agonist_ratio: data/sample/TOX21_ERb_BLA_Agonist_ratio.csv
Saved pretrain CSV for TOX21_ERb_BLA_Agonist_ch2: data/sample/TOX21_ERb_BLA_Agonist_ch2.csv
Saved pretrain CSV for TOX21_ERb_BLA_Agonist_ch1: data/sample/TOX21_ERb_BLA_Agonist_ch1.csv
Saved pretrain CSV for TOX21_ERR_LUC_Agonist: data/sample/TOX21_ERR_LUC_Agonist.csv
Saved pretrain CSV for TOX21_ERa_LUC_VM7_Agonist_10nM_ICI182780_viability: data/sample/TOX21_ERa_LUC_VM7_Agonist_10nM_ICI182780_viability.csv
Saved pretrain CSV for TOX21_ERa_LUC_VM7_Antagonist_0.1nM_E2: data/sample/TOX21_ERa_LUC_VM7_Antagonist_0.1nM_E2.csv
Saved pretrain CSV for TOX21_ERb_BLA_Antagonist_ratio: data/sample/TOX21_ERb_BLA_Antagonist_ratio.csv
Saved pretrain CSV for TOX21_ERa_LUC_VM7_Agonist_10nM_ICI182780: data/sample/TOX21_ERa_LUC_VM7_Agonist_10nM_ICI182780.csv
Saved pretrain CSV for TOX21_ERR_LUC_viability: data/sample/TOX21_ERR_LUC_viability.csv
Saved pretrain CSV for TOX21_ERR_LUC_Antagonist: data/sample/TOX21_ERR_LUC_Antagonist.csv
Saved pretrain CSV for TOX21_ERa_LUC_VM7_Antagonist_0.1nM_E2_viability: data/sample/TOX21_ERa_LUC_VM7_Antagonist_0.1nM_E2_viability.csv
Saved pretrain CSV for TOX21_ERb_BLA_Antagonist_viability: data/sample/TOX21_ERb_BLA_Antagonist_viability.csv
Saved finetune CSV for TOX21_ERa_BLA_Antagonist_ratio: data/sample/TOX21_ERa_BLA_Antagonist_ratio.csv
Saved finetune CSV for TOX21_ERa_LUC_VM7_Agonist: data/sample/TOX21_ERa_LUC_VM7_Agonist.csv
Saved finetune CSV for TOX21_ERa_BLA_Antagonist_viability: data/sample/TOX21_ERa_BLA_Antagonist_viability.csv
Saved finetune CSV for TOX21_ERa_LUC_VM7_Antagonist_0.5nM_E2: data/sample/TOX21_ERa_LUC_VM7_Antagonist_0.5nM_E2.csv
Saved finetune CSV for TOX21_ERa_BLA_Antagonist_ch2: data/sample/TOX21_ERa_BLA_Antagonist_ch2.csv
Saved finetune CSV for TOX21_ERa_BLA_Antagonist_ch1: data/sample/TOX21_ERa_BLA_Antagonist_ch1.csv
Saved finetune CSV for TOX21_ERa_LUC_VM7_Antagonist_0.5nM_E2_viability: data/sample/TOX21_ERa_LUC_VM7_Antagonist_0.5nM_E2_viability.csv
Saved finetune CSV for TOX21_ERa_BLA_Agonist_ch2: data/sample/TOX21_ERa_BLA_Agonist_ch2.csv
Saved finetune CSV for TOX21_ERa_BLA_Agonist_ch1: data/sample/TOX21_ERa_BLA_Agonist_ch1.csv
Saved finetune CSV for TOX21_ERa_BLA_Agonist_ratio: data/sample/TOX21_ERa_BLA_Agonist_ratio.csv
Saved finetune CSV for TOX21_ERb_BLA_Antagonist_ch1: data/sample/TOX21_ERb_BLA_Antagonist_ch1.csv
Saved finetune CSV for TOX21_ERb_BLA_Antagonist_ch2: data/sample/TOX21_ERb_BLA_Antagonist_ch2.csv
Saved finetune CSV for TOX21_ERb_BLA_Agonist_viability: data/sample/TOX21_ERb_BLA_Agonist_viability.csv
Saved finetune CSV for TOX21_ERb_BLA_Agonist_ratio: data/sample/TOX21_ERb_BLA_Agonist_ratio.csv
Saved finetune CSV for TOX21_ERb_BLA_Agonist_ch2: data/sample/TOX21_ERb_BLA_Agonist_ch2.csv
Saved finetune CSV for TOX21_ERb_BLA_Agonist_ch1: data/sample/TOX21_ERb_BLA_Agonist_ch1.csv
Saved finetune CSV for TOX21_ERR_LUC_Agonist: data/sample/TOX21_ERR_LUC_Agonist.csv
Saved finetune CSV for TOX21_ERa_LUC_VM7_Agonist_10nM_ICI182780_viability: data/sample/TOX21_ERa_LUC_VM7_Agonist_10nM_ICI182780_viability.csv
Saved finetune CSV for TOX21_ERa_LUC_VM7_Antagonist_0.1nM_E2: data/sample/TOX21_ERa_LUC_VM7_Antagonist_0.1nM_E2.csv
Saved finetune CSV for TOX21_ERb_BLA_Antagonist_ratio: data/sample/TOX21_ERb_BLA_Antagonist_ratio.csv
Saved finetune CSV for TOX21_ERa_LUC_VM7_Agonist_10nM_ICI182780: data/sample/TOX21_ERa_LUC_VM7_Agonist_10nM_ICI182780.csv
Saved finetune CSV for TOX21_ERR_LUC_viability: data/sample/TOX21_ERR_LUC_viability.csv
Saved finetune CSV for TOX21_ERR_LUC_Antagonist: data/sample/TOX21_ERR_LUC_Antagonist.csv
Saved finetune CSV for TOX21_ERa_LUC_VM7_Antagonist_0.1nM_E2_viability: data/sample/TOX21_ERa_LUC_VM7_Antagonist_0.1nM_E2_viability.csv
Saved finetune CSV for TOX21_ERb_BLA_Antagonist_viability: data/sample/TOX21_ERb_BLA_Antagonist_viability.csv
[2/4] Pretraining on TOX21_ERa_BLA_Antagonist_ratio using GIN_GCN...
Epoch 1/100 - Loss: 0.6229 - Val F1: 0.3438 - Val ROC-AUC: 0.7186 - Val PR-AUC: 0.2417
Epoch 2/100 - Loss: 0.5828 - Val F1: 0.3333 - Val ROC-AUC: 0.7270 - Val PR-AUC: 0.2435
Epoch 3/100 - Loss: 0.5651 - Val F1: 0.3340 - Val ROC-AUC: 0.7420 - Val PR-AUC: 0.2621
Epoch 4/100 - Loss: 0.5526 - Val F1: 0.3532 - Val ROC-AUC: 0.7487 - Val PR-AUC: 0.2665
Epoch 5/100 - Loss: 0.5487 - Val F1: 0.3503 - Val ROC-AUC: 0.7431 - Val PR-AUC: 0.2558
Epoch 6/100 - Loss: 0.5337 - Val F1: 0.4014 - Val ROC-AUC: 0.7735 - Val PR-AUC: 0.2984
Epoch 7/100 - Loss: 0.5232 - Val F1: 0.3840 - Val ROC-AUC: 0.7681 - Val PR-AUC: 0.3086
Epoch 8/100 - Loss: 0.5336 - Val F1: 0.3920 - Val ROC-AUC: 0.7757 - Val PR-AUC: 0.3151
Epoch 9/100 - Loss: 0.5211 - Val F1: 0.3793 - Val ROC-AUC: 0.7786 - Val PR-AUC: 0.3051
Epoch 10/100 - Loss: 0.4992 - Val F1: 0.3724 - Val ROC-AUC: 0.7588 - Val PR-AUC: 0.3120
Epoch 11/100 - Loss: 0.4832 - Val F1: 0.3978 - Val ROC-AUC: 0.8008 - Val PR-AUC: 0.3325
Epoch 12/100 - Loss: 0.4615 - Val F1: 0.4024 - Val ROC-AUC: 0.7951 - Val PR-AUC: 0.3151
Epoch 13/100 - Loss: 0.4734 - Val F1: 0.4175 - Val ROC-AUC: 0.8075 - Val PR-AUC: 0.3396
Epoch 14/100 - Loss: 0.4594 - Val F1: 0.3939 - Val ROC-AUC: 0.8014 - Val PR-AUC: 0.3335
Epoch 15/100 - Loss: 0.4620 - Val F1: 0.4127 - Val ROC-AUC: 0.8073 - Val PR-AUC: 0.3356
Epoch 16/100 - Loss: 0.4518 - Val F1: 0.3968 - Val ROC-AUC: 0.8013 - Val PR-AUC: 0.3424
Epoch 17/100 - Loss: 0.4512 - Val F1: 0.4122 - Val ROC-AUC: 0.8093 - Val PR-AUC: 0.3320
Epoch 18/100 - Loss: 0.4415 - Val F1: 0.4223 - Val ROC-AUC: 0.8208 - Val PR-AUC: 0.3651
Epoch 19/100 - Loss: 0.4291 - Val F1: 0.4052 - Val ROC-AUC: 0.8061 - Val PR-AUC: 0.3547
Epoch 20/100 - Loss: 0.4384 - Val F1: 0.4343 - Val ROC-AUC: 0.8171 - Val PR-AUC: 0.3689
Epoch 21/100 - Loss: 0.4080 - Val F1: 0.4302 - Val ROC-AUC: 0.8187 - Val PR-AUC: 0.3550
Epoch 22/100 - Loss: 0.4023 - Val F1: 0.4330 - Val ROC-AUC: 0.8297 - Val PR-AUC: 0.3609
Epoch 23/100 - Loss: 0.3872 - Val F1: 0.4186 - Val ROC-AUC: 0.8178 - Val PR-AUC: 0.3568
Epoch 24/100 - Loss: 0.3936 - Val F1: 0.4273 - Val ROC-AUC: 0.8283 - Val PR-AUC: 0.3768
Epoch 25/100 - Loss: 0.3839 - Val F1: 0.4531 - Val ROC-AUC: 0.8101 - Val PR-AUC: 0.3484
Epoch 26/100 - Loss: 0.3789 - Val F1: 0.4413 - Val ROC-AUC: 0.8276 - Val PR-AUC: 0.3680
Epoch 27/100 - Loss: 0.3892 - Val F1: 0.4422 - Val ROC-AUC: 0.8111 - Val PR-AUC: 0.3413
Epoch 28/100 - Loss: 0.3743 - Val F1: 0.4380 - Val ROC-AUC: 0.8127 - Val PR-AUC: 0.3527
Epoch 29/100 - Loss: 0.3668 - Val F1: 0.4471 - Val ROC-AUC: 0.8112 - Val PR-AUC: 0.3581
Epoch 30/100 - Loss: 0.3622 - Val F1: 0.4710 - Val ROC-AUC: 0.8147 - Val PR-AUC: 0.3687
Epoch 31/100 - Loss: 0.3439 - Val F1: 0.4512 - Val ROC-AUC: 0.8322 - Val PR-AUC: 0.3750
Epoch 32/100 - Loss: 0.3495 - Val F1: 0.4371 - Val ROC-AUC: 0.8368 - Val PR-AUC: 0.4093
Epoch 33/100 - Loss: 0.3410 - Val F1: 0.4540 - Val ROC-AUC: 0.8320 - Val PR-AUC: 0.3765
Epoch 34/100 - Loss: 0.3452 - Val F1: 0.4286 - Val ROC-AUC: 0.8325 - Val PR-AUC: 0.3704
Epoch 35/100 - Loss: 0.3322 - Val F1: 0.4473 - Val ROC-AUC: 0.8359 - Val PR-AUC: 0.3879
Epoch 36/100 - Loss: 0.3265 - Val F1: 0.4587 - Val ROC-AUC: 0.8231 - Val PR-AUC: 0.3623
Epoch 37/100 - Loss: 0.3330 - Val F1: 0.4615 - Val ROC-AUC: 0.8351 - Val PR-AUC: 0.3943
Epoch 38/100 - Loss: 0.3247 - Val F1: 0.4650 - Val ROC-AUC: 0.8361 - Val PR-AUC: 0.3721
Epoch 39/100 - Loss: 0.3177 - Val F1: 0.4679 - Val ROC-AUC: 0.8295 - Val PR-AUC: 0.3788
Epoch 40/100 - Loss: 0.3177 - Val F1: 0.4658 - Val ROC-AUC: 0.8291 - Val PR-AUC: 0.3812
Epoch 41/100 - Loss: 0.3213 - Val F1: 0.4611 - Val ROC-AUC: 0.8320 - Val PR-AUC: 0.3832
Epoch 42/100 - Loss: 0.3014 - Val F1: 0.4620 - Val ROC-AUC: 0.8334 - Val PR-AUC: 0.3774
Epoch 43/100 - Loss: 0.2984 - Val F1: 0.4717 - Val ROC-AUC: 0.8366 - Val PR-AUC: 0.3859
Epoch 44/100 - Loss: 0.2934 - Val F1: 0.4506 - Val ROC-AUC: 0.8294 - Val PR-AUC: 0.3891
Epoch 45/100 - Loss: 0.2989 - Val F1: 0.4650 - Val ROC-AUC: 0.8320 - Val PR-AUC: 0.3819
Epoch 46/100 - Loss: 0.3012 - Val F1: 0.4772 - Val ROC-AUC: 0.8410 - Val PR-AUC: 0.3902
Epoch 47/100 - Loss: 0.2890 - Val F1: 0.4377 - Val ROC-AUC: 0.8275 - Val PR-AUC: 0.3798
Epoch 48/100 - Loss: 0.2924 - Val F1: 0.4465 - Val ROC-AUC: 0.8308 - Val PR-AUC: 0.3832
Epoch 49/100 - Loss: 0.2810 - Val F1: 0.4554 - Val ROC-AUC: 0.8322 - Val PR-AUC: 0.3812
Epoch 50/100 - Loss: 0.2930 - Val F1: 0.4669 - Val ROC-AUC: 0.8220 - Val PR-AUC: 0.3676
Epoch 51/100 - Loss: 0.2864 - Val F1: 0.4650 - Val ROC-AUC: 0.8280 - Val PR-AUC: 0.3815
Epoch 52/100 - Loss: 0.2858 - Val F1: 0.4765 - Val ROC-AUC: 0.8311 - Val PR-AUC: 0.3726
Epoch 53/100 - Loss: 0.2806 - Val F1: 0.4600 - Val ROC-AUC: 0.8262 - Val PR-AUC: 0.3717
Epoch 54/100 - Loss: 0.2836 - Val F1: 0.4526 - Val ROC-AUC: 0.8340 - Val PR-AUC: 0.3754
Epoch 55/100 - Loss: 0.2803 - Val F1: 0.4650 - Val ROC-AUC: 0.8297 - Val PR-AUC: 0.3732
Epoch 56/100 - Loss: 0.2766 - Val F1: 0.4522 - Val ROC-AUC: 0.8243 - Val PR-AUC: 0.3675
Epoch 57/100 - Loss: 0.2787 - Val F1: 0.4745 - Val ROC-AUC: 0.8254 - Val PR-AUC: 0.3661
Epoch 58/100 - Loss: 0.2769 - Val F1: 0.4610 - Val ROC-AUC: 0.8289 - Val PR-AUC: 0.3676
Epoch 59/100 - Loss: 0.2697 - Val F1: 0.4667 - Val ROC-AUC: 0.8274 - Val PR-AUC: 0.3740
Epoch 60/100 - Loss: 0.2705 - Val F1: 0.4721 - Val ROC-AUC: 0.8313 - Val PR-AUC: 0.3771
Epoch 61/100 - Loss: 0.2679 - Val F1: 0.4595 - Val ROC-AUC: 0.8257 - Val PR-AUC: 0.3609
Epoch 62/100 - Loss: 0.2791 - Val F1: 0.4717 - Val ROC-AUC: 0.8299 - Val PR-AUC: 0.3731
Epoch 63/100 - Loss: 0.2734 - Val F1: 0.4674 - Val ROC-AUC: 0.8271 - Val PR-AUC: 0.3700
Epoch 64/100 - Loss: 0.2655 - Val F1: 0.4631 - Val ROC-AUC: 0.8299 - Val PR-AUC: 0.3772
Epoch 65/100 - Loss: 0.2772 - Val F1: 0.4585 - Val ROC-AUC: 0.8260 - Val PR-AUC: 0.3722
Epoch 66/100 - Loss: 0.2697 - Val F1: 0.4691 - Val ROC-AUC: 0.8282 - Val PR-AUC: 0.3676
Epoch 67/100 - Loss: 0.2759 - Val F1: 0.4586 - Val ROC-AUC: 0.8298 - Val PR-AUC: 0.3720
Epoch 68/100 - Loss: 0.2738 - Val F1: 0.4620 - Val ROC-AUC: 0.8283 - Val PR-AUC: 0.3745
Epoch 69/100 - Loss: 0.2728 - Val F1: 0.4814 - Val ROC-AUC: 0.8285 - Val PR-AUC: 0.3739
Epoch 70/100 - Loss: 0.2677 - Val F1: 0.4625 - Val ROC-AUC: 0.8266 - Val PR-AUC: 0.3736
Epoch 71/100 - Loss: 0.2633 - Val F1: 0.4679 - Val ROC-AUC: 0.8314 - Val PR-AUC: 0.3741
Epoch 72/100 - Loss: 0.2693 - Val F1: 0.4725 - Val ROC-AUC: 0.8274 - Val PR-AUC: 0.3701
Epoch 73/100 - Loss: 0.2647 - Val F1: 0.4686 - Val ROC-AUC: 0.8268 - Val PR-AUC: 0.3696
Epoch 74/100 - Loss: 0.2670 - Val F1: 0.4698 - Val ROC-AUC: 0.8296 - Val PR-AUC: 0.3734
Epoch 75/100 - Loss: 0.2539 - Val F1: 0.4636 - Val ROC-AUC: 0.8290 - Val PR-AUC: 0.3729
Epoch 76/100 - Loss: 0.2614 - Val F1: 0.4706 - Val ROC-AUC: 0.8271 - Val PR-AUC: 0.3706
Epoch 77/100 - Loss: 0.2713 - Val F1: 0.4665 - Val ROC-AUC: 0.8289 - Val PR-AUC: 0.3715
Epoch 78/100 - Loss: 0.2591 - Val F1: 0.4630 - Val ROC-AUC: 0.8254 - Val PR-AUC: 0.3704
Epoch 79/100 - Loss: 0.2643 - Val F1: 0.4678 - Val ROC-AUC: 0.8268 - Val PR-AUC: 0.3692
Epoch 80/100 - Loss: 0.2583 - Val F1: 0.4797 - Val ROC-AUC: 0.8280 - Val PR-AUC: 0.3720
Epoch 81/100 - Loss: 0.2576 - Val F1: 0.4667 - Val ROC-AUC: 0.8269 - Val PR-AUC: 0.3678
Epoch 82/100 - Loss: 0.2692 - Val F1: 0.4675 - Val ROC-AUC: 0.8260 - Val PR-AUC: 0.3679
Epoch 83/100 - Loss: 0.2614 - Val F1: 0.4702 - Val ROC-AUC: 0.8259 - Val PR-AUC: 0.3678
Epoch 84/100 - Loss: 0.2641 - Val F1: 0.4730 - Val ROC-AUC: 0.8262 - Val PR-AUC: 0.3661
Epoch 85/100 - Loss: 0.2651 - Val F1: 0.4646 - Val ROC-AUC: 0.8268 - Val PR-AUC: 0.3693
Epoch 86/100 - Loss: 0.2683 - Val F1: 0.4669 - Val ROC-AUC: 0.8286 - Val PR-AUC: 0.3724
Epoch 87/100 - Loss: 0.2547 - Val F1: 0.4733 - Val ROC-AUC: 0.8284 - Val PR-AUC: 0.3672
Epoch 88/100 - Loss: 0.2493 - Val F1: 0.4781 - Val ROC-AUC: 0.8265 - Val PR-AUC: 0.3679
Epoch 89/100 - Loss: 0.2604 - Val F1: 0.4658 - Val ROC-AUC: 0.8272 - Val PR-AUC: 0.3674
Epoch 90/100 - Loss: 0.2646 - Val F1: 0.4714 - Val ROC-AUC: 0.8261 - Val PR-AUC: 0.3679
Epoch 91/100 - Loss: 0.2576 - Val F1: 0.4710 - Val ROC-AUC: 0.8256 - Val PR-AUC: 0.3659
Epoch 92/100 - Loss: 0.2497 - Val F1: 0.4771 - Val ROC-AUC: 0.8270 - Val PR-AUC: 0.3684
Epoch 93/100 - Loss: 0.2509 - Val F1: 0.4752 - Val ROC-AUC: 0.8271 - Val PR-AUC: 0.3709
Epoch 94/100 - Loss: 0.2589 - Val F1: 0.4750 - Val ROC-AUC: 0.8267 - Val PR-AUC: 0.3666
Epoch 95/100 - Loss: 0.2628 - Val F1: 0.4771 - Val ROC-AUC: 0.8276 - Val PR-AUC: 0.3709
Epoch 96/100 - Loss: 0.2623 - Val F1: 0.4732 - Val ROC-AUC: 0.8266 - Val PR-AUC: 0.3674
Epoch 97/100 - Loss: 0.2532 - Val F1: 0.4855 - Val ROC-AUC: 0.8257 - Val PR-AUC: 0.3676
Epoch 98/100 - Loss: 0.2680 - Val F1: 0.4756 - Val ROC-AUC: 0.8264 - Val PR-AUC: 0.3657
Epoch 99/100 - Loss: 0.2593 - Val F1: 0.4706 - Val ROC-AUC: 0.8254 - Val PR-AUC: 0.3662
Epoch 100/100 - Loss: 0.2593 - Val F1: 0.4733 - Val ROC-AUC: 0.8264 - Val PR-AUC: 0.3668
Pretraining completed. Test F1: 0.4470, ROC-AUC: 0.7930, PR-AUC: 0.4073
[3/4] Finetuning on TOX21_ERb_BLA_Agonist_ch2 using GIN_GCN...
[Fine-tune] Epoch 1/50 - Loss: 0.3831 - Val F1: 0.2766 - Val ROC-AUC: 0.8805 - Val PR-AUC: 0.4594
[Fine-tune] Epoch 2/50 - Loss: 0.2367 - Val F1: 0.2626 - Val ROC-AUC: 0.8038 - Val PR-AUC: 0.4844
[Fine-tune] Epoch 3/50 - Loss: 0.1800 - Val F1: 0.3467 - Val ROC-AUC: 0.8191 - Val PR-AUC: 0.5113
[Fine-tune] Epoch 4/50 - Loss: 0.1745 - Val F1: 0.2857 - Val ROC-AUC: 0.8163 - Val PR-AUC: 0.4319
[Fine-tune] Epoch 5/50 - Loss: 0.1679 - Val F1: 0.3377 - Val ROC-AUC: 0.8309 - Val PR-AUC: 0.4205
[Fine-tune] Epoch 6/50 - Loss: 0.1255 - Val F1: 0.3380 - Val ROC-AUC: 0.8383 - Val PR-AUC: 0.5157
[Fine-tune] Epoch 7/50 - Loss: 0.1579 - Val F1: 0.2791 - Val ROC-AUC: 0.8538 - Val PR-AUC: 0.5290
[Fine-tune] Epoch 8/50 - Loss: 0.1281 - Val F1: 0.3529 - Val ROC-AUC: 0.8301 - Val PR-AUC: 0.5382
[Fine-tune] Epoch 9/50 - Loss: 0.1023 - Val F1: 0.3774 - Val ROC-AUC: 0.8129 - Val PR-AUC: 0.4266
[Fine-tune] Epoch 10/50 - Loss: 0.1059 - Val F1: 0.4000 - Val ROC-AUC: 0.8233 - Val PR-AUC: 0.4825
[Fine-tune] Epoch 11/50 - Loss: 0.0863 - Val F1: 0.4231 - Val ROC-AUC: 0.8085 - Val PR-AUC: 0.4805
[Fine-tune] Epoch 12/50 - Loss: 0.0714 - Val F1: 0.4800 - Val ROC-AUC: 0.8180 - Val PR-AUC: 0.4693
[Fine-tune] Epoch 13/50 - Loss: 0.0770 - Val F1: 0.4074 - Val ROC-AUC: 0.8202 - Val PR-AUC: 0.4791
[Fine-tune] Epoch 14/50 - Loss: 0.0631 - Val F1: 0.4000 - Val ROC-AUC: 0.8059 - Val PR-AUC: 0.5891
[Fine-tune] Epoch 15/50 - Loss: 0.0653 - Val F1: 0.3810 - Val ROC-AUC: 0.8230 - Val PR-AUC: 0.4485
[Fine-tune] Epoch 16/50 - Loss: 0.0690 - Val F1: 0.4615 - Val ROC-AUC: 0.8238 - Val PR-AUC: 0.4929
[Fine-tune] Epoch 17/50 - Loss: 0.0695 - Val F1: 0.4082 - Val ROC-AUC: 0.8408 - Val PR-AUC: 0.5746
[Fine-tune] Epoch 18/50 - Loss: 0.0617 - Val F1: 0.5200 - Val ROC-AUC: 0.8448 - Val PR-AUC: 0.6153
[Fine-tune] Epoch 19/50 - Loss: 0.0611 - Val F1: 0.4800 - Val ROC-AUC: 0.8306 - Val PR-AUC: 0.5936
[Fine-tune] Epoch 20/50 - Loss: 0.0556 - Val F1: 0.4545 - Val ROC-AUC: 0.7989 - Val PR-AUC: 0.5328
[Fine-tune] Epoch 21/50 - Loss: 0.0428 - Val F1: 0.4783 - Val ROC-AUC: 0.8236 - Val PR-AUC: 0.5114
[Fine-tune] Epoch 22/50 - Loss: 0.0455 - Val F1: 0.4583 - Val ROC-AUC: 0.8090 - Val PR-AUC: 0.5767
[Fine-tune] Epoch 23/50 - Loss: 0.0421 - Val F1: 0.4400 - Val ROC-AUC: 0.8242 - Val PR-AUC: 0.6044
[Fine-tune] Epoch 24/50 - Loss: 0.0384 - Val F1: 0.4490 - Val ROC-AUC: 0.8171 - Val PR-AUC: 0.5731
[Fine-tune] Epoch 25/50 - Loss: 0.0398 - Val F1: 0.4783 - Val ROC-AUC: 0.8014 - Val PR-AUC: 0.6209
[Fine-tune] Epoch 26/50 - Loss: 0.0328 - Val F1: 0.4889 - Val ROC-AUC: 0.8127 - Val PR-AUC: 0.5691
[Fine-tune] Epoch 27/50 - Loss: 0.0412 - Val F1: 0.4800 - Val ROC-AUC: 0.8276 - Val PR-AUC: 0.6339
[Fine-tune] Epoch 28/50 - Loss: 0.0464 - Val F1: 0.4400 - Val ROC-AUC: 0.8214 - Val PR-AUC: 0.5916
[Fine-tune] Epoch 29/50 - Loss: 0.0296 - Val F1: 0.4889 - Val ROC-AUC: 0.8069 - Val PR-AUC: 0.5780
[Fine-tune] Epoch 30/50 - Loss: 0.0288 - Val F1: 0.4783 - Val ROC-AUC: 0.8274 - Val PR-AUC: 0.6081
[Fine-tune] Epoch 31/50 - Loss: 0.0297 - Val F1: 0.4889 - Val ROC-AUC: 0.8113 - Val PR-AUC: 0.6059
[Fine-tune] Epoch 32/50 - Loss: 0.0286 - Val F1: 0.5000 - Val ROC-AUC: 0.8050 - Val PR-AUC: 0.5844
[Fine-tune] Epoch 33/50 - Loss: 0.0260 - Val F1: 0.5116 - Val ROC-AUC: 0.8356 - Val PR-AUC: 0.6071
[Fine-tune] Epoch 34/50 - Loss: 0.0221 - Val F1: 0.4783 - Val ROC-AUC: 0.8289 - Val PR-AUC: 0.6018
[Fine-tune] Epoch 35/50 - Loss: 0.0256 - Val F1: 0.4681 - Val ROC-AUC: 0.8242 - Val PR-AUC: 0.6262
[Fine-tune] Epoch 36/50 - Loss: 0.0201 - Val F1: 0.5238 - Val ROC-AUC: 0.8185 - Val PR-AUC: 0.5817
[Fine-tune] Epoch 37/50 - Loss: 0.0312 - Val F1: 0.5000 - Val ROC-AUC: 0.8281 - Val PR-AUC: 0.5752
[Fine-tune] Epoch 38/50 - Loss: 0.0254 - Val F1: 0.5000 - Val ROC-AUC: 0.8194 - Val PR-AUC: 0.6013
[Fine-tune] Epoch 39/50 - Loss: 0.0190 - Val F1: 0.5116 - Val ROC-AUC: 0.8274 - Val PR-AUC: 0.5870
[Fine-tune] Epoch 40/50 - Loss: 0.0242 - Val F1: 0.5366 - Val ROC-AUC: 0.8139 - Val PR-AUC: 0.5877
[Fine-tune] Epoch 41/50 - Loss: 0.0176 - Val F1: 0.5238 - Val ROC-AUC: 0.8251 - Val PR-AUC: 0.6036
[Fine-tune] Epoch 42/50 - Loss: 0.0217 - Val F1: 0.4889 - Val ROC-AUC: 0.8258 - Val PR-AUC: 0.5740
[Fine-tune] Epoch 43/50 - Loss: 0.0235 - Val F1: 0.5000 - Val ROC-AUC: 0.8193 - Val PR-AUC: 0.5624
[Fine-tune] Epoch 44/50 - Loss: 0.0217 - Val F1: 0.5000 - Val ROC-AUC: 0.8125 - Val PR-AUC: 0.5575
[Fine-tune] Epoch 45/50 - Loss: 0.0211 - Val F1: 0.5366 - Val ROC-AUC: 0.8282 - Val PR-AUC: 0.5816
[Fine-tune] Epoch 46/50 - Loss: 0.0200 - Val F1: 0.5116 - Val ROC-AUC: 0.8294 - Val PR-AUC: 0.5849
[Fine-tune] Epoch 47/50 - Loss: 0.0163 - Val F1: 0.4889 - Val ROC-AUC: 0.8239 - Val PR-AUC: 0.5785
[Fine-tune] Epoch 48/50 - Loss: 0.0200 - Val F1: 0.4783 - Val ROC-AUC: 0.8331 - Val PR-AUC: 0.6042
[Fine-tune] Epoch 49/50 - Loss: 0.0258 - Val F1: 0.4889 - Val ROC-AUC: 0.8378 - Val PR-AUC: 0.5715
[Fine-tune] Epoch 50/50 - Loss: 0.0183 - Val F1: 0.4444 - Val ROC-AUC: 0.8187 - Val PR-AUC: 0.5748
Finetuning completed. Test F1: 0.4211, ROC-AUC: 0.8450, PR-AUC: 0.3737
[3.1/4] Target-only training on TOX21_ERb_BLA_Agonist_ch2 using GIN_GCN...
=== Target-only training ===
[Target-only] Epoch 1/50 – Loss: 0.4305  Val F1: 0.2000  ROC-AUC: 0.8274  PR-AUC: 0.3528
[Target-only] Epoch 2/50 – Loss: 0.3596  Val F1: 0.3288  ROC-AUC: 0.8532  PR-AUC: 0.3742
[Target-only] Epoch 3/50 – Loss: 0.3112  Val F1: 0.2381  ROC-AUC: 0.8583  PR-AUC: 0.4342
[Target-only] Epoch 4/50 – Loss: 0.2710  Val F1: 0.2526  ROC-AUC: 0.8658  PR-AUC: 0.4548
[Target-only] Epoch 5/50 – Loss: 0.2662  Val F1: 0.2500  ROC-AUC: 0.8451  PR-AUC: 0.4380
[Target-only] Epoch 6/50 – Loss: 0.2332  Val F1: 0.2521  ROC-AUC: 0.8647  PR-AUC: 0.4840
[Target-only] Epoch 7/50 – Loss: 0.2141  Val F1: 0.2947  ROC-AUC: 0.8675  PR-AUC: 0.4352
[Target-only] Epoch 8/50 – Loss: 0.1907  Val F1: 0.2044  ROC-AUC: 0.8420  PR-AUC: 0.4746
[Target-only] Epoch 9/50 – Loss: 0.1734  Val F1: 0.3333  ROC-AUC: 0.8463  PR-AUC: 0.3930
[Target-only] Epoch 10/50 – Loss: 0.1637  Val F1: 0.3333  ROC-AUC: 0.8631  PR-AUC: 0.4219
[Target-only] Epoch 11/50 – Loss: 0.1348  Val F1: 0.3294  ROC-AUC: 0.8534  PR-AUC: 0.5304
[Target-only] Epoch 12/50 – Loss: 0.1289  Val F1: 0.3582  ROC-AUC: 0.8478  PR-AUC: 0.5333
[Target-only] Epoch 13/50 – Loss: 0.1139  Val F1: 0.3210  ROC-AUC: 0.8861  PR-AUC: 0.5162
[Target-only] Epoch 14/50 – Loss: 0.1101  Val F1: 0.3529  ROC-AUC: 0.8525  PR-AUC: 0.4170
[Target-only] Epoch 15/50 – Loss: 0.1027  Val F1: 0.4242  ROC-AUC: 0.8896  PR-AUC: 0.4822
[Target-only] Epoch 16/50 – Loss: 0.0967  Val F1: 0.3210  ROC-AUC: 0.8523  PR-AUC: 0.5031
[Target-only] Epoch 17/50 – Loss: 0.1061  Val F1: 0.3467  ROC-AUC: 0.8230  PR-AUC: 0.4822
[Target-only] Epoch 18/50 – Loss: 0.0938  Val F1: 0.4333  ROC-AUC: 0.8560  PR-AUC: 0.4143
[Target-only] Epoch 19/50 – Loss: 0.0997  Val F1: 0.4000  ROC-AUC: 0.8572  PR-AUC: 0.5058
[Target-only] Epoch 20/50 – Loss: 0.0876  Val F1: 0.4483  ROC-AUC: 0.8267  PR-AUC: 0.5303
[Target-only] Epoch 21/50 – Loss: 0.0750  Val F1: 0.4727  ROC-AUC: 0.8497  PR-AUC: 0.4808
[Target-only] Epoch 22/50 – Loss: 0.0627  Val F1: 0.4528  ROC-AUC: 0.8390  PR-AUC: 0.5376
[Target-only] Epoch 23/50 – Loss: 0.0716  Val F1: 0.4364  ROC-AUC: 0.8345  PR-AUC: 0.5340
[Target-only] Epoch 24/50 – Loss: 0.0602  Val F1: 0.5000  ROC-AUC: 0.8395  PR-AUC: 0.5224
[Target-only] Epoch 25/50 – Loss: 0.0602  Val F1: 0.4643  ROC-AUC: 0.8387  PR-AUC: 0.5073
[Target-only] Epoch 26/50 – Loss: 0.0608  Val F1: 0.4490  ROC-AUC: 0.8485  PR-AUC: 0.4368
[Target-only] Epoch 27/50 – Loss: 0.0623  Val F1: 0.4286  ROC-AUC: 0.8313  PR-AUC: 0.4551
[Target-only] Epoch 28/50 – Loss: 0.0532  Val F1: 0.4231  ROC-AUC: 0.8619  PR-AUC: 0.5290
[Target-only] Epoch 29/50 – Loss: 0.0467  Val F1: 0.4528  ROC-AUC: 0.8219  PR-AUC: 0.4420
[Target-only] Epoch 30/50 – Loss: 0.0590  Val F1: 0.5306  ROC-AUC: 0.8369  PR-AUC: 0.5036
[Target-only] Epoch 31/50 – Loss: 0.0494  Val F1: 0.4364  ROC-AUC: 0.8663  PR-AUC: 0.5378
[Target-only] Epoch 32/50 – Loss: 0.0405  Val F1: 0.4898  ROC-AUC: 0.8300  PR-AUC: 0.5221
[Target-only] Epoch 33/50 – Loss: 0.0412  Val F1: 0.4898  ROC-AUC: 0.8611  PR-AUC: 0.5498
[Target-only] Epoch 34/50 – Loss: 0.0456  Val F1: 0.4615  ROC-AUC: 0.8367  PR-AUC: 0.5673
[Target-only] Epoch 35/50 – Loss: 0.0420  Val F1: 0.4400  ROC-AUC: 0.8248  PR-AUC: 0.4719
[Target-only] Epoch 36/50 – Loss: 0.0453  Val F1: 0.4615  ROC-AUC: 0.8332  PR-AUC: 0.5336
[Target-only] Epoch 37/50 – Loss: 0.0381  Val F1: 0.4583  ROC-AUC: 0.8566  PR-AUC: 0.4950
[Target-only] Epoch 38/50 – Loss: 0.0340  Val F1: 0.4583  ROC-AUC: 0.8462  PR-AUC: 0.5014
[Target-only] Epoch 39/50 – Loss: 0.0345  Val F1: 0.4681  ROC-AUC: 0.8544  PR-AUC: 0.5114
[Target-only] Epoch 40/50 – Loss: 0.0435  Val F1: 0.5217  ROC-AUC: 0.8432  PR-AUC: 0.5355
[Target-only] Epoch 41/50 – Loss: 0.0385  Val F1: 0.4615  ROC-AUC: 0.8553  PR-AUC: 0.5385
[Target-only] Epoch 42/50 – Loss: 0.0353  Val F1: 0.4490  ROC-AUC: 0.8441  PR-AUC: 0.5299
[Target-only] Epoch 43/50 – Loss: 0.0306  Val F1: 0.4400  ROC-AUC: 0.8375  PR-AUC: 0.5483
[Target-only] Epoch 44/50 – Loss: 0.0362  Val F1: 0.5106  ROC-AUC: 0.8299  PR-AUC: 0.5521
[Target-only] Epoch 45/50 – Loss: 0.0397  Val F1: 0.4889  ROC-AUC: 0.8262  PR-AUC: 0.5228
[Target-only] Epoch 46/50 – Loss: 0.0344  Val F1: 0.5000  ROC-AUC: 0.8339  PR-AUC: 0.5614
[Target-only] Epoch 47/50 – Loss: 0.0318  Val F1: 0.4681  ROC-AUC: 0.8483  PR-AUC: 0.5262
[Target-only] Epoch 48/50 – Loss: 0.0337  Val F1: 0.4138  ROC-AUC: 0.8358  PR-AUC: 0.5272
[Target-only] Epoch 49/50 – Loss: 0.0386  Val F1: 0.5106  ROC-AUC: 0.8447  PR-AUC: 0.5588
[Target-only] Epoch 50/50 – Loss: 0.0333  Val F1: 0.4706  ROC-AUC: 0.8382  PR-AUC: 0.5549
=== Target-only TEST performance ===
Test F1: 0.3704, ROC-AUC: 0.8517, PR-AUC: 0.3516
✅ 실험 완료: TOX21_ERa_BLA_Antagonist_ratio -> TOX21_ERb_BLA_Agonist_ch2 [GIN_GCN]
