[16:52:15] Can't kekulize mol.  Unkekulized atoms: 1 2 3 4 5
[16:52:16] Explicit valence for atom # 0 Cl, 2, is greater than permitted
[16:52:16] Can't kekulize mol.  Unkekulized atoms: 3 4 5 6 7
[16:52:17] Can't kekulize mol.  Unkekulized atoms: 3 4 5 6 7
[16:52:17] WARNING: not removing hydrogen atom without neighbors
[16:52:19] Explicit valence for atom # 3 Si, 8, is greater than permitted
[16:52:20] Can't kekulize mol.  Unkekulized atoms: 1 2 3 4 5
[16:52:20] Can't kekulize mol.  Unkekulized atoms: 3 4 5 6 7
[16:52:20] Can't kekulize mol.  Unkekulized atoms: 1 2 3 4 5
[16:52:20] WARNING: not removing hydrogen atom without neighbors
[16:52:21] Can't kekulize mol.  Unkekulized atoms: 1 2 3 4 5
[16:52:21] Explicit valence for atom # 6 O, 3, is greater than permitted
[16:52:21] Explicit valence for atom # 3 Si, 8, is greater than permitted
[16:52:21] Explicit valence for atom # 0 Cl, 2, is greater than permitted
[16:53:18] Can't kekulize mol.  Unkekulized atoms: 1 2 3 4 5
[16:53:19] Explicit valence for atom # 0 Cl, 2, is greater than permitted
[16:53:19] Can't kekulize mol.  Unkekulized atoms: 3 4 5 6 7
[16:53:20] Can't kekulize mol.  Unkekulized atoms: 3 4 5 6 7
[16:53:22] Can't kekulize mol.  Unkekulized atoms: 1 2 3 4 5
[16:53:22] Can't kekulize mol.  Unkekulized atoms: 3 4 5 6 7
[16:53:23] Can't kekulize mol.  Unkekulized atoms: 1 2 3 4 5
[16:53:23] WARNING: not removing hydrogen atom without neighbors
[16:53:23] Can't kekulize mol.  Unkekulized atoms: 1 2 3 4 5
[16:53:23] Explicit valence for atom # 6 O, 3, is greater than permitted
[16:53:23] Explicit valence for atom # 3 Si, 8, is greater than permitted
[16:53:24] Explicit valence for atom # 0 Cl, 2, is greater than permitted
Traceback (most recent call last):
  File "<stdin>", line 7, in <module>
AttributeError: module 'config.config' has no attribute 'DEVIDE'. Did you mean: 'DEVICE'?
