[1/4] Converting Excel to CSV...
[2/4] Pre-training on ERα...
Epoch 1/50 - Loss: 0.6378 - Val F1: 0.2866 - Val ROC-AUC: 0.6735 - Val PR-AUC: 0.2017
Epoch 2/50 - Loss: 0.5904 - Val F1: 0.3281 - Val ROC-AUC: 0.7276 - Val PR-AUC: 0.2639
Epoch 3/50 - Loss: 0.5749 - Val F1: 0.3636 - Val ROC-AUC: 0.7329 - Val PR-AUC: 0.2761
Epoch 4/50 - Loss: 0.5558 - Val F1: 0.3443 - Val ROC-AUC: 0.7541 - Val PR-AUC: 0.3104
Epoch 5/50 - Loss: 0.5513 - Val F1: 0.3627 - Val ROC-AUC: 0.7525 - Val PR-AUC: 0.2959
Epoch 6/50 - Loss: 0.5314 - Val F1: 0.3667 - Val ROC-AUC: 0.7525 - Val PR-AUC: 0.2741
Epoch 7/50 - Loss: 0.5274 - Val F1: 0.3482 - Val ROC-AUC: 0.7549 - Val PR-AUC: 0.2806
Epoch 8/50 - Loss: 0.5105 - Val F1: 0.3177 - Val ROC-AUC: 0.7665 - Val PR-AUC: 0.2899
Epoch 9/50 - Loss: 0.5080 - Val F1: 0.4055 - Val ROC-AUC: 0.7691 - Val PR-AUC: 0.3272
Epoch 10/50 - Loss: 0.5077 - Val F1: 0.3420 - Val ROC-AUC: 0.7587 - Val PR-AUC: 0.2716
Epoch 11/50 - Loss: 0.4824 - Val F1: 0.3830 - Val ROC-AUC: 0.7891 - Val PR-AUC: 0.3246
Epoch 12/50 - Loss: 0.4837 - Val F1: 0.3956 - Val ROC-AUC: 0.7884 - Val PR-AUC: 0.3516
Epoch 13/50 - Loss: 0.4558 - Val F1: 0.3953 - Val ROC-AUC: 0.7827 - Val PR-AUC: 0.3286
Epoch 14/50 - Loss: 0.4544 - Val F1: 0.4255 - Val ROC-AUC: 0.8000 - Val PR-AUC: 0.3542
Epoch 15/50 - Loss: 0.4439 - Val F1: 0.3969 - Val ROC-AUC: 0.7861 - Val PR-AUC: 0.3206
Epoch 16/50 - Loss: 0.4557 - Val F1: 0.4187 - Val ROC-AUC: 0.7988 - Val PR-AUC: 0.3293
Epoch 17/50 - Loss: 0.4508 - Val F1: 0.3990 - Val ROC-AUC: 0.8087 - Val PR-AUC: 0.3675
Epoch 18/50 - Loss: 0.4498 - Val F1: 0.4025 - Val ROC-AUC: 0.7944 - Val PR-AUC: 0.3333
Epoch 19/50 - Loss: 0.4458 - Val F1: 0.4051 - Val ROC-AUC: 0.8087 - Val PR-AUC: 0.3612
Epoch 20/50 - Loss: 0.4478 - Val F1: 0.3929 - Val ROC-AUC: 0.7940 - Val PR-AUC: 0.3377
Epoch 21/50 - Loss: 0.4222 - Val F1: 0.4113 - Val ROC-AUC: 0.8031 - Val PR-AUC: 0.3442
Epoch 22/50 - Loss: 0.4040 - Val F1: 0.4273 - Val ROC-AUC: 0.8146 - Val PR-AUC: 0.3587
Epoch 23/50 - Loss: 0.4042 - Val F1: 0.4160 - Val ROC-AUC: 0.8170 - Val PR-AUC: 0.3766
Epoch 24/50 - Loss: 0.4105 - Val F1: 0.4202 - Val ROC-AUC: 0.8076 - Val PR-AUC: 0.3516
Epoch 25/50 - Loss: 0.4086 - Val F1: 0.4109 - Val ROC-AUC: 0.8096 - Val PR-AUC: 0.3514
Epoch 26/50 - Loss: 0.4101 - Val F1: 0.4254 - Val ROC-AUC: 0.8152 - Val PR-AUC: 0.3740
Epoch 27/50 - Loss: 0.4047 - Val F1: 0.3977 - Val ROC-AUC: 0.8064 - Val PR-AUC: 0.3670
Epoch 28/50 - Loss: 0.3829 - Val F1: 0.4171 - Val ROC-AUC: 0.8127 - Val PR-AUC: 0.3742
Epoch 29/50 - Loss: 0.3925 - Val F1: 0.4277 - Val ROC-AUC: 0.8200 - Val PR-AUC: 0.3884
Epoch 30/50 - Loss: 0.3884 - Val F1: 0.4237 - Val ROC-AUC: 0.8163 - Val PR-AUC: 0.3813
Epoch 31/50 - Loss: 0.3771 - Val F1: 0.4458 - Val ROC-AUC: 0.8115 - Val PR-AUC: 0.3534
Epoch 32/50 - Loss: 0.3703 - Val F1: 0.4254 - Val ROC-AUC: 0.8143 - Val PR-AUC: 0.3697
Epoch 33/50 - Loss: 0.3767 - Val F1: 0.4324 - Val ROC-AUC: 0.8288 - Val PR-AUC: 0.3832
Epoch 34/50 - Loss: 0.3736 - Val F1: 0.4187 - Val ROC-AUC: 0.8226 - Val PR-AUC: 0.3775
Epoch 35/50 - Loss: 0.3642 - Val F1: 0.4459 - Val ROC-AUC: 0.8248 - Val PR-AUC: 0.3966
Epoch 36/50 - Loss: 0.3626 - Val F1: 0.4303 - Val ROC-AUC: 0.8178 - Val PR-AUC: 0.3730
Epoch 37/50 - Loss: 0.3664 - Val F1: 0.4458 - Val ROC-AUC: 0.8174 - Val PR-AUC: 0.3716
Epoch 38/50 - Loss: 0.3695 - Val F1: 0.4282 - Val ROC-AUC: 0.8237 - Val PR-AUC: 0.3713
Epoch 39/50 - Loss: 0.3697 - Val F1: 0.4208 - Val ROC-AUC: 0.8171 - Val PR-AUC: 0.3705
Epoch 40/50 - Loss: 0.3591 - Val F1: 0.4286 - Val ROC-AUC: 0.8191 - Val PR-AUC: 0.3807
Epoch 41/50 - Loss: 0.3489 - Val F1: 0.4178 - Val ROC-AUC: 0.8209 - Val PR-AUC: 0.3867
Epoch 42/50 - Loss: 0.3517 - Val F1: 0.4431 - Val ROC-AUC: 0.8227 - Val PR-AUC: 0.3864
Epoch 43/50 - Loss: 0.3352 - Val F1: 0.4332 - Val ROC-AUC: 0.8203 - Val PR-AUC: 0.3812
Epoch 44/50 - Loss: 0.3379 - Val F1: 0.4387 - Val ROC-AUC: 0.8178 - Val PR-AUC: 0.3760
Epoch 45/50 - Loss: 0.3376 - Val F1: 0.4303 - Val ROC-AUC: 0.8200 - Val PR-AUC: 0.3768
Epoch 46/50 - Loss: 0.3453 - Val F1: 0.4606 - Val ROC-AUC: 0.8207 - Val PR-AUC: 0.3786
Epoch 47/50 - Loss: 0.3474 - Val F1: 0.4423 - Val ROC-AUC: 0.8173 - Val PR-AUC: 0.3713
Epoch 48/50 - Loss: 0.3370 - Val F1: 0.4265 - Val ROC-AUC: 0.8209 - Val PR-AUC: 0.3773
Epoch 49/50 - Loss: 0.3327 - Val F1: 0.4405 - Val ROC-AUC: 0.8227 - Val PR-AUC: 0.3865
Epoch 50/50 - Loss: 0.3505 - Val F1: 0.4329 - Val ROC-AUC: 0.8190 - Val PR-AUC: 0.3687
Pretraining completed. Test F1: 0.4336, ROC-AUC: 0.7941, PR-AUC: 0.4131
[3/4] Fine-tuning on ERβ...
[Fine-tune] Epoch 1/50 - Loss: 0.5317 - Val F1: 0.3534 - Val ROC-AUC: 0.7992 - Val PR-AUC: 0.3839
[Fine-tune] Epoch 2/50 - Loss: 0.5013 - Val F1: 0.4000 - Val ROC-AUC: 0.8227 - Val PR-AUC: 0.4002
[Fine-tune] Epoch 3/50 - Loss: 0.4820 - Val F1: 0.4245 - Val ROC-AUC: 0.8160 - Val PR-AUC: 0.3910
[Fine-tune] Epoch 4/50 - Loss: 0.4710 - Val F1: 0.4000 - Val ROC-AUC: 0.8048 - Val PR-AUC: 0.3893
[Fine-tune] Epoch 5/50 - Loss: 0.4696 - Val F1: 0.4211 - Val ROC-AUC: 0.8124 - Val PR-AUC: 0.3907
[Fine-tune] Epoch 6/50 - Loss: 0.4492 - Val F1: 0.4140 - Val ROC-AUC: 0.8173 - Val PR-AUC: 0.3813
[Fine-tune] Epoch 7/50 - Loss: 0.4380 - Val F1: 0.3753 - Val ROC-AUC: 0.8154 - Val PR-AUC: 0.3993
[Fine-tune] Epoch 8/50 - Loss: 0.4320 - Val F1: 0.4142 - Val ROC-AUC: 0.8165 - Val PR-AUC: 0.3880
[Fine-tune] Epoch 9/50 - Loss: 0.4336 - Val F1: 0.4066 - Val ROC-AUC: 0.8153 - Val PR-AUC: 0.3905
[Fine-tune] Epoch 10/50 - Loss: 0.4240 - Val F1: 0.3873 - Val ROC-AUC: 0.8102 - Val PR-AUC: 0.3957
[Fine-tune] Epoch 11/50 - Loss: 0.3938 - Val F1: 0.4254 - Val ROC-AUC: 0.8192 - Val PR-AUC: 0.4060
[Fine-tune] Epoch 12/50 - Loss: 0.3843 - Val F1: 0.4147 - Val ROC-AUC: 0.8215 - Val PR-AUC: 0.4069
[Fine-tune] Epoch 13/50 - Loss: 0.3731 - Val F1: 0.4360 - Val ROC-AUC: 0.8298 - Val PR-AUC: 0.4408
[Fine-tune] Epoch 14/50 - Loss: 0.3641 - Val F1: 0.4416 - Val ROC-AUC: 0.8177 - Val PR-AUC: 0.4009
[Fine-tune] Epoch 15/50 - Loss: 0.3641 - Val F1: 0.4317 - Val ROC-AUC: 0.8138 - Val PR-AUC: 0.4064
[Fine-tune] Epoch 16/50 - Loss: 0.3607 - Val F1: 0.4452 - Val ROC-AUC: 0.8085 - Val PR-AUC: 0.3858
[Fine-tune] Epoch 17/50 - Loss: 0.3505 - Val F1: 0.4323 - Val ROC-AUC: 0.8204 - Val PR-AUC: 0.3921
[Fine-tune] Epoch 18/50 - Loss: 0.3551 - Val F1: 0.4248 - Val ROC-AUC: 0.8161 - Val PR-AUC: 0.3929
[Fine-tune] Epoch 19/50 - Loss: 0.3421 - Val F1: 0.4503 - Val ROC-AUC: 0.8216 - Val PR-AUC: 0.4202
[Fine-tune] Epoch 20/50 - Loss: 0.3446 - Val F1: 0.4200 - Val ROC-AUC: 0.8185 - Val PR-AUC: 0.4014
[Fine-tune] Epoch 21/50 - Loss: 0.3105 - Val F1: 0.4342 - Val ROC-AUC: 0.8210 - Val PR-AUC: 0.4114
[Fine-tune] Epoch 22/50 - Loss: 0.3108 - Val F1: 0.4300 - Val ROC-AUC: 0.8192 - Val PR-AUC: 0.4009
[Fine-tune] Epoch 23/50 - Loss: 0.3199 - Val F1: 0.4384 - Val ROC-AUC: 0.8158 - Val PR-AUC: 0.4024
[Fine-tune] Epoch 24/50 - Loss: 0.2974 - Val F1: 0.4359 - Val ROC-AUC: 0.8187 - Val PR-AUC: 0.4035
[Fine-tune] Epoch 25/50 - Loss: 0.3093 - Val F1: 0.4104 - Val ROC-AUC: 0.8115 - Val PR-AUC: 0.3952
[Fine-tune] Epoch 26/50 - Loss: 0.2905 - Val F1: 0.4195 - Val ROC-AUC: 0.8067 - Val PR-AUC: 0.3944
[Fine-tune] Epoch 27/50 - Loss: 0.2899 - Val F1: 0.4286 - Val ROC-AUC: 0.8146 - Val PR-AUC: 0.4005
[Fine-tune] Epoch 28/50 - Loss: 0.3045 - Val F1: 0.4272 - Val ROC-AUC: 0.8053 - Val PR-AUC: 0.3914
[Fine-tune] Epoch 29/50 - Loss: 0.2839 - Val F1: 0.4167 - Val ROC-AUC: 0.8080 - Val PR-AUC: 0.4116
[Fine-tune] Epoch 30/50 - Loss: 0.2789 - Val F1: 0.4336 - Val ROC-AUC: 0.8127 - Val PR-AUC: 0.4160
[Fine-tune] Epoch 31/50 - Loss: 0.2815 - Val F1: 0.4068 - Val ROC-AUC: 0.8106 - Val PR-AUC: 0.4157
[Fine-tune] Epoch 32/50 - Loss: 0.2651 - Val F1: 0.4296 - Val ROC-AUC: 0.8088 - Val PR-AUC: 0.4195
[Fine-tune] Epoch 33/50 - Loss: 0.2646 - Val F1: 0.4211 - Val ROC-AUC: 0.8115 - Val PR-AUC: 0.4026
[Fine-tune] Epoch 34/50 - Loss: 0.2611 - Val F1: 0.4203 - Val ROC-AUC: 0.8098 - Val PR-AUC: 0.4048
[Fine-tune] Epoch 35/50 - Loss: 0.2653 - Val F1: 0.4104 - Val ROC-AUC: 0.8125 - Val PR-AUC: 0.4112
[Fine-tune] Epoch 36/50 - Loss: 0.2631 - Val F1: 0.4027 - Val ROC-AUC: 0.8056 - Val PR-AUC: 0.3958
[Fine-tune] Epoch 37/50 - Loss: 0.2597 - Val F1: 0.4155 - Val ROC-AUC: 0.8098 - Val PR-AUC: 0.4078
[Fine-tune] Epoch 38/50 - Loss: 0.2578 - Val F1: 0.4199 - Val ROC-AUC: 0.8052 - Val PR-AUC: 0.4004
[Fine-tune] Epoch 39/50 - Loss: 0.2500 - Val F1: 0.4290 - Val ROC-AUC: 0.8166 - Val PR-AUC: 0.4202
[Fine-tune] Epoch 40/50 - Loss: 0.2581 - Val F1: 0.4249 - Val ROC-AUC: 0.8076 - Val PR-AUC: 0.4068
[Fine-tune] Epoch 41/50 - Loss: 0.2489 - Val F1: 0.4345 - Val ROC-AUC: 0.8124 - Val PR-AUC: 0.4054
[Fine-tune] Epoch 42/50 - Loss: 0.2378 - Val F1: 0.4092 - Val ROC-AUC: 0.8112 - Val PR-AUC: 0.3970
[Fine-tune] Epoch 43/50 - Loss: 0.2449 - Val F1: 0.4221 - Val ROC-AUC: 0.8087 - Val PR-AUC: 0.4142
[Fine-tune] Epoch 44/50 - Loss: 0.2452 - Val F1: 0.4317 - Val ROC-AUC: 0.8080 - Val PR-AUC: 0.4122
[Fine-tune] Epoch 45/50 - Loss: 0.2484 - Val F1: 0.4214 - Val ROC-AUC: 0.8047 - Val PR-AUC: 0.4042
[Fine-tune] Epoch 46/50 - Loss: 0.2254 - Val F1: 0.4326 - Val ROC-AUC: 0.8088 - Val PR-AUC: 0.4168
[Fine-tune] Epoch 47/50 - Loss: 0.2385 - Val F1: 0.4207 - Val ROC-AUC: 0.8090 - Val PR-AUC: 0.4086
[Fine-tune] Epoch 48/50 - Loss: 0.2311 - Val F1: 0.4366 - Val ROC-AUC: 0.8035 - Val PR-AUC: 0.4189
[Fine-tune] Epoch 49/50 - Loss: 0.2430 - Val F1: 0.4338 - Val ROC-AUC: 0.8046 - Val PR-AUC: 0.4174
[Fine-tune] Epoch 50/50 - Loss: 0.2410 - Val F1: 0.4225 - Val ROC-AUC: 0.8084 - Val PR-AUC: 0.4196
Finetuning completed. Test F1: 0.5132, ROC-AUC: 0.8266, PR-AUC: 0.4431
[4/4] Visualizing embeddings...
