[1/4] Converting Excel to CSV...
→ 변환 스킵: SOURCE_DATA_PATH와 TARGET_DATA_PATH가 모두 존재합니다.
[2/4] Pre-training on TOX21_ERa_BLA_Antagonist_ratio...
Epoch 1/50 - Loss: 0.6347 - Val F1: 0.3103 - Val ROC-AUC: 0.6856 - Val PR-AUC: 0.1989
Epoch 2/50 - Loss: 0.5965 - Val F1: 0.2996 - Val ROC-AUC: 0.7170 - Val PR-AUC: 0.2369
Epoch 3/50 - Loss: 0.5801 - Val F1: 0.3545 - Val ROC-AUC: 0.7302 - Val PR-AUC: 0.2477
Epoch 4/50 - Loss: 0.5624 - Val F1: 0.3577 - Val ROC-AUC: 0.7462 - Val PR-AUC: 0.2818
Epoch 5/50 - Loss: 0.5418 - Val F1: 0.3654 - Val ROC-AUC: 0.7442 - Val PR-AUC: 0.2592
Epoch 6/50 - Loss: 0.5373 - Val F1: 0.2955 - Val ROC-AUC: 0.7084 - Val PR-AUC: 0.2481
Epoch 7/50 - Loss: 0.5368 - Val F1: 0.3291 - Val ROC-AUC: 0.7225 - Val PR-AUC: 0.2549
Epoch 8/50 - Loss: 0.5254 - Val F1: 0.3665 - Val ROC-AUC: 0.7728 - Val PR-AUC: 0.3114
Epoch 9/50 - Loss: 0.5079 - Val F1: 0.3431 - Val ROC-AUC: 0.7501 - Val PR-AUC: 0.2761
Epoch 10/50 - Loss: 0.5025 - Val F1: 0.3829 - Val ROC-AUC: 0.7660 - Val PR-AUC: 0.3068
Epoch 11/50 - Loss: 0.4755 - Val F1: 0.3753 - Val ROC-AUC: 0.7845 - Val PR-AUC: 0.3162
Epoch 12/50 - Loss: 0.4821 - Val F1: 0.3735 - Val ROC-AUC: 0.7861 - Val PR-AUC: 0.3185
Epoch 13/50 - Loss: 0.4780 - Val F1: 0.3934 - Val ROC-AUC: 0.7924 - Val PR-AUC: 0.3112
Epoch 14/50 - Loss: 0.4533 - Val F1: 0.4199 - Val ROC-AUC: 0.8015 - Val PR-AUC: 0.3566
Epoch 15/50 - Loss: 0.4689 - Val F1: 0.3986 - Val ROC-AUC: 0.7872 - Val PR-AUC: 0.3216
Epoch 16/50 - Loss: 0.4602 - Val F1: 0.4183 - Val ROC-AUC: 0.7903 - Val PR-AUC: 0.3159
Epoch 17/50 - Loss: 0.4540 - Val F1: 0.3607 - Val ROC-AUC: 0.7969 - Val PR-AUC: 0.3627
Epoch 18/50 - Loss: 0.4508 - Val F1: 0.4024 - Val ROC-AUC: 0.7955 - Val PR-AUC: 0.3654
Epoch 19/50 - Loss: 0.4442 - Val F1: 0.4424 - Val ROC-AUC: 0.8065 - Val PR-AUC: 0.3678
Epoch 20/50 - Loss: 0.4392 - Val F1: 0.3868 - Val ROC-AUC: 0.8053 - Val PR-AUC: 0.3447
Epoch 21/50 - Loss: 0.4175 - Val F1: 0.4392 - Val ROC-AUC: 0.8197 - Val PR-AUC: 0.3921
Epoch 22/50 - Loss: 0.4366 - Val F1: 0.4234 - Val ROC-AUC: 0.8169 - Val PR-AUC: 0.3877
Epoch 23/50 - Loss: 0.4175 - Val F1: 0.4326 - Val ROC-AUC: 0.8172 - Val PR-AUC: 0.3908
Epoch 24/50 - Loss: 0.4037 - Val F1: 0.4160 - Val ROC-AUC: 0.8142 - Val PR-AUC: 0.3744
Epoch 25/50 - Loss: 0.4119 - Val F1: 0.4400 - Val ROC-AUC: 0.8158 - Val PR-AUC: 0.3757
Epoch 26/50 - Loss: 0.4000 - Val F1: 0.4290 - Val ROC-AUC: 0.8193 - Val PR-AUC: 0.3846
Epoch 27/50 - Loss: 0.3998 - Val F1: 0.4514 - Val ROC-AUC: 0.8100 - Val PR-AUC: 0.3644
Epoch 28/50 - Loss: 0.4015 - Val F1: 0.4430 - Val ROC-AUC: 0.8189 - Val PR-AUC: 0.3855
Epoch 29/50 - Loss: 0.3939 - Val F1: 0.4290 - Val ROC-AUC: 0.8182 - Val PR-AUC: 0.3714
Epoch 30/50 - Loss: 0.3896 - Val F1: 0.4185 - Val ROC-AUC: 0.8145 - Val PR-AUC: 0.3713
Epoch 31/50 - Loss: 0.3753 - Val F1: 0.4583 - Val ROC-AUC: 0.8184 - Val PR-AUC: 0.3813
Epoch 32/50 - Loss: 0.3677 - Val F1: 0.4510 - Val ROC-AUC: 0.8189 - Val PR-AUC: 0.3998
Epoch 33/50 - Loss: 0.3897 - Val F1: 0.4471 - Val ROC-AUC: 0.8227 - Val PR-AUC: 0.3978
Epoch 34/50 - Loss: 0.3710 - Val F1: 0.4578 - Val ROC-AUC: 0.8184 - Val PR-AUC: 0.3896
Epoch 35/50 - Loss: 0.3770 - Val F1: 0.4522 - Val ROC-AUC: 0.8224 - Val PR-AUC: 0.3993
Epoch 36/50 - Loss: 0.3812 - Val F1: 0.4419 - Val ROC-AUC: 0.8213 - Val PR-AUC: 0.3609
Epoch 37/50 - Loss: 0.3760 - Val F1: 0.4488 - Val ROC-AUC: 0.8261 - Val PR-AUC: 0.4016
Epoch 38/50 - Loss: 0.3677 - Val F1: 0.4583 - Val ROC-AUC: 0.8206 - Val PR-AUC: 0.3852
Epoch 39/50 - Loss: 0.3651 - Val F1: 0.4537 - Val ROC-AUC: 0.8258 - Val PR-AUC: 0.4073
Epoch 40/50 - Loss: 0.3616 - Val F1: 0.4398 - Val ROC-AUC: 0.8199 - Val PR-AUC: 0.3991
Epoch 41/50 - Loss: 0.3491 - Val F1: 0.4444 - Val ROC-AUC: 0.8256 - Val PR-AUC: 0.4083
Epoch 42/50 - Loss: 0.3532 - Val F1: 0.4393 - Val ROC-AUC: 0.8199 - Val PR-AUC: 0.3911
Epoch 43/50 - Loss: 0.3409 - Val F1: 0.4406 - Val ROC-AUC: 0.8249 - Val PR-AUC: 0.3925
Epoch 44/50 - Loss: 0.3375 - Val F1: 0.4551 - Val ROC-AUC: 0.8258 - Val PR-AUC: 0.3974
Epoch 45/50 - Loss: 0.3391 - Val F1: 0.4405 - Val ROC-AUC: 0.8290 - Val PR-AUC: 0.4192
Epoch 46/50 - Loss: 0.3447 - Val F1: 0.4412 - Val ROC-AUC: 0.8282 - Val PR-AUC: 0.4038
Epoch 47/50 - Loss: 0.3391 - Val F1: 0.4669 - Val ROC-AUC: 0.8275 - Val PR-AUC: 0.3987
Epoch 48/50 - Loss: 0.3421 - Val F1: 0.4571 - Val ROC-AUC: 0.8259 - Val PR-AUC: 0.4018
Epoch 49/50 - Loss: 0.3404 - Val F1: 0.4717 - Val ROC-AUC: 0.8271 - Val PR-AUC: 0.4046
Epoch 50/50 - Loss: 0.3358 - Val F1: 0.4470 - Val ROC-AUC: 0.8296 - Val PR-AUC: 0.4070
Pretraining completed. Test F1: 0.4231, ROC-AUC: 0.7977, PR-AUC: 0.4036
[3/4] Fine-tuning on TOX21_ERa_LUC_VM7_Antagonist_0.1nM_E2...
[Fine-tune] Epoch 1/50 - Loss: 0.5447 - Val F1: 0.3791 - Val ROC-AUC: 0.7957 - Val PR-AUC: 0.3780
[Fine-tune] Epoch 2/50 - Loss: 0.4945 - Val F1: 0.4073 - Val ROC-AUC: 0.8087 - Val PR-AUC: 0.3849
[Fine-tune] Epoch 3/50 - Loss: 0.4856 - Val F1: 0.4052 - Val ROC-AUC: 0.7943 - Val PR-AUC: 0.3811
[Fine-tune] Epoch 4/50 - Loss: 0.4727 - Val F1: 0.3938 - Val ROC-AUC: 0.7830 - Val PR-AUC: 0.3617
[Fine-tune] Epoch 5/50 - Loss: 0.4655 - Val F1: 0.4011 - Val ROC-AUC: 0.8088 - Val PR-AUC: 0.3732
[Fine-tune] Epoch 6/50 - Loss: 0.4583 - Val F1: 0.3901 - Val ROC-AUC: 0.7950 - Val PR-AUC: 0.3632
[Fine-tune] Epoch 7/50 - Loss: 0.4370 - Val F1: 0.3686 - Val ROC-AUC: 0.7673 - Val PR-AUC: 0.3228
[Fine-tune] Epoch 8/50 - Loss: 0.4439 - Val F1: 0.4011 - Val ROC-AUC: 0.7973 - Val PR-AUC: 0.3567
[Fine-tune] Epoch 9/50 - Loss: 0.4473 - Val F1: 0.4043 - Val ROC-AUC: 0.8090 - Val PR-AUC: 0.3895
[Fine-tune] Epoch 10/50 - Loss: 0.4273 - Val F1: 0.4219 - Val ROC-AUC: 0.8030 - Val PR-AUC: 0.3539
[Fine-tune] Epoch 11/50 - Loss: 0.4071 - Val F1: 0.4035 - Val ROC-AUC: 0.8045 - Val PR-AUC: 0.3782
[Fine-tune] Epoch 12/50 - Loss: 0.3901 - Val F1: 0.4211 - Val ROC-AUC: 0.8074 - Val PR-AUC: 0.3790
[Fine-tune] Epoch 13/50 - Loss: 0.3786 - Val F1: 0.3965 - Val ROC-AUC: 0.7965 - Val PR-AUC: 0.3456
[Fine-tune] Epoch 14/50 - Loss: 0.3800 - Val F1: 0.4276 - Val ROC-AUC: 0.8004 - Val PR-AUC: 0.3650
[Fine-tune] Epoch 15/50 - Loss: 0.3822 - Val F1: 0.4096 - Val ROC-AUC: 0.7976 - Val PR-AUC: 0.3672
[Fine-tune] Epoch 16/50 - Loss: 0.3667 - Val F1: 0.4198 - Val ROC-AUC: 0.8124 - Val PR-AUC: 0.3669
[Fine-tune] Epoch 17/50 - Loss: 0.3520 - Val F1: 0.4340 - Val ROC-AUC: 0.8008 - Val PR-AUC: 0.3604
[Fine-tune] Epoch 18/50 - Loss: 0.3519 - Val F1: 0.4319 - Val ROC-AUC: 0.8036 - Val PR-AUC: 0.3415
[Fine-tune] Epoch 19/50 - Loss: 0.3344 - Val F1: 0.4185 - Val ROC-AUC: 0.8059 - Val PR-AUC: 0.3722
[Fine-tune] Epoch 20/50 - Loss: 0.3497 - Val F1: 0.3871 - Val ROC-AUC: 0.8039 - Val PR-AUC: 0.3816
[Fine-tune] Epoch 21/50 - Loss: 0.3114 - Val F1: 0.4484 - Val ROC-AUC: 0.8172 - Val PR-AUC: 0.3905
[Fine-tune] Epoch 22/50 - Loss: 0.3155 - Val F1: 0.4315 - Val ROC-AUC: 0.8062 - Val PR-AUC: 0.3871
[Fine-tune] Epoch 23/50 - Loss: 0.3190 - Val F1: 0.4207 - Val ROC-AUC: 0.7964 - Val PR-AUC: 0.3691
[Fine-tune] Epoch 24/50 - Loss: 0.2970 - Val F1: 0.4309 - Val ROC-AUC: 0.8080 - Val PR-AUC: 0.3779
[Fine-tune] Epoch 25/50 - Loss: 0.2974 - Val F1: 0.4250 - Val ROC-AUC: 0.8135 - Val PR-AUC: 0.3962
[Fine-tune] Epoch 26/50 - Loss: 0.2981 - Val F1: 0.4066 - Val ROC-AUC: 0.8124 - Val PR-AUC: 0.4093
[Fine-tune] Epoch 27/50 - Loss: 0.2855 - Val F1: 0.4248 - Val ROC-AUC: 0.8077 - Val PR-AUC: 0.3853
[Fine-tune] Epoch 28/50 - Loss: 0.2881 - Val F1: 0.4140 - Val ROC-AUC: 0.7986 - Val PR-AUC: 0.3704
[Fine-tune] Epoch 29/50 - Loss: 0.2832 - Val F1: 0.4161 - Val ROC-AUC: 0.7985 - Val PR-AUC: 0.3821
[Fine-tune] Epoch 30/50 - Loss: 0.2830 - Val F1: 0.4422 - Val ROC-AUC: 0.8064 - Val PR-AUC: 0.3974
[Fine-tune] Epoch 31/50 - Loss: 0.2680 - Val F1: 0.4345 - Val ROC-AUC: 0.8016 - Val PR-AUC: 0.3838
[Fine-tune] Epoch 32/50 - Loss: 0.2722 - Val F1: 0.4203 - Val ROC-AUC: 0.7901 - Val PR-AUC: 0.3787
[Fine-tune] Epoch 33/50 - Loss: 0.2687 - Val F1: 0.4122 - Val ROC-AUC: 0.7884 - Val PR-AUC: 0.3618
[Fine-tune] Epoch 34/50 - Loss: 0.2592 - Val F1: 0.4336 - Val ROC-AUC: 0.8042 - Val PR-AUC: 0.3850
[Fine-tune] Epoch 35/50 - Loss: 0.2508 - Val F1: 0.4342 - Val ROC-AUC: 0.7999 - Val PR-AUC: 0.3846
[Fine-tune] Epoch 36/50 - Loss: 0.2578 - Val F1: 0.4399 - Val ROC-AUC: 0.7974 - Val PR-AUC: 0.3875
[Fine-tune] Epoch 37/50 - Loss: 0.2523 - Val F1: 0.4240 - Val ROC-AUC: 0.7992 - Val PR-AUC: 0.3760
[Fine-tune] Epoch 38/50 - Loss: 0.2553 - Val F1: 0.4232 - Val ROC-AUC: 0.8018 - Val PR-AUC: 0.3834
[Fine-tune] Epoch 39/50 - Loss: 0.2515 - Val F1: 0.4360 - Val ROC-AUC: 0.8012 - Val PR-AUC: 0.3912
[Fine-tune] Epoch 40/50 - Loss: 0.2550 - Val F1: 0.4092 - Val ROC-AUC: 0.7970 - Val PR-AUC: 0.3766
[Fine-tune] Epoch 41/50 - Loss: 0.2488 - Val F1: 0.4152 - Val ROC-AUC: 0.8032 - Val PR-AUC: 0.3839
[Fine-tune] Epoch 42/50 - Loss: 0.2398 - Val F1: 0.4092 - Val ROC-AUC: 0.8057 - Val PR-AUC: 0.3878
[Fine-tune] Epoch 43/50 - Loss: 0.2513 - Val F1: 0.4281 - Val ROC-AUC: 0.8008 - Val PR-AUC: 0.3773
[Fine-tune] Epoch 44/50 - Loss: 0.2557 - Val F1: 0.4150 - Val ROC-AUC: 0.7941 - Val PR-AUC: 0.3703
[Fine-tune] Epoch 45/50 - Loss: 0.2254 - Val F1: 0.4156 - Val ROC-AUC: 0.8047 - Val PR-AUC: 0.3851
[Fine-tune] Epoch 46/50 - Loss: 0.2388 - Val F1: 0.4167 - Val ROC-AUC: 0.8009 - Val PR-AUC: 0.3836
[Fine-tune] Epoch 47/50 - Loss: 0.2373 - Val F1: 0.4070 - Val ROC-AUC: 0.7985 - Val PR-AUC: 0.3800
[Fine-tune] Epoch 48/50 - Loss: 0.2393 - Val F1: 0.4189 - Val ROC-AUC: 0.7995 - Val PR-AUC: 0.3809
[Fine-tune] Epoch 49/50 - Loss: 0.2323 - Val F1: 0.4291 - Val ROC-AUC: 0.7912 - Val PR-AUC: 0.3759
[Fine-tune] Epoch 50/50 - Loss: 0.2365 - Val F1: 0.4301 - Val ROC-AUC: 0.7972 - Val PR-AUC: 0.3805
Finetuning completed. Test F1: 0.4901, ROC-AUC: 0.8244, PR-AUC: 0.4642
[3.1/4] Target-only training on TOX21_ERa_LUC_VM7_Antagonist_0.1nM_E2...
=== Target-only training ===
[Target-only] Epoch 1/50 – Loss: 0.6379  Val F1: 0.3218  ROC-AUC: 0.7275  PR-AUC: 0.2631
[Target-only] Epoch 2/50 – Loss: 0.5997  Val F1: 0.3341  ROC-AUC: 0.7478  PR-AUC: 0.2738
[Target-only] Epoch 3/50 – Loss: 0.5836  Val F1: 0.3014  ROC-AUC: 0.7614  PR-AUC: 0.3026
[Target-only] Epoch 4/50 – Loss: 0.5625  Val F1: 0.3363  ROC-AUC: 0.7687  PR-AUC: 0.3345
[Target-only] Epoch 5/50 – Loss: 0.5506  Val F1: 0.3455  ROC-AUC: 0.7701  PR-AUC: 0.3321
[Target-only] Epoch 6/50 – Loss: 0.5331  Val F1: 0.3341  ROC-AUC: 0.7610  PR-AUC: 0.3188
[Target-only] Epoch 7/50 – Loss: 0.5279  Val F1: 0.3780  ROC-AUC: 0.8020  PR-AUC: 0.3774
[Target-only] Epoch 8/50 – Loss: 0.5090  Val F1: 0.3914  ROC-AUC: 0.7906  PR-AUC: 0.3596
[Target-only] Epoch 9/50 – Loss: 0.5160  Val F1: 0.3930  ROC-AUC: 0.7906  PR-AUC: 0.3730
[Target-only] Epoch 10/50 – Loss: 0.4970  Val F1: 0.4097  ROC-AUC: 0.7855  PR-AUC: 0.3258
[Target-only] Epoch 11/50 – Loss: 0.4968  Val F1: 0.3740  ROC-AUC: 0.7926  PR-AUC: 0.3881
[Target-only] Epoch 12/50 – Loss: 0.4744  Val F1: 0.4129  ROC-AUC: 0.7984  PR-AUC: 0.3619
[Target-only] Epoch 13/50 – Loss: 0.4631  Val F1: 0.3780  ROC-AUC: 0.7910  PR-AUC: 0.3700
[Target-only] Epoch 14/50 – Loss: 0.4678  Val F1: 0.3925  ROC-AUC: 0.7974  PR-AUC: 0.3737
[Target-only] Epoch 15/50 – Loss: 0.4545  Val F1: 0.4244  ROC-AUC: 0.8100  PR-AUC: 0.3982
[Target-only] Epoch 16/50 – Loss: 0.4461  Val F1: 0.4334  ROC-AUC: 0.8087  PR-AUC: 0.4031
[Target-only] Epoch 17/50 – Loss: 0.4350  Val F1: 0.3873  ROC-AUC: 0.8012  PR-AUC: 0.3764
[Target-only] Epoch 18/50 – Loss: 0.4243  Val F1: 0.4023  ROC-AUC: 0.8110  PR-AUC: 0.3806
[Target-only] Epoch 19/50 – Loss: 0.4347  Val F1: 0.4158  ROC-AUC: 0.8154  PR-AUC: 0.3718
[Target-only] Epoch 20/50 – Loss: 0.4335  Val F1: 0.4113  ROC-AUC: 0.8132  PR-AUC: 0.3728
[Target-only] Epoch 21/50 – Loss: 0.4179  Val F1: 0.4174  ROC-AUC: 0.8124  PR-AUC: 0.3714
[Target-only] Epoch 22/50 – Loss: 0.3875  Val F1: 0.4270  ROC-AUC: 0.8176  PR-AUC: 0.3896
[Target-only] Epoch 23/50 – Loss: 0.3899  Val F1: 0.4424  ROC-AUC: 0.8145  PR-AUC: 0.3818
[Target-only] Epoch 24/50 – Loss: 0.3868  Val F1: 0.4152  ROC-AUC: 0.8140  PR-AUC: 0.3965
[Target-only] Epoch 25/50 – Loss: 0.3826  Val F1: 0.4273  ROC-AUC: 0.8140  PR-AUC: 0.3953
[Target-only] Epoch 26/50 – Loss: 0.3820  Val F1: 0.4327  ROC-AUC: 0.8202  PR-AUC: 0.3856
[Target-only] Epoch 27/50 – Loss: 0.3856  Val F1: 0.4185  ROC-AUC: 0.8115  PR-AUC: 0.3761
[Target-only] Epoch 28/50 – Loss: 0.3770  Val F1: 0.4150  ROC-AUC: 0.8035  PR-AUC: 0.3773
[Target-only] Epoch 29/50 – Loss: 0.3751  Val F1: 0.4272  ROC-AUC: 0.8142  PR-AUC: 0.4165
[Target-only] Epoch 30/50 – Loss: 0.3559  Val F1: 0.4112  ROC-AUC: 0.8005  PR-AUC: 0.3491
[Target-only] Epoch 31/50 – Loss: 0.3636  Val F1: 0.4129  ROC-AUC: 0.8036  PR-AUC: 0.3551
[Target-only] Epoch 32/50 – Loss: 0.3596  Val F1: 0.4038  ROC-AUC: 0.8015  PR-AUC: 0.3704
[Target-only] Epoch 33/50 – Loss: 0.3527  Val F1: 0.4062  ROC-AUC: 0.8120  PR-AUC: 0.3871
[Target-only] Epoch 34/50 – Loss: 0.3392  Val F1: 0.4241  ROC-AUC: 0.8099  PR-AUC: 0.3648
[Target-only] Epoch 35/50 – Loss: 0.3555  Val F1: 0.4497  ROC-AUC: 0.8084  PR-AUC: 0.3642
[Target-only] Epoch 36/50 – Loss: 0.3417  Val F1: 0.4646  ROC-AUC: 0.7967  PR-AUC: 0.3511
[Target-only] Epoch 37/50 – Loss: 0.3404  Val F1: 0.4290  ROC-AUC: 0.7991  PR-AUC: 0.3418
[Target-only] Epoch 38/50 – Loss: 0.3395  Val F1: 0.4367  ROC-AUC: 0.8041  PR-AUC: 0.3545
[Target-only] Epoch 39/50 – Loss: 0.3369  Val F1: 0.4342  ROC-AUC: 0.8035  PR-AUC: 0.3776
[Target-only] Epoch 40/50 – Loss: 0.3336  Val F1: 0.4324  ROC-AUC: 0.7983  PR-AUC: 0.3678
[Target-only] Epoch 41/50 – Loss: 0.3220  Val F1: 0.4351  ROC-AUC: 0.8094  PR-AUC: 0.3747
[Target-only] Epoch 42/50 – Loss: 0.3157  Val F1: 0.4337  ROC-AUC: 0.8085  PR-AUC: 0.3722
[Target-only] Epoch 43/50 – Loss: 0.3226  Val F1: 0.4430  ROC-AUC: 0.8079  PR-AUC: 0.3750
[Target-only] Epoch 44/50 – Loss: 0.3276  Val F1: 0.4452  ROC-AUC: 0.8067  PR-AUC: 0.3724
[Target-only] Epoch 45/50 – Loss: 0.3161  Val F1: 0.4384  ROC-AUC: 0.8047  PR-AUC: 0.3658
[Target-only] Epoch 46/50 – Loss: 0.3203  Val F1: 0.4500  ROC-AUC: 0.8039  PR-AUC: 0.3733
[Target-only] Epoch 47/50 – Loss: 0.3084  Val F1: 0.4387  ROC-AUC: 0.8028  PR-AUC: 0.3610
[Target-only] Epoch 48/50 – Loss: 0.3152  Val F1: 0.4300  ROC-AUC: 0.8007  PR-AUC: 0.3680
[Target-only] Epoch 49/50 – Loss: 0.3114  Val F1: 0.4408  ROC-AUC: 0.8048  PR-AUC: 0.3706
[Target-only] Epoch 50/50 – Loss: 0.3070  Val F1: 0.4324  ROC-AUC: 0.8016  PR-AUC: 0.3562
=== Target-only TEST performance ===
Test F1: 0.4610, ROC-AUC: 0.8100, PR-AUC: 0.4260
[4/4] Visualizing embeddings...
✅ Saved embeddings.png
✅ 모든 단계가 성공적으로 완료되었습니다!
