[1/4] Excel → CSV 변환 중...
Saved pretrain CSV for TOX21_ERa_BLA_Antagonist_ratio: data/sample/TOX21_ERa_BLA_Antagonist_ratio.csv
Saved pretrain CSV for TOX21_ERa_LUC_VM7_Agonist: data/sample/TOX21_ERa_LUC_VM7_Agonist.csv
Saved pretrain CSV for TOX21_ERa_BLA_Antagonist_viability: data/sample/TOX21_ERa_BLA_Antagonist_viability.csv
Saved pretrain CSV for TOX21_ERa_LUC_VM7_Antagonist_0.5nM_E2: data/sample/TOX21_ERa_LUC_VM7_Antagonist_0.5nM_E2.csv
Saved pretrain CSV for TOX21_ERa_BLA_Antagonist_ch2: data/sample/TOX21_ERa_BLA_Antagonist_ch2.csv
Saved pretrain CSV for TOX21_ERa_BLA_Antagonist_ch1: data/sample/TOX21_ERa_BLA_Antagonist_ch1.csv
Saved pretrain CSV for TOX21_ERa_LUC_VM7_Antagonist_0.5nM_E2_viability: data/sample/TOX21_ERa_LUC_VM7_Antagonist_0.5nM_E2_viability.csv
Saved pretrain CSV for TOX21_ERa_BLA_Agonist_ch2: data/sample/TOX21_ERa_BLA_Agonist_ch2.csv
Saved pretrain CSV for TOX21_ERa_BLA_Agonist_ch1: data/sample/TOX21_ERa_BLA_Agonist_ch1.csv
Saved pretrain CSV for TOX21_ERa_BLA_Agonist_ratio: data/sample/TOX21_ERa_BLA_Agonist_ratio.csv
Saved pretrain CSV for TOX21_ERb_BLA_Antagonist_ch1: data/sample/TOX21_ERb_BLA_Antagonist_ch1.csv
Saved pretrain CSV for TOX21_ERb_BLA_Antagonist_ch2: data/sample/TOX21_ERb_BLA_Antagonist_ch2.csv
Saved pretrain CSV for TOX21_ERb_BLA_Agonist_viability: data/sample/TOX21_ERb_BLA_Agonist_viability.csv
Saved pretrain CSV for TOX21_ERb_BLA_Agonist_ratio: data/sample/TOX21_ERb_BLA_Agonist_ratio.csv
Saved pretrain CSV for TOX21_ERb_BLA_Agonist_ch2: data/sample/TOX21_ERb_BLA_Agonist_ch2.csv
Saved pretrain CSV for TOX21_ERb_BLA_Agonist_ch1: data/sample/TOX21_ERb_BLA_Agonist_ch1.csv
Saved pretrain CSV for TOX21_ERR_LUC_Agonist: data/sample/TOX21_ERR_LUC_Agonist.csv
Saved pretrain CSV for TOX21_ERa_LUC_VM7_Agonist_10nM_ICI182780_viability: data/sample/TOX21_ERa_LUC_VM7_Agonist_10nM_ICI182780_viability.csv
Saved pretrain CSV for TOX21_ERa_LUC_VM7_Antagonist_0.1nM_E2: data/sample/TOX21_ERa_LUC_VM7_Antagonist_0.1nM_E2.csv
Saved pretrain CSV for TOX21_ERb_BLA_Antagonist_ratio: data/sample/TOX21_ERb_BLA_Antagonist_ratio.csv
Saved pretrain CSV for TOX21_ERa_LUC_VM7_Agonist_10nM_ICI182780: data/sample/TOX21_ERa_LUC_VM7_Agonist_10nM_ICI182780.csv
Saved pretrain CSV for TOX21_ERR_LUC_viability: data/sample/TOX21_ERR_LUC_viability.csv
Saved pretrain CSV for TOX21_ERR_LUC_Antagonist: data/sample/TOX21_ERR_LUC_Antagonist.csv
Saved pretrain CSV for TOX21_ERa_LUC_VM7_Antagonist_0.1nM_E2_viability: data/sample/TOX21_ERa_LUC_VM7_Antagonist_0.1nM_E2_viability.csv
Saved pretrain CSV for TOX21_ERb_BLA_Antagonist_viability: data/sample/TOX21_ERb_BLA_Antagonist_viability.csv
Saved finetune CSV for TOX21_ERa_BLA_Antagonist_ratio: data/sample/TOX21_ERa_BLA_Antagonist_ratio.csv
Saved finetune CSV for TOX21_ERa_LUC_VM7_Agonist: data/sample/TOX21_ERa_LUC_VM7_Agonist.csv
Saved finetune CSV for TOX21_ERa_BLA_Antagonist_viability: data/sample/TOX21_ERa_BLA_Antagonist_viability.csv
Saved finetune CSV for TOX21_ERa_LUC_VM7_Antagonist_0.5nM_E2: data/sample/TOX21_ERa_LUC_VM7_Antagonist_0.5nM_E2.csv
Saved finetune CSV for TOX21_ERa_BLA_Antagonist_ch2: data/sample/TOX21_ERa_BLA_Antagonist_ch2.csv
Saved finetune CSV for TOX21_ERa_BLA_Antagonist_ch1: data/sample/TOX21_ERa_BLA_Antagonist_ch1.csv
Saved finetune CSV for TOX21_ERa_LUC_VM7_Antagonist_0.5nM_E2_viability: data/sample/TOX21_ERa_LUC_VM7_Antagonist_0.5nM_E2_viability.csv
Saved finetune CSV for TOX21_ERa_BLA_Agonist_ch2: data/sample/TOX21_ERa_BLA_Agonist_ch2.csv
Saved finetune CSV for TOX21_ERa_BLA_Agonist_ch1: data/sample/TOX21_ERa_BLA_Agonist_ch1.csv
Saved finetune CSV for TOX21_ERa_BLA_Agonist_ratio: data/sample/TOX21_ERa_BLA_Agonist_ratio.csv
Saved finetune CSV for TOX21_ERb_BLA_Antagonist_ch1: data/sample/TOX21_ERb_BLA_Antagonist_ch1.csv
Saved finetune CSV for TOX21_ERb_BLA_Antagonist_ch2: data/sample/TOX21_ERb_BLA_Antagonist_ch2.csv
Saved finetune CSV for TOX21_ERb_BLA_Agonist_viability: data/sample/TOX21_ERb_BLA_Agonist_viability.csv
Saved finetune CSV for TOX21_ERb_BLA_Agonist_ratio: data/sample/TOX21_ERb_BLA_Agonist_ratio.csv
Saved finetune CSV for TOX21_ERb_BLA_Agonist_ch2: data/sample/TOX21_ERb_BLA_Agonist_ch2.csv
Saved finetune CSV for TOX21_ERb_BLA_Agonist_ch1: data/sample/TOX21_ERb_BLA_Agonist_ch1.csv
Saved finetune CSV for TOX21_ERR_LUC_Agonist: data/sample/TOX21_ERR_LUC_Agonist.csv
Saved finetune CSV for TOX21_ERa_LUC_VM7_Agonist_10nM_ICI182780_viability: data/sample/TOX21_ERa_LUC_VM7_Agonist_10nM_ICI182780_viability.csv
Saved finetune CSV for TOX21_ERa_LUC_VM7_Antagonist_0.1nM_E2: data/sample/TOX21_ERa_LUC_VM7_Antagonist_0.1nM_E2.csv
Saved finetune CSV for TOX21_ERb_BLA_Antagonist_ratio: data/sample/TOX21_ERb_BLA_Antagonist_ratio.csv
Saved finetune CSV for TOX21_ERa_LUC_VM7_Agonist_10nM_ICI182780: data/sample/TOX21_ERa_LUC_VM7_Agonist_10nM_ICI182780.csv
Saved finetune CSV for TOX21_ERR_LUC_viability: data/sample/TOX21_ERR_LUC_viability.csv
Saved finetune CSV for TOX21_ERR_LUC_Antagonist: data/sample/TOX21_ERR_LUC_Antagonist.csv
Saved finetune CSV for TOX21_ERa_LUC_VM7_Antagonist_0.1nM_E2_viability: data/sample/TOX21_ERa_LUC_VM7_Antagonist_0.1nM_E2_viability.csv
Saved finetune CSV for TOX21_ERb_BLA_Antagonist_viability: data/sample/TOX21_ERb_BLA_Antagonist_viability.csv
[2/4] Pretraining on TOX21_ERa_BLA_Antagonist_ratio using GIN_GCN...
Epoch 1/100 - Loss: 0.6233 - Val F1: 0.3385 - Val ROC-AUC: 0.7126 - Val PR-AUC: 0.2520
Epoch 2/100 - Loss: 0.5832 - Val F1: 0.3150 - Val ROC-AUC: 0.7154 - Val PR-AUC: 0.2255
Epoch 3/100 - Loss: 0.5678 - Val F1: 0.3200 - Val ROC-AUC: 0.7639 - Val PR-AUC: 0.2805
Epoch 4/100 - Loss: 0.5471 - Val F1: 0.3458 - Val ROC-AUC: 0.7472 - Val PR-AUC: 0.3019
Epoch 5/100 - Loss: 0.5440 - Val F1: 0.3844 - Val ROC-AUC: 0.7649 - Val PR-AUC: 0.3191
Epoch 6/100 - Loss: 0.5398 - Val F1: 0.3650 - Val ROC-AUC: 0.7685 - Val PR-AUC: 0.3018
Epoch 7/100 - Loss: 0.5277 - Val F1: 0.3586 - Val ROC-AUC: 0.7692 - Val PR-AUC: 0.3154
Epoch 8/100 - Loss: 0.5069 - Val F1: 0.3516 - Val ROC-AUC: 0.7672 - Val PR-AUC: 0.2898
Epoch 9/100 - Loss: 0.5179 - Val F1: 0.3757 - Val ROC-AUC: 0.7769 - Val PR-AUC: 0.3250
Epoch 10/100 - Loss: 0.5071 - Val F1: 0.3724 - Val ROC-AUC: 0.7723 - Val PR-AUC: 0.3035
Epoch 11/100 - Loss: 0.4819 - Val F1: 0.4058 - Val ROC-AUC: 0.8035 - Val PR-AUC: 0.3423
Epoch 12/100 - Loss: 0.4632 - Val F1: 0.3644 - Val ROC-AUC: 0.7898 - Val PR-AUC: 0.3593
Epoch 13/100 - Loss: 0.4578 - Val F1: 0.4254 - Val ROC-AUC: 0.8095 - Val PR-AUC: 0.3323
Epoch 14/100 - Loss: 0.4648 - Val F1: 0.4282 - Val ROC-AUC: 0.8005 - Val PR-AUC: 0.3247
Epoch 15/100 - Loss: 0.4617 - Val F1: 0.4055 - Val ROC-AUC: 0.7883 - Val PR-AUC: 0.3474
Epoch 16/100 - Loss: 0.4464 - Val F1: 0.4051 - Val ROC-AUC: 0.8023 - Val PR-AUC: 0.3411
Epoch 17/100 - Loss: 0.4388 - Val F1: 0.4000 - Val ROC-AUC: 0.7965 - Val PR-AUC: 0.3236
Epoch 18/100 - Loss: 0.4328 - Val F1: 0.4038 - Val ROC-AUC: 0.7954 - Val PR-AUC: 0.3302
Epoch 19/100 - Loss: 0.4096 - Val F1: 0.3965 - Val ROC-AUC: 0.8044 - Val PR-AUC: 0.3556
