[1/4] Excel → CSV 변환 중...
Saved pretrain CSV for TOX21_ERa_LUC_VM7_Agonist: data/sample/TOX21_ERa_LUC_VM7_Agonist.csv
Saved pretrain CSV for TOX21_ERb_BLA_Agonist_viability: data/sample/TOX21_ERb_BLA_Agonist_viability.csv
Saved pretrain CSV for TOX21_ERa_LUC_VM7_Agonist_10nM_ICI182780_viability: data/sample/TOX21_ERa_LUC_VM7_Agonist_10nM_ICI182780_viability.csv
Saved pretrain CSV for TOX21_ERR_LUC_viability: data/sample/TOX21_ERR_LUC_viability.csv
Saved finetune CSV for TOX21_ERa_BLA_Agonist_ch2: data/sample/TOX21_ERa_BLA_Agonist_ch2.csv
Saved finetune CSV for TOX21_ERa_BLA_Agonist_ch1: data/sample/TOX21_ERa_BLA_Agonist_ch1.csv
Saved finetune CSV for TOX21_ERa_BLA_Agonist_ratio: data/sample/TOX21_ERa_BLA_Agonist_ratio.csv
Saved finetune CSV for TOX21_ERb_BLA_Agonist_ratio: data/sample/TOX21_ERb_BLA_Agonist_ratio.csv
Saved finetune CSV for TOX21_ERb_BLA_Agonist_ch2: data/sample/TOX21_ERb_BLA_Agonist_ch2.csv
Saved finetune CSV for TOX21_ERb_BLA_Agonist_ch1: data/sample/TOX21_ERb_BLA_Agonist_ch1.csv
Saved finetune CSV for TOX21_ERR_LUC_Agonist: data/sample/TOX21_ERR_LUC_Agonist.csv
Saved finetune CSV for TOX21_ERa_LUC_VM7_Agonist_10nM_ICI182780: data/sample/TOX21_ERa_LUC_VM7_Agonist_10nM_ICI182780.csv
[2/4] Pretraining on TOX21_ERb_BLA_Agonist_viability using GIN_GCN...
Epoch 1/100 - Loss: 0.6174 - Val F1: 0.3000 - Val ROC-AUC: 0.7217 - Val PR-AUC: 0.2918
Epoch 2/100 - Loss: 0.5836 - Val F1: 0.3805 - Val ROC-AUC: 0.7024 - Val PR-AUC: 0.2434
Epoch 3/100 - Loss: 0.5737 - Val F1: 0.3781 - Val ROC-AUC: 0.7418 - Val PR-AUC: 0.3074
Epoch 4/100 - Loss: 0.5571 - Val F1: 0.3327 - Val ROC-AUC: 0.7394 - Val PR-AUC: 0.2838
Epoch 5/100 - Loss: 0.5600 - Val F1: 0.3733 - Val ROC-AUC: 0.7574 - Val PR-AUC: 0.3349
Epoch 6/100 - Loss: 0.5398 - Val F1: 0.3609 - Val ROC-AUC: 0.7242 - Val PR-AUC: 0.2612
Epoch 7/100 - Loss: 0.5360 - Val F1: 0.3172 - Val ROC-AUC: 0.6944 - Val PR-AUC: 0.2872
Epoch 8/100 - Loss: 0.5281 - Val F1: 0.3504 - Val ROC-AUC: 0.7491 - Val PR-AUC: 0.3059
Epoch 9/100 - Loss: 0.5135 - Val F1: 0.3823 - Val ROC-AUC: 0.7459 - Val PR-AUC: 0.3057
Epoch 10/100 - Loss: 0.5123 - Val F1: 0.3836 - Val ROC-AUC: 0.7564 - Val PR-AUC: 0.3114
Epoch 11/100 - Loss: 0.4754 - Val F1: 0.3515 - Val ROC-AUC: 0.7340 - Val PR-AUC: 0.3142
Epoch 12/100 - Loss: 0.4811 - Val F1: 0.3790 - Val ROC-AUC: 0.7543 - Val PR-AUC: 0.3382
Epoch 13/100 - Loss: 0.4689 - Val F1: 0.4000 - Val ROC-AUC: 0.7629 - Val PR-AUC: 0.3185
Epoch 14/100 - Loss: 0.4642 - Val F1: 0.4165 - Val ROC-AUC: 0.7818 - Val PR-AUC: 0.3500
Epoch 15/100 - Loss: 0.4602 - Val F1: 0.4107 - Val ROC-AUC: 0.7833 - Val PR-AUC: 0.3486
Epoch 16/100 - Loss: 0.4713 - Val F1: 0.4232 - Val ROC-AUC: 0.7823 - Val PR-AUC: 0.3456
Epoch 17/100 - Loss: 0.4508 - Val F1: 0.4053 - Val ROC-AUC: 0.7673 - Val PR-AUC: 0.3204
Epoch 18/100 - Loss: 0.4450 - Val F1: 0.4083 - Val ROC-AUC: 0.7897 - Val PR-AUC: 0.3459
Epoch 19/100 - Loss: 0.4433 - Val F1: 0.3963 - Val ROC-AUC: 0.7702 - Val PR-AUC: 0.3194
Epoch 20/100 - Loss: 0.4256 - Val F1: 0.4311 - Val ROC-AUC: 0.7913 - Val PR-AUC: 0.3421
Epoch 21/100 - Loss: 0.4144 - Val F1: 0.3775 - Val ROC-AUC: 0.7761 - Val PR-AUC: 0.3421
Epoch 22/100 - Loss: 0.4204 - Val F1: 0.4036 - Val ROC-AUC: 0.7762 - Val PR-AUC: 0.3552
Epoch 23/100 - Loss: 0.4075 - Val F1: 0.4324 - Val ROC-AUC: 0.8005 - Val PR-AUC: 0.3791
Epoch 24/100 - Loss: 0.4087 - Val F1: 0.4138 - Val ROC-AUC: 0.7912 - Val PR-AUC: 0.3555
Epoch 25/100 - Loss: 0.4125 - Val F1: 0.4246 - Val ROC-AUC: 0.7943 - Val PR-AUC: 0.3834
Epoch 26/100 - Loss: 0.4052 - Val F1: 0.4121 - Val ROC-AUC: 0.7973 - Val PR-AUC: 0.3647
Epoch 27/100 - Loss: 0.4002 - Val F1: 0.4237 - Val ROC-AUC: 0.8012 - Val PR-AUC: 0.3679
Epoch 28/100 - Loss: 0.3885 - Val F1: 0.4185 - Val ROC-AUC: 0.7892 - Val PR-AUC: 0.3687
Epoch 29/100 - Loss: 0.4024 - Val F1: 0.4142 - Val ROC-AUC: 0.7856 - Val PR-AUC: 0.3615
Epoch 30/100 - Loss: 0.3943 - Val F1: 0.4070 - Val ROC-AUC: 0.7936 - Val PR-AUC: 0.3601
Epoch 31/100 - Loss: 0.3805 - Val F1: 0.4084 - Val ROC-AUC: 0.7911 - Val PR-AUC: 0.3647
Epoch 32/100 - Loss: 0.3723 - Val F1: 0.4286 - Val ROC-AUC: 0.7887 - Val PR-AUC: 0.3614
Epoch 33/100 - Loss: 0.3749 - Val F1: 0.3893 - Val ROC-AUC: 0.7787 - Val PR-AUC: 0.3461
Epoch 34/100 - Loss: 0.3710 - Val F1: 0.4125 - Val ROC-AUC: 0.7856 - Val PR-AUC: 0.3647
Epoch 35/100 - Loss: 0.3644 - Val F1: 0.3948 - Val ROC-AUC: 0.7918 - Val PR-AUC: 0.3534
Epoch 36/100 - Loss: 0.3719 - Val F1: 0.4132 - Val ROC-AUC: 0.7873 - Val PR-AUC: 0.3445
Epoch 37/100 - Loss: 0.3539 - Val F1: 0.4167 - Val ROC-AUC: 0.8032 - Val PR-AUC: 0.3722
Epoch 38/100 - Loss: 0.3649 - Val F1: 0.4255 - Val ROC-AUC: 0.7986 - Val PR-AUC: 0.3803
Epoch 39/100 - Loss: 0.3537 - Val F1: 0.4263 - Val ROC-AUC: 0.8032 - Val PR-AUC: 0.3653
Epoch 40/100 - Loss: 0.3622 - Val F1: 0.4182 - Val ROC-AUC: 0.7983 - Val PR-AUC: 0.3734
Epoch 41/100 - Loss: 0.3463 - Val F1: 0.4078 - Val ROC-AUC: 0.7941 - Val PR-AUC: 0.3687
Epoch 42/100 - Loss: 0.3520 - Val F1: 0.4194 - Val ROC-AUC: 0.8046 - Val PR-AUC: 0.3764
Epoch 43/100 - Loss: 0.3450 - Val F1: 0.4214 - Val ROC-AUC: 0.7986 - Val PR-AUC: 0.3663
Epoch 44/100 - Loss: 0.3447 - Val F1: 0.4272 - Val ROC-AUC: 0.8015 - Val PR-AUC: 0.3812
Epoch 45/100 - Loss: 0.3424 - Val F1: 0.4201 - Val ROC-AUC: 0.7965 - Val PR-AUC: 0.3707
Epoch 46/100 - Loss: 0.3482 - Val F1: 0.4304 - Val ROC-AUC: 0.7973 - Val PR-AUC: 0.3746
Epoch 47/100 - Loss: 0.3323 - Val F1: 0.4258 - Val ROC-AUC: 0.7982 - Val PR-AUC: 0.3755
Epoch 48/100 - Loss: 0.3483 - Val F1: 0.4316 - Val ROC-AUC: 0.8029 - Val PR-AUC: 0.3904
Epoch 49/100 - Loss: 0.3370 - Val F1: 0.4242 - Val ROC-AUC: 0.8036 - Val PR-AUC: 0.3911
Epoch 50/100 - Loss: 0.3399 - Val F1: 0.4158 - Val ROC-AUC: 0.7999 - Val PR-AUC: 0.3780
Epoch 51/100 - Loss: 0.3330 - Val F1: 0.4125 - Val ROC-AUC: 0.7982 - Val PR-AUC: 0.3683
Epoch 52/100 - Loss: 0.3245 - Val F1: 0.4147 - Val ROC-AUC: 0.7969 - Val PR-AUC: 0.3688
Epoch 53/100 - Loss: 0.3363 - Val F1: 0.4116 - Val ROC-AUC: 0.7950 - Val PR-AUC: 0.3645
Epoch 54/100 - Loss: 0.3387 - Val F1: 0.4277 - Val ROC-AUC: 0.8042 - Val PR-AUC: 0.3865
Epoch 55/100 - Loss: 0.3228 - Val F1: 0.4118 - Val ROC-AUC: 0.7961 - Val PR-AUC: 0.3687
Epoch 56/100 - Loss: 0.3344 - Val F1: 0.4246 - Val ROC-AUC: 0.7960 - Val PR-AUC: 0.3695
Epoch 57/100 - Loss: 0.3269 - Val F1: 0.4183 - Val ROC-AUC: 0.7990 - Val PR-AUC: 0.3655
Epoch 58/100 - Loss: 0.3193 - Val F1: 0.4315 - Val ROC-AUC: 0.7984 - Val PR-AUC: 0.3684
Epoch 59/100 - Loss: 0.3063 - Val F1: 0.4214 - Val ROC-AUC: 0.8019 - Val PR-AUC: 0.3753
Epoch 60/100 - Loss: 0.3192 - Val F1: 0.4319 - Val ROC-AUC: 0.7971 - Val PR-AUC: 0.3759
Epoch 61/100 - Loss: 0.3292 - Val F1: 0.4317 - Val ROC-AUC: 0.8005 - Val PR-AUC: 0.3749
Epoch 62/100 - Loss: 0.3232 - Val F1: 0.4197 - Val ROC-AUC: 0.8004 - Val PR-AUC: 0.3728
Epoch 63/100 - Loss: 0.3188 - Val F1: 0.4145 - Val ROC-AUC: 0.7991 - Val PR-AUC: 0.3786
Epoch 64/100 - Loss: 0.3181 - Val F1: 0.4267 - Val ROC-AUC: 0.8029 - Val PR-AUC: 0.3811
Epoch 65/100 - Loss: 0.3190 - Val F1: 0.4322 - Val ROC-AUC: 0.8002 - Val PR-AUC: 0.3762
Epoch 66/100 - Loss: 0.3148 - Val F1: 0.4120 - Val ROC-AUC: 0.7980 - Val PR-AUC: 0.3729
Epoch 67/100 - Loss: 0.3276 - Val F1: 0.4114 - Val ROC-AUC: 0.8015 - Val PR-AUC: 0.3742
Epoch 68/100 - Loss: 0.3146 - Val F1: 0.4244 - Val ROC-AUC: 0.8000 - Val PR-AUC: 0.3741
Epoch 69/100 - Loss: 0.3209 - Val F1: 0.4232 - Val ROC-AUC: 0.8040 - Val PR-AUC: 0.3765
Epoch 70/100 - Loss: 0.3145 - Val F1: 0.4286 - Val ROC-AUC: 0.8003 - Val PR-AUC: 0.3717
Epoch 71/100 - Loss: 0.3262 - Val F1: 0.4214 - Val ROC-AUC: 0.8015 - Val PR-AUC: 0.3738
Epoch 72/100 - Loss: 0.3277 - Val F1: 0.4241 - Val ROC-AUC: 0.8052 - Val PR-AUC: 0.3807
Epoch 73/100 - Loss: 0.3265 - Val F1: 0.4221 - Val ROC-AUC: 0.8038 - Val PR-AUC: 0.3784
Epoch 74/100 - Loss: 0.3189 - Val F1: 0.4238 - Val ROC-AUC: 0.8009 - Val PR-AUC: 0.3801
Epoch 75/100 - Loss: 0.3214 - Val F1: 0.4167 - Val ROC-AUC: 0.8014 - Val PR-AUC: 0.3750
Epoch 76/100 - Loss: 0.3066 - Val F1: 0.4388 - Val ROC-AUC: 0.7987 - Val PR-AUC: 0.3749
Epoch 77/100 - Loss: 0.3162 - Val F1: 0.4211 - Val ROC-AUC: 0.7991 - Val PR-AUC: 0.3740
Epoch 78/100 - Loss: 0.3221 - Val F1: 0.4106 - Val ROC-AUC: 0.7997 - Val PR-AUC: 0.3695
Epoch 79/100 - Loss: 0.3126 - Val F1: 0.4161 - Val ROC-AUC: 0.8011 - Val PR-AUC: 0.3758
Epoch 80/100 - Loss: 0.3159 - Val F1: 0.4248 - Val ROC-AUC: 0.8014 - Val PR-AUC: 0.3788
Epoch 81/100 - Loss: 0.3151 - Val F1: 0.4235 - Val ROC-AUC: 0.8013 - Val PR-AUC: 0.3817
Epoch 82/100 - Loss: 0.3132 - Val F1: 0.4156 - Val ROC-AUC: 0.8022 - Val PR-AUC: 0.3773
Epoch 83/100 - Loss: 0.3203 - Val F1: 0.4230 - Val ROC-AUC: 0.8020 - Val PR-AUC: 0.3815
Epoch 84/100 - Loss: 0.3158 - Val F1: 0.4228 - Val ROC-AUC: 0.7997 - Val PR-AUC: 0.3740
Epoch 85/100 - Loss: 0.3120 - Val F1: 0.4181 - Val ROC-AUC: 0.8021 - Val PR-AUC: 0.3812
Epoch 86/100 - Loss: 0.3164 - Val F1: 0.4228 - Val ROC-AUC: 0.8009 - Val PR-AUC: 0.3745
Epoch 87/100 - Loss: 0.3089 - Val F1: 0.4150 - Val ROC-AUC: 0.7998 - Val PR-AUC: 0.3766
Epoch 88/100 - Loss: 0.3236 - Val F1: 0.4200 - Val ROC-AUC: 0.8016 - Val PR-AUC: 0.3807
Epoch 89/100 - Loss: 0.3193 - Val F1: 0.4263 - Val ROC-AUC: 0.7994 - Val PR-AUC: 0.3789
Epoch 90/100 - Loss: 0.3206 - Val F1: 0.4218 - Val ROC-AUC: 0.7986 - Val PR-AUC: 0.3748
Epoch 91/100 - Loss: 0.3163 - Val F1: 0.4194 - Val ROC-AUC: 0.7997 - Val PR-AUC: 0.3749
Epoch 92/100 - Loss: 0.3039 - Val F1: 0.4207 - Val ROC-AUC: 0.8001 - Val PR-AUC: 0.3785
Epoch 93/100 - Loss: 0.3195 - Val F1: 0.4281 - Val ROC-AUC: 0.8007 - Val PR-AUC: 0.3801
Epoch 94/100 - Loss: 0.3207 - Val F1: 0.4277 - Val ROC-AUC: 0.8006 - Val PR-AUC: 0.3757
Epoch 95/100 - Loss: 0.3053 - Val F1: 0.4125 - Val ROC-AUC: 0.8018 - Val PR-AUC: 0.3772
Epoch 96/100 - Loss: 0.3136 - Val F1: 0.4065 - Val ROC-AUC: 0.7999 - Val PR-AUC: 0.3757
Epoch 97/100 - Loss: 0.3196 - Val F1: 0.4079 - Val ROC-AUC: 0.8000 - Val PR-AUC: 0.3740
Epoch 98/100 - Loss: 0.3094 - Val F1: 0.4257 - Val ROC-AUC: 0.8015 - Val PR-AUC: 0.3766
Epoch 99/100 - Loss: 0.3149 - Val F1: 0.4172 - Val ROC-AUC: 0.7997 - Val PR-AUC: 0.3769
Epoch 100/100 - Loss: 0.2997 - Val F1: 0.4229 - Val ROC-AUC: 0.8007 - Val PR-AUC: 0.3763
Pretraining completed. Test F1: 0.4133, ROC-AUC: 0.7449, PR-AUC: 0.3361
[3/4] Finetuning on TOX21_ERa_BLA_Agonist_ratio using GIN_GCN...
[Fine-tune] Epoch 1/50 - Loss: 0.5151 - Val F1: 0.2222 - Val ROC-AUC: 0.7810 - Val PR-AUC: 0.2724
[Fine-tune] Epoch 2/50 - Loss: 0.4340 - Val F1: 0.2875 - Val ROC-AUC: 0.8032 - Val PR-AUC: 0.2234
[Fine-tune] Epoch 3/50 - Loss: 0.3874 - Val F1: 0.2723 - Val ROC-AUC: 0.8072 - Val PR-AUC: 0.2531
[Fine-tune] Epoch 4/50 - Loss: 0.3755 - Val F1: 0.2570 - Val ROC-AUC: 0.7938 - Val PR-AUC: 0.2873
[Fine-tune] Epoch 5/50 - Loss: 0.3395 - Val F1: 0.2342 - Val ROC-AUC: 0.7622 - Val PR-AUC: 0.2164
[Fine-tune] Epoch 6/50 - Loss: 0.3401 - Val F1: 0.2432 - Val ROC-AUC: 0.7745 - Val PR-AUC: 0.2160
[Fine-tune] Epoch 7/50 - Loss: 0.3299 - Val F1: 0.1917 - Val ROC-AUC: 0.7765 - Val PR-AUC: 0.2222
[Fine-tune] Epoch 8/50 - Loss: 0.3156 - Val F1: 0.2266 - Val ROC-AUC: 0.7820 - Val PR-AUC: 0.2237
[Fine-tune] Epoch 9/50 - Loss: 0.2932 - Val F1: 0.3077 - Val ROC-AUC: 0.7972 - Val PR-AUC: 0.2731
[Fine-tune] Epoch 10/50 - Loss: 0.2928 - Val F1: 0.2958 - Val ROC-AUC: 0.7690 - Val PR-AUC: 0.2349
[Fine-tune] Epoch 11/50 - Loss: 0.2365 - Val F1: 0.2488 - Val ROC-AUC: 0.7894 - Val PR-AUC: 0.2280
[Fine-tune] Epoch 12/50 - Loss: 0.2389 - Val F1: 0.2486 - Val ROC-AUC: 0.7627 - Val PR-AUC: 0.2465
[Fine-tune] Epoch 13/50 - Loss: 0.2346 - Val F1: 0.2432 - Val ROC-AUC: 0.7842 - Val PR-AUC: 0.2453
[Fine-tune] Epoch 14/50 - Loss: 0.2141 - Val F1: 0.2619 - Val ROC-AUC: 0.7845 - Val PR-AUC: 0.2710
[Fine-tune] Epoch 15/50 - Loss: 0.2099 - Val F1: 0.2577 - Val ROC-AUC: 0.7914 - Val PR-AUC: 0.2406
[Fine-tune] Epoch 16/50 - Loss: 0.1947 - Val F1: 0.2629 - Val ROC-AUC: 0.7846 - Val PR-AUC: 0.3028
[Fine-tune] Epoch 17/50 - Loss: 0.1943 - Val F1: 0.2877 - Val ROC-AUC: 0.7863 - Val PR-AUC: 0.2604
[Fine-tune] Epoch 18/50 - Loss: 0.1832 - Val F1: 0.2588 - Val ROC-AUC: 0.7809 - Val PR-AUC: 0.2725
[Fine-tune] Epoch 19/50 - Loss: 0.1785 - Val F1: 0.2740 - Val ROC-AUC: 0.7779 - Val PR-AUC: 0.1951
[Fine-tune] Epoch 20/50 - Loss: 0.1825 - Val F1: 0.2658 - Val ROC-AUC: 0.7994 - Val PR-AUC: 0.2718
[Fine-tune] Epoch 21/50 - Loss: 0.1493 - Val F1: 0.2690 - Val ROC-AUC: 0.7762 - Val PR-AUC: 0.2519
[Fine-tune] Epoch 22/50 - Loss: 0.1442 - Val F1: 0.2405 - Val ROC-AUC: 0.7760 - Val PR-AUC: 0.2259
[Fine-tune] Epoch 23/50 - Loss: 0.1389 - Val F1: 0.2714 - Val ROC-AUC: 0.7606 - Val PR-AUC: 0.2406
[Fine-tune] Epoch 24/50 - Loss: 0.1386 - Val F1: 0.2520 - Val ROC-AUC: 0.7680 - Val PR-AUC: 0.2387
[Fine-tune] Epoch 25/50 - Loss: 0.1359 - Val F1: 0.3077 - Val ROC-AUC: 0.7874 - Val PR-AUC: 0.2496
[Fine-tune] Epoch 26/50 - Loss: 0.1328 - Val F1: 0.2625 - Val ROC-AUC: 0.7732 - Val PR-AUC: 0.2274
[Fine-tune] Epoch 27/50 - Loss: 0.1280 - Val F1: 0.2410 - Val ROC-AUC: 0.7576 - Val PR-AUC: 0.2209
[Fine-tune] Epoch 28/50 - Loss: 0.1199 - Val F1: 0.2240 - Val ROC-AUC: 0.7595 - Val PR-AUC: 0.2279
[Fine-tune] Epoch 29/50 - Loss: 0.1212 - Val F1: 0.2466 - Val ROC-AUC: 0.7740 - Val PR-AUC: 0.2173
[Fine-tune] Epoch 30/50 - Loss: 0.1074 - Val F1: 0.2836 - Val ROC-AUC: 0.7734 - Val PR-AUC: 0.2341
[Fine-tune] Epoch 31/50 - Loss: 0.1183 - Val F1: 0.2969 - Val ROC-AUC: 0.7620 - Val PR-AUC: 0.2319
[Fine-tune] Epoch 32/50 - Loss: 0.1108 - Val F1: 0.2576 - Val ROC-AUC: 0.7594 - Val PR-AUC: 0.1987
[Fine-tune] Epoch 33/50 - Loss: 0.0999 - Val F1: 0.2609 - Val ROC-AUC: 0.7601 - Val PR-AUC: 0.2341
[Fine-tune] Epoch 34/50 - Loss: 0.0923 - Val F1: 0.2628 - Val ROC-AUC: 0.7721 - Val PR-AUC: 0.2237
[Fine-tune] Epoch 35/50 - Loss: 0.0944 - Val F1: 0.2464 - Val ROC-AUC: 0.7548 - Val PR-AUC: 0.2020
[Fine-tune] Epoch 36/50 - Loss: 0.1086 - Val F1: 0.2812 - Val ROC-AUC: 0.7581 - Val PR-AUC: 0.2255
[Fine-tune] Epoch 37/50 - Loss: 0.1003 - Val F1: 0.2581 - Val ROC-AUC: 0.7582 - Val PR-AUC: 0.2179
[Fine-tune] Epoch 38/50 - Loss: 0.0898 - Val F1: 0.2835 - Val ROC-AUC: 0.7679 - Val PR-AUC: 0.2110
[Fine-tune] Epoch 39/50 - Loss: 0.0952 - Val F1: 0.2628 - Val ROC-AUC: 0.7536 - Val PR-AUC: 0.2409
[Fine-tune] Epoch 40/50 - Loss: 0.0998 - Val F1: 0.2835 - Val ROC-AUC: 0.7649 - Val PR-AUC: 0.2165
[Fine-tune] Epoch 41/50 - Loss: 0.0832 - Val F1: 0.2581 - Val ROC-AUC: 0.7626 - Val PR-AUC: 0.2098
[Fine-tune] Epoch 42/50 - Loss: 0.0895 - Val F1: 0.2520 - Val ROC-AUC: 0.7448 - Val PR-AUC: 0.2109
[Fine-tune] Epoch 43/50 - Loss: 0.0839 - Val F1: 0.2835 - Val ROC-AUC: 0.7575 - Val PR-AUC: 0.2181
[Fine-tune] Epoch 44/50 - Loss: 0.0862 - Val F1: 0.2443 - Val ROC-AUC: 0.7471 - Val PR-AUC: 0.2143
[Fine-tune] Epoch 45/50 - Loss: 0.0743 - Val F1: 0.2519 - Val ROC-AUC: 0.7627 - Val PR-AUC: 0.2133
[Fine-tune] Epoch 46/50 - Loss: 0.0830 - Val F1: 0.2623 - Val ROC-AUC: 0.7612 - Val PR-AUC: 0.2293
[Fine-tune] Epoch 47/50 - Loss: 0.0723 - Val F1: 0.2832 - Val ROC-AUC: 0.7535 - Val PR-AUC: 0.2222
[Fine-tune] Epoch 48/50 - Loss: 0.0744 - Val F1: 0.2712 - Val ROC-AUC: 0.7606 - Val PR-AUC: 0.2253
[Fine-tune] Epoch 49/50 - Loss: 0.0759 - Val F1: 0.2521 - Val ROC-AUC: 0.7558 - Val PR-AUC: 0.2146
[Fine-tune] Epoch 50/50 - Loss: 0.0818 - Val F1: 0.2857 - Val ROC-AUC: 0.7476 - Val PR-AUC: 0.2142
Finetuning completed. Test F1: 0.2827, ROC-AUC: 0.8151, PR-AUC: 0.3095
[3.1/4] Target-only training on TOX21_ERa_BLA_Agonist_ratio using GIN_GCN...
=== Target-only training ===
[Target-only] Epoch 1/50 – Loss: 0.5703  Val F1: 0.1747  ROC-AUC: 0.7089  PR-AUC: 0.1462
[Target-only] Epoch 2/50 – Loss: 0.5158  Val F1: 0.1421  ROC-AUC: 0.6968  PR-AUC: 0.1631
[Target-only] Epoch 3/50 – Loss: 0.4921  Val F1: 0.2500  ROC-AUC: 0.7121  PR-AUC: 0.2430
[Target-only] Epoch 4/50 – Loss: 0.4644  Val F1: 0.2160  ROC-AUC: 0.7087  PR-AUC: 0.1616
[Target-only] Epoch 5/50 – Loss: 0.4459  Val F1: 0.2174  ROC-AUC: 0.7575  PR-AUC: 0.2226
[Target-only] Epoch 6/50 – Loss: 0.4277  Val F1: 0.2390  ROC-AUC: 0.7303  PR-AUC: 0.2607
[Target-only] Epoch 7/50 – Loss: 0.4164  Val F1: 0.2543  ROC-AUC: 0.7358  PR-AUC: 0.1667
[Target-only] Epoch 8/50 – Loss: 0.3733  Val F1: 0.2092  ROC-AUC: 0.7566  PR-AUC: 0.2618
[Target-only] Epoch 9/50 – Loss: 0.3699  Val F1: 0.2625  ROC-AUC: 0.7652  PR-AUC: 0.2468
[Target-only] Epoch 10/50 – Loss: 0.3639  Val F1: 0.2500  ROC-AUC: 0.7592  PR-AUC: 0.2462
[Target-only] Epoch 11/50 – Loss: 0.3176  Val F1: 0.2391  ROC-AUC: 0.7657  PR-AUC: 0.2287
[Target-only] Epoch 12/50 – Loss: 0.2967  Val F1: 0.2500  ROC-AUC: 0.7839  PR-AUC: 0.2913
[Target-only] Epoch 13/50 – Loss: 0.2983  Val F1: 0.2935  ROC-AUC: 0.7917  PR-AUC: 0.2962
[Target-only] Epoch 14/50 – Loss: 0.2791  Val F1: 0.2587  ROC-AUC: 0.7717  PR-AUC: 0.3003
[Target-only] Epoch 15/50 – Loss: 0.2528  Val F1: 0.2451  ROC-AUC: 0.7728  PR-AUC: 0.2712
[Target-only] Epoch 16/50 – Loss: 0.2499  Val F1: 0.2538  ROC-AUC: 0.7685  PR-AUC: 0.2755
[Target-only] Epoch 17/50 – Loss: 0.2512  Val F1: 0.2872  ROC-AUC: 0.7894  PR-AUC: 0.2703
[Target-only] Epoch 18/50 – Loss: 0.2393  Val F1: 0.3088  ROC-AUC: 0.7804  PR-AUC: 0.3006
[Target-only] Epoch 19/50 – Loss: 0.2263  Val F1: 0.2212  ROC-AUC: 0.7573  PR-AUC: 0.2268
[Target-only] Epoch 20/50 – Loss: 0.2451  Val F1: 0.2471  ROC-AUC: 0.7568  PR-AUC: 0.2019
[Target-only] Epoch 21/50 – Loss: 0.1897  Val F1: 0.2500  ROC-AUC: 0.7600  PR-AUC: 0.2288
[Target-only] Epoch 22/50 – Loss: 0.1973  Val F1: 0.2585  ROC-AUC: 0.7506  PR-AUC: 0.2521
[Target-only] Epoch 23/50 – Loss: 0.1887  Val F1: 0.2788  ROC-AUC: 0.7622  PR-AUC: 0.2961
[Target-only] Epoch 24/50 – Loss: 0.1824  Val F1: 0.2989  ROC-AUC: 0.7551  PR-AUC: 0.2889
[Target-only] Epoch 25/50 – Loss: 0.1707  Val F1: 0.2581  ROC-AUC: 0.7617  PR-AUC: 0.2754
[Target-only] Epoch 26/50 – Loss: 0.1837  Val F1: 0.2550  ROC-AUC: 0.7613  PR-AUC: 0.2545
[Target-only] Epoch 27/50 – Loss: 0.1594  Val F1: 0.2651  ROC-AUC: 0.7573  PR-AUC: 0.2258
[Target-only] Epoch 28/50 – Loss: 0.1534  Val F1: 0.2774  ROC-AUC: 0.7437  PR-AUC: 0.2027
[Target-only] Epoch 29/50 – Loss: 0.1586  Val F1: 0.2695  ROC-AUC: 0.7404  PR-AUC: 0.2357
[Target-only] Epoch 30/50 – Loss: 0.1508  Val F1: 0.2785  ROC-AUC: 0.7554  PR-AUC: 0.1940
[Target-only] Epoch 31/50 – Loss: 0.1405  Val F1: 0.2754  ROC-AUC: 0.7469  PR-AUC: 0.2576
[Target-only] Epoch 32/50 – Loss: 0.1416  Val F1: 0.2857  ROC-AUC: 0.7482  PR-AUC: 0.2310
[Target-only] Epoch 33/50 – Loss: 0.1315  Val F1: 0.2721  ROC-AUC: 0.7540  PR-AUC: 0.2272
[Target-only] Epoch 34/50 – Loss: 0.1339  Val F1: 0.2958  ROC-AUC: 0.7459  PR-AUC: 0.2172
[Target-only] Epoch 35/50 – Loss: 0.1365  Val F1: 0.3099  ROC-AUC: 0.7518  PR-AUC: 0.2474
[Target-only] Epoch 36/50 – Loss: 0.1219  Val F1: 0.2619  ROC-AUC: 0.7530  PR-AUC: 0.2334
[Target-only] Epoch 37/50 – Loss: 0.1232  Val F1: 0.2781  ROC-AUC: 0.7412  PR-AUC: 0.2462
[Target-only] Epoch 38/50 – Loss: 0.1244  Val F1: 0.2781  ROC-AUC: 0.7409  PR-AUC: 0.2502
[Target-only] Epoch 39/50 – Loss: 0.1199  Val F1: 0.2517  ROC-AUC: 0.7490  PR-AUC: 0.1933
[Target-only] Epoch 40/50 – Loss: 0.1226  Val F1: 0.2857  ROC-AUC: 0.7384  PR-AUC: 0.2279
[Target-only] Epoch 41/50 – Loss: 0.1023  Val F1: 0.2917  ROC-AUC: 0.7452  PR-AUC: 0.2211
[Target-only] Epoch 42/50 – Loss: 0.1086  Val F1: 0.2878  ROC-AUC: 0.7447  PR-AUC: 0.2392
[Target-only] Epoch 43/50 – Loss: 0.1049  Val F1: 0.2781  ROC-AUC: 0.7437  PR-AUC: 0.2326
[Target-only] Epoch 44/50 – Loss: 0.1073  Val F1: 0.2920  ROC-AUC: 0.7417  PR-AUC: 0.2088
[Target-only] Epoch 45/50 – Loss: 0.1090  Val F1: 0.2821  ROC-AUC: 0.7448  PR-AUC: 0.2200
[Target-only] Epoch 46/50 – Loss: 0.1077  Val F1: 0.2897  ROC-AUC: 0.7408  PR-AUC: 0.2076
[Target-only] Epoch 47/50 – Loss: 0.1059  Val F1: 0.2937  ROC-AUC: 0.7464  PR-AUC: 0.2129
[Target-only] Epoch 48/50 – Loss: 0.0968  Val F1: 0.2963  ROC-AUC: 0.7382  PR-AUC: 0.1880
[Target-only] Epoch 49/50 – Loss: 0.1049  Val F1: 0.2958  ROC-AUC: 0.7438  PR-AUC: 0.2298
[Target-only] Epoch 50/50 – Loss: 0.1067  Val F1: 0.3121  ROC-AUC: 0.7444  PR-AUC: 0.2185
=== Target-only TEST performance ===
Test F1: 0.2657, ROC-AUC: 0.7415, PR-AUC: 0.2261
✅ 실험 완료: TOX21_ERb_BLA_Agonist_viability -> TOX21_ERa_BLA_Agonist_ratio [GIN_GCN]
