[1/4] Excel → CSV 변환 중...
Saved pretrain CSV for TOX21_ERa_LUC_VM7_Agonist: data/sample/TOX21_ERa_LUC_VM7_Agonist.csv
Saved pretrain CSV for TOX21_ERb_BLA_Agonist_viability: data/sample/TOX21_ERb_BLA_Agonist_viability.csv
Saved pretrain CSV for TOX21_ERa_LUC_VM7_Agonist_10nM_ICI182780_viability: data/sample/TOX21_ERa_LUC_VM7_Agonist_10nM_ICI182780_viability.csv
Saved pretrain CSV for TOX21_ERR_LUC_viability: data/sample/TOX21_ERR_LUC_viability.csv
Saved finetune CSV for TOX21_ERa_BLA_Agonist_ch2: data/sample/TOX21_ERa_BLA_Agonist_ch2.csv
Saved finetune CSV for TOX21_ERa_BLA_Agonist_ch1: data/sample/TOX21_ERa_BLA_Agonist_ch1.csv
Saved finetune CSV for TOX21_ERa_BLA_Agonist_ratio: data/sample/TOX21_ERa_BLA_Agonist_ratio.csv
Saved finetune CSV for TOX21_ERb_BLA_Agonist_ratio: data/sample/TOX21_ERb_BLA_Agonist_ratio.csv
Saved finetune CSV for TOX21_ERb_BLA_Agonist_ch2: data/sample/TOX21_ERb_BLA_Agonist_ch2.csv
Saved finetune CSV for TOX21_ERb_BLA_Agonist_ch1: data/sample/TOX21_ERb_BLA_Agonist_ch1.csv
Saved finetune CSV for TOX21_ERR_LUC_Agonist: data/sample/TOX21_ERR_LUC_Agonist.csv
Saved finetune CSV for TOX21_ERa_LUC_VM7_Agonist_10nM_ICI182780: data/sample/TOX21_ERa_LUC_VM7_Agonist_10nM_ICI182780.csv
[2/4] Pretraining on TOX21_ERb_BLA_Agonist_viability using GIN_GCN...
Epoch 1/100 - Loss: 0.6326 - Val F1: 0.3665 - Val ROC-AUC: 0.7146 - Val PR-AUC: 0.2817
Epoch 2/100 - Loss: 0.5892 - Val F1: 0.3581 - Val ROC-AUC: 0.7273 - Val PR-AUC: 0.3129
Epoch 3/100 - Loss: 0.5666 - Val F1: 0.3869 - Val ROC-AUC: 0.7466 - Val PR-AUC: 0.2965
Epoch 4/100 - Loss: 0.5603 - Val F1: 0.3667 - Val ROC-AUC: 0.7348 - Val PR-AUC: 0.3022
Epoch 5/100 - Loss: 0.5510 - Val F1: 0.3496 - Val ROC-AUC: 0.7285 - Val PR-AUC: 0.2581
Epoch 6/100 - Loss: 0.5372 - Val F1: 0.3782 - Val ROC-AUC: 0.7319 - Val PR-AUC: 0.2759
Epoch 7/100 - Loss: 0.5386 - Val F1: 0.3575 - Val ROC-AUC: 0.7187 - Val PR-AUC: 0.2935
Epoch 8/100 - Loss: 0.5192 - Val F1: 0.3697 - Val ROC-AUC: 0.7527 - Val PR-AUC: 0.3242
Epoch 9/100 - Loss: 0.5119 - Val F1: 0.4071 - Val ROC-AUC: 0.7789 - Val PR-AUC: 0.3394
Epoch 10/100 - Loss: 0.4990 - Val F1: 0.4109 - Val ROC-AUC: 0.7822 - Val PR-AUC: 0.3150
Epoch 11/100 - Loss: 0.4803 - Val F1: 0.4088 - Val ROC-AUC: 0.7656 - Val PR-AUC: 0.3128
Epoch 12/100 - Loss: 0.4575 - Val F1: 0.4055 - Val ROC-AUC: 0.7729 - Val PR-AUC: 0.3595
Epoch 13/100 - Loss: 0.4657 - Val F1: 0.3791 - Val ROC-AUC: 0.7428 - Val PR-AUC: 0.2725
Epoch 14/100 - Loss: 0.4681 - Val F1: 0.4061 - Val ROC-AUC: 0.7765 - Val PR-AUC: 0.3191
Epoch 15/100 - Loss: 0.4535 - Val F1: 0.4350 - Val ROC-AUC: 0.7975 - Val PR-AUC: 0.3664
Epoch 16/100 - Loss: 0.4441 - Val F1: 0.3989 - Val ROC-AUC: 0.7803 - Val PR-AUC: 0.3761
Epoch 17/100 - Loss: 0.4381 - Val F1: 0.4027 - Val ROC-AUC: 0.7790 - Val PR-AUC: 0.3500
Epoch 18/100 - Loss: 0.4315 - Val F1: 0.4067 - Val ROC-AUC: 0.7714 - Val PR-AUC: 0.3142
Epoch 19/100 - Loss: 0.4375 - Val F1: 0.4182 - Val ROC-AUC: 0.7851 - Val PR-AUC: 0.3372
Epoch 20/100 - Loss: 0.4348 - Val F1: 0.4170 - Val ROC-AUC: 0.7801 - Val PR-AUC: 0.3360
Epoch 21/100 - Loss: 0.3999 - Val F1: 0.4367 - Val ROC-AUC: 0.7938 - Val PR-AUC: 0.3748
Epoch 22/100 - Loss: 0.4154 - Val F1: 0.4154 - Val ROC-AUC: 0.7789 - Val PR-AUC: 0.3235
Epoch 23/100 - Loss: 0.4099 - Val F1: 0.4092 - Val ROC-AUC: 0.7853 - Val PR-AUC: 0.3543
Epoch 24/100 - Loss: 0.3899 - Val F1: 0.4000 - Val ROC-AUC: 0.7887 - Val PR-AUC: 0.3648
Epoch 25/100 - Loss: 0.3880 - Val F1: 0.4249 - Val ROC-AUC: 0.7977 - Val PR-AUC: 0.3750
Epoch 26/100 - Loss: 0.3790 - Val F1: 0.4225 - Val ROC-AUC: 0.7964 - Val PR-AUC: 0.3793
Epoch 27/100 - Loss: 0.3790 - Val F1: 0.3986 - Val ROC-AUC: 0.7901 - Val PR-AUC: 0.3513
Epoch 28/100 - Loss: 0.3842 - Val F1: 0.4075 - Val ROC-AUC: 0.7957 - Val PR-AUC: 0.3778
Epoch 29/100 - Loss: 0.3868 - Val F1: 0.4177 - Val ROC-AUC: 0.7981 - Val PR-AUC: 0.3715
Epoch 30/100 - Loss: 0.3687 - Val F1: 0.4309 - Val ROC-AUC: 0.8055 - Val PR-AUC: 0.3730
Epoch 31/100 - Loss: 0.3561 - Val F1: 0.4471 - Val ROC-AUC: 0.8032 - Val PR-AUC: 0.3779
Epoch 32/100 - Loss: 0.3565 - Val F1: 0.4337 - Val ROC-AUC: 0.7965 - Val PR-AUC: 0.3608
Epoch 33/100 - Loss: 0.3489 - Val F1: 0.4237 - Val ROC-AUC: 0.8003 - Val PR-AUC: 0.3568
Epoch 34/100 - Loss: 0.3622 - Val F1: 0.4103 - Val ROC-AUC: 0.7873 - Val PR-AUC: 0.3567
Epoch 35/100 - Loss: 0.3408 - Val F1: 0.4204 - Val ROC-AUC: 0.8066 - Val PR-AUC: 0.3736
Epoch 36/100 - Loss: 0.3343 - Val F1: 0.4290 - Val ROC-AUC: 0.8013 - Val PR-AUC: 0.3646
Epoch 37/100 - Loss: 0.3337 - Val F1: 0.3729 - Val ROC-AUC: 0.7858 - Val PR-AUC: 0.3603
Epoch 38/100 - Loss: 0.3544 - Val F1: 0.4430 - Val ROC-AUC: 0.8047 - Val PR-AUC: 0.3890
Epoch 39/100 - Loss: 0.3359 - Val F1: 0.4268 - Val ROC-AUC: 0.7992 - Val PR-AUC: 0.3761
Epoch 40/100 - Loss: 0.3315 - Val F1: 0.4359 - Val ROC-AUC: 0.7921 - Val PR-AUC: 0.3604
Epoch 41/100 - Loss: 0.3291 - Val F1: 0.4393 - Val ROC-AUC: 0.8042 - Val PR-AUC: 0.3876
Epoch 42/100 - Loss: 0.3303 - Val F1: 0.4290 - Val ROC-AUC: 0.8039 - Val PR-AUC: 0.3851
Epoch 43/100 - Loss: 0.3209 - Val F1: 0.4200 - Val ROC-AUC: 0.8016 - Val PR-AUC: 0.3746
Epoch 44/100 - Loss: 0.3242 - Val F1: 0.4170 - Val ROC-AUC: 0.7893 - Val PR-AUC: 0.3611
Epoch 45/100 - Loss: 0.3115 - Val F1: 0.4255 - Val ROC-AUC: 0.8063 - Val PR-AUC: 0.3858
Epoch 46/100 - Loss: 0.3117 - Val F1: 0.4351 - Val ROC-AUC: 0.8061 - Val PR-AUC: 0.3918
Epoch 47/100 - Loss: 0.3036 - Val F1: 0.4164 - Val ROC-AUC: 0.7968 - Val PR-AUC: 0.3811
Epoch 48/100 - Loss: 0.3194 - Val F1: 0.4539 - Val ROC-AUC: 0.7982 - Val PR-AUC: 0.3772
Epoch 49/100 - Loss: 0.3148 - Val F1: 0.4314 - Val ROC-AUC: 0.7994 - Val PR-AUC: 0.3701
Epoch 50/100 - Loss: 0.3115 - Val F1: 0.4452 - Val ROC-AUC: 0.8046 - Val PR-AUC: 0.3776
Epoch 51/100 - Loss: 0.3098 - Val F1: 0.4401 - Val ROC-AUC: 0.8002 - Val PR-AUC: 0.3711
Epoch 52/100 - Loss: 0.3122 - Val F1: 0.4548 - Val ROC-AUC: 0.8109 - Val PR-AUC: 0.3899
Epoch 53/100 - Loss: 0.3196 - Val F1: 0.4375 - Val ROC-AUC: 0.8010 - Val PR-AUC: 0.3796
Epoch 54/100 - Loss: 0.3009 - Val F1: 0.4147 - Val ROC-AUC: 0.8061 - Val PR-AUC: 0.3809
Epoch 55/100 - Loss: 0.3017 - Val F1: 0.4286 - Val ROC-AUC: 0.8032 - Val PR-AUC: 0.3770
Epoch 56/100 - Loss: 0.3096 - Val F1: 0.4416 - Val ROC-AUC: 0.8014 - Val PR-AUC: 0.3687
Epoch 57/100 - Loss: 0.3034 - Val F1: 0.4430 - Val ROC-AUC: 0.8055 - Val PR-AUC: 0.3778
Epoch 58/100 - Loss: 0.2978 - Val F1: 0.4345 - Val ROC-AUC: 0.8002 - Val PR-AUC: 0.3778
Epoch 59/100 - Loss: 0.3002 - Val F1: 0.4203 - Val ROC-AUC: 0.7998 - Val PR-AUC: 0.3783
Epoch 60/100 - Loss: 0.2936 - Val F1: 0.4242 - Val ROC-AUC: 0.7984 - Val PR-AUC: 0.3722
Epoch 61/100 - Loss: 0.2844 - Val F1: 0.4183 - Val ROC-AUC: 0.8049 - Val PR-AUC: 0.3825
Epoch 62/100 - Loss: 0.2945 - Val F1: 0.4252 - Val ROC-AUC: 0.8014 - Val PR-AUC: 0.3739
Epoch 63/100 - Loss: 0.2905 - Val F1: 0.4395 - Val ROC-AUC: 0.8033 - Val PR-AUC: 0.3793
Epoch 64/100 - Loss: 0.3072 - Val F1: 0.4232 - Val ROC-AUC: 0.7997 - Val PR-AUC: 0.3764
Epoch 65/100 - Loss: 0.2926 - Val F1: 0.4207 - Val ROC-AUC: 0.7997 - Val PR-AUC: 0.3784
Epoch 66/100 - Loss: 0.2905 - Val F1: 0.4390 - Val ROC-AUC: 0.8043 - Val PR-AUC: 0.3817
Epoch 67/100 - Loss: 0.2986 - Val F1: 0.4337 - Val ROC-AUC: 0.8057 - Val PR-AUC: 0.3825
Epoch 68/100 - Loss: 0.3024 - Val F1: 0.4286 - Val ROC-AUC: 0.8068 - Val PR-AUC: 0.3817
Epoch 69/100 - Loss: 0.2886 - Val F1: 0.4408 - Val ROC-AUC: 0.8097 - Val PR-AUC: 0.3862
Epoch 70/100 - Loss: 0.2942 - Val F1: 0.4207 - Val ROC-AUC: 0.8064 - Val PR-AUC: 0.3790
Epoch 71/100 - Loss: 0.2932 - Val F1: 0.4444 - Val ROC-AUC: 0.8091 - Val PR-AUC: 0.3838
Epoch 72/100 - Loss: 0.2852 - Val F1: 0.4364 - Val ROC-AUC: 0.8048 - Val PR-AUC: 0.3798
Epoch 73/100 - Loss: 0.2867 - Val F1: 0.4452 - Val ROC-AUC: 0.8068 - Val PR-AUC: 0.3847
Epoch 74/100 - Loss: 0.2894 - Val F1: 0.4211 - Val ROC-AUC: 0.8061 - Val PR-AUC: 0.3853
Epoch 75/100 - Loss: 0.2875 - Val F1: 0.4181 - Val ROC-AUC: 0.8067 - Val PR-AUC: 0.3819
Epoch 76/100 - Loss: 0.2780 - Val F1: 0.4281 - Val ROC-AUC: 0.8053 - Val PR-AUC: 0.3833
Epoch 77/100 - Loss: 0.2830 - Val F1: 0.4502 - Val ROC-AUC: 0.8073 - Val PR-AUC: 0.3801
Epoch 78/100 - Loss: 0.2989 - Val F1: 0.4306 - Val ROC-AUC: 0.8058 - Val PR-AUC: 0.3840
Epoch 79/100 - Loss: 0.2769 - Val F1: 0.4356 - Val ROC-AUC: 0.8079 - Val PR-AUC: 0.3812
Epoch 80/100 - Loss: 0.2946 - Val F1: 0.4477 - Val ROC-AUC: 0.8061 - Val PR-AUC: 0.3785
Epoch 81/100 - Loss: 0.2872 - Val F1: 0.4406 - Val ROC-AUC: 0.8057 - Val PR-AUC: 0.3818
Epoch 82/100 - Loss: 0.2977 - Val F1: 0.4319 - Val ROC-AUC: 0.8084 - Val PR-AUC: 0.3833
Epoch 83/100 - Loss: 0.2932 - Val F1: 0.4360 - Val ROC-AUC: 0.8052 - Val PR-AUC: 0.3805
Epoch 84/100 - Loss: 0.2836 - Val F1: 0.4380 - Val ROC-AUC: 0.8042 - Val PR-AUC: 0.3791
Epoch 85/100 - Loss: 0.2915 - Val F1: 0.4406 - Val ROC-AUC: 0.8099 - Val PR-AUC: 0.3824
Epoch 86/100 - Loss: 0.2710 - Val F1: 0.4291 - Val ROC-AUC: 0.8035 - Val PR-AUC: 0.3840
Epoch 87/100 - Loss: 0.2813 - Val F1: 0.4414 - Val ROC-AUC: 0.8047 - Val PR-AUC: 0.3789
Epoch 88/100 - Loss: 0.2887 - Val F1: 0.4373 - Val ROC-AUC: 0.8049 - Val PR-AUC: 0.3814
Epoch 89/100 - Loss: 0.2819 - Val F1: 0.4295 - Val ROC-AUC: 0.8057 - Val PR-AUC: 0.3841
Epoch 90/100 - Loss: 0.2905 - Val F1: 0.4276 - Val ROC-AUC: 0.8058 - Val PR-AUC: 0.3835
Epoch 91/100 - Loss: 0.2802 - Val F1: 0.4306 - Val ROC-AUC: 0.8060 - Val PR-AUC: 0.3787
Epoch 92/100 - Loss: 0.2745 - Val F1: 0.4267 - Val ROC-AUC: 0.8060 - Val PR-AUC: 0.3786
Epoch 93/100 - Loss: 0.2817 - Val F1: 0.4265 - Val ROC-AUC: 0.8039 - Val PR-AUC: 0.3775
Epoch 94/100 - Loss: 0.2931 - Val F1: 0.4382 - Val ROC-AUC: 0.8029 - Val PR-AUC: 0.3776
Epoch 95/100 - Loss: 0.2778 - Val F1: 0.4266 - Val ROC-AUC: 0.8063 - Val PR-AUC: 0.3823
Epoch 96/100 - Loss: 0.2775 - Val F1: 0.4240 - Val ROC-AUC: 0.8027 - Val PR-AUC: 0.3854
Epoch 97/100 - Loss: 0.2870 - Val F1: 0.4267 - Val ROC-AUC: 0.8064 - Val PR-AUC: 0.3811
Epoch 98/100 - Loss: 0.2752 - Val F1: 0.4436 - Val ROC-AUC: 0.8062 - Val PR-AUC: 0.3807
Epoch 99/100 - Loss: 0.2790 - Val F1: 0.4286 - Val ROC-AUC: 0.8048 - Val PR-AUC: 0.3816
Epoch 100/100 - Loss: 0.2892 - Val F1: 0.4317 - Val ROC-AUC: 0.8075 - Val PR-AUC: 0.3843
Pretraining completed. Test F1: 0.4051, ROC-AUC: 0.7375, PR-AUC: 0.3219
[3/4] Finetuning on TOX21_ERb_BLA_Agonist_ratio using GIN_GCN...
[Fine-tune] Epoch 1/50 - Loss: 0.3701 - Val F1: 0.1942 - Val ROC-AUC: 0.8664 - Val PR-AUC: 0.1326
[Fine-tune] Epoch 2/50 - Loss: 0.2579 - Val F1: 0.2273 - Val ROC-AUC: 0.8681 - Val PR-AUC: 0.3047
[Fine-tune] Epoch 3/50 - Loss: 0.2208 - Val F1: 0.3103 - Val ROC-AUC: 0.8543 - Val PR-AUC: 0.3015
[Fine-tune] Epoch 4/50 - Loss: 0.1917 - Val F1: 0.2041 - Val ROC-AUC: 0.8506 - Val PR-AUC: 0.2343
[Fine-tune] Epoch 5/50 - Loss: 0.1771 - Val F1: 0.2105 - Val ROC-AUC: 0.8645 - Val PR-AUC: 0.2337
[Fine-tune] Epoch 6/50 - Loss: 0.1526 - Val F1: 0.1839 - Val ROC-AUC: 0.8537 - Val PR-AUC: 0.2023
[Fine-tune] Epoch 7/50 - Loss: 0.1382 - Val F1: 0.2338 - Val ROC-AUC: 0.8377 - Val PR-AUC: 0.2364
[Fine-tune] Epoch 8/50 - Loss: 0.1494 - Val F1: 0.1681 - Val ROC-AUC: 0.8394 - Val PR-AUC: 0.2854
[Fine-tune] Epoch 9/50 - Loss: 0.1414 - Val F1: 0.2687 - Val ROC-AUC: 0.8220 - Val PR-AUC: 0.2353
[Fine-tune] Epoch 10/50 - Loss: 0.1339 - Val F1: 0.1980 - Val ROC-AUC: 0.8121 - Val PR-AUC: 0.2677
[Fine-tune] Epoch 11/50 - Loss: 0.0958 - Val F1: 0.3000 - Val ROC-AUC: 0.8161 - Val PR-AUC: 0.2806
[Fine-tune] Epoch 12/50 - Loss: 0.0778 - Val F1: 0.2951 - Val ROC-AUC: 0.8510 - Val PR-AUC: 0.2496
[Fine-tune] Epoch 13/50 - Loss: 0.0785 - Val F1: 0.3529 - Val ROC-AUC: 0.8455 - Val PR-AUC: 0.2663
[Fine-tune] Epoch 14/50 - Loss: 0.0778 - Val F1: 0.2540 - Val ROC-AUC: 0.8333 - Val PR-AUC: 0.2997
[Fine-tune] Epoch 15/50 - Loss: 0.0744 - Val F1: 0.2745 - Val ROC-AUC: 0.8323 - Val PR-AUC: 0.2343
[Fine-tune] Epoch 16/50 - Loss: 0.0712 - Val F1: 0.3333 - Val ROC-AUC: 0.8347 - Val PR-AUC: 0.2627
[Fine-tune] Epoch 17/50 - Loss: 0.0847 - Val F1: 0.3019 - Val ROC-AUC: 0.8268 - Val PR-AUC: 0.2853
[Fine-tune] Epoch 18/50 - Loss: 0.0734 - Val F1: 0.2623 - Val ROC-AUC: 0.8271 - Val PR-AUC: 0.2498
[Fine-tune] Epoch 19/50 - Loss: 0.0847 - Val F1: 0.2745 - Val ROC-AUC: 0.8152 - Val PR-AUC: 0.2843
[Fine-tune] Epoch 20/50 - Loss: 0.0657 - Val F1: 0.3182 - Val ROC-AUC: 0.8124 - Val PR-AUC: 0.2905
[Fine-tune] Epoch 21/50 - Loss: 0.0620 - Val F1: 0.3182 - Val ROC-AUC: 0.8037 - Val PR-AUC: 0.3109
[Fine-tune] Epoch 22/50 - Loss: 0.0497 - Val F1: 0.3265 - Val ROC-AUC: 0.8095 - Val PR-AUC: 0.3051
[Fine-tune] Epoch 23/50 - Loss: 0.0480 - Val F1: 0.3415 - Val ROC-AUC: 0.8220 - Val PR-AUC: 0.3361
[Fine-tune] Epoch 24/50 - Loss: 0.0529 - Val F1: 0.3500 - Val ROC-AUC: 0.8400 - Val PR-AUC: 0.3278
[Fine-tune] Epoch 25/50 - Loss: 0.0538 - Val F1: 0.2667 - Val ROC-AUC: 0.8333 - Val PR-AUC: 0.3295
[Fine-tune] Epoch 26/50 - Loss: 0.0459 - Val F1: 0.2979 - Val ROC-AUC: 0.8219 - Val PR-AUC: 0.3115
[Fine-tune] Epoch 27/50 - Loss: 0.0450 - Val F1: 0.3182 - Val ROC-AUC: 0.8407 - Val PR-AUC: 0.2889
[Fine-tune] Epoch 28/50 - Loss: 0.0469 - Val F1: 0.3111 - Val ROC-AUC: 0.8300 - Val PR-AUC: 0.2827
[Fine-tune] Epoch 29/50 - Loss: 0.0391 - Val F1: 0.2979 - Val ROC-AUC: 0.8383 - Val PR-AUC: 0.3442
[Fine-tune] Epoch 30/50 - Loss: 0.0437 - Val F1: 0.3256 - Val ROC-AUC: 0.8209 - Val PR-AUC: 0.2310
[Fine-tune] Epoch 31/50 - Loss: 0.0366 - Val F1: 0.3243 - Val ROC-AUC: 0.8142 - Val PR-AUC: 0.3472
[Fine-tune] Epoch 32/50 - Loss: 0.0379 - Val F1: 0.2857 - Val ROC-AUC: 0.8192 - Val PR-AUC: 0.3016
[Fine-tune] Epoch 33/50 - Loss: 0.0301 - Val F1: 0.3182 - Val ROC-AUC: 0.8368 - Val PR-AUC: 0.2969
[Fine-tune] Epoch 34/50 - Loss: 0.0385 - Val F1: 0.3415 - Val ROC-AUC: 0.8315 - Val PR-AUC: 0.3264
[Fine-tune] Epoch 35/50 - Loss: 0.0309 - Val F1: 0.2917 - Val ROC-AUC: 0.8220 - Val PR-AUC: 0.3229
[Fine-tune] Epoch 36/50 - Loss: 0.0270 - Val F1: 0.2791 - Val ROC-AUC: 0.8212 - Val PR-AUC: 0.2838
[Fine-tune] Epoch 37/50 - Loss: 0.0332 - Val F1: 0.3182 - Val ROC-AUC: 0.8304 - Val PR-AUC: 0.3015
[Fine-tune] Epoch 38/50 - Loss: 0.0320 - Val F1: 0.3000 - Val ROC-AUC: 0.8162 - Val PR-AUC: 0.2831
[Fine-tune] Epoch 39/50 - Loss: 0.0307 - Val F1: 0.3158 - Val ROC-AUC: 0.8129 - Val PR-AUC: 0.2927
[Fine-tune] Epoch 40/50 - Loss: 0.0343 - Val F1: 0.2857 - Val ROC-AUC: 0.8275 - Val PR-AUC: 0.3179
[Fine-tune] Epoch 41/50 - Loss: 0.0241 - Val F1: 0.3243 - Val ROC-AUC: 0.8257 - Val PR-AUC: 0.2987
[Fine-tune] Epoch 42/50 - Loss: 0.0287 - Val F1: 0.3333 - Val ROC-AUC: 0.8206 - Val PR-AUC: 0.3297
[Fine-tune] Epoch 43/50 - Loss: 0.0263 - Val F1: 0.3158 - Val ROC-AUC: 0.8228 - Val PR-AUC: 0.2949
[Fine-tune] Epoch 44/50 - Loss: 0.0247 - Val F1: 0.3333 - Val ROC-AUC: 0.8200 - Val PR-AUC: 0.2881
[Fine-tune] Epoch 45/50 - Loss: 0.0215 - Val F1: 0.2703 - Val ROC-AUC: 0.8230 - Val PR-AUC: 0.3109
[Fine-tune] Epoch 46/50 - Loss: 0.0259 - Val F1: 0.3000 - Val ROC-AUC: 0.8146 - Val PR-AUC: 0.2965
[Fine-tune] Epoch 47/50 - Loss: 0.0233 - Val F1: 0.3415 - Val ROC-AUC: 0.8200 - Val PR-AUC: 0.3002
[Fine-tune] Epoch 48/50 - Loss: 0.0238 - Val F1: 0.3158 - Val ROC-AUC: 0.8172 - Val PR-AUC: 0.2917
[Fine-tune] Epoch 49/50 - Loss: 0.0209 - Val F1: 0.3256 - Val ROC-AUC: 0.8288 - Val PR-AUC: 0.2986
[Fine-tune] Epoch 50/50 - Loss: 0.0237 - Val F1: 0.3500 - Val ROC-AUC: 0.8263 - Val PR-AUC: 0.2978
Finetuning completed. Test F1: 0.3137, ROC-AUC: 0.6858, PR-AUC: 0.3058
[3.1/4] Target-only training on TOX21_ERb_BLA_Agonist_ratio using GIN_GCN...
=== Target-only training ===
[Target-only] Epoch 1/50 – Loss: 0.4701  Val F1: 0.1032  ROC-AUC: 0.7668  PR-AUC: 0.0664
[Target-only] Epoch 2/50 – Loss: 0.3765  Val F1: 0.2909  ROC-AUC: 0.8518  PR-AUC: 0.1886
[Target-only] Epoch 3/50 – Loss: 0.3319  Val F1: 0.0936  ROC-AUC: 0.8209  PR-AUC: 0.1250
[Target-only] Epoch 4/50 – Loss: 0.3129  Val F1: 0.1538  ROC-AUC: 0.8145  PR-AUC: 0.1627
[Target-only] Epoch 5/50 – Loss: 0.2580  Val F1: 0.1268  ROC-AUC: 0.8233  PR-AUC: 0.2357
[Target-only] Epoch 6/50 – Loss: 0.2353  Val F1: 0.1714  ROC-AUC: 0.8212  PR-AUC: 0.2419
[Target-only] Epoch 7/50 – Loss: 0.2080  Val F1: 0.1488  ROC-AUC: 0.8392  PR-AUC: 0.1797
[Target-only] Epoch 8/50 – Loss: 0.1926  Val F1: 0.1284  ROC-AUC: 0.7402  PR-AUC: 0.1526
[Target-only] Epoch 9/50 – Loss: 0.1962  Val F1: 0.1573  ROC-AUC: 0.7858  PR-AUC: 0.1309
[Target-only] Epoch 10/50 – Loss: 0.1776  Val F1: 0.1720  ROC-AUC: 0.8152  PR-AUC: 0.1680
[Target-only] Epoch 11/50 – Loss: 0.1340  Val F1: 0.1714  ROC-AUC: 0.7830  PR-AUC: 0.1766
[Target-only] Epoch 12/50 – Loss: 0.1325  Val F1: 0.2319  ROC-AUC: 0.7936  PR-AUC: 0.1948
[Target-only] Epoch 13/50 – Loss: 0.1182  Val F1: 0.2540  ROC-AUC: 0.8139  PR-AUC: 0.2292
[Target-only] Epoch 14/50 – Loss: 0.1198  Val F1: 0.2105  ROC-AUC: 0.8200  PR-AUC: 0.1872
[Target-only] Epoch 15/50 – Loss: 0.1038  Val F1: 0.2295  ROC-AUC: 0.8171  PR-AUC: 0.1889
[Target-only] Epoch 16/50 – Loss: 0.1093  Val F1: 0.1644  ROC-AUC: 0.8167  PR-AUC: 0.1955
[Target-only] Epoch 17/50 – Loss: 0.1203  Val F1: 0.2254  ROC-AUC: 0.8218  PR-AUC: 0.1942
[Target-only] Epoch 18/50 – Loss: 0.1108  Val F1: 0.2162  ROC-AUC: 0.8191  PR-AUC: 0.2524
[Target-only] Epoch 19/50 – Loss: 0.0999  Val F1: 0.1622  ROC-AUC: 0.7649  PR-AUC: 0.1400
[Target-only] Epoch 20/50 – Loss: 0.1005  Val F1: 0.2745  ROC-AUC: 0.7906  PR-AUC: 0.1584
[Target-only] Epoch 21/50 – Loss: 0.0798  Val F1: 0.2222  ROC-AUC: 0.7635  PR-AUC: 0.1980
[Target-only] Epoch 22/50 – Loss: 0.0675  Val F1: 0.1967  ROC-AUC: 0.7664  PR-AUC: 0.1841
[Target-only] Epoch 23/50 – Loss: 0.0687  Val F1: 0.2105  ROC-AUC: 0.7942  PR-AUC: 0.1869
[Target-only] Epoch 24/50 – Loss: 0.0635  Val F1: 0.2373  ROC-AUC: 0.7854  PR-AUC: 0.2085
[Target-only] Epoch 25/50 – Loss: 0.0674  Val F1: 0.2414  ROC-AUC: 0.7656  PR-AUC: 0.1880
[Target-only] Epoch 26/50 – Loss: 0.0891  Val F1: 0.2500  ROC-AUC: 0.7587  PR-AUC: 0.2429
[Target-only] Epoch 27/50 – Loss: 0.0591  Val F1: 0.2105  ROC-AUC: 0.7659  PR-AUC: 0.2078
[Target-only] Epoch 28/50 – Loss: 0.0537  Val F1: 0.2745  ROC-AUC: 0.7808  PR-AUC: 0.2180
[Target-only] Epoch 29/50 – Loss: 0.0591  Val F1: 0.2456  ROC-AUC: 0.7674  PR-AUC: 0.2237
[Target-only] Epoch 30/50 – Loss: 0.0516  Val F1: 0.2979  ROC-AUC: 0.8008  PR-AUC: 0.1736
[Target-only] Epoch 31/50 – Loss: 0.0509  Val F1: 0.2553  ROC-AUC: 0.8042  PR-AUC: 0.1827
[Target-only] Epoch 32/50 – Loss: 0.0502  Val F1: 0.2745  ROC-AUC: 0.7940  PR-AUC: 0.2311
[Target-only] Epoch 33/50 – Loss: 0.0413  Val F1: 0.2857  ROC-AUC: 0.7878  PR-AUC: 0.2763
[Target-only] Epoch 34/50 – Loss: 0.0413  Val F1: 0.2692  ROC-AUC: 0.7811  PR-AUC: 0.2252
[Target-only] Epoch 35/50 – Loss: 0.0423  Val F1: 0.2500  ROC-AUC: 0.7972  PR-AUC: 0.1978
[Target-only] Epoch 36/50 – Loss: 0.0413  Val F1: 0.3043  ROC-AUC: 0.7882  PR-AUC: 0.2234
[Target-only] Epoch 37/50 – Loss: 0.0532  Val F1: 0.3111  ROC-AUC: 0.8080  PR-AUC: 0.2796
[Target-only] Epoch 38/50 – Loss: 0.0387  Val F1: 0.3111  ROC-AUC: 0.8061  PR-AUC: 0.2319
[Target-only] Epoch 39/50 – Loss: 0.0425  Val F1: 0.3043  ROC-AUC: 0.8115  PR-AUC: 0.2113
[Target-only] Epoch 40/50 – Loss: 0.0493  Val F1: 0.2979  ROC-AUC: 0.7992  PR-AUC: 0.2183
[Target-only] Epoch 41/50 – Loss: 0.0362  Val F1: 0.3111  ROC-AUC: 0.7978  PR-AUC: 0.2200
[Target-only] Epoch 42/50 – Loss: 0.0443  Val F1: 0.3182  ROC-AUC: 0.7911  PR-AUC: 0.1943
[Target-only] Epoch 43/50 – Loss: 0.0416  Val F1: 0.3333  ROC-AUC: 0.7960  PR-AUC: 0.2302
[Target-only] Epoch 44/50 – Loss: 0.0338  Val F1: 0.2917  ROC-AUC: 0.7977  PR-AUC: 0.2078
[Target-only] Epoch 45/50 – Loss: 0.0381  Val F1: 0.3111  ROC-AUC: 0.7940  PR-AUC: 0.2459
[Target-only] Epoch 46/50 – Loss: 0.0331  Val F1: 0.3333  ROC-AUC: 0.7969  PR-AUC: 0.2380
[Target-only] Epoch 47/50 – Loss: 0.0307  Val F1: 0.3182  ROC-AUC: 0.7932  PR-AUC: 0.2521
[Target-only] Epoch 48/50 – Loss: 0.0321  Val F1: 0.3256  ROC-AUC: 0.7945  PR-AUC: 0.2548
[Target-only] Epoch 49/50 – Loss: 0.0335  Val F1: 0.3500  ROC-AUC: 0.7922  PR-AUC: 0.2287
[Target-only] Epoch 50/50 – Loss: 0.0352  Val F1: 0.3256  ROC-AUC: 0.8041  PR-AUC: 0.2396
=== Target-only TEST performance ===
Test F1: 0.3784, ROC-AUC: 0.8004, PR-AUC: 0.3200
✅ 실험 완료: TOX21_ERb_BLA_Agonist_viability -> TOX21_ERb_BLA_Agonist_ratio [GIN_GCN]
