[1/4] Excel → CSV 변환 중...
Saved pretrain CSV for TOX21_ERa_LUC_VM7_Agonist: data/sample/TOX21_ERa_LUC_VM7_Agonist.csv
Saved pretrain CSV for TOX21_ERb_BLA_Agonist_viability: data/sample/TOX21_ERb_BLA_Agonist_viability.csv
Saved pretrain CSV for TOX21_ERa_LUC_VM7_Agonist_10nM_ICI182780_viability: data/sample/TOX21_ERa_LUC_VM7_Agonist_10nM_ICI182780_viability.csv
Saved pretrain CSV for TOX21_ERR_LUC_viability: data/sample/TOX21_ERR_LUC_viability.csv
Saved finetune CSV for TOX21_ERa_BLA_Agonist_ch2: data/sample/TOX21_ERa_BLA_Agonist_ch2.csv
Saved finetune CSV for TOX21_ERa_BLA_Agonist_ch1: data/sample/TOX21_ERa_BLA_Agonist_ch1.csv
Saved finetune CSV for TOX21_ERa_BLA_Agonist_ratio: data/sample/TOX21_ERa_BLA_Agonist_ratio.csv
Saved finetune CSV for TOX21_ERb_BLA_Agonist_ratio: data/sample/TOX21_ERb_BLA_Agonist_ratio.csv
Saved finetune CSV for TOX21_ERb_BLA_Agonist_ch2: data/sample/TOX21_ERb_BLA_Agonist_ch2.csv
Saved finetune CSV for TOX21_ERb_BLA_Agonist_ch1: data/sample/TOX21_ERb_BLA_Agonist_ch1.csv
Saved finetune CSV for TOX21_ERR_LUC_Agonist: data/sample/TOX21_ERR_LUC_Agonist.csv
Saved finetune CSV for TOX21_ERa_LUC_VM7_Agonist_10nM_ICI182780: data/sample/TOX21_ERa_LUC_VM7_Agonist_10nM_ICI182780.csv
[2/4] Pretraining on TOX21_ERa_LUC_VM7_Agonist using GIN_GCN...
Epoch 1/100 - Loss: 0.6670 - Val F1: 0.2390 - Val ROC-AUC: 0.6231 - Val PR-AUC: 0.2589
Epoch 2/100 - Loss: 0.6445 - Val F1: 0.2994 - Val ROC-AUC: 0.6311 - Val PR-AUC: 0.2181
Epoch 3/100 - Loss: 0.6330 - Val F1: 0.2602 - Val ROC-AUC: 0.6349 - Val PR-AUC: 0.2379
Epoch 4/100 - Loss: 0.6298 - Val F1: 0.2680 - Val ROC-AUC: 0.6441 - Val PR-AUC: 0.2392
Epoch 5/100 - Loss: 0.6243 - Val F1: 0.2941 - Val ROC-AUC: 0.6703 - Val PR-AUC: 0.2865
Epoch 6/100 - Loss: 0.6152 - Val F1: 0.2616 - Val ROC-AUC: 0.6638 - Val PR-AUC: 0.2652
Epoch 7/100 - Loss: 0.6142 - Val F1: 0.2708 - Val ROC-AUC: 0.6716 - Val PR-AUC: 0.2753
Epoch 8/100 - Loss: 0.5962 - Val F1: 0.2642 - Val ROC-AUC: 0.6548 - Val PR-AUC: 0.2239
Epoch 9/100 - Loss: 0.6000 - Val F1: 0.2731 - Val ROC-AUC: 0.6741 - Val PR-AUC: 0.2993
Epoch 10/100 - Loss: 0.5917 - Val F1: 0.2416 - Val ROC-AUC: 0.6219 - Val PR-AUC: 0.2400
Epoch 11/100 - Loss: 0.5700 - Val F1: 0.3120 - Val ROC-AUC: 0.6886 - Val PR-AUC: 0.2856
Epoch 12/100 - Loss: 0.5758 - Val F1: 0.3236 - Val ROC-AUC: 0.6801 - Val PR-AUC: 0.3123
Epoch 13/100 - Loss: 0.5667 - Val F1: 0.2796 - Val ROC-AUC: 0.6733 - Val PR-AUC: 0.2784
Epoch 14/100 - Loss: 0.5643 - Val F1: 0.3091 - Val ROC-AUC: 0.6752 - Val PR-AUC: 0.2922
Epoch 15/100 - Loss: 0.5476 - Val F1: 0.3012 - Val ROC-AUC: 0.6714 - Val PR-AUC: 0.2840
Epoch 16/100 - Loss: 0.5536 - Val F1: 0.3121 - Val ROC-AUC: 0.6833 - Val PR-AUC: 0.2848
Epoch 17/100 - Loss: 0.5449 - Val F1: 0.3202 - Val ROC-AUC: 0.6970 - Val PR-AUC: 0.2786
Epoch 18/100 - Loss: 0.5425 - Val F1: 0.3003 - Val ROC-AUC: 0.6767 - Val PR-AUC: 0.2761
Epoch 19/100 - Loss: 0.5247 - Val F1: 0.2927 - Val ROC-AUC: 0.6606 - Val PR-AUC: 0.2731
Epoch 20/100 - Loss: 0.5165 - Val F1: 0.3123 - Val ROC-AUC: 0.6690 - Val PR-AUC: 0.2865
Epoch 21/100 - Loss: 0.5173 - Val F1: 0.3056 - Val ROC-AUC: 0.6810 - Val PR-AUC: 0.2925
Epoch 22/100 - Loss: 0.4905 - Val F1: 0.2975 - Val ROC-AUC: 0.6916 - Val PR-AUC: 0.2911
Epoch 23/100 - Loss: 0.5033 - Val F1: 0.3123 - Val ROC-AUC: 0.6767 - Val PR-AUC: 0.2762
Epoch 24/100 - Loss: 0.4893 - Val F1: 0.3168 - Val ROC-AUC: 0.6726 - Val PR-AUC: 0.2879
Epoch 25/100 - Loss: 0.4859 - Val F1: 0.3077 - Val ROC-AUC: 0.6696 - Val PR-AUC: 0.2761
Epoch 26/100 - Loss: 0.4763 - Val F1: 0.3052 - Val ROC-AUC: 0.6643 - Val PR-AUC: 0.2679
Epoch 27/100 - Loss: 0.4772 - Val F1: 0.3377 - Val ROC-AUC: 0.6898 - Val PR-AUC: 0.3011
Epoch 28/100 - Loss: 0.4733 - Val F1: 0.3248 - Val ROC-AUC: 0.6735 - Val PR-AUC: 0.2792
Epoch 29/100 - Loss: 0.4633 - Val F1: 0.3212 - Val ROC-AUC: 0.6738 - Val PR-AUC: 0.2838
Epoch 30/100 - Loss: 0.4588 - Val F1: 0.2849 - Val ROC-AUC: 0.6672 - Val PR-AUC: 0.2756
Epoch 31/100 - Loss: 0.4340 - Val F1: 0.3176 - Val ROC-AUC: 0.6754 - Val PR-AUC: 0.2948
Epoch 32/100 - Loss: 0.4219 - Val F1: 0.3588 - Val ROC-AUC: 0.6780 - Val PR-AUC: 0.2933
Epoch 33/100 - Loss: 0.4160 - Val F1: 0.3114 - Val ROC-AUC: 0.6713 - Val PR-AUC: 0.2779
Epoch 34/100 - Loss: 0.4313 - Val F1: 0.3154 - Val ROC-AUC: 0.6781 - Val PR-AUC: 0.2982
Epoch 35/100 - Loss: 0.4201 - Val F1: 0.3333 - Val ROC-AUC: 0.6791 - Val PR-AUC: 0.2939
Epoch 36/100 - Loss: 0.4264 - Val F1: 0.3206 - Val ROC-AUC: 0.6840 - Val PR-AUC: 0.2857
Epoch 37/100 - Loss: 0.4015 - Val F1: 0.3162 - Val ROC-AUC: 0.6742 - Val PR-AUC: 0.2831
Epoch 38/100 - Loss: 0.4113 - Val F1: 0.3238 - Val ROC-AUC: 0.6740 - Val PR-AUC: 0.2902
Epoch 39/100 - Loss: 0.4030 - Val F1: 0.3018 - Val ROC-AUC: 0.6690 - Val PR-AUC: 0.2822
Epoch 40/100 - Loss: 0.4065 - Val F1: 0.3287 - Val ROC-AUC: 0.6768 - Val PR-AUC: 0.2766
Epoch 41/100 - Loss: 0.3942 - Val F1: 0.3214 - Val ROC-AUC: 0.6840 - Val PR-AUC: 0.3022
Epoch 42/100 - Loss: 0.3817 - Val F1: 0.3133 - Val ROC-AUC: 0.6773 - Val PR-AUC: 0.2893
Epoch 43/100 - Loss: 0.3788 - Val F1: 0.3232 - Val ROC-AUC: 0.6819 - Val PR-AUC: 0.3132
Epoch 44/100 - Loss: 0.3851 - Val F1: 0.3158 - Val ROC-AUC: 0.6848 - Val PR-AUC: 0.2974
Epoch 45/100 - Loss: 0.4037 - Val F1: 0.3241 - Val ROC-AUC: 0.6840 - Val PR-AUC: 0.2961
Epoch 46/100 - Loss: 0.3884 - Val F1: 0.3239 - Val ROC-AUC: 0.6814 - Val PR-AUC: 0.2844
Epoch 47/100 - Loss: 0.3813 - Val F1: 0.3288 - Val ROC-AUC: 0.6790 - Val PR-AUC: 0.2969
Epoch 48/100 - Loss: 0.3733 - Val F1: 0.3144 - Val ROC-AUC: 0.6896 - Val PR-AUC: 0.3003
Epoch 49/100 - Loss: 0.3754 - Val F1: 0.3286 - Val ROC-AUC: 0.6872 - Val PR-AUC: 0.3028
Epoch 50/100 - Loss: 0.3705 - Val F1: 0.3228 - Val ROC-AUC: 0.6830 - Val PR-AUC: 0.3013
Epoch 51/100 - Loss: 0.3641 - Val F1: 0.3322 - Val ROC-AUC: 0.6879 - Val PR-AUC: 0.3055
Epoch 52/100 - Loss: 0.3567 - Val F1: 0.3309 - Val ROC-AUC: 0.6783 - Val PR-AUC: 0.2981
Epoch 53/100 - Loss: 0.3649 - Val F1: 0.3110 - Val ROC-AUC: 0.6775 - Val PR-AUC: 0.2977
Epoch 54/100 - Loss: 0.3535 - Val F1: 0.3172 - Val ROC-AUC: 0.6834 - Val PR-AUC: 0.3126
Epoch 55/100 - Loss: 0.3689 - Val F1: 0.3309 - Val ROC-AUC: 0.6833 - Val PR-AUC: 0.3052
Epoch 56/100 - Loss: 0.3608 - Val F1: 0.3154 - Val ROC-AUC: 0.6821 - Val PR-AUC: 0.3141
Epoch 57/100 - Loss: 0.3631 - Val F1: 0.3188 - Val ROC-AUC: 0.6840 - Val PR-AUC: 0.3056
Epoch 58/100 - Loss: 0.3544 - Val F1: 0.3261 - Val ROC-AUC: 0.6846 - Val PR-AUC: 0.3063
Epoch 59/100 - Loss: 0.3548 - Val F1: 0.3458 - Val ROC-AUC: 0.6911 - Val PR-AUC: 0.3115
Epoch 60/100 - Loss: 0.3423 - Val F1: 0.3413 - Val ROC-AUC: 0.6917 - Val PR-AUC: 0.3154
Epoch 61/100 - Loss: 0.3543 - Val F1: 0.3274 - Val ROC-AUC: 0.6870 - Val PR-AUC: 0.2973
Epoch 62/100 - Loss: 0.3461 - Val F1: 0.3321 - Val ROC-AUC: 0.6857 - Val PR-AUC: 0.2978
Epoch 63/100 - Loss: 0.3449 - Val F1: 0.3333 - Val ROC-AUC: 0.6902 - Val PR-AUC: 0.3144
Epoch 64/100 - Loss: 0.3457 - Val F1: 0.3373 - Val ROC-AUC: 0.6909 - Val PR-AUC: 0.3041
Epoch 65/100 - Loss: 0.3550 - Val F1: 0.3372 - Val ROC-AUC: 0.6905 - Val PR-AUC: 0.3058
Epoch 66/100 - Loss: 0.3443 - Val F1: 0.3392 - Val ROC-AUC: 0.6932 - Val PR-AUC: 0.3105
Epoch 67/100 - Loss: 0.3436 - Val F1: 0.3224 - Val ROC-AUC: 0.6913 - Val PR-AUC: 0.3084
Epoch 68/100 - Loss: 0.3566 - Val F1: 0.3345 - Val ROC-AUC: 0.6896 - Val PR-AUC: 0.3042
Epoch 69/100 - Loss: 0.3465 - Val F1: 0.3249 - Val ROC-AUC: 0.6894 - Val PR-AUC: 0.3135
Epoch 70/100 - Loss: 0.3461 - Val F1: 0.3264 - Val ROC-AUC: 0.6868 - Val PR-AUC: 0.3080
Epoch 71/100 - Loss: 0.3298 - Val F1: 0.3194 - Val ROC-AUC: 0.6894 - Val PR-AUC: 0.3145
Epoch 72/100 - Loss: 0.3412 - Val F1: 0.3223 - Val ROC-AUC: 0.6834 - Val PR-AUC: 0.3093
Epoch 73/100 - Loss: 0.3406 - Val F1: 0.3245 - Val ROC-AUC: 0.6882 - Val PR-AUC: 0.3140
Epoch 74/100 - Loss: 0.3357 - Val F1: 0.3259 - Val ROC-AUC: 0.6906 - Val PR-AUC: 0.3156
Epoch 75/100 - Loss: 0.3382 - Val F1: 0.3309 - Val ROC-AUC: 0.6860 - Val PR-AUC: 0.3160
Epoch 76/100 - Loss: 0.3425 - Val F1: 0.3396 - Val ROC-AUC: 0.6885 - Val PR-AUC: 0.3171
Epoch 77/100 - Loss: 0.3395 - Val F1: 0.3358 - Val ROC-AUC: 0.6893 - Val PR-AUC: 0.3120
Epoch 78/100 - Loss: 0.3349 - Val F1: 0.3310 - Val ROC-AUC: 0.6871 - Val PR-AUC: 0.3094
Epoch 79/100 - Loss: 0.3533 - Val F1: 0.3433 - Val ROC-AUC: 0.6892 - Val PR-AUC: 0.3137
Epoch 80/100 - Loss: 0.3389 - Val F1: 0.3158 - Val ROC-AUC: 0.6868 - Val PR-AUC: 0.3161
Epoch 81/100 - Loss: 0.3449 - Val F1: 0.3200 - Val ROC-AUC: 0.6901 - Val PR-AUC: 0.3124
Epoch 82/100 - Loss: 0.3353 - Val F1: 0.3309 - Val ROC-AUC: 0.6864 - Val PR-AUC: 0.3183
Epoch 83/100 - Loss: 0.3395 - Val F1: 0.3399 - Val ROC-AUC: 0.6880 - Val PR-AUC: 0.3143
Epoch 84/100 - Loss: 0.3369 - Val F1: 0.3180 - Val ROC-AUC: 0.6859 - Val PR-AUC: 0.3118
Epoch 85/100 - Loss: 0.3360 - Val F1: 0.3346 - Val ROC-AUC: 0.6892 - Val PR-AUC: 0.3159
Epoch 86/100 - Loss: 0.3449 - Val F1: 0.3275 - Val ROC-AUC: 0.6861 - Val PR-AUC: 0.3135
Epoch 87/100 - Loss: 0.3414 - Val F1: 0.3398 - Val ROC-AUC: 0.6851 - Val PR-AUC: 0.3098
Epoch 88/100 - Loss: 0.3331 - Val F1: 0.3273 - Val ROC-AUC: 0.6887 - Val PR-AUC: 0.3141
Epoch 89/100 - Loss: 0.3332 - Val F1: 0.3431 - Val ROC-AUC: 0.6897 - Val PR-AUC: 0.3136
Epoch 90/100 - Loss: 0.3344 - Val F1: 0.3346 - Val ROC-AUC: 0.6906 - Val PR-AUC: 0.3191
Epoch 91/100 - Loss: 0.3412 - Val F1: 0.3203 - Val ROC-AUC: 0.6850 - Val PR-AUC: 0.3142
Epoch 92/100 - Loss: 0.3274 - Val F1: 0.3369 - Val ROC-AUC: 0.6857 - Val PR-AUC: 0.3146
Epoch 93/100 - Loss: 0.3322 - Val F1: 0.3333 - Val ROC-AUC: 0.6869 - Val PR-AUC: 0.3142
Epoch 94/100 - Loss: 0.3365 - Val F1: 0.3369 - Val ROC-AUC: 0.6858 - Val PR-AUC: 0.3117
Epoch 95/100 - Loss: 0.3408 - Val F1: 0.3309 - Val ROC-AUC: 0.6865 - Val PR-AUC: 0.3129
Epoch 96/100 - Loss: 0.3366 - Val F1: 0.3256 - Val ROC-AUC: 0.6868 - Val PR-AUC: 0.3120
Epoch 97/100 - Loss: 0.3382 - Val F1: 0.3237 - Val ROC-AUC: 0.6836 - Val PR-AUC: 0.3129
Epoch 98/100 - Loss: 0.3359 - Val F1: 0.3308 - Val ROC-AUC: 0.6868 - Val PR-AUC: 0.3126
Epoch 99/100 - Loss: 0.3349 - Val F1: 0.3274 - Val ROC-AUC: 0.6850 - Val PR-AUC: 0.3138
Epoch 100/100 - Loss: 0.3298 - Val F1: 0.3179 - Val ROC-AUC: 0.6889 - Val PR-AUC: 0.3174
Pretraining completed. Test F1: 0.3082, ROC-AUC: 0.6509, PR-AUC: 0.3102
[3/4] Finetuning on TOX21_ERb_BLA_Agonist_ch2 using GIN_GCN...
[Fine-tune] Epoch 1/50 - Loss: 0.3559 - Val F1: 0.2362 - Val ROC-AUC: 0.8636 - Val PR-AUC: 0.4936
[Fine-tune] Epoch 2/50 - Loss: 0.2700 - Val F1: 0.2121 - Val ROC-AUC: 0.8873 - Val PR-AUC: 0.5417
[Fine-tune] Epoch 3/50 - Loss: 0.2180 - Val F1: 0.2800 - Val ROC-AUC: 0.8876 - Val PR-AUC: 0.4822
[Fine-tune] Epoch 4/50 - Loss: 0.1896 - Val F1: 0.2947 - Val ROC-AUC: 0.8628 - Val PR-AUC: 0.5253
[Fine-tune] Epoch 5/50 - Loss: 0.1740 - Val F1: 0.4058 - Val ROC-AUC: 0.8712 - Val PR-AUC: 0.5187
[Fine-tune] Epoch 6/50 - Loss: 0.1455 - Val F1: 0.2826 - Val ROC-AUC: 0.8694 - Val PR-AUC: 0.4837
[Fine-tune] Epoch 7/50 - Loss: 0.1500 - Val F1: 0.3146 - Val ROC-AUC: 0.8453 - Val PR-AUC: 0.3052
[Fine-tune] Epoch 8/50 - Loss: 0.1329 - Val F1: 0.3333 - Val ROC-AUC: 0.8953 - Val PR-AUC: 0.4438
[Fine-tune] Epoch 9/50 - Loss: 0.1278 - Val F1: 0.4138 - Val ROC-AUC: 0.8288 - Val PR-AUC: 0.3228
[Fine-tune] Epoch 10/50 - Loss: 0.1088 - Val F1: 0.3380 - Val ROC-AUC: 0.8694 - Val PR-AUC: 0.5239
[Fine-tune] Epoch 11/50 - Loss: 0.0927 - Val F1: 0.4262 - Val ROC-AUC: 0.8455 - Val PR-AUC: 0.4950
[Fine-tune] Epoch 12/50 - Loss: 0.0907 - Val F1: 0.4138 - Val ROC-AUC: 0.8092 - Val PR-AUC: 0.5031
[Fine-tune] Epoch 13/50 - Loss: 0.0762 - Val F1: 0.4706 - Val ROC-AUC: 0.8396 - Val PR-AUC: 0.5348
[Fine-tune] Epoch 14/50 - Loss: 0.0780 - Val F1: 0.5306 - Val ROC-AUC: 0.8339 - Val PR-AUC: 0.5637
[Fine-tune] Epoch 15/50 - Loss: 0.0671 - Val F1: 0.4490 - Val ROC-AUC: 0.8453 - Val PR-AUC: 0.5195
[Fine-tune] Epoch 16/50 - Loss: 0.0647 - Val F1: 0.4800 - Val ROC-AUC: 0.8291 - Val PR-AUC: 0.5438
[Fine-tune] Epoch 17/50 - Loss: 0.0587 - Val F1: 0.4561 - Val ROC-AUC: 0.8768 - Val PR-AUC: 0.5165
[Fine-tune] Epoch 18/50 - Loss: 0.0762 - Val F1: 0.4286 - Val ROC-AUC: 0.8600 - Val PR-AUC: 0.4447
[Fine-tune] Epoch 19/50 - Loss: 0.0702 - Val F1: 0.4615 - Val ROC-AUC: 0.8757 - Val PR-AUC: 0.4888
[Fine-tune] Epoch 20/50 - Loss: 0.0623 - Val F1: 0.5217 - Val ROC-AUC: 0.8711 - Val PR-AUC: 0.4684
[Fine-tune] Epoch 21/50 - Loss: 0.0569 - Val F1: 0.5217 - Val ROC-AUC: 0.8386 - Val PR-AUC: 0.5607
[Fine-tune] Epoch 22/50 - Loss: 0.0540 - Val F1: 0.5106 - Val ROC-AUC: 0.8550 - Val PR-AUC: 0.5607
[Fine-tune] Epoch 23/50 - Loss: 0.0386 - Val F1: 0.4898 - Val ROC-AUC: 0.8307 - Val PR-AUC: 0.5205
[Fine-tune] Epoch 24/50 - Loss: 0.0436 - Val F1: 0.5106 - Val ROC-AUC: 0.8154 - Val PR-AUC: 0.5414
[Fine-tune] Epoch 25/50 - Loss: 0.0467 - Val F1: 0.5000 - Val ROC-AUC: 0.8354 - Val PR-AUC: 0.5446
[Fine-tune] Epoch 26/50 - Loss: 0.0394 - Val F1: 0.5333 - Val ROC-AUC: 0.8285 - Val PR-AUC: 0.5720
[Fine-tune] Epoch 27/50 - Loss: 0.0522 - Val F1: 0.5581 - Val ROC-AUC: 0.8588 - Val PR-AUC: 0.6001
[Fine-tune] Epoch 28/50 - Loss: 0.0437 - Val F1: 0.4889 - Val ROC-AUC: 0.8464 - Val PR-AUC: 0.4799
[Fine-tune] Epoch 29/50 - Loss: 0.0372 - Val F1: 0.5333 - Val ROC-AUC: 0.8300 - Val PR-AUC: 0.5749
[Fine-tune] Epoch 30/50 - Loss: 0.0339 - Val F1: 0.5366 - Val ROC-AUC: 0.8275 - Val PR-AUC: 0.4937
[Fine-tune] Epoch 31/50 - Loss: 0.0367 - Val F1: 0.5106 - Val ROC-AUC: 0.8206 - Val PR-AUC: 0.5312
[Fine-tune] Epoch 32/50 - Loss: 0.0322 - Val F1: 0.5333 - Val ROC-AUC: 0.8393 - Val PR-AUC: 0.5962
[Fine-tune] Epoch 33/50 - Loss: 0.0314 - Val F1: 0.5217 - Val ROC-AUC: 0.8264 - Val PR-AUC: 0.5518
[Fine-tune] Epoch 34/50 - Loss: 0.0303 - Val F1: 0.5333 - Val ROC-AUC: 0.8299 - Val PR-AUC: 0.5440
[Fine-tune] Epoch 35/50 - Loss: 0.0311 - Val F1: 0.5116 - Val ROC-AUC: 0.8284 - Val PR-AUC: 0.5180
[Fine-tune] Epoch 36/50 - Loss: 0.0314 - Val F1: 0.5455 - Val ROC-AUC: 0.8297 - Val PR-AUC: 0.5558
[Fine-tune] Epoch 37/50 - Loss: 0.0301 - Val F1: 0.4889 - Val ROC-AUC: 0.8429 - Val PR-AUC: 0.5463
[Fine-tune] Epoch 38/50 - Loss: 0.0280 - Val F1: 0.4651 - Val ROC-AUC: 0.8444 - Val PR-AUC: 0.5152
[Fine-tune] Epoch 39/50 - Loss: 0.0321 - Val F1: 0.5217 - Val ROC-AUC: 0.8464 - Val PR-AUC: 0.5543
[Fine-tune] Epoch 40/50 - Loss: 0.0285 - Val F1: 0.5455 - Val ROC-AUC: 0.8220 - Val PR-AUC: 0.5273
[Fine-tune] Epoch 41/50 - Loss: 0.0273 - Val F1: 0.5854 - Val ROC-AUC: 0.8333 - Val PR-AUC: 0.5398
[Fine-tune] Epoch 42/50 - Loss: 0.0235 - Val F1: 0.5455 - Val ROC-AUC: 0.8313 - Val PR-AUC: 0.5364
[Fine-tune] Epoch 43/50 - Loss: 0.0235 - Val F1: 0.5333 - Val ROC-AUC: 0.8258 - Val PR-AUC: 0.5760
[Fine-tune] Epoch 44/50 - Loss: 0.0264 - Val F1: 0.5455 - Val ROC-AUC: 0.8342 - Val PR-AUC: 0.5416
[Fine-tune] Epoch 45/50 - Loss: 0.0270 - Val F1: 0.5217 - Val ROC-AUC: 0.8260 - Val PR-AUC: 0.4967
[Fine-tune] Epoch 46/50 - Loss: 0.0214 - Val F1: 0.5106 - Val ROC-AUC: 0.8292 - Val PR-AUC: 0.5523
[Fine-tune] Epoch 47/50 - Loss: 0.0261 - Val F1: 0.5581 - Val ROC-AUC: 0.8315 - Val PR-AUC: 0.5505
[Fine-tune] Epoch 48/50 - Loss: 0.0250 - Val F1: 0.5333 - Val ROC-AUC: 0.8176 - Val PR-AUC: 0.5427
[Fine-tune] Epoch 49/50 - Loss: 0.0242 - Val F1: 0.4889 - Val ROC-AUC: 0.8193 - Val PR-AUC: 0.4948
[Fine-tune] Epoch 50/50 - Loss: 0.0240 - Val F1: 0.5238 - Val ROC-AUC: 0.8148 - Val PR-AUC: 0.5013
Finetuning completed. Test F1: 0.4082, ROC-AUC: 0.8441, PR-AUC: 0.4748
[3.1/4] Target-only training on TOX21_ERb_BLA_Agonist_ch2 using GIN_GCN...
=== Target-only training ===
[Target-only] Epoch 1/50 – Loss: 0.4260  Val F1: 0.1202  ROC-AUC: 0.8289  PR-AUC: 0.4718
[Target-only] Epoch 2/50 – Loss: 0.3638  Val F1: 0.2258  ROC-AUC: 0.8486  PR-AUC: 0.4762
[Target-only] Epoch 3/50 – Loss: 0.3172  Val F1: 0.1944  ROC-AUC: 0.8162  PR-AUC: 0.1954
[Target-only] Epoch 4/50 – Loss: 0.2829  Val F1: 0.2632  ROC-AUC: 0.8532  PR-AUC: 0.4663
[Target-only] Epoch 5/50 – Loss: 0.2618  Val F1: 0.2917  ROC-AUC: 0.8357  PR-AUC: 0.4499
[Target-only] Epoch 6/50 – Loss: 0.2335  Val F1: 0.2667  ROC-AUC: 0.8479  PR-AUC: 0.4702
[Target-only] Epoch 7/50 – Loss: 0.2163  Val F1: 0.2655  ROC-AUC: 0.8589  PR-AUC: 0.4418
[Target-only] Epoch 8/50 – Loss: 0.2089  Val F1: 0.4118  ROC-AUC: 0.8635  PR-AUC: 0.4770
[Target-only] Epoch 9/50 – Loss: 0.1985  Val F1: 0.3294  ROC-AUC: 0.8959  PR-AUC: 0.6423
[Target-only] Epoch 10/50 – Loss: 0.1782  Val F1: 0.3333  ROC-AUC: 0.8632  PR-AUC: 0.4994
[Target-only] Epoch 11/50 – Loss: 0.1274  Val F1: 0.4068  ROC-AUC: 0.8479  PR-AUC: 0.5126
[Target-only] Epoch 12/50 – Loss: 0.1320  Val F1: 0.2857  ROC-AUC: 0.8256  PR-AUC: 0.4908
[Target-only] Epoch 13/50 – Loss: 0.1220  Val F1: 0.3824  ROC-AUC: 0.8340  PR-AUC: 0.5691
[Target-only] Epoch 14/50 – Loss: 0.1204  Val F1: 0.3210  ROC-AUC: 0.8395  PR-AUC: 0.4401
[Target-only] Epoch 15/50 – Loss: 0.1227  Val F1: 0.3095  ROC-AUC: 0.8369  PR-AUC: 0.4690
[Target-only] Epoch 16/50 – Loss: 0.0995  Val F1: 0.3824  ROC-AUC: 0.8579  PR-AUC: 0.5427
[Target-only] Epoch 17/50 – Loss: 0.1023  Val F1: 0.2680  ROC-AUC: 0.8200  PR-AUC: 0.4509
[Target-only] Epoch 18/50 – Loss: 0.1039  Val F1: 0.4068  ROC-AUC: 0.8583  PR-AUC: 0.5590
[Target-only] Epoch 19/50 – Loss: 0.1071  Val F1: 0.3793  ROC-AUC: 0.8161  PR-AUC: 0.5391
[Target-only] Epoch 20/50 – Loss: 0.0876  Val F1: 0.3562  ROC-AUC: 0.8483  PR-AUC: 0.5590
[Target-only] Epoch 21/50 – Loss: 0.0879  Val F1: 0.4211  ROC-AUC: 0.8152  PR-AUC: 0.6271
[Target-only] Epoch 22/50 – Loss: 0.0693  Val F1: 0.5000  ROC-AUC: 0.8457  PR-AUC: 0.6024
[Target-only] Epoch 23/50 – Loss: 0.0631  Val F1: 0.4615  ROC-AUC: 0.8475  PR-AUC: 0.6021
[Target-only] Epoch 24/50 – Loss: 0.0715  Val F1: 0.5306  ROC-AUC: 0.8587  PR-AUC: 0.6287
[Target-only] Epoch 25/50 – Loss: 0.0565  Val F1: 0.4800  ROC-AUC: 0.8436  PR-AUC: 0.6170
[Target-only] Epoch 26/50 – Loss: 0.0687  Val F1: 0.4528  ROC-AUC: 0.8465  PR-AUC: 0.5700
[Target-only] Epoch 27/50 – Loss: 0.0676  Val F1: 0.5000  ROC-AUC: 0.8372  PR-AUC: 0.6026
[Target-only] Epoch 28/50 – Loss: 0.0644  Val F1: 0.4400  ROC-AUC: 0.8456  PR-AUC: 0.5588
[Target-only] Epoch 29/50 – Loss: 0.0614  Val F1: 0.5000  ROC-AUC: 0.8594  PR-AUC: 0.5811
[Target-only] Epoch 30/50 – Loss: 0.0629  Val F1: 0.4364  ROC-AUC: 0.8488  PR-AUC: 0.6465
[Target-only] Epoch 31/50 – Loss: 0.0521  Val F1: 0.5333  ROC-AUC: 0.8248  PR-AUC: 0.6097
[Target-only] Epoch 32/50 – Loss: 0.0506  Val F1: 0.5714  ROC-AUC: 0.8280  PR-AUC: 0.6662
[Target-only] Epoch 33/50 – Loss: 0.0477  Val F1: 0.5106  ROC-AUC: 0.8410  PR-AUC: 0.6307
[Target-only] Epoch 34/50 – Loss: 0.0493  Val F1: 0.5714  ROC-AUC: 0.8335  PR-AUC: 0.6237
[Target-only] Epoch 35/50 – Loss: 0.0420  Val F1: 0.5333  ROC-AUC: 0.8395  PR-AUC: 0.6341
[Target-only] Epoch 36/50 – Loss: 0.0524  Val F1: 0.5217  ROC-AUC: 0.8351  PR-AUC: 0.6135
[Target-only] Epoch 37/50 – Loss: 0.0498  Val F1: 0.5581  ROC-AUC: 0.8424  PR-AUC: 0.6467
[Target-only] Epoch 38/50 – Loss: 0.0485  Val F1: 0.4898  ROC-AUC: 0.8234  PR-AUC: 0.6488
[Target-only] Epoch 39/50 – Loss: 0.0505  Val F1: 0.5333  ROC-AUC: 0.8051  PR-AUC: 0.6664
[Target-only] Epoch 40/50 – Loss: 0.0435  Val F1: 0.5217  ROC-AUC: 0.8368  PR-AUC: 0.6441
[Target-only] Epoch 41/50 – Loss: 0.0462  Val F1: 0.5714  ROC-AUC: 0.8210  PR-AUC: 0.6367
[Target-only] Epoch 42/50 – Loss: 0.0441  Val F1: 0.5455  ROC-AUC: 0.8316  PR-AUC: 0.6213
[Target-only] Epoch 43/50 – Loss: 0.0408  Val F1: 0.5854  ROC-AUC: 0.8247  PR-AUC: 0.6070
[Target-only] Epoch 44/50 – Loss: 0.0397  Val F1: 0.5581  ROC-AUC: 0.8415  PR-AUC: 0.6390
[Target-only] Epoch 45/50 – Loss: 0.0310  Val F1: 0.5854  ROC-AUC: 0.8306  PR-AUC: 0.6350
[Target-only] Epoch 46/50 – Loss: 0.0294  Val F1: 0.5854  ROC-AUC: 0.8408  PR-AUC: 0.6404
[Target-only] Epoch 47/50 – Loss: 0.0400  Val F1: 0.5854  ROC-AUC: 0.8312  PR-AUC: 0.6291
[Target-only] Epoch 48/50 – Loss: 0.0422  Val F1: 0.5581  ROC-AUC: 0.8194  PR-AUC: 0.6500
[Target-only] Epoch 49/50 – Loss: 0.0360  Val F1: 0.5333  ROC-AUC: 0.8383  PR-AUC: 0.6198
[Target-only] Epoch 50/50 – Loss: 0.0373  Val F1: 0.6154  ROC-AUC: 0.8255  PR-AUC: 0.6332
=== Target-only TEST performance ===
Test F1: 0.4000, ROC-AUC: 0.8621, PR-AUC: 0.4698
✅ 실험 완료: TOX21_ERa_LUC_VM7_Agonist -> TOX21_ERb_BLA_Agonist_ch2 [GIN_GCN]
