[1/4] Excel → CSV 변환 중...
Saved pretrain CSV for TOX21_ERa_LUC_VM7_Agonist: data/sample/TOX21_ERa_LUC_VM7_Agonist.csv
Saved pretrain CSV for TOX21_ERb_BLA_Agonist_viability: data/sample/TOX21_ERb_BLA_Agonist_viability.csv
Saved pretrain CSV for TOX21_ERa_LUC_VM7_Agonist_10nM_ICI182780_viability: data/sample/TOX21_ERa_LUC_VM7_Agonist_10nM_ICI182780_viability.csv
Saved pretrain CSV for TOX21_ERR_LUC_viability: data/sample/TOX21_ERR_LUC_viability.csv
Saved finetune CSV for TOX21_ERa_BLA_Agonist_ch2: data/sample/TOX21_ERa_BLA_Agonist_ch2.csv
Saved finetune CSV for TOX21_ERa_BLA_Agonist_ch1: data/sample/TOX21_ERa_BLA_Agonist_ch1.csv
Saved finetune CSV for TOX21_ERa_BLA_Agonist_ratio: data/sample/TOX21_ERa_BLA_Agonist_ratio.csv
Saved finetune CSV for TOX21_ERb_BLA_Agonist_ratio: data/sample/TOX21_ERb_BLA_Agonist_ratio.csv
Saved finetune CSV for TOX21_ERb_BLA_Agonist_ch2: data/sample/TOX21_ERb_BLA_Agonist_ch2.csv
Saved finetune CSV for TOX21_ERb_BLA_Agonist_ch1: data/sample/TOX21_ERb_BLA_Agonist_ch1.csv
Saved finetune CSV for TOX21_ERR_LUC_Agonist: data/sample/TOX21_ERR_LUC_Agonist.csv
Saved finetune CSV for TOX21_ERa_LUC_VM7_Agonist_10nM_ICI182780: data/sample/TOX21_ERa_LUC_VM7_Agonist_10nM_ICI182780.csv
[2/4] Pretraining on TOX21_ERa_LUC_VM7_Agonist_10nM_ICI182780_viability using GIN_GCN...
Epoch 1/100 - Loss: 0.5724 - Val F1: 0.2885 - Val ROC-AUC: 0.7443 - Val PR-AUC: 0.2423
Epoch 2/100 - Loss: 0.5150 - Val F1: 0.3466 - Val ROC-AUC: 0.8099 - Val PR-AUC: 0.3291
Epoch 3/100 - Loss: 0.4722 - Val F1: 0.3097 - Val ROC-AUC: 0.7915 - Val PR-AUC: 0.3323
Epoch 4/100 - Loss: 0.4583 - Val F1: 0.3529 - Val ROC-AUC: 0.8099 - Val PR-AUC: 0.3838
Epoch 5/100 - Loss: 0.4523 - Val F1: 0.3288 - Val ROC-AUC: 0.7784 - Val PR-AUC: 0.2989
Epoch 6/100 - Loss: 0.4333 - Val F1: 0.4199 - Val ROC-AUC: 0.8115 - Val PR-AUC: 0.3847
Epoch 7/100 - Loss: 0.3961 - Val F1: 0.3419 - Val ROC-AUC: 0.7990 - Val PR-AUC: 0.3385
Epoch 8/100 - Loss: 0.4017 - Val F1: 0.3613 - Val ROC-AUC: 0.7856 - Val PR-AUC: 0.3406
Epoch 9/100 - Loss: 0.4128 - Val F1: 0.3478 - Val ROC-AUC: 0.8148 - Val PR-AUC: 0.3820
Epoch 10/100 - Loss: 0.3881 - Val F1: 0.3321 - Val ROC-AUC: 0.7854 - Val PR-AUC: 0.3666
Epoch 11/100 - Loss: 0.3663 - Val F1: 0.3900 - Val ROC-AUC: 0.8188 - Val PR-AUC: 0.3635
Epoch 12/100 - Loss: 0.3474 - Val F1: 0.3736 - Val ROC-AUC: 0.8163 - Val PR-AUC: 0.3858
Epoch 13/100 - Loss: 0.3373 - Val F1: 0.3568 - Val ROC-AUC: 0.8055 - Val PR-AUC: 0.3926
Epoch 14/100 - Loss: 0.3460 - Val F1: 0.3761 - Val ROC-AUC: 0.8154 - Val PR-AUC: 0.3869
Epoch 15/100 - Loss: 0.3181 - Val F1: 0.3607 - Val ROC-AUC: 0.8171 - Val PR-AUC: 0.3888
Epoch 16/100 - Loss: 0.2937 - Val F1: 0.3966 - Val ROC-AUC: 0.8082 - Val PR-AUC: 0.3899
Epoch 17/100 - Loss: 0.3136 - Val F1: 0.3782 - Val ROC-AUC: 0.8089 - Val PR-AUC: 0.3474
Epoch 18/100 - Loss: 0.3079 - Val F1: 0.3732 - Val ROC-AUC: 0.8073 - Val PR-AUC: 0.3895
Epoch 19/100 - Loss: 0.3034 - Val F1: 0.3784 - Val ROC-AUC: 0.8207 - Val PR-AUC: 0.3658
Epoch 20/100 - Loss: 0.2820 - Val F1: 0.3775 - Val ROC-AUC: 0.8253 - Val PR-AUC: 0.3908
Epoch 21/100 - Loss: 0.2762 - Val F1: 0.3805 - Val ROC-AUC: 0.8084 - Val PR-AUC: 0.3894
Epoch 22/100 - Loss: 0.2677 - Val F1: 0.3846 - Val ROC-AUC: 0.8129 - Val PR-AUC: 0.3886
Epoch 23/100 - Loss: 0.2482 - Val F1: 0.4019 - Val ROC-AUC: 0.8118 - Val PR-AUC: 0.3746
Epoch 24/100 - Loss: 0.2610 - Val F1: 0.3961 - Val ROC-AUC: 0.8124 - Val PR-AUC: 0.4252
Epoch 25/100 - Loss: 0.2502 - Val F1: 0.4037 - Val ROC-AUC: 0.8001 - Val PR-AUC: 0.3915
Epoch 26/100 - Loss: 0.2498 - Val F1: 0.3860 - Val ROC-AUC: 0.7996 - Val PR-AUC: 0.3891
Epoch 27/100 - Loss: 0.2369 - Val F1: 0.4082 - Val ROC-AUC: 0.8148 - Val PR-AUC: 0.3863
Epoch 28/100 - Loss: 0.2473 - Val F1: 0.4278 - Val ROC-AUC: 0.8204 - Val PR-AUC: 0.3894
Epoch 29/100 - Loss: 0.2397 - Val F1: 0.4128 - Val ROC-AUC: 0.8122 - Val PR-AUC: 0.4254
Epoch 30/100 - Loss: 0.2396 - Val F1: 0.3884 - Val ROC-AUC: 0.8155 - Val PR-AUC: 0.3851
Epoch 31/100 - Loss: 0.2239 - Val F1: 0.4348 - Val ROC-AUC: 0.8194 - Val PR-AUC: 0.3981
Epoch 32/100 - Loss: 0.2165 - Val F1: 0.3929 - Val ROC-AUC: 0.8155 - Val PR-AUC: 0.4347
Epoch 33/100 - Loss: 0.2156 - Val F1: 0.4171 - Val ROC-AUC: 0.8207 - Val PR-AUC: 0.4292
Epoch 34/100 - Loss: 0.2058 - Val F1: 0.4456 - Val ROC-AUC: 0.8274 - Val PR-AUC: 0.4374
Epoch 35/100 - Loss: 0.2230 - Val F1: 0.4062 - Val ROC-AUC: 0.8226 - Val PR-AUC: 0.4522
Epoch 36/100 - Loss: 0.2011 - Val F1: 0.4216 - Val ROC-AUC: 0.8235 - Val PR-AUC: 0.4684
Epoch 37/100 - Loss: 0.2056 - Val F1: 0.4216 - Val ROC-AUC: 0.8165 - Val PR-AUC: 0.4304
Epoch 38/100 - Loss: 0.2016 - Val F1: 0.3761 - Val ROC-AUC: 0.8129 - Val PR-AUC: 0.4339
Epoch 39/100 - Loss: 0.2019 - Val F1: 0.3981 - Val ROC-AUC: 0.8137 - Val PR-AUC: 0.3952
Epoch 40/100 - Loss: 0.1927 - Val F1: 0.4020 - Val ROC-AUC: 0.8094 - Val PR-AUC: 0.3921
Epoch 41/100 - Loss: 0.1941 - Val F1: 0.4141 - Val ROC-AUC: 0.8114 - Val PR-AUC: 0.4193
Epoch 42/100 - Loss: 0.1796 - Val F1: 0.3828 - Val ROC-AUC: 0.8164 - Val PR-AUC: 0.4148
Epoch 43/100 - Loss: 0.1870 - Val F1: 0.4211 - Val ROC-AUC: 0.8216 - Val PR-AUC: 0.4321
Epoch 44/100 - Loss: 0.1825 - Val F1: 0.4316 - Val ROC-AUC: 0.8268 - Val PR-AUC: 0.4382
Epoch 45/100 - Loss: 0.1774 - Val F1: 0.4039 - Val ROC-AUC: 0.8193 - Val PR-AUC: 0.4502
Epoch 46/100 - Loss: 0.1738 - Val F1: 0.4000 - Val ROC-AUC: 0.8241 - Val PR-AUC: 0.4432
Epoch 47/100 - Loss: 0.1818 - Val F1: 0.4188 - Val ROC-AUC: 0.8197 - Val PR-AUC: 0.4296
Epoch 48/100 - Loss: 0.1743 - Val F1: 0.4000 - Val ROC-AUC: 0.8149 - Val PR-AUC: 0.4180
Epoch 49/100 - Loss: 0.1751 - Val F1: 0.4179 - Val ROC-AUC: 0.8209 - Val PR-AUC: 0.4523
Epoch 50/100 - Loss: 0.1679 - Val F1: 0.4093 - Val ROC-AUC: 0.8197 - Val PR-AUC: 0.4512
Epoch 51/100 - Loss: 0.1614 - Val F1: 0.4138 - Val ROC-AUC: 0.8211 - Val PR-AUC: 0.4466
Epoch 52/100 - Loss: 0.1722 - Val F1: 0.4293 - Val ROC-AUC: 0.8229 - Val PR-AUC: 0.4412
Epoch 53/100 - Loss: 0.1688 - Val F1: 0.4088 - Val ROC-AUC: 0.8232 - Val PR-AUC: 0.4306
Epoch 54/100 - Loss: 0.1695 - Val F1: 0.4149 - Val ROC-AUC: 0.8167 - Val PR-AUC: 0.4357
Epoch 55/100 - Loss: 0.1519 - Val F1: 0.4124 - Val ROC-AUC: 0.8191 - Val PR-AUC: 0.4332
Epoch 56/100 - Loss: 0.1529 - Val F1: 0.4421 - Val ROC-AUC: 0.8236 - Val PR-AUC: 0.4397
Epoch 57/100 - Loss: 0.1591 - Val F1: 0.4490 - Val ROC-AUC: 0.8216 - Val PR-AUC: 0.4618
Epoch 58/100 - Loss: 0.1710 - Val F1: 0.4324 - Val ROC-AUC: 0.8206 - Val PR-AUC: 0.4332
Epoch 59/100 - Loss: 0.1532 - Val F1: 0.4216 - Val ROC-AUC: 0.8223 - Val PR-AUC: 0.4494
Epoch 60/100 - Loss: 0.1466 - Val F1: 0.4565 - Val ROC-AUC: 0.8202 - Val PR-AUC: 0.4562
Epoch 61/100 - Loss: 0.1572 - Val F1: 0.4316 - Val ROC-AUC: 0.8181 - Val PR-AUC: 0.4556
Epoch 62/100 - Loss: 0.1634 - Val F1: 0.4432 - Val ROC-AUC: 0.8176 - Val PR-AUC: 0.4410
Epoch 63/100 - Loss: 0.1500 - Val F1: 0.4078 - Val ROC-AUC: 0.8197 - Val PR-AUC: 0.4645
Epoch 64/100 - Loss: 0.1604 - Val F1: 0.4141 - Val ROC-AUC: 0.8191 - Val PR-AUC: 0.4506
Epoch 65/100 - Loss: 0.1469 - Val F1: 0.4444 - Val ROC-AUC: 0.8216 - Val PR-AUC: 0.4486
Epoch 66/100 - Loss: 0.1575 - Val F1: 0.4333 - Val ROC-AUC: 0.8213 - Val PR-AUC: 0.4463
Epoch 67/100 - Loss: 0.1458 - Val F1: 0.4286 - Val ROC-AUC: 0.8212 - Val PR-AUC: 0.4481
Epoch 68/100 - Loss: 0.1565 - Val F1: 0.4286 - Val ROC-AUC: 0.8181 - Val PR-AUC: 0.4415
Epoch 69/100 - Loss: 0.1482 - Val F1: 0.4255 - Val ROC-AUC: 0.8171 - Val PR-AUC: 0.4440
Epoch 70/100 - Loss: 0.1558 - Val F1: 0.4186 - Val ROC-AUC: 0.8185 - Val PR-AUC: 0.4400
Epoch 71/100 - Loss: 0.1526 - Val F1: 0.4205 - Val ROC-AUC: 0.8177 - Val PR-AUC: 0.4525
Epoch 72/100 - Loss: 0.1597 - Val F1: 0.4188 - Val ROC-AUC: 0.8187 - Val PR-AUC: 0.4472
Epoch 73/100 - Loss: 0.1630 - Val F1: 0.4339 - Val ROC-AUC: 0.8180 - Val PR-AUC: 0.4454
Epoch 74/100 - Loss: 0.1496 - Val F1: 0.4242 - Val ROC-AUC: 0.8175 - Val PR-AUC: 0.4543
Epoch 75/100 - Loss: 0.1517 - Val F1: 0.4333 - Val ROC-AUC: 0.8166 - Val PR-AUC: 0.4441
Epoch 76/100 - Loss: 0.1491 - Val F1: 0.4239 - Val ROC-AUC: 0.8170 - Val PR-AUC: 0.4454
Epoch 77/100 - Loss: 0.1468 - Val F1: 0.4171 - Val ROC-AUC: 0.8180 - Val PR-AUC: 0.4429
Epoch 78/100 - Loss: 0.1466 - Val F1: 0.4155 - Val ROC-AUC: 0.8174 - Val PR-AUC: 0.4558
Epoch 79/100 - Loss: 0.1394 - Val F1: 0.4171 - Val ROC-AUC: 0.8174 - Val PR-AUC: 0.4435
Epoch 80/100 - Loss: 0.1492 - Val F1: 0.4021 - Val ROC-AUC: 0.8177 - Val PR-AUC: 0.4474
Epoch 81/100 - Loss: 0.1639 - Val F1: 0.4194 - Val ROC-AUC: 0.8165 - Val PR-AUC: 0.4437
Epoch 82/100 - Loss: 0.1497 - Val F1: 0.4333 - Val ROC-AUC: 0.8179 - Val PR-AUC: 0.4414
Epoch 83/100 - Loss: 0.1448 - Val F1: 0.4100 - Val ROC-AUC: 0.8168 - Val PR-AUC: 0.4561
Epoch 84/100 - Loss: 0.1601 - Val F1: 0.4382 - Val ROC-AUC: 0.8197 - Val PR-AUC: 0.4502
Epoch 85/100 - Loss: 0.1449 - Val F1: 0.4194 - Val ROC-AUC: 0.8191 - Val PR-AUC: 0.4555
Epoch 86/100 - Loss: 0.1495 - Val F1: 0.4318 - Val ROC-AUC: 0.8192 - Val PR-AUC: 0.4430
Epoch 87/100 - Loss: 0.1518 - Val F1: 0.4309 - Val ROC-AUC: 0.8194 - Val PR-AUC: 0.4467
Epoch 88/100 - Loss: 0.1522 - Val F1: 0.4309 - Val ROC-AUC: 0.8173 - Val PR-AUC: 0.4427
Epoch 89/100 - Loss: 0.1451 - Val F1: 0.4372 - Val ROC-AUC: 0.8176 - Val PR-AUC: 0.4420
Epoch 90/100 - Loss: 0.1536 - Val F1: 0.4149 - Val ROC-AUC: 0.8175 - Val PR-AUC: 0.4428
Epoch 91/100 - Loss: 0.1479 - Val F1: 0.4141 - Val ROC-AUC: 0.8165 - Val PR-AUC: 0.4494
Epoch 92/100 - Loss: 0.1552 - Val F1: 0.4188 - Val ROC-AUC: 0.8172 - Val PR-AUC: 0.4420
Epoch 93/100 - Loss: 0.1494 - Val F1: 0.4249 - Val ROC-AUC: 0.8145 - Val PR-AUC: 0.4412
Epoch 94/100 - Loss: 0.1473 - Val F1: 0.4216 - Val ROC-AUC: 0.8170 - Val PR-AUC: 0.4495
Epoch 95/100 - Loss: 0.1531 - Val F1: 0.4211 - Val ROC-AUC: 0.8174 - Val PR-AUC: 0.4474
Epoch 96/100 - Loss: 0.1490 - Val F1: 0.4264 - Val ROC-AUC: 0.8178 - Val PR-AUC: 0.4506
Epoch 97/100 - Loss: 0.1430 - Val F1: 0.4278 - Val ROC-AUC: 0.8191 - Val PR-AUC: 0.4429
Epoch 98/100 - Loss: 0.1484 - Val F1: 0.4211 - Val ROC-AUC: 0.8176 - Val PR-AUC: 0.4435
Epoch 99/100 - Loss: 0.1491 - Val F1: 0.4393 - Val ROC-AUC: 0.8177 - Val PR-AUC: 0.4317
Epoch 100/100 - Loss: 0.1404 - Val F1: 0.4432 - Val ROC-AUC: 0.8189 - Val PR-AUC: 0.4404
Pretraining completed. Test F1: 0.4308, ROC-AUC: 0.8207, PR-AUC: 0.3801
[3/4] Finetuning on TOX21_ERa_BLA_Agonist_ratio using GIN_GCN...
[Fine-tune] Epoch 1/50 - Loss: 0.5796 - Val F1: 0.1901 - Val ROC-AUC: 0.7494 - Val PR-AUC: 0.2216
[Fine-tune] Epoch 2/50 - Loss: 0.4489 - Val F1: 0.1860 - Val ROC-AUC: 0.7428 - Val PR-AUC: 0.2425
[Fine-tune] Epoch 3/50 - Loss: 0.4207 - Val F1: 0.1991 - Val ROC-AUC: 0.7016 - Val PR-AUC: 0.2057
[Fine-tune] Epoch 4/50 - Loss: 0.4029 - Val F1: 0.2086 - Val ROC-AUC: 0.7261 - Val PR-AUC: 0.2208
[Fine-tune] Epoch 5/50 - Loss: 0.3698 - Val F1: 0.2706 - Val ROC-AUC: 0.7488 - Val PR-AUC: 0.2791
[Fine-tune] Epoch 6/50 - Loss: 0.3432 - Val F1: 0.2593 - Val ROC-AUC: 0.7999 - Val PR-AUC: 0.1852
[Fine-tune] Epoch 7/50 - Loss: 0.3356 - Val F1: 0.2525 - Val ROC-AUC: 0.7705 - Val PR-AUC: 0.2816
[Fine-tune] Epoch 8/50 - Loss: 0.3371 - Val F1: 0.2655 - Val ROC-AUC: 0.8028 - Val PR-AUC: 0.2284
[Fine-tune] Epoch 9/50 - Loss: 0.3154 - Val F1: 0.2564 - Val ROC-AUC: 0.7771 - Val PR-AUC: 0.1979
[Fine-tune] Epoch 10/50 - Loss: 0.3050 - Val F1: 0.1884 - Val ROC-AUC: 0.7378 - Val PR-AUC: 0.2135
[Fine-tune] Epoch 11/50 - Loss: 0.2716 - Val F1: 0.2454 - Val ROC-AUC: 0.7641 - Val PR-AUC: 0.2180
[Fine-tune] Epoch 12/50 - Loss: 0.2471 - Val F1: 0.2289 - Val ROC-AUC: 0.7633 - Val PR-AUC: 0.2085
[Fine-tune] Epoch 13/50 - Loss: 0.2251 - Val F1: 0.2914 - Val ROC-AUC: 0.7737 - Val PR-AUC: 0.1885
[Fine-tune] Epoch 14/50 - Loss: 0.2303 - Val F1: 0.2308 - Val ROC-AUC: 0.7542 - Val PR-AUC: 0.2217
[Fine-tune] Epoch 15/50 - Loss: 0.2137 - Val F1: 0.2345 - Val ROC-AUC: 0.7485 - Val PR-AUC: 0.2527
[Fine-tune] Epoch 16/50 - Loss: 0.2009 - Val F1: 0.2277 - Val ROC-AUC: 0.7623 - Val PR-AUC: 0.2253
[Fine-tune] Epoch 17/50 - Loss: 0.1950 - Val F1: 0.2278 - Val ROC-AUC: 0.7749 - Val PR-AUC: 0.2347
[Fine-tune] Epoch 18/50 - Loss: 0.1818 - Val F1: 0.2500 - Val ROC-AUC: 0.7679 - Val PR-AUC: 0.2089
[Fine-tune] Epoch 19/50 - Loss: 0.1728 - Val F1: 0.2692 - Val ROC-AUC: 0.7693 - Val PR-AUC: 0.2406
[Fine-tune] Epoch 20/50 - Loss: 0.1741 - Val F1: 0.2308 - Val ROC-AUC: 0.7462 - Val PR-AUC: 0.2070
[Fine-tune] Epoch 21/50 - Loss: 0.1451 - Val F1: 0.2375 - Val ROC-AUC: 0.7567 - Val PR-AUC: 0.2431
[Fine-tune] Epoch 22/50 - Loss: 0.1431 - Val F1: 0.2400 - Val ROC-AUC: 0.7657 - Val PR-AUC: 0.2205
[Fine-tune] Epoch 23/50 - Loss: 0.1268 - Val F1: 0.2576 - Val ROC-AUC: 0.7683 - Val PR-AUC: 0.2109
[Fine-tune] Epoch 24/50 - Loss: 0.1401 - Val F1: 0.2642 - Val ROC-AUC: 0.7794 - Val PR-AUC: 0.2435
[Fine-tune] Epoch 25/50 - Loss: 0.1403 - Val F1: 0.2649 - Val ROC-AUC: 0.7752 - Val PR-AUC: 0.2286
[Fine-tune] Epoch 26/50 - Loss: 0.1316 - Val F1: 0.2519 - Val ROC-AUC: 0.7361 - Val PR-AUC: 0.2348
[Fine-tune] Epoch 27/50 - Loss: 0.1159 - Val F1: 0.2319 - Val ROC-AUC: 0.7503 - Val PR-AUC: 0.1846
[Fine-tune] Epoch 28/50 - Loss: 0.1082 - Val F1: 0.2368 - Val ROC-AUC: 0.7467 - Val PR-AUC: 0.2446
[Fine-tune] Epoch 29/50 - Loss: 0.1209 - Val F1: 0.2345 - Val ROC-AUC: 0.7519 - Val PR-AUC: 0.2035
[Fine-tune] Epoch 30/50 - Loss: 0.1231 - Val F1: 0.2628 - Val ROC-AUC: 0.7458 - Val PR-AUC: 0.2188
[Fine-tune] Epoch 31/50 - Loss: 0.1026 - Val F1: 0.2667 - Val ROC-AUC: 0.7397 - Val PR-AUC: 0.2110
[Fine-tune] Epoch 32/50 - Loss: 0.0961 - Val F1: 0.2553 - Val ROC-AUC: 0.7419 - Val PR-AUC: 0.2042
[Fine-tune] Epoch 33/50 - Loss: 0.0955 - Val F1: 0.2727 - Val ROC-AUC: 0.7383 - Val PR-AUC: 0.2397
[Fine-tune] Epoch 34/50 - Loss: 0.0859 - Val F1: 0.2878 - Val ROC-AUC: 0.7589 - Val PR-AUC: 0.2107
[Fine-tune] Epoch 35/50 - Loss: 0.0965 - Val F1: 0.2647 - Val ROC-AUC: 0.7526 - Val PR-AUC: 0.2321
[Fine-tune] Epoch 36/50 - Loss: 0.0927 - Val F1: 0.2857 - Val ROC-AUC: 0.7510 - Val PR-AUC: 0.2095
[Fine-tune] Epoch 37/50 - Loss: 0.0969 - Val F1: 0.2857 - Val ROC-AUC: 0.7471 - Val PR-AUC: 0.2279
[Fine-tune] Epoch 38/50 - Loss: 0.0876 - Val F1: 0.3025 - Val ROC-AUC: 0.7582 - Val PR-AUC: 0.2207
[Fine-tune] Epoch 39/50 - Loss: 0.0884 - Val F1: 0.3065 - Val ROC-AUC: 0.7569 - Val PR-AUC: 0.2334
[Fine-tune] Epoch 40/50 - Loss: 0.0859 - Val F1: 0.2439 - Val ROC-AUC: 0.7566 - Val PR-AUC: 0.2037
[Fine-tune] Epoch 41/50 - Loss: 0.0787 - Val F1: 0.2951 - Val ROC-AUC: 0.7530 - Val PR-AUC: 0.2230
[Fine-tune] Epoch 42/50 - Loss: 0.0784 - Val F1: 0.2906 - Val ROC-AUC: 0.7494 - Val PR-AUC: 0.2027
[Fine-tune] Epoch 43/50 - Loss: 0.0646 - Val F1: 0.2923 - Val ROC-AUC: 0.7579 - Val PR-AUC: 0.2416
[Fine-tune] Epoch 44/50 - Loss: 0.0748 - Val F1: 0.2969 - Val ROC-AUC: 0.7451 - Val PR-AUC: 0.2144
[Fine-tune] Epoch 45/50 - Loss: 0.0746 - Val F1: 0.2975 - Val ROC-AUC: 0.7541 - Val PR-AUC: 0.2397
[Fine-tune] Epoch 46/50 - Loss: 0.0760 - Val F1: 0.3115 - Val ROC-AUC: 0.7510 - Val PR-AUC: 0.2256
[Fine-tune] Epoch 47/50 - Loss: 0.0773 - Val F1: 0.2906 - Val ROC-AUC: 0.7471 - Val PR-AUC: 0.2252
[Fine-tune] Epoch 48/50 - Loss: 0.0702 - Val F1: 0.2698 - Val ROC-AUC: 0.7531 - Val PR-AUC: 0.2235
[Fine-tune] Epoch 49/50 - Loss: 0.0778 - Val F1: 0.2833 - Val ROC-AUC: 0.7486 - Val PR-AUC: 0.2115
[Fine-tune] Epoch 50/50 - Loss: 0.0667 - Val F1: 0.2833 - Val ROC-AUC: 0.7513 - Val PR-AUC: 0.2003
Finetuning completed. Test F1: 0.2787, ROC-AUC: 0.7635, PR-AUC: 0.2910
[3.1/4] Target-only training on TOX21_ERa_BLA_Agonist_ratio using GIN_GCN...
=== Target-only training ===
[Target-only] Epoch 1/50 – Loss: 0.5785  Val F1: 0.1727  ROC-AUC: 0.6155  PR-AUC: 0.1342
[Target-only] Epoch 2/50 – Loss: 0.5226  Val F1: 0.1721  ROC-AUC: 0.6872  PR-AUC: 0.1849
[Target-only] Epoch 3/50 – Loss: 0.4891  Val F1: 0.2294  ROC-AUC: 0.7473  PR-AUC: 0.2059
[Target-only] Epoch 4/50 – Loss: 0.4643  Val F1: 0.1942  ROC-AUC: 0.7791  PR-AUC: 0.1959
[Target-only] Epoch 5/50 – Loss: 0.4543  Val F1: 0.1911  ROC-AUC: 0.7550  PR-AUC: 0.2028
[Target-only] Epoch 6/50 – Loss: 0.4298  Val F1: 0.3016  ROC-AUC: 0.7663  PR-AUC: 0.2385
[Target-only] Epoch 7/50 – Loss: 0.4143  Val F1: 0.2097  ROC-AUC: 0.7706  PR-AUC: 0.2168
[Target-only] Epoch 8/50 – Loss: 0.3982  Val F1: 0.1593  ROC-AUC: 0.7497  PR-AUC: 0.2064
[Target-only] Epoch 9/50 – Loss: 0.3811  Val F1: 0.2575  ROC-AUC: 0.7982  PR-AUC: 0.2226
[Target-only] Epoch 10/50 – Loss: 0.3685  Val F1: 0.2353  ROC-AUC: 0.7851  PR-AUC: 0.2966
[Target-only] Epoch 11/50 – Loss: 0.3104  Val F1: 0.2741  ROC-AUC: 0.7994  PR-AUC: 0.2749
[Target-only] Epoch 12/50 – Loss: 0.3173  Val F1: 0.2876  ROC-AUC: 0.7783  PR-AUC: 0.2319
[Target-only] Epoch 13/50 – Loss: 0.3011  Val F1: 0.2376  ROC-AUC: 0.7702  PR-AUC: 0.2526
[Target-only] Epoch 14/50 – Loss: 0.2980  Val F1: 0.2674  ROC-AUC: 0.7742  PR-AUC: 0.2572
[Target-only] Epoch 15/50 – Loss: 0.2656  Val F1: 0.2474  ROC-AUC: 0.7708  PR-AUC: 0.2689
[Target-only] Epoch 16/50 – Loss: 0.2691  Val F1: 0.2716  ROC-AUC: 0.7792  PR-AUC: 0.2699
[Target-only] Epoch 17/50 – Loss: 0.2552  Val F1: 0.2674  ROC-AUC: 0.7677  PR-AUC: 0.2972
[Target-only] Epoch 18/50 – Loss: 0.2551  Val F1: 0.2604  ROC-AUC: 0.7747  PR-AUC: 0.2626
[Target-only] Epoch 19/50 – Loss: 0.2396  Val F1: 0.2388  ROC-AUC: 0.7651  PR-AUC: 0.2390
[Target-only] Epoch 20/50 – Loss: 0.2448  Val F1: 0.2381  ROC-AUC: 0.7835  PR-AUC: 0.2344
[Target-only] Epoch 21/50 – Loss: 0.2196  Val F1: 0.2614  ROC-AUC: 0.7789  PR-AUC: 0.2621
[Target-only] Epoch 22/50 – Loss: 0.2052  Val F1: 0.2614  ROC-AUC: 0.7696  PR-AUC: 0.2658
[Target-only] Epoch 23/50 – Loss: 0.2011  Val F1: 0.2706  ROC-AUC: 0.7783  PR-AUC: 0.2439
[Target-only] Epoch 24/50 – Loss: 0.2003  Val F1: 0.3067  ROC-AUC: 0.7874  PR-AUC: 0.2877
[Target-only] Epoch 25/50 – Loss: 0.1884  Val F1: 0.2593  ROC-AUC: 0.7842  PR-AUC: 0.2774
[Target-only] Epoch 26/50 – Loss: 0.1874  Val F1: 0.2614  ROC-AUC: 0.7827  PR-AUC: 0.2513
[Target-only] Epoch 27/50 – Loss: 0.1858  Val F1: 0.2300  ROC-AUC: 0.7781  PR-AUC: 0.2821
[Target-only] Epoch 28/50 – Loss: 0.1792  Val F1: 0.2839  ROC-AUC: 0.7816  PR-AUC: 0.2459
[Target-only] Epoch 29/50 – Loss: 0.1679  Val F1: 0.2614  ROC-AUC: 0.7656  PR-AUC: 0.2642
[Target-only] Epoch 30/50 – Loss: 0.1719  Val F1: 0.2710  ROC-AUC: 0.7592  PR-AUC: 0.2484
[Target-only] Epoch 31/50 – Loss: 0.1480  Val F1: 0.2517  ROC-AUC: 0.7689  PR-AUC: 0.2366
[Target-only] Epoch 32/50 – Loss: 0.1436  Val F1: 0.2535  ROC-AUC: 0.7579  PR-AUC: 0.2398
[Target-only] Epoch 33/50 – Loss: 0.1322  Val F1: 0.2923  ROC-AUC: 0.7718  PR-AUC: 0.2576
[Target-only] Epoch 34/50 – Loss: 0.1452  Val F1: 0.2449  ROC-AUC: 0.7722  PR-AUC: 0.2529
[Target-only] Epoch 35/50 – Loss: 0.1379  Val F1: 0.2946  ROC-AUC: 0.7711  PR-AUC: 0.2632
[Target-only] Epoch 36/50 – Loss: 0.1334  Val F1: 0.2628  ROC-AUC: 0.7679  PR-AUC: 0.2403
[Target-only] Epoch 37/50 – Loss: 0.1334  Val F1: 0.2676  ROC-AUC: 0.7573  PR-AUC: 0.2514
[Target-only] Epoch 38/50 – Loss: 0.1277  Val F1: 0.2500  ROC-AUC: 0.7641  PR-AUC: 0.2571
[Target-only] Epoch 39/50 – Loss: 0.1323  Val F1: 0.2585  ROC-AUC: 0.7624  PR-AUC: 0.2354
[Target-only] Epoch 40/50 – Loss: 0.1317  Val F1: 0.2636  ROC-AUC: 0.7586  PR-AUC: 0.2379
[Target-only] Epoch 41/50 – Loss: 0.1168  Val F1: 0.2675  ROC-AUC: 0.7663  PR-AUC: 0.2595
[Target-only] Epoch 42/50 – Loss: 0.1177  Val F1: 0.2537  ROC-AUC: 0.7609  PR-AUC: 0.2560
[Target-only] Epoch 43/50 – Loss: 0.1145  Val F1: 0.2657  ROC-AUC: 0.7616  PR-AUC: 0.2439
[Target-only] Epoch 44/50 – Loss: 0.1117  Val F1: 0.2571  ROC-AUC: 0.7559  PR-AUC: 0.2455
[Target-only] Epoch 45/50 – Loss: 0.1080  Val F1: 0.2815  ROC-AUC: 0.7561  PR-AUC: 0.2507
[Target-only] Epoch 46/50 – Loss: 0.1055  Val F1: 0.2774  ROC-AUC: 0.7649  PR-AUC: 0.2416
[Target-only] Epoch 47/50 – Loss: 0.1065  Val F1: 0.2774  ROC-AUC: 0.7606  PR-AUC: 0.2510
[Target-only] Epoch 48/50 – Loss: 0.1110  Val F1: 0.2857  ROC-AUC: 0.7633  PR-AUC: 0.2507
[Target-only] Epoch 49/50 – Loss: 0.1006  Val F1: 0.2774  ROC-AUC: 0.7622  PR-AUC: 0.2386
[Target-only] Epoch 50/50 – Loss: 0.1068  Val F1: 0.2794  ROC-AUC: 0.7690  PR-AUC: 0.2452
=== Target-only TEST performance ===
Test F1: 0.2874, ROC-AUC: 0.8016, PR-AUC: 0.3259
✅ 실험 완료: TOX21_ERa_LUC_VM7_Agonist_10nM_ICI182780_viability -> TOX21_ERa_BLA_Agonist_ratio [GIN_GCN]
