[11:46:06] Can't kekulize mol.  Unkekulized atoms: 1 2 3 4 5
[11:46:06] Explicit valence for atom # 0 Cl, 2, is greater than permitted
[11:46:07] Can't kekulize mol.  Unkekulized atoms: 3 4 5 6 7
[11:46:07] Can't kekulize mol.  Unkekulized atoms: 3 4 5 6 7
[11:46:09] Can't kekulize mol.  Unkekulized atoms: 1 2 3 4 5
[11:46:10] Can't kekulize mol.  Unkekulized atoms: 3 4 5 6 7
[11:46:10] Can't kekulize mol.  Unkekulized atoms: 1 2 3 4 5
[11:46:10] WARNING: not removing hydrogen atom without neighbors
[11:46:11] Can't kekulize mol.  Unkekulized atoms: 1 2 3 4 5
[11:46:11] Explicit valence for atom # 6 O, 3, is greater than permitted
[11:46:11] Explicit valence for atom # 3 Si, 8, is greater than permitted
[11:46:11] Explicit valence for atom # 0 Cl, 2, is greater than permitted
[11:48:34] Can't kekulize mol.  Unkekulized atoms: 1 2 3 4 5
[11:48:34] Explicit valence for atom # 0 Cl, 2, is greater than permitted
[11:48:35] Can't kekulize mol.  Unkekulized atoms: 3 4 5 6 7
[11:48:35] Can't kekulize mol.  Unkekulized atoms: 3 4 5 6 7
[11:48:38] Can't kekulize mol.  Unkekulized atoms: 1 2 3 4 5
[11:48:38] Can't kekulize mol.  Unkekulized atoms: 3 4 5 6 7
[11:48:38] Can't kekulize mol.  Unkekulized atoms: 1 2 3 4 5
[11:48:38] WARNING: not removing hydrogen atom without neighbors
[11:48:39] Can't kekulize mol.  Unkekulized atoms: 1 2 3 4 5
[11:48:39] Explicit valence for atom # 6 O, 3, is greater than permitted
[11:48:39] Explicit valence for atom # 3 Si, 8, is greater than permitted
[11:48:39] Explicit valence for atom # 0 Cl, 2, is greater than permitted
[11:49:54] Can't kekulize mol.  Unkekulized atoms: 1 2 3 4 5
[11:49:54] Explicit valence for atom # 0 Cl, 2, is greater than permitted
[11:49:55] Can't kekulize mol.  Unkekulized atoms: 3 4 5 6 7
[11:49:56] Can't kekulize mol.  Unkekulized atoms: 3 4 5 6 7
[11:49:58] Can't kekulize mol.  Unkekulized atoms: 1 2 3 4 5
[11:49:58] Can't kekulize mol.  Unkekulized atoms: 3 4 5 6 7
[11:49:59] Can't kekulize mol.  Unkekulized atoms: 1 2 3 4 5
[11:49:59] WARNING: not removing hydrogen atom without neighbors
[11:49:59] Can't kekulize mol.  Unkekulized atoms: 1 2 3 4 5
[11:49:59] Explicit valence for atom # 6 O, 3, is greater than permitted
[11:49:59] Explicit valence for atom # 3 Si, 8, is greater than permitted
[11:49:59] Explicit valence for atom # 0 Cl, 2, is greater than permitted
