[1/4] Excel → CSV 변환 중...
Saved pretrain CSV for TOX21_ERa_LUC_VM7_Agonist: data/sample/TOX21_ERa_LUC_VM7_Agonist.csv
Saved pretrain CSV for TOX21_ERb_BLA_Agonist_viability: data/sample/TOX21_ERb_BLA_Agonist_viability.csv
Saved pretrain CSV for TOX21_ERa_LUC_VM7_Agonist_10nM_ICI182780_viability: data/sample/TOX21_ERa_LUC_VM7_Agonist_10nM_ICI182780_viability.csv
Saved pretrain CSV for TOX21_ERR_LUC_viability: data/sample/TOX21_ERR_LUC_viability.csv
Saved finetune CSV for TOX21_ERa_BLA_Agonist_ch2: data/sample/TOX21_ERa_BLA_Agonist_ch2.csv
Saved finetune CSV for TOX21_ERa_BLA_Agonist_ch1: data/sample/TOX21_ERa_BLA_Agonist_ch1.csv
Saved finetune CSV for TOX21_ERa_BLA_Agonist_ratio: data/sample/TOX21_ERa_BLA_Agonist_ratio.csv
Saved finetune CSV for TOX21_ERb_BLA_Agonist_ratio: data/sample/TOX21_ERb_BLA_Agonist_ratio.csv
Saved finetune CSV for TOX21_ERb_BLA_Agonist_ch2: data/sample/TOX21_ERb_BLA_Agonist_ch2.csv
Saved finetune CSV for TOX21_ERb_BLA_Agonist_ch1: data/sample/TOX21_ERb_BLA_Agonist_ch1.csv
Saved finetune CSV for TOX21_ERR_LUC_Agonist: data/sample/TOX21_ERR_LUC_Agonist.csv
Saved finetune CSV for TOX21_ERa_LUC_VM7_Agonist_10nM_ICI182780: data/sample/TOX21_ERa_LUC_VM7_Agonist_10nM_ICI182780.csv
[2/4] Pretraining on TOX21_ERR_LUC_viability using GIN_GCN...
Epoch 1/50 - Loss: 0.5955 - Val F1: 0.3111 - Val ROC-AUC: 0.6939 - Val PR-AUC: 0.2371
Epoch 2/50 - Loss: 0.5614 - Val F1: 0.3020 - Val ROC-AUC: 0.6882 - Val PR-AUC: 0.2305
Epoch 3/50 - Loss: 0.5367 - Val F1: 0.3793 - Val ROC-AUC: 0.7475 - Val PR-AUC: 0.3019
Epoch 4/50 - Loss: 0.5195 - Val F1: 0.3396 - Val ROC-AUC: 0.7081 - Val PR-AUC: 0.2615
Epoch 5/50 - Loss: 0.4944 - Val F1: 0.3405 - Val ROC-AUC: 0.7414 - Val PR-AUC: 0.3084
Epoch 6/50 - Loss: 0.4867 - Val F1: 0.4103 - Val ROC-AUC: 0.7566 - Val PR-AUC: 0.3336
Epoch 7/50 - Loss: 0.4844 - Val F1: 0.3567 - Val ROC-AUC: 0.7346 - Val PR-AUC: 0.3052
Epoch 8/50 - Loss: 0.4768 - Val F1: 0.3665 - Val ROC-AUC: 0.7425 - Val PR-AUC: 0.2885
Epoch 9/50 - Loss: 0.4722 - Val F1: 0.3900 - Val ROC-AUC: 0.7550 - Val PR-AUC: 0.3176
Epoch 10/50 - Loss: 0.4615 - Val F1: 0.3849 - Val ROC-AUC: 0.7637 - Val PR-AUC: 0.3228
Epoch 11/50 - Loss: 0.4344 - Val F1: 0.4078 - Val ROC-AUC: 0.7626 - Val PR-AUC: 0.3241
Epoch 12/50 - Loss: 0.4225 - Val F1: 0.4077 - Val ROC-AUC: 0.7767 - Val PR-AUC: 0.3432
Epoch 13/50 - Loss: 0.4116 - Val F1: 0.4340 - Val ROC-AUC: 0.7873 - Val PR-AUC: 0.3663
Epoch 14/50 - Loss: 0.3992 - Val F1: 0.4211 - Val ROC-AUC: 0.7714 - Val PR-AUC: 0.3337
Epoch 15/50 - Loss: 0.4041 - Val F1: 0.4444 - Val ROC-AUC: 0.7870 - Val PR-AUC: 0.3716
Epoch 16/50 - Loss: 0.3908 - Val F1: 0.4250 - Val ROC-AUC: 0.7750 - Val PR-AUC: 0.3631
Epoch 17/50 - Loss: 0.3930 - Val F1: 0.4521 - Val ROC-AUC: 0.7967 - Val PR-AUC: 0.4009
Epoch 18/50 - Loss: 0.3824 - Val F1: 0.4457 - Val ROC-AUC: 0.7713 - Val PR-AUC: 0.3212
Epoch 19/50 - Loss: 0.3594 - Val F1: 0.4409 - Val ROC-AUC: 0.7716 - Val PR-AUC: 0.3614
Epoch 20/50 - Loss: 0.3607 - Val F1: 0.4281 - Val ROC-AUC: 0.7715 - Val PR-AUC: 0.3240
Epoch 21/50 - Loss: 0.3454 - Val F1: 0.4459 - Val ROC-AUC: 0.7785 - Val PR-AUC: 0.3555
Epoch 22/50 - Loss: 0.3395 - Val F1: 0.4651 - Val ROC-AUC: 0.7810 - Val PR-AUC: 0.3630
Epoch 23/50 - Loss: 0.3279 - Val F1: 0.4300 - Val ROC-AUC: 0.7773 - Val PR-AUC: 0.3608
Epoch 24/50 - Loss: 0.3300 - Val F1: 0.4452 - Val ROC-AUC: 0.7803 - Val PR-AUC: 0.3636
Epoch 25/50 - Loss: 0.3164 - Val F1: 0.4300 - Val ROC-AUC: 0.7778 - Val PR-AUC: 0.3694
Epoch 26/50 - Loss: 0.3263 - Val F1: 0.4462 - Val ROC-AUC: 0.7842 - Val PR-AUC: 0.3827
Epoch 27/50 - Loss: 0.3138 - Val F1: 0.4276 - Val ROC-AUC: 0.7756 - Val PR-AUC: 0.3809
Epoch 28/50 - Loss: 0.3016 - Val F1: 0.4676 - Val ROC-AUC: 0.7768 - Val PR-AUC: 0.3524
Epoch 29/50 - Loss: 0.2941 - Val F1: 0.4306 - Val ROC-AUC: 0.7823 - Val PR-AUC: 0.4048
Epoch 30/50 - Loss: 0.3167 - Val F1: 0.4271 - Val ROC-AUC: 0.7643 - Val PR-AUC: 0.3461
Epoch 31/50 - Loss: 0.2846 - Val F1: 0.4312 - Val ROC-AUC: 0.7738 - Val PR-AUC: 0.3693
Epoch 32/50 - Loss: 0.2789 - Val F1: 0.4384 - Val ROC-AUC: 0.7769 - Val PR-AUC: 0.3670
Epoch 33/50 - Loss: 0.2688 - Val F1: 0.4548 - Val ROC-AUC: 0.7767 - Val PR-AUC: 0.3710
Epoch 34/50 - Loss: 0.2760 - Val F1: 0.4731 - Val ROC-AUC: 0.7797 - Val PR-AUC: 0.3826
Epoch 35/50 - Loss: 0.2713 - Val F1: 0.4377 - Val ROC-AUC: 0.7759 - Val PR-AUC: 0.3818
Epoch 36/50 - Loss: 0.2767 - Val F1: 0.4218 - Val ROC-AUC: 0.7707 - Val PR-AUC: 0.3630
Epoch 37/50 - Loss: 0.2593 - Val F1: 0.4267 - Val ROC-AUC: 0.7765 - Val PR-AUC: 0.3666
Epoch 38/50 - Loss: 0.2543 - Val F1: 0.4360 - Val ROC-AUC: 0.7716 - Val PR-AUC: 0.3653
Epoch 39/50 - Loss: 0.2488 - Val F1: 0.4422 - Val ROC-AUC: 0.7805 - Val PR-AUC: 0.3932
Epoch 40/50 - Loss: 0.2631 - Val F1: 0.4396 - Val ROC-AUC: 0.7761 - Val PR-AUC: 0.3913
Epoch 41/50 - Loss: 0.2498 - Val F1: 0.4535 - Val ROC-AUC: 0.7827 - Val PR-AUC: 0.3985
Epoch 42/50 - Loss: 0.2420 - Val F1: 0.4485 - Val ROC-AUC: 0.7762 - Val PR-AUC: 0.3847
Epoch 43/50 - Loss: 0.2321 - Val F1: 0.4413 - Val ROC-AUC: 0.7785 - Val PR-AUC: 0.3943
Epoch 44/50 - Loss: 0.2393 - Val F1: 0.4403 - Val ROC-AUC: 0.7734 - Val PR-AUC: 0.3707
Epoch 45/50 - Loss: 0.2436 - Val F1: 0.4574 - Val ROC-AUC: 0.7754 - Val PR-AUC: 0.3667
Epoch 46/50 - Loss: 0.2477 - Val F1: 0.4396 - Val ROC-AUC: 0.7807 - Val PR-AUC: 0.3794
Epoch 47/50 - Loss: 0.2318 - Val F1: 0.4468 - Val ROC-AUC: 0.7817 - Val PR-AUC: 0.3957
Epoch 48/50 - Loss: 0.2338 - Val F1: 0.4428 - Val ROC-AUC: 0.7751 - Val PR-AUC: 0.3746
Epoch 49/50 - Loss: 0.2215 - Val F1: 0.4354 - Val ROC-AUC: 0.7791 - Val PR-AUC: 0.3850
Epoch 50/50 - Loss: 0.2283 - Val F1: 0.4260 - Val ROC-AUC: 0.7796 - Val PR-AUC: 0.3821
Pretraining completed. Test F1: 0.4710, ROC-AUC: 0.8360, PR-AUC: 0.4397
[3/4] Finetuning on TOX21_ERa_BLA_Agonist_ch1 using GIN_GCN...
[Fine-tune] Epoch 1/50 - Loss: 0.4555 - Val F1: 0.2490 - Val ROC-AUC: 0.8333 - Val PR-AUC: 0.2814
[Fine-tune] Epoch 2/50 - Loss: 0.3849 - Val F1: 0.2564 - Val ROC-AUC: 0.8262 - Val PR-AUC: 0.2992
[Fine-tune] Epoch 3/50 - Loss: 0.3495 - Val F1: 0.2488 - Val ROC-AUC: 0.8074 - Val PR-AUC: 0.2350
[Fine-tune] Epoch 4/50 - Loss: 0.3266 - Val F1: 0.2488 - Val ROC-AUC: 0.8182 - Val PR-AUC: 0.2579
[Fine-tune] Epoch 5/50 - Loss: 0.3256 - Val F1: 0.2512 - Val ROC-AUC: 0.8187 - Val PR-AUC: 0.3308
[Fine-tune] Epoch 6/50 - Loss: 0.3045 - Val F1: 0.2326 - Val ROC-AUC: 0.8127 - Val PR-AUC: 0.3165
[Fine-tune] Epoch 7/50 - Loss: 0.2809 - Val F1: 0.3049 - Val ROC-AUC: 0.8374 - Val PR-AUC: 0.2778
[Fine-tune] Epoch 8/50 - Loss: 0.2782 - Val F1: 0.2420 - Val ROC-AUC: 0.8008 - Val PR-AUC: 0.2547
[Fine-tune] Epoch 9/50 - Loss: 0.2585 - Val F1: 0.2667 - Val ROC-AUC: 0.8026 - Val PR-AUC: 0.2804
[Fine-tune] Epoch 10/50 - Loss: 0.2299 - Val F1: 0.2763 - Val ROC-AUC: 0.8044 - Val PR-AUC: 0.2664
[Fine-tune] Epoch 11/50 - Loss: 0.1967 - Val F1: 0.3053 - Val ROC-AUC: 0.7901 - Val PR-AUC: 0.2286
[Fine-tune] Epoch 12/50 - Loss: 0.1881 - Val F1: 0.2727 - Val ROC-AUC: 0.8012 - Val PR-AUC: 0.2732
[Fine-tune] Epoch 13/50 - Loss: 0.1689 - Val F1: 0.2897 - Val ROC-AUC: 0.8166 - Val PR-AUC: 0.2702
[Fine-tune] Epoch 14/50 - Loss: 0.1656 - Val F1: 0.2951 - Val ROC-AUC: 0.7847 - Val PR-AUC: 0.3031
[Fine-tune] Epoch 15/50 - Loss: 0.1708 - Val F1: 0.3303 - Val ROC-AUC: 0.7808 - Val PR-AUC: 0.3117
[Fine-tune] Epoch 16/50 - Loss: 0.1605 - Val F1: 0.2812 - Val ROC-AUC: 0.7957 - Val PR-AUC: 0.2323
[Fine-tune] Epoch 17/50 - Loss: 0.1483 - Val F1: 0.3411 - Val ROC-AUC: 0.8159 - Val PR-AUC: 0.2791
[Fine-tune] Epoch 18/50 - Loss: 0.1528 - Val F1: 0.3304 - Val ROC-AUC: 0.7956 - Val PR-AUC: 0.3196
[Fine-tune] Epoch 19/50 - Loss: 0.1443 - Val F1: 0.3220 - Val ROC-AUC: 0.7991 - Val PR-AUC: 0.2725
[Fine-tune] Epoch 20/50 - Loss: 0.1376 - Val F1: 0.3279 - Val ROC-AUC: 0.8012 - Val PR-AUC: 0.3259
[Fine-tune] Epoch 21/50 - Loss: 0.1184 - Val F1: 0.3178 - Val ROC-AUC: 0.7931 - Val PR-AUC: 0.2839
[Fine-tune] Epoch 22/50 - Loss: 0.1111 - Val F1: 0.3220 - Val ROC-AUC: 0.7999 - Val PR-AUC: 0.2985
[Fine-tune] Epoch 23/50 - Loss: 0.1138 - Val F1: 0.3140 - Val ROC-AUC: 0.7891 - Val PR-AUC: 0.2503
[Fine-tune] Epoch 24/50 - Loss: 0.1084 - Val F1: 0.3009 - Val ROC-AUC: 0.7934 - Val PR-AUC: 0.2360
[Fine-tune] Epoch 25/50 - Loss: 0.1056 - Val F1: 0.3462 - Val ROC-AUC: 0.7915 - Val PR-AUC: 0.2576
[Fine-tune] Epoch 26/50 - Loss: 0.0983 - Val F1: 0.3486 - Val ROC-AUC: 0.7967 - Val PR-AUC: 0.2649
[Fine-tune] Epoch 27/50 - Loss: 0.0898 - Val F1: 0.3119 - Val ROC-AUC: 0.7906 - Val PR-AUC: 0.2102
[Fine-tune] Epoch 28/50 - Loss: 0.0976 - Val F1: 0.3077 - Val ROC-AUC: 0.8076 - Val PR-AUC: 0.2335
[Fine-tune] Epoch 29/50 - Loss: 0.0940 - Val F1: 0.3273 - Val ROC-AUC: 0.8002 - Val PR-AUC: 0.2450
[Fine-tune] Epoch 30/50 - Loss: 0.0857 - Val F1: 0.3186 - Val ROC-AUC: 0.7953 - Val PR-AUC: 0.2835
[Fine-tune] Epoch 31/50 - Loss: 0.0768 - Val F1: 0.3393 - Val ROC-AUC: 0.7954 - Val PR-AUC: 0.2670
[Fine-tune] Epoch 32/50 - Loss: 0.0778 - Val F1: 0.3486 - Val ROC-AUC: 0.7905 - Val PR-AUC: 0.2738
[Fine-tune] Epoch 33/50 - Loss: 0.0734 - Val F1: 0.3462 - Val ROC-AUC: 0.7900 - Val PR-AUC: 0.2408
[Fine-tune] Epoch 34/50 - Loss: 0.0785 - Val F1: 0.3564 - Val ROC-AUC: 0.7953 - Val PR-AUC: 0.2701
[Fine-tune] Epoch 35/50 - Loss: 0.0698 - Val F1: 0.3585 - Val ROC-AUC: 0.7978 - Val PR-AUC: 0.2756
[Fine-tune] Epoch 36/50 - Loss: 0.0800 - Val F1: 0.3364 - Val ROC-AUC: 0.7957 - Val PR-AUC: 0.2276
[Fine-tune] Epoch 37/50 - Loss: 0.0699 - Val F1: 0.3303 - Val ROC-AUC: 0.7918 - Val PR-AUC: 0.2259
[Fine-tune] Epoch 38/50 - Loss: 0.0765 - Val F1: 0.3301 - Val ROC-AUC: 0.7923 - Val PR-AUC: 0.2035
[Fine-tune] Epoch 39/50 - Loss: 0.0655 - Val F1: 0.3333 - Val ROC-AUC: 0.7877 - Val PR-AUC: 0.2471
[Fine-tune] Epoch 40/50 - Loss: 0.0814 - Val F1: 0.3486 - Val ROC-AUC: 0.7954 - Val PR-AUC: 0.2458
[Fine-tune] Epoch 41/50 - Loss: 0.0623 - Val F1: 0.3551 - Val ROC-AUC: 0.7943 - Val PR-AUC: 0.2428
[Fine-tune] Epoch 42/50 - Loss: 0.0528 - Val F1: 0.3486 - Val ROC-AUC: 0.7930 - Val PR-AUC: 0.2317
[Fine-tune] Epoch 43/50 - Loss: 0.0671 - Val F1: 0.3429 - Val ROC-AUC: 0.7981 - Val PR-AUC: 0.2298
[Fine-tune] Epoch 44/50 - Loss: 0.0589 - Val F1: 0.3396 - Val ROC-AUC: 0.7933 - Val PR-AUC: 0.2525
[Fine-tune] Epoch 45/50 - Loss: 0.0637 - Val F1: 0.3462 - Val ROC-AUC: 0.7901 - Val PR-AUC: 0.2169
[Fine-tune] Epoch 46/50 - Loss: 0.0560 - Val F1: 0.3495 - Val ROC-AUC: 0.7875 - Val PR-AUC: 0.2435
[Fine-tune] Epoch 47/50 - Loss: 0.0661 - Val F1: 0.3396 - Val ROC-AUC: 0.7949 - Val PR-AUC: 0.2721
[Fine-tune] Epoch 48/50 - Loss: 0.0711 - Val F1: 0.3434 - Val ROC-AUC: 0.7872 - Val PR-AUC: 0.2394
[Fine-tune] Epoch 49/50 - Loss: 0.0618 - Val F1: 0.3654 - Val ROC-AUC: 0.7927 - Val PR-AUC: 0.2334
[Fine-tune] Epoch 50/50 - Loss: 0.0742 - Val F1: 0.3654 - Val ROC-AUC: 0.7886 - Val PR-AUC: 0.2296
Finetuning completed. Test F1: 0.3960, ROC-AUC: 0.8139, PR-AUC: 0.3703
[3.1/4] Target-only training on TOX21_ERa_BLA_Agonist_ch1 using GIN_GCN...
=== Target-only training ===
[Target-only] Epoch 1/50 – Loss: 0.5892  Val F1: 0.1780  ROC-AUC: 0.8267  PR-AUC: 0.3602
[Target-only] Epoch 2/50 – Loss: 0.5337  Val F1: 0.1444  ROC-AUC: 0.7902  PR-AUC: 0.1882
[Target-only] Epoch 3/50 – Loss: 0.5043  Val F1: 0.2525  ROC-AUC: 0.7820  PR-AUC: 0.3172
[Target-only] Epoch 4/50 – Loss: 0.4661  Val F1: 0.2212  ROC-AUC: 0.7753  PR-AUC: 0.3750
[Target-only] Epoch 5/50 – Loss: 0.4420  Val F1: 0.2016  ROC-AUC: 0.7927  PR-AUC: 0.2510
[Target-only] Epoch 6/50 – Loss: 0.4162  Val F1: 0.2597  ROC-AUC: 0.7588  PR-AUC: 0.2135
[Target-only] Epoch 7/50 – Loss: 0.3909  Val F1: 0.2532  ROC-AUC: 0.7521  PR-AUC: 0.2369
[Target-only] Epoch 8/50 – Loss: 0.3920  Val F1: 0.2015  ROC-AUC: 0.7617  PR-AUC: 0.1798
[Target-only] Epoch 9/50 – Loss: 0.3723  Val F1: 0.2264  ROC-AUC: 0.7586  PR-AUC: 0.1750
[Target-only] Epoch 10/50 – Loss: 0.3562  Val F1: 0.2515  ROC-AUC: 0.7632  PR-AUC: 0.3602
[Target-only] Epoch 11/50 – Loss: 0.2980  Val F1: 0.2500  ROC-AUC: 0.7779  PR-AUC: 0.2939
[Target-only] Epoch 12/50 – Loss: 0.3019  Val F1: 0.2540  ROC-AUC: 0.7769  PR-AUC: 0.2540
[Target-only] Epoch 13/50 – Loss: 0.2909  Val F1: 0.2649  ROC-AUC: 0.7760  PR-AUC: 0.2630
[Target-only] Epoch 14/50 – Loss: 0.2818  Val F1: 0.2794  ROC-AUC: 0.7766  PR-AUC: 0.2006
[Target-only] Epoch 15/50 – Loss: 0.2624  Val F1: 0.2267  ROC-AUC: 0.7726  PR-AUC: 0.2080
[Target-only] Epoch 16/50 – Loss: 0.2529  Val F1: 0.2876  ROC-AUC: 0.7862  PR-AUC: 0.2808
[Target-only] Epoch 17/50 – Loss: 0.2603  Val F1: 0.2803  ROC-AUC: 0.7962  PR-AUC: 0.3395
[Target-only] Epoch 18/50 – Loss: 0.2284  Val F1: 0.2237  ROC-AUC: 0.7818  PR-AUC: 0.3041
[Target-only] Epoch 19/50 – Loss: 0.2232  Val F1: 0.2313  ROC-AUC: 0.7977  PR-AUC: 0.2781
[Target-only] Epoch 20/50 – Loss: 0.2005  Val F1: 0.2703  ROC-AUC: 0.7846  PR-AUC: 0.2465
[Target-only] Epoch 21/50 – Loss: 0.1865  Val F1: 0.2353  ROC-AUC: 0.7790  PR-AUC: 0.2868
[Target-only] Epoch 22/50 – Loss: 0.1684  Val F1: 0.2857  ROC-AUC: 0.7883  PR-AUC: 0.3580
[Target-only] Epoch 23/50 – Loss: 0.1746  Val F1: 0.2909  ROC-AUC: 0.7970  PR-AUC: 0.3284
[Target-only] Epoch 24/50 – Loss: 0.1681  Val F1: 0.2804  ROC-AUC: 0.7898  PR-AUC: 0.2980
[Target-only] Epoch 25/50 – Loss: 0.1593  Val F1: 0.2424  ROC-AUC: 0.7921  PR-AUC: 0.3389
[Target-only] Epoch 26/50 – Loss: 0.1584  Val F1: 0.2188  ROC-AUC: 0.7739  PR-AUC: 0.2474
[Target-only] Epoch 27/50 – Loss: 0.1624  Val F1: 0.3488  ROC-AUC: 0.8025  PR-AUC: 0.3720
[Target-only] Epoch 28/50 – Loss: 0.1564  Val F1: 0.2703  ROC-AUC: 0.7906  PR-AUC: 0.3127
[Target-only] Epoch 29/50 – Loss: 0.1514  Val F1: 0.3130  ROC-AUC: 0.7993  PR-AUC: 0.2710
[Target-only] Epoch 30/50 – Loss: 0.1438  Val F1: 0.2540  ROC-AUC: 0.7682  PR-AUC: 0.2510
[Target-only] Epoch 31/50 – Loss: 0.1188  Val F1: 0.2913  ROC-AUC: 0.7913  PR-AUC: 0.3015
[Target-only] Epoch 32/50 – Loss: 0.1206  Val F1: 0.2804  ROC-AUC: 0.7896  PR-AUC: 0.2621
[Target-only] Epoch 33/50 – Loss: 0.1223  Val F1: 0.3208  ROC-AUC: 0.7897  PR-AUC: 0.2811
[Target-only] Epoch 34/50 – Loss: 0.1205  Val F1: 0.2913  ROC-AUC: 0.7774  PR-AUC: 0.2827
[Target-only] Epoch 35/50 – Loss: 0.1093  Val F1: 0.2931  ROC-AUC: 0.7854  PR-AUC: 0.3161
[Target-only] Epoch 36/50 – Loss: 0.1162  Val F1: 0.3273  ROC-AUC: 0.7890  PR-AUC: 0.2660
[Target-only] Epoch 37/50 – Loss: 0.1047  Val F1: 0.3396  ROC-AUC: 0.7848  PR-AUC: 0.3315
[Target-only] Epoch 38/50 – Loss: 0.1063  Val F1: 0.2689  ROC-AUC: 0.7842  PR-AUC: 0.2787
[Target-only] Epoch 39/50 – Loss: 0.1008  Val F1: 0.3208  ROC-AUC: 0.7705  PR-AUC: 0.2883
[Target-only] Epoch 40/50 – Loss: 0.1081  Val F1: 0.3119  ROC-AUC: 0.7851  PR-AUC: 0.3160
[Target-only] Epoch 41/50 – Loss: 0.0956  Val F1: 0.3238  ROC-AUC: 0.7908  PR-AUC: 0.2632
[Target-only] Epoch 42/50 – Loss: 0.0919  Val F1: 0.3269  ROC-AUC: 0.7792  PR-AUC: 0.2707
[Target-only] Epoch 43/50 – Loss: 0.1025  Val F1: 0.3434  ROC-AUC: 0.7795  PR-AUC: 0.3184
[Target-only] Epoch 44/50 – Loss: 0.0728  Val F1: 0.3091  ROC-AUC: 0.7889  PR-AUC: 0.2926
[Target-only] Epoch 45/50 – Loss: 0.0981  Val F1: 0.3542  ROC-AUC: 0.7836  PR-AUC: 0.3052
[Target-only] Epoch 46/50 – Loss: 0.0898  Val F1: 0.3137  ROC-AUC: 0.7904  PR-AUC: 0.2896
[Target-only] Epoch 47/50 – Loss: 0.0854  Val F1: 0.3137  ROC-AUC: 0.7954  PR-AUC: 0.3037
[Target-only] Epoch 48/50 – Loss: 0.0982  Val F1: 0.3269  ROC-AUC: 0.7906  PR-AUC: 0.2921
[Target-only] Epoch 49/50 – Loss: 0.0836  Val F1: 0.3301  ROC-AUC: 0.7901  PR-AUC: 0.3017
[Target-only] Epoch 50/50 – Loss: 0.0808  Val F1: 0.3636  ROC-AUC: 0.7869  PR-AUC: 0.2870
=== Target-only TEST performance ===
Test F1: 0.3818, ROC-AUC: 0.8006, PR-AUC: 0.2935
✅ 실험 완료: TOX21_ERR_LUC_viability -> TOX21_ERa_BLA_Agonist_ch1 [GIN_GCN]
