[1/4] Excel → CSV 변환 중...
Saved pretrain CSV for TOX21_ERa_LUC_VM7_Agonist: data/sample/TOX21_ERa_LUC_VM7_Agonist.csv
Saved pretrain CSV for TOX21_ERb_BLA_Agonist_viability: data/sample/TOX21_ERb_BLA_Agonist_viability.csv
Saved pretrain CSV for TOX21_ERa_LUC_VM7_Agonist_10nM_ICI182780_viability: data/sample/TOX21_ERa_LUC_VM7_Agonist_10nM_ICI182780_viability.csv
Saved pretrain CSV for TOX21_ERR_LUC_viability: data/sample/TOX21_ERR_LUC_viability.csv
Saved finetune CSV for TOX21_ERa_BLA_Agonist_ch2: data/sample/TOX21_ERa_BLA_Agonist_ch2.csv
Saved finetune CSV for TOX21_ERa_BLA_Agonist_ch1: data/sample/TOX21_ERa_BLA_Agonist_ch1.csv
Saved finetune CSV for TOX21_ERa_BLA_Agonist_ratio: data/sample/TOX21_ERa_BLA_Agonist_ratio.csv
Saved finetune CSV for TOX21_ERb_BLA_Agonist_ratio: data/sample/TOX21_ERb_BLA_Agonist_ratio.csv
Saved finetune CSV for TOX21_ERb_BLA_Agonist_ch2: data/sample/TOX21_ERb_BLA_Agonist_ch2.csv
Saved finetune CSV for TOX21_ERb_BLA_Agonist_ch1: data/sample/TOX21_ERb_BLA_Agonist_ch1.csv
Saved finetune CSV for TOX21_ERR_LUC_Agonist: data/sample/TOX21_ERR_LUC_Agonist.csv
Saved finetune CSV for TOX21_ERa_LUC_VM7_Agonist_10nM_ICI182780: data/sample/TOX21_ERa_LUC_VM7_Agonist_10nM_ICI182780.csv
[2/4] Pretraining on TOX21_ERb_BLA_Agonist_viability using GIN_GCN...
Epoch 1/100 - Loss: 0.6173 - Val F1: 0.3281 - Val ROC-AUC: 0.6775 - Val PR-AUC: 0.2161
Epoch 2/100 - Loss: 0.5863 - Val F1: 0.3462 - Val ROC-AUC: 0.7222 - Val PR-AUC: 0.2778
Epoch 3/100 - Loss: 0.5600 - Val F1: 0.3348 - Val ROC-AUC: 0.7225 - Val PR-AUC: 0.2947
Epoch 4/100 - Loss: 0.5559 - Val F1: 0.3694 - Val ROC-AUC: 0.7449 - Val PR-AUC: 0.2766
Epoch 5/100 - Loss: 0.5416 - Val F1: 0.3453 - Val ROC-AUC: 0.7277 - Val PR-AUC: 0.2806
Epoch 6/100 - Loss: 0.5412 - Val F1: 0.3632 - Val ROC-AUC: 0.7336 - Val PR-AUC: 0.2779
Epoch 7/100 - Loss: 0.5331 - Val F1: 0.3663 - Val ROC-AUC: 0.7420 - Val PR-AUC: 0.3120
Epoch 8/100 - Loss: 0.5235 - Val F1: 0.3670 - Val ROC-AUC: 0.7512 - Val PR-AUC: 0.3184
Epoch 9/100 - Loss: 0.5181 - Val F1: 0.3810 - Val ROC-AUC: 0.7571 - Val PR-AUC: 0.3097
Epoch 10/100 - Loss: 0.5128 - Val F1: 0.3836 - Val ROC-AUC: 0.7412 - Val PR-AUC: 0.2828
Epoch 11/100 - Loss: 0.4866 - Val F1: 0.3955 - Val ROC-AUC: 0.7616 - Val PR-AUC: 0.3278
Epoch 12/100 - Loss: 0.4723 - Val F1: 0.3853 - Val ROC-AUC: 0.7383 - Val PR-AUC: 0.3065
Epoch 13/100 - Loss: 0.4715 - Val F1: 0.3812 - Val ROC-AUC: 0.7756 - Val PR-AUC: 0.3522
Epoch 14/100 - Loss: 0.4705 - Val F1: 0.3868 - Val ROC-AUC: 0.7801 - Val PR-AUC: 0.3400
Epoch 15/100 - Loss: 0.4605 - Val F1: 0.4000 - Val ROC-AUC: 0.7637 - Val PR-AUC: 0.3323
Epoch 16/100 - Loss: 0.4573 - Val F1: 0.3990 - Val ROC-AUC: 0.7883 - Val PR-AUC: 0.3633
Epoch 17/100 - Loss: 0.4479 - Val F1: 0.4011 - Val ROC-AUC: 0.7757 - Val PR-AUC: 0.3316
Epoch 18/100 - Loss: 0.4426 - Val F1: 0.4110 - Val ROC-AUC: 0.7794 - Val PR-AUC: 0.3527
Epoch 19/100 - Loss: 0.4366 - Val F1: 0.3826 - Val ROC-AUC: 0.7762 - Val PR-AUC: 0.3467
Epoch 20/100 - Loss: 0.4267 - Val F1: 0.3954 - Val ROC-AUC: 0.7801 - Val PR-AUC: 0.3631
Epoch 21/100 - Loss: 0.4237 - Val F1: 0.4089 - Val ROC-AUC: 0.7878 - Val PR-AUC: 0.3564
Epoch 22/100 - Loss: 0.4116 - Val F1: 0.4267 - Val ROC-AUC: 0.7950 - Val PR-AUC: 0.3881
Epoch 23/100 - Loss: 0.4046 - Val F1: 0.4326 - Val ROC-AUC: 0.7922 - Val PR-AUC: 0.3533
Epoch 24/100 - Loss: 0.3958 - Val F1: 0.4348 - Val ROC-AUC: 0.7956 - Val PR-AUC: 0.3677
Epoch 25/100 - Loss: 0.3960 - Val F1: 0.4192 - Val ROC-AUC: 0.8012 - Val PR-AUC: 0.3806
Epoch 26/100 - Loss: 0.3961 - Val F1: 0.4123 - Val ROC-AUC: 0.8000 - Val PR-AUC: 0.3802
Epoch 27/100 - Loss: 0.3906 - Val F1: 0.4179 - Val ROC-AUC: 0.7757 - Val PR-AUC: 0.3469
Epoch 28/100 - Loss: 0.3925 - Val F1: 0.4231 - Val ROC-AUC: 0.7948 - Val PR-AUC: 0.3633
Epoch 29/100 - Loss: 0.3807 - Val F1: 0.4217 - Val ROC-AUC: 0.8048 - Val PR-AUC: 0.4068
Epoch 30/100 - Loss: 0.3817 - Val F1: 0.4195 - Val ROC-AUC: 0.8024 - Val PR-AUC: 0.3947
Epoch 31/100 - Loss: 0.3607 - Val F1: 0.4452 - Val ROC-AUC: 0.8135 - Val PR-AUC: 0.3912
Epoch 32/100 - Loss: 0.3439 - Val F1: 0.4050 - Val ROC-AUC: 0.8048 - Val PR-AUC: 0.3927
Epoch 33/100 - Loss: 0.3590 - Val F1: 0.4418 - Val ROC-AUC: 0.8073 - Val PR-AUC: 0.4096
Epoch 34/100 - Loss: 0.3391 - Val F1: 0.4291 - Val ROC-AUC: 0.8044 - Val PR-AUC: 0.3967
Epoch 35/100 - Loss: 0.3577 - Val F1: 0.4620 - Val ROC-AUC: 0.8072 - Val PR-AUC: 0.4039
Epoch 36/100 - Loss: 0.3447 - Val F1: 0.4459 - Val ROC-AUC: 0.8112 - Val PR-AUC: 0.4095
Epoch 37/100 - Loss: 0.3549 - Val F1: 0.4201 - Val ROC-AUC: 0.8061 - Val PR-AUC: 0.4061
Epoch 38/100 - Loss: 0.3467 - Val F1: 0.4381 - Val ROC-AUC: 0.8078 - Val PR-AUC: 0.3940
Epoch 39/100 - Loss: 0.3492 - Val F1: 0.4392 - Val ROC-AUC: 0.8064 - Val PR-AUC: 0.3833
Epoch 40/100 - Loss: 0.3430 - Val F1: 0.4303 - Val ROC-AUC: 0.8132 - Val PR-AUC: 0.3998
Epoch 41/100 - Loss: 0.3380 - Val F1: 0.4514 - Val ROC-AUC: 0.8126 - Val PR-AUC: 0.3993
Epoch 42/100 - Loss: 0.3434 - Val F1: 0.4326 - Val ROC-AUC: 0.8175 - Val PR-AUC: 0.4074
Epoch 43/100 - Loss: 0.3292 - Val F1: 0.4430 - Val ROC-AUC: 0.8128 - Val PR-AUC: 0.4089
Epoch 44/100 - Loss: 0.3298 - Val F1: 0.4317 - Val ROC-AUC: 0.8126 - Val PR-AUC: 0.4099
Epoch 45/100 - Loss: 0.3131 - Val F1: 0.4379 - Val ROC-AUC: 0.8138 - Val PR-AUC: 0.4205
Epoch 46/100 - Loss: 0.3266 - Val F1: 0.4392 - Val ROC-AUC: 0.8104 - Val PR-AUC: 0.4092
Epoch 47/100 - Loss: 0.3291 - Val F1: 0.4238 - Val ROC-AUC: 0.8093 - Val PR-AUC: 0.4003
Epoch 48/100 - Loss: 0.3233 - Val F1: 0.4330 - Val ROC-AUC: 0.8101 - Val PR-AUC: 0.4116
Epoch 49/100 - Loss: 0.3134 - Val F1: 0.4387 - Val ROC-AUC: 0.8163 - Val PR-AUC: 0.4064
Epoch 50/100 - Loss: 0.3201 - Val F1: 0.4558 - Val ROC-AUC: 0.8141 - Val PR-AUC: 0.4242
Epoch 51/100 - Loss: 0.3161 - Val F1: 0.4332 - Val ROC-AUC: 0.8115 - Val PR-AUC: 0.4117
Epoch 52/100 - Loss: 0.3042 - Val F1: 0.4481 - Val ROC-AUC: 0.8135 - Val PR-AUC: 0.4147
Epoch 53/100 - Loss: 0.3069 - Val F1: 0.4328 - Val ROC-AUC: 0.8120 - Val PR-AUC: 0.4040
Epoch 54/100 - Loss: 0.3095 - Val F1: 0.4310 - Val ROC-AUC: 0.8118 - Val PR-AUC: 0.4152
Epoch 55/100 - Loss: 0.3083 - Val F1: 0.4362 - Val ROC-AUC: 0.8147 - Val PR-AUC: 0.4194
Epoch 56/100 - Loss: 0.3102 - Val F1: 0.4319 - Val ROC-AUC: 0.8198 - Val PR-AUC: 0.4243
Epoch 57/100 - Loss: 0.3052 - Val F1: 0.4369 - Val ROC-AUC: 0.8159 - Val PR-AUC: 0.4282
Epoch 58/100 - Loss: 0.3020 - Val F1: 0.4393 - Val ROC-AUC: 0.8220 - Val PR-AUC: 0.4323
Epoch 59/100 - Loss: 0.3026 - Val F1: 0.4514 - Val ROC-AUC: 0.8186 - Val PR-AUC: 0.4272
Epoch 60/100 - Loss: 0.3019 - Val F1: 0.4565 - Val ROC-AUC: 0.8152 - Val PR-AUC: 0.4106
Epoch 61/100 - Loss: 0.3139 - Val F1: 0.4404 - Val ROC-AUC: 0.8182 - Val PR-AUC: 0.4164
Epoch 62/100 - Loss: 0.2882 - Val F1: 0.4310 - Val ROC-AUC: 0.8187 - Val PR-AUC: 0.4229
Epoch 63/100 - Loss: 0.2997 - Val F1: 0.4379 - Val ROC-AUC: 0.8185 - Val PR-AUC: 0.4232
Epoch 64/100 - Loss: 0.3038 - Val F1: 0.4437 - Val ROC-AUC: 0.8202 - Val PR-AUC: 0.4256
Epoch 65/100 - Loss: 0.3009 - Val F1: 0.4452 - Val ROC-AUC: 0.8197 - Val PR-AUC: 0.4221
Epoch 66/100 - Loss: 0.3037 - Val F1: 0.4565 - Val ROC-AUC: 0.8179 - Val PR-AUC: 0.4156
Epoch 67/100 - Loss: 0.2853 - Val F1: 0.4621 - Val ROC-AUC: 0.8186 - Val PR-AUC: 0.4138
Epoch 68/100 - Loss: 0.3055 - Val F1: 0.4401 - Val ROC-AUC: 0.8168 - Val PR-AUC: 0.4191
Epoch 69/100 - Loss: 0.3018 - Val F1: 0.4375 - Val ROC-AUC: 0.8200 - Val PR-AUC: 0.4249
Epoch 70/100 - Loss: 0.2887 - Val F1: 0.4392 - Val ROC-AUC: 0.8208 - Val PR-AUC: 0.4257
Epoch 71/100 - Loss: 0.3034 - Val F1: 0.4339 - Val ROC-AUC: 0.8217 - Val PR-AUC: 0.4322
Epoch 72/100 - Loss: 0.2828 - Val F1: 0.4244 - Val ROC-AUC: 0.8209 - Val PR-AUC: 0.4310
Epoch 73/100 - Loss: 0.2925 - Val F1: 0.4382 - Val ROC-AUC: 0.8156 - Val PR-AUC: 0.4257
Epoch 74/100 - Loss: 0.3070 - Val F1: 0.4582 - Val ROC-AUC: 0.8184 - Val PR-AUC: 0.4237
Epoch 75/100 - Loss: 0.2894 - Val F1: 0.4452 - Val ROC-AUC: 0.8166 - Val PR-AUC: 0.4242
Epoch 76/100 - Loss: 0.2843 - Val F1: 0.4310 - Val ROC-AUC: 0.8179 - Val PR-AUC: 0.4267
Epoch 77/100 - Loss: 0.3016 - Val F1: 0.4483 - Val ROC-AUC: 0.8152 - Val PR-AUC: 0.4216
Epoch 78/100 - Loss: 0.2963 - Val F1: 0.4484 - Val ROC-AUC: 0.8155 - Val PR-AUC: 0.4208
Epoch 79/100 - Loss: 0.2871 - Val F1: 0.4500 - Val ROC-AUC: 0.8178 - Val PR-AUC: 0.4222
Epoch 80/100 - Loss: 0.2987 - Val F1: 0.4468 - Val ROC-AUC: 0.8165 - Val PR-AUC: 0.4225
Epoch 81/100 - Loss: 0.2834 - Val F1: 0.4549 - Val ROC-AUC: 0.8157 - Val PR-AUC: 0.4206
Epoch 82/100 - Loss: 0.2934 - Val F1: 0.4519 - Val ROC-AUC: 0.8136 - Val PR-AUC: 0.4184
Epoch 83/100 - Loss: 0.2829 - Val F1: 0.4324 - Val ROC-AUC: 0.8152 - Val PR-AUC: 0.4211
Epoch 84/100 - Loss: 0.2947 - Val F1: 0.4295 - Val ROC-AUC: 0.8171 - Val PR-AUC: 0.4245
Epoch 85/100 - Loss: 0.2877 - Val F1: 0.4477 - Val ROC-AUC: 0.8124 - Val PR-AUC: 0.4143
Epoch 86/100 - Loss: 0.2875 - Val F1: 0.4296 - Val ROC-AUC: 0.8141 - Val PR-AUC: 0.4204
Epoch 87/100 - Loss: 0.2867 - Val F1: 0.4319 - Val ROC-AUC: 0.8154 - Val PR-AUC: 0.4220
Epoch 88/100 - Loss: 0.2897 - Val F1: 0.4326 - Val ROC-AUC: 0.8135 - Val PR-AUC: 0.4167
Epoch 89/100 - Loss: 0.2808 - Val F1: 0.4306 - Val ROC-AUC: 0.8148 - Val PR-AUC: 0.4187
Epoch 90/100 - Loss: 0.2880 - Val F1: 0.4300 - Val ROC-AUC: 0.8160 - Val PR-AUC: 0.4226
Epoch 91/100 - Loss: 0.2923 - Val F1: 0.4452 - Val ROC-AUC: 0.8158 - Val PR-AUC: 0.4200
Epoch 92/100 - Loss: 0.2781 - Val F1: 0.4295 - Val ROC-AUC: 0.8158 - Val PR-AUC: 0.4218
Epoch 93/100 - Loss: 0.2815 - Val F1: 0.4421 - Val ROC-AUC: 0.8163 - Val PR-AUC: 0.4253
Epoch 94/100 - Loss: 0.2875 - Val F1: 0.4281 - Val ROC-AUC: 0.8167 - Val PR-AUC: 0.4190
Epoch 95/100 - Loss: 0.2836 - Val F1: 0.4247 - Val ROC-AUC: 0.8168 - Val PR-AUC: 0.4259
Epoch 96/100 - Loss: 0.2911 - Val F1: 0.4384 - Val ROC-AUC: 0.8160 - Val PR-AUC: 0.4226
Epoch 97/100 - Loss: 0.2881 - Val F1: 0.4452 - Val ROC-AUC: 0.8155 - Val PR-AUC: 0.4237
Epoch 98/100 - Loss: 0.2803 - Val F1: 0.4528 - Val ROC-AUC: 0.8146 - Val PR-AUC: 0.4196
Epoch 99/100 - Loss: 0.2875 - Val F1: 0.4384 - Val ROC-AUC: 0.8159 - Val PR-AUC: 0.4236
Epoch 100/100 - Loss: 0.2863 - Val F1: 0.4429 - Val ROC-AUC: 0.8139 - Val PR-AUC: 0.4194
Pretraining completed. Test F1: 0.4505, ROC-AUC: 0.7568, PR-AUC: 0.3700
[3/4] Finetuning on TOX21_ERa_LUC_VM7_Agonist_10nM_ICI182780 using GIN_GCN...
[Fine-tune] Epoch 1/50 - Loss: 0.2900 - Val F1: 0.1882 - Val ROC-AUC: 0.8518 - Val PR-AUC: 0.2940
[Fine-tune] Epoch 2/50 - Loss: 0.1889 - Val F1: 0.2000 - Val ROC-AUC: 0.8408 - Val PR-AUC: 0.2545
[Fine-tune] Epoch 3/50 - Loss: 0.1558 - Val F1: 0.3265 - Val ROC-AUC: 0.8211 - Val PR-AUC: 0.2593
[Fine-tune] Epoch 4/50 - Loss: 0.1365 - Val F1: 0.2462 - Val ROC-AUC: 0.7969 - Val PR-AUC: 0.2104
[Fine-tune] Epoch 5/50 - Loss: 0.1207 - Val F1: 0.3478 - Val ROC-AUC: 0.7862 - Val PR-AUC: 0.2536
[Fine-tune] Epoch 6/50 - Loss: 0.1227 - Val F1: 0.2903 - Val ROC-AUC: 0.8103 - Val PR-AUC: 0.3066
[Fine-tune] Epoch 7/50 - Loss: 0.0967 - Val F1: 0.3265 - Val ROC-AUC: 0.8427 - Val PR-AUC: 0.3100
[Fine-tune] Epoch 8/50 - Loss: 0.0935 - Val F1: 0.2807 - Val ROC-AUC: 0.8440 - Val PR-AUC: 0.3295
[Fine-tune] Epoch 9/50 - Loss: 0.0937 - Val F1: 0.2857 - Val ROC-AUC: 0.7552 - Val PR-AUC: 0.3014
[Fine-tune] Epoch 10/50 - Loss: 0.0766 - Val F1: 0.3333 - Val ROC-AUC: 0.8585 - Val PR-AUC: 0.3851
[Fine-tune] Epoch 11/50 - Loss: 0.0625 - Val F1: 0.3478 - Val ROC-AUC: 0.8043 - Val PR-AUC: 0.3595
[Fine-tune] Epoch 12/50 - Loss: 0.0536 - Val F1: 0.2903 - Val ROC-AUC: 0.8323 - Val PR-AUC: 0.4491
[Fine-tune] Epoch 13/50 - Loss: 0.0525 - Val F1: 0.3684 - Val ROC-AUC: 0.8057 - Val PR-AUC: 0.2999
[Fine-tune] Epoch 14/50 - Loss: 0.0514 - Val F1: 0.4118 - Val ROC-AUC: 0.8529 - Val PR-AUC: 0.3353
[Fine-tune] Epoch 15/50 - Loss: 0.0400 - Val F1: 0.3902 - Val ROC-AUC: 0.8040 - Val PR-AUC: 0.3755
[Fine-tune] Epoch 16/50 - Loss: 0.0473 - Val F1: 0.4118 - Val ROC-AUC: 0.7770 - Val PR-AUC: 0.3837
[Fine-tune] Epoch 17/50 - Loss: 0.0485 - Val F1: 0.4118 - Val ROC-AUC: 0.8074 - Val PR-AUC: 0.4246
[Fine-tune] Epoch 18/50 - Loss: 0.0367 - Val F1: 0.4444 - Val ROC-AUC: 0.8745 - Val PR-AUC: 0.4719
[Fine-tune] Epoch 19/50 - Loss: 0.0451 - Val F1: 0.4242 - Val ROC-AUC: 0.8219 - Val PR-AUC: 0.3887
[Fine-tune] Epoch 20/50 - Loss: 0.0404 - Val F1: 0.4000 - Val ROC-AUC: 0.7949 - Val PR-AUC: 0.3890
[Fine-tune] Epoch 21/50 - Loss: 0.0279 - Val F1: 0.4516 - Val ROC-AUC: 0.8268 - Val PR-AUC: 0.4220
[Fine-tune] Epoch 22/50 - Loss: 0.0320 - Val F1: 0.4000 - Val ROC-AUC: 0.8436 - Val PR-AUC: 0.4412
[Fine-tune] Epoch 23/50 - Loss: 0.0252 - Val F1: 0.4667 - Val ROC-AUC: 0.8273 - Val PR-AUC: 0.4278
[Fine-tune] Epoch 24/50 - Loss: 0.0234 - Val F1: 0.4375 - Val ROC-AUC: 0.8015 - Val PR-AUC: 0.4390
[Fine-tune] Epoch 25/50 - Loss: 0.0319 - Val F1: 0.5161 - Val ROC-AUC: 0.8951 - Val PR-AUC: 0.4880
[Fine-tune] Epoch 26/50 - Loss: 0.0277 - Val F1: 0.4242 - Val ROC-AUC: 0.8283 - Val PR-AUC: 0.4580
[Fine-tune] Epoch 27/50 - Loss: 0.0290 - Val F1: 0.4138 - Val ROC-AUC: 0.8240 - Val PR-AUC: 0.4110
[Fine-tune] Epoch 28/50 - Loss: 0.0281 - Val F1: 0.4000 - Val ROC-AUC: 0.8237 - Val PR-AUC: 0.4111
[Fine-tune] Epoch 29/50 - Loss: 0.0332 - Val F1: 0.4138 - Val ROC-AUC: 0.8382 - Val PR-AUC: 0.4835
[Fine-tune] Epoch 30/50 - Loss: 0.0264 - Val F1: 0.3871 - Val ROC-AUC: 0.8076 - Val PR-AUC: 0.4454
[Fine-tune] Epoch 31/50 - Loss: 0.0209 - Val F1: 0.4444 - Val ROC-AUC: 0.8141 - Val PR-AUC: 0.4355
[Fine-tune] Epoch 32/50 - Loss: 0.0265 - Val F1: 0.3529 - Val ROC-AUC: 0.8108 - Val PR-AUC: 0.4272
[Fine-tune] Epoch 33/50 - Loss: 0.0183 - Val F1: 0.3871 - Val ROC-AUC: 0.8593 - Val PR-AUC: 0.3902
[Fine-tune] Epoch 34/50 - Loss: 0.0124 - Val F1: 0.3750 - Val ROC-AUC: 0.8489 - Val PR-AUC: 0.4267
[Fine-tune] Epoch 35/50 - Loss: 0.0227 - Val F1: 0.4138 - Val ROC-AUC: 0.8530 - Val PR-AUC: 0.4037
[Fine-tune] Epoch 36/50 - Loss: 0.0187 - Val F1: 0.4000 - Val ROC-AUC: 0.8508 - Val PR-AUC: 0.4569
[Fine-tune] Epoch 37/50 - Loss: 0.0188 - Val F1: 0.4615 - Val ROC-AUC: 0.8305 - Val PR-AUC: 0.4292
[Fine-tune] Epoch 38/50 - Loss: 0.0148 - Val F1: 0.4138 - Val ROC-AUC: 0.8308 - Val PR-AUC: 0.4349
[Fine-tune] Epoch 39/50 - Loss: 0.0209 - Val F1: 0.4242 - Val ROC-AUC: 0.8466 - Val PR-AUC: 0.4461
[Fine-tune] Epoch 40/50 - Loss: 0.0201 - Val F1: 0.3429 - Val ROC-AUC: 0.8361 - Val PR-AUC: 0.4346
[Fine-tune] Epoch 41/50 - Loss: 0.0197 - Val F1: 0.3636 - Val ROC-AUC: 0.8502 - Val PR-AUC: 0.4457
[Fine-tune] Epoch 42/50 - Loss: 0.0151 - Val F1: 0.3871 - Val ROC-AUC: 0.8482 - Val PR-AUC: 0.4597
[Fine-tune] Epoch 43/50 - Loss: 0.0182 - Val F1: 0.4444 - Val ROC-AUC: 0.8407 - Val PR-AUC: 0.4332
[Fine-tune] Epoch 44/50 - Loss: 0.0145 - Val F1: 0.4000 - Val ROC-AUC: 0.8401 - Val PR-AUC: 0.4606
[Fine-tune] Epoch 45/50 - Loss: 0.0153 - Val F1: 0.4444 - Val ROC-AUC: 0.8512 - Val PR-AUC: 0.4519
[Fine-tune] Epoch 46/50 - Loss: 0.0135 - Val F1: 0.4138 - Val ROC-AUC: 0.8486 - Val PR-AUC: 0.4561
[Fine-tune] Epoch 47/50 - Loss: 0.0166 - Val F1: 0.4444 - Val ROC-AUC: 0.8588 - Val PR-AUC: 0.4725
[Fine-tune] Epoch 48/50 - Loss: 0.0142 - Val F1: 0.4000 - Val ROC-AUC: 0.8636 - Val PR-AUC: 0.4560
[Fine-tune] Epoch 49/50 - Loss: 0.0173 - Val F1: 0.4138 - Val ROC-AUC: 0.8566 - Val PR-AUC: 0.4563
[Fine-tune] Epoch 50/50 - Loss: 0.0158 - Val F1: 0.4138 - Val ROC-AUC: 0.8785 - Val PR-AUC: 0.4548
Finetuning completed. Test F1: 0.3415, ROC-AUC: 0.8555, PR-AUC: 0.2260
[3.1/4] Target-only training on TOX21_ERa_LUC_VM7_Agonist_10nM_ICI182780 using GIN_GCN...
=== Target-only training ===
[Target-only] Epoch 1/50 – Loss: 0.3854  Val F1: 0.3529  ROC-AUC: 0.8023  PR-AUC: 0.2653
[Target-only] Epoch 2/50 – Loss: 0.2875  Val F1: 0.1800  ROC-AUC: 0.8211  PR-AUC: 0.2985
[Target-only] Epoch 3/50 – Loss: 0.2282  Val F1: 0.2025  ROC-AUC: 0.7707  PR-AUC: 0.2213
[Target-only] Epoch 4/50 – Loss: 0.2280  Val F1: 0.2857  ROC-AUC: 0.8965  PR-AUC: 0.2785
[Target-only] Epoch 5/50 – Loss: 0.2004  Val F1: 0.1978  ROC-AUC: 0.8076  PR-AUC: 0.2596
[Target-only] Epoch 6/50 – Loss: 0.1962  Val F1: 0.2687  ROC-AUC: 0.8118  PR-AUC: 0.2499
[Target-only] Epoch 7/50 – Loss: 0.1495  Val F1: 0.2500  ROC-AUC: 0.8514  PR-AUC: 0.3114
[Target-only] Epoch 8/50 – Loss: 0.1417  Val F1: 0.2022  ROC-AUC: 0.7662  PR-AUC: 0.2822
[Target-only] Epoch 9/50 – Loss: 0.1256  Val F1: 0.3200  ROC-AUC: 0.8028  PR-AUC: 0.2485
[Target-only] Epoch 10/50 – Loss: 0.1401  Val F1: 0.2909  ROC-AUC: 0.8585  PR-AUC: 0.3273
[Target-only] Epoch 11/50 – Loss: 0.1097  Val F1: 0.2623  ROC-AUC: 0.8205  PR-AUC: 0.2588
[Target-only] Epoch 12/50 – Loss: 0.0866  Val F1: 0.2222  ROC-AUC: 0.7842  PR-AUC: 0.1803
[Target-only] Epoch 13/50 – Loss: 0.0775  Val F1: 0.2593  ROC-AUC: 0.7709  PR-AUC: 0.2228
[Target-only] Epoch 14/50 – Loss: 0.0762  Val F1: 0.3478  ROC-AUC: 0.7979  PR-AUC: 0.3123
[Target-only] Epoch 15/50 – Loss: 0.0764  Val F1: 0.2041  ROC-AUC: 0.7647  PR-AUC: 0.1664
[Target-only] Epoch 16/50 – Loss: 0.0656  Val F1: 0.3200  ROC-AUC: 0.7877  PR-AUC: 0.2408
[Target-only] Epoch 17/50 – Loss: 0.0757  Val F1: 0.2642  ROC-AUC: 0.7841  PR-AUC: 0.2330
[Target-only] Epoch 18/50 – Loss: 0.0876  Val F1: 0.2927  ROC-AUC: 0.8215  PR-AUC: 0.2567
[Target-only] Epoch 19/50 – Loss: 0.0694  Val F1: 0.3214  ROC-AUC: 0.8112  PR-AUC: 0.2569
[Target-only] Epoch 20/50 – Loss: 0.0582  Val F1: 0.2105  ROC-AUC: 0.8172  PR-AUC: 0.2028
[Target-only] Epoch 21/50 – Loss: 0.0582  Val F1: 0.2667  ROC-AUC: 0.7855  PR-AUC: 0.1988
[Target-only] Epoch 22/50 – Loss: 0.0507  Val F1: 0.2609  ROC-AUC: 0.7664  PR-AUC: 0.2015
[Target-only] Epoch 23/50 – Loss: 0.0488  Val F1: 0.2857  ROC-AUC: 0.7704  PR-AUC: 0.2496
[Target-only] Epoch 24/50 – Loss: 0.0475  Val F1: 0.2667  ROC-AUC: 0.7914  PR-AUC: 0.2377
[Target-only] Epoch 25/50 – Loss: 0.0402  Val F1: 0.2381  ROC-AUC: 0.7811  PR-AUC: 0.2040
[Target-only] Epoch 26/50 – Loss: 0.0395  Val F1: 0.2667  ROC-AUC: 0.7714  PR-AUC: 0.2300
[Target-only] Epoch 27/50 – Loss: 0.0537  Val F1: 0.2703  ROC-AUC: 0.7608  PR-AUC: 0.2386
[Target-only] Epoch 28/50 – Loss: 0.0414  Val F1: 0.2500  ROC-AUC: 0.7569  PR-AUC: 0.1995
[Target-only] Epoch 29/50 – Loss: 0.0438  Val F1: 0.3243  ROC-AUC: 0.7970  PR-AUC: 0.2755
[Target-only] Epoch 30/50 – Loss: 0.0345  Val F1: 0.3000  ROC-AUC: 0.7912  PR-AUC: 0.2636
[Target-only] Epoch 31/50 – Loss: 0.0271  Val F1: 0.3158  ROC-AUC: 0.7829  PR-AUC: 0.2665
[Target-only] Epoch 32/50 – Loss: 0.0331  Val F1: 0.3684  ROC-AUC: 0.8034  PR-AUC: 0.2963
[Target-only] Epoch 33/50 – Loss: 0.0295  Val F1: 0.2941  ROC-AUC: 0.7831  PR-AUC: 0.2836
[Target-only] Epoch 34/50 – Loss: 0.0324  Val F1: 0.2941  ROC-AUC: 0.7915  PR-AUC: 0.2828
[Target-only] Epoch 35/50 – Loss: 0.0278  Val F1: 0.2381  ROC-AUC: 0.7832  PR-AUC: 0.2521
[Target-only] Epoch 36/50 – Loss: 0.0254  Val F1: 0.2778  ROC-AUC: 0.8048  PR-AUC: 0.2552
[Target-only] Epoch 37/50 – Loss: 0.0264  Val F1: 0.3243  ROC-AUC: 0.8221  PR-AUC: 0.3034
[Target-only] Epoch 38/50 – Loss: 0.0267  Val F1: 0.2778  ROC-AUC: 0.7953  PR-AUC: 0.2756
[Target-only] Epoch 39/50 – Loss: 0.0280  Val F1: 0.2703  ROC-AUC: 0.7847  PR-AUC: 0.2646
[Target-only] Epoch 40/50 – Loss: 0.0243  Val F1: 0.2778  ROC-AUC: 0.8151  PR-AUC: 0.2644
[Target-only] Epoch 41/50 – Loss: 0.0268  Val F1: 0.2941  ROC-AUC: 0.8141  PR-AUC: 0.2620
[Target-only] Epoch 42/50 – Loss: 0.0218  Val F1: 0.3429  ROC-AUC: 0.8086  PR-AUC: 0.2759
[Target-only] Epoch 43/50 – Loss: 0.0191  Val F1: 0.2703  ROC-AUC: 0.8094  PR-AUC: 0.2530
[Target-only] Epoch 44/50 – Loss: 0.0254  Val F1: 0.3333  ROC-AUC: 0.8012  PR-AUC: 0.2678
[Target-only] Epoch 45/50 – Loss: 0.0257  Val F1: 0.3590  ROC-AUC: 0.8202  PR-AUC: 0.3101
[Target-only] Epoch 46/50 – Loss: 0.0242  Val F1: 0.3684  ROC-AUC: 0.8035  PR-AUC: 0.2701
[Target-only] Epoch 47/50 – Loss: 0.0312  Val F1: 0.3333  ROC-AUC: 0.8173  PR-AUC: 0.2805
[Target-only] Epoch 48/50 – Loss: 0.0292  Val F1: 0.3429  ROC-AUC: 0.8001  PR-AUC: 0.2862
[Target-only] Epoch 49/50 – Loss: 0.0200  Val F1: 0.3529  ROC-AUC: 0.8161  PR-AUC: 0.3172
[Target-only] Epoch 50/50 – Loss: 0.0185  Val F1: 0.3030  ROC-AUC: 0.8054  PR-AUC: 0.3087
=== Target-only TEST performance ===
Test F1: 0.2927, ROC-AUC: 0.8261, PR-AUC: 0.1821
✅ 실험 완료: TOX21_ERb_BLA_Agonist_viability -> TOX21_ERa_LUC_VM7_Agonist_10nM_ICI182780 [GIN_GCN]
