[1/4] Excel → CSV 변환 중...
Saved pretrain CSV for TOX21_ERa_LUC_VM7_Agonist: data/sample/TOX21_ERa_LUC_VM7_Agonist.csv
Saved pretrain CSV for TOX21_ERb_BLA_Agonist_viability: data/sample/TOX21_ERb_BLA_Agonist_viability.csv
Saved pretrain CSV for TOX21_ERa_LUC_VM7_Agonist_10nM_ICI182780_viability: data/sample/TOX21_ERa_LUC_VM7_Agonist_10nM_ICI182780_viability.csv
Saved pretrain CSV for TOX21_ERR_LUC_viability: data/sample/TOX21_ERR_LUC_viability.csv
Saved finetune CSV for TOX21_ERa_BLA_Agonist_ch2: data/sample/TOX21_ERa_BLA_Agonist_ch2.csv
Saved finetune CSV for TOX21_ERa_BLA_Agonist_ch1: data/sample/TOX21_ERa_BLA_Agonist_ch1.csv
Saved finetune CSV for TOX21_ERa_BLA_Agonist_ratio: data/sample/TOX21_ERa_BLA_Agonist_ratio.csv
Saved finetune CSV for TOX21_ERb_BLA_Agonist_ratio: data/sample/TOX21_ERb_BLA_Agonist_ratio.csv
Saved finetune CSV for TOX21_ERb_BLA_Agonist_ch2: data/sample/TOX21_ERb_BLA_Agonist_ch2.csv
Saved finetune CSV for TOX21_ERb_BLA_Agonist_ch1: data/sample/TOX21_ERb_BLA_Agonist_ch1.csv
Saved finetune CSV for TOX21_ERR_LUC_Agonist: data/sample/TOX21_ERR_LUC_Agonist.csv
Saved finetune CSV for TOX21_ERa_LUC_VM7_Agonist_10nM_ICI182780: data/sample/TOX21_ERa_LUC_VM7_Agonist_10nM_ICI182780.csv
[2/4] Pretraining on TOX21_ERb_BLA_Agonist_viability using GIN_GCN...
Epoch 1/100 - Loss: 0.6172 - Val F1: 0.3364 - Val ROC-AUC: 0.7062 - Val PR-AUC: 0.2418
Epoch 2/100 - Loss: 0.5742 - Val F1: 0.3382 - Val ROC-AUC: 0.7104 - Val PR-AUC: 0.2865
Epoch 3/100 - Loss: 0.5500 - Val F1: 0.3523 - Val ROC-AUC: 0.7048 - Val PR-AUC: 0.2466
Epoch 4/100 - Loss: 0.5388 - Val F1: 0.4000 - Val ROC-AUC: 0.7424 - Val PR-AUC: 0.3032
Epoch 5/100 - Loss: 0.5519 - Val F1: 0.3598 - Val ROC-AUC: 0.7424 - Val PR-AUC: 0.3145
Epoch 6/100 - Loss: 0.5377 - Val F1: 0.3650 - Val ROC-AUC: 0.7292 - Val PR-AUC: 0.2847
Epoch 7/100 - Loss: 0.5364 - Val F1: 0.4182 - Val ROC-AUC: 0.7722 - Val PR-AUC: 0.3292
Epoch 8/100 - Loss: 0.5150 - Val F1: 0.3712 - Val ROC-AUC: 0.7560 - Val PR-AUC: 0.3414
Epoch 9/100 - Loss: 0.5101 - Val F1: 0.3699 - Val ROC-AUC: 0.7409 - Val PR-AUC: 0.3161
Epoch 10/100 - Loss: 0.5112 - Val F1: 0.3738 - Val ROC-AUC: 0.7513 - Val PR-AUC: 0.3147
Epoch 11/100 - Loss: 0.4839 - Val F1: 0.3923 - Val ROC-AUC: 0.7574 - Val PR-AUC: 0.3134
Epoch 12/100 - Loss: 0.4727 - Val F1: 0.4031 - Val ROC-AUC: 0.7737 - Val PR-AUC: 0.3579
Epoch 13/100 - Loss: 0.4680 - Val F1: 0.4026 - Val ROC-AUC: 0.7636 - Val PR-AUC: 0.3195
Epoch 14/100 - Loss: 0.4689 - Val F1: 0.3973 - Val ROC-AUC: 0.7812 - Val PR-AUC: 0.3685
Epoch 15/100 - Loss: 0.4610 - Val F1: 0.3912 - Val ROC-AUC: 0.7578 - Val PR-AUC: 0.3120
Epoch 16/100 - Loss: 0.4575 - Val F1: 0.4138 - Val ROC-AUC: 0.7941 - Val PR-AUC: 0.3540
Epoch 17/100 - Loss: 0.4431 - Val F1: 0.4300 - Val ROC-AUC: 0.7899 - Val PR-AUC: 0.3555
Epoch 18/100 - Loss: 0.4455 - Val F1: 0.4157 - Val ROC-AUC: 0.7799 - Val PR-AUC: 0.3460
Epoch 19/100 - Loss: 0.4319 - Val F1: 0.4011 - Val ROC-AUC: 0.7717 - Val PR-AUC: 0.3429
Epoch 20/100 - Loss: 0.4279 - Val F1: 0.3960 - Val ROC-AUC: 0.7884 - Val PR-AUC: 0.3451
Epoch 21/100 - Loss: 0.4149 - Val F1: 0.4252 - Val ROC-AUC: 0.7959 - Val PR-AUC: 0.3515
Epoch 22/100 - Loss: 0.4120 - Val F1: 0.4281 - Val ROC-AUC: 0.7924 - Val PR-AUC: 0.3643
Epoch 23/100 - Loss: 0.3985 - Val F1: 0.4364 - Val ROC-AUC: 0.7874 - Val PR-AUC: 0.3521
Epoch 24/100 - Loss: 0.3900 - Val F1: 0.4405 - Val ROC-AUC: 0.8058 - Val PR-AUC: 0.3715
Epoch 25/100 - Loss: 0.3959 - Val F1: 0.4261 - Val ROC-AUC: 0.7946 - Val PR-AUC: 0.3587
Epoch 26/100 - Loss: 0.4003 - Val F1: 0.4100 - Val ROC-AUC: 0.7893 - Val PR-AUC: 0.3583
Epoch 27/100 - Loss: 0.3901 - Val F1: 0.4236 - Val ROC-AUC: 0.7891 - Val PR-AUC: 0.3464
Epoch 28/100 - Loss: 0.3915 - Val F1: 0.4142 - Val ROC-AUC: 0.7940 - Val PR-AUC: 0.3534
Epoch 29/100 - Loss: 0.3814 - Val F1: 0.4379 - Val ROC-AUC: 0.8129 - Val PR-AUC: 0.3770
Epoch 30/100 - Loss: 0.3676 - Val F1: 0.4236 - Val ROC-AUC: 0.8014 - Val PR-AUC: 0.3740
Epoch 31/100 - Loss: 0.3553 - Val F1: 0.4343 - Val ROC-AUC: 0.7998 - Val PR-AUC: 0.3700
Epoch 32/100 - Loss: 0.3463 - Val F1: 0.4281 - Val ROC-AUC: 0.8045 - Val PR-AUC: 0.3632
Epoch 33/100 - Loss: 0.3465 - Val F1: 0.4398 - Val ROC-AUC: 0.7934 - Val PR-AUC: 0.3638
Epoch 34/100 - Loss: 0.3526 - Val F1: 0.4218 - Val ROC-AUC: 0.7989 - Val PR-AUC: 0.3685
Epoch 35/100 - Loss: 0.3480 - Val F1: 0.4399 - Val ROC-AUC: 0.8022 - Val PR-AUC: 0.3610
Epoch 36/100 - Loss: 0.3451 - Val F1: 0.4469 - Val ROC-AUC: 0.8071 - Val PR-AUC: 0.3783
Epoch 37/100 - Loss: 0.3523 - Val F1: 0.4042 - Val ROC-AUC: 0.7902 - Val PR-AUC: 0.3364
Epoch 38/100 - Loss: 0.3409 - Val F1: 0.4368 - Val ROC-AUC: 0.7967 - Val PR-AUC: 0.3772
Epoch 39/100 - Loss: 0.3476 - Val F1: 0.4159 - Val ROC-AUC: 0.7870 - Val PR-AUC: 0.3486
Epoch 40/100 - Loss: 0.3338 - Val F1: 0.4161 - Val ROC-AUC: 0.7922 - Val PR-AUC: 0.3501
Epoch 41/100 - Loss: 0.3215 - Val F1: 0.4239 - Val ROC-AUC: 0.8013 - Val PR-AUC: 0.3743
Epoch 42/100 - Loss: 0.3255 - Val F1: 0.4271 - Val ROC-AUC: 0.7911 - Val PR-AUC: 0.3486
Epoch 43/100 - Loss: 0.3163 - Val F1: 0.4258 - Val ROC-AUC: 0.7914 - Val PR-AUC: 0.3519
Epoch 44/100 - Loss: 0.3191 - Val F1: 0.4254 - Val ROC-AUC: 0.7927 - Val PR-AUC: 0.3528
Epoch 45/100 - Loss: 0.3123 - Val F1: 0.4118 - Val ROC-AUC: 0.7907 - Val PR-AUC: 0.3567
Epoch 46/100 - Loss: 0.3244 - Val F1: 0.4244 - Val ROC-AUC: 0.7912 - Val PR-AUC: 0.3494
Epoch 47/100 - Loss: 0.3198 - Val F1: 0.4082 - Val ROC-AUC: 0.7913 - Val PR-AUC: 0.3452
Epoch 48/100 - Loss: 0.3117 - Val F1: 0.4290 - Val ROC-AUC: 0.7941 - Val PR-AUC: 0.3628
Epoch 49/100 - Loss: 0.3091 - Val F1: 0.4316 - Val ROC-AUC: 0.7985 - Val PR-AUC: 0.3677
Epoch 50/100 - Loss: 0.2987 - Val F1: 0.4198 - Val ROC-AUC: 0.7914 - Val PR-AUC: 0.3626
Epoch 51/100 - Loss: 0.3160 - Val F1: 0.4175 - Val ROC-AUC: 0.7897 - Val PR-AUC: 0.3489
Epoch 52/100 - Loss: 0.2955 - Val F1: 0.4369 - Val ROC-AUC: 0.7871 - Val PR-AUC: 0.3530
Epoch 53/100 - Loss: 0.2937 - Val F1: 0.3918 - Val ROC-AUC: 0.7820 - Val PR-AUC: 0.3414
Epoch 54/100 - Loss: 0.3017 - Val F1: 0.4351 - Val ROC-AUC: 0.7882 - Val PR-AUC: 0.3560
Epoch 55/100 - Loss: 0.2966 - Val F1: 0.4122 - Val ROC-AUC: 0.7841 - Val PR-AUC: 0.3495
Epoch 56/100 - Loss: 0.3072 - Val F1: 0.4066 - Val ROC-AUC: 0.7847 - Val PR-AUC: 0.3529
Epoch 57/100 - Loss: 0.3022 - Val F1: 0.4065 - Val ROC-AUC: 0.7841 - Val PR-AUC: 0.3566
Epoch 58/100 - Loss: 0.2907 - Val F1: 0.4235 - Val ROC-AUC: 0.7901 - Val PR-AUC: 0.3533
Epoch 59/100 - Loss: 0.2883 - Val F1: 0.4136 - Val ROC-AUC: 0.7887 - Val PR-AUC: 0.3532
Epoch 60/100 - Loss: 0.2861 - Val F1: 0.4362 - Val ROC-AUC: 0.7989 - Val PR-AUC: 0.3628
Epoch 61/100 - Loss: 0.3014 - Val F1: 0.4169 - Val ROC-AUC: 0.7929 - Val PR-AUC: 0.3599
Epoch 62/100 - Loss: 0.2782 - Val F1: 0.4096 - Val ROC-AUC: 0.7880 - Val PR-AUC: 0.3521
Epoch 63/100 - Loss: 0.2931 - Val F1: 0.4254 - Val ROC-AUC: 0.7884 - Val PR-AUC: 0.3487
Epoch 64/100 - Loss: 0.2897 - Val F1: 0.4201 - Val ROC-AUC: 0.7872 - Val PR-AUC: 0.3496
Epoch 65/100 - Loss: 0.2861 - Val F1: 0.4218 - Val ROC-AUC: 0.7857 - Val PR-AUC: 0.3457
Epoch 66/100 - Loss: 0.2934 - Val F1: 0.4242 - Val ROC-AUC: 0.7874 - Val PR-AUC: 0.3519
Epoch 67/100 - Loss: 0.2823 - Val F1: 0.4251 - Val ROC-AUC: 0.7875 - Val PR-AUC: 0.3546
Epoch 68/100 - Loss: 0.2894 - Val F1: 0.4103 - Val ROC-AUC: 0.7882 - Val PR-AUC: 0.3535
Epoch 69/100 - Loss: 0.2851 - Val F1: 0.4235 - Val ROC-AUC: 0.7890 - Val PR-AUC: 0.3605
Epoch 70/100 - Loss: 0.2826 - Val F1: 0.4101 - Val ROC-AUC: 0.7870 - Val PR-AUC: 0.3504
Epoch 71/100 - Loss: 0.2787 - Val F1: 0.4153 - Val ROC-AUC: 0.7867 - Val PR-AUC: 0.3549
Epoch 72/100 - Loss: 0.2812 - Val F1: 0.4235 - Val ROC-AUC: 0.7902 - Val PR-AUC: 0.3608
Epoch 73/100 - Loss: 0.2863 - Val F1: 0.4037 - Val ROC-AUC: 0.7862 - Val PR-AUC: 0.3547
Epoch 74/100 - Loss: 0.2763 - Val F1: 0.4161 - Val ROC-AUC: 0.7862 - Val PR-AUC: 0.3551
Epoch 75/100 - Loss: 0.2799 - Val F1: 0.4146 - Val ROC-AUC: 0.7895 - Val PR-AUC: 0.3580
Epoch 76/100 - Loss: 0.2910 - Val F1: 0.4319 - Val ROC-AUC: 0.7880 - Val PR-AUC: 0.3588
Epoch 77/100 - Loss: 0.2786 - Val F1: 0.4158 - Val ROC-AUC: 0.7896 - Val PR-AUC: 0.3586
Epoch 78/100 - Loss: 0.2889 - Val F1: 0.4189 - Val ROC-AUC: 0.7889 - Val PR-AUC: 0.3576
Epoch 79/100 - Loss: 0.2762 - Val F1: 0.4108 - Val ROC-AUC: 0.7865 - Val PR-AUC: 0.3570
Epoch 80/100 - Loss: 0.2757 - Val F1: 0.4217 - Val ROC-AUC: 0.7889 - Val PR-AUC: 0.3607
Epoch 81/100 - Loss: 0.2917 - Val F1: 0.4201 - Val ROC-AUC: 0.7865 - Val PR-AUC: 0.3553
Epoch 82/100 - Loss: 0.2773 - Val F1: 0.4183 - Val ROC-AUC: 0.7879 - Val PR-AUC: 0.3577
Epoch 83/100 - Loss: 0.2735 - Val F1: 0.4038 - Val ROC-AUC: 0.7884 - Val PR-AUC: 0.3608
Epoch 84/100 - Loss: 0.2738 - Val F1: 0.4262 - Val ROC-AUC: 0.7914 - Val PR-AUC: 0.3648
Epoch 85/100 - Loss: 0.2808 - Val F1: 0.4281 - Val ROC-AUC: 0.7886 - Val PR-AUC: 0.3580
Epoch 86/100 - Loss: 0.2829 - Val F1: 0.4214 - Val ROC-AUC: 0.7866 - Val PR-AUC: 0.3520
Epoch 87/100 - Loss: 0.2920 - Val F1: 0.4217 - Val ROC-AUC: 0.7908 - Val PR-AUC: 0.3614
Epoch 88/100 - Loss: 0.2855 - Val F1: 0.4129 - Val ROC-AUC: 0.7896 - Val PR-AUC: 0.3573
Epoch 89/100 - Loss: 0.2853 - Val F1: 0.4300 - Val ROC-AUC: 0.7885 - Val PR-AUC: 0.3575
Epoch 90/100 - Loss: 0.2832 - Val F1: 0.4214 - Val ROC-AUC: 0.7873 - Val PR-AUC: 0.3596
Epoch 91/100 - Loss: 0.2839 - Val F1: 0.4286 - Val ROC-AUC: 0.7890 - Val PR-AUC: 0.3572
Epoch 92/100 - Loss: 0.2807 - Val F1: 0.4138 - Val ROC-AUC: 0.7873 - Val PR-AUC: 0.3539
Epoch 93/100 - Loss: 0.2802 - Val F1: 0.4291 - Val ROC-AUC: 0.7866 - Val PR-AUC: 0.3540
Epoch 94/100 - Loss: 0.2739 - Val F1: 0.4181 - Val ROC-AUC: 0.7864 - Val PR-AUC: 0.3537
Epoch 95/100 - Loss: 0.2864 - Val F1: 0.4051 - Val ROC-AUC: 0.7878 - Val PR-AUC: 0.3570
Epoch 96/100 - Loss: 0.2896 - Val F1: 0.4140 - Val ROC-AUC: 0.7865 - Val PR-AUC: 0.3549
Epoch 97/100 - Loss: 0.3040 - Val F1: 0.4207 - Val ROC-AUC: 0.7861 - Val PR-AUC: 0.3529
Epoch 98/100 - Loss: 0.2797 - Val F1: 0.4153 - Val ROC-AUC: 0.7869 - Val PR-AUC: 0.3579
Epoch 99/100 - Loss: 0.2592 - Val F1: 0.4224 - Val ROC-AUC: 0.7880 - Val PR-AUC: 0.3581
Epoch 100/100 - Loss: 0.2869 - Val F1: 0.4211 - Val ROC-AUC: 0.7883 - Val PR-AUC: 0.3621
Pretraining completed. Test F1: 0.4211, ROC-AUC: 0.7731, PR-AUC: 0.3521
[3/4] Finetuning on TOX21_ERb_BLA_Agonist_ch2 using GIN_GCN...
[Fine-tune] Epoch 1/50 - Loss: 0.3734 - Val F1: 0.4262 - Val ROC-AUC: 0.8663 - Val PR-AUC: 0.5581
[Fine-tune] Epoch 2/50 - Loss: 0.2539 - Val F1: 0.3409 - Val ROC-AUC: 0.9119 - Val PR-AUC: 0.5887
[Fine-tune] Epoch 3/50 - Loss: 0.2274 - Val F1: 0.2014 - Val ROC-AUC: 0.8752 - Val PR-AUC: 0.5040
[Fine-tune] Epoch 4/50 - Loss: 0.1835 - Val F1: 0.2857 - Val ROC-AUC: 0.8835 - Val PR-AUC: 0.3643
[Fine-tune] Epoch 5/50 - Loss: 0.1890 - Val F1: 0.3939 - Val ROC-AUC: 0.8730 - Val PR-AUC: 0.2997
[Fine-tune] Epoch 6/50 - Loss: 0.1436 - Val F1: 0.2703 - Val ROC-AUC: 0.8084 - Val PR-AUC: 0.3470
[Fine-tune] Epoch 7/50 - Loss: 0.1392 - Val F1: 0.3478 - Val ROC-AUC: 0.8465 - Val PR-AUC: 0.4471
[Fine-tune] Epoch 8/50 - Loss: 0.1284 - Val F1: 0.4000 - Val ROC-AUC: 0.8831 - Val PR-AUC: 0.6933
[Fine-tune] Epoch 9/50 - Loss: 0.1337 - Val F1: 0.4062 - Val ROC-AUC: 0.8887 - Val PR-AUC: 0.5148
[Fine-tune] Epoch 10/50 - Loss: 0.1220 - Val F1: 0.4333 - Val ROC-AUC: 0.8809 - Val PR-AUC: 0.5759
[Fine-tune] Epoch 11/50 - Loss: 0.0996 - Val F1: 0.4286 - Val ROC-AUC: 0.8968 - Val PR-AUC: 0.5644
[Fine-tune] Epoch 12/50 - Loss: 0.0846 - Val F1: 0.4000 - Val ROC-AUC: 0.8764 - Val PR-AUC: 0.5547
[Fine-tune] Epoch 13/50 - Loss: 0.0881 - Val F1: 0.4194 - Val ROC-AUC: 0.8565 - Val PR-AUC: 0.6552
[Fine-tune] Epoch 14/50 - Loss: 0.0766 - Val F1: 0.4262 - Val ROC-AUC: 0.8899 - Val PR-AUC: 0.5725
[Fine-tune] Epoch 15/50 - Loss: 0.0709 - Val F1: 0.4815 - Val ROC-AUC: 0.8590 - Val PR-AUC: 0.5898
[Fine-tune] Epoch 16/50 - Loss: 0.0786 - Val F1: 0.3793 - Val ROC-AUC: 0.8622 - Val PR-AUC: 0.4904
[Fine-tune] Epoch 17/50 - Loss: 0.0942 - Val F1: 0.4583 - Val ROC-AUC: 0.8573 - Val PR-AUC: 0.5698
[Fine-tune] Epoch 18/50 - Loss: 0.0648 - Val F1: 0.4615 - Val ROC-AUC: 0.8777 - Val PR-AUC: 0.5664
[Fine-tune] Epoch 19/50 - Loss: 0.0630 - Val F1: 0.4898 - Val ROC-AUC: 0.8493 - Val PR-AUC: 0.5016
[Fine-tune] Epoch 20/50 - Loss: 0.0751 - Val F1: 0.4490 - Val ROC-AUC: 0.8502 - Val PR-AUC: 0.5090
[Fine-tune] Epoch 21/50 - Loss: 0.0664 - Val F1: 0.4889 - Val ROC-AUC: 0.8578 - Val PR-AUC: 0.5407
[Fine-tune] Epoch 22/50 - Loss: 0.0543 - Val F1: 0.4681 - Val ROC-AUC: 0.8709 - Val PR-AUC: 0.6032
[Fine-tune] Epoch 23/50 - Loss: 0.0485 - Val F1: 0.5000 - Val ROC-AUC: 0.8609 - Val PR-AUC: 0.5518
[Fine-tune] Epoch 24/50 - Loss: 0.0481 - Val F1: 0.5098 - Val ROC-AUC: 0.8849 - Val PR-AUC: 0.5117
[Fine-tune] Epoch 25/50 - Loss: 0.0407 - Val F1: 0.5417 - Val ROC-AUC: 0.8870 - Val PR-AUC: 0.5653
[Fine-tune] Epoch 26/50 - Loss: 0.0517 - Val F1: 0.5098 - Val ROC-AUC: 0.8814 - Val PR-AUC: 0.5019
[Fine-tune] Epoch 27/50 - Loss: 0.0442 - Val F1: 0.5306 - Val ROC-AUC: 0.8643 - Val PR-AUC: 0.5800
[Fine-tune] Epoch 28/50 - Loss: 0.0484 - Val F1: 0.5200 - Val ROC-AUC: 0.8653 - Val PR-AUC: 0.5486
[Fine-tune] Epoch 29/50 - Loss: 0.0429 - Val F1: 0.5417 - Val ROC-AUC: 0.8907 - Val PR-AUC: 0.5829
[Fine-tune] Epoch 30/50 - Loss: 0.0353 - Val F1: 0.5417 - Val ROC-AUC: 0.8863 - Val PR-AUC: 0.5821
[Fine-tune] Epoch 31/50 - Loss: 0.0324 - Val F1: 0.5200 - Val ROC-AUC: 0.8714 - Val PR-AUC: 0.5461
[Fine-tune] Epoch 32/50 - Loss: 0.0422 - Val F1: 0.5200 - Val ROC-AUC: 0.8833 - Val PR-AUC: 0.5480
[Fine-tune] Epoch 33/50 - Loss: 0.0398 - Val F1: 0.5098 - Val ROC-AUC: 0.8845 - Val PR-AUC: 0.5833
[Fine-tune] Epoch 34/50 - Loss: 0.0343 - Val F1: 0.5098 - Val ROC-AUC: 0.8825 - Val PR-AUC: 0.6174
[Fine-tune] Epoch 35/50 - Loss: 0.0272 - Val F1: 0.5098 - Val ROC-AUC: 0.8890 - Val PR-AUC: 0.5508
[Fine-tune] Epoch 36/50 - Loss: 0.0372 - Val F1: 0.5417 - Val ROC-AUC: 0.8634 - Val PR-AUC: 0.5980
[Fine-tune] Epoch 37/50 - Loss: 0.0352 - Val F1: 0.5098 - Val ROC-AUC: 0.8767 - Val PR-AUC: 0.5488
[Fine-tune] Epoch 38/50 - Loss: 0.0324 - Val F1: 0.5000 - Val ROC-AUC: 0.8834 - Val PR-AUC: 0.6291
[Fine-tune] Epoch 39/50 - Loss: 0.0288 - Val F1: 0.5098 - Val ROC-AUC: 0.8889 - Val PR-AUC: 0.5754
[Fine-tune] Epoch 40/50 - Loss: 0.0283 - Val F1: 0.5000 - Val ROC-AUC: 0.8843 - Val PR-AUC: 0.6179
[Fine-tune] Epoch 41/50 - Loss: 0.0291 - Val F1: 0.5306 - Val ROC-AUC: 0.8811 - Val PR-AUC: 0.6199
[Fine-tune] Epoch 42/50 - Loss: 0.0222 - Val F1: 0.5652 - Val ROC-AUC: 0.8820 - Val PR-AUC: 0.5847
[Fine-tune] Epoch 43/50 - Loss: 0.0268 - Val F1: 0.5532 - Val ROC-AUC: 0.8892 - Val PR-AUC: 0.5928
[Fine-tune] Epoch 44/50 - Loss: 0.0269 - Val F1: 0.5306 - Val ROC-AUC: 0.8914 - Val PR-AUC: 0.5875
[Fine-tune] Epoch 45/50 - Loss: 0.0282 - Val F1: 0.5306 - Val ROC-AUC: 0.8908 - Val PR-AUC: 0.6101
[Fine-tune] Epoch 46/50 - Loss: 0.0319 - Val F1: 0.5200 - Val ROC-AUC: 0.8824 - Val PR-AUC: 0.6080
[Fine-tune] Epoch 47/50 - Loss: 0.0251 - Val F1: 0.5417 - Val ROC-AUC: 0.8791 - Val PR-AUC: 0.6008
[Fine-tune] Epoch 48/50 - Loss: 0.0273 - Val F1: 0.5652 - Val ROC-AUC: 0.8781 - Val PR-AUC: 0.6085
[Fine-tune] Epoch 49/50 - Loss: 0.0338 - Val F1: 0.5098 - Val ROC-AUC: 0.8740 - Val PR-AUC: 0.5868
[Fine-tune] Epoch 50/50 - Loss: 0.0227 - Val F1: 0.5417 - Val ROC-AUC: 0.8795 - Val PR-AUC: 0.5678
Finetuning completed. Test F1: 0.4000, ROC-AUC: 0.8649, PR-AUC: 0.4235
[3.1/4] Target-only training on TOX21_ERb_BLA_Agonist_ch2 using GIN_GCN...
=== Target-only training ===
[Target-only] Epoch 1/50 – Loss: 0.4390  Val F1: 0.3061  ROC-AUC: 0.8674  PR-AUC: 0.5438
[Target-only] Epoch 2/50 – Loss: 0.3583  Val F1: 0.3043  ROC-AUC: 0.8526  PR-AUC: 0.4649
[Target-only] Epoch 3/50 – Loss: 0.3228  Val F1: 0.2419  ROC-AUC: 0.8601  PR-AUC: 0.5256
[Target-only] Epoch 4/50 – Loss: 0.2863  Val F1: 0.2222  ROC-AUC: 0.8333  PR-AUC: 0.4768
[Target-only] Epoch 5/50 – Loss: 0.2474  Val F1: 0.2947  ROC-AUC: 0.8523  PR-AUC: 0.6235
[Target-only] Epoch 6/50 – Loss: 0.2326  Val F1: 0.3377  ROC-AUC: 0.8427  PR-AUC: 0.5571
[Target-only] Epoch 7/50 – Loss: 0.2180  Val F1: 0.2857  ROC-AUC: 0.8463  PR-AUC: 0.5539
[Target-only] Epoch 8/50 – Loss: 0.2112  Val F1: 0.2737  ROC-AUC: 0.8620  PR-AUC: 0.5300
[Target-only] Epoch 9/50 – Loss: 0.1866  Val F1: 0.2667  ROC-AUC: 0.8641  PR-AUC: 0.5561
[Target-only] Epoch 10/50 – Loss: 0.1599  Val F1: 0.3111  ROC-AUC: 0.8761  PR-AUC: 0.5032
[Target-only] Epoch 11/50 – Loss: 0.1411  Val F1: 0.3333  ROC-AUC: 0.8542  PR-AUC: 0.5686
[Target-only] Epoch 12/50 – Loss: 0.1199  Val F1: 0.4643  ROC-AUC: 0.8489  PR-AUC: 0.5832
[Target-only] Epoch 13/50 – Loss: 0.1151  Val F1: 0.3582  ROC-AUC: 0.8322  PR-AUC: 0.3882
[Target-only] Epoch 14/50 – Loss: 0.1141  Val F1: 0.3692  ROC-AUC: 0.8246  PR-AUC: 0.4952
[Target-only] Epoch 15/50 – Loss: 0.1029  Val F1: 0.4286  ROC-AUC: 0.8696  PR-AUC: 0.5563
[Target-only] Epoch 16/50 – Loss: 0.1150  Val F1: 0.3692  ROC-AUC: 0.8536  PR-AUC: 0.5689
[Target-only] Epoch 17/50 – Loss: 0.1066  Val F1: 0.3810  ROC-AUC: 0.8095  PR-AUC: 0.4744
[Target-only] Epoch 18/50 – Loss: 0.1017  Val F1: 0.4444  ROC-AUC: 0.8358  PR-AUC: 0.5075
[Target-only] Epoch 19/50 – Loss: 0.0942  Val F1: 0.3750  ROC-AUC: 0.8486  PR-AUC: 0.4769
[Target-only] Epoch 20/50 – Loss: 0.0828  Val F1: 0.3692  ROC-AUC: 0.8278  PR-AUC: 0.4251
[Target-only] Epoch 21/50 – Loss: 0.0772  Val F1: 0.4615  ROC-AUC: 0.8277  PR-AUC: 0.5429
[Target-only] Epoch 22/50 – Loss: 0.0692  Val F1: 0.4286  ROC-AUC: 0.8465  PR-AUC: 0.5193
[Target-only] Epoch 23/50 – Loss: 0.0609  Val F1: 0.4138  ROC-AUC: 0.8327  PR-AUC: 0.4700
[Target-only] Epoch 24/50 – Loss: 0.0613  Val F1: 0.4528  ROC-AUC: 0.8444  PR-AUC: 0.5340
[Target-only] Epoch 25/50 – Loss: 0.0544  Val F1: 0.3810  ROC-AUC: 0.8549  PR-AUC: 0.4890
[Target-only] Epoch 26/50 – Loss: 0.0675  Val F1: 0.3667  ROC-AUC: 0.8535  PR-AUC: 0.5950
[Target-only] Epoch 27/50 – Loss: 0.0601  Val F1: 0.4074  ROC-AUC: 0.8613  PR-AUC: 0.5571
[Target-only] Epoch 28/50 – Loss: 0.0548  Val F1: 0.4800  ROC-AUC: 0.8289  PR-AUC: 0.5652
[Target-only] Epoch 29/50 – Loss: 0.0527  Val F1: 0.3929  ROC-AUC: 0.8338  PR-AUC: 0.4278
[Target-only] Epoch 30/50 – Loss: 0.0520  Val F1: 0.4583  ROC-AUC: 0.8465  PR-AUC: 0.5440
[Target-only] Epoch 31/50 – Loss: 0.0433  Val F1: 0.4490  ROC-AUC: 0.8202  PR-AUC: 0.4763
[Target-only] Epoch 32/50 – Loss: 0.0429  Val F1: 0.4400  ROC-AUC: 0.8447  PR-AUC: 0.5438
[Target-only] Epoch 33/50 – Loss: 0.0364  Val F1: 0.4583  ROC-AUC: 0.8502  PR-AUC: 0.5765
[Target-only] Epoch 34/50 – Loss: 0.0462  Val F1: 0.4151  ROC-AUC: 0.8466  PR-AUC: 0.4993
[Target-only] Epoch 35/50 – Loss: 0.0410  Val F1: 0.4314  ROC-AUC: 0.8409  PR-AUC: 0.4993
[Target-only] Epoch 36/50 – Loss: 0.0377  Val F1: 0.4889  ROC-AUC: 0.8526  PR-AUC: 0.5494
[Target-only] Epoch 37/50 – Loss: 0.0362  Val F1: 0.5000  ROC-AUC: 0.8565  PR-AUC: 0.5455
[Target-only] Epoch 38/50 – Loss: 0.0445  Val F1: 0.4783  ROC-AUC: 0.8594  PR-AUC: 0.5900
[Target-only] Epoch 39/50 – Loss: 0.0481  Val F1: 0.5116  ROC-AUC: 0.8555  PR-AUC: 0.6049
[Target-only] Epoch 40/50 – Loss: 0.0365  Val F1: 0.4889  ROC-AUC: 0.8576  PR-AUC: 0.6037
[Target-only] Epoch 41/50 – Loss: 0.0352  Val F1: 0.5116  ROC-AUC: 0.8661  PR-AUC: 0.6139
[Target-only] Epoch 42/50 – Loss: 0.0336  Val F1: 0.5116  ROC-AUC: 0.8613  PR-AUC: 0.6217
[Target-only] Epoch 43/50 – Loss: 0.0277  Val F1: 0.4681  ROC-AUC: 0.8508  PR-AUC: 0.5259
[Target-only] Epoch 44/50 – Loss: 0.0349  Val F1: 0.5000  ROC-AUC: 0.8480  PR-AUC: 0.5956
[Target-only] Epoch 45/50 – Loss: 0.0296  Val F1: 0.4681  ROC-AUC: 0.8390  PR-AUC: 0.5600
[Target-only] Epoch 46/50 – Loss: 0.0340  Val F1: 0.4583  ROC-AUC: 0.8403  PR-AUC: 0.4910
[Target-only] Epoch 47/50 – Loss: 0.0297  Val F1: 0.5000  ROC-AUC: 0.8449  PR-AUC: 0.6072
[Target-only] Epoch 48/50 – Loss: 0.0262  Val F1: 0.5116  ROC-AUC: 0.8522  PR-AUC: 0.5646
[Target-only] Epoch 49/50 – Loss: 0.0311  Val F1: 0.4490  ROC-AUC: 0.8630  PR-AUC: 0.5127
[Target-only] Epoch 50/50 – Loss: 0.0348  Val F1: 0.4583  ROC-AUC: 0.8378  PR-AUC: 0.4896
=== Target-only TEST performance ===
Test F1: 0.4545, ROC-AUC: 0.8954, PR-AUC: 0.5217
✅ 실험 완료: TOX21_ERb_BLA_Agonist_viability -> TOX21_ERb_BLA_Agonist_ch2 [GIN_GCN]
