[11:55:08] Can't kekulize mol.  Unkekulized atoms: 1 2 3 4 5
[11:55:08] Explicit valence for atom # 0 Cl, 2, is greater than permitted
[11:55:09] Can't kekulize mol.  Unkekulized atoms: 3 4 5 6 7
[11:55:10] Can't kekulize mol.  Unkekulized atoms: 3 4 5 6 7
[11:55:12] Can't kekulize mol.  Unkekulized atoms: 1 2 3 4 5
[11:55:12] Can't kekulize mol.  Unkekulized atoms: 3 4 5 6 7
[11:55:12] Can't kekulize mol.  Unkekulized atoms: 1 2 3 4 5
[11:55:13] WARNING: not removing hydrogen atom without neighbors
[11:55:13] Can't kekulize mol.  Unkekulized atoms: 1 2 3 4 5
[11:55:13] Explicit valence for atom # 6 O, 3, is greater than permitted
[11:55:13] Explicit valence for atom # 3 Si, 8, is greater than permitted
[11:55:13] Explicit valence for atom # 0 Cl, 2, is greater than permitted
[11:56:31] Can't kekulize mol.  Unkekulized atoms: 1 2 3 4 5
[11:56:31] Explicit valence for atom # 0 Cl, 2, is greater than permitted
[11:56:32] Can't kekulize mol.  Unkekulized atoms: 3 4 5 6 7
[11:56:32] Can't kekulize mol.  Unkekulized atoms: 3 4 5 6 7
[11:56:35] Can't kekulize mol.  Unkekulized atoms: 1 2 3 4 5
[11:56:35] Can't kekulize mol.  Unkekulized atoms: 3 4 5 6 7
[11:56:35] Can't kekulize mol.  Unkekulized atoms: 1 2 3 4 5
[11:56:35] WARNING: not removing hydrogen atom without neighbors
[11:56:36] Can't kekulize mol.  Unkekulized atoms: 1 2 3 4 5
[11:56:36] Explicit valence for atom # 6 O, 3, is greater than permitted
[11:56:36] Explicit valence for atom # 3 Si, 8, is greater than permitted
[11:56:36] Explicit valence for atom # 0 Cl, 2, is greater than permitted
[11:57:52] Can't kekulize mol.  Unkekulized atoms: 1 2 3 4 5
[11:57:53] Explicit valence for atom # 0 Cl, 2, is greater than permitted
[11:57:53] Can't kekulize mol.  Unkekulized atoms: 3 4 5 6 7
[11:57:54] Can't kekulize mol.  Unkekulized atoms: 3 4 5 6 7
[11:57:56] Can't kekulize mol.  Unkekulized atoms: 1 2 3 4 5
[11:57:56] Can't kekulize mol.  Unkekulized atoms: 3 4 5 6 7
[11:57:57] Can't kekulize mol.  Unkekulized atoms: 1 2 3 4 5
[11:57:57] WARNING: not removing hydrogen atom without neighbors
[11:57:57] Can't kekulize mol.  Unkekulized atoms: 1 2 3 4 5
[11:57:57] Explicit valence for atom # 6 O, 3, is greater than permitted
[11:57:57] Explicit valence for atom # 3 Si, 8, is greater than permitted
[11:57:58] Explicit valence for atom # 0 Cl, 2, is greater than permitted
