[1/4] Excel → CSV 변환 중...
Saved pretrain CSV for TOX21_ERa_LUC_VM7_Agonist: data/sample/TOX21_ERa_LUC_VM7_Agonist.csv
Saved pretrain CSV for TOX21_ERb_BLA_Agonist_viability: data/sample/TOX21_ERb_BLA_Agonist_viability.csv
Saved pretrain CSV for TOX21_ERa_LUC_VM7_Agonist_10nM_ICI182780_viability: data/sample/TOX21_ERa_LUC_VM7_Agonist_10nM_ICI182780_viability.csv
Saved pretrain CSV for TOX21_ERR_LUC_viability: data/sample/TOX21_ERR_LUC_viability.csv
Saved finetune CSV for TOX21_ERa_BLA_Agonist_ch2: data/sample/TOX21_ERa_BLA_Agonist_ch2.csv
Saved finetune CSV for TOX21_ERa_BLA_Agonist_ch1: data/sample/TOX21_ERa_BLA_Agonist_ch1.csv
Saved finetune CSV for TOX21_ERa_BLA_Agonist_ratio: data/sample/TOX21_ERa_BLA_Agonist_ratio.csv
Saved finetune CSV for TOX21_ERb_BLA_Agonist_ratio: data/sample/TOX21_ERb_BLA_Agonist_ratio.csv
Saved finetune CSV for TOX21_ERb_BLA_Agonist_ch2: data/sample/TOX21_ERb_BLA_Agonist_ch2.csv
Saved finetune CSV for TOX21_ERb_BLA_Agonist_ch1: data/sample/TOX21_ERb_BLA_Agonist_ch1.csv
Saved finetune CSV for TOX21_ERR_LUC_Agonist: data/sample/TOX21_ERR_LUC_Agonist.csv
Saved finetune CSV for TOX21_ERa_LUC_VM7_Agonist_10nM_ICI182780: data/sample/TOX21_ERa_LUC_VM7_Agonist_10nM_ICI182780.csv
[2/4] Pretraining on TOX21_ERb_BLA_Agonist_viability using GIN_GCN...
Epoch 1/100 - Loss: 0.6249 - Val F1: 0.3529 - Val ROC-AUC: 0.7050 - Val PR-AUC: 0.2449
Epoch 2/100 - Loss: 0.5794 - Val F1: 0.3539 - Val ROC-AUC: 0.7081 - Val PR-AUC: 0.2671
Epoch 3/100 - Loss: 0.5645 - Val F1: 0.3877 - Val ROC-AUC: 0.7182 - Val PR-AUC: 0.2711
Epoch 4/100 - Loss: 0.5599 - Val F1: 0.3930 - Val ROC-AUC: 0.7494 - Val PR-AUC: 0.3360
Epoch 5/100 - Loss: 0.5387 - Val F1: 0.3776 - Val ROC-AUC: 0.7525 - Val PR-AUC: 0.3330
Epoch 6/100 - Loss: 0.5344 - Val F1: 0.3478 - Val ROC-AUC: 0.7499 - Val PR-AUC: 0.3083
Epoch 7/100 - Loss: 0.5326 - Val F1: 0.3746 - Val ROC-AUC: 0.7273 - Val PR-AUC: 0.2776
Epoch 8/100 - Loss: 0.5181 - Val F1: 0.3689 - Val ROC-AUC: 0.7583 - Val PR-AUC: 0.3052
Epoch 9/100 - Loss: 0.5056 - Val F1: 0.3455 - Val ROC-AUC: 0.7514 - Val PR-AUC: 0.3365
Epoch 10/100 - Loss: 0.5039 - Val F1: 0.4043 - Val ROC-AUC: 0.7823 - Val PR-AUC: 0.3591
Epoch 11/100 - Loss: 0.4924 - Val F1: 0.3842 - Val ROC-AUC: 0.7729 - Val PR-AUC: 0.3299
Epoch 12/100 - Loss: 0.4784 - Val F1: 0.4014 - Val ROC-AUC: 0.7604 - Val PR-AUC: 0.3113
Epoch 13/100 - Loss: 0.4765 - Val F1: 0.3768 - Val ROC-AUC: 0.7508 - Val PR-AUC: 0.3033
Epoch 14/100 - Loss: 0.4601 - Val F1: 0.4262 - Val ROC-AUC: 0.7864 - Val PR-AUC: 0.3762
Epoch 15/100 - Loss: 0.4703 - Val F1: 0.4295 - Val ROC-AUC: 0.7955 - Val PR-AUC: 0.3686
Epoch 16/100 - Loss: 0.4430 - Val F1: 0.4298 - Val ROC-AUC: 0.7935 - Val PR-AUC: 0.3575
Epoch 17/100 - Loss: 0.4492 - Val F1: 0.3763 - Val ROC-AUC: 0.7728 - Val PR-AUC: 0.3123
Epoch 18/100 - Loss: 0.4521 - Val F1: 0.4024 - Val ROC-AUC: 0.7672 - Val PR-AUC: 0.3064
Epoch 19/100 - Loss: 0.4426 - Val F1: 0.4295 - Val ROC-AUC: 0.7953 - Val PR-AUC: 0.3660
Epoch 20/100 - Loss: 0.4339 - Val F1: 0.4030 - Val ROC-AUC: 0.8042 - Val PR-AUC: 0.3743
Epoch 21/100 - Loss: 0.4097 - Val F1: 0.4218 - Val ROC-AUC: 0.7914 - Val PR-AUC: 0.3518
Epoch 22/100 - Loss: 0.4178 - Val F1: 0.4023 - Val ROC-AUC: 0.8009 - Val PR-AUC: 0.3680
Epoch 23/100 - Loss: 0.3985 - Val F1: 0.4371 - Val ROC-AUC: 0.8075 - Val PR-AUC: 0.3743
Epoch 24/100 - Loss: 0.4089 - Val F1: 0.4381 - Val ROC-AUC: 0.8035 - Val PR-AUC: 0.3588
Epoch 25/100 - Loss: 0.4039 - Val F1: 0.4123 - Val ROC-AUC: 0.8076 - Val PR-AUC: 0.3627
Epoch 26/100 - Loss: 0.4011 - Val F1: 0.4340 - Val ROC-AUC: 0.8029 - Val PR-AUC: 0.3445
Epoch 27/100 - Loss: 0.3729 - Val F1: 0.4071 - Val ROC-AUC: 0.7900 - Val PR-AUC: 0.3418
Epoch 28/100 - Loss: 0.3850 - Val F1: 0.4507 - Val ROC-AUC: 0.7980 - Val PR-AUC: 0.3515
Epoch 29/100 - Loss: 0.3894 - Val F1: 0.4610 - Val ROC-AUC: 0.8100 - Val PR-AUC: 0.3904
Epoch 30/100 - Loss: 0.3891 - Val F1: 0.4331 - Val ROC-AUC: 0.7952 - Val PR-AUC: 0.3382
Epoch 31/100 - Loss: 0.3582 - Val F1: 0.4375 - Val ROC-AUC: 0.8068 - Val PR-AUC: 0.3761
Epoch 32/100 - Loss: 0.3615 - Val F1: 0.4431 - Val ROC-AUC: 0.8104 - Val PR-AUC: 0.3755
Epoch 33/100 - Loss: 0.3579 - Val F1: 0.4528 - Val ROC-AUC: 0.8004 - Val PR-AUC: 0.3656
Epoch 34/100 - Loss: 0.3476 - Val F1: 0.4634 - Val ROC-AUC: 0.8128 - Val PR-AUC: 0.3744
Epoch 35/100 - Loss: 0.3264 - Val F1: 0.4379 - Val ROC-AUC: 0.8128 - Val PR-AUC: 0.3765
Epoch 36/100 - Loss: 0.3546 - Val F1: 0.4381 - Val ROC-AUC: 0.8109 - Val PR-AUC: 0.3740
Epoch 37/100 - Loss: 0.3396 - Val F1: 0.4390 - Val ROC-AUC: 0.7960 - Val PR-AUC: 0.3507
Epoch 38/100 - Loss: 0.3398 - Val F1: 0.4272 - Val ROC-AUC: 0.8016 - Val PR-AUC: 0.3696
Epoch 39/100 - Loss: 0.3473 - Val F1: 0.4300 - Val ROC-AUC: 0.7995 - Val PR-AUC: 0.3694
Epoch 40/100 - Loss: 0.3384 - Val F1: 0.4430 - Val ROC-AUC: 0.8090 - Val PR-AUC: 0.3834
Epoch 41/100 - Loss: 0.3239 - Val F1: 0.4543 - Val ROC-AUC: 0.8090 - Val PR-AUC: 0.3771
Epoch 42/100 - Loss: 0.3364 - Val F1: 0.4411 - Val ROC-AUC: 0.8079 - Val PR-AUC: 0.3774
Epoch 43/100 - Loss: 0.3292 - Val F1: 0.4444 - Val ROC-AUC: 0.8102 - Val PR-AUC: 0.3763
Epoch 44/100 - Loss: 0.3225 - Val F1: 0.4444 - Val ROC-AUC: 0.8054 - Val PR-AUC: 0.3774
Epoch 45/100 - Loss: 0.3184 - Val F1: 0.4395 - Val ROC-AUC: 0.8018 - Val PR-AUC: 0.3632
Epoch 46/100 - Loss: 0.3183 - Val F1: 0.4320 - Val ROC-AUC: 0.8012 - Val PR-AUC: 0.3690
Epoch 47/100 - Loss: 0.3156 - Val F1: 0.4313 - Val ROC-AUC: 0.8036 - Val PR-AUC: 0.3672
Epoch 48/100 - Loss: 0.3076 - Val F1: 0.4295 - Val ROC-AUC: 0.8049 - Val PR-AUC: 0.3707
Epoch 49/100 - Loss: 0.3047 - Val F1: 0.4276 - Val ROC-AUC: 0.8054 - Val PR-AUC: 0.3662
Epoch 50/100 - Loss: 0.3093 - Val F1: 0.4267 - Val ROC-AUC: 0.8039 - Val PR-AUC: 0.3834
Epoch 51/100 - Loss: 0.3083 - Val F1: 0.4379 - Val ROC-AUC: 0.8083 - Val PR-AUC: 0.3801
Epoch 52/100 - Loss: 0.3040 - Val F1: 0.4400 - Val ROC-AUC: 0.8060 - Val PR-AUC: 0.3801
Epoch 53/100 - Loss: 0.3031 - Val F1: 0.4474 - Val ROC-AUC: 0.8094 - Val PR-AUC: 0.3755
Epoch 54/100 - Loss: 0.2968 - Val F1: 0.4505 - Val ROC-AUC: 0.8082 - Val PR-AUC: 0.3709
Epoch 55/100 - Loss: 0.3095 - Val F1: 0.4387 - Val ROC-AUC: 0.8066 - Val PR-AUC: 0.3696
Epoch 56/100 - Loss: 0.3041 - Val F1: 0.4498 - Val ROC-AUC: 0.8072 - Val PR-AUC: 0.3730
Epoch 57/100 - Loss: 0.3017 - Val F1: 0.4248 - Val ROC-AUC: 0.8015 - Val PR-AUC: 0.3660
Epoch 58/100 - Loss: 0.2849 - Val F1: 0.4460 - Val ROC-AUC: 0.8075 - Val PR-AUC: 0.3740
Epoch 59/100 - Loss: 0.3104 - Val F1: 0.4467 - Val ROC-AUC: 0.8074 - Val PR-AUC: 0.3691
Epoch 60/100 - Loss: 0.2923 - Val F1: 0.4197 - Val ROC-AUC: 0.8044 - Val PR-AUC: 0.3700
Epoch 61/100 - Loss: 0.2969 - Val F1: 0.4328 - Val ROC-AUC: 0.8094 - Val PR-AUC: 0.3748
Epoch 62/100 - Loss: 0.3033 - Val F1: 0.4539 - Val ROC-AUC: 0.8116 - Val PR-AUC: 0.3741
Epoch 63/100 - Loss: 0.2885 - Val F1: 0.4423 - Val ROC-AUC: 0.8078 - Val PR-AUC: 0.3716
Epoch 64/100 - Loss: 0.2882 - Val F1: 0.4474 - Val ROC-AUC: 0.8044 - Val PR-AUC: 0.3698
Epoch 65/100 - Loss: 0.3028 - Val F1: 0.4286 - Val ROC-AUC: 0.8058 - Val PR-AUC: 0.3616
Epoch 66/100 - Loss: 0.2875 - Val F1: 0.4310 - Val ROC-AUC: 0.8075 - Val PR-AUC: 0.3702
Epoch 67/100 - Loss: 0.2843 - Val F1: 0.4466 - Val ROC-AUC: 0.8074 - Val PR-AUC: 0.3695
Epoch 68/100 - Loss: 0.2900 - Val F1: 0.4315 - Val ROC-AUC: 0.8079 - Val PR-AUC: 0.3748
Epoch 69/100 - Loss: 0.2950 - Val F1: 0.4444 - Val ROC-AUC: 0.8056 - Val PR-AUC: 0.3769
Epoch 70/100 - Loss: 0.2948 - Val F1: 0.4309 - Val ROC-AUC: 0.8031 - Val PR-AUC: 0.3689
Epoch 71/100 - Loss: 0.2877 - Val F1: 0.4224 - Val ROC-AUC: 0.8042 - Val PR-AUC: 0.3709
Epoch 72/100 - Loss: 0.2949 - Val F1: 0.4389 - Val ROC-AUC: 0.8041 - Val PR-AUC: 0.3711
Epoch 73/100 - Loss: 0.2901 - Val F1: 0.4337 - Val ROC-AUC: 0.8045 - Val PR-AUC: 0.3674
Epoch 74/100 - Loss: 0.2914 - Val F1: 0.4286 - Val ROC-AUC: 0.8043 - Val PR-AUC: 0.3692
Epoch 75/100 - Loss: 0.2964 - Val F1: 0.4334 - Val ROC-AUC: 0.8061 - Val PR-AUC: 0.3708
Epoch 76/100 - Loss: 0.2958 - Val F1: 0.4401 - Val ROC-AUC: 0.8084 - Val PR-AUC: 0.3715
Epoch 77/100 - Loss: 0.3037 - Val F1: 0.4261 - Val ROC-AUC: 0.8080 - Val PR-AUC: 0.3746
Epoch 78/100 - Loss: 0.2875 - Val F1: 0.4228 - Val ROC-AUC: 0.8060 - Val PR-AUC: 0.3662
Epoch 79/100 - Loss: 0.2906 - Val F1: 0.4367 - Val ROC-AUC: 0.8079 - Val PR-AUC: 0.3726
Epoch 80/100 - Loss: 0.2896 - Val F1: 0.4452 - Val ROC-AUC: 0.8087 - Val PR-AUC: 0.3714
Epoch 81/100 - Loss: 0.2842 - Val F1: 0.4331 - Val ROC-AUC: 0.8078 - Val PR-AUC: 0.3665
Epoch 82/100 - Loss: 0.2835 - Val F1: 0.4306 - Val ROC-AUC: 0.8071 - Val PR-AUC: 0.3681
Epoch 83/100 - Loss: 0.2825 - Val F1: 0.4373 - Val ROC-AUC: 0.8079 - Val PR-AUC: 0.3699
Epoch 84/100 - Loss: 0.2966 - Val F1: 0.4392 - Val ROC-AUC: 0.8077 - Val PR-AUC: 0.3716
Epoch 85/100 - Loss: 0.2895 - Val F1: 0.4348 - Val ROC-AUC: 0.8070 - Val PR-AUC: 0.3699
Epoch 86/100 - Loss: 0.2993 - Val F1: 0.4362 - Val ROC-AUC: 0.8071 - Val PR-AUC: 0.3712
Epoch 87/100 - Loss: 0.2940 - Val F1: 0.4371 - Val ROC-AUC: 0.8080 - Val PR-AUC: 0.3733
