[1/4] Excel → CSV 변환 중...
Saved pretrain CSV for TOX21_ERa_LUC_VM7_Agonist: data/sample/TOX21_ERa_LUC_VM7_Agonist.csv
Saved pretrain CSV for TOX21_ERb_BLA_Agonist_viability: data/sample/TOX21_ERb_BLA_Agonist_viability.csv
Saved pretrain CSV for TOX21_ERa_LUC_VM7_Agonist_10nM_ICI182780_viability: data/sample/TOX21_ERa_LUC_VM7_Agonist_10nM_ICI182780_viability.csv
Saved pretrain CSV for TOX21_ERR_LUC_viability: data/sample/TOX21_ERR_LUC_viability.csv
Saved finetune CSV for TOX21_ERa_BLA_Agonist_ch2: data/sample/TOX21_ERa_BLA_Agonist_ch2.csv
Saved finetune CSV for TOX21_ERa_BLA_Agonist_ch1: data/sample/TOX21_ERa_BLA_Agonist_ch1.csv
Saved finetune CSV for TOX21_ERa_BLA_Agonist_ratio: data/sample/TOX21_ERa_BLA_Agonist_ratio.csv
Saved finetune CSV for TOX21_ERb_BLA_Agonist_ratio: data/sample/TOX21_ERb_BLA_Agonist_ratio.csv
Saved finetune CSV for TOX21_ERb_BLA_Agonist_ch2: data/sample/TOX21_ERb_BLA_Agonist_ch2.csv
Saved finetune CSV for TOX21_ERb_BLA_Agonist_ch1: data/sample/TOX21_ERb_BLA_Agonist_ch1.csv
Saved finetune CSV for TOX21_ERR_LUC_Agonist: data/sample/TOX21_ERR_LUC_Agonist.csv
Saved finetune CSV for TOX21_ERa_LUC_VM7_Agonist_10nM_ICI182780: data/sample/TOX21_ERa_LUC_VM7_Agonist_10nM_ICI182780.csv
[2/4] Pretraining on TOX21_ERa_LUC_VM7_Agonist_10nM_ICI182780_viability using GIN_GCN...
Epoch 1/50 - Loss: 0.5815 - Val F1: 0.2586 - Val ROC-AUC: 0.7590 - Val PR-AUC: 0.2535
Epoch 2/50 - Loss: 0.4955 - Val F1: 0.3662 - Val ROC-AUC: 0.7957 - Val PR-AUC: 0.2883
Epoch 3/50 - Loss: 0.4733 - Val F1: 0.3057 - Val ROC-AUC: 0.7889 - Val PR-AUC: 0.3246
Epoch 4/50 - Loss: 0.4607 - Val F1: 0.3276 - Val ROC-AUC: 0.7734 - Val PR-AUC: 0.2822
Epoch 5/50 - Loss: 0.4400 - Val F1: 0.3215 - Val ROC-AUC: 0.7831 - Val PR-AUC: 0.2659
Epoch 6/50 - Loss: 0.4265 - Val F1: 0.3744 - Val ROC-AUC: 0.7774 - Val PR-AUC: 0.3122
Epoch 7/50 - Loss: 0.4247 - Val F1: 0.3311 - Val ROC-AUC: 0.8021 - Val PR-AUC: 0.3308
Epoch 8/50 - Loss: 0.4032 - Val F1: 0.3063 - Val ROC-AUC: 0.8077 - Val PR-AUC: 0.3196
Epoch 9/50 - Loss: 0.3971 - Val F1: 0.3786 - Val ROC-AUC: 0.7971 - Val PR-AUC: 0.3461
Epoch 10/50 - Loss: 0.3844 - Val F1: 0.3442 - Val ROC-AUC: 0.7810 - Val PR-AUC: 0.2892
Epoch 11/50 - Loss: 0.3700 - Val F1: 0.3478 - Val ROC-AUC: 0.8025 - Val PR-AUC: 0.3234
Epoch 12/50 - Loss: 0.3499 - Val F1: 0.3456 - Val ROC-AUC: 0.7906 - Val PR-AUC: 0.3105
Epoch 13/50 - Loss: 0.3492 - Val F1: 0.3619 - Val ROC-AUC: 0.8086 - Val PR-AUC: 0.3601
Epoch 14/50 - Loss: 0.3414 - Val F1: 0.3380 - Val ROC-AUC: 0.7907 - Val PR-AUC: 0.3235
Epoch 15/50 - Loss: 0.3225 - Val F1: 0.3612 - Val ROC-AUC: 0.8141 - Val PR-AUC: 0.3437
Epoch 16/50 - Loss: 0.3265 - Val F1: 0.3611 - Val ROC-AUC: 0.8251 - Val PR-AUC: 0.3638
Epoch 17/50 - Loss: 0.3292 - Val F1: 0.3545 - Val ROC-AUC: 0.8005 - Val PR-AUC: 0.2898
Epoch 18/50 - Loss: 0.3209 - Val F1: 0.3889 - Val ROC-AUC: 0.8047 - Val PR-AUC: 0.3160
Epoch 19/50 - Loss: 0.3083 - Val F1: 0.3224 - Val ROC-AUC: 0.8030 - Val PR-AUC: 0.3691
Epoch 20/50 - Loss: 0.3105 - Val F1: 0.3795 - Val ROC-AUC: 0.8066 - Val PR-AUC: 0.3853
Epoch 21/50 - Loss: 0.2909 - Val F1: 0.3894 - Val ROC-AUC: 0.7990 - Val PR-AUC: 0.3909
Epoch 22/50 - Loss: 0.2806 - Val F1: 0.3738 - Val ROC-AUC: 0.7963 - Val PR-AUC: 0.3639
Epoch 23/50 - Loss: 0.2745 - Val F1: 0.3563 - Val ROC-AUC: 0.8086 - Val PR-AUC: 0.3916
Epoch 24/50 - Loss: 0.2621 - Val F1: 0.3636 - Val ROC-AUC: 0.7998 - Val PR-AUC: 0.3353
Epoch 25/50 - Loss: 0.2655 - Val F1: 0.3619 - Val ROC-AUC: 0.7977 - Val PR-AUC: 0.3450
Epoch 26/50 - Loss: 0.2487 - Val F1: 0.3433 - Val ROC-AUC: 0.7957 - Val PR-AUC: 0.3498
Epoch 27/50 - Loss: 0.2687 - Val F1: 0.3585 - Val ROC-AUC: 0.8049 - Val PR-AUC: 0.3835
Epoch 28/50 - Loss: 0.2402 - Val F1: 0.3883 - Val ROC-AUC: 0.8169 - Val PR-AUC: 0.4198
Epoch 29/50 - Loss: 0.2571 - Val F1: 0.4093 - Val ROC-AUC: 0.8179 - Val PR-AUC: 0.3973
Epoch 30/50 - Loss: 0.2376 - Val F1: 0.3717 - Val ROC-AUC: 0.8105 - Val PR-AUC: 0.3618
Epoch 31/50 - Loss: 0.2164 - Val F1: 0.3877 - Val ROC-AUC: 0.8083 - Val PR-AUC: 0.3611
Epoch 32/50 - Loss: 0.2338 - Val F1: 0.3963 - Val ROC-AUC: 0.8004 - Val PR-AUC: 0.3627
Epoch 33/50 - Loss: 0.2093 - Val F1: 0.3853 - Val ROC-AUC: 0.8016 - Val PR-AUC: 0.3601
Epoch 34/50 - Loss: 0.2196 - Val F1: 0.3961 - Val ROC-AUC: 0.8111 - Val PR-AUC: 0.4039
Epoch 35/50 - Loss: 0.2140 - Val F1: 0.4078 - Val ROC-AUC: 0.8113 - Val PR-AUC: 0.3834
Epoch 36/50 - Loss: 0.2040 - Val F1: 0.4330 - Val ROC-AUC: 0.8121 - Val PR-AUC: 0.3723
Epoch 37/50 - Loss: 0.1985 - Val F1: 0.4286 - Val ROC-AUC: 0.8111 - Val PR-AUC: 0.3632
Epoch 38/50 - Loss: 0.2041 - Val F1: 0.4503 - Val ROC-AUC: 0.8130 - Val PR-AUC: 0.3761
Epoch 39/50 - Loss: 0.1943 - Val F1: 0.4020 - Val ROC-AUC: 0.8072 - Val PR-AUC: 0.3804
Epoch 40/50 - Loss: 0.2075 - Val F1: 0.4236 - Val ROC-AUC: 0.8041 - Val PR-AUC: 0.3427
Epoch 41/50 - Loss: 0.1859 - Val F1: 0.4205 - Val ROC-AUC: 0.8092 - Val PR-AUC: 0.3830
Epoch 42/50 - Loss: 0.1878 - Val F1: 0.4264 - Val ROC-AUC: 0.8107 - Val PR-AUC: 0.4135
Epoch 43/50 - Loss: 0.1699 - Val F1: 0.4324 - Val ROC-AUC: 0.8066 - Val PR-AUC: 0.3854
Epoch 44/50 - Loss: 0.1854 - Val F1: 0.4343 - Val ROC-AUC: 0.8104 - Val PR-AUC: 0.3762
Epoch 45/50 - Loss: 0.1805 - Val F1: 0.4236 - Val ROC-AUC: 0.8005 - Val PR-AUC: 0.3807
Epoch 46/50 - Loss: 0.1706 - Val F1: 0.4171 - Val ROC-AUC: 0.8074 - Val PR-AUC: 0.3942
Epoch 47/50 - Loss: 0.1742 - Val F1: 0.4105 - Val ROC-AUC: 0.8064 - Val PR-AUC: 0.3974
Epoch 48/50 - Loss: 0.1833 - Val F1: 0.4188 - Val ROC-AUC: 0.8127 - Val PR-AUC: 0.3956
Epoch 49/50 - Loss: 0.1754 - Val F1: 0.4293 - Val ROC-AUC: 0.8124 - Val PR-AUC: 0.3781
Epoch 50/50 - Loss: 0.1724 - Val F1: 0.4335 - Val ROC-AUC: 0.8084 - Val PR-AUC: 0.3852
Pretraining completed. Test F1: 0.4560, ROC-AUC: 0.8287, PR-AUC: 0.3966
[3/4] Finetuning on TOX21_ERb_BLA_Agonist_ch1 using GIN_GCN...
[Fine-tune] Epoch 1/50 - Loss: 0.3021 - Val F1: 0.1765 - Val ROC-AUC: 0.8859 - Val PR-AUC: 0.1130
[Fine-tune] Epoch 2/50 - Loss: 0.2159 - Val F1: 0.1157 - Val ROC-AUC: 0.8563 - Val PR-AUC: 0.1278
[Fine-tune] Epoch 3/50 - Loss: 0.1975 - Val F1: 0.2000 - Val ROC-AUC: 0.8806 - Val PR-AUC: 0.1376
[Fine-tune] Epoch 4/50 - Loss: 0.1456 - Val F1: 0.1667 - Val ROC-AUC: 0.8849 - Val PR-AUC: 0.1601
[Fine-tune] Epoch 5/50 - Loss: 0.1444 - Val F1: 0.2029 - Val ROC-AUC: 0.8884 - Val PR-AUC: 0.1269
[Fine-tune] Epoch 6/50 - Loss: 0.1272 - Val F1: 0.1250 - Val ROC-AUC: 0.8734 - Val PR-AUC: 0.1206
[Fine-tune] Epoch 7/50 - Loss: 0.1384 - Val F1: 0.1667 - Val ROC-AUC: 0.8559 - Val PR-AUC: 0.1247
[Fine-tune] Epoch 8/50 - Loss: 0.1371 - Val F1: 0.1644 - Val ROC-AUC: 0.8821 - Val PR-AUC: 0.1371
[Fine-tune] Epoch 9/50 - Loss: 0.1031 - Val F1: 0.2400 - Val ROC-AUC: 0.8712 - Val PR-AUC: 0.1720
[Fine-tune] Epoch 10/50 - Loss: 0.1148 - Val F1: 0.1791 - Val ROC-AUC: 0.8750 - Val PR-AUC: 0.1320
[Fine-tune] Epoch 11/50 - Loss: 0.0699 - Val F1: 0.2449 - Val ROC-AUC: 0.8879 - Val PR-AUC: 0.1767
[Fine-tune] Epoch 12/50 - Loss: 0.0694 - Val F1: 0.2182 - Val ROC-AUC: 0.8836 - Val PR-AUC: 0.1754
[Fine-tune] Epoch 13/50 - Loss: 0.0601 - Val F1: 0.1818 - Val ROC-AUC: 0.8634 - Val PR-AUC: 0.1743
[Fine-tune] Epoch 14/50 - Loss: 0.0629 - Val F1: 0.2083 - Val ROC-AUC: 0.8740 - Val PR-AUC: 0.1312
[Fine-tune] Epoch 15/50 - Loss: 0.0585 - Val F1: 0.2083 - Val ROC-AUC: 0.8602 - Val PR-AUC: 0.1616
[Fine-tune] Epoch 16/50 - Loss: 0.0633 - Val F1: 0.1961 - Val ROC-AUC: 0.8858 - Val PR-AUC: 0.1657
[Fine-tune] Epoch 17/50 - Loss: 0.0582 - Val F1: 0.1852 - Val ROC-AUC: 0.8799 - Val PR-AUC: 0.1761
[Fine-tune] Epoch 18/50 - Loss: 0.0545 - Val F1: 0.2553 - Val ROC-AUC: 0.8880 - Val PR-AUC: 0.1882
[Fine-tune] Epoch 19/50 - Loss: 0.0697 - Val F1: 0.1887 - Val ROC-AUC: 0.8792 - Val PR-AUC: 0.1881
[Fine-tune] Epoch 20/50 - Loss: 0.0590 - Val F1: 0.2000 - Val ROC-AUC: 0.8909 - Val PR-AUC: 0.1861
[Fine-tune] Epoch 21/50 - Loss: 0.0479 - Val F1: 0.2326 - Val ROC-AUC: 0.8910 - Val PR-AUC: 0.1878
[Fine-tune] Epoch 22/50 - Loss: 0.0429 - Val F1: 0.2553 - Val ROC-AUC: 0.8879 - Val PR-AUC: 0.1989
[Fine-tune] Epoch 23/50 - Loss: 0.0424 - Val F1: 0.2564 - Val ROC-AUC: 0.8902 - Val PR-AUC: 0.1726
[Fine-tune] Epoch 24/50 - Loss: 0.0493 - Val F1: 0.2500 - Val ROC-AUC: 0.9076 - Val PR-AUC: 0.1982
[Fine-tune] Epoch 25/50 - Loss: 0.0451 - Val F1: 0.2500 - Val ROC-AUC: 0.9033 - Val PR-AUC: 0.1939
[Fine-tune] Epoch 26/50 - Loss: 0.0344 - Val F1: 0.2381 - Val ROC-AUC: 0.9023 - Val PR-AUC: 0.1963
[Fine-tune] Epoch 27/50 - Loss: 0.0394 - Val F1: 0.1923 - Val ROC-AUC: 0.9037 - Val PR-AUC: 0.1883
[Fine-tune] Epoch 28/50 - Loss: 0.0479 - Val F1: 0.2564 - Val ROC-AUC: 0.8901 - Val PR-AUC: 0.1721
[Fine-tune] Epoch 29/50 - Loss: 0.0345 - Val F1: 0.2500 - Val ROC-AUC: 0.8955 - Val PR-AUC: 0.1918
[Fine-tune] Epoch 30/50 - Loss: 0.0392 - Val F1: 0.2381 - Val ROC-AUC: 0.8923 - Val PR-AUC: 0.1913
[Fine-tune] Epoch 31/50 - Loss: 0.0329 - Val F1: 0.2941 - Val ROC-AUC: 0.9057 - Val PR-AUC: 0.2004
[Fine-tune] Epoch 32/50 - Loss: 0.0327 - Val F1: 0.2632 - Val ROC-AUC: 0.9051 - Val PR-AUC: 0.1948
[Fine-tune] Epoch 33/50 - Loss: 0.0298 - Val F1: 0.2632 - Val ROC-AUC: 0.8981 - Val PR-AUC: 0.2024
[Fine-tune] Epoch 34/50 - Loss: 0.0333 - Val F1: 0.2500 - Val ROC-AUC: 0.9056 - Val PR-AUC: 0.1875
[Fine-tune] Epoch 35/50 - Loss: 0.0383 - Val F1: 0.2564 - Val ROC-AUC: 0.8931 - Val PR-AUC: 0.1787
[Fine-tune] Epoch 36/50 - Loss: 0.0291 - Val F1: 0.2381 - Val ROC-AUC: 0.8909 - Val PR-AUC: 0.1836
[Fine-tune] Epoch 37/50 - Loss: 0.0301 - Val F1: 0.2564 - Val ROC-AUC: 0.8993 - Val PR-AUC: 0.1972
[Fine-tune] Epoch 38/50 - Loss: 0.0277 - Val F1: 0.2564 - Val ROC-AUC: 0.9020 - Val PR-AUC: 0.1773
[Fine-tune] Epoch 39/50 - Loss: 0.0282 - Val F1: 0.2703 - Val ROC-AUC: 0.9060 - Val PR-AUC: 0.1835
[Fine-tune] Epoch 40/50 - Loss: 0.0302 - Val F1: 0.2857 - Val ROC-AUC: 0.9055 - Val PR-AUC: 0.2063
[Fine-tune] Epoch 41/50 - Loss: 0.0262 - Val F1: 0.2941 - Val ROC-AUC: 0.9018 - Val PR-AUC: 0.2114
[Fine-tune] Epoch 42/50 - Loss: 0.0282 - Val F1: 0.2778 - Val ROC-AUC: 0.9044 - Val PR-AUC: 0.1978
[Fine-tune] Epoch 43/50 - Loss: 0.0269 - Val F1: 0.2857 - Val ROC-AUC: 0.9070 - Val PR-AUC: 0.2003
[Fine-tune] Epoch 44/50 - Loss: 0.0250 - Val F1: 0.2857 - Val ROC-AUC: 0.8982 - Val PR-AUC: 0.1897
[Fine-tune] Epoch 45/50 - Loss: 0.0292 - Val F1: 0.2500 - Val ROC-AUC: 0.9042 - Val PR-AUC: 0.2018
[Fine-tune] Epoch 46/50 - Loss: 0.0207 - Val F1: 0.2632 - Val ROC-AUC: 0.9072 - Val PR-AUC: 0.2144
[Fine-tune] Epoch 47/50 - Loss: 0.0269 - Val F1: 0.2703 - Val ROC-AUC: 0.9052 - Val PR-AUC: 0.2098
[Fine-tune] Epoch 48/50 - Loss: 0.0246 - Val F1: 0.2941 - Val ROC-AUC: 0.9070 - Val PR-AUC: 0.2067
[Fine-tune] Epoch 49/50 - Loss: 0.0227 - Val F1: 0.2778 - Val ROC-AUC: 0.9058 - Val PR-AUC: 0.2073
[Fine-tune] Epoch 50/50 - Loss: 0.0261 - Val F1: 0.2857 - Val ROC-AUC: 0.9115 - Val PR-AUC: 0.2127
Finetuning completed. Test F1: 0.2703, ROC-AUC: 0.9063, PR-AUC: 0.1625
[3.1/4] Target-only training on TOX21_ERb_BLA_Agonist_ch1 using GIN_GCN...
=== Target-only training ===
[Target-only] Epoch 1/50 – Loss: 0.4910  Val F1: 0.1036  ROC-AUC: 0.8785  PR-AUC: 0.0949
[Target-only] Epoch 2/50 – Loss: 0.3687  Val F1: 0.1325  ROC-AUC: 0.8734  PR-AUC: 0.1020
[Target-only] Epoch 3/50 – Loss: 0.3232  Val F1: 0.1261  ROC-AUC: 0.8892  PR-AUC: 0.1032
[Target-only] Epoch 4/50 – Loss: 0.2728  Val F1: 0.0862  ROC-AUC: 0.8421  PR-AUC: 0.0737
[Target-only] Epoch 5/50 – Loss: 0.2443  Val F1: 0.1860  ROC-AUC: 0.8900  PR-AUC: 0.1252
[Target-only] Epoch 6/50 – Loss: 0.2131  Val F1: 0.1616  ROC-AUC: 0.8699  PR-AUC: 0.1100
[Target-only] Epoch 7/50 – Loss: 0.1793  Val F1: 0.1739  ROC-AUC: 0.8685  PR-AUC: 0.1115
[Target-only] Epoch 8/50 – Loss: 0.1717  Val F1: 0.2353  ROC-AUC: 0.9056  PR-AUC: 0.1376
[Target-only] Epoch 9/50 – Loss: 0.1558  Val F1: 0.1519  ROC-AUC: 0.8580  PR-AUC: 0.1171
[Target-only] Epoch 10/50 – Loss: 0.1573  Val F1: 0.1165  ROC-AUC: 0.8385  PR-AUC: 0.0901
[Target-only] Epoch 11/50 – Loss: 0.1049  Val F1: 0.1412  ROC-AUC: 0.8955  PR-AUC: 0.1161
[Target-only] Epoch 12/50 – Loss: 0.1080  Val F1: 0.2034  ROC-AUC: 0.9137  PR-AUC: 0.1332
[Target-only] Epoch 13/50 – Loss: 0.0891  Val F1: 0.1739  ROC-AUC: 0.9012  PR-AUC: 0.1260
[Target-only] Epoch 14/50 – Loss: 0.0893  Val F1: 0.1754  ROC-AUC: 0.9033  PR-AUC: 0.1405
[Target-only] Epoch 15/50 – Loss: 0.0933  Val F1: 0.1493  ROC-AUC: 0.8765  PR-AUC: 0.1032
[Target-only] Epoch 16/50 – Loss: 0.0973  Val F1: 0.2182  ROC-AUC: 0.8613  PR-AUC: 0.1131
[Target-only] Epoch 17/50 – Loss: 0.0902  Val F1: 0.1739  ROC-AUC: 0.8926  PR-AUC: 0.1321
[Target-only] Epoch 18/50 – Loss: 0.0845  Val F1: 0.2222  ROC-AUC: 0.8964  PR-AUC: 0.1378
[Target-only] Epoch 19/50 – Loss: 0.0728  Val F1: 0.1644  ROC-AUC: 0.8235  PR-AUC: 0.1240
[Target-only] Epoch 20/50 – Loss: 0.0789  Val F1: 0.1905  ROC-AUC: 0.9065  PR-AUC: 0.1407
[Target-only] Epoch 21/50 – Loss: 0.0600  Val F1: 0.2353  ROC-AUC: 0.9046  PR-AUC: 0.1614
[Target-only] Epoch 22/50 – Loss: 0.0659  Val F1: 0.2174  ROC-AUC: 0.9089  PR-AUC: 0.1513
[Target-only] Epoch 23/50 – Loss: 0.0568  Val F1: 0.2791  ROC-AUC: 0.9083  PR-AUC: 0.1533
[Target-only] Epoch 24/50 – Loss: 0.0485  Val F1: 0.2500  ROC-AUC: 0.8711  PR-AUC: 0.1266
[Target-only] Epoch 25/50 – Loss: 0.0565  Val F1: 0.1739  ROC-AUC: 0.8866  PR-AUC: 0.1351
[Target-only] Epoch 26/50 – Loss: 0.0552  Val F1: 0.2174  ROC-AUC: 0.8823  PR-AUC: 0.1349
[Target-only] Epoch 27/50 – Loss: 0.0556  Val F1: 0.2381  ROC-AUC: 0.8928  PR-AUC: 0.1633
[Target-only] Epoch 28/50 – Loss: 0.0519  Val F1: 0.2439  ROC-AUC: 0.8872  PR-AUC: 0.1445
[Target-only] Epoch 29/50 – Loss: 0.0612  Val F1: 0.2105  ROC-AUC: 0.8928  PR-AUC: 0.1496
[Target-only] Epoch 30/50 – Loss: 0.0556  Val F1: 0.2703  ROC-AUC: 0.8763  PR-AUC: 0.1375
[Target-only] Epoch 31/50 – Loss: 0.0444  Val F1: 0.2051  ROC-AUC: 0.8886  PR-AUC: 0.1571
[Target-only] Epoch 32/50 – Loss: 0.0365  Val F1: 0.2162  ROC-AUC: 0.8934  PR-AUC: 0.1467
[Target-only] Epoch 33/50 – Loss: 0.0477  Val F1: 0.2222  ROC-AUC: 0.8904  PR-AUC: 0.1549
[Target-only] Epoch 34/50 – Loss: 0.0431  Val F1: 0.2162  ROC-AUC: 0.8981  PR-AUC: 0.1531
[Target-only] Epoch 35/50 – Loss: 0.0421  Val F1: 0.2632  ROC-AUC: 0.8917  PR-AUC: 0.1567
[Target-only] Epoch 36/50 – Loss: 0.0435  Val F1: 0.2353  ROC-AUC: 0.8888  PR-AUC: 0.1583
[Target-only] Epoch 37/50 – Loss: 0.0385  Val F1: 0.3030  ROC-AUC: 0.8999  PR-AUC: 0.1652
[Target-only] Epoch 38/50 – Loss: 0.0379  Val F1: 0.3030  ROC-AUC: 0.8850  PR-AUC: 0.1493
[Target-only] Epoch 39/50 – Loss: 0.0401  Val F1: 0.2424  ROC-AUC: 0.8840  PR-AUC: 0.1504
[Target-only] Epoch 40/50 – Loss: 0.0421  Val F1: 0.2162  ROC-AUC: 0.8871  PR-AUC: 0.1602
[Target-only] Epoch 41/50 – Loss: 0.0439  Val F1: 0.2353  ROC-AUC: 0.8883  PR-AUC: 0.1796
[Target-only] Epoch 42/50 – Loss: 0.0275  Val F1: 0.2500  ROC-AUC: 0.8874  PR-AUC: 0.1848
[Target-only] Epoch 43/50 – Loss: 0.0336  Val F1: 0.2857  ROC-AUC: 0.8953  PR-AUC: 0.1939
[Target-only] Epoch 44/50 – Loss: 0.0335  Val F1: 0.2424  ROC-AUC: 0.8932  PR-AUC: 0.1786
[Target-only] Epoch 45/50 – Loss: 0.0275  Val F1: 0.2353  ROC-AUC: 0.8872  PR-AUC: 0.1795
[Target-only] Epoch 46/50 – Loss: 0.0327  Val F1: 0.2353  ROC-AUC: 0.8780  PR-AUC: 0.1701
[Target-only] Epoch 47/50 – Loss: 0.0322  Val F1: 0.2500  ROC-AUC: 0.8824  PR-AUC: 0.1602
[Target-only] Epoch 48/50 – Loss: 0.0318  Val F1: 0.2667  ROC-AUC: 0.8839  PR-AUC: 0.1584
[Target-only] Epoch 49/50 – Loss: 0.0382  Val F1: 0.2222  ROC-AUC: 0.8849  PR-AUC: 0.1550
[Target-only] Epoch 50/50 – Loss: 0.0379  Val F1: 0.2500  ROC-AUC: 0.8852  PR-AUC: 0.1588
=== Target-only TEST performance ===
Test F1: 0.3158, ROC-AUC: 0.8785, PR-AUC: 0.1599
✅ 실험 완료: TOX21_ERa_LUC_VM7_Agonist_10nM_ICI182780_viability -> TOX21_ERb_BLA_Agonist_ch1 [GIN_GCN]
