[11:52:57] Can't kekulize mol.  Unkekulized atoms: 1 2 3 4 5
[11:52:57] Explicit valence for atom # 0 Cl, 2, is greater than permitted
[11:52:58] Can't kekulize mol.  Unkekulized atoms: 3 4 5 6 7
[11:52:58] Can't kekulize mol.  Unkekulized atoms: 3 4 5 6 7
[11:53:01] Can't kekulize mol.  Unkekulized atoms: 1 2 3 4 5
[11:53:01] Can't kekulize mol.  Unkekulized atoms: 3 4 5 6 7
[11:53:01] Can't kekulize mol.  Unkekulized atoms: 1 2 3 4 5
[11:53:01] WARNING: not removing hydrogen atom without neighbors
[11:53:02] Can't kekulize mol.  Unkekulized atoms: 1 2 3 4 5
[11:53:02] Explicit valence for atom # 6 O, 3, is greater than permitted
[11:53:02] Explicit valence for atom # 3 Si, 8, is greater than permitted
[11:53:02] Explicit valence for atom # 0 Cl, 2, is greater than permitted
[11:54:20] Can't kekulize mol.  Unkekulized atoms: 1 2 3 4 5
[11:54:20] Explicit valence for atom # 0 Cl, 2, is greater than permitted
[11:54:21] Can't kekulize mol.  Unkekulized atoms: 3 4 5 6 7
[11:54:21] Can't kekulize mol.  Unkekulized atoms: 3 4 5 6 7
[11:54:23] Can't kekulize mol.  Unkekulized atoms: 1 2 3 4 5
[11:54:23] Can't kekulize mol.  Unkekulized atoms: 3 4 5 6 7
[11:54:24] Can't kekulize mol.  Unkekulized atoms: 1 2 3 4 5
[11:54:24] WARNING: not removing hydrogen atom without neighbors
[11:54:25] Can't kekulize mol.  Unkekulized atoms: 1 2 3 4 5
[11:54:25] Explicit valence for atom # 6 O, 3, is greater than permitted
[11:54:25] Explicit valence for atom # 3 Si, 8, is greater than permitted
[11:54:25] Explicit valence for atom # 0 Cl, 2, is greater than permitted
[11:55:41] Can't kekulize mol.  Unkekulized atoms: 1 2 3 4 5
[11:55:42] Explicit valence for atom # 0 Cl, 2, is greater than permitted
[11:55:43] Can't kekulize mol.  Unkekulized atoms: 3 4 5 6 7
[11:55:43] Can't kekulize mol.  Unkekulized atoms: 3 4 5 6 7
[11:55:45] Can't kekulize mol.  Unkekulized atoms: 1 2 3 4 5
[11:55:45] Can't kekulize mol.  Unkekulized atoms: 3 4 5 6 7
[11:55:46] Can't kekulize mol.  Unkekulized atoms: 1 2 3 4 5
[11:55:46] WARNING: not removing hydrogen atom without neighbors
[11:55:46] Can't kekulize mol.  Unkekulized atoms: 1 2 3 4 5
[11:55:47] Explicit valence for atom # 6 O, 3, is greater than permitted
[11:55:47] Explicit valence for atom # 3 Si, 8, is greater than permitted
[11:55:47] Explicit valence for atom # 0 Cl, 2, is greater than permitted
