[1/4] Excel → CSV 변환 중...
Saved pretrain CSV for TOX21_ERa_LUC_VM7_Agonist: data/sample/TOX21_ERa_LUC_VM7_Agonist.csv
Saved pretrain CSV for TOX21_ERb_BLA_Agonist_viability: data/sample/TOX21_ERb_BLA_Agonist_viability.csv
Saved pretrain CSV for TOX21_ERa_LUC_VM7_Agonist_10nM_ICI182780_viability: data/sample/TOX21_ERa_LUC_VM7_Agonist_10nM_ICI182780_viability.csv
Saved pretrain CSV for TOX21_ERR_LUC_viability: data/sample/TOX21_ERR_LUC_viability.csv
Saved finetune CSV for TOX21_ERa_BLA_Agonist_ch2: data/sample/TOX21_ERa_BLA_Agonist_ch2.csv
Saved finetune CSV for TOX21_ERa_BLA_Agonist_ch1: data/sample/TOX21_ERa_BLA_Agonist_ch1.csv
Saved finetune CSV for TOX21_ERa_BLA_Agonist_ratio: data/sample/TOX21_ERa_BLA_Agonist_ratio.csv
Saved finetune CSV for TOX21_ERb_BLA_Agonist_ratio: data/sample/TOX21_ERb_BLA_Agonist_ratio.csv
Saved finetune CSV for TOX21_ERb_BLA_Agonist_ch2: data/sample/TOX21_ERb_BLA_Agonist_ch2.csv
Saved finetune CSV for TOX21_ERb_BLA_Agonist_ch1: data/sample/TOX21_ERb_BLA_Agonist_ch1.csv
Saved finetune CSV for TOX21_ERR_LUC_Agonist: data/sample/TOX21_ERR_LUC_Agonist.csv
Saved finetune CSV for TOX21_ERa_LUC_VM7_Agonist_10nM_ICI182780: data/sample/TOX21_ERa_LUC_VM7_Agonist_10nM_ICI182780.csv
[2/4] Pretraining on TOX21_ERa_LUC_VM7_Agonist_10nM_ICI182780_viability using GIN_GCN...
Epoch 1/50 - Loss: 0.5786 - Val F1: 0.3439 - Val ROC-AUC: 0.7630 - Val PR-AUC: 0.2923
Epoch 2/50 - Loss: 0.5048 - Val F1: 0.3003 - Val ROC-AUC: 0.8048 - Val PR-AUC: 0.3169
Epoch 3/50 - Loss: 0.4722 - Val F1: 0.3448 - Val ROC-AUC: 0.8132 - Val PR-AUC: 0.3731
Epoch 4/50 - Loss: 0.4556 - Val F1: 0.2786 - Val ROC-AUC: 0.7916 - Val PR-AUC: 0.3038
Epoch 5/50 - Loss: 0.4489 - Val F1: 0.3979 - Val ROC-AUC: 0.7949 - Val PR-AUC: 0.3069
Epoch 6/50 - Loss: 0.4150 - Val F1: 0.3243 - Val ROC-AUC: 0.8147 - Val PR-AUC: 0.3788
Epoch 7/50 - Loss: 0.3992 - Val F1: 0.3590 - Val ROC-AUC: 0.7995 - Val PR-AUC: 0.3014
Epoch 8/50 - Loss: 0.4043 - Val F1: 0.3768 - Val ROC-AUC: 0.7953 - Val PR-AUC: 0.3221
Epoch 9/50 - Loss: 0.4053 - Val F1: 0.3894 - Val ROC-AUC: 0.7990 - Val PR-AUC: 0.3246
Epoch 10/50 - Loss: 0.3965 - Val F1: 0.3466 - Val ROC-AUC: 0.8042 - Val PR-AUC: 0.3700
Epoch 11/50 - Loss: 0.3742 - Val F1: 0.3402 - Val ROC-AUC: 0.8007 - Val PR-AUC: 0.3610
Epoch 12/50 - Loss: 0.3460 - Val F1: 0.3879 - Val ROC-AUC: 0.8077 - Val PR-AUC: 0.3499
Epoch 13/50 - Loss: 0.3450 - Val F1: 0.4074 - Val ROC-AUC: 0.8176 - Val PR-AUC: 0.3666
Epoch 14/50 - Loss: 0.3476 - Val F1: 0.3689 - Val ROC-AUC: 0.7991 - Val PR-AUC: 0.3571
Epoch 15/50 - Loss: 0.3205 - Val F1: 0.3866 - Val ROC-AUC: 0.8214 - Val PR-AUC: 0.4039
Epoch 16/50 - Loss: 0.3292 - Val F1: 0.3824 - Val ROC-AUC: 0.7879 - Val PR-AUC: 0.3497
Epoch 17/50 - Loss: 0.3157 - Val F1: 0.4000 - Val ROC-AUC: 0.7925 - Val PR-AUC: 0.3367
Epoch 18/50 - Loss: 0.3049 - Val F1: 0.3590 - Val ROC-AUC: 0.8070 - Val PR-AUC: 0.3754
Epoch 19/50 - Loss: 0.3145 - Val F1: 0.3485 - Val ROC-AUC: 0.8078 - Val PR-AUC: 0.3590
Epoch 20/50 - Loss: 0.2961 - Val F1: 0.3475 - Val ROC-AUC: 0.8197 - Val PR-AUC: 0.4084
Epoch 21/50 - Loss: 0.2803 - Val F1: 0.3891 - Val ROC-AUC: 0.8116 - Val PR-AUC: 0.4090
Epoch 22/50 - Loss: 0.2792 - Val F1: 0.4000 - Val ROC-AUC: 0.8097 - Val PR-AUC: 0.4015
Epoch 23/50 - Loss: 0.2613 - Val F1: 0.4080 - Val ROC-AUC: 0.8018 - Val PR-AUC: 0.3456
Epoch 24/50 - Loss: 0.2606 - Val F1: 0.3929 - Val ROC-AUC: 0.8212 - Val PR-AUC: 0.3679
Epoch 25/50 - Loss: 0.2564 - Val F1: 0.3779 - Val ROC-AUC: 0.8039 - Val PR-AUC: 0.3710
Epoch 26/50 - Loss: 0.2691 - Val F1: 0.3927 - Val ROC-AUC: 0.8141 - Val PR-AUC: 0.3885
Epoch 27/50 - Loss: 0.2510 - Val F1: 0.3923 - Val ROC-AUC: 0.8150 - Val PR-AUC: 0.3941
Epoch 28/50 - Loss: 0.2632 - Val F1: 0.4000 - Val ROC-AUC: 0.8045 - Val PR-AUC: 0.4068
Epoch 29/50 - Loss: 0.2402 - Val F1: 0.4195 - Val ROC-AUC: 0.8158 - Val PR-AUC: 0.4362
Epoch 30/50 - Loss: 0.2227 - Val F1: 0.4095 - Val ROC-AUC: 0.8036 - Val PR-AUC: 0.4211
Epoch 31/50 - Loss: 0.2112 - Val F1: 0.4061 - Val ROC-AUC: 0.8112 - Val PR-AUC: 0.4150
Epoch 32/50 - Loss: 0.2171 - Val F1: 0.4242 - Val ROC-AUC: 0.8028 - Val PR-AUC: 0.3979
Epoch 33/50 - Loss: 0.2260 - Val F1: 0.4184 - Val ROC-AUC: 0.8093 - Val PR-AUC: 0.3924
Epoch 34/50 - Loss: 0.2172 - Val F1: 0.4121 - Val ROC-AUC: 0.8041 - Val PR-AUC: 0.3719
Epoch 35/50 - Loss: 0.2162 - Val F1: 0.4211 - Val ROC-AUC: 0.8072 - Val PR-AUC: 0.3915
Epoch 36/50 - Loss: 0.2062 - Val F1: 0.4221 - Val ROC-AUC: 0.8085 - Val PR-AUC: 0.3617
Epoch 37/50 - Loss: 0.1922 - Val F1: 0.4019 - Val ROC-AUC: 0.8136 - Val PR-AUC: 0.3899
Epoch 38/50 - Loss: 0.1992 - Val F1: 0.4158 - Val ROC-AUC: 0.8112 - Val PR-AUC: 0.3777
Epoch 39/50 - Loss: 0.2017 - Val F1: 0.4314 - Val ROC-AUC: 0.8083 - Val PR-AUC: 0.3584
Epoch 40/50 - Loss: 0.1933 - Val F1: 0.4388 - Val ROC-AUC: 0.8151 - Val PR-AUC: 0.4021
Epoch 41/50 - Loss: 0.1826 - Val F1: 0.4339 - Val ROC-AUC: 0.8156 - Val PR-AUC: 0.3826
Epoch 42/50 - Loss: 0.1782 - Val F1: 0.4236 - Val ROC-AUC: 0.8166 - Val PR-AUC: 0.3932
Epoch 43/50 - Loss: 0.1865 - Val F1: 0.4590 - Val ROC-AUC: 0.8189 - Val PR-AUC: 0.3929
Epoch 44/50 - Loss: 0.1881 - Val F1: 0.4074 - Val ROC-AUC: 0.8156 - Val PR-AUC: 0.3816
Epoch 45/50 - Loss: 0.1643 - Val F1: 0.4433 - Val ROC-AUC: 0.8115 - Val PR-AUC: 0.3732
Epoch 46/50 - Loss: 0.1803 - Val F1: 0.4221 - Val ROC-AUC: 0.8186 - Val PR-AUC: 0.3858
Epoch 47/50 - Loss: 0.1741 - Val F1: 0.4271 - Val ROC-AUC: 0.8193 - Val PR-AUC: 0.3846
Epoch 48/50 - Loss: 0.1765 - Val F1: 0.4352 - Val ROC-AUC: 0.8152 - Val PR-AUC: 0.3810
Epoch 49/50 - Loss: 0.1684 - Val F1: 0.4433 - Val ROC-AUC: 0.8212 - Val PR-AUC: 0.3824
Epoch 50/50 - Loss: 0.1750 - Val F1: 0.4444 - Val ROC-AUC: 0.8204 - Val PR-AUC: 0.3954
Pretraining completed. Test F1: 0.4530, ROC-AUC: 0.8364, PR-AUC: 0.4203
[3/4] Finetuning on TOX21_ERb_BLA_Agonist_ch2 using GIN_GCN...
[Fine-tune] Epoch 1/50 - Loss: 0.4008 - Val F1: 0.3824 - Val ROC-AUC: 0.8903 - Val PR-AUC: 0.5422
[Fine-tune] Epoch 2/50 - Loss: 0.2662 - Val F1: 0.2651 - Val ROC-AUC: 0.8429 - Val PR-AUC: 0.4232
[Fine-tune] Epoch 3/50 - Loss: 0.2266 - Val F1: 0.3210 - Val ROC-AUC: 0.8898 - Val PR-AUC: 0.4429
[Fine-tune] Epoch 4/50 - Loss: 0.1945 - Val F1: 0.2143 - Val ROC-AUC: 0.8652 - Val PR-AUC: 0.5228
[Fine-tune] Epoch 5/50 - Loss: 0.1645 - Val F1: 0.2393 - Val ROC-AUC: 0.8672 - Val PR-AUC: 0.4932
[Fine-tune] Epoch 6/50 - Loss: 0.1734 - Val F1: 0.3582 - Val ROC-AUC: 0.8562 - Val PR-AUC: 0.5682
[Fine-tune] Epoch 7/50 - Loss: 0.1479 - Val F1: 0.2364 - Val ROC-AUC: 0.8423 - Val PR-AUC: 0.5821
[Fine-tune] Epoch 8/50 - Loss: 0.1349 - Val F1: 0.3750 - Val ROC-AUC: 0.8588 - Val PR-AUC: 0.5435
[Fine-tune] Epoch 9/50 - Loss: 0.1364 - Val F1: 0.4286 - Val ROC-AUC: 0.8718 - Val PR-AUC: 0.6694
[Fine-tune] Epoch 10/50 - Loss: 0.1225 - Val F1: 0.3171 - Val ROC-AUC: 0.8414 - Val PR-AUC: 0.4967
[Fine-tune] Epoch 11/50 - Loss: 0.0837 - Val F1: 0.4000 - Val ROC-AUC: 0.8415 - Val PR-AUC: 0.5846
[Fine-tune] Epoch 12/50 - Loss: 0.0839 - Val F1: 0.4314 - Val ROC-AUC: 0.8360 - Val PR-AUC: 0.5844
[Fine-tune] Epoch 13/50 - Loss: 0.0793 - Val F1: 0.4000 - Val ROC-AUC: 0.8345 - Val PR-AUC: 0.5653
[Fine-tune] Epoch 14/50 - Loss: 0.0740 - Val F1: 0.3390 - Val ROC-AUC: 0.8245 - Val PR-AUC: 0.4317
[Fine-tune] Epoch 15/50 - Loss: 0.0702 - Val F1: 0.4583 - Val ROC-AUC: 0.8375 - Val PR-AUC: 0.5980
[Fine-tune] Epoch 16/50 - Loss: 0.0802 - Val F1: 0.3934 - Val ROC-AUC: 0.8327 - Val PR-AUC: 0.5176
[Fine-tune] Epoch 17/50 - Loss: 0.0748 - Val F1: 0.4444 - Val ROC-AUC: 0.8228 - Val PR-AUC: 0.5706
[Fine-tune] Epoch 18/50 - Loss: 0.0617 - Val F1: 0.4400 - Val ROC-AUC: 0.8297 - Val PR-AUC: 0.4716
[Fine-tune] Epoch 19/50 - Loss: 0.0653 - Val F1: 0.4286 - Val ROC-AUC: 0.8284 - Val PR-AUC: 0.5736
[Fine-tune] Epoch 20/50 - Loss: 0.0569 - Val F1: 0.4400 - Val ROC-AUC: 0.8095 - Val PR-AUC: 0.5391
[Fine-tune] Epoch 21/50 - Loss: 0.0400 - Val F1: 0.4231 - Val ROC-AUC: 0.8182 - Val PR-AUC: 0.5533
[Fine-tune] Epoch 22/50 - Loss: 0.0491 - Val F1: 0.5116 - Val ROC-AUC: 0.8306 - Val PR-AUC: 0.5734
[Fine-tune] Epoch 23/50 - Loss: 0.0500 - Val F1: 0.4314 - Val ROC-AUC: 0.8033 - Val PR-AUC: 0.4997
[Fine-tune] Epoch 24/50 - Loss: 0.0417 - Val F1: 0.4444 - Val ROC-AUC: 0.8321 - Val PR-AUC: 0.5643
[Fine-tune] Epoch 25/50 - Loss: 0.0406 - Val F1: 0.4889 - Val ROC-AUC: 0.8297 - Val PR-AUC: 0.5653
[Fine-tune] Epoch 26/50 - Loss: 0.0415 - Val F1: 0.4400 - Val ROC-AUC: 0.7908 - Val PR-AUC: 0.5654
[Fine-tune] Epoch 27/50 - Loss: 0.0425 - Val F1: 0.4400 - Val ROC-AUC: 0.7985 - Val PR-AUC: 0.5507
[Fine-tune] Epoch 28/50 - Loss: 0.0398 - Val F1: 0.5366 - Val ROC-AUC: 0.7972 - Val PR-AUC: 0.5605
[Fine-tune] Epoch 29/50 - Loss: 0.0430 - Val F1: 0.4490 - Val ROC-AUC: 0.8010 - Val PR-AUC: 0.5609
[Fine-tune] Epoch 30/50 - Loss: 0.0363 - Val F1: 0.4583 - Val ROC-AUC: 0.8348 - Val PR-AUC: 0.5538
[Fine-tune] Epoch 31/50 - Loss: 0.0359 - Val F1: 0.4681 - Val ROC-AUC: 0.8067 - Val PR-AUC: 0.5331
[Fine-tune] Epoch 32/50 - Loss: 0.0340 - Val F1: 0.5238 - Val ROC-AUC: 0.8068 - Val PR-AUC: 0.5103
[Fine-tune] Epoch 33/50 - Loss: 0.0386 - Val F1: 0.4400 - Val ROC-AUC: 0.7990 - Val PR-AUC: 0.4995
[Fine-tune] Epoch 34/50 - Loss: 0.0330 - Val F1: 0.4889 - Val ROC-AUC: 0.7961 - Val PR-AUC: 0.5303
[Fine-tune] Epoch 35/50 - Loss: 0.0279 - Val F1: 0.4444 - Val ROC-AUC: 0.8041 - Val PR-AUC: 0.5242
[Fine-tune] Epoch 36/50 - Loss: 0.0353 - Val F1: 0.4545 - Val ROC-AUC: 0.8113 - Val PR-AUC: 0.5456
[Fine-tune] Epoch 37/50 - Loss: 0.0240 - Val F1: 0.4444 - Val ROC-AUC: 0.8092 - Val PR-AUC: 0.5276
[Fine-tune] Epoch 38/50 - Loss: 0.0307 - Val F1: 0.4783 - Val ROC-AUC: 0.7950 - Val PR-AUC: 0.4504
[Fine-tune] Epoch 39/50 - Loss: 0.0255 - Val F1: 0.4255 - Val ROC-AUC: 0.8090 - Val PR-AUC: 0.5219
[Fine-tune] Epoch 40/50 - Loss: 0.0332 - Val F1: 0.4878 - Val ROC-AUC: 0.8062 - Val PR-AUC: 0.5505
[Fine-tune] Epoch 41/50 - Loss: 0.0251 - Val F1: 0.4348 - Val ROC-AUC: 0.8048 - Val PR-AUC: 0.5170
[Fine-tune] Epoch 42/50 - Loss: 0.0266 - Val F1: 0.5238 - Val ROC-AUC: 0.8125 - Val PR-AUC: 0.5581
[Fine-tune] Epoch 43/50 - Loss: 0.0289 - Val F1: 0.4762 - Val ROC-AUC: 0.8105 - Val PR-AUC: 0.5299
[Fine-tune] Epoch 44/50 - Loss: 0.0305 - Val F1: 0.4255 - Val ROC-AUC: 0.8074 - Val PR-AUC: 0.4734
[Fine-tune] Epoch 45/50 - Loss: 0.0290 - Val F1: 0.4889 - Val ROC-AUC: 0.8024 - Val PR-AUC: 0.5371
[Fine-tune] Epoch 46/50 - Loss: 0.0210 - Val F1: 0.4545 - Val ROC-AUC: 0.8000 - Val PR-AUC: 0.4798
[Fine-tune] Epoch 47/50 - Loss: 0.0225 - Val F1: 0.4651 - Val ROC-AUC: 0.8038 - Val PR-AUC: 0.5184
[Fine-tune] Epoch 48/50 - Loss: 0.0287 - Val F1: 0.4444 - Val ROC-AUC: 0.8043 - Val PR-AUC: 0.5113
[Fine-tune] Epoch 49/50 - Loss: 0.0209 - Val F1: 0.4545 - Val ROC-AUC: 0.8048 - Val PR-AUC: 0.5013
[Fine-tune] Epoch 50/50 - Loss: 0.0211 - Val F1: 0.4255 - Val ROC-AUC: 0.8099 - Val PR-AUC: 0.5226
Finetuning completed. Test F1: 0.3415, ROC-AUC: 0.8317, PR-AUC: 0.3025
[3.1/4] Target-only training on TOX21_ERb_BLA_Agonist_ch2 using GIN_GCN...
=== Target-only training ===
[Target-only] Epoch 1/50 – Loss: 0.4307  Val F1: 0.1316  ROC-AUC: 0.8402  PR-AUC: 0.4393
[Target-only] Epoch 2/50 – Loss: 0.3541  Val F1: 0.2637  ROC-AUC: 0.8221  PR-AUC: 0.5672
[Target-only] Epoch 3/50 – Loss: 0.3126  Val F1: 0.1879  ROC-AUC: 0.8486  PR-AUC: 0.6106
[Target-only] Epoch 4/50 – Loss: 0.2768  Val F1: 0.1508  ROC-AUC: 0.8607  PR-AUC: 0.5481
[Target-only] Epoch 5/50 – Loss: 0.2615  Val F1: 0.1905  ROC-AUC: 0.8549  PR-AUC: 0.5792
[Target-only] Epoch 6/50 – Loss: 0.2241  Val F1: 0.4000  ROC-AUC: 0.8609  PR-AUC: 0.5045
[Target-only] Epoch 7/50 – Loss: 0.2034  Val F1: 0.4127  ROC-AUC: 0.8541  PR-AUC: 0.5781
[Target-only] Epoch 8/50 – Loss: 0.1985  Val F1: 0.2889  ROC-AUC: 0.8495  PR-AUC: 0.4325
[Target-only] Epoch 9/50 – Loss: 0.1885  Val F1: 0.3871  ROC-AUC: 0.8560  PR-AUC: 0.5347
[Target-only] Epoch 10/50 – Loss: 0.1846  Val F1: 0.2593  ROC-AUC: 0.8473  PR-AUC: 0.5840
[Target-only] Epoch 11/50 – Loss: 0.1303  Val F1: 0.3077  ROC-AUC: 0.8318  PR-AUC: 0.6118
[Target-only] Epoch 12/50 – Loss: 0.1161  Val F1: 0.4000  ROC-AUC: 0.8541  PR-AUC: 0.5561
[Target-only] Epoch 13/50 – Loss: 0.1188  Val F1: 0.4211  ROC-AUC: 0.8438  PR-AUC: 0.5047
[Target-only] Epoch 14/50 – Loss: 0.1148  Val F1: 0.2857  ROC-AUC: 0.8266  PR-AUC: 0.5273
[Target-only] Epoch 15/50 – Loss: 0.1053  Val F1: 0.4528  ROC-AUC: 0.8357  PR-AUC: 0.6257
[Target-only] Epoch 16/50 – Loss: 0.1062  Val F1: 0.4211  ROC-AUC: 0.8360  PR-AUC: 0.5824
[Target-only] Epoch 17/50 – Loss: 0.0954  Val F1: 0.3333  ROC-AUC: 0.8261  PR-AUC: 0.5220
[Target-only] Epoch 18/50 – Loss: 0.1146  Val F1: 0.3514  ROC-AUC: 0.7962  PR-AUC: 0.3816
[Target-only] Epoch 19/50 – Loss: 0.0929  Val F1: 0.4068  ROC-AUC: 0.8203  PR-AUC: 0.3804
[Target-only] Epoch 20/50 – Loss: 0.0969  Val F1: 0.4211  ROC-AUC: 0.8417  PR-AUC: 0.6292
[Target-only] Epoch 21/50 – Loss: 0.0763  Val F1: 0.4490  ROC-AUC: 0.8233  PR-AUC: 0.6259
[Target-only] Epoch 22/50 – Loss: 0.0860  Val F1: 0.4231  ROC-AUC: 0.8290  PR-AUC: 0.5405
[Target-only] Epoch 23/50 – Loss: 0.0722  Val F1: 0.4314  ROC-AUC: 0.8295  PR-AUC: 0.5303
[Target-only] Epoch 24/50 – Loss: 0.0743  Val F1: 0.4400  ROC-AUC: 0.7982  PR-AUC: 0.4381
[Target-only] Epoch 25/50 – Loss: 0.0697  Val F1: 0.3871  ROC-AUC: 0.7965  PR-AUC: 0.4787
[Target-only] Epoch 26/50 – Loss: 0.0656  Val F1: 0.4444  ROC-AUC: 0.8132  PR-AUC: 0.4711
[Target-only] Epoch 27/50 – Loss: 0.0701  Val F1: 0.4615  ROC-AUC: 0.7849  PR-AUC: 0.4624
[Target-only] Epoch 28/50 – Loss: 0.0718  Val F1: 0.3929  ROC-AUC: 0.8080  PR-AUC: 0.4992
[Target-only] Epoch 29/50 – Loss: 0.0713  Val F1: 0.4074  ROC-AUC: 0.8205  PR-AUC: 0.5609
[Target-only] Epoch 30/50 – Loss: 0.0520  Val F1: 0.4706  ROC-AUC: 0.7885  PR-AUC: 0.5671
[Target-only] Epoch 31/50 – Loss: 0.0501  Val F1: 0.4490  ROC-AUC: 0.7971  PR-AUC: 0.5179
[Target-only] Epoch 32/50 – Loss: 0.0563  Val F1: 0.4400  ROC-AUC: 0.7954  PR-AUC: 0.5433
[Target-only] Epoch 33/50 – Loss: 0.0495  Val F1: 0.4889  ROC-AUC: 0.7907  PR-AUC: 0.6081
[Target-only] Epoch 34/50 – Loss: 0.0499  Val F1: 0.4783  ROC-AUC: 0.7968  PR-AUC: 0.5582
[Target-only] Epoch 35/50 – Loss: 0.0477  Val F1: 0.4400  ROC-AUC: 0.8002  PR-AUC: 0.5587
[Target-only] Epoch 36/50 – Loss: 0.0494  Val F1: 0.4000  ROC-AUC: 0.8023  PR-AUC: 0.6223
[Target-only] Epoch 37/50 – Loss: 0.0436  Val F1: 0.4151  ROC-AUC: 0.8063  PR-AUC: 0.4972
[Target-only] Epoch 38/50 – Loss: 0.0569  Val F1: 0.4314  ROC-AUC: 0.8056  PR-AUC: 0.5945
[Target-only] Epoch 39/50 – Loss: 0.0559  Val F1: 0.4800  ROC-AUC: 0.7896  PR-AUC: 0.6246
[Target-only] Epoch 40/50 – Loss: 0.0491  Val F1: 0.4583  ROC-AUC: 0.7691  PR-AUC: 0.5720
[Target-only] Epoch 41/50 – Loss: 0.0443  Val F1: 0.4681  ROC-AUC: 0.7762  PR-AUC: 0.5981
[Target-only] Epoch 42/50 – Loss: 0.0487  Val F1: 0.4400  ROC-AUC: 0.7832  PR-AUC: 0.6069
[Target-only] Epoch 43/50 – Loss: 0.0351  Val F1: 0.4889  ROC-AUC: 0.7809  PR-AUC: 0.6117
[Target-only] Epoch 44/50 – Loss: 0.0350  Val F1: 0.4490  ROC-AUC: 0.7765  PR-AUC: 0.5669
[Target-only] Epoch 45/50 – Loss: 0.0421  Val F1: 0.5366  ROC-AUC: 0.7908  PR-AUC: 0.5856
[Target-only] Epoch 46/50 – Loss: 0.0402  Val F1: 0.4783  ROC-AUC: 0.7887  PR-AUC: 0.6136
[Target-only] Epoch 47/50 – Loss: 0.0397  Val F1: 0.4074  ROC-AUC: 0.7910  PR-AUC: 0.5561
[Target-only] Epoch 48/50 – Loss: 0.0386  Val F1: 0.5000  ROC-AUC: 0.7861  PR-AUC: 0.5982
[Target-only] Epoch 49/50 – Loss: 0.0424  Val F1: 0.5116  ROC-AUC: 0.7917  PR-AUC: 0.6061
[Target-only] Epoch 50/50 – Loss: 0.0318  Val F1: 0.4583  ROC-AUC: 0.7882  PR-AUC: 0.5933
=== Target-only TEST performance ===
Test F1: 0.4783, ROC-AUC: 0.8508, PR-AUC: 0.5287
✅ 실험 완료: TOX21_ERa_LUC_VM7_Agonist_10nM_ICI182780_viability -> TOX21_ERb_BLA_Agonist_ch2 [GIN_GCN]
