[1/4] Excel → CSV 변환 중...
Saved pretrain CSV for TOX21_ERa_LUC_VM7_Agonist: data/sample/TOX21_ERa_LUC_VM7_Agonist.csv
Saved pretrain CSV for TOX21_ERb_BLA_Agonist_viability: data/sample/TOX21_ERb_BLA_Agonist_viability.csv
Saved pretrain CSV for TOX21_ERa_LUC_VM7_Agonist_10nM_ICI182780_viability: data/sample/TOX21_ERa_LUC_VM7_Agonist_10nM_ICI182780_viability.csv
Saved pretrain CSV for TOX21_ERR_LUC_viability: data/sample/TOX21_ERR_LUC_viability.csv
Saved finetune CSV for TOX21_ERa_BLA_Agonist_ch2: data/sample/TOX21_ERa_BLA_Agonist_ch2.csv
Saved finetune CSV for TOX21_ERa_BLA_Agonist_ch1: data/sample/TOX21_ERa_BLA_Agonist_ch1.csv
Saved finetune CSV for TOX21_ERa_BLA_Agonist_ratio: data/sample/TOX21_ERa_BLA_Agonist_ratio.csv
Saved finetune CSV for TOX21_ERb_BLA_Agonist_ratio: data/sample/TOX21_ERb_BLA_Agonist_ratio.csv
Saved finetune CSV for TOX21_ERb_BLA_Agonist_ch2: data/sample/TOX21_ERb_BLA_Agonist_ch2.csv
Saved finetune CSV for TOX21_ERb_BLA_Agonist_ch1: data/sample/TOX21_ERb_BLA_Agonist_ch1.csv
Saved finetune CSV for TOX21_ERR_LUC_Agonist: data/sample/TOX21_ERR_LUC_Agonist.csv
Saved finetune CSV for TOX21_ERa_LUC_VM7_Agonist_10nM_ICI182780: data/sample/TOX21_ERa_LUC_VM7_Agonist_10nM_ICI182780.csv
[2/4] Pretraining on TOX21_ERa_LUC_VM7_Agonist using GIN_GCN...
Epoch 1/100 - Loss: 0.6679 - Val F1: 0.2676 - Val ROC-AUC: 0.6545 - Val PR-AUC: 0.2716
Epoch 2/100 - Loss: 0.6454 - Val F1: 0.2652 - Val ROC-AUC: 0.6483 - Val PR-AUC: 0.2821
Epoch 3/100 - Loss: 0.6281 - Val F1: 0.3067 - Val ROC-AUC: 0.6744 - Val PR-AUC: 0.2745
Epoch 4/100 - Loss: 0.6159 - Val F1: 0.2997 - Val ROC-AUC: 0.6748 - Val PR-AUC: 0.2836
Epoch 5/100 - Loss: 0.6225 - Val F1: 0.2447 - Val ROC-AUC: 0.6556 - Val PR-AUC: 0.2380
Epoch 6/100 - Loss: 0.6227 - Val F1: 0.3094 - Val ROC-AUC: 0.6791 - Val PR-AUC: 0.2785
Epoch 7/100 - Loss: 0.6058 - Val F1: 0.2673 - Val ROC-AUC: 0.6505 - Val PR-AUC: 0.2840
Epoch 8/100 - Loss: 0.6113 - Val F1: 0.2889 - Val ROC-AUC: 0.6642 - Val PR-AUC: 0.2741
Epoch 9/100 - Loss: 0.5911 - Val F1: 0.3069 - Val ROC-AUC: 0.6868 - Val PR-AUC: 0.2792
Epoch 10/100 - Loss: 0.5859 - Val F1: 0.2747 - Val ROC-AUC: 0.6780 - Val PR-AUC: 0.2924
Epoch 11/100 - Loss: 0.5761 - Val F1: 0.3133 - Val ROC-AUC: 0.6856 - Val PR-AUC: 0.2888
Epoch 12/100 - Loss: 0.5666 - Val F1: 0.3117 - Val ROC-AUC: 0.6679 - Val PR-AUC: 0.2987
Epoch 13/100 - Loss: 0.5534 - Val F1: 0.3241 - Val ROC-AUC: 0.6871 - Val PR-AUC: 0.3121
Epoch 14/100 - Loss: 0.5539 - Val F1: 0.2876 - Val ROC-AUC: 0.6853 - Val PR-AUC: 0.2614
Epoch 15/100 - Loss: 0.5473 - Val F1: 0.3013 - Val ROC-AUC: 0.6818 - Val PR-AUC: 0.3136
Epoch 16/100 - Loss: 0.5442 - Val F1: 0.3411 - Val ROC-AUC: 0.6926 - Val PR-AUC: 0.3170
Epoch 17/100 - Loss: 0.5346 - Val F1: 0.3300 - Val ROC-AUC: 0.6856 - Val PR-AUC: 0.3263
Epoch 18/100 - Loss: 0.5327 - Val F1: 0.3041 - Val ROC-AUC: 0.6804 - Val PR-AUC: 0.2941
Epoch 19/100 - Loss: 0.5331 - Val F1: 0.2946 - Val ROC-AUC: 0.6767 - Val PR-AUC: 0.2974
Epoch 20/100 - Loss: 0.5215 - Val F1: 0.3147 - Val ROC-AUC: 0.6813 - Val PR-AUC: 0.2925
Epoch 21/100 - Loss: 0.5064 - Val F1: 0.3263 - Val ROC-AUC: 0.6850 - Val PR-AUC: 0.2996
Epoch 22/100 - Loss: 0.5021 - Val F1: 0.3205 - Val ROC-AUC: 0.6965 - Val PR-AUC: 0.3203
Epoch 23/100 - Loss: 0.4806 - Val F1: 0.3011 - Val ROC-AUC: 0.6685 - Val PR-AUC: 0.3013
Epoch 24/100 - Loss: 0.4920 - Val F1: 0.3478 - Val ROC-AUC: 0.6985 - Val PR-AUC: 0.3297
Epoch 25/100 - Loss: 0.4774 - Val F1: 0.3188 - Val ROC-AUC: 0.6823 - Val PR-AUC: 0.3014
Epoch 26/100 - Loss: 0.4781 - Val F1: 0.3718 - Val ROC-AUC: 0.7129 - Val PR-AUC: 0.3384
Epoch 27/100 - Loss: 0.4662 - Val F1: 0.2976 - Val ROC-AUC: 0.6805 - Val PR-AUC: 0.2997
Epoch 28/100 - Loss: 0.4598 - Val F1: 0.3208 - Val ROC-AUC: 0.6998 - Val PR-AUC: 0.3125
Epoch 29/100 - Loss: 0.4622 - Val F1: 0.3140 - Val ROC-AUC: 0.6813 - Val PR-AUC: 0.3178
Epoch 30/100 - Loss: 0.4548 - Val F1: 0.2857 - Val ROC-AUC: 0.6685 - Val PR-AUC: 0.3046
Epoch 31/100 - Loss: 0.4394 - Val F1: 0.3265 - Val ROC-AUC: 0.6797 - Val PR-AUC: 0.3019
Epoch 32/100 - Loss: 0.4341 - Val F1: 0.3121 - Val ROC-AUC: 0.6795 - Val PR-AUC: 0.3128
Epoch 33/100 - Loss: 0.4175 - Val F1: 0.3106 - Val ROC-AUC: 0.6891 - Val PR-AUC: 0.3288
Epoch 34/100 - Loss: 0.4236 - Val F1: 0.3391 - Val ROC-AUC: 0.6845 - Val PR-AUC: 0.3178
Epoch 35/100 - Loss: 0.4073 - Val F1: 0.3245 - Val ROC-AUC: 0.6823 - Val PR-AUC: 0.2939
Epoch 36/100 - Loss: 0.4040 - Val F1: 0.3023 - Val ROC-AUC: 0.6801 - Val PR-AUC: 0.2935
Epoch 37/100 - Loss: 0.4053 - Val F1: 0.3226 - Val ROC-AUC: 0.6814 - Val PR-AUC: 0.3219
Epoch 38/100 - Loss: 0.4139 - Val F1: 0.3356 - Val ROC-AUC: 0.6819 - Val PR-AUC: 0.3110
Epoch 39/100 - Loss: 0.4110 - Val F1: 0.3394 - Val ROC-AUC: 0.6757 - Val PR-AUC: 0.3212
Epoch 40/100 - Loss: 0.3822 - Val F1: 0.3312 - Val ROC-AUC: 0.6876 - Val PR-AUC: 0.2942
Epoch 41/100 - Loss: 0.3891 - Val F1: 0.3239 - Val ROC-AUC: 0.6805 - Val PR-AUC: 0.2970
Epoch 42/100 - Loss: 0.3858 - Val F1: 0.3538 - Val ROC-AUC: 0.6851 - Val PR-AUC: 0.3226
Epoch 43/100 - Loss: 0.3834 - Val F1: 0.3372 - Val ROC-AUC: 0.6803 - Val PR-AUC: 0.2953
Epoch 44/100 - Loss: 0.3662 - Val F1: 0.3357 - Val ROC-AUC: 0.6852 - Val PR-AUC: 0.3036
Epoch 45/100 - Loss: 0.3767 - Val F1: 0.3554 - Val ROC-AUC: 0.6908 - Val PR-AUC: 0.3159
Epoch 46/100 - Loss: 0.3734 - Val F1: 0.3300 - Val ROC-AUC: 0.6860 - Val PR-AUC: 0.3295
Epoch 47/100 - Loss: 0.3692 - Val F1: 0.3537 - Val ROC-AUC: 0.6860 - Val PR-AUC: 0.3013
Epoch 48/100 - Loss: 0.3705 - Val F1: 0.3145 - Val ROC-AUC: 0.6797 - Val PR-AUC: 0.3134
Epoch 49/100 - Loss: 0.3628 - Val F1: 0.3061 - Val ROC-AUC: 0.6814 - Val PR-AUC: 0.3115
Epoch 50/100 - Loss: 0.3673 - Val F1: 0.3275 - Val ROC-AUC: 0.6775 - Val PR-AUC: 0.2963
Epoch 51/100 - Loss: 0.3572 - Val F1: 0.3311 - Val ROC-AUC: 0.6848 - Val PR-AUC: 0.3225
Epoch 52/100 - Loss: 0.3651 - Val F1: 0.3310 - Val ROC-AUC: 0.6791 - Val PR-AUC: 0.3140
Epoch 53/100 - Loss: 0.3563 - Val F1: 0.3287 - Val ROC-AUC: 0.6773 - Val PR-AUC: 0.3182
Epoch 54/100 - Loss: 0.3612 - Val F1: 0.3488 - Val ROC-AUC: 0.6812 - Val PR-AUC: 0.3110
Epoch 55/100 - Loss: 0.3449 - Val F1: 0.3446 - Val ROC-AUC: 0.6767 - Val PR-AUC: 0.3089
Epoch 56/100 - Loss: 0.3485 - Val F1: 0.3498 - Val ROC-AUC: 0.6797 - Val PR-AUC: 0.3016
Epoch 57/100 - Loss: 0.3543 - Val F1: 0.3369 - Val ROC-AUC: 0.6791 - Val PR-AUC: 0.3080
Epoch 58/100 - Loss: 0.3527 - Val F1: 0.3108 - Val ROC-AUC: 0.6801 - Val PR-AUC: 0.3017
Epoch 59/100 - Loss: 0.3489 - Val F1: 0.3133 - Val ROC-AUC: 0.6839 - Val PR-AUC: 0.3024
Epoch 60/100 - Loss: 0.3465 - Val F1: 0.3404 - Val ROC-AUC: 0.6793 - Val PR-AUC: 0.2917
Epoch 61/100 - Loss: 0.3498 - Val F1: 0.3358 - Val ROC-AUC: 0.6813 - Val PR-AUC: 0.3099
Epoch 62/100 - Loss: 0.3487 - Val F1: 0.3383 - Val ROC-AUC: 0.6841 - Val PR-AUC: 0.3096
Epoch 63/100 - Loss: 0.3370 - Val F1: 0.3133 - Val ROC-AUC: 0.6837 - Val PR-AUC: 0.3058
Epoch 64/100 - Loss: 0.3464 - Val F1: 0.3382 - Val ROC-AUC: 0.6817 - Val PR-AUC: 0.2903
Epoch 65/100 - Loss: 0.3370 - Val F1: 0.3296 - Val ROC-AUC: 0.6854 - Val PR-AUC: 0.2987
Epoch 66/100 - Loss: 0.3341 - Val F1: 0.3322 - Val ROC-AUC: 0.6840 - Val PR-AUC: 0.3076
Epoch 67/100 - Loss: 0.3354 - Val F1: 0.3370 - Val ROC-AUC: 0.6782 - Val PR-AUC: 0.3039
Epoch 68/100 - Loss: 0.3450 - Val F1: 0.3529 - Val ROC-AUC: 0.6790 - Val PR-AUC: 0.2982
Epoch 69/100 - Loss: 0.3370 - Val F1: 0.3359 - Val ROC-AUC: 0.6797 - Val PR-AUC: 0.2950
Epoch 70/100 - Loss: 0.3277 - Val F1: 0.3521 - Val ROC-AUC: 0.6799 - Val PR-AUC: 0.3085
Epoch 71/100 - Loss: 0.3421 - Val F1: 0.3297 - Val ROC-AUC: 0.6785 - Val PR-AUC: 0.3070
Epoch 72/100 - Loss: 0.3267 - Val F1: 0.3208 - Val ROC-AUC: 0.6783 - Val PR-AUC: 0.3083
Epoch 73/100 - Loss: 0.3432 - Val F1: 0.3298 - Val ROC-AUC: 0.6830 - Val PR-AUC: 0.3127
Epoch 74/100 - Loss: 0.3263 - Val F1: 0.3289 - Val ROC-AUC: 0.6800 - Val PR-AUC: 0.3101
Epoch 75/100 - Loss: 0.3477 - Val F1: 0.3286 - Val ROC-AUC: 0.6792 - Val PR-AUC: 0.3076
Epoch 76/100 - Loss: 0.3446 - Val F1: 0.3346 - Val ROC-AUC: 0.6760 - Val PR-AUC: 0.3034
Epoch 77/100 - Loss: 0.3297 - Val F1: 0.3448 - Val ROC-AUC: 0.6757 - Val PR-AUC: 0.3027
Epoch 78/100 - Loss: 0.3418 - Val F1: 0.3465 - Val ROC-AUC: 0.6782 - Val PR-AUC: 0.3087
Epoch 79/100 - Loss: 0.3234 - Val F1: 0.3556 - Val ROC-AUC: 0.6802 - Val PR-AUC: 0.3142
Epoch 80/100 - Loss: 0.3280 - Val F1: 0.3516 - Val ROC-AUC: 0.6809 - Val PR-AUC: 0.3154
Epoch 81/100 - Loss: 0.3209 - Val F1: 0.3226 - Val ROC-AUC: 0.6816 - Val PR-AUC: 0.3176
Epoch 82/100 - Loss: 0.3391 - Val F1: 0.3686 - Val ROC-AUC: 0.6816 - Val PR-AUC: 0.3135
Epoch 83/100 - Loss: 0.3407 - Val F1: 0.3358 - Val ROC-AUC: 0.6817 - Val PR-AUC: 0.3204
Epoch 84/100 - Loss: 0.3314 - Val F1: 0.3481 - Val ROC-AUC: 0.6843 - Val PR-AUC: 0.3138
Epoch 85/100 - Loss: 0.3379 - Val F1: 0.3569 - Val ROC-AUC: 0.6821 - Val PR-AUC: 0.3160
Epoch 86/100 - Loss: 0.3233 - Val F1: 0.3287 - Val ROC-AUC: 0.6801 - Val PR-AUC: 0.3133
Epoch 87/100 - Loss: 0.3220 - Val F1: 0.3462 - Val ROC-AUC: 0.6805 - Val PR-AUC: 0.3124
Epoch 88/100 - Loss: 0.3226 - Val F1: 0.3571 - Val ROC-AUC: 0.6810 - Val PR-AUC: 0.3105
Epoch 89/100 - Loss: 0.3361 - Val F1: 0.3571 - Val ROC-AUC: 0.6809 - Val PR-AUC: 0.3078
Epoch 90/100 - Loss: 0.3288 - Val F1: 0.3299 - Val ROC-AUC: 0.6793 - Val PR-AUC: 0.3082
Epoch 91/100 - Loss: 0.3367 - Val F1: 0.3472 - Val ROC-AUC: 0.6819 - Val PR-AUC: 0.3039
Epoch 92/100 - Loss: 0.3387 - Val F1: 0.3396 - Val ROC-AUC: 0.6795 - Val PR-AUC: 0.2992
Epoch 93/100 - Loss: 0.3387 - Val F1: 0.3406 - Val ROC-AUC: 0.6799 - Val PR-AUC: 0.3074
Epoch 94/100 - Loss: 0.3340 - Val F1: 0.3485 - Val ROC-AUC: 0.6806 - Val PR-AUC: 0.3085
Epoch 95/100 - Loss: 0.3288 - Val F1: 0.3516 - Val ROC-AUC: 0.6824 - Val PR-AUC: 0.3083
Epoch 96/100 - Loss: 0.3407 - Val F1: 0.3433 - Val ROC-AUC: 0.6807 - Val PR-AUC: 0.3100
Epoch 97/100 - Loss: 0.3339 - Val F1: 0.3368 - Val ROC-AUC: 0.6815 - Val PR-AUC: 0.3124
Epoch 98/100 - Loss: 0.3235 - Val F1: 0.3481 - Val ROC-AUC: 0.6824 - Val PR-AUC: 0.3068
Epoch 99/100 - Loss: 0.3342 - Val F1: 0.3507 - Val ROC-AUC: 0.6804 - Val PR-AUC: 0.3099
Epoch 100/100 - Loss: 0.3382 - Val F1: 0.3357 - Val ROC-AUC: 0.6805 - Val PR-AUC: 0.3078
Pretraining completed. Test F1: 0.3125, ROC-AUC: 0.6795, PR-AUC: 0.3597
[3/4] Finetuning on TOX21_ERR_LUC_Agonist using GIN_GCN...
[Fine-tune] Epoch 1/50 - Loss: 0.4661 - Val F1: 0.2162 - Val ROC-AUC: 0.8970 - Val PR-AUC: 0.4101
[Fine-tune] Epoch 2/50 - Loss: 0.3220 - Val F1: 0.2126 - Val ROC-AUC: 0.9024 - Val PR-AUC: 0.4143
[Fine-tune] Epoch 3/50 - Loss: 0.2979 - Val F1: 0.2621 - Val ROC-AUC: 0.8881 - Val PR-AUC: 0.4432
[Fine-tune] Epoch 4/50 - Loss: 0.2803 - Val F1: 0.3248 - Val ROC-AUC: 0.8859 - Val PR-AUC: 0.5067
[Fine-tune] Epoch 5/50 - Loss: 0.2425 - Val F1: 0.2714 - Val ROC-AUC: 0.8887 - Val PR-AUC: 0.3802
[Fine-tune] Epoch 6/50 - Loss: 0.2219 - Val F1: 0.2946 - Val ROC-AUC: 0.8807 - Val PR-AUC: 0.3345
[Fine-tune] Epoch 7/50 - Loss: 0.2211 - Val F1: 0.3363 - Val ROC-AUC: 0.9141 - Val PR-AUC: 0.4533
[Fine-tune] Epoch 8/50 - Loss: 0.1884 - Val F1: 0.3486 - Val ROC-AUC: 0.8784 - Val PR-AUC: 0.3781
[Fine-tune] Epoch 9/50 - Loss: 0.2009 - Val F1: 0.3220 - Val ROC-AUC: 0.8950 - Val PR-AUC: 0.4100
[Fine-tune] Epoch 10/50 - Loss: 0.1713 - Val F1: 0.3738 - Val ROC-AUC: 0.8717 - Val PR-AUC: 0.3316
[Fine-tune] Epoch 11/50 - Loss: 0.1334 - Val F1: 0.3951 - Val ROC-AUC: 0.8795 - Val PR-AUC: 0.3446
[Fine-tune] Epoch 12/50 - Loss: 0.1205 - Val F1: 0.3495 - Val ROC-AUC: 0.8869 - Val PR-AUC: 0.3529
[Fine-tune] Epoch 13/50 - Loss: 0.1176 - Val F1: 0.3542 - Val ROC-AUC: 0.8801 - Val PR-AUC: 0.3675
[Fine-tune] Epoch 14/50 - Loss: 0.1282 - Val F1: 0.3750 - Val ROC-AUC: 0.8818 - Val PR-AUC: 0.3672
[Fine-tune] Epoch 15/50 - Loss: 0.1036 - Val F1: 0.3600 - Val ROC-AUC: 0.8727 - Val PR-AUC: 0.3433
[Fine-tune] Epoch 16/50 - Loss: 0.1063 - Val F1: 0.3656 - Val ROC-AUC: 0.8768 - Val PR-AUC: 0.3551
[Fine-tune] Epoch 17/50 - Loss: 0.1111 - Val F1: 0.3423 - Val ROC-AUC: 0.8847 - Val PR-AUC: 0.3858
[Fine-tune] Epoch 18/50 - Loss: 0.1024 - Val F1: 0.4634 - Val ROC-AUC: 0.8902 - Val PR-AUC: 0.4150
[Fine-tune] Epoch 19/50 - Loss: 0.1006 - Val F1: 0.4091 - Val ROC-AUC: 0.8746 - Val PR-AUC: 0.3659
[Fine-tune] Epoch 20/50 - Loss: 0.1043 - Val F1: 0.4270 - Val ROC-AUC: 0.8666 - Val PR-AUC: 0.4376
[Fine-tune] Epoch 21/50 - Loss: 0.0836 - Val F1: 0.4337 - Val ROC-AUC: 0.8843 - Val PR-AUC: 0.3917
[Fine-tune] Epoch 22/50 - Loss: 0.0808 - Val F1: 0.4267 - Val ROC-AUC: 0.8827 - Val PR-AUC: 0.3667
[Fine-tune] Epoch 23/50 - Loss: 0.0737 - Val F1: 0.4103 - Val ROC-AUC: 0.8782 - Val PR-AUC: 0.3784
[Fine-tune] Epoch 24/50 - Loss: 0.0666 - Val F1: 0.4156 - Val ROC-AUC: 0.8710 - Val PR-AUC: 0.4110
[Fine-tune] Epoch 25/50 - Loss: 0.0635 - Val F1: 0.3951 - Val ROC-AUC: 0.8886 - Val PR-AUC: 0.3779
[Fine-tune] Epoch 26/50 - Loss: 0.0689 - Val F1: 0.4000 - Val ROC-AUC: 0.8769 - Val PR-AUC: 0.4169
[Fine-tune] Epoch 27/50 - Loss: 0.0670 - Val F1: 0.3784 - Val ROC-AUC: 0.8782 - Val PR-AUC: 0.3342
[Fine-tune] Epoch 28/50 - Loss: 0.0714 - Val F1: 0.4000 - Val ROC-AUC: 0.8816 - Val PR-AUC: 0.3534
[Fine-tune] Epoch 29/50 - Loss: 0.0614 - Val F1: 0.4324 - Val ROC-AUC: 0.8831 - Val PR-AUC: 0.3688
[Fine-tune] Epoch 30/50 - Loss: 0.0635 - Val F1: 0.4478 - Val ROC-AUC: 0.8861 - Val PR-AUC: 0.4259
[Fine-tune] Epoch 31/50 - Loss: 0.0622 - Val F1: 0.3896 - Val ROC-AUC: 0.8833 - Val PR-AUC: 0.3866
[Fine-tune] Epoch 32/50 - Loss: 0.0559 - Val F1: 0.4267 - Val ROC-AUC: 0.8852 - Val PR-AUC: 0.3794
[Fine-tune] Epoch 33/50 - Loss: 0.0566 - Val F1: 0.4103 - Val ROC-AUC: 0.8808 - Val PR-AUC: 0.3541
[Fine-tune] Epoch 34/50 - Loss: 0.0510 - Val F1: 0.4384 - Val ROC-AUC: 0.8778 - Val PR-AUC: 0.3940
[Fine-tune] Epoch 35/50 - Loss: 0.0559 - Val F1: 0.4324 - Val ROC-AUC: 0.8808 - Val PR-AUC: 0.3781
[Fine-tune] Epoch 36/50 - Loss: 0.0602 - Val F1: 0.4615 - Val ROC-AUC: 0.8912 - Val PR-AUC: 0.3918
[Fine-tune] Epoch 37/50 - Loss: 0.0603 - Val F1: 0.4211 - Val ROC-AUC: 0.8810 - Val PR-AUC: 0.3657
[Fine-tune] Epoch 38/50 - Loss: 0.0593 - Val F1: 0.4267 - Val ROC-AUC: 0.8778 - Val PR-AUC: 0.3273
[Fine-tune] Epoch 39/50 - Loss: 0.0537 - Val F1: 0.4000 - Val ROC-AUC: 0.8738 - Val PR-AUC: 0.3606
[Fine-tune] Epoch 40/50 - Loss: 0.0432 - Val F1: 0.4267 - Val ROC-AUC: 0.8786 - Val PR-AUC: 0.3811
[Fine-tune] Epoch 41/50 - Loss: 0.0482 - Val F1: 0.4054 - Val ROC-AUC: 0.8793 - Val PR-AUC: 0.3678
[Fine-tune] Epoch 42/50 - Loss: 0.0484 - Val F1: 0.4324 - Val ROC-AUC: 0.8838 - Val PR-AUC: 0.3684
[Fine-tune] Epoch 43/50 - Loss: 0.0439 - Val F1: 0.4324 - Val ROC-AUC: 0.8870 - Val PR-AUC: 0.3750
[Fine-tune] Epoch 44/50 - Loss: 0.0498 - Val F1: 0.4167 - Val ROC-AUC: 0.8761 - Val PR-AUC: 0.3252
[Fine-tune] Epoch 45/50 - Loss: 0.0488 - Val F1: 0.4167 - Val ROC-AUC: 0.8794 - Val PR-AUC: 0.3736
[Fine-tune] Epoch 46/50 - Loss: 0.0368 - Val F1: 0.4110 - Val ROC-AUC: 0.8818 - Val PR-AUC: 0.3907
[Fine-tune] Epoch 47/50 - Loss: 0.0466 - Val F1: 0.4211 - Val ROC-AUC: 0.8879 - Val PR-AUC: 0.4110
[Fine-tune] Epoch 48/50 - Loss: 0.0443 - Val F1: 0.4286 - Val ROC-AUC: 0.8832 - Val PR-AUC: 0.4017
[Fine-tune] Epoch 49/50 - Loss: 0.0398 - Val F1: 0.4225 - Val ROC-AUC: 0.8837 - Val PR-AUC: 0.4091
[Fine-tune] Epoch 50/50 - Loss: 0.0541 - Val F1: 0.4167 - Val ROC-AUC: 0.8789 - Val PR-AUC: 0.4098
Finetuning completed. Test F1: 0.2927, ROC-AUC: 0.8018, PR-AUC: 0.2035
[3.1/4] Target-only training on TOX21_ERR_LUC_Agonist using GIN_GCN...
=== Target-only training ===
[Target-only] Epoch 1/50 – Loss: 0.4857  Val F1: 0.1469  ROC-AUC: 0.8933  PR-AUC: 0.2901
[Target-only] Epoch 2/50 – Loss: 0.4259  Val F1: 0.1854  ROC-AUC: 0.8588  PR-AUC: 0.2539
[Target-only] Epoch 3/50 – Loss: 0.3975  Val F1: 0.2021  ROC-AUC: 0.8758  PR-AUC: 0.3837
[Target-only] Epoch 4/50 – Loss: 0.3670  Val F1: 0.3091  ROC-AUC: 0.8689  PR-AUC: 0.3698
[Target-only] Epoch 5/50 – Loss: 0.3395  Val F1: 0.2742  ROC-AUC: 0.8810  PR-AUC: 0.4138
[Target-only] Epoch 6/50 – Loss: 0.3232  Val F1: 0.3030  ROC-AUC: 0.8702  PR-AUC: 0.4378
[Target-only] Epoch 7/50 – Loss: 0.3126  Val F1: 0.2815  ROC-AUC: 0.9045  PR-AUC: 0.4883
[Target-only] Epoch 8/50 – Loss: 0.2847  Val F1: 0.2774  ROC-AUC: 0.9099  PR-AUC: 0.4883
[Target-only] Epoch 9/50 – Loss: 0.2706  Val F1: 0.2466  ROC-AUC: 0.8882  PR-AUC: 0.3917
[Target-only] Epoch 10/50 – Loss: 0.2619  Val F1: 0.3111  ROC-AUC: 0.9118  PR-AUC: 0.5411
[Target-only] Epoch 11/50 – Loss: 0.2128  Val F1: 0.2597  ROC-AUC: 0.9008  PR-AUC: 0.5095
[Target-only] Epoch 12/50 – Loss: 0.1937  Val F1: 0.3519  ROC-AUC: 0.9074  PR-AUC: 0.4492
[Target-only] Epoch 13/50 – Loss: 0.1815  Val F1: 0.3390  ROC-AUC: 0.8983  PR-AUC: 0.4460
[Target-only] Epoch 14/50 – Loss: 0.1879  Val F1: 0.2714  ROC-AUC: 0.8994  PR-AUC: 0.5663
[Target-only] Epoch 15/50 – Loss: 0.1764  Val F1: 0.3571  ROC-AUC: 0.8999  PR-AUC: 0.4673
[Target-only] Epoch 16/50 – Loss: 0.1696  Val F1: 0.3551  ROC-AUC: 0.8986  PR-AUC: 0.4869
[Target-only] Epoch 17/50 – Loss: 0.1633  Val F1: 0.3115  ROC-AUC: 0.9026  PR-AUC: 0.4457
[Target-only] Epoch 18/50 – Loss: 0.1496  Val F1: 0.3636  ROC-AUC: 0.9046  PR-AUC: 0.4942
[Target-only] Epoch 19/50 – Loss: 0.1487  Val F1: 0.3604  ROC-AUC: 0.8840  PR-AUC: 0.3726
[Target-only] Epoch 20/50 – Loss: 0.1437  Val F1: 0.4301  ROC-AUC: 0.8881  PR-AUC: 0.3628
[Target-only] Epoch 21/50 – Loss: 0.1227  Val F1: 0.3670  ROC-AUC: 0.8816  PR-AUC: 0.3892
[Target-only] Epoch 22/50 – Loss: 0.1194  Val F1: 0.3810  ROC-AUC: 0.8875  PR-AUC: 0.3668
[Target-only] Epoch 23/50 – Loss: 0.1059  Val F1: 0.4222  ROC-AUC: 0.8941  PR-AUC: 0.4650
[Target-only] Epoch 24/50 – Loss: 0.1137  Val F1: 0.4176  ROC-AUC: 0.9110  PR-AUC: 0.4692
[Target-only] Epoch 25/50 – Loss: 0.1114  Val F1: 0.3670  ROC-AUC: 0.8911  PR-AUC: 0.3527
[Target-only] Epoch 26/50 – Loss: 0.1065  Val F1: 0.4255  ROC-AUC: 0.8828  PR-AUC: 0.4045
[Target-only] Epoch 27/50 – Loss: 0.1141  Val F1: 0.4324  ROC-AUC: 0.8854  PR-AUC: 0.3940
[Target-only] Epoch 28/50 – Loss: 0.0974  Val F1: 0.4082  ROC-AUC: 0.8987  PR-AUC: 0.4114
[Target-only] Epoch 29/50 – Loss: 0.0988  Val F1: 0.4494  ROC-AUC: 0.8980  PR-AUC: 0.3837
[Target-only] Epoch 30/50 – Loss: 0.0947  Val F1: 0.4598  ROC-AUC: 0.9017  PR-AUC: 0.4058
[Target-only] Epoch 31/50 – Loss: 0.0918  Val F1: 0.4634  ROC-AUC: 0.8940  PR-AUC: 0.4047
[Target-only] Epoch 32/50 – Loss: 0.0805  Val F1: 0.4167  ROC-AUC: 0.8901  PR-AUC: 0.3979
[Target-only] Epoch 33/50 – Loss: 0.0831  Val F1: 0.4130  ROC-AUC: 0.8871  PR-AUC: 0.3925
[Target-only] Epoch 34/50 – Loss: 0.0725  Val F1: 0.4368  ROC-AUC: 0.8907  PR-AUC: 0.3990
[Target-only] Epoch 35/50 – Loss: 0.0840  Val F1: 0.4186  ROC-AUC: 0.8844  PR-AUC: 0.3504
[Target-only] Epoch 36/50 – Loss: 0.0833  Val F1: 0.4176  ROC-AUC: 0.8934  PR-AUC: 0.4176
[Target-only] Epoch 37/50 – Loss: 0.0809  Val F1: 0.4691  ROC-AUC: 0.8895  PR-AUC: 0.4415
[Target-only] Epoch 38/50 – Loss: 0.0720  Val F1: 0.4186  ROC-AUC: 0.8770  PR-AUC: 0.3591
[Target-only] Epoch 39/50 – Loss: 0.0661  Val F1: 0.4301  ROC-AUC: 0.8763  PR-AUC: 0.3499
[Target-only] Epoch 40/50 – Loss: 0.0728  Val F1: 0.4000  ROC-AUC: 0.8789  PR-AUC: 0.3434
[Target-only] Epoch 41/50 – Loss: 0.0677  Val F1: 0.4198  ROC-AUC: 0.8806  PR-AUC: 0.3557
[Target-only] Epoch 42/50 – Loss: 0.0640  Val F1: 0.4048  ROC-AUC: 0.8760  PR-AUC: 0.3661
[Target-only] Epoch 43/50 – Loss: 0.0618  Val F1: 0.4557  ROC-AUC: 0.8874  PR-AUC: 0.3988
[Target-only] Epoch 44/50 – Loss: 0.0749  Val F1: 0.4615  ROC-AUC: 0.8879  PR-AUC: 0.3716
[Target-only] Epoch 45/50 – Loss: 0.0638  Val F1: 0.4578  ROC-AUC: 0.8765  PR-AUC: 0.3769
[Target-only] Epoch 46/50 – Loss: 0.0557  Val F1: 0.4390  ROC-AUC: 0.8813  PR-AUC: 0.3750
[Target-only] Epoch 47/50 – Loss: 0.0661  Val F1: 0.3864  ROC-AUC: 0.8894  PR-AUC: 0.4007
[Target-only] Epoch 48/50 – Loss: 0.0593  Val F1: 0.4000  ROC-AUC: 0.8824  PR-AUC: 0.3921
[Target-only] Epoch 49/50 – Loss: 0.0582  Val F1: 0.4138  ROC-AUC: 0.8808  PR-AUC: 0.3689
[Target-only] Epoch 50/50 – Loss: 0.0674  Val F1: 0.4419  ROC-AUC: 0.8815  PR-AUC: 0.3605
=== Target-only TEST performance ===
Test F1: 0.2632, ROC-AUC: 0.7744, PR-AUC: 0.2162
✅ 실험 완료: TOX21_ERa_LUC_VM7_Agonist -> TOX21_ERR_LUC_Agonist [GIN_GCN]
