[1/4] Excel → CSV 변환 중...
Saved pretrain CSV for TOX21_ERa_LUC_VM7_Agonist: data/sample/TOX21_ERa_LUC_VM7_Agonist.csv
Saved pretrain CSV for TOX21_ERb_BLA_Agonist_viability: data/sample/TOX21_ERb_BLA_Agonist_viability.csv
Saved pretrain CSV for TOX21_ERa_LUC_VM7_Agonist_10nM_ICI182780_viability: data/sample/TOX21_ERa_LUC_VM7_Agonist_10nM_ICI182780_viability.csv
Saved pretrain CSV for TOX21_ERR_LUC_viability: data/sample/TOX21_ERR_LUC_viability.csv
Saved finetune CSV for TOX21_ERa_BLA_Agonist_ch2: data/sample/TOX21_ERa_BLA_Agonist_ch2.csv
Saved finetune CSV for TOX21_ERa_BLA_Agonist_ch1: data/sample/TOX21_ERa_BLA_Agonist_ch1.csv
Saved finetune CSV for TOX21_ERa_BLA_Agonist_ratio: data/sample/TOX21_ERa_BLA_Agonist_ratio.csv
Saved finetune CSV for TOX21_ERb_BLA_Agonist_ratio: data/sample/TOX21_ERb_BLA_Agonist_ratio.csv
Saved finetune CSV for TOX21_ERb_BLA_Agonist_ch2: data/sample/TOX21_ERb_BLA_Agonist_ch2.csv
Saved finetune CSV for TOX21_ERb_BLA_Agonist_ch1: data/sample/TOX21_ERb_BLA_Agonist_ch1.csv
Saved finetune CSV for TOX21_ERR_LUC_Agonist: data/sample/TOX21_ERR_LUC_Agonist.csv
Saved finetune CSV for TOX21_ERa_LUC_VM7_Agonist_10nM_ICI182780: data/sample/TOX21_ERa_LUC_VM7_Agonist_10nM_ICI182780.csv
[2/4] Pretraining on TOX21_ERb_BLA_Agonist_viability using GIN_GCN...
Epoch 1/100 - Loss: 0.6282 - Val F1: 0.3263 - Val ROC-AUC: 0.6709 - Val PR-AUC: 0.2156
Epoch 2/100 - Loss: 0.5875 - Val F1: 0.3821 - Val ROC-AUC: 0.7109 - Val PR-AUC: 0.2363
Epoch 3/100 - Loss: 0.5619 - Val F1: 0.3371 - Val ROC-AUC: 0.7266 - Val PR-AUC: 0.2798
Epoch 4/100 - Loss: 0.5566 - Val F1: 0.3797 - Val ROC-AUC: 0.7163 - Val PR-AUC: 0.2561
Epoch 5/100 - Loss: 0.5435 - Val F1: 0.4043 - Val ROC-AUC: 0.7581 - Val PR-AUC: 0.3061
Epoch 6/100 - Loss: 0.5337 - Val F1: 0.3439 - Val ROC-AUC: 0.7383 - Val PR-AUC: 0.3395
Epoch 7/100 - Loss: 0.5159 - Val F1: 0.4011 - Val ROC-AUC: 0.7648 - Val PR-AUC: 0.3727
Epoch 8/100 - Loss: 0.5178 - Val F1: 0.4241 - Val ROC-AUC: 0.7622 - Val PR-AUC: 0.3192
Epoch 9/100 - Loss: 0.5149 - Val F1: 0.3881 - Val ROC-AUC: 0.7622 - Val PR-AUC: 0.3168
Epoch 10/100 - Loss: 0.4986 - Val F1: 0.4304 - Val ROC-AUC: 0.7612 - Val PR-AUC: 0.2898
Epoch 11/100 - Loss: 0.4779 - Val F1: 0.3989 - Val ROC-AUC: 0.7746 - Val PR-AUC: 0.3647
Epoch 12/100 - Loss: 0.4820 - Val F1: 0.3985 - Val ROC-AUC: 0.7545 - Val PR-AUC: 0.3079
Epoch 13/100 - Loss: 0.4755 - Val F1: 0.4194 - Val ROC-AUC: 0.7747 - Val PR-AUC: 0.3249
Epoch 14/100 - Loss: 0.4680 - Val F1: 0.4086 - Val ROC-AUC: 0.7761 - Val PR-AUC: 0.3300
Epoch 15/100 - Loss: 0.4683 - Val F1: 0.4080 - Val ROC-AUC: 0.7700 - Val PR-AUC: 0.3090
Epoch 16/100 - Loss: 0.4540 - Val F1: 0.3924 - Val ROC-AUC: 0.7723 - Val PR-AUC: 0.3458
Epoch 17/100 - Loss: 0.4577 - Val F1: 0.4241 - Val ROC-AUC: 0.7850 - Val PR-AUC: 0.3537
Epoch 18/100 - Loss: 0.4441 - Val F1: 0.4046 - Val ROC-AUC: 0.7730 - Val PR-AUC: 0.3358
Epoch 19/100 - Loss: 0.4318 - Val F1: 0.4282 - Val ROC-AUC: 0.7826 - Val PR-AUC: 0.3631
Epoch 20/100 - Loss: 0.4440 - Val F1: 0.4127 - Val ROC-AUC: 0.7813 - Val PR-AUC: 0.3624
Epoch 21/100 - Loss: 0.4180 - Val F1: 0.4394 - Val ROC-AUC: 0.8075 - Val PR-AUC: 0.3771
Epoch 22/100 - Loss: 0.4224 - Val F1: 0.4030 - Val ROC-AUC: 0.7996 - Val PR-AUC: 0.3604
Epoch 23/100 - Loss: 0.4094 - Val F1: 0.4236 - Val ROC-AUC: 0.8023 - Val PR-AUC: 0.3709
Epoch 24/100 - Loss: 0.4277 - Val F1: 0.4217 - Val ROC-AUC: 0.8014 - Val PR-AUC: 0.3624
Epoch 25/100 - Loss: 0.4108 - Val F1: 0.4052 - Val ROC-AUC: 0.7983 - Val PR-AUC: 0.3685
Epoch 26/100 - Loss: 0.3990 - Val F1: 0.4195 - Val ROC-AUC: 0.7894 - Val PR-AUC: 0.3565
Epoch 27/100 - Loss: 0.3886 - Val F1: 0.4358 - Val ROC-AUC: 0.8103 - Val PR-AUC: 0.3825
Epoch 28/100 - Loss: 0.3926 - Val F1: 0.4330 - Val ROC-AUC: 0.7977 - Val PR-AUC: 0.3657
Epoch 29/100 - Loss: 0.3945 - Val F1: 0.4395 - Val ROC-AUC: 0.8070 - Val PR-AUC: 0.3785
Epoch 30/100 - Loss: 0.3789 - Val F1: 0.4395 - Val ROC-AUC: 0.8085 - Val PR-AUC: 0.3871
Epoch 31/100 - Loss: 0.3796 - Val F1: 0.4459 - Val ROC-AUC: 0.8034 - Val PR-AUC: 0.3832
Epoch 32/100 - Loss: 0.3750 - Val F1: 0.4595 - Val ROC-AUC: 0.8123 - Val PR-AUC: 0.3842
Epoch 33/100 - Loss: 0.3746 - Val F1: 0.4413 - Val ROC-AUC: 0.8099 - Val PR-AUC: 0.3870
Epoch 34/100 - Loss: 0.3626 - Val F1: 0.4444 - Val ROC-AUC: 0.8030 - Val PR-AUC: 0.3708
Epoch 35/100 - Loss: 0.3718 - Val F1: 0.4410 - Val ROC-AUC: 0.8097 - Val PR-AUC: 0.3944
Epoch 36/100 - Loss: 0.3641 - Val F1: 0.4444 - Val ROC-AUC: 0.8077 - Val PR-AUC: 0.3967
Epoch 37/100 - Loss: 0.3478 - Val F1: 0.4702 - Val ROC-AUC: 0.8156 - Val PR-AUC: 0.4048
Epoch 38/100 - Loss: 0.3468 - Val F1: 0.4768 - Val ROC-AUC: 0.8121 - Val PR-AUC: 0.3949
Epoch 39/100 - Loss: 0.3442 - Val F1: 0.4430 - Val ROC-AUC: 0.8138 - Val PR-AUC: 0.3910
Epoch 40/100 - Loss: 0.3484 - Val F1: 0.4679 - Val ROC-AUC: 0.8152 - Val PR-AUC: 0.3943
Epoch 41/100 - Loss: 0.3352 - Val F1: 0.4570 - Val ROC-AUC: 0.8115 - Val PR-AUC: 0.3989
Epoch 42/100 - Loss: 0.3245 - Val F1: 0.4665 - Val ROC-AUC: 0.8105 - Val PR-AUC: 0.3931
Epoch 43/100 - Loss: 0.3394 - Val F1: 0.4522 - Val ROC-AUC: 0.8131 - Val PR-AUC: 0.3995
Epoch 44/100 - Loss: 0.3293 - Val F1: 0.4543 - Val ROC-AUC: 0.8137 - Val PR-AUC: 0.4027
Epoch 45/100 - Loss: 0.3255 - Val F1: 0.4365 - Val ROC-AUC: 0.8058 - Val PR-AUC: 0.3920
Epoch 46/100 - Loss: 0.3300 - Val F1: 0.4630 - Val ROC-AUC: 0.8099 - Val PR-AUC: 0.3843
Epoch 47/100 - Loss: 0.3187 - Val F1: 0.4702 - Val ROC-AUC: 0.8036 - Val PR-AUC: 0.3825
Epoch 48/100 - Loss: 0.3198 - Val F1: 0.4739 - Val ROC-AUC: 0.8089 - Val PR-AUC: 0.3899
Epoch 49/100 - Loss: 0.3180 - Val F1: 0.4533 - Val ROC-AUC: 0.8100 - Val PR-AUC: 0.3896
Epoch 50/100 - Loss: 0.3365 - Val F1: 0.4474 - Val ROC-AUC: 0.8072 - Val PR-AUC: 0.3798
Epoch 51/100 - Loss: 0.3182 - Val F1: 0.4575 - Val ROC-AUC: 0.8054 - Val PR-AUC: 0.3816
Epoch 52/100 - Loss: 0.3048 - Val F1: 0.4591 - Val ROC-AUC: 0.8110 - Val PR-AUC: 0.3972
Epoch 53/100 - Loss: 0.3070 - Val F1: 0.4746 - Val ROC-AUC: 0.8083 - Val PR-AUC: 0.3931
Epoch 54/100 - Loss: 0.3161 - Val F1: 0.4590 - Val ROC-AUC: 0.8124 - Val PR-AUC: 0.3942
Epoch 55/100 - Loss: 0.3228 - Val F1: 0.4660 - Val ROC-AUC: 0.8132 - Val PR-AUC: 0.4013
Epoch 56/100 - Loss: 0.3145 - Val F1: 0.4646 - Val ROC-AUC: 0.8051 - Val PR-AUC: 0.3879
Epoch 57/100 - Loss: 0.3182 - Val F1: 0.4508 - Val ROC-AUC: 0.8131 - Val PR-AUC: 0.4018
Epoch 58/100 - Loss: 0.3099 - Val F1: 0.4630 - Val ROC-AUC: 0.8110 - Val PR-AUC: 0.3896
Epoch 59/100 - Loss: 0.3032 - Val F1: 0.4502 - Val ROC-AUC: 0.8094 - Val PR-AUC: 0.3934
Epoch 60/100 - Loss: 0.3027 - Val F1: 0.4876 - Val ROC-AUC: 0.8152 - Val PR-AUC: 0.4005
Epoch 61/100 - Loss: 0.2977 - Val F1: 0.4679 - Val ROC-AUC: 0.8116 - Val PR-AUC: 0.3955
Epoch 62/100 - Loss: 0.3051 - Val F1: 0.4679 - Val ROC-AUC: 0.8121 - Val PR-AUC: 0.4022
Epoch 63/100 - Loss: 0.2987 - Val F1: 0.4605 - Val ROC-AUC: 0.8139 - Val PR-AUC: 0.4014
Epoch 64/100 - Loss: 0.3001 - Val F1: 0.4590 - Val ROC-AUC: 0.8131 - Val PR-AUC: 0.3996
Epoch 65/100 - Loss: 0.3010 - Val F1: 0.4620 - Val ROC-AUC: 0.8101 - Val PR-AUC: 0.3947
Epoch 66/100 - Loss: 0.3067 - Val F1: 0.4531 - Val ROC-AUC: 0.8105 - Val PR-AUC: 0.3996
Epoch 67/100 - Loss: 0.3006 - Val F1: 0.4739 - Val ROC-AUC: 0.8145 - Val PR-AUC: 0.3986
Epoch 68/100 - Loss: 0.2960 - Val F1: 0.4675 - Val ROC-AUC: 0.8136 - Val PR-AUC: 0.4066
Epoch 69/100 - Loss: 0.3009 - Val F1: 0.4694 - Val ROC-AUC: 0.8128 - Val PR-AUC: 0.3996
Epoch 70/100 - Loss: 0.3094 - Val F1: 0.4735 - Val ROC-AUC: 0.8110 - Val PR-AUC: 0.4002
Epoch 71/100 - Loss: 0.2952 - Val F1: 0.4691 - Val ROC-AUC: 0.8107 - Val PR-AUC: 0.4019
Epoch 72/100 - Loss: 0.3005 - Val F1: 0.4583 - Val ROC-AUC: 0.8113 - Val PR-AUC: 0.4019
Epoch 73/100 - Loss: 0.3084 - Val F1: 0.4605 - Val ROC-AUC: 0.8129 - Val PR-AUC: 0.4032
Epoch 74/100 - Loss: 0.3028 - Val F1: 0.4615 - Val ROC-AUC: 0.8130 - Val PR-AUC: 0.4051
Epoch 75/100 - Loss: 0.2917 - Val F1: 0.4730 - Val ROC-AUC: 0.8111 - Val PR-AUC: 0.3984
Epoch 76/100 - Loss: 0.3036 - Val F1: 0.4648 - Val ROC-AUC: 0.8085 - Val PR-AUC: 0.3997
Epoch 77/100 - Loss: 0.2966 - Val F1: 0.4671 - Val ROC-AUC: 0.8056 - Val PR-AUC: 0.3950
Epoch 78/100 - Loss: 0.3024 - Val F1: 0.4615 - Val ROC-AUC: 0.8108 - Val PR-AUC: 0.4003
Epoch 79/100 - Loss: 0.3003 - Val F1: 0.4702 - Val ROC-AUC: 0.8096 - Val PR-AUC: 0.4029
Epoch 80/100 - Loss: 0.3023 - Val F1: 0.4589 - Val ROC-AUC: 0.8100 - Val PR-AUC: 0.4034
Epoch 81/100 - Loss: 0.2961 - Val F1: 0.4690 - Val ROC-AUC: 0.8095 - Val PR-AUC: 0.4008
Epoch 82/100 - Loss: 0.3136 - Val F1: 0.4664 - Val ROC-AUC: 0.8097 - Val PR-AUC: 0.3993
Epoch 83/100 - Loss: 0.2958 - Val F1: 0.4482 - Val ROC-AUC: 0.8128 - Val PR-AUC: 0.4069
Epoch 84/100 - Loss: 0.2934 - Val F1: 0.4589 - Val ROC-AUC: 0.8120 - Val PR-AUC: 0.4077
Epoch 85/100 - Loss: 0.2920 - Val F1: 0.4570 - Val ROC-AUC: 0.8142 - Val PR-AUC: 0.4062
Epoch 86/100 - Loss: 0.3011 - Val F1: 0.4495 - Val ROC-AUC: 0.8128 - Val PR-AUC: 0.4081
Epoch 87/100 - Loss: 0.3012 - Val F1: 0.4590 - Val ROC-AUC: 0.8137 - Val PR-AUC: 0.4069
Epoch 88/100 - Loss: 0.3043 - Val F1: 0.4667 - Val ROC-AUC: 0.8137 - Val PR-AUC: 0.4080
Epoch 89/100 - Loss: 0.2971 - Val F1: 0.4548 - Val ROC-AUC: 0.8118 - Val PR-AUC: 0.4041
Epoch 90/100 - Loss: 0.3040 - Val F1: 0.4694 - Val ROC-AUC: 0.8122 - Val PR-AUC: 0.4045
Epoch 91/100 - Loss: 0.2993 - Val F1: 0.4642 - Val ROC-AUC: 0.8115 - Val PR-AUC: 0.3989
Epoch 92/100 - Loss: 0.3074 - Val F1: 0.4653 - Val ROC-AUC: 0.8111 - Val PR-AUC: 0.3995
Epoch 93/100 - Loss: 0.2815 - Val F1: 0.4698 - Val ROC-AUC: 0.8112 - Val PR-AUC: 0.4009
Epoch 94/100 - Loss: 0.3119 - Val F1: 0.4690 - Val ROC-AUC: 0.8118 - Val PR-AUC: 0.4046
Epoch 95/100 - Loss: 0.2874 - Val F1: 0.4702 - Val ROC-AUC: 0.8107 - Val PR-AUC: 0.3986
Epoch 96/100 - Loss: 0.2947 - Val F1: 0.4678 - Val ROC-AUC: 0.8108 - Val PR-AUC: 0.4006
Epoch 97/100 - Loss: 0.2958 - Val F1: 0.4631 - Val ROC-AUC: 0.8119 - Val PR-AUC: 0.4038
Epoch 98/100 - Loss: 0.2950 - Val F1: 0.4610 - Val ROC-AUC: 0.8122 - Val PR-AUC: 0.4041
Epoch 99/100 - Loss: 0.3122 - Val F1: 0.4669 - Val ROC-AUC: 0.8109 - Val PR-AUC: 0.4004
Epoch 100/100 - Loss: 0.2924 - Val F1: 0.4583 - Val ROC-AUC: 0.8125 - Val PR-AUC: 0.4041
Pretraining completed. Test F1: 0.3867, ROC-AUC: 0.7397, PR-AUC: 0.3281
[3/4] Finetuning on TOX21_ERa_BLA_Agonist_ch1 using GIN_GCN...
[Fine-tune] Epoch 1/50 - Loss: 0.4875 - Val F1: 0.2291 - Val ROC-AUC: 0.8058 - Val PR-AUC: 0.3453
[Fine-tune] Epoch 2/50 - Loss: 0.4079 - Val F1: 0.2083 - Val ROC-AUC: 0.8283 - Val PR-AUC: 0.3493
[Fine-tune] Epoch 3/50 - Loss: 0.3746 - Val F1: 0.3067 - Val ROC-AUC: 0.8014 - Val PR-AUC: 0.4169
[Fine-tune] Epoch 4/50 - Loss: 0.3632 - Val F1: 0.2514 - Val ROC-AUC: 0.7907 - Val PR-AUC: 0.3295
[Fine-tune] Epoch 5/50 - Loss: 0.3235 - Val F1: 0.2553 - Val ROC-AUC: 0.8034 - Val PR-AUC: 0.3460
[Fine-tune] Epoch 6/50 - Loss: 0.3327 - Val F1: 0.2486 - Val ROC-AUC: 0.8138 - Val PR-AUC: 0.4043
[Fine-tune] Epoch 7/50 - Loss: 0.2988 - Val F1: 0.2487 - Val ROC-AUC: 0.8202 - Val PR-AUC: 0.3569
[Fine-tune] Epoch 8/50 - Loss: 0.2894 - Val F1: 0.2476 - Val ROC-AUC: 0.8176 - Val PR-AUC: 0.3498
[Fine-tune] Epoch 9/50 - Loss: 0.2895 - Val F1: 0.2667 - Val ROC-AUC: 0.7983 - Val PR-AUC: 0.2843
[Fine-tune] Epoch 10/50 - Loss: 0.2719 - Val F1: 0.2178 - Val ROC-AUC: 0.7718 - Val PR-AUC: 0.1807
[Fine-tune] Epoch 11/50 - Loss: 0.2327 - Val F1: 0.2817 - Val ROC-AUC: 0.7851 - Val PR-AUC: 0.3928
[Fine-tune] Epoch 12/50 - Loss: 0.2139 - Val F1: 0.2727 - Val ROC-AUC: 0.7838 - Val PR-AUC: 0.3423
[Fine-tune] Epoch 13/50 - Loss: 0.2003 - Val F1: 0.3226 - Val ROC-AUC: 0.8051 - Val PR-AUC: 0.3835
[Fine-tune] Epoch 14/50 - Loss: 0.1742 - Val F1: 0.2759 - Val ROC-AUC: 0.8136 - Val PR-AUC: 0.3447
[Fine-tune] Epoch 15/50 - Loss: 0.1815 - Val F1: 0.2880 - Val ROC-AUC: 0.8104 - Val PR-AUC: 0.3923
[Fine-tune] Epoch 16/50 - Loss: 0.1901 - Val F1: 0.3130 - Val ROC-AUC: 0.8119 - Val PR-AUC: 0.2989
[Fine-tune] Epoch 17/50 - Loss: 0.1768 - Val F1: 0.3636 - Val ROC-AUC: 0.8043 - Val PR-AUC: 0.3990
[Fine-tune] Epoch 18/50 - Loss: 0.1671 - Val F1: 0.2969 - Val ROC-AUC: 0.7856 - Val PR-AUC: 0.3683
[Fine-tune] Epoch 19/50 - Loss: 0.1598 - Val F1: 0.3016 - Val ROC-AUC: 0.7907 - Val PR-AUC: 0.3711
[Fine-tune] Epoch 20/50 - Loss: 0.1619 - Val F1: 0.2764 - Val ROC-AUC: 0.7965 - Val PR-AUC: 0.2706
[Fine-tune] Epoch 21/50 - Loss: 0.1390 - Val F1: 0.3193 - Val ROC-AUC: 0.8074 - Val PR-AUC: 0.3580
[Fine-tune] Epoch 22/50 - Loss: 0.1249 - Val F1: 0.3252 - Val ROC-AUC: 0.8116 - Val PR-AUC: 0.3773
[Fine-tune] Epoch 23/50 - Loss: 0.1243 - Val F1: 0.3333 - Val ROC-AUC: 0.8080 - Val PR-AUC: 0.3217
[Fine-tune] Epoch 24/50 - Loss: 0.1232 - Val F1: 0.3486 - Val ROC-AUC: 0.7940 - Val PR-AUC: 0.3656
[Fine-tune] Epoch 25/50 - Loss: 0.1109 - Val F1: 0.3243 - Val ROC-AUC: 0.8145 - Val PR-AUC: 0.3670
[Fine-tune] Epoch 26/50 - Loss: 0.1243 - Val F1: 0.3495 - Val ROC-AUC: 0.7998 - Val PR-AUC: 0.3424
[Fine-tune] Epoch 27/50 - Loss: 0.1172 - Val F1: 0.3273 - Val ROC-AUC: 0.7992 - Val PR-AUC: 0.3084
[Fine-tune] Epoch 28/50 - Loss: 0.0960 - Val F1: 0.3053 - Val ROC-AUC: 0.8008 - Val PR-AUC: 0.3554
[Fine-tune] Epoch 29/50 - Loss: 0.1053 - Val F1: 0.3091 - Val ROC-AUC: 0.7886 - Val PR-AUC: 0.2750
[Fine-tune] Epoch 30/50 - Loss: 0.1101 - Val F1: 0.3396 - Val ROC-AUC: 0.7933 - Val PR-AUC: 0.3262
[Fine-tune] Epoch 31/50 - Loss: 0.0946 - Val F1: 0.3193 - Val ROC-AUC: 0.7942 - Val PR-AUC: 0.3231
[Fine-tune] Epoch 32/50 - Loss: 0.0903 - Val F1: 0.3363 - Val ROC-AUC: 0.7955 - Val PR-AUC: 0.3224
[Fine-tune] Epoch 33/50 - Loss: 0.0904 - Val F1: 0.3551 - Val ROC-AUC: 0.7998 - Val PR-AUC: 0.3457
[Fine-tune] Epoch 34/50 - Loss: 0.0864 - Val F1: 0.3619 - Val ROC-AUC: 0.7946 - Val PR-AUC: 0.2827
[Fine-tune] Epoch 35/50 - Loss: 0.0830 - Val F1: 0.3393 - Val ROC-AUC: 0.7880 - Val PR-AUC: 0.3133
[Fine-tune] Epoch 36/50 - Loss: 0.0966 - Val F1: 0.3529 - Val ROC-AUC: 0.7976 - Val PR-AUC: 0.3122
[Fine-tune] Epoch 37/50 - Loss: 0.0832 - Val F1: 0.3455 - Val ROC-AUC: 0.7987 - Val PR-AUC: 0.3009
[Fine-tune] Epoch 38/50 - Loss: 0.0904 - Val F1: 0.3838 - Val ROC-AUC: 0.8091 - Val PR-AUC: 0.3209
[Fine-tune] Epoch 39/50 - Loss: 0.0789 - Val F1: 0.3551 - Val ROC-AUC: 0.8090 - Val PR-AUC: 0.3315
[Fine-tune] Epoch 40/50 - Loss: 0.0847 - Val F1: 0.3585 - Val ROC-AUC: 0.8043 - Val PR-AUC: 0.3644
[Fine-tune] Epoch 41/50 - Loss: 0.0805 - Val F1: 0.3725 - Val ROC-AUC: 0.8056 - Val PR-AUC: 0.3197
[Fine-tune] Epoch 42/50 - Loss: 0.0759 - Val F1: 0.3725 - Val ROC-AUC: 0.8051 - Val PR-AUC: 0.3279
[Fine-tune] Epoch 43/50 - Loss: 0.0782 - Val F1: 0.3585 - Val ROC-AUC: 0.8072 - Val PR-AUC: 0.3465
[Fine-tune] Epoch 44/50 - Loss: 0.0808 - Val F1: 0.3619 - Val ROC-AUC: 0.8116 - Val PR-AUC: 0.3195
[Fine-tune] Epoch 45/50 - Loss: 0.0790 - Val F1: 0.3585 - Val ROC-AUC: 0.8102 - Val PR-AUC: 0.3163
[Fine-tune] Epoch 46/50 - Loss: 0.0634 - Val F1: 0.3304 - Val ROC-AUC: 0.8088 - Val PR-AUC: 0.3294
[Fine-tune] Epoch 47/50 - Loss: 0.0779 - Val F1: 0.3495 - Val ROC-AUC: 0.8112 - Val PR-AUC: 0.3224
[Fine-tune] Epoch 48/50 - Loss: 0.0772 - Val F1: 0.3800 - Val ROC-AUC: 0.8146 - Val PR-AUC: 0.3070
[Fine-tune] Epoch 49/50 - Loss: 0.0717 - Val F1: 0.3654 - Val ROC-AUC: 0.8122 - Val PR-AUC: 0.3158
[Fine-tune] Epoch 50/50 - Loss: 0.0736 - Val F1: 0.3762 - Val ROC-AUC: 0.8106 - Val PR-AUC: 0.3328
Finetuning completed. Test F1: 0.3529, ROC-AUC: 0.8141, PR-AUC: 0.3029
[3.1/4] Target-only training on TOX21_ERa_BLA_Agonist_ch1 using GIN_GCN...
=== Target-only training ===
[Target-only] Epoch 1/50 – Loss: 0.5932  Val F1: 0.1643  ROC-AUC: 0.7950  PR-AUC: 0.3048
[Target-only] Epoch 2/50 – Loss: 0.5332  Val F1: 0.2151  ROC-AUC: 0.7853  PR-AUC: 0.1890
[Target-only] Epoch 3/50 – Loss: 0.4876  Val F1: 0.3000  ROC-AUC: 0.7760  PR-AUC: 0.3311
[Target-only] Epoch 4/50 – Loss: 0.4720  Val F1: 0.1647  ROC-AUC: 0.7990  PR-AUC: 0.1629
[Target-only] Epoch 5/50 – Loss: 0.4378  Val F1: 0.2092  ROC-AUC: 0.7879  PR-AUC: 0.2223
[Target-only] Epoch 6/50 – Loss: 0.4310  Val F1: 0.1971  ROC-AUC: 0.7692  PR-AUC: 0.2356
[Target-only] Epoch 7/50 – Loss: 0.4021  Val F1: 0.1951  ROC-AUC: 0.7538  PR-AUC: 0.1696
[Target-only] Epoch 8/50 – Loss: 0.4009  Val F1: 0.3115  ROC-AUC: 0.7229  PR-AUC: 0.2093
[Target-only] Epoch 9/50 – Loss: 0.3668  Val F1: 0.2857  ROC-AUC: 0.7679  PR-AUC: 0.3415
[Target-only] Epoch 10/50 – Loss: 0.3551  Val F1: 0.2733  ROC-AUC: 0.7672  PR-AUC: 0.3116
[Target-only] Epoch 11/50 – Loss: 0.3088  Val F1: 0.1989  ROC-AUC: 0.7315  PR-AUC: 0.1833
[Target-only] Epoch 12/50 – Loss: 0.2859  Val F1: 0.2687  ROC-AUC: 0.7707  PR-AUC: 0.3316
[Target-only] Epoch 13/50 – Loss: 0.2812  Val F1: 0.2553  ROC-AUC: 0.7657  PR-AUC: 0.2200
[Target-only] Epoch 14/50 – Loss: 0.2599  Val F1: 0.2243  ROC-AUC: 0.7755  PR-AUC: 0.3153
[Target-only] Epoch 15/50 – Loss: 0.2616  Val F1: 0.2958  ROC-AUC: 0.7734  PR-AUC: 0.3417
[Target-only] Epoch 16/50 – Loss: 0.2465  Val F1: 0.2394  ROC-AUC: 0.7476  PR-AUC: 0.2809
[Target-only] Epoch 17/50 – Loss: 0.2361  Val F1: 0.2135  ROC-AUC: 0.7468  PR-AUC: 0.2285
[Target-only] Epoch 18/50 – Loss: 0.2391  Val F1: 0.2714  ROC-AUC: 0.7605  PR-AUC: 0.2791
[Target-only] Epoch 19/50 – Loss: 0.2232  Val F1: 0.2727  ROC-AUC: 0.7646  PR-AUC: 0.2468
[Target-only] Epoch 20/50 – Loss: 0.2238  Val F1: 0.2520  ROC-AUC: 0.7627  PR-AUC: 0.2463
[Target-only] Epoch 21/50 – Loss: 0.1876  Val F1: 0.2946  ROC-AUC: 0.7706  PR-AUC: 0.3439
[Target-only] Epoch 22/50 – Loss: 0.1802  Val F1: 0.2361  ROC-AUC: 0.7735  PR-AUC: 0.2926
[Target-only] Epoch 23/50 – Loss: 0.1721  Val F1: 0.2576  ROC-AUC: 0.7729  PR-AUC: 0.3212
[Target-only] Epoch 24/50 – Loss: 0.1748  Val F1: 0.2810  ROC-AUC: 0.7636  PR-AUC: 0.2432
[Target-only] Epoch 25/50 – Loss: 0.1779  Val F1: 0.2677  ROC-AUC: 0.7673  PR-AUC: 0.2734
[Target-only] Epoch 26/50 – Loss: 0.1653  Val F1: 0.2903  ROC-AUC: 0.7662  PR-AUC: 0.2702
[Target-only] Epoch 27/50 – Loss: 0.1627  Val F1: 0.2564  ROC-AUC: 0.7548  PR-AUC: 0.2125
[Target-only] Epoch 28/50 – Loss: 0.1485  Val F1: 0.2832  ROC-AUC: 0.7569  PR-AUC: 0.2609
[Target-only] Epoch 29/50 – Loss: 0.1504  Val F1: 0.2778  ROC-AUC: 0.7521  PR-AUC: 0.2115
[Target-only] Epoch 30/50 – Loss: 0.1514  Val F1: 0.2812  ROC-AUC: 0.7549  PR-AUC: 0.2438
[Target-only] Epoch 31/50 – Loss: 0.1498  Val F1: 0.2832  ROC-AUC: 0.7541  PR-AUC: 0.2518
[Target-only] Epoch 32/50 – Loss: 0.1227  Val F1: 0.3214  ROC-AUC: 0.7671  PR-AUC: 0.2612
[Target-only] Epoch 33/50 – Loss: 0.1259  Val F1: 0.3273  ROC-AUC: 0.7646  PR-AUC: 0.2597
[Target-only] Epoch 34/50 – Loss: 0.1235  Val F1: 0.3091  ROC-AUC: 0.7644  PR-AUC: 0.2786
[Target-only] Epoch 35/50 – Loss: 0.1271  Val F1: 0.3303  ROC-AUC: 0.7696  PR-AUC: 0.3014
[Target-only] Epoch 36/50 – Loss: 0.1186  Val F1: 0.2679  ROC-AUC: 0.7621  PR-AUC: 0.2170
[Target-only] Epoch 37/50 – Loss: 0.1211  Val F1: 0.3025  ROC-AUC: 0.7677  PR-AUC: 0.2719
[Target-only] Epoch 38/50 – Loss: 0.1149  Val F1: 0.3396  ROC-AUC: 0.7692  PR-AUC: 0.2464
[Target-only] Epoch 39/50 – Loss: 0.1248  Val F1: 0.2982  ROC-AUC: 0.7642  PR-AUC: 0.2685
[Target-only] Epoch 40/50 – Loss: 0.1176  Val F1: 0.3243  ROC-AUC: 0.7651  PR-AUC: 0.2584
[Target-only] Epoch 41/50 – Loss: 0.1131  Val F1: 0.3333  ROC-AUC: 0.7594  PR-AUC: 0.2601
[Target-only] Epoch 42/50 – Loss: 0.1116  Val F1: 0.3529  ROC-AUC: 0.7663  PR-AUC: 0.2696
[Target-only] Epoch 43/50 – Loss: 0.1022  Val F1: 0.3396  ROC-AUC: 0.7605  PR-AUC: 0.2545
[Target-only] Epoch 44/50 – Loss: 0.1083  Val F1: 0.3364  ROC-AUC: 0.7611  PR-AUC: 0.2448
[Target-only] Epoch 45/50 – Loss: 0.1069  Val F1: 0.3400  ROC-AUC: 0.7624  PR-AUC: 0.2541
[Target-only] Epoch 46/50 – Loss: 0.1036  Val F1: 0.3396  ROC-AUC: 0.7616  PR-AUC: 0.2755
[Target-only] Epoch 47/50 – Loss: 0.0936  Val F1: 0.3600  ROC-AUC: 0.7587  PR-AUC: 0.2615
[Target-only] Epoch 48/50 – Loss: 0.0978  Val F1: 0.3243  ROC-AUC: 0.7633  PR-AUC: 0.2339
[Target-only] Epoch 49/50 – Loss: 0.1010  Val F1: 0.3243  ROC-AUC: 0.7620  PR-AUC: 0.2248
[Target-only] Epoch 50/50 – Loss: 0.0921  Val F1: 0.3429  ROC-AUC: 0.7553  PR-AUC: 0.2465
=== Target-only TEST performance ===
Test F1: 0.3670, ROC-AUC: 0.7989, PR-AUC: 0.3181
✅ 실험 완료: TOX21_ERb_BLA_Agonist_viability -> TOX21_ERa_BLA_Agonist_ch1 [GIN_GCN]
