[1/4] Excel → CSV 변환 중...
Saved pretrain CSV for TOX21_ERa_LUC_VM7_Agonist: data/sample/TOX21_ERa_LUC_VM7_Agonist.csv
Saved pretrain CSV for TOX21_ERb_BLA_Agonist_viability: data/sample/TOX21_ERb_BLA_Agonist_viability.csv
Saved pretrain CSV for TOX21_ERa_LUC_VM7_Agonist_10nM_ICI182780_viability: data/sample/TOX21_ERa_LUC_VM7_Agonist_10nM_ICI182780_viability.csv
Saved pretrain CSV for TOX21_ERR_LUC_viability: data/sample/TOX21_ERR_LUC_viability.csv
Saved finetune CSV for TOX21_ERa_BLA_Agonist_ch2: data/sample/TOX21_ERa_BLA_Agonist_ch2.csv
Saved finetune CSV for TOX21_ERa_BLA_Agonist_ch1: data/sample/TOX21_ERa_BLA_Agonist_ch1.csv
Saved finetune CSV for TOX21_ERa_BLA_Agonist_ratio: data/sample/TOX21_ERa_BLA_Agonist_ratio.csv
Saved finetune CSV for TOX21_ERb_BLA_Agonist_ratio: data/sample/TOX21_ERb_BLA_Agonist_ratio.csv
Saved finetune CSV for TOX21_ERb_BLA_Agonist_ch2: data/sample/TOX21_ERb_BLA_Agonist_ch2.csv
Saved finetune CSV for TOX21_ERb_BLA_Agonist_ch1: data/sample/TOX21_ERb_BLA_Agonist_ch1.csv
Saved finetune CSV for TOX21_ERR_LUC_Agonist: data/sample/TOX21_ERR_LUC_Agonist.csv
Saved finetune CSV for TOX21_ERa_LUC_VM7_Agonist_10nM_ICI182780: data/sample/TOX21_ERa_LUC_VM7_Agonist_10nM_ICI182780.csv
[2/4] Pretraining on TOX21_ERb_BLA_Agonist_viability using GIN_GCN...
Epoch 1/100 - Loss: 0.6181 - Val F1: 0.3716 - Val ROC-AUC: 0.6896 - Val PR-AUC: 0.2814
Epoch 2/100 - Loss: 0.5797 - Val F1: 0.3630 - Val ROC-AUC: 0.7121 - Val PR-AUC: 0.2696
Epoch 3/100 - Loss: 0.5690 - Val F1: 0.3940 - Val ROC-AUC: 0.7511 - Val PR-AUC: 0.3101
Epoch 4/100 - Loss: 0.5528 - Val F1: 0.3964 - Val ROC-AUC: 0.7406 - Val PR-AUC: 0.3169
Epoch 5/100 - Loss: 0.5432 - Val F1: 0.3512 - Val ROC-AUC: 0.7430 - Val PR-AUC: 0.2698
Epoch 6/100 - Loss: 0.5310 - Val F1: 0.3631 - Val ROC-AUC: 0.7269 - Val PR-AUC: 0.2859
Epoch 7/100 - Loss: 0.5202 - Val F1: 0.3500 - Val ROC-AUC: 0.7297 - Val PR-AUC: 0.2878
Epoch 8/100 - Loss: 0.5154 - Val F1: 0.4022 - Val ROC-AUC: 0.7380 - Val PR-AUC: 0.2836
Epoch 9/100 - Loss: 0.5049 - Val F1: 0.3148 - Val ROC-AUC: 0.7216 - Val PR-AUC: 0.2801
Epoch 10/100 - Loss: 0.5146 - Val F1: 0.3900 - Val ROC-AUC: 0.7547 - Val PR-AUC: 0.2947
Epoch 11/100 - Loss: 0.4860 - Val F1: 0.4023 - Val ROC-AUC: 0.7691 - Val PR-AUC: 0.3412
Epoch 12/100 - Loss: 0.4642 - Val F1: 0.3600 - Val ROC-AUC: 0.7477 - Val PR-AUC: 0.3157
Epoch 13/100 - Loss: 0.4575 - Val F1: 0.4091 - Val ROC-AUC: 0.7695 - Val PR-AUC: 0.3443
Epoch 14/100 - Loss: 0.4571 - Val F1: 0.3853 - Val ROC-AUC: 0.7765 - Val PR-AUC: 0.3321
Epoch 15/100 - Loss: 0.4469 - Val F1: 0.3840 - Val ROC-AUC: 0.7526 - Val PR-AUC: 0.3209
Epoch 16/100 - Loss: 0.4488 - Val F1: 0.3636 - Val ROC-AUC: 0.7467 - Val PR-AUC: 0.3110
Epoch 17/100 - Loss: 0.4373 - Val F1: 0.4000 - Val ROC-AUC: 0.7771 - Val PR-AUC: 0.3293
Epoch 18/100 - Loss: 0.4372 - Val F1: 0.4073 - Val ROC-AUC: 0.7735 - Val PR-AUC: 0.3323
Epoch 19/100 - Loss: 0.4322 - Val F1: 0.4035 - Val ROC-AUC: 0.7859 - Val PR-AUC: 0.3421
Epoch 20/100 - Loss: 0.4289 - Val F1: 0.4142 - Val ROC-AUC: 0.7870 - Val PR-AUC: 0.3631
Epoch 21/100 - Loss: 0.3975 - Val F1: 0.4161 - Val ROC-AUC: 0.7835 - Val PR-AUC: 0.3464
Epoch 22/100 - Loss: 0.4003 - Val F1: 0.3974 - Val ROC-AUC: 0.7851 - Val PR-AUC: 0.3609
Epoch 23/100 - Loss: 0.3869 - Val F1: 0.4198 - Val ROC-AUC: 0.7903 - Val PR-AUC: 0.3568
Epoch 24/100 - Loss: 0.3860 - Val F1: 0.3858 - Val ROC-AUC: 0.7878 - Val PR-AUC: 0.3642
Epoch 25/100 - Loss: 0.3864 - Val F1: 0.4324 - Val ROC-AUC: 0.8097 - Val PR-AUC: 0.3986
Epoch 26/100 - Loss: 0.3684 - Val F1: 0.4392 - Val ROC-AUC: 0.7864 - Val PR-AUC: 0.3507
Epoch 27/100 - Loss: 0.3820 - Val F1: 0.4332 - Val ROC-AUC: 0.7918 - Val PR-AUC: 0.3630
Epoch 28/100 - Loss: 0.3696 - Val F1: 0.4290 - Val ROC-AUC: 0.8035 - Val PR-AUC: 0.3854
Epoch 29/100 - Loss: 0.3621 - Val F1: 0.4129 - Val ROC-AUC: 0.7971 - Val PR-AUC: 0.3590
Epoch 30/100 - Loss: 0.3634 - Val F1: 0.4260 - Val ROC-AUC: 0.7994 - Val PR-AUC: 0.3666
Epoch 31/100 - Loss: 0.3524 - Val F1: 0.4276 - Val ROC-AUC: 0.8045 - Val PR-AUC: 0.3878
Epoch 32/100 - Loss: 0.3432 - Val F1: 0.4369 - Val ROC-AUC: 0.8045 - Val PR-AUC: 0.4001
Epoch 33/100 - Loss: 0.3389 - Val F1: 0.4351 - Val ROC-AUC: 0.8059 - Val PR-AUC: 0.3936
Epoch 34/100 - Loss: 0.3259 - Val F1: 0.4599 - Val ROC-AUC: 0.8152 - Val PR-AUC: 0.4061
Epoch 35/100 - Loss: 0.3224 - Val F1: 0.4502 - Val ROC-AUC: 0.8113 - Val PR-AUC: 0.3853
Epoch 36/100 - Loss: 0.3187 - Val F1: 0.4636 - Val ROC-AUC: 0.8123 - Val PR-AUC: 0.3977
Epoch 37/100 - Loss: 0.3104 - Val F1: 0.4526 - Val ROC-AUC: 0.8141 - Val PR-AUC: 0.3977
Epoch 38/100 - Loss: 0.3160 - Val F1: 0.4390 - Val ROC-AUC: 0.8063 - Val PR-AUC: 0.3972
Epoch 39/100 - Loss: 0.3208 - Val F1: 0.4348 - Val ROC-AUC: 0.8055 - Val PR-AUC: 0.3889
Epoch 40/100 - Loss: 0.3075 - Val F1: 0.4328 - Val ROC-AUC: 0.8020 - Val PR-AUC: 0.3885
Epoch 41/100 - Loss: 0.3106 - Val F1: 0.4360 - Val ROC-AUC: 0.8042 - Val PR-AUC: 0.3967
Epoch 42/100 - Loss: 0.2918 - Val F1: 0.4510 - Val ROC-AUC: 0.8111 - Val PR-AUC: 0.3955
Epoch 43/100 - Loss: 0.2858 - Val F1: 0.4646 - Val ROC-AUC: 0.8149 - Val PR-AUC: 0.4101
Epoch 44/100 - Loss: 0.2933 - Val F1: 0.4296 - Val ROC-AUC: 0.8071 - Val PR-AUC: 0.4046
Epoch 45/100 - Loss: 0.2918 - Val F1: 0.4331 - Val ROC-AUC: 0.8146 - Val PR-AUC: 0.4086
Epoch 46/100 - Loss: 0.2833 - Val F1: 0.4503 - Val ROC-AUC: 0.8134 - Val PR-AUC: 0.4037
Epoch 47/100 - Loss: 0.2926 - Val F1: 0.4198 - Val ROC-AUC: 0.8073 - Val PR-AUC: 0.4056
Epoch 48/100 - Loss: 0.2927 - Val F1: 0.4310 - Val ROC-AUC: 0.8117 - Val PR-AUC: 0.4093
Epoch 49/100 - Loss: 0.2873 - Val F1: 0.4437 - Val ROC-AUC: 0.8113 - Val PR-AUC: 0.4059
Epoch 50/100 - Loss: 0.2766 - Val F1: 0.4476 - Val ROC-AUC: 0.8103 - Val PR-AUC: 0.4011
Epoch 51/100 - Loss: 0.2806 - Val F1: 0.4364 - Val ROC-AUC: 0.8115 - Val PR-AUC: 0.4072
Epoch 52/100 - Loss: 0.2835 - Val F1: 0.4332 - Val ROC-AUC: 0.8063 - Val PR-AUC: 0.4022
Epoch 53/100 - Loss: 0.2753 - Val F1: 0.4502 - Val ROC-AUC: 0.8130 - Val PR-AUC: 0.4033
Epoch 54/100 - Loss: 0.2730 - Val F1: 0.4255 - Val ROC-AUC: 0.8087 - Val PR-AUC: 0.4080
Epoch 55/100 - Loss: 0.2803 - Val F1: 0.4373 - Val ROC-AUC: 0.8100 - Val PR-AUC: 0.4086
Epoch 56/100 - Loss: 0.2629 - Val F1: 0.4324 - Val ROC-AUC: 0.8108 - Val PR-AUC: 0.4086
Epoch 57/100 - Loss: 0.2746 - Val F1: 0.4373 - Val ROC-AUC: 0.8064 - Val PR-AUC: 0.4102
Epoch 58/100 - Loss: 0.2692 - Val F1: 0.4444 - Val ROC-AUC: 0.8095 - Val PR-AUC: 0.4056
Epoch 59/100 - Loss: 0.2660 - Val F1: 0.4428 - Val ROC-AUC: 0.8120 - Val PR-AUC: 0.4115
Epoch 60/100 - Loss: 0.2693 - Val F1: 0.4485 - Val ROC-AUC: 0.8109 - Val PR-AUC: 0.4096
Epoch 61/100 - Loss: 0.2688 - Val F1: 0.4373 - Val ROC-AUC: 0.8115 - Val PR-AUC: 0.4142
Epoch 62/100 - Loss: 0.2673 - Val F1: 0.4296 - Val ROC-AUC: 0.8103 - Val PR-AUC: 0.4110
Epoch 63/100 - Loss: 0.2568 - Val F1: 0.4483 - Val ROC-AUC: 0.8124 - Val PR-AUC: 0.4175
Epoch 64/100 - Loss: 0.2562 - Val F1: 0.4322 - Val ROC-AUC: 0.8094 - Val PR-AUC: 0.4121
Epoch 65/100 - Loss: 0.2711 - Val F1: 0.4275 - Val ROC-AUC: 0.8078 - Val PR-AUC: 0.4139
Epoch 66/100 - Loss: 0.2510 - Val F1: 0.4380 - Val ROC-AUC: 0.8091 - Val PR-AUC: 0.4172
Epoch 67/100 - Loss: 0.2577 - Val F1: 0.4254 - Val ROC-AUC: 0.8053 - Val PR-AUC: 0.4112
Epoch 68/100 - Loss: 0.2586 - Val F1: 0.4319 - Val ROC-AUC: 0.8076 - Val PR-AUC: 0.4111
Epoch 69/100 - Loss: 0.2636 - Val F1: 0.4375 - Val ROC-AUC: 0.8099 - Val PR-AUC: 0.4218
Epoch 70/100 - Loss: 0.2535 - Val F1: 0.4404 - Val ROC-AUC: 0.8111 - Val PR-AUC: 0.4208
Epoch 71/100 - Loss: 0.2720 - Val F1: 0.4364 - Val ROC-AUC: 0.8104 - Val PR-AUC: 0.4187
Epoch 72/100 - Loss: 0.2464 - Val F1: 0.4354 - Val ROC-AUC: 0.8146 - Val PR-AUC: 0.4213
Epoch 73/100 - Loss: 0.2618 - Val F1: 0.4373 - Val ROC-AUC: 0.8092 - Val PR-AUC: 0.4135
Epoch 74/100 - Loss: 0.2567 - Val F1: 0.4366 - Val ROC-AUC: 0.8132 - Val PR-AUC: 0.4198
Epoch 75/100 - Loss: 0.2626 - Val F1: 0.4332 - Val ROC-AUC: 0.8110 - Val PR-AUC: 0.4189
Epoch 76/100 - Loss: 0.2621 - Val F1: 0.4453 - Val ROC-AUC: 0.8115 - Val PR-AUC: 0.4163
Epoch 77/100 - Loss: 0.2524 - Val F1: 0.4366 - Val ROC-AUC: 0.8112 - Val PR-AUC: 0.4163
Epoch 78/100 - Loss: 0.2529 - Val F1: 0.4483 - Val ROC-AUC: 0.8129 - Val PR-AUC: 0.4169
Epoch 79/100 - Loss: 0.2591 - Val F1: 0.4485 - Val ROC-AUC: 0.8099 - Val PR-AUC: 0.4157
Epoch 80/100 - Loss: 0.2541 - Val F1: 0.4409 - Val ROC-AUC: 0.8100 - Val PR-AUC: 0.4154
Epoch 81/100 - Loss: 0.2601 - Val F1: 0.4437 - Val ROC-AUC: 0.8110 - Val PR-AUC: 0.4164
Epoch 82/100 - Loss: 0.2519 - Val F1: 0.4336 - Val ROC-AUC: 0.8096 - Val PR-AUC: 0.4154
Epoch 83/100 - Loss: 0.2599 - Val F1: 0.4609 - Val ROC-AUC: 0.8095 - Val PR-AUC: 0.4189
Epoch 84/100 - Loss: 0.2549 - Val F1: 0.4422 - Val ROC-AUC: 0.8118 - Val PR-AUC: 0.4174
Epoch 85/100 - Loss: 0.2558 - Val F1: 0.4437 - Val ROC-AUC: 0.8117 - Val PR-AUC: 0.4188
Epoch 86/100 - Loss: 0.2535 - Val F1: 0.4342 - Val ROC-AUC: 0.8119 - Val PR-AUC: 0.4171
Epoch 87/100 - Loss: 0.2622 - Val F1: 0.4419 - Val ROC-AUC: 0.8119 - Val PR-AUC: 0.4193
Epoch 88/100 - Loss: 0.2617 - Val F1: 0.4348 - Val ROC-AUC: 0.8096 - Val PR-AUC: 0.4155
Epoch 89/100 - Loss: 0.2579 - Val F1: 0.4494 - Val ROC-AUC: 0.8090 - Val PR-AUC: 0.4157
Epoch 90/100 - Loss: 0.2474 - Val F1: 0.4307 - Val ROC-AUC: 0.8089 - Val PR-AUC: 0.4148
Epoch 91/100 - Loss: 0.2526 - Val F1: 0.4388 - Val ROC-AUC: 0.8098 - Val PR-AUC: 0.4158
Epoch 92/100 - Loss: 0.2426 - Val F1: 0.4262 - Val ROC-AUC: 0.8101 - Val PR-AUC: 0.4154
Epoch 93/100 - Loss: 0.2443 - Val F1: 0.4336 - Val ROC-AUC: 0.8111 - Val PR-AUC: 0.4169
Epoch 94/100 - Loss: 0.2511 - Val F1: 0.4348 - Val ROC-AUC: 0.8103 - Val PR-AUC: 0.4163
Epoch 95/100 - Loss: 0.2481 - Val F1: 0.4461 - Val ROC-AUC: 0.8113 - Val PR-AUC: 0.4165
Epoch 96/100 - Loss: 0.2464 - Val F1: 0.4380 - Val ROC-AUC: 0.8112 - Val PR-AUC: 0.4169
Epoch 97/100 - Loss: 0.2566 - Val F1: 0.4369 - Val ROC-AUC: 0.8114 - Val PR-AUC: 0.4155
Epoch 98/100 - Loss: 0.2550 - Val F1: 0.4404 - Val ROC-AUC: 0.8118 - Val PR-AUC: 0.4173
Epoch 99/100 - Loss: 0.2600 - Val F1: 0.4291 - Val ROC-AUC: 0.8130 - Val PR-AUC: 0.4199
Epoch 100/100 - Loss: 0.2674 - Val F1: 0.4336 - Val ROC-AUC: 0.8106 - Val PR-AUC: 0.4154
Pretraining completed. Test F1: 0.4051, ROC-AUC: 0.7380, PR-AUC: 0.3533
[3/4] Finetuning on TOX21_ERR_LUC_Agonist using GIN_GCN...
[Fine-tune] Epoch 1/50 - Loss: 0.4473 - Val F1: 0.2241 - Val ROC-AUC: 0.8004 - Val PR-AUC: 0.1717
[Fine-tune] Epoch 2/50 - Loss: 0.3426 - Val F1: 0.2275 - Val ROC-AUC: 0.8933 - Val PR-AUC: 0.3041
[Fine-tune] Epoch 3/50 - Loss: 0.3038 - Val F1: 0.2331 - Val ROC-AUC: 0.8871 - Val PR-AUC: 0.4048
[Fine-tune] Epoch 4/50 - Loss: 0.2719 - Val F1: 0.2740 - Val ROC-AUC: 0.8793 - Val PR-AUC: 0.4213
[Fine-tune] Epoch 5/50 - Loss: 0.2586 - Val F1: 0.2073 - Val ROC-AUC: 0.8963 - Val PR-AUC: 0.3627
[Fine-tune] Epoch 6/50 - Loss: 0.2288 - Val F1: 0.2794 - Val ROC-AUC: 0.8698 - Val PR-AUC: 0.2579
[Fine-tune] Epoch 7/50 - Loss: 0.2235 - Val F1: 0.2754 - Val ROC-AUC: 0.8646 - Val PR-AUC: 0.2712
[Fine-tune] Epoch 8/50 - Loss: 0.2035 - Val F1: 0.3297 - Val ROC-AUC: 0.8806 - Val PR-AUC: 0.3431
[Fine-tune] Epoch 9/50 - Loss: 0.1989 - Val F1: 0.3429 - Val ROC-AUC: 0.8762 - Val PR-AUC: 0.3011
[Fine-tune] Epoch 10/50 - Loss: 0.1740 - Val F1: 0.3519 - Val ROC-AUC: 0.8974 - Val PR-AUC: 0.3096
[Fine-tune] Epoch 11/50 - Loss: 0.1497 - Val F1: 0.4000 - Val ROC-AUC: 0.8953 - Val PR-AUC: 0.3612
[Fine-tune] Epoch 12/50 - Loss: 0.1231 - Val F1: 0.3304 - Val ROC-AUC: 0.9028 - Val PR-AUC: 0.3821
[Fine-tune] Epoch 13/50 - Loss: 0.1350 - Val F1: 0.4348 - Val ROC-AUC: 0.8935 - Val PR-AUC: 0.3636
[Fine-tune] Epoch 14/50 - Loss: 0.1204 - Val F1: 0.4318 - Val ROC-AUC: 0.8815 - Val PR-AUC: 0.3791
[Fine-tune] Epoch 15/50 - Loss: 0.1209 - Val F1: 0.3800 - Val ROC-AUC: 0.8983 - Val PR-AUC: 0.3935
[Fine-tune] Epoch 16/50 - Loss: 0.1082 - Val F1: 0.4348 - Val ROC-AUC: 0.8924 - Val PR-AUC: 0.3737
[Fine-tune] Epoch 17/50 - Loss: 0.1221 - Val F1: 0.4045 - Val ROC-AUC: 0.9152 - Val PR-AUC: 0.3303
[Fine-tune] Epoch 18/50 - Loss: 0.1138 - Val F1: 0.4301 - Val ROC-AUC: 0.8908 - Val PR-AUC: 0.3536
[Fine-tune] Epoch 19/50 - Loss: 0.1054 - Val F1: 0.3960 - Val ROC-AUC: 0.9113 - Val PR-AUC: 0.3824
[Fine-tune] Epoch 20/50 - Loss: 0.1054 - Val F1: 0.4615 - Val ROC-AUC: 0.9068 - Val PR-AUC: 0.3943
[Fine-tune] Epoch 21/50 - Loss: 0.0873 - Val F1: 0.4043 - Val ROC-AUC: 0.9112 - Val PR-AUC: 0.4267
[Fine-tune] Epoch 22/50 - Loss: 0.0748 - Val F1: 0.4318 - Val ROC-AUC: 0.9058 - Val PR-AUC: 0.4212
[Fine-tune] Epoch 23/50 - Loss: 0.0682 - Val F1: 0.4524 - Val ROC-AUC: 0.9019 - Val PR-AUC: 0.3496
[Fine-tune] Epoch 24/50 - Loss: 0.0739 - Val F1: 0.4419 - Val ROC-AUC: 0.9044 - Val PR-AUC: 0.3770
[Fine-tune] Epoch 25/50 - Loss: 0.0695 - Val F1: 0.4419 - Val ROC-AUC: 0.9048 - Val PR-AUC: 0.4014
[Fine-tune] Epoch 26/50 - Loss: 0.0644 - Val F1: 0.4500 - Val ROC-AUC: 0.9085 - Val PR-AUC: 0.3958
[Fine-tune] Epoch 27/50 - Loss: 0.0681 - Val F1: 0.4819 - Val ROC-AUC: 0.9106 - Val PR-AUC: 0.3813
[Fine-tune] Epoch 28/50 - Loss: 0.0814 - Val F1: 0.5205 - Val ROC-AUC: 0.8994 - Val PR-AUC: 0.4032
[Fine-tune] Epoch 29/50 - Loss: 0.0742 - Val F1: 0.4706 - Val ROC-AUC: 0.9028 - Val PR-AUC: 0.4173
[Fine-tune] Epoch 30/50 - Loss: 0.0733 - Val F1: 0.4750 - Val ROC-AUC: 0.9115 - Val PR-AUC: 0.3802
[Fine-tune] Epoch 31/50 - Loss: 0.0571 - Val F1: 0.4706 - Val ROC-AUC: 0.9020 - Val PR-AUC: 0.4366
[Fine-tune] Epoch 32/50 - Loss: 0.0605 - Val F1: 0.4935 - Val ROC-AUC: 0.9037 - Val PR-AUC: 0.3904
[Fine-tune] Epoch 33/50 - Loss: 0.0602 - Val F1: 0.5278 - Val ROC-AUC: 0.8974 - Val PR-AUC: 0.4025
[Fine-tune] Epoch 34/50 - Loss: 0.0541 - Val F1: 0.4935 - Val ROC-AUC: 0.9062 - Val PR-AUC: 0.4310
[Fine-tune] Epoch 35/50 - Loss: 0.0526 - Val F1: 0.4557 - Val ROC-AUC: 0.8946 - Val PR-AUC: 0.4009
[Fine-tune] Epoch 36/50 - Loss: 0.0578 - Val F1: 0.5000 - Val ROC-AUC: 0.8965 - Val PR-AUC: 0.3953
[Fine-tune] Epoch 37/50 - Loss: 0.0540 - Val F1: 0.5195 - Val ROC-AUC: 0.8986 - Val PR-AUC: 0.4172
[Fine-tune] Epoch 38/50 - Loss: 0.0453 - Val F1: 0.4932 - Val ROC-AUC: 0.9037 - Val PR-AUC: 0.4189
[Fine-tune] Epoch 39/50 - Loss: 0.0541 - Val F1: 0.4872 - Val ROC-AUC: 0.8882 - Val PR-AUC: 0.4227
[Fine-tune] Epoch 40/50 - Loss: 0.0506 - Val F1: 0.5000 - Val ROC-AUC: 0.8886 - Val PR-AUC: 0.4112
[Fine-tune] Epoch 41/50 - Loss: 0.0473 - Val F1: 0.5000 - Val ROC-AUC: 0.8836 - Val PR-AUC: 0.3835
[Fine-tune] Epoch 42/50 - Loss: 0.0502 - Val F1: 0.5135 - Val ROC-AUC: 0.8889 - Val PR-AUC: 0.4029
[Fine-tune] Epoch 43/50 - Loss: 0.0396 - Val F1: 0.5333 - Val ROC-AUC: 0.8951 - Val PR-AUC: 0.4127
[Fine-tune] Epoch 44/50 - Loss: 0.0496 - Val F1: 0.5135 - Val ROC-AUC: 0.8899 - Val PR-AUC: 0.4024
[Fine-tune] Epoch 45/50 - Loss: 0.0479 - Val F1: 0.5067 - Val ROC-AUC: 0.8976 - Val PR-AUC: 0.4316
[Fine-tune] Epoch 46/50 - Loss: 0.0442 - Val F1: 0.5000 - Val ROC-AUC: 0.8941 - Val PR-AUC: 0.4190
[Fine-tune] Epoch 47/50 - Loss: 0.0422 - Val F1: 0.5205 - Val ROC-AUC: 0.9000 - Val PR-AUC: 0.4345
[Fine-tune] Epoch 48/50 - Loss: 0.0405 - Val F1: 0.4810 - Val ROC-AUC: 0.9001 - Val PR-AUC: 0.3958
[Fine-tune] Epoch 49/50 - Loss: 0.0447 - Val F1: 0.5067 - Val ROC-AUC: 0.8934 - Val PR-AUC: 0.4000
[Fine-tune] Epoch 50/50 - Loss: 0.0442 - Val F1: 0.5135 - Val ROC-AUC: 0.8874 - Val PR-AUC: 0.3939
Finetuning completed. Test F1: 0.3056, ROC-AUC: 0.7626, PR-AUC: 0.2420
[3.1/4] Target-only training on TOX21_ERR_LUC_Agonist using GIN_GCN...
=== Target-only training ===
[Target-only] Epoch 1/50 – Loss: 0.5124  Val F1: 0.1382  ROC-AUC: 0.8371  PR-AUC: 0.1901
[Target-only] Epoch 2/50 – Loss: 0.4386  Val F1: 0.1586  ROC-AUC: 0.9042  PR-AUC: 0.2792
[Target-only] Epoch 3/50 – Loss: 0.3943  Val F1: 0.2394  ROC-AUC: 0.8616  PR-AUC: 0.2744
[Target-only] Epoch 4/50 – Loss: 0.3812  Val F1: 0.2500  ROC-AUC: 0.8808  PR-AUC: 0.3916
[Target-only] Epoch 5/50 – Loss: 0.3442  Val F1: 0.2774  ROC-AUC: 0.8923  PR-AUC: 0.3522
[Target-only] Epoch 6/50 – Loss: 0.3368  Val F1: 0.3750  ROC-AUC: 0.8864  PR-AUC: 0.4060
[Target-only] Epoch 7/50 – Loss: 0.2965  Val F1: 0.3193  ROC-AUC: 0.8877  PR-AUC: 0.4340
[Target-only] Epoch 8/50 – Loss: 0.2873  Val F1: 0.2073  ROC-AUC: 0.8898  PR-AUC: 0.3452
[Target-only] Epoch 9/50 – Loss: 0.2783  Val F1: 0.2923  ROC-AUC: 0.9080  PR-AUC: 0.4354
[Target-only] Epoch 10/50 – Loss: 0.2601  Val F1: 0.2836  ROC-AUC: 0.8798  PR-AUC: 0.4240
[Target-only] Epoch 11/50 – Loss: 0.2147  Val F1: 0.3248  ROC-AUC: 0.8895  PR-AUC: 0.4682
[Target-only] Epoch 12/50 – Loss: 0.1959  Val F1: 0.3077  ROC-AUC: 0.8827  PR-AUC: 0.4319
[Target-only] Epoch 13/50 – Loss: 0.1807  Val F1: 0.2759  ROC-AUC: 0.8936  PR-AUC: 0.3973
[Target-only] Epoch 14/50 – Loss: 0.1810  Val F1: 0.3551  ROC-AUC: 0.8936  PR-AUC: 0.4472
[Target-only] Epoch 15/50 – Loss: 0.1998  Val F1: 0.3810  ROC-AUC: 0.8851  PR-AUC: 0.3694
[Target-only] Epoch 16/50 – Loss: 0.1757  Val F1: 0.3065  ROC-AUC: 0.8959  PR-AUC: 0.4370
[Target-only] Epoch 17/50 – Loss: 0.1722  Val F1: 0.2703  ROC-AUC: 0.8835  PR-AUC: 0.3750
[Target-only] Epoch 18/50 – Loss: 0.1513  Val F1: 0.3248  ROC-AUC: 0.9024  PR-AUC: 0.4792
[Target-only] Epoch 19/50 – Loss: 0.1533  Val F1: 0.3750  ROC-AUC: 0.8974  PR-AUC: 0.4343
[Target-only] Epoch 20/50 – Loss: 0.1368  Val F1: 0.3256  ROC-AUC: 0.8817  PR-AUC: 0.3646
[Target-only] Epoch 21/50 – Loss: 0.1219  Val F1: 0.3830  ROC-AUC: 0.8919  PR-AUC: 0.4053
[Target-only] Epoch 22/50 – Loss: 0.1136  Val F1: 0.3600  ROC-AUC: 0.9143  PR-AUC: 0.4461
[Target-only] Epoch 23/50 – Loss: 0.1142  Val F1: 0.3800  ROC-AUC: 0.9023  PR-AUC: 0.4608
[Target-only] Epoch 24/50 – Loss: 0.1199  Val F1: 0.3596  ROC-AUC: 0.9078  PR-AUC: 0.4379
[Target-only] Epoch 25/50 – Loss: 0.1109  Val F1: 0.3750  ROC-AUC: 0.8983  PR-AUC: 0.3807
[Target-only] Epoch 26/50 – Loss: 0.1165  Val F1: 0.3529  ROC-AUC: 0.8959  PR-AUC: 0.3948
[Target-only] Epoch 27/50 – Loss: 0.1163  Val F1: 0.3571  ROC-AUC: 0.8959  PR-AUC: 0.3946
[Target-only] Epoch 28/50 – Loss: 0.0906  Val F1: 0.3789  ROC-AUC: 0.9007  PR-AUC: 0.4198
[Target-only] Epoch 29/50 – Loss: 0.1033  Val F1: 0.4337  ROC-AUC: 0.9064  PR-AUC: 0.4047
[Target-only] Epoch 30/50 – Loss: 0.1069  Val F1: 0.4235  ROC-AUC: 0.9076  PR-AUC: 0.3707
[Target-only] Epoch 31/50 – Loss: 0.0929  Val F1: 0.3956  ROC-AUC: 0.9116  PR-AUC: 0.4147
[Target-only] Epoch 32/50 – Loss: 0.0806  Val F1: 0.4222  ROC-AUC: 0.9091  PR-AUC: 0.4389
[Target-only] Epoch 33/50 – Loss: 0.0895  Val F1: 0.4186  ROC-AUC: 0.9099  PR-AUC: 0.4371
[Target-only] Epoch 34/50 – Loss: 0.0853  Val F1: 0.4471  ROC-AUC: 0.9041  PR-AUC: 0.4320
[Target-only] Epoch 35/50 – Loss: 0.0900  Val F1: 0.4235  ROC-AUC: 0.9056  PR-AUC: 0.4359
[Target-only] Epoch 36/50 – Loss: 0.0801  Val F1: 0.4222  ROC-AUC: 0.9022  PR-AUC: 0.4360
[Target-only] Epoch 37/50 – Loss: 0.0944  Val F1: 0.3636  ROC-AUC: 0.8976  PR-AUC: 0.3940
[Target-only] Epoch 38/50 – Loss: 0.0670  Val F1: 0.4270  ROC-AUC: 0.8986  PR-AUC: 0.4198
[Target-only] Epoch 39/50 – Loss: 0.0897  Val F1: 0.4048  ROC-AUC: 0.8987  PR-AUC: 0.4038
[Target-only] Epoch 40/50 – Loss: 0.0795  Val F1: 0.3571  ROC-AUC: 0.8940  PR-AUC: 0.3909
[Target-only] Epoch 41/50 – Loss: 0.0771  Val F1: 0.3947  ROC-AUC: 0.9003  PR-AUC: 0.3972
[Target-only] Epoch 42/50 – Loss: 0.0723  Val F1: 0.4000  ROC-AUC: 0.9038  PR-AUC: 0.4095
[Target-only] Epoch 43/50 – Loss: 0.0691  Val F1: 0.4368  ROC-AUC: 0.9071  PR-AUC: 0.4024
[Target-only] Epoch 44/50 – Loss: 0.0851  Val F1: 0.4634  ROC-AUC: 0.9063  PR-AUC: 0.4275
[Target-only] Epoch 45/50 – Loss: 0.0677  Val F1: 0.4304  ROC-AUC: 0.9025  PR-AUC: 0.4138
[Target-only] Epoch 46/50 – Loss: 0.0707  Val F1: 0.4146  ROC-AUC: 0.9062  PR-AUC: 0.4188
[Target-only] Epoch 47/50 – Loss: 0.0623  Val F1: 0.4176  ROC-AUC: 0.9057  PR-AUC: 0.4314
[Target-only] Epoch 48/50 – Loss: 0.0741  Val F1: 0.4048  ROC-AUC: 0.8992  PR-AUC: 0.4233
[Target-only] Epoch 49/50 – Loss: 0.0696  Val F1: 0.4000  ROC-AUC: 0.9024  PR-AUC: 0.4469
[Target-only] Epoch 50/50 – Loss: 0.0684  Val F1: 0.4368  ROC-AUC: 0.9041  PR-AUC: 0.3691
=== Target-only TEST performance ===
Test F1: 0.3457, ROC-AUC: 0.7929, PR-AUC: 0.2212
✅ 실험 완료: TOX21_ERb_BLA_Agonist_viability -> TOX21_ERR_LUC_Agonist [GIN_GCN]
