[23:12:49] Can't kekulize mol.  Unkekulized atoms: 1 2 3 4 5
[23:12:50] Explicit valence for atom # 0 Cl, 2, is greater than permitted
[23:12:50] Can't kekulize mol.  Unkekulized atoms: 3 4 5 6 7
[23:12:51] Can't kekulize mol.  Unkekulized atoms: 3 4 5 6 7
[23:12:53] Can't kekulize mol.  Unkekulized atoms: 1 2 3 4 5
[23:12:53] Can't kekulize mol.  Unkekulized atoms: 3 4 5 6 7
[23:12:54] Can't kekulize mol.  Unkekulized atoms: 1 2 3 4 5
[23:12:54] WARNING: not removing hydrogen atom without neighbors
[23:12:54] Can't kekulize mol.  Unkekulized atoms: 1 2 3 4 5
[23:12:54] Explicit valence for atom # 6 O, 3, is greater than permitted
[23:12:55] Explicit valence for atom # 3 Si, 8, is greater than permitted
[23:12:55] Explicit valence for atom # 0 Cl, 2, is greater than permitted
[23:13:53] Can't kekulize mol.  Unkekulized atoms: 1 2 3 4 5
[23:13:53] Explicit valence for atom # 0 Cl, 2, is greater than permitted
[23:13:54] Can't kekulize mol.  Unkekulized atoms: 3 4 5 6 7
[23:13:55] Can't kekulize mol.  Unkekulized atoms: 3 4 5 6 7
[23:13:57] Can't kekulize mol.  Unkekulized atoms: 1 2 3 4 5
[23:13:57] Can't kekulize mol.  Unkekulized atoms: 3 4 5 6 7
[23:13:58] Can't kekulize mol.  Unkekulized atoms: 1 2 3 4 5
[23:13:58] WARNING: not removing hydrogen atom without neighbors
[23:13:58] Can't kekulize mol.  Unkekulized atoms: 1 2 3 4 5
[23:13:58] Explicit valence for atom # 6 O, 3, is greater than permitted
[23:13:58] Explicit valence for atom # 3 Si, 8, is greater than permitted
[23:13:59] Explicit valence for atom # 0 Cl, 2, is greater than permitted
[23:14:58] Can't kekulize mol.  Unkekulized atoms: 1 2 3 4 5
[23:14:58] Explicit valence for atom # 0 Cl, 2, is greater than permitted
[23:14:59] Can't kekulize mol.  Unkekulized atoms: 3 4 5 6 7
[23:15:00] Can't kekulize mol.  Unkekulized atoms: 3 4 5 6 7
[23:15:02] Can't kekulize mol.  Unkekulized atoms: 1 2 3 4 5
[23:15:02] Can't kekulize mol.  Unkekulized atoms: 3 4 5 6 7
[23:15:03] Can't kekulize mol.  Unkekulized atoms: 1 2 3 4 5
[23:15:03] WARNING: not removing hydrogen atom without neighbors
[23:15:03] Can't kekulize mol.  Unkekulized atoms: 1 2 3 4 5
[23:15:03] Explicit valence for atom # 6 O, 3, is greater than permitted
[23:15:03] Explicit valence for atom # 3 Si, 8, is greater than permitted
[23:15:03] Explicit valence for atom # 0 Cl, 2, is greater than permitted
[23:16:02] Can't kekulize mol.  Unkekulized atoms: 1 2 3 4 5
[23:16:02] Explicit valence for atom # 0 Cl, 2, is greater than permitted
[23:16:03] Can't kekulize mol.  Unkekulized atoms: 3 4 5 6 7
[23:16:03] Can't kekulize mol.  Unkekulized atoms: 3 4 5 6 7
[23:16:06] Can't kekulize mol.  Unkekulized atoms: 1 2 3 4 5
[23:16:06] Can't kekulize mol.  Unkekulized atoms: 3 4 5 6 7
[23:16:06] Can't kekulize mol.  Unkekulized atoms: 1 2 3 4 5
[23:16:06] WARNING: not removing hydrogen atom without neighbors
[23:16:07] Can't kekulize mol.  Unkekulized atoms: 1 2 3 4 5
[23:16:07] Explicit valence for atom # 6 O, 3, is greater than permitted
[23:16:07] Explicit valence for atom # 3 Si, 8, is greater than permitted
[23:16:07] Explicit valence for atom # 0 Cl, 2, is greater than permitted
[23:16:08] Can't kekulize mol.  Unkekulized atoms: 1 2 3 4 5
[23:16:08] Explicit valence for atom # 0 Cl, 2, is greater than permitted
[23:16:09] Can't kekulize mol.  Unkekulized atoms: 3 4 5 6 7
[23:16:09] Can't kekulize mol.  Unkekulized atoms: 3 4 5 6 7
[23:16:12] Can't kekulize mol.  Unkekulized atoms: 1 2 3 4 5
[23:16:12] Can't kekulize mol.  Unkekulized atoms: 3 4 5 6 7
[23:16:12] Can't kekulize mol.  Unkekulized atoms: 1 2 3 4 5
[23:16:12] WARNING: not removing hydrogen atom without neighbors
[23:16:13] Can't kekulize mol.  Unkekulized atoms: 1 2 3 4 5
[23:16:13] Explicit valence for atom # 6 O, 3, is greater than permitted
[23:16:13] Explicit valence for atom # 3 Si, 8, is greater than permitted
[23:16:13] Explicit valence for atom # 0 Cl, 2, is greater than permitted
