[1/4] Excel → CSV 변환 중...
[2/4] Pretraining on TOX21_ERb_BLA_Antagonist_ch1 using GIN...
Epoch 1/50 - Loss: 0.5533 - Val F1: 0.1458 - Val ROC-AUC: 0.7319 - Val PR-AUC: 0.1158
Epoch 2/50 - Loss: 0.4848 - Val F1: 0.1263 - Val ROC-AUC: 0.7032 - Val PR-AUC: 0.1133
Epoch 3/50 - Loss: 0.4534 - Val F1: 0.0905 - Val ROC-AUC: 0.6707 - Val PR-AUC: 0.0653
Epoch 4/50 - Loss: 0.4066 - Val F1: 0.1391 - Val ROC-AUC: 0.7168 - Val PR-AUC: 0.0952
Epoch 5/50 - Loss: 0.3942 - Val F1: 0.1395 - Val ROC-AUC: 0.7506 - Val PR-AUC: 0.0839
Epoch 6/50 - Loss: 0.3622 - Val F1: 0.1306 - Val ROC-AUC: 0.7158 - Val PR-AUC: 0.0839
Epoch 7/50 - Loss: 0.3373 - Val F1: 0.1818 - Val ROC-AUC: 0.7398 - Val PR-AUC: 0.0952
Epoch 8/50 - Loss: 0.3296 - Val F1: 0.1515 - Val ROC-AUC: 0.7042 - Val PR-AUC: 0.0832
Epoch 9/50 - Loss: 0.3145 - Val F1: 0.1339 - Val ROC-AUC: 0.7389 - Val PR-AUC: 0.0810
Epoch 10/50 - Loss: 0.3082 - Val F1: 0.1690 - Val ROC-AUC: 0.7249 - Val PR-AUC: 0.0858
Epoch 11/50 - Loss: 0.2677 - Val F1: 0.1553 - Val ROC-AUC: 0.7107 - Val PR-AUC: 0.0848
Epoch 12/50 - Loss: 0.2580 - Val F1: 0.1562 - Val ROC-AUC: 0.6969 - Val PR-AUC: 0.0849
Epoch 13/50 - Loss: 0.2431 - Val F1: 0.1280 - Val ROC-AUC: 0.7151 - Val PR-AUC: 0.1148
Epoch 14/50 - Loss: 0.2287 - Val F1: 0.1622 - Val ROC-AUC: 0.7273 - Val PR-AUC: 0.0851
Epoch 15/50 - Loss: 0.2332 - Val F1: 0.1869 - Val ROC-AUC: 0.7135 - Val PR-AUC: 0.0808
Epoch 16/50 - Loss: 0.2118 - Val F1: 0.1455 - Val ROC-AUC: 0.7188 - Val PR-AUC: 0.0893
Epoch 17/50 - Loss: 0.2018 - Val F1: 0.1593 - Val ROC-AUC: 0.7017 - Val PR-AUC: 0.0843
Epoch 18/50 - Loss: 0.2014 - Val F1: 0.1833 - Val ROC-AUC: 0.7249 - Val PR-AUC: 0.1265
Epoch 19/50 - Loss: 0.2063 - Val F1: 0.1772 - Val ROC-AUC: 0.7129 - Val PR-AUC: 0.0978
Epoch 20/50 - Loss: 0.1998 - Val F1: 0.1702 - Val ROC-AUC: 0.7272 - Val PR-AUC: 0.1056
Epoch 21/50 - Loss: 0.1840 - Val F1: 0.1400 - Val ROC-AUC: 0.7284 - Val PR-AUC: 0.0964
Epoch 22/50 - Loss: 0.1741 - Val F1: 0.1818 - Val ROC-AUC: 0.7273 - Val PR-AUC: 0.1106
Epoch 23/50 - Loss: 0.1659 - Val F1: 0.1509 - Val ROC-AUC: 0.7373 - Val PR-AUC: 0.1047
Epoch 24/50 - Loss: 0.1601 - Val F1: 0.1667 - Val ROC-AUC: 0.7184 - Val PR-AUC: 0.1039
Epoch 25/50 - Loss: 0.1736 - Val F1: 0.1818 - Val ROC-AUC: 0.7208 - Val PR-AUC: 0.1043
Epoch 26/50 - Loss: 0.1597 - Val F1: 0.1573 - Val ROC-AUC: 0.7210 - Val PR-AUC: 0.1163
Epoch 27/50 - Loss: 0.1461 - Val F1: 0.2022 - Val ROC-AUC: 0.7182 - Val PR-AUC: 0.1097
Epoch 28/50 - Loss: 0.1448 - Val F1: 0.1609 - Val ROC-AUC: 0.7339 - Val PR-AUC: 0.1192
Epoch 29/50 - Loss: 0.1425 - Val F1: 0.1505 - Val ROC-AUC: 0.7258 - Val PR-AUC: 0.1171
Epoch 30/50 - Loss: 0.1437 - Val F1: 0.1591 - Val ROC-AUC: 0.7161 - Val PR-AUC: 0.1016
Epoch 31/50 - Loss: 0.1316 - Val F1: 0.1628 - Val ROC-AUC: 0.7320 - Val PR-AUC: 0.1042
Epoch 32/50 - Loss: 0.1185 - Val F1: 0.1463 - Val ROC-AUC: 0.7293 - Val PR-AUC: 0.1106
Epoch 33/50 - Loss: 0.1155 - Val F1: 0.2162 - Val ROC-AUC: 0.7395 - Val PR-AUC: 0.1353
Epoch 34/50 - Loss: 0.1213 - Val F1: 0.1892 - Val ROC-AUC: 0.7208 - Val PR-AUC: 0.1204
Epoch 35/50 - Loss: 0.1180 - Val F1: 0.1772 - Val ROC-AUC: 0.7252 - Val PR-AUC: 0.1225
Epoch 36/50 - Loss: 0.1219 - Val F1: 0.2154 - Val ROC-AUC: 0.7168 - Val PR-AUC: 0.1061
Epoch 37/50 - Loss: 0.1170 - Val F1: 0.1842 - Val ROC-AUC: 0.7239 - Val PR-AUC: 0.1115
Epoch 38/50 - Loss: 0.1119 - Val F1: 0.1818 - Val ROC-AUC: 0.7293 - Val PR-AUC: 0.1170
Epoch 39/50 - Loss: 0.1044 - Val F1: 0.1728 - Val ROC-AUC: 0.7270 - Val PR-AUC: 0.1269
Epoch 40/50 - Loss: 0.1120 - Val F1: 0.1579 - Val ROC-AUC: 0.7346 - Val PR-AUC: 0.1227
Epoch 41/50 - Loss: 0.1058 - Val F1: 0.1892 - Val ROC-AUC: 0.7328 - Val PR-AUC: 0.1127
Epoch 42/50 - Loss: 0.0905 - Val F1: 0.1972 - Val ROC-AUC: 0.7417 - Val PR-AUC: 0.1248
Epoch 43/50 - Loss: 0.0885 - Val F1: 0.2059 - Val ROC-AUC: 0.7318 - Val PR-AUC: 0.1182
Epoch 44/50 - Loss: 0.0973 - Val F1: 0.2162 - Val ROC-AUC: 0.7380 - Val PR-AUC: 0.1285
Epoch 45/50 - Loss: 0.0942 - Val F1: 0.1905 - Val ROC-AUC: 0.7346 - Val PR-AUC: 0.1185
Epoch 46/50 - Loss: 0.0893 - Val F1: 0.1944 - Val ROC-AUC: 0.7307 - Val PR-AUC: 0.1227
Epoch 47/50 - Loss: 0.1033 - Val F1: 0.1795 - Val ROC-AUC: 0.7256 - Val PR-AUC: 0.1168
Epoch 48/50 - Loss: 0.0904 - Val F1: 0.2051 - Val ROC-AUC: 0.7382 - Val PR-AUC: 0.1234
Epoch 49/50 - Loss: 0.1011 - Val F1: 0.1818 - Val ROC-AUC: 0.7391 - Val PR-AUC: 0.1222
Epoch 50/50 - Loss: 0.0947 - Val F1: 0.2222 - Val ROC-AUC: 0.7352 - Val PR-AUC: 0.1218
Pretraining completed. Test F1: 0.1299, ROC-AUC: 0.6891, PR-AUC: 0.1285
[3/4] Finetuning on TOX21_ERb_BLA_Agonist_ch2 using GIN...
[Fine-tune] Epoch 1/50 - Loss: 0.3971 - Val F1: 0.1807 - Val ROC-AUC: 0.8770 - Val PR-AUC: 0.5365
[Fine-tune] Epoch 2/50 - Loss: 0.2651 - Val F1: 0.3056 - Val ROC-AUC: 0.8641 - Val PR-AUC: 0.4932
[Fine-tune] Epoch 3/50 - Loss: 0.2366 - Val F1: 0.3611 - Val ROC-AUC: 0.8416 - Val PR-AUC: 0.5246
[Fine-tune] Epoch 4/50 - Loss: 0.2050 - Val F1: 0.3256 - Val ROC-AUC: 0.8667 - Val PR-AUC: 0.5190
[Fine-tune] Epoch 5/50 - Loss: 0.1940 - Val F1: 0.3784 - Val ROC-AUC: 0.8745 - Val PR-AUC: 0.4816
[Fine-tune] Epoch 6/50 - Loss: 0.1758 - Val F1: 0.2737 - Val ROC-AUC: 0.8499 - Val PR-AUC: 0.5016
[Fine-tune] Epoch 7/50 - Loss: 0.1522 - Val F1: 0.5000 - Val ROC-AUC: 0.8847 - Val PR-AUC: 0.4990
[Fine-tune] Epoch 8/50 - Loss: 0.1593 - Val F1: 0.2727 - Val ROC-AUC: 0.8809 - Val PR-AUC: 0.4634
[Fine-tune] Epoch 9/50 - Loss: 0.1407 - Val F1: 0.2791 - Val ROC-AUC: 0.8311 - Val PR-AUC: 0.5235
[Fine-tune] Epoch 10/50 - Loss: 0.1455 - Val F1: 0.3429 - Val ROC-AUC: 0.8580 - Val PR-AUC: 0.4760
[Fine-tune] Epoch 11/50 - Loss: 0.1143 - Val F1: 0.3810 - Val ROC-AUC: 0.8593 - Val PR-AUC: 0.4660
[Fine-tune] Epoch 12/50 - Loss: 0.0833 - Val F1: 0.3333 - Val ROC-AUC: 0.8330 - Val PR-AUC: 0.5262
[Fine-tune] Epoch 13/50 - Loss: 0.1022 - Val F1: 0.3810 - Val ROC-AUC: 0.8780 - Val PR-AUC: 0.4708
[Fine-tune] Epoch 14/50 - Loss: 0.0960 - Val F1: 0.4706 - Val ROC-AUC: 0.8803 - Val PR-AUC: 0.5177
[Fine-tune] Epoch 15/50 - Loss: 0.1021 - Val F1: 0.4211 - Val ROC-AUC: 0.8578 - Val PR-AUC: 0.4897
[Fine-tune] Epoch 16/50 - Loss: 0.0877 - Val F1: 0.5000 - Val ROC-AUC: 0.8356 - Val PR-AUC: 0.4328
[Fine-tune] Epoch 17/50 - Loss: 0.0776 - Val F1: 0.4800 - Val ROC-AUC: 0.8613 - Val PR-AUC: 0.5037
[Fine-tune] Epoch 18/50 - Loss: 0.0748 - Val F1: 0.4800 - Val ROC-AUC: 0.8580 - Val PR-AUC: 0.4176
[Fine-tune] Epoch 19/50 - Loss: 0.0878 - Val F1: 0.3750 - Val ROC-AUC: 0.8674 - Val PR-AUC: 0.4383
[Fine-tune] Epoch 20/50 - Loss: 0.0827 - Val F1: 0.4364 - Val ROC-AUC: 0.8242 - Val PR-AUC: 0.5310
[Fine-tune] Epoch 21/50 - Loss: 0.0543 - Val F1: 0.4800 - Val ROC-AUC: 0.8297 - Val PR-AUC: 0.5333
[Fine-tune] Epoch 22/50 - Loss: 0.0559 - Val F1: 0.5000 - Val ROC-AUC: 0.8274 - Val PR-AUC: 0.5349
[Fine-tune] Epoch 23/50 - Loss: 0.0588 - Val F1: 0.5106 - Val ROC-AUC: 0.8340 - Val PR-AUC: 0.4989
[Fine-tune] Epoch 24/50 - Loss: 0.0549 - Val F1: 0.4615 - Val ROC-AUC: 0.8360 - Val PR-AUC: 0.5257
[Fine-tune] Epoch 25/50 - Loss: 0.0542 - Val F1: 0.4615 - Val ROC-AUC: 0.8318 - Val PR-AUC: 0.5259
[Fine-tune] Epoch 26/50 - Loss: 0.0504 - Val F1: 0.5106 - Val ROC-AUC: 0.8251 - Val PR-AUC: 0.5442
[Fine-tune] Epoch 27/50 - Loss: 0.0578 - Val F1: 0.4528 - Val ROC-AUC: 0.8225 - Val PR-AUC: 0.5823
[Fine-tune] Epoch 28/50 - Loss: 0.0476 - Val F1: 0.5000 - Val ROC-AUC: 0.8135 - Val PR-AUC: 0.5736
[Fine-tune] Epoch 29/50 - Loss: 0.0545 - Val F1: 0.4783 - Val ROC-AUC: 0.8230 - Val PR-AUC: 0.5167
[Fine-tune] Epoch 30/50 - Loss: 0.0464 - Val F1: 0.5106 - Val ROC-AUC: 0.8320 - Val PR-AUC: 0.5358
[Fine-tune] Epoch 31/50 - Loss: 0.0454 - Val F1: 0.4783 - Val ROC-AUC: 0.8262 - Val PR-AUC: 0.5349
[Fine-tune] Epoch 32/50 - Loss: 0.0505 - Val F1: 0.4898 - Val ROC-AUC: 0.8241 - Val PR-AUC: 0.5490
[Fine-tune] Epoch 33/50 - Loss: 0.0461 - Val F1: 0.4898 - Val ROC-AUC: 0.8223 - Val PR-AUC: 0.5755
[Fine-tune] Epoch 34/50 - Loss: 0.0378 - Val F1: 0.4898 - Val ROC-AUC: 0.8250 - Val PR-AUC: 0.5907
[Fine-tune] Epoch 35/50 - Loss: 0.0369 - Val F1: 0.4898 - Val ROC-AUC: 0.8297 - Val PR-AUC: 0.5798
[Fine-tune] Epoch 36/50 - Loss: 0.0379 - Val F1: 0.4898 - Val ROC-AUC: 0.8401 - Val PR-AUC: 0.6084
[Fine-tune] Epoch 37/50 - Loss: 0.0429 - Val F1: 0.4444 - Val ROC-AUC: 0.8367 - Val PR-AUC: 0.6054
[Fine-tune] Epoch 38/50 - Loss: 0.0455 - Val F1: 0.4681 - Val ROC-AUC: 0.8360 - Val PR-AUC: 0.5476
[Fine-tune] Epoch 39/50 - Loss: 0.0439 - Val F1: 0.5000 - Val ROC-AUC: 0.8361 - Val PR-AUC: 0.5452
[Fine-tune] Epoch 40/50 - Loss: 0.0435 - Val F1: 0.4706 - Val ROC-AUC: 0.8268 - Val PR-AUC: 0.5230
[Fine-tune] Epoch 41/50 - Loss: 0.0351 - Val F1: 0.4898 - Val ROC-AUC: 0.8344 - Val PR-AUC: 0.5742
[Fine-tune] Epoch 42/50 - Loss: 0.0326 - Val F1: 0.5106 - Val ROC-AUC: 0.8280 - Val PR-AUC: 0.5782
[Fine-tune] Epoch 43/50 - Loss: 0.0371 - Val F1: 0.4898 - Val ROC-AUC: 0.8256 - Val PR-AUC: 0.5814
[Fine-tune] Epoch 44/50 - Loss: 0.0278 - Val F1: 0.4898 - Val ROC-AUC: 0.8306 - Val PR-AUC: 0.5541
[Fine-tune] Epoch 45/50 - Loss: 0.0381 - Val F1: 0.5000 - Val ROC-AUC: 0.8328 - Val PR-AUC: 0.5810
[Fine-tune] Epoch 46/50 - Loss: 0.0389 - Val F1: 0.5106 - Val ROC-AUC: 0.8367 - Val PR-AUC: 0.5524
[Fine-tune] Epoch 47/50 - Loss: 0.0265 - Val F1: 0.4898 - Val ROC-AUC: 0.8306 - Val PR-AUC: 0.5305
[Fine-tune] Epoch 48/50 - Loss: 0.0325 - Val F1: 0.4898 - Val ROC-AUC: 0.8323 - Val PR-AUC: 0.5572
[Fine-tune] Epoch 49/50 - Loss: 0.0304 - Val F1: 0.4800 - Val ROC-AUC: 0.8255 - Val PR-AUC: 0.5124
[Fine-tune] Epoch 50/50 - Loss: 0.0249 - Val F1: 0.5000 - Val ROC-AUC: 0.8351 - Val PR-AUC: 0.5795
Finetuning completed. Test F1: 0.4000, ROC-AUC: 0.8711, PR-AUC: 0.4386
[3.1/4] Target-only training on TOX21_ERb_BLA_Agonist_ch2 using GIN...
=== Target-only training ===
[Target-only] Epoch 1/50 – Loss: 0.4571  Val F1: 0.1345  ROC-AUC: 0.8735  PR-AUC: 0.5329
[Target-only] Epoch 2/50 – Loss: 0.3632  Val F1: 0.1124  ROC-AUC: 0.8458  PR-AUC: 0.3779
[Target-only] Epoch 3/50 – Loss: 0.3240  Val F1: 0.1695  ROC-AUC: 0.8589  PR-AUC: 0.4501
[Target-only] Epoch 4/50 – Loss: 0.3032  Val F1: 0.2017  ROC-AUC: 0.8345  PR-AUC: 0.4015
[Target-only] Epoch 5/50 – Loss: 0.2567  Val F1: 0.2158  ROC-AUC: 0.8360  PR-AUC: 0.3059
[Target-only] Epoch 6/50 – Loss: 0.2346  Val F1: 0.3333  ROC-AUC: 0.8504  PR-AUC: 0.4146
[Target-only] Epoch 7/50 – Loss: 0.2458  Val F1: 0.3448  ROC-AUC: 0.8631  PR-AUC: 0.4705
[Target-only] Epoch 8/50 – Loss: 0.2096  Val F1: 0.3059  ROC-AUC: 0.8448  PR-AUC: 0.4127
[Target-only] Epoch 9/50 – Loss: 0.2148  Val F1: 0.2593  ROC-AUC: 0.8339  PR-AUC: 0.3830
[Target-only] Epoch 10/50 – Loss: 0.1965  Val F1: 0.3133  ROC-AUC: 0.8442  PR-AUC: 0.5467
[Target-only] Epoch 11/50 – Loss: 0.1587  Val F1: 0.2308  ROC-AUC: 0.8303  PR-AUC: 0.5253
[Target-only] Epoch 12/50 – Loss: 0.1497  Val F1: 0.3333  ROC-AUC: 0.8200  PR-AUC: 0.5023
[Target-only] Epoch 13/50 – Loss: 0.1498  Val F1: 0.3810  ROC-AUC: 0.8161  PR-AUC: 0.5012
[Target-only] Epoch 14/50 – Loss: 0.1450  Val F1: 0.2824  ROC-AUC: 0.8163  PR-AUC: 0.4634
[Target-only] Epoch 15/50 – Loss: 0.1429  Val F1: 0.3810  ROC-AUC: 0.8240  PR-AUC: 0.4929
[Target-only] Epoch 16/50 – Loss: 0.1242  Val F1: 0.2558  ROC-AUC: 0.8041  PR-AUC: 0.4126
[Target-only] Epoch 17/50 – Loss: 0.1177  Val F1: 0.4000  ROC-AUC: 0.8190  PR-AUC: 0.5336
[Target-only] Epoch 18/50 – Loss: 0.1445  Val F1: 0.2791  ROC-AUC: 0.8352  PR-AUC: 0.5134
[Target-only] Epoch 19/50 – Loss: 0.1308  Val F1: 0.3077  ROC-AUC: 0.8258  PR-AUC: 0.4814
[Target-only] Epoch 20/50 – Loss: 0.1110  Val F1: 0.3692  ROC-AUC: 0.8328  PR-AUC: 0.4233
[Target-only] Epoch 21/50 – Loss: 0.1020  Val F1: 0.4444  ROC-AUC: 0.8233  PR-AUC: 0.4885
[Target-only] Epoch 22/50 – Loss: 0.1009  Val F1: 0.4000  ROC-AUC: 0.8255  PR-AUC: 0.6006
[Target-only] Epoch 23/50 – Loss: 0.1026  Val F1: 0.4068  ROC-AUC: 0.8086  PR-AUC: 0.3631
[Target-only] Epoch 24/50 – Loss: 0.0934  Val F1: 0.3582  ROC-AUC: 0.8059  PR-AUC: 0.5046
[Target-only] Epoch 25/50 – Loss: 0.0830  Val F1: 0.3810  ROC-AUC: 0.8237  PR-AUC: 0.5388
[Target-only] Epoch 26/50 – Loss: 0.0902  Val F1: 0.5000  ROC-AUC: 0.8298  PR-AUC: 0.5813
[Target-only] Epoch 27/50 – Loss: 0.0868  Val F1: 0.4068  ROC-AUC: 0.8569  PR-AUC: 0.6046
[Target-only] Epoch 28/50 – Loss: 0.0828  Val F1: 0.4898  ROC-AUC: 0.8230  PR-AUC: 0.5198
[Target-only] Epoch 29/50 – Loss: 0.0836  Val F1: 0.4068  ROC-AUC: 0.8005  PR-AUC: 0.5810
[Target-only] Epoch 30/50 – Loss: 0.0907  Val F1: 0.4000  ROC-AUC: 0.7930  PR-AUC: 0.5356
[Target-only] Epoch 31/50 – Loss: 0.0784  Val F1: 0.4444  ROC-AUC: 0.8061  PR-AUC: 0.5963
[Target-only] Epoch 32/50 – Loss: 0.0702  Val F1: 0.4068  ROC-AUC: 0.8053  PR-AUC: 0.6001
[Target-only] Epoch 33/50 – Loss: 0.0694  Val F1: 0.4286  ROC-AUC: 0.8144  PR-AUC: 0.6045
[Target-only] Epoch 34/50 – Loss: 0.0530  Val F1: 0.4000  ROC-AUC: 0.8117  PR-AUC: 0.5820
[Target-only] Epoch 35/50 – Loss: 0.0620  Val F1: 0.4898  ROC-AUC: 0.8137  PR-AUC: 0.5867
[Target-only] Epoch 36/50 – Loss: 0.0710  Val F1: 0.4068  ROC-AUC: 0.8078  PR-AUC: 0.5860
[Target-only] Epoch 37/50 – Loss: 0.0690  Val F1: 0.4444  ROC-AUC: 0.8096  PR-AUC: 0.5106
[Target-only] Epoch 38/50 – Loss: 0.0553  Val F1: 0.3810  ROC-AUC: 0.8062  PR-AUC: 0.5765
[Target-only] Epoch 39/50 – Loss: 0.0704  Val F1: 0.4528  ROC-AUC: 0.8023  PR-AUC: 0.5651
[Target-only] Epoch 40/50 – Loss: 0.0589  Val F1: 0.4706  ROC-AUC: 0.7974  PR-AUC: 0.5751
[Target-only] Epoch 41/50 – Loss: 0.0627  Val F1: 0.4898  ROC-AUC: 0.7962  PR-AUC: 0.6225
[Target-only] Epoch 42/50 – Loss: 0.0632  Val F1: 0.4528  ROC-AUC: 0.7985  PR-AUC: 0.5733
[Target-only] Epoch 43/50 – Loss: 0.0593  Val F1: 0.4444  ROC-AUC: 0.8050  PR-AUC: 0.5757
[Target-only] Epoch 44/50 – Loss: 0.0643  Val F1: 0.4000  ROC-AUC: 0.8053  PR-AUC: 0.5582
[Target-only] Epoch 45/50 – Loss: 0.0595  Val F1: 0.4364  ROC-AUC: 0.8016  PR-AUC: 0.5956
[Target-only] Epoch 46/50 – Loss: 0.0519  Val F1: 0.4898  ROC-AUC: 0.8076  PR-AUC: 0.5983
[Target-only] Epoch 47/50 – Loss: 0.0584  Val F1: 0.4898  ROC-AUC: 0.8053  PR-AUC: 0.5734
[Target-only] Epoch 48/50 – Loss: 0.0457  Val F1: 0.4706  ROC-AUC: 0.8080  PR-AUC: 0.5994
[Target-only] Epoch 49/50 – Loss: 0.0480  Val F1: 0.4528  ROC-AUC: 0.7984  PR-AUC: 0.5999
[Target-only] Epoch 50/50 – Loss: 0.0563  Val F1: 0.4898  ROC-AUC: 0.8084  PR-AUC: 0.5654
=== Target-only TEST performance ===
Test F1: 0.3860, ROC-AUC: 0.8939, PR-AUC: 0.4658
[4/4] Embedding 시각화 중...
✅ Embeddings 저장 완료: embeddings_TOX21_ERb_BLA_Antagonist_ch1_TOX21_ERb_BLA_Agonist_ch2_GIN.png
✅ 실험 완료: TOX21_ERb_BLA_Antagonist_ch1 -> TOX21_ERb_BLA_Agonist_ch2 [GIN]
