[1/4] Excel → CSV 변환 중...
[2/4] Pretraining on TOX21_ERb_BLA_Antagonist_ch1 using GIN...
Epoch 1/50 - Loss: 0.5672 - Val F1: 0.0938 - Val ROC-AUC: 0.7304 - Val PR-AUC: 0.1111
Epoch 2/50 - Loss: 0.4767 - Val F1: 0.0898 - Val ROC-AUC: 0.7309 - Val PR-AUC: 0.0765
Epoch 3/50 - Loss: 0.4298 - Val F1: 0.1818 - Val ROC-AUC: 0.7859 - Val PR-AUC: 0.1157
Epoch 4/50 - Loss: 0.4194 - Val F1: 0.1362 - Val ROC-AUC: 0.7083 - Val PR-AUC: 0.0812
Epoch 5/50 - Loss: 0.3760 - Val F1: 0.1322 - Val ROC-AUC: 0.7456 - Val PR-AUC: 0.0964
Epoch 6/50 - Loss: 0.3696 - Val F1: 0.1316 - Val ROC-AUC: 0.6977 - Val PR-AUC: 0.0671
Epoch 7/50 - Loss: 0.3621 - Val F1: 0.1818 - Val ROC-AUC: 0.7339 - Val PR-AUC: 0.1072
Epoch 8/50 - Loss: 0.3204 - Val F1: 0.1522 - Val ROC-AUC: 0.7327 - Val PR-AUC: 0.0960
Epoch 9/50 - Loss: 0.3022 - Val F1: 0.1685 - Val ROC-AUC: 0.7501 - Val PR-AUC: 0.1041
Epoch 10/50 - Loss: 0.3190 - Val F1: 0.1871 - Val ROC-AUC: 0.7713 - Val PR-AUC: 0.1031
Epoch 11/50 - Loss: 0.2719 - Val F1: 0.1667 - Val ROC-AUC: 0.7147 - Val PR-AUC: 0.0920
Epoch 12/50 - Loss: 0.2413 - Val F1: 0.2115 - Val ROC-AUC: 0.7328 - Val PR-AUC: 0.1014
Epoch 13/50 - Loss: 0.2203 - Val F1: 0.1418 - Val ROC-AUC: 0.7179 - Val PR-AUC: 0.0895
Epoch 14/50 - Loss: 0.2268 - Val F1: 0.1386 - Val ROC-AUC: 0.6876 - Val PR-AUC: 0.0881
Epoch 15/50 - Loss: 0.2390 - Val F1: 0.1322 - Val ROC-AUC: 0.7051 - Val PR-AUC: 0.0937
Epoch 16/50 - Loss: 0.2265 - Val F1: 0.1391 - Val ROC-AUC: 0.7197 - Val PR-AUC: 0.0801
Epoch 17/50 - Loss: 0.1990 - Val F1: 0.1837 - Val ROC-AUC: 0.7030 - Val PR-AUC: 0.0832
Epoch 18/50 - Loss: 0.2044 - Val F1: 0.1379 - Val ROC-AUC: 0.6822 - Val PR-AUC: 0.0861
Epoch 19/50 - Loss: 0.1933 - Val F1: 0.1711 - Val ROC-AUC: 0.7178 - Val PR-AUC: 0.1113
Epoch 20/50 - Loss: 0.1858 - Val F1: 0.1593 - Val ROC-AUC: 0.7325 - Val PR-AUC: 0.0994
Epoch 21/50 - Loss: 0.1545 - Val F1: 0.1609 - Val ROC-AUC: 0.7298 - Val PR-AUC: 0.1176
Epoch 22/50 - Loss: 0.1563 - Val F1: 0.1860 - Val ROC-AUC: 0.7339 - Val PR-AUC: 0.1209
Epoch 23/50 - Loss: 0.1553 - Val F1: 0.1758 - Val ROC-AUC: 0.7257 - Val PR-AUC: 0.1011
Epoch 24/50 - Loss: 0.1422 - Val F1: 0.1915 - Val ROC-AUC: 0.7191 - Val PR-AUC: 0.1123
Epoch 25/50 - Loss: 0.1424 - Val F1: 0.1702 - Val ROC-AUC: 0.7132 - Val PR-AUC: 0.1009
Epoch 26/50 - Loss: 0.1310 - Val F1: 0.2133 - Val ROC-AUC: 0.7136 - Val PR-AUC: 0.1300
Epoch 27/50 - Loss: 0.1330 - Val F1: 0.1978 - Val ROC-AUC: 0.7187 - Val PR-AUC: 0.1121
Epoch 28/50 - Loss: 0.1383 - Val F1: 0.1905 - Val ROC-AUC: 0.7237 - Val PR-AUC: 0.1209
Epoch 29/50 - Loss: 0.1234 - Val F1: 0.1837 - Val ROC-AUC: 0.7407 - Val PR-AUC: 0.1079
Epoch 30/50 - Loss: 0.1300 - Val F1: 0.1250 - Val ROC-AUC: 0.7129 - Val PR-AUC: 0.1278
Epoch 31/50 - Loss: 0.1129 - Val F1: 0.2045 - Val ROC-AUC: 0.7326 - Val PR-AUC: 0.1126
Epoch 32/50 - Loss: 0.1175 - Val F1: 0.1728 - Val ROC-AUC: 0.7316 - Val PR-AUC: 0.0999
Epoch 33/50 - Loss: 0.1027 - Val F1: 0.1667 - Val ROC-AUC: 0.7380 - Val PR-AUC: 0.1131
Epoch 34/50 - Loss: 0.1157 - Val F1: 0.1622 - Val ROC-AUC: 0.7198 - Val PR-AUC: 0.1080
Epoch 35/50 - Loss: 0.1138 - Val F1: 0.2162 - Val ROC-AUC: 0.7156 - Val PR-AUC: 0.1003
Epoch 36/50 - Loss: 0.1053 - Val F1: 0.2059 - Val ROC-AUC: 0.7111 - Val PR-AUC: 0.1018
Epoch 37/50 - Loss: 0.1019 - Val F1: 0.1687 - Val ROC-AUC: 0.7274 - Val PR-AUC: 0.1135
Epoch 38/50 - Loss: 0.1104 - Val F1: 0.1463 - Val ROC-AUC: 0.7045 - Val PR-AUC: 0.1119
Epoch 39/50 - Loss: 0.1014 - Val F1: 0.1892 - Val ROC-AUC: 0.7126 - Val PR-AUC: 0.1023
Epoch 40/50 - Loss: 0.0991 - Val F1: 0.2192 - Val ROC-AUC: 0.7042 - Val PR-AUC: 0.1158
Epoch 41/50 - Loss: 0.0943 - Val F1: 0.1972 - Val ROC-AUC: 0.7104 - Val PR-AUC: 0.1054
Epoch 42/50 - Loss: 0.1001 - Val F1: 0.1818 - Val ROC-AUC: 0.7229 - Val PR-AUC: 0.1144
Epoch 43/50 - Loss: 0.0892 - Val F1: 0.1842 - Val ROC-AUC: 0.7217 - Val PR-AUC: 0.1110
Epoch 44/50 - Loss: 0.0826 - Val F1: 0.2154 - Val ROC-AUC: 0.7094 - Val PR-AUC: 0.1046
Epoch 45/50 - Loss: 0.0865 - Val F1: 0.1818 - Val ROC-AUC: 0.7176 - Val PR-AUC: 0.1064
Epoch 46/50 - Loss: 0.0834 - Val F1: 0.1765 - Val ROC-AUC: 0.7162 - Val PR-AUC: 0.1045
Epoch 47/50 - Loss: 0.0855 - Val F1: 0.1579 - Val ROC-AUC: 0.7160 - Val PR-AUC: 0.1094
Epoch 48/50 - Loss: 0.0782 - Val F1: 0.1667 - Val ROC-AUC: 0.7166 - Val PR-AUC: 0.1107
Epoch 49/50 - Loss: 0.0869 - Val F1: 0.1690 - Val ROC-AUC: 0.7148 - Val PR-AUC: 0.1001
Epoch 50/50 - Loss: 0.0931 - Val F1: 0.1791 - Val ROC-AUC: 0.7063 - Val PR-AUC: 0.1028
Pretraining completed. Test F1: 0.1000, ROC-AUC: 0.6725, PR-AUC: 0.0971
[3/4] Finetuning on TOX21_ERa_BLA_Agonist_ch2 using GIN...
[Fine-tune] Epoch 1/50 - Loss: 0.5382 - Val F1: 0.3522 - Val ROC-AUC: 0.8631 - Val PR-AUC: 0.3527
[Fine-tune] Epoch 2/50 - Loss: 0.4169 - Val F1: 0.3059 - Val ROC-AUC: 0.8545 - Val PR-AUC: 0.3911
[Fine-tune] Epoch 3/50 - Loss: 0.3680 - Val F1: 0.2857 - Val ROC-AUC: 0.8461 - Val PR-AUC: 0.3870
[Fine-tune] Epoch 4/50 - Loss: 0.3550 - Val F1: 0.3145 - Val ROC-AUC: 0.8478 - Val PR-AUC: 0.3255
[Fine-tune] Epoch 5/50 - Loss: 0.3360 - Val F1: 0.3109 - Val ROC-AUC: 0.8995 - Val PR-AUC: 0.3620
[Fine-tune] Epoch 6/50 - Loss: 0.3117 - Val F1: 0.3797 - Val ROC-AUC: 0.8749 - Val PR-AUC: 0.4453
[Fine-tune] Epoch 7/50 - Loss: 0.2892 - Val F1: 0.3307 - Val ROC-AUC: 0.8759 - Val PR-AUC: 0.2866
[Fine-tune] Epoch 8/50 - Loss: 0.2778 - Val F1: 0.3597 - Val ROC-AUC: 0.8817 - Val PR-AUC: 0.4385
[Fine-tune] Epoch 9/50 - Loss: 0.2654 - Val F1: 0.3709 - Val ROC-AUC: 0.8674 - Val PR-AUC: 0.4084
[Fine-tune] Epoch 10/50 - Loss: 0.2591 - Val F1: 0.3473 - Val ROC-AUC: 0.8807 - Val PR-AUC: 0.4434
[Fine-tune] Epoch 11/50 - Loss: 0.2060 - Val F1: 0.4062 - Val ROC-AUC: 0.8837 - Val PR-AUC: 0.4229
[Fine-tune] Epoch 12/50 - Loss: 0.1975 - Val F1: 0.3125 - Val ROC-AUC: 0.8701 - Val PR-AUC: 0.3873
[Fine-tune] Epoch 13/50 - Loss: 0.1973 - Val F1: 0.3281 - Val ROC-AUC: 0.8709 - Val PR-AUC: 0.3954
[Fine-tune] Epoch 14/50 - Loss: 0.1822 - Val F1: 0.3309 - Val ROC-AUC: 0.8823 - Val PR-AUC: 0.4125
[Fine-tune] Epoch 15/50 - Loss: 0.1854 - Val F1: 0.3443 - Val ROC-AUC: 0.8543 - Val PR-AUC: 0.3888
[Fine-tune] Epoch 16/50 - Loss: 0.1726 - Val F1: 0.3793 - Val ROC-AUC: 0.8701 - Val PR-AUC: 0.4229
[Fine-tune] Epoch 17/50 - Loss: 0.1664 - Val F1: 0.3465 - Val ROC-AUC: 0.8697 - Val PR-AUC: 0.3755
[Fine-tune] Epoch 18/50 - Loss: 0.1610 - Val F1: 0.3597 - Val ROC-AUC: 0.8832 - Val PR-AUC: 0.3601
[Fine-tune] Epoch 19/50 - Loss: 0.1467 - Val F1: 0.3684 - Val ROC-AUC: 0.8868 - Val PR-AUC: 0.4213
[Fine-tune] Epoch 20/50 - Loss: 0.1617 - Val F1: 0.3538 - Val ROC-AUC: 0.8699 - Val PR-AUC: 0.3622
[Fine-tune] Epoch 21/50 - Loss: 0.1365 - Val F1: 0.3652 - Val ROC-AUC: 0.8695 - Val PR-AUC: 0.3973
[Fine-tune] Epoch 22/50 - Loss: 0.1282 - Val F1: 0.3652 - Val ROC-AUC: 0.8648 - Val PR-AUC: 0.3910
[Fine-tune] Epoch 23/50 - Loss: 0.1297 - Val F1: 0.3636 - Val ROC-AUC: 0.8727 - Val PR-AUC: 0.4024
[Fine-tune] Epoch 24/50 - Loss: 0.1230 - Val F1: 0.3967 - Val ROC-AUC: 0.8886 - Val PR-AUC: 0.4306
[Fine-tune] Epoch 25/50 - Loss: 0.1069 - Val F1: 0.3654 - Val ROC-AUC: 0.8560 - Val PR-AUC: 0.3832
[Fine-tune] Epoch 26/50 - Loss: 0.1276 - Val F1: 0.3636 - Val ROC-AUC: 0.8601 - Val PR-AUC: 0.3652
[Fine-tune] Epoch 27/50 - Loss: 0.1212 - Val F1: 0.3540 - Val ROC-AUC: 0.8575 - Val PR-AUC: 0.3595
[Fine-tune] Epoch 28/50 - Loss: 0.1204 - Val F1: 0.3818 - Val ROC-AUC: 0.8649 - Val PR-AUC: 0.4095
[Fine-tune] Epoch 29/50 - Loss: 0.1079 - Val F1: 0.3276 - Val ROC-AUC: 0.8678 - Val PR-AUC: 0.3869
[Fine-tune] Epoch 30/50 - Loss: 0.1159 - Val F1: 0.3680 - Val ROC-AUC: 0.8670 - Val PR-AUC: 0.3968
[Fine-tune] Epoch 31/50 - Loss: 0.1012 - Val F1: 0.3363 - Val ROC-AUC: 0.8606 - Val PR-AUC: 0.3829
[Fine-tune] Epoch 32/50 - Loss: 0.0978 - Val F1: 0.3585 - Val ROC-AUC: 0.8685 - Val PR-AUC: 0.3798
[Fine-tune] Epoch 33/50 - Loss: 0.0975 - Val F1: 0.3455 - Val ROC-AUC: 0.8646 - Val PR-AUC: 0.3767
[Fine-tune] Epoch 34/50 - Loss: 0.0866 - Val F1: 0.3273 - Val ROC-AUC: 0.8645 - Val PR-AUC: 0.3872
[Fine-tune] Epoch 35/50 - Loss: 0.1011 - Val F1: 0.3495 - Val ROC-AUC: 0.8755 - Val PR-AUC: 0.3855
[Fine-tune] Epoch 36/50 - Loss: 0.1006 - Val F1: 0.3303 - Val ROC-AUC: 0.8605 - Val PR-AUC: 0.3915
[Fine-tune] Epoch 37/50 - Loss: 0.0863 - Val F1: 0.3585 - Val ROC-AUC: 0.8570 - Val PR-AUC: 0.3820
[Fine-tune] Epoch 38/50 - Loss: 0.0999 - Val F1: 0.3462 - Val ROC-AUC: 0.8586 - Val PR-AUC: 0.3745
[Fine-tune] Epoch 39/50 - Loss: 0.0874 - Val F1: 0.3670 - Val ROC-AUC: 0.8497 - Val PR-AUC: 0.3581
[Fine-tune] Epoch 40/50 - Loss: 0.0978 - Val F1: 0.3299 - Val ROC-AUC: 0.8494 - Val PR-AUC: 0.3834
[Fine-tune] Epoch 41/50 - Loss: 0.0795 - Val F1: 0.3299 - Val ROC-AUC: 0.8563 - Val PR-AUC: 0.3856
[Fine-tune] Epoch 42/50 - Loss: 0.0801 - Val F1: 0.3617 - Val ROC-AUC: 0.8590 - Val PR-AUC: 0.3712
[Fine-tune] Epoch 43/50 - Loss: 0.0911 - Val F1: 0.3486 - Val ROC-AUC: 0.8631 - Val PR-AUC: 0.3796
[Fine-tune] Epoch 44/50 - Loss: 0.0859 - Val F1: 0.3529 - Val ROC-AUC: 0.8581 - Val PR-AUC: 0.3834
[Fine-tune] Epoch 45/50 - Loss: 0.0894 - Val F1: 0.3564 - Val ROC-AUC: 0.8589 - Val PR-AUC: 0.3827
[Fine-tune] Epoch 46/50 - Loss: 0.0914 - Val F1: 0.3495 - Val ROC-AUC: 0.8506 - Val PR-AUC: 0.3656
[Fine-tune] Epoch 47/50 - Loss: 0.0806 - Val F1: 0.3636 - Val ROC-AUC: 0.8549 - Val PR-AUC: 0.3843
[Fine-tune] Epoch 48/50 - Loss: 0.0739 - Val F1: 0.3600 - Val ROC-AUC: 0.8427 - Val PR-AUC: 0.3719
[Fine-tune] Epoch 49/50 - Loss: 0.0801 - Val F1: 0.3600 - Val ROC-AUC: 0.8486 - Val PR-AUC: 0.3852
[Fine-tune] Epoch 50/50 - Loss: 0.0841 - Val F1: 0.3830 - Val ROC-AUC: 0.8546 - Val PR-AUC: 0.3791
Finetuning completed. Test F1: 0.2945, ROC-AUC: 0.7708, PR-AUC: 0.2558
[3.1/4] Target-only training on TOX21_ERa_BLA_Agonist_ch2 using GIN...
=== Target-only training ===
[Target-only] Epoch 1/50 – Loss: 0.5822  Val F1: 0.3789  ROC-AUC: 0.8312  PR-AUC: 0.3421
[Target-only] Epoch 2/50 – Loss: 0.5220  Val F1: 0.2266  ROC-AUC: 0.8422  PR-AUC: 0.3580
[Target-only] Epoch 3/50 – Loss: 0.4780  Val F1: 0.3358  ROC-AUC: 0.8383  PR-AUC: 0.3832
[Target-only] Epoch 4/50 – Loss: 0.4571  Val F1: 0.2188  ROC-AUC: 0.8620  PR-AUC: 0.2669
[Target-only] Epoch 5/50 – Loss: 0.4411  Val F1: 0.2983  ROC-AUC: 0.8853  PR-AUC: 0.3767
[Target-only] Epoch 6/50 – Loss: 0.4021  Val F1: 0.2828  ROC-AUC: 0.8659  PR-AUC: 0.3655
[Target-only] Epoch 7/50 – Loss: 0.3818  Val F1: 0.2672  ROC-AUC: 0.8700  PR-AUC: 0.3619
[Target-only] Epoch 8/50 – Loss: 0.3777  Val F1: 0.2857  ROC-AUC: 0.8443  PR-AUC: 0.3494
[Target-only] Epoch 9/50 – Loss: 0.3665  Val F1: 0.2883  ROC-AUC: 0.8813  PR-AUC: 0.3341
[Target-only] Epoch 10/50 – Loss: 0.3548  Val F1: 0.3053  ROC-AUC: 0.8828  PR-AUC: 0.3799
[Target-only] Epoch 11/50 – Loss: 0.3114  Val F1: 0.3222  ROC-AUC: 0.8585  PR-AUC: 0.3582
[Target-only] Epoch 12/50 – Loss: 0.3038  Val F1: 0.2500  ROC-AUC: 0.8479  PR-AUC: 0.3884
[Target-only] Epoch 13/50 – Loss: 0.3036  Val F1: 0.3353  ROC-AUC: 0.8615  PR-AUC: 0.3949
[Target-only] Epoch 14/50 – Loss: 0.2705  Val F1: 0.3243  ROC-AUC: 0.8553  PR-AUC: 0.3673
[Target-only] Epoch 15/50 – Loss: 0.2831  Val F1: 0.3308  ROC-AUC: 0.8484  PR-AUC: 0.3319
[Target-only] Epoch 16/50 – Loss: 0.2665  Val F1: 0.2971  ROC-AUC: 0.8607  PR-AUC: 0.3864
[Target-only] Epoch 17/50 – Loss: 0.2515  Val F1: 0.3425  ROC-AUC: 0.8524  PR-AUC: 0.3416
[Target-only] Epoch 18/50 – Loss: 0.2599  Val F1: 0.3485  ROC-AUC: 0.8569  PR-AUC: 0.3937
[Target-only] Epoch 19/50 – Loss: 0.2429  Val F1: 0.3019  ROC-AUC: 0.8610  PR-AUC: 0.4331
[Target-only] Epoch 20/50 – Loss: 0.2214  Val F1: 0.3358  ROC-AUC: 0.8532  PR-AUC: 0.3695
[Target-only] Epoch 21/50 – Loss: 0.1996  Val F1: 0.3333  ROC-AUC: 0.8629  PR-AUC: 0.4149
[Target-only] Epoch 22/50 – Loss: 0.1958  Val F1: 0.3401  ROC-AUC: 0.8635  PR-AUC: 0.3749
[Target-only] Epoch 23/50 – Loss: 0.1995  Val F1: 0.3380  ROC-AUC: 0.8560  PR-AUC: 0.3908
[Target-only] Epoch 24/50 – Loss: 0.1922  Val F1: 0.3429  ROC-AUC: 0.8559  PR-AUC: 0.3841
[Target-only] Epoch 25/50 – Loss: 0.1894  Val F1: 0.3359  ROC-AUC: 0.8447  PR-AUC: 0.3666
[Target-only] Epoch 26/50 – Loss: 0.1816  Val F1: 0.3714  ROC-AUC: 0.8553  PR-AUC: 0.3648
[Target-only] Epoch 27/50 – Loss: 0.1782  Val F1: 0.3243  ROC-AUC: 0.8520  PR-AUC: 0.3859
[Target-only] Epoch 28/50 – Loss: 0.1747  Val F1: 0.2879  ROC-AUC: 0.8519  PR-AUC: 0.3106
[Target-only] Epoch 29/50 – Loss: 0.1806  Val F1: 0.3206  ROC-AUC: 0.8608  PR-AUC: 0.3717
[Target-only] Epoch 30/50 – Loss: 0.1645  Val F1: 0.3471  ROC-AUC: 0.8572  PR-AUC: 0.3675
[Target-only] Epoch 31/50 – Loss: 0.1519  Val F1: 0.3390  ROC-AUC: 0.8625  PR-AUC: 0.3743
[Target-only] Epoch 32/50 – Loss: 0.1583  Val F1: 0.3390  ROC-AUC: 0.8612  PR-AUC: 0.3734
[Target-only] Epoch 33/50 – Loss: 0.1505  Val F1: 0.3016  ROC-AUC: 0.8573  PR-AUC: 0.3725
[Target-only] Epoch 34/50 – Loss: 0.1360  Val F1: 0.3248  ROC-AUC: 0.8533  PR-AUC: 0.3641
[Target-only] Epoch 35/50 – Loss: 0.1398  Val F1: 0.3063  ROC-AUC: 0.8534  PR-AUC: 0.3218
[Target-only] Epoch 36/50 – Loss: 0.1379  Val F1: 0.3248  ROC-AUC: 0.8577  PR-AUC: 0.3541
[Target-only] Epoch 37/50 – Loss: 0.1367  Val F1: 0.3636  ROC-AUC: 0.8374  PR-AUC: 0.3333
[Target-only] Epoch 38/50 – Loss: 0.1450  Val F1: 0.3140  ROC-AUC: 0.8557  PR-AUC: 0.3418
[Target-only] Epoch 39/50 – Loss: 0.1393  Val F1: 0.3333  ROC-AUC: 0.8487  PR-AUC: 0.3322
[Target-only] Epoch 40/50 – Loss: 0.1342  Val F1: 0.3186  ROC-AUC: 0.8580  PR-AUC: 0.3592
[Target-only] Epoch 41/50 – Loss: 0.1312  Val F1: 0.3051  ROC-AUC: 0.8625  PR-AUC: 0.3526
[Target-only] Epoch 42/50 – Loss: 0.1329  Val F1: 0.3273  ROC-AUC: 0.8587  PR-AUC: 0.3642
[Target-only] Epoch 43/50 – Loss: 0.1215  Val F1: 0.2982  ROC-AUC: 0.8492  PR-AUC: 0.3213
[Target-only] Epoch 44/50 – Loss: 0.1279  Val F1: 0.3273  ROC-AUC: 0.8553  PR-AUC: 0.3619
[Target-only] Epoch 45/50 – Loss: 0.1239  Val F1: 0.3063  ROC-AUC: 0.8556  PR-AUC: 0.3493
[Target-only] Epoch 46/50 – Loss: 0.1126  Val F1: 0.3063  ROC-AUC: 0.8630  PR-AUC: 0.3451
[Target-only] Epoch 47/50 – Loss: 0.1163  Val F1: 0.3009  ROC-AUC: 0.8602  PR-AUC: 0.3451
[Target-only] Epoch 48/50 – Loss: 0.1099  Val F1: 0.3307  ROC-AUC: 0.8580  PR-AUC: 0.3605
[Target-only] Epoch 49/50 – Loss: 0.1135  Val F1: 0.3148  ROC-AUC: 0.8551  PR-AUC: 0.3323
[Target-only] Epoch 50/50 – Loss: 0.1317  Val F1: 0.2906  ROC-AUC: 0.8501  PR-AUC: 0.3078
=== Target-only TEST performance ===
Test F1: 0.2727, ROC-AUC: 0.7496, PR-AUC: 0.3214
[4/4] Embedding 시각화 중...
✅ Embeddings 저장 완료: embeddings_TOX21_ERb_BLA_Antagonist_ch1_TOX21_ERa_BLA_Agonist_ch2_GIN.png
✅ 실험 완료: TOX21_ERb_BLA_Antagonist_ch1 -> TOX21_ERa_BLA_Agonist_ch2 [GIN]
