[1/4] Excel → CSV 변환 중...
[2/4] Pretraining on TOX21_ERa_LUC_VM7_Agonist using GIN...
Epoch 1/50 - Loss: 0.6742 - Val F1: 0.2207 - Val ROC-AUC: 0.5750 - Val PR-AUC: 0.1980
Epoch 2/50 - Loss: 0.6577 - Val F1: 0.2736 - Val ROC-AUC: 0.6547 - Val PR-AUC: 0.2642
Epoch 3/50 - Loss: 0.6461 - Val F1: 0.2545 - Val ROC-AUC: 0.6487 - Val PR-AUC: 0.2356
Epoch 4/50 - Loss: 0.6373 - Val F1: 0.2621 - Val ROC-AUC: 0.6522 - Val PR-AUC: 0.2396
Epoch 5/50 - Loss: 0.6250 - Val F1: 0.3099 - Val ROC-AUC: 0.6906 - Val PR-AUC: 0.2833
Epoch 6/50 - Loss: 0.6215 - Val F1: 0.2752 - Val ROC-AUC: 0.6395 - Val PR-AUC: 0.2415
Epoch 7/50 - Loss: 0.6044 - Val F1: 0.2870 - Val ROC-AUC: 0.6832 - Val PR-AUC: 0.2574
Epoch 8/50 - Loss: 0.6081 - Val F1: 0.2985 - Val ROC-AUC: 0.6860 - Val PR-AUC: 0.2426
Epoch 9/50 - Loss: 0.6002 - Val F1: 0.3102 - Val ROC-AUC: 0.6881 - Val PR-AUC: 0.2830
Epoch 10/50 - Loss: 0.5930 - Val F1: 0.2947 - Val ROC-AUC: 0.6928 - Val PR-AUC: 0.2916
Epoch 11/50 - Loss: 0.5805 - Val F1: 0.2871 - Val ROC-AUC: 0.6773 - Val PR-AUC: 0.2872
Epoch 12/50 - Loss: 0.5628 - Val F1: 0.3073 - Val ROC-AUC: 0.7032 - Val PR-AUC: 0.2836
Epoch 13/50 - Loss: 0.5695 - Val F1: 0.3164 - Val ROC-AUC: 0.6942 - Val PR-AUC: 0.3074
Epoch 14/50 - Loss: 0.5488 - Val F1: 0.3323 - Val ROC-AUC: 0.6940 - Val PR-AUC: 0.3148
Epoch 15/50 - Loss: 0.5525 - Val F1: 0.3167 - Val ROC-AUC: 0.6967 - Val PR-AUC: 0.2935
Epoch 16/50 - Loss: 0.5514 - Val F1: 0.3098 - Val ROC-AUC: 0.6791 - Val PR-AUC: 0.2938
Epoch 17/50 - Loss: 0.5447 - Val F1: 0.2904 - Val ROC-AUC: 0.6702 - Val PR-AUC: 0.2996
Epoch 18/50 - Loss: 0.5326 - Val F1: 0.3081 - Val ROC-AUC: 0.6864 - Val PR-AUC: 0.2945
Epoch 19/50 - Loss: 0.5362 - Val F1: 0.3114 - Val ROC-AUC: 0.6752 - Val PR-AUC: 0.2842
Epoch 20/50 - Loss: 0.5260 - Val F1: 0.3215 - Val ROC-AUC: 0.6826 - Val PR-AUC: 0.2928
Epoch 21/50 - Loss: 0.5211 - Val F1: 0.3264 - Val ROC-AUC: 0.7019 - Val PR-AUC: 0.3200
Epoch 22/50 - Loss: 0.5019 - Val F1: 0.3355 - Val ROC-AUC: 0.6978 - Val PR-AUC: 0.3379
Epoch 23/50 - Loss: 0.4847 - Val F1: 0.3118 - Val ROC-AUC: 0.6789 - Val PR-AUC: 0.2947
Epoch 24/50 - Loss: 0.4948 - Val F1: 0.3057 - Val ROC-AUC: 0.6799 - Val PR-AUC: 0.3174
Epoch 25/50 - Loss: 0.4877 - Val F1: 0.3224 - Val ROC-AUC: 0.6788 - Val PR-AUC: 0.3191
Epoch 26/50 - Loss: 0.4734 - Val F1: 0.3186 - Val ROC-AUC: 0.6827 - Val PR-AUC: 0.2963
Epoch 27/50 - Loss: 0.4673 - Val F1: 0.3052 - Val ROC-AUC: 0.6731 - Val PR-AUC: 0.3131
Epoch 28/50 - Loss: 0.4670 - Val F1: 0.3183 - Val ROC-AUC: 0.6723 - Val PR-AUC: 0.2867
Epoch 29/50 - Loss: 0.4659 - Val F1: 0.3097 - Val ROC-AUC: 0.6699 - Val PR-AUC: 0.3157
Epoch 30/50 - Loss: 0.4678 - Val F1: 0.3014 - Val ROC-AUC: 0.6758 - Val PR-AUC: 0.2919
Epoch 31/50 - Loss: 0.4500 - Val F1: 0.3322 - Val ROC-AUC: 0.6848 - Val PR-AUC: 0.2969
Epoch 32/50 - Loss: 0.4391 - Val F1: 0.2875 - Val ROC-AUC: 0.6748 - Val PR-AUC: 0.2988
Epoch 33/50 - Loss: 0.4381 - Val F1: 0.3264 - Val ROC-AUC: 0.6733 - Val PR-AUC: 0.3016
Epoch 34/50 - Loss: 0.4319 - Val F1: 0.3333 - Val ROC-AUC: 0.6810 - Val PR-AUC: 0.3036
Epoch 35/50 - Loss: 0.4251 - Val F1: 0.3256 - Val ROC-AUC: 0.6779 - Val PR-AUC: 0.2962
Epoch 36/50 - Loss: 0.4329 - Val F1: 0.2933 - Val ROC-AUC: 0.6694 - Val PR-AUC: 0.2841
Epoch 37/50 - Loss: 0.4138 - Val F1: 0.3140 - Val ROC-AUC: 0.6735 - Val PR-AUC: 0.3021
Epoch 38/50 - Loss: 0.4109 - Val F1: 0.3046 - Val ROC-AUC: 0.6747 - Val PR-AUC: 0.3000
Epoch 39/50 - Loss: 0.4152 - Val F1: 0.3115 - Val ROC-AUC: 0.6849 - Val PR-AUC: 0.2935
Epoch 40/50 - Loss: 0.4109 - Val F1: 0.3121 - Val ROC-AUC: 0.6699 - Val PR-AUC: 0.2752
Epoch 41/50 - Loss: 0.3966 - Val F1: 0.3182 - Val ROC-AUC: 0.6714 - Val PR-AUC: 0.2760
Epoch 42/50 - Loss: 0.3931 - Val F1: 0.3067 - Val ROC-AUC: 0.6750 - Val PR-AUC: 0.2980
Epoch 43/50 - Loss: 0.3964 - Val F1: 0.3136 - Val ROC-AUC: 0.6707 - Val PR-AUC: 0.3099
Epoch 44/50 - Loss: 0.3977 - Val F1: 0.3268 - Val ROC-AUC: 0.6726 - Val PR-AUC: 0.2939
Epoch 45/50 - Loss: 0.3992 - Val F1: 0.3333 - Val ROC-AUC: 0.6728 - Val PR-AUC: 0.3054
Epoch 46/50 - Loss: 0.3828 - Val F1: 0.3276 - Val ROC-AUC: 0.6709 - Val PR-AUC: 0.2992
Epoch 47/50 - Loss: 0.3908 - Val F1: 0.3425 - Val ROC-AUC: 0.6825 - Val PR-AUC: 0.3033
Epoch 48/50 - Loss: 0.3966 - Val F1: 0.3214 - Val ROC-AUC: 0.6764 - Val PR-AUC: 0.3002
Epoch 49/50 - Loss: 0.3821 - Val F1: 0.3310 - Val ROC-AUC: 0.6663 - Val PR-AUC: 0.2829
Epoch 50/50 - Loss: 0.3810 - Val F1: 0.3224 - Val ROC-AUC: 0.6689 - Val PR-AUC: 0.2836
Pretraining completed. Test F1: 0.2914, ROC-AUC: 0.6367, PR-AUC: 0.2948
[3/4] Finetuning on TOX21_ERa_BLA_Agonist_ch2 using GIN...
[Fine-tune] Epoch 1/50 - Loss: 0.5166 - Val F1: 0.3514 - Val ROC-AUC: 0.8789 - Val PR-AUC: 0.3585
[Fine-tune] Epoch 2/50 - Loss: 0.4460 - Val F1: 0.2778 - Val ROC-AUC: 0.8714 - Val PR-AUC: 0.3786
[Fine-tune] Epoch 3/50 - Loss: 0.4126 - Val F1: 0.2927 - Val ROC-AUC: 0.8783 - Val PR-AUC: 0.4389
[Fine-tune] Epoch 4/50 - Loss: 0.3875 - Val F1: 0.3472 - Val ROC-AUC: 0.8844 - Val PR-AUC: 0.4284
[Fine-tune] Epoch 5/50 - Loss: 0.3648 - Val F1: 0.2500 - Val ROC-AUC: 0.8775 - Val PR-AUC: 0.3496
[Fine-tune] Epoch 6/50 - Loss: 0.3541 - Val F1: 0.3312 - Val ROC-AUC: 0.8711 - Val PR-AUC: 0.3841
[Fine-tune] Epoch 7/50 - Loss: 0.3298 - Val F1: 0.3006 - Val ROC-AUC: 0.8619 - Val PR-AUC: 0.3091
[Fine-tune] Epoch 8/50 - Loss: 0.3141 - Val F1: 0.3421 - Val ROC-AUC: 0.8495 - Val PR-AUC: 0.3597
[Fine-tune] Epoch 9/50 - Loss: 0.2944 - Val F1: 0.3185 - Val ROC-AUC: 0.8775 - Val PR-AUC: 0.3517
[Fine-tune] Epoch 10/50 - Loss: 0.3003 - Val F1: 0.2752 - Val ROC-AUC: 0.8676 - Val PR-AUC: 0.3993
[Fine-tune] Epoch 11/50 - Loss: 0.2596 - Val F1: 0.3333 - Val ROC-AUC: 0.8622 - Val PR-AUC: 0.4107
[Fine-tune] Epoch 12/50 - Loss: 0.2494 - Val F1: 0.3810 - Val ROC-AUC: 0.8697 - Val PR-AUC: 0.4109
[Fine-tune] Epoch 13/50 - Loss: 0.2400 - Val F1: 0.3401 - Val ROC-AUC: 0.8777 - Val PR-AUC: 0.4029
[Fine-tune] Epoch 14/50 - Loss: 0.2291 - Val F1: 0.2659 - Val ROC-AUC: 0.8596 - Val PR-AUC: 0.3762
[Fine-tune] Epoch 15/50 - Loss: 0.2330 - Val F1: 0.3175 - Val ROC-AUC: 0.8384 - Val PR-AUC: 0.3556
[Fine-tune] Epoch 16/50 - Loss: 0.2086 - Val F1: 0.3396 - Val ROC-AUC: 0.8827 - Val PR-AUC: 0.4004
[Fine-tune] Epoch 17/50 - Loss: 0.2126 - Val F1: 0.3111 - Val ROC-AUC: 0.8606 - Val PR-AUC: 0.3949
[Fine-tune] Epoch 18/50 - Loss: 0.1955 - Val F1: 0.3217 - Val ROC-AUC: 0.8786 - Val PR-AUC: 0.3886
[Fine-tune] Epoch 19/50 - Loss: 0.1952 - Val F1: 0.3077 - Val ROC-AUC: 0.8572 - Val PR-AUC: 0.3946
[Fine-tune] Epoch 20/50 - Loss: 0.1952 - Val F1: 0.2914 - Val ROC-AUC: 0.8840 - Val PR-AUC: 0.4141
[Fine-tune] Epoch 21/50 - Loss: 0.1980 - Val F1: 0.3636 - Val ROC-AUC: 0.8656 - Val PR-AUC: 0.3792
[Fine-tune] Epoch 22/50 - Loss: 0.1570 - Val F1: 0.3333 - Val ROC-AUC: 0.8603 - Val PR-AUC: 0.3753
[Fine-tune] Epoch 23/50 - Loss: 0.1805 - Val F1: 0.3333 - Val ROC-AUC: 0.8705 - Val PR-AUC: 0.3794
[Fine-tune] Epoch 24/50 - Loss: 0.1707 - Val F1: 0.3226 - Val ROC-AUC: 0.8675 - Val PR-AUC: 0.3985
[Fine-tune] Epoch 25/50 - Loss: 0.1626 - Val F1: 0.3077 - Val ROC-AUC: 0.8711 - Val PR-AUC: 0.3869
[Fine-tune] Epoch 26/50 - Loss: 0.1674 - Val F1: 0.3419 - Val ROC-AUC: 0.8574 - Val PR-AUC: 0.3727
[Fine-tune] Epoch 27/50 - Loss: 0.1668 - Val F1: 0.3089 - Val ROC-AUC: 0.8654 - Val PR-AUC: 0.3577
[Fine-tune] Epoch 28/50 - Loss: 0.1516 - Val F1: 0.3165 - Val ROC-AUC: 0.8775 - Val PR-AUC: 0.3838
[Fine-tune] Epoch 29/50 - Loss: 0.1468 - Val F1: 0.3165 - Val ROC-AUC: 0.8845 - Val PR-AUC: 0.3771
[Fine-tune] Epoch 30/50 - Loss: 0.1516 - Val F1: 0.3361 - Val ROC-AUC: 0.8616 - Val PR-AUC: 0.3741
[Fine-tune] Epoch 31/50 - Loss: 0.1515 - Val F1: 0.3248 - Val ROC-AUC: 0.8762 - Val PR-AUC: 0.3967
[Fine-tune] Epoch 32/50 - Loss: 0.1533 - Val F1: 0.3333 - Val ROC-AUC: 0.8729 - Val PR-AUC: 0.3871
[Fine-tune] Epoch 33/50 - Loss: 0.1460 - Val F1: 0.2975 - Val ROC-AUC: 0.8706 - Val PR-AUC: 0.3780
[Fine-tune] Epoch 34/50 - Loss: 0.1281 - Val F1: 0.3150 - Val ROC-AUC: 0.8659 - Val PR-AUC: 0.3600
[Fine-tune] Epoch 35/50 - Loss: 0.1289 - Val F1: 0.3333 - Val ROC-AUC: 0.8719 - Val PR-AUC: 0.3862
[Fine-tune] Epoch 36/50 - Loss: 0.1273 - Val F1: 0.2975 - Val ROC-AUC: 0.8636 - Val PR-AUC: 0.3684
[Fine-tune] Epoch 37/50 - Loss: 0.1342 - Val F1: 0.3115 - Val ROC-AUC: 0.8670 - Val PR-AUC: 0.3492
[Fine-tune] Epoch 38/50 - Loss: 0.1328 - Val F1: 0.3158 - Val ROC-AUC: 0.8650 - Val PR-AUC: 0.3713
[Fine-tune] Epoch 39/50 - Loss: 0.1322 - Val F1: 0.3333 - Val ROC-AUC: 0.8729 - Val PR-AUC: 0.3723
[Fine-tune] Epoch 40/50 - Loss: 0.1357 - Val F1: 0.3158 - Val ROC-AUC: 0.8803 - Val PR-AUC: 0.3787
[Fine-tune] Epoch 41/50 - Loss: 0.1149 - Val F1: 0.3214 - Val ROC-AUC: 0.8691 - Val PR-AUC: 0.3753
[Fine-tune] Epoch 42/50 - Loss: 0.1284 - Val F1: 0.3248 - Val ROC-AUC: 0.8690 - Val PR-AUC: 0.3758
[Fine-tune] Epoch 43/50 - Loss: 0.1248 - Val F1: 0.3077 - Val ROC-AUC: 0.8688 - Val PR-AUC: 0.3692
[Fine-tune] Epoch 44/50 - Loss: 0.1236 - Val F1: 0.3140 - Val ROC-AUC: 0.8704 - Val PR-AUC: 0.3696
[Fine-tune] Epoch 45/50 - Loss: 0.1188 - Val F1: 0.3077 - Val ROC-AUC: 0.8709 - Val PR-AUC: 0.3755
[Fine-tune] Epoch 46/50 - Loss: 0.1104 - Val F1: 0.3130 - Val ROC-AUC: 0.8623 - Val PR-AUC: 0.3649
[Fine-tune] Epoch 47/50 - Loss: 0.1286 - Val F1: 0.3363 - Val ROC-AUC: 0.8657 - Val PR-AUC: 0.3692
[Fine-tune] Epoch 48/50 - Loss: 0.1193 - Val F1: 0.3077 - Val ROC-AUC: 0.8723 - Val PR-AUC: 0.3857
[Fine-tune] Epoch 49/50 - Loss: 0.1164 - Val F1: 0.2951 - Val ROC-AUC: 0.8658 - Val PR-AUC: 0.3774
[Fine-tune] Epoch 50/50 - Loss: 0.1204 - Val F1: 0.3303 - Val ROC-AUC: 0.8690 - Val PR-AUC: 0.3757
Finetuning completed. Test F1: 0.2759, ROC-AUC: 0.7917, PR-AUC: 0.3299
[3.1/4] Target-only training on TOX21_ERa_BLA_Agonist_ch2 using GIN...
=== Target-only training ===
[Target-only] Epoch 1/50 – Loss: 0.5739  Val F1: 0.2821  ROC-AUC: 0.7815  PR-AUC: 0.2823
[Target-only] Epoch 2/50 – Loss: 0.5217  Val F1: 0.1684  ROC-AUC: 0.8456  PR-AUC: 0.2972
[Target-only] Epoch 3/50 – Loss: 0.4894  Val F1: 0.2623  ROC-AUC: 0.8426  PR-AUC: 0.3553
[Target-only] Epoch 4/50 – Loss: 0.4544  Val F1: 0.2621  ROC-AUC: 0.8395  PR-AUC: 0.3551
[Target-only] Epoch 5/50 – Loss: 0.4313  Val F1: 0.3158  ROC-AUC: 0.8477  PR-AUC: 0.2814
[Target-only] Epoch 6/50 – Loss: 0.3974  Val F1: 0.1937  ROC-AUC: 0.8377  PR-AUC: 0.3011
[Target-only] Epoch 7/50 – Loss: 0.3967  Val F1: 0.3053  ROC-AUC: 0.8491  PR-AUC: 0.3811
[Target-only] Epoch 8/50 – Loss: 0.3764  Val F1: 0.3067  ROC-AUC: 0.8525  PR-AUC: 0.2679
[Target-only] Epoch 9/50 – Loss: 0.3604  Val F1: 0.3308  ROC-AUC: 0.8552  PR-AUC: 0.3393
[Target-only] Epoch 10/50 – Loss: 0.3490  Val F1: 0.3582  ROC-AUC: 0.8610  PR-AUC: 0.3480
[Target-only] Epoch 11/50 – Loss: 0.2984  Val F1: 0.3676  ROC-AUC: 0.8603  PR-AUC: 0.3734
[Target-only] Epoch 12/50 – Loss: 0.2905  Val F1: 0.3007  ROC-AUC: 0.8611  PR-AUC: 0.3363
[Target-only] Epoch 13/50 – Loss: 0.2703  Val F1: 0.2447  ROC-AUC: 0.8620  PR-AUC: 0.3683
[Target-only] Epoch 14/50 – Loss: 0.2756  Val F1: 0.3286  ROC-AUC: 0.8365  PR-AUC: 0.3550
[Target-only] Epoch 15/50 – Loss: 0.2583  Val F1: 0.3165  ROC-AUC: 0.8537  PR-AUC: 0.3459
[Target-only] Epoch 16/50 – Loss: 0.2601  Val F1: 0.3077  ROC-AUC: 0.8615  PR-AUC: 0.3700
[Target-only] Epoch 17/50 – Loss: 0.2394  Val F1: 0.3137  ROC-AUC: 0.8511  PR-AUC: 0.4076
[Target-only] Epoch 18/50 – Loss: 0.2328  Val F1: 0.3358  ROC-AUC: 0.8300  PR-AUC: 0.3716
[Target-only] Epoch 19/50 – Loss: 0.2334  Val F1: 0.3008  ROC-AUC: 0.8212  PR-AUC: 0.2634
[Target-only] Epoch 20/50 – Loss: 0.2286  Val F1: 0.3566  ROC-AUC: 0.8582  PR-AUC: 0.4080
[Target-only] Epoch 21/50 – Loss: 0.2008  Val F1: 0.3022  ROC-AUC: 0.8437  PR-AUC: 0.3448
[Target-only] Epoch 22/50 – Loss: 0.1913  Val F1: 0.3014  ROC-AUC: 0.8468  PR-AUC: 0.3762
[Target-only] Epoch 23/50 – Loss: 0.1773  Val F1: 0.3150  ROC-AUC: 0.8616  PR-AUC: 0.3614
[Target-only] Epoch 24/50 – Loss: 0.1745  Val F1: 0.3043  ROC-AUC: 0.8563  PR-AUC: 0.3861
[Target-only] Epoch 25/50 – Loss: 0.1671  Val F1: 0.3235  ROC-AUC: 0.8497  PR-AUC: 0.3877
[Target-only] Epoch 26/50 – Loss: 0.1715  Val F1: 0.3140  ROC-AUC: 0.8510  PR-AUC: 0.3648
[Target-only] Epoch 27/50 – Loss: 0.1720  Val F1: 0.3167  ROC-AUC: 0.8433  PR-AUC: 0.3836
[Target-only] Epoch 28/50 – Loss: 0.1729  Val F1: 0.2946  ROC-AUC: 0.8526  PR-AUC: 0.3568
[Target-only] Epoch 29/50 – Loss: 0.1562  Val F1: 0.3252  ROC-AUC: 0.8384  PR-AUC: 0.3530
[Target-only] Epoch 30/50 – Loss: 0.1532  Val F1: 0.3053  ROC-AUC: 0.8500  PR-AUC: 0.3730
[Target-only] Epoch 31/50 – Loss: 0.1437  Val F1: 0.2791  ROC-AUC: 0.8443  PR-AUC: 0.3737
[Target-only] Epoch 32/50 – Loss: 0.1436  Val F1: 0.3252  ROC-AUC: 0.8487  PR-AUC: 0.3884
[Target-only] Epoch 33/50 – Loss: 0.1358  Val F1: 0.3140  ROC-AUC: 0.8406  PR-AUC: 0.3622
[Target-only] Epoch 34/50 – Loss: 0.1315  Val F1: 0.3000  ROC-AUC: 0.8398  PR-AUC: 0.3711
[Target-only] Epoch 35/50 – Loss: 0.1342  Val F1: 0.3009  ROC-AUC: 0.8500  PR-AUC: 0.3533
[Target-only] Epoch 36/50 – Loss: 0.1357  Val F1: 0.3304  ROC-AUC: 0.8510  PR-AUC: 0.3815
[Target-only] Epoch 37/50 – Loss: 0.1261  Val F1: 0.2975  ROC-AUC: 0.8553  PR-AUC: 0.3833
[Target-only] Epoch 38/50 – Loss: 0.1336  Val F1: 0.3243  ROC-AUC: 0.8439  PR-AUC: 0.3873
[Target-only] Epoch 39/50 – Loss: 0.1290  Val F1: 0.3186  ROC-AUC: 0.8433  PR-AUC: 0.3793
[Target-only] Epoch 40/50 – Loss: 0.1408  Val F1: 0.3243  ROC-AUC: 0.8468  PR-AUC: 0.3769
[Target-only] Epoch 41/50 – Loss: 0.1318  Val F1: 0.3036  ROC-AUC: 0.8432  PR-AUC: 0.3742
[Target-only] Epoch 42/50 – Loss: 0.1153  Val F1: 0.3065  ROC-AUC: 0.8493  PR-AUC: 0.3920
[Target-only] Epoch 43/50 – Loss: 0.1236  Val F1: 0.3025  ROC-AUC: 0.8509  PR-AUC: 0.3795
[Target-only] Epoch 44/50 – Loss: 0.1190  Val F1: 0.3130  ROC-AUC: 0.8499  PR-AUC: 0.3745
[Target-only] Epoch 45/50 – Loss: 0.1057  Val F1: 0.3148  ROC-AUC: 0.8508  PR-AUC: 0.3802
[Target-only] Epoch 46/50 – Loss: 0.1162  Val F1: 0.2906  ROC-AUC: 0.8477  PR-AUC: 0.3739
[Target-only] Epoch 47/50 – Loss: 0.1141  Val F1: 0.3148  ROC-AUC: 0.8531  PR-AUC: 0.3782
[Target-only] Epoch 48/50 – Loss: 0.1157  Val F1: 0.3178  ROC-AUC: 0.8636  PR-AUC: 0.3923
[Target-only] Epoch 49/50 – Loss: 0.1064  Val F1: 0.2931  ROC-AUC: 0.8512  PR-AUC: 0.3624
[Target-only] Epoch 50/50 – Loss: 0.1106  Val F1: 0.3036  ROC-AUC: 0.8464  PR-AUC: 0.3680
=== Target-only TEST performance ===
Test F1: 0.2360, ROC-AUC: 0.7573, PR-AUC: 0.2608
[4/4] Embedding 시각화 중...
✅ Embeddings 저장 완료: embeddings_TOX21_ERa_LUC_VM7_Agonist_TOX21_ERa_BLA_Agonist_ch2_GIN.png
✅ 실험 완료: TOX21_ERa_LUC_VM7_Agonist -> TOX21_ERa_BLA_Agonist_ch2 [GIN]
