[1/4] Excel → CSV 변환 중...
Saved pretrain CSV for TOX21_ERa_LUC_VM7_Agonist: data/sample/TOX21_ERa_LUC_VM7_Agonist.csv
Saved pretrain CSV for TOX21_ERb_BLA_Agonist_viability: data/sample/TOX21_ERb_BLA_Agonist_viability.csv
Saved pretrain CSV for TOX21_ERa_LUC_VM7_Agonist_10nM_ICI182780_viability: data/sample/TOX21_ERa_LUC_VM7_Agonist_10nM_ICI182780_viability.csv
Saved pretrain CSV for TOX21_ERR_LUC_viability: data/sample/TOX21_ERR_LUC_viability.csv
Saved finetune CSV for ATG_ERE_CIS: data/sample/ATG_ERE_CIS.csv
Saved finetune CSV for ATG_ERa_TRANS: data/sample/ATG_ERa_TRANS.csv
Saved finetune CSV for ACEA_ER_80hr: data/sample/ACEA_ER_80hr.csv
Saved finetune CSV for OT_ER_ERaERa_1440: data/sample/OT_ER_ERaERa_1440.csv
Saved finetune CSV for OT_ER_ERaERb_1440: data/sample/OT_ER_ERaERb_1440.csv
Saved finetune CSV for OT_ER_ERbERb_1440: data/sample/OT_ER_ERbERb_1440.csv
Saved finetune CSV for NVS_NR_hER: data/sample/NVS_NR_hER.csv
[2/4] Pretraining on TOX21_ERR_LUC_viability using GIN...
  * Pretrained model already exists at model_save/pretrained/gin/Pretrained_TOX21_ERR_LUC_viability_gin.pth, loading...
[3/4] Finetuning on ATG_ERa_TRANS using GIN...
[Fine-tune] Epoch 1/50 - Loss: 0.6342 - Val F1: 0.4341 - Val ROC-AUC: 0.7444 - Val PR-AUC: 0.4470
[Fine-tune] Epoch 2/50 - Loss: 0.5480 - Val F1: 0.4744 - Val ROC-AUC: 0.7461 - Val PR-AUC: 0.4755
[Fine-tune] Epoch 3/50 - Loss: 0.5189 - Val F1: 0.4658 - Val ROC-AUC: 0.7392 - Val PR-AUC: 0.4556
[Fine-tune] Epoch 4/50 - Loss: 0.4996 - Val F1: 0.4837 - Val ROC-AUC: 0.7498 - Val PR-AUC: 0.5035
[Fine-tune] Epoch 5/50 - Loss: 0.4990 - Val F1: 0.4749 - Val ROC-AUC: 0.7419 - Val PR-AUC: 0.4357
[Fine-tune] Epoch 6/50 - Loss: 0.4777 - Val F1: 0.5301 - Val ROC-AUC: 0.7430 - Val PR-AUC: 0.4788
[Fine-tune] Epoch 7/50 - Loss: 0.4815 - Val F1: 0.4757 - Val ROC-AUC: 0.7433 - Val PR-AUC: 0.4668
[Fine-tune] Epoch 8/50 - Loss: 0.4411 - Val F1: 0.5393 - Val ROC-AUC: 0.7635 - Val PR-AUC: 0.5149
[Fine-tune] Epoch 9/50 - Loss: 0.4597 - Val F1: 0.5027 - Val ROC-AUC: 0.7374 - Val PR-AUC: 0.4615
[Fine-tune] Epoch 10/50 - Loss: 0.4349 - Val F1: 0.5174 - Val ROC-AUC: 0.7477 - Val PR-AUC: 0.4986
[Fine-tune] Epoch 11/50 - Loss: 0.4149 - Val F1: 0.5025 - Val ROC-AUC: 0.7485 - Val PR-AUC: 0.4804
[Fine-tune] Epoch 12/50 - Loss: 0.4153 - Val F1: 0.5349 - Val ROC-AUC: 0.7574 - Val PR-AUC: 0.5116
[Fine-tune] Epoch 13/50 - Loss: 0.4124 - Val F1: 0.5198 - Val ROC-AUC: 0.7391 - Val PR-AUC: 0.4961
[Fine-tune] Epoch 14/50 - Loss: 0.4112 - Val F1: 0.5085 - Val ROC-AUC: 0.7501 - Val PR-AUC: 0.4988
[Fine-tune] Epoch 15/50 - Loss: 0.3962 - Val F1: 0.5087 - Val ROC-AUC: 0.7410 - Val PR-AUC: 0.5094
[Fine-tune] Epoch 16/50 - Loss: 0.3947 - Val F1: 0.4884 - Val ROC-AUC: 0.7141 - Val PR-AUC: 0.4303
[Fine-tune] Epoch 17/50 - Loss: 0.3827 - Val F1: 0.5030 - Val ROC-AUC: 0.7551 - Val PR-AUC: 0.5164
[Fine-tune] Epoch 18/50 - Loss: 0.3750 - Val F1: 0.5287 - Val ROC-AUC: 0.7414 - Val PR-AUC: 0.4699
[Fine-tune] Epoch 19/50 - Loss: 0.3790 - Val F1: 0.5380 - Val ROC-AUC: 0.7521 - Val PR-AUC: 0.5147
[Fine-tune] Epoch 20/50 - Loss: 0.3820 - Val F1: 0.4839 - Val ROC-AUC: 0.7425 - Val PR-AUC: 0.4651
[Fine-tune] Epoch 21/50 - Loss: 0.3491 - Val F1: 0.5028 - Val ROC-AUC: 0.7377 - Val PR-AUC: 0.4738
[Fine-tune] Epoch 22/50 - Loss: 0.3422 - Val F1: 0.4943 - Val ROC-AUC: 0.7367 - Val PR-AUC: 0.4750
[Fine-tune] Epoch 23/50 - Loss: 0.3509 - Val F1: 0.5202 - Val ROC-AUC: 0.7384 - Val PR-AUC: 0.4873
[Fine-tune] Epoch 24/50 - Loss: 0.3451 - Val F1: 0.4835 - Val ROC-AUC: 0.7269 - Val PR-AUC: 0.4773
[Fine-tune] Epoch 25/50 - Loss: 0.3419 - Val F1: 0.4719 - Val ROC-AUC: 0.7151 - Val PR-AUC: 0.4787
[Fine-tune] Epoch 26/50 - Loss: 0.3144 - Val F1: 0.4972 - Val ROC-AUC: 0.7268 - Val PR-AUC: 0.4848
[Fine-tune] Epoch 27/50 - Loss: 0.3480 - Val F1: 0.5169 - Val ROC-AUC: 0.7268 - Val PR-AUC: 0.4471
[Fine-tune] Epoch 28/50 - Loss: 0.3161 - Val F1: 0.4762 - Val ROC-AUC: 0.6921 - Val PR-AUC: 0.4345
[Fine-tune] Epoch 29/50 - Loss: 0.3296 - Val F1: 0.4785 - Val ROC-AUC: 0.7124 - Val PR-AUC: 0.4593
[Fine-tune] Epoch 30/50 - Loss: 0.3195 - Val F1: 0.4545 - Val ROC-AUC: 0.7051 - Val PR-AUC: 0.4354
[Fine-tune] Epoch 31/50 - Loss: 0.2993 - Val F1: 0.4824 - Val ROC-AUC: 0.7191 - Val PR-AUC: 0.4742
[Fine-tune] Epoch 32/50 - Loss: 0.3173 - Val F1: 0.4878 - Val ROC-AUC: 0.7105 - Val PR-AUC: 0.4541
[Fine-tune] Epoch 33/50 - Loss: 0.3086 - Val F1: 0.4884 - Val ROC-AUC: 0.7163 - Val PR-AUC: 0.4388
[Fine-tune] Epoch 34/50 - Loss: 0.3054 - Val F1: 0.4800 - Val ROC-AUC: 0.7090 - Val PR-AUC: 0.4481
[Fine-tune] Epoch 35/50 - Loss: 0.3029 - Val F1: 0.4969 - Val ROC-AUC: 0.7107 - Val PR-AUC: 0.4517
[Fine-tune] Epoch 36/50 - Loss: 0.3043 - Val F1: 0.4886 - Val ROC-AUC: 0.7214 - Val PR-AUC: 0.4402
[Fine-tune] Epoch 37/50 - Loss: 0.2994 - Val F1: 0.4819 - Val ROC-AUC: 0.7101 - Val PR-AUC: 0.4588
[Fine-tune] Epoch 38/50 - Loss: 0.2840 - Val F1: 0.4916 - Val ROC-AUC: 0.7170 - Val PR-AUC: 0.4532
[Fine-tune] Epoch 39/50 - Loss: 0.2957 - Val F1: 0.4828 - Val ROC-AUC: 0.7143 - Val PR-AUC: 0.4505
[Fine-tune] Epoch 40/50 - Loss: 0.2831 - Val F1: 0.4872 - Val ROC-AUC: 0.7080 - Val PR-AUC: 0.4650
[Fine-tune] Epoch 41/50 - Loss: 0.2704 - Val F1: 0.4845 - Val ROC-AUC: 0.7060 - Val PR-AUC: 0.4417
[Fine-tune] Epoch 42/50 - Loss: 0.2925 - Val F1: 0.4720 - Val ROC-AUC: 0.7049 - Val PR-AUC: 0.4485
[Fine-tune] Epoch 43/50 - Loss: 0.2801 - Val F1: 0.4686 - Val ROC-AUC: 0.7044 - Val PR-AUC: 0.4613
[Fine-tune] Epoch 44/50 - Loss: 0.3026 - Val F1: 0.4790 - Val ROC-AUC: 0.7063 - Val PR-AUC: 0.4361
[Fine-tune] Epoch 45/50 - Loss: 0.2818 - Val F1: 0.4972 - Val ROC-AUC: 0.7125 - Val PR-AUC: 0.4530
[Fine-tune] Epoch 46/50 - Loss: 0.2836 - Val F1: 0.5190 - Val ROC-AUC: 0.7092 - Val PR-AUC: 0.4485
[Fine-tune] Epoch 47/50 - Loss: 0.2671 - Val F1: 0.4848 - Val ROC-AUC: 0.7042 - Val PR-AUC: 0.4551
[Fine-tune] Epoch 48/50 - Loss: 0.2873 - Val F1: 0.4734 - Val ROC-AUC: 0.7023 - Val PR-AUC: 0.4514
[Fine-tune] Epoch 49/50 - Loss: 0.2746 - Val F1: 0.4969 - Val ROC-AUC: 0.7039 - Val PR-AUC: 0.4564
[Fine-tune] Epoch 50/50 - Loss: 0.2675 - Val F1: 0.4756 - Val ROC-AUC: 0.7067 - Val PR-AUC: 0.4459
Finetuning completed. Test F1: 0.4742, ROC-AUC: 0.7528, PR-AUC: 0.5007
[3.1/4] Target-only training on ATG_ERa_TRANS using GIN...
  * Target-only 모델 이미 존재: model_save/targetonly/gin/TargetOnly_ATG_ERa_TRANS_gin.pth
  * Target-only 생략, 저장된 모델로 평가만 진행
=== Target-only TEST performance ===
Test F1: 0.4649, ROC-AUC: 0.7264, PR-AUC: 0.4372
✅ 실험 완료: TOX21_ERR_LUC_viability -> ATG_ERa_TRANS [GIN]
