[1/4] Excel → CSV 변환 중...
Saved pretrain CSV for TOX21_ERa_LUC_VM7_Agonist: data/sample/TOX21_ERa_LUC_VM7_Agonist.csv
Saved pretrain CSV for TOX21_ERb_BLA_Agonist_viability: data/sample/TOX21_ERb_BLA_Agonist_viability.csv
Saved pretrain CSV for TOX21_ERa_LUC_VM7_Agonist_10nM_ICI182780_viability: data/sample/TOX21_ERa_LUC_VM7_Agonist_10nM_ICI182780_viability.csv
Saved pretrain CSV for TOX21_ERR_LUC_viability: data/sample/TOX21_ERR_LUC_viability.csv
Saved finetune CSV for ATG_ERE_CIS: data/sample/ATG_ERE_CIS.csv
Saved finetune CSV for ATG_ERa_TRANS: data/sample/ATG_ERa_TRANS.csv
Saved finetune CSV for ACEA_ER_80hr: data/sample/ACEA_ER_80hr.csv
Saved finetune CSV for OT_ER_ERaERa_1440: data/sample/OT_ER_ERaERa_1440.csv
Saved finetune CSV for OT_ER_ERaERb_1440: data/sample/OT_ER_ERaERb_1440.csv
Saved finetune CSV for OT_ER_ERbERb_1440: data/sample/OT_ER_ERbERb_1440.csv
Saved finetune CSV for NVS_NR_hER: data/sample/NVS_NR_hER.csv
[2/4] Pretraining on TOX21_ERb_BLA_Agonist_viability using GCN_GAT...
  * Pretrained model already exists at model_save/pretrained/gcn_gat/Pretrained_TOX21_ERb_BLA_Agonist_viability_gcn_gat.pth, loading...
[3/4] Finetuning on OT_ER_ERaERb_1440 using GCN_GAT...
[Fine-tune] Epoch 1/50 - Loss: 0.6281 - Val F1: 0.3542 - Val ROC-AUC: 0.6934 - Val PR-AUC: 0.4270
[Fine-tune] Epoch 2/50 - Loss: 0.5537 - Val F1: 0.3364 - Val ROC-AUC: 0.6927 - Val PR-AUC: 0.4252
[Fine-tune] Epoch 3/50 - Loss: 0.5396 - Val F1: 0.3048 - Val ROC-AUC: 0.6809 - Val PR-AUC: 0.3905
[Fine-tune] Epoch 4/50 - Loss: 0.5460 - Val F1: 0.4096 - Val ROC-AUC: 0.7089 - Val PR-AUC: 0.3942
[Fine-tune] Epoch 5/50 - Loss: 0.5218 - Val F1: 0.3778 - Val ROC-AUC: 0.6870 - Val PR-AUC: 0.3637
[Fine-tune] Epoch 6/50 - Loss: 0.5028 - Val F1: 0.4571 - Val ROC-AUC: 0.7206 - Val PR-AUC: 0.3996
[Fine-tune] Epoch 7/50 - Loss: 0.4630 - Val F1: 0.3855 - Val ROC-AUC: 0.6920 - Val PR-AUC: 0.4071
[Fine-tune] Epoch 8/50 - Loss: 0.4635 - Val F1: 0.3846 - Val ROC-AUC: 0.7357 - Val PR-AUC: 0.4240
[Fine-tune] Epoch 9/50 - Loss: 0.5142 - Val F1: 0.3684 - Val ROC-AUC: 0.7011 - Val PR-AUC: 0.4082
[Fine-tune] Epoch 10/50 - Loss: 0.5146 - Val F1: 0.3789 - Val ROC-AUC: 0.7178 - Val PR-AUC: 0.4066
[Fine-tune] Epoch 11/50 - Loss: 0.4739 - Val F1: 0.4483 - Val ROC-AUC: 0.7267 - Val PR-AUC: 0.4177
[Fine-tune] Epoch 12/50 - Loss: 0.4346 - Val F1: 0.4110 - Val ROC-AUC: 0.7211 - Val PR-AUC: 0.3860
[Fine-tune] Epoch 13/50 - Loss: 0.4594 - Val F1: 0.3448 - Val ROC-AUC: 0.7112 - Val PR-AUC: 0.3661
[Fine-tune] Epoch 14/50 - Loss: 0.4758 - Val F1: 0.4138 - Val ROC-AUC: 0.7136 - Val PR-AUC: 0.3918
[Fine-tune] Epoch 15/50 - Loss: 0.4568 - Val F1: 0.3265 - Val ROC-AUC: 0.7079 - Val PR-AUC: 0.3722
[Fine-tune] Epoch 16/50 - Loss: 0.4594 - Val F1: 0.5000 - Val ROC-AUC: 0.7425 - Val PR-AUC: 0.4154
[Fine-tune] Epoch 17/50 - Loss: 0.4470 - Val F1: 0.4839 - Val ROC-AUC: 0.7185 - Val PR-AUC: 0.4076
[Fine-tune] Epoch 18/50 - Loss: 0.4446 - Val F1: 0.4500 - Val ROC-AUC: 0.7124 - Val PR-AUC: 0.4020
[Fine-tune] Epoch 19/50 - Loss: 0.4549 - Val F1: 0.3846 - Val ROC-AUC: 0.7037 - Val PR-AUC: 0.3802
[Fine-tune] Epoch 20/50 - Loss: 0.4426 - Val F1: 0.4416 - Val ROC-AUC: 0.7328 - Val PR-AUC: 0.4138
[Fine-tune] Epoch 21/50 - Loss: 0.4197 - Val F1: 0.4000 - Val ROC-AUC: 0.7284 - Val PR-AUC: 0.4284
[Fine-tune] Epoch 22/50 - Loss: 0.4407 - Val F1: 0.4103 - Val ROC-AUC: 0.7300 - Val PR-AUC: 0.4261
[Fine-tune] Epoch 23/50 - Loss: 0.4224 - Val F1: 0.4706 - Val ROC-AUC: 0.7394 - Val PR-AUC: 0.4126
[Fine-tune] Epoch 24/50 - Loss: 0.4283 - Val F1: 0.4407 - Val ROC-AUC: 0.7267 - Val PR-AUC: 0.4056
[Fine-tune] Epoch 25/50 - Loss: 0.4237 - Val F1: 0.3768 - Val ROC-AUC: 0.7197 - Val PR-AUC: 0.4031
[Fine-tune] Epoch 26/50 - Loss: 0.4272 - Val F1: 0.4368 - Val ROC-AUC: 0.7065 - Val PR-AUC: 0.3920
[Fine-tune] Epoch 27/50 - Loss: 0.4225 - Val F1: 0.4058 - Val ROC-AUC: 0.7138 - Val PR-AUC: 0.4071
[Fine-tune] Epoch 28/50 - Loss: 0.4248 - Val F1: 0.3684 - Val ROC-AUC: 0.7117 - Val PR-AUC: 0.4146
[Fine-tune] Epoch 29/50 - Loss: 0.4250 - Val F1: 0.4000 - Val ROC-AUC: 0.7281 - Val PR-AUC: 0.4221
[Fine-tune] Epoch 30/50 - Loss: 0.4082 - Val F1: 0.4054 - Val ROC-AUC: 0.7190 - Val PR-AUC: 0.4230
[Fine-tune] Epoch 31/50 - Loss: 0.4297 - Val F1: 0.4308 - Val ROC-AUC: 0.7239 - Val PR-AUC: 0.4311
[Fine-tune] Epoch 32/50 - Loss: 0.4178 - Val F1: 0.4848 - Val ROC-AUC: 0.7352 - Val PR-AUC: 0.4292
[Fine-tune] Epoch 33/50 - Loss: 0.3981 - Val F1: 0.4103 - Val ROC-AUC: 0.7366 - Val PR-AUC: 0.4309
[Fine-tune] Epoch 34/50 - Loss: 0.4002 - Val F1: 0.4507 - Val ROC-AUC: 0.7437 - Val PR-AUC: 0.4256
[Fine-tune] Epoch 35/50 - Loss: 0.4175 - Val F1: 0.5000 - Val ROC-AUC: 0.7359 - Val PR-AUC: 0.4286
[Fine-tune] Epoch 36/50 - Loss: 0.4147 - Val F1: 0.3871 - Val ROC-AUC: 0.7399 - Val PR-AUC: 0.4167
[Fine-tune] Epoch 37/50 - Loss: 0.3912 - Val F1: 0.4051 - Val ROC-AUC: 0.7422 - Val PR-AUC: 0.4527
[Fine-tune] Epoch 38/50 - Loss: 0.3837 - Val F1: 0.4286 - Val ROC-AUC: 0.7253 - Val PR-AUC: 0.4115
[Fine-tune] Epoch 39/50 - Loss: 0.3942 - Val F1: 0.4375 - Val ROC-AUC: 0.7343 - Val PR-AUC: 0.4368
[Fine-tune] Epoch 40/50 - Loss: 0.3954 - Val F1: 0.4571 - Val ROC-AUC: 0.7352 - Val PR-AUC: 0.4552
[Fine-tune] Epoch 41/50 - Loss: 0.3824 - Val F1: 0.4384 - Val ROC-AUC: 0.7345 - Val PR-AUC: 0.4499
[Fine-tune] Epoch 42/50 - Loss: 0.4020 - Val F1: 0.4384 - Val ROC-AUC: 0.7333 - Val PR-AUC: 0.4380
[Fine-tune] Epoch 43/50 - Loss: 0.3877 - Val F1: 0.4571 - Val ROC-AUC: 0.7298 - Val PR-AUC: 0.4281
[Fine-tune] Epoch 44/50 - Loss: 0.3791 - Val F1: 0.4286 - Val ROC-AUC: 0.7256 - Val PR-AUC: 0.4304
[Fine-tune] Epoch 45/50 - Loss: 0.3927 - Val F1: 0.4242 - Val ROC-AUC: 0.7305 - Val PR-AUC: 0.4182
[Fine-tune] Epoch 46/50 - Loss: 0.3815 - Val F1: 0.4000 - Val ROC-AUC: 0.7300 - Val PR-AUC: 0.4276
[Fine-tune] Epoch 47/50 - Loss: 0.4030 - Val F1: 0.4156 - Val ROC-AUC: 0.7321 - Val PR-AUC: 0.4470
[Fine-tune] Epoch 48/50 - Loss: 0.3849 - Val F1: 0.4412 - Val ROC-AUC: 0.7350 - Val PR-AUC: 0.4331
[Fine-tune] Epoch 49/50 - Loss: 0.4389 - Val F1: 0.4412 - Val ROC-AUC: 0.7324 - Val PR-AUC: 0.4377
[Fine-tune] Epoch 50/50 - Loss: 0.3953 - Val F1: 0.4167 - Val ROC-AUC: 0.7364 - Val PR-AUC: 0.4388
Finetuning completed. Test F1: 0.5143, ROC-AUC: 0.8153, PR-AUC: 0.4049
[3.1/4] Target-only training on OT_ER_ERaERb_1440 using GCN_GAT...
  * Target-only 모델 이미 존재: model_save/targetonly/gcn_gat/TargetOnly_OT_ER_ERaERb_1440_gcn_gat.pth
  * Target-only 생략, 저장된 모델로 평가만 진행
=== Target-only TEST performance ===
Test F1: 0.5570, ROC-AUC: 0.8390, PR-AUC: 0.4544
✅ 실험 완료: TOX21_ERb_BLA_Agonist_viability -> OT_ER_ERaERb_1440 [GCN_GAT]
