[1/4] Excel → CSV 변환 중...
Saved pretrain CSV for TOX21_ERa_LUC_VM7_Agonist: data/sample/TOX21_ERa_LUC_VM7_Agonist.csv
Saved pretrain CSV for TOX21_ERb_BLA_Agonist_viability: data/sample/TOX21_ERb_BLA_Agonist_viability.csv
Saved pretrain CSV for TOX21_ERa_LUC_VM7_Agonist_10nM_ICI182780_viability: data/sample/TOX21_ERa_LUC_VM7_Agonist_10nM_ICI182780_viability.csv
Saved pretrain CSV for TOX21_ERR_LUC_viability: data/sample/TOX21_ERR_LUC_viability.csv
Saved finetune CSV for ATG_ERE_CIS: data/sample/ATG_ERE_CIS.csv
Saved finetune CSV for ATG_ERa_TRANS: data/sample/ATG_ERa_TRANS.csv
Saved finetune CSV for ACEA_ER_80hr: data/sample/ACEA_ER_80hr.csv
Saved finetune CSV for OT_ER_ERaERa_1440: data/sample/OT_ER_ERaERa_1440.csv
Saved finetune CSV for OT_ER_ERaERb_1440: data/sample/OT_ER_ERaERb_1440.csv
Saved finetune CSV for OT_ER_ERbERb_1440: data/sample/OT_ER_ERbERb_1440.csv
Saved finetune CSV for NVS_NR_hER: data/sample/NVS_NR_hER.csv
[2/4] Pretraining on TOX21_ERa_LUC_VM7_Agonist using GCN...
  * Pretrained model already exists at model_save/pretrained/gcn/Pretrained_TOX21_ERa_LUC_VM7_Agonist_gcn.pth, loading...
[3/4] Finetuning on OT_ER_ERaERb_1440 using GCN...
[Fine-tune] Epoch 1/50 - Loss: 0.6233 - Val F1: 0.3902 - Val ROC-AUC: 0.7195 - Val PR-AUC: 0.4205
[Fine-tune] Epoch 2/50 - Loss: 0.5459 - Val F1: 0.4062 - Val ROC-AUC: 0.7166 - Val PR-AUC: 0.4258
[Fine-tune] Epoch 3/50 - Loss: 0.5430 - Val F1: 0.4615 - Val ROC-AUC: 0.7333 - Val PR-AUC: 0.4291
[Fine-tune] Epoch 4/50 - Loss: 0.5159 - Val F1: 0.4000 - Val ROC-AUC: 0.7406 - Val PR-AUC: 0.4404
[Fine-tune] Epoch 5/50 - Loss: 0.4930 - Val F1: 0.4000 - Val ROC-AUC: 0.7173 - Val PR-AUC: 0.4016
[Fine-tune] Epoch 6/50 - Loss: 0.5366 - Val F1: 0.4074 - Val ROC-AUC: 0.7051 - Val PR-AUC: 0.3989
[Fine-tune] Epoch 7/50 - Loss: 0.5164 - Val F1: 0.4146 - Val ROC-AUC: 0.7312 - Val PR-AUC: 0.4175
[Fine-tune] Epoch 8/50 - Loss: 0.5123 - Val F1: 0.3462 - Val ROC-AUC: 0.7011 - Val PR-AUC: 0.3975
[Fine-tune] Epoch 9/50 - Loss: 0.5155 - Val F1: 0.3789 - Val ROC-AUC: 0.7159 - Val PR-AUC: 0.4166
[Fine-tune] Epoch 10/50 - Loss: 0.5199 - Val F1: 0.3542 - Val ROC-AUC: 0.7039 - Val PR-AUC: 0.4157
[Fine-tune] Epoch 11/50 - Loss: 0.5251 - Val F1: 0.3810 - Val ROC-AUC: 0.7131 - Val PR-AUC: 0.4391
[Fine-tune] Epoch 12/50 - Loss: 0.4863 - Val F1: 0.4058 - Val ROC-AUC: 0.7195 - Val PR-AUC: 0.4046
[Fine-tune] Epoch 13/50 - Loss: 0.4727 - Val F1: 0.4211 - Val ROC-AUC: 0.7192 - Val PR-AUC: 0.4255
[Fine-tune] Epoch 14/50 - Loss: 0.5143 - Val F1: 0.4000 - Val ROC-AUC: 0.7394 - Val PR-AUC: 0.4194
[Fine-tune] Epoch 15/50 - Loss: 0.4750 - Val F1: 0.4103 - Val ROC-AUC: 0.7253 - Val PR-AUC: 0.4050
[Fine-tune] Epoch 16/50 - Loss: 0.5193 - Val F1: 0.4103 - Val ROC-AUC: 0.7260 - Val PR-AUC: 0.4097
[Fine-tune] Epoch 17/50 - Loss: 0.4765 - Val F1: 0.3704 - Val ROC-AUC: 0.7169 - Val PR-AUC: 0.3944
[Fine-tune] Epoch 18/50 - Loss: 0.4862 - Val F1: 0.3750 - Val ROC-AUC: 0.7267 - Val PR-AUC: 0.3982
[Fine-tune] Epoch 19/50 - Loss: 0.4821 - Val F1: 0.4337 - Val ROC-AUC: 0.7281 - Val PR-AUC: 0.3901
[Fine-tune] Epoch 20/50 - Loss: 0.4807 - Val F1: 0.3913 - Val ROC-AUC: 0.7340 - Val PR-AUC: 0.4176
[Fine-tune] Epoch 21/50 - Loss: 0.4988 - Val F1: 0.3896 - Val ROC-AUC: 0.7430 - Val PR-AUC: 0.4148
[Fine-tune] Epoch 22/50 - Loss: 0.4723 - Val F1: 0.3951 - Val ROC-AUC: 0.7347 - Val PR-AUC: 0.4071
[Fine-tune] Epoch 23/50 - Loss: 0.4982 - Val F1: 0.3902 - Val ROC-AUC: 0.7385 - Val PR-AUC: 0.4259
[Fine-tune] Epoch 24/50 - Loss: 0.4702 - Val F1: 0.3902 - Val ROC-AUC: 0.7368 - Val PR-AUC: 0.4210
[Fine-tune] Epoch 25/50 - Loss: 0.4865 - Val F1: 0.3855 - Val ROC-AUC: 0.7267 - Val PR-AUC: 0.4161
[Fine-tune] Epoch 26/50 - Loss: 0.4593 - Val F1: 0.4000 - Val ROC-AUC: 0.7385 - Val PR-AUC: 0.4270
[Fine-tune] Epoch 27/50 - Loss: 0.4578 - Val F1: 0.4096 - Val ROC-AUC: 0.7354 - Val PR-AUC: 0.4163
[Fine-tune] Epoch 28/50 - Loss: 0.4729 - Val F1: 0.3855 - Val ROC-AUC: 0.7347 - Val PR-AUC: 0.4209
[Fine-tune] Epoch 29/50 - Loss: 0.4900 - Val F1: 0.3797 - Val ROC-AUC: 0.7352 - Val PR-AUC: 0.4113
[Fine-tune] Epoch 30/50 - Loss: 0.5052 - Val F1: 0.3896 - Val ROC-AUC: 0.7256 - Val PR-AUC: 0.3994
[Fine-tune] Epoch 31/50 - Loss: 0.4753 - Val F1: 0.4000 - Val ROC-AUC: 0.7375 - Val PR-AUC: 0.4199
[Fine-tune] Epoch 32/50 - Loss: 0.4655 - Val F1: 0.3953 - Val ROC-AUC: 0.7286 - Val PR-AUC: 0.4361
[Fine-tune] Epoch 33/50 - Loss: 0.4795 - Val F1: 0.4096 - Val ROC-AUC: 0.7296 - Val PR-AUC: 0.4245
[Fine-tune] Epoch 34/50 - Loss: 0.4905 - Val F1: 0.3947 - Val ROC-AUC: 0.7390 - Val PR-AUC: 0.4047
[Fine-tune] Epoch 35/50 - Loss: 0.4794 - Val F1: 0.4000 - Val ROC-AUC: 0.7432 - Val PR-AUC: 0.4142
[Fine-tune] Epoch 36/50 - Loss: 0.4853 - Val F1: 0.4091 - Val ROC-AUC: 0.7385 - Val PR-AUC: 0.4122
[Fine-tune] Epoch 37/50 - Loss: 0.4568 - Val F1: 0.4048 - Val ROC-AUC: 0.7385 - Val PR-AUC: 0.4328
[Fine-tune] Epoch 38/50 - Loss: 0.4712 - Val F1: 0.4368 - Val ROC-AUC: 0.7354 - Val PR-AUC: 0.4059
[Fine-tune] Epoch 39/50 - Loss: 0.4506 - Val F1: 0.4000 - Val ROC-AUC: 0.7373 - Val PR-AUC: 0.4064
[Fine-tune] Epoch 40/50 - Loss: 0.4723 - Val F1: 0.3810 - Val ROC-AUC: 0.7359 - Val PR-AUC: 0.4034
[Fine-tune] Epoch 41/50 - Loss: 0.4749 - Val F1: 0.3765 - Val ROC-AUC: 0.7343 - Val PR-AUC: 0.4021
[Fine-tune] Epoch 42/50 - Loss: 0.4697 - Val F1: 0.3902 - Val ROC-AUC: 0.7378 - Val PR-AUC: 0.4206
[Fine-tune] Epoch 43/50 - Loss: 0.4543 - Val F1: 0.4000 - Val ROC-AUC: 0.7354 - Val PR-AUC: 0.4215
[Fine-tune] Epoch 44/50 - Loss: 0.4511 - Val F1: 0.3902 - Val ROC-AUC: 0.7378 - Val PR-AUC: 0.4191
[Fine-tune] Epoch 45/50 - Loss: 0.4717 - Val F1: 0.3765 - Val ROC-AUC: 0.7383 - Val PR-AUC: 0.4199
[Fine-tune] Epoch 46/50 - Loss: 0.4838 - Val F1: 0.3810 - Val ROC-AUC: 0.7378 - Val PR-AUC: 0.4302
[Fine-tune] Epoch 47/50 - Loss: 0.4593 - Val F1: 0.3951 - Val ROC-AUC: 0.7364 - Val PR-AUC: 0.4234
[Fine-tune] Epoch 48/50 - Loss: 0.4392 - Val F1: 0.4096 - Val ROC-AUC: 0.7373 - Val PR-AUC: 0.4333
[Fine-tune] Epoch 49/50 - Loss: 0.4677 - Val F1: 0.4096 - Val ROC-AUC: 0.7380 - Val PR-AUC: 0.4280
[Fine-tune] Epoch 50/50 - Loss: 0.4612 - Val F1: 0.3951 - Val ROC-AUC: 0.7397 - Val PR-AUC: 0.4195
Finetuning completed. Test F1: 0.5143, ROC-AUC: 0.8151, PR-AUC: 0.4430
[3.1/4] Target-only training on OT_ER_ERaERb_1440 using GCN...
=== Target-only training ===
[Target-only] Epoch 1/50 – Loss: 0.6191  Val F1: 0.2705  ROC-AUC: 0.6339  PR-AUC: 0.3373
[Target-only] Epoch 2/50 – Loss: 0.5944  Val F1: 0.3902  ROC-AUC: 0.6755  PR-AUC: 0.3825
[Target-only] Epoch 3/50 – Loss: 0.5604  Val F1: 0.3469  ROC-AUC: 0.6953  PR-AUC: 0.3446
[Target-only] Epoch 4/50 – Loss: 0.5540  Val F1: 0.4051  ROC-AUC: 0.6894  PR-AUC: 0.3726
[Target-only] Epoch 5/50 – Loss: 0.5690  Val F1: 0.3373  ROC-AUC: 0.6640  PR-AUC: 0.3597
[Target-only] Epoch 6/50 – Loss: 0.5665  Val F1: 0.3871  ROC-AUC: 0.7075  PR-AUC: 0.3822
[Target-only] Epoch 7/50 – Loss: 0.5312  Val F1: 0.3902  ROC-AUC: 0.7025  PR-AUC: 0.3896
[Target-only] Epoch 8/50 – Loss: 0.5545  Val F1: 0.3729  ROC-AUC: 0.7141  PR-AUC: 0.3974
[Target-only] Epoch 9/50 – Loss: 0.5294  Val F1: 0.4390  ROC-AUC: 0.7427  PR-AUC: 0.3997
[Target-only] Epoch 10/50 – Loss: 0.5609  Val F1: 0.3733  ROC-AUC: 0.6809  PR-AUC: 0.3645
[Target-only] Epoch 11/50 – Loss: 0.5458  Val F1: 0.4000  ROC-AUC: 0.6988  PR-AUC: 0.3708
[Target-only] Epoch 12/50 – Loss: 0.5234  Val F1: 0.3855  ROC-AUC: 0.7131  PR-AUC: 0.3999
[Target-only] Epoch 13/50 – Loss: 0.5191  Val F1: 0.3704  ROC-AUC: 0.7211  PR-AUC: 0.3679
[Target-only] Epoch 14/50 – Loss: 0.5231  Val F1: 0.4045  ROC-AUC: 0.7082  PR-AUC: 0.3847
[Target-only] Epoch 15/50 – Loss: 0.5366  Val F1: 0.4000  ROC-AUC: 0.6969  PR-AUC: 0.3835
[Target-only] Epoch 16/50 – Loss: 0.5174  Val F1: 0.3571  ROC-AUC: 0.7086  PR-AUC: 0.3813
[Target-only] Epoch 17/50 – Loss: 0.5191  Val F1: 0.3548  ROC-AUC: 0.7218  PR-AUC: 0.3723
[Target-only] Epoch 18/50 – Loss: 0.4937  Val F1: 0.3846  ROC-AUC: 0.7183  PR-AUC: 0.3889
[Target-only] Epoch 19/50 – Loss: 0.5236  Val F1: 0.3529  ROC-AUC: 0.7089  PR-AUC: 0.3902
[Target-only] Epoch 20/50 – Loss: 0.4997  Val F1: 0.4308  ROC-AUC: 0.6964  PR-AUC: 0.3826
[Target-only] Epoch 21/50 – Loss: 0.4945  Val F1: 0.3636  ROC-AUC: 0.7138  PR-AUC: 0.4082
[Target-only] Epoch 22/50 – Loss: 0.4694  Val F1: 0.3797  ROC-AUC: 0.7105  PR-AUC: 0.3787
[Target-only] Epoch 23/50 – Loss: 0.4891  Val F1: 0.4444  ROC-AUC: 0.7246  PR-AUC: 0.3796
[Target-only] Epoch 24/50 – Loss: 0.5273  Val F1: 0.3750  ROC-AUC: 0.7115  PR-AUC: 0.3738
[Target-only] Epoch 25/50 – Loss: 0.4945  Val F1: 0.4000  ROC-AUC: 0.7296  PR-AUC: 0.3726
[Target-only] Epoch 26/50 – Loss: 0.5132  Val F1: 0.3797  ROC-AUC: 0.7267  PR-AUC: 0.3913
[Target-only] Epoch 27/50 – Loss: 0.5102  Val F1: 0.3684  ROC-AUC: 0.7178  PR-AUC: 0.3593
[Target-only] Epoch 28/50 – Loss: 0.4956  Val F1: 0.3548  ROC-AUC: 0.7162  PR-AUC: 0.3751
[Target-only] Epoch 29/50 – Loss: 0.5064  Val F1: 0.3636  ROC-AUC: 0.7202  PR-AUC: 0.3753
[Target-only] Epoch 30/50 – Loss: 0.5213  Val F1: 0.3810  ROC-AUC: 0.7004  PR-AUC: 0.3776
[Target-only] Epoch 31/50 – Loss: 0.5134  Val F1: 0.3846  ROC-AUC: 0.7143  PR-AUC: 0.3863
[Target-only] Epoch 32/50 – Loss: 0.4767  Val F1: 0.4286  ROC-AUC: 0.7108  PR-AUC: 0.3886
[Target-only] Epoch 33/50 – Loss: 0.4827  Val F1: 0.4000  ROC-AUC: 0.7244  PR-AUC: 0.4086
[Target-only] Epoch 34/50 – Loss: 0.4705  Val F1: 0.4286  ROC-AUC: 0.7270  PR-AUC: 0.4128
[Target-only] Epoch 35/50 – Loss: 0.4747  Val F1: 0.4211  ROC-AUC: 0.7251  PR-AUC: 0.4031
[Target-only] Epoch 36/50 – Loss: 0.4746  Val F1: 0.4167  ROC-AUC: 0.7387  PR-AUC: 0.4135
[Target-only] Epoch 37/50 – Loss: 0.4963  Val F1: 0.4110  ROC-AUC: 0.7350  PR-AUC: 0.3987
[Target-only] Epoch 38/50 – Loss: 0.4723  Val F1: 0.4110  ROC-AUC: 0.7324  PR-AUC: 0.3973
[Target-only] Epoch 39/50 – Loss: 0.4922  Val F1: 0.3784  ROC-AUC: 0.7122  PR-AUC: 0.4003
[Target-only] Epoch 40/50 – Loss: 0.4918  Val F1: 0.3902  ROC-AUC: 0.7204  PR-AUC: 0.3965
[Target-only] Epoch 41/50 – Loss: 0.4832  Val F1: 0.3855  ROC-AUC: 0.7324  PR-AUC: 0.4038
[Target-only] Epoch 42/50 – Loss: 0.4765  Val F1: 0.3855  ROC-AUC: 0.7361  PR-AUC: 0.4077
[Target-only] Epoch 43/50 – Loss: 0.4645  Val F1: 0.3750  ROC-AUC: 0.7326  PR-AUC: 0.4037
[Target-only] Epoch 44/50 – Loss: 0.4520  Val F1: 0.4167  ROC-AUC: 0.7319  PR-AUC: 0.3978
[Target-only] Epoch 45/50 – Loss: 0.4846  Val F1: 0.3947  ROC-AUC: 0.7281  PR-AUC: 0.3927
[Target-only] Epoch 46/50 – Loss: 0.4687  Val F1: 0.3704  ROC-AUC: 0.7298  PR-AUC: 0.3961
[Target-only] Epoch 47/50 – Loss: 0.4932  Val F1: 0.3704  ROC-AUC: 0.7277  PR-AUC: 0.3915
[Target-only] Epoch 48/50 – Loss: 0.4803  Val F1: 0.3810  ROC-AUC: 0.7260  PR-AUC: 0.3915
[Target-only] Epoch 49/50 – Loss: 0.4567  Val F1: 0.3810  ROC-AUC: 0.7307  PR-AUC: 0.3870
[Target-only] Epoch 50/50 – Loss: 0.4576  Val F1: 0.3810  ROC-AUC: 0.7225  PR-AUC: 0.3943
=== Target-only TEST performance ===
Test F1: 0.5063, ROC-AUC: 0.8143, PR-AUC: 0.4343
✅ 실험 완료: TOX21_ERa_LUC_VM7_Agonist -> OT_ER_ERaERb_1440 [GCN]
