[1/4] Excel → CSV 변환 중...
Saved pretrain CSV for TOX21_ERa_LUC_VM7_Agonist: data/sample/TOX21_ERa_LUC_VM7_Agonist.csv
Saved pretrain CSV for TOX21_ERb_BLA_Agonist_viability: data/sample/TOX21_ERb_BLA_Agonist_viability.csv
Saved pretrain CSV for TOX21_ERa_LUC_VM7_Agonist_10nM_ICI182780_viability: data/sample/TOX21_ERa_LUC_VM7_Agonist_10nM_ICI182780_viability.csv
Saved pretrain CSV for TOX21_ERR_LUC_viability: data/sample/TOX21_ERR_LUC_viability.csv
Saved finetune CSV for ATG_ERE_CIS: data/sample/ATG_ERE_CIS.csv
Saved finetune CSV for ATG_ERa_TRANS: data/sample/ATG_ERa_TRANS.csv
Saved finetune CSV for ACEA_ER_80hr: data/sample/ACEA_ER_80hr.csv
Saved finetune CSV for OT_ER_ERaERa_1440: data/sample/OT_ER_ERaERa_1440.csv
Saved finetune CSV for OT_ER_ERaERb_1440: data/sample/OT_ER_ERaERb_1440.csv
Saved finetune CSV for OT_ER_ERbERb_1440: data/sample/OT_ER_ERbERb_1440.csv
Saved finetune CSV for NVS_NR_hER: data/sample/NVS_NR_hER.csv
[2/4] Pretraining on TOX21_ERb_BLA_Agonist_viability using GIN...
  * Pretrained model already exists at model_save/pretrained/gin/Pretrained_TOX21_ERb_BLA_Agonist_viability_gin.pth, loading...
[3/4] Finetuning on ACEA_ER_80hr using GIN...
[Fine-tune] Epoch 1/50 - Loss: 0.7197 - Val F1: 0.2791 - Val ROC-AUC: 0.6996 - Val PR-AUC: 0.2803
[Fine-tune] Epoch 2/50 - Loss: 0.5657 - Val F1: 0.2906 - Val ROC-AUC: 0.7038 - Val PR-AUC: 0.2638
[Fine-tune] Epoch 3/50 - Loss: 0.5248 - Val F1: 0.2703 - Val ROC-AUC: 0.7345 - Val PR-AUC: 0.3251
[Fine-tune] Epoch 4/50 - Loss: 0.5286 - Val F1: 0.3182 - Val ROC-AUC: 0.7172 - Val PR-AUC: 0.3455
[Fine-tune] Epoch 5/50 - Loss: 0.5003 - Val F1: 0.2576 - Val ROC-AUC: 0.7156 - Val PR-AUC: 0.3582
[Fine-tune] Epoch 6/50 - Loss: 0.4704 - Val F1: 0.2772 - Val ROC-AUC: 0.7000 - Val PR-AUC: 0.3280
[Fine-tune] Epoch 7/50 - Loss: 0.4498 - Val F1: 0.2636 - Val ROC-AUC: 0.7457 - Val PR-AUC: 0.3307
[Fine-tune] Epoch 8/50 - Loss: 0.4366 - Val F1: 0.2520 - Val ROC-AUC: 0.7122 - Val PR-AUC: 0.2875
[Fine-tune] Epoch 9/50 - Loss: 0.4147 - Val F1: 0.2615 - Val ROC-AUC: 0.6901 - Val PR-AUC: 0.2587
[Fine-tune] Epoch 10/50 - Loss: 0.4113 - Val F1: 0.3619 - Val ROC-AUC: 0.7543 - Val PR-AUC: 0.3147
[Fine-tune] Epoch 11/50 - Loss: 0.3942 - Val F1: 0.3119 - Val ROC-AUC: 0.7216 - Val PR-AUC: 0.3435
[Fine-tune] Epoch 12/50 - Loss: 0.3413 - Val F1: 0.3279 - Val ROC-AUC: 0.7575 - Val PR-AUC: 0.3611
[Fine-tune] Epoch 13/50 - Loss: 0.3571 - Val F1: 0.3019 - Val ROC-AUC: 0.7365 - Val PR-AUC: 0.3535
[Fine-tune] Epoch 14/50 - Loss: 0.3640 - Val F1: 0.3333 - Val ROC-AUC: 0.7314 - Val PR-AUC: 0.3439
[Fine-tune] Epoch 15/50 - Loss: 0.3449 - Val F1: 0.2957 - Val ROC-AUC: 0.7483 - Val PR-AUC: 0.3199
[Fine-tune] Epoch 16/50 - Loss: 0.3304 - Val F1: 0.2857 - Val ROC-AUC: 0.7136 - Val PR-AUC: 0.3434
[Fine-tune] Epoch 17/50 - Loss: 0.3291 - Val F1: 0.3238 - Val ROC-AUC: 0.7299 - Val PR-AUC: 0.2861
[Fine-tune] Epoch 18/50 - Loss: 0.3253 - Val F1: 0.3093 - Val ROC-AUC: 0.7348 - Val PR-AUC: 0.3493
[Fine-tune] Epoch 19/50 - Loss: 0.3287 - Val F1: 0.3125 - Val ROC-AUC: 0.7169 - Val PR-AUC: 0.3512
[Fine-tune] Epoch 20/50 - Loss: 0.2836 - Val F1: 0.3838 - Val ROC-AUC: 0.7508 - Val PR-AUC: 0.3465
[Fine-tune] Epoch 21/50 - Loss: 0.2813 - Val F1: 0.3542 - Val ROC-AUC: 0.7378 - Val PR-AUC: 0.3070
[Fine-tune] Epoch 22/50 - Loss: 0.2944 - Val F1: 0.3429 - Val ROC-AUC: 0.7569 - Val PR-AUC: 0.3514
[Fine-tune] Epoch 23/50 - Loss: 0.2603 - Val F1: 0.3043 - Val ROC-AUC: 0.7243 - Val PR-AUC: 0.3143
[Fine-tune] Epoch 24/50 - Loss: 0.2475 - Val F1: 0.3107 - Val ROC-AUC: 0.7559 - Val PR-AUC: 0.3669
[Fine-tune] Epoch 25/50 - Loss: 0.2678 - Val F1: 0.3636 - Val ROC-AUC: 0.7325 - Val PR-AUC: 0.3154
[Fine-tune] Epoch 26/50 - Loss: 0.2420 - Val F1: 0.3636 - Val ROC-AUC: 0.7377 - Val PR-AUC: 0.3082
[Fine-tune] Epoch 27/50 - Loss: 0.2551 - Val F1: 0.3529 - Val ROC-AUC: 0.7375 - Val PR-AUC: 0.3364
[Fine-tune] Epoch 28/50 - Loss: 0.2440 - Val F1: 0.3261 - Val ROC-AUC: 0.7331 - Val PR-AUC: 0.3187
[Fine-tune] Epoch 29/50 - Loss: 0.2332 - Val F1: 0.2970 - Val ROC-AUC: 0.7216 - Val PR-AUC: 0.2982
[Fine-tune] Epoch 30/50 - Loss: 0.2302 - Val F1: 0.3721 - Val ROC-AUC: 0.7334 - Val PR-AUC: 0.3183
[Fine-tune] Epoch 31/50 - Loss: 0.2371 - Val F1: 0.3448 - Val ROC-AUC: 0.7375 - Val PR-AUC: 0.3234
[Fine-tune] Epoch 32/50 - Loss: 0.2295 - Val F1: 0.3226 - Val ROC-AUC: 0.7285 - Val PR-AUC: 0.2972
[Fine-tune] Epoch 33/50 - Loss: 0.2212 - Val F1: 0.3232 - Val ROC-AUC: 0.7230 - Val PR-AUC: 0.2978
[Fine-tune] Epoch 34/50 - Loss: 0.2286 - Val F1: 0.3373 - Val ROC-AUC: 0.7267 - Val PR-AUC: 0.2913
[Fine-tune] Epoch 35/50 - Loss: 0.2083 - Val F1: 0.3182 - Val ROC-AUC: 0.7307 - Val PR-AUC: 0.3035
[Fine-tune] Epoch 36/50 - Loss: 0.2242 - Val F1: 0.3678 - Val ROC-AUC: 0.7333 - Val PR-AUC: 0.3090
[Fine-tune] Epoch 37/50 - Loss: 0.2071 - Val F1: 0.3261 - Val ROC-AUC: 0.7296 - Val PR-AUC: 0.2995
[Fine-tune] Epoch 38/50 - Loss: 0.2069 - Val F1: 0.3294 - Val ROC-AUC: 0.7256 - Val PR-AUC: 0.2884
[Fine-tune] Epoch 39/50 - Loss: 0.2312 - Val F1: 0.3297 - Val ROC-AUC: 0.7343 - Val PR-AUC: 0.2967
[Fine-tune] Epoch 40/50 - Loss: 0.2200 - Val F1: 0.3404 - Val ROC-AUC: 0.7403 - Val PR-AUC: 0.3184
[Fine-tune] Epoch 41/50 - Loss: 0.2184 - Val F1: 0.3095 - Val ROC-AUC: 0.7276 - Val PR-AUC: 0.3081
[Fine-tune] Epoch 42/50 - Loss: 0.2089 - Val F1: 0.3333 - Val ROC-AUC: 0.7266 - Val PR-AUC: 0.3057
[Fine-tune] Epoch 43/50 - Loss: 0.2228 - Val F1: 0.3011 - Val ROC-AUC: 0.7238 - Val PR-AUC: 0.3178
[Fine-tune] Epoch 44/50 - Loss: 0.1972 - Val F1: 0.3256 - Val ROC-AUC: 0.7240 - Val PR-AUC: 0.3123
[Fine-tune] Epoch 45/50 - Loss: 0.1838 - Val F1: 0.3191 - Val ROC-AUC: 0.7230 - Val PR-AUC: 0.2914
[Fine-tune] Epoch 46/50 - Loss: 0.1963 - Val F1: 0.3077 - Val ROC-AUC: 0.7225 - Val PR-AUC: 0.2999
[Fine-tune] Epoch 47/50 - Loss: 0.1983 - Val F1: 0.3256 - Val ROC-AUC: 0.7278 - Val PR-AUC: 0.2912
[Fine-tune] Epoch 48/50 - Loss: 0.1982 - Val F1: 0.3077 - Val ROC-AUC: 0.7205 - Val PR-AUC: 0.2896
[Fine-tune] Epoch 49/50 - Loss: 0.1806 - Val F1: 0.3043 - Val ROC-AUC: 0.7293 - Val PR-AUC: 0.2912
[Fine-tune] Epoch 50/50 - Loss: 0.1929 - Val F1: 0.3182 - Val ROC-AUC: 0.7318 - Val PR-AUC: 0.3098
Finetuning completed. Test F1: 0.2857, ROC-AUC: 0.7081, PR-AUC: 0.2171
[3.1/4] Target-only training on ACEA_ER_80hr using GIN...
  * Target-only 모델 이미 존재: model_save/targetonly/gin/TargetOnly_ACEA_ER_80hr_gin.pth
  * Target-only 생략, 저장된 모델로 평가만 진행
=== Target-only TEST performance ===
Test F1: 0.2989, ROC-AUC: 0.6634, PR-AUC: 0.3303
✅ 실험 완료: TOX21_ERb_BLA_Agonist_viability -> ACEA_ER_80hr [GIN]
