[1/4] Excel → CSV 변환 중...
Saved pretrain CSV for TOX21_ERa_LUC_VM7_Agonist: data/sample/TOX21_ERa_LUC_VM7_Agonist.csv
Saved pretrain CSV for TOX21_ERb_BLA_Agonist_viability: data/sample/TOX21_ERb_BLA_Agonist_viability.csv
Saved pretrain CSV for TOX21_ERa_LUC_VM7_Agonist_10nM_ICI182780_viability: data/sample/TOX21_ERa_LUC_VM7_Agonist_10nM_ICI182780_viability.csv
Saved pretrain CSV for TOX21_ERR_LUC_viability: data/sample/TOX21_ERR_LUC_viability.csv
Saved finetune CSV for ATG_ERE_CIS: data/sample/ATG_ERE_CIS.csv
Saved finetune CSV for ATG_ERa_TRANS: data/sample/ATG_ERa_TRANS.csv
Saved finetune CSV for ACEA_ER_80hr: data/sample/ACEA_ER_80hr.csv
Saved finetune CSV for OT_ER_ERaERa_1440: data/sample/OT_ER_ERaERa_1440.csv
Saved finetune CSV for OT_ER_ERaERb_1440: data/sample/OT_ER_ERaERb_1440.csv
Saved finetune CSV for OT_ER_ERbERb_1440: data/sample/OT_ER_ERbERb_1440.csv
Saved finetune CSV for NVS_NR_hER: data/sample/NVS_NR_hER.csv
[2/4] Pretraining on TOX21_ERb_BLA_Agonist_viability using GCN_GAT...
  * Pretrained model already exists at model_save/pretrained/gcn_gat/Pretrained_TOX21_ERb_BLA_Agonist_viability_gcn_gat.pth, loading...
[3/4] Finetuning on OT_ER_ERaERa_1440 using GCN_GAT...
[Fine-tune] Epoch 1/50 - Loss: 0.6142 - Val F1: 0.2093 - Val ROC-AUC: 0.6696 - Val PR-AUC: 0.3141
[Fine-tune] Epoch 2/50 - Loss: 0.5298 - Val F1: 0.3099 - Val ROC-AUC: 0.6951 - Val PR-AUC: 0.3680
[Fine-tune] Epoch 3/50 - Loss: 0.4883 - Val F1: 0.2812 - Val ROC-AUC: 0.6307 - Val PR-AUC: 0.3046
[Fine-tune] Epoch 4/50 - Loss: 0.4399 - Val F1: 0.2326 - Val ROC-AUC: 0.6582 - Val PR-AUC: 0.3093
[Fine-tune] Epoch 5/50 - Loss: 0.4467 - Val F1: 0.3137 - Val ROC-AUC: 0.6593 - Val PR-AUC: 0.2865
[Fine-tune] Epoch 6/50 - Loss: 0.4253 - Val F1: 0.2105 - Val ROC-AUC: 0.6178 - Val PR-AUC: 0.2780
[Fine-tune] Epoch 7/50 - Loss: 0.4164 - Val F1: 0.2817 - Val ROC-AUC: 0.6860 - Val PR-AUC: 0.3933
[Fine-tune] Epoch 8/50 - Loss: 0.4075 - Val F1: 0.3077 - Val ROC-AUC: 0.6574 - Val PR-AUC: 0.3396
[Fine-tune] Epoch 9/50 - Loss: 0.4236 - Val F1: 0.3333 - Val ROC-AUC: 0.6513 - Val PR-AUC: 0.3169
[Fine-tune] Epoch 10/50 - Loss: 0.3636 - Val F1: 0.2245 - Val ROC-AUC: 0.6688 - Val PR-AUC: 0.3384
[Fine-tune] Epoch 11/50 - Loss: 0.3522 - Val F1: 0.3333 - Val ROC-AUC: 0.6818 - Val PR-AUC: 0.3727
[Fine-tune] Epoch 12/50 - Loss: 0.3541 - Val F1: 0.2917 - Val ROC-AUC: 0.6540 - Val PR-AUC: 0.3426
[Fine-tune] Epoch 13/50 - Loss: 0.3449 - Val F1: 0.3226 - Val ROC-AUC: 0.6582 - Val PR-AUC: 0.3604
[Fine-tune] Epoch 14/50 - Loss: 0.3544 - Val F1: 0.2807 - Val ROC-AUC: 0.6303 - Val PR-AUC: 0.3208
[Fine-tune] Epoch 15/50 - Loss: 0.3253 - Val F1: 0.2712 - Val ROC-AUC: 0.6044 - Val PR-AUC: 0.3099
[Fine-tune] Epoch 16/50 - Loss: 0.3260 - Val F1: 0.2817 - Val ROC-AUC: 0.6601 - Val PR-AUC: 0.3517
[Fine-tune] Epoch 17/50 - Loss: 0.3420 - Val F1: 0.3500 - Val ROC-AUC: 0.6292 - Val PR-AUC: 0.2753
[Fine-tune] Epoch 18/50 - Loss: 0.3300 - Val F1: 0.3404 - Val ROC-AUC: 0.6833 - Val PR-AUC: 0.3241
[Fine-tune] Epoch 19/50 - Loss: 0.3334 - Val F1: 0.2400 - Val ROC-AUC: 0.6441 - Val PR-AUC: 0.3553
[Fine-tune] Epoch 20/50 - Loss: 0.3152 - Val F1: 0.3158 - Val ROC-AUC: 0.6460 - Val PR-AUC: 0.2491
[Fine-tune] Epoch 21/50 - Loss: 0.3229 - Val F1: 0.3137 - Val ROC-AUC: 0.6482 - Val PR-AUC: 0.2588
[Fine-tune] Epoch 22/50 - Loss: 0.3273 - Val F1: 0.3200 - Val ROC-AUC: 0.6498 - Val PR-AUC: 0.2580
[Fine-tune] Epoch 23/50 - Loss: 0.2997 - Val F1: 0.3478 - Val ROC-AUC: 0.6551 - Val PR-AUC: 0.2782
[Fine-tune] Epoch 24/50 - Loss: 0.2796 - Val F1: 0.2807 - Val ROC-AUC: 0.6399 - Val PR-AUC: 0.2961
[Fine-tune] Epoch 25/50 - Loss: 0.3080 - Val F1: 0.3043 - Val ROC-AUC: 0.6410 - Val PR-AUC: 0.2463
[Fine-tune] Epoch 26/50 - Loss: 0.2891 - Val F1: 0.3158 - Val ROC-AUC: 0.6517 - Val PR-AUC: 0.3278
[Fine-tune] Epoch 27/50 - Loss: 0.2840 - Val F1: 0.3774 - Val ROC-AUC: 0.6646 - Val PR-AUC: 0.3138
[Fine-tune] Epoch 28/50 - Loss: 0.2947 - Val F1: 0.3158 - Val ROC-AUC: 0.6582 - Val PR-AUC: 0.2647
[Fine-tune] Epoch 29/50 - Loss: 0.2951 - Val F1: 0.2807 - Val ROC-AUC: 0.6528 - Val PR-AUC: 0.3382
[Fine-tune] Epoch 30/50 - Loss: 0.2754 - Val F1: 0.2963 - Val ROC-AUC: 0.6597 - Val PR-AUC: 0.3077
[Fine-tune] Epoch 31/50 - Loss: 0.2783 - Val F1: 0.3571 - Val ROC-AUC: 0.6494 - Val PR-AUC: 0.2633
[Fine-tune] Epoch 32/50 - Loss: 0.2961 - Val F1: 0.3673 - Val ROC-AUC: 0.6532 - Val PR-AUC: 0.2682
[Fine-tune] Epoch 33/50 - Loss: 0.2679 - Val F1: 0.3448 - Val ROC-AUC: 0.6665 - Val PR-AUC: 0.3083
[Fine-tune] Epoch 34/50 - Loss: 0.2930 - Val F1: 0.3111 - Val ROC-AUC: 0.6536 - Val PR-AUC: 0.2867
[Fine-tune] Epoch 35/50 - Loss: 0.2681 - Val F1: 0.3200 - Val ROC-AUC: 0.6414 - Val PR-AUC: 0.3253
[Fine-tune] Epoch 36/50 - Loss: 0.2706 - Val F1: 0.3571 - Val ROC-AUC: 0.6460 - Val PR-AUC: 0.3003
[Fine-tune] Epoch 37/50 - Loss: 0.2798 - Val F1: 0.2800 - Val ROC-AUC: 0.6387 - Val PR-AUC: 0.2941
[Fine-tune] Epoch 38/50 - Loss: 0.2679 - Val F1: 0.3415 - Val ROC-AUC: 0.6589 - Val PR-AUC: 0.3033
[Fine-tune] Epoch 39/50 - Loss: 0.2555 - Val F1: 0.3137 - Val ROC-AUC: 0.6460 - Val PR-AUC: 0.2956
[Fine-tune] Epoch 40/50 - Loss: 0.2542 - Val F1: 0.3902 - Val ROC-AUC: 0.6604 - Val PR-AUC: 0.2681
[Fine-tune] Epoch 41/50 - Loss: 0.2764 - Val F1: 0.3478 - Val ROC-AUC: 0.6635 - Val PR-AUC: 0.3058
[Fine-tune] Epoch 42/50 - Loss: 0.2690 - Val F1: 0.3077 - Val ROC-AUC: 0.6418 - Val PR-AUC: 0.2908
[Fine-tune] Epoch 43/50 - Loss: 0.2542 - Val F1: 0.3019 - Val ROC-AUC: 0.6448 - Val PR-AUC: 0.2970
[Fine-tune] Epoch 44/50 - Loss: 0.2517 - Val F1: 0.3137 - Val ROC-AUC: 0.6562 - Val PR-AUC: 0.2987
[Fine-tune] Epoch 45/50 - Loss: 0.2560 - Val F1: 0.3509 - Val ROC-AUC: 0.6547 - Val PR-AUC: 0.2604
[Fine-tune] Epoch 46/50 - Loss: 0.2802 - Val F1: 0.3810 - Val ROC-AUC: 0.6509 - Val PR-AUC: 0.3040
[Fine-tune] Epoch 47/50 - Loss: 0.2653 - Val F1: 0.3721 - Val ROC-AUC: 0.6540 - Val PR-AUC: 0.2556
[Fine-tune] Epoch 48/50 - Loss: 0.2547 - Val F1: 0.3404 - Val ROC-AUC: 0.6475 - Val PR-AUC: 0.2984
[Fine-tune] Epoch 49/50 - Loss: 0.2644 - Val F1: 0.3600 - Val ROC-AUC: 0.6471 - Val PR-AUC: 0.2870
[Fine-tune] Epoch 50/50 - Loss: 0.2589 - Val F1: 0.2979 - Val ROC-AUC: 0.6402 - Val PR-AUC: 0.2913
Finetuning completed. Test F1: 0.3396, ROC-AUC: 0.7923, PR-AUC: 0.2466
[3.1/4] Target-only training on OT_ER_ERaERa_1440 using GCN_GAT...
  * Target-only 모델 이미 존재: model_save/targetonly/gcn_gat/TargetOnly_OT_ER_ERaERa_1440_gcn_gat.pth
  * Target-only 생략, 저장된 모델로 평가만 진행
=== Target-only TEST performance ===
Test F1: 0.2667, ROC-AUC: 0.7826, PR-AUC: 0.2594
✅ 실험 완료: TOX21_ERb_BLA_Agonist_viability -> OT_ER_ERaERa_1440 [GCN_GAT]
