[1/4] Excel → CSV 변환 중...
Saved pretrain CSV for TOX21_ERa_LUC_VM7_Agonist: data/sample/TOX21_ERa_LUC_VM7_Agonist.csv
Saved pretrain CSV for TOX21_ERb_BLA_Agonist_viability: data/sample/TOX21_ERb_BLA_Agonist_viability.csv
Saved pretrain CSV for TOX21_ERa_LUC_VM7_Agonist_10nM_ICI182780_viability: data/sample/TOX21_ERa_LUC_VM7_Agonist_10nM_ICI182780_viability.csv
Saved pretrain CSV for TOX21_ERR_LUC_viability: data/sample/TOX21_ERR_LUC_viability.csv
Saved finetune CSV for ATG_ERE_CIS: data/sample/ATG_ERE_CIS.csv
Saved finetune CSV for ATG_ERa_TRANS: data/sample/ATG_ERa_TRANS.csv
Saved finetune CSV for ACEA_ER_80hr: data/sample/ACEA_ER_80hr.csv
Saved finetune CSV for OT_ER_ERaERa_1440: data/sample/OT_ER_ERaERa_1440.csv
Saved finetune CSV for OT_ER_ERaERb_1440: data/sample/OT_ER_ERaERb_1440.csv
Saved finetune CSV for OT_ER_ERbERb_1440: data/sample/OT_ER_ERbERb_1440.csv
Saved finetune CSV for NVS_NR_hER: data/sample/NVS_NR_hER.csv
[2/4] Pretraining on TOX21_ERb_BLA_Agonist_viability using GCN_GAT...
  * Pretrained model already exists at model_save/pretrained/gcn_gat/Pretrained_TOX21_ERb_BLA_Agonist_viability_gcn_gat.pth, loading...
[3/4] Finetuning on OT_ER_ERbERb_1440 using GCN_GAT...
[Fine-tune] Epoch 1/50 - Loss: 0.6880 - Val F1: 0.2698 - Val ROC-AUC: 0.6929 - Val PR-AUC: 0.3853
[Fine-tune] Epoch 2/50 - Loss: 0.5395 - Val F1: 0.3667 - Val ROC-AUC: 0.6688 - Val PR-AUC: 0.3864
[Fine-tune] Epoch 3/50 - Loss: 0.5225 - Val F1: 0.3200 - Val ROC-AUC: 0.6012 - Val PR-AUC: 0.2739
[Fine-tune] Epoch 4/50 - Loss: 0.5226 - Val F1: 0.3200 - Val ROC-AUC: 0.7095 - Val PR-AUC: 0.4850
[Fine-tune] Epoch 5/50 - Loss: 0.5379 - Val F1: 0.3438 - Val ROC-AUC: 0.6765 - Val PR-AUC: 0.3652
[Fine-tune] Epoch 6/50 - Loss: 0.5004 - Val F1: 0.2955 - Val ROC-AUC: 0.6561 - Val PR-AUC: 0.4102
[Fine-tune] Epoch 7/50 - Loss: 0.5068 - Val F1: 0.4000 - Val ROC-AUC: 0.6585 - Val PR-AUC: 0.4521
[Fine-tune] Epoch 8/50 - Loss: 0.4823 - Val F1: 0.4151 - Val ROC-AUC: 0.6741 - Val PR-AUC: 0.4352
[Fine-tune] Epoch 9/50 - Loss: 0.4478 - Val F1: 0.3000 - Val ROC-AUC: 0.6522 - Val PR-AUC: 0.4217
[Fine-tune] Epoch 10/50 - Loss: 0.4694 - Val F1: 0.2933 - Val ROC-AUC: 0.6765 - Val PR-AUC: 0.4673
[Fine-tune] Epoch 11/50 - Loss: 0.4324 - Val F1: 0.3235 - Val ROC-AUC: 0.6729 - Val PR-AUC: 0.4349
[Fine-tune] Epoch 12/50 - Loss: 0.4479 - Val F1: 0.3571 - Val ROC-AUC: 0.6804 - Val PR-AUC: 0.3496
[Fine-tune] Epoch 13/50 - Loss: 0.4539 - Val F1: 0.3000 - Val ROC-AUC: 0.6943 - Val PR-AUC: 0.4628
[Fine-tune] Epoch 14/50 - Loss: 0.4197 - Val F1: 0.3448 - Val ROC-AUC: 0.7034 - Val PR-AUC: 0.4507
[Fine-tune] Epoch 15/50 - Loss: 0.4310 - Val F1: 0.2597 - Val ROC-AUC: 0.6693 - Val PR-AUC: 0.4634
[Fine-tune] Epoch 16/50 - Loss: 0.4452 - Val F1: 0.4068 - Val ROC-AUC: 0.7042 - Val PR-AUC: 0.4522
[Fine-tune] Epoch 17/50 - Loss: 0.4389 - Val F1: 0.3158 - Val ROC-AUC: 0.7084 - Val PR-AUC: 0.4574
[Fine-tune] Epoch 18/50 - Loss: 0.4241 - Val F1: 0.3333 - Val ROC-AUC: 0.6804 - Val PR-AUC: 0.4397
[Fine-tune] Epoch 19/50 - Loss: 0.4173 - Val F1: 0.3288 - Val ROC-AUC: 0.6710 - Val PR-AUC: 0.4469
[Fine-tune] Epoch 20/50 - Loss: 0.3992 - Val F1: 0.3478 - Val ROC-AUC: 0.6904 - Val PR-AUC: 0.4818
[Fine-tune] Epoch 21/50 - Loss: 0.4034 - Val F1: 0.3636 - Val ROC-AUC: 0.7006 - Val PR-AUC: 0.4490
[Fine-tune] Epoch 22/50 - Loss: 0.4172 - Val F1: 0.3750 - Val ROC-AUC: 0.6909 - Val PR-AUC: 0.4189
[Fine-tune] Epoch 23/50 - Loss: 0.4139 - Val F1: 0.2899 - Val ROC-AUC: 0.6887 - Val PR-AUC: 0.4577
[Fine-tune] Epoch 24/50 - Loss: 0.3759 - Val F1: 0.3729 - Val ROC-AUC: 0.6818 - Val PR-AUC: 0.4208
[Fine-tune] Epoch 25/50 - Loss: 0.3940 - Val F1: 0.2933 - Val ROC-AUC: 0.6879 - Val PR-AUC: 0.4437
[Fine-tune] Epoch 26/50 - Loss: 0.4086 - Val F1: 0.3607 - Val ROC-AUC: 0.7045 - Val PR-AUC: 0.4378
[Fine-tune] Epoch 27/50 - Loss: 0.3616 - Val F1: 0.4000 - Val ROC-AUC: 0.6705 - Val PR-AUC: 0.4034
[Fine-tune] Epoch 28/50 - Loss: 0.3658 - Val F1: 0.3448 - Val ROC-AUC: 0.6965 - Val PR-AUC: 0.4440
[Fine-tune] Epoch 29/50 - Loss: 0.3755 - Val F1: 0.3056 - Val ROC-AUC: 0.6932 - Val PR-AUC: 0.4349
[Fine-tune] Epoch 30/50 - Loss: 0.3784 - Val F1: 0.3333 - Val ROC-AUC: 0.6840 - Val PR-AUC: 0.4520
[Fine-tune] Epoch 31/50 - Loss: 0.3734 - Val F1: 0.3438 - Val ROC-AUC: 0.6882 - Val PR-AUC: 0.4199
[Fine-tune] Epoch 32/50 - Loss: 0.3742 - Val F1: 0.3636 - Val ROC-AUC: 0.6860 - Val PR-AUC: 0.4351
[Fine-tune] Epoch 33/50 - Loss: 0.3744 - Val F1: 0.3333 - Val ROC-AUC: 0.6937 - Val PR-AUC: 0.4249
[Fine-tune] Epoch 34/50 - Loss: 0.3432 - Val F1: 0.3448 - Val ROC-AUC: 0.6909 - Val PR-AUC: 0.4464
[Fine-tune] Epoch 35/50 - Loss: 0.3618 - Val F1: 0.3077 - Val ROC-AUC: 0.6951 - Val PR-AUC: 0.4352
[Fine-tune] Epoch 36/50 - Loss: 0.3686 - Val F1: 0.3380 - Val ROC-AUC: 0.6987 - Val PR-AUC: 0.4423
[Fine-tune] Epoch 37/50 - Loss: 0.3458 - Val F1: 0.2941 - Val ROC-AUC: 0.6893 - Val PR-AUC: 0.4449
[Fine-tune] Epoch 38/50 - Loss: 0.3648 - Val F1: 0.3607 - Val ROC-AUC: 0.6876 - Val PR-AUC: 0.4385
[Fine-tune] Epoch 39/50 - Loss: 0.3413 - Val F1: 0.3188 - Val ROC-AUC: 0.7095 - Val PR-AUC: 0.4695
[Fine-tune] Epoch 40/50 - Loss: 0.3590 - Val F1: 0.3333 - Val ROC-AUC: 0.6981 - Val PR-AUC: 0.4363
[Fine-tune] Epoch 41/50 - Loss: 0.3406 - Val F1: 0.3385 - Val ROC-AUC: 0.6984 - Val PR-AUC: 0.4436
[Fine-tune] Epoch 42/50 - Loss: 0.3315 - Val F1: 0.3235 - Val ROC-AUC: 0.7109 - Val PR-AUC: 0.4373
[Fine-tune] Epoch 43/50 - Loss: 0.3404 - Val F1: 0.3284 - Val ROC-AUC: 0.7153 - Val PR-AUC: 0.4405
[Fine-tune] Epoch 44/50 - Loss: 0.3595 - Val F1: 0.3235 - Val ROC-AUC: 0.7037 - Val PR-AUC: 0.4445
[Fine-tune] Epoch 45/50 - Loss: 0.3407 - Val F1: 0.3448 - Val ROC-AUC: 0.7031 - Val PR-AUC: 0.4516
[Fine-tune] Epoch 46/50 - Loss: 0.3627 - Val F1: 0.3438 - Val ROC-AUC: 0.7120 - Val PR-AUC: 0.4575
[Fine-tune] Epoch 47/50 - Loss: 0.3657 - Val F1: 0.3077 - Val ROC-AUC: 0.7095 - Val PR-AUC: 0.4442
[Fine-tune] Epoch 48/50 - Loss: 0.3533 - Val F1: 0.3188 - Val ROC-AUC: 0.7159 - Val PR-AUC: 0.4605
[Fine-tune] Epoch 49/50 - Loss: 0.3516 - Val F1: 0.3188 - Val ROC-AUC: 0.7137 - Val PR-AUC: 0.4511
[Fine-tune] Epoch 50/50 - Loss: 0.3831 - Val F1: 0.2941 - Val ROC-AUC: 0.7059 - Val PR-AUC: 0.4491
Finetuning completed. Test F1: 0.3704, ROC-AUC: 0.6674, PR-AUC: 0.3531
[3.1/4] Target-only training on OT_ER_ERbERb_1440 using GCN_GAT...
  * Target-only 모델 이미 존재: model_save/targetonly/gcn_gat/TargetOnly_OT_ER_ERbERb_1440_gcn_gat.pth
  * Target-only 생략, 저장된 모델로 평가만 진행
=== Target-only TEST performance ===
Test F1: 0.2857, ROC-AUC: 0.6746, PR-AUC: 0.3161
✅ 실험 완료: TOX21_ERb_BLA_Agonist_viability -> OT_ER_ERbERb_1440 [GCN_GAT]
