[1/4] Excel → CSV 변환 중...
Saved pretrain CSV for TOX21_ERa_LUC_VM7_Agonist: data/sample/TOX21_ERa_LUC_VM7_Agonist.csv
Saved pretrain CSV for TOX21_ERb_BLA_Agonist_viability: data/sample/TOX21_ERb_BLA_Agonist_viability.csv
Saved pretrain CSV for TOX21_ERa_LUC_VM7_Agonist_10nM_ICI182780_viability: data/sample/TOX21_ERa_LUC_VM7_Agonist_10nM_ICI182780_viability.csv
Saved pretrain CSV for TOX21_ERR_LUC_viability: data/sample/TOX21_ERR_LUC_viability.csv
Saved finetune CSV for ATG_ERE_CIS: data/sample/ATG_ERE_CIS.csv
Saved finetune CSV for ATG_ERa_TRANS: data/sample/ATG_ERa_TRANS.csv
Saved finetune CSV for ACEA_ER_80hr: data/sample/ACEA_ER_80hr.csv
Saved finetune CSV for OT_ER_ERaERa_1440: data/sample/OT_ER_ERaERa_1440.csv
Saved finetune CSV for OT_ER_ERaERb_1440: data/sample/OT_ER_ERaERb_1440.csv
Saved finetune CSV for OT_ER_ERbERb_1440: data/sample/OT_ER_ERbERb_1440.csv
Saved finetune CSV for NVS_NR_hER: data/sample/NVS_NR_hER.csv
[2/4] Pretraining on TOX21_ERb_BLA_Agonist_viability using GCN...
  * Pretrained model already exists at model_save/pretrained/gcn/Pretrained_TOX21_ERb_BLA_Agonist_viability_gcn.pth, loading...
[3/4] Finetuning on ATG_ERa_TRANS using GCN...
[Fine-tune] Epoch 1/50 - Loss: 0.6232 - Val F1: 0.4700 - Val ROC-AUC: 0.7322 - Val PR-AUC: 0.3777
[Fine-tune] Epoch 2/50 - Loss: 0.5668 - Val F1: 0.4947 - Val ROC-AUC: 0.7542 - Val PR-AUC: 0.4614
[Fine-tune] Epoch 3/50 - Loss: 0.5482 - Val F1: 0.5098 - Val ROC-AUC: 0.7471 - Val PR-AUC: 0.4206
[Fine-tune] Epoch 4/50 - Loss: 0.5228 - Val F1: 0.4876 - Val ROC-AUC: 0.7618 - Val PR-AUC: 0.4610
[Fine-tune] Epoch 5/50 - Loss: 0.5459 - Val F1: 0.5079 - Val ROC-AUC: 0.7600 - Val PR-AUC: 0.4586
[Fine-tune] Epoch 6/50 - Loss: 0.5270 - Val F1: 0.4976 - Val ROC-AUC: 0.7495 - Val PR-AUC: 0.4316
[Fine-tune] Epoch 7/50 - Loss: 0.5371 - Val F1: 0.4600 - Val ROC-AUC: 0.7367 - Val PR-AUC: 0.4395
[Fine-tune] Epoch 8/50 - Loss: 0.5016 - Val F1: 0.4696 - Val ROC-AUC: 0.7461 - Val PR-AUC: 0.4409
[Fine-tune] Epoch 9/50 - Loss: 0.5058 - Val F1: 0.5073 - Val ROC-AUC: 0.7564 - Val PR-AUC: 0.4667
[Fine-tune] Epoch 10/50 - Loss: 0.5252 - Val F1: 0.4796 - Val ROC-AUC: 0.7392 - Val PR-AUC: 0.4561
[Fine-tune] Epoch 11/50 - Loss: 0.4963 - Val F1: 0.4747 - Val ROC-AUC: 0.7443 - Val PR-AUC: 0.4497
[Fine-tune] Epoch 12/50 - Loss: 0.5104 - Val F1: 0.4811 - Val ROC-AUC: 0.7528 - Val PR-AUC: 0.4798
[Fine-tune] Epoch 13/50 - Loss: 0.4894 - Val F1: 0.4831 - Val ROC-AUC: 0.7524 - Val PR-AUC: 0.4896
[Fine-tune] Epoch 14/50 - Loss: 0.5041 - Val F1: 0.5294 - Val ROC-AUC: 0.7432 - Val PR-AUC: 0.4880
[Fine-tune] Epoch 15/50 - Loss: 0.4959 - Val F1: 0.4928 - Val ROC-AUC: 0.7466 - Val PR-AUC: 0.4777
[Fine-tune] Epoch 16/50 - Loss: 0.5015 - Val F1: 0.5486 - Val ROC-AUC: 0.7591 - Val PR-AUC: 0.5064
[Fine-tune] Epoch 17/50 - Loss: 0.4908 - Val F1: 0.5165 - Val ROC-AUC: 0.7453 - Val PR-AUC: 0.4652
[Fine-tune] Epoch 18/50 - Loss: 0.5006 - Val F1: 0.5263 - Val ROC-AUC: 0.7463 - Val PR-AUC: 0.4707
[Fine-tune] Epoch 19/50 - Loss: 0.4988 - Val F1: 0.4943 - Val ROC-AUC: 0.7537 - Val PR-AUC: 0.4839
[Fine-tune] Epoch 20/50 - Loss: 0.4907 - Val F1: 0.4831 - Val ROC-AUC: 0.7378 - Val PR-AUC: 0.4549
[Fine-tune] Epoch 21/50 - Loss: 0.4713 - Val F1: 0.5165 - Val ROC-AUC: 0.7579 - Val PR-AUC: 0.4883
[Fine-tune] Epoch 22/50 - Loss: 0.4788 - Val F1: 0.4878 - Val ROC-AUC: 0.7439 - Val PR-AUC: 0.4606
[Fine-tune] Epoch 23/50 - Loss: 0.4927 - Val F1: 0.5185 - Val ROC-AUC: 0.7513 - Val PR-AUC: 0.4832
[Fine-tune] Epoch 24/50 - Loss: 0.4789 - Val F1: 0.5304 - Val ROC-AUC: 0.7502 - Val PR-AUC: 0.4905
[Fine-tune] Epoch 25/50 - Loss: 0.4770 - Val F1: 0.5085 - Val ROC-AUC: 0.7445 - Val PR-AUC: 0.4763
[Fine-tune] Epoch 26/50 - Loss: 0.4686 - Val F1: 0.5109 - Val ROC-AUC: 0.7555 - Val PR-AUC: 0.4923
[Fine-tune] Epoch 27/50 - Loss: 0.4959 - Val F1: 0.5079 - Val ROC-AUC: 0.7588 - Val PR-AUC: 0.5064
[Fine-tune] Epoch 28/50 - Loss: 0.4867 - Val F1: 0.5217 - Val ROC-AUC: 0.7611 - Val PR-AUC: 0.5045
[Fine-tune] Epoch 29/50 - Loss: 0.4755 - Val F1: 0.4949 - Val ROC-AUC: 0.7574 - Val PR-AUC: 0.5019
[Fine-tune] Epoch 30/50 - Loss: 0.4658 - Val F1: 0.4921 - Val ROC-AUC: 0.7422 - Val PR-AUC: 0.4564
[Fine-tune] Epoch 31/50 - Loss: 0.4798 - Val F1: 0.5241 - Val ROC-AUC: 0.7513 - Val PR-AUC: 0.4722
[Fine-tune] Epoch 32/50 - Loss: 0.4754 - Val F1: 0.5026 - Val ROC-AUC: 0.7503 - Val PR-AUC: 0.4801
[Fine-tune] Epoch 33/50 - Loss: 0.4755 - Val F1: 0.5152 - Val ROC-AUC: 0.7563 - Val PR-AUC: 0.5004
[Fine-tune] Epoch 34/50 - Loss: 0.4575 - Val F1: 0.4880 - Val ROC-AUC: 0.7546 - Val PR-AUC: 0.4848
[Fine-tune] Epoch 35/50 - Loss: 0.4637 - Val F1: 0.4951 - Val ROC-AUC: 0.7510 - Val PR-AUC: 0.4802
[Fine-tune] Epoch 36/50 - Loss: 0.4621 - Val F1: 0.5246 - Val ROC-AUC: 0.7512 - Val PR-AUC: 0.4845
[Fine-tune] Epoch 37/50 - Loss: 0.4681 - Val F1: 0.5281 - Val ROC-AUC: 0.7517 - Val PR-AUC: 0.4887
[Fine-tune] Epoch 38/50 - Loss: 0.4802 - Val F1: 0.4902 - Val ROC-AUC: 0.7516 - Val PR-AUC: 0.4917
[Fine-tune] Epoch 39/50 - Loss: 0.4736 - Val F1: 0.5371 - Val ROC-AUC: 0.7542 - Val PR-AUC: 0.5040
[Fine-tune] Epoch 40/50 - Loss: 0.4687 - Val F1: 0.4948 - Val ROC-AUC: 0.7477 - Val PR-AUC: 0.4776
[Fine-tune] Epoch 41/50 - Loss: 0.4839 - Val F1: 0.5131 - Val ROC-AUC: 0.7476 - Val PR-AUC: 0.4758
[Fine-tune] Epoch 42/50 - Loss: 0.4753 - Val F1: 0.5193 - Val ROC-AUC: 0.7521 - Val PR-AUC: 0.4846
[Fine-tune] Epoch 43/50 - Loss: 0.4719 - Val F1: 0.5291 - Val ROC-AUC: 0.7530 - Val PR-AUC: 0.5009
[Fine-tune] Epoch 44/50 - Loss: 0.4688 - Val F1: 0.5087 - Val ROC-AUC: 0.7518 - Val PR-AUC: 0.4963
[Fine-tune] Epoch 45/50 - Loss: 0.4643 - Val F1: 0.5000 - Val ROC-AUC: 0.7456 - Val PR-AUC: 0.4791
[Fine-tune] Epoch 46/50 - Loss: 0.4706 - Val F1: 0.5083 - Val ROC-AUC: 0.7508 - Val PR-AUC: 0.4923
[Fine-tune] Epoch 47/50 - Loss: 0.4679 - Val F1: 0.5161 - Val ROC-AUC: 0.7487 - Val PR-AUC: 0.4859
[Fine-tune] Epoch 48/50 - Loss: 0.4647 - Val F1: 0.5137 - Val ROC-AUC: 0.7497 - Val PR-AUC: 0.4930
[Fine-tune] Epoch 49/50 - Loss: 0.4598 - Val F1: 0.5109 - Val ROC-AUC: 0.7472 - Val PR-AUC: 0.4882
[Fine-tune] Epoch 50/50 - Loss: 0.4685 - Val F1: 0.5251 - Val ROC-AUC: 0.7498 - Val PR-AUC: 0.4862
Finetuning completed. Test F1: 0.4762, ROC-AUC: 0.7397, PR-AUC: 0.4386
[3.1/4] Target-only training on ATG_ERa_TRANS using GCN...
  * Target-only 모델 이미 존재: model_save/targetonly/gcn/TargetOnly_ATG_ERa_TRANS_gcn.pth
  * Target-only 생략, 저장된 모델로 평가만 진행
=== Target-only TEST performance ===
Test F1: 0.4574, ROC-AUC: 0.7279, PR-AUC: 0.4253
✅ 실험 완료: TOX21_ERb_BLA_Agonist_viability -> ATG_ERa_TRANS [GCN]
