[1/4] Excel → CSV 변환 중...
Saved pretrain CSV for TOX21_ERa_LUC_VM7_Agonist: data/sample/TOX21_ERa_LUC_VM7_Agonist.csv
Saved pretrain CSV for TOX21_ERb_BLA_Agonist_viability: data/sample/TOX21_ERb_BLA_Agonist_viability.csv
Saved pretrain CSV for TOX21_ERa_LUC_VM7_Agonist_10nM_ICI182780_viability: data/sample/TOX21_ERa_LUC_VM7_Agonist_10nM_ICI182780_viability.csv
Saved pretrain CSV for TOX21_ERR_LUC_viability: data/sample/TOX21_ERR_LUC_viability.csv
Saved finetune CSV for ATG_ERE_CIS: data/sample/ATG_ERE_CIS.csv
Saved finetune CSV for ATG_ERa_TRANS: data/sample/ATG_ERa_TRANS.csv
Saved finetune CSV for ACEA_ER_80hr: data/sample/ACEA_ER_80hr.csv
Saved finetune CSV for OT_ER_ERaERa_1440: data/sample/OT_ER_ERaERa_1440.csv
Saved finetune CSV for OT_ER_ERaERb_1440: data/sample/OT_ER_ERaERb_1440.csv
Saved finetune CSV for OT_ER_ERbERb_1440: data/sample/OT_ER_ERbERb_1440.csv
Saved finetune CSV for NVS_NR_hER: data/sample/NVS_NR_hER.csv
[2/4] Pretraining on TOX21_ERa_LUC_VM7_Agonist using GCN...
  * Pretrained model already exists at model_save/pretrained/gcn/Pretrained_TOX21_ERa_LUC_VM7_Agonist_gcn.pth, loading...
[3/4] Finetuning on ATG_ERE_CIS using GCN...
[Fine-tune] Epoch 1/50 - Loss: 0.6220 - Val F1: 0.4335 - Val ROC-AUC: 0.6731 - Val PR-AUC: 0.4410
[Fine-tune] Epoch 2/50 - Loss: 0.5916 - Val F1: 0.4848 - Val ROC-AUC: 0.7144 - Val PR-AUC: 0.4965
[Fine-tune] Epoch 3/50 - Loss: 0.5744 - Val F1: 0.4565 - Val ROC-AUC: 0.7194 - Val PR-AUC: 0.5043
[Fine-tune] Epoch 4/50 - Loss: 0.5763 - Val F1: 0.4720 - Val ROC-AUC: 0.7068 - Val PR-AUC: 0.4969
[Fine-tune] Epoch 5/50 - Loss: 0.5619 - Val F1: 0.4645 - Val ROC-AUC: 0.7205 - Val PR-AUC: 0.4733
[Fine-tune] Epoch 6/50 - Loss: 0.5580 - Val F1: 0.4303 - Val ROC-AUC: 0.7115 - Val PR-AUC: 0.4932
[Fine-tune] Epoch 7/50 - Loss: 0.5689 - Val F1: 0.4947 - Val ROC-AUC: 0.7215 - Val PR-AUC: 0.5030
[Fine-tune] Epoch 8/50 - Loss: 0.5446 - Val F1: 0.5098 - Val ROC-AUC: 0.7326 - Val PR-AUC: 0.5063
[Fine-tune] Epoch 9/50 - Loss: 0.5634 - Val F1: 0.4084 - Val ROC-AUC: 0.6749 - Val PR-AUC: 0.3968
[Fine-tune] Epoch 10/50 - Loss: 0.5628 - Val F1: 0.4434 - Val ROC-AUC: 0.7296 - Val PR-AUC: 0.5190
[Fine-tune] Epoch 11/50 - Loss: 0.5478 - Val F1: 0.4706 - Val ROC-AUC: 0.7254 - Val PR-AUC: 0.4874
[Fine-tune] Epoch 12/50 - Loss: 0.5574 - Val F1: 0.4292 - Val ROC-AUC: 0.7146 - Val PR-AUC: 0.4842
[Fine-tune] Epoch 13/50 - Loss: 0.5450 - Val F1: 0.4925 - Val ROC-AUC: 0.7323 - Val PR-AUC: 0.5034
[Fine-tune] Epoch 14/50 - Loss: 0.5494 - Val F1: 0.4876 - Val ROC-AUC: 0.7378 - Val PR-AUC: 0.5071
[Fine-tune] Epoch 15/50 - Loss: 0.5463 - Val F1: 0.4762 - Val ROC-AUC: 0.7348 - Val PR-AUC: 0.5163
[Fine-tune] Epoch 16/50 - Loss: 0.5433 - Val F1: 0.4365 - Val ROC-AUC: 0.7313 - Val PR-AUC: 0.5026
[Fine-tune] Epoch 17/50 - Loss: 0.5453 - Val F1: 0.4314 - Val ROC-AUC: 0.7262 - Val PR-AUC: 0.5018
[Fine-tune] Epoch 18/50 - Loss: 0.5396 - Val F1: 0.4712 - Val ROC-AUC: 0.7310 - Val PR-AUC: 0.5251
[Fine-tune] Epoch 19/50 - Loss: 0.5304 - Val F1: 0.4727 - Val ROC-AUC: 0.7301 - Val PR-AUC: 0.5168
[Fine-tune] Epoch 20/50 - Loss: 0.5363 - Val F1: 0.4772 - Val ROC-AUC: 0.7174 - Val PR-AUC: 0.4977
[Fine-tune] Epoch 21/50 - Loss: 0.5502 - Val F1: 0.4581 - Val ROC-AUC: 0.7208 - Val PR-AUC: 0.4808
[Fine-tune] Epoch 22/50 - Loss: 0.5357 - Val F1: 0.4950 - Val ROC-AUC: 0.7284 - Val PR-AUC: 0.5083
[Fine-tune] Epoch 23/50 - Loss: 0.5292 - Val F1: 0.4587 - Val ROC-AUC: 0.7301 - Val PR-AUC: 0.5083
[Fine-tune] Epoch 24/50 - Loss: 0.5178 - Val F1: 0.4464 - Val ROC-AUC: 0.7285 - Val PR-AUC: 0.5149
[Fine-tune] Epoch 25/50 - Loss: 0.5326 - Val F1: 0.4722 - Val ROC-AUC: 0.7290 - Val PR-AUC: 0.4953
[Fine-tune] Epoch 26/50 - Loss: 0.5260 - Val F1: 0.4828 - Val ROC-AUC: 0.7282 - Val PR-AUC: 0.5014
[Fine-tune] Epoch 27/50 - Loss: 0.5257 - Val F1: 0.4821 - Val ROC-AUC: 0.7259 - Val PR-AUC: 0.4966
[Fine-tune] Epoch 28/50 - Loss: 0.5269 - Val F1: 0.4828 - Val ROC-AUC: 0.7313 - Val PR-AUC: 0.5135
[Fine-tune] Epoch 29/50 - Loss: 0.5253 - Val F1: 0.4834 - Val ROC-AUC: 0.7336 - Val PR-AUC: 0.5121
[Fine-tune] Epoch 30/50 - Loss: 0.5118 - Val F1: 0.4706 - Val ROC-AUC: 0.7289 - Val PR-AUC: 0.5046
[Fine-tune] Epoch 31/50 - Loss: 0.5244 - Val F1: 0.4664 - Val ROC-AUC: 0.7327 - Val PR-AUC: 0.5218
[Fine-tune] Epoch 32/50 - Loss: 0.5226 - Val F1: 0.4712 - Val ROC-AUC: 0.7343 - Val PR-AUC: 0.5194
[Fine-tune] Epoch 33/50 - Loss: 0.5104 - Val F1: 0.4545 - Val ROC-AUC: 0.7366 - Val PR-AUC: 0.5313
[Fine-tune] Epoch 34/50 - Loss: 0.5155 - Val F1: 0.4533 - Val ROC-AUC: 0.7371 - Val PR-AUC: 0.5224
[Fine-tune] Epoch 35/50 - Loss: 0.5251 - Val F1: 0.4757 - Val ROC-AUC: 0.7345 - Val PR-AUC: 0.5071
[Fine-tune] Epoch 36/50 - Loss: 0.5078 - Val F1: 0.4776 - Val ROC-AUC: 0.7357 - Val PR-AUC: 0.5225
[Fine-tune] Epoch 37/50 - Loss: 0.5304 - Val F1: 0.4749 - Val ROC-AUC: 0.7357 - Val PR-AUC: 0.5177
[Fine-tune] Epoch 38/50 - Loss: 0.5238 - Val F1: 0.4667 - Val ROC-AUC: 0.7397 - Val PR-AUC: 0.5173
[Fine-tune] Epoch 39/50 - Loss: 0.5388 - Val F1: 0.5000 - Val ROC-AUC: 0.7366 - Val PR-AUC: 0.5205
[Fine-tune] Epoch 40/50 - Loss: 0.5112 - Val F1: 0.4952 - Val ROC-AUC: 0.7361 - Val PR-AUC: 0.5182
[Fine-tune] Epoch 41/50 - Loss: 0.5049 - Val F1: 0.4601 - Val ROC-AUC: 0.7347 - Val PR-AUC: 0.5193
[Fine-tune] Epoch 42/50 - Loss: 0.5221 - Val F1: 0.4818 - Val ROC-AUC: 0.7388 - Val PR-AUC: 0.5236
[Fine-tune] Epoch 43/50 - Loss: 0.5181 - Val F1: 0.4739 - Val ROC-AUC: 0.7360 - Val PR-AUC: 0.5162
[Fine-tune] Epoch 44/50 - Loss: 0.5103 - Val F1: 0.4673 - Val ROC-AUC: 0.7436 - Val PR-AUC: 0.5241
[Fine-tune] Epoch 45/50 - Loss: 0.5131 - Val F1: 0.4766 - Val ROC-AUC: 0.7405 - Val PR-AUC: 0.5262
[Fine-tune] Epoch 46/50 - Loss: 0.5139 - Val F1: 0.4561 - Val ROC-AUC: 0.7378 - Val PR-AUC: 0.5289
[Fine-tune] Epoch 47/50 - Loss: 0.5225 - Val F1: 0.4622 - Val ROC-AUC: 0.7356 - Val PR-AUC: 0.5237
[Fine-tune] Epoch 48/50 - Loss: 0.5289 - Val F1: 0.4828 - Val ROC-AUC: 0.7355 - Val PR-AUC: 0.5116
[Fine-tune] Epoch 49/50 - Loss: 0.5094 - Val F1: 0.4574 - Val ROC-AUC: 0.7380 - Val PR-AUC: 0.5252
[Fine-tune] Epoch 50/50 - Loss: 0.5199 - Val F1: 0.4700 - Val ROC-AUC: 0.7388 - Val PR-AUC: 0.5283
Finetuning completed. Test F1: 0.5243, ROC-AUC: 0.7476, PR-AUC: 0.5145
[3.1/4] Target-only training on ATG_ERE_CIS using GCN...
=== Target-only training ===
[Target-only] Epoch 1/50 – Loss: 0.6525  Val F1: 0.3899  ROC-AUC: 0.6811  PR-AUC: 0.4387
[Target-only] Epoch 2/50 – Loss: 0.6158  Val F1: 0.4286  ROC-AUC: 0.6981  PR-AUC: 0.4490
[Target-only] Epoch 3/50 – Loss: 0.5964  Val F1: 0.4336  ROC-AUC: 0.6945  PR-AUC: 0.4552
[Target-only] Epoch 4/50 – Loss: 0.6052  Val F1: 0.4106  ROC-AUC: 0.6977  PR-AUC: 0.4692
[Target-only] Epoch 5/50 – Loss: 0.5940  Val F1: 0.4118  ROC-AUC: 0.7073  PR-AUC: 0.4506
[Target-only] Epoch 6/50 – Loss: 0.5787  Val F1: 0.4444  ROC-AUC: 0.7166  PR-AUC: 0.4685
[Target-only] Epoch 7/50 – Loss: 0.5813  Val F1: 0.4876  ROC-AUC: 0.7347  PR-AUC: 0.5129
[Target-only] Epoch 8/50 – Loss: 0.6044  Val F1: 0.4364  ROC-AUC: 0.7140  PR-AUC: 0.5003
[Target-only] Epoch 9/50 – Loss: 0.5783  Val F1: 0.5027  ROC-AUC: 0.7116  PR-AUC: 0.4839
[Target-only] Epoch 10/50 – Loss: 0.5738  Val F1: 0.4329  ROC-AUC: 0.7241  PR-AUC: 0.4855
[Target-only] Epoch 11/50 – Loss: 0.5647  Val F1: 0.4706  ROC-AUC: 0.7185  PR-AUC: 0.4763
[Target-only] Epoch 12/50 – Loss: 0.5656  Val F1: 0.4375  ROC-AUC: 0.7204  PR-AUC: 0.4927
[Target-only] Epoch 13/50 – Loss: 0.5577  Val F1: 0.4519  ROC-AUC: 0.7173  PR-AUC: 0.4610
[Target-only] Epoch 14/50 – Loss: 0.5559  Val F1: 0.4804  ROC-AUC: 0.6847  PR-AUC: 0.3656
[Target-only] Epoch 15/50 – Loss: 0.5725  Val F1: 0.4667  ROC-AUC: 0.7220  PR-AUC: 0.5147
[Target-only] Epoch 16/50 – Loss: 0.5502  Val F1: 0.4695  ROC-AUC: 0.7210  PR-AUC: 0.4975
[Target-only] Epoch 17/50 – Loss: 0.5538  Val F1: 0.4780  ROC-AUC: 0.7377  PR-AUC: 0.4976
[Target-only] Epoch 18/50 – Loss: 0.5470  Val F1: 0.4811  ROC-AUC: 0.7281  PR-AUC: 0.4975
[Target-only] Epoch 19/50 – Loss: 0.5533  Val F1: 0.4643  ROC-AUC: 0.7375  PR-AUC: 0.5202
[Target-only] Epoch 20/50 – Loss: 0.5492  Val F1: 0.4557  ROC-AUC: 0.7378  PR-AUC: 0.5161
[Target-only] Epoch 21/50 – Loss: 0.5424  Val F1: 0.4601  ROC-AUC: 0.7398  PR-AUC: 0.5190
[Target-only] Epoch 22/50 – Loss: 0.5436  Val F1: 0.5000  ROC-AUC: 0.7305  PR-AUC: 0.4621
[Target-only] Epoch 23/50 – Loss: 0.5538  Val F1: 0.4804  ROC-AUC: 0.7363  PR-AUC: 0.5001
[Target-only] Epoch 24/50 – Loss: 0.5561  Val F1: 0.4828  ROC-AUC: 0.7366  PR-AUC: 0.4935
[Target-only] Epoch 25/50 – Loss: 0.5338  Val F1: 0.4808  ROC-AUC: 0.7342  PR-AUC: 0.4920
[Target-only] Epoch 26/50 – Loss: 0.5384  Val F1: 0.4628  ROC-AUC: 0.7332  PR-AUC: 0.4951
[Target-only] Epoch 27/50 – Loss: 0.5502  Val F1: 0.4696  ROC-AUC: 0.7394  PR-AUC: 0.5029
[Target-only] Epoch 28/50 – Loss: 0.5400  Val F1: 0.5100  ROC-AUC: 0.7371  PR-AUC: 0.5080
[Target-only] Epoch 29/50 – Loss: 0.5424  Val F1: 0.4653  ROC-AUC: 0.7353  PR-AUC: 0.5102
[Target-only] Epoch 30/50 – Loss: 0.5456  Val F1: 0.4608  ROC-AUC: 0.7280  PR-AUC: 0.4670
[Target-only] Epoch 31/50 – Loss: 0.5468  Val F1: 0.4274  ROC-AUC: 0.7422  PR-AUC: 0.5149
[Target-only] Epoch 32/50 – Loss: 0.5322  Val F1: 0.4434  ROC-AUC: 0.7373  PR-AUC: 0.4959
[Target-only] Epoch 33/50 – Loss: 0.5273  Val F1: 0.4356  ROC-AUC: 0.7329  PR-AUC: 0.4794
[Target-only] Epoch 34/50 – Loss: 0.5344  Val F1: 0.4522  ROC-AUC: 0.7399  PR-AUC: 0.5153
[Target-only] Epoch 35/50 – Loss: 0.5371  Val F1: 0.4541  ROC-AUC: 0.7396  PR-AUC: 0.5104
[Target-only] Epoch 36/50 – Loss: 0.5317  Val F1: 0.4502  ROC-AUC: 0.7372  PR-AUC: 0.4976
[Target-only] Epoch 37/50 – Loss: 0.5284  Val F1: 0.4407  ROC-AUC: 0.7387  PR-AUC: 0.5151
[Target-only] Epoch 38/50 – Loss: 0.5318  Val F1: 0.4643  ROC-AUC: 0.7413  PR-AUC: 0.5024
[Target-only] Epoch 39/50 – Loss: 0.5362  Val F1: 0.4463  ROC-AUC: 0.7404  PR-AUC: 0.5118
[Target-only] Epoch 40/50 – Loss: 0.5133  Val F1: 0.4608  ROC-AUC: 0.7351  PR-AUC: 0.4815
[Target-only] Epoch 41/50 – Loss: 0.5349  Val F1: 0.4752  ROC-AUC: 0.7329  PR-AUC: 0.4962
[Target-only] Epoch 42/50 – Loss: 0.5189  Val F1: 0.4444  ROC-AUC: 0.7332  PR-AUC: 0.5077
[Target-only] Epoch 43/50 – Loss: 0.5333  Val F1: 0.4505  ROC-AUC: 0.7353  PR-AUC: 0.5012
[Target-only] Epoch 44/50 – Loss: 0.5187  Val F1: 0.4425  ROC-AUC: 0.7338  PR-AUC: 0.4949
[Target-only] Epoch 45/50 – Loss: 0.5300  Val F1: 0.4513  ROC-AUC: 0.7384  PR-AUC: 0.5182
[Target-only] Epoch 46/50 – Loss: 0.5444  Val F1: 0.4390  ROC-AUC: 0.7401  PR-AUC: 0.5213
[Target-only] Epoch 47/50 – Loss: 0.5222  Val F1: 0.4679  ROC-AUC: 0.7379  PR-AUC: 0.5128
[Target-only] Epoch 48/50 – Loss: 0.5448  Val F1: 0.4519  ROC-AUC: 0.7367  PR-AUC: 0.4907
[Target-only] Epoch 49/50 – Loss: 0.5313  Val F1: 0.4796  ROC-AUC: 0.7372  PR-AUC: 0.4994
[Target-only] Epoch 50/50 – Loss: 0.5285  Val F1: 0.4414  ROC-AUC: 0.7370  PR-AUC: 0.5091
=== Target-only TEST performance ===
Test F1: 0.5234, ROC-AUC: 0.7610, PR-AUC: 0.5317
✅ 실험 완료: TOX21_ERa_LUC_VM7_Agonist -> ATG_ERE_CIS [GCN]
