[1/4] Excel → CSV 변환 중...
Saved pretrain CSV for TOX21_ERa_LUC_VM7_Agonist: data/sample/TOX21_ERa_LUC_VM7_Agonist.csv
Saved pretrain CSV for TOX21_ERb_BLA_Agonist_viability: data/sample/TOX21_ERb_BLA_Agonist_viability.csv
Saved pretrain CSV for TOX21_ERa_LUC_VM7_Agonist_10nM_ICI182780_viability: data/sample/TOX21_ERa_LUC_VM7_Agonist_10nM_ICI182780_viability.csv
Saved pretrain CSV for TOX21_ERR_LUC_viability: data/sample/TOX21_ERR_LUC_viability.csv
Saved finetune CSV for ATG_ERE_CIS: data/sample/ATG_ERE_CIS.csv
Saved finetune CSV for ATG_ERa_TRANS: data/sample/ATG_ERa_TRANS.csv
Saved finetune CSV for ACEA_ER_80hr: data/sample/ACEA_ER_80hr.csv
Saved finetune CSV for OT_ER_ERaERa_1440: data/sample/OT_ER_ERaERa_1440.csv
Saved finetune CSV for OT_ER_ERaERb_1440: data/sample/OT_ER_ERaERb_1440.csv
Saved finetune CSV for OT_ER_ERbERb_1440: data/sample/OT_ER_ERbERb_1440.csv
Saved finetune CSV for NVS_NR_hER: data/sample/NVS_NR_hER.csv
[2/4] Pretraining on TOX21_ERb_BLA_Agonist_viability using GCN_GAT...
  * Pretrained model already exists at model_save/pretrained/gcn_gat/Pretrained_TOX21_ERb_BLA_Agonist_viability_gcn_gat.pth, loading...
[3/4] Finetuning on ATG_ERE_CIS using GCN_GAT...
[Fine-tune] Epoch 1/50 - Loss: 0.6529 - Val F1: 0.4571 - Val ROC-AUC: 0.6928 - Val PR-AUC: 0.4348
[Fine-tune] Epoch 2/50 - Loss: 0.6014 - Val F1: 0.4053 - Val ROC-AUC: 0.7166 - Val PR-AUC: 0.5119
[Fine-tune] Epoch 3/50 - Loss: 0.5928 - Val F1: 0.5024 - Val ROC-AUC: 0.7221 - Val PR-AUC: 0.4920
[Fine-tune] Epoch 4/50 - Loss: 0.5710 - Val F1: 0.4535 - Val ROC-AUC: 0.7273 - Val PR-AUC: 0.4801
[Fine-tune] Epoch 5/50 - Loss: 0.5551 - Val F1: 0.4519 - Val ROC-AUC: 0.6959 - Val PR-AUC: 0.4691
[Fine-tune] Epoch 6/50 - Loss: 0.5721 - Val F1: 0.4407 - Val ROC-AUC: 0.7204 - Val PR-AUC: 0.4641
[Fine-tune] Epoch 7/50 - Loss: 0.5714 - Val F1: 0.4649 - Val ROC-AUC: 0.7131 - Val PR-AUC: 0.4639
[Fine-tune] Epoch 8/50 - Loss: 0.5565 - Val F1: 0.4649 - Val ROC-AUC: 0.7264 - Val PR-AUC: 0.4953
[Fine-tune] Epoch 9/50 - Loss: 0.5654 - Val F1: 0.5000 - Val ROC-AUC: 0.7177 - Val PR-AUC: 0.5099
[Fine-tune] Epoch 10/50 - Loss: 0.5417 - Val F1: 0.4974 - Val ROC-AUC: 0.7240 - Val PR-AUC: 0.4773
[Fine-tune] Epoch 11/50 - Loss: 0.5350 - Val F1: 0.4902 - Val ROC-AUC: 0.7231 - Val PR-AUC: 0.4868
[Fine-tune] Epoch 12/50 - Loss: 0.5257 - Val F1: 0.4378 - Val ROC-AUC: 0.7269 - Val PR-AUC: 0.5044
[Fine-tune] Epoch 13/50 - Loss: 0.5142 - Val F1: 0.5106 - Val ROC-AUC: 0.7264 - Val PR-AUC: 0.5071
[Fine-tune] Epoch 14/50 - Loss: 0.5147 - Val F1: 0.4656 - Val ROC-AUC: 0.7061 - Val PR-AUC: 0.4641
[Fine-tune] Epoch 15/50 - Loss: 0.5245 - Val F1: 0.4331 - Val ROC-AUC: 0.7236 - Val PR-AUC: 0.4714
[Fine-tune] Epoch 16/50 - Loss: 0.5316 - Val F1: 0.4944 - Val ROC-AUC: 0.7090 - Val PR-AUC: 0.4706
[Fine-tune] Epoch 17/50 - Loss: 0.5239 - Val F1: 0.4824 - Val ROC-AUC: 0.7300 - Val PR-AUC: 0.5078
[Fine-tune] Epoch 18/50 - Loss: 0.5136 - Val F1: 0.4522 - Val ROC-AUC: 0.7375 - Val PR-AUC: 0.5335
[Fine-tune] Epoch 19/50 - Loss: 0.4945 - Val F1: 0.4712 - Val ROC-AUC: 0.7223 - Val PR-AUC: 0.4802
[Fine-tune] Epoch 20/50 - Loss: 0.5057 - Val F1: 0.5198 - Val ROC-AUC: 0.7183 - Val PR-AUC: 0.5011
[Fine-tune] Epoch 21/50 - Loss: 0.5073 - Val F1: 0.5140 - Val ROC-AUC: 0.7301 - Val PR-AUC: 0.4803
[Fine-tune] Epoch 22/50 - Loss: 0.4986 - Val F1: 0.5488 - Val ROC-AUC: 0.7350 - Val PR-AUC: 0.5010
[Fine-tune] Epoch 23/50 - Loss: 0.4999 - Val F1: 0.5149 - Val ROC-AUC: 0.7359 - Val PR-AUC: 0.5097
[Fine-tune] Epoch 24/50 - Loss: 0.5059 - Val F1: 0.5104 - Val ROC-AUC: 0.7312 - Val PR-AUC: 0.4861
[Fine-tune] Epoch 25/50 - Loss: 0.4814 - Val F1: 0.4868 - Val ROC-AUC: 0.7198 - Val PR-AUC: 0.4620
[Fine-tune] Epoch 26/50 - Loss: 0.5012 - Val F1: 0.4837 - Val ROC-AUC: 0.7280 - Val PR-AUC: 0.4777
[Fine-tune] Epoch 27/50 - Loss: 0.4877 - Val F1: 0.5251 - Val ROC-AUC: 0.7417 - Val PR-AUC: 0.4996
[Fine-tune] Epoch 28/50 - Loss: 0.5046 - Val F1: 0.4926 - Val ROC-AUC: 0.7265 - Val PR-AUC: 0.4509
[Fine-tune] Epoch 29/50 - Loss: 0.4996 - Val F1: 0.5126 - Val ROC-AUC: 0.7407 - Val PR-AUC: 0.5120
[Fine-tune] Epoch 30/50 - Loss: 0.4882 - Val F1: 0.5251 - Val ROC-AUC: 0.7386 - Val PR-AUC: 0.4872
[Fine-tune] Epoch 31/50 - Loss: 0.4782 - Val F1: 0.4880 - Val ROC-AUC: 0.7336 - Val PR-AUC: 0.4935
[Fine-tune] Epoch 32/50 - Loss: 0.4868 - Val F1: 0.5053 - Val ROC-AUC: 0.7309 - Val PR-AUC: 0.4732
[Fine-tune] Epoch 33/50 - Loss: 0.4780 - Val F1: 0.5185 - Val ROC-AUC: 0.7350 - Val PR-AUC: 0.4674
[Fine-tune] Epoch 34/50 - Loss: 0.4900 - Val F1: 0.4904 - Val ROC-AUC: 0.7380 - Val PR-AUC: 0.4977
[Fine-tune] Epoch 35/50 - Loss: 0.4657 - Val F1: 0.5104 - Val ROC-AUC: 0.7365 - Val PR-AUC: 0.4952
[Fine-tune] Epoch 36/50 - Loss: 0.4684 - Val F1: 0.5155 - Val ROC-AUC: 0.7353 - Val PR-AUC: 0.5026
[Fine-tune] Epoch 37/50 - Loss: 0.4807 - Val F1: 0.5000 - Val ROC-AUC: 0.7276 - Val PR-AUC: 0.4760
[Fine-tune] Epoch 38/50 - Loss: 0.4683 - Val F1: 0.5146 - Val ROC-AUC: 0.7405 - Val PR-AUC: 0.4973
[Fine-tune] Epoch 39/50 - Loss: 0.4847 - Val F1: 0.5208 - Val ROC-AUC: 0.7365 - Val PR-AUC: 0.4995
[Fine-tune] Epoch 40/50 - Loss: 0.4799 - Val F1: 0.4906 - Val ROC-AUC: 0.7369 - Val PR-AUC: 0.4782
[Fine-tune] Epoch 41/50 - Loss: 0.4885 - Val F1: 0.5027 - Val ROC-AUC: 0.7303 - Val PR-AUC: 0.4459
[Fine-tune] Epoch 42/50 - Loss: 0.4681 - Val F1: 0.5126 - Val ROC-AUC: 0.7333 - Val PR-AUC: 0.4801
[Fine-tune] Epoch 43/50 - Loss: 0.4793 - Val F1: 0.5204 - Val ROC-AUC: 0.7344 - Val PR-AUC: 0.4751
[Fine-tune] Epoch 44/50 - Loss: 0.4889 - Val F1: 0.4876 - Val ROC-AUC: 0.7440 - Val PR-AUC: 0.4868
[Fine-tune] Epoch 45/50 - Loss: 0.4755 - Val F1: 0.5104 - Val ROC-AUC: 0.7397 - Val PR-AUC: 0.4871
[Fine-tune] Epoch 46/50 - Loss: 0.4685 - Val F1: 0.5126 - Val ROC-AUC: 0.7391 - Val PR-AUC: 0.4843
[Fine-tune] Epoch 47/50 - Loss: 0.4600 - Val F1: 0.5258 - Val ROC-AUC: 0.7394 - Val PR-AUC: 0.5014
[Fine-tune] Epoch 48/50 - Loss: 0.4770 - Val F1: 0.5054 - Val ROC-AUC: 0.7383 - Val PR-AUC: 0.4837
[Fine-tune] Epoch 49/50 - Loss: 0.4674 - Val F1: 0.5263 - Val ROC-AUC: 0.7347 - Val PR-AUC: 0.4877
[Fine-tune] Epoch 50/50 - Loss: 0.4636 - Val F1: 0.5073 - Val ROC-AUC: 0.7403 - Val PR-AUC: 0.4906
Finetuning completed. Test F1: 0.5275, ROC-AUC: 0.7700, PR-AUC: 0.5531
[3.1/4] Target-only training on ATG_ERE_CIS using GCN_GAT...
  * Target-only 모델 이미 존재: model_save/targetonly/gcn_gat/TargetOnly_ATG_ERE_CIS_gcn_gat.pth
  * Target-only 생략, 저장된 모델로 평가만 진행
=== Target-only TEST performance ===
Test F1: 0.5000, ROC-AUC: 0.7629, PR-AUC: 0.5333
✅ 실험 완료: TOX21_ERb_BLA_Agonist_viability -> ATG_ERE_CIS [GCN_GAT]
