[1/4] Excel → CSV 변환 중...
Saved pretrain CSV for TOX21_ERa_BLA_Antagonist_ratio: data/sample/TOX21_ERa_BLA_Antagonist_ratio.csv
Saved pretrain CSV for TOX21_ERa_LUC_VM7_Agonist: data/sample/TOX21_ERa_LUC_VM7_Agonist.csv
Saved pretrain CSV for TOX21_ERa_BLA_Antagonist_viability: data/sample/TOX21_ERa_BLA_Antagonist_viability.csv
Saved pretrain CSV for TOX21_ERa_LUC_VM7_Antagonist_0.5nM_E2: data/sample/TOX21_ERa_LUC_VM7_Antagonist_0.5nM_E2.csv
Saved pretrain CSV for TOX21_ERa_BLA_Antagonist_ch2: data/sample/TOX21_ERa_BLA_Antagonist_ch2.csv
Saved pretrain CSV for TOX21_ERa_BLA_Antagonist_ch1: data/sample/TOX21_ERa_BLA_Antagonist_ch1.csv
Saved pretrain CSV for TOX21_ERa_LUC_VM7_Antagonist_0.5nM_E2_viability: data/sample/TOX21_ERa_LUC_VM7_Antagonist_0.5nM_E2_viability.csv
Saved pretrain CSV for TOX21_ERa_BLA_Agonist_ch2: data/sample/TOX21_ERa_BLA_Agonist_ch2.csv
Saved pretrain CSV for TOX21_ERa_BLA_Agonist_ch1: data/sample/TOX21_ERa_BLA_Agonist_ch1.csv
Saved pretrain CSV for TOX21_ERa_BLA_Agonist_ratio: data/sample/TOX21_ERa_BLA_Agonist_ratio.csv
Saved pretrain CSV for TOX21_ERb_BLA_Antagonist_ch1: data/sample/TOX21_ERb_BLA_Antagonist_ch1.csv
Saved pretrain CSV for TOX21_ERb_BLA_Antagonist_ch2: data/sample/TOX21_ERb_BLA_Antagonist_ch2.csv
Saved pretrain CSV for TOX21_ERb_BLA_Agonist_viability: data/sample/TOX21_ERb_BLA_Agonist_viability.csv
Saved pretrain CSV for TOX21_ERb_BLA_Agonist_ratio: data/sample/TOX21_ERb_BLA_Agonist_ratio.csv
Saved pretrain CSV for TOX21_ERb_BLA_Agonist_ch2: data/sample/TOX21_ERb_BLA_Agonist_ch2.csv
Saved pretrain CSV for TOX21_ERb_BLA_Agonist_ch1: data/sample/TOX21_ERb_BLA_Agonist_ch1.csv
Saved pretrain CSV for TOX21_ERR_LUC_Agonist: data/sample/TOX21_ERR_LUC_Agonist.csv
Saved pretrain CSV for TOX21_ERa_LUC_VM7_Agonist_10nM_ICI182780_viability: data/sample/TOX21_ERa_LUC_VM7_Agonist_10nM_ICI182780_viability.csv
Saved pretrain CSV for TOX21_ERa_LUC_VM7_Antagonist_0.1nM_E2: data/sample/TOX21_ERa_LUC_VM7_Antagonist_0.1nM_E2.csv
Saved pretrain CSV for TOX21_ERb_BLA_Antagonist_ratio: data/sample/TOX21_ERb_BLA_Antagonist_ratio.csv
Saved pretrain CSV for TOX21_ERa_LUC_VM7_Agonist_10nM_ICI182780: data/sample/TOX21_ERa_LUC_VM7_Agonist_10nM_ICI182780.csv
Saved pretrain CSV for TOX21_ERR_LUC_viability: data/sample/TOX21_ERR_LUC_viability.csv
Saved pretrain CSV for TOX21_ERR_LUC_Antagonist: data/sample/TOX21_ERR_LUC_Antagonist.csv
Saved pretrain CSV for TOX21_ERa_LUC_VM7_Antagonist_0.1nM_E2_viability: data/sample/TOX21_ERa_LUC_VM7_Antagonist_0.1nM_E2_viability.csv
Saved pretrain CSV for TOX21_ERb_BLA_Antagonist_viability: data/sample/TOX21_ERb_BLA_Antagonist_viability.csv
Saved finetune CSV for TOX21_ERa_BLA_Antagonist_ratio: data/sample/TOX21_ERa_BLA_Antagonist_ratio.csv
Saved finetune CSV for TOX21_ERa_LUC_VM7_Agonist: data/sample/TOX21_ERa_LUC_VM7_Agonist.csv
Saved finetune CSV for TOX21_ERa_BLA_Antagonist_viability: data/sample/TOX21_ERa_BLA_Antagonist_viability.csv
Saved finetune CSV for TOX21_ERa_LUC_VM7_Antagonist_0.5nM_E2: data/sample/TOX21_ERa_LUC_VM7_Antagonist_0.5nM_E2.csv
Saved finetune CSV for TOX21_ERa_BLA_Antagonist_ch2: data/sample/TOX21_ERa_BLA_Antagonist_ch2.csv
Saved finetune CSV for TOX21_ERa_BLA_Antagonist_ch1: data/sample/TOX21_ERa_BLA_Antagonist_ch1.csv
Saved finetune CSV for TOX21_ERa_LUC_VM7_Antagonist_0.5nM_E2_viability: data/sample/TOX21_ERa_LUC_VM7_Antagonist_0.5nM_E2_viability.csv
Saved finetune CSV for TOX21_ERa_BLA_Agonist_ch2: data/sample/TOX21_ERa_BLA_Agonist_ch2.csv
Saved finetune CSV for TOX21_ERa_BLA_Agonist_ch1: data/sample/TOX21_ERa_BLA_Agonist_ch1.csv
Saved finetune CSV for TOX21_ERa_BLA_Agonist_ratio: data/sample/TOX21_ERa_BLA_Agonist_ratio.csv
Saved finetune CSV for TOX21_ERb_BLA_Antagonist_ch1: data/sample/TOX21_ERb_BLA_Antagonist_ch1.csv
Saved finetune CSV for TOX21_ERb_BLA_Antagonist_ch2: data/sample/TOX21_ERb_BLA_Antagonist_ch2.csv
Saved finetune CSV for TOX21_ERb_BLA_Agonist_viability: data/sample/TOX21_ERb_BLA_Agonist_viability.csv
Saved finetune CSV for TOX21_ERb_BLA_Agonist_ratio: data/sample/TOX21_ERb_BLA_Agonist_ratio.csv
Saved finetune CSV for TOX21_ERb_BLA_Agonist_ch2: data/sample/TOX21_ERb_BLA_Agonist_ch2.csv
Saved finetune CSV for TOX21_ERb_BLA_Agonist_ch1: data/sample/TOX21_ERb_BLA_Agonist_ch1.csv
Saved finetune CSV for TOX21_ERR_LUC_Agonist: data/sample/TOX21_ERR_LUC_Agonist.csv
Saved finetune CSV for TOX21_ERa_LUC_VM7_Agonist_10nM_ICI182780_viability: data/sample/TOX21_ERa_LUC_VM7_Agonist_10nM_ICI182780_viability.csv
Saved finetune CSV for TOX21_ERa_LUC_VM7_Antagonist_0.1nM_E2: data/sample/TOX21_ERa_LUC_VM7_Antagonist_0.1nM_E2.csv
Saved finetune CSV for TOX21_ERb_BLA_Antagonist_ratio: data/sample/TOX21_ERb_BLA_Antagonist_ratio.csv
Saved finetune CSV for TOX21_ERa_LUC_VM7_Agonist_10nM_ICI182780: data/sample/TOX21_ERa_LUC_VM7_Agonist_10nM_ICI182780.csv
Saved finetune CSV for TOX21_ERR_LUC_viability: data/sample/TOX21_ERR_LUC_viability.csv
Saved finetune CSV for TOX21_ERR_LUC_Antagonist: data/sample/TOX21_ERR_LUC_Antagonist.csv
Saved finetune CSV for TOX21_ERa_LUC_VM7_Antagonist_0.1nM_E2_viability: data/sample/TOX21_ERa_LUC_VM7_Antagonist_0.1nM_E2_viability.csv
Saved finetune CSV for TOX21_ERb_BLA_Antagonist_viability: data/sample/TOX21_ERb_BLA_Antagonist_viability.csv
[2/4] Pretraining on TOX21_ERa_BLA_Antagonist_ratio using GIN_GCN...
Epoch 1/50 - Loss: 0.6232 - Val F1: 0.3710 - Val ROC-AUC: 0.7559 - Val PR-AUC: 0.2924
Epoch 2/50 - Loss: 0.5878 - Val F1: 0.3058 - Val ROC-AUC: 0.7594 - Val PR-AUC: 0.3234
Epoch 3/50 - Loss: 0.5640 - Val F1: 0.3539 - Val ROC-AUC: 0.7511 - Val PR-AUC: 0.2814
Epoch 4/50 - Loss: 0.5551 - Val F1: 0.3719 - Val ROC-AUC: 0.7748 - Val PR-AUC: 0.3178
Epoch 5/50 - Loss: 0.5432 - Val F1: 0.3885 - Val ROC-AUC: 0.7632 - Val PR-AUC: 0.3548
Epoch 6/50 - Loss: 0.5372 - Val F1: 0.3839 - Val ROC-AUC: 0.7934 - Val PR-AUC: 0.3815
Epoch 7/50 - Loss: 0.5343 - Val F1: 0.3778 - Val ROC-AUC: 0.8051 - Val PR-AUC: 0.3768
Epoch 8/50 - Loss: 0.5146 - Val F1: 0.3937 - Val ROC-AUC: 0.8048 - Val PR-AUC: 0.3864
Epoch 9/50 - Loss: 0.5135 - Val F1: 0.4214 - Val ROC-AUC: 0.8064 - Val PR-AUC: 0.3889
Epoch 10/50 - Loss: 0.5108 - Val F1: 0.4588 - Val ROC-AUC: 0.8101 - Val PR-AUC: 0.4072
Epoch 11/50 - Loss: 0.4775 - Val F1: 0.4348 - Val ROC-AUC: 0.8182 - Val PR-AUC: 0.4130
Epoch 12/50 - Loss: 0.4600 - Val F1: 0.4013 - Val ROC-AUC: 0.7929 - Val PR-AUC: 0.4026
Epoch 13/50 - Loss: 0.4673 - Val F1: 0.4629 - Val ROC-AUC: 0.8267 - Val PR-AUC: 0.4481
Epoch 14/50 - Loss: 0.4501 - Val F1: 0.4185 - Val ROC-AUC: 0.8048 - Val PR-AUC: 0.3896
Epoch 15/50 - Loss: 0.4520 - Val F1: 0.4452 - Val ROC-AUC: 0.8148 - Val PR-AUC: 0.3920
Epoch 16/50 - Loss: 0.4468 - Val F1: 0.4620 - Val ROC-AUC: 0.8126 - Val PR-AUC: 0.3848
Epoch 17/50 - Loss: 0.4385 - Val F1: 0.4505 - Val ROC-AUC: 0.8183 - Val PR-AUC: 0.4256
Epoch 18/50 - Loss: 0.4535 - Val F1: 0.4684 - Val ROC-AUC: 0.8230 - Val PR-AUC: 0.4180
Epoch 19/50 - Loss: 0.4346 - Val F1: 0.4316 - Val ROC-AUC: 0.8186 - Val PR-AUC: 0.3961
Epoch 20/50 - Loss: 0.4272 - Val F1: 0.4507 - Val ROC-AUC: 0.8291 - Val PR-AUC: 0.4213
Epoch 21/50 - Loss: 0.4083 - Val F1: 0.4813 - Val ROC-AUC: 0.8168 - Val PR-AUC: 0.3803
Epoch 22/50 - Loss: 0.4061 - Val F1: 0.4456 - Val ROC-AUC: 0.8270 - Val PR-AUC: 0.4116
Epoch 23/50 - Loss: 0.3874 - Val F1: 0.4310 - Val ROC-AUC: 0.8066 - Val PR-AUC: 0.3917
Epoch 24/50 - Loss: 0.3926 - Val F1: 0.4471 - Val ROC-AUC: 0.8195 - Val PR-AUC: 0.4021
Epoch 25/50 - Loss: 0.3937 - Val F1: 0.4263 - Val ROC-AUC: 0.8098 - Val PR-AUC: 0.3701
Epoch 26/50 - Loss: 0.3749 - Val F1: 0.4249 - Val ROC-AUC: 0.8183 - Val PR-AUC: 0.3879
Epoch 27/50 - Loss: 0.3790 - Val F1: 0.4437 - Val ROC-AUC: 0.8136 - Val PR-AUC: 0.4170
Epoch 28/50 - Loss: 0.3778 - Val F1: 0.4302 - Val ROC-AUC: 0.8192 - Val PR-AUC: 0.3892
Epoch 29/50 - Loss: 0.3829 - Val F1: 0.4235 - Val ROC-AUC: 0.8199 - Val PR-AUC: 0.4002
Epoch 30/50 - Loss: 0.3691 - Val F1: 0.4593 - Val ROC-AUC: 0.8299 - Val PR-AUC: 0.4293
Epoch 31/50 - Loss: 0.3576 - Val F1: 0.4411 - Val ROC-AUC: 0.8197 - Val PR-AUC: 0.3908
Epoch 32/50 - Loss: 0.3609 - Val F1: 0.4373 - Val ROC-AUC: 0.8263 - Val PR-AUC: 0.4073
Epoch 33/50 - Loss: 0.3437 - Val F1: 0.4451 - Val ROC-AUC: 0.8231 - Val PR-AUC: 0.4034
Epoch 34/50 - Loss: 0.3383 - Val F1: 0.4457 - Val ROC-AUC: 0.8215 - Val PR-AUC: 0.3898
Epoch 35/50 - Loss: 0.3496 - Val F1: 0.4335 - Val ROC-AUC: 0.8130 - Val PR-AUC: 0.3536
Epoch 36/50 - Loss: 0.3361 - Val F1: 0.4522 - Val ROC-AUC: 0.8117 - Val PR-AUC: 0.3665
Epoch 37/50 - Loss: 0.3355 - Val F1: 0.4332 - Val ROC-AUC: 0.8197 - Val PR-AUC: 0.3775
Epoch 38/50 - Loss: 0.3296 - Val F1: 0.4315 - Val ROC-AUC: 0.8138 - Val PR-AUC: 0.3618
Epoch 39/50 - Loss: 0.3263 - Val F1: 0.4528 - Val ROC-AUC: 0.8160 - Val PR-AUC: 0.3647
Epoch 40/50 - Loss: 0.3340 - Val F1: 0.4422 - Val ROC-AUC: 0.8101 - Val PR-AUC: 0.3593
Epoch 41/50 - Loss: 0.3325 - Val F1: 0.4485 - Val ROC-AUC: 0.8184 - Val PR-AUC: 0.3822
Epoch 42/50 - Loss: 0.3076 - Val F1: 0.4239 - Val ROC-AUC: 0.8135 - Val PR-AUC: 0.3683
Epoch 43/50 - Loss: 0.3085 - Val F1: 0.4387 - Val ROC-AUC: 0.8147 - Val PR-AUC: 0.3744
Epoch 44/50 - Loss: 0.3050 - Val F1: 0.4512 - Val ROC-AUC: 0.8160 - Val PR-AUC: 0.3793
Epoch 45/50 - Loss: 0.3013 - Val F1: 0.4390 - Val ROC-AUC: 0.8176 - Val PR-AUC: 0.3777
Epoch 46/50 - Loss: 0.3143 - Val F1: 0.4409 - Val ROC-AUC: 0.8119 - Val PR-AUC: 0.3753
Epoch 47/50 - Loss: 0.2973 - Val F1: 0.4319 - Val ROC-AUC: 0.8110 - Val PR-AUC: 0.3753
Epoch 48/50 - Loss: 0.2981 - Val F1: 0.4356 - Val ROC-AUC: 0.8112 - Val PR-AUC: 0.3696
Epoch 49/50 - Loss: 0.3041 - Val F1: 0.4422 - Val ROC-AUC: 0.8135 - Val PR-AUC: 0.3758
Epoch 50/50 - Loss: 0.3087 - Val F1: 0.4281 - Val ROC-AUC: 0.8123 - Val PR-AUC: 0.3760
Pretraining completed. Test F1: 0.4159, ROC-AUC: 0.7969, PR-AUC: 0.3342
[3/4] Finetuning on TOX21_ERa_LUC_VM7_Antagonist_0.5nM_E2 using GIN_GCN...
[Fine-tune] Epoch 1/50 - Loss: 0.5078 - Val F1: 0.3178 - Val ROC-AUC: 0.7888 - Val PR-AUC: 0.3140
[Fine-tune] Epoch 2/50 - Loss: 0.4774 - Val F1: 0.3318 - Val ROC-AUC: 0.8154 - Val PR-AUC: 0.2843
[Fine-tune] Epoch 3/50 - Loss: 0.4456 - Val F1: 0.3889 - Val ROC-AUC: 0.8142 - Val PR-AUC: 0.3235
[Fine-tune] Epoch 4/50 - Loss: 0.4287 - Val F1: 0.3881 - Val ROC-AUC: 0.8052 - Val PR-AUC: 0.2879
[Fine-tune] Epoch 5/50 - Loss: 0.4220 - Val F1: 0.3938 - Val ROC-AUC: 0.8270 - Val PR-AUC: 0.3295
[Fine-tune] Epoch 6/50 - Loss: 0.4312 - Val F1: 0.3984 - Val ROC-AUC: 0.8150 - Val PR-AUC: 0.3140
[Fine-tune] Epoch 7/50 - Loss: 0.4175 - Val F1: 0.3869 - Val ROC-AUC: 0.8156 - Val PR-AUC: 0.3151
[Fine-tune] Epoch 8/50 - Loss: 0.3845 - Val F1: 0.3713 - Val ROC-AUC: 0.8055 - Val PR-AUC: 0.2962
[Fine-tune] Epoch 9/50 - Loss: 0.3976 - Val F1: 0.3594 - Val ROC-AUC: 0.8267 - Val PR-AUC: 0.3457
[Fine-tune] Epoch 10/50 - Loss: 0.3892 - Val F1: 0.3602 - Val ROC-AUC: 0.8201 - Val PR-AUC: 0.3384
[Fine-tune] Epoch 11/50 - Loss: 0.3554 - Val F1: 0.3931 - Val ROC-AUC: 0.8306 - Val PR-AUC: 0.3482
[Fine-tune] Epoch 12/50 - Loss: 0.3386 - Val F1: 0.4262 - Val ROC-AUC: 0.8287 - Val PR-AUC: 0.3615
[Fine-tune] Epoch 13/50 - Loss: 0.3408 - Val F1: 0.3971 - Val ROC-AUC: 0.8224 - Val PR-AUC: 0.3328
[Fine-tune] Epoch 14/50 - Loss: 0.3257 - Val F1: 0.4054 - Val ROC-AUC: 0.8265 - Val PR-AUC: 0.3478
[Fine-tune] Epoch 15/50 - Loss: 0.3139 - Val F1: 0.3944 - Val ROC-AUC: 0.8266 - Val PR-AUC: 0.3479
[Fine-tune] Epoch 16/50 - Loss: 0.3030 - Val F1: 0.3986 - Val ROC-AUC: 0.8186 - Val PR-AUC: 0.3104
[Fine-tune] Epoch 17/50 - Loss: 0.3068 - Val F1: 0.3972 - Val ROC-AUC: 0.8189 - Val PR-AUC: 0.3311
[Fine-tune] Epoch 18/50 - Loss: 0.2949 - Val F1: 0.3774 - Val ROC-AUC: 0.8176 - Val PR-AUC: 0.3201
[Fine-tune] Epoch 19/50 - Loss: 0.2890 - Val F1: 0.4051 - Val ROC-AUC: 0.8075 - Val PR-AUC: 0.3441
[Fine-tune] Epoch 20/50 - Loss: 0.2836 - Val F1: 0.4173 - Val ROC-AUC: 0.8254 - Val PR-AUC: 0.3489
[Fine-tune] Epoch 21/50 - Loss: 0.2640 - Val F1: 0.4051 - Val ROC-AUC: 0.8219 - Val PR-AUC: 0.3330
[Fine-tune] Epoch 22/50 - Loss: 0.2492 - Val F1: 0.3801 - Val ROC-AUC: 0.8239 - Val PR-AUC: 0.3428
[Fine-tune] Epoch 23/50 - Loss: 0.2413 - Val F1: 0.3984 - Val ROC-AUC: 0.8187 - Val PR-AUC: 0.3277
[Fine-tune] Epoch 24/50 - Loss: 0.2499 - Val F1: 0.3926 - Val ROC-AUC: 0.8192 - Val PR-AUC: 0.3361
[Fine-tune] Epoch 25/50 - Loss: 0.2323 - Val F1: 0.4153 - Val ROC-AUC: 0.8256 - Val PR-AUC: 0.3425
[Fine-tune] Epoch 26/50 - Loss: 0.2343 - Val F1: 0.3828 - Val ROC-AUC: 0.8128 - Val PR-AUC: 0.3493
[Fine-tune] Epoch 27/50 - Loss: 0.2340 - Val F1: 0.3925 - Val ROC-AUC: 0.8252 - Val PR-AUC: 0.3432
[Fine-tune] Epoch 28/50 - Loss: 0.2274 - Val F1: 0.3902 - Val ROC-AUC: 0.8171 - Val PR-AUC: 0.3329
[Fine-tune] Epoch 29/50 - Loss: 0.2315 - Val F1: 0.3864 - Val ROC-AUC: 0.8214 - Val PR-AUC: 0.3173
[Fine-tune] Epoch 30/50 - Loss: 0.2169 - Val F1: 0.3740 - Val ROC-AUC: 0.8278 - Val PR-AUC: 0.3351
[Fine-tune] Epoch 31/50 - Loss: 0.2066 - Val F1: 0.4105 - Val ROC-AUC: 0.8274 - Val PR-AUC: 0.3483
[Fine-tune] Epoch 32/50 - Loss: 0.1988 - Val F1: 0.4146 - Val ROC-AUC: 0.8293 - Val PR-AUC: 0.3410
[Fine-tune] Epoch 33/50 - Loss: 0.1988 - Val F1: 0.3891 - Val ROC-AUC: 0.8261 - Val PR-AUC: 0.3379
[Fine-tune] Epoch 34/50 - Loss: 0.1947 - Val F1: 0.3911 - Val ROC-AUC: 0.8182 - Val PR-AUC: 0.3390
[Fine-tune] Epoch 35/50 - Loss: 0.1798 - Val F1: 0.3682 - Val ROC-AUC: 0.8074 - Val PR-AUC: 0.3286
[Fine-tune] Epoch 36/50 - Loss: 0.2001 - Val F1: 0.3863 - Val ROC-AUC: 0.8199 - Val PR-AUC: 0.3269
[Fine-tune] Epoch 37/50 - Loss: 0.1841 - Val F1: 0.4000 - Val ROC-AUC: 0.8120 - Val PR-AUC: 0.3170
[Fine-tune] Epoch 38/50 - Loss: 0.1717 - Val F1: 0.3983 - Val ROC-AUC: 0.8178 - Val PR-AUC: 0.3282
[Fine-tune] Epoch 39/50 - Loss: 0.1715 - Val F1: 0.3761 - Val ROC-AUC: 0.8167 - Val PR-AUC: 0.3306
[Fine-tune] Epoch 40/50 - Loss: 0.1819 - Val F1: 0.4089 - Val ROC-AUC: 0.8139 - Val PR-AUC: 0.3140
[Fine-tune] Epoch 41/50 - Loss: 0.1689 - Val F1: 0.3909 - Val ROC-AUC: 0.8129 - Val PR-AUC: 0.3191
[Fine-tune] Epoch 42/50 - Loss: 0.1665 - Val F1: 0.3983 - Val ROC-AUC: 0.8220 - Val PR-AUC: 0.3324
[Fine-tune] Epoch 43/50 - Loss: 0.1622 - Val F1: 0.4072 - Val ROC-AUC: 0.8166 - Val PR-AUC: 0.3316
[Fine-tune] Epoch 44/50 - Loss: 0.1651 - Val F1: 0.3857 - Val ROC-AUC: 0.8122 - Val PR-AUC: 0.3194
[Fine-tune] Epoch 45/50 - Loss: 0.1584 - Val F1: 0.4019 - Val ROC-AUC: 0.8133 - Val PR-AUC: 0.3183
[Fine-tune] Epoch 46/50 - Loss: 0.1633 - Val F1: 0.3929 - Val ROC-AUC: 0.8139 - Val PR-AUC: 0.3257
[Fine-tune] Epoch 47/50 - Loss: 0.1568 - Val F1: 0.3929 - Val ROC-AUC: 0.8219 - Val PR-AUC: 0.3421
[Fine-tune] Epoch 48/50 - Loss: 0.1516 - Val F1: 0.3948 - Val ROC-AUC: 0.8143 - Val PR-AUC: 0.3155
[Fine-tune] Epoch 49/50 - Loss: 0.1715 - Val F1: 0.4087 - Val ROC-AUC: 0.8161 - Val PR-AUC: 0.3318
[Fine-tune] Epoch 50/50 - Loss: 0.1689 - Val F1: 0.3687 - Val ROC-AUC: 0.8207 - Val PR-AUC: 0.3310
Finetuning completed. Test F1: 0.3917, ROC-AUC: 0.8172, PR-AUC: 0.3105
[3.1/4] Target-only training on TOX21_ERa_LUC_VM7_Antagonist_0.5nM_E2 using GIN_GCN...
=== Target-only training ===
[Target-only] Epoch 1/50 – Loss: 0.6146  Val F1: 0.3104  ROC-AUC: 0.7608  PR-AUC: 0.2133
[Target-only] Epoch 2/50 – Loss: 0.5542  Val F1: 0.3313  ROC-AUC: 0.7725  PR-AUC: 0.2578
[Target-only] Epoch 3/50 – Loss: 0.5315  Val F1: 0.3242  ROC-AUC: 0.7685  PR-AUC: 0.2434
[Target-only] Epoch 4/50 – Loss: 0.5121  Val F1: 0.2910  ROC-AUC: 0.7518  PR-AUC: 0.2565
[Target-only] Epoch 5/50 – Loss: 0.5116  Val F1: 0.3068  ROC-AUC: 0.7721  PR-AUC: 0.2488
[Target-only] Epoch 6/50 – Loss: 0.4836  Val F1: 0.3484  ROC-AUC: 0.7883  PR-AUC: 0.3314
[Target-only] Epoch 7/50 – Loss: 0.4818  Val F1: 0.3288  ROC-AUC: 0.7745  PR-AUC: 0.3222
[Target-only] Epoch 8/50 – Loss: 0.4767  Val F1: 0.3174  ROC-AUC: 0.7792  PR-AUC: 0.2942
[Target-only] Epoch 9/50 – Loss: 0.4665  Val F1: 0.3385  ROC-AUC: 0.7787  PR-AUC: 0.3018
[Target-only] Epoch 10/50 – Loss: 0.4499  Val F1: 0.3102  ROC-AUC: 0.7954  PR-AUC: 0.3033
[Target-only] Epoch 11/50 – Loss: 0.4277  Val F1: 0.3522  ROC-AUC: 0.7989  PR-AUC: 0.3118
[Target-only] Epoch 12/50 – Loss: 0.4205  Val F1: 0.3612  ROC-AUC: 0.7939  PR-AUC: 0.3127
[Target-only] Epoch 13/50 – Loss: 0.4183  Val F1: 0.3800  ROC-AUC: 0.8018  PR-AUC: 0.3208
[Target-only] Epoch 14/50 – Loss: 0.3954  Val F1: 0.3583  ROC-AUC: 0.7943  PR-AUC: 0.3180
[Target-only] Epoch 15/50 – Loss: 0.4092  Val F1: 0.3863  ROC-AUC: 0.7970  PR-AUC: 0.3253
[Target-only] Epoch 16/50 – Loss: 0.3849  Val F1: 0.3701  ROC-AUC: 0.7985  PR-AUC: 0.3177
[Target-only] Epoch 17/50 – Loss: 0.3801  Val F1: 0.3732  ROC-AUC: 0.7959  PR-AUC: 0.3077
[Target-only] Epoch 18/50 – Loss: 0.3723  Val F1: 0.3536  ROC-AUC: 0.7911  PR-AUC: 0.3186
[Target-only] Epoch 19/50 – Loss: 0.3742  Val F1: 0.3630  ROC-AUC: 0.7886  PR-AUC: 0.2999
[Target-only] Epoch 20/50 – Loss: 0.3785  Val F1: 0.3684  ROC-AUC: 0.8014  PR-AUC: 0.3147
[Target-only] Epoch 21/50 – Loss: 0.3282  Val F1: 0.3699  ROC-AUC: 0.7903  PR-AUC: 0.3178
[Target-only] Epoch 22/50 – Loss: 0.3508  Val F1: 0.3630  ROC-AUC: 0.7869  PR-AUC: 0.2959
[Target-only] Epoch 23/50 – Loss: 0.3200  Val F1: 0.3806  ROC-AUC: 0.8013  PR-AUC: 0.3470
[Target-only] Epoch 24/50 – Loss: 0.3284  Val F1: 0.3779  ROC-AUC: 0.8059  PR-AUC: 0.3242
[Target-only] Epoch 25/50 – Loss: 0.3118  Val F1: 0.3883  ROC-AUC: 0.7896  PR-AUC: 0.2985
[Target-only] Epoch 26/50 – Loss: 0.3173  Val F1: 0.3778  ROC-AUC: 0.7952  PR-AUC: 0.3243
[Target-only] Epoch 27/50 – Loss: 0.3108  Val F1: 0.4000  ROC-AUC: 0.7931  PR-AUC: 0.3252
[Target-only] Epoch 28/50 – Loss: 0.2984  Val F1: 0.3784  ROC-AUC: 0.7979  PR-AUC: 0.3285
[Target-only] Epoch 29/50 – Loss: 0.2968  Val F1: 0.3569  ROC-AUC: 0.7880  PR-AUC: 0.3177
[Target-only] Epoch 30/50 – Loss: 0.2953  Val F1: 0.3942  ROC-AUC: 0.7881  PR-AUC: 0.3155
[Target-only] Epoch 31/50 – Loss: 0.2682  Val F1: 0.3985  ROC-AUC: 0.7966  PR-AUC: 0.3379
[Target-only] Epoch 32/50 – Loss: 0.2596  Val F1: 0.3929  ROC-AUC: 0.7857  PR-AUC: 0.3359
[Target-only] Epoch 33/50 – Loss: 0.2609  Val F1: 0.4015  ROC-AUC: 0.8002  PR-AUC: 0.3454
[Target-only] Epoch 34/50 – Loss: 0.2604  Val F1: 0.3885  ROC-AUC: 0.7953  PR-AUC: 0.3333
[Target-only] Epoch 35/50 – Loss: 0.2552  Val F1: 0.4104  ROC-AUC: 0.7997  PR-AUC: 0.3413
[Target-only] Epoch 36/50 – Loss: 0.2468  Val F1: 0.3802  ROC-AUC: 0.8005  PR-AUC: 0.3468
[Target-only] Epoch 37/50 – Loss: 0.2616  Val F1: 0.3891  ROC-AUC: 0.7925  PR-AUC: 0.3216
[Target-only] Epoch 38/50 – Loss: 0.2584  Val F1: 0.4173  ROC-AUC: 0.7983  PR-AUC: 0.3313
[Target-only] Epoch 39/50 – Loss: 0.2366  Val F1: 0.3782  ROC-AUC: 0.8012  PR-AUC: 0.3413
[Target-only] Epoch 40/50 – Loss: 0.2538  Val F1: 0.3770  ROC-AUC: 0.7952  PR-AUC: 0.3246
[Target-only] Epoch 41/50 – Loss: 0.2343  Val F1: 0.4111  ROC-AUC: 0.7974  PR-AUC: 0.3253
[Target-only] Epoch 42/50 – Loss: 0.2442  Val F1: 0.3858  ROC-AUC: 0.7971  PR-AUC: 0.3231
[Target-only] Epoch 43/50 – Loss: 0.2339  Val F1: 0.3915  ROC-AUC: 0.7950  PR-AUC: 0.3362
[Target-only] Epoch 44/50 – Loss: 0.2374  Val F1: 0.4016  ROC-AUC: 0.8003  PR-AUC: 0.3426
[Target-only] Epoch 45/50 – Loss: 0.2310  Val F1: 0.3715  ROC-AUC: 0.8001  PR-AUC: 0.3240
[Target-only] Epoch 46/50 – Loss: 0.2296  Val F1: 0.3984  ROC-AUC: 0.8004  PR-AUC: 0.3304
[Target-only] Epoch 47/50 – Loss: 0.2154  Val F1: 0.3936  ROC-AUC: 0.7995  PR-AUC: 0.3222
[Target-only] Epoch 48/50 – Loss: 0.2242  Val F1: 0.4223  ROC-AUC: 0.8056  PR-AUC: 0.3377
[Target-only] Epoch 49/50 – Loss: 0.2195  Val F1: 0.4065  ROC-AUC: 0.8077  PR-AUC: 0.3355
[Target-only] Epoch 50/50 – Loss: 0.2157  Val F1: 0.4370  ROC-AUC: 0.8035  PR-AUC: 0.3338
=== Target-only TEST performance ===
Test F1: 0.3983, ROC-AUC: 0.7839, PR-AUC: 0.3303
✅ 실험 완료: TOX21_ERa_BLA_Antagonist_ratio -> TOX21_ERa_LUC_VM7_Antagonist_0.5nM_E2 [GIN_GCN]
