[17:55:54] Can't kekulize mol.  Unkekulized atoms: 1 2 3 4 5
[17:55:54] Explicit valence for atom # 0 Cl, 2, is greater than permitted
[17:55:55] Can't kekulize mol.  Unkekulized atoms: 3 4 5 6 7
[17:55:56] Can't kekulize mol.  Unkekulized atoms: 3 4 5 6 7
[17:55:56] WARNING: not removing hydrogen atom without neighbors
[17:55:58] Explicit valence for atom # 3 Si, 8, is greater than permitted
[17:55:58] Can't kekulize mol.  Unkekulized atoms: 1 2 3 4 5
[17:55:58] Can't kekulize mol.  Unkekulized atoms: 3 4 5 6 7
[17:55:59] Can't kekulize mol.  Unkekulized atoms: 1 2 3 4 5
[17:55:59] WARNING: not removing hydrogen atom without neighbors
[17:55:59] Can't kekulize mol.  Unkekulized atoms: 1 2 3 4 5
[17:55:59] Explicit valence for atom # 6 O, 3, is greater than permitted
[17:55:59] Explicit valence for atom # 3 Si, 8, is greater than permitted
[17:56:00] Explicit valence for atom # 0 Cl, 2, is greater than permitted
[17:56:25] Can't kekulize mol.  Unkekulized atoms: 1 2 3 4 5
[17:56:25] Explicit valence for atom # 0 Cl, 2, is greater than permitted
[17:56:26] Can't kekulize mol.  Unkekulized atoms: 3 4 5 6 7
[17:56:26] Can't kekulize mol.  Unkekulized atoms: 3 4 5 6 7
[17:56:28] Can't kekulize mol.  Unkekulized atoms: 1 2 3 4 5
[17:56:28] Can't kekulize mol.  Unkekulized atoms: 3 4 5 6 7
[17:56:29] Can't kekulize mol.  Unkekulized atoms: 1 2 3 4 5
[17:56:29] WARNING: not removing hydrogen atom without neighbors
[17:56:29] Can't kekulize mol.  Unkekulized atoms: 1 2 3 4 5
[17:56:30] Explicit valence for atom # 6 O, 3, is greater than permitted
[17:56:30] Explicit valence for atom # 3 Si, 8, is greater than permitted
[17:56:30] Explicit valence for atom # 0 Cl, 2, is greater than permitted
[17:56:51] Can't kekulize mol.  Unkekulized atoms: 1 2 3 4 5
[17:56:51] Explicit valence for atom # 0 Cl, 2, is greater than permitted
[17:56:52] Can't kekulize mol.  Unkekulized atoms: 3 4 5 6 7
[17:56:53] Can't kekulize mol.  Unkekulized atoms: 3 4 5 6 7
[17:56:55] Can't kekulize mol.  Unkekulized atoms: 1 2 3 4 5
[17:56:55] Can't kekulize mol.  Unkekulized atoms: 3 4 5 6 7
[17:56:55] Can't kekulize mol.  Unkekulized atoms: 1 2 3 4 5
[17:56:55] WARNING: not removing hydrogen atom without neighbors
[17:56:56] Can't kekulize mol.  Unkekulized atoms: 1 2 3 4 5
[17:56:56] Explicit valence for atom # 6 O, 3, is greater than permitted
[17:56:56] Explicit valence for atom # 3 Si, 8, is greater than permitted
[17:56:56] Explicit valence for atom # 0 Cl, 2, is greater than permitted
[17:57:15] Can't kekulize mol.  Unkekulized atoms: 1 2 3 4 5
[17:57:16] Explicit valence for atom # 0 Cl, 2, is greater than permitted
[17:57:17] Can't kekulize mol.  Unkekulized atoms: 3 4 5 6 7
[17:57:17] Can't kekulize mol.  Unkekulized atoms: 3 4 5 6 7
[17:57:19] Can't kekulize mol.  Unkekulized atoms: 1 2 3 4 5
[17:57:19] Can't kekulize mol.  Unkekulized atoms: 3 4 5 6 7
[17:57:20] Can't kekulize mol.  Unkekulized atoms: 1 2 3 4 5
[17:57:20] WARNING: not removing hydrogen atom without neighbors
[17:57:20] Can't kekulize mol.  Unkekulized atoms: 1 2 3 4 5
[17:57:20] Explicit valence for atom # 6 O, 3, is greater than permitted
[17:57:20] Explicit valence for atom # 3 Si, 8, is greater than permitted
[17:57:21] Explicit valence for atom # 0 Cl, 2, is greater than permitted
[17:57:21] Can't kekulize mol.  Unkekulized atoms: 1 2 3 4 5
[17:57:21] Explicit valence for atom # 0 Cl, 2, is greater than permitted
[17:57:22] Can't kekulize mol.  Unkekulized atoms: 3 4 5 6 7
[17:57:23] Can't kekulize mol.  Unkekulized atoms: 3 4 5 6 7
[17:57:25] Can't kekulize mol.  Unkekulized atoms: 1 2 3 4 5
[17:57:25] Can't kekulize mol.  Unkekulized atoms: 3 4 5 6 7
[17:57:25] Can't kekulize mol.  Unkekulized atoms: 1 2 3 4 5
[17:57:25] WARNING: not removing hydrogen atom without neighbors
[17:57:26] Can't kekulize mol.  Unkekulized atoms: 1 2 3 4 5
[17:57:26] Explicit valence for atom # 6 O, 3, is greater than permitted
[17:57:26] Explicit valence for atom # 3 Si, 8, is greater than permitted
[17:57:26] Explicit valence for atom # 0 Cl, 2, is greater than permitted
Traceback (most recent call last):
  File "<stdin>", line 45, in <module>
  File "/gpfs/home1/won0316/_Capstone/1_Git/Capstone_uos/unit_model/eval/visualize.py", line 37, in visualize_embeddings
    plt.scatter(embeddings_2d[labels==0, 0], embeddings_2d[labels==0, 1], c='tab:blue', label='Class 0', alpha=0.7)
                                             ~~~~~~~~~~~~~^^^^^^^^^^^^^^
IndexError: index 1 is out of bounds for axis 1 with size 1
