[13:34:10] Can't kekulize mol.  Unkekulized atoms: 1 2 3 4 5
[13:34:11] Explicit valence for atom # 0 Cl, 2, is greater than permitted
[13:34:11] Can't kekulize mol.  Unkekulized atoms: 3 4 5 6 7
[13:34:12] Can't kekulize mol.  Unkekulized atoms: 3 4 5 6 7
[13:34:13] WARNING: not removing hydrogen atom without neighbors
[13:34:14] Explicit valence for atom # 3 Si, 8, is greater than permitted
[13:34:15] Can't kekulize mol.  Unkekulized atoms: 1 2 3 4 5
[13:34:15] Can't kekulize mol.  Unkekulized atoms: 3 4 5 6 7
[13:34:15] Can't kekulize mol.  Unkekulized atoms: 1 2 3 4 5
[13:34:15] WARNING: not removing hydrogen atom without neighbors
[13:34:16] Can't kekulize mol.  Unkekulized atoms: 1 2 3 4 5
[13:34:16] Explicit valence for atom # 6 O, 3, is greater than permitted
[13:34:16] Explicit valence for atom # 3 Si, 8, is greater than permitted
[13:34:16] Explicit valence for atom # 0 Cl, 2, is greater than permitted
[13:35:40] Can't kekulize mol.  Unkekulized atoms: 1 2 3 4 5
[13:35:40] Explicit valence for atom # 0 Cl, 2, is greater than permitted
[13:35:41] Can't kekulize mol.  Unkekulized atoms: 3 4 5 6 7
[13:35:42] Can't kekulize mol.  Unkekulized atoms: 3 4 5 6 7
[13:35:42] WARNING: not removing hydrogen atom without neighbors
[13:35:44] Explicit valence for atom # 3 Si, 8, is greater than permitted
[13:35:44] Can't kekulize mol.  Unkekulized atoms: 1 2 3 4 5
[13:35:44] Can't kekulize mol.  Unkekulized atoms: 3 4 5 6 7
[13:35:45] Can't kekulize mol.  Unkekulized atoms: 1 2 3 4 5
[13:35:45] WARNING: not removing hydrogen atom without neighbors
[13:35:45] Can't kekulize mol.  Unkekulized atoms: 1 2 3 4 5
[13:35:45] Explicit valence for atom # 6 O, 3, is greater than permitted
[13:35:46] Explicit valence for atom # 3 Si, 8, is greater than permitted
[13:35:46] Explicit valence for atom # 0 Cl, 2, is greater than permitted
[13:37:04] Can't kekulize mol.  Unkekulized atoms: 1 2 3 4 5
[13:37:05] Explicit valence for atom # 0 Cl, 2, is greater than permitted
[13:37:06] Can't kekulize mol.  Unkekulized atoms: 3 4 5 6 7
[13:37:06] Can't kekulize mol.  Unkekulized atoms: 3 4 5 6 7
[13:37:07] WARNING: not removing hydrogen atom without neighbors
[13:37:09] Explicit valence for atom # 3 Si, 8, is greater than permitted
[13:37:09] Can't kekulize mol.  Unkekulized atoms: 1 2 3 4 5
[13:37:09] Can't kekulize mol.  Unkekulized atoms: 3 4 5 6 7
[13:37:10] Can't kekulize mol.  Unkekulized atoms: 1 2 3 4 5
[13:37:10] WARNING: not removing hydrogen atom without neighbors
[13:37:10] Can't kekulize mol.  Unkekulized atoms: 1 2 3 4 5
[13:37:10] Explicit valence for atom # 6 O, 3, is greater than permitted
[13:37:10] Explicit valence for atom # 3 Si, 8, is greater than permitted
[13:37:11] Explicit valence for atom # 0 Cl, 2, is greater than permitted
[13:38:32] Can't kekulize mol.  Unkekulized atoms: 1 2 3 4 5
[13:38:32] Explicit valence for atom # 0 Cl, 2, is greater than permitted
[13:38:33] Can't kekulize mol.  Unkekulized atoms: 3 4 5 6 7
[13:38:33] Can't kekulize mol.  Unkekulized atoms: 3 4 5 6 7
[13:38:34] WARNING: not removing hydrogen atom without neighbors
[13:38:36] Explicit valence for atom # 3 Si, 8, is greater than permitted
[13:38:36] Can't kekulize mol.  Unkekulized atoms: 1 2 3 4 5
[13:38:36] Can't kekulize mol.  Unkekulized atoms: 3 4 5 6 7
[13:38:37] Can't kekulize mol.  Unkekulized atoms: 1 2 3 4 5
[13:38:37] WARNING: not removing hydrogen atom without neighbors
[13:38:37] Can't kekulize mol.  Unkekulized atoms: 1 2 3 4 5
[13:38:38] Explicit valence for atom # 6 O, 3, is greater than permitted
[13:38:38] Explicit valence for atom # 3 Si, 8, is greater than permitted
[13:38:38] Explicit valence for atom # 0 Cl, 2, is greater than permitted
[13:38:38] Can't kekulize mol.  Unkekulized atoms: 1 2 3 4 5
[13:38:39] Explicit valence for atom # 0 Cl, 2, is greater than permitted
[13:38:40] Can't kekulize mol.  Unkekulized atoms: 3 4 5 6 7
[13:38:40] Can't kekulize mol.  Unkekulized atoms: 3 4 5 6 7
[13:38:41] WARNING: not removing hydrogen atom without neighbors
[13:38:43] Explicit valence for atom # 3 Si, 8, is greater than permitted
[13:38:43] Can't kekulize mol.  Unkekulized atoms: 1 2 3 4 5
[13:38:43] Can't kekulize mol.  Unkekulized atoms: 3 4 5 6 7
[13:38:43] Can't kekulize mol.  Unkekulized atoms: 1 2 3 4 5
[13:38:44] WARNING: not removing hydrogen atom without neighbors
[13:38:44] Can't kekulize mol.  Unkekulized atoms: 1 2 3 4 5
[13:38:44] Explicit valence for atom # 6 O, 3, is greater than permitted
[13:38:44] Explicit valence for atom # 3 Si, 8, is greater than permitted
[13:38:45] Explicit valence for atom # 0 Cl, 2, is greater than permitted
