[13:37:47] Can't kekulize mol.  Unkekulized atoms: 1 2 3 4 5
[13:37:47] Explicit valence for atom # 0 Cl, 2, is greater than permitted
[13:37:48] Can't kekulize mol.  Unkekulized atoms: 3 4 5 6 7
[13:37:49] Can't kekulize mol.  Unkekulized atoms: 3 4 5 6 7
[13:37:49] WARNING: not removing hydrogen atom without neighbors
[13:37:51] Explicit valence for atom # 3 Si, 8, is greater than permitted
[13:37:51] Can't kekulize mol.  Unkekulized atoms: 1 2 3 4 5
[13:37:51] Can't kekulize mol.  Unkekulized atoms: 3 4 5 6 7
[13:37:52] Can't kekulize mol.  Unkekulized atoms: 1 2 3 4 5
[13:37:52] WARNING: not removing hydrogen atom without neighbors
[13:37:53] Can't kekulize mol.  Unkekulized atoms: 1 2 3 4 5
[13:37:53] Explicit valence for atom # 6 O, 3, is greater than permitted
[13:37:53] Explicit valence for atom # 3 Si, 8, is greater than permitted
[13:37:53] Explicit valence for atom # 0 Cl, 2, is greater than permitted
[13:39:16] Can't kekulize mol.  Unkekulized atoms: 1 2 3 4 5
[13:39:16] Explicit valence for atom # 0 Cl, 2, is greater than permitted
[13:39:17] Can't kekulize mol.  Unkekulized atoms: 3 4 5 6 7
[13:39:18] Can't kekulize mol.  Unkekulized atoms: 3 4 5 6 7
[13:39:20] Can't kekulize mol.  Unkekulized atoms: 1 2 3 4 5
[13:39:20] Can't kekulize mol.  Unkekulized atoms: 3 4 5 6 7
[13:39:21] Can't kekulize mol.  Unkekulized atoms: 1 2 3 4 5
[13:39:21] WARNING: not removing hydrogen atom without neighbors
[13:39:21] Can't kekulize mol.  Unkekulized atoms: 1 2 3 4 5
[13:39:21] Explicit valence for atom # 6 O, 3, is greater than permitted
[13:39:21] Explicit valence for atom # 3 Si, 8, is greater than permitted
[13:39:21] Explicit valence for atom # 0 Cl, 2, is greater than permitted
[13:40:37] Can't kekulize mol.  Unkekulized atoms: 1 2 3 4 5
[13:40:37] Explicit valence for atom # 0 Cl, 2, is greater than permitted
[13:40:38] Can't kekulize mol.  Unkekulized atoms: 3 4 5 6 7
[13:40:39] Can't kekulize mol.  Unkekulized atoms: 3 4 5 6 7
[13:40:41] Can't kekulize mol.  Unkekulized atoms: 1 2 3 4 5
[13:40:41] Can't kekulize mol.  Unkekulized atoms: 3 4 5 6 7
[13:40:42] Can't kekulize mol.  Unkekulized atoms: 1 2 3 4 5
[13:40:42] WARNING: not removing hydrogen atom without neighbors
[13:40:42] Can't kekulize mol.  Unkekulized atoms: 1 2 3 4 5
[13:40:42] Explicit valence for atom # 6 O, 3, is greater than permitted
[13:40:42] Explicit valence for atom # 3 Si, 8, is greater than permitted
[13:40:42] Explicit valence for atom # 0 Cl, 2, is greater than permitted
[13:42:00] Can't kekulize mol.  Unkekulized atoms: 1 2 3 4 5
[13:42:00] Explicit valence for atom # 0 Cl, 2, is greater than permitted
[13:42:01] Can't kekulize mol.  Unkekulized atoms: 3 4 5 6 7
[13:42:01] Can't kekulize mol.  Unkekulized atoms: 3 4 5 6 7
[13:42:04] Can't kekulize mol.  Unkekulized atoms: 1 2 3 4 5
[13:42:04] Can't kekulize mol.  Unkekulized atoms: 3 4 5 6 7
[13:42:04] Can't kekulize mol.  Unkekulized atoms: 1 2 3 4 5
[13:42:04] WARNING: not removing hydrogen atom without neighbors
[13:42:05] Can't kekulize mol.  Unkekulized atoms: 1 2 3 4 5
[13:42:05] Explicit valence for atom # 6 O, 3, is greater than permitted
[13:42:05] Explicit valence for atom # 3 Si, 8, is greater than permitted
[13:42:05] Explicit valence for atom # 0 Cl, 2, is greater than permitted
[13:42:06] Can't kekulize mol.  Unkekulized atoms: 1 2 3 4 5
[13:42:06] Explicit valence for atom # 0 Cl, 2, is greater than permitted
[13:42:07] Can't kekulize mol.  Unkekulized atoms: 3 4 5 6 7
[13:42:07] Can't kekulize mol.  Unkekulized atoms: 3 4 5 6 7
[13:42:10] Can't kekulize mol.  Unkekulized atoms: 1 2 3 4 5
[13:42:10] Can't kekulize mol.  Unkekulized atoms: 3 4 5 6 7
[13:42:10] Can't kekulize mol.  Unkekulized atoms: 1 2 3 4 5
[13:42:10] WARNING: not removing hydrogen atom without neighbors
[13:42:11] Can't kekulize mol.  Unkekulized atoms: 1 2 3 4 5
[13:42:11] Explicit valence for atom # 6 O, 3, is greater than permitted
[13:42:11] Explicit valence for atom # 3 Si, 8, is greater than permitted
[13:42:11] Explicit valence for atom # 0 Cl, 2, is greater than permitted
