[1/4] Excel → CSV 변환 중...
[2/4] Pretraining on TOX21_ERa_LUC_VM7_Agonist using GAT...
Epoch 1/50 - Loss: 0.6874 - Val F1: 0.2571 - Val ROC-AUC: 0.6385 - Val PR-AUC: 0.2300
Epoch 2/50 - Loss: 0.6748 - Val F1: 0.2441 - Val ROC-AUC: 0.6206 - Val PR-AUC: 0.2029
Epoch 3/50 - Loss: 0.6710 - Val F1: 0.2574 - Val ROC-AUC: 0.6316 - Val PR-AUC: 0.2242
Epoch 4/50 - Loss: 0.6693 - Val F1: 0.2553 - Val ROC-AUC: 0.6326 - Val PR-AUC: 0.2271
Epoch 5/50 - Loss: 0.6682 - Val F1: 0.2500 - Val ROC-AUC: 0.6352 - Val PR-AUC: 0.2205
Epoch 6/50 - Loss: 0.6695 - Val F1: 0.2455 - Val ROC-AUC: 0.6201 - Val PR-AUC: 0.2521
Epoch 7/50 - Loss: 0.6660 - Val F1: 0.2932 - Val ROC-AUC: 0.6306 - Val PR-AUC: 0.2322
Epoch 8/50 - Loss: 0.6666 - Val F1: 0.2357 - Val ROC-AUC: 0.6456 - Val PR-AUC: 0.2653
Epoch 9/50 - Loss: 0.6620 - Val F1: 0.2496 - Val ROC-AUC: 0.6385 - Val PR-AUC: 0.2534
Epoch 10/50 - Loss: 0.6633 - Val F1: 0.2541 - Val ROC-AUC: 0.6429 - Val PR-AUC: 0.2419
Epoch 11/50 - Loss: 0.6616 - Val F1: 0.2626 - Val ROC-AUC: 0.6517 - Val PR-AUC: 0.2680
Epoch 12/50 - Loss: 0.6579 - Val F1: 0.2685 - Val ROC-AUC: 0.6597 - Val PR-AUC: 0.2782
Epoch 13/50 - Loss: 0.6546 - Val F1: 0.2750 - Val ROC-AUC: 0.6538 - Val PR-AUC: 0.2845
Epoch 14/50 - Loss: 0.6569 - Val F1: 0.2648 - Val ROC-AUC: 0.6466 - Val PR-AUC: 0.2601
Epoch 15/50 - Loss: 0.6503 - Val F1: 0.2635 - Val ROC-AUC: 0.6565 - Val PR-AUC: 0.2693
Epoch 16/50 - Loss: 0.6536 - Val F1: 0.2623 - Val ROC-AUC: 0.6568 - Val PR-AUC: 0.2801
Epoch 17/50 - Loss: 0.6512 - Val F1: 0.2598 - Val ROC-AUC: 0.6547 - Val PR-AUC: 0.2808
Epoch 18/50 - Loss: 0.6501 - Val F1: 0.2604 - Val ROC-AUC: 0.6644 - Val PR-AUC: 0.2750
Epoch 19/50 - Loss: 0.6499 - Val F1: 0.2679 - Val ROC-AUC: 0.6618 - Val PR-AUC: 0.3012
Epoch 20/50 - Loss: 0.6516 - Val F1: 0.2930 - Val ROC-AUC: 0.6443 - Val PR-AUC: 0.2701
Epoch 21/50 - Loss: 0.6497 - Val F1: 0.2636 - Val ROC-AUC: 0.6470 - Val PR-AUC: 0.2765
Epoch 22/50 - Loss: 0.6468 - Val F1: 0.2658 - Val ROC-AUC: 0.6476 - Val PR-AUC: 0.2877
Epoch 23/50 - Loss: 0.6440 - Val F1: 0.2628 - Val ROC-AUC: 0.6527 - Val PR-AUC: 0.2726
Epoch 24/50 - Loss: 0.6507 - Val F1: 0.2771 - Val ROC-AUC: 0.6544 - Val PR-AUC: 0.2763
Epoch 25/50 - Loss: 0.6491 - Val F1: 0.2618 - Val ROC-AUC: 0.6515 - Val PR-AUC: 0.2803
Epoch 26/50 - Loss: 0.6491 - Val F1: 0.2652 - Val ROC-AUC: 0.6580 - Val PR-AUC: 0.2826
Epoch 27/50 - Loss: 0.6474 - Val F1: 0.2693 - Val ROC-AUC: 0.6559 - Val PR-AUC: 0.2838
Epoch 28/50 - Loss: 0.6398 - Val F1: 0.2743 - Val ROC-AUC: 0.6605 - Val PR-AUC: 0.2882
Epoch 29/50 - Loss: 0.6520 - Val F1: 0.2745 - Val ROC-AUC: 0.6601 - Val PR-AUC: 0.3027
Epoch 30/50 - Loss: 0.6499 - Val F1: 0.2632 - Val ROC-AUC: 0.6599 - Val PR-AUC: 0.2967
Epoch 31/50 - Loss: 0.6483 - Val F1: 0.2694 - Val ROC-AUC: 0.6596 - Val PR-AUC: 0.2900
Epoch 32/50 - Loss: 0.6440 - Val F1: 0.2814 - Val ROC-AUC: 0.6567 - Val PR-AUC: 0.2980
Epoch 33/50 - Loss: 0.6394 - Val F1: 0.2760 - Val ROC-AUC: 0.6591 - Val PR-AUC: 0.2874
Epoch 34/50 - Loss: 0.6447 - Val F1: 0.2637 - Val ROC-AUC: 0.6557 - Val PR-AUC: 0.2935
Epoch 35/50 - Loss: 0.6387 - Val F1: 0.2628 - Val ROC-AUC: 0.6599 - Val PR-AUC: 0.2924
Epoch 36/50 - Loss: 0.6482 - Val F1: 0.2776 - Val ROC-AUC: 0.6571 - Val PR-AUC: 0.2834
Epoch 37/50 - Loss: 0.6368 - Val F1: 0.2620 - Val ROC-AUC: 0.6630 - Val PR-AUC: 0.3031
Epoch 38/50 - Loss: 0.6420 - Val F1: 0.2731 - Val ROC-AUC: 0.6594 - Val PR-AUC: 0.2937
Epoch 39/50 - Loss: 0.6396 - Val F1: 0.2753 - Val ROC-AUC: 0.6570 - Val PR-AUC: 0.2896
Epoch 40/50 - Loss: 0.6422 - Val F1: 0.2747 - Val ROC-AUC: 0.6548 - Val PR-AUC: 0.2918
Epoch 41/50 - Loss: 0.6445 - Val F1: 0.2814 - Val ROC-AUC: 0.6543 - Val PR-AUC: 0.2875
Epoch 42/50 - Loss: 0.6365 - Val F1: 0.2743 - Val ROC-AUC: 0.6554 - Val PR-AUC: 0.2874
Epoch 43/50 - Loss: 0.6454 - Val F1: 0.2839 - Val ROC-AUC: 0.6545 - Val PR-AUC: 0.2826
Epoch 44/50 - Loss: 0.6407 - Val F1: 0.2810 - Val ROC-AUC: 0.6547 - Val PR-AUC: 0.2811
Epoch 45/50 - Loss: 0.6402 - Val F1: 0.2795 - Val ROC-AUC: 0.6520 - Val PR-AUC: 0.2826
Epoch 46/50 - Loss: 0.6394 - Val F1: 0.2778 - Val ROC-AUC: 0.6540 - Val PR-AUC: 0.2824
Epoch 47/50 - Loss: 0.6380 - Val F1: 0.2736 - Val ROC-AUC: 0.6473 - Val PR-AUC: 0.2769
Epoch 48/50 - Loss: 0.6402 - Val F1: 0.2857 - Val ROC-AUC: 0.6490 - Val PR-AUC: 0.2769
Epoch 49/50 - Loss: 0.6465 - Val F1: 0.2718 - Val ROC-AUC: 0.6540 - Val PR-AUC: 0.2792
Epoch 50/50 - Loss: 0.6375 - Val F1: 0.2811 - Val ROC-AUC: 0.6504 - Val PR-AUC: 0.2818
Pretraining completed. Test F1: 0.3344, ROC-AUC: 0.6910, PR-AUC: 0.3351
[3/4] Finetuning on TOX21_ERb_BLA_Antagonist_viability using GAT...
[Fine-tune] Epoch 1/50 - Loss: 0.6596 - Val F1: 0.3298 - Val ROC-AUC: 0.7530 - Val PR-AUC: 0.2874
[Fine-tune] Epoch 2/50 - Loss: 0.6495 - Val F1: 0.3398 - Val ROC-AUC: 0.7260 - Val PR-AUC: 0.2875
[Fine-tune] Epoch 3/50 - Loss: 0.6512 - Val F1: 0.3182 - Val ROC-AUC: 0.7486 - Val PR-AUC: 0.2893
[Fine-tune] Epoch 4/50 - Loss: 0.6544 - Val F1: 0.3388 - Val ROC-AUC: 0.7407 - Val PR-AUC: 0.2790
[Fine-tune] Epoch 5/50 - Loss: 0.6529 - Val F1: 0.3368 - Val ROC-AUC: 0.7577 - Val PR-AUC: 0.3095
[Fine-tune] Epoch 6/50 - Loss: 0.6497 - Val F1: 0.3200 - Val ROC-AUC: 0.7060 - Val PR-AUC: 0.3144
[Fine-tune] Epoch 7/50 - Loss: 0.6540 - Val F1: 0.3714 - Val ROC-AUC: 0.7454 - Val PR-AUC: 0.3154
[Fine-tune] Epoch 8/50 - Loss: 0.6459 - Val F1: 0.3671 - Val ROC-AUC: 0.7508 - Val PR-AUC: 0.3223
[Fine-tune] Epoch 9/50 - Loss: 0.6460 - Val F1: 0.3665 - Val ROC-AUC: 0.7559 - Val PR-AUC: 0.3448
[Fine-tune] Epoch 10/50 - Loss: 0.6510 - Val F1: 0.3118 - Val ROC-AUC: 0.7264 - Val PR-AUC: 0.2845
[Fine-tune] Epoch 11/50 - Loss: 0.6415 - Val F1: 0.3000 - Val ROC-AUC: 0.7385 - Val PR-AUC: 0.2827
[Fine-tune] Epoch 12/50 - Loss: 0.6430 - Val F1: 0.2979 - Val ROC-AUC: 0.7336 - Val PR-AUC: 0.2499
[Fine-tune] Epoch 13/50 - Loss: 0.6510 - Val F1: 0.3241 - Val ROC-AUC: 0.7326 - Val PR-AUC: 0.2593
[Fine-tune] Epoch 14/50 - Loss: 0.6461 - Val F1: 0.3352 - Val ROC-AUC: 0.7426 - Val PR-AUC: 0.2701
[Fine-tune] Epoch 15/50 - Loss: 0.6438 - Val F1: 0.3139 - Val ROC-AUC: 0.7395 - Val PR-AUC: 0.2780
[Fine-tune] Epoch 16/50 - Loss: 0.6441 - Val F1: 0.2979 - Val ROC-AUC: 0.7404 - Val PR-AUC: 0.2821
[Fine-tune] Epoch 17/50 - Loss: 0.6456 - Val F1: 0.3236 - Val ROC-AUC: 0.7455 - Val PR-AUC: 0.2916
[Fine-tune] Epoch 18/50 - Loss: 0.6450 - Val F1: 0.3294 - Val ROC-AUC: 0.7542 - Val PR-AUC: 0.2972
[Fine-tune] Epoch 19/50 - Loss: 0.6447 - Val F1: 0.2995 - Val ROC-AUC: 0.7543 - Val PR-AUC: 0.3324
[Fine-tune] Epoch 20/50 - Loss: 0.6426 - Val F1: 0.3077 - Val ROC-AUC: 0.7507 - Val PR-AUC: 0.3155
[Fine-tune] Epoch 21/50 - Loss: 0.6377 - Val F1: 0.3146 - Val ROC-AUC: 0.7558 - Val PR-AUC: 0.3271
[Fine-tune] Epoch 22/50 - Loss: 0.6413 - Val F1: 0.3130 - Val ROC-AUC: 0.7546 - Val PR-AUC: 0.3340
[Fine-tune] Epoch 23/50 - Loss: 0.6349 - Val F1: 0.3112 - Val ROC-AUC: 0.7600 - Val PR-AUC: 0.3385
[Fine-tune] Epoch 24/50 - Loss: 0.6336 - Val F1: 0.3180 - Val ROC-AUC: 0.7600 - Val PR-AUC: 0.3409
[Fine-tune] Epoch 25/50 - Loss: 0.6413 - Val F1: 0.3110 - Val ROC-AUC: 0.7652 - Val PR-AUC: 0.3388
[Fine-tune] Epoch 26/50 - Loss: 0.6402 - Val F1: 0.3302 - Val ROC-AUC: 0.7627 - Val PR-AUC: 0.3447
[Fine-tune] Epoch 27/50 - Loss: 0.6390 - Val F1: 0.3040 - Val ROC-AUC: 0.7590 - Val PR-AUC: 0.3243
[Fine-tune] Epoch 28/50 - Loss: 0.6235 - Val F1: 0.3243 - Val ROC-AUC: 0.7561 - Val PR-AUC: 0.3083
[Fine-tune] Epoch 29/50 - Loss: 0.6297 - Val F1: 0.3194 - Val ROC-AUC: 0.7517 - Val PR-AUC: 0.3288
[Fine-tune] Epoch 30/50 - Loss: 0.6339 - Val F1: 0.3050 - Val ROC-AUC: 0.7510 - Val PR-AUC: 0.3343
[Fine-tune] Epoch 31/50 - Loss: 0.6309 - Val F1: 0.3209 - Val ROC-AUC: 0.7437 - Val PR-AUC: 0.3309
[Fine-tune] Epoch 32/50 - Loss: 0.6277 - Val F1: 0.3022 - Val ROC-AUC: 0.7474 - Val PR-AUC: 0.3261
[Fine-tune] Epoch 33/50 - Loss: 0.6301 - Val F1: 0.2937 - Val ROC-AUC: 0.7481 - Val PR-AUC: 0.3303
[Fine-tune] Epoch 34/50 - Loss: 0.6379 - Val F1: 0.2916 - Val ROC-AUC: 0.7477 - Val PR-AUC: 0.3324
[Fine-tune] Epoch 35/50 - Loss: 0.6291 - Val F1: 0.2975 - Val ROC-AUC: 0.7496 - Val PR-AUC: 0.3369
[Fine-tune] Epoch 36/50 - Loss: 0.6311 - Val F1: 0.2997 - Val ROC-AUC: 0.7557 - Val PR-AUC: 0.3402
[Fine-tune] Epoch 37/50 - Loss: 0.6388 - Val F1: 0.3139 - Val ROC-AUC: 0.7573 - Val PR-AUC: 0.3374
[Fine-tune] Epoch 38/50 - Loss: 0.6326 - Val F1: 0.3002 - Val ROC-AUC: 0.7530 - Val PR-AUC: 0.3327
[Fine-tune] Epoch 39/50 - Loss: 0.6344 - Val F1: 0.2979 - Val ROC-AUC: 0.7553 - Val PR-AUC: 0.3427
[Fine-tune] Epoch 40/50 - Loss: 0.6327 - Val F1: 0.3062 - Val ROC-AUC: 0.7558 - Val PR-AUC: 0.3346
[Fine-tune] Epoch 41/50 - Loss: 0.6283 - Val F1: 0.3036 - Val ROC-AUC: 0.7524 - Val PR-AUC: 0.3322
[Fine-tune] Epoch 42/50 - Loss: 0.6232 - Val F1: 0.3079 - Val ROC-AUC: 0.7637 - Val PR-AUC: 0.3274
[Fine-tune] Epoch 43/50 - Loss: 0.6208 - Val F1: 0.3167 - Val ROC-AUC: 0.7562 - Val PR-AUC: 0.3412
[Fine-tune] Epoch 44/50 - Loss: 0.6254 - Val F1: 0.3121 - Val ROC-AUC: 0.7665 - Val PR-AUC: 0.3376
[Fine-tune] Epoch 45/50 - Loss: 0.6323 - Val F1: 0.3041 - Val ROC-AUC: 0.7648 - Val PR-AUC: 0.3336
[Fine-tune] Epoch 46/50 - Loss: 0.6291 - Val F1: 0.3094 - Val ROC-AUC: 0.7677 - Val PR-AUC: 0.3399
[Fine-tune] Epoch 47/50 - Loss: 0.6237 - Val F1: 0.2997 - Val ROC-AUC: 0.7560 - Val PR-AUC: 0.3354
[Fine-tune] Epoch 48/50 - Loss: 0.6244 - Val F1: 0.2995 - Val ROC-AUC: 0.7555 - Val PR-AUC: 0.3416
[Fine-tune] Epoch 49/50 - Loss: 0.6240 - Val F1: 0.2982 - Val ROC-AUC: 0.7555 - Val PR-AUC: 0.3405
[Fine-tune] Epoch 50/50 - Loss: 0.6337 - Val F1: 0.2994 - Val ROC-AUC: 0.7541 - Val PR-AUC: 0.3384
Finetuning completed. Test F1: 0.3410, ROC-AUC: 0.7131, PR-AUC: 0.2668
[3.1/4] Target-only training on TOX21_ERb_BLA_Antagonist_viability using GAT...
=== Target-only training ===
[Target-only] Epoch 1/50 – Loss: 0.6673  Val F1: 0.3774  ROC-AUC: 0.7411  PR-AUC: 0.2689
[Target-only] Epoch 2/50 – Loss: 0.6582  Val F1: 0.2798  ROC-AUC: 0.6935  PR-AUC: 0.2381
[Target-only] Epoch 3/50 – Loss: 0.6602  Val F1: 0.3333  ROC-AUC: 0.7102  PR-AUC: 0.2404
[Target-only] Epoch 4/50 – Loss: 0.6595  Val F1: 0.3354  ROC-AUC: 0.7354  PR-AUC: 0.2591
[Target-only] Epoch 5/50 – Loss: 0.6623  Val F1: 0.3738  ROC-AUC: 0.7446  PR-AUC: 0.2760
[Target-only] Epoch 6/50 – Loss: 0.6528  Val F1: 0.3876  ROC-AUC: 0.7497  PR-AUC: 0.2703
[Target-only] Epoch 7/50 – Loss: 0.6569  Val F1: 0.3545  ROC-AUC: 0.7527  PR-AUC: 0.2805
[Target-only] Epoch 8/50 – Loss: 0.6459  Val F1: 0.3084  ROC-AUC: 0.7544  PR-AUC: 0.2636
[Target-only] Epoch 9/50 – Loss: 0.6436  Val F1: 0.3582  ROC-AUC: 0.7263  PR-AUC: 0.2447
[Target-only] Epoch 10/50 – Loss: 0.6487  Val F1: 0.3455  ROC-AUC: 0.7582  PR-AUC: 0.2916
[Target-only] Epoch 11/50 – Loss: 0.6391  Val F1: 0.3877  ROC-AUC: 0.7619  PR-AUC: 0.3006
[Target-only] Epoch 12/50 – Loss: 0.6315  Val F1: 0.3624  ROC-AUC: 0.7614  PR-AUC: 0.3016
[Target-only] Epoch 13/50 – Loss: 0.6382  Val F1: 0.3548  ROC-AUC: 0.7447  PR-AUC: 0.2636
[Target-only] Epoch 14/50 – Loss: 0.6358  Val F1: 0.3295  ROC-AUC: 0.7206  PR-AUC: 0.2375
[Target-only] Epoch 15/50 – Loss: 0.6278  Val F1: 0.3702  ROC-AUC: 0.7405  PR-AUC: 0.2599
[Target-only] Epoch 16/50 – Loss: 0.6359  Val F1: 0.3517  ROC-AUC: 0.7321  PR-AUC: 0.2454
[Target-only] Epoch 17/50 – Loss: 0.6320  Val F1: 0.3552  ROC-AUC: 0.7309  PR-AUC: 0.2466
[Target-only] Epoch 18/50 – Loss: 0.6410  Val F1: 0.3424  ROC-AUC: 0.7338  PR-AUC: 0.2509
[Target-only] Epoch 19/50 – Loss: 0.6359  Val F1: 0.3765  ROC-AUC: 0.7405  PR-AUC: 0.2493
[Target-only] Epoch 20/50 – Loss: 0.6316  Val F1: 0.3576  ROC-AUC: 0.7392  PR-AUC: 0.2605
[Target-only] Epoch 21/50 – Loss: 0.6351  Val F1: 0.3636  ROC-AUC: 0.7495  PR-AUC: 0.2594
[Target-only] Epoch 22/50 – Loss: 0.6266  Val F1: 0.3524  ROC-AUC: 0.7396  PR-AUC: 0.2550
[Target-only] Epoch 23/50 – Loss: 0.6270  Val F1: 0.3777  ROC-AUC: 0.7546  PR-AUC: 0.2649
[Target-only] Epoch 24/50 – Loss: 0.6330  Val F1: 0.3636  ROC-AUC: 0.7468  PR-AUC: 0.2570
[Target-only] Epoch 25/50 – Loss: 0.6286  Val F1: 0.3632  ROC-AUC: 0.7454  PR-AUC: 0.2700
[Target-only] Epoch 26/50 – Loss: 0.6391  Val F1: 0.3450  ROC-AUC: 0.7402  PR-AUC: 0.2620
[Target-only] Epoch 27/50 – Loss: 0.6370  Val F1: 0.3421  ROC-AUC: 0.7419  PR-AUC: 0.2655
[Target-only] Epoch 28/50 – Loss: 0.6241  Val F1: 0.3345  ROC-AUC: 0.7465  PR-AUC: 0.2664
[Target-only] Epoch 29/50 – Loss: 0.6247  Val F1: 0.3569  ROC-AUC: 0.7439  PR-AUC: 0.2665
[Target-only] Epoch 30/50 – Loss: 0.6293  Val F1: 0.3410  ROC-AUC: 0.7360  PR-AUC: 0.2662
[Target-only] Epoch 31/50 – Loss: 0.6296  Val F1: 0.3430  ROC-AUC: 0.7447  PR-AUC: 0.2680
[Target-only] Epoch 32/50 – Loss: 0.6270  Val F1: 0.3440  ROC-AUC: 0.7437  PR-AUC: 0.2605
[Target-only] Epoch 33/50 – Loss: 0.6300  Val F1: 0.3422  ROC-AUC: 0.7464  PR-AUC: 0.2709
[Target-only] Epoch 34/50 – Loss: 0.6249  Val F1: 0.3471  ROC-AUC: 0.7442  PR-AUC: 0.2650
[Target-only] Epoch 35/50 – Loss: 0.6295  Val F1: 0.3327  ROC-AUC: 0.7407  PR-AUC: 0.2598
[Target-only] Epoch 36/50 – Loss: 0.6172  Val F1: 0.3574  ROC-AUC: 0.7443  PR-AUC: 0.2674
[Target-only] Epoch 37/50 – Loss: 0.6226  Val F1: 0.3440  ROC-AUC: 0.7427  PR-AUC: 0.2690
[Target-only] Epoch 38/50 – Loss: 0.6194  Val F1: 0.3433  ROC-AUC: 0.7451  PR-AUC: 0.2674
[Target-only] Epoch 39/50 – Loss: 0.6222  Val F1: 0.3395  ROC-AUC: 0.7432  PR-AUC: 0.2664
[Target-only] Epoch 40/50 – Loss: 0.6210  Val F1: 0.3411  ROC-AUC: 0.7382  PR-AUC: 0.2584
[Target-only] Epoch 41/50 – Loss: 0.6261  Val F1: 0.3327  ROC-AUC: 0.7379  PR-AUC: 0.2588
[Target-only] Epoch 42/50 – Loss: 0.6297  Val F1: 0.3372  ROC-AUC: 0.7456  PR-AUC: 0.2677
[Target-only] Epoch 43/50 – Loss: 0.6249  Val F1: 0.3412  ROC-AUC: 0.7415  PR-AUC: 0.2633
[Target-only] Epoch 44/50 – Loss: 0.6242  Val F1: 0.3321  ROC-AUC: 0.7377  PR-AUC: 0.2585
[Target-only] Epoch 45/50 – Loss: 0.6198  Val F1: 0.3340  ROC-AUC: 0.7376  PR-AUC: 0.2569
[Target-only] Epoch 46/50 – Loss: 0.6221  Val F1: 0.3371  ROC-AUC: 0.7386  PR-AUC: 0.2610
[Target-only] Epoch 47/50 – Loss: 0.6177  Val F1: 0.3352  ROC-AUC: 0.7435  PR-AUC: 0.2661
[Target-only] Epoch 48/50 – Loss: 0.6200  Val F1: 0.3346  ROC-AUC: 0.7377  PR-AUC: 0.2635
[Target-only] Epoch 49/50 – Loss: 0.6196  Val F1: 0.3435  ROC-AUC: 0.7415  PR-AUC: 0.2689
[Target-only] Epoch 50/50 – Loss: 0.6312  Val F1: 0.3409  ROC-AUC: 0.7393  PR-AUC: 0.2661
=== Target-only TEST performance ===
Test F1: 0.3544, ROC-AUC: 0.7150, PR-AUC: 0.2666
[4/4] Embedding 시각화 중...
✅ Embeddings 저장 완료: embeddings_TOX21_ERa_LUC_VM7_Agonist_TOX21_ERb_BLA_Antagonist_viability_GAT.png
✅ 실험 완료: TOX21_ERa_LUC_VM7_Agonist -> TOX21_ERb_BLA_Antagonist_viability [GAT]
