[13:31:57] Can't kekulize mol.  Unkekulized atoms: 1 2 3 4 5
[13:31:58] Explicit valence for atom # 0 Cl, 2, is greater than permitted
[13:31:59] Can't kekulize mol.  Unkekulized atoms: 3 4 5 6 7
[13:31:59] Can't kekulize mol.  Unkekulized atoms: 3 4 5 6 7
[13:32:01] Can't kekulize mol.  Unkekulized atoms: 1 2 3 4 5
[13:32:02] Can't kekulize mol.  Unkekulized atoms: 3 4 5 6 7
[13:32:02] Can't kekulize mol.  Unkekulized atoms: 1 2 3 4 5
[13:32:02] WARNING: not removing hydrogen atom without neighbors
[13:32:03] Can't kekulize mol.  Unkekulized atoms: 1 2 3 4 5
[13:32:03] Explicit valence for atom # 6 O, 3, is greater than permitted
[13:32:03] Explicit valence for atom # 3 Si, 8, is greater than permitted
[13:32:03] Explicit valence for atom # 0 Cl, 2, is greater than permitted
[13:33:20] Can't kekulize mol.  Unkekulized atoms: 1 2 3 4 5
[13:33:20] Explicit valence for atom # 0 Cl, 2, is greater than permitted
[13:33:21] Can't kekulize mol.  Unkekulized atoms: 3 4 5 6 7
[13:33:21] Can't kekulize mol.  Unkekulized atoms: 3 4 5 6 7
[13:33:22] WARNING: not removing hydrogen atom without neighbors
[13:33:24] Explicit valence for atom # 3 Si, 8, is greater than permitted
[13:33:24] Can't kekulize mol.  Unkekulized atoms: 1 2 3 4 5
[13:33:24] Can't kekulize mol.  Unkekulized atoms: 3 4 5 6 7
[13:33:25] Can't kekulize mol.  Unkekulized atoms: 1 2 3 4 5
[13:33:25] WARNING: not removing hydrogen atom without neighbors
[13:33:25] Can't kekulize mol.  Unkekulized atoms: 1 2 3 4 5
[13:33:25] Explicit valence for atom # 6 O, 3, is greater than permitted
[13:33:25] Explicit valence for atom # 3 Si, 8, is greater than permitted
[13:33:26] Explicit valence for atom # 0 Cl, 2, is greater than permitted
[13:34:45] Can't kekulize mol.  Unkekulized atoms: 1 2 3 4 5
[13:34:46] Explicit valence for atom # 0 Cl, 2, is greater than permitted
[13:34:47] Can't kekulize mol.  Unkekulized atoms: 3 4 5 6 7
[13:34:47] Can't kekulize mol.  Unkekulized atoms: 3 4 5 6 7
[13:34:48] WARNING: not removing hydrogen atom without neighbors
[13:34:50] Explicit valence for atom # 3 Si, 8, is greater than permitted
[13:34:50] Can't kekulize mol.  Unkekulized atoms: 1 2 3 4 5
[13:34:50] Can't kekulize mol.  Unkekulized atoms: 3 4 5 6 7
[13:34:50] Can't kekulize mol.  Unkekulized atoms: 1 2 3 4 5
[13:34:51] WARNING: not removing hydrogen atom without neighbors
[13:34:51] Can't kekulize mol.  Unkekulized atoms: 1 2 3 4 5
[13:34:51] Explicit valence for atom # 6 O, 3, is greater than permitted
[13:34:51] Explicit valence for atom # 3 Si, 8, is greater than permitted
[13:34:52] Explicit valence for atom # 0 Cl, 2, is greater than permitted
[13:36:12] Can't kekulize mol.  Unkekulized atoms: 1 2 3 4 5
[13:36:13] Explicit valence for atom # 0 Cl, 2, is greater than permitted
[13:36:14] Can't kekulize mol.  Unkekulized atoms: 3 4 5 6 7
[13:36:14] Can't kekulize mol.  Unkekulized atoms: 3 4 5 6 7
[13:36:15] WARNING: not removing hydrogen atom without neighbors
[13:36:17] Explicit valence for atom # 3 Si, 8, is greater than permitted
[13:36:17] Can't kekulize mol.  Unkekulized atoms: 1 2 3 4 5
[13:36:17] Can't kekulize mol.  Unkekulized atoms: 3 4 5 6 7
[13:36:18] Can't kekulize mol.  Unkekulized atoms: 1 2 3 4 5
[13:36:18] WARNING: not removing hydrogen atom without neighbors
[13:36:18] Can't kekulize mol.  Unkekulized atoms: 1 2 3 4 5
[13:36:18] Explicit valence for atom # 6 O, 3, is greater than permitted
[13:36:18] Explicit valence for atom # 3 Si, 8, is greater than permitted
[13:36:19] Explicit valence for atom # 0 Cl, 2, is greater than permitted
[13:36:19] Can't kekulize mol.  Unkekulized atoms: 1 2 3 4 5
[13:36:20] Explicit valence for atom # 0 Cl, 2, is greater than permitted
[13:36:20] Can't kekulize mol.  Unkekulized atoms: 3 4 5 6 7
[13:36:21] Can't kekulize mol.  Unkekulized atoms: 3 4 5 6 7
[13:36:21] WARNING: not removing hydrogen atom without neighbors
[13:36:23] Explicit valence for atom # 3 Si, 8, is greater than permitted
[13:36:24] Can't kekulize mol.  Unkekulized atoms: 1 2 3 4 5
[13:36:24] Can't kekulize mol.  Unkekulized atoms: 3 4 5 6 7
[13:36:24] Can't kekulize mol.  Unkekulized atoms: 1 2 3 4 5
[13:36:24] WARNING: not removing hydrogen atom without neighbors
[13:36:25] Can't kekulize mol.  Unkekulized atoms: 1 2 3 4 5
[13:36:25] Explicit valence for atom # 6 O, 3, is greater than permitted
[13:36:25] Explicit valence for atom # 3 Si, 8, is greater than permitted
[13:36:25] Explicit valence for atom # 0 Cl, 2, is greater than permitted
