[1/4] Excel → CSV 변환 중...
[2/4] Pretraining on TOX21_ERa_LUC_VM7_Agonist using GAT...
Epoch 1/50 - Loss: 0.6855 - Val F1: 0.2878 - Val ROC-AUC: 0.6284 - Val PR-AUC: 0.2168
Epoch 2/50 - Loss: 0.6825 - Val F1: 0.2629 - Val ROC-AUC: 0.6413 - Val PR-AUC: 0.2166
Epoch 3/50 - Loss: 0.6743 - Val F1: 0.2597 - Val ROC-AUC: 0.6325 - Val PR-AUC: 0.2374
Epoch 4/50 - Loss: 0.6769 - Val F1: 0.2647 - Val ROC-AUC: 0.6350 - Val PR-AUC: 0.2205
Epoch 5/50 - Loss: 0.6754 - Val F1: 0.2490 - Val ROC-AUC: 0.6251 - Val PR-AUC: 0.2030
Epoch 6/50 - Loss: 0.6694 - Val F1: 0.2386 - Val ROC-AUC: 0.6187 - Val PR-AUC: 0.1994
Epoch 7/50 - Loss: 0.6744 - Val F1: 0.2532 - Val ROC-AUC: 0.6378 - Val PR-AUC: 0.2273
Epoch 8/50 - Loss: 0.6664 - Val F1: 0.2717 - Val ROC-AUC: 0.6346 - Val PR-AUC: 0.2076
Epoch 9/50 - Loss: 0.6775 - Val F1: 0.2369 - Val ROC-AUC: 0.6345 - Val PR-AUC: 0.2351
Epoch 10/50 - Loss: 0.6675 - Val F1: 0.2620 - Val ROC-AUC: 0.6288 - Val PR-AUC: 0.2161
Epoch 11/50 - Loss: 0.6611 - Val F1: 0.2441 - Val ROC-AUC: 0.6348 - Val PR-AUC: 0.2185
Epoch 12/50 - Loss: 0.6652 - Val F1: 0.2549 - Val ROC-AUC: 0.6386 - Val PR-AUC: 0.2295
Epoch 13/50 - Loss: 0.6594 - Val F1: 0.2458 - Val ROC-AUC: 0.6350 - Val PR-AUC: 0.2210
Epoch 14/50 - Loss: 0.6560 - Val F1: 0.2510 - Val ROC-AUC: 0.6383 - Val PR-AUC: 0.2295
Epoch 15/50 - Loss: 0.6608 - Val F1: 0.2418 - Val ROC-AUC: 0.6367 - Val PR-AUC: 0.2401
Epoch 16/50 - Loss: 0.6569 - Val F1: 0.2439 - Val ROC-AUC: 0.6238 - Val PR-AUC: 0.2225
Epoch 17/50 - Loss: 0.6571 - Val F1: 0.2590 - Val ROC-AUC: 0.6434 - Val PR-AUC: 0.2387
Epoch 18/50 - Loss: 0.6585 - Val F1: 0.2634 - Val ROC-AUC: 0.6402 - Val PR-AUC: 0.2310
Epoch 19/50 - Loss: 0.6556 - Val F1: 0.2509 - Val ROC-AUC: 0.6424 - Val PR-AUC: 0.2379
Epoch 20/50 - Loss: 0.6572 - Val F1: 0.2505 - Val ROC-AUC: 0.6386 - Val PR-AUC: 0.2266
Epoch 21/50 - Loss: 0.6453 - Val F1: 0.2579 - Val ROC-AUC: 0.6321 - Val PR-AUC: 0.2484
Epoch 22/50 - Loss: 0.6547 - Val F1: 0.2470 - Val ROC-AUC: 0.6354 - Val PR-AUC: 0.2438
Epoch 23/50 - Loss: 0.6532 - Val F1: 0.2648 - Val ROC-AUC: 0.6375 - Val PR-AUC: 0.2212
Epoch 24/50 - Loss: 0.6560 - Val F1: 0.2531 - Val ROC-AUC: 0.6518 - Val PR-AUC: 0.2353
Epoch 25/50 - Loss: 0.6526 - Val F1: 0.2621 - Val ROC-AUC: 0.6446 - Val PR-AUC: 0.2410
Epoch 26/50 - Loss: 0.6549 - Val F1: 0.2621 - Val ROC-AUC: 0.6531 - Val PR-AUC: 0.2408
Epoch 27/50 - Loss: 0.6501 - Val F1: 0.2610 - Val ROC-AUC: 0.6578 - Val PR-AUC: 0.2412
Epoch 28/50 - Loss: 0.6546 - Val F1: 0.2672 - Val ROC-AUC: 0.6492 - Val PR-AUC: 0.2468
Epoch 29/50 - Loss: 0.6514 - Val F1: 0.2654 - Val ROC-AUC: 0.6489 - Val PR-AUC: 0.2509
Epoch 30/50 - Loss: 0.6479 - Val F1: 0.2613 - Val ROC-AUC: 0.6361 - Val PR-AUC: 0.2481
Epoch 31/50 - Loss: 0.6525 - Val F1: 0.2664 - Val ROC-AUC: 0.6467 - Val PR-AUC: 0.2437
Epoch 32/50 - Loss: 0.6478 - Val F1: 0.2667 - Val ROC-AUC: 0.6420 - Val PR-AUC: 0.2461
Epoch 33/50 - Loss: 0.6484 - Val F1: 0.2714 - Val ROC-AUC: 0.6476 - Val PR-AUC: 0.2437
Epoch 34/50 - Loss: 0.6437 - Val F1: 0.2681 - Val ROC-AUC: 0.6514 - Val PR-AUC: 0.2465
Epoch 35/50 - Loss: 0.6510 - Val F1: 0.2659 - Val ROC-AUC: 0.6453 - Val PR-AUC: 0.2420
Epoch 36/50 - Loss: 0.6440 - Val F1: 0.2633 - Val ROC-AUC: 0.6420 - Val PR-AUC: 0.2402
Epoch 37/50 - Loss: 0.6401 - Val F1: 0.2696 - Val ROC-AUC: 0.6416 - Val PR-AUC: 0.2446
Epoch 38/50 - Loss: 0.6423 - Val F1: 0.2659 - Val ROC-AUC: 0.6406 - Val PR-AUC: 0.2379
Epoch 39/50 - Loss: 0.6494 - Val F1: 0.2744 - Val ROC-AUC: 0.6386 - Val PR-AUC: 0.2393
Epoch 40/50 - Loss: 0.6474 - Val F1: 0.2727 - Val ROC-AUC: 0.6392 - Val PR-AUC: 0.2439
Epoch 41/50 - Loss: 0.6454 - Val F1: 0.2659 - Val ROC-AUC: 0.6414 - Val PR-AUC: 0.2482
Epoch 42/50 - Loss: 0.6420 - Val F1: 0.2617 - Val ROC-AUC: 0.6446 - Val PR-AUC: 0.2497
Epoch 43/50 - Loss: 0.6462 - Val F1: 0.2677 - Val ROC-AUC: 0.6499 - Val PR-AUC: 0.2518
Epoch 44/50 - Loss: 0.6406 - Val F1: 0.2777 - Val ROC-AUC: 0.6452 - Val PR-AUC: 0.2498
Epoch 45/50 - Loss: 0.6472 - Val F1: 0.2578 - Val ROC-AUC: 0.6449 - Val PR-AUC: 0.2465
Epoch 46/50 - Loss: 0.6422 - Val F1: 0.2740 - Val ROC-AUC: 0.6505 - Val PR-AUC: 0.2464
Epoch 47/50 - Loss: 0.6463 - Val F1: 0.2750 - Val ROC-AUC: 0.6456 - Val PR-AUC: 0.2416
Epoch 48/50 - Loss: 0.6410 - Val F1: 0.2646 - Val ROC-AUC: 0.6514 - Val PR-AUC: 0.2455
Epoch 49/50 - Loss: 0.6460 - Val F1: 0.2684 - Val ROC-AUC: 0.6531 - Val PR-AUC: 0.2508
Epoch 50/50 - Loss: 0.6418 - Val F1: 0.2415 - Val ROC-AUC: 0.6497 - Val PR-AUC: 0.2444
Pretraining completed. Test F1: 0.3446, ROC-AUC: 0.6900, PR-AUC: 0.2975
[3/4] Finetuning on TOX21_ERa_BLA_Agonist_ch2 using GAT...
[Fine-tune] Epoch 1/50 - Loss: 0.6122 - Val F1: 0.2657 - Val ROC-AUC: 0.7597 - Val PR-AUC: 0.2550
[Fine-tune] Epoch 2/50 - Loss: 0.5943 - Val F1: 0.2292 - Val ROC-AUC: 0.7578 - Val PR-AUC: 0.2686
[Fine-tune] Epoch 3/50 - Loss: 0.5999 - Val F1: 0.1677 - Val ROC-AUC: 0.7830 - Val PR-AUC: 0.2966
[Fine-tune] Epoch 4/50 - Loss: 0.5923 - Val F1: 0.2386 - Val ROC-AUC: 0.7548 - Val PR-AUC: 0.2481
[Fine-tune] Epoch 5/50 - Loss: 0.5948 - Val F1: 0.1832 - Val ROC-AUC: 0.7780 - Val PR-AUC: 0.2568
[Fine-tune] Epoch 6/50 - Loss: 0.5907 - Val F1: 0.1496 - Val ROC-AUC: 0.7714 - Val PR-AUC: 0.2778
[Fine-tune] Epoch 7/50 - Loss: 0.5794 - Val F1: 0.1788 - Val ROC-AUC: 0.7947 - Val PR-AUC: 0.3260
[Fine-tune] Epoch 8/50 - Loss: 0.5768 - Val F1: 0.1714 - Val ROC-AUC: 0.7912 - Val PR-AUC: 0.2865
[Fine-tune] Epoch 9/50 - Loss: 0.5920 - Val F1: 0.1701 - Val ROC-AUC: 0.7737 - Val PR-AUC: 0.3173
[Fine-tune] Epoch 10/50 - Loss: 0.5861 - Val F1: 0.1511 - Val ROC-AUC: 0.8056 - Val PR-AUC: 0.3010
[Fine-tune] Epoch 11/50 - Loss: 0.5882 - Val F1: 0.1844 - Val ROC-AUC: 0.7974 - Val PR-AUC: 0.2445
[Fine-tune] Epoch 12/50 - Loss: 0.5756 - Val F1: 0.1723 - Val ROC-AUC: 0.7989 - Val PR-AUC: 0.2408
[Fine-tune] Epoch 13/50 - Loss: 0.5733 - Val F1: 0.1627 - Val ROC-AUC: 0.7893 - Val PR-AUC: 0.2151
[Fine-tune] Epoch 14/50 - Loss: 0.5675 - Val F1: 0.1726 - Val ROC-AUC: 0.7996 - Val PR-AUC: 0.2336
[Fine-tune] Epoch 15/50 - Loss: 0.5732 - Val F1: 0.1645 - Val ROC-AUC: 0.7921 - Val PR-AUC: 0.1981
[Fine-tune] Epoch 16/50 - Loss: 0.5557 - Val F1: 0.1746 - Val ROC-AUC: 0.7965 - Val PR-AUC: 0.2528
[Fine-tune] Epoch 17/50 - Loss: 0.5732 - Val F1: 0.1737 - Val ROC-AUC: 0.7919 - Val PR-AUC: 0.2416
[Fine-tune] Epoch 18/50 - Loss: 0.5688 - Val F1: 0.1523 - Val ROC-AUC: 0.7925 - Val PR-AUC: 0.2421
[Fine-tune] Epoch 19/50 - Loss: 0.5590 - Val F1: 0.1965 - Val ROC-AUC: 0.7948 - Val PR-AUC: 0.2633
[Fine-tune] Epoch 20/50 - Loss: 0.5670 - Val F1: 0.1993 - Val ROC-AUC: 0.7944 - Val PR-AUC: 0.2860
[Fine-tune] Epoch 21/50 - Loss: 0.5587 - Val F1: 0.1734 - Val ROC-AUC: 0.7942 - Val PR-AUC: 0.2427
[Fine-tune] Epoch 22/50 - Loss: 0.5592 - Val F1: 0.1571 - Val ROC-AUC: 0.8003 - Val PR-AUC: 0.2764
[Fine-tune] Epoch 23/50 - Loss: 0.5589 - Val F1: 0.1608 - Val ROC-AUC: 0.8016 - Val PR-AUC: 0.2442
[Fine-tune] Epoch 24/50 - Loss: 0.5582 - Val F1: 0.1775 - Val ROC-AUC: 0.8057 - Val PR-AUC: 0.2962
[Fine-tune] Epoch 25/50 - Loss: 0.5588 - Val F1: 0.1639 - Val ROC-AUC: 0.8026 - Val PR-AUC: 0.2528
[Fine-tune] Epoch 26/50 - Loss: 0.5602 - Val F1: 0.1595 - Val ROC-AUC: 0.7992 - Val PR-AUC: 0.2388
[Fine-tune] Epoch 27/50 - Loss: 0.5531 - Val F1: 0.1615 - Val ROC-AUC: 0.7985 - Val PR-AUC: 0.2856
[Fine-tune] Epoch 28/50 - Loss: 0.5643 - Val F1: 0.1977 - Val ROC-AUC: 0.8115 - Val PR-AUC: 0.3076
[Fine-tune] Epoch 29/50 - Loss: 0.5482 - Val F1: 0.1908 - Val ROC-AUC: 0.8106 - Val PR-AUC: 0.2865
[Fine-tune] Epoch 30/50 - Loss: 0.5576 - Val F1: 0.2093 - Val ROC-AUC: 0.8033 - Val PR-AUC: 0.3280
[Fine-tune] Epoch 31/50 - Loss: 0.5522 - Val F1: 0.2015 - Val ROC-AUC: 0.7973 - Val PR-AUC: 0.3227
[Fine-tune] Epoch 32/50 - Loss: 0.5556 - Val F1: 0.2077 - Val ROC-AUC: 0.7989 - Val PR-AUC: 0.3178
[Fine-tune] Epoch 33/50 - Loss: 0.5604 - Val F1: 0.1985 - Val ROC-AUC: 0.7989 - Val PR-AUC: 0.3256
[Fine-tune] Epoch 34/50 - Loss: 0.5355 - Val F1: 0.2118 - Val ROC-AUC: 0.8017 - Val PR-AUC: 0.3313
[Fine-tune] Epoch 35/50 - Loss: 0.5483 - Val F1: 0.2023 - Val ROC-AUC: 0.8002 - Val PR-AUC: 0.3298
[Fine-tune] Epoch 36/50 - Loss: 0.5439 - Val F1: 0.2069 - Val ROC-AUC: 0.8008 - Val PR-AUC: 0.3308
[Fine-tune] Epoch 37/50 - Loss: 0.5529 - Val F1: 0.2096 - Val ROC-AUC: 0.7995 - Val PR-AUC: 0.3228
[Fine-tune] Epoch 38/50 - Loss: 0.5460 - Val F1: 0.1871 - Val ROC-AUC: 0.7924 - Val PR-AUC: 0.2998
[Fine-tune] Epoch 39/50 - Loss: 0.5396 - Val F1: 0.1898 - Val ROC-AUC: 0.7944 - Val PR-AUC: 0.3297
[Fine-tune] Epoch 40/50 - Loss: 0.5518 - Val F1: 0.1916 - Val ROC-AUC: 0.7911 - Val PR-AUC: 0.2995
[Fine-tune] Epoch 41/50 - Loss: 0.5493 - Val F1: 0.1985 - Val ROC-AUC: 0.7943 - Val PR-AUC: 0.3257
[Fine-tune] Epoch 42/50 - Loss: 0.5469 - Val F1: 0.1929 - Val ROC-AUC: 0.7957 - Val PR-AUC: 0.2966
[Fine-tune] Epoch 43/50 - Loss: 0.5442 - Val F1: 0.2000 - Val ROC-AUC: 0.7996 - Val PR-AUC: 0.3133
[Fine-tune] Epoch 44/50 - Loss: 0.5521 - Val F1: 0.2014 - Val ROC-AUC: 0.8003 - Val PR-AUC: 0.3101
[Fine-tune] Epoch 45/50 - Loss: 0.5433 - Val F1: 0.1966 - Val ROC-AUC: 0.8023 - Val PR-AUC: 0.3322
[Fine-tune] Epoch 46/50 - Loss: 0.5581 - Val F1: 0.1951 - Val ROC-AUC: 0.7983 - Val PR-AUC: 0.3411
[Fine-tune] Epoch 47/50 - Loss: 0.5573 - Val F1: 0.2008 - Val ROC-AUC: 0.7953 - Val PR-AUC: 0.3093
[Fine-tune] Epoch 48/50 - Loss: 0.5455 - Val F1: 0.1886 - Val ROC-AUC: 0.7994 - Val PR-AUC: 0.3401
[Fine-tune] Epoch 49/50 - Loss: 0.5556 - Val F1: 0.2152 - Val ROC-AUC: 0.8023 - Val PR-AUC: 0.3577
[Fine-tune] Epoch 50/50 - Loss: 0.5410 - Val F1: 0.2007 - Val ROC-AUC: 0.8020 - Val PR-AUC: 0.3637
Finetuning completed. Test F1: 0.2207, ROC-AUC: 0.7588, PR-AUC: 0.2278
[3.1/4] Target-only training on TOX21_ERa_BLA_Agonist_ch2 using GAT...
=== Target-only training ===
[Target-only] Epoch 1/50 – Loss: 0.6191  Val F1: 0.2514  ROC-AUC: 0.7882  PR-AUC: 0.2812
[Target-only] Epoch 2/50 – Loss: 0.5971  Val F1: 0.1938  ROC-AUC: 0.7994  PR-AUC: 0.2824
[Target-only] Epoch 3/50 – Loss: 0.5856  Val F1: 0.1677  ROC-AUC: 0.7770  PR-AUC: 0.3104
[Target-only] Epoch 4/50 – Loss: 0.5875  Val F1: 0.1724  ROC-AUC: 0.7921  PR-AUC: 0.3224
[Target-only] Epoch 5/50 – Loss: 0.5724  Val F1: 0.2957  ROC-AUC: 0.7972  PR-AUC: 0.3031
[Target-only] Epoch 6/50 – Loss: 0.5805  Val F1: 0.2188  ROC-AUC: 0.8028  PR-AUC: 0.2916
[Target-only] Epoch 7/50 – Loss: 0.5736  Val F1: 0.2640  ROC-AUC: 0.8117  PR-AUC: 0.2977
[Target-only] Epoch 8/50 – Loss: 0.5710  Val F1: 0.2889  ROC-AUC: 0.7963  PR-AUC: 0.3024
[Target-only] Epoch 9/50 – Loss: 0.5802  Val F1: 0.1854  ROC-AUC: 0.7974  PR-AUC: 0.2634
[Target-only] Epoch 10/50 – Loss: 0.5626  Val F1: 0.2318  ROC-AUC: 0.8084  PR-AUC: 0.3189
[Target-only] Epoch 11/50 – Loss: 0.5695  Val F1: 0.2314  ROC-AUC: 0.8038  PR-AUC: 0.3104
[Target-only] Epoch 12/50 – Loss: 0.5571  Val F1: 0.2703  ROC-AUC: 0.8033  PR-AUC: 0.3503
[Target-only] Epoch 13/50 – Loss: 0.5619  Val F1: 0.2183  ROC-AUC: 0.7964  PR-AUC: 0.3456
[Target-only] Epoch 14/50 – Loss: 0.5603  Val F1: 0.2080  ROC-AUC: 0.8123  PR-AUC: 0.3691
[Target-only] Epoch 15/50 – Loss: 0.5665  Val F1: 0.2388  ROC-AUC: 0.8160  PR-AUC: 0.3357
[Target-only] Epoch 16/50 – Loss: 0.5609  Val F1: 0.2261  ROC-AUC: 0.8065  PR-AUC: 0.3662
[Target-only] Epoch 17/50 – Loss: 0.5594  Val F1: 0.2034  ROC-AUC: 0.8072  PR-AUC: 0.3336
[Target-only] Epoch 18/50 – Loss: 0.5597  Val F1: 0.2424  ROC-AUC: 0.8185  PR-AUC: 0.3218
[Target-only] Epoch 19/50 – Loss: 0.5636  Val F1: 0.2626  ROC-AUC: 0.8248  PR-AUC: 0.3839
[Target-only] Epoch 20/50 – Loss: 0.5486  Val F1: 0.2324  ROC-AUC: 0.8148  PR-AUC: 0.3701
[Target-only] Epoch 21/50 – Loss: 0.5504  Val F1: 0.2371  ROC-AUC: 0.8134  PR-AUC: 0.3775
[Target-only] Epoch 22/50 – Loss: 0.5336  Val F1: 0.2318  ROC-AUC: 0.8158  PR-AUC: 0.3947
[Target-only] Epoch 23/50 – Loss: 0.5566  Val F1: 0.2466  ROC-AUC: 0.8103  PR-AUC: 0.3937
[Target-only] Epoch 24/50 – Loss: 0.5428  Val F1: 0.2682  ROC-AUC: 0.8088  PR-AUC: 0.3830
[Target-only] Epoch 25/50 – Loss: 0.5413  Val F1: 0.2422  ROC-AUC: 0.8138  PR-AUC: 0.3873
[Target-only] Epoch 26/50 – Loss: 0.5384  Val F1: 0.2788  ROC-AUC: 0.8151  PR-AUC: 0.3742
[Target-only] Epoch 27/50 – Loss: 0.5319  Val F1: 0.2722  ROC-AUC: 0.8146  PR-AUC: 0.3615
[Target-only] Epoch 28/50 – Loss: 0.5387  Val F1: 0.2255  ROC-AUC: 0.8063  PR-AUC: 0.3329
[Target-only] Epoch 29/50 – Loss: 0.5340  Val F1: 0.2660  ROC-AUC: 0.8218  PR-AUC: 0.3331
[Target-only] Epoch 30/50 – Loss: 0.5389  Val F1: 0.2549  ROC-AUC: 0.8260  PR-AUC: 0.3368
[Target-only] Epoch 31/50 – Loss: 0.5323  Val F1: 0.2717  ROC-AUC: 0.8299  PR-AUC: 0.3601
[Target-only] Epoch 32/50 – Loss: 0.5292  Val F1: 0.2537  ROC-AUC: 0.8318  PR-AUC: 0.3717
[Target-only] Epoch 33/50 – Loss: 0.5318  Val F1: 0.2407  ROC-AUC: 0.8266  PR-AUC: 0.3435
[Target-only] Epoch 34/50 – Loss: 0.5260  Val F1: 0.2524  ROC-AUC: 0.8314  PR-AUC: 0.3461
[Target-only] Epoch 35/50 – Loss: 0.5303  Val F1: 0.2717  ROC-AUC: 0.8303  PR-AUC: 0.3498
[Target-only] Epoch 36/50 – Loss: 0.5323  Val F1: 0.2291  ROC-AUC: 0.8336  PR-AUC: 0.3461
[Target-only] Epoch 37/50 – Loss: 0.5203  Val F1: 0.2537  ROC-AUC: 0.8286  PR-AUC: 0.3484
[Target-only] Epoch 38/50 – Loss: 0.5414  Val F1: 0.2874  ROC-AUC: 0.8298  PR-AUC: 0.3479
[Target-only] Epoch 39/50 – Loss: 0.5245  Val F1: 0.2769  ROC-AUC: 0.8274  PR-AUC: 0.3416
[Target-only] Epoch 40/50 – Loss: 0.5307  Val F1: 0.2549  ROC-AUC: 0.8267  PR-AUC: 0.3467
[Target-only] Epoch 41/50 – Loss: 0.5294  Val F1: 0.2809  ROC-AUC: 0.8266  PR-AUC: 0.3470
[Target-only] Epoch 42/50 – Loss: 0.5348  Val F1: 0.2841  ROC-AUC: 0.8267  PR-AUC: 0.3526
[Target-only] Epoch 43/50 – Loss: 0.5296  Val F1: 0.2562  ROC-AUC: 0.8275  PR-AUC: 0.3383
[Target-only] Epoch 44/50 – Loss: 0.5217  Val F1: 0.2857  ROC-AUC: 0.8272  PR-AUC: 0.3461
[Target-only] Epoch 45/50 – Loss: 0.5225  Val F1: 0.2549  ROC-AUC: 0.8287  PR-AUC: 0.3467
[Target-only] Epoch 46/50 – Loss: 0.5362  Val F1: 0.2841  ROC-AUC: 0.8287  PR-AUC: 0.3501
[Target-only] Epoch 47/50 – Loss: 0.5398  Val F1: 0.2723  ROC-AUC: 0.8263  PR-AUC: 0.3472
[Target-only] Epoch 48/50 – Loss: 0.5232  Val F1: 0.2688  ROC-AUC: 0.8243  PR-AUC: 0.3522
[Target-only] Epoch 49/50 – Loss: 0.5327  Val F1: 0.2791  ROC-AUC: 0.8270  PR-AUC: 0.3496
[Target-only] Epoch 50/50 – Loss: 0.5315  Val F1: 0.2549  ROC-AUC: 0.8276  PR-AUC: 0.3472
=== Target-only TEST performance ===
Test F1: 0.3065, ROC-AUC: 0.7711, PR-AUC: 0.2479
[4/4] Embedding 시각화 중...
✅ Embeddings 저장 완료: embeddings_TOX21_ERa_LUC_VM7_Agonist_TOX21_ERa_BLA_Agonist_ch2_GAT.png
✅ 실험 완료: TOX21_ERa_LUC_VM7_Agonist -> TOX21_ERa_BLA_Agonist_ch2 [GAT]
