[13:31:57] Can't kekulize mol.  Unkekulized atoms: 1 2 3 4 5
[13:31:58] Explicit valence for atom # 0 Cl, 2, is greater than permitted
[13:31:59] Can't kekulize mol.  Unkekulized atoms: 3 4 5 6 7
[13:31:59] Can't kekulize mol.  Unkekulized atoms: 3 4 5 6 7
[13:32:01] Can't kekulize mol.  Unkekulized atoms: 1 2 3 4 5
[13:32:01] Can't kekulize mol.  Unkekulized atoms: 3 4 5 6 7
[13:32:02] Can't kekulize mol.  Unkekulized atoms: 1 2 3 4 5
[13:32:02] WARNING: not removing hydrogen atom without neighbors
[13:32:03] Can't kekulize mol.  Unkekulized atoms: 1 2 3 4 5
[13:32:03] Explicit valence for atom # 6 O, 3, is greater than permitted
[13:32:03] Explicit valence for atom # 3 Si, 8, is greater than permitted
[13:32:03] Explicit valence for atom # 0 Cl, 2, is greater than permitted
[13:33:20] Can't kekulize mol.  Unkekulized atoms: 1 2 3 4 5
[13:33:20] Explicit valence for atom # 0 Cl, 2, is greater than permitted
[13:33:21] Can't kekulize mol.  Unkekulized atoms: 3 4 5 6 7
[13:33:21] Can't kekulize mol.  Unkekulized atoms: 3 4 5 6 7
[13:33:24] Can't kekulize mol.  Unkekulized atoms: 1 2 3 4 5
[13:33:24] Can't kekulize mol.  Unkekulized atoms: 3 4 5 6 7
[13:33:24] Can't kekulize mol.  Unkekulized atoms: 1 2 3 4 5
[13:33:24] WARNING: not removing hydrogen atom without neighbors
[13:33:25] Can't kekulize mol.  Unkekulized atoms: 1 2 3 4 5
[13:33:25] Explicit valence for atom # 6 O, 3, is greater than permitted
[13:33:25] Explicit valence for atom # 3 Si, 8, is greater than permitted
[13:33:25] Explicit valence for atom # 0 Cl, 2, is greater than permitted
[13:34:40] Can't kekulize mol.  Unkekulized atoms: 1 2 3 4 5
[13:34:40] Explicit valence for atom # 0 Cl, 2, is greater than permitted
[13:34:41] Can't kekulize mol.  Unkekulized atoms: 3 4 5 6 7
[13:34:42] Can't kekulize mol.  Unkekulized atoms: 3 4 5 6 7
[13:34:44] Can't kekulize mol.  Unkekulized atoms: 1 2 3 4 5
[13:34:44] Can't kekulize mol.  Unkekulized atoms: 3 4 5 6 7
[13:34:45] Can't kekulize mol.  Unkekulized atoms: 1 2 3 4 5
[13:34:45] WARNING: not removing hydrogen atom without neighbors
[13:34:45] Can't kekulize mol.  Unkekulized atoms: 1 2 3 4 5
[13:34:45] Explicit valence for atom # 6 O, 3, is greater than permitted
[13:34:45] Explicit valence for atom # 3 Si, 8, is greater than permitted
[13:34:46] Explicit valence for atom # 0 Cl, 2, is greater than permitted
[13:36:04] Can't kekulize mol.  Unkekulized atoms: 1 2 3 4 5
[13:36:04] Explicit valence for atom # 0 Cl, 2, is greater than permitted
[13:36:05] Can't kekulize mol.  Unkekulized atoms: 3 4 5 6 7
[13:36:05] Can't kekulize mol.  Unkekulized atoms: 3 4 5 6 7
[13:36:08] Can't kekulize mol.  Unkekulized atoms: 1 2 3 4 5
[13:36:08] Can't kekulize mol.  Unkekulized atoms: 3 4 5 6 7
[13:36:08] Can't kekulize mol.  Unkekulized atoms: 1 2 3 4 5
[13:36:08] WARNING: not removing hydrogen atom without neighbors
[13:36:09] Can't kekulize mol.  Unkekulized atoms: 1 2 3 4 5
[13:36:09] Explicit valence for atom # 6 O, 3, is greater than permitted
[13:36:09] Explicit valence for atom # 3 Si, 8, is greater than permitted
[13:36:09] Explicit valence for atom # 0 Cl, 2, is greater than permitted
[13:36:10] Can't kekulize mol.  Unkekulized atoms: 1 2 3 4 5
[13:36:10] Explicit valence for atom # 0 Cl, 2, is greater than permitted
[13:36:11] Can't kekulize mol.  Unkekulized atoms: 3 4 5 6 7
[13:36:11] Can't kekulize mol.  Unkekulized atoms: 3 4 5 6 7
[13:36:13] Can't kekulize mol.  Unkekulized atoms: 1 2 3 4 5
[13:36:13] Can't kekulize mol.  Unkekulized atoms: 3 4 5 6 7
[13:36:14] Can't kekulize mol.  Unkekulized atoms: 1 2 3 4 5
[13:36:14] WARNING: not removing hydrogen atom without neighbors
[13:36:15] Can't kekulize mol.  Unkekulized atoms: 1 2 3 4 5
[13:36:15] Explicit valence for atom # 6 O, 3, is greater than permitted
[13:36:15] Explicit valence for atom # 3 Si, 8, is greater than permitted
[13:36:15] Explicit valence for atom # 0 Cl, 2, is greater than permitted
