[13:37:41] Can't kekulize mol.  Unkekulized atoms: 1 2 3 4 5
[13:37:41] Explicit valence for atom # 0 Cl, 2, is greater than permitted
[13:37:42] Can't kekulize mol.  Unkekulized atoms: 3 4 5 6 7
[13:37:43] Can't kekulize mol.  Unkekulized atoms: 3 4 5 6 7
[13:37:43] WARNING: not removing hydrogen atom without neighbors
[13:37:45] Explicit valence for atom # 3 Si, 8, is greater than permitted
[13:37:46] Can't kekulize mol.  Unkekulized atoms: 1 2 3 4 5
[13:37:46] Can't kekulize mol.  Unkekulized atoms: 3 4 5 6 7
[13:37:46] Can't kekulize mol.  Unkekulized atoms: 1 2 3 4 5
[13:37:46] WARNING: not removing hydrogen atom without neighbors
[13:37:47] Can't kekulize mol.  Unkekulized atoms: 1 2 3 4 5
[13:37:47] Explicit valence for atom # 6 O, 3, is greater than permitted
[13:37:47] Explicit valence for atom # 3 Si, 8, is greater than permitted
[13:37:47] Explicit valence for atom # 0 Cl, 2, is greater than permitted
[13:39:06] Can't kekulize mol.  Unkekulized atoms: 1 2 3 4 5
[13:39:07] Explicit valence for atom # 0 Cl, 2, is greater than permitted
[13:39:07] Can't kekulize mol.  Unkekulized atoms: 3 4 5 6 7
[13:39:08] Can't kekulize mol.  Unkekulized atoms: 3 4 5 6 7
[13:39:10] Can't kekulize mol.  Unkekulized atoms: 1 2 3 4 5
[13:39:10] Can't kekulize mol.  Unkekulized atoms: 3 4 5 6 7
[13:39:11] Can't kekulize mol.  Unkekulized atoms: 1 2 3 4 5
[13:39:11] WARNING: not removing hydrogen atom without neighbors
[13:39:11] Can't kekulize mol.  Unkekulized atoms: 1 2 3 4 5
[13:39:11] Explicit valence for atom # 6 O, 3, is greater than permitted
[13:39:11] Explicit valence for atom # 3 Si, 8, is greater than permitted
[13:39:12] Explicit valence for atom # 0 Cl, 2, is greater than permitted
[13:40:28] Can't kekulize mol.  Unkekulized atoms: 1 2 3 4 5
[13:40:28] Explicit valence for atom # 0 Cl, 2, is greater than permitted
[13:40:29] Can't kekulize mol.  Unkekulized atoms: 3 4 5 6 7
[13:40:30] Can't kekulize mol.  Unkekulized atoms: 3 4 5 6 7
[13:40:32] Can't kekulize mol.  Unkekulized atoms: 1 2 3 4 5
[13:40:32] Can't kekulize mol.  Unkekulized atoms: 3 4 5 6 7
[13:40:33] Can't kekulize mol.  Unkekulized atoms: 1 2 3 4 5
[13:40:33] WARNING: not removing hydrogen atom without neighbors
[13:40:33] Can't kekulize mol.  Unkekulized atoms: 1 2 3 4 5
[13:40:33] Explicit valence for atom # 6 O, 3, is greater than permitted
[13:40:33] Explicit valence for atom # 3 Si, 8, is greater than permitted
[13:40:34] Explicit valence for atom # 0 Cl, 2, is greater than permitted
[13:41:53] Can't kekulize mol.  Unkekulized atoms: 1 2 3 4 5
[13:41:53] Explicit valence for atom # 0 Cl, 2, is greater than permitted
[13:41:54] Can't kekulize mol.  Unkekulized atoms: 3 4 5 6 7
[13:41:54] Can't kekulize mol.  Unkekulized atoms: 3 4 5 6 7
[13:41:57] Can't kekulize mol.  Unkekulized atoms: 1 2 3 4 5
[13:41:57] Can't kekulize mol.  Unkekulized atoms: 3 4 5 6 7
[13:41:57] Can't kekulize mol.  Unkekulized atoms: 1 2 3 4 5
[13:41:57] WARNING: not removing hydrogen atom without neighbors
[13:41:58] Can't kekulize mol.  Unkekulized atoms: 1 2 3 4 5
[13:41:58] Explicit valence for atom # 6 O, 3, is greater than permitted
[13:41:58] Explicit valence for atom # 3 Si, 8, is greater than permitted
[13:41:58] Explicit valence for atom # 0 Cl, 2, is greater than permitted
[13:41:59] Can't kekulize mol.  Unkekulized atoms: 1 2 3 4 5
[13:41:59] Explicit valence for atom # 0 Cl, 2, is greater than permitted
[13:42:00] Can't kekulize mol.  Unkekulized atoms: 3 4 5 6 7
[13:42:00] Can't kekulize mol.  Unkekulized atoms: 3 4 5 6 7
[13:42:02] Can't kekulize mol.  Unkekulized atoms: 1 2 3 4 5
[13:42:03] Can't kekulize mol.  Unkekulized atoms: 3 4 5 6 7
[13:42:03] Can't kekulize mol.  Unkekulized atoms: 1 2 3 4 5
[13:42:03] WARNING: not removing hydrogen atom without neighbors
[13:42:04] Can't kekulize mol.  Unkekulized atoms: 1 2 3 4 5
[13:42:04] Explicit valence for atom # 6 O, 3, is greater than permitted
[13:42:04] Explicit valence for atom # 3 Si, 8, is greater than permitted
[13:42:04] Explicit valence for atom # 0 Cl, 2, is greater than permitted
