[13:38:06] Can't kekulize mol.  Unkekulized atoms: 1 2 3 4 5
[13:38:07] Explicit valence for atom # 0 Cl, 2, is greater than permitted
[13:38:08] Can't kekulize mol.  Unkekulized atoms: 3 4 5 6 7
[13:38:08] Can't kekulize mol.  Unkekulized atoms: 3 4 5 6 7
[13:38:09] WARNING: not removing hydrogen atom without neighbors
[13:38:11] Explicit valence for atom # 3 Si, 8, is greater than permitted
[13:38:11] Can't kekulize mol.  Unkekulized atoms: 1 2 3 4 5
[13:38:11] Can't kekulize mol.  Unkekulized atoms: 3 4 5 6 7
[13:38:12] Can't kekulize mol.  Unkekulized atoms: 1 2 3 4 5
[13:38:12] WARNING: not removing hydrogen atom without neighbors
[13:38:12] Can't kekulize mol.  Unkekulized atoms: 1 2 3 4 5
[13:38:12] Explicit valence for atom # 6 O, 3, is greater than permitted
[13:38:12] Explicit valence for atom # 3 Si, 8, is greater than permitted
[13:38:13] Explicit valence for atom # 0 Cl, 2, is greater than permitted
[13:39:37] Can't kekulize mol.  Unkekulized atoms: 1 2 3 4 5
[13:39:37] Explicit valence for atom # 0 Cl, 2, is greater than permitted
[13:39:38] Can't kekulize mol.  Unkekulized atoms: 3 4 5 6 7
[13:39:38] Can't kekulize mol.  Unkekulized atoms: 3 4 5 6 7
[13:39:41] Can't kekulize mol.  Unkekulized atoms: 1 2 3 4 5
[13:39:41] Can't kekulize mol.  Unkekulized atoms: 3 4 5 6 7
[13:39:41] Can't kekulize mol.  Unkekulized atoms: 1 2 3 4 5
[13:39:41] WARNING: not removing hydrogen atom without neighbors
[13:39:42] Can't kekulize mol.  Unkekulized atoms: 1 2 3 4 5
[13:39:42] Explicit valence for atom # 6 O, 3, is greater than permitted
[13:39:42] Explicit valence for atom # 3 Si, 8, is greater than permitted
[13:39:42] Explicit valence for atom # 0 Cl, 2, is greater than permitted
[13:41:01] Can't kekulize mol.  Unkekulized atoms: 1 2 3 4 5
[13:41:01] Explicit valence for atom # 0 Cl, 2, is greater than permitted
[13:41:02] Can't kekulize mol.  Unkekulized atoms: 3 4 5 6 7
[13:41:02] Can't kekulize mol.  Unkekulized atoms: 3 4 5 6 7
[13:41:05] Can't kekulize mol.  Unkekulized atoms: 1 2 3 4 5
[13:41:05] Can't kekulize mol.  Unkekulized atoms: 3 4 5 6 7
[13:41:05] Can't kekulize mol.  Unkekulized atoms: 1 2 3 4 5
[13:41:05] WARNING: not removing hydrogen atom without neighbors
[13:41:06] Can't kekulize mol.  Unkekulized atoms: 1 2 3 4 5
[13:41:06] Explicit valence for atom # 6 O, 3, is greater than permitted
[13:41:06] Explicit valence for atom # 3 Si, 8, is greater than permitted
[13:41:06] Explicit valence for atom # 0 Cl, 2, is greater than permitted
[13:42:27] Can't kekulize mol.  Unkekulized atoms: 1 2 3 4 5
[13:42:28] Explicit valence for atom # 0 Cl, 2, is greater than permitted
[13:42:29] Can't kekulize mol.  Unkekulized atoms: 3 4 5 6 7
[13:42:29] Can't kekulize mol.  Unkekulized atoms: 3 4 5 6 7
[13:42:31] Can't kekulize mol.  Unkekulized atoms: 1 2 3 4 5
[13:42:32] Can't kekulize mol.  Unkekulized atoms: 3 4 5 6 7
[13:42:32] Can't kekulize mol.  Unkekulized atoms: 1 2 3 4 5
[13:42:32] WARNING: not removing hydrogen atom without neighbors
[13:42:33] Can't kekulize mol.  Unkekulized atoms: 1 2 3 4 5
[13:42:33] Explicit valence for atom # 6 O, 3, is greater than permitted
[13:42:33] Explicit valence for atom # 3 Si, 8, is greater than permitted
[13:42:33] Explicit valence for atom # 0 Cl, 2, is greater than permitted
[13:42:34] Can't kekulize mol.  Unkekulized atoms: 1 2 3 4 5
[13:42:34] Explicit valence for atom # 0 Cl, 2, is greater than permitted
[13:42:35] Can't kekulize mol.  Unkekulized atoms: 3 4 5 6 7
[13:42:35] Can't kekulize mol.  Unkekulized atoms: 3 4 5 6 7
[13:42:37] Can't kekulize mol.  Unkekulized atoms: 1 2 3 4 5
[13:42:37] Can't kekulize mol.  Unkekulized atoms: 3 4 5 6 7
[13:42:38] Can't kekulize mol.  Unkekulized atoms: 1 2 3 4 5
[13:42:38] WARNING: not removing hydrogen atom without neighbors
[13:42:39] Can't kekulize mol.  Unkekulized atoms: 1 2 3 4 5
[13:42:39] Explicit valence for atom # 6 O, 3, is greater than permitted
[13:42:39] Explicit valence for atom # 3 Si, 8, is greater than permitted
[13:42:39] Explicit valence for atom # 0 Cl, 2, is greater than permitted
