[13:34:27] Can't kekulize mol.  Unkekulized atoms: 1 2 3 4 5
[13:34:28] Explicit valence for atom # 0 Cl, 2, is greater than permitted
[13:34:29] Can't kekulize mol.  Unkekulized atoms: 3 4 5 6 7
[13:34:29] Can't kekulize mol.  Unkekulized atoms: 3 4 5 6 7
[13:34:30] WARNING: not removing hydrogen atom without neighbors
[13:34:32] Explicit valence for atom # 3 Si, 8, is greater than permitted
[13:34:32] Can't kekulize mol.  Unkekulized atoms: 1 2 3 4 5
[13:34:32] Can't kekulize mol.  Unkekulized atoms: 3 4 5 6 7
[13:34:33] Can't kekulize mol.  Unkekulized atoms: 1 2 3 4 5
[13:34:33] WARNING: not removing hydrogen atom without neighbors
[13:34:33] Can't kekulize mol.  Unkekulized atoms: 1 2 3 4 5
[13:34:33] Explicit valence for atom # 6 O, 3, is greater than permitted
[13:34:33] Explicit valence for atom # 3 Si, 8, is greater than permitted
[13:34:34] Explicit valence for atom # 0 Cl, 2, is greater than permitted
[13:35:55] Can't kekulize mol.  Unkekulized atoms: 1 2 3 4 5
[13:35:55] Explicit valence for atom # 0 Cl, 2, is greater than permitted
[13:35:56] Can't kekulize mol.  Unkekulized atoms: 3 4 5 6 7
[13:35:56] Can't kekulize mol.  Unkekulized atoms: 3 4 5 6 7
[13:35:59] Can't kekulize mol.  Unkekulized atoms: 1 2 3 4 5
[13:35:59] Can't kekulize mol.  Unkekulized atoms: 3 4 5 6 7
[13:35:59] Can't kekulize mol.  Unkekulized atoms: 1 2 3 4 5
[13:35:59] WARNING: not removing hydrogen atom without neighbors
[13:36:00] Can't kekulize mol.  Unkekulized atoms: 1 2 3 4 5
[13:36:00] Explicit valence for atom # 6 O, 3, is greater than permitted
[13:36:00] Explicit valence for atom # 3 Si, 8, is greater than permitted
[13:36:00] Explicit valence for atom # 0 Cl, 2, is greater than permitted
[13:37:18] Can't kekulize mol.  Unkekulized atoms: 1 2 3 4 5
[13:37:18] Explicit valence for atom # 0 Cl, 2, is greater than permitted
[13:37:19] Can't kekulize mol.  Unkekulized atoms: 3 4 5 6 7
[13:37:20] Can't kekulize mol.  Unkekulized atoms: 3 4 5 6 7
[13:37:22] Can't kekulize mol.  Unkekulized atoms: 1 2 3 4 5
[13:37:22] Can't kekulize mol.  Unkekulized atoms: 3 4 5 6 7
[13:37:23] Can't kekulize mol.  Unkekulized atoms: 1 2 3 4 5
[13:37:23] WARNING: not removing hydrogen atom without neighbors
[13:37:23] Can't kekulize mol.  Unkekulized atoms: 1 2 3 4 5
[13:37:23] Explicit valence for atom # 6 O, 3, is greater than permitted
[13:37:23] Explicit valence for atom # 3 Si, 8, is greater than permitted
[13:37:23] Explicit valence for atom # 0 Cl, 2, is greater than permitted
[13:38:43] Can't kekulize mol.  Unkekulized atoms: 1 2 3 4 5
[13:38:43] Explicit valence for atom # 0 Cl, 2, is greater than permitted
[13:38:44] Can't kekulize mol.  Unkekulized atoms: 3 4 5 6 7
[13:38:44] Can't kekulize mol.  Unkekulized atoms: 3 4 5 6 7
[13:38:47] Can't kekulize mol.  Unkekulized atoms: 1 2 3 4 5
[13:38:47] Can't kekulize mol.  Unkekulized atoms: 3 4 5 6 7
[13:38:48] Can't kekulize mol.  Unkekulized atoms: 1 2 3 4 5
[13:38:48] WARNING: not removing hydrogen atom without neighbors
[13:38:48] Can't kekulize mol.  Unkekulized atoms: 1 2 3 4 5
[13:38:48] Explicit valence for atom # 6 O, 3, is greater than permitted
[13:38:48] Explicit valence for atom # 3 Si, 8, is greater than permitted
[13:38:49] Explicit valence for atom # 0 Cl, 2, is greater than permitted
[13:38:49] Can't kekulize mol.  Unkekulized atoms: 1 2 3 4 5
[13:38:49] Explicit valence for atom # 0 Cl, 2, is greater than permitted
[13:38:50] Can't kekulize mol.  Unkekulized atoms: 3 4 5 6 7
[13:38:51] Can't kekulize mol.  Unkekulized atoms: 3 4 5 6 7
[13:38:53] Can't kekulize mol.  Unkekulized atoms: 1 2 3 4 5
[13:38:53] Can't kekulize mol.  Unkekulized atoms: 3 4 5 6 7
[13:38:54] Can't kekulize mol.  Unkekulized atoms: 1 2 3 4 5
[13:38:54] WARNING: not removing hydrogen atom without neighbors
[13:38:54] Can't kekulize mol.  Unkekulized atoms: 1 2 3 4 5
[13:38:54] Explicit valence for atom # 6 O, 3, is greater than permitted
[13:38:54] Explicit valence for atom # 3 Si, 8, is greater than permitted
[13:38:55] Explicit valence for atom # 0 Cl, 2, is greater than permitted
