[1/4] Excel → CSV 변환 중...
Saved pretrain CSV for TOX21_ERa_BLA_Antagonist_ratio: data/sample/TOX21_ERa_BLA_Antagonist_ratio.csv
Saved pretrain CSV for TOX21_ERa_LUC_VM7_Agonist: data/sample/TOX21_ERa_LUC_VM7_Agonist.csv
Saved pretrain CSV for TOX21_ERa_BLA_Antagonist_viability: data/sample/TOX21_ERa_BLA_Antagonist_viability.csv
Saved pretrain CSV for TOX21_ERa_LUC_VM7_Antagonist_0.5nM_E2: data/sample/TOX21_ERa_LUC_VM7_Antagonist_0.5nM_E2.csv
Saved pretrain CSV for TOX21_ERa_BLA_Antagonist_ch2: data/sample/TOX21_ERa_BLA_Antagonist_ch2.csv
Saved pretrain CSV for TOX21_ERa_BLA_Antagonist_ch1: data/sample/TOX21_ERa_BLA_Antagonist_ch1.csv
Saved pretrain CSV for TOX21_ERa_LUC_VM7_Antagonist_0.5nM_E2_viability: data/sample/TOX21_ERa_LUC_VM7_Antagonist_0.5nM_E2_viability.csv
Saved pretrain CSV for TOX21_ERa_BLA_Agonist_ch2: data/sample/TOX21_ERa_BLA_Agonist_ch2.csv
Saved pretrain CSV for TOX21_ERa_BLA_Agonist_ch1: data/sample/TOX21_ERa_BLA_Agonist_ch1.csv
Saved pretrain CSV for TOX21_ERa_BLA_Agonist_ratio: data/sample/TOX21_ERa_BLA_Agonist_ratio.csv
Saved pretrain CSV for TOX21_ERb_BLA_Antagonist_ch1: data/sample/TOX21_ERb_BLA_Antagonist_ch1.csv
Saved pretrain CSV for TOX21_ERb_BLA_Antagonist_ch2: data/sample/TOX21_ERb_BLA_Antagonist_ch2.csv
Saved pretrain CSV for TOX21_ERb_BLA_Agonist_viability: data/sample/TOX21_ERb_BLA_Agonist_viability.csv
Saved pretrain CSV for TOX21_ERb_BLA_Agonist_ratio: data/sample/TOX21_ERb_BLA_Agonist_ratio.csv
Saved pretrain CSV for TOX21_ERb_BLA_Agonist_ch2: data/sample/TOX21_ERb_BLA_Agonist_ch2.csv
Saved pretrain CSV for TOX21_ERb_BLA_Agonist_ch1: data/sample/TOX21_ERb_BLA_Agonist_ch1.csv
Saved pretrain CSV for TOX21_ERR_LUC_Agonist: data/sample/TOX21_ERR_LUC_Agonist.csv
Saved pretrain CSV for TOX21_ERa_LUC_VM7_Agonist_10nM_ICI182780_viability: data/sample/TOX21_ERa_LUC_VM7_Agonist_10nM_ICI182780_viability.csv
Saved pretrain CSV for TOX21_ERa_LUC_VM7_Antagonist_0.1nM_E2: data/sample/TOX21_ERa_LUC_VM7_Antagonist_0.1nM_E2.csv
Saved pretrain CSV for TOX21_ERb_BLA_Antagonist_ratio: data/sample/TOX21_ERb_BLA_Antagonist_ratio.csv
Saved pretrain CSV for TOX21_ERa_LUC_VM7_Agonist_10nM_ICI182780: data/sample/TOX21_ERa_LUC_VM7_Agonist_10nM_ICI182780.csv
Saved pretrain CSV for TOX21_ERR_LUC_viability: data/sample/TOX21_ERR_LUC_viability.csv
Saved pretrain CSV for TOX21_ERR_LUC_Antagonist: data/sample/TOX21_ERR_LUC_Antagonist.csv
Saved pretrain CSV for TOX21_ERa_LUC_VM7_Antagonist_0.1nM_E2_viability: data/sample/TOX21_ERa_LUC_VM7_Antagonist_0.1nM_E2_viability.csv
Saved pretrain CSV for TOX21_ERb_BLA_Antagonist_viability: data/sample/TOX21_ERb_BLA_Antagonist_viability.csv
Saved finetune CSV for TOX21_ERa_BLA_Antagonist_ratio: data/sample/TOX21_ERa_BLA_Antagonist_ratio.csv
Saved finetune CSV for TOX21_ERa_LUC_VM7_Agonist: data/sample/TOX21_ERa_LUC_VM7_Agonist.csv
Saved finetune CSV for TOX21_ERa_BLA_Antagonist_viability: data/sample/TOX21_ERa_BLA_Antagonist_viability.csv
Saved finetune CSV for TOX21_ERa_LUC_VM7_Antagonist_0.5nM_E2: data/sample/TOX21_ERa_LUC_VM7_Antagonist_0.5nM_E2.csv
Saved finetune CSV for TOX21_ERa_BLA_Antagonist_ch2: data/sample/TOX21_ERa_BLA_Antagonist_ch2.csv
Saved finetune CSV for TOX21_ERa_BLA_Antagonist_ch1: data/sample/TOX21_ERa_BLA_Antagonist_ch1.csv
Saved finetune CSV for TOX21_ERa_LUC_VM7_Antagonist_0.5nM_E2_viability: data/sample/TOX21_ERa_LUC_VM7_Antagonist_0.5nM_E2_viability.csv
Saved finetune CSV for TOX21_ERa_BLA_Agonist_ch2: data/sample/TOX21_ERa_BLA_Agonist_ch2.csv
Saved finetune CSV for TOX21_ERa_BLA_Agonist_ch1: data/sample/TOX21_ERa_BLA_Agonist_ch1.csv
Saved finetune CSV for TOX21_ERa_BLA_Agonist_ratio: data/sample/TOX21_ERa_BLA_Agonist_ratio.csv
Saved finetune CSV for TOX21_ERb_BLA_Antagonist_ch1: data/sample/TOX21_ERb_BLA_Antagonist_ch1.csv
Saved finetune CSV for TOX21_ERb_BLA_Antagonist_ch2: data/sample/TOX21_ERb_BLA_Antagonist_ch2.csv
Saved finetune CSV for TOX21_ERb_BLA_Agonist_viability: data/sample/TOX21_ERb_BLA_Agonist_viability.csv
Saved finetune CSV for TOX21_ERb_BLA_Agonist_ratio: data/sample/TOX21_ERb_BLA_Agonist_ratio.csv
Saved finetune CSV for TOX21_ERb_BLA_Agonist_ch2: data/sample/TOX21_ERb_BLA_Agonist_ch2.csv
Saved finetune CSV for TOX21_ERb_BLA_Agonist_ch1: data/sample/TOX21_ERb_BLA_Agonist_ch1.csv
Saved finetune CSV for TOX21_ERR_LUC_Agonist: data/sample/TOX21_ERR_LUC_Agonist.csv
Saved finetune CSV for TOX21_ERa_LUC_VM7_Agonist_10nM_ICI182780_viability: data/sample/TOX21_ERa_LUC_VM7_Agonist_10nM_ICI182780_viability.csv
Saved finetune CSV for TOX21_ERa_LUC_VM7_Antagonist_0.1nM_E2: data/sample/TOX21_ERa_LUC_VM7_Antagonist_0.1nM_E2.csv
Saved finetune CSV for TOX21_ERb_BLA_Antagonist_ratio: data/sample/TOX21_ERb_BLA_Antagonist_ratio.csv
Saved finetune CSV for TOX21_ERa_LUC_VM7_Agonist_10nM_ICI182780: data/sample/TOX21_ERa_LUC_VM7_Agonist_10nM_ICI182780.csv
Saved finetune CSV for TOX21_ERR_LUC_viability: data/sample/TOX21_ERR_LUC_viability.csv
Saved finetune CSV for TOX21_ERR_LUC_Antagonist: data/sample/TOX21_ERR_LUC_Antagonist.csv
Saved finetune CSV for TOX21_ERa_LUC_VM7_Antagonist_0.1nM_E2_viability: data/sample/TOX21_ERa_LUC_VM7_Antagonist_0.1nM_E2_viability.csv
Saved finetune CSV for TOX21_ERb_BLA_Antagonist_viability: data/sample/TOX21_ERb_BLA_Antagonist_viability.csv
[2/4] Pretraining on TOX21_ERa_BLA_Antagonist_ratio using GIN_GCN...
Epoch 1/100 - Loss: 0.6287 - Val F1: 0.3343 - Val ROC-AUC: 0.6994 - Val PR-AUC: 0.2419
Epoch 2/100 - Loss: 0.5937 - Val F1: 0.3697 - Val ROC-AUC: 0.7248 - Val PR-AUC: 0.2466
Epoch 3/100 - Loss: 0.5741 - Val F1: 0.2892 - Val ROC-AUC: 0.6823 - Val PR-AUC: 0.2070
Epoch 4/100 - Loss: 0.5637 - Val F1: 0.3498 - Val ROC-AUC: 0.7529 - Val PR-AUC: 0.2736
Epoch 5/100 - Loss: 0.5400 - Val F1: 0.3925 - Val ROC-AUC: 0.7766 - Val PR-AUC: 0.3171
Epoch 6/100 - Loss: 0.5519 - Val F1: 0.3377 - Val ROC-AUC: 0.7608 - Val PR-AUC: 0.2878
Epoch 7/100 - Loss: 0.5411 - Val F1: 0.3646 - Val ROC-AUC: 0.7615 - Val PR-AUC: 0.2753
Epoch 8/100 - Loss: 0.5159 - Val F1: 0.3951 - Val ROC-AUC: 0.7747 - Val PR-AUC: 0.2897
Epoch 9/100 - Loss: 0.5201 - Val F1: 0.3797 - Val ROC-AUC: 0.7777 - Val PR-AUC: 0.3190
Epoch 10/100 - Loss: 0.5057 - Val F1: 0.3814 - Val ROC-AUC: 0.7708 - Val PR-AUC: 0.2937
Epoch 11/100 - Loss: 0.4858 - Val F1: 0.4010 - Val ROC-AUC: 0.7960 - Val PR-AUC: 0.3344
Epoch 12/100 - Loss: 0.4869 - Val F1: 0.3886 - Val ROC-AUC: 0.7956 - Val PR-AUC: 0.3241
Epoch 13/100 - Loss: 0.4689 - Val F1: 0.3893 - Val ROC-AUC: 0.7961 - Val PR-AUC: 0.3222
Epoch 14/100 - Loss: 0.4662 - Val F1: 0.3830 - Val ROC-AUC: 0.7789 - Val PR-AUC: 0.3061
Epoch 15/100 - Loss: 0.4537 - Val F1: 0.3988 - Val ROC-AUC: 0.7909 - Val PR-AUC: 0.3061
Epoch 16/100 - Loss: 0.4489 - Val F1: 0.3887 - Val ROC-AUC: 0.7840 - Val PR-AUC: 0.3031
Epoch 17/100 - Loss: 0.4477 - Val F1: 0.3912 - Val ROC-AUC: 0.7971 - Val PR-AUC: 0.3334
Epoch 18/100 - Loss: 0.4395 - Val F1: 0.3980 - Val ROC-AUC: 0.7986 - Val PR-AUC: 0.3205
Epoch 19/100 - Loss: 0.4409 - Val F1: 0.3941 - Val ROC-AUC: 0.8019 - Val PR-AUC: 0.3249
Epoch 20/100 - Loss: 0.4314 - Val F1: 0.3821 - Val ROC-AUC: 0.7939 - Val PR-AUC: 0.3311
Epoch 21/100 - Loss: 0.4204 - Val F1: 0.4138 - Val ROC-AUC: 0.7967 - Val PR-AUC: 0.3366
Epoch 22/100 - Loss: 0.4044 - Val F1: 0.3937 - Val ROC-AUC: 0.7980 - Val PR-AUC: 0.3439
Epoch 23/100 - Loss: 0.4070 - Val F1: 0.4176 - Val ROC-AUC: 0.8133 - Val PR-AUC: 0.3352
Epoch 24/100 - Loss: 0.3975 - Val F1: 0.4171 - Val ROC-AUC: 0.8169 - Val PR-AUC: 0.3579
Epoch 25/100 - Loss: 0.4121 - Val F1: 0.3966 - Val ROC-AUC: 0.8044 - Val PR-AUC: 0.3414
Epoch 26/100 - Loss: 0.3894 - Val F1: 0.3979 - Val ROC-AUC: 0.8114 - Val PR-AUC: 0.3544
Epoch 27/100 - Loss: 0.3978 - Val F1: 0.4011 - Val ROC-AUC: 0.7977 - Val PR-AUC: 0.3256
Epoch 28/100 - Loss: 0.3817 - Val F1: 0.4109 - Val ROC-AUC: 0.7986 - Val PR-AUC: 0.3430
Epoch 29/100 - Loss: 0.3789 - Val F1: 0.4274 - Val ROC-AUC: 0.8186 - Val PR-AUC: 0.3542
Epoch 30/100 - Loss: 0.3640 - Val F1: 0.3889 - Val ROC-AUC: 0.8082 - Val PR-AUC: 0.3600
Epoch 31/100 - Loss: 0.3526 - Val F1: 0.4274 - Val ROC-AUC: 0.8176 - Val PR-AUC: 0.3556
Epoch 32/100 - Loss: 0.3555 - Val F1: 0.4254 - Val ROC-AUC: 0.8067 - Val PR-AUC: 0.3513
Epoch 33/100 - Loss: 0.3508 - Val F1: 0.4188 - Val ROC-AUC: 0.8116 - Val PR-AUC: 0.3569
Epoch 34/100 - Loss: 0.3526 - Val F1: 0.4121 - Val ROC-AUC: 0.8127 - Val PR-AUC: 0.3425
Epoch 35/100 - Loss: 0.3561 - Val F1: 0.4160 - Val ROC-AUC: 0.8070 - Val PR-AUC: 0.3364
Epoch 36/100 - Loss: 0.3450 - Val F1: 0.4082 - Val ROC-AUC: 0.8063 - Val PR-AUC: 0.3477
Epoch 37/100 - Loss: 0.3441 - Val F1: 0.4389 - Val ROC-AUC: 0.8150 - Val PR-AUC: 0.3535
Epoch 38/100 - Loss: 0.3321 - Val F1: 0.4290 - Val ROC-AUC: 0.8009 - Val PR-AUC: 0.3255
Epoch 39/100 - Loss: 0.3353 - Val F1: 0.4150 - Val ROC-AUC: 0.8105 - Val PR-AUC: 0.3451
Epoch 40/100 - Loss: 0.3149 - Val F1: 0.4198 - Val ROC-AUC: 0.8062 - Val PR-AUC: 0.3356
Epoch 41/100 - Loss: 0.3167 - Val F1: 0.4140 - Val ROC-AUC: 0.8105 - Val PR-AUC: 0.3420
Epoch 42/100 - Loss: 0.3206 - Val F1: 0.4286 - Val ROC-AUC: 0.8073 - Val PR-AUC: 0.3494
Epoch 43/100 - Loss: 0.3109 - Val F1: 0.4087 - Val ROC-AUC: 0.8007 - Val PR-AUC: 0.3276
Epoch 44/100 - Loss: 0.3147 - Val F1: 0.4195 - Val ROC-AUC: 0.8076 - Val PR-AUC: 0.3329
Epoch 45/100 - Loss: 0.3079 - Val F1: 0.4246 - Val ROC-AUC: 0.8051 - Val PR-AUC: 0.3208
Epoch 46/100 - Loss: 0.3117 - Val F1: 0.4246 - Val ROC-AUC: 0.8094 - Val PR-AUC: 0.3506
Epoch 47/100 - Loss: 0.3122 - Val F1: 0.4257 - Val ROC-AUC: 0.8082 - Val PR-AUC: 0.3447
Epoch 48/100 - Loss: 0.3054 - Val F1: 0.4409 - Val ROC-AUC: 0.8139 - Val PR-AUC: 0.3511
Epoch 49/100 - Loss: 0.2982 - Val F1: 0.4339 - Val ROC-AUC: 0.8005 - Val PR-AUC: 0.3268
Epoch 50/100 - Loss: 0.2961 - Val F1: 0.4176 - Val ROC-AUC: 0.8021 - Val PR-AUC: 0.3229
