[10:28:45] Can't kekulize mol.  Unkekulized atoms: 1 2 3 4 5
[10:28:46] Explicit valence for atom # 0 Cl, 2, is greater than permitted
[10:28:47] Can't kekulize mol.  Unkekulized atoms: 3 4 5 6 7
[10:28:47] Can't kekulize mol.  Unkekulized atoms: 3 4 5 6 7
[10:28:47] WARNING: not removing hydrogen atom without neighbors
[10:28:49] Explicit valence for atom # 3 Si, 8, is greater than permitted
[10:28:50] Can't kekulize mol.  Unkekulized atoms: 1 2 3 4 5
[10:28:50] Can't kekulize mol.  Unkekulized atoms: 3 4 5 6 7
[10:28:50] Can't kekulize mol.  Unkekulized atoms: 1 2 3 4 5
[10:28:50] WARNING: not removing hydrogen atom without neighbors
[10:28:51] Can't kekulize mol.  Unkekulized atoms: 1 2 3 4 5
[10:28:51] Explicit valence for atom # 6 O, 3, is greater than permitted
[10:28:51] Explicit valence for atom # 3 Si, 8, is greater than permitted
[10:28:51] Explicit valence for atom # 0 Cl, 2, is greater than permitted
[10:31:21] Can't kekulize mol.  Unkekulized atoms: 1 2 3 4 5
[10:31:21] Explicit valence for atom # 0 Cl, 2, is greater than permitted
[10:31:22] Can't kekulize mol.  Unkekulized atoms: 3 4 5 6 7
[10:31:22] Can't kekulize mol.  Unkekulized atoms: 3 4 5 6 7
[10:31:23] WARNING: not removing hydrogen atom without neighbors
[10:31:25] Explicit valence for atom # 3 Si, 8, is greater than permitted
[10:31:25] Can't kekulize mol.  Unkekulized atoms: 1 2 3 4 5
[10:31:25] Can't kekulize mol.  Unkekulized atoms: 3 4 5 6 7
[10:31:26] Can't kekulize mol.  Unkekulized atoms: 1 2 3 4 5
[10:31:26] WARNING: not removing hydrogen atom without neighbors
[10:31:26] Can't kekulize mol.  Unkekulized atoms: 1 2 3 4 5
[10:31:26] Explicit valence for atom # 6 O, 3, is greater than permitted
[10:31:26] Explicit valence for atom # 3 Si, 8, is greater than permitted
[10:31:27] Explicit valence for atom # 0 Cl, 2, is greater than permitted
[10:32:45] Can't kekulize mol.  Unkekulized atoms: 1 2 3 4 5
[10:32:46] Explicit valence for atom # 0 Cl, 2, is greater than permitted
[10:32:47] Can't kekulize mol.  Unkekulized atoms: 3 4 5 6 7
[10:32:47] Can't kekulize mol.  Unkekulized atoms: 3 4 5 6 7
[10:32:48] WARNING: not removing hydrogen atom without neighbors
[10:32:50] Explicit valence for atom # 3 Si, 8, is greater than permitted
[10:32:50] Can't kekulize mol.  Unkekulized atoms: 1 2 3 4 5
[10:32:50] Can't kekulize mol.  Unkekulized atoms: 3 4 5 6 7
[10:32:51] Can't kekulize mol.  Unkekulized atoms: 1 2 3 4 5
[10:32:51] WARNING: not removing hydrogen atom without neighbors
[10:32:51] Can't kekulize mol.  Unkekulized atoms: 1 2 3 4 5
[10:32:51] Explicit valence for atom # 6 O, 3, is greater than permitted
[10:32:51] Explicit valence for atom # 3 Si, 8, is greater than permitted
[10:32:52] Explicit valence for atom # 0 Cl, 2, is greater than permitted
