[1/4] Excel → CSV 변환 중...
[2/4] Pretraining on TOX21_ERb_BLA_Antagonist_ch1 using GCN...
Epoch 1/50 - Loss: 0.5760 - Val F1: 0.1151 - Val ROC-AUC: 0.7313 - Val PR-AUC: 0.1098
Epoch 2/50 - Loss: 0.4968 - Val F1: 0.1303 - Val ROC-AUC: 0.7903 - Val PR-AUC: 0.1801
Epoch 3/50 - Loss: 0.4891 - Val F1: 0.1268 - Val ROC-AUC: 0.6887 - Val PR-AUC: 0.0891
Epoch 4/50 - Loss: 0.4800 - Val F1: 0.0994 - Val ROC-AUC: 0.7413 - Val PR-AUC: 0.1025
Epoch 5/50 - Loss: 0.4589 - Val F1: 0.0976 - Val ROC-AUC: 0.7594 - Val PR-AUC: 0.1121
Epoch 6/50 - Loss: 0.4508 - Val F1: 0.1128 - Val ROC-AUC: 0.7161 - Val PR-AUC: 0.0890
Epoch 7/50 - Loss: 0.4418 - Val F1: 0.1083 - Val ROC-AUC: 0.7078 - Val PR-AUC: 0.0889
Epoch 8/50 - Loss: 0.4258 - Val F1: 0.1376 - Val ROC-AUC: 0.6964 - Val PR-AUC: 0.0697
Epoch 9/50 - Loss: 0.4372 - Val F1: 0.1350 - Val ROC-AUC: 0.7125 - Val PR-AUC: 0.0742
Epoch 10/50 - Loss: 0.4236 - Val F1: 0.1117 - Val ROC-AUC: 0.7001 - Val PR-AUC: 0.0664
Epoch 11/50 - Loss: 0.3898 - Val F1: 0.1271 - Val ROC-AUC: 0.7170 - Val PR-AUC: 0.0896
Epoch 12/50 - Loss: 0.3879 - Val F1: 0.1313 - Val ROC-AUC: 0.7007 - Val PR-AUC: 0.0870
Epoch 13/50 - Loss: 0.3755 - Val F1: 0.1389 - Val ROC-AUC: 0.6837 - Val PR-AUC: 0.0695
Epoch 14/50 - Loss: 0.3707 - Val F1: 0.1477 - Val ROC-AUC: 0.7107 - Val PR-AUC: 0.0831
Epoch 15/50 - Loss: 0.3664 - Val F1: 0.1463 - Val ROC-AUC: 0.7048 - Val PR-AUC: 0.0906
Epoch 16/50 - Loss: 0.3559 - Val F1: 0.1333 - Val ROC-AUC: 0.7218 - Val PR-AUC: 0.0800
Epoch 17/50 - Loss: 0.3681 - Val F1: 0.1734 - Val ROC-AUC: 0.7125 - Val PR-AUC: 0.1018
Epoch 18/50 - Loss: 0.3644 - Val F1: 0.1714 - Val ROC-AUC: 0.7528 - Val PR-AUC: 0.1160
Epoch 19/50 - Loss: 0.3679 - Val F1: 0.1648 - Val ROC-AUC: 0.7402 - Val PR-AUC: 0.1036
Epoch 20/50 - Loss: 0.3443 - Val F1: 0.1502 - Val ROC-AUC: 0.7334 - Val PR-AUC: 0.0964
Epoch 21/50 - Loss: 0.3273 - Val F1: 0.2000 - Val ROC-AUC: 0.7373 - Val PR-AUC: 0.0924
Epoch 22/50 - Loss: 0.3210 - Val F1: 0.1685 - Val ROC-AUC: 0.7358 - Val PR-AUC: 0.1072
Epoch 23/50 - Loss: 0.3256 - Val F1: 0.1571 - Val ROC-AUC: 0.7308 - Val PR-AUC: 0.0864
Epoch 24/50 - Loss: 0.3197 - Val F1: 0.1733 - Val ROC-AUC: 0.7295 - Val PR-AUC: 0.1116
Epoch 25/50 - Loss: 0.3206 - Val F1: 0.1720 - Val ROC-AUC: 0.7292 - Val PR-AUC: 0.0936
Epoch 26/50 - Loss: 0.3165 - Val F1: 0.1250 - Val ROC-AUC: 0.7172 - Val PR-AUC: 0.0873
Epoch 27/50 - Loss: 0.3123 - Val F1: 0.1538 - Val ROC-AUC: 0.7267 - Val PR-AUC: 0.0901
Epoch 28/50 - Loss: 0.3146 - Val F1: 0.1622 - Val ROC-AUC: 0.7287 - Val PR-AUC: 0.0844
Epoch 29/50 - Loss: 0.3104 - Val F1: 0.1807 - Val ROC-AUC: 0.7334 - Val PR-AUC: 0.1087
Epoch 30/50 - Loss: 0.2957 - Val F1: 0.1768 - Val ROC-AUC: 0.7384 - Val PR-AUC: 0.0876
Epoch 31/50 - Loss: 0.3144 - Val F1: 0.1635 - Val ROC-AUC: 0.7292 - Val PR-AUC: 0.0873
Epoch 32/50 - Loss: 0.3105 - Val F1: 0.1656 - Val ROC-AUC: 0.7306 - Val PR-AUC: 0.0901
Epoch 33/50 - Loss: 0.2846 - Val F1: 0.1676 - Val ROC-AUC: 0.7381 - Val PR-AUC: 0.0967
Epoch 34/50 - Loss: 0.2909 - Val F1: 0.1867 - Val ROC-AUC: 0.7341 - Val PR-AUC: 0.1037
Epoch 35/50 - Loss: 0.2981 - Val F1: 0.2027 - Val ROC-AUC: 0.7411 - Val PR-AUC: 0.0998
Epoch 36/50 - Loss: 0.2965 - Val F1: 0.1749 - Val ROC-AUC: 0.7333 - Val PR-AUC: 0.0924
Epoch 37/50 - Loss: 0.2926 - Val F1: 0.1667 - Val ROC-AUC: 0.7328 - Val PR-AUC: 0.0904
Epoch 38/50 - Loss: 0.2909 - Val F1: 0.1796 - Val ROC-AUC: 0.7335 - Val PR-AUC: 0.0923
Epoch 39/50 - Loss: 0.2879 - Val F1: 0.1745 - Val ROC-AUC: 0.7334 - Val PR-AUC: 0.1009
Epoch 40/50 - Loss: 0.2982 - Val F1: 0.1754 - Val ROC-AUC: 0.7464 - Val PR-AUC: 0.0979
Epoch 41/50 - Loss: 0.2864 - Val F1: 0.2041 - Val ROC-AUC: 0.7277 - Val PR-AUC: 0.0896
Epoch 42/50 - Loss: 0.2744 - Val F1: 0.1739 - Val ROC-AUC: 0.7305 - Val PR-AUC: 0.0943
Epoch 43/50 - Loss: 0.2840 - Val F1: 0.2059 - Val ROC-AUC: 0.7414 - Val PR-AUC: 0.1032
Epoch 44/50 - Loss: 0.2874 - Val F1: 0.1875 - Val ROC-AUC: 0.7461 - Val PR-AUC: 0.1031
Epoch 45/50 - Loss: 0.2880 - Val F1: 0.1796 - Val ROC-AUC: 0.7318 - Val PR-AUC: 0.0963
Epoch 46/50 - Loss: 0.2947 - Val F1: 0.1892 - Val ROC-AUC: 0.7338 - Val PR-AUC: 0.0942
Epoch 47/50 - Loss: 0.2930 - Val F1: 0.1985 - Val ROC-AUC: 0.7354 - Val PR-AUC: 0.0970
Epoch 48/50 - Loss: 0.2833 - Val F1: 0.1905 - Val ROC-AUC: 0.7418 - Val PR-AUC: 0.0948
Epoch 49/50 - Loss: 0.2788 - Val F1: 0.1987 - Val ROC-AUC: 0.7361 - Val PR-AUC: 0.0941
Epoch 50/50 - Loss: 0.2799 - Val F1: 0.1875 - Val ROC-AUC: 0.7340 - Val PR-AUC: 0.0877
Pretraining completed. Test F1: 0.1385, ROC-AUC: 0.7002, PR-AUC: 0.1123
[3/4] Finetuning on TOX21_ERb_BLA_Agonist_ch2 using GCN...
[Fine-tune] Epoch 1/50 - Loss: 0.4437 - Val F1: 0.1478 - Val ROC-AUC: 0.8510 - Val PR-AUC: 0.5396
[Fine-tune] Epoch 2/50 - Loss: 0.3759 - Val F1: 0.2000 - Val ROC-AUC: 0.8441 - Val PR-AUC: 0.4821
[Fine-tune] Epoch 3/50 - Loss: 0.3554 - Val F1: 0.2000 - Val ROC-AUC: 0.8205 - Val PR-AUC: 0.4375
[Fine-tune] Epoch 4/50 - Loss: 0.3190 - Val F1: 0.2342 - Val ROC-AUC: 0.8685 - Val PR-AUC: 0.5222
[Fine-tune] Epoch 5/50 - Loss: 0.3253 - Val F1: 0.2885 - Val ROC-AUC: 0.8624 - Val PR-AUC: 0.5252
[Fine-tune] Epoch 6/50 - Loss: 0.2918 - Val F1: 0.1842 - Val ROC-AUC: 0.8592 - Val PR-AUC: 0.5602
[Fine-tune] Epoch 7/50 - Loss: 0.2888 - Val F1: 0.2478 - Val ROC-AUC: 0.8534 - Val PR-AUC: 0.4231
[Fine-tune] Epoch 8/50 - Loss: 0.2834 - Val F1: 0.1707 - Val ROC-AUC: 0.8601 - Val PR-AUC: 0.5366
[Fine-tune] Epoch 9/50 - Loss: 0.2779 - Val F1: 0.2400 - Val ROC-AUC: 0.8666 - Val PR-AUC: 0.5208
[Fine-tune] Epoch 10/50 - Loss: 0.2626 - Val F1: 0.2154 - Val ROC-AUC: 0.8393 - Val PR-AUC: 0.5033
[Fine-tune] Epoch 11/50 - Loss: 0.2532 - Val F1: 0.3218 - Val ROC-AUC: 0.8733 - Val PR-AUC: 0.5946
[Fine-tune] Epoch 12/50 - Loss: 0.2436 - Val F1: 0.2090 - Val ROC-AUC: 0.8571 - Val PR-AUC: 0.5420
[Fine-tune] Epoch 13/50 - Loss: 0.2334 - Val F1: 0.2857 - Val ROC-AUC: 0.8588 - Val PR-AUC: 0.5400
[Fine-tune] Epoch 14/50 - Loss: 0.2227 - Val F1: 0.2718 - Val ROC-AUC: 0.8545 - Val PR-AUC: 0.5315
[Fine-tune] Epoch 15/50 - Loss: 0.2301 - Val F1: 0.2745 - Val ROC-AUC: 0.8526 - Val PR-AUC: 0.5329
[Fine-tune] Epoch 16/50 - Loss: 0.2280 - Val F1: 0.2478 - Val ROC-AUC: 0.8584 - Val PR-AUC: 0.4333
[Fine-tune] Epoch 17/50 - Loss: 0.2201 - Val F1: 0.2000 - Val ROC-AUC: 0.8653 - Val PR-AUC: 0.5436
[Fine-tune] Epoch 18/50 - Loss: 0.2281 - Val F1: 0.2301 - Val ROC-AUC: 0.8643 - Val PR-AUC: 0.6223
[Fine-tune] Epoch 19/50 - Loss: 0.2052 - Val F1: 0.2500 - Val ROC-AUC: 0.8636 - Val PR-AUC: 0.6086
[Fine-tune] Epoch 20/50 - Loss: 0.2166 - Val F1: 0.2240 - Val ROC-AUC: 0.8491 - Val PR-AUC: 0.4896
[Fine-tune] Epoch 21/50 - Loss: 0.2118 - Val F1: 0.3023 - Val ROC-AUC: 0.8538 - Val PR-AUC: 0.5537
[Fine-tune] Epoch 22/50 - Loss: 0.2039 - Val F1: 0.2778 - Val ROC-AUC: 0.8621 - Val PR-AUC: 0.5298
[Fine-tune] Epoch 23/50 - Loss: 0.1989 - Val F1: 0.2718 - Val ROC-AUC: 0.8618 - Val PR-AUC: 0.5428
[Fine-tune] Epoch 24/50 - Loss: 0.1904 - Val F1: 0.2523 - Val ROC-AUC: 0.8571 - Val PR-AUC: 0.5561
[Fine-tune] Epoch 25/50 - Loss: 0.1830 - Val F1: 0.3059 - Val ROC-AUC: 0.8528 - Val PR-AUC: 0.4829
[Fine-tune] Epoch 26/50 - Loss: 0.1915 - Val F1: 0.2857 - Val ROC-AUC: 0.8708 - Val PR-AUC: 0.4524
[Fine-tune] Epoch 27/50 - Loss: 0.1913 - Val F1: 0.3059 - Val ROC-AUC: 0.8600 - Val PR-AUC: 0.5426
[Fine-tune] Epoch 28/50 - Loss: 0.2031 - Val F1: 0.3611 - Val ROC-AUC: 0.8608 - Val PR-AUC: 0.5656
[Fine-tune] Epoch 29/50 - Loss: 0.1853 - Val F1: 0.2393 - Val ROC-AUC: 0.8656 - Val PR-AUC: 0.5055
[Fine-tune] Epoch 30/50 - Loss: 0.1872 - Val F1: 0.2921 - Val ROC-AUC: 0.8562 - Val PR-AUC: 0.5231
[Fine-tune] Epoch 31/50 - Loss: 0.1836 - Val F1: 0.2796 - Val ROC-AUC: 0.8556 - Val PR-AUC: 0.5325
[Fine-tune] Epoch 32/50 - Loss: 0.1855 - Val F1: 0.2737 - Val ROC-AUC: 0.8625 - Val PR-AUC: 0.5410
[Fine-tune] Epoch 33/50 - Loss: 0.1907 - Val F1: 0.2989 - Val ROC-AUC: 0.8631 - Val PR-AUC: 0.5249
[Fine-tune] Epoch 34/50 - Loss: 0.1751 - Val F1: 0.2653 - Val ROC-AUC: 0.8535 - Val PR-AUC: 0.5418
[Fine-tune] Epoch 35/50 - Loss: 0.1777 - Val F1: 0.2500 - Val ROC-AUC: 0.8630 - Val PR-AUC: 0.5259
[Fine-tune] Epoch 36/50 - Loss: 0.1742 - Val F1: 0.2889 - Val ROC-AUC: 0.8586 - Val PR-AUC: 0.5448
[Fine-tune] Epoch 37/50 - Loss: 0.1738 - Val F1: 0.2989 - Val ROC-AUC: 0.8557 - Val PR-AUC: 0.5200
[Fine-tune] Epoch 38/50 - Loss: 0.1758 - Val F1: 0.3171 - Val ROC-AUC: 0.8528 - Val PR-AUC: 0.5428
[Fine-tune] Epoch 39/50 - Loss: 0.1817 - Val F1: 0.2887 - Val ROC-AUC: 0.8628 - Val PR-AUC: 0.5107
[Fine-tune] Epoch 40/50 - Loss: 0.1859 - Val F1: 0.3023 - Val ROC-AUC: 0.8591 - Val PR-AUC: 0.5401
[Fine-tune] Epoch 41/50 - Loss: 0.1760 - Val F1: 0.3059 - Val ROC-AUC: 0.8580 - Val PR-AUC: 0.5433
[Fine-tune] Epoch 42/50 - Loss: 0.1752 - Val F1: 0.2796 - Val ROC-AUC: 0.8550 - Val PR-AUC: 0.5565
[Fine-tune] Epoch 43/50 - Loss: 0.1703 - Val F1: 0.3023 - Val ROC-AUC: 0.8561 - Val PR-AUC: 0.5329
[Fine-tune] Epoch 44/50 - Loss: 0.1686 - Val F1: 0.3011 - Val ROC-AUC: 0.8626 - Val PR-AUC: 0.5428
[Fine-tune] Epoch 45/50 - Loss: 0.1755 - Val F1: 0.2989 - Val ROC-AUC: 0.8581 - Val PR-AUC: 0.5284
[Fine-tune] Epoch 46/50 - Loss: 0.1662 - Val F1: 0.2955 - Val ROC-AUC: 0.8628 - Val PR-AUC: 0.5138
[Fine-tune] Epoch 47/50 - Loss: 0.1776 - Val F1: 0.3111 - Val ROC-AUC: 0.8616 - Val PR-AUC: 0.5308
[Fine-tune] Epoch 48/50 - Loss: 0.1758 - Val F1: 0.3467 - Val ROC-AUC: 0.8490 - Val PR-AUC: 0.5419
[Fine-tune] Epoch 49/50 - Loss: 0.1713 - Val F1: 0.3133 - Val ROC-AUC: 0.8572 - Val PR-AUC: 0.5482
[Fine-tune] Epoch 50/50 - Loss: 0.1718 - Val F1: 0.2989 - Val ROC-AUC: 0.8607 - Val PR-AUC: 0.5370
Finetuning completed. Test F1: 0.2955, ROC-AUC: 0.8894, PR-AUC: 0.4923
[3.1/4] Target-only training on TOX21_ERb_BLA_Agonist_ch2 using GCN...
=== Target-only training ===
[Target-only] Epoch 1/50 – Loss: 0.4457  Val F1: 0.3333  ROC-AUC: 0.8883  PR-AUC: 0.4380
[Target-only] Epoch 2/50 – Loss: 0.4002  Val F1: 0.1587  ROC-AUC: 0.8544  PR-AUC: 0.5031
[Target-only] Epoch 3/50 – Loss: 0.3747  Val F1: 0.3294  ROC-AUC: 0.8742  PR-AUC: 0.5550
[Target-only] Epoch 4/50 – Loss: 0.3602  Val F1: 0.3111  ROC-AUC: 0.8438  PR-AUC: 0.4995
[Target-only] Epoch 5/50 – Loss: 0.3406  Val F1: 0.1677  ROC-AUC: 0.8699  PR-AUC: 0.5799
[Target-only] Epoch 6/50 – Loss: 0.3416  Val F1: 0.2047  ROC-AUC: 0.8480  PR-AUC: 0.4810
[Target-only] Epoch 7/50 – Loss: 0.3297  Val F1: 0.2353  ROC-AUC: 0.8488  PR-AUC: 0.5176
[Target-only] Epoch 8/50 – Loss: 0.2831  Val F1: 0.1948  ROC-AUC: 0.8364  PR-AUC: 0.4184
[Target-only] Epoch 9/50 – Loss: 0.2916  Val F1: 0.2353  ROC-AUC: 0.8511  PR-AUC: 0.5290
[Target-only] Epoch 10/50 – Loss: 0.2938  Val F1: 0.2500  ROC-AUC: 0.8548  PR-AUC: 0.4992
[Target-only] Epoch 11/50 – Loss: 0.2678  Val F1: 0.2222  ROC-AUC: 0.8624  PR-AUC: 0.4973
[Target-only] Epoch 12/50 – Loss: 0.2664  Val F1: 0.2521  ROC-AUC: 0.8732  PR-AUC: 0.5342
[Target-only] Epoch 13/50 – Loss: 0.2629  Val F1: 0.2479  ROC-AUC: 0.8743  PR-AUC: 0.5490
[Target-only] Epoch 14/50 – Loss: 0.2685  Val F1: 0.1961  ROC-AUC: 0.8703  PR-AUC: 0.4630
[Target-only] Epoch 15/50 – Loss: 0.2522  Val F1: 0.2772  ROC-AUC: 0.8626  PR-AUC: 0.4769
[Target-only] Epoch 16/50 – Loss: 0.2466  Val F1: 0.2239  ROC-AUC: 0.8495  PR-AUC: 0.4254
[Target-only] Epoch 17/50 – Loss: 0.2460  Val F1: 0.2889  ROC-AUC: 0.8613  PR-AUC: 0.5106
[Target-only] Epoch 18/50 – Loss: 0.2447  Val F1: 0.2083  ROC-AUC: 0.8697  PR-AUC: 0.5584
[Target-only] Epoch 19/50 – Loss: 0.2364  Val F1: 0.2000  ROC-AUC: 0.8728  PR-AUC: 0.4827
[Target-only] Epoch 20/50 – Loss: 0.2341  Val F1: 0.2569  ROC-AUC: 0.8679  PR-AUC: 0.5304
[Target-only] Epoch 21/50 – Loss: 0.2288  Val F1: 0.2545  ROC-AUC: 0.8803  PR-AUC: 0.5756
[Target-only] Epoch 22/50 – Loss: 0.2275  Val F1: 0.3011  ROC-AUC: 0.8732  PR-AUC: 0.5471
[Target-only] Epoch 23/50 – Loss: 0.2376  Val F1: 0.2917  ROC-AUC: 0.8784  PR-AUC: 0.4389
[Target-only] Epoch 24/50 – Loss: 0.2092  Val F1: 0.3210  ROC-AUC: 0.8876  PR-AUC: 0.5449
[Target-only] Epoch 25/50 – Loss: 0.2181  Val F1: 0.2679  ROC-AUC: 0.8785  PR-AUC: 0.5224
[Target-only] Epoch 26/50 – Loss: 0.2198  Val F1: 0.2727  ROC-AUC: 0.8831  PR-AUC: 0.5212
[Target-only] Epoch 27/50 – Loss: 0.2127  Val F1: 0.2727  ROC-AUC: 0.8815  PR-AUC: 0.5247
[Target-only] Epoch 28/50 – Loss: 0.2072  Val F1: 0.2295  ROC-AUC: 0.8765  PR-AUC: 0.5567
[Target-only] Epoch 29/50 – Loss: 0.2100  Val F1: 0.3111  ROC-AUC: 0.8680  PR-AUC: 0.5337
[Target-only] Epoch 30/50 – Loss: 0.2129  Val F1: 0.2500  ROC-AUC: 0.8738  PR-AUC: 0.5340
[Target-only] Epoch 31/50 – Loss: 0.2076  Val F1: 0.2500  ROC-AUC: 0.8793  PR-AUC: 0.5405
[Target-only] Epoch 32/50 – Loss: 0.1996  Val F1: 0.2800  ROC-AUC: 0.8709  PR-AUC: 0.5147
[Target-only] Epoch 33/50 – Loss: 0.2043  Val F1: 0.2857  ROC-AUC: 0.8715  PR-AUC: 0.4973
[Target-only] Epoch 34/50 – Loss: 0.1830  Val F1: 0.3146  ROC-AUC: 0.8700  PR-AUC: 0.5246
[Target-only] Epoch 35/50 – Loss: 0.2013  Val F1: 0.2680  ROC-AUC: 0.8697  PR-AUC: 0.5199
[Target-only] Epoch 36/50 – Loss: 0.1991  Val F1: 0.2524  ROC-AUC: 0.8715  PR-AUC: 0.5420
[Target-only] Epoch 37/50 – Loss: 0.1987  Val F1: 0.3218  ROC-AUC: 0.8737  PR-AUC: 0.5280
[Target-only] Epoch 38/50 – Loss: 0.1923  Val F1: 0.2887  ROC-AUC: 0.8750  PR-AUC: 0.4855
[Target-only] Epoch 39/50 – Loss: 0.1993  Val F1: 0.2887  ROC-AUC: 0.8797  PR-AUC: 0.5198
[Target-only] Epoch 40/50 – Loss: 0.1887  Val F1: 0.2921  ROC-AUC: 0.8764  PR-AUC: 0.5317
[Target-only] Epoch 41/50 – Loss: 0.1886  Val F1: 0.2600  ROC-AUC: 0.8710  PR-AUC: 0.5295
[Target-only] Epoch 42/50 – Loss: 0.1865  Val F1: 0.2889  ROC-AUC: 0.8718  PR-AUC: 0.5510
[Target-only] Epoch 43/50 – Loss: 0.1817  Val F1: 0.2889  ROC-AUC: 0.8688  PR-AUC: 0.5253
[Target-only] Epoch 44/50 – Loss: 0.1881  Val F1: 0.2708  ROC-AUC: 0.8746  PR-AUC: 0.5122
[Target-only] Epoch 45/50 – Loss: 0.1748  Val F1: 0.2626  ROC-AUC: 0.8705  PR-AUC: 0.5239
[Target-only] Epoch 46/50 – Loss: 0.1996  Val F1: 0.2766  ROC-AUC: 0.8724  PR-AUC: 0.5224
[Target-only] Epoch 47/50 – Loss: 0.1885  Val F1: 0.2766  ROC-AUC: 0.8677  PR-AUC: 0.5097
[Target-only] Epoch 48/50 – Loss: 0.1804  Val F1: 0.2857  ROC-AUC: 0.8808  PR-AUC: 0.5084
[Target-only] Epoch 49/50 – Loss: 0.1864  Val F1: 0.2708  ROC-AUC: 0.8676  PR-AUC: 0.5406
[Target-only] Epoch 50/50 – Loss: 0.1839  Val F1: 0.2524  ROC-AUC: 0.8750  PR-AUC: 0.5306
=== Target-only TEST performance ===
Test F1: 0.3750, ROC-AUC: 0.9215, PR-AUC: 0.4332
[4/4] Embedding 시각화 중...
✅ Embeddings 저장 완료: embeddings_TOX21_ERb_BLA_Antagonist_ch1_TOX21_ERb_BLA_Agonist_ch2_GCN.png
✅ 실험 완료: TOX21_ERb_BLA_Antagonist_ch1 -> TOX21_ERb_BLA_Agonist_ch2 [GCN]
