[1/4] Excel → CSV 변환 중...
[2/4] Pretraining on TOX21_ERa_BLA_Antagonist_ch1 using GCN...
Epoch 1/50 - Loss: 0.6097 - Val F1: 0.2103 - Val ROC-AUC: 0.7790 - Val PR-AUC: 0.2000
Epoch 2/50 - Loss: 0.5764 - Val F1: 0.1798 - Val ROC-AUC: 0.7874 - Val PR-AUC: 0.1983
Epoch 3/50 - Loss: 0.5559 - Val F1: 0.3352 - Val ROC-AUC: 0.8039 - Val PR-AUC: 0.2284
Epoch 4/50 - Loss: 0.5453 - Val F1: 0.3033 - Val ROC-AUC: 0.7899 - Val PR-AUC: 0.1940
Epoch 5/50 - Loss: 0.5292 - Val F1: 0.2415 - Val ROC-AUC: 0.7542 - Val PR-AUC: 0.2048
Epoch 6/50 - Loss: 0.5218 - Val F1: 0.2173 - Val ROC-AUC: 0.7907 - Val PR-AUC: 0.2085
Epoch 7/50 - Loss: 0.5211 - Val F1: 0.2642 - Val ROC-AUC: 0.7991 - Val PR-AUC: 0.2156
Epoch 8/50 - Loss: 0.5085 - Val F1: 0.2559 - Val ROC-AUC: 0.8063 - Val PR-AUC: 0.2127
Epoch 9/50 - Loss: 0.4989 - Val F1: 0.2744 - Val ROC-AUC: 0.7977 - Val PR-AUC: 0.2157
Epoch 10/50 - Loss: 0.4897 - Val F1: 0.2929 - Val ROC-AUC: 0.8036 - Val PR-AUC: 0.2238
Epoch 11/50 - Loss: 0.4996 - Val F1: 0.2825 - Val ROC-AUC: 0.8214 - Val PR-AUC: 0.2483
Epoch 12/50 - Loss: 0.4779 - Val F1: 0.2929 - Val ROC-AUC: 0.8136 - Val PR-AUC: 0.2380
Epoch 13/50 - Loss: 0.4814 - Val F1: 0.2566 - Val ROC-AUC: 0.8275 - Val PR-AUC: 0.2483
Epoch 14/50 - Loss: 0.4774 - Val F1: 0.2943 - Val ROC-AUC: 0.8170 - Val PR-AUC: 0.2320
Epoch 15/50 - Loss: 0.4790 - Val F1: 0.2620 - Val ROC-AUC: 0.8149 - Val PR-AUC: 0.2432
Epoch 16/50 - Loss: 0.4593 - Val F1: 0.2579 - Val ROC-AUC: 0.8185 - Val PR-AUC: 0.2250
Epoch 17/50 - Loss: 0.4688 - Val F1: 0.2690 - Val ROC-AUC: 0.8265 - Val PR-AUC: 0.2233
Epoch 18/50 - Loss: 0.4659 - Val F1: 0.3083 - Val ROC-AUC: 0.8276 - Val PR-AUC: 0.2293
Epoch 19/50 - Loss: 0.4591 - Val F1: 0.2985 - Val ROC-AUC: 0.8265 - Val PR-AUC: 0.2398
Epoch 20/50 - Loss: 0.4487 - Val F1: 0.2564 - Val ROC-AUC: 0.8279 - Val PR-AUC: 0.2308
Epoch 21/50 - Loss: 0.4536 - Val F1: 0.2963 - Val ROC-AUC: 0.8323 - Val PR-AUC: 0.2357
Epoch 22/50 - Loss: 0.4452 - Val F1: 0.3043 - Val ROC-AUC: 0.8378 - Val PR-AUC: 0.2552
Epoch 23/50 - Loss: 0.4331 - Val F1: 0.3393 - Val ROC-AUC: 0.8348 - Val PR-AUC: 0.2454
Epoch 24/50 - Loss: 0.4412 - Val F1: 0.3012 - Val ROC-AUC: 0.8341 - Val PR-AUC: 0.2294
Epoch 25/50 - Loss: 0.4367 - Val F1: 0.2756 - Val ROC-AUC: 0.8254 - Val PR-AUC: 0.2387
Epoch 26/50 - Loss: 0.4411 - Val F1: 0.2955 - Val ROC-AUC: 0.8313 - Val PR-AUC: 0.2420
Epoch 27/50 - Loss: 0.4351 - Val F1: 0.3267 - Val ROC-AUC: 0.8354 - Val PR-AUC: 0.2426
Epoch 28/50 - Loss: 0.4291 - Val F1: 0.3348 - Val ROC-AUC: 0.8403 - Val PR-AUC: 0.2473
Epoch 29/50 - Loss: 0.4372 - Val F1: 0.2993 - Val ROC-AUC: 0.8370 - Val PR-AUC: 0.2515
Epoch 30/50 - Loss: 0.4205 - Val F1: 0.3333 - Val ROC-AUC: 0.8386 - Val PR-AUC: 0.2404
Epoch 31/50 - Loss: 0.4198 - Val F1: 0.2955 - Val ROC-AUC: 0.8296 - Val PR-AUC: 0.2355
Epoch 32/50 - Loss: 0.4260 - Val F1: 0.2945 - Val ROC-AUC: 0.8387 - Val PR-AUC: 0.2510
Epoch 33/50 - Loss: 0.4131 - Val F1: 0.3260 - Val ROC-AUC: 0.8364 - Val PR-AUC: 0.2500
Epoch 34/50 - Loss: 0.4148 - Val F1: 0.2935 - Val ROC-AUC: 0.8387 - Val PR-AUC: 0.2473
Epoch 35/50 - Loss: 0.4249 - Val F1: 0.3102 - Val ROC-AUC: 0.8271 - Val PR-AUC: 0.2316
Epoch 36/50 - Loss: 0.4153 - Val F1: 0.3154 - Val ROC-AUC: 0.8307 - Val PR-AUC: 0.2378
Epoch 37/50 - Loss: 0.4158 - Val F1: 0.3292 - Val ROC-AUC: 0.8388 - Val PR-AUC: 0.2338
Epoch 38/50 - Loss: 0.4077 - Val F1: 0.3220 - Val ROC-AUC: 0.8279 - Val PR-AUC: 0.2231
Epoch 39/50 - Loss: 0.4163 - Val F1: 0.3145 - Val ROC-AUC: 0.8297 - Val PR-AUC: 0.2346
Epoch 40/50 - Loss: 0.4181 - Val F1: 0.3015 - Val ROC-AUC: 0.8390 - Val PR-AUC: 0.2367
Epoch 41/50 - Loss: 0.4150 - Val F1: 0.3071 - Val ROC-AUC: 0.8348 - Val PR-AUC: 0.2588
Epoch 42/50 - Loss: 0.4199 - Val F1: 0.3171 - Val ROC-AUC: 0.8418 - Val PR-AUC: 0.2486
Epoch 43/50 - Loss: 0.4087 - Val F1: 0.3306 - Val ROC-AUC: 0.8388 - Val PR-AUC: 0.2520
Epoch 44/50 - Loss: 0.4075 - Val F1: 0.3083 - Val ROC-AUC: 0.8387 - Val PR-AUC: 0.2439
Epoch 45/50 - Loss: 0.4118 - Val F1: 0.3012 - Val ROC-AUC: 0.8296 - Val PR-AUC: 0.2384
Epoch 46/50 - Loss: 0.4037 - Val F1: 0.2909 - Val ROC-AUC: 0.8348 - Val PR-AUC: 0.2483
Epoch 47/50 - Loss: 0.4119 - Val F1: 0.3260 - Val ROC-AUC: 0.8387 - Val PR-AUC: 0.2480
Epoch 48/50 - Loss: 0.4106 - Val F1: 0.3203 - Val ROC-AUC: 0.8389 - Val PR-AUC: 0.2485
Epoch 49/50 - Loss: 0.3969 - Val F1: 0.2899 - Val ROC-AUC: 0.8338 - Val PR-AUC: 0.2372
Epoch 50/50 - Loss: 0.3990 - Val F1: 0.3154 - Val ROC-AUC: 0.8374 - Val PR-AUC: 0.2512
Pretraining completed. Test F1: 0.2656, ROC-AUC: 0.8013, PR-AUC: 0.2002
[3/4] Finetuning on TOX21_ERa_LUC_VM7_Agonist_10nM_ICI182780 using GCN...
[Fine-tune] Epoch 1/50 - Loss: 0.3765 - Val F1: 0.2500 - Val ROC-AUC: 0.8257 - Val PR-AUC: 0.2543
[Fine-tune] Epoch 2/50 - Loss: 0.3119 - Val F1: 0.2308 - Val ROC-AUC: 0.8256 - Val PR-AUC: 0.2660
[Fine-tune] Epoch 3/50 - Loss: 0.2626 - Val F1: 0.2571 - Val ROC-AUC: 0.7940 - Val PR-AUC: 0.2704
[Fine-tune] Epoch 4/50 - Loss: 0.2510 - Val F1: 0.2195 - Val ROC-AUC: 0.8235 - Val PR-AUC: 0.2366
[Fine-tune] Epoch 5/50 - Loss: 0.2282 - Val F1: 0.2222 - Val ROC-AUC: 0.7831 - Val PR-AUC: 0.2270
[Fine-tune] Epoch 6/50 - Loss: 0.2292 - Val F1: 0.2169 - Val ROC-AUC: 0.8301 - Val PR-AUC: 0.2339
[Fine-tune] Epoch 7/50 - Loss: 0.2250 - Val F1: 0.2000 - Val ROC-AUC: 0.8133 - Val PR-AUC: 0.3061
[Fine-tune] Epoch 8/50 - Loss: 0.2230 - Val F1: 0.2118 - Val ROC-AUC: 0.8370 - Val PR-AUC: 0.3551
[Fine-tune] Epoch 9/50 - Loss: 0.1915 - Val F1: 0.2571 - Val ROC-AUC: 0.8052 - Val PR-AUC: 0.2281
[Fine-tune] Epoch 10/50 - Loss: 0.2156 - Val F1: 0.1731 - Val ROC-AUC: 0.7928 - Val PR-AUC: 0.3887
[Fine-tune] Epoch 11/50 - Loss: 0.1854 - Val F1: 0.2093 - Val ROC-AUC: 0.7809 - Val PR-AUC: 0.2299
[Fine-tune] Epoch 12/50 - Loss: 0.1724 - Val F1: 0.2045 - Val ROC-AUC: 0.8012 - Val PR-AUC: 0.2988
[Fine-tune] Epoch 13/50 - Loss: 0.1790 - Val F1: 0.2400 - Val ROC-AUC: 0.8015 - Val PR-AUC: 0.3246
[Fine-tune] Epoch 14/50 - Loss: 0.1744 - Val F1: 0.2069 - Val ROC-AUC: 0.7894 - Val PR-AUC: 0.2462
[Fine-tune] Epoch 15/50 - Loss: 0.1585 - Val F1: 0.1915 - Val ROC-AUC: 0.7913 - Val PR-AUC: 0.2430
[Fine-tune] Epoch 16/50 - Loss: 0.1703 - Val F1: 0.2278 - Val ROC-AUC: 0.7922 - Val PR-AUC: 0.2833
[Fine-tune] Epoch 17/50 - Loss: 0.1530 - Val F1: 0.2278 - Val ROC-AUC: 0.7968 - Val PR-AUC: 0.3888
[Fine-tune] Epoch 18/50 - Loss: 0.1666 - Val F1: 0.3103 - Val ROC-AUC: 0.8046 - Val PR-AUC: 0.3021
[Fine-tune] Epoch 19/50 - Loss: 0.1726 - Val F1: 0.1957 - Val ROC-AUC: 0.8004 - Val PR-AUC: 0.2634
[Fine-tune] Epoch 20/50 - Loss: 0.1624 - Val F1: 0.2500 - Val ROC-AUC: 0.7752 - Val PR-AUC: 0.2545
[Fine-tune] Epoch 21/50 - Loss: 0.1450 - Val F1: 0.2687 - Val ROC-AUC: 0.7925 - Val PR-AUC: 0.2810
[Fine-tune] Epoch 22/50 - Loss: 0.1438 - Val F1: 0.2687 - Val ROC-AUC: 0.7782 - Val PR-AUC: 0.2786
[Fine-tune] Epoch 23/50 - Loss: 0.1478 - Val F1: 0.2687 - Val ROC-AUC: 0.7835 - Val PR-AUC: 0.2801
[Fine-tune] Epoch 24/50 - Loss: 0.1411 - Val F1: 0.2432 - Val ROC-AUC: 0.7862 - Val PR-AUC: 0.2683
[Fine-tune] Epoch 25/50 - Loss: 0.1331 - Val F1: 0.2535 - Val ROC-AUC: 0.8011 - Val PR-AUC: 0.2874
[Fine-tune] Epoch 26/50 - Loss: 0.1468 - Val F1: 0.2571 - Val ROC-AUC: 0.7872 - Val PR-AUC: 0.2639
[Fine-tune] Epoch 27/50 - Loss: 0.1372 - Val F1: 0.2000 - Val ROC-AUC: 0.7867 - Val PR-AUC: 0.2872
[Fine-tune] Epoch 28/50 - Loss: 0.1449 - Val F1: 0.2466 - Val ROC-AUC: 0.7919 - Val PR-AUC: 0.2884
[Fine-tune] Epoch 29/50 - Loss: 0.1414 - Val F1: 0.2308 - Val ROC-AUC: 0.7901 - Val PR-AUC: 0.3042
[Fine-tune] Epoch 30/50 - Loss: 0.1309 - Val F1: 0.2400 - Val ROC-AUC: 0.7940 - Val PR-AUC: 0.2934
[Fine-tune] Epoch 31/50 - Loss: 0.1348 - Val F1: 0.2812 - Val ROC-AUC: 0.7850 - Val PR-AUC: 0.2820
[Fine-tune] Epoch 32/50 - Loss: 0.1411 - Val F1: 0.2500 - Val ROC-AUC: 0.7866 - Val PR-AUC: 0.2714
[Fine-tune] Epoch 33/50 - Loss: 0.1218 - Val F1: 0.2535 - Val ROC-AUC: 0.7777 - Val PR-AUC: 0.2767
[Fine-tune] Epoch 34/50 - Loss: 0.1239 - Val F1: 0.2687 - Val ROC-AUC: 0.7716 - Val PR-AUC: 0.2479
[Fine-tune] Epoch 35/50 - Loss: 0.1263 - Val F1: 0.2500 - Val ROC-AUC: 0.7776 - Val PR-AUC: 0.2753
[Fine-tune] Epoch 36/50 - Loss: 0.1161 - Val F1: 0.2466 - Val ROC-AUC: 0.7817 - Val PR-AUC: 0.2689
[Fine-tune] Epoch 37/50 - Loss: 0.1231 - Val F1: 0.2466 - Val ROC-AUC: 0.7852 - Val PR-AUC: 0.2849
[Fine-tune] Epoch 38/50 - Loss: 0.1157 - Val F1: 0.2500 - Val ROC-AUC: 0.7802 - Val PR-AUC: 0.2767
[Fine-tune] Epoch 39/50 - Loss: 0.1163 - Val F1: 0.2462 - Val ROC-AUC: 0.7706 - Val PR-AUC: 0.2404
[Fine-tune] Epoch 40/50 - Loss: 0.1207 - Val F1: 0.2535 - Val ROC-AUC: 0.7790 - Val PR-AUC: 0.2916
[Fine-tune] Epoch 41/50 - Loss: 0.1320 - Val F1: 0.2812 - Val ROC-AUC: 0.7831 - Val PR-AUC: 0.2853
[Fine-tune] Epoch 42/50 - Loss: 0.1174 - Val F1: 0.2812 - Val ROC-AUC: 0.7854 - Val PR-AUC: 0.2877
[Fine-tune] Epoch 43/50 - Loss: 0.1168 - Val F1: 0.2647 - Val ROC-AUC: 0.7861 - Val PR-AUC: 0.2808
[Fine-tune] Epoch 44/50 - Loss: 0.1204 - Val F1: 0.2535 - Val ROC-AUC: 0.7917 - Val PR-AUC: 0.3260
[Fine-tune] Epoch 45/50 - Loss: 0.1189 - Val F1: 0.2647 - Val ROC-AUC: 0.7932 - Val PR-AUC: 0.3700
[Fine-tune] Epoch 46/50 - Loss: 0.1137 - Val F1: 0.2609 - Val ROC-AUC: 0.7903 - Val PR-AUC: 0.2950
[Fine-tune] Epoch 47/50 - Loss: 0.1164 - Val F1: 0.2812 - Val ROC-AUC: 0.7897 - Val PR-AUC: 0.3093
[Fine-tune] Epoch 48/50 - Loss: 0.1248 - Val F1: 0.2951 - Val ROC-AUC: 0.7935 - Val PR-AUC: 0.3774
[Fine-tune] Epoch 49/50 - Loss: 0.1134 - Val F1: 0.2727 - Val ROC-AUC: 0.7843 - Val PR-AUC: 0.2800
[Fine-tune] Epoch 50/50 - Loss: 0.1225 - Val F1: 0.2727 - Val ROC-AUC: 0.7805 - Val PR-AUC: 0.2803
Finetuning completed. Test F1: 0.3200, ROC-AUC: 0.8905, PR-AUC: 0.2143
[3.1/4] Target-only training on TOX21_ERa_LUC_VM7_Agonist_10nM_ICI182780 using GCN...
=== Target-only training ===
[Target-only] Epoch 1/50 – Loss: 0.4234  Val F1: 0.2017  ROC-AUC: 0.8791  PR-AUC: 0.2504
[Target-only] Epoch 2/50 – Loss: 0.3466  Val F1: 0.2353  ROC-AUC: 0.8306  PR-AUC: 0.2158
[Target-only] Epoch 3/50 – Loss: 0.3034  Val F1: 0.1385  ROC-AUC: 0.8316  PR-AUC: 0.2430
[Target-only] Epoch 4/50 – Loss: 0.2904  Val F1: 0.1527  ROC-AUC: 0.8171  PR-AUC: 0.2446
[Target-only] Epoch 5/50 – Loss: 0.2764  Val F1: 0.2338  ROC-AUC: 0.8441  PR-AUC: 0.3704
[Target-only] Epoch 6/50 – Loss: 0.2706  Val F1: 0.1460  ROC-AUC: 0.8905  PR-AUC: 0.3182
[Target-only] Epoch 7/50 – Loss: 0.2573  Val F1: 0.2963  ROC-AUC: 0.8775  PR-AUC: 0.3640
[Target-only] Epoch 8/50 – Loss: 0.2629  Val F1: 0.3265  ROC-AUC: 0.8433  PR-AUC: 0.2598
[Target-only] Epoch 9/50 – Loss: 0.2409  Val F1: 0.3273  ROC-AUC: 0.8721  PR-AUC: 0.3125
[Target-only] Epoch 10/50 – Loss: 0.2414  Val F1: 0.2769  ROC-AUC: 0.8768  PR-AUC: 0.3972
[Target-only] Epoch 11/50 – Loss: 0.2063  Val F1: 0.1895  ROC-AUC: 0.8617  PR-AUC: 0.2857
[Target-only] Epoch 12/50 – Loss: 0.2067  Val F1: 0.1818  ROC-AUC: 0.8436  PR-AUC: 0.2595
[Target-only] Epoch 13/50 – Loss: 0.2031  Val F1: 0.1895  ROC-AUC: 0.8636  PR-AUC: 0.3611
[Target-only] Epoch 14/50 – Loss: 0.1980  Val F1: 0.2609  ROC-AUC: 0.8444  PR-AUC: 0.2485
[Target-only] Epoch 15/50 – Loss: 0.2083  Val F1: 0.2609  ROC-AUC: 0.8293  PR-AUC: 0.2509
[Target-only] Epoch 16/50 – Loss: 0.1749  Val F1: 0.2105  ROC-AUC: 0.8271  PR-AUC: 0.2305
[Target-only] Epoch 17/50 – Loss: 0.1824  Val F1: 0.2571  ROC-AUC: 0.8274  PR-AUC: 0.2642
[Target-only] Epoch 18/50 – Loss: 0.1964  Val F1: 0.1935  ROC-AUC: 0.8294  PR-AUC: 0.2464
[Target-only] Epoch 19/50 – Loss: 0.1896  Val F1: 0.2535  ROC-AUC: 0.8377  PR-AUC: 0.2724
[Target-only] Epoch 20/50 – Loss: 0.2010  Val F1: 0.1782  ROC-AUC: 0.8359  PR-AUC: 0.3034
[Target-only] Epoch 21/50 – Loss: 0.1622  Val F1: 0.2727  ROC-AUC: 0.8318  PR-AUC: 0.2600
[Target-only] Epoch 22/50 – Loss: 0.1697  Val F1: 0.2623  ROC-AUC: 0.8225  PR-AUC: 0.2599
[Target-only] Epoch 23/50 – Loss: 0.1591  Val F1: 0.2857  ROC-AUC: 0.8145  PR-AUC: 0.2808
[Target-only] Epoch 24/50 – Loss: 0.1669  Val F1: 0.2903  ROC-AUC: 0.8325  PR-AUC: 0.2648
[Target-only] Epoch 25/50 – Loss: 0.1557  Val F1: 0.2769  ROC-AUC: 0.8203  PR-AUC: 0.2562
[Target-only] Epoch 26/50 – Loss: 0.1620  Val F1: 0.2571  ROC-AUC: 0.8339  PR-AUC: 0.3370
[Target-only] Epoch 27/50 – Loss: 0.1515  Val F1: 0.2623  ROC-AUC: 0.8081  PR-AUC: 0.2587
[Target-only] Epoch 28/50 – Loss: 0.1630  Val F1: 0.3214  ROC-AUC: 0.8375  PR-AUC: 0.2781
[Target-only] Epoch 29/50 – Loss: 0.1636  Val F1: 0.2466  ROC-AUC: 0.8236  PR-AUC: 0.2864
[Target-only] Epoch 30/50 – Loss: 0.1496  Val F1: 0.2903  ROC-AUC: 0.8218  PR-AUC: 0.3455
[Target-only] Epoch 31/50 – Loss: 0.1428  Val F1: 0.2727  ROC-AUC: 0.8173  PR-AUC: 0.2873
[Target-only] Epoch 32/50 – Loss: 0.1417  Val F1: 0.2432  ROC-AUC: 0.8209  PR-AUC: 0.2744
[Target-only] Epoch 33/50 – Loss: 0.1496  Val F1: 0.2951  ROC-AUC: 0.8185  PR-AUC: 0.2950
[Target-only] Epoch 34/50 – Loss: 0.1380  Val F1: 0.2432  ROC-AUC: 0.8119  PR-AUC: 0.2627
[Target-only] Epoch 35/50 – Loss: 0.1433  Val F1: 0.2769  ROC-AUC: 0.8208  PR-AUC: 0.3400
[Target-only] Epoch 36/50 – Loss: 0.1464  Val F1: 0.2727  ROC-AUC: 0.8220  PR-AUC: 0.3094
[Target-only] Epoch 37/50 – Loss: 0.1366  Val F1: 0.2500  ROC-AUC: 0.8092  PR-AUC: 0.2402
[Target-only] Epoch 38/50 – Loss: 0.1338  Val F1: 0.2857  ROC-AUC: 0.8143  PR-AUC: 0.2954
[Target-only] Epoch 39/50 – Loss: 0.1397  Val F1: 0.2812  ROC-AUC: 0.8185  PR-AUC: 0.2802
[Target-only] Epoch 40/50 – Loss: 0.1401  Val F1: 0.2687  ROC-AUC: 0.8179  PR-AUC: 0.3216
[Target-only] Epoch 41/50 – Loss: 0.1367  Val F1: 0.2432  ROC-AUC: 0.8185  PR-AUC: 0.2873
[Target-only] Epoch 42/50 – Loss: 0.1370  Val F1: 0.3103  ROC-AUC: 0.8170  PR-AUC: 0.2710
[Target-only] Epoch 43/50 – Loss: 0.1408  Val F1: 0.2647  ROC-AUC: 0.8093  PR-AUC: 0.2740
[Target-only] Epoch 44/50 – Loss: 0.1348  Val F1: 0.2769  ROC-AUC: 0.8156  PR-AUC: 0.2867
[Target-only] Epoch 45/50 – Loss: 0.1330  Val F1: 0.2462  ROC-AUC: 0.8086  PR-AUC: 0.2528
[Target-only] Epoch 46/50 – Loss: 0.1355  Val F1: 0.2951  ROC-AUC: 0.8139  PR-AUC: 0.2875
[Target-only] Epoch 47/50 – Loss: 0.1429  Val F1: 0.2812  ROC-AUC: 0.8110  PR-AUC: 0.2751
[Target-only] Epoch 48/50 – Loss: 0.1263  Val F1: 0.2727  ROC-AUC: 0.8190  PR-AUC: 0.2960
[Target-only] Epoch 49/50 – Loss: 0.1324  Val F1: 0.2727  ROC-AUC: 0.8120  PR-AUC: 0.2816
[Target-only] Epoch 50/50 – Loss: 0.1247  Val F1: 0.2609  ROC-AUC: 0.8236  PR-AUC: 0.2811
=== Target-only TEST performance ===
Test F1: 0.3056, ROC-AUC: 0.8990, PR-AUC: 0.2302
[4/4] Embedding 시각화 중...
✅ Embeddings 저장 완료: embeddings_TOX21_ERa_BLA_Antagonist_ch1_TOX21_ERa_LUC_VM7_Agonist_10nM_ICI182780_GCN.png
✅ 실험 완료: TOX21_ERa_BLA_Antagonist_ch1 -> TOX21_ERa_LUC_VM7_Agonist_10nM_ICI182780 [GCN]
