[11:25:15] Can't kekulize mol.  Unkekulized atoms: 1 2 3 4 5
[11:25:15] Explicit valence for atom # 0 Cl, 2, is greater than permitted
[11:25:16] Can't kekulize mol.  Unkekulized atoms: 3 4 5 6 7
[11:25:17] Can't kekulize mol.  Unkekulized atoms: 3 4 5 6 7
[11:25:17] WARNING: not removing hydrogen atom without neighbors
[11:25:19] Explicit valence for atom # 3 Si, 8, is greater than permitted
[11:25:19] Can't kekulize mol.  Unkekulized atoms: 1 2 3 4 5
[11:25:19] Can't kekulize mol.  Unkekulized atoms: 3 4 5 6 7
[11:25:20] Can't kekulize mol.  Unkekulized atoms: 1 2 3 4 5
[11:25:20] WARNING: not removing hydrogen atom without neighbors
[11:25:21] Can't kekulize mol.  Unkekulized atoms: 1 2 3 4 5
[11:25:21] Explicit valence for atom # 6 O, 3, is greater than permitted
[11:25:21] Explicit valence for atom # 3 Si, 8, is greater than permitted
[11:25:21] Explicit valence for atom # 0 Cl, 2, is greater than permitted
[11:26:29] Can't kekulize mol.  Unkekulized atoms: 1 2 3 4 5
[11:26:29] Explicit valence for atom # 0 Cl, 2, is greater than permitted
[11:26:30] Can't kekulize mol.  Unkekulized atoms: 3 4 5 6 7
[11:26:30] Can't kekulize mol.  Unkekulized atoms: 3 4 5 6 7
[11:26:33] Can't kekulize mol.  Unkekulized atoms: 1 2 3 4 5
[11:26:33] Can't kekulize mol.  Unkekulized atoms: 3 4 5 6 7
[11:26:33] Can't kekulize mol.  Unkekulized atoms: 1 2 3 4 5
[11:26:33] WARNING: not removing hydrogen atom without neighbors
[11:26:34] Can't kekulize mol.  Unkekulized atoms: 1 2 3 4 5
[11:26:34] Explicit valence for atom # 6 O, 3, is greater than permitted
[11:26:34] Explicit valence for atom # 3 Si, 8, is greater than permitted
[11:26:34] Explicit valence for atom # 0 Cl, 2, is greater than permitted
[11:27:38] Can't kekulize mol.  Unkekulized atoms: 1 2 3 4 5
[11:27:39] Explicit valence for atom # 0 Cl, 2, is greater than permitted
[11:27:40] Can't kekulize mol.  Unkekulized atoms: 3 4 5 6 7
[11:27:40] Can't kekulize mol.  Unkekulized atoms: 3 4 5 6 7
[11:27:42] Can't kekulize mol.  Unkekulized atoms: 1 2 3 4 5
[11:27:42] Can't kekulize mol.  Unkekulized atoms: 3 4 5 6 7
[11:27:43] Can't kekulize mol.  Unkekulized atoms: 1 2 3 4 5
[11:27:43] WARNING: not removing hydrogen atom without neighbors
[11:27:44] Can't kekulize mol.  Unkekulized atoms: 1 2 3 4 5
[11:27:44] Explicit valence for atom # 6 O, 3, is greater than permitted
[11:27:44] Explicit valence for atom # 3 Si, 8, is greater than permitted
[11:27:44] Explicit valence for atom # 0 Cl, 2, is greater than permitted
[11:28:53] Can't kekulize mol.  Unkekulized atoms: 1 2 3 4 5
[11:28:53] Explicit valence for atom # 0 Cl, 2, is greater than permitted
[11:28:54] Can't kekulize mol.  Unkekulized atoms: 3 4 5 6 7
[11:28:54] Can't kekulize mol.  Unkekulized atoms: 3 4 5 6 7
[11:28:57] Can't kekulize mol.  Unkekulized atoms: 1 2 3 4 5
[11:28:57] Can't kekulize mol.  Unkekulized atoms: 3 4 5 6 7
[11:28:57] Can't kekulize mol.  Unkekulized atoms: 1 2 3 4 5
[11:28:57] WARNING: not removing hydrogen atom without neighbors
[11:28:58] Can't kekulize mol.  Unkekulized atoms: 1 2 3 4 5
[11:28:58] Explicit valence for atom # 6 O, 3, is greater than permitted
[11:28:58] Explicit valence for atom # 3 Si, 8, is greater than permitted
[11:28:58] Explicit valence for atom # 0 Cl, 2, is greater than permitted
[11:28:59] Can't kekulize mol.  Unkekulized atoms: 1 2 3 4 5
[11:28:59] Explicit valence for atom # 0 Cl, 2, is greater than permitted
[11:29:00] Can't kekulize mol.  Unkekulized atoms: 3 4 5 6 7
[11:29:00] Can't kekulize mol.  Unkekulized atoms: 3 4 5 6 7
[11:29:02] Can't kekulize mol.  Unkekulized atoms: 1 2 3 4 5
[11:29:02] Can't kekulize mol.  Unkekulized atoms: 3 4 5 6 7
[11:29:03] Can't kekulize mol.  Unkekulized atoms: 1 2 3 4 5
[11:29:03] WARNING: not removing hydrogen atom without neighbors
[11:29:03] Can't kekulize mol.  Unkekulized atoms: 1 2 3 4 5
[11:29:04] Explicit valence for atom # 6 O, 3, is greater than permitted
[11:29:04] Explicit valence for atom # 3 Si, 8, is greater than permitted
[11:29:04] Explicit valence for atom # 0 Cl, 2, is greater than permitted
